Iteration	Posterior	Likelihood	Prior	clado_type_probs[1]	clado_type_probs[2]	distance_scale	epoch_times[1]	epoch_times[2]	epoch_times[3]	epoch_times[4]	epoch_times[5]	epoch_times[6]	epoch_times[7]	epoch_times[8]	extirpation_rate	log10_rate_bg	p_allopatry	p_sympatry	rate_bg
0	-63.5652	-93.9691	30.4039	0.757704	0.242296	0.01	0.223178	0.186757	0.139437	0.1086	0.0678812	0.0664753	0.0548053	0	1.246297	-2	0.2422964	0.7577036	0.01
10	4.87132	-22.3986	27.2699	0.497543	0.502457	0.002099613	0.221788	0.188273	0.136845	0.110674	0.0705719	0.0661048	0.055996	0	4.380272	1.797092	0.502457	0.497543	62.67467
20	3.71212	-20.8977	24.6099	0.533776	0.466224	0.006258391	0.215586	0.181943	0.135194	0.10884	0.0689928	0.0668895	0.0569319	0	7.040345	1.29156	0.4662243	0.5337757	19.5686
30	4.21127	-21.2906	25.5019	0.0127653	0.987235	0.002802128	0.222228	0.18406	0.134891	0.112356	0.0676623	0.0680941	0.0557745	0	6.148318	1.512429	0.9872347	0.01276531	32.54088
40	4.75382	-24.0547	28.8085	0.19706	0.80294	0.01820288	0.223755	0.187606	0.138528	0.111836	0.0690559	0.0690827	0.0566384	0	2.841651	1.593315	0.8029396	0.1970604	39.20264
50	2.87845	-20.3675	23.246	0.452942	0.547058	0.06477796	0.215452	0.183426	0.136258	0.111382	0.0708376	0.0669785	0.0565615	0	8.404212	1.673505	0.5470576	0.4529424	47.1525
60	5.01905	-22.8366	27.8556	0.978956	0.0210443	0.07331572	0.220602	0.185628	0.139236	0.111862	0.070301	0.0660739	0.0564408	0	3.794585	1.992511	0.02104426	0.9789557	98.29027
70	4.60518	-21.736	26.3412	0.229936	0.770064	0.01489597	0.225125	0.188472	0.140284	0.113199	0.0682018	0.0690059	0.0562742	0	5.309005	1.761771	0.7700639	0.2299361	57.77914
80	3.60083	-25.9464	29.5472	0.317426	0.682574	0.04467163	0.217775	0.186697	0.138269	0.112918	0.0687851	0.065813	0.0562953	0	2.102977	1.125926	0.6825739	0.3174261	13.36368
90	4.91216	-21.8868	26.799	0.00433722	0.995663	0.1539377	0.217011	0.186028	0.14006	0.110893	0.0678642	0.0675318	0.0552716	0	4.851222	1.883593	0.9956628	0.004337218	76.48797
100	5.70153	-24.0887	29.7902	0.491924	0.508076	1.379486	0.216966	0.181404	0.138216	0.108136	0.0694293	0.0688047	0.0545907	0	1.859995	1.952068	0.5080765	0.4919235	89.55059
110	4.04828	-19.4205	23.4688	0.623155	0.376845	1.554018	0.216806	0.182381	0.137494	0.109126	0.0703459	0.0680382	0.0556259	0	8.181439	1.915635	0.3768451	0.6231549	82.34463
120	6.77117	-23.3634	30.1345	0.396227	0.603773	8.213584	0.215994	0.179974	0.1374	0.111937	0.0689459	0.0683387	0.0562863	0	1.515659	1.552502	0.6037728	0.3962272	35.68635
130	6.34396	-19.6251	25.9691	0.91344	0.0865603	3.00568	0.216405	0.182141	0.135666	0.110329	0.0704014	0.067419	0.0549116	0	5.681123	1.351594	0.08656031	0.9134397	22.46951
140	8.54776	-20.6188	29.1666	0.319538	0.680462	6.995015	0.221362	0.188305	0.140695	0.112733	0.0700755	0.0682528	0.0553155	0	2.483636	1.808034	0.680462	0.319538	64.27377
150	7.99779	-19.8792	27.877	0.854253	0.145747	5.161033	0.214806	0.184905	0.136037	0.110879	0.070194	0.0673781	0.0568442	0	3.773198	1.594297	0.1457469	0.8542531	39.29137
160	7.9036	-21.9219	29.8255	0.657903	0.342097	3.780564	0.215426	0.180738	0.136794	0.109867	0.069977	0.0672405	0.0566869	0	1.824736	1.869874	0.3420967	0.6579033	74.10945
170	8.37326	-19.8202	28.1934	0.191366	0.808634	5.565205	0.216267	0.184473	0.137052	0.109545	0.0699904	0.0676292	0.0556892	0	3.456768	1.874349	0.8086342	0.1913658	74.87703
180	7.9594	-20.5055	28.4649	0.685531	0.314469	3.478957	0.22437	0.184559	0.139625	0.110538	0.0702181	0.0678053	0.0557831	0	3.185326	1.868898	0.3144686	0.6855314	73.94318
190	6.42041	-19.3184	25.7388	0.121476	0.878524	4.580807	0.224925	0.182344	0.13574	0.107935	0.0695119	0.0663614	0.056673	0	5.911369	1.417983	0.8785239	0.1214761	26.18083
200	7.65838	-22.953	30.6113	0.00580446	0.994196	6.816661	0.218065	0.186602	0.13657	0.10876	0.069351	0.0660083	0.0568202	0	1.03885	1.804664	0.9941955	0.005804462	63.77704
210	7.12382	-22.0568	29.1806	0.672206	0.327794	2.524535	0.217956	0.185736	0.139304	0.111525	0.0687565	0.066341	0.0556961	0	2.469556	1.468127	0.3277941	0.6722059	29.3851
220	6.56465	-23.4688	30.0334	0.093685	0.906315	3.383909	0.223546	0.181079	0.140985	0.112499	0.0690444	0.0660125	0.0542503	0	1.616757	1.387192	0.906315	0.09368503	24.38888
230	7.18579	-19.6086	26.7944	0.614286	0.385714	6.6061	0.214857	0.180184	0.136293	0.1116	0.0687707	0.0662954	0.0546589	0	4.855771	1.680076	0.3857138	0.6142862	47.87139
240	4.82617	-20.4702	25.2964	0.831291	0.168709	1.896938	0.218176	0.182376	0.134997	0.111756	0.0678862	0.065877	0.0556171	0	6.353797	1.022464	0.1687093	0.8312907	10.53087
250	7.15533	-21.4803	28.6356	0.877805	0.122195	9.586612	0.216863	0.180049	0.138097	0.111964	0.0691263	0.0660495	0.0544528	0	3.014594	1.811757	0.1221947	0.8778053	64.82712
260	7.53409	-19.3488	26.8829	0.236283	0.763717	5.891111	0.223817	0.184377	0.138864	0.111357	0.0686376	0.0677143	0.0546555	0	4.767304	1.892428	0.7637169	0.2362831	78.05991
270	8.28003	-20.9195	29.1996	0.571225	0.428775	8.386571	0.218631	0.185382	0.139974	0.109649	0.0695075	0.0664618	0.0545169	0	2.450633	1.983171	0.4287748	0.5712252	96.19915
280	6.85972	-19.9234	26.7831	0.969138	0.0308618	6.747123	0.218583	0.187832	0.139914	0.109804	0.0689492	0.0675652	0.054471	0	4.867114	1.545173	0.03086182	0.9691382	35.08914
290	8.65086	-20.704	29.3548	0.848509	0.151491	6.351405	0.221391	0.183864	0.136704	0.11194	0.0698029	0.0674288	0.0542244	0	2.295356	1.790945	0.1514911	0.8485089	61.79376
300	8.48393	-21.1871	29.671	0.0743466	0.925653	7.54017	0.22461	0.179612	0.139164	0.112672	0.0701565	0.0675228	0.0560508	0	1.979186	1.829726	0.9256534	0.07434663	67.56569
310	6.50107	-19.454	25.9551	0.120484	0.879516	3.468557	0.222534	0.188578	0.135512	0.112845	0.0687797	0.0689411	0.0551134	0	5.695125	1.400392	0.8795163	0.1204837	25.14156
320	4.98161	-19.101	24.0826	0.0697856	0.930214	6.287926	0.224622	0.187996	0.134881	0.109186	0.0711091	0.0689881	0.05606	0	7.567565	1.563802	0.9302144	0.06978557	36.62704
330	7.30547	-19.2188	26.5243	0.487288	0.512712	5.108778	0.219583	0.185439	0.137706	0.110157	0.0694498	0.068365	0.0552203	0	5.125928	1.749563	0.512712	0.487288	56.17763
340	8.04222	-21.1671	29.2093	0.075972	0.924028	4.363168	0.215597	0.186983	0.137027	0.110323	0.0705866	0.0690734	0.0541633	0	2.440915	1.518127	0.924028	0.07597197	32.97062
350	5.62375	-22.5922	28.216	0.953151	0.0468493	0.6097162	0.215401	0.179766	0.13861	0.113161	0.0707202	0.0676081	0.0541943	0	3.434201	1.645051	0.04684929	0.9531507	44.1622
360	5.28083	-22.4158	27.6966	0.876092	0.123908	0.369307	0.217307	0.182691	0.13541	0.112364	0.0693754	0.0686179	0.0563457	0	3.953609	1.273888	0.1239083	0.8760917	18.78832
370	6.01944	-23.3607	29.3802	0.364873	0.635127	1.310354	0.216507	0.187351	0.140905	0.112777	0.0695152	0.0688811	0.0568923	0	2.27004	1.883323	0.6351269	0.3648731	76.44045
380	7.56756	-21.9308	29.4984	0.247896	0.752104	4.296865	0.215242	0.187427	0.135218	0.110886	0.068824	0.0691423	0.0568911	0	2.15181	1.411456	0.7521035	0.2478965	25.79025
390	7.14854	-19.825	26.9735	0.166615	0.833385	7.249487	0.218714	0.187882	0.139189	0.110045	0.0703067	0.0685188	0.0553644	0	4.676661	1.713572	0.8333849	0.1666151	51.70973
400	8.21841	-21.1572	29.3756	0.341412	0.658588	6.806117	0.220386	0.186225	0.139622	0.109625	0.0705144	0.0689358	0.0557575	0	2.274611	1.629867	0.6585875	0.3414125	42.64491
410	6.5466	-22.4665	29.0131	0.145529	0.854471	10.987	0.221905	0.18739	0.13491	0.108058	0.0694116	0.0685038	0.0552082	0	2.637138	1.864673	0.8544708	0.1455292	73.22731
420	4.37203	-25.7551	30.1271	0.39655	0.60345	1.220423	0.225712	0.183774	0.134547	0.107816	0.0710944	0.0689828	0.0562865	0	1.523105	1.308085	0.6034498	0.3965502	20.32754
430	7.96806	-22.0398	30.0079	0.492607	0.507393	8.725779	0.224999	0.18051	0.134919	0.109261	0.0710868	0.0680138	0.0563169	0	1.642334	1.819805	0.5073934	0.4926066	66.03963
440	7.64605	-20.2251	27.8712	0.848733	0.151267	7.353681	0.222882	0.188043	0.136004	0.109528	0.0704918	0.0676207	0.0564419	0	3.779048	1.684615	0.1512669	0.8487331	48.37436
450	6.64238	-20.0462	26.6886	0.229539	0.770461	2.430643	0.22438	0.184608	0.140196	0.109735	0.070043	0.0690696	0.0559835	0	4.961623	1.499547	0.7704613	0.2295387	31.58981
460	7.88926	-22.0557	29.945	0.564588	0.435412	6.915501	0.225794	0.17966	0.138327	0.108308	0.0697026	0.0679341	0.0569822	0	1.705224	1.61484	0.4354118	0.5645882	41.19461
470	8.69437	-20.7863	29.4807	0.546938	0.453062	6.481362	0.224437	0.180304	0.137568	0.107796	0.0681506	0.0678416	0.0557505	0	2.169495	1.844435	0.4530623	0.5469377	69.89319
480	6.486	-22.3373	28.8233	0.131139	0.868861	4.656313	0.222959	0.179282	0.138793	0.11119	0.0701234	0.0662752	0.0551034	0	2.826947	1.178251	0.8688613	0.1311387	15.07478
490	8.40295	-19.8486	28.2516	0.084042	0.915958	5.369465	0.223022	0.183493	0.137448	0.110634	0.0711597	0.0676885	0.0546294	0	3.398607	1.886346	0.915958	0.08404197	76.97441
500	7.71663	-20.3151	28.0318	0.0070483	0.992952	6.060751	0.214758	0.179724	0.135122	0.1088	0.0694295	0.0687408	0.0552759	0	3.618444	1.502815	0.9929517	0.007048298	31.82842
510	8.4993	-21.0666	29.5659	0.913092	0.0869079	7.649614	0.217944	0.181652	0.135862	0.108085	0.0691979	0.0680836	0.0565657	0	2.084282	1.863032	0.08690794	0.9130921	72.9512
520	2.29877	-26.2506	28.5494	0.815538	0.184462	9.694455	0.216992	0.185915	0.136949	0.108003	0.0703534	0.0684845	0.0568377	0	3.100781	1.174167	0.1844623	0.8155377	14.93367
530	4.46042	-18.5785	23.0389	0.0426767	0.957323	5.207651	0.219055	0.185329	0.13759	0.10816	0.0697038	0.0677447	0.0569072	0	8.611256	1.82818	0.9573233	0.04267668	67.32553
540	8.20898	-19.6694	27.8784	0.191346	0.808654	5.33772	0.225515	0.187256	0.135914	0.110094	0.069757	0.0672525	0.0569115	0	3.771808	1.901641	0.8086543	0.1913457	79.73347
550	8.02506	-22.5355	30.5605	0.0280763	0.971924	6.330934	0.221948	0.187225	0.135059	0.11099	0.0697002	0.0663819	0.0565627	0	1.089679	1.928274	0.9719237	0.02807633	84.77628
560	6.45156	-22.7476	29.1992	0.308483	0.691517	2.419101	0.219608	0.181359	0.139332	0.108279	0.0677073	0.0659653	0.055574	0	2.45101	1.237934	0.6915169	0.3084831	17.29552
570	6.25406	-19.1266	25.3807	0.712617	0.287383	6.142736	0.219983	0.18352	0.140748	0.110898	0.0688565	0.0657419	0.055179	0	6.269542	1.72033	0.2873831	0.7126169	52.52066
580	7.77714	-21.0593	28.8364	0.328646	0.671354	3.471141	0.221344	0.181994	0.138545	0.110715	0.0677325	0.0658364	0.0561011	0	2.813777	1.505984	0.6713538	0.3286462	32.06148
590	8.10803	-19.7361	27.8441	0.574677	0.425323	4.648391	0.225778	0.183815	0.139349	0.112965	0.0711915	0.0666233	0.0566803	0	3.806091	1.817407	0.4253227	0.5746773	65.67601
600	8.17265	-22.2527	30.4253	0.74638	0.25362	7.000922	0.22091	0.182367	0.140092	0.11192	0.0699057	0.066352	0.0559933	0	1.224895	1.866727	0.2536202	0.7463798	73.57438
610	8.46044	-20.0259	28.4863	0.777896	0.222104	5.578639	0.217809	0.187686	0.14022	0.111327	0.0685606	0.0680725	0.0565422	0	3.163869	1.790222	0.2221038	0.7778962	61.69108
620	5.47382	-24.8712	30.345	0.0109869	0.989013	3.431674	0.22447	0.184295	0.136879	0.11269	0.0686202	0.0690844	0.054415	0	1.305194	1.308177	0.9890131	0.01098691	20.33185
630	4.40038	-19.9344	24.3348	0.168044	0.831956	8.463556	0.222667	0.185981	0.136743	0.112232	0.0692289	0.0669785	0.0558545	0	7.315406	1.984316	0.8319556	0.1680444	96.45302
640	5.62405	-22.2155	27.8395	0.629894	0.370106	0.6176752	0.221097	0.187732	0.134309	0.11112	0.0702052	0.0662165	0.0569722	0	3.810682	1.883085	0.3701064	0.6298936	76.39855
650	5.3785	-22.9789	28.3574	0.858324	0.141676	0.4063959	0.220773	0.181874	0.135275	0.111251	0.0711883	0.0687358	0.0552172	0	3.292825	1.623732	0.1416756	0.8583244	42.04675
660	8.01457	-19.5486	27.5631	0.245194	0.754806	5.72083	0.220732	0.179569	0.137078	0.112346	0.0704852	0.0673417	0.0560111	0	4.087059	1.895268	0.7548063	0.2451937	78.57201
670	4.75709	-22.973	27.7301	0.761839	0.238161	9.009527	0.216624	0.183125	0.137514	0.110822	0.0706654	0.0690645	0.0569314	0	3.920071	1.356484	0.2381612	0.7618388	22.72397
680	8.15947	-20.8679	29.0274	0.475039	0.524961	4.31493	0.214765	0.180438	0.13737	0.108016	0.071127	0.0684097	0.0566111	0	2.622842	1.567062	0.5249609	0.4750391	36.90299
690	6.38823	-18.9882	25.3764	0.00180641	0.998194	5.489371	0.219857	0.184676	0.140298	0.108073	0.0705424	0.0676054	0.0568997	0	6.273812	1.722475	0.9981936	0.001806406	52.78064
700	7.67127	-20.7643	28.4355	0.0706746	0.929325	3.880641	0.216813	0.183955	0.138034	0.110449	0.0712103	0.0686476	0.0564972	0	3.214652	1.392423	0.9293254	0.0706746	24.68444
710	6.77341	-21.7906	28.564	0.578069	0.421931	4.337191	0.215592	0.182359	0.134962	0.111306	0.0678752	0.0675617	0.0567841	0	3.086197	1.203496	0.4219308	0.5780692	15.97703
720	8.59204	-20.98	29.572	0.49207	0.50793	6.539114	0.217309	0.181398	0.135267	0.108191	0.0676575	0.0671166	0.0556728	0	2.078187	1.782967	0.5079296	0.4920704	60.669
730	8.37081	-20.0983	28.4691	0.584821	0.415179	4.594854	0.218657	0.183925	0.135986	0.111632	0.0706361	0.0674395	0.0567255	0	3.181065	1.858757	0.4151785	0.5848215	72.23662
740	7.51568	-23.2022	30.7179	0.126852	0.873148	7.610377	0.217169	0.187863	0.137531	0.112122	0.0704786	0.0687625	0.0551062	0	0.9322946	1.852309	0.8731476	0.1268524	71.1719
750	7.06556	-20.5634	27.629	0.853101	0.146899	3.264039	0.21845	0.18682	0.13917	0.111548	0.0698821	0.0688191	0.0547961	0	4.021244	1.285073	0.1468985	0.8531015	19.27849
760	7.53612	-21.3455	28.8816	0.318617	0.681383	8.194192	0.21621	0.18744	0.140911	0.112714	0.0690163	0.068197	0.0543951	0	2.76861	1.631005	0.681383	0.318617	42.75682
770	4.09347	-21.7327	25.8262	0.0228652	0.977135	9.333838	0.21878	0.188634	0.140225	0.112954	0.0690695	0.0660224	0.0543082	0	5.823997	1.491954	0.9771348	0.02286516	31.04233
780	8.28615	-20.1573	28.4435	0.174976	0.825024	6.623802	0.216217	0.185457	0.136752	0.111714	0.0683895	0.0657967	0.0552558	0	3.206726	1.758377	0.8250243	0.1749757	57.32933
790	8.00293	-19.8647	27.8677	0.381209	0.618791	4.371422	0.21652	0.181403	0.137232	0.109427	0.0695122	0.0666992	0.0562526	0	3.782523	1.671245	0.6187914	0.3812086	46.90782
800	6.58921	-21.0945	27.6837	0.866068	0.133932	2.309036	0.217607	0.182203	0.135385	0.112611	0.0678128	0.0657784	0.0552004	0	3.966513	1.219213	0.133932	0.866068	16.56582
810	7.26552	-22.0981	29.3636	0.536285	0.463715	10.01714	0.221671	0.187109	0.137332	0.110004	0.0704947	0.0658637	0.0559816	0	2.286589	1.840659	0.4637147	0.5362853	69.28808
820	7.96497	-22.1428	30.1078	0.857044	0.142956	4.593084	0.225744	0.185441	0.135099	0.112892	0.0685006	0.0671862	0.0565059	0	1.542448	1.751162	0.1429561	0.8570439	56.38473
830	7.92022	-21.913	29.8332	0.323475	0.676525	9.286806	0.221765	0.182488	0.134436	0.11237	0.0690527	0.067196	0.0568798	0	1.816997	1.912404	0.6765252	0.3234748	81.73422
840	8.16269	-19.7796	27.9423	0.498955	0.501045	5.690242	0.217602	0.179682	0.13968	0.11191	0.0704877	0.0659194	0.0551978	0	3.707922	1.731774	0.5010454	0.4989546	53.923
850	8.18473	-20.3424	28.5271	0.0658327	0.934167	3.925469	0.21811	0.179621	0.139342	0.111811	0.0698969	0.067483	0.0556217	0	3.123093	1.976066	0.9341673	0.06583266	94.63813
860	8.28816	-21.1518	29.44	0.826079	0.173921	4.273971	0.220128	0.180662	0.139953	0.109375	0.0678695	0.0678993	0.0547258	0	2.210231	1.754901	0.1739207	0.8260793	56.87234
870	8.26587	-19.9751	28.241	0.520389	0.479611	5.086174	0.223525	0.18442	0.134778	0.110933	0.0678405	0.0690022	0.0566174	0	3.409212	1.690638	0.4796107	0.5203893	49.04994
880	8.53329	-20.2136	28.7469	0.726058	0.273942	4.869314	0.222375	0.186717	0.135946	0.109912	0.0691992	0.0671794	0.0566733	0	2.903308	1.954723	0.2739418	0.7260582	90.09968
890	7.10191	-20.3794	27.4813	0.190429	0.809571	3.171464	0.220148	0.186373	0.138682	0.112544	0.0695411	0.0659846	0.0546315	0	4.168855	1.32773	0.8095707	0.1904293	21.26818
900	8.1741	-20.1009	28.275	0.431859	0.568141	6.90535	0.22072	0.186589	0.138647	0.108674	0.0677466	0.0669304	0.0569787	0	3.375218	1.806998	0.5681412	0.4318588	64.12067
910	8.3534	-20.6933	29.0467	0.917499	0.0825013	4.15906	0.2182	0.182874	0.140621	0.111853	0.0700536	0.0674813	0.0564315	0	2.603499	1.918729	0.0825013	0.9174987	82.93323
920	7.29752	-20.9601	28.2576	0.915308	0.0846923	2.556588	0.220567	0.183511	0.140248	0.1105	0.0698844	0.0690269	0.054914	0	3.392555	1.523253	0.08469234	0.9153077	33.36209
930	6.66593	-21.8399	28.5058	0.198373	0.801627	8.242651	0.221688	0.182808	0.134412	0.108736	0.0693061	0.0689033	0.0559518	0	3.144362	1.487193	0.8016267	0.1983733	30.70387
940	8.74645	-20.4808	29.2272	0.935694	0.0643057	6.537009	0.223817	0.185564	0.138325	0.108511	0.0708565	0.0668862	0.0562649	0	2.422969	1.961443	0.0643057	0.9356943	91.50452
950	8.35593	-20.8201	29.1761	0.103789	0.896211	5.817149	0.219163	0.18229	0.136051	0.107892	0.0704247	0.0679097	0.0568535	0	2.474132	1.612381	0.8962107	0.1037893	40.96201
960	7.72267	-21.9174	29.6401	0.400292	0.599708	5.9485	0.218874	0.187182	0.136114	0.110336	0.0683679	0.0690285	0.0569306	0	2.010117	1.483307	0.5997077	0.4002923	30.43036
970	7.62505	-23.0511	30.6762	0.880964	0.119036	6.292553	0.220958	0.184575	0.138833	0.111035	0.0685504	0.0673326	0.0567315	0	0.9740469	1.868459	0.1190364	0.8809636	73.86841
980	8.71326	-20.6408	29.3541	0.230388	0.769612	5.844612	0.219808	0.179821	0.138669	0.113028	0.070693	0.0685602	0.0554104	0	2.296123	1.836049	0.769612	0.230388	68.55662
990	8.48001	-21.3663	29.8463	0.901038	0.098962	4.981517	0.214966	0.185579	0.140673	0.110247	0.0693703	0.066683	0.0548523	0	1.803897	1.899692	0.09896199	0.901038	79.37654
1000	7.32657	-20.7874	28.114	0.206833	0.793167	8.971922	0.21856	0.180198	0.135607	0.109538	0.0686211	0.0660422	0.0565388	0	3.536221	1.978655	0.7931666	0.2068334	95.20387
1010	8.52458	-21.2436	29.7682	0.532538	0.467462	5.126049	0.221039	0.182617	0.136872	0.113034	0.0681822	0.0667991	0.0570015	0	1.881988	1.852282	0.4674624	0.5325376	71.1675
1020	8.48855	-20.6676	29.1562	0.0356272	0.964373	5.213373	0.222745	0.182138	0.135578	0.11159	0.0687518	0.0662908	0.0554445	0	2.49404	1.691412	0.9643728	0.0356272	49.13743
1030	8.56177	-21.1739	29.7357	0.467211	0.532789	5.543769	0.225328	0.183386	0.136311	0.109202	0.0692881	0.0672012	0.0547112	0	1.914532	1.786693	0.5327892	0.4672108	61.19182
1040	8.35204	-21.917	30.2691	0.80825	0.19175	6.323919	0.225104	0.184869	0.139361	0.108276	0.0688958	0.0675762	0.0554238	0	1.381127	1.85446	0.1917499	0.8082501	71.52538
1050	8.00861	-22.1006	30.1092	0.507501	0.492499	5.616592	0.218199	0.183901	0.139662	0.110824	0.0691018	0.0667083	0.0550103	0	1.54103	1.655042	0.4924993	0.5075007	45.18998
1060	8.02062	-20.8951	28.9157	0.506454	0.493546	7.648643	0.224765	0.183745	0.135438	0.109008	0.0698614	0.0678427	0.0555124	0	2.734455	1.687715	0.4935463	0.5064537	48.72086
1070	8.5278	-21.2808	29.8086	0.425034	0.574966	5.667639	0.224757	0.183259	0.134539	0.110219	0.0693097	0.0677718	0.0551689	0	1.841644	1.773919	0.5749658	0.4250342	59.41808
1080	7.68584	-21.2148	28.9006	0.2548	0.7452	3.149493	0.220624	0.183853	0.13557	0.111568	0.0677556	0.0667828	0.0544204	0	2.749554	1.559864	0.7452003	0.2547997	36.29644
1090	7.28621	-19.4767	26.7629	0.317606	0.682394	6.532524	0.223031	0.187061	0.134949	0.113203	0.0680223	0.0667701	0.0565681	0	4.887279	1.825968	0.682394	0.317606	66.98353
1100	8.68881	-20.6931	29.3819	0.990674	0.00932596	5.342885	0.221741	0.184393	0.13924	0.110679	0.0677467	0.0659894	0.0562918	0	2.268269	1.900275	0.009325956	0.990674	79.48305
1110	7.68001	-20.5775	28.2575	0.589623	0.410377	3.38817	0.221461	0.188601	0.13631	0.109397	0.0677767	0.0675275	0.0545927	0	3.392666	1.492426	0.4103775	0.5896225	31.07608
1120	7.94278	-21.3007	29.2435	0.491985	0.508015	3.777175	0.217747	0.182588	0.135807	0.107985	0.0676712	0.0681556	0.0567112	0	2.406743	1.573393	0.508015	0.491985	37.44497
1130	8.15859	-20.0069	28.1655	0.358323	0.641677	6.998772	0.218052	0.185601	0.134565	0.109013	0.0689222	0.0687164	0.0568686	0	3.484694	1.903188	0.6416767	0.3583233	80.01804
1140	7.17512	-20.3636	27.5387	0.306451	0.693549	6.122341	0.216155	0.182586	0.137804	0.107908	0.0701681	0.0690913	0.0560832	0	4.111519	1.423767	0.6935487	0.3064513	26.53181
1150	8.74515	-20.6392	29.3843	0.498848	0.501152	5.471149	0.215652	0.183986	0.14071	0.10879	0.0708862	0.0686634	0.0557048	0	2.265887	1.968823	0.5011516	0.4988484	93.07288
1160	6.28382	-18.938	25.2218	0.61314	0.38686	4.061012	0.218246	0.181094	0.139979	0.109743	0.067729	0.0685489	0.0548045	0	6.428383	1.879409	0.3868603	0.6131397	75.75466
1170	3.07124	-18.8684	21.9396	0.335305	0.664695	5.755147	0.220339	0.188151	0.138774	0.11255	0.0685773	0.0674583	0.054357	0	9.710591	1.445876	0.6646949	0.3353051	27.91749
1180	7.68125	-19.5138	27.1951	0.935939	0.0640607	5.603119	0.217907	0.185103	0.140395	0.109705	0.0682667	0.0679675	0.0543285	0	4.455105	1.675895	0.06406067	0.9359393	47.4127
1190	7.10627	-19.1923	26.2986	0.0790446	0.920955	5.343676	0.219303	0.187165	0.140616	0.109359	0.0692563	0.0666922	0.0545776	0	5.351632	1.70146	0.9209554	0.07904461	50.28745
1200	5.92204	-23.8441	29.7661	0.364767	0.635233	4.634092	0.221523	0.185264	0.140896	0.110647	0.0706607	0.0685647	0.0544172	0	1.884099	1.192223	0.635233	0.364767	15.56764
1210	8.03365	-22.4915	30.5251	0.192441	0.807559	8.15095	0.22424	0.18568	0.137983	0.109375	0.0707099	0.0682966	0.0543919	0	1.125076	1.926418	0.8075594	0.1924406	84.41461
1220	7.84679	-20.3368	28.1836	0.289486	0.710514	3.514431	0.221658	0.188195	0.13434	0.112834	0.07038	0.0682189	0.0544567	0	3.466631	1.646613	0.710514	0.289486	44.32134
1230	8.55049	-21.589	30.1395	0.967806	0.0321935	6.441115	0.223574	0.18299	0.136752	0.110394	0.0705294	0.0681304	0.054551	0	1.510673	1.890137	0.03219355	0.9678065	77.64925
1240	7.26122	-22.7011	29.9623	0.878893	0.121107	6.322746	0.225211	0.18349	0.136314	0.111806	0.0706117	0.0681145	0.0560793	0	1.687915	1.46728	0.121107	0.878893	29.32783
1250	7.06225	-21.7674	28.8297	0.425485	0.574515	2.128221	0.225841	0.181938	0.136433	0.110571	0.0690036	0.0665483	0.0567332	0	2.820537	1.938861	0.5745149	0.4254851	86.86821
1260	7.60859	-19.6382	27.2468	0.449906	0.550094	6.15104	0.222487	0.183749	0.137057	0.111269	0.0685583	0.0673485	0.0543868	0	4.403422	1.665405	0.5500942	0.4499058	46.28129
1270	6.39004	-19.0345	25.4245	0.186444	0.813556	4.794582	0.223747	0.185946	0.140172	0.111975	0.068104	0.0673402	0.054965	0	6.225696	1.570754	0.8135561	0.1864439	37.21809
1280	6.85997	-20.8721	27.7321	0.413141	0.586859	6.681094	0.223147	0.182811	0.137967	0.112727	0.0692349	0.0665416	0.0563159	0	3.918123	1.403675	0.5868589	0.4131411	25.33234
1290	8.61108	-20.8562	29.4673	0.539625	0.460375	7.127367	0.225586	0.186231	0.140528	0.113024	0.0694093	0.0682633	0.0550515	0	2.182906	1.845029	0.4603748	0.5396252	69.9889
1300	7.82808	-22.0302	29.8583	0.47384	0.52616	4.422312	0.225922	0.184292	0.140533	0.110315	0.0685583	0.0665761	0.0551568	0	1.791921	1.577701	0.5261605	0.4738395	37.81826
1310	8.11264	-20.8987	29.0113	0.975167	0.0248325	8.305475	0.223805	0.184261	0.141172	0.110753	0.0681948	0.0682711	0.0560451	0	2.638871	1.863203	0.02483253	0.9751675	72.97989
1320	8.29113	-19.7467	28.0378	0.62655	0.37345	5.754114	0.223448	0.18504	0.140841	0.11241	0.0704419	0.0673271	0.0548007	0	3.612363	1.876866	0.3734495	0.6265505	75.31236
1330	8.51988	-21.0869	29.6068	0.983192	0.0168079	5.640816	0.214833	0.182146	0.140814	0.112489	0.0703629	0.0688338	0.0548016	0	2.043443	1.71631	0.0168079	0.9831921	52.03675
1340	8.4102	-20.2926	28.7028	0.195992	0.804008	4.426776	0.218645	0.184695	0.139288	0.11316	0.0702098	0.0663553	0.0546132	0	2.947446	1.990715	0.8040078	0.1959922	97.88466
1350	1.11245	-21.6978	22.8103	0.718836	0.281164	5.218713	0.215966	0.181743	0.135258	0.112814	0.0688191	0.068828	0.0548658	0	8.839902	0.921315	0.2811644	0.7188356	8.342861
1360	8.03462	-20.3891	28.4237	0.111376	0.888624	4.407376	0.220694	0.183382	0.135064	0.108651	0.0699847	0.0689852	0.0550842	0	3.226505	1.520199	0.8886242	0.1113758	33.12827
1370	6.38035	-22.793	29.1734	0.669653	0.330347	7.916367	0.216749	0.180535	0.137329	0.108956	0.0712016	0.0678743	0.0556566	0	2.476814	1.402005	0.3303469	0.6696531	25.23508
1380	6.80244	-21.1221	27.9246	0.515636	0.484364	3.143147	0.217626	0.183949	0.13707	0.109858	0.0702056	0.0683224	0.0551189	0	3.725623	1.200154	0.4843638	0.5156362	15.85455
1390	7.86112	-20.7454	28.6066	0.177102	0.822898	8.221516	0.223734	0.188201	0.139706	0.109548	0.0694866	0.0688933	0.0557169	0	3.043644	1.780045	0.8228975	0.1771025	60.26217
1400	7.72816	-21.3583	29.0865	0.0337869	0.966213	8.010424	0.215499	0.187814	0.140456	0.110894	0.0687734	0.0664574	0.0544067	0	2.563737	1.645522	0.9662131	0.03378695	44.21012
1410	8.51479	-21.174	29.6888	0.986556	0.0134443	5.574493	0.218671	0.184514	0.141077	0.110386	0.0678362	0.0672096	0.0542173	0	1.961442	1.744274	0.01344433	0.9865557	55.49758
1420	8.42771	-21.3722	29.7999	0.753686	0.246314	4.694576	0.22288	0.188455	0.136486	0.111489	0.0706813	0.0688597	0.0564256	0	1.850297	1.958285	0.2463137	0.7536863	90.84173
1430	8.00807	-19.5699	27.5779	0.583043	0.416957	5.823187	0.215342	0.185641	0.134764	0.111702	0.0698265	0.0690001	0.056099	0	4.072282	1.859279	0.4169575	0.5830425	72.32349
1440	7.46999	-22.4879	29.9579	0.976155	0.0238451	10.39307	0.215156	0.183621	0.138497	0.109119	0.070519	0.0681332	0.0548046	0	1.692346	1.957716	0.02384508	0.9761549	90.72268
1450	6.06283	-22.0793	28.1421	0.046571	0.953429	10.46619	0.215208	0.183632	0.137884	0.107933	0.0685934	0.0688461	0.0565468	0	3.508111	1.756093	0.953429	0.04657099	57.02858
1460	8.12003	-20.7769	28.8969	0.0178289	0.982171	8.331302	0.21643	0.185741	0.13689	0.110212	0.068132	0.0686321	0.0569749	0	2.753308	1.961657	0.9821711	0.0178289	91.54975
1470	6.77255	-20.5525	27.3251	0.178483	0.821517	2.181789	0.217218	0.183679	0.138666	0.10847	0.0680998	0.0669717	0.0547963	0	4.325104	1.461438	0.8215173	0.1784827	28.93594
1480	6.39724	-21.1367	27.534	0.549547	0.450453	1.602452	0.217389	0.187794	0.138369	0.108781	0.0695802	0.0674855	0.0560394	0	4.116216	1.365374	0.4504526	0.5495474	23.19393
1490	8.57303	-20.4371	29.0101	0.966518	0.0334817	6.568462	0.216962	0.186684	0.137632	0.108895	0.067749	0.0685703	0.0562779	0	2.640114	1.810402	0.03348166	0.9665183	64.62519
1500	7.28919	-20.6968	27.986	0.0174917	0.982508	7.726635	0.225398	0.184875	0.134745	0.111725	0.0692675	0.0675813	0.0544347	0	3.664234	1.596294	0.9825083	0.0174917	39.47245
1510	8.60083	-20.099	28.6998	0.802711	0.197289	6.157114	0.224223	0.182985	0.136161	0.112386	0.0694283	0.0660967	0.0554522	0	2.950385	1.9546	0.1972894	0.8027106	90.07405
1520	7.19738	-22.6796	29.877	0.0777923	0.922208	5.053496	0.22368	0.179675	0.134784	0.110636	0.0691494	0.0662586	0.0568537	0	1.773231	1.400077	0.9222077	0.07779226	25.1233
1530	8.37229	-20.3123	28.6846	0.271911	0.728089	5.31955	0.217894	0.182374	0.135649	0.110128	0.0682938	0.0675751	0.0567219	0	2.965591	1.65093	0.7280888	0.2719112	44.7641
1540	7.97619	-21.3219	29.2981	0.209146	0.790854	8.817295	0.21962	0.183524	0.137771	0.108907	0.0683959	0.0688823	0.0560103	0	2.352074	1.852948	0.7908542	0.2091458	71.27679
1550	8.62046	-21.4268	30.0473	0.843705	0.156295	7.123894	0.215665	0.187972	0.135474	0.111358	0.068976	0.0673338	0.0564878	0	1.602903	1.942531	0.1562952	0.8437048	87.60536
1560	8.06714	-21.3425	29.4096	0.669517	0.330483	3.725222	0.216532	0.187461	0.136251	0.111586	0.0689693	0.0658442	0.0568869	0	2.240579	1.815648	0.3304826	0.6695174	65.41051
1570	8.00881	-20.8114	28.8202	0.333933	0.666067	7.792426	0.216982	0.18794	0.134353	0.112372	0.0707148	0.0663726	0.0551637	0	2.829957	1.718931	0.6660673	0.3339327	52.35167
1580	8.64697	-21.125	29.772	0.767678	0.232322	6.817727	0.216125	0.183386	0.136424	0.109198	0.0705431	0.0685717	0.0548179	0	1.878207	1.841232	0.2323221	0.7676779	69.37955
1590	8.16589	-20.6797	28.8456	0.507532	0.492468	3.917302	0.218622	0.185032	0.136856	0.112653	0.071108	0.0681745	0.054522	0	2.804628	1.696575	0.4924677	0.5075323	49.72502
1600	7.74569	-20.2529	27.9986	0.683749	0.316251	7.79752	0.218891	0.183575	0.139637	0.111887	0.0711139	0.0677046	0.0550063	0	3.651574	1.805284	0.3162506	0.6837494	63.86808
1610	8.31216	-20.8904	29.2025	0.996175	0.00382526	4.350705	0.220533	0.184697	0.140348	0.111523	0.0677511	0.0669933	0.0561342	0	2.44768	1.698509	0.003825257	0.9961747	49.947
1620	7.31905	-21.8781	29.1971	0.967806	0.0321939	10.12417	0.221211	0.179981	0.136378	0.111436	0.0688083	0.0661527	0.0559849	0	2.453089	1.936371	0.03219388	0.9678061	86.37161
1630	6.56745	-20.8445	27.412	0.371025	0.628975	6.72462	0.218334	0.184653	0.138302	0.108285	0.0690066	0.0658989	0.0556041	0	4.238203	1.385297	0.6289749	0.3710251	24.28272
1640	7.73225	-22.5813	30.3136	0.295307	0.704693	4.472001	0.215716	0.180136	0.136575	0.11118	0.0696137	0.0667341	0.0562862	0	1.336629	1.851503	0.7046928	0.2953072	71.04006
1650	6.91629	-19.2638	26.18	0.899277	0.100723	6.222516	0.21944	0.179692	0.141105	0.111941	0.0700461	0.0688803	0.0555552	0	5.470153	1.779103	0.1007228	0.8992772	60.13157
1660	8.69261	-20.7827	29.4753	0.281709	0.718291	6.296644	0.220783	0.183496	0.135169	0.111216	0.0690176	0.0670039	0.0567381	0	2.174922	1.834218	0.7182912	0.2817088	68.26808
1670	6.33482	-19.9238	26.2586	0.693289	0.306711	6.103367	0.220561	0.181447	0.135712	0.11246	0.0692059	0.0660856	0.0555877	0	5.391599	1.414982	0.3067108	0.6932892	26.00053
1680	8.5964	-20.4246	29.021	0.265528	0.734472	5.387659	0.220107	0.183367	0.135905	0.11152	0.0710783	0.0663741	0.0566789	0	2.629235	1.776274	0.7344717	0.2655283	59.74127
1690	8.70512	-20.6603	29.3655	0.511464	0.488536	5.353131	0.223253	0.181211	0.134835	0.111985	0.0703383	0.0681524	0.0561867	0	2.284744	1.91308	0.4885359	0.5114641	81.86157
1700	5.34702	-19.1846	24.5316	0.720846	0.279154	3.24172	0.221613	0.18857	0.137115	0.110245	0.0685889	0.068674	0.0559483	0	7.118612	1.310966	0.2791535	0.7208465	20.46284
1710	5.56676	-19.6149	25.1817	0.854912	0.145088	2.194705	0.216068	0.186914	0.138527	0.111897	0.06978	0.065812	0.0555908	0	6.468547	1.379288	0.1450876	0.8549124	23.94903
1720	5.0111	-21.5607	26.5718	0.878466	0.121534	6.502844	0.215893	0.181912	0.136912	0.112137	0.0702742	0.069053	0.0564634	0	5.07838	1.190794	0.1215345	0.8784655	15.51653
1730	7.0167	-19.6973	26.714	0.740583	0.259417	6.53088	0.216515	0.183546	0.136983	0.109544	0.0682317	0.0688143	0.0564016	0	4.936182	1.595384	0.2594169	0.7405831	39.38978
1740	8.13685	-22.3017	30.4385	0.163612	0.836388	7.009436	0.215337	0.182461	0.140009	0.10923	0.0701503	0.0670644	0.0558771	0	1.211697	1.855359	0.836388	0.163612	71.6735
1750	8.22491	-20.9007	29.1256	0.316891	0.683109	7.920191	0.219489	0.182211	0.138447	0.109621	0.0698532	0.0684219	0.0556005	0	2.52464	1.792508	0.6831089	0.3168911	62.01666
1760	7.30597	-20.0543	27.3603	0.811584	0.188416	3.142367	0.220585	0.187405	0.14111	0.111977	0.0687607	0.0690776	0.0565065	0	4.289894	1.513834	0.1884164	0.8115836	32.64632
1770	6.48738	-20.0076	26.495	0.759748	0.240252	2.30917	0.218421	0.185633	0.140832	0.112157	0.0687833	0.0684813	0.0560268	0	5.155219	1.550541	0.2402524	0.7597476	35.52557
1780	7.24554	-22.747	29.9926	0.923648	0.0763524	6.129414	0.218275	0.188338	0.138701	0.10852	0.0688933	0.0683377	0.0559032	0	1.657634	1.465002	0.07635242	0.9236476	29.17438
1790	7.48985	-19.7881	27.2779	0.667626	0.332374	4.921382	0.217545	0.185821	0.140173	0.108439	0.0691834	0.0667337	0.0559172	0	4.37226	1.479632	0.3323737	0.6676263	30.17394
1800	3.6488	-18.893	22.5418	0.799631	0.200369	2.812388	0.220779	0.184922	0.136243	0.109888	0.0679624	0.0682836	0.0566826	0	9.108448	1.249885	0.2003687	0.7996313	17.77807
1810	7.50381	-21.5158	29.0196	0.171368	0.828632	2.70903	0.216099	0.185289	0.134995	0.107919	0.0681422	0.067628	0.0564396	0	2.630574	1.946157	0.828632	0.171368	88.33984
1820	6.0352	-19.7416	25.7768	0.118348	0.881652	3.177677	0.220909	0.18607	0.138218	0.112281	0.0700501	0.0683196	0.0569284	0	5.873407	1.234579	0.8816523	0.1183477	17.16244
1830	6.22718	-19.2745	25.5016	0.347838	0.652162	6.483927	0.221576	0.183862	0.137927	0.111129	0.0692391	0.0673247	0.0568737	0	6.148563	1.689148	0.6521622	0.3478378	48.88187
1840	7.2374	-21.0532	28.2906	0.19887	0.80113	7.000651	0.214687	0.184509	0.137254	0.112932	0.0683295	0.0664769	0.0568825	0	3.359631	1.467754	0.8011299	0.1988701	29.35983
1850	8.62906	-21.1522	29.7812	0.568458	0.431542	6.539825	0.220226	0.182827	0.139598	0.108582	0.0697481	0.0680841	0.0548759	0	1.868968	1.819246	0.4315417	0.5684583	65.95479
1860	7.94628	-20.2266	28.1729	0.781134	0.218866	7.208328	0.220098	0.186145	0.139039	0.108103	0.0707867	0.0688132	0.0552447	0	3.477333	1.711751	0.2188663	0.7811337	51.49328
1870	7.9413	-21.7457	29.687	0.138088	0.861912	4.817219	0.222192	0.18451	0.135024	0.10965	0.0687452	0.0683706	0.0555787	0	1.963176	1.533233	0.8619115	0.1380885	34.13757
1880	6.89317	-20.3718	27.2649	0.245767	0.754233	7.398118	0.218674	0.186357	0.13553	0.110222	0.0711502	0.0687528	0.0559885	0	4.385274	1.547437	0.7542327	0.2457673	35.27259
1890	8.61108	-20.8951	29.5062	0.900109	0.0998912	7.070767	0.216714	0.188425	0.1356	0.1112	0.071138	0.0683254	0.0563888	0	2.144049	1.830973	0.09989122	0.9001088	67.7599
1900	4.92115	-26.0764	30.9976	0.365423	0.634577	9.250651	0.217946	0.188139	0.137597	0.109202	0.069703	0.0691022	0.0554012	0	0.6526071	1.698869	0.6345768	0.3654232	49.9884
1910	6.35444	-20.5083	26.8628	0.422614	0.577386	5.538696	0.214986	0.187862	0.13432	0.110861	0.0707743	0.0664525	0.0567437	0	4.787426	1.278503	0.5773858	0.4226142	18.98904
1920	5.73755	-24.7559	30.4935	0.311943	0.688057	7.67335	0.223294	0.187826	0.135532	0.111261	0.0703603	0.0687107	0.0559431	0	1.156734	1.461463	0.6880568	0.3119432	28.9376
1930	6.33107	-22.4755	28.8065	0.991565	0.00843537	10.88497	0.216962	0.186449	0.137471	0.112147	0.0708464	0.0691846	0.0563453	0	2.843676	1.808654	0.008435373	0.9915646	64.36568
1940	8.78102	-20.7182	29.4992	0.999554	0.000445992	5.792318	0.218327	0.187448	0.139952	0.110521	0.0683658	0.0681375	0.0557348	0	2.15101	1.976344	0.0004459922	0.999554	94.69864
1950	7.6381	-19.6178	27.2559	0.738065	0.261935	6.699686	0.222106	0.186186	0.140212	0.111704	0.068332	0.0687134	0.0569776	0	4.394267	1.969271	0.2619347	0.7380653	93.16896
1960	6.50105	-19.085	25.586	0.0168355	0.983164	3.930028	0.223905	0.183849	0.137961	0.112585	0.0676569	0.0683598	0.0565811	0	6.064165	1.6434	0.9831645	0.01683551	43.99465
1970	8.51825	-20.3385	28.8567	0.203935	0.796065	6.742183	0.220537	0.185517	0.140646	0.111201	0.0683266	0.0679285	0.0563087	0	2.793493	1.835131	0.7960646	0.2039354	68.41174
1980	4.17903	-20.5255	24.7045	0.98357	0.0164298	0.6647136	0.218708	0.184764	0.140698	0.108991	0.0696703	0.0680042	0.0559159	0	6.945663	1.093342	0.01642984	0.9835702	12.39772
1990	7.20757	-19.243	26.4506	0.024276	0.975724	4.269599	0.2194	0.181789	0.13572	0.109277	0.0705755	0.0668319	0.0551157	0	5.19962	1.815349	0.975724	0.02427602	65.36552
2000	6.53039	-23.0257	29.5561	0.772971	0.227029	8.83203	0.223102	0.183247	0.135428	0.108828	0.0690932	0.066513	0.0569109	0	2.094068	1.529831	0.2270287	0.7729713	33.87122
2010	7.78772	-20.6131	28.4008	0.0435479	0.956452	4.615485	0.22242	0.180927	0.136337	0.107897	0.0711592	0.0681243	0.0565785	0	3.249402	1.414777	0.9564521	0.04354791	25.98823
2020	7.03598	-22.9381	29.974	0.664553	0.335447	2.944386	0.225461	0.181833	0.137783	0.10825	0.0680266	0.0666997	0.0569497	0	1.676163	1.686962	0.3354475	0.6645525	48.63642
2030	7.93828	-20.6071	28.5454	0.645833	0.354167	4.616549	0.224855	0.182925	0.135833	0.108835	0.0689815	0.0660892	0.055822	0	3.104776	1.467877	0.3541667	0.6458333	29.36816
2040	8.52582	-21.0458	29.5716	0.825363	0.174637	4.712983	0.222252	0.182677	0.134983	0.107711	0.0696295	0.0659805	0.0550826	0	2.078573	1.977754	0.1746371	0.8253629	95.0066
2050	6.23324	-24.5822	30.8154	0.885517	0.114483	7.937739	0.221345	0.188486	0.136345	0.10969	0.0683632	0.067292	0.0552056	0	0.8347629	1.688963	0.1144834	0.8855166	48.86104
2060	7.10578	-21.7068	28.8126	0.0104581	0.989542	7.930983	0.223028	0.184574	0.134963	0.110045	0.070146	0.0664541	0.0541528	0	2.837619	1.514654	0.9895419	0.01045807	32.70803
2070	8.69648	-20.9898	29.6863	0.423032	0.576968	5.472017	0.219754	0.180463	0.137048	0.111732	0.0697079	0.0691519	0.0567968	0	1.963929	1.941914	0.5769681	0.4230319	87.48103
2080	6.6924	-21.0197	27.7121	0.527244	0.472756	7.317965	0.215279	0.180619	0.14001	0.11058	0.0706003	0.0668132	0.056354	0	3.938109	1.442896	0.4727564	0.5272436	27.72659
2090	7.95957	-19.5853	27.5449	0.400918	0.599082	4.862299	0.21473	0.181418	0.139657	0.113058	0.0696878	0.066763	0.0548048	0	4.105299	1.767326	0.5990818	0.4009182	58.5229
2100	7.50756	-22.8895	30.3971	0.358094	0.641906	6.15451	0.217599	0.183588	0.140847	0.112138	0.0696301	0.0687139	0.0558941	0	1.25314	1.631899	0.6419055	0.3580945	42.84484
2110	5.48956	-21.4179	26.9075	0.723324	0.276676	6.305015	0.218275	0.181339	0.140125	0.113069	0.0703731	0.0688091	0.0553596	0	4.742692	1.211421	0.2766761	0.7233239	16.27126
2120	8.33917	-20.1335	28.4727	0.330229	0.669771	4.592898	0.219888	0.183555	0.140232	0.112273	0.0685589	0.0691333	0.056016	0	3.177491	1.771149	0.6697714	0.3302286	59.04034
2130	4.77652	-19.3302	24.1067	0.0712683	0.928732	7.31343	0.221359	0.182072	0.139855	0.111193	0.0685646	0.0685421	0.0562577	0	7.543506	1.812719	0.9287317	0.07126831	64.97099
2140	6.55082	-20.2833	26.8342	0.0927473	0.907253	4.94515	0.222681	0.179921	0.139128	0.109188	0.0697434	0.06782	0.0542763	0	4.816041	1.273389	0.9072527	0.09274729	18.76673
2150	8.03718	-19.8373	27.8745	0.392105	0.607895	4.448834	0.220274	0.183647	0.139792	0.109505	0.0687397	0.0689946	0.0554723	0	3.77572	1.694848	0.6078952	0.3921048	49.52773
2160	7.47158	-19.4881	26.9597	0.480796	0.519204	5.064553	0.214768	0.183905	0.139961	0.108338	0.0688786	0.0681106	0.0567878	0	4.690498	1.582412	0.5192036	0.4807964	38.23071
2170	8.393	-20.6443	29.0373	0.474547	0.525453	5.521872	0.217191	0.183617	0.135985	0.11171	0.0708126	0.068478	0.0558454	0	2.612864	1.62101	0.5254527	0.4745473	41.78403
2180	7.11194	-19.3714	26.4834	0.520795	0.479205	4.663573	0.21721	0.180884	0.140568	0.108704	0.0694842	0.0675563	0.0555474	0	5.166849	1.529261	0.4792054	0.5207946	33.82679
2190	7.0946	-20.1252	27.2198	0.968029	0.0319709	8.140015	0.216954	0.184101	0.141322	0.109019	0.0701444	0.0668214	0.0545087	0	4.430364	1.897597	0.03197093	0.9680291	78.99451
2200	7.9149	-20.1721	28.087	0.272534	0.727466	7.579826	0.220428	0.183317	0.1395	0.10999	0.0678492	0.0683123	0.054929	0	3.563181	1.864954	0.7274661	0.2725339	73.27467
2210	8.31568	-20.673	28.9887	0.568151	0.431849	4.062538	0.219333	0.185607	0.138787	0.112055	0.0681888	0.0679021	0.0553799	0	2.661541	1.973342	0.4318488	0.5681512	94.04628
2220	3.55687	-26.9988	30.5557	0.588704	0.411296	4.959048	0.224102	0.182897	0.139305	0.111664	0.0683022	0.0658883	0.056194	0	1.094488	1.16772	0.4112958	0.5887042	14.71364
2230	8.18942	-20.3817	28.5712	0.0955083	0.904492	4.500816	0.223913	0.182688	0.136014	0.109869	0.0703387	0.0676297	0.0551536	0	3.079045	1.58883	0.9044917	0.09550829	38.79988
2240	8.16606	-20.2957	28.4618	0.214716	0.785284	7.59848	0.21982	0.182131	0.135912	0.112215	0.0684127	0.0675454	0.055328	0	3.188395	1.93746	0.7852845	0.2147155	86.58847
2250	4.2742	-19.8687	24.1429	0.269678	0.730322	3.520941	0.215557	0.180496	0.137919	0.112852	0.0680427	0.0663083	0.0547834	0	7.507291	1.076989	0.7303217	0.2696783	11.93959
2260	7.04963	-22.2405	29.2902	0.203317	0.796683	3.338099	0.221674	0.182476	0.139601	0.109117	0.0694269	0.067338	0.0554461	0	2.360043	1.30584	0.7966831	0.2033169	20.22274
2270	7.07331	-19.6581	26.7314	0.650521	0.349479	3.290374	0.216013	0.187432	0.140893	0.109015	0.0696526	0.0677639	0.0552196	0	4.918792	1.582882	0.349479	0.650521	38.27211
2280	7.8612	-20.5272	28.3884	0.0656846	0.934315	8.299944	0.222711	0.185332	0.139989	0.110394	0.0684307	0.0680415	0.0550145	0	3.261845	1.958949	0.9343154	0.0656846	90.98064
2290	4.34901	-18.7263	23.0753	0.375806	0.624194	3.643342	0.219706	0.187272	0.137229	0.11007	0.0690851	0.0668549	0.0549962	0	8.574878	1.402137	0.624194	0.375806	25.24275
2300	7.59563	-20.6376	28.2333	0.705108	0.294892	2.916227	0.225822	0.181915	0.13444	0.10817	0.0688836	0.0674307	0.0543132	0	3.416938	1.859497	0.2948915	0.7051085	72.35973
2310	8.03853	-20.9122	28.9507	0.140268	0.859732	7.406529	0.225712	0.184123	0.134758	0.107918	0.0685353	0.0677016	0.0549866	0	2.699456	1.659154	0.8597323	0.1402677	45.61982
2320	6.59988	-23.0854	29.6853	0.078086	0.921914	3.800898	0.223349	0.18455	0.136529	0.108285	0.0678426	0.0689775	0.0563019	0	1.964879	1.265324	0.921914	0.07808596	18.42145
2330	7.77637	-22.0102	29.7866	0.208848	0.791152	3.558666	0.218129	0.182642	0.14034	0.107715	0.0692824	0.0681137	0.0561571	0	1.863593	1.840552	0.791152	0.208848	69.27105
2340	8.45518	-20.732	29.1872	0.686969	0.313031	7.5073	0.21959	0.186485	0.139955	0.111115	0.0682871	0.0663351	0.0568258	0	2.463002	1.867767	0.3130308	0.6869692	73.75083
2350	8.34061	-20.0603	28.4009	0.448376	0.551624	6.622747	0.217372	0.18684	0.139952	0.111548	0.0709465	0.0664655	0.0564223	0	3.249298	1.823549	0.5516239	0.4483761	66.61154
2360	6.88459	-19.8115	26.6961	0.472649	0.527351	2.806272	0.219178	0.18666	0.139984	0.111254	0.071186	0.065825	0.0556316	0	4.954134	1.856306	0.5273508	0.4726492	71.82995
2370	7.7909	-20.2383	28.0292	0.350029	0.649971	3.617735	0.218509	0.187368	0.140416	0.111991	0.0698821	0.0668418	0.0558318	0	3.62104	1.574366	0.6499711	0.3500289	37.52894
2380	6.58602	-19.7603	26.3463	0.642529	0.357471	7.669392	0.223785	0.183657	0.139909	0.112271	0.0704903	0.0689775	0.0564622	0	5.303912	1.940928	0.3574711	0.6425289	87.28272
2390	6.93957	-23.6619	30.6015	0.466585	0.533415	7.777787	0.217608	0.184392	0.139554	0.110203	0.0679393	0.0679133	0.0555636	0	1.048697	1.678851	0.533415	0.466585	47.7365
2400	7.55673	-20.9793	28.5361	0.195346	0.804654	2.773979	0.218283	0.187827	0.140274	0.111061	0.0693407	0.068809	0.0549229	0	3.114132	1.852107	0.8046542	0.1953458	71.13894
2410	8.57584	-20.2134	28.7893	0.755937	0.244063	5.493243	0.216242	0.187718	0.14003	0.112483	0.0679809	0.0681705	0.0563078	0	2.86095	1.813401	0.2440629	0.7559371	65.07302
2420	7.11182	-20.7904	27.9022	0.816769	0.183231	5.358455	0.217399	0.186084	0.138116	0.113136	0.068823	0.0675228	0.0559113	0	3.748007	1.324489	0.1832314	0.8167686	21.11006
2430	8.63074	-21.1412	29.772	0.943447	0.0565532	7.103959	0.216112	0.186139	0.138989	0.11289	0.0676719	0.0676038	0.0552758	0	1.878218	1.879892	0.05655324	0.9434468	75.83891
2440	6.40084	-21.459	27.8599	0.622602	0.377398	8.684413	0.217209	0.183808	0.138553	0.107746	0.0677223	0.0685287	0.0545049	0	3.790344	1.555988	0.3773981	0.6226019	35.97395
2450	8.22182	-21.7889	30.0108	0.468221	0.531779	5.587023	0.216943	0.185375	0.134703	0.109906	0.0676587	0.0675626	0.0551898	0	1.639434	1.698105	0.5317786	0.4682214	49.90052
2460	8.70941	-20.5139	29.2233	0.441197	0.558803	6.714067	0.22044	0.186308	0.137577	0.112459	0.0678925	0.0677935	0.0543847	0	2.426888	1.929337	0.558803	0.441197	84.98397
2470	7.96268	-21.8564	29.8191	0.177751	0.822249	6.345069	0.224016	0.187266	0.139583	0.108725	0.0684054	0.0663549	0.054619	0	1.831097	1.583301	0.8222494	0.1777506	38.30902
2480	7.64653	-21.127	28.7735	0.274463	0.725537	8.406354	0.223861	0.179517	0.136088	0.111803	0.0703771	0.0682894	0.0563145	0	2.876685	1.703171	0.725537	0.274463	50.48601
2490	8.23874	-20.7945	29.0332	0.49185	0.50815	4.198738	0.215987	0.180137	0.137812	0.111628	0.069475	0.0685504	0.0555842	0	2.616999	1.656528	0.5081503	0.4918497	45.34489
2500	8.57808	-20.6202	29.1983	0.0177474	0.982253	4.792917	0.220525	0.180922	0.138038	0.108354	0.0690574	0.068636	0.0553018	0	2.451889	1.919149	0.9822526	0.01774737	83.01357
2510	5.96254	-21.8506	27.8131	0.39109	0.60891	2.820324	0.216983	0.182553	0.137379	0.10999	0.0700623	0.0687256	0.055431	0	3.83706	1.048768	0.6089104	0.3910896	11.18839
2520	8.07354	-19.8213	27.8948	0.711109	0.288891	6.766059	0.216893	0.182033	0.13724	0.109126	0.0709228	0.0660966	0.0549238	0	3.755391	1.970862	0.2888907	0.7111093	93.51081
2530	7.80428	-20.6551	28.4594	0.204496	0.795504	7.711796	0.218188	0.181011	0.134889	0.109574	0.0680983	0.0667904	0.0546522	0	3.190793	1.691023	0.7955044	0.2044956	49.09336
2540	7.9137	-22.3926	30.3063	0.288021	0.711979	8.771949	0.215176	0.182845	0.134463	0.110496	0.0682151	0.0657623	0.0543605	0	1.343914	1.880872	0.7119787	0.2880213	76.01026
2550	8.28206	-20.1868	28.4689	0.208106	0.791894	7.284645	0.218566	0.180816	0.134421	0.112097	0.0693356	0.0672449	0.0553961	0	3.181307	1.982992	0.7918941	0.2081059	96.15941
2560	8.2588	-19.8698	28.1286	0.0622176	0.937782	5.866029	0.223764	0.181631	0.140542	0.110615	0.0703913	0.0675263	0.0549522	0	3.521618	1.742661	0.9377824	0.06221756	55.29184
2570	5.74521	-20.0231	25.7683	0.168264	0.831736	2.365805	0.21771	0.187874	0.138315	0.109212	0.0686793	0.0671592	0.0544544	0	5.881903	1.186883	0.831736	0.168264	15.37741
2580	7.75407	-20.4282	28.1823	0.680905	0.319095	3.373394	0.214809	0.184107	0.134371	0.107671	0.0676748	0.0677401	0.0560791	0	3.467933	1.595186	0.3190947	0.6809053	39.37189
2590	7.84	-19.5294	27.3694	0.543097	0.456903	6.150891	0.218141	0.184104	0.136477	0.108371	0.0692671	0.0680426	0.0565137	0	4.280795	1.948291	0.456903	0.543097	88.77516
2600	2.10325	-20.2467	22.3499	0.466851	0.533149	9.224159	0.223534	0.179515	0.135514	0.110723	0.0683571	0.0679725	0.0557591	0	9.300299	1.920058	0.5331486	0.4668514	83.18749
2610	7.43952	-22.5746	30.0141	0.805781	0.194219	6.557689	0.224354	0.18157	0.134696	0.11075	0.0690878	0.0658746	0.0555126	0	1.636093	1.525811	0.1942191	0.8057809	33.55916
2620	4.2291	-25.9929	30.222	0.0405178	0.959482	5.236698	0.215424	0.180245	0.136107	0.11192	0.0695092	0.0659586	0.0550384	0	1.428227	1.124569	0.9594822	0.04051781	13.322
2630	5.75035	-20.0884	25.8387	0.914142	0.0858579	8.17705	0.219613	0.182482	0.136115	0.109657	0.0697669	0.0659331	0.0552013	0	5.811486	1.694751	0.08585794	0.9141421	49.51658
2640	8.56266	-21.0598	29.6224	0.606772	0.393228	7.906702	0.215981	0.186241	0.139371	0.107833	0.0705772	0.0676904	0.0550151	0	2.027759	1.966447	0.3932277	0.6067723	92.56507
2650	7.37363	-19.9331	27.3067	0.465634	0.534366	6.049968	0.217781	0.184505	0.138054	0.110722	0.0697818	0.0688198	0.0549223	0	4.343461	1.510278	0.5343663	0.4656337	32.38009
2660	8.16767	-20.5505	28.7181	0.410881	0.589119	4.15303	0.218008	0.18465	0.137646	0.110925	0.0709383	0.0677617	0.0550819	0	2.93206	1.615368	0.589119	0.410881	41.24465
2670	8.67128	-21.0058	29.6771	0.258822	0.741178	5.457467	0.216632	0.186396	0.140515	0.111082	0.0708443	0.0691642	0.0568713	0	1.973118	1.891944	0.741178	0.258822	77.97296
2680	7.95008	-20.7033	28.6534	0.456726	0.543274	3.47542	0.216437	0.185025	0.141264	0.112674	0.0708319	0.06816	0.0562379	0	2.996798	1.695723	0.5432736	0.4567264	49.62754
2690	8.40988	-21.5656	29.9755	0.629198	0.370802	8.146627	0.217852	0.180324	0.136999	0.111568	0.0705066	0.0683888	0.0551883	0	1.674729	1.909522	0.3708018	0.6291982	81.19362
2700	7.11103	-19.5604	26.6714	0.308952	0.691048	3.362321	0.214777	0.182679	0.137019	0.112987	0.0700885	0.0691241	0.0543847	0	4.978792	1.905425	0.6910479	0.3089521	80.43131
2710	8.27945	-19.8401	28.1195	0.477991	0.522009	4.749405	0.217324	0.187046	0.139517	0.111799	0.06977	0.0662955	0.0563602	0	3.530659	1.965624	0.5220092	0.4779908	92.38981
2720	7.84372	-19.4708	27.3146	0.745523	0.254477	5.310463	0.217308	0.186146	0.138113	0.110116	0.0696612	0.0660633	0.0560925	0	4.335635	1.789606	0.2544773	0.7455227	61.60365
2730	7.75333	-21.9514	29.7047	0.320182	0.679818	7.795076	0.223103	0.185336	0.139137	0.111696	0.0698181	0.0658595	0.0569167	0	1.945471	1.634307	0.6798181	0.3201819	43.08307
2740	7.05812	-19.6467	26.7048	0.731348	0.268652	3.176162	0.215222	0.183266	0.136788	0.113082	0.06995	0.0668949	0.0565165	0	4.945412	1.954924	0.2686516	0.7313484	90.14136
2750	4.18843	-25.2506	29.439	0.538313	0.461687	13.29957	0.219291	0.179897	0.136606	0.112085	0.0698544	0.0661835	0.0568282	0	2.211211	1.796785	0.4616873	0.5383127	62.6304
2760	6.98068	-23.805	30.7857	0.987426	0.012574	5.72157	0.215279	0.179468	0.141277	0.109739	0.0708332	0.0659086	0.0563622	0	0.8645127	1.809336	0.012574	0.987426	64.46679
2770	8.66252	-20.5588	29.2213	0.95548	0.0445197	7.086894	0.220821	0.185277	0.139726	0.109689	0.0696567	0.0665741	0.0563368	0	2.428914	1.979165	0.04451972	0.9554803	95.31579
2780	8.05127	-19.9324	27.9836	0.274281	0.725719	4.799105	0.22427	0.18681	0.14077	0.110999	0.0706577	0.0691714	0.0563972	0	3.666553	1.597604	0.7257194	0.2742806	39.59169
2790	7.93311	-19.6459	27.579	0.207699	0.792301	4.88409	0.222015	0.184015	0.138567	0.108092	0.0696536	0.0667356	0.0554059	0	4.07124	1.68229	0.7923009	0.2076991	48.11602
2800	8.11459	-19.6034	27.718	0.976777	0.0232227	5.053617	0.225182	0.182731	0.138003	0.111973	0.0688644	0.0680375	0.0555669	0	3.932181	1.993382	0.02322273	0.9767773	98.48769
2810	8.34221	-20.1694	28.5116	0.118234	0.881766	4.508608	0.224913	0.182468	0.139744	0.112818	0.06904	0.067069	0.056412	0	3.138616	1.799742	0.8817662	0.1182338	63.05831
2820	8.14543	-22.1384	30.2838	0.705739	0.294261	7.795016	0.221699	0.184609	0.137197	0.109851	0.0680386	0.0668329	0.055884	0	1.366395	1.843144	0.2942606	0.7057394	69.6857
2830	8.08016	-21.0183	29.0984	0.760345	0.239655	8.191635	0.223636	0.185383	0.137122	0.109883	0.0688763	0.0671092	0.0561474	0	2.551778	1.79535	0.2396555	0.7603445	62.42382
2840	7.72647	-20.8661	28.5926	0.308317	0.691683	8.685903	0.223254	0.181047	0.135304	0.110383	0.068872	0.0667073	0.0569027	0	3.057646	1.877274	0.691683	0.308317	75.38319
2850	7.9971	-20.6317	28.6288	0.301121	0.698879	5.280863	0.22179	0.183642	0.139482	0.111282	0.068355	0.0659195	0.0546233	0	3.021436	1.493575	0.6988786	0.3011214	31.15837
2860	6.71011	-22.9881	29.6982	0.234631	0.765369	7.456476	0.217783	0.181761	0.138271	0.111436	0.0678057	0.0662141	0.056725	0	1.951967	1.433391	0.7653691	0.2346309	27.12636
2870	6.93965	-19.8328	26.7724	0.854073	0.145927	5.646791	0.223296	0.182639	0.134364	0.112386	0.0690224	0.0668668	0.0569679	0	4.877779	1.439954	0.1459267	0.8540733	27.53935
2880	8.30566	-19.8796	28.1853	0.187803	0.812197	5.760635	0.220928	0.18398	0.135321	0.10961	0.0678302	0.0680985	0.0561896	0	3.464888	1.771156	0.8121969	0.1878031	59.04135
2890	7.86389	-20.8216	28.6855	0.331217	0.668783	7.796582	0.222116	0.188102	0.13537	0.111093	0.0691235	0.0672269	0.0556524	0	2.964716	1.689021	0.6687829	0.3312171	48.86759
2900	7.84113	-19.6709	27.512	0.509846	0.490154	5.498402	0.225898	0.187412	0.135341	0.112441	0.0685999	0.0685324	0.0553126	0	4.138186	1.635525	0.4901542	0.5098458	43.20414
2910	7.15707	-21.7093	28.8663	0.233141	0.766859	5.1647	0.222039	0.187307	0.138852	0.113064	0.0707459	0.0663384	0.0551202	0	2.783858	1.298764	0.7668586	0.2331414	19.89592
2920	6.48525	-20.2564	26.7416	0.107254	0.892746	8.596422	0.221874	0.186849	0.139831	0.112893	0.0697763	0.0669824	0.0542256	0	4.908595	1.882391	0.892746	0.107254	76.27662
2930	8.27674	-19.7666	28.0433	0.57058	0.42942	5.827955	0.221483	0.187089	0.139814	0.113153	0.0706921	0.0672663	0.0550298	0	3.606867	1.837641	0.4294204	0.5705796	68.80831
2940	7.95185	-19.8538	27.8056	0.643532	0.356468	4.019501	0.22293	0.185639	0.139683	0.112075	0.0701683	0.0676524	0.054969	0	3.8446	1.919195	0.3564682	0.6435318	83.02236
2950	2.83827	-18.5676	21.4059	0.739501	0.260499	5.875389	0.218119	0.182009	0.141243	0.111626	0.0702902	0.0678168	0.0568073	0	10.24434	1.9598	0.2604988	0.7395012	91.15902
2960	8.10037	-19.5869	27.6873	0.00565367	0.994346	5.734042	0.216315	0.180309	0.138392	0.108193	0.0711171	0.066184	0.0560214	0	3.962933	1.981016	0.9943463	0.005653671	95.72293
2970	6.54818	-20.021	26.5692	0.411016	0.588984	3.691917	0.220247	0.180461	0.137671	0.110746	0.0698165	0.0679865	0.055873	0	5.080968	1.251841	0.5889839	0.4110161	17.85834
2980	7.63034	-19.3797	27.01	0.310836	0.689164	4.63337	0.22118	0.186611	0.135028	0.111955	0.0711663	0.0659292	0.0550956	0	4.64018	1.832223	0.6891645	0.3108355	67.95523
2990	7.79048	-21.0202	28.8107	0.218103	0.781897	3.104588	0.218699	0.18857	0.136189	0.111647	0.0678452	0.0664467	0.0542866	0	2.839548	1.892591	0.7818965	0.2181035	78.08917
3000	8.53083	-21.0365	29.5674	0.224342	0.775658	6.646053	0.2182	0.187973	0.137044	0.113166	0.0711115	0.0670602	0.0543797	0	2.082828	1.742514	0.7756579	0.2243421	55.27307
3010	8.05679	-20.5736	28.6304	0.860383	0.139617	3.772913	0.222396	0.185343	0.1353	0.112812	0.0698647	0.0672797	0.0549145	0	3.019839	1.656055	0.1396166	0.8603834	45.29551
3020	8.36049	-19.9498	28.3103	0.688536	0.311464	6.274599	0.224948	0.184728	0.141315	0.112278	0.0693575	0.0661362	0.056171	0	3.33993	1.842108	0.3114643	0.6885357	69.51972
3030	6.77559	-21.5115	28.2871	0.465713	0.534287	7.61389	0.222884	0.182891	0.135753	0.109758	0.0699523	0.0660261	0.0561602	0	3.363124	1.451256	0.5342866	0.4657134	28.26544
3040	8.75765	-20.7052	29.4628	0.816911	0.183089	6.748781	0.223404	0.187457	0.13576	0.110426	0.0702996	0.0675411	0.0551484	0	2.187369	1.937632	0.1830885	0.8169115	86.62286
3050	5.68779	-22.1645	27.8523	0.371714	0.628286	3.278623	0.217577	0.188279	0.140457	0.110511	0.0694184	0.0659494	0.055693	0	3.797935	1.019685	0.6282857	0.3717143	10.46369
3060	7.7763	-21.0723	28.8486	0.68569	0.31431	3.346131	0.216735	0.186992	0.140389	0.111779	0.0684617	0.0661586	0.0543713	0	2.801646	1.54614	0.3143098	0.6856902	35.16734
3070	6.54778	-19.9358	26.4835	0.0653357	0.934664	5.498636	0.215873	0.18147	0.141266	0.112092	0.0680335	0.0682569	0.0542573	0	5.166661	1.363564	0.9346643	0.06533571	23.09744
3080	5.15335	-18.7653	23.9186	0.903424	0.096576	3.913877	0.220249	0.182897	0.140377	0.11299	0.0678605	0.0671723	0.0547087	0	7.731584	1.525014	0.09657595	0.903424	33.4976
3090	8.79662	-20.5793	29.3759	0.665185	0.334815	5.94186	0.22087	0.179284	0.140857	0.112172	0.0685778	0.0668502	0.0542133	0	2.274296	1.997336	0.3348154	0.6651846	99.38836
3100	5.70489	-25.1663	30.8712	0.373074	0.626926	6.44977	0.214779	0.180505	0.139913	0.111316	0.0692615	0.0666382	0.0543455	0	0.7789866	1.603778	0.6269256	0.3730744	40.15853
3110	8.1618	-20.1721	28.3339	0.887132	0.112868	4.24833	0.21834	0.181023	0.140485	0.111484	0.0711226	0.0666509	0.0546172	0	3.316326	1.677441	0.1128683	0.8871317	47.58185
3120	8.70792	-20.7028	29.4107	0.0728935	0.927107	5.743874	0.218689	0.182277	0.138747	0.113143	0.070998	0.0673169	0.0569139	0	2.239499	1.844243	0.9271065	0.07289348	69.86229
3130	6.23369	-20.2213	26.4549	0.935292	0.0647085	8.203001	0.218254	0.179287	0.137811	0.112053	0.0706873	0.0684408	0.054869	0	5.195254	1.679466	0.0647085	0.9352915	47.80419
3140	8.13143	-20.2154	28.3468	0.935058	0.0649424	7.421827	0.221187	0.182198	0.136076	0.11037	0.0693077	0.0674241	0.0543784	0	3.303403	1.855992	0.06494244	0.9350576	71.77817
3150	8.40388	-21.992	30.3959	0.468237	0.531763	7.022869	0.222808	0.184119	0.135936	0.10855	0.0702324	0.0684682	0.0552991	0	1.254276	1.967127	0.5317626	0.4682374	92.71009
3160	7.90142	-19.6016	27.503	0.0122503	0.98775	4.792544	0.220631	0.187184	0.138465	0.108221	0.0693747	0.0681639	0.0560852	0	4.147166	1.707697	0.9877497	0.01225032	51.01485
3170	7.21929	-22.5467	29.766	0.581979	0.418021	6.007203	0.214842	0.187858	0.136423	0.109393	0.0689145	0.068997	0.0564577	0	1.884212	1.414296	0.4180209	0.5819791	25.9595
3180	8.40214	-20.0407	28.4428	0.968782	0.0312183	6.062368	0.218649	0.187678	0.137197	0.10791	0.0686401	0.0676806	0.0564861	0	3.207392	1.773733	0.03121833	0.9687817	59.39273
3190	6.23458	-23.0872	29.3217	0.354997	0.645003	1.46624	0.22305	0.187273	0.139856	0.111244	0.0682107	0.0676966	0.0559858	0	2.328453	1.90948	0.6450035	0.3549965	81.18573
3200	7.01777	-19.8274	26.8451	0.341118	0.658882	3.024823	0.222027	0.185031	0.138908	0.11212	0.0694954	0.0682428	0.0551732	0	4.805077	1.540878	0.6588818	0.3411182	34.74387
3210	8.76201	-20.9103	29.6723	0.377606	0.622394	5.884518	0.221509	0.185241	0.134582	0.111977	0.0701472	0.067092	0.0559951	0	1.977907	1.949472	0.6223944	0.3776056	89.01688
3220	8.68329	-20.7675	29.4508	0.171687	0.828313	6.812945	0.215714	0.183645	0.135066	0.112731	0.0709514	0.0681968	0.0563785	0	2.19944	1.858801	0.8283133	0.1716867	72.24393
3230	8.43413	-20.5479	28.982	0.309803	0.690197	4.37823	0.218494	0.185782	0.136142	0.111357	0.070758	0.0691666	0.0561676	0	2.66821	1.918685	0.6901972	0.3098028	82.92488
3240	7.14868	-22.3709	29.5196	0.014422	0.985578	10.29874	0.215697	0.181483	0.134739	0.111217	0.0708289	0.0690609	0.0557507	0	2.130574	1.834259	0.985578	0.01442204	68.2745
3250	8.45001	-21.5283	29.9783	0.0407672	0.959233	5.947047	0.216396	0.182376	0.140837	0.108504	0.0678267	0.0685291	0.0559243	0	1.671913	1.77777	0.9592328	0.04076723	59.94732
3260	7.8815	-21.7832	29.6647	0.755326	0.244674	4.573749	0.222158	0.186851	0.138443	0.11214	0.0678827	0.0676052	0.0559421	0	1.985494	1.526156	0.2446743	0.7553257	33.58581
3270	8.17585	-22.0069	30.1828	0.248657	0.751343	7.79724	0.219674	0.188293	0.134867	0.111875	0.0679257	0.0678958	0.0568706	0	1.467407	1.820416	0.7513429	0.2486571	66.1326
3280	8.35102	-21.2304	29.5814	0.0223358	0.977664	7.610466	0.220707	0.187007	0.135794	0.111289	0.0681751	0.0689441	0.0562054	0	2.068762	1.776294	0.9776642	0.02233575	59.7439
3290	8.66638	-20.1965	28.8629	0.580678	0.419322	6.158032	0.215777	0.183579	0.134371	0.111909	0.0688953	0.0691188	0.0557602	0	2.787314	1.959413	0.4193222	0.5806778	91.07788
3300	5.40126	-20.8053	26.2066	0.164136	0.835864	9.679832	0.217117	0.187374	0.135299	0.111783	0.0708219	0.0689625	0.0562566	0	5.443615	1.959722	0.8358637	0.1641363	91.14273
3310	6.41166	-19.039	25.4506	0.264921	0.735079	4.169443	0.217779	0.188597	0.136859	0.11177	0.0705347	0.0683603	0.0568731	0	6.199583	1.584201	0.7350788	0.2649212	38.38846
3320	8.54797	-20.4111	28.9591	0.539226	0.460774	4.723345	0.218379	0.188405	0.13605	0.110967	0.0693059	0.0666303	0.0558989	0	2.691106	1.985609	0.460774	0.539226	96.74071
3330	7.33759	-19.4017	26.7392	0.357919	0.642081	6.21359	0.21829	0.187325	0.137063	0.111821	0.0694019	0.0680068	0.0565318	0	4.910961	1.784349	0.6420812	0.3579188	60.86236
3340	6.03028	-18.9671	24.9974	0.0106441	0.989356	5.289543	0.21536	0.187898	0.136952	0.108262	0.0691574	0.0659265	0.0567298	0	6.65282	1.605307	0.9893559	0.01064407	40.30016
3350	8.55914	-21.2561	29.8152	0.891227	0.108773	7.747721	0.225059	0.18606	0.135067	0.11143	0.0685021	0.0672368	0.0559818	0	1.834975	1.940236	0.1087726	0.8912274	87.14368
3360	7.99082	-20.2543	28.2451	0.456459	0.543541	4.253931	0.222014	0.18456	0.135862	0.113067	0.0685302	0.0668806	0.0565427	0	3.405065	1.544091	0.5435407	0.4564593	35.00184
3370	6.31665	-21.931	28.2476	0.937742	0.0622582	1.407122	0.22594	0.184599	0.134842	0.111957	0.0683462	0.0673411	0.0551977	0	3.402584	1.341826	0.06225816	0.9377418	21.96981
3380	5.85896	-22.9673	28.8263	0.168348	0.831652	2.648766	0.222748	0.18824	0.1346	0.10978	0.0695063	0.0678695	0.056371	0	2.823913	1.063475	0.8316519	0.1683481	11.57378
3390	5.89672	-24.6241	30.5208	0.20411	0.79589	4.632102	0.217277	0.18329	0.137095	0.113211	0.0698313	0.0687833	0.0551611	0	1.129363	1.412071	0.7958897	0.2041103	25.8268
3400	8.47328	-20.1883	28.6616	0.217964	0.782036	6.640354	0.216257	0.182155	0.139136	0.112676	0.0694577	0.0682759	0.0553927	0	2.988641	1.836532	0.7820363	0.2179637	68.63277
3410	7.36475	-19.9607	27.3255	0.102323	0.897677	3.828467	0.224762	0.180394	0.141176	0.111323	0.0705351	0.068406	0.0557892	0	4.324723	1.415521	0.8976773	0.1023227	26.03282
3420	6.76897	-19.1155	25.8845	0.633317	0.366683	5.46146	0.225874	0.180132	0.140498	0.110445	0.0692129	0.0686449	0.0553648	0	5.765724	1.674795	0.3666831	0.6333169	47.29277
3430	5.76023	-18.8486	24.6088	0.85436	0.14564	4.466275	0.225894	0.180681	0.138835	0.112253	0.0697199	0.0680015	0.0546962	0	7.041412	1.562336	0.1456397	0.8543603	36.5036
3440	7.25423	-21.6368	28.891	0.113497	0.886503	6.47049	0.219468	0.18835	0.140272	0.112962	0.0696799	0.0685313	0.0548372	0	2.759206	1.394083	0.8865032	0.1134968	24.77898
3450	7.59422	-19.5595	27.1537	0.0151633	0.984837	5.930318	0.222574	0.188144	0.138974	0.111883	0.0688732	0.0677081	0.0558075	0	4.496523	1.668265	0.9848367	0.01516327	46.58702
3460	5.90822	-20.7486	26.6568	0.134015	0.865985	3.2367	0.223041	0.186894	0.138984	0.113088	0.0700774	0.0663862	0.0569175	0	4.993369	1.090625	0.8659845	0.1340155	12.32041
3470	5.91303	-20.0194	25.9324	0.797259	0.202741	8.337321	0.217985	0.18855	0.139397	0.112411	0.0697045	0.0685095	0.0560929	0	5.717778	1.952379	0.2027409	0.7972591	89.61458
3480	7.08858	-20.1014	27.19	0.00223522	0.997765	2.939615	0.219299	0.180557	0.139647	0.110346	0.0708458	0.0688049	0.0568735	0	4.460243	1.438698	0.9977648	0.002235217	27.45985
3490	7.00496	-20.1361	27.141	0.199391	0.800609	7.294673	0.218603	0.180992	0.139547	0.110108	0.0698924	0.0681141	0.056468	0	4.509173	1.599386	0.8006089	0.1993911	39.7545
3500	6.61149	-19.5441	26.1556	0.0178671	0.982133	2.998594	0.221198	0.185863	0.135988	0.110154	0.0682196	0.0657645	0.0552395	0	5.49458	1.571793	0.9821329	0.01786707	37.30721
3510	6.5262	-20.1686	26.6948	0.867179	0.132821	2.373317	0.22267	0.181358	0.139732	0.112105	0.0686898	0.0669366	0.0560653	0	4.955355	1.358535	0.1328207	0.8671793	22.8315
3520	7.853	-19.9961	27.8492	0.557939	0.442061	4.269655	0.224889	0.179629	0.139646	0.109295	0.0690847	0.0671416	0.0561833	0	3.801047	1.542123	0.4420609	0.5579391	34.84357
3530	7.85087	-20.971	28.8218	0.646268	0.353732	6.206089	0.222299	0.180008	0.135269	0.110217	0.069194	0.0689107	0.0569789	0	2.828361	1.492826	0.353732	0.646268	31.10469
3540	7.54818	-22.1946	29.7428	0.120705	0.879295	6.59275	0.214972	0.183976	0.135327	0.110453	0.0700761	0.0681288	0.0569373	0	1.907403	1.493228	0.8792949	0.1207051	31.13351
3550	7.01992	-22.9937	30.0136	0.196799	0.803201	3.222678	0.221197	0.182117	0.136842	0.109723	0.0705689	0.0676098	0.0566067	0	1.636621	1.555628	0.803201	0.196799	35.94413
3560	7.78805	-20.3807	28.1687	0.832469	0.167531	3.284396	0.222197	0.182243	0.134875	0.111089	0.0695523	0.0660652	0.0547179	0	3.481482	1.966592	0.1675309	0.8324691	92.596
3570	7.13629	-21.4861	28.6224	0.10968	0.89032	2.382425	0.223979	0.187921	0.136663	0.112205	0.069256	0.0672807	0.0560445	0	3.02778	1.446878	0.89032	0.10968	27.98194
3580	8.519	-21.507	30.026	0.417486	0.582514	5.858889	0.220169	0.186452	0.140418	0.110486	0.0683174	0.0677323	0.056019	0	1.624188	1.849793	0.5825136	0.4174864	70.76084
3590	6.55782	-21.3958	27.9536	0.00525864	0.994741	1.579125	0.216288	0.186658	0.141221	0.10762	0.0696249	0.0689642	0.0565897	0	3.696624	1.772916	0.9947414	0.005258642	59.28109
3600	7.38567	-19.2946	26.6803	0.152333	0.847667	5.062785	0.215975	0.181665	0.134715	0.107888	0.0691367	0.0688561	0.0563045	0	4.969899	1.68986	0.8476668	0.1523332	48.96208
3610	6.77078	-21.7469	28.5177	0.773821	0.226179	1.774133	0.217237	0.181389	0.137396	0.112322	0.0679809	0.0676386	0.0562188	0	3.1325	1.71563	0.2261787	0.7738213	51.95534
3620	6.29092	-21.0422	27.3331	0.55816	0.44184	2.058357	0.216221	0.182143	0.134804	0.11069	0.0709475	0.0689604	0.0564932	0	4.317103	1.16915	0.4418402	0.5581598	14.76218
3630	7.50369	-23.0828	30.5865	0.632658	0.367342	5.148987	0.219209	0.181051	0.136845	0.108978	0.0684519	0.0681461	0.0569855	0	1.063746	1.856183	0.3673418	0.6326582	71.80961
3640	7.61752	-22.9784	30.5959	0.115031	0.884969	6.905074	0.217085	0.183426	0.134801	0.110613	0.0697957	0.0686894	0.0566533	0	1.054313	1.776182	0.8849693	0.1150307	59.72852
3650	8.0636	-19.8469	27.9105	0.231726	0.768274	5.614251	0.214967	0.187461	0.136442	0.112373	0.0680957	0.0681803	0.0548326	0	3.739705	1.65119	0.768274	0.231726	44.79093
3660	6.64322	-22.3601	29.0034	0.448951	0.551049	1.76426	0.225231	0.185513	0.140556	0.10906	0.0696611	0.0678024	0.0553835	0	2.646835	1.551445	0.5510489	0.4489511	35.59959
3670	4.41326	-20.9523	25.3656	0.617327	0.382673	0.2998264	0.220968	0.183932	0.1399	0.110489	0.0708689	0.0688211	0.0564244	0	6.284648	1.793506	0.3826725	0.6173275	62.1593
3680	6.11504	-21.9982	28.1132	0.577324	0.422676	1.07945	0.215918	0.18353	0.137232	0.111501	0.0706716	0.0674813	0.0561533	0	3.536959	1.722157	0.4226759	0.5773241	52.74204
3690	7.53135	-22.2778	29.8091	0.100437	0.899563	3.287409	0.218769	0.183086	0.13883	0.109298	0.0685391	0.0668534	0.0564975	0	1.841084	1.765014	0.8995629	0.1004371	58.21221
3700	5.53233	-19.4103	24.9426	0.965032	0.0349678	7.29295	0.224441	0.180564	0.140841	0.107964	0.070357	0.0684262	0.0561756	0	6.707557	1.798489	0.03496781	0.9650322	62.87664
3710	7.84616	-21.8954	29.7416	0.503289	0.496711	5.889441	0.225072	0.184068	0.137507	0.110081	0.0677184	0.0660028	0.0550921	0	1.908617	1.529666	0.4967112	0.5032888	33.85835
3720	7.21828	-23.2237	30.442	0.488415	0.511585	4.127878	0.221242	0.188316	0.134685	0.107763	0.0681532	0.0674584	0.0556857	0	1.208181	1.802416	0.5115846	0.4884154	63.44771
3730	8.45146	-20.6003	29.0518	0.654907	0.345093	6.197258	0.223451	0.185855	0.141024	0.107712	0.0703416	0.066945	0.0562513	0	2.598394	1.681488	0.345093	0.654907	48.02729
3740	7.52587	-20.537	28.0629	0.571074	0.428926	2.89543	0.220457	0.188491	0.139067	0.107642	0.0704132	0.067754	0.0561558	0	3.587319	1.719489	0.4289258	0.5710742	52.41901
3750	7.74478	-19.9335	27.6783	0.364163	0.635837	3.680009	0.218528	0.188223	0.14118	0.107931	0.069003	0.0678628	0.0560051	0	3.971916	1.708352	0.635837	0.364163	51.09187
3760	7.50727	-20.5713	28.0786	0.762932	0.237068	2.944633	0.222999	0.18724	0.139463	0.108202	0.0687791	0.0671255	0.056088	0	3.571624	1.568774	0.2370681	0.7629319	37.04876
3770	7.6919	-20.5854	28.2773	0.883872	0.116128	7.976631	0.215604	0.181898	0.139884	0.107705	0.0676694	0.0691233	0.0557922	0	3.372898	1.735532	0.1161279	0.8838721	54.39163
3780	7.69269	-20.0737	27.7664	0.678877	0.321123	3.997758	0.215564	0.185282	0.135054	0.108978	0.0708646	0.0682053	0.0542065	0	3.883817	1.480352	0.3211232	0.6788768	30.22404
3790	7.29164	-20.8675	28.1592	0.991432	0.00856755	3.721832	0.222783	0.184698	0.134897	0.110961	0.0708664	0.0670909	0.054424	0	3.491038	1.300318	0.008567546	0.9914325	19.96722
3800	7.51927	-19.6062	27.1254	0.668293	0.331707	4.265025	0.215902	0.184963	0.137789	0.111427	0.0691935	0.0676652	0.0551926	0	4.524752	1.561469	0.3317072	0.6682928	36.43083
3810	7.76911	-19.6669	27.436	0.765424	0.234576	4.944122	0.215904	0.186348	0.136718	0.111133	0.0693823	0.0659817	0.056139	0	4.214234	1.596179	0.2345756	0.7654244	39.46196
3820	7.20356	-23.4234	30.627	0.4427	0.5573	6.330753	0.217555	0.180535	0.136291	0.108898	0.0704816	0.0662606	0.0564689	0	1.02321	1.693554	0.5572997	0.4427003	49.38032
3830	8.49337	-21.5318	30.0252	0.702566	0.297434	8.063836	0.225901	0.184	0.135831	0.108632	0.0704247	0.0661331	0.0555677	0	1.624992	1.977288	0.297434	0.702566	94.90468
3840	4.95185	-18.7617	23.7135	0.62302	0.37698	5.801288	0.22251	0.184635	0.135129	0.110843	0.0683724	0.0679969	0.0548219	0	7.936682	1.924635	0.3769804	0.6230196	84.06877
3850	7.89504	-21.208	29.103	0.647174	0.352826	6.069443	0.224867	0.179534	0.13446	0.108886	0.068057	0.0679991	0.054583	0	2.547163	1.497228	0.3528262	0.6471738	31.42161
3860	5.94714	-21.5374	27.4845	0.479697	0.520303	1.023973	0.215276	0.182003	0.135078	0.112471	0.0703394	0.0682186	0.0541957	0	4.165656	1.466142	0.5203027	0.4796973	29.25109
3870	7.38952	-21.0528	28.4423	0.183129	0.816871	4.006627	0.223753	0.181953	0.138673	0.112009	0.0701915	0.0663364	0.0541971	0	3.207883	1.313187	0.8168712	0.1831288	20.56776
3880	8.16855	-22.3516	30.5202	0.0907218	0.909278	6.615307	0.2258	0.18182	0.141079	0.112465	0.0712021	0.0668717	0.0561472	0	1.13004	1.942785	0.9092782	0.09072175	87.65668
3890	6.75469	-23.9877	30.7424	0.775661	0.224339	7.831491	0.225544	0.182776	0.140561	0.111163	0.069918	0.0658587	0.0558165	0	0.9077634	1.72283	0.224339	0.775661	52.82379
3900	7.21543	-19.3562	26.5716	0.20336	0.79664	3.90925	0.222861	0.181808	0.137692	0.108951	0.0687494	0.0659736	0.0549198	0	5.078612	1.84011	0.79664	0.20336	69.2006
3910	7.1916	-19.9552	27.1468	0.190772	0.809228	2.939827	0.222766	0.185179	0.139506	0.108704	0.0677807	0.0676576	0.0541837	0	4.503395	1.896288	0.8092278	0.1907722	78.75684
3920	7.91473	-19.729	27.6437	0.378244	0.621756	5.256045	0.225779	0.179691	0.140028	0.107952	0.0704611	0.0685554	0.0551506	0	4.006454	1.615345	0.6217565	0.3782435	41.24249
3930	8.24219	-21.8824	30.1245	0.103793	0.896207	5.401352	0.224576	0.181937	0.136532	0.11074	0.0679938	0.0680839	0.0547448	0	1.525654	1.776626	0.8962066	0.1037934	59.78961
3940	8.0686	-20.6426	28.7112	0.954853	0.0451472	3.645094	0.223225	0.185808	0.134376	0.110845	0.0681416	0.0676461	0.0544186	0	2.939002	1.789356	0.04514722	0.9548528	61.56811
3950	4.47208	-22.3217	26.7938	0.299414	0.700586	5.295367	0.216391	0.185779	0.13989	0.111415	0.0679851	0.0681911	0.0544604	0	4.856423	1.021102	0.700586	0.299414	10.49788
3960	7.31232	-19.2367	26.549	0.120635	0.879365	5.641379	0.220849	0.18728	0.137659	0.111001	0.0677139	0.0678456	0.0544783	0	5.101212	1.842638	0.8793649	0.1206351	69.60455
3970	8.57911	-21.3554	29.9345	0.768484	0.231516	7.203552	0.224654	0.179789	0.134844	0.112496	0.0685986	0.0688044	0.0568815	0	1.715678	1.882807	0.2315159	0.7684841	76.34964
3980	7.39596	-21.1151	28.5111	0.552777	0.447223	7.63026	0.220468	0.1823	0.138333	0.111497	0.0687937	0.0686084	0.0563985	0	3.139138	1.553511	0.4472229	0.5527771	35.76932
3990	7.96873	-20.576	28.5448	0.714511	0.285489	7.477418	0.216935	0.184769	0.138736	0.1089	0.0707704	0.0691763	0.0569991	0	3.105434	1.689207	0.2854894	0.7145106	48.88851
4000	7.75039	-20.5395	28.2899	0.423266	0.576734	8.328425	0.223456	0.183489	0.134656	0.10843	0.0697756	0.069142	0.0561162	0	3.360283	1.874887	0.5767343	0.4232657	74.96997
4010	8.22504	-19.7293	27.9544	0.624111	0.375889	5.200549	0.223439	0.186899	0.14047	0.108748	0.0711299	0.0679354	0.0547829	0	3.695827	1.807734	0.3758893	0.6241107	64.22938
4020	8.63151	-21.0789	29.7104	0.863214	0.136786	5.8571	0.225626	0.185666	0.13829	0.112732	0.0701075	0.0660095	0.0569616	0	1.939764	1.814268	0.1367864	0.8632136	65.20299
4030	6.68822	-19.7235	26.4117	0.157771	0.842229	3.535639	0.222675	0.188606	0.138101	0.108141	0.0689109	0.0671263	0.0569886	0	5.238472	1.339359	0.8422286	0.1577714	21.84533
4040	7.67475	-21.602	29.2767	0.756526	0.243474	9.517935	0.218376	0.186327	0.141237	0.1082	0.0694167	0.0683647	0.0567636	0	2.373463	1.89945	0.2434741	0.7565259	79.33222
4050	6.71698	-21.6195	28.3365	0.0263352	0.973665	2.240507	0.220275	0.180442	0.138998	0.110178	0.0702596	0.0681212	0.05601	0	3.313677	1.248361	0.9736648	0.02633525	17.71582
4060	6.90709	-23.2109	30.118	0.546788	0.453212	2.901693	0.224474	0.185798	0.137165	0.11084	0.0678244	0.0683265	0.0549625	0	1.532197	1.956246	0.4532117	0.5467883	90.41615
4070	5.8084	-21.6048	27.4132	0.152948	0.847052	10.65366	0.219738	0.186007	0.139165	0.110528	0.0705715	0.0665505	0.0557576	0	4.236967	1.961204	0.8470519	0.1529481	91.45424
4080	6.65076	-21.0412	27.692	0.999827	0.000173067	1.762082	0.217403	0.187868	0.134364	0.109694	0.068703	0.0668487	0.0564149	0	3.958233	1.898696	0.0001730667	0.9998269	79.19467
4090	5.04641	-23.8068	28.8532	0.989491	0.0105088	0.2574529	0.217075	0.188061	0.137558	0.111001	0.0679729	0.0661391	0.0553166	0	2.797014	1.596215	0.01050882	0.9894912	39.46528
4100	7.50248	-21.0277	28.5302	0.249429	0.750571	3.11399	0.217907	0.188212	0.140244	0.112574	0.0708273	0.0657687	0.0554308	0	3.119986	1.422699	0.7505706	0.2494294	26.46663
4110	8.21601	-21.7808	29.9969	0.765962	0.234038	7.090995	0.220956	0.185131	0.141283	0.112591	0.0693644	0.0673671	0.0551738	0	1.653349	1.724411	0.2340382	0.7659618	53.01648
4120	4.75165	-25.6093	30.3609	0.666556	0.333444	13.49432	0.224048	0.187061	0.137378	0.108082	0.0704435	0.0684317	0.0565901	0	1.289283	1.919838	0.3334436	0.6665564	83.14542
4130	8.51076	-21.004	29.5147	0.857438	0.142562	6.218721	0.221907	0.186199	0.140811	0.107834	0.06925	0.0670924	0.0564516	0	2.135458	1.713995	0.1425622	0.8574378	51.7601
4140	7.21815	-22.9077	30.1259	0.878929	0.121071	3.943079	0.221515	0.185344	0.137223	0.109102	0.0682925	0.0679878	0.0555341	0	1.524319	1.545874	0.1210709	0.8789291	35.14581
4150	5.99849	-21.2024	27.2009	0.961498	0.0385018	8.828142	0.218016	0.185997	0.135579	0.112072	0.0695602	0.0678122	0.0555575	0	4.449273	1.579	0.03850183	0.9614982	37.93154
4160	8.21027	-21.6144	29.8247	0.469746	0.530254	4.346569	0.220325	0.181415	0.13693	0.110106	0.0700293	0.0677322	0.0569468	0	1.825548	1.852415	0.5302536	0.4697464	71.18932
4170	8.56809	-20.9884	29.5565	0.454316	0.545684	6.057699	0.220406	0.184291	0.137942	0.112955	0.0692085	0.068104	0.055679	0	2.093708	1.739207	0.545684	0.454316	54.85381
4180	8.62724	-20.4345	29.0617	0.776852	0.223148	6.554972	0.216552	0.186244	0.137832	0.110592	0.0699607	0.0689246	0.0547213	0	2.588478	1.825914	0.2231478	0.7768522	66.97522
4190	6.76525	-19.8505	26.6157	0.540468	0.459532	2.658557	0.224439	0.179996	0.137771	0.109655	0.0706018	0.0678263	0.0547932	0	5.034457	1.850996	0.4595321	0.5404679	70.9572
4200	8.52099	-21.2569	29.7779	0.238081	0.761919	5.920532	0.216652	0.181014	0.139362	0.108726	0.070266	0.0682043	0.0547071	0	1.872265	1.745861	0.7619187	0.2380813	55.7008
4210	7.28299	-21.4338	28.7168	0.502472	0.497528	9.853992	0.222329	0.180551	0.139243	0.107793	0.0701409	0.0688653	0.0544492	0	2.933407	1.918571	0.4975278	0.5024722	82.90319
4220	8.55061	-20.166	28.7166	0.0951334	0.904867	5.467441	0.215021	0.180265	0.137911	0.109064	0.0707431	0.0684138	0.0564017	0	2.933626	1.796932	0.9048666	0.09513339	62.65156
4230	7.35036	-20.3019	27.6522	0.610443	0.389557	4.162734	0.214685	0.183449	0.136121	0.109172	0.0702386	0.0683755	0.0556969	0	3.997966	1.346593	0.3895574	0.6104426	22.21228
4240	5.17536	-18.8213	23.9967	0.888907	0.111093	5.712935	0.214759	0.183283	0.135974	0.109871	0.0708936	0.068763	0.054526	0	7.653531	1.659717	0.1110934	0.8889066	45.679
4250	6.96763	-19.331	26.2986	0.513059	0.486941	4.224072	0.218546	0.182819	0.134801	0.108985	0.0710307	0.0688228	0.0544893	0	5.351565	1.516751	0.4869412	0.5130588	32.86635
4260	8.45657	-21.519	29.9755	0.368335	0.631665	7.277564	0.220803	0.181626	0.134563	0.10813	0.0696726	0.0669321	0.0563636	0	1.674667	1.826968	0.6316647	0.3683353	67.13792
4270	8.15373	-19.8678	28.0216	0.487369	0.512631	5.173734	0.221434	0.179697	0.140356	0.108999	0.0711407	0.0688983	0.0555115	0	3.628632	1.654973	0.5126313	0.4873687	45.18281
4280	7.84026	-21.2618	29.1021	0.73109	0.26891	8.000906	0.221402	0.181156	0.139907	0.107948	0.0703277	0.0684005	0.0541929	0	2.54814	1.66451	0.2689104	0.7310896	46.18599
4290	7.96155	-21.9094	29.8709	0.38458	0.61542	6.938103	0.217814	0.181035	0.139012	0.107779	0.0709142	0.0667263	0.054837	0	1.779271	1.620106	0.6154198	0.3845802	41.69707
4300	7.58545	-19.4374	27.0228	0.275237	0.724763	4.37297	0.220456	0.182358	0.137239	0.111082	0.0695253	0.0669947	0.0547278	0	4.62739	1.758061	0.7247627	0.2752373	57.28766
4310	7.41203	-19.6344	27.0464	0.428781	0.571219	6.890273	0.21905	0.185371	0.139406	0.111196	0.0709333	0.0665293	0.0559494	0	4.603754	1.830319	0.5712195	0.4287805	67.65791
4320	7.93515	-20.358	28.2932	0.0372981	0.962702	7.314619	0.219246	0.185168	0.140558	0.108152	0.0700319	0.0663648	0.056593	0	3.357014	1.710661	0.9627019	0.0372981	51.36426
4330	7.2709	-19.2139	26.4848	0.404903	0.595097	5.650005	0.224831	0.185049	0.139573	0.111513	0.0697945	0.068463	0.0556484	0	5.16539	1.878598	0.5950975	0.4049025	75.61319
4340	7.93958	-20.4031	28.3427	0.424631	0.575369	3.868528	0.224469	0.185225	0.138668	0.109948	0.0687034	0.068967	0.0550315	0	3.307499	1.552209	0.5753695	0.4246305	35.66225
4350	6.93798	-22.4852	29.4232	0.755446	0.244554	2.225167	0.21538	0.188401	0.136102	0.107965	0.0703232	0.0684718	0.0554436	0	2.227006	1.792509	0.2445535	0.7554465	62.0167
4360	7.84367	-20.7748	28.6184	0.308683	0.691317	6.973188	0.220102	0.186019	0.136514	0.108455	0.0698334	0.0678499	0.0541973	0	3.031754	1.572376	0.6913173	0.3086827	37.35736
4370	8.54108	-20.6692	29.2103	0.719801	0.280199	5.702828	0.222911	0.188483	0.135805	0.110753	0.070312	0.0688397	0.0543525	0	2.439949	1.696584	0.2801989	0.7198011	49.72603
4380	8.32853	-21.5406	29.8691	0.233745	0.766255	6.649126	0.217455	0.18023	0.135422	0.109441	0.069896	0.0669799	0.0548434	0	1.781104	1.705539	0.7662554	0.2337446	50.76208
4390	7.84361	-22.3035	30.1471	0.938189	0.0618108	4.948948	0.21794	0.180677	0.13649	0.112927	0.0681934	0.0662461	0.0555179	0	1.50312	1.656728	0.06181079	0.9381892	45.36573
4400	6.46974	-19.6302	26.1	0.342579	0.657421	3.057541	0.218804	0.18084	0.136119	0.112523	0.0710367	0.0676337	0.0561661	0	5.550243	1.373608	0.6574209	0.3425791	23.63788
4410	8.14468	-19.9006	28.0453	0.291587	0.708413	6.5989	0.219089	0.180495	0.13504	0.111291	0.0711479	0.0674119	0.0560517	0	3.604929	1.802491	0.7084133	0.2915867	63.45862
4420	7.80361	-21.6278	29.4314	0.90269	0.0973101	4.444073	0.220375	0.182194	0.136915	0.10862	0.0690911	0.0665301	0.0554251	0	2.218812	1.466165	0.09731007	0.9026899	29.25266
4430	8.29998	-21.6864	29.9863	0.453687	0.546313	6.30024	0.219622	0.187132	0.135061	0.108889	0.0695918	0.066349	0.0546413	0	1.663855	1.71137	0.5463131	0.4536869	51.44815
4440	7.77162	-20.4286	28.2002	0.675468	0.324532	3.619846	0.215673	0.184533	0.136414	0.112454	0.0705348	0.0678584	0.0560322	0	3.450023	1.503183	0.3245325	0.6754675	31.85541
4450	7.77114	-20.3133	28.0845	0.301596	0.698404	4.002657	0.218054	0.18003	0.135364	0.11137	0.0681329	0.06876	0.0560911	0	3.565726	1.465926	0.6984044	0.3015956	29.23654
4460	7.7962	-20.2359	28.0321	0.934061	0.0659391	7.006709	0.223793	0.18251	0.136495	0.111941	0.0696851	0.0670736	0.0560598	0	3.618061	1.653542	0.06593912	0.9340609	45.0342
4470	7.86086	-19.4357	27.2965	0.764359	0.235641	5.053976	0.215645	0.181196	0.135842	0.112654	0.0706695	0.066342	0.0560542	0	4.353674	1.974232	0.2356409	0.7643591	94.23937
4480	8.31591	-20.719	29.0349	0.537868	0.462132	4.384014	0.216076	0.179706	0.135348	0.109935	0.0700873	0.0681339	0.054238	0	2.615284	1.674713	0.462132	0.537868	47.2839
4490	8.03633	-20.4293	28.4656	0.663091	0.336909	7.02331	0.221524	0.180659	0.135766	0.110031	0.0699285	0.0688995	0.0557076	0	3.184562	1.660555	0.3369089	0.6630911	45.76726
4500	6.55416	-21.31	27.8642	0.326648	0.673352	9.826283	0.223452	0.184845	0.135884	0.110164	0.0692509	0.0666591	0.0567219	0	3.786033	1.84893	0.6733519	0.3266481	70.62035
4510	6.16404	-21.5266	27.6906	0.303181	0.696819	3.987739	0.214719	0.184839	0.141041	0.108418	0.0681699	0.0690093	0.0564408	0	3.959591	1.104737	0.6968191	0.3031809	12.72733
4520	7.58641	-21.0848	28.6712	0.0572823	0.942718	9.277776	0.219251	0.187675	0.140751	0.112642	0.0711594	0.066822	0.055825	0	2.978991	1.986748	0.9427177	0.05728225	96.99474
4530	7.48897	-21.0234	28.5123	0.670669	0.329331	2.76801	0.216793	0.180626	0.138887	0.11005	0.0694721	0.0658664	0.055437	0	3.137857	1.584235	0.3293314	0.6706686	38.39153
4540	7.45504	-23.183	30.638	0.252415	0.747585	5.289649	0.223608	0.182739	0.134494	0.109719	0.0695142	0.0657798	0.0562503	0	1.012189	1.876684	0.7475849	0.2524151	75.28075
4550	6.44145	-22.1132	28.5546	0.395411	0.604589	9.514788	0.223393	0.187859	0.137754	0.109454	0.0685536	0.0682723	0.0554986	0	3.095571	1.620666	0.6045893	0.3954107	41.75094
4560	6.765	-22.7292	29.4942	0.23048	0.76952	10.74592	0.219539	0.186836	0.139152	0.113065	0.0711418	0.0679755	0.0542027	0	2.155984	1.819145	0.7695204	0.2304796	65.93943
4570	8.03735	-21.9538	29.9912	0.806002	0.193998	4.432858	0.223273	0.185	0.134965	0.112766	0.069507	0.0690968	0.0548765	0	1.659002	1.758439	0.1939984	0.8060016	57.33751
4580	7.48209	-22.2523	29.7343	0.33481	0.66519	3.521644	0.225924	0.182107	0.136066	0.111793	0.0697925	0.0679283	0.0547767	0	1.915858	1.534833	0.6651902	0.3348098	34.2636
4590	4.64339	-18.7247	23.3681	0.50452	0.49548	4.442431	0.223285	0.183365	0.136571	0.113202	0.0679938	0.0681147	0.05684	0	8.282128	1.459214	0.4954799	0.5045201	28.78819
4600	7.44185	-21.1922	28.6341	0.54242	0.45758	9.461152	0.221339	0.186189	0.140593	0.112859	0.0695595	0.0682442	0.0566572	0	3.016149	1.993645	0.4575795	0.5424205	98.54744
4610	8.28958	-21.4874	29.777	0.965333	0.0346673	5.115383	0.219083	0.188519	0.134707	0.112518	0.0693366	0.0689589	0.055661	0	1.873215	1.672145	0.03466728	0.9653327	47.00512
4620	8.06862	-19.5656	27.6342	0.110271	0.889729	5.164629	0.220229	0.185315	0.134556	0.112898	0.0682111	0.0681055	0.0568931	0	4.015975	1.942982	0.889729	0.110271	87.69649
4630	6.76401	-20.8801	27.6441	0.450537	0.549463	9.390838	0.222092	0.187181	0.135196	0.108464	0.0696522	0.0681999	0.0554959	0	4.006077	1.902572	0.5494625	0.4505375	79.90459
4640	8.63368	-21.4396	30.0733	0.0522042	0.947796	6.033663	0.215361	0.181759	0.139252	0.109691	0.0678376	0.0665743	0.056121	0	1.576902	1.987571	0.9477958	0.05220424	97.17875
4650	7.54183	-22.4711	30.0129	0.882816	0.117184	10.19176	0.218211	0.181335	0.140449	0.108314	0.069584	0.068017	0.0569705	0	1.637279	1.963734	0.1171838	0.8828162	91.98851
4660	7.27272	-22.1886	29.4614	0.995356	0.00464363	5.469124	0.216685	0.183278	0.134993	0.109529	0.0710048	0.0673075	0.0565589	0	2.188846	1.365213	0.00464363	0.9953564	23.18531
4670	8.17919	-19.8487	28.0279	0.974421	0.0255786	4.519344	0.217254	0.183864	0.135638	0.10904	0.0711186	0.067193	0.0560609	0	3.622293	1.851309	0.02557861	0.9744214	71.00822
4680	8.37603	-20.0421	28.4182	0.313357	0.686643	6.813297	0.219154	0.186443	0.134908	0.107778	0.0704462	0.0687775	0.0562716	0	3.232035	1.991921	0.686643	0.313357	98.15694
4690	6.39442	-18.8994	25.2939	0.753279	0.246721	4.902216	0.21525	0.184168	0.137532	0.109861	0.0697087	0.0683721	0.0547543	0	6.356332	1.82385	0.2467205	0.7532795	66.65763
4700	8.23224	-21.8991	30.1314	0.961689	0.0383112	6.317762	0.219181	0.181383	0.135068	0.110188	0.0703795	0.0676586	0.0551108	0	1.518828	1.729494	0.03831123	0.9616888	53.64065
4710	8.2675	-20.0844	28.3519	0.20114	0.79886	6.425379	0.222361	0.187651	0.136476	0.110011	0.0705008	0.0680638	0.0548675	0	3.298323	1.722644	0.7988596	0.2011404	52.8012
4720	5.03881	-21.9658	27.0046	0.959127	0.040873	7.762442	0.225553	0.187643	0.139042	0.110197	0.0697751	0.0683044	0.0545256	0	4.645598	1.300371	0.04087303	0.959127	19.9697
4730	8.24994	-21.6209	29.8709	0.631799	0.368201	5.028187	0.219644	0.185392	0.137075	0.109934	0.070596	0.0685263	0.0551077	0	1.779324	1.691711	0.3682006	0.6317994	49.17123
4740	8.25665	-22.0473	30.304	0.385833	0.614167	8.077923	0.21502	0.183323	0.140227	0.109669	0.070558	0.0682506	0.0552603	0	1.346227	1.910031	0.6141667	0.3858333	81.28891
4750	8.2486	-19.7338	27.9824	0.82281	0.17719	5.899644	0.216476	0.18411	0.137509	0.110136	0.0697731	0.0663072	0.0545736	0	3.667768	1.875939	0.1771896	0.8228104	75.1517
4760	8.31621	-22.082	30.3982	0.631698	0.368302	7.098458	0.219999	0.181606	0.139817	0.108697	0.0702573	0.0688698	0.0546901	0	1.251974	1.910357	0.3683017	0.6316983	81.3499
4770	7.95609	-20.1735	28.1296	0.779023	0.220977	7.033742	0.221975	0.18778	0.140084	0.110013	0.0699757	0.0660406	0.0557544	0	3.520613	1.713672	0.2209766	0.7790234	51.72157
4780	8.41065	-21.4981	29.9087	0.660237	0.339763	7.927348	0.214722	0.188387	0.134743	0.107909	0.0697477	0.067672	0.0552347	0	1.741475	1.866924	0.3397629	0.6602371	73.60778
4790	7.37551	-22.2727	29.6482	0.388809	0.611191	7.675336	0.217039	0.181133	0.135343	0.111675	0.070045	0.0660325	0.0556873	0	2.002001	1.546323	0.6111908	0.3888092	35.18218
4800	7.87242	-21.9988	29.8712	0.154433	0.845567	5.465844	0.218127	0.180435	0.13462	0.110393	0.0709672	0.0669269	0.0555771	0	1.779015	1.541104	0.8455669	0.1544331	34.76191
4810	6.59287	-18.9511	25.544	0.850833	0.149167	4.836228	0.216676	0.18113	0.135716	0.110613	0.0700237	0.067625	0.0542718	0	6.106196	1.834263	0.1491668	0.8508332	68.27519
4820	8.1963	-19.7681	27.9644	0.870538	0.129462	6.332857	0.224652	0.187324	0.134449	0.109844	0.0676974	0.0665729	0.0545102	0	3.685805	1.94686	0.1294621	0.8705379	88.48298
4830	8.60131	-20.6817	29.2831	0.948475	0.0515246	6.808834	0.220253	0.18804	0.13699	0.109654	0.0694215	0.0664692	0.0558695	0	2.367148	1.815873	0.05152461	0.9484754	65.44442
4840	8.21092	-19.7138	27.9248	0.276568	0.723432	5.322646	0.222067	0.185957	0.134669	0.109681	0.0683429	0.0679494	0.0549014	0	3.725448	1.814551	0.7234324	0.2765676	65.24553
4850	8.6847	-20.6025	29.2872	0.668855	0.331145	5.142129	0.220608	0.186366	0.138486	0.109451	0.070659	0.0672378	0.055785	0	2.363015	1.986144	0.3311454	0.6688546	96.85994
4860	8.35715	-20.8666	29.2237	0.314422	0.685578	7.57313	0.220033	0.183494	0.137374	0.112057	0.0682121	0.0678776	0.0545193	0	2.426474	1.788344	0.685578	0.314422	61.42483
4870	6.76197	-20.2624	27.0244	0.560252	0.439748	2.278993	0.219083	0.183348	0.136182	0.112775	0.0681802	0.0688132	0.054276	0	4.625822	1.870784	0.4397479	0.5602521	74.26499
4880	8.10779	-22.2131	30.3209	0.159015	0.840985	8.598539	0.222883	0.181577	0.139662	0.111989	0.068154	0.0665436	0.0548101	0	1.329309	1.936928	0.8409855	0.1590145	86.48245
4890	5.52322	-20.2988	25.8221	0.52003	0.47997	1.617804	0.225363	0.180843	0.140377	0.112478	0.0696415	0.0674701	0.0548031	0	5.82813	1.20742	0.4799697	0.5200303	16.12203
4900	6.59864	-19.4835	26.0822	0.7368	0.2632	2.997393	0.225884	0.184846	0.139471	0.111746	0.0711106	0.0682512	0.0557582	0	5.568012	1.933444	0.2632004	0.7367996	85.79153
4910	5.67117	-19.7277	25.3988	0.788784	0.211216	2.009904	0.225584	0.185413	0.137685	0.113073	0.0707758	0.0691187	0.0567842	0	6.251356	1.921053	0.2112158	0.7887842	83.37838
4920	8.14175	-19.8587	28.0005	0.236604	0.763396	6.474867	0.214669	0.187644	0.140619	0.109998	0.0711539	0.0679819	0.056759	0	3.649735	1.800816	0.7633963	0.2366037	63.21437
4930	8.45217	-19.9728	28.425	0.497338	0.502662	6.182722	0.221648	0.18307	0.13917	0.11128	0.0696058	0.0680962	0.0558196	0	3.225199	1.874836	0.5026615	0.4973385	74.96103
4940	8.10685	-20.634	28.7409	0.202858	0.797142	3.681089	0.22249	0.181031	0.139638	0.109188	0.0685402	0.0668337	0.056812	0	2.909321	1.880486	0.7971419	0.2028581	75.94264
4950	6.62084	-23.1589	29.7797	0.780107	0.219893	5.748318	0.217398	0.179652	0.137464	0.108932	0.067854	0.0679452	0.0564146	0	1.87045	1.325398	0.219893	0.780107	21.15427
4960	6.22017	-19.0915	25.3117	0.975978	0.024022	5.14781	0.223432	0.181336	0.139827	0.108692	0.0682121	0.0686589	0.056112	0	6.33853	1.526677	0.02402201	0.975978	33.62612
4970	6.95367	-22.9255	29.8792	0.703374	0.296626	9.972113	0.223776	0.183438	0.14012	0.10928	0.070062	0.0685064	0.0568742	0	1.771002	1.744593	0.2966258	0.7033742	55.53841
4980	6.07528	-18.9741	25.0493	0.697126	0.302874	5.83866	0.225818	0.17964	0.139492	0.107902	0.0703748	0.0688829	0.0567501	0	6.600857	1.759685	0.3028739	0.6971261	57.50227
4990	7.64727	-19.8245	27.4718	0.357005	0.642995	7.187194	0.219766	0.180194	0.136766	0.109965	0.0704614	0.0678159	0.0546243	0	4.178417	1.853944	0.642995	0.357005	71.44043
5000	6.97955	-22.1059	29.0855	0.258689	0.741311	2.102579	0.215533	0.182502	0.138203	0.112843	0.0694837	0.0691151	0.0567964	0	2.564733	1.830191	0.7413107	0.2586893	67.63805
