Iteration	Posterior	Likelihood	Prior	clado_type_probs[1]	clado_type_probs[2]	distance_scale	epoch_times[1]	epoch_times[2]	epoch_times[3]	epoch_times[4]	epoch_times[5]	epoch_times[6]	epoch_times[7]	epoch_times[8]	extirpation_rate	log10_rate_bg	p_allopatry	p_sympatry	rate_bg
0	-51.8059	-88.7487	36.9429	0.497066	0.502934	0.01	0.434627	0.351302	0.286492	0.0830479	0.0214079	0.00568374	0.000958875	0	0.6551234	-2	0.5029341	0.4970659	0.01
10	9.60279	-23.9332	33.536	0.0892377	0.910762	0.01796452	0.438674	0.344783	0.281951	0.0809714	0.0222916	0.00556384	0.000963519	0	4.062	1.980307	0.9107623	0.08923773	95.56685
20	9.31688	-23.5504	32.8673	0.667477	0.332523	0.5119816	0.433977	0.345758	0.292348	0.0805043	0.0223427	0.00560516	0.00096664	0	4.730724	1.957382	0.3325227	0.6674773	90.65291
30	9.43854	-24.3738	33.8123	0.0752811	0.924719	0.4728486	0.427615	0.34631	0.290609	0.0824351	0.0221177	0.00571887	0.000972405	0	3.785667	1.797675	0.9247189	0.07528113	62.75885
40	9.31137	-24.739	34.0504	0.620251	0.379749	1.050168	0.427723	0.355184	0.289464	0.0817112	0.0222674	0.00549233	0.000980812	0	3.547624	1.861523	0.3797487	0.6202513	72.69817
50	9.92875	-23.4125	33.3413	0.30602	0.69398	3.620671	0.423162	0.352735	0.284245	0.0826801	0.0215466	0.00554779	0.0009768	0	4.256699	1.937571	0.6939796	0.3060204	86.61063
60	10.157	-24.2595	34.4164	0.543025	0.456975	1.436325	0.428563	0.352866	0.293351	0.0834099	0.0213007	0.00547776	0.000973828	0	3.181576	1.988968	0.4569755	0.5430245	97.49186
70	10.1615	-23.6343	33.7958	0.0751802	0.92482	4.35474	0.426442	0.356803	0.285455	0.083112	0.0215011	0.0054946	0.000938962	0	3.802205	1.968022	0.9248198	0.07518022	92.9014
80	9.64129	-23.8999	33.5412	0.176093	0.823907	4.900379	0.434272	0.358451	0.29277	0.0817593	0.0217178	0.00547513	0.000951703	0	4.056801	1.968761	0.8239068	0.1760932	93.05952
90	7.94443	-23.8679	31.8124	0.828026	0.171974	3.939889	0.440359	0.356485	0.293833	0.08283	0.0221687	0.00551541	0.000954767	0	5.785639	1.857218	0.1719736	0.8280264	71.98099
100	9.41169	-23.8798	33.2915	0.98915	0.0108499	3.524303	0.435228	0.35368	0.293112	0.0829415	0.0214847	0.00549338	0.000936663	0	4.306508	1.959667	0.01084995	0.9891501	91.13122
110	10.3773	-25.2828	35.6601	0.08827	0.91173	2.875984	0.429156	0.361992	0.292355	0.0834087	0.0219932	0.00555986	0.000952118	0	1.937855	1.966063	0.91173	0.08827003	92.48329
120	8.29562	-25.2438	33.5395	0.209348	0.790652	5.639039	0.436901	0.354959	0.284839	0.0834319	0.0217611	0.0056387	0.000945387	0	4.058535	1.871718	0.7906523	0.2093477	74.42486
130	5.16239	-24.7952	29.9576	0.307506	0.692494	3.690587	0.42557	0.350734	0.283374	0.0826132	0.0219798	0.0056311	0.00094512	0	7.640398	1.583934	0.6924944	0.3075056	38.36491
140	10.0662	-23.316	33.3822	0.510563	0.489437	1.769881	0.424881	0.355098	0.287444	0.0832716	0.0220091	0.00547254	0.000952563	0	4.215777	1.962687	0.4894372	0.5105628	91.76709
150	9.32262	-26.4935	35.8161	0.285895	0.714105	3.503615	0.423543	0.350537	0.292251	0.0807801	0.0221316	0.00546066	0.000940419	0	1.781891	1.896816	0.7141047	0.2858953	78.85251
160	9.99831	-23.1825	33.1808	0.460639	0.539361	2.525224	0.435145	0.346444	0.280689	0.079457	0.0218167	0.0056412	0.000944788	0	4.417184	1.947521	0.5393611	0.4606389	88.61778
170	7.64051	-26.7023	34.3428	0.398954	0.601046	3.46781	0.444201	0.345543	0.287914	0.0801227	0.0220045	0.0056428	0.000957335	0	3.255221	1.623506	0.6010457	0.3989543	42.02485
180	10.3568	-24.9025	35.2593	0.104235	0.895765	1.295628	0.440646	0.349803	0.289904	0.0802225	0.022289	0.00564591	0.000981266	0	2.338694	1.999688	0.895765	0.104235	99.92829
190	6.82282	-23.0426	29.8654	0.456434	0.543566	0.9743986	0.43487	0.345683	0.284866	0.0801975	0.0223531	0.00559015	0.000977322	0	7.73262	1.69097	0.5435665	0.4564335	49.08742
200	9.03335	-24.9606	33.9939	0.489037	0.510963	5.496873	0.433171	0.348533	0.29059	0.0811972	0.0216429	0.00561755	0.000964983	0	3.604079	1.970031	0.5109633	0.4890367	93.33201
210	9.0531	-24.0239	33.077	0.402125	0.597875	4.708394	0.429565	0.344499	0.289192	0.0813546	0.0215952	0.00565911	0.000956849	0	4.520998	1.929638	0.5978753	0.4021247	85.04293
220	9.86966	-23.3733	33.243	0.594772	0.405228	2.296514	0.43919	0.35385	0.283367	0.0835145	0.0223587	0.00572613	0.000948943	0	4.355012	1.939087	0.4052282	0.5947718	86.9134
230	10.3112	-24.7495	35.0607	0.488813	0.511187	2.939133	0.440888	0.354362	0.281322	0.083338	0.0219852	0.0055266	0.000958035	0	2.537307	1.99537	0.5111868	0.4888132	98.93956
240	9.47224	-23.027	32.4993	0.897088	0.102912	3.2132	0.440669	0.359893	0.283291	0.0819418	0.0223101	0.00554093	0.00097675	0	5.098731	1.969075	0.1029116	0.8970884	93.12685
250	10.1671	-24.9949	35.162	0.310719	0.689281	3.317907	0.436372	0.351713	0.292139	0.0812002	0.0221691	0.00560528	0.000940133	0	2.436032	1.951437	0.6892809	0.3107191	89.42054
260	9.2099	-26.1984	35.4083	0.166764	0.833236	2.348283	0.430757	0.351068	0.289602	0.0798914	0.021449	0.00557175	0.000942421	0	2.189649	1.762383	0.8332357	0.1667643	57.86057
270	9.66561	-25.1737	34.8393	0.764721	0.235279	1.218918	0.424172	0.350691	0.282783	0.0806539	0.0213749	0.00573525	0.000965473	0	2.758685	1.986534	0.2352786	0.7647214	96.94685
280	8.57389	-26.1747	34.7486	0.327354	0.672646	1.713202	0.425042	0.361898	0.291611	0.0807727	0.0217319	0.00560518	0.000953457	0	2.849411	1.663314	0.672646	0.327354	46.05892
290	9.26219	-21.7627	31.0249	0.0528943	0.947106	1.913927	0.43211	0.356662	0.294109	0.0804012	0.021642	0.00549914	0.000967411	0	6.573074	1.939754	0.9471057	0.05289425	87.0471
300	9.71962	-24.1718	33.8914	0.63422	0.36578	2.12501	0.439535	0.351362	0.287344	0.0823573	0.0214423	0.00561299	0.000947175	0	3.706593	1.904175	0.3657796	0.6342204	80.20018
310	7.89328	-22.1644	30.0577	0.885899	0.114101	2.089546	0.432642	0.355453	0.280426	0.0828244	0.0214575	0.00565617	0.000954328	0	7.540288	1.902988	0.1141008	0.8858992	79.98113
320	8.24129	-23.5069	31.7481	0.117128	0.882872	0.5102737	0.428029	0.359853	0.292121	0.0809641	0.0215179	0.00553882	0.000958432	0	5.849852	1.695797	0.8828715	0.1171285	49.63607
330	9.00642	-22.7562	31.7626	0.174137	0.825863	0.2419104	0.440694	0.357577	0.290995	0.08055	0.0215233	0.00560564	0.000973128	0	5.835416	1.933267	0.8258633	0.1741367	85.75639
340	8.63495	-25.0019	33.6369	0.959501	0.0404991	5.523532	0.430826	0.353869	0.290987	0.0800299	0.0215327	0.00567908	0.000975827	0	3.961101	1.985193	0.04049906	0.9595009	96.64811
350	5.73279	-26.0804	31.8132	0.496255	0.503745	7.632976	0.429596	0.356043	0.293596	0.0801176	0.0214511	0.0055111	0.000956001	0	5.784757	1.937025	0.5037449	0.4962551	86.50187
360	8.75522	-24.7368	33.4921	0.351907	0.648093	1.603699	0.426718	0.361199	0.291338	0.0824178	0.0214439	0.00558066	0.000954365	0	4.105938	1.701563	0.6480932	0.3519068	50.29937
370	9.80141	-24.2534	34.0548	0.376186	0.623814	1.997707	0.433952	0.349848	0.286283	0.0834969	0.0213968	0.0055342	0.000957001	0	3.543188	1.863277	0.6238136	0.3761864	72.99236
380	9.08252	-25.8119	34.8944	0.355299	0.644701	1.70364	0.432085	0.35891	0.281609	0.0828261	0.0213462	0.0054488	0.000958348	0	2.703572	1.760614	0.6447006	0.3552994	57.62544
390	10.0969	-23.0134	33.1103	0.487728	0.512272	3.188971	0.436464	0.360598	0.281883	0.0820888	0.0214869	0.00555646	0.000966648	0	4.487672	1.984472	0.5122717	0.4877283	96.48772
400	9.81374	-23.0282	32.8419	0.313565	0.686435	4.042366	0.435583	0.348145	0.287583	0.0802994	0.0217583	0.00555166	0.000936431	0	4.756071	1.990841	0.6864355	0.3135645	97.91319
410	7.07063	-29.5156	36.5862	0.0401545	0.959846	3.59294	0.435578	0.355388	0.289438	0.0831387	0.0222378	0.00570853	0.000950831	0	1.011779	1.686555	0.9598455	0.04015448	48.59089
420	8.39436	-26.4357	34.8301	0.341522	0.658478	4.783578	0.438905	0.353977	0.289639	0.083046	0.0217941	0.00556767	0.000968755	0	2.767927	1.798017	0.6584784	0.3415216	62.80823
430	10.2586	-24.0857	34.3444	0.0508677	0.949132	1.081759	0.432742	0.350081	0.288484	0.0825251	0.0224019	0.00544922	0.000970806	0	3.253631	1.913156	0.9491323	0.05086766	81.87587
440	9.25874	-21.8233	31.0821	0.0317184	0.968282	2.18578	0.432096	0.350026	0.280141	0.0830395	0.0216917	0.00546292	0.000980989	0	6.51593	1.922988	0.9682816	0.03171838	83.75062
450	7.59605	-28.0806	35.6766	0.592438	0.407562	1.567399	0.425047	0.354305	0.290627	0.0810367	0.0213811	0.00554283	0.000977429	0	1.921377	1.696972	0.4075623	0.5924377	49.77051
460	7.49196	-21.0882	28.5802	0.192642	0.807358	1.247517	0.433055	0.35016	0.290399	0.0807961	0.0223678	0.00563563	0.000944396	0	9.017797	1.974944	0.8073576	0.1926424	94.39382
470	8.77794	-24.2109	32.9889	0.408152	0.591848	4.754312	0.428363	0.349947	0.285383	0.0804234	0.022106	0.00551816	0.000971111	0	4.609132	1.901626	0.591848	0.408152	79.73082
480	8.24943	-27.7999	36.0493	0.601491	0.398509	1.434426	0.435898	0.347393	0.290399	0.0819011	0.0217877	0.00555812	0.000961484	0	1.548711	1.91962	0.3985087	0.6014913	83.10359
490	8.43347	-22.9299	31.3633	0.613016	0.386984	0.6811085	0.427723	0.355215	0.284171	0.0830957	0.0217686	0.00573225	0.00097717	0	6.234651	1.862931	0.386984	0.613016	72.9341
500	9.31854	-24.9757	34.2943	0.485354	0.514646	2.39143	0.435466	0.35119	0.290001	0.0820976	0.0221103	0.00562516	0.000972849	0	3.30372	1.806074	0.5146458	0.4853542	63.9844
510	8.47407	-23.1989	31.673	0.834053	0.165947	2.032028	0.434127	0.349144	0.294057	0.0831968	0.0222058	0.00546435	0.000974917	0	5.924985	1.842397	0.1659472	0.8340528	69.56601
520	7.59746	-23.6425	31.24	0.91142	0.0885799	3.926015	0.430735	0.352956	0.290227	0.0828174	0.0221654	0.00558926	0.00094443	0	6.358032	1.860681	0.08857988	0.9114201	72.55728
530	8.99702	-23.193	32.19	0.578924	0.421076	2.567305	0.439611	0.353112	0.282848	0.0827902	0.021757	0.00568095	0.000942646	0	5.407957	1.871605	0.4210756	0.5789244	74.40554
540	10.211	-23.341	33.552	0.639887	0.360113	2.681251	0.443982	0.361448	0.287708	0.0820785	0.0216177	0.00556243	0.000944188	0	4.045968	1.994005	0.3601127	0.6398873	98.62901
550	9.42167	-25.9033	35.3249	0.626674	0.373326	1.531582	0.441807	0.357224	0.286105	0.0798277	0.0216641	0.00548734	0.000959956	0	2.273051	1.946676	0.3733265	0.6266735	88.44554
560	9.39113	-23.0055	32.3966	0.635153	0.364847	2.983743	0.440932	0.354184	0.287406	0.0803484	0.0219923	0.0055875	0.000972977	0	5.201403	1.929979	0.3648468	0.6351532	85.10962
570	9.44244	-23.8489	33.2913	0.664794	0.335206	2.182484	0.43488	0.358345	0.283982	0.0816721	0.0215175	0.00548921	0.000975463	0	4.306695	1.874881	0.3352057	0.6647943	74.96885
580	10.2586	-24.0074	34.266	0.0129627	0.987037	1.922019	0.439648	0.356605	0.283145	0.0831735	0.0220573	0.00553739	0.000965303	0	3.331956	1.842153	0.9870373	0.01296273	69.52688
590	6.40148	-28.2167	34.6182	0.494882	0.505118	3.778605	0.435558	0.35262	0.282973	0.082149	0.0223382	0.00562164	0.000951302	0	2.979831	1.535422	0.5051181	0.4948819	34.3101
600	8.19772	-23.0022	31.2	0.509108	0.490892	4.484799	0.428171	0.358064	0.283477	0.0833619	0.0221227	0.0056989	0.000939693	0	6.398038	1.947131	0.4908917	0.5091083	88.53827
610	7.97019	-28.2868	36.257	0.0756618	0.924338	2.740546	0.428843	0.36189	0.281757	0.0827351	0.0220122	0.00560937	0.00095446	0	1.340955	1.690084	0.9243382	0.07566176	48.98739
620	10.202	-23.5348	33.7369	0.169875	0.830125	2.533268	0.428493	0.352932	0.279916	0.0825478	0.0219174	0.00564017	0.000962921	0	3.8611	1.892577	0.8301251	0.1698749	78.08668
630	8.79451	-21.8269	30.6214	0.386763	0.613237	1.149231	0.423832	0.344381	0.283638	0.0815706	0.0223333	0.00573503	0.000965441	0	6.976548	1.972946	0.6132372	0.3867628	93.96062
640	7.36998	-26.0549	33.4248	0.162922	0.837078	3.508414	0.422392	0.355717	0.28431	0.0825773	0.0219082	0.00569967	0.000936854	0	4.17315	1.564874	0.8370779	0.1629221	36.71755
650	8.49195	-27.7234	36.2154	0.199918	0.800082	3.771943	0.43617	0.352388	0.29144	0.081537	0.021688	0.00548765	0.000948544	0	1.382627	1.844064	0.8000816	0.1999184	69.83345
660	8.29868	-24.1391	32.4377	0.184747	0.815253	4.235211	0.423373	0.348992	0.281456	0.0825629	0.0213708	0.00554458	0.000959619	0	5.160247	1.798262	0.8152533	0.1847467	62.84367
670	10.1741	-23.3555	33.5297	0.193856	0.806144	4.265645	0.423448	0.351948	0.285797	0.0821842	0.0224081	0.005476	0.000959421	0	4.068344	1.99312	0.8061438	0.1938562	98.42827
680	9.07167	-24.3707	33.4424	0.444492	0.555508	4.476233	0.432654	0.352461	0.282785	0.0808784	0.0223837	0.00556675	0.000955243	0	4.155641	1.901087	0.5555084	0.4444916	79.63182
690	8.89554	-23.3256	32.2211	0.891712	0.108288	1.139572	0.44362	0.357502	0.282697	0.0800139	0.0219593	0.00572676	0.000976628	0	5.376886	1.886654	0.1082884	0.8917116	77.02901
700	9.55162	-24.8987	34.4503	0.589427	0.410573	3.883278	0.436656	0.358053	0.287917	0.0796481	0.0223487	0.00571274	0.000976659	0	3.147684	1.91582	0.4105729	0.5894271	82.37973
710	9.42669	-25.9156	35.3423	0.146489	0.853511	5.311719	0.443763	0.351357	0.283827	0.0807631	0.0223537	0.00556615	0.000971818	0	2.25566	1.939473	0.8535113	0.1464887	86.99082
720	10.0885	-23.4033	33.4918	0.140278	0.859722	2.55576	0.43864	0.344489	0.285707	0.0795927	0.0219957	0.0055726	0.000950344	0	4.10618	1.882725	0.8597222	0.1402778	76.33516
730	7.18783	-25.4041	32.5919	0.533664	0.466336	1.370067	0.434766	0.356306	0.29036	0.0808809	0.0216741	0.00556105	0.000966206	0	5.006093	1.551336	0.4663364	0.5336636	35.59067
740	8.14165	-28.4098	36.5515	0.0652575	0.934743	3.089646	0.424166	0.348453	0.284885	0.0818402	0.0221245	0.0054843	0.000954836	0	1.046499	1.839382	0.9347425	0.06525745	69.08471
750	9.1121	-25.6295	34.7416	0.12683	0.87317	4.000901	0.422671	0.349104	0.284834	0.082487	0.0220838	0.00560439	0.000941055	0	2.856429	1.778986	0.8731705	0.1268295	60.11544
760	8.54889	-23.5391	32.0879	0.516705	0.483295	1.320561	0.428287	0.351694	0.294462	0.0835266	0.0222146	0.00549194	0.000939641	0	5.510052	1.788852	0.4832953	0.5167047	61.49675
770	10.2415	-24.6616	34.9032	0.0569463	0.943054	3.879874	0.437901	0.347308	0.293887	0.0821081	0.0218997	0.00570543	0.000941929	0	2.694837	1.91353	0.9430537	0.05694627	81.94638
780	10.3369	-23.8934	34.2302	0.612581	0.387419	2.669533	0.430992	0.344057	0.288824	0.0826657	0.0219362	0.00567229	0.000946818	0	3.367751	1.996299	0.3874195	0.6125805	99.15148
790	8.46637	-25.2601	33.7265	0.88772	0.11228	4.70342	0.443699	0.356776	0.288625	0.0814419	0.0220331	0.00563432	0.000965352	0	3.871541	1.895528	0.1122798	0.8877202	78.61908
800	9.79841	-24.8815	34.68	0.709482	0.290518	2.155182	0.434831	0.352337	0.285916	0.0822936	0.0215547	0.00561714	0.000980854	0	2.918045	1.933083	0.2905179	0.7094821	85.72026
810	5.65149	-20.7367	26.3882	0.66546	0.33454	2.356254	0.429717	0.357997	0.285101	0.0834953	0.0212966	0.0057155	0.00097616	0	11.20978	1.971089	0.3345402	0.6654598	93.55965
820	9.09616	-24.8673	33.9634	0.123622	0.876378	2.982618	0.438584	0.356655	0.282268	0.0822042	0.0218584	0.00573125	0.000943341	0	3.634558	1.719927	0.8763783	0.1236217	52.47196
830	10.3269	-23.406	33.7328	0.0855997	0.9144	1.361281	0.444104	0.361818	0.286065	0.0832797	0.0220079	0.00570952	0.000933775	0	3.865157	1.936359	0.9144003	0.08559974	86.3692
840	7.26963	-27.6194	34.889	0.172792	0.827208	5.719531	0.425067	0.358263	0.287813	0.0812161	0.0213601	0.00565789	0.000942231	0	2.708967	1.724413	0.8272082	0.1727918	53.0168
850	8.06331	-27.646	35.7093	0.807611	0.192389	1.537366	0.42784	0.35153	0.294113	0.0808014	0.0221798	0.00565235	0.000938707	0	1.888686	1.85361	0.1923887	0.8076113	71.38542
860	7.70822	-21.93	29.6383	0.775276	0.224724	2.318431	0.424144	0.358452	0.292036	0.0810297	0.0214327	0.00568323	0.000974298	0	7.959728	1.909401	0.2247237	0.7752763	81.17102
870	8.19007	-26.5216	34.7117	0.950016	0.0499841	5.254375	0.442204	0.346793	0.286813	0.0808815	0.0215988	0.00568453	0.000936225	0	2.886331	1.925816	0.04998408	0.9500159	84.29774
880	9.56798	-25.3022	34.8702	0.55241	0.44759	4.477673	0.431027	0.348815	0.285266	0.082605	0.0223161	0.00559582	0.000937223	0	2.727779	1.966366	0.4475898	0.5524102	92.54783
890	9.88622	-24.1555	34.0417	0.07596	0.92404	1.467696	0.424879	0.353765	0.291176	0.0827808	0.0214772	0.00564118	0.000949023	0	3.556269	1.812683	0.92404	0.07596002	64.96554
900	9.80446	-24.2082	34.0126	0.118522	0.881478	5.251917	0.439212	0.349173	0.290655	0.0800538	0.0216632	0.0056675	0.000968458	0	3.585354	1.984892	0.8814784	0.1185216	96.58102
910	8.83601	-26.0347	34.8707	0.3016	0.6984	5.816015	0.433637	0.351076	0.287119	0.0806275	0.0215662	0.00571611	0.000947404	0	2.727296	1.939905	0.6983997	0.3016003	87.07733
920	9.82355	-23.3464	33.1699	0.563572	0.436428	1.615964	0.44009	0.344704	0.294137	0.0802675	0.0217021	0.00564685	0.000951898	0	4.428065	1.940802	0.436428	0.563572	87.25744
930	8.30548	-25.5025	33.808	0.439883	0.560117	0.3335818	0.428886	0.34948	0.289202	0.0800135	0.0217862	0.00569975	0.000942529	0	3.790033	1.696235	0.560117	0.439883	49.68606
940	8.68381	-22.241	30.9248	0.419094	0.580906	0.8258672	0.428165	0.347138	0.284984	0.0813778	0.0217639	0.00562254	0.000954555	0	6.673196	1.93774	0.5809064	0.4190936	86.6443
950	10.1963	-22.3957	32.592	0.00055628	0.999444	1.185838	0.422547	0.347343	0.290832	0.0828556	0.0223379	0.00573442	0.000960388	0	5.005964	1.984277	0.9994437	0.0005562804	96.44434
960	5.01819	-30.0062	35.0244	0.503642	0.496358	5.11297	0.423297	0.354102	0.282666	0.0835599	0.0221019	0.00571499	0.000980956	0	2.573645	1.511796	0.4963584	0.5036416	32.49345
970	8.4273	-21.8641	30.2914	0.0900432	0.909957	3.653929	0.429455	0.353158	0.28115	0.0832631	0.0216158	0.00566167	0.000966584	0	7.30658	1.95341	0.9099568	0.09004318	89.82774
980	9.08478	-23.3356	32.4204	0.335312	0.664688	2.998248	0.428352	0.350001	0.280001	0.0798948	0.0220001	0.0056338	0.00096551	0	5.177623	1.84353	0.6646878	0.3353122	69.74775
990	10.2827	-24.8667	35.1495	0.203716	0.796284	1.685088	0.428426	0.349647	0.292414	0.0799511	0.0214291	0.00573447	0.000977399	0	2.448522	1.953666	0.7962835	0.2037165	89.88057
1000	7.17777	-23.0801	30.2579	0.0546791	0.945321	4.599516	0.441589	0.351211	0.291297	0.080407	0.0220393	0.00553801	0.000979451	0	7.34009	1.846245	0.9453209	0.05467907	70.18513
1010	9.69994	-22.7024	32.4023	0.182938	0.817062	2.747439	0.430104	0.355756	0.292052	0.0807078	0.0221243	0.00550443	0.000973604	0	5.195679	1.904436	0.8170618	0.1829382	80.24836
1020	8.13637	-23.8258	31.9622	0.0595133	0.940487	3.819074	0.42294	0.344532	0.289861	0.0810198	0.0221675	0.00565012	0.000971492	0	5.635799	1.746842	0.9404867	0.05951335	55.82669
1030	8.66929	-24.642	33.3113	0.56339	0.43661	3.271892	0.439178	0.352175	0.285012	0.0801342	0.0217981	0.0056908	0.00097682	0	4.286742	1.786849	0.4366096	0.5633904	61.21375
1040	10.5987	-24.2159	34.8146	0.0412314	0.958769	1.949538	0.443154	0.346848	0.286777	0.0823947	0.0218277	0.00572046	0.000964363	0	2.78339	1.927594	0.9587686	0.04123136	84.64349
1050	9.24897	-23.2721	32.5211	0.000535564	0.999464	0.2538631	0.435549	0.34549	0.284609	0.0829918	0.0223653	0.00572155	0.000965699	0	5.07692	1.850354	0.9994644	0.000535564	70.85224
1060	7.59244	-23.9898	31.5823	0.175916	0.824084	0.1996523	0.442357	0.345392	0.293754	0.0832825	0.0220001	0.0055796	0.000964067	0	6.015739	1.613378	0.8240844	0.1759156	41.05612
1070	9.18343	-26.6204	35.8038	0.141487	0.858513	0.6928125	0.443006	0.348006	0.292843	0.0808341	0.0213054	0.0056796	0.000959479	0	1.79418	1.991723	0.8585132	0.1414868	98.11214
1080	9.29884	-24.9768	34.2756	0.229194	0.770806	0.3651916	0.442517	0.3488	0.292471	0.0803729	0.0218654	0.00555963	0.000949073	0	3.322358	1.850159	0.7708064	0.2291936	70.82046
1090	9.23365	-23.5547	32.7884	0.608625	0.391375	0.4064641	0.439284	0.345743	0.289933	0.0816957	0.0218444	0.00545676	0.000966463	0	4.809609	1.949226	0.3913748	0.6086252	88.96644
1100	8.60388	-24.0652	32.6691	0.147484	0.852516	1.26364	0.440655	0.349394	0.290325	0.079691	0.0214547	0.00570217	0.000964418	0	4.928895	1.663625	0.8525155	0.1474845	46.09193
1110	9.16272	-23.5761	32.7389	0.906595	0.0934051	1.206005	0.43097	0.359823	0.283085	0.0797704	0.0216446	0.00561002	0.000968098	0	4.859126	1.904796	0.09340505	0.9065949	80.31489
1120	10.1817	-22.4447	32.6264	0.251682	0.748318	2.53405	0.424858	0.361043	0.280551	0.0829417	0.0214228	0.00568677	0.000966327	0	4.971643	1.97979	0.7483184	0.2516816	95.45303
1130	6.8183	-21.515	28.3333	0.17347	0.82653	2.185048	0.430314	0.356815	0.291531	0.0818387	0.0214636	0.00565829	0.000976583	0	9.264689	1.858854	0.8265299	0.1734701	72.25277
1140	8.38968	-24.5281	32.9178	0.613771	0.386229	0.553263	0.425587	0.36186	0.291994	0.0799584	0.0217663	0.00573322	0.000948816	0	4.680244	1.757778	0.3862291	0.6137709	57.25029
1150	9.87597	-23.9745	33.8504	0.0896407	0.910359	0.54416	0.426289	0.361138	0.287128	0.0808593	0.0218115	0.00564195	0.000982053	0	3.747563	1.908292	0.9103593	0.08964069	80.96406
1160	8.78039	-26.6541	35.4345	0.333611	0.666389	0.4808753	0.426245	0.359394	0.292616	0.081441	0.0213708	0.00561503	0.000935727	0	2.163526	1.894323	0.6663889	0.3336111	78.40117
1170	9.19962	-22.7362	31.9358	0.0649806	0.935019	2.547378	0.435311	0.358976	0.291508	0.0804602	0.0213279	0.00546847	0.000948627	0	5.662228	1.839032	0.9350194	0.06498059	69.029
1180	7.803	-27.9551	35.7581	0.0892803	0.91072	0.5393971	0.430017	0.354923	0.284248	0.0814047	0.0219888	0.00557203	0.000955285	0	1.839923	1.612648	0.9107197	0.08928031	40.98722
1190	8.5308	-25.6532	34.184	0.608397	0.391603	0.2743717	0.427203	0.350229	0.28778	0.0818378	0.0222747	0.00571375	0.000948938	0	3.413966	1.800424	0.3916034	0.6083966	63.15737
1200	9.64361	-26.0438	35.6874	0.603621	0.396379	2.678627	0.427927	0.349436	0.291707	0.0808167	0.0223348	0.00559652	0.000943978	0	1.910583	1.994006	0.3963788	0.6036212	98.62941
1210	9.33211	-24.54	33.8721	0.410103	0.589897	4.184378	0.425284	0.359078	0.292363	0.0811698	0.0221538	0.0054726	0.000934268	0	3.725877	1.897736	0.5898972	0.4101028	79.01986
1220	9.60092	-25.0228	34.6238	0.91838	0.0816201	3.034242	0.422849	0.360847	0.293089	0.0807394	0.0222293	0.00555424	0.000939336	0	2.974239	1.954213	0.08162006	0.9183799	89.99385
1230	8.50612	-27.1258	35.632	0.306279	0.693721	3.02646	0.428363	0.354329	0.289195	0.0810636	0.0219788	0.0055584	0.000945056	0	1.966037	1.741891	0.6937208	0.3062792	55.19385
1240	9.75453	-22.4544	32.2089	0.356705	0.643295	2.169941	0.424997	0.355536	0.290543	0.0803522	0.0222683	0.00555431	0.000959176	0	5.389048	1.954265	0.6432951	0.3567049	90.00457
1250	5.73394	-21.1982	26.9321	0.630588	0.369412	0.5324312	0.431687	0.357182	0.288033	0.0808858	0.0223687	0.00568472	0.00098125	0	10.6659	1.924046	0.3694122	0.6305878	83.95479
1260	9.30834	-22.2874	31.5957	0.639679	0.360321	1.620796	0.431181	0.350031	0.285122	0.0810528	0.0223658	0.00554776	0.000976969	0	6.002263	1.967029	0.3603211	0.6396789	92.6892
1270	9.70862	-23.3802	33.0888	0.761037	0.238963	2.240231	0.42895	0.350646	0.289695	0.0818785	0.022086	0.00556734	0.00097948	0	4.50915	1.935451	0.2389631	0.7610369	86.18875
1280	7.84643	-24.6165	32.463	0.0592194	0.940781	6.397694	0.424425	0.357463	0.294189	0.0830505	0.0220846	0.00565178	0.000960236	0	5.135022	1.937372	0.9407806	0.05921938	86.57096
1290	9.13071	-25.5384	34.6691	0.741923	0.258077	5.062726	0.423401	0.355514	0.293706	0.0798407	0.0220953	0.00572696	0.000951634	0	2.928918	1.977031	0.2580771	0.7419229	94.84853
1300	8.12608	-26.5335	34.6596	0.586157	0.413843	5.913667	0.436729	0.352104	0.288264	0.0801481	0.022233	0.00564028	0.000945187	0	2.938394	1.91492	0.4138429	0.5861571	82.20917
1310	8.61944	-27.3139	35.9333	0.567426	0.432574	4.763294	0.4312	0.347831	0.281993	0.0802437	0.0220503	0.00559611	0.000941609	0	1.664673	1.960302	0.432574	0.567426	91.26456
1320	3.99519	-30.0243	34.0195	0.00490891	0.995091	8.256025	0.43738	0.348454	0.281305	0.0815377	0.0221166	0.00557045	0.000968592	0	3.578523	1.62858	0.9950911	0.004908907	42.51869
1330	9.15104	-25.2354	34.3865	0.0266346	0.973365	1.366251	0.422372	0.345053	0.289995	0.0800927	0.0216683	0.00545692	0.00096165	0	3.211531	1.651048	0.9733654	0.02663456	44.77624
1340	8.19296	-26.6711	34.8641	0.47156	0.52844	5.000945	0.422904	0.357493	0.288636	0.081183	0.021661	0.00558211	0.000955018	0	2.733942	1.824173	0.5284402	0.4715598	66.70722
1350	9.49305	-25.076	34.569	0.731735	0.268265	1.544573	0.428582	0.361704	0.292109	0.0827703	0.0223844	0.00564515	0.000945378	0	3.028968	1.911433	0.2682645	0.7317355	81.55165
1360	5.38333	-30.3177	35.701	0.482311	0.517689	0.4226904	0.431211	0.359364	0.284802	0.0803783	0.0215548	0.00557579	0.000967525	0	1.896964	1.371131	0.5176885	0.4823115	23.50341
1370	8.71391	-24.2413	32.9552	0.607854	0.392146	0.3756894	0.427735	0.352976	0.290785	0.0796199	0.0214816	0.00571298	0.000936083	0	4.642825	1.837845	0.3921464	0.6078536	68.84071
1380	9.67167	-25.1462	34.8178	0.0221615	0.977838	1.226287	0.441645	0.356611	0.294125	0.0811545	0.0221476	0.00555877	0.000977877	0	2.78018	1.762262	0.9778385	0.02216151	57.84451
1390	9.00053	-23.5904	32.5909	0.535635	0.464365	1.401006	0.434093	0.34681	0.29433	0.079758	0.021407	0.00545988	0.000981544	0	5.007096	1.82135	0.4643648	0.5356352	66.27499
1400	9.39928	-25.0393	34.4385	0.369384	0.630616	0.6188019	0.424428	0.355871	0.288067	0.080586	0.021634	0.0055671	0.000972377	0	3.159466	1.876612	0.6306161	0.3693839	75.26828
1410	9.05182	-25.9696	35.0215	0.518068	0.481932	0.8028989	0.430125	0.349528	0.28742	0.0799406	0.0223274	0.0054732	0.000977829	0	2.576528	1.870287	0.4819318	0.5180682	74.18007
1420	8.63416	-22.8538	31.488	0.288556	0.711444	2.447757	0.427066	0.346806	0.280216	0.0804	0.0223008	0.00549327	0.000965947	0	6.109999	1.821427	0.7114445	0.2885555	66.28684
1430	7.94754	-27.7359	35.6834	0.788177	0.211823	1.557264	0.424516	0.34708	0.288661	0.0804546	0.0222796	0.00557932	0.000975518	0	1.91455	1.814377	0.2118235	0.7881765	65.21948
1440	10.7412	-22.8802	33.6214	0.128418	0.871582	2.250559	0.439532	0.350482	0.292727	0.083593	0.0214796	0.00547075	0.000981668	0	3.976615	1.988236	0.8715821	0.1284179	97.32761
1450	9.12765	-24.2065	33.3341	0.900168	0.0998317	0.8241649	0.43335	0.356116	0.291269	0.0818095	0.0219004	0.00546155	0.000981735	0	4.263851	1.899153	0.09983166	0.9001683	79.27799
1460	9.53977	-25.3504	34.8901	0.246634	0.753366	5.524309	0.425032	0.354089	0.282614	0.0834628	0.0215781	0.00552567	0.000963581	0	2.707872	1.9883	0.7533665	0.2466335	97.34183
1470	9.87378	-24.7741	34.6478	0.114713	0.885287	4.36083	0.425136	0.349233	0.289414	0.0818031	0.0218837	0.00551864	0.000968945	0	2.950158	1.901431	0.8852866	0.1147134	79.69491
1480	4.22078	-26.8718	31.0926	0.160241	0.839759	5.335563	0.424352	0.350686	0.287046	0.0827377	0.0223685	0.00569153	0.00097814	0	6.505431	1.520353	0.8397593	0.1602407	33.14005
1490	10.2098	-24.8662	35.0761	0.0534682	0.946532	3.105221	0.426792	0.344867	0.292467	0.0828989	0.0222703	0.00571524	0.000956083	0	2.521938	1.869899	0.9465318	0.05346818	74.11378
1500	10.0004	-22.4518	32.4522	0.202607	0.797393	1.317675	0.431788	0.361939	0.292426	0.0827807	0.0217089	0.00561248	0.000956391	0	5.145826	1.986921	0.7973934	0.2026066	97.03335
1510	8.6611	-24.7674	33.4285	0.546516	0.453484	4.696011	0.436337	0.361768	0.293685	0.0813226	0.0213663	0.00568245	0.000966989	0	4.169513	1.881404	0.4534838	0.5465162	76.10343
1520	9.32852	-23.4241	32.7526	0.375996	0.624004	4.399009	0.431007	0.35808	0.294497	0.0817089	0.0215059	0.00564765	0.000950285	0	4.845349	1.958586	0.6240042	0.3759958	90.90462
1530	10.1464	-23.5735	33.7199	0.68415	0.31585	2.583633	0.433738	0.345578	0.284335	0.0818871	0.0216356	0.00566945	0.000971183	0	3.878132	1.975892	0.3158502	0.6841498	94.60014
1540	9.19989	-24.217	33.4169	0.757822	0.242178	2.176996	0.42962	0.350778	0.280593	0.0821463	0.0217435	0.00571712	0.000948245	0	4.181062	1.854767	0.2421778	0.7578222	71.57593
1550	9.4088	-23.8959	33.3047	0.670387	0.329613	3.906903	0.427271	0.349599	0.281493	0.0817212	0.0215348	0.00554697	0.000935755	0	4.293297	1.945856	0.3296131	0.6703869	88.27864
1560	9.92809	-25.1726	35.1007	0.522876	0.477124	2.740574	0.437161	0.346944	0.28138	0.0808973	0.0216458	0.0054706	0.000937403	0	2.497315	1.950479	0.4771245	0.5228755	89.22352
1570	8.66844	-21.811	30.4795	0.611366	0.388634	1.793244	0.430735	0.353135	0.294217	0.0806788	0.0223045	0.00558293	0.000973363	0	7.118515	1.962434	0.3886336	0.6113664	91.71361
1580	10.4894	-22.8135	33.3029	0.120906	0.879094	1.587407	0.430989	0.345022	0.286755	0.0802751	0.0223338	0.00571439	0.000945879	0	4.295098	1.990331	0.8790941	0.1209059	97.79824
1590	9.65217	-25.4765	35.1287	0.568374	0.431626	3.343106	0.439576	0.347773	0.288812	0.0830406	0.0214887	0.00564358	0.000943395	0	2.469323	1.932068	0.4316263	0.5683737	85.51997
1600	10.1757	-23.9721	34.1478	0.724861	0.275139	3.27548	0.427589	0.356989	0.29102	0.0828712	0.0215073	0.0056005	0.000979254	0	3.450183	1.993775	0.2751394	0.7248606	98.57679
1610	9.58629	-22.2596	31.8459	0.278146	0.721854	2.438109	0.423315	0.346857	0.284474	0.0834618	0.0215636	0.00571726	0.000960236	0	5.752132	1.948099	0.7218545	0.2781455	88.73575
1620	10.473	-22.9605	33.4335	0.141652	0.858348	2.771318	0.427739	0.357641	0.280324	0.0818042	0.0219896	0.00550174	0.000966081	0	4.164483	1.95647	0.8583482	0.1416518	90.46288
1630	7.67648	-28.2176	35.894	0.238207	0.761793	4.85144	0.429781	0.355299	0.289946	0.0810283	0.0222938	0.00552318	0.000975046	0	1.703948	1.752701	0.7617928	0.2382072	56.58501
1640	8.60903	-26.997	35.6061	0.420639	0.579361	3.142356	0.426348	0.360584	0.291094	0.081401	0.0219268	0.00551524	0.000963247	0	1.991926	1.786528	0.5793607	0.4206393	61.1685
1650	7.48726	-27.8703	35.3576	0.083867	0.916133	3.823355	0.424138	0.355848	0.281682	0.0809262	0.0219141	0.00548486	0.000943567	0	2.240433	1.565576	0.916133	0.08386696	36.77696
1660	9.87447	-23.7795	33.654	0.311442	0.688558	0.9904727	0.426099	0.347168	0.280599	0.0826504	0.0223058	0.00546165	0.000943967	0	3.944044	1.92828	0.6885578	0.3114422	84.77742
1670	9.2988	-25.4535	34.7523	0.511632	0.488368	3.962445	0.431689	0.35517	0.281858	0.0810541	0.0222614	0.00565147	0.000934309	0	2.845728	1.888782	0.488368	0.511632	77.40739
1680	7.54624	-27.5017	35.0479	0.658634	0.341366	5.060916	0.437073	0.352058	0.280448	0.0811022	0.0219304	0.00569017	0.000955378	0	2.550073	1.799879	0.3413656	0.6586344	63.07812
1690	9.98855	-24.0971	34.0857	0.437359	0.562641	3.880479	0.441796	0.347987	0.290437	0.0795017	0.0214453	0.00563315	0.000939004	0	3.512338	1.963877	0.5626413	0.4373587	92.01895
1700	5.60078	-26.5089	32.1097	0.0230187	0.976981	4.490645	0.44342	0.352398	0.289097	0.0832473	0.0219314	0.005709	0.000954776	0	5.488289	1.487901	0.9769813	0.0230187	30.75398
1710	10.7202	-23.9228	34.643	0.0699733	0.930027	3.159772	0.437293	0.346478	0.291236	0.0830157	0.0220515	0.00560018	0.000979808	0	2.955014	1.947575	0.9300267	0.0699733	88.62891
1720	8.51319	-26.1718	34.685	0.199688	0.800312	0.457027	0.443812	0.344481	0.292252	0.0822268	0.0223393	0.00552131	0.000976003	0	2.913024	1.654115	0.8003118	0.1996882	45.09363
1730	9.20452	-26.7266	35.9311	0.396284	0.603716	3.140077	0.430386	0.359274	0.28528	0.0823215	0.021607	0.00560662	0.000944526	0	1.666875	1.922084	0.6037163	0.3962837	83.57646
1740	10.8065	-22.9179	33.7243	0.00154816	0.998452	3.412031	0.43379	0.361878	0.28509	0.0822856	0.0221497	0.00547457	0.000947336	0	3.873647	1.996009	0.9984518	0.001548157	99.08525
1750	7.42479	-26.3339	33.7587	0.51809	0.48191	1.960516	0.431011	0.361146	0.289087	0.0834659	0.0222681	0.00558247	0.000954219	0	3.8393	1.556297	0.4819103	0.5180897	35.99953
1760	9.4707	-26.265	35.7357	0.197903	0.802097	1.852302	0.424691	0.359242	0.290676	0.0822753	0.0218768	0.0055599	0.000945406	0	1.862343	1.882774	0.8020968	0.1979032	76.34379
1770	7.44292	-22.3398	29.7827	0.332838	0.667162	0.9050563	0.42492	0.35559	0.294365	0.082511	0.0218905	0.00553968	0.000974775	0	7.815298	1.798239	0.6671616	0.3328384	62.8404
1780	8.81149	-24.8447	33.6562	0.562528	0.437472	5.393391	0.434279	0.361676	0.292282	0.0834022	0.0215938	0.00561759	0.000934467	0	3.941775	1.960863	0.4374721	0.5625279	91.38256
1790	7.28046	-22.9966	30.2771	0.288315	0.711685	5.45592	0.42225	0.345966	0.288275	0.0823367	0.0217075	0.0055982	0.000948877	0	7.320906	1.980901	0.7116846	0.2883154	95.69758
1800	10.0505	-22.6749	32.7254	0.199944	0.800056	1.473169	0.427217	0.356844	0.292245	0.0826897	0.0215665	0.00564098	0.000939176	0	4.872599	1.964719	0.8000556	0.1999444	92.19739
1810	9.71496	-22.978	32.693	0.270407	0.729593	3.678097	0.430866	0.344875	0.293433	0.0828486	0.0219431	0.00554077	0.000942492	0	4.905014	1.954156	0.7295926	0.2704074	89.98212
1820	9.76188	-22.4385	32.2004	0.471813	0.528187	2.145961	0.439993	0.351389	0.288811	0.082484	0.021306	0.00556304	0.000977294	0	5.397633	1.967556	0.5281874	0.4718126	92.80161
1830	10.1598	-24.6313	34.7911	0.410728	0.589272	1.922843	0.431916	0.346501	0.29315	0.0829184	0.0218518	0.00559539	0.000950195	0	2.806917	1.951793	0.5892724	0.4107276	89.49375
1840	9.80555	-24.7371	34.5427	0.366889	0.633111	1.203017	0.423582	0.349448	0.282919	0.082057	0.0222685	0.0056127	0.000957681	0	3.055318	1.903663	0.6331113	0.3668887	80.10556
1850	9.69657	-23.5159	33.2125	0.567659	0.432341	2.43384	0.429553	0.350217	0.280281	0.0813356	0.0215096	0.00559049	0.000971473	0	4.385483	1.905539	0.4323409	0.5676591	80.45246
1860	9.64151	-24.6543	34.2958	0.683138	0.316862	1.23644	0.422082	0.34682	0.282913	0.0807926	0.0216048	0.0056751	0.000963671	0	3.302165	1.93089	0.3168621	0.6831379	85.28834
1870	7.23124	-22.8042	30.0354	0.151793	0.848207	2.358148	0.429243	0.360356	0.282031	0.0808997	0.0219741	0.00549946	0.000970453	0	7.562559	1.72067	0.8482068	0.1517932	52.56176
1880	9.92909	-22.096	32.025	0.0958894	0.904111	2.912656	0.423014	0.357996	0.29373	0.0799988	0.0218532	0.00570716	0.000949444	0	5.572956	1.978798	0.9041106	0.09588939	95.23525
1890	9.28484	-22.8412	32.126	0.196742	0.803258	2.653221	0.430146	0.361847	0.287472	0.0803224	0.0214546	0.00564477	0.000933251	0	5.472001	1.86902	0.8032584	0.1967416	73.96401
1900	9.50075	-23.1319	32.6326	0.0628278	0.937172	0.5762219	0.433084	0.362023	0.282877	0.0797705	0.0218309	0.00573191	0.000947664	0	4.965362	1.886044	0.9371722	0.06282776	76.92083
1910	7.45533	-21.7252	29.1805	0.347831	0.652169	3.321143	0.440571	0.358321	0.282918	0.080871	0.0222129	0.00553679	0.000936074	0	8.417456	1.94398	0.6521692	0.3478308	87.89817
1920	5.22267	-21.0304	26.2531	0.781865	0.218135	0.6691902	0.425383	0.355729	0.285229	0.0808348	0.0223281	0.00547689	0.000940312	0	11.3449	1.938746	0.2181348	0.7818652	86.84529
1930	5.63215	-28.4562	34.0884	0.0992182	0.900782	4.498615	0.425771	0.34681	0.285691	0.0803604	0.0223267	0.00548648	0.000945468	0	3.509602	1.41865	0.9007818	0.09921819	26.22104
1940	7.82742	-22.9669	30.7943	0.362781	0.637219	5.035194	0.440579	0.344671	0.28304	0.0807997	0.0216697	0.00545645	0.000962621	0	6.803688	1.96759	0.6372192	0.3627808	92.80908
1950	8.78213	-25.5025	34.2846	0.900269	0.0997307	2.365359	0.428706	0.352096	0.284288	0.0820978	0.0213716	0.00548548	0.000980444	0	3.313372	1.817645	0.0997307	0.9002693	65.71199
1960	7.06061	-27.1285	34.1891	0.457598	0.542402	0.7559943	0.428075	0.344678	0.28182	0.0812319	0.0219013	0.0054782	0.000965373	0	3.408865	1.47268	0.5424017	0.4575983	29.69478
1970	9.88081	-24.8243	34.7051	0.171191	0.828809	1.76565	0.422707	0.350854	0.288487	0.0808948	0.0216289	0.00545512	0.000954543	0	2.892857	1.834667	0.8288091	0.1711909	68.33869
1980	9.68633	-25.7044	35.3908	0.368379	0.631621	4.757319	0.42735	0.344501	0.290146	0.080331	0.0213313	0.00567877	0.000980324	0	2.207243	1.980893	0.6316209	0.3683791	95.6959
1990	5.86504	-25.9201	31.7851	0.553324	0.446676	3.324679	0.434817	0.360468	0.288265	0.080374	0.0218299	0.00548997	0.000962173	0	5.812874	1.545184	0.446676	0.553324	35.09008
2000	8.98384	-23.842	32.8258	0.303349	0.696651	2.918707	0.425555	0.348094	0.292202	0.0800841	0.0216937	0.00559087	0.000946644	0	4.772157	1.797155	0.6966508	0.3033492	62.6838
2010	9.75572	-24.2607	34.0164	0.187636	0.812364	0.7926973	0.422873	0.350686	0.290934	0.0820204	0.0215802	0.00572754	0.000935144	0	3.5816	1.883607	0.8123643	0.1876357	76.49037
2020	7.57816	-27.0521	34.6303	0.535338	0.464662	0.05728343	0.434909	0.351037	0.292199	0.0800596	0.0222722	0.0056818	0.000940971	0	2.967745	1.649507	0.4646621	0.5353379	44.61771
2030	8.01779	-22.1243	30.1421	0.938178	0.0618219	1.078802	0.433574	0.359828	0.282143	0.0817748	0.021756	0.00559032	0.000933823	0	7.455929	1.935035	0.0618219	0.9381781	86.10626
2040	8.93934	-22.512	31.4513	0.350578	0.649422	0.7083796	0.441564	0.357418	0.287047	0.0799691	0.02153	0.00548311	0.000936218	0	6.146658	1.937148	0.6494222	0.3505778	86.52628
2050	10.1904	-23.7108	33.9011	0.585601	0.414399	1.871945	0.439299	0.358638	0.287179	0.0813915	0.021347	0.00553341	0.000940117	0	3.696849	1.982847	0.4143991	0.5856009	96.12745
2060	9.91256	-24.0369	33.9495	0.646812	0.353188	1.123255	0.428665	0.347623	0.287788	0.0808388	0.0222178	0.00559624	0.000933355	0	3.648504	1.990295	0.3531883	0.6468117	97.79002
2070	5.47992	-30.4335	35.9134	0.790768	0.209232	5.740226	0.430055	0.361937	0.285908	0.0796597	0.0223587	0.00566242	0.000939366	0	1.684624	1.754699	0.2092321	0.7907679	56.8459
2080	8.36218	-26.696	35.0582	0.116698	0.883302	0.7324053	0.44397	0.358005	0.287965	0.0835927	0.0224026	0.00568834	0.000981341	0	2.539832	1.587842	0.8833017	0.1166983	38.71164
2090	8.20961	-22.5219	30.7315	0.158028	0.841972	0.4814795	0.437782	0.348024	0.28621	0.0815936	0.0224072	0.00559695	0.00096544	0	6.866505	1.830763	0.8419716	0.1580284	67.7272
2100	7.06336	-28.9979	36.0613	0.409643	0.590357	2.91923	0.440415	0.347483	0.287999	0.0832647	0.0216919	0.00550119	0.000935674	0	1.53673	1.657177	0.5903567	0.4096433	45.41272
2110	6.89617	-25.3311	32.2273	0.40742	0.59258	3.287302	0.432587	0.34447	0.288359	0.0836004	0.0218802	0.00555677	0.000977475	0	5.370691	1.600272	0.5925805	0.4074195	39.8357
2120	9.54	-25.1626	34.7026	0.782964	0.217036	2.343644	0.430272	0.350345	0.28961	0.0828188	0.0222464	0.00551315	0.000974844	0	2.895363	1.909717	0.2170358	0.7829642	81.23009
2130	8.32523	-23.2442	31.5694	0.306746	0.693254	2.467971	0.430912	0.361164	0.289008	0.0819278	0.0223463	0.00557198	0.000948788	0	6.028557	1.773506	0.6932543	0.3067457	59.36161
2140	9.2668	-25.6149	34.8817	0.965889	0.0341107	1.021356	0.440656	0.346065	0.292898	0.0817156	0.0220329	0.00553378	0.000977522	0	2.716313	1.975346	0.0341107	0.9658893	94.48141
2150	9.53922	-24.6616	34.2008	0.755903	0.244097	0.8409831	0.444194	0.348119	0.292526	0.0810055	0.0219449	0.00567964	0.000954325	0	3.397206	1.963077	0.2440967	0.7559033	91.84952
2160	7.61094	-24.2841	31.8951	0.36845	0.63155	1.783742	0.436357	0.344993	0.290201	0.0802828	0.021928	0.00553597	0.00094323	0	5.702946	1.631499	0.6315497	0.3684503	42.80547
2170	10.1146	-24.5536	34.6682	0.464445	0.535555	1.71265	0.439822	0.344762	0.292787	0.0835172	0.0218479	0.00546039	0.000945979	0	2.92975	1.962604	0.5355553	0.4644447	91.7495
2180	10.5812	-23.9253	34.5065	0.0366821	0.963318	2.132219	0.432865	0.350564	0.28744	0.081058	0.0216991	0.00547466	0.000959483	0	3.091488	1.91249	0.9633179	0.03668211	81.75051
2190	9.61948	-24.374	33.9934	0.581174	0.418826	3.258411	0.425712	0.344357	0.292819	0.0824624	0.0218177	0.00547346	0.00094871	0	3.604563	1.90415	0.4188261	0.5811739	80.19557
2200	5.94481	-29.5071	35.4519	0.58865	0.41135	1.631957	0.422635	0.348818	0.284233	0.0797385	0.0221887	0.00554748	0.00093569	0	2.146054	1.453672	0.4113504	0.5886496	28.42312
2210	9.8218	-25.6947	35.5165	0.0973868	0.902613	3.6798	0.431827	0.358288	0.286301	0.0823824	0.0220905	0.00558636	0.000948824	0	2.081541	1.880927	0.9026132	0.09738682	76.01978
2220	8.98844	-23.1704	32.1588	0.901539	0.098461	3.826989	0.442913	0.358234	0.284538	0.0820235	0.0216624	0.00553672	0.000953265	0	5.439171	1.963164	0.09846096	0.901539	91.86804
2230	9.23806	-22.1379	31.3759	0.431458	0.568542	1.697516	0.441434	0.361172	0.283424	0.0825505	0.0213416	0.00571779	0.000940316	0	6.222049	1.961172	0.5685415	0.4314585	91.44747
2240	9.24684	-21.9272	31.174	0.114805	0.885195	2.641662	0.424393	0.34999	0.281742	0.082749	0.0216646	0.00563249	0.00098003	0	6.423954	1.934155	0.885195	0.114805	85.93202
2250	9.31107	-24.3258	33.6368	0.192063	0.807937	2.258961	0.43507	0.345543	0.291628	0.0830013	0.0216713	0.00556911	0.000967653	0	3.961163	1.747619	0.8079371	0.1920629	55.92667
2260	9.67407	-23.4928	33.1669	0.342658	0.657342	3.582248	0.438194	0.350342	0.289062	0.0815833	0.0217517	0.00572426	0.000970804	0	4.431078	1.912852	0.6573417	0.3426583	81.81862
2270	9.67408	-24.4238	34.0979	0.748683	0.251317	1.208176	0.430388	0.357426	0.287481	0.0805047	0.0219368	0.00551701	0.00096666	0	3.500102	1.945999	0.2513175	0.7486825	88.30788
2280	10.0902	-22.9619	33.0522	0.540009	0.459991	2.511811	0.440908	0.353747	0.283368	0.0818648	0.0223114	0.00559878	0.000953235	0	4.545842	1.979171	0.4599907	0.5400093	95.31719
2290	8.52071	-26.1928	34.7135	0.0682768	0.931723	6.073759	0.425472	0.347041	0.290101	0.0804563	0.0215257	0.0057111	0.000960012	0	2.884469	1.875713	0.9317232	0.0682768	75.11267
2300	8.02981	-21.3563	29.3861	0.109557	0.890443	2.482413	0.431442	0.348218	0.2816	0.0795153	0.0220812	0.00565845	0.000950287	0	8.211854	1.944268	0.8904433	0.1095567	87.95652
2310	10.6839	-24.2011	34.885	0.189155	0.810845	2.375222	0.444112	0.354374	0.294408	0.0813849	0.0221301	0.00558659	0.000933726	0	2.712948	1.990328	0.8108447	0.1891553	97.79758
2320	9.71915	-22.3146	32.0338	0.0449457	0.955054	3.246896	0.441747	0.356265	0.293132	0.0832115	0.0221256	0.00551872	0.000955243	0	5.56423	1.945484	0.9550543	0.04494572	88.20305
2330	9.45674	-24.7848	34.2415	0.0535992	0.946401	0.8705351	0.438297	0.359628	0.280336	0.0825167	0.0219004	0.0057159	0.000956773	0	3.356479	1.747634	0.9464008	0.05359916	55.92856
2340	6.86125	-25.2003	32.0616	0.965054	0.0349461	1.61302	0.433004	0.360195	0.281761	0.0823216	0.0220767	0.00569621	0.000951646	0	5.536445	1.627651	0.03494613	0.9650539	42.42785
2350	9.16025	-23.5089	32.6692	0.217476	0.782524	2.015118	0.430768	0.358886	0.291556	0.0795856	0.0213406	0.0054765	0.000970045	0	4.928801	1.780812	0.782524	0.217476	60.36875
2360	10.0247	-23.1305	33.1552	0.120669	0.879331	3.904943	0.426929	0.356087	0.283423	0.0794823	0.0216362	0.0054835	0.000969673	0	4.442804	1.95186	0.8793313	0.1206687	89.50754
2370	8.19334	-21.8577	30.0511	0.786467	0.213533	2.657496	0.432889	0.352466	0.287867	0.0817183	0.0223907	0.00569987	0.000979109	0	7.546914	1.951049	0.2135335	0.7864665	89.34061
2380	8.92601	-24.653	33.579	0.896723	0.103277	5.138887	0.441094	0.358619	0.281845	0.0833466	0.0220074	0.00555665	0.000970161	0	4.018982	1.983119	0.1032769	0.8967231	96.18758
2390	9.54576	-25.4086	34.9544	0.266006	0.733994	0.5374786	0.433281	0.358276	0.280819	0.0806298	0.021953	0.00564711	0.000933923	0	2.643634	1.960524	0.7339935	0.2660065	91.3112
2400	9.17825	-22.937	32.1152	0.330314	0.669686	1.05028	0.425138	0.3621	0.292534	0.080519	0.021861	0.005674	0.000935548	0	5.482784	1.883507	0.6696863	0.3303137	76.47283
2410	8.23926	-22.4858	30.7251	0.874263	0.125737	3.016949	0.437947	0.360848	0.28467	0.0827144	0.0217213	0.00561992	0.000947094	0	6.872918	1.9234	0.1257374	0.8742626	83.83007
2420	8.37559	-24.6501	33.0257	0.0633076	0.936692	1.839155	0.4441	0.350937	0.289536	0.0828999	0.0221308	0.00560373	0.000949293	0	4.57233	1.589687	0.9366924	0.06330764	38.87647
2430	8.96317	-23.4598	32.4229	0.639985	0.360015	1.71837	0.423071	0.349087	0.291264	0.0831557	0.0222521	0.00559986	0.00095056	0	5.175073	1.845393	0.3600154	0.6399846	70.04762
2440	2.79648	-30.2312	33.0277	0.273018	0.726982	8.069174	0.439679	0.345357	0.292016	0.0831975	0.0217645	0.00560273	0.000973736	0	4.570282	1.590939	0.7269823	0.2730177	38.98869
2450	9.89556	-25.2984	35.194	0.0108674	0.989133	0.8486964	0.435548	0.348347	0.290374	0.0831973	0.0220505	0.00569032	0.000963185	0	2.404029	1.909222	0.9891326	0.01086739	81.13751
2460	10.2617	-22.5251	32.7868	0.266486	0.733514	2.807811	0.438095	0.345855	0.293985	0.0826345	0.0218194	0.00566611	0.000954959	0	4.811179	1.99191	0.7335136	0.2664864	98.15456
2470	9.62491	-22.9244	32.5494	0.0497609	0.950239	0.3049154	0.429236	0.35248	0.289294	0.0818768	0.0217826	0.00571721	0.00095469	0	5.048638	1.984682	0.9502391	0.04976088	96.53442
2480	8.51575	-23.1262	31.6419	0.150205	0.849795	1.36307	0.423827	0.344311	0.284203	0.0833156	0.0218332	0.00565385	0.000945477	0	5.956077	1.744729	0.8497952	0.1502048	55.55574
2490	8.31596	-22.2297	30.5457	0.673969	0.326031	0.9757593	0.422295	0.356091	0.281551	0.0827426	0.0213088	0.00559321	0.000948563	0	7.052308	1.925993	0.3260315	0.6739685	84.33218
2500	7.37065	-23.8925	31.2631	0.773831	0.226169	3.548375	0.441621	0.346244	0.283913	0.0815932	0.0214946	0.00545951	0.000936136	0	6.334864	1.798375	0.2261692	0.7738308	62.86014
2510	8.66287	-22.6751	31.338	0.533959	0.466041	2.556524	0.440193	0.346588	0.284902	0.0796142	0.0214856	0.00547246	0.00094058	0	6.260028	1.885833	0.4660412	0.5339588	76.88344
2520	10.7781	-23.0079	33.786	0.0332868	0.966713	3.246047	0.42764	0.35304	0.283428	0.0805455	0.0217022	0.00550862	0.000949505	0	3.811987	1.987036	0.9667132	0.03328676	97.05914
2530	10.359	-25.2493	35.6083	0.0802657	0.919734	3.233451	0.438203	0.350029	0.280717	0.0817519	0.0216721	0.0054943	0.000934093	0	1.989724	1.96315	0.9197343	0.08026566	91.8649
2540	7.10807	-21.0928	28.2009	0.00955651	0.990443	2.042358	0.434254	0.36129	0.286852	0.0819297	0.0222239	0.00546194	0.000937084	0	9.397119	1.92195	0.9904435	0.009556505	83.55076
2550	9.82756	-22.9736	32.8012	0.557511	0.442489	1.709212	0.436899	0.356864	0.281594	0.082745	0.0216556	0.00552206	0.000933393	0	4.796795	1.964805	0.4424891	0.5575109	92.21569
2560	8.85053	-26.4651	35.3157	0.890745	0.109255	0.9713959	0.438873	0.359388	0.288812	0.0834438	0.0218746	0.00545266	0.000935138	0	2.282321	1.969763	0.1092547	0.8907453	93.27446
2570	9.13316	-25.2854	34.4185	0.212375	0.787625	1.14376	0.441284	0.352535	0.281887	0.0820714	0.0222133	0.00565276	0.000935391	0	3.179462	1.729496	0.7876253	0.2123747	53.64089
2580	7.38727	-22.5741	29.9614	0.605933	0.394067	0.229686	0.443375	0.344685	0.292859	0.079484	0.0221611	0.00568097	0.000940517	0	7.636593	1.856176	0.3940667	0.6059333	71.80845
2590	8.84918	-25.1582	34.0074	0.179802	0.820198	0.4356579	0.434799	0.355327	0.28709	0.0800206	0.021849	0.00565103	0.000976134	0	3.590588	1.699393	0.820198	0.179802	50.04874
2600	9.64177	-23.8135	33.4552	0.73364	0.26636	2.595685	0.443708	0.35551	0.284286	0.0812804	0.0214073	0.00572342	0.000971128	0	4.142772	1.914137	0.2663598	0.7336402	82.06102
2610	8.49521	-24.3865	32.8817	0.90942	0.0905798	1.677044	0.434434	0.353982	0.288221	0.0797651	0.0216044	0.0056741	0.000952177	0	4.716311	1.79295	0.0905798	0.9094202	62.07978
2620	9.53296	-26.0104	35.5433	0.0244113	0.975589	2.506507	0.42611	0.347898	0.290408	0.0797155	0.0214859	0.00568931	0.000959751	0	2.054668	1.773483	0.9755887	0.02441132	59.35857
2630	10.2469	-24.6315	34.8784	0.266634	0.733366	1.789751	0.430284	0.34854	0.28169	0.079901	0.0221245	0.00557845	0.000971192	0	2.71958	1.936059	0.7333661	0.2666339	86.3096
2640	7.0856	-23.8878	30.9734	0.518143	0.481857	2.295622	0.431843	0.356414	0.290307	0.0823857	0.0214725	0.00555622	0.000966977	0	6.624639	1.671519	0.4818573	0.5181427	46.93744
2650	9.91584	-22.5237	32.4395	0.251296	0.748704	2.969423	0.432029	0.354154	0.28723	0.0826845	0.0216352	0.0055907	0.000968645	0	5.158502	1.959679	0.7487044	0.2512956	91.13375
2660	8.86475	-27.3303	36.1951	0.0300211	0.969979	2.480314	0.439352	0.35501	0.288457	0.0828421	0.0222309	0.00561055	0.000968164	0	1.402911	1.794001	0.9699789	0.03002109	62.23018
2670	9.30076	-22.9027	32.2034	0.440456	0.559544	2.063145	0.434937	0.358789	0.284245	0.0831278	0.022172	0.00558527	0.000938009	0	5.394579	1.891549	0.5595445	0.4404555	77.902
2680	9.48324	-23.0407	32.524	0.946355	0.0536446	1.706553	0.428115	0.359012	0.291437	0.0831447	0.0213736	0.00551789	0.000949707	0	5.074015	1.960827	0.05364459	0.9463554	91.37484
2690	10.1098	-24.657	34.7668	0.711204	0.288796	2.838518	0.439764	0.358805	0.286711	0.0795871	0.0214989	0.00551729	0.000939491	0	2.831197	1.994339	0.2887958	0.7112042	98.70504
2700	9.85427	-24.23	34.0842	0.595277	0.404723	0.8849841	0.4393	0.360863	0.281764	0.0821438	0.0214623	0.00549474	0.000944546	0	3.513753	1.995206	0.4047227	0.5952773	98.9021
2710	9.83918	-22.7483	32.5875	0.129101	0.870899	3.574402	0.443445	0.359724	0.286076	0.0802178	0.0218295	0.00568608	0.00093436	0	5.010482	1.953198	0.8708986	0.1291014	89.78391
2720	9.71062	-23.1021	32.8128	0.808656	0.191344	2.304237	0.436379	0.348022	0.290982	0.0817754	0.0213632	0.0057248	0.000945803	0	4.785232	1.962739	0.1913445	0.8086555	91.77817
2730	9.61567	-24.6418	34.2574	0.105908	0.894092	0.834657	0.423375	0.351606	0.291257	0.081045	0.0216739	0.00566804	0.000970791	0	3.340551	1.803237	0.8940918	0.1059082	63.56784
2740	9.39679	-24.0494	33.4462	0.21658	0.78342	0.7020536	0.422689	0.347573	0.292474	0.0827752	0.0217448	0.0056039	0.000943624	0	4.15176	1.830597	0.7834198	0.2165802	67.70134
2750	10.2991	-23.0306	33.3296	0.0455579	0.954442	2.775756	0.428517	0.346685	0.282674	0.0818605	0.0215504	0.00571168	0.000935352	0	4.268368	1.917357	0.9544421	0.04555794	82.67179
2760	7.82772	-25.0122	32.8399	0.53507	0.46493	4.713622	0.429738	0.351297	0.286435	0.0831256	0.021763	0.00561001	0.000939054	0	4.75811	1.816291	0.4649296	0.5350704	65.50745
2770	6.88309	-23.6472	30.5303	0.251883	0.748117	6.201311	0.435414	0.34659	0.284851	0.0813911	0.0218406	0.00573048	0.00095534	0	7.06768	1.980822	0.7481167	0.2518833	95.68011
2780	9.42699	-26.2399	35.6669	0.174051	0.825949	3.851253	0.424697	0.353905	0.286704	0.080678	0.0222995	0.00571869	0.000973193	0	1.931082	1.861472	0.8259492	0.1740508	72.68963
2790	10.1691	-25.4356	35.6047	0.0452801	0.95472	2.616885	0.432485	0.355062	0.281263	0.0808142	0.0223378	0.00568053	0.000949741	0	1.99331	1.903852	0.9547199	0.04528007	80.14056
2800	10.2128	-24.0153	34.228	0.10027	0.89973	3.23241	0.424058	0.353441	0.282349	0.0795469	0.0222911	0.00553832	0.000947087	0	3.369948	1.888252	0.8997303	0.1002697	77.31296
2810	9.16233	-24.3916	33.5539	0.253576	0.746424	1.046404	0.438324	0.353513	0.280687	0.0795069	0.0220602	0.00552069	0.000963375	0	4.044064	1.753495	0.7464242	0.2535758	56.68846
2820	8.42082	-24.0052	32.426	0.708114	0.291886	2.071179	0.423286	0.346422	0.290625	0.0817214	0.0221088	0.00566467	0.000969492	0	5.171984	1.772276	0.2918861	0.7081139	59.19377
2830	8.85525	-23.7328	32.588	0.361998	0.638002	3.455226	0.426767	0.350387	0.281969	0.0794784	0.0215581	0.00556058	0.000981945	0	5.009971	1.827154	0.638002	0.361998	67.16674
2840	10.1944	-23.9074	34.1018	0.426699	0.573301	3.528413	0.441802	0.355163	0.291231	0.0810151	0.0214713	0.0055868	0.000953529	0	3.496177	1.969112	0.5733006	0.4266994	93.13491
2850	7.9629	-26.2363	34.1992	0.173167	0.826833	6.499058	0.427349	0.359294	0.287887	0.0814048	0.0222879	0.00571465	0.000951156	0	3.398755	1.887122	0.8268331	0.1731669	77.11206
2860	8.68172	-22.0272	30.7089	0.107718	0.892282	2.172892	0.427123	0.348437	0.292784	0.080353	0.0223193	0.00567929	0.000960516	0	6.889123	1.876323	0.8922825	0.1077175	75.21823
2870	9.24199	-24.0135	33.2555	0.111134	0.888866	0.6487365	0.430727	0.348259	0.29403	0.0795455	0.0221329	0.00566607	0.000950723	0	4.342462	1.773539	0.8888662	0.1111338	59.36615
2880	7.47922	-21.3235	28.8027	0.152928	0.847072	0.4243624	0.430041	0.358357	0.289826	0.079775	0.0221566	0.0057259	0.000938009	0	8.795291	1.999873	0.8470724	0.1529276	99.97076
2890	9.077	-24.7926	33.8696	0.290343	0.709657	3.559108	0.436584	0.35729	0.287116	0.0794885	0.0218956	0.00565298	0.000948429	0	3.728437	1.793343	0.7096567	0.2903433	62.13602
2900	9.33291	-24.0202	33.3531	0.929967	0.0700334	0.7437176	0.437659	0.352537	0.281265	0.0794875	0.0219341	0.00568681	0.000976721	0	4.24486	1.948516	0.07003338	0.9299666	88.82107
2910	10.5219	-22.2559	32.7777	0.0562899	0.94371	2.014317	0.433383	0.362103	0.283157	0.0794821	0.0223217	0.00572524	0.000975731	0	4.820263	1.997761	0.9437101	0.05628989	99.48572
2920	9.35495	-23.0502	32.4052	0.469433	0.530567	0.7127924	0.43655	0.356382	0.289039	0.0812773	0.022306	0.00556359	0.000972061	0	5.192844	1.940783	0.5305674	0.4694326	87.25344
2930	10.2736	-23.1704	33.4439	0.0151534	0.984847	1.993125	0.430081	0.344136	0.286558	0.0801819	0.0222085	0.00559036	0.000981399	0	4.154051	1.873394	0.9848466	0.01515338	74.71261
2940	9.24125	-23.1656	32.4068	0.123565	0.876435	4.296398	0.438603	0.348323	0.286049	0.0821341	0.0219147	0.00551163	0.000964301	0	5.191188	1.923239	0.8764352	0.1235648	83.79912
2950	9.85972	-24.5641	34.4238	0.255661	0.744339	4.158652	0.423774	0.355924	0.282311	0.081784	0.0221116	0.00553653	0.000937781	0	3.174199	1.925276	0.7443389	0.2556611	84.19302
2960	8.26038	-27.5648	35.8252	0.608596	0.391404	1.410948	0.423945	0.349718	0.283013	0.0821335	0.0214235	0.00572343	0.000974319	0	1.772792	1.848135	0.3914037	0.6085963	70.49125
2970	8.37166	-26.9491	35.3207	0.459939	0.540061	1.984118	0.438789	0.350018	0.292362	0.0826181	0.0213286	0.0055277	0.000944231	0	2.277258	1.718454	0.540061	0.459939	52.2942
2980	9.15115	-23.6157	32.7668	0.512988	0.487012	4.38002	0.443808	0.355212	0.292537	0.0804524	0.0216427	0.00565764	0.000946601	0	4.831184	1.949877	0.4870121	0.5129879	89.09983
2990	7.42098	-20.9826	28.4036	0.0346171	0.965383	0.9803774	0.438528	0.359209	0.28405	0.0794774	0.02187	0.00566001	0.000940996	0	9.194418	1.987766	0.9653829	0.03461711	97.22241
3000	9.78945	-22.2607	32.0502	0.381365	0.618635	1.817669	0.441427	0.356299	0.29138	0.08274	0.0220242	0.00555243	0.000945072	0	5.547831	1.989446	0.6186352	0.3813648	97.59923
3010	9.78793	-25.5062	35.2942	0.436072	0.563928	2.113568	0.430973	0.361962	0.287924	0.0812661	0.0216372	0.00569349	0.000946721	0	2.303823	1.927855	0.5639277	0.4360723	84.69453
3020	9.44026	-25.1312	34.5714	0.693468	0.306532	4.217009	0.429335	0.360702	0.288899	0.0812561	0.021506	0.00567793	0.000936473	0	3.026572	1.951187	0.3065325	0.6934675	89.36902
3030	8.96111	-26.2256	35.1867	0.989485	0.0105146	1.811145	0.435866	0.358867	0.283694	0.0796288	0.0214521	0.00546221	0.00094205	0	2.411253	1.928864	0.01051457	0.9894854	84.8915
3040	10.8921	-24.1297	35.0218	0.051712	0.948288	2.407313	0.426537	0.357427	0.292488	0.0805888	0.0218441	0.00548707	0.000968185	0	2.576166	1.987593	0.948288	0.05171204	97.1835
3050	7.90497	-27.1899	35.0948	0.574102	0.425898	5.060989	0.429915	0.361868	0.283971	0.0802666	0.0220963	0.00555579	0.000970852	0	2.503152	1.820107	0.4258979	0.5741021	66.08569
3060	10.4221	-24.5124	34.9345	0.0413362	0.958664	4.191966	0.422953	0.356113	0.29041	0.0803026	0.0223156	0.00553667	0.000961249	0	2.663512	1.953482	0.9586638	0.0413362	89.84244
3070	7.99561	-24.9975	32.9931	0.0969921	0.903008	2.782004	0.439762	0.349028	0.285861	0.0799715	0.0224056	0.00548493	0.000944345	0	4.604911	1.595041	0.9030079	0.09699207	39.35869
3080	8.836	-25.3391	34.1751	0.927738	0.0722622	2.845892	0.436209	0.359666	0.281793	0.0807871	0.0220682	0.00572572	0.000968277	0	3.422923	1.838467	0.07226219	0.9277378	68.93933
3090	7.52859	-23.3412	30.8698	0.350764	0.649236	1.81636	0.442605	0.361816	0.280955	0.0833021	0.0214359	0.00560134	0.000960365	0	6.728212	1.698349	0.6492357	0.3507643	49.92851
3100	6.5422	-26.8222	33.3644	0.769029	0.230971	6.215909	0.432017	0.359683	0.288558	0.0833608	0.0218428	0.00568048	0.00096699	0	4.233645	1.820461	0.230971	0.769029	66.13953
3110	8.96451	-21.819	30.7835	0.0373579	0.962642	3.755941	0.427147	0.349702	0.281177	0.0826478	0.0222868	0.00573007	0.000972156	0	6.814495	1.981616	0.9626421	0.03735794	95.85535
3120	9.68146	-25.5526	35.2341	0.205139	0.794861	1.011608	0.426742	0.355131	0.281382	0.081604	0.0222234	0.00551462	0.00096298	0	2.363933	1.913987	0.794861	0.205139	82.03273
3130	9.23023	-23.1088	32.3391	0.907876	0.0921242	1.686322	0.427956	0.358693	0.28289	0.0816564	0.0217161	0.00552318	0.000971647	0	5.258928	1.921739	0.09212419	0.9078758	83.51007
3140	9.57709	-23.6384	33.2155	0.15059	0.84941	0.2766153	0.422581	0.361161	0.281376	0.0829562	0.0223921	0.00548202	0.000980219	0	4.38252	1.929004	0.8494098	0.1505902	84.91888
3150	9.44968	-25.3864	34.8361	0.0679419	0.932058	0.1168802	0.427621	0.360016	0.281094	0.0830148	0.0220734	0.00551889	0.000982049	0	2.761921	1.932059	0.9320581	0.06794194	85.51838
3160	8.09578	-25.3856	33.4814	0.061816	0.938184	3.276828	0.427503	0.360155	0.283579	0.0806205	0.0216196	0.00548879	0.000982202	0	4.116636	1.599957	0.938184	0.06181604	39.80677
3170	6.55919	-24.5644	31.1236	0.473194	0.526806	3.26918	0.442622	0.362017	0.280505	0.0810089	0.021318	0.00554863	0.000950084	0	6.474396	1.650837	0.526806	0.473194	44.75455
3180	9.45544	-23.8991	33.3546	0.297593	0.702407	4.905776	0.426882	0.350642	0.282415	0.0797002	0.0215288	0.00555857	0.000945943	0	4.243409	1.973961	0.7024071	0.2975929	94.18046
3190	10.2724	-24.3403	34.6127	0.539811	0.460189	1.974062	0.428122	0.35187	0.282636	0.0822591	0.0217315	0.00548627	0.00096199	0	2.985337	1.98764	0.4601891	0.5398109	97.19423
3200	7.75862	-23.5149	31.2736	0.176448	0.823552	4.550191	0.426672	0.356075	0.294055	0.0794781	0.0223054	0.00555974	0.000940531	0	6.324444	1.850524	0.8235523	0.1764477	70.88002
3210	9.19282	-24.2626	33.4554	0.850465	0.149535	3.955067	0.423712	0.35724	0.289214	0.0797098	0.0219228	0.00572844	0.000955775	0	4.142613	1.930696	0.1495346	0.8504654	85.25037
3220	8.13832	-26.6575	34.7958	0.250014	0.749986	1.906824	0.430933	0.346202	0.283162	0.0796575	0.0220852	0.00561013	0.000953126	0	2.802161	1.576743	0.749986	0.250014	37.73493
3230	10.3528	-24.1941	34.5469	0.415998	0.584002	2.230344	0.442688	0.353523	0.286264	0.0824747	0.0216787	0.00573247	0.000956022	0	3.051085	1.966262	0.5840023	0.4159977	92.52567
3240	7.65398	-27.9103	35.5642	0.654237	0.345763	2.6216	0.43783	0.357576	0.284123	0.0827796	0.0218296	0.00560672	0.000977737	0	2.033766	1.707214	0.3457632	0.6542368	50.9582
3250	8.99614	-23.378	32.3741	0.753174	0.246826	0.8256491	0.440246	0.360498	0.284037	0.0811679	0.0221645	0.00551445	0.000962909	0	5.223862	1.900923	0.2468255	0.7531745	79.60173
3260	9.09019	-25.7472	34.8374	0.789796	0.210204	0.9771943	0.433404	0.35349	0.287662	0.082437	0.0223187	0.0055584	0.000969175	0	2.760553	1.910007	0.2102044	0.7897956	81.28435
3270	1.57036	-28.1424	29.7127	0.178786	0.821214	9.467725	0.430372	0.360895	0.289274	0.0804852	0.0217303	0.00562785	0.000974319	0	7.885284	1.836824	0.8212141	0.1787859	68.67897
3280	9.8715	-24.841	34.7126	0.41775	0.58225	0.9902568	0.4431	0.359951	0.289941	0.0803367	0.0218277	0.00563646	0.000962319	0	2.885445	1.967282	0.5822498	0.4177502	92.74314
3290	8.43878	-25.1387	33.5775	0.803588	0.196412	1.805378	0.438001	0.3613	0.292951	0.0799518	0.0214513	0.00572205	0.000969547	0	4.020495	1.747282	0.1964122	0.8035878	55.88325
3300	7.73726	-26.9194	34.6566	0.883794	0.116206	0.4385381	0.428384	0.355775	0.294097	0.0809862	0.0213189	0.00567099	0.000978037	0	2.941374	1.741294	0.1162061	0.8837939	55.11811
3310	7.27963	-27.8664	35.1461	0.921283	0.0787167	0.4486458	0.435809	0.351185	0.294166	0.0795138	0.0218426	0.005694	0.000981768	0	2.451925	1.739006	0.07871675	0.9212833	54.82843
3320	6.40868	-26.6476	33.0563	0.456929	0.543071	0.1647592	0.433979	0.344571	0.292737	0.0795559	0.0216696	0.00566311	0.000969892	0	4.541708	1.40107	0.5430714	0.4569286	25.18082
3330	8.8312	-23.4824	32.3136	0.384011	0.615989	0.08519801	0.429141	0.344343	0.284923	0.0806353	0.0213611	0.00573089	0.000958428	0	5.284366	1.899602	0.6159886	0.3840114	79.36003
3340	8.82566	-25.2696	34.0953	0.967858	0.0321421	0.2778573	0.432194	0.357059	0.283365	0.0813619	0.0217781	0.0056237	0.000962527	0	3.50271	1.928999	0.03214211	0.9678579	84.91783
3350	5.5548	-29.1991	34.754	0.362484	0.637516	0.9318175	0.431197	0.345565	0.283634	0.0794979	0.0214482	0.0057006	0.000955783	0	2.844046	1.254972	0.6375162	0.3624838	17.98755
3360	7.66726	-28.9484	36.6156	0.125514	0.874486	1.49639	0.430889	0.35593	0.280314	0.0818761	0.0216745	0.00563864	0.000980775	0	0.9823499	1.928724	0.8744859	0.1255141	84.86419
3370	4.49696	-27.0244	31.5214	0.554034	0.445966	1.5039	0.426854	0.356113	0.285631	0.0817234	0.0223158	0.00554879	0.000979182	0	6.076628	1.295305	0.4459665	0.5540335	19.7381
3380	9.7735	-22.6752	32.4487	0.399449	0.600551	3.111006	0.432416	0.356888	0.286344	0.0800169	0.0222243	0.00547309	0.000966422	0	5.149342	1.963785	0.6005514	0.3994486	91.9995
3390	10.0351	-24.7187	34.7539	0.307789	0.692211	1.738069	0.440197	0.351516	0.281197	0.0814199	0.021708	0.00551456	0.000954196	0	2.844144	1.907596	0.6922108	0.3077892	80.83436
3400	8.35453	-21.6826	30.0372	0.255546	0.744454	2.25654	0.431078	0.362101	0.291147	0.0812852	0.0219618	0.00545591	0.000935182	0	7.56083	1.935371	0.7444536	0.2555464	86.17286
3410	8.78346	-27.0337	35.8172	0.306318	0.693682	3.600773	0.443345	0.358317	0.279919	0.0833826	0.0222819	0.005485	0.000946783	0	1.780831	1.828227	0.6936819	0.3063181	67.33287
3420	8.97521	-27.3441	36.3193	0.204389	0.795611	1.875431	0.438485	0.347428	0.287453	0.0830014	0.0221718	0.00549666	0.00097994	0	1.278709	1.987581	0.7956114	0.2043886	97.18089
3430	8.63487	-25.0421	33.677	0.627542	0.372458	1.54742	0.434167	0.345483	0.286457	0.0832018	0.0223077	0.00566006	0.000980999	0	3.920986	1.73377	0.3724583	0.6275417	54.17136
3440	7.65973	-23.2449	30.9046	0.781269	0.218731	2.682688	0.436299	0.353316	0.293986	0.0831996	0.0221689	0.00551313	0.000952934	0	6.693369	1.80689	0.2187314	0.7812686	64.10473
3450	7.16039	-27.0799	34.2403	0.957532	0.042468	6.423019	0.443519	0.353162	0.291967	0.0832845	0.0222347	0.00559003	0.000976001	0	3.357678	1.907952	0.04246802	0.957532	80.9006
3460	9.5094	-25.5803	35.0897	0.572374	0.427626	1.372985	0.424974	0.3567	0.294343	0.0824522	0.0222203	0.00570433	0.000966513	0	2.508344	1.925152	0.427626	0.572374	84.16895
3470	8.30663	-26.6149	34.9215	0.750065	0.249935	5.945698	0.423836	0.355682	0.29171	0.0812314	0.0217413	0.00558163	0.000968587	0	2.676462	1.964387	0.2499347	0.7500653	92.12702
3480	9.0418	-23.7109	32.7527	0.555105	0.444895	3.162004	0.428803	0.360709	0.285342	0.080321	0.0217148	0.00562397	0.000968962	0	4.845271	1.857566	0.4448954	0.5551046	72.03879
3490	3.95898	-24.1503	28.1093	0.975197	0.0248031	4.046638	0.442336	0.356073	0.282792	0.0829835	0.0214935	0.0056024	0.000970646	0	9.488734	1.69801	0.02480308	0.9751969	49.88954
3500	10.0515	-24.7693	34.8208	0.123597	0.876403	4.975716	0.434687	0.349398	0.284402	0.0832346	0.0215195	0.00565564	0.000977471	0	2.777176	1.97606	0.8764032	0.1235968	94.6367
3510	9.91008	-24.7431	34.6532	0.252267	0.747733	3.483628	0.443591	0.353746	0.293432	0.0816027	0.022064	0.00556703	0.000970688	0	2.944795	1.880851	0.7477333	0.2522667	76.00661
3520	9.9454	-23.3481	33.2935	0.406001	0.593999	3.457907	0.422409	0.357356	0.288453	0.083546	0.0221774	0.00550947	0.000964702	0	4.304484	1.952331	0.5939993	0.4060007	89.60485
3530	9.33333	-24.3871	33.7204	0.328439	0.671561	5.057784	0.423536	0.354793	0.288747	0.0806283	0.0222844	0.0056144	0.000971516	0	3.877606	1.950491	0.6715615	0.3284385	89.22601
3540	9.06339	-25.9969	35.0603	0.395371	0.604629	3.148252	0.424644	0.354818	0.286558	0.0802022	0.0222273	0.00548091	0.000981802	0	2.537725	1.790179	0.6046294	0.3953706	61.68489
3550	8.79215	-25.3407	34.1329	0.411384	0.588616	5.543673	0.435045	0.356229	0.285	0.0797283	0.022201	0.00548266	0.000951551	0	3.465116	1.934115	0.5886163	0.4113837	85.92414
3560	9.41701	-25.6997	35.1167	0.406736	0.593264	3.040317	0.43216	0.344769	0.28351	0.0814966	0.0219065	0.00546791	0.000980674	0	2.481329	1.842424	0.5932645	0.4067355	69.57035
3570	9.86812	-26.2084	36.0765	0.0161501	0.98385	2.859561	0.437418	0.350268	0.287444	0.0810597	0.0222471	0.00570516	0.000978528	0	1.521466	1.925876	0.9838499	0.01615007	84.30938
3580	7.73605	-22.6813	30.4174	0.330645	0.669355	2.10606	0.42659	0.347675	0.289762	0.0832942	0.0218816	0.00564975	0.000944699	0	7.180612	1.785328	0.6693552	0.3306448	60.99968
3590	10.0001	-25.8189	35.819	0.294652	0.705348	3.425939	0.437621	0.353372	0.286227	0.0833641	0.0215571	0.00560504	0.000949901	0	1.77901	1.998164	0.7053485	0.2946515	99.57805
3600	10.0798	-24.8831	34.9629	0.413499	0.586501	2.457204	0.443163	0.352904	0.288187	0.0825715	0.021555	0.00555873	0.000948783	0	2.635098	1.936498	0.5865009	0.4134991	86.39682
3610	8.96521	-24.4845	33.4497	0.0889563	0.911044	0.7999991	0.438639	0.358247	0.291156	0.0814726	0.0219651	0.00552062	0.000938559	0	4.14829	1.689069	0.9110437	0.08895632	48.87297
3620	9.84716	-24.5117	34.3589	0.451879	0.548121	3.44584	0.438384	0.361444	0.283672	0.0811136	0.0220236	0.00559993	0.000946925	0	3.239128	1.917253	0.548121	0.451879	82.65186
3630	9.0208	-23.8565	32.8773	0.192497	0.807503	1.605981	0.441316	0.348497	0.288717	0.0822663	0.0218218	0.00556175	0.000952809	0	4.720712	1.736801	0.8075034	0.1924966	54.55073
3640	9.85013	-25.413	35.2631	0.350185	0.649815	2.313739	0.440157	0.347778	0.291305	0.0819739	0.0217421	0.00562406	0.000972077	0	2.334897	1.899442	0.6498152	0.3501848	79.33076
3650	9.94701	-21.8051	31.7521	0.048518	0.951482	2.03714	0.433274	0.344712	0.294455	0.0818109	0.0213983	0.00546546	0.000943844	0	5.845911	1.999182	0.951482	0.04851805	99.81191
3660	6.9431	-28.1455	35.0886	0.733637	0.266363	0.5202129	0.430418	0.34841	0.289645	0.0806086	0.0215061	0.00549832	0.000945011	0	2.509447	1.619499	0.2663627	0.7336373	41.63884
3670	10.2237	-22.577	32.8008	0.151575	0.848425	2.927739	0.442578	0.357152	0.292876	0.0815486	0.0222867	0.00545641	0.000959155	0	4.797245	1.967364	0.8484253	0.1515747	92.76065
3680	10.2409	-24.8705	35.1115	0.374869	0.625131	2.808529	0.432507	0.360787	0.287658	0.0796909	0.0219266	0.00554151	0.000969475	0	2.486509	1.957509	0.6251306	0.3748694	90.67946
3690	10.7746	-23.5715	34.346	0.189703	0.810297	2.810332	0.426009	0.360386	0.28157	0.0797238	0.0216376	0.00554917	0.000965842	0	3.251962	1.987013	0.8102973	0.1897027	97.05381
3700	6.55628	-26.5629	33.1192	0.528381	0.471619	1.746576	0.435776	0.360773	0.281077	0.0830261	0.0221455	0.00562345	0.00094497	0	4.47884	1.464401	0.4716186	0.5283814	29.13404
3710	7.04734	-24.938	31.9853	0.903224	0.0967757	2.875454	0.438489	0.360217	0.28269	0.0823403	0.0217717	0.00555673	0.000940166	0	5.61266	1.693668	0.09677571	0.9032243	49.39332
3720	10.1683	-25.0407	35.209	0.0778787	0.922121	3.981846	0.428774	0.361566	0.290355	0.0808375	0.0222001	0.00555368	0.000957547	0	2.388972	1.920598	0.9221213	0.0778787	83.2909
3730	7.47267	-28.7731	36.2457	0.390146	0.609854	4.948036	0.435529	0.346563	0.290532	0.08045	0.0222423	0.00555143	0.000935572	0	1.352273	1.850999	0.6098537	0.3901463	70.95755
3740	9.92445	-24.0935	34.018	0.93099	0.0690096	3.285479	0.443353	0.353363	0.291784	0.0798719	0.0222618	0.00573153	0.00093722	0	3.580014	1.9942	0.06900957	0.9309904	98.67347
3750	9.92745	-22.4538	32.3813	0.0947297	0.90527	2.494215	0.439452	0.355228	0.280458	0.0832944	0.0218061	0.00561994	0.000935322	0	5.216713	1.934159	0.9052703	0.09472971	85.93273
3760	9.63731	-24.2647	33.902	0.461163	0.538837	1.172182	0.435414	0.354153	0.284473	0.0805595	0.021839	0.00547287	0.00095346	0	3.696023	1.887781	0.5388371	0.4611629	77.22906
3770	8.19017	-22.1609	30.3511	0.404807	0.595193	0.6120337	0.440815	0.35145	0.293276	0.0795082	0.0219645	0.00553108	0.000962624	0	7.246926	1.916488	0.5951928	0.4048072	82.50638
3780	10.2083	-23.8192	34.0274	0.104679	0.895321	1.557065	0.437496	0.346624	0.289277	0.0817776	0.0219766	0.00559718	0.000943042	0	3.570559	1.887624	0.8953205	0.1046795	77.2012
3790	7.47541	-22.3418	29.8172	0.127351	0.872649	3.485394	0.432482	0.358266	0.283235	0.0828422	0.0213249	0.00562851	0.000939009	0	7.780757	1.858729	0.8726486	0.1273514	72.23184
3800	10.444	-24.0444	34.4885	0.111407	0.888593	2.093114	0.426351	0.350871	0.285466	0.0835118	0.0217044	0.00564355	0.000953727	0	3.109533	1.909445	0.8885925	0.1114075	81.17915
3810	8.10915	-23.9514	32.0605	0.203077	0.796923	2.551525	0.425125	0.356869	0.290575	0.08284	0.0213588	0.0055874	0.000951273	0	5.537469	1.685575	0.7969229	0.2030771	48.48136
3820	10.0873	-23.9719	34.0593	0.500459	0.499541	3.155992	0.42265	0.347686	0.283842	0.0825926	0.021294	0.00566185	0.00093372	0	3.538737	1.955669	0.4995413	0.5004587	90.296
3830	9.77166	-22.806	32.5776	0.151719	0.848281	2.406499	0.43465	0.352646	0.281317	0.0823088	0.0213376	0.00557783	0.000964041	0	5.020356	1.888584	0.8482806	0.1517194	77.37206
3840	9.31151	-23.0512	32.3627	0.482966	0.517034	3.365989	0.436411	0.355489	0.283152	0.0828893	0.0215107	0.00569236	0.000959221	0	5.235282	1.923621	0.5170339	0.4829661	83.87279
3850	7.65157	-26.8534	34.505	0.279981	0.720019	1.561626	0.439492	0.358763	0.281467	0.0819453	0.0216224	0.00562727	0.000941371	0	3.093041	1.509801	0.7200193	0.2799807	32.34457
3860	8.8048	-21.9875	30.7923	0.155111	0.844889	1.166827	0.431675	0.361796	0.28939	0.0796525	0.0217329	0.00546552	0.000945588	0	6.805707	1.920447	0.8448892	0.1551108	83.26204
3870	10.6104	-23.7506	34.361	0.210244	0.789756	2.65721	0.425175	0.354028	0.293343	0.0808386	0.0217106	0.00563906	0.000947574	0	3.236948	1.965067	0.7897564	0.2102436	92.27132
3880	10.1564	-23.841	33.9974	0.163112	0.836888	1.147485	0.438406	0.351105	0.283139	0.0812928	0.0217907	0.00553184	0.000935329	0	3.600617	1.931784	0.8368877	0.1631123	85.4642
3890	9.04328	-23.5432	32.5865	0.153858	0.846142	0.4482231	0.430202	0.358842	0.289955	0.0804673	0.0223553	0.0054816	0.000943285	0	5.01151	1.817495	0.8461419	0.1538581	65.68935
3900	8.10898	-22.639	30.748	0.0382812	0.961719	1.560611	0.431981	0.344567	0.285336	0.0797224	0.0214992	0.00554297	0.000949193	0	6.849976	1.743199	0.9617188	0.03828121	55.36038
3910	10.0653	-23.3693	33.4346	0.632261	0.367739	1.771232	0.433325	0.351693	0.287249	0.0796941	0.021722	0.00552212	0.000948766	0	4.163379	1.979947	0.3677393	0.6322607	95.48757
3920	8.43972	-22.8839	31.3236	0.228641	0.771359	4.516981	0.426595	0.356474	0.288585	0.0803584	0.0223153	0.00560663	0.000944293	0	6.274382	1.94209	0.771359	0.228641	87.5165
3930	8.02012	-28.6196	36.6398	0.359308	0.640692	3.59213	0.434086	0.354752	0.286903	0.0824365	0.0214427	0.00547573	0.000945686	0	0.9582382	1.997712	0.6406925	0.3593075	99.47456
3940	6.44347	-27.3164	33.7598	0.103938	0.896062	6.015666	0.44175	0.358122	0.288314	0.0823641	0.021605	0.00565127	0.000947231	0	3.838161	1.668853	0.8960619	0.1039381	46.65013
3950	10.6355	-23.3814	34.0169	0.231464	0.768536	2.292254	0.437232	0.361821	0.285036	0.0814274	0.0222732	0.00573468	0.00093696	0	3.581117	1.98481	0.7685364	0.2314636	96.56279
3960	7.87135	-27.8317	35.703	0.270718	0.729282	4.703408	0.438512	0.355092	0.286995	0.0828661	0.0220729	0.00571985	0.000953909	0	1.894953	1.756177	0.7292817	0.2707183	57.03961
3970	9.07973	-24.6333	33.713	0.10825	0.89175	5.624472	0.444183	0.359326	0.28527	0.0817365	0.021984	0.00569223	0.000961781	0	3.885006	1.937054	0.8917496	0.1082504	86.50745
3980	10.5634	-23.0706	33.6339	0.326306	0.673694	2.675062	0.434093	0.350845	0.28928	0.0815166	0.0221504	0.00566517	0.000965863	0	3.964053	1.995522	0.6736939	0.3263061	98.9743
3990	10.0489	-23.2207	33.2696	0.551736	0.448264	1.667294	0.444189	0.352077	0.289572	0.0800337	0.0218893	0.00562206	0.000960925	0	4.328409	1.972081	0.4482643	0.5517357	93.77374
4000	3.65132	-23.8523	27.5037	0.792855	0.207145	2.186022	0.433106	0.350261	0.291902	0.0809176	0.0214697	0.00549009	0.000969937	0	10.09434	1.570351	0.2071453	0.7928547	37.18357
4010	6.42823	-23.2103	29.6386	0.563456	0.436544	0.8534718	0.426774	0.354033	0.281559	0.0808836	0.0215898	0.00545624	0.000975152	0	7.959436	1.669804	0.4365439	0.5634561	46.75242
4020	10.8046	-23.5633	34.3678	0.0914964	0.908504	2.832783	0.430445	0.349206	0.280984	0.0813367	0.0213618	0.00553065	0.000964639	0	3.230148	1.968991	0.9085036	0.09149643	93.10896
4030	8.84164	-23.6961	32.5377	0.560692	0.439308	1.855857	0.438493	0.350016	0.284685	0.0812149	0.0215177	0.00563903	0.000981199	0	5.060252	1.798652	0.4393075	0.5606925	62.90015
4040	6.72932	-23.8146	30.5439	0.517697	0.482303	2.615349	0.423388	0.347797	0.28711	0.0812421	0.0222668	0.00560624	0.000938774	0	7.054116	1.681155	0.4823027	0.5176973	47.99051
4050	8.63381	-25.4099	34.0437	0.309406	0.690594	0.5909621	0.430939	0.352791	0.286285	0.0819556	0.0220081	0.00548895	0.000948855	0	3.554312	1.695439	0.6905938	0.3094062	49.59507
4060	9.9071	-24.7388	34.6459	0.272328	0.727672	3.010193	0.431927	0.358893	0.284666	0.0828664	0.0216109	0.00557552	0.0009342	0	2.952086	1.876172	0.7276723	0.2723277	75.19208
4070	8.65378	-22.8118	31.4656	0.714882	0.285118	3.441735	0.427279	0.357203	0.281225	0.0804623	0.0213726	0.00552737	0.000954606	0	6.132402	1.929209	0.285118	0.714882	84.95885
4080	8.75135	-26.0021	34.7535	0.407396	0.592604	3.501805	0.444095	0.353909	0.280543	0.0796524	0.0214781	0.00553043	0.000980229	0	2.844533	1.761894	0.5926035	0.4073965	57.7955
4090	7.1558	-22.9574	30.1132	0.222753	0.777247	2.756161	0.433686	0.348194	0.28081	0.0813868	0.0217833	0.00548263	0.000951608	0	7.484843	1.741394	0.7772469	0.2227531	55.13073
4100	9.51987	-25.7219	35.2418	0.242179	0.757821	2.677992	0.425579	0.359108	0.291072	0.0796825	0.0213101	0.00561049	0.000934949	0	2.356224	1.826064	0.7578206	0.2421794	66.99828
4110	6.7309	-21.4281	28.1589	0.191972	0.808028	1.468892	0.422685	0.348817	0.294051	0.0798726	0.021422	0.00547647	0.000945488	0	9.439048	1.869889	0.8080285	0.1919715	74.11211
4120	9.9418	-24.9531	34.8949	0.204693	0.795307	3.917845	0.442351	0.353143	0.292907	0.0810917	0.0219304	0.00549328	0.000943402	0	2.703137	1.910923	0.7953074	0.2046926	81.456
4130	9.39237	-21.4703	30.8627	0.0338728	0.966127	2.077226	0.438632	0.351896	0.283545	0.0798071	0.0219493	0.00549126	0.000963299	0	6.735289	1.989281	0.9661272	0.03387279	97.56216
4140	10.7822	-22.8099	33.5921	0.0937585	0.906241	2.563245	0.437052	0.35534	0.284062	0.0809891	0.0215028	0.00559623	0.000963325	0	4.005912	1.99292	0.9062415	0.09375855	98.38293
4150	9.72189	-24.6176	34.3395	0.147924	0.852076	0.8495987	0.441641	0.357695	0.287657	0.0816258	0.0213675	0.00561475	0.000972124	0	3.258512	1.843644	0.8520763	0.1479237	69.76599
4160	8.78228	-27.3444	36.1266	0.193961	0.806039	4.171456	0.440765	0.360904	0.284502	0.0804598	0.0213327	0.00556503	0.000949603	0	1.471352	1.882298	0.8060387	0.1939613	76.26028
4170	8.08652	-25.2159	33.3025	0.404175	0.595825	4.555742	0.425741	0.357386	0.293603	0.0830196	0.0214691	0.00558907	0.000953495	0	4.295544	1.788863	0.5958247	0.4041753	61.49834
4180	9.61634	-21.848	31.4643	0.310689	0.689311	2.111826	0.426459	0.357646	0.292029	0.0829908	0.0214827	0.00547931	0.000961447	0	6.133658	1.999871	0.689311	0.310689	99.97035
4190	9.15314	-25.6878	34.8409	0.749023	0.250977	2.251209	0.423963	0.358078	0.289737	0.0828915	0.0214934	0.00547132	0.000975582	0	2.757105	1.857214	0.2509772	0.7490228	71.98033
4200	7.85726	-24.0994	31.9566	0.961827	0.0381727	1.459222	0.428106	0.355726	0.290164	0.0817625	0.0216442	0.00557785	0.000979031	0	5.641381	1.748738	0.03817269	0.9618273	56.071
4210	10.0732	-24.336	34.4092	0.0329304	0.96707	1.186464	0.426312	0.357988	0.286205	0.0821611	0.0217515	0.00551916	0.000947973	0	3.1888	1.857594	0.9670696	0.03293035	72.04343
4220	9.59571	-22.139	31.7347	0.0125801	0.98742	2.369545	0.428909	0.356369	0.28186	0.0803324	0.0217406	0.00546846	0.000944798	0	5.863255	1.918562	0.9874199	0.01258009	82.90149
4230	9.87984	-25.2004	35.0802	0.291984	0.708016	3.73759	0.438818	0.35569	0.282224	0.0800176	0.0219995	0.00571449	0.000977669	0	2.517791	1.906418	0.7080157	0.2919843	80.61538
4240	8.56359	-25.7776	34.3412	0.37998	0.62002	2.992794	0.427985	0.349547	0.290483	0.0810376	0.0217858	0.00570171	0.000966665	0	3.256761	1.700919	0.6200205	0.3799795	50.22487
4250	9.54853	-25.9083	35.4568	0.108605	0.891395	3.494137	0.424369	0.357361	0.282599	0.0802676	0.0214746	0.00558067	0.000964475	0	2.141182	1.826704	0.8913951	0.1086049	67.09712
4260	8.69914	-25.9187	34.6178	0.00267206	0.997328	3.52965	0.436534	0.348063	0.286455	0.0796461	0.021547	0.00556976	0.000947833	0	2.980187	1.654704	0.9973279	0.002672056	45.15482
4270	9.36142	-22.9384	32.2998	0.000730304	0.99927	1.637821	0.444069	0.346005	0.283338	0.0808847	0.0214202	0.00551981	0.000940525	0	5.298158	1.802014	0.9992697	0.0007303036	63.38907
4280	8.83913	-23.2794	32.1185	0.897792	0.102208	3.657914	0.425946	0.348854	0.280628	0.0832347	0.0214006	0.00568226	0.000961787	0	5.479456	1.933536	0.1022083	0.8977917	85.80968
4290	8.83577	-22.7986	31.6343	0.600725	0.399275	2.862635	0.430802	0.348112	0.283642	0.0826549	0.0214175	0.00569801	0.000937639	0	5.963667	1.904833	0.3992746	0.6007254	80.32178
4300	6.93855	-24.9322	31.8708	0.261815	0.738185	5.92124	0.429039	0.346953	0.289332	0.0829653	0.0222241	0.00569299	0.000945831	0	5.727239	1.849353	0.7381855	0.2618145	70.68924
4310	10.0497	-23.3923	33.4421	0.600687	0.399313	3.514547	0.430107	0.345618	0.287364	0.0825287	0.0219518	0.00567366	0.000970652	0	4.155921	1.987398	0.3993129	0.6006871	97.13998
4320	9.73189	-26.2427	35.9746	0.0769102	0.92309	4.369278	0.424009	0.346062	0.283031	0.0831939	0.022303	0.00547932	0.000955815	0	1.623442	1.958899	0.9230898	0.07691023	90.97025
4330	9.16497	-25.4097	34.5747	0.693152	0.306848	2.254686	0.435921	0.354847	0.283246	0.0820564	0.0214518	0.00559941	0.000979123	0	3.023305	1.832676	0.3068481	0.6931519	68.02622
4340	9.60586	-25.4015	35.0074	0.250956	0.749044	2.125349	0.441826	0.35639	0.290113	0.0801229	0.0213889	0.00559205	0.000972892	0	2.590599	1.811365	0.7490438	0.2509562	64.76869
4350	8.86161	-25.7872	34.6488	0.400454	0.599546	3.804268	0.43703	0.345063	0.284999	0.0826877	0.0220058	0.00573319	0.00097265	0	2.949203	1.788963	0.5995458	0.4004542	61.51244
4360	6.23054	-27.6794	33.9099	0.129255	0.870745	5.853378	0.426107	0.351482	0.283355	0.0835374	0.0220533	0.00548494	0.000968093	0	3.688062	1.624978	0.8707448	0.1292552	42.16748
4370	10.2376	-24.9531	35.1907	0.141901	0.858099	3.361521	0.424673	0.346816	0.28044	0.083172	0.0222309	0.00554963	0.00095459	0	2.40734	1.918136	0.8580991	0.1419009	82.82006
4380	8.15553	-23.3966	31.5521	0.932353	0.0676467	2.935438	0.431619	0.355399	0.280639	0.0826709	0.0223843	0.00566711	0.000940697	0	6.045855	1.852296	0.06764665	0.9323533	71.16985
4390	9.0248	-23.855	32.8798	0.306352	0.693648	1.280044	0.436661	0.350039	0.286336	0.0820999	0.0222765	0.00557593	0.000965042	0	4.718168	1.765965	0.6936476	0.3063524	58.33982
4400	9.11935	-25.8851	35.0045	0.503188	0.496812	1.534057	0.433068	0.346161	0.286055	0.0819197	0.0222378	0.0054935	0.000969897	0	2.5935	1.817827	0.4968116	0.5031884	65.7396
4410	9.75363	-23.4302	33.1839	0.938375	0.0616253	1.717002	0.427233	0.344218	0.286515	0.0815638	0.0221074	0.00561924	0.000970122	0	4.41413	1.968223	0.06162535	0.9383747	92.94427
4420	8.97751	-24.776	33.7535	0.225268	0.774732	0.3106309	0.426579	0.34545	0.285035	0.0814478	0.0217023	0.00566648	0.000942484	0	3.844461	1.7755	0.7747324	0.2252676	59.6348
4430	10.5126	-22.9604	33.473	0.197144	0.802856	1.663064	0.437853	0.348394	0.289139	0.0821039	0.021811	0.00561651	0.000965394	0	4.125038	1.991127	0.8028562	0.1971438	97.9777
4440	9.70239	-24.5886	34.2909	0.654983	0.345017	3.907502	0.433575	0.357122	0.283869	0.08356	0.0223931	0.00549871	0.000948693	0	3.307052	1.955713	0.3450168	0.6549832	90.30529
4450	9.64513	-23.3938	33.0389	0.747458	0.252542	2.513637	0.428074	0.349541	0.284695	0.08151	0.0215411	0.00568758	0.000943818	0	4.559054	1.937729	0.252542	0.747458	86.64206
4460	7.68332	-24.039	31.7223	0.276332	0.723668	2.668762	0.427973	0.360803	0.285468	0.083313	0.0216393	0.00561179	0.000965454	0	5.87572	1.669422	0.7236684	0.2763316	46.71133
4470	8.70983	-26.8922	35.602	0.849421	0.150579	1.020618	0.42705	0.361035	0.285216	0.0832305	0.0213096	0.00562342	0.000964951	0	1.996011	1.983995	0.1505789	0.8494211	96.38184
4480	10.613	-24.5127	35.1258	0.0790259	0.920974	1.745841	0.427698	0.357759	0.285395	0.0823918	0.0216839	0.00568092	0.000972571	0	2.47224	1.980257	0.9209741	0.0790259	95.55586
4490	9.40166	-25.9051	35.3067	0.854575	0.145425	2.829029	0.441416	0.353804	0.289154	0.0834656	0.0213892	0.00569108	0.00096216	0	2.291265	1.956109	0.1454246	0.8545754	90.38768
4500	9.65311	-24.9699	34.623	0.300934	0.699066	4.974739	0.437974	0.34714	0.28746	0.082597	0.0212996	0.00566624	0.000976297	0	2.974982	1.958881	0.6990655	0.3009345	90.96632
4510	10.2861	-24.707	34.9931	0.365634	0.634366	2.974728	0.435579	0.353134	0.288593	0.0822276	0.0213968	0.00571488	0.000960942	0	2.604918	1.959119	0.6343663	0.3656337	91.01623
4520	5.95053	-21.5392	27.4898	0.166333	0.833667	2.932024	0.424945	0.346311	0.293615	0.0830012	0.0215304	0.00566198	0.00094383	0	10.10824	1.869951	0.8336673	0.1663327	74.12258
4530	6.38714	-25.3123	31.6995	0.37451	0.62549	2.561662	0.42279	0.349245	0.29284	0.0820732	0.0217249	0.0054515	0.000937484	0	5.898529	1.528507	0.6254904	0.3745096	33.76817
4540	8.41336	-21.6994	30.1127	0.389052	0.610948	2.683181	0.423449	0.351119	0.291244	0.0829108	0.0223852	0.00550264	0.000953345	0	7.485256	1.957788	0.6109483	0.3890517	90.73779
4550	9.06527	-24.5769	33.6422	0.161726	0.838274	0.9742568	0.440271	0.346422	0.289183	0.0806151	0.021922	0.00554111	0.000971861	0	3.955836	1.704329	0.8382739	0.1617261	50.6208
4560	7.21595	-21.879	29.0949	0.544983	0.455017	0.1316107	0.441434	0.35579	0.283012	0.0797119	0.0223793	0.00560989	0.000969383	0	8.503095	1.944624	0.4550165	0.5449835	88.02854
4570	8.3339	-25.1425	33.4765	0.192505	0.807495	0.6267733	0.442354	0.36125	0.281787	0.0821414	0.0218447	0.00562287	0.000941955	0	4.121543	1.608753	0.8074955	0.1925045	40.62121
4580	9.47113	-23.3923	32.8634	0.0185952	0.981405	4.734303	0.443399	0.346881	0.294469	0.0819698	0.021897	0.00557314	0.000938761	0	4.734583	1.946871	0.9814048	0.01859517	88.48534
4590	8.79699	-26.6979	35.4949	0.225016	0.774984	5.383398	0.442401	0.345533	0.289207	0.0820907	0.0222851	0.00556392	0.000965026	0	2.103071	1.895052	0.7749844	0.2250156	78.53298
4600	8.86845	-26.2773	35.1458	0.315511	0.684489	2.443276	0.437588	0.349104	0.286883	0.0825639	0.0221316	0.00554426	0.000976514	0	2.452241	1.724494	0.6844895	0.3155105	53.02657
4610	9.61188	-22.1633	31.7752	0.569377	0.430623	2.276296	0.442145	0.346602	0.293472	0.0817654	0.0221783	0.00553396	0.000972124	0	5.82283	1.991796	0.4306231	0.5693769	98.12874
4620	10.2727	-23.6559	33.9285	0.622953	0.377047	2.247881	0.43274	0.34887	0.292823	0.0822151	0.022049	0.00562926	0.000945125	0	3.669467	1.991289	0.3770469	0.6229531	98.01423
4630	7.57285	-21.4774	29.0503	0.387538	0.612462	1.408438	0.431719	0.351483	0.284254	0.0804206	0.0219275	0.00566214	0.000977322	0	8.547716	1.921042	0.6124625	0.3875375	83.37627
4640	9.4576	-25.9995	35.4571	0.729068	0.270932	2.380444	0.42706	0.350017	0.283578	0.0798424	0.0216504	0.00563001	0.000951265	0	2.140915	1.960548	0.2709317	0.7290683	91.31622
4650	10.3423	-23.7154	34.0577	0.0695988	0.930401	1.273549	0.434189	0.351385	0.284762	0.082374	0.022254	0.00564446	0.000940057	0	3.540292	1.930329	0.9304012	0.06959884	85.17828
4660	10.7173	-23.6129	34.3302	0.105387	0.894613	2.881063	0.425388	0.346539	0.283328	0.07961	0.0218171	0.00573328	0.000965881	0	3.267817	1.954854	0.8946131	0.1053869	90.12673
4670	8.08261	-25.353	33.4356	0.754341	0.245659	0.4815217	0.431459	0.350942	0.289887	0.0822863	0.0222511	0.00573169	0.000976087	0	4.162377	1.718947	0.2456586	0.7543414	52.35369
4680	7.36305	-23.77	31.133	0.649209	0.350791	1.487466	0.441703	0.355486	0.28972	0.0814781	0.0215844	0.00565501	0.000980681	0	6.464998	1.68834	0.3507913	0.6492087	48.79098
4690	10.0174	-24.4148	34.4322	0.503573	0.496427	3.442269	0.442175	0.353754	0.287588	0.080575	0.0218332	0.00558893	0.000953406	0	3.165813	1.949485	0.4964271	0.5035729	89.01937
4700	9.58612	-24.2751	33.8613	0.833422	0.166578	3.045293	0.433704	0.34504	0.293385	0.0804957	0.0214261	0.00569782	0.000952391	0	3.736739	1.928376	0.166578	0.833422	84.79608
4710	7.11306	-27.1073	34.2203	0.260894	0.739106	5.868181	0.443998	0.344148	0.294351	0.079799	0.0221952	0.00571667	0.000941473	0	3.377688	1.743467	0.7391058	0.2608942	55.39458
4720	10.2537	-25.0133	35.267	0.254165	0.745835	3.731143	0.431904	0.34428	0.293763	0.0808139	0.0221456	0.00567238	0.000949222	0	2.330974	1.970755	0.7458348	0.2541652	93.48778
4730	6.424	-28.956	35.38	0.0242533	0.975747	6.108972	0.42951	0.346652	0.29232	0.0811176	0.0220987	0.00554696	0.000944095	0	2.218027	1.636418	0.9757467	0.02425328	43.293
4740	7.14508	-25.4347	32.5798	0.655184	0.344816	1.737866	0.441711	0.350776	0.288274	0.0822981	0.0215598	0.00553083	0.000956145	0	5.018237	1.584953	0.3448163	0.6551837	38.45498
4750	10.2635	-25.1136	35.3772	0.141526	0.858474	2.681062	0.422339	0.351761	0.285697	0.0831557	0.0213826	0.00557755	0.00093442	0	2.220818	1.93244	0.8584739	0.1415261	85.59326
4760	10.4466	-23.4153	33.8619	0.439315	0.560685	2.471507	0.424468	0.344595	0.287532	0.0831467	0.0214266	0.0056657	0.000960255	0	3.73611	1.987257	0.5606853	0.4393147	97.10842
4770	9.21871	-24.0259	33.2446	0.0778109	0.922189	5.232012	0.423382	0.361788	0.294583	0.0835822	0.0222619	0.00567658	0.00097519	0	4.353414	1.932701	0.9221891	0.07781085	85.64484
4780	8.07359	-26.4308	34.5044	0.111116	0.888884	7.059931	0.4266	0.362106	0.293347	0.0797525	0.0217206	0.00566297	0.000974181	0	3.093587	1.94071	0.8888843	0.1111157	87.23888
4790	8.84844	-26.8526	35.7011	0.724059	0.275941	2.277108	0.429591	0.355207	0.287788	0.0820917	0.021472	0.00569349	0.000954534	0	1.896917	1.911917	0.275941	0.724059	81.64263
4800	9.66696	-25.8134	35.4804	0.292393	0.707607	4.548421	0.435315	0.35269	0.282575	0.0815714	0.0221436	0.00564789	0.000964748	0	2.117641	1.955263	0.7076067	0.2923933	90.21164
4810	7.58675	-23.2752	30.862	0.00167097	0.998329	4.755067	0.42866	0.3489	0.283377	0.0819948	0.0221309	0.00560743	0.000936954	0	6.736026	1.858577	0.998329	0.001670968	72.20657
4820	10.0181	-25.4038	35.4219	0.357424	0.642576	1.600307	0.423163	0.344543	0.279915	0.0817561	0.0217813	0.00557667	0.000964438	0	2.176097	1.998958	0.6425755	0.3574245	99.76031
4830	6.59999	-24.7624	31.3623	0.738262	0.261738	4.008416	0.424609	0.347205	0.280088	0.0813907	0.0212943	0.00548255	0.000980044	0	6.235653	1.724911	0.2617384	0.7382616	53.07761
4840	8.75565	-24.917	33.6726	0.38158	0.61842	2.320904	0.433467	0.345689	0.28165	0.0831538	0.0213156	0.00557507	0.000933412	0	3.925382	1.721268	0.6184202	0.3815798	52.63416
4850	6.97559	-23.4444	30.42	0.702311	0.297689	4.298048	0.436328	0.346526	0.293406	0.0811425	0.021733	0.00566438	0.000944188	0	7.177963	1.857775	0.2976888	0.7023112	72.07338
4860	8.37587	-21.7326	30.1084	0.551406	0.448594	3.465618	0.432128	0.349152	0.286519	0.0832674	0.0214596	0.00557933	0.00097111	0	7.489568	1.998201	0.4485937	0.5514063	99.58652
4870	8.55358	-24.4026	32.9562	0.824354	0.175646	3.950572	0.437923	0.356505	0.287602	0.080988	0.0221124	0.00568848	0.000967761	0	4.641792	1.866286	0.1756464	0.8243536	73.4998
4880	9.70363	-24.0236	33.7272	0.272075	0.727925	4.857481	0.43975	0.356702	0.285501	0.0825543	0.0219872	0.00569023	0.00097627	0	3.870816	1.97109	0.7279248	0.2720752	93.56002
4890	10.0102	-23.9306	33.9408	0.314713	0.685287	3.181916	0.44261	0.350512	0.283294	0.0823911	0.0221379	0.00551297	0.000977522	0	3.657162	1.902232	0.6852871	0.3147129	79.84219
4900	8.02285	-21.8892	29.912	0.319492	0.680508	2.323649	0.439111	0.346319	0.28277	0.0794762	0.0222045	0.00548238	0.000966375	0	7.685977	1.891394	0.6805084	0.3194916	77.8743
4910	9.71777	-25.3267	35.0445	0.403548	0.596452	1.324165	0.436504	0.344597	0.29266	0.0808376	0.0224087	0.00570624	0.00096959	0	2.55352	1.917987	0.5964516	0.4035484	82.79175
4920	6.90548	-26.8754	33.7809	0.852376	0.147624	2.745779	0.440638	0.344464	0.290643	0.0798695	0.0214451	0.00572196	0.000977987	0	3.8171	1.605371	0.1476238	0.8523762	40.30614
4930	9.88135	-24.1528	34.0342	0.0912173	0.908783	2.180661	0.431843	0.356519	0.293856	0.0814068	0.0217231	0.00570379	0.00096176	0	3.563816	1.799941	0.9087827	0.09121727	63.08714
4940	8.93347	-24.6046	33.538	0.0355946	0.964405	1.745751	0.432012	0.357647	0.283565	0.082359	0.0219251	0.00558196	0.000975672	0	4.059949	1.631801	0.9644054	0.03559462	42.83521
4950	9.84693	-23.2938	33.1408	0.542839	0.457161	3.350518	0.435474	0.361862	0.29215	0.079828	0.0220216	0.00548263	0.000956349	0	4.457234	1.96208	0.4571605	0.5428395	91.63901
4960	9.22994	-25.8444	35.0744	0.472294	0.527706	2.198916	0.43816	0.350385	0.284759	0.0799454	0.0218463	0.00550934	0.000951197	0	2.523634	1.82356	0.5277064	0.4722936	66.61321
4970	7.57553	-28.3407	35.9163	0.763195	0.236805	1.065329	0.439416	0.344162	0.28339	0.0815395	0.0222849	0.00557458	0.000942144	0	1.681723	1.854825	0.2368049	0.7631951	71.5855
4980	10.5372	-23.2268	33.764	0.210253	0.789747	3.458674	0.435579	0.350772	0.284228	0.0815033	0.0217563	0.00559593	0.000933866	0	3.834002	1.997353	0.7897473	0.2102527	99.39225
4990	9.35003	-22.9043	32.2543	0.663536	0.336464	0.8995247	0.430435	0.346939	0.286061	0.0812223	0.0220723	0.00552539	0.00095882	0	5.343694	1.965268	0.3364644	0.6635356	92.31407
5000	10.0576	-25.5208	35.5784	0.0481638	0.951836	2.962604	0.430812	0.34546	0.287576	0.0797681	0.0218062	0.00564362	0.000961356	0	2.019643	1.880639	0.9518362	0.0481638	75.96943
