Iteration	Posterior	Likelihood	Prior	clado_type_probs[1]	clado_type_probs[2]	distance_scale	epoch_times[1]	epoch_times[2]	epoch_times[3]	epoch_times[4]	epoch_times[5]	epoch_times[6]	epoch_times[7]	epoch_times[8]	extirpation_rate	log10_rate_bg	p_allopatry	p_sympatry	rate_bg
0	-52.8969	-90.0014	37.1045	0.492912	0.507088	0.01	0.175644	0.178232	0.170829	0.0612018	0.0382392	0.00554378	0.00512834	0	0.6857786	-2	0.5070882	0.4929118	0.01
10	7.65399	-20.4358	28.0898	0.304894	0.695106	0.05208609	0.174291	0.180946	0.169721	0.0608707	0.0379094	0.00545428	0.00510697	0	9.700407	1.777636	0.6951063	0.3048937	59.92884
20	9.5304	-24.7094	34.2398	0.211661	0.788339	0.214234	0.173329	0.17984	0.171424	0.0616545	0.0381155	0.00540668	0.00512038	0	3.550428	1.546165	0.7883395	0.2116605	35.16939
30	10.0764	-24.1936	34.27	0.232323	0.767677	0.101012	0.174216	0.176857	0.171894	0.0604002	0.0380123	0.005595	0.00506752	0	3.52025	1.721383	0.7676767	0.2323233	52.6481
40	10.2081	-21.7772	31.9853	0.49233	0.50767	0.1160302	0.173056	0.178901	0.169056	0.0594065	0.0389619	0.00555993	0.00514184	0	5.804924	1.863915	0.5076703	0.4923297	73.09959
50	12.8759	-21.4206	34.2966	0.587739	0.412261	2.622912	0.176154	0.181584	0.17017	0.0608838	0.0379525	0.00557919	0.00505179	0	3.493665	1.964717	0.4122615	0.5877385	92.19703
60	12.0292	-22.8251	34.8542	0.808528	0.191472	1.330713	0.175909	0.180877	0.170328	0.0589928	0.0389559	0.00556215	0.00514154	0	2.936007	1.995925	0.1914725	0.8085275	99.06612
70	10.7269	-22.2993	33.0262	0.984637	0.0153629	4.843143	0.179661	0.181609	0.168586	0.0606362	0.0375879	0.00556059	0.0050797	0	4.764032	1.750993	0.01536289	0.9846371	56.36286
80	10.9601	-19.998	30.9581	0.435507	0.564493	2.855934	0.177628	0.177457	0.170338	0.0592496	0.0377247	0.00553631	0.00508055	0	6.832181	1.855639	0.5644931	0.4355069	71.71981
90	11.5721	-20.8457	32.4178	0.864711	0.135289	4.170724	0.17699	0.181382	0.168548	0.0595493	0.0374774	0.00547928	0.00512684	0	5.3724	1.845132	0.1352885	0.8647115	70.00547
100	12.9066	-20.8972	33.8038	0.371899	0.628101	3.130891	0.180176	0.180464	0.16841	0.060331	0.0381645	0.00550805	0.00525642	0	3.986443	1.9461	0.6281013	0.3718987	88.3284
110	12.4436	-22.4677	34.9113	0.527729	0.472271	2.424598	0.179836	0.175719	0.165782	0.061824	0.038625	0.00551422	0.00519318	0	2.878954	1.89372	0.4722707	0.5277293	78.29246
120	12.3632	-22.5474	34.9105	0.558465	0.441535	4.974532	0.177256	0.180024	0.167027	0.0600891	0.0386083	0.00556778	0.00530001	0	2.879731	1.878015	0.4415352	0.5584648	75.51177
130	12.0575	-20.3329	32.3904	0.150841	0.849159	4.718946	0.174733	0.179465	0.17279	0.0592107	0.0389265	0.00546489	0.00521266	0	5.399824	1.933608	0.8491588	0.1508412	85.82391
140	11.8938	-24.2817	36.1755	0.82069	0.17931	5.201922	0.173742	0.181387	0.17118	0.0594661	0.0372449	0.00540179	0.00509157	0	1.614706	1.948817	0.1793101	0.8206899	88.88265
150	11.3794	-21.1747	32.5541	0.571312	0.428688	2.054276	0.177788	0.177895	0.173045	0.0609607	0.0385836	0.0053239	0.00510775	0	5.236116	1.791506	0.4286878	0.5713122	61.87368
160	12.6388	-21.3391	33.9779	0.0693585	0.930642	5.324456	0.177557	0.178726	0.171284	0.0597991	0.0389495	0.00540134	0.00512156	0	3.81238	1.945326	0.9306415	0.06935849	88.17103
170	12.6084	-21.6163	34.2248	0.693623	0.306377	5.79431	0.174831	0.178041	0.172327	0.0593783	0.0381889	0.00544554	0.00510933	0	3.565484	1.989843	0.3063772	0.6936228	97.68831
180	12.381	-21.7565	34.1375	0.718769	0.281231	5.832517	0.181713	0.17734	0.172063	0.059404	0.0387328	0.00551734	0.00508377	0	3.65271	1.967441	0.281231	0.718769	92.77724
190	10.9367	-20.1105	31.0472	0.36529	0.63471	5.166388	0.180365	0.174176	0.173115	0.0605522	0.0385324	0.00533026	0.00518577	0	6.743057	1.937268	0.6347102	0.3652898	86.55028
200	13.1286	-21.7694	34.898	0.15126	0.84874	5.020631	0.178239	0.17316	0.171539	0.0606453	0.0382057	0.00544574	0.00512375	0	2.892242	1.973147	0.8487401	0.1512599	94.00423
210	12.9286	-21.9938	34.9223	0.577514	0.422486	5.264517	0.177509	0.178776	0.172531	0.0598387	0.037492	0.00540179	0.00526477	0	2.867928	1.973763	0.4224858	0.5775142	94.13763
220	10.32	-20.3803	30.7003	0.723021	0.276979	2.705206	0.173254	0.176456	0.165853	0.0598507	0.0371416	0.00538434	0.00528072	0	7.089925	1.765869	0.2769792	0.7230208	58.32687
230	11.6374	-24.3422	35.9796	0.318526	0.681474	2.492137	0.180094	0.175408	0.172872	0.0612748	0.0372912	0.00545338	0.00518845	0	1.810696	1.856416	0.6814744	0.3185256	71.84826
240	12.5818	-20.5545	33.1363	0.497457	0.502543	4.308871	0.175857	0.174905	0.171836	0.0594794	0.0380849	0.00556379	0.00523678	0	4.653996	1.940057	0.5025425	0.4974575	87.1078
250	8.21015	-23.6277	31.8379	0.291785	0.708215	5.894195	0.175268	0.174258	0.167963	0.0594554	0.038783	0.00554597	0.0052843	0	5.952368	1.638915	0.7082146	0.2917854	43.54267
260	12.5717	-20.637	33.2087	0.36488	0.63512	5.354636	0.179783	0.174327	0.165842	0.0597915	0.0389702	0.0054908	0.00529606	0	4.581504	1.990307	0.6351199	0.3648801	97.7928
270	12.1257	-22.8413	34.9671	0.139596	0.860404	1.74574	0.174896	0.179163	0.166804	0.0604266	0.0380182	0.00558728	0.00521199	0	2.823168	1.900496	0.8604044	0.1395956	79.52366
280	12.4266	-20.6757	33.1023	0.737625	0.262375	4.185319	0.173954	0.179591	0.168762	0.0608354	0.0386626	0.00537456	0.00511779	0	4.687973	1.923854	0.2623755	0.7376245	83.91769
290	12.0132	-23.5194	35.5326	0.0679768	0.932023	2.806343	0.176391	0.175307	0.166163	0.0593713	0.0382079	0.00557451	0.0051303	0	2.257646	1.776712	0.9320232	0.06797677	59.80147
300	11.7154	-20.3972	32.1126	0.949299	0.0507006	1.671823	0.181332	0.176733	0.170738	0.0590424	0.0375647	0.00546895	0.00527976	0	5.677624	1.976196	0.05070057	0.9492994	94.66653
310	9.54372	-26.2719	35.8156	0.0094176	0.990582	0.523715	0.178801	0.173086	0.173453	0.0608287	0.0381254	0.00555462	0.00524341	0	1.974641	1.65187	0.9905824	0.009417597	44.86116
320	12.6096	-23.5452	36.1548	0.281778	0.718222	4.206788	0.176465	0.175375	0.168065	0.0611129	0.0380673	0.00554574	0.00520308	0	1.635477	1.968141	0.718222	0.281778	92.9269
330	10.4731	-20.3277	30.8007	0.872331	0.127669	3.8817	0.173573	0.179775	0.170574	0.0613208	0.038206	0.00535678	0.00517626	0	6.989504	1.816283	0.1276687	0.8723313	65.50623
340	10.8109	-22.6501	33.461	0.653457	0.346543	6.720672	0.173714	0.178897	0.173259	0.0613249	0.0390058	0.00537583	0.00504492	0	4.329259	1.909005	0.3465427	0.6534573	81.09711
350	11.6491	-19.8324	31.4815	0.707037	0.292963	4.709348	0.174105	0.17749	0.168864	0.0594398	0.0377618	0.00535724	0.00516957	0	6.308768	1.977831	0.2929632	0.7070368	95.02354
360	12.492	-20.9604	33.4524	0.571109	0.428891	3.63414	0.173247	0.180036	0.165273	0.0610768	0.0371739	0.00550474	0.00524841	0	4.33783	1.887252	0.428891	0.571109	77.13509
370	6.85384	-23.4124	30.2662	0.161061	0.838939	8.294716	0.173119	0.180001	0.169261	0.0612334	0.037788	0.00540173	0.00519059	0	7.523997	1.904055	0.8389389	0.1610611	80.17789
380	11.3953	-21.7089	33.1042	0.371892	0.628108	1.189643	0.177642	0.174135	0.170417	0.0618275	0.0377331	0.00537059	0.00513144	0	4.686031	1.839893	0.6281077	0.3718923	69.16602
390	11.6757	-20.8578	32.5335	0.970189	0.0298114	1.865778	0.173536	0.175636	0.170311	0.061157	0.0380302	0.00542782	0.00504594	0	5.256751	1.88141	0.02981139	0.9701886	76.10439
400	9.85105	-24.3479	34.1989	0.0526744	0.947326	8.042124	0.181715	0.172795	0.166724	0.0608958	0.0379903	0.00540114	0.00511239	0	3.591323	1.931704	0.9473256	0.05267437	85.44833
410	13.0686	-22.1048	35.1734	0.645172	0.354828	4.149657	0.173678	0.174755	0.168468	0.0592995	0.0383149	0.00546648	0.00521657	0	2.61683	1.958286	0.3548281	0.6451719	90.8419
420	10.1815	-21.323	31.5045	0.936608	0.0633918	0.3613063	0.176505	0.174806	0.172076	0.0595546	0.0384618	0.00533707	0.00515855	0	6.285769	1.861384	0.06339177	0.9366082	72.67481
430	12.4728	-22.8329	35.3057	0.569612	0.430388	4.701256	0.176199	0.174707	0.166604	0.0592301	0.0375902	0.00539667	0.00512721	0	2.484559	1.896796	0.430388	0.569612	78.84901
440	10.6829	-20.0029	30.6858	0.553499	0.446501	2.704965	0.174842	0.173953	0.166956	0.0602912	0.037986	0.00532524	0.00504728	0	7.104405	1.843825	0.4465014	0.5534986	69.79516
450	12.2432	-23.5087	35.7519	0.98013	0.0198695	3.360553	0.177404	0.173524	0.171045	0.0611114	0.0387878	0.00544978	0.00506701	0	2.038319	1.90712	0.01986952	0.9801305	80.74575
460	12.2925	-20.1582	32.4507	0.779722	0.220278	2.443976	0.174578	0.176005	0.173757	0.0618289	0.0383555	0.00543408	0.00521555	0	5.339552	1.991385	0.220278	0.779722	98.03598
470	11.6738	-21.6255	33.2993	0.166773	0.833227	5.967925	0.177027	0.179246	0.172951	0.0611315	0.0386905	0.00555926	0.00509152	0	4.490945	1.916758	0.8332272	0.1667728	82.55787
480	12.4587	-20.7276	33.1863	0.153435	0.846565	5.064706	0.179849	0.178414	0.172811	0.0608336	0.0381784	0.00552315	0.0052427	0	4.603975	1.94812	0.8465653	0.1534347	88.74015
490	11.4192	-20.3982	31.8174	0.341827	0.658173	3.325184	0.175442	0.176524	0.170491	0.0593531	0.0371492	0.00557617	0.00519968	0	5.972868	1.833062	0.6581728	0.3418272	68.08671
500	10.1907	-19.2514	29.4422	0.986598	0.0134021	4.407657	0.179882	0.174382	0.166547	0.059178	0.0379622	0.00554016	0.00527026	0	8.348054	1.968634	0.01340206	0.9865979	93.03238
510	12.4622	-20.6971	33.1593	0.509175	0.490825	4.982143	0.174359	0.180409	0.168008	0.0606783	0.0382691	0.00557694	0.00514589	0	4.630903	1.957615	0.4908246	0.5091754	90.70161
520	10.0771	-18.9686	29.0458	0.593973	0.406027	2.92927	0.175761	0.177728	0.169066	0.0596635	0.0379286	0.00558245	0.00517697	0	8.744484	1.990789	0.4060268	0.5939732	97.9014
530	12.5404	-22.6352	35.1756	0.322321	0.677679	2.058352	0.175058	0.176311	0.172298	0.0599454	0.0377143	0.00543551	0.0051389	0	2.614616	1.992096	0.677679	0.322321	98.19645
540	11.9938	-23.5666	35.5604	0.497792	0.502208	4.01068	0.181535	0.178069	0.172196	0.0609718	0.0387641	0.00552302	0.00509555	0	2.22983	1.81787	0.5022083	0.4977917	65.74609
550	12.1928	-22.6672	34.86	0.110819	0.889181	4.268334	0.177054	0.174672	0.165763	0.061676	0.0378109	0.00541867	0.00529234	0	2.930241	1.790225	0.8891809	0.1108191	61.69139
560	12.7308	-21.4066	34.1374	0.321598	0.678402	5.198438	0.174113	0.177662	0.167598	0.0609002	0.0374347	0.00543802	0.00514291	0	3.652875	1.951718	0.6784023	0.3215977	89.4784
570	13.1523	-21.4222	34.5745	0.00288935	0.997111	3.478064	0.174554	0.176968	0.171287	0.0603519	0.037531	0.0053394	0.00523947	0	3.215738	1.939668	0.9971106	0.002889355	87.0298
580	11.7533	-23.4886	35.242	0.59525	0.40475	3.842981	0.173641	0.179711	0.169925	0.0612134	0.0382166	0.00539734	0.00522983	0	2.548273	1.769684	0.4047499	0.5952501	58.84149
590	10.8348	-23.4906	34.3253	0.379501	0.620499	0.8967537	0.178328	0.17847	0.169558	0.061361	0.0389268	0.00548626	0.00515915	0	3.464917	1.728505	0.6204987	0.3795013	53.51861
600	12.3044	-22.5277	34.8321	0.129218	0.870782	6.05202	0.181371	0.180723	0.172032	0.0610798	0.0371892	0.00543017	0.00518984	0	2.958173	1.941049	0.8707824	0.1292176	87.30705
610	12.2935	-23.1471	35.4405	0.690521	0.309479	4.061336	0.177162	0.181672	0.172732	0.0602917	0.0374918	0.00553401	0.00527993	0	2.34972	1.857693	0.3094788	0.6905212	72.05986
620	12.3723	-23.7535	36.1257	0.816571	0.183429	3.519443	0.179265	0.177688	0.172291	0.0606147	0.0388945	0.0053662	0.00514912	0	1.664528	1.986923	0.1834285	0.8165715	97.03371
630	11.2803	-24.3726	35.6528	0.624326	0.375674	6.379515	0.176845	0.180952	0.167149	0.0592033	0.0376381	0.00533377	0.00521488	0	2.137421	1.909426	0.375674	0.624326	81.17576
640	11.3124	-20.8824	32.1948	0.518092	0.481908	1.868103	0.17682	0.176613	0.168633	0.0601769	0.0386845	0.0055099	0.00507844	0	5.595411	1.821257	0.481908	0.518092	66.26081
650	11.2187	-24.933	36.1517	0.551315	0.448685	3.35765	0.176014	0.177285	0.171615	0.0590896	0.038402	0.00549359	0.0052234	0	1.638564	1.79117	0.4486846	0.5513154	61.82581
660	12.4689	-20.1178	32.5867	0.156705	0.843295	4.129786	0.177859	0.17418	0.167081	0.0590182	0.0389021	0.00533619	0.00521778	0	5.203515	1.961297	0.8432945	0.1567055	91.47393
670	11.5976	-22.2288	33.8264	0.398758	0.601242	4.556179	0.175001	0.178152	0.165255	0.0613514	0.0375196	0.00546629	0.00520233	0	3.963866	1.775395	0.6012423	0.3987577	59.62039
680	12.6137	-20.9704	33.5841	0.0749922	0.925008	4.466659	0.180156	0.174241	0.165367	0.0617416	0.038163	0.0054243	0.00510284	0	4.206145	1.911095	0.9250078	0.07499215	81.4882
690	12.1504	-21.6827	33.833	0.830885	0.169115	5.166352	0.179429	0.178287	0.166743	0.0616313	0.0383595	0.00540997	0.00516891	0	3.957197	1.896899	0.1691147	0.8308853	78.86763
700	12.5394	-21.2483	33.7877	0.988456	0.0115438	5.691753	0.17409	0.17702	0.169963	0.0617485	0.037819	0.0055569	0.00507733	0	4.002559	1.993417	0.01154377	0.9884562	98.49573
710	12.3446	-23.2082	35.5528	0.192196	0.807804	3.047175	0.173628	0.172731	0.166978	0.0605028	0.0379781	0.00557949	0.00517144	0	2.237401	1.849967	0.8078044	0.1921956	70.78918
720	11.1237	-19.5224	30.6461	0.827586	0.172414	3.33112	0.17559	0.177841	0.167732	0.0602394	0.0375744	0.00557262	0.00517098	0	7.144194	1.938847	0.1724141	0.8275859	86.86551
730	12.6393	-21.3736	34.0129	0.986477	0.0135229	3.90159	0.175588	0.17497	0.170417	0.0594589	0.0385069	0.00533902	0.00513229	0	3.777345	1.903836	0.01352287	0.9864771	80.13751
740	12.8609	-22.0788	34.9397	0.66644	0.33356	2.824085	0.179069	0.172807	0.173655	0.0599661	0.0389934	0.00542622	0.00508765	0	2.850503	1.956434	0.3335601	0.6664399	90.45528
750	12.1177	-21.3964	33.5141	0.13772	0.86228	5.926295	0.181781	0.175761	0.168025	0.0597306	0.0372609	0.00550008	0.00511912	0	4.276103	1.95599	0.8622798	0.1377202	90.36277
760	11.1253	-22.5576	33.6829	0.122607	0.877393	1.126513	0.17828	0.180611	0.173543	0.0591417	0.0374727	0.00549589	0.00505054	0	4.107322	1.736174	0.8773931	0.1226069	54.4721
770	12.5117	-20.3477	32.8594	0.845988	0.154012	3.206764	0.178072	0.180876	0.170985	0.0596003	0.0378782	0.00543516	0.00513	0	4.930866	1.952006	0.1540119	0.8459881	89.53769
780	12.041	-19.7302	31.7712	0.970371	0.0296294	4.105912	0.181859	0.18119	0.170416	0.0593486	0.0382961	0.00552533	0.00509655	0	6.019021	1.990601	0.02962936	0.9703706	97.85906
790	12.8497	-21.2118	34.0615	0.129572	0.870428	2.573079	0.177864	0.180663	0.173728	0.0601108	0.0385582	0.00555017	0.00507005	0	3.728743	1.955549	0.8704277	0.1295723	90.27115
800	12.9098	-21.6119	34.5217	0.260147	0.739853	4.792727	0.173215	0.178689	0.169822	0.0604613	0.0376528	0.00547461	0.0051592	0	3.268542	1.937081	0.7398531	0.2601469	86.51289
810	12.3904	-21.9843	34.3747	0.57191	0.42809	5.827598	0.173106	0.178215	0.167711	0.059409	0.0380138	0.00549044	0.00518256	0	3.415566	1.955226	0.42809	0.57191	90.20395
820	12.7417	-20.1605	32.9022	0.122922	0.877078	3.379396	0.174401	0.174335	0.171023	0.0597239	0.0372857	0.00555346	0.00527059	0	4.888077	1.974439	0.8770777	0.1229223	94.28433
830	12.4108	-22.1833	34.5941	0.408	0.592	1.96943	0.175701	0.173893	0.171509	0.061663	0.0373407	0.00550266	0.00523878	0	3.196131	1.926806	0.5920003	0.4079997	84.49018
840	10.87	-20.3011	31.1711	0.94208	0.0579202	4.175184	0.17387	0.177474	0.172956	0.0616198	0.037153	0.00543986	0.00523353	0	6.619187	1.850658	0.05792015	0.9420798	70.90198
850	9.82077	-25.9423	35.7631	0.153204	0.846796	6.836686	0.175867	0.174737	0.171208	0.0598163	0.0377118	0.00533926	0.00529236	0	2.027143	1.790381	0.8467958	0.1532042	61.71357
860	11.903	-22.0445	33.9475	0.408292	0.591708	1.87167	0.173074	0.175689	0.173691	0.0596291	0.0374677	0.00540573	0.00506348	0	3.842752	1.826048	0.5917076	0.4082924	66.99594
870	9.02802	-22.9202	31.9482	0.254203	0.745797	8.163205	0.178802	0.178166	0.171047	0.0596957	0.0382305	0.00535091	0.0052094	0	5.841996	1.98763	0.7457965	0.2542035	97.19194
880	13.0068	-20.5397	33.5465	0.553383	0.446617	4.008425	0.17805	0.175554	0.171584	0.0604148	0.0383448	0.00534447	0.00511	0	4.243773	1.986199	0.4466169	0.5533831	96.87214
890	12.4025	-23.4477	35.8502	0.998186	0.00181401	4.626772	0.175381	0.179605	0.1718	0.0594438	0.0378505	0.00547174	0.00518227	0	1.940088	1.942175	0.001814011	0.998186	87.5337
900	12.0702	-20.4222	32.4924	0.843236	0.156764	2.228467	0.178691	0.176608	0.171272	0.059549	0.0380316	0.0053659	0.00523436	0	5.297861	1.944654	0.1567637	0.8432363	88.03477
910	8.94339	-24.7323	33.6757	0.998615	0.00138503	0.5292252	0.176192	0.173925	0.169852	0.0615292	0.0383012	0.00538876	0.00524112	0	4.114575	1.472428	0.001385033	0.998615	29.67753
920	11.7763	-22.2111	33.9874	0.925558	0.0744416	5.586802	0.17912	0.174232	0.170033	0.0594476	0.0379603	0.00540774	0.00520709	0	3.802839	1.882399	0.07444162	0.9255584	76.2779
930	10.4826	-20.217	30.6996	0.881028	0.118972	3.122699	0.178932	0.176649	0.171859	0.0596237	0.0376998	0.00559035	0.00516969	0	7.090624	1.801392	0.1189725	0.8810275	63.29833
940	11.9898	-22.2259	34.2157	0.77757	0.22243	2.715286	0.181068	0.178335	0.170684	0.0598557	0.0383491	0.00538026	0.00514478	0	3.574542	1.796217	0.2224304	0.7775696	62.54858
950	11.6072	-24.8347	36.442	0.213613	0.786387	5.131507	0.176164	0.179739	0.17077	0.0618638	0.0387932	0.00553061	0.0051468	0	1.348278	1.897587	0.7863874	0.2136126	78.99273
960	12.7259	-22.2707	34.9966	0.263459	0.736541	3.534609	0.179745	0.177238	0.169542	0.0606572	0.038064	0.00533034	0.00511926	0	2.793632	1.882351	0.7365414	0.2634586	76.26956
970	11.9337	-21.6772	33.6109	0.468874	0.531126	2.085683	0.18084	0.178776	0.170573	0.0619103	0.0389396	0.00532199	0.0050535	0	4.179369	1.828419	0.5311257	0.4688743	67.36263
980	10.8286	-20.0038	30.8325	0.53713	0.46287	3.943736	0.179968	0.178835	0.169065	0.0594442	0.0374808	0.00544966	0.00512785	0	6.957777	1.869364	0.4628703	0.5371297	74.02258
990	11.2726	-21.1347	32.4073	0.0252001	0.9748	5.496657	0.178858	0.177928	0.168228	0.0595022	0.038312	0.00545723	0.00506897	0	5.38296	1.879298	0.9747999	0.02520013	75.73518
1000	12.4666	-21.9122	34.3788	0.400952	0.599048	3.279499	0.180925	0.176839	0.167705	0.0605034	0.038146	0.00547247	0.00511057	0	3.411463	1.844526	0.5990476	0.4009524	69.90783
1010	11.8708	-23.0965	34.9672	0.784338	0.215662	2.156047	0.179212	0.179729	0.17245	0.0592188	0.0373131	0.00532145	0.00508905	0	2.82303	1.829879	0.2156623	0.7843377	67.58945
1020	11.5171	-23.504	35.0211	0.589214	0.410786	3.081069	0.180101	0.178268	0.173581	0.0598035	0.0372617	0.00547243	0.00519503	0	2.769165	1.720332	0.4107857	0.5892143	52.52086
1030	12.3899	-23.3944	35.7843	0.170114	0.829886	5.158362	0.174535	0.17938	0.166033	0.0605501	0.0376633	0.00536644	0.00507874	0	2.005937	1.912509	0.8298855	0.1701145	81.75396
1040	12.8474	-21.5253	34.3728	0.637407	0.362593	3.552929	0.173958	0.179451	0.165291	0.0596656	0.0371695	0.00533617	0.00511528	0	3.417493	1.918663	0.3625925	0.6374075	82.92063
1050	11.6734	-20.2634	31.9367	0.863643	0.136357	1.745195	0.174472	0.175885	0.166803	0.0603095	0.0371043	0.00538539	0.00523201	0	5.853511	1.982725	0.1363566	0.8636434	96.10029
1060	11.8202	-24.1644	35.9846	0.799253	0.200747	3.916098	0.175931	0.178908	0.173467	0.0589389	0.0381131	0.00543062	0.00515733	0	1.80563	1.865364	0.2007469	0.7992531	73.34394
1070	12.6564	-21.0488	33.7052	0.232264	0.767736	2.342943	0.175972	0.176505	0.165111	0.0612819	0.0382389	0.00533476	0.00512991	0	4.085039	1.957941	0.7677365	0.2322635	90.76971
1080	10.287	-23.4236	33.7106	0.967899	0.0321013	2.141879	0.175148	0.179628	0.165654	0.0613749	0.0385792	0.00533911	0.00525708	0	4.079609	1.580032	0.03210126	0.9678987	38.02174
1090	11.5924	-21.6966	33.289	0.0119466	0.988053	1.892443	0.176524	0.181294	0.166285	0.0616005	0.0381783	0.00535847	0.00528712	0	4.501247	1.755002	0.9880534	0.01194661	56.88552
1100	10.7846	-23.3307	34.1153	0.699054	0.300946	7.125146	0.175854	0.179082	0.171512	0.0609009	0.0380411	0.00532912	0.00515601	0	3.674927	1.928847	0.3009459	0.6990541	84.88808
1110	13.2704	-21.086	34.3564	0.140862	0.859138	4.213577	0.17749	0.179753	0.169662	0.0617469	0.0379854	0.00534749	0.00504645	0	3.433877	1.98137	0.8591382	0.1408618	95.80095
1120	13.1167	-21.8416	34.9583	0.429761	0.570239	3.799451	0.181086	0.180077	0.167186	0.0609136	0.0384934	0.00542237	0.0052069	0	2.831959	1.951871	0.5702387	0.4297613	89.5099
1130	10.1929	-23.5783	33.7712	0.671339	0.328661	6.142566	0.179749	0.18068	0.172039	0.0618294	0.0374755	0.00538407	0.00524647	0	4.019058	1.773996	0.3286613	0.6713387	59.42865
1140	11.8077	-20.5335	32.3412	0.116543	0.883457	3.451132	0.176923	0.173034	0.16694	0.0602079	0.0371991	0.00542644	0.00508476	0	5.449007	1.848957	0.883457	0.116543	70.62472
1150	12.9207	-20.8849	33.8055	0.310807	0.689193	3.483871	0.177215	0.177629	0.166955	0.0595325	0.0379915	0.00556496	0.00520596	0	3.984708	1.937731	0.6891929	0.3108071	86.64251
1160	9.79613	-24.16	33.9561	0.622315	0.377685	1.730786	0.179147	0.177911	0.170053	0.0600651	0.0385478	0.00549985	0.00530026	0	3.83413	1.49248	0.3776847	0.6223153	31.0799
1170	12.2287	-20.267	32.4957	0.293002	0.706998	4.160993	0.179008	0.181223	0.17217	0.0598458	0.0382765	0.00555451	0.00520723	0	5.294525	1.927827	0.706998	0.293002	84.68892
1180	11.9192	-21.7183	33.6375	0.0530652	0.946935	4.728036	0.179882	0.180266	0.170794	0.0597244	0.0377185	0.0055437	0.00509023	0	4.152705	1.819211	0.9469348	0.05306525	65.94942
1190	12.32	-20.5175	32.8376	0.302778	0.697222	4.108093	0.181182	0.178471	0.168304	0.0596832	0.038364	0.005446	0.00517013	0	4.952687	1.912276	0.6972217	0.3027783	81.71007
1200	12.7427	-22.4353	35.178	0.611155	0.388845	4.058275	0.179426	0.177983	0.170188	0.0596574	0.0375121	0.0055649	0.00517214	0	2.612208	1.905612	0.3888449	0.6111551	80.46601
1210	11.9614	-20.0122	31.9736	0.775394	0.224606	4.361156	0.180027	0.174436	0.170748	0.0607922	0.0380308	0.00559476	0.00530072	0	5.816684	1.948639	0.2246065	0.7753935	88.84629
1220	12.5629	-22.1545	34.7174	0.699799	0.300201	5.6193	0.180121	0.172955	0.166402	0.0616335	0.0384004	0.00559084	0.00525742	0	3.072864	1.951863	0.3002014	0.6997986	89.50827
1230	11.3112	-20.7246	32.0359	0.840864	0.159136	1.68946	0.179483	0.1802	0.165687	0.0595786	0.0382194	0.00553095	0.00514987	0	5.754382	1.860778	0.1591356	0.8408644	72.57346
1240	13.1415	-21.0846	34.2261	0.433152	0.566848	3.345254	0.181843	0.18106	0.170247	0.0611584	0.0385371	0.00559282	0.00525824	0	3.564122	1.967529	0.566848	0.433152	92.79594
1250	11.9715	-19.9125	31.884	0.577591	0.422409	2.384825	0.180021	0.180325	0.168426	0.0598485	0.0381276	0.00560026	0.00516186	0	5.90623	1.993172	0.4224088	0.5775912	98.44
1260	12.8735	-22.3855	35.259	0.493212	0.506788	4.545283	0.179846	0.181021	0.167413	0.0613071	0.0374089	0.00546902	0.00515278	0	2.531262	1.936546	0.5067883	0.4932117	86.40641
1270	11.6884	-21.8609	33.5493	0.201884	0.798116	2.15276	0.174867	0.179243	0.167812	0.0595124	0.037786	0.00552268	0.00508256	0	4.240928	1.758042	0.7981156	0.2018844	57.2851
1280	13.2176	-21.2199	34.4375	0.0935246	0.906475	3.301665	0.18042	0.181663	0.168019	0.0597449	0.0378346	0.00548853	0.00525631	0	3.352795	1.967586	0.9064754	0.09352463	92.80804
1290	11.1107	-23.3689	34.4795	0.759433	0.240567	0.8155879	0.178207	0.177196	0.169125	0.0599737	0.0380845	0.00542528	0.00506322	0	3.3107	1.844329	0.2405671	0.7594329	69.87614
1300	10.0207	-20.2837	30.3044	0.513253	0.486747	5.368454	0.173448	0.174312	0.170582	0.0589682	0.0384319	0.00537221	0.00505253	0	7.485854	1.907337	0.4867473	0.5132527	80.78613
1310	11.8465	-22.9838	34.8303	0.698498	0.301502	3.922999	0.175176	0.175616	0.173319	0.0589987	0.0382444	0.00553244	0.00528505	0	2.959915	1.773536	0.3015016	0.6984984	59.36574
1320	9.29788	-22.221	31.5189	0.841551	0.158449	2.452066	0.178677	0.180651	0.173208	0.0592877	0.0375876	0.00532156	0.00517161	0	6.271392	1.55463	0.1584494	0.8415506	35.86162
1330	11.713	-20.2679	31.9808	0.618473	0.381527	2.029393	0.179806	0.173265	0.170554	0.0604316	0.0380976	0.00541637	0.00516989	0	5.809402	1.939329	0.381527	0.618473	86.96194
1340	12.7233	-20.2328	32.9561	0.96742	0.0325798	3.666166	0.179574	0.177389	0.169272	0.0617385	0.0386672	0.00539106	0.00510332	0	4.834127	1.984965	0.0325798	0.9674202	96.59735
1350	11.3856	-24.4039	35.7896	0.0685254	0.931475	4.482547	0.180992	0.174504	0.170617	0.060031	0.0382206	0.00537573	0.00505498	0	2.000692	1.725535	0.9314746	0.06852537	53.15392
1360	12.8723	-22.7007	35.5729	0.384617	0.615383	3.232363	0.18122	0.17814	0.172	0.061092	0.0380969	0.00541646	0.00519918	0	2.217299	1.967176	0.615383	0.384617	92.72058
1370	8.30164	-25.301	33.6026	0.488955	0.511045	3.103608	0.177893	0.179378	0.167381	0.0611172	0.0388035	0.00550495	0.00509251	0	4.18762	1.363812	0.5110451	0.4889549	23.11066
1380	11.6631	-21.9136	33.5767	0.135359	0.864641	5.581709	0.17441	0.173882	0.166005	0.05929	0.0389784	0.00548842	0.00506633	0	4.213524	1.864502	0.864641	0.135359	73.19847
1390	12.408	-23.1711	35.5791	0.250406	0.749594	2.464443	0.173238	0.176257	0.16855	0.0592522	0.0385706	0.00540818	0.00504357	0	2.211143	1.945047	0.7495944	0.2504056	88.11445
1400	11.435	-19.9229	31.3579	0.086139	0.913861	3.682723	0.175443	0.179569	0.166781	0.0611851	0.0388302	0.00539247	0.0050519	0	6.432379	1.899109	0.913861	0.08613901	79.27011
1410	11.0236	-21.4225	32.4461	0.804704	0.195296	3.276069	0.177051	0.178088	0.165931	0.0617263	0.0383122	0.00535092	0.00511037	0	5.344119	1.73538	0.1952962	0.8047038	54.37263
1420	11.6568	-24.4937	36.1504	0.708377	0.291623	4.436368	0.173703	0.173164	0.17378	0.0598027	0.0371881	0.00548251	0.00517702	0	1.639822	1.874276	0.2916232	0.7083768	74.86454
1430	10.6861	-19.4976	30.1836	0.774731	0.225269	3.744949	0.175107	0.176834	0.167053	0.0612318	0.0382225	0.00547279	0.00508639	0	7.606622	1.928236	0.225269	0.774731	84.76888
1440	12.1823	-21.413	33.5953	0.480476	0.519524	1.712983	0.175155	0.175716	0.173629	0.0614033	0.0387246	0.00540817	0.00513569	0	4.194934	1.93333	0.5195238	0.4804762	85.7689
1450	11.9601	-21.6021	33.5622	0.929153	0.0708475	3.681423	0.176913	0.180822	0.170091	0.0590982	0.0378584	0.00548022	0.005119	0	4.228075	1.814013	0.07084745	0.9291525	65.16478
1460	9.72288	-24.9673	34.6902	0.902593	0.0974073	1.418713	0.177666	0.175478	0.173032	0.0590832	0.038278	0.00559154	0.00511448	0	3.100076	1.535345	0.09740732	0.9025927	34.30401
1470	12.1319	-19.6915	31.8234	0.534602	0.465398	3.497032	0.180554	0.173523	0.173458	0.0599737	0.038698	0.00559964	0.00505481	0	5.966816	1.99123	0.4653982	0.5346018	98.00097
1480	9.2976	-22.9255	32.2231	0.493327	0.506673	0.9155961	0.178102	0.173946	0.173308	0.0597797	0.0387583	0.00550383	0.00524905	0	5.567137	1.50443	0.5066732	0.4933268	31.94696
1490	12.4618	-22.615	35.0768	0.770298	0.229702	4.752902	0.177221	0.177734	0.17348	0.0591283	0.0382422	0.0053532	0.00527663	0	2.713489	1.894116	0.229702	0.770298	78.36394
1500	12.6337	-22.6592	35.2929	0.0330433	0.966957	2.288213	0.180124	0.176223	0.172633	0.0609062	0.0385218	0.00536311	0.0051286	0	2.497305	1.969842	0.9669567	0.03304329	93.29159
1510	12.2172	-22.3515	34.5687	0.535279	0.464721	3.39017	0.181337	0.173036	0.166071	0.0610534	0.0373131	0.00559618	0.00504453	0	3.221564	1.80999	0.464721	0.535279	64.5639
1520	11.1639	-22.6247	33.7886	0.567209	0.432791	6.416372	0.181147	0.179056	0.165254	0.0595042	0.0375325	0.00555609	0.00525733	0	4.001678	1.890369	0.4327908	0.5672092	77.69069
1530	9.19394	-21.4051	30.5991	0.0633487	0.936651	6.320732	0.175085	0.180295	0.173324	0.0607293	0.0378241	0.00549887	0.0050671	0	7.191194	1.863774	0.9366513	0.0633487	73.07583
1540	12.8178	-22.5734	35.3913	0.815248	0.184752	4.167668	0.173291	0.18001	0.172013	0.0591925	0.0382227	0.00539317	0.00514848	0	2.398979	1.941419	0.1847521	0.8152479	87.38136
1550	12.3319	-22.2404	34.5723	0.567569	0.432431	4.724014	0.174117	0.181539	0.169534	0.0602953	0.0375936	0.00534421	0.00510343	0	3.217956	1.870526	0.4324313	0.5675687	74.22083
1560	11.4582	-20.5439	32.0021	0.557913	0.442087	5.479786	0.173701	0.18127	0.16722	0.0599082	0.0372009	0.00555314	0.00516155	0	5.788135	1.9464	0.4420866	0.5579134	88.38937
1570	12.7073	-22.1171	34.8244	0.974863	0.0251368	2.960389	0.178389	0.173561	0.167547	0.0610209	0.0376896	0.00555204	0.00529059	0	2.96583	1.911959	0.02513676	0.9748632	81.65058
1580	13.1119	-21.6344	34.7463	0.079197	0.920803	2.896296	0.175539	0.176315	0.165483	0.0601656	0.0379459	0.00542508	0.0052253	0	3.043917	1.971246	0.920803	0.079197	93.59352
1590	11.0557	-21.8765	32.9322	0.112582	0.887418	5.580644	0.181497	0.179093	0.167496	0.0606997	0.0385359	0.00543415	0.0051768	0	4.858076	1.823725	0.8874183	0.1125817	66.63843
1600	12.1593	-21.6577	33.817	0.379115	0.620885	6.223854	0.1815	0.175394	0.167467	0.0595536	0.0386996	0.00536684	0.00505077	0	3.97326	1.985757	0.6208852	0.3791148	96.77356
1610	13.1166	-22.4594	35.576	0.245064	0.754936	4.688219	0.176985	0.175853	0.167274	0.05986	0.0387708	0.00532141	0.00504557	0	2.214251	1.987419	0.7549365	0.2450635	97.14478
1620	11.7088	-21.561	33.2698	0.966205	0.0337951	4.556123	0.176069	0.181558	0.168191	0.0599382	0.038687	0.00533653	0.00516014	0	4.52043	1.832387	0.03379508	0.9662049	67.98084
1630	9.24538	-27.2942	36.5396	0.683397	0.316603	5.028416	0.173671	0.177108	0.173177	0.0615348	0.0385396	0.00537969	0.00518695	0	1.250637	1.72638	0.3166031	0.6833969	53.25747
1640	11.3772	-22.5195	33.8967	0.735224	0.264776	0.7715882	0.174543	0.179087	0.165828	0.0592298	0.0374636	0.00540876	0.00506311	0	3.893591	1.911074	0.2647756	0.7352244	81.48429
1650	12.4705	-23.5661	36.0366	0.895352	0.104648	3.242852	0.173941	0.178303	0.166363	0.0590052	0.0378639	0.00547824	0.00525506	0	1.753673	1.998284	0.104648	0.895352	99.6057
1660	8.68478	-19.9045	28.5893	0.180051	0.819949	4.940238	0.175481	0.177046	0.166614	0.0608469	0.0372366	0.00555958	0.00526568	0	9.200943	1.854704	0.8199486	0.1800514	71.56562
1670	12.111	-20.8789	32.99	0.788753	0.211247	4.958719	0.177472	0.178709	0.166783	0.0605873	0.0380559	0.00553139	0.0052241	0	4.800275	1.918982	0.2112472	0.7887528	82.98158
1680	11.4296	-23.0605	34.4901	0.37046	0.62954	6.814494	0.173712	0.18128	0.167179	0.0610498	0.0385315	0.00537941	0.00522793	0	3.300189	1.937076	0.6295399	0.3704601	86.51185
1690	10.776	-24.3647	35.1407	0.201306	0.798694	1.382539	0.17316	0.181195	0.167884	0.0592707	0.038371	0.00534107	0.00510403	0	2.649537	1.667353	0.7986942	0.2013058	46.48925
1700	11.138	-23.1896	34.3276	0.135425	0.864575	5.673719	0.177011	0.180033	0.172682	0.0588505	0.0382736	0.00546418	0.00509074	0	3.462656	1.787778	0.8645753	0.1354247	61.34488
1710	11.6302	-19.8027	31.4329	0.0548735	0.945126	3.435394	0.173158	0.179245	0.167872	0.060076	0.0388679	0.00548655	0.00529682	0	6.357355	1.914289	0.9451265	0.05487352	82.08979
1720	12.7012	-21.9452	34.6464	0.595677	0.404323	5.223286	0.175889	0.180742	0.168326	0.0598259	0.0386804	0.00543542	0.00519491	0	3.143895	1.943395	0.4043229	0.5956771	87.77994
1730	12.035	-22.2638	34.2988	0.709277	0.290723	3.961553	0.178733	0.178311	0.167993	0.0611513	0.0386277	0.00543494	0.00506744	0	3.491495	1.806824	0.290723	0.709277	64.09493
1740	11.3249	-20.8585	32.1833	0.882648	0.117352	1.043888	0.178231	0.179617	0.165898	0.0601402	0.0384577	0.00558744	0.00513353	0	5.606942	1.973616	0.1173524	0.8826476	94.10582
1750	10.5381	-22.2075	32.7456	0.0143986	0.985601	0.2151903	0.179975	0.176951	0.166252	0.0609751	0.0376196	0.00556954	0.00505718	0	5.044688	1.839628	0.9856014	0.0143986	69.12391
1760	12.5422	-22.764	35.3061	0.405568	0.594432	3.023234	0.179001	0.178477	0.171106	0.0607144	0.0372135	0.00557665	0.00516799	0	2.484116	1.886036	0.5944316	0.4055684	76.91939
1770	11.4516	-20.1435	31.5951	0.759556	0.240444	2.85919	0.175248	0.18166	0.171248	0.060428	0.0374438	0.00542835	0.00527383	0	6.195139	1.87365	0.2404441	0.7595559	74.75665
1780	12.1756	-22.3433	34.519	0.633464	0.366536	5.164094	0.176845	0.177011	0.172266	0.0597814	0.0388047	0.00536307	0.00518232	0	3.271258	1.878583	0.3665361	0.6334639	75.61058
1790	11.6034	-21.8983	33.5017	0.419587	0.580413	5.564733	0.178069	0.175203	0.17301	0.0608744	0.0374793	0.00533826	0.00525267	0	4.288511	1.865956	0.5804127	0.4195873	73.44397
1800	12.0412	-21.2496	33.2908	0.209812	0.790188	6.203839	0.180395	0.177173	0.172156	0.0615716	0.0386679	0.00534806	0.0051763	0	4.499467	1.98926	0.7901882	0.2098118	97.55741
1810	12.9041	-20.8925	33.7966	0.345737	0.654263	4.259666	0.181229	0.18068	0.165325	0.061066	0.0388975	0.00535327	0.00517388	0	3.993596	1.948043	0.6542632	0.3457368	88.72437
1820	8.92957	-24.4117	33.3413	0.0954524	0.904548	3.607062	0.181081	0.178005	0.171891	0.0611874	0.038233	0.00534694	0.00511761	0	4.448968	1.417109	0.9045476	0.09545241	26.12817
1830	11.9131	-23.0188	34.9319	0.938421	0.061579	1.434996	0.177464	0.175705	0.171254	0.0604654	0.0373952	0.00548097	0.00509539	0	2.858335	1.947701	0.06157902	0.938421	88.65445
1840	11.1482	-20.8218	31.9701	0.272585	0.727415	5.944912	0.173549	0.174064	0.170089	0.0602921	0.0375169	0.00538733	0.00507046	0	5.82019	1.951998	0.7274154	0.2725846	89.53598
1850	11.6817	-22.0892	33.7709	0.33883	0.66117	1.297112	0.173608	0.174656	0.167085	0.0603066	0.0388289	0.00536403	0.00509845	0	4.019306	1.861092	0.6611696	0.3388304	72.6259
1860	7.16023	-24.1467	31.307	0.32127	0.67873	3.125668	0.173969	0.172972	0.171103	0.0589152	0.0389984	0.00539236	0.00512739	0	6.483285	1.34337	0.6787298	0.3212702	22.04804
1870	11.5269	-19.8749	31.4018	0.148572	0.851428	4.145025	0.179865	0.178722	0.170984	0.0597674	0.0389576	0.00535389	0.00507909	0	6.388484	1.928627	0.8514279	0.1485721	84.84505
1880	10.4487	-19.7168	30.1655	0.165089	0.834911	1.992998	0.178043	0.178515	0.173567	0.0606455	0.0388294	0.00549985	0.00528111	0	7.6247	1.893229	0.8349109	0.1650891	78.20396
1890	13.1932	-21.6751	34.8683	0.62389	0.37611	4.168022	0.181734	0.173665	0.171411	0.0611452	0.0377857	0.00548054	0.00511952	0	2.921901	1.973448	0.3761098	0.6238902	94.06942
1900	11.8036	-23.9176	35.7212	0.17576	0.82424	3.818807	0.174609	0.173776	0.172743	0.0590923	0.0381425	0.00540982	0.00508942	0	2.069006	1.767069	0.8242403	0.1757597	58.48836
1910	12.8378	-20.8075	33.6452	0.768838	0.231162	3.282501	0.175907	0.172998	0.171227	0.0593453	0.0378762	0.0054289	0.00508734	0	4.145001	1.952897	0.2311621	0.7688379	89.72164
1920	12.7324	-22.0865	34.8188	0.071449	0.928551	2.685212	0.178043	0.17319	0.169851	0.06052	0.0375609	0.00545569	0.0052482	0	2.971413	1.898794	0.928551	0.07144904	79.21252
1930	9.35505	-19.8436	29.1987	0.986314	0.0136858	5.713399	0.1782	0.172721	0.172413	0.06097	0.0379041	0.00533694	0.00526855	0	8.591548	1.969044	0.01368582	0.9863142	93.1203
1940	9.97077	-21.2528	31.2236	0.608388	0.391612	2.263785	0.176945	0.174736	0.173662	0.0589616	0.0377472	0.00544862	0.00521817	0	6.566646	1.654694	0.3916117	0.6083883	45.15381
1950	12.8173	-21.934	34.7513	0.391942	0.608058	2.644685	0.173463	0.178871	0.172941	0.0601852	0.0375985	0.00540413	0.00510598	0	3.038933	1.94633	0.6080582	0.3919418	88.37521
1960	11.5833	-21.4431	33.0264	0.408038	0.591962	2.55991	0.173134	0.173228	0.168312	0.0617231	0.0373806	0.00533738	0.00525727	0	4.763895	1.762798	0.5919619	0.4080381	57.91588
1970	12.2879	-21.2542	33.5421	0.319836	0.680164	4.006039	0.175208	0.173644	0.16911	0.0592244	0.0374999	0.00532487	0.00526735	0	4.248106	1.851245	0.680164	0.319836	70.9978
1980	8.60059	-21.7974	30.398	0.703091	0.296909	3.098228	0.175635	0.174868	0.172698	0.0608442	0.0389591	0.00536199	0.00528722	0	7.392253	1.56288	0.2969093	0.7030907	36.54942
1990	10.9714	-24.7617	35.733	0.0319726	0.968027	4.169041	0.179874	0.176425	0.165241	0.0600371	0.0386094	0.00539768	0.00524075	0	2.057201	1.634165	0.9680274	0.03197258	43.06902
2000	9.4284	-25.417	34.8454	0.960059	0.0399411	1.044162	0.180354	0.173097	0.168608	0.0603255	0.0389477	0.00540843	0.00514417	0	2.944803	1.538423	0.03994112	0.9600589	34.54802
2010	11.9394	-21.0913	33.0307	0.408559	0.591441	1.41272	0.181696	0.176497	0.172449	0.0618196	0.0381894	0.00541268	0.00508249	0	4.759539	1.97308	0.5914409	0.4085591	93.98955
2020	10.7206	-19.7819	30.5025	0.19362	0.80638	2.159486	0.175493	0.18104	0.173611	0.0613763	0.0385619	0.00545784	0.00507325	0	7.28777	1.898009	0.8063796	0.1936204	79.0695
2030	13.0576	-21.5816	34.6392	0.11913	0.88087	2.746486	0.179544	0.176254	0.167603	0.0590798	0.0390406	0.00554766	0.00505363	0	3.151095	1.977916	0.8808698	0.1191302	95.04205
2040	11.7888	-22.5714	34.3602	0.811737	0.188263	5.182711	0.180501	0.175582	0.167097	0.0602186	0.0385712	0.00559368	0.00514743	0	3.43003	1.840807	0.1882626	0.8117374	69.31179
2050	11.543	-24.4398	35.9828	0.274009	0.725991	3.718033	0.181049	0.181156	0.165559	0.0595945	0.038664	0.00545899	0.00511427	0	1.807494	1.769805	0.7259915	0.2740085	58.85794
2060	11.3356	-19.747	31.0826	0.792845	0.207155	2.992914	0.178864	0.178395	0.168039	0.0609091	0.0385643	0.00546685	0.00504669	0	6.707605	1.926645	0.2071553	0.7928447	84.45881
2070	12.5849	-21.7343	34.3193	0.999154	0.000846358	3.331052	0.181286	0.179851	0.171642	0.0606589	0.0385505	0.00547373	0.00505431	0	3.470956	1.885806	0.0008463576	0.9991536	76.87869
2080	12.7609	-23.2006	35.9615	0.289669	0.710331	3.901051	0.174989	0.176121	0.173225	0.0608221	0.0384289	0.00532392	0.00516139	0	1.828724	1.969412	0.7103311	0.2896689	93.19922
2090	12.7742	-22.3535	35.1277	0.983671	0.0163292	4.225014	0.181236	0.174283	0.168896	0.0600896	0.0380459	0.00534472	0.00504382	0	2.662521	1.931803	0.01632915	0.9836708	85.46794
2100	9.68315	-22.8604	32.5435	0.976655	0.0233449	0.9620068	0.17518	0.174475	0.166343	0.0616349	0.037588	0.00537191	0.00508696	0	5.246745	1.576889	0.02334493	0.9766551	37.74754
2110	11.6363	-24.1612	35.7974	0.276551	0.723449	6.47332	0.179756	0.181156	0.169644	0.0599183	0.037175	0.00540187	0.00510752	0	1.992815	1.945647	0.723449	0.276551	88.23634
2120	12.6359	-21.8945	34.5304	0.594383	0.405617	3.57344	0.177773	0.180443	0.170358	0.059722	0.0382744	0.0055982	0.00508753	0	3.259886	1.876133	0.4056171	0.5943829	75.18538
2130	3.90309	-30.9956	34.8987	0.000942328	0.999058	6.454676	0.180459	0.181685	0.166359	0.0613908	0.0384178	0.00559651	0.00508251	0	2.891576	1.228944	0.9990577	0.0009423285	16.94118
2140	13.1843	-21.614	34.7984	0.197648	0.802352	3.950026	0.181863	0.178134	0.168141	0.0608268	0.0383712	0.00559521	0.00514254	0	2.99189	1.949121	0.8023519	0.1976481	88.94482
2150	9.66596	-24.575	34.2409	0.303193	0.696807	6.348262	0.179513	0.175726	0.170441	0.0608525	0.0390285	0.00546507	0.00507155	0	3.549308	1.726662	0.6968069	0.3031931	53.29199
2160	12.9964	-22.2335	35.2299	0.612655	0.387345	4.337923	0.17425	0.175219	0.169939	0.0601696	0.0389955	0.00554869	0.00508642	0	2.560318	1.953647	0.3873449	0.6126551	89.87661
2170	11.0109	-21.6235	32.6344	0.940153	0.0598471	2.622784	0.173808	0.175362	0.167723	0.061376	0.038187	0.00553004	0.00511606	0	5.155884	1.713615	0.05984706	0.9401529	51.71477
2180	12.1008	-21.4856	33.5864	0.681583	0.318417	5.838589	0.174178	0.17315	0.165239	0.0609704	0.0382382	0.00539898	0.00507339	0	4.203805	1.957306	0.3184167	0.6815833	90.63709
2190	11.3028	-19.8499	31.1527	0.638651	0.361349	1.984939	0.174811	0.173283	0.168039	0.0618724	0.0389972	0.00535525	0.00509994	0	6.637558	1.977271	0.3613492	0.6386508	94.90107
2200	11.7828	-20.2162	31.999	0.656765	0.343235	3.100612	0.180955	0.179724	0.165874	0.0617468	0.038701	0.00552654	0.00511422	0	5.791261	1.892264	0.3432353	0.6567647	78.03042
2210	12.3146	-22.2593	34.5739	0.641032	0.358968	4.520381	0.173325	0.179122	0.166739	0.0615822	0.0387844	0.00541525	0.00510622	0	3.216315	1.858558	0.3589682	0.6410318	72.20345
2220	12.2763	-22.3315	34.6078	0.686876	0.313124	5.456617	0.174301	0.181684	0.167864	0.0614431	0.0388108	0.00547711	0.00508095	0	3.182399	1.912801	0.3131236	0.6868764	81.80901
2230	9.60848	-25.1145	34.723	0.126279	0.873721	4.951753	0.174881	0.18038	0.169851	0.0607234	0.0386788	0.00543446	0.00525204	0	3.067285	1.554245	0.8737208	0.1262792	35.82981
2240	7.18207	-25.6526	32.8346	0.0733014	0.926699	7.531877	0.172918	0.179744	0.172282	0.0600256	0.0382192	0.0053898	0.00523682	0	4.955611	1.683226	0.9266986	0.07330136	48.21988
2250	12.805	-21.4266	34.2316	0.0141985	0.985801	5.489245	0.176106	0.178677	0.171958	0.0614794	0.0385774	0.00538422	0.00525086	0	3.558676	1.962504	0.9858015	0.01419853	91.72834
2260	12.6633	-20.5091	33.1723	0.817197	0.182803	4.802384	0.174578	0.18021	0.173751	0.061008	0.037968	0.00535852	0.0052969	0	4.617912	1.980241	0.1828034	0.8171966	95.55222
2270	12.1235	-24.2454	36.3689	0.648271	0.351729	4.248866	0.176104	0.177873	0.168858	0.0603553	0.038145	0.00555942	0.0051497	0	1.42133	1.976993	0.351729	0.648271	94.8404
2280	11.0629	-21.8761	32.939	0.745237	0.254763	0.7458454	0.173909	0.176528	0.165236	0.0588789	0.0382078	0.00540548	0.00530096	0	4.851229	1.858456	0.2547631	0.7452369	72.18652
2290	10.7426	-21.9911	32.7336	0.473712	0.526288	6.161812	0.173074	0.176551	0.167159	0.0616119	0.0381542	0.00550621	0.00506933	0	5.056603	1.872404	0.5262883	0.4737117	74.54255
2300	12.8687	-21.9004	34.7691	0.633223	0.366777	3.859409	0.179999	0.181479	0.165776	0.0605743	0.0379036	0.00554416	0.00504516	0	3.021143	1.918452	0.3667771	0.6332229	82.88049
2310	12.0968	-22.9068	35.0036	0.668822	0.331178	2.285779	0.179175	0.180502	0.168325	0.0608065	0.0379366	0.00553584	0.0051907	0	2.786631	1.849322	0.3311784	0.6688216	70.68419
2320	12.5264	-21.6552	34.1816	0.468427	0.531573	2.603403	0.180691	0.177881	0.171418	0.0603211	0.0385307	0.00549758	0.00529614	0	3.608629	1.880891	0.5315729	0.4684271	76.01362
2330	11.9101	-24.2566	36.1666	0.706784	0.293216	5.494255	0.180365	0.176035	0.173631	0.0590607	0.0389257	0.00550212	0.00520555	0	1.623614	1.954243	0.2932157	0.7067843	90.00005
2340	8.95356	-20.4605	29.4141	0.616103	0.383897	1.334004	0.176929	0.181336	0.166551	0.0602579	0.0385535	0.00553699	0.00506155	0	8.37618	1.708545	0.3838965	0.6161035	51.1146
2350	12.5119	-22.042	34.5539	0.745016	0.254984	5.597142	0.180793	0.180614	0.166199	0.0607895	0.0379083	0.00555621	0.0053017	0	3.23637	1.946052	0.2549841	0.7450159	88.31854
2360	10.9092	-22.5333	33.4424	0.816762	0.183238	5.742258	0.178158	0.17759	0.167889	0.061162	0.0378313	0.00555749	0.00519378	0	4.347813	1.818092	0.1832384	0.8167616	65.77978
2370	11.0112	-21.4832	32.4944	0.359823	0.640177	1.602933	0.179849	0.177994	0.17281	0.0616834	0.0372372	0.00559059	0.00510013	0	5.295797	1.74125	0.6401766	0.3598234	55.11248
2380	12.3411	-20.0383	32.3794	0.59561	0.40439	3.199827	0.177804	0.175961	0.168744	0.0613977	0.0376629	0.00556931	0.00514345	0	5.41083	1.963799	0.4043903	0.5956097	92.00234
2390	13.0555	-21.1775	34.233	0.44133	0.55867	4.663785	0.179029	0.178087	0.166892	0.0617527	0.0371068	0.00538724	0.0050432	0	3.557214	1.974368	0.55867	0.44133	94.26891
2400	13.3065	-21.614	34.9205	0.590816	0.409184	4.132012	0.181263	0.180804	0.171904	0.0615813	0.038113	0.00539227	0.005081	0	2.869794	1.994989	0.4091844	0.5908156	98.85272
2410	12.6009	-22.3056	34.9065	0.867324	0.132676	5.326887	0.181248	0.176983	0.166451	0.0612292	0.0388867	0.0054876	0.00515903	0	2.883735	1.94453	0.1326761	0.8673239	88.00964
2420	11.9522	-23.2245	35.1766	0.86123	0.13877	2.94638	0.176845	0.178745	0.167125	0.0603387	0.0389205	0.00539178	0.00520217	0	2.61362	1.809349	0.1387698	0.8612302	64.46873
2430	10.7595	-26.2086	36.9681	0.0772002	0.9228	3.856837	0.177342	0.173292	0.168156	0.0591279	0.0382436	0.00533777	0.00528664	0	0.822099	1.961172	0.9227998	0.07720021	91.44743
2440	10.1269	-22.872	32.9989	0.20898	0.79102	7.399163	0.174051	0.173498	0.169039	0.0591806	0.0389402	0.00540239	0.00521015	0	4.791378	1.929132	0.7910196	0.2089804	84.94381
2450	11.8535	-20.8884	32.7418	0.340725	0.659275	4.08892	0.180242	0.179407	0.168904	0.0595828	0.0386636	0.00535199	0.00520443	0	5.048412	1.844719	0.6592754	0.3407246	69.93889
2460	6.13462	-29.0452	35.1799	0.737069	0.262931	5.058882	0.173065	0.180577	0.169307	0.0591236	0.0388446	0.00545059	0.00524492	0	2.610385	1.37271	0.2629308	0.7370692	23.58902
2470	11.2322	-21.7841	33.0163	0.856125	0.143875	3.224229	0.174572	0.176642	0.165288	0.0601488	0.0382756	0.00538953	0.00509859	0	4.773958	1.730284	0.1438748	0.8561252	53.73834
2480	10.7621	-19.7148	30.4769	0.499263	0.500737	3.030956	0.176897	0.172945	0.168174	0.060707	0.0387911	0.00534846	0.00506144	0	7.313312	1.887498	0.5007365	0.4992635	77.17883
2490	12.3549	-22.8223	35.1772	0.408616	0.591384	6.3003	0.175221	0.176	0.171466	0.0609874	0.0389812	0.00539006	0.00509867	0	2.613086	1.988319	0.5913837	0.4086163	97.3463
2500	7.18573	-29.1661	36.3519	0.48769	0.51231	7.817595	0.179669	0.175505	0.167794	0.0617345	0.0389484	0.0053863	0.00523774	0	1.438375	1.761312	0.5123102	0.4876898	57.71805
2510	11.1844	-22.8813	34.0657	0.759737	0.240263	4.709914	0.179651	0.174346	0.172602	0.0602341	0.0388381	0.00550576	0.00525657	0	3.724546	1.74521	0.2402627	0.7597373	55.61738
2520	11.9291	-20.5537	32.4828	0.309517	0.690483	2.47622	0.181907	0.173272	0.170799	0.0605395	0.038961	0.00551983	0.00522213	0	5.307484	1.876929	0.6904832	0.3095168	75.3233
2530	11.9626	-21.5993	33.5619	0.297065	0.702935	3.545498	0.173757	0.172719	0.173598	0.0595279	0.0382505	0.00541958	0.00528608	0	4.228331	1.784687	0.7029354	0.2970646	60.90976
2540	11.9236	-20.3948	32.3185	0.199648	0.800352	3.05849	0.178357	0.173741	0.171398	0.0595083	0.0381377	0.00536542	0.00524761	0	5.471765	1.871667	0.8003521	0.1996479	74.41613
2550	12.9151	-22.6193	35.5344	0.964374	0.0356256	4.504987	0.178947	0.17961	0.166943	0.0618247	0.0371346	0.00539558	0.00521072	0	2.255839	1.974348	0.03562559	0.9643744	94.26439
2560	10.623	-22.2597	32.8828	0.253588	0.746412	5.399172	0.181461	0.1801	0.168456	0.0618716	0.0371024	0.00536439	0.00518968	0	4.907481	1.768558	0.746412	0.253588	58.68912
2570	11.4506	-20.1631	31.6138	0.881554	0.118446	2.568938	0.179329	0.179433	0.165475	0.0593465	0.0378514	0.00550109	0.00516935	0	6.176487	1.88377	0.1184458	0.8815542	76.51905
2580	11.7263	-20.7616	32.4879	0.588678	0.411322	2.096994	0.180584	0.176813	0.168807	0.0589155	0.0375561	0.00540047	0.00515096	0	5.302361	1.867464	0.4113218	0.5886782	73.69933
2590	12.007	-20.2272	32.2342	0.519794	0.480206	2.787232	0.177124	0.177509	0.170841	0.0594597	0.0378706	0.0055408	0.0051847	0	5.556008	1.915308	0.4802057	0.5197943	82.28267
2600	12.4832	-20.4552	32.9384	0.921666	0.0783336	4.376424	0.178032	0.173097	0.168053	0.0591832	0.0384994	0.00547172	0.00527881	0	4.851831	1.949155	0.0783336	0.9216664	88.95195
2610	12.8677	-20.9641	33.8318	0.447383	0.552617	4.516938	0.17551	0.172702	0.166182	0.0603009	0.0379018	0.0054266	0.00515595	0	3.958431	1.95217	0.5526172	0.4473828	89.57149
2620	12.1628	-21.7775	33.9403	0.793016	0.206984	6.376471	0.178098	0.174688	0.171149	0.0590303	0.0385273	0.00538089	0.00529706	0	3.849963	1.99653	0.2069836	0.7930164	99.20412
2630	11.5394	-24.2584	35.7978	0.197057	0.802943	1.520526	0.176502	0.17802	0.166819	0.0595909	0.0387814	0.00548155	0.00521532	0	1.992488	1.98622	0.8029434	0.1970566	96.87689
2640	11.433	-24.3707	35.8037	0.148804	0.851196	3.707227	0.180168	0.17954	0.173253	0.058897	0.0387702	0.00559388	0.00512818	0	1.986558	1.705728	0.8511961	0.1488039	50.78414
2650	11.4316	-24.7781	36.2098	0.526897	0.473103	5.954298	0.175308	0.176198	0.173101	0.0588883	0.0388502	0.00558221	0.00510924	0	1.580474	1.933035	0.4731033	0.5268967	85.71078
2660	13.1608	-21.8296	34.9904	0.0794705	0.92053	4.623729	0.17765	0.181401	0.173433	0.0603236	0.0379678	0.00556689	0.00505347	0	2.799877	1.95524	0.9205295	0.07947046	90.20701
2670	10.4886	-25.0362	35.5248	0.143862	0.856138	1.766429	0.174469	0.173438	0.170976	0.0605356	0.0386476	0.00539076	0.00506808	0	2.265433	1.577569	0.8561382	0.1438618	37.80674
2680	11.2591	-22.3395	33.5986	0.0151677	0.984832	3.200015	0.177405	0.175631	0.17292	0.0592592	0.0381825	0.00540391	0.0052698	0	4.191604	1.646869	0.9848323	0.01516775	44.34752
2690	11.7626	-22.9385	34.7011	0.676382	0.323618	4.471244	0.180272	0.178805	0.172465	0.060259	0.0374174	0.00550298	0.00523701	0	3.089106	1.7865	0.3236182	0.6763818	61.1646
2700	11.2869	-23.5041	34.791	0.276024	0.723976	4.678219	0.178246	0.175761	0.16817	0.0605073	0.0377855	0.00551973	0.0051885	0	2.999266	1.72139	0.7239759	0.2760241	52.64899
2710	8.02422	-23.8135	31.8377	0.0554035	0.944596	3.615766	0.177555	0.1769	0.169711	0.0618312	0.0380888	0.00538122	0.00509231	0	5.952568	1.40247	0.9445965	0.05540352	25.26212
2720	13.0912	-21.5323	34.6235	0.937989	0.0620113	4.19053	0.180333	0.179746	0.173541	0.061425	0.037799	0.00538925	0.00508555	0	3.166708	1.967013	0.0620113	0.9379887	92.68584
2730	13.0311	-21.6443	34.6754	0.38277	0.61723	4.977059	0.173741	0.181071	0.169943	0.0603304	0.0377056	0.0054591	0.00520549	0	3.114845	1.965996	0.6172296	0.3827704	92.4689
2740	11.6291	-23.5584	35.1875	0.400941	0.599059	5.270613	0.175093	0.179984	0.165769	0.0613056	0.0376391	0.00556193	0.00530033	0	2.602717	1.810472	0.5990589	0.4009411	64.63556
2750	12.7572	-22.3813	35.1384	0.0896742	0.910326	3.853093	0.174928	0.180842	0.168502	0.0604742	0.0390121	0.00547365	0.0052697	0	2.651812	1.865603	0.9103258	0.08967421	73.38423
2760	12.615	-20.472	33.0871	0.124238	0.875762	4.241092	0.181894	0.180242	0.16865	0.0599015	0.0387193	0.00545132	0.00515285	0	4.703175	1.94155	0.8757618	0.1242382	87.40786
2770	12.3022	-23.5406	35.8428	0.204314	0.795686	3.312337	0.178788	0.172808	0.169885	0.0599022	0.0379538	0.00548759	0.00527388	0	1.947445	1.867743	0.7956865	0.2043135	73.7467
2780	13.0437	-21.4922	34.5358	0.025296	0.974704	2.673689	0.177201	0.173958	0.171965	0.0597931	0.0371401	0.00539883	0.00525869	0	3.2544	1.973816	0.974704	0.02529599	94.14901
2790	10.8691	-23.3181	34.1872	0.742631	0.257369	4.445265	0.175638	0.177092	0.172887	0.0594687	0.0378778	0.0055122	0.00520368	0	3.603042	1.696241	0.2573694	0.7426306	49.68678
2800	12.1921	-19.9931	32.1852	0.169702	0.830298	2.771671	0.178542	0.175172	0.168427	0.0608943	0.0384655	0.00552596	0.00506799	0	5.605009	1.96881	0.8302983	0.1697017	93.07006
2810	7.34177	-24.8471	32.1889	0.767093	0.232907	5.223508	0.177504	0.174239	0.172263	0.0616549	0.0381773	0.0055866	0.00507133	0	5.601377	1.511032	0.232907	0.767093	32.43635
2820	12.892	-21.4005	34.2925	0.0208135	0.979186	3.361589	0.175635	0.174852	0.173137	0.0597247	0.0373807	0.00542515	0.00519522	0	3.497722	1.897647	0.9791865	0.02081354	79.00366
2830	11.6317	-24.765	36.3967	0.235009	0.764991	5.567721	0.172942	0.173616	0.171091	0.0595616	0.0380764	0.00550653	0.00505752	0	1.393555	1.931438	0.7649914	0.2350086	85.39601
2840	11.7199	-20.9255	32.6454	0.884244	0.115756	3.239097	0.179357	0.173122	0.170384	0.0593305	0.0372547	0.00555238	0.00508285	0	5.144843	1.823679	0.1157564	0.8842436	66.63135
2850	12.644	-23.1004	35.7444	0.476144	0.523856	2.864119	0.175101	0.173153	0.172734	0.0599474	0.0383677	0.00558265	0.00516063	0	2.04584	1.984899	0.5238562	0.4761438	96.5826
2860	10.8164	-20.3282	31.1446	0.0655021	0.934498	1.358494	0.179287	0.174419	0.170602	0.0600973	0.038483	0.00549824	0.00528756	0	6.645628	1.892895	0.9344979	0.06550206	78.14384
2870	11.0896	-19.8417	30.9312	0.598997	0.401003	1.985459	0.180129	0.174999	0.166906	0.0608253	0.0387274	0.00537469	0.00527718	0	6.85903	1.944584	0.4010034	0.5989966	88.02046
2880	11.6015	-23.2913	34.8928	0.335777	0.664223	4.59977	0.175524	0.174256	0.168424	0.0608732	0.0383773	0.00538847	0.00513117	0	2.897448	1.760569	0.6642228	0.3357772	57.61945
2890	12.4231	-22.5017	34.9248	0.328895	0.671105	5.952633	0.178766	0.176979	0.166383	0.0591974	0.0384549	0.00537962	0.00508808	0	2.865489	1.960021	0.6711046	0.3288954	91.2054
2900	10.6684	-21.1562	31.8247	0.790108	0.209892	6.192525	0.178972	0.177223	0.171068	0.0597769	0.0386236	0.00538568	0.0051907	0	5.965581	1.932273	0.2098923	0.7901077	85.56038
2910	12.1216	-21.155	33.2766	0.472637	0.527363	4.831188	0.18059	0.176686	0.167296	0.0604022	0.038603	0.00553581	0.00507362	0	4.513628	1.89228	0.5273631	0.4726369	78.03328
2920	12.9249	-22.5079	35.4328	0.46833	0.53167	5.11661	0.176468	0.175459	0.171308	0.0614368	0.0383698	0.00534794	0.00509103	0	2.357449	1.979397	0.5316702	0.4683298	95.36672
2930	12.0012	-19.7769	31.7781	0.928136	0.0718636	3.148882	0.176873	0.178762	0.168214	0.0612669	0.0387679	0.00546822	0.00517533	0	6.012176	1.972675	0.07186363	0.9281364	93.902
2940	11.7539	-22.6875	34.4414	0.0758689	0.924131	2.664708	0.176946	0.175353	0.172718	0.0600588	0.0387501	0.00548665	0.00507357	0	3.348834	1.704949	0.9241311	0.07586887	50.69312
2950	12.635	-21.32	33.9551	0.808477	0.191523	2.097572	0.176646	0.176852	0.170608	0.058981	0.0373793	0.00550526	0.00513172	0	3.835186	1.982385	0.1915235	0.8084765	96.02521
2960	12.1864	-20.8676	33.054	0.839613	0.160387	2.041407	0.179611	0.178322	0.17345	0.0591579	0.0381643	0.00557005	0.00510548	0	4.736227	1.932803	0.1603869	0.8396131	85.66497
2970	12.7484	-21.6877	34.4361	0.599645	0.400355	5.695924	0.17689	0.174856	0.169668	0.0594505	0.0379437	0.00533352	0.00515163	0	3.354171	1.991812	0.4003548	0.5996452	98.13224
2980	12.884	-21.3373	34.2213	0.774218	0.225782	4.278236	0.175531	0.180117	0.166313	0.0606455	0.0382863	0.00537641	0.0052036	0	3.568955	1.936576	0.2257824	0.7742176	86.41235
2990	12.6662	-21.0212	33.6874	0.116379	0.883621	5.763551	0.177147	0.175237	0.17166	0.0606216	0.0382317	0.00555841	0.00528801	0	4.102832	1.997713	0.8836209	0.1163791	99.47486
3000	13.1319	-21.4785	34.6104	0.452748	0.547252	3.810516	0.179405	0.175636	0.169877	0.0611939	0.0379664	0.00551053	0.00525423	0	3.179877	1.950151	0.5472515	0.4527485	89.15602
3010	10.368	-25.3598	35.7278	0.913308	0.0866919	1.318607	0.178895	0.177322	0.166065	0.059903	0.037979	0.00537077	0.00514156	0	2.06243	1.779234	0.08669194	0.9133081	60.14977
3020	4.36234	-20.343	24.7053	0.11278	0.88722	0.666044	0.181292	0.177988	0.169338	0.0601759	0.0381738	0.00534748	0.00525466	0	13.08493	1.518161	0.8872203	0.1127797	32.97322
3030	11.2878	-22.1771	33.4649	0.401584	0.598416	6.16678	0.175331	0.177888	0.172523	0.0601174	0.0384331	0.00557706	0.0052464	0	4.325334	1.886221	0.5984155	0.4015845	76.95211
3040	12.9599	-21.3998	34.3597	0.564381	0.435619	3.81324	0.180932	0.180387	0.171719	0.0593921	0.0376914	0.00556122	0.00525838	0	3.430595	1.926682	0.4356194	0.5643806	84.46599
3050	12.1598	-20.6099	32.7697	0.710368	0.289632	5.157076	0.180631	0.175006	0.167508	0.0601071	0.0375799	0.00554253	0.00511482	0	5.020525	1.959942	0.2896324	0.7103676	91.1889
3060	12.4769	-21.0617	33.5386	0.0872447	0.912755	3.075911	0.17819	0.17272	0.166983	0.0595887	0.0375628	0.00554412	0.00505399	0	4.251638	1.869483	0.9127553	0.08724473	74.04285
3070	12.7285	-22.0576	34.7861	0.526048	0.473952	4.258293	0.178886	0.17577	0.169302	0.0614616	0.0389829	0.00549706	0.00507763	0	3.004181	1.899626	0.473952	0.526048	79.36444
3080	10.7369	-21.1419	31.8788	0.533045	0.466955	5.642359	0.173642	0.176667	0.172996	0.0615852	0.0385693	0.00543914	0.00515575	0	5.911465	1.876733	0.4669546	0.5330454	75.2893
3090	10.8792	-24.5085	35.3877	0.927046	0.072954	4.222023	0.173981	0.180338	0.172124	0.0616716	0.0389244	0.00537983	0.00519558	0	2.402571	1.716094	0.07295397	0.927046	52.01084
3100	11.4031	-23.8398	35.243	0.0659234	0.934077	6.629605	0.173034	0.180467	0.172363	0.0609604	0.0384429	0.00544886	0.0051507	0	2.547286	1.897034	0.9340766	0.06592345	78.89226
3110	12.3471	-20.0684	32.4155	0.496197	0.503803	2.874397	0.179589	0.177818	0.173238	0.0593587	0.0376495	0.00554828	0.00521022	0	5.374704	1.970394	0.5038027	0.4961973	93.41017
3120	12.9131	-22.5438	35.4568	0.56742	0.43258	4.383668	0.181099	0.177412	0.172918	0.0589095	0.0376206	0.00551054	0.00519337	0	2.333406	1.950314	0.4325804	0.5674196	89.18955
3130	13.0215	-20.5085	33.53	0.493198	0.506802	3.606297	0.181365	0.177532	0.172311	0.0588684	0.0379683	0.00552305	0.00529425	0	4.260256	1.979278	0.5068025	0.4931975	95.34062
3140	11.0711	-23.7924	34.8635	0.421129	0.578871	2.821979	0.17765	0.173785	0.168952	0.0593133	0.0378008	0.00552916	0.00521947	0	2.926758	1.637159	0.5788708	0.4211292	43.36701
3150	10.9201	-24.4661	35.3862	0.381818	0.618182	1.696226	0.181218	0.17481	0.167344	0.0604346	0.0371267	0.00540907	0.00524028	0	2.404051	1.70555	0.6181823	0.3818177	50.76334
3160	11.0892	-23.0688	34.158	0.772606	0.227394	5.722818	0.181664	0.175023	0.171035	0.0588649	0.0373653	0.0053507	0.00529049	0	3.632228	1.814984	0.2273939	0.7726061	65.3107
3170	11.2862	-24.8934	36.1796	0.218146	0.781854	4.402647	0.176557	0.174652	0.170578	0.0597983	0.0378831	0.00550218	0.00515142	0	1.610677	1.77229	0.7818544	0.2181456	59.19567
3180	12.4469	-22.0826	34.5295	0.298266	0.701734	5.540456	0.17988	0.175203	0.169272	0.0611964	0.0375345	0.00553324	0.00518651	0	3.260752	1.924229	0.7017341	0.2982659	83.99033
3190	10.5296	-25.4847	36.0143	0.118134	0.881866	3.251455	0.180089	0.179519	0.165531	0.0610401	0.0377447	0.00556738	0.00505167	0	1.775922	1.582926	0.8818656	0.1181344	38.27599
3200	13.0727	-21.5212	34.5939	0.360939	0.639061	3.237084	0.181439	0.175859	0.167749	0.0592859	0.0382927	0.00533216	0.00512326	0	3.196304	1.957019	0.6390614	0.3609386	90.57728
3210	12.4963	-21.2105	33.7068	0.634886	0.365114	5.597398	0.180634	0.175202	0.167187	0.0613304	0.038426	0.00541041	0.00515596	0	4.083446	1.977524	0.3651142	0.6348858	94.9564
3220	12.7301	-21.5507	34.2809	0.585231	0.414769	4.384384	0.174052	0.178971	0.172448	0.0614096	0.0381203	0.00558515	0.00515831	0	3.509395	1.908346	0.4147695	0.5852305	80.97407
3230	11.7891	-23.535	35.324	0.982722	0.0172775	4.438887	0.179818	0.17649	0.169056	0.0614248	0.0382981	0.00553975	0.00525187	0	2.466219	1.815279	0.01727752	0.9827225	65.35497
3240	8.07114	-28.712	36.7831	0.248516	0.751484	0.9413362	0.173172	0.173188	0.167061	0.0589699	0.0380771	0.00554296	0.00527099	0	1.007098	1.979001	0.7514839	0.2485161	95.27994
3250	11.0144	-22.7874	33.8019	0.895515	0.104485	0.8796411	0.176297	0.174793	0.1723	0.0601387	0.0384799	0.00549623	0.00526175	0	3.988395	1.784125	0.1044846	0.8955154	60.83106
3260	9.9435	-23.8476	33.7911	0.168927	0.831073	0.5982008	0.180825	0.181296	0.168133	0.0601387	0.0384027	0.00539518	0.00528202	0	3.999182	1.550312	0.831073	0.168927	35.50681
3270	13.1928	-22.0145	35.2074	0.188939	0.811061	3.968279	0.180396	0.180571	0.167581	0.0592867	0.0388671	0.00534858	0.0052264	0	2.582887	1.959386	0.8110615	0.1889385	91.0722
3280	10.622	-21.1108	31.7328	0.420181	0.579819	6.569824	0.178878	0.177707	0.166785	0.0593774	0.0381727	0.00550016	0.00507204	0	6.057455	1.976314	0.5798187	0.4201813	94.69221
3290	13.2307	-21.4076	34.6383	0.04965	0.95035	4.431084	0.180594	0.174313	0.171127	0.0589838	0.03894	0.00550671	0.005076	0	3.151918	1.961725	0.95035	0.04964995	91.56411
3300	12.0447	-21.6204	33.6651	0.0833813	0.916619	2.621951	0.179736	0.180563	0.170598	0.0595857	0.0389673	0.00559292	0.00525761	0	4.125096	1.78087	0.9166187	0.0833813	60.37682
3310	12.9253	-20.4705	33.3958	0.481478	0.518522	3.405896	0.176791	0.177807	0.170227	0.0600817	0.0387736	0.00555039	0.00521608	0	4.394445	1.975615	0.5185221	0.4814779	94.53997
3320	12.2089	-19.9172	32.1261	0.675356	0.324644	4.68624	0.180968	0.181129	0.171331	0.0601647	0.0378988	0.00552762	0.0052136	0	5.664101	1.997033	0.3246442	0.6753558	99.31923
3330	12.9533	-20.9989	33.9522	0.0601771	0.939823	4.636286	0.180962	0.178905	0.168088	0.0594665	0.0374053	0.00547278	0.00520955	0	3.838078	1.947411	0.9398229	0.06017711	88.59529
3340	10.2621	-23.7737	34.0358	0.551134	0.448866	7.253067	0.177076	0.179921	0.171295	0.0607572	0.0380916	0.00558269	0.00524671	0	3.75446	1.887217	0.4488659	0.5511341	77.12889
3350	13.1897	-21.5857	34.7754	0.524394	0.475606	4.673762	0.173481	0.179914	0.169497	0.0608254	0.038263	0.00553436	0.00528623	0	3.014831	1.975629	0.4756065	0.5243935	94.54299
3360	11.7688	-23.717	35.4858	0.0828902	0.91711	2.903227	0.177575	0.179812	0.16892	0.0611815	0.037387	0.00542203	0.00526253	0	2.30443	1.722648	0.9171098	0.08289024	52.80168
3370	11.7803	-23.6581	35.4384	0.556236	0.443764	4.878427	0.173635	0.174666	0.173444	0.0600316	0.0371984	0.00550381	0.00528424	0	2.351861	1.822659	0.4437643	0.5562357	66.47504
3380	12.8882	-21.6599	34.5481	0.00599083	0.994009	5.338433	0.175739	0.17943	0.171343	0.0615956	0.0379544	0.00537225	0.0052567	0	3.242143	1.950819	0.9940092	0.005990827	89.2934
3390	10.5911	-19.7402	30.3313	0.650812	0.349188	2.188357	0.178791	0.176809	0.170412	0.0615069	0.0389718	0.00550352	0.00527668	0	7.458917	1.89136	0.349188	0.650812	77.86814
3400	12.7043	-22.4708	35.1752	0.634338	0.365662	3.071421	0.177396	0.176899	0.165866	0.0618431	0.0378287	0.00539797	0.00512575	0	2.615068	1.921037	0.3656622	0.6343378	83.37517
3410	12.9352	-21.6008	34.536	0.20773	0.79227	3.089136	0.177602	0.176852	0.166813	0.0608249	0.0390125	0.00539304	0.00514815	0	3.254271	1.926202	0.7922697	0.2077303	84.3728
3420	12.1366	-22.2093	34.3459	0.426014	0.573986	3.652646	0.175835	0.175485	0.173122	0.0596176	0.0385601	0.0054095	0.00525327	0	3.444351	1.793547	0.5739861	0.4260139	62.16521
3430	13.119	-21.2635	34.3825	0.635612	0.364388	3.7411	0.173709	0.173812	0.171448	0.0603347	0.0388928	0.00558974	0.00527949	0	3.407724	1.955026	0.3643884	0.6356116	90.16247
3440	13.2385	-21.2334	34.4719	0.440608	0.559392	3.828775	0.174387	0.179098	0.173757	0.0611236	0.0390352	0.00544624	0.00515238	0	3.318384	1.976238	0.5593921	0.4406079	94.67566
3450	10.4903	-20.5654	31.0557	0.0791133	0.920887	6.30036	0.175953	0.179581	0.172643	0.0606082	0.0389885	0.00557375	0.00508617	0	6.734526	1.98297	0.9208867	0.07911328	96.15451
3460	12.1681	-21.9835	34.1515	0.455255	0.544745	4.789082	0.178914	0.173319	0.172502	0.0607629	0.038993	0.00559613	0.00511618	0	3.638716	1.852346	0.5447445	0.4552555	71.17807
3470	12.8638	-21.5951	34.4589	0.153794	0.846206	5.638677	0.174684	0.176996	0.171233	0.0592523	0.038973	0.00557337	0.00507715	0	3.331324	1.98665	0.8462059	0.1537941	96.97288
3480	10.3219	-21.3403	31.6622	0.194815	0.805185	2.454402	0.173228	0.176266	0.170029	0.060773	0.0371152	0.00554715	0.00506594	0	6.127999	1.656231	0.8051851	0.1948149	45.31383
3490	12.4665	-22.5214	34.9879	0.393121	0.606879	2.934321	0.177298	0.17305	0.167466	0.0619112	0.0384727	0.0055825	0.00522011	0	2.802341	1.854013	0.606879	0.393121	71.45177
3500	10.6746	-25.8338	36.5083	0.0176364	0.982364	4.903682	0.175477	0.174755	0.171264	0.0615377	0.0387863	0.00548408	0.00526583	0	1.281932	1.728225	0.9823636	0.01763643	53.48418
3510	12.9102	-20.6797	33.59	0.621519	0.378481	4.632926	0.177475	0.176326	0.169865	0.0618445	0.0376075	0.00535478	0.00509413	0	4.200268	1.986348	0.3784809	0.6215191	96.9055
3520	10.9845	-19.9497	30.9342	0.373661	0.626339	1.809886	0.178558	0.174721	0.172426	0.0614698	0.0380997	0.00540219	0.00512717	0	6.856027	1.934059	0.6263385	0.3736615	85.91294
3530	11.6897	-20.0717	31.7614	0.0680422	0.931958	5.408546	0.175493	0.174229	0.173617	0.0588989	0.0375003	0.00534993	0.00510907	0	6.0288	1.996457	0.9319578	0.06804222	99.1874
3540	13.0302	-21.0033	34.0335	0.0860893	0.913911	4.895584	0.172987	0.173737	0.173703	0.0615187	0.0376103	0.00539715	0.00511856	0	3.756749	1.974719	0.9139107	0.0860893	94.34499
3550	12.3637	-21.8641	34.2278	0.458253	0.541747	5.298176	0.173165	0.175197	0.168259	0.0601562	0.0376841	0.00550448	0.00529352	0	3.562476	1.905522	0.5417467	0.4582533	80.44919
3560	10.6873	-24.481	35.1683	0.589472	0.410528	3.266313	0.175279	0.172881	0.170062	0.0593094	0.037545	0.00556052	0.00527497	0	2.621985	1.6208	0.410528	0.589472	41.76377
3570	12.9203	-22.1493	35.0695	0.192977	0.807023	3.643499	0.173841	0.174945	0.16894	0.0590743	0.0382308	0.00544166	0.00526256	0	2.720703	1.905125	0.807023	0.192977	80.37577
3580	12.045	-23.7546	35.7996	0.492823	0.507177	5.300136	0.173696	0.174922	0.167469	0.0594803	0.0389957	0.00550144	0.00509574	0	1.990601	1.903759	0.507177	0.492823	80.12342
3590	12.4562	-21.8691	34.3253	0.829431	0.170569	2.079417	0.176214	0.173227	0.170709	0.06063	0.0388516	0.00554089	0.00518708	0	3.464927	1.928778	0.170569	0.829431	84.87474
3600	11.7708	-22.7311	34.5019	0.887396	0.112604	2.483279	0.179891	0.172703	0.173099	0.0612374	0.0387333	0.00548964	0.00530246	0	3.288379	1.767247	0.1126043	0.8873957	58.51228
3610	12.2752	-20.9524	33.2276	0.159278	0.840722	5.3132	0.176503	0.176122	0.168214	0.0613275	0.038669	0.00545177	0.00514608	0	4.562684	1.940631	0.8407217	0.1592783	87.22303
3620	10.6228	-20.1134	30.7361	0.208389	0.791611	5.739223	0.179531	0.174082	0.16555	0.0595683	0.0384967	0.00542232	0.00526346	0	7.054135	1.972204	0.7916111	0.2083889	93.80019
3630	10.8218	-24.6988	35.5206	0.581441	0.418559	6.314166	0.181438	0.177513	0.166819	0.0594103	0.0382075	0.00543385	0.00511064	0	2.269676	1.852223	0.4185586	0.5814414	71.15796
3640	9.99317	-23.7286	33.7218	0.89725	0.10275	0.536883	0.179301	0.177562	0.171195	0.061161	0.0376105	0.00557566	0.00514102	0	4.06846	1.631626	0.1027498	0.8972502	42.818
3650	12.3929	-20.9855	33.3784	0.26676	0.73324	4.078475	0.179689	0.178611	0.165525	0.0611615	0.037893	0.00553798	0.00506657	0	4.411851	1.882053	0.7332405	0.2667595	76.21727
3660	10.7713	-20.9064	31.6777	0.842843	0.157157	3.464039	0.17938	0.177086	0.165862	0.0618434	0.0389056	0.00541663	0.00508329	0	6.112528	1.763734	0.1571566	0.8428434	58.04082
3670	11.1234	-24.1199	35.2433	0.51859	0.48141	1.377957	0.17928	0.178071	0.168669	0.0618032	0.03772	0.00542185	0.00514575	0	2.546951	1.796462	0.4814096	0.5185904	62.58375
3680	11.9539	-22.404	34.3579	0.774536	0.225464	1.584042	0.181115	0.174412	0.171046	0.0608861	0.0384951	0.00550456	0.00507954	0	3.432327	1.886561	0.2254636	0.7745364	77.01242
3690	11.1301	-21.2263	32.3565	0.0147007	0.985299	1.793547	0.180669	0.173591	0.169443	0.0606326	0.0376028	0.00559007	0.00508425	0	5.433789	1.745473	0.9852993	0.01470072	55.65097
3700	10.9878	-21.844	32.8318	0.216067	0.783933	3.386919	0.176552	0.175257	0.170244	0.0603246	0.0374467	0.00551921	0.00508276	0	4.958443	1.683657	0.7839327	0.2160673	48.26773
3710	12.5255	-22.0299	34.5554	0.906596	0.0934041	3.482537	0.174422	0.176993	0.165699	0.0617138	0.038035	0.00541981	0.00509486	0	3.234808	1.871748	0.09340411	0.9065959	74.43006
3720	12.9886	-22.554	35.5427	0.705823	0.294177	4.10913	0.175964	0.177675	0.170949	0.0613453	0.0384683	0.00547029	0.00516392	0	2.247578	1.972466	0.2941771	0.7058229	93.85685
3730	12.8327	-22.4415	35.2742	0.699399	0.300601	4.819541	0.181425	0.176008	0.171554	0.0612443	0.0390122	0.00558789	0.00517989	0	2.516086	1.947051	0.3006006	0.6993994	88.52192
3740	12.076	-20.1521	32.2281	0.713525	0.286475	3.392953	0.179059	0.175613	0.165558	0.0596708	0.0386011	0.00558488	0.00514349	0	5.56211	1.922922	0.2864748	0.7135252	83.7379
3750	12.7943	-21.686	34.4802	0.362522	0.637478	3.015938	0.175246	0.179104	0.167328	0.0618178	0.0389951	0.00551707	0.00515327	0	3.309999	1.906518	0.6374778	0.3625222	80.63399
3760	10.3558	-19.9394	30.2952	0.614848	0.385152	3.256651	0.17455	0.180634	0.16957	0.0608314	0.0389635	0.00544066	0.0050439	0	7.495066	1.834856	0.3851522	0.6148478	68.36841
3770	11.775	-19.6435	31.4185	0.829651	0.170349	2.799508	0.175987	0.174412	0.165342	0.0617719	0.0384599	0.00559205	0.00518956	0	6.371742	1.985562	0.1703486	0.8296514	96.73007
3780	12.9053	-21.9609	34.8663	0.845438	0.154562	2.976332	0.173397	0.17668	0.165666	0.061172	0.0388432	0.00546634	0.00521574	0	2.923982	1.95115	0.154562	0.845438	89.36144
3790	11.5841	-23.0725	34.6566	0.583386	0.416614	1.074327	0.1746	0.173123	0.170959	0.0603788	0.038662	0.00555056	0.00513141	0	3.133675	1.909514	0.4166141	0.5833859	81.19214
3800	10.8703	-23.5258	34.3961	0.680315	0.319685	0.3920392	0.173504	0.178515	0.169654	0.0613194	0.0384205	0.00548883	0.0052435	0	3.394107	1.89086	0.3196853	0.6803147	77.77854
3810	12.8208	-21.288	34.1088	0.118507	0.881493	4.617318	0.174495	0.177509	0.172088	0.0611828	0.0381296	0.00542224	0.00522633	0	3.681418	1.919543	0.8814926	0.1185074	83.08892
3820	12.4785	-21.8449	34.3234	0.904218	0.095782	1.911451	0.175499	0.174912	0.168419	0.0589855	0.0375651	0.00546418	0.00523897	0	3.466838	1.962406	0.095782	0.904218	91.70773
3830	10.9587	-25.6051	36.5638	0.813763	0.186237	3.905556	0.176458	0.177071	0.168196	0.0606341	0.0375491	0.00546253	0.0052606	0	1.226466	1.891594	0.1862371	0.8137629	77.91017
3840	12.8739	-20.8923	33.7662	0.263228	0.736772	2.703635	0.17808	0.172836	0.167139	0.0615736	0.0375001	0.00554187	0.00526877	0	4.023997	1.96499	0.736772	0.263228	92.25504
3850	11.3708	-24.368	35.7389	0.885951	0.114049	1.538749	0.180174	0.174361	0.173304	0.0609349	0.0376686	0.0055907	0.00530274	0	2.051356	1.940312	0.1140495	0.8859505	87.15894
3860	11.4763	-20.5006	31.9769	0.168874	0.831126	2.594632	0.175683	0.174874	0.168241	0.0596481	0.0374418	0.00555007	0.00520316	0	5.813375	1.825511	0.8311263	0.1688737	66.91302
3870	11.324	-24.1079	35.4319	0.595973	0.404027	7.019877	0.179422	0.17643	0.168476	0.0589525	0.0373879	0.00552474	0.00528407	0	2.358333	1.963028	0.4040267	0.5959733	91.83909
3880	13.068	-20.578	33.6459	0.288986	0.711014	3.83886	0.179001	0.175963	0.165687	0.0608052	0.0375782	0.00555318	0.00526284	0	4.144318	1.973926	0.7110142	0.2889858	94.173
3890	11.2222	-21.9569	33.1791	0.0862581	0.913742	2.478086	0.176359	0.177844	0.16986	0.0602233	0.037675	0.00547117	0.00513997	0	4.611136	1.672466	0.9137419	0.08625807	47.0399
3900	11.143	-25.1982	36.3411	0.500283	0.499717	5.247802	0.17422	0.176492	0.169808	0.0591001	0.0380844	0.00552621	0.0051886	0	1.449113	1.867934	0.499717	0.500283	73.77927
3910	11.9251	-20.1539	32.079	0.394454	0.605546	2.26981	0.174288	0.173321	0.167173	0.05953	0.0377921	0.0054397	0.00508727	0	5.711216	1.958027	0.6055455	0.3944545	90.78761
3920	12.8596	-22.4354	35.295	0.120234	0.879766	3.07996	0.177829	0.173359	0.167663	0.0592711	0.0371053	0.00543615	0.00517774	0	2.495272	1.926167	0.879766	0.120234	84.36593
3930	9.79698	-23.6659	33.4628	0.529578	0.470422	2.715465	0.180883	0.173093	0.165878	0.059686	0.0377197	0.00540157	0.00526595	0	4.32741	1.504854	0.4704221	0.5295779	31.97823
3940	12.7636	-22.8816	35.6451	0.75388	0.24612	5.104184	0.179284	0.178022	0.168414	0.0596654	0.0373086	0.00532789	0.00525603	0	2.14511	1.978811	0.2461201	0.7538799	95.23826
3950	11.7621	-22.2688	34.0309	0.5583	0.4417	2.883974	0.177259	0.177839	0.167139	0.0593833	0.037208	0.00552004	0.00508688	0	3.759325	1.75083	0.4416996	0.5583004	56.34175
3960	12.6434	-22.925	35.5684	0.871772	0.128228	4.099154	0.181831	0.174613	0.165763	0.0588676	0.0373436	0.00550831	0.00513416	0	2.221838	1.929928	0.1282283	0.8717717	85.09977
3970	11.3676	-24.2922	35.6598	0.556797	0.443203	5.130385	0.175705	0.175003	0.168171	0.0618608	0.0373805	0.0055127	0.00522483	0	2.13044	1.80732	0.4432029	0.5567971	64.16819
3980	10.4947	-21.4959	31.9906	0.317182	0.682818	2.927634	0.173983	0.180971	0.172713	0.0607997	0.0381536	0.00534854	0.00507561	0	5.799616	1.670285	0.6828176	0.3171824	46.80426
3990	10.4462	-22.4373	32.8835	0.520305	0.479695	5.726029	0.177254	0.17797	0.17293	0.0617773	0.0385199	0.00547249	0.00523336	0	4.9067	1.786151	0.479695	0.520305	61.11551
4000	12.4753	-21.011	33.4864	0.970243	0.0297575	2.092326	0.174838	0.179876	0.169727	0.0616902	0.0375917	0.00554557	0.00508687	0	4.303871	1.969625	0.02975748	0.9702425	93.24489
4010	10.7246	-25.9388	36.6634	0.28165	0.71835	4.338162	0.176127	0.173117	0.165956	0.0615234	0.0374165	0.00549477	0.00505595	0	1.126851	1.823019	0.7183498	0.2816502	66.53015
4020	11.6934	-19.9973	31.6907	0.715736	0.284264	2.068202	0.173129	0.174205	0.169064	0.0589334	0.0373018	0.00538047	0.00507863	0	6.099528	1.987439	0.2842644	0.7157356	97.14908
4030	10.4049	-20.4713	30.8762	0.00117136	0.998829	0.8108031	0.174185	0.173388	0.166456	0.0594767	0.0386282	0.00532572	0.00511315	0	6.914081	1.94403	0.9988286	0.001171359	87.90832
4040	10.462	-19.3001	29.762	0.423666	0.576334	2.693418	0.173861	0.172755	0.167169	0.0605472	0.0390215	0.00545241	0.0051256	0	8.028231	1.947677	0.5763341	0.4236659	88.64969
4050	11.5209	-23.3987	34.9196	0.50949	0.49051	0.9623689	0.177278	0.176023	0.17288	0.0609256	0.03854	0.00551452	0.00529104	0	2.870609	1.953504	0.4905101	0.5094899	89.8471
4060	12.4102	-19.8377	32.2479	0.183416	0.816584	4.171898	0.175197	0.177494	0.16746	0.0592829	0.0381779	0.00546367	0.00510884	0	5.542313	1.996081	0.816584	0.183416	99.10173
4070	13.3173	-21.3856	34.7029	0.225975	0.774025	3.573664	0.176481	0.180815	0.165795	0.0605607	0.0372782	0.00542638	0.00505395	0	3.087331	1.989414	0.7740249	0.2259751	97.59206
4080	11.0443	-25.6325	36.6768	0.128237	0.871763	2.720105	0.179075	0.18157	0.169192	0.0596578	0.0378554	0.00552555	0.00505912	0	1.11342	1.995591	0.8717632	0.1282368	98.98994
4090	11.4441	-23.8947	35.3388	0.398803	0.601197	3.148034	0.177774	0.177578	0.169868	0.0606937	0.0389964	0.00557973	0.0051038	0	2.45141	1.706242	0.6011966	0.3988034	50.84431
4100	10.0992	-22.291	32.3902	0.380603	0.619397	7.076344	0.17304	0.177098	0.168899	0.0604954	0.0386565	0.00554789	0.00525478	0	5.400075	1.920968	0.6193972	0.3806028	83.36188
4110	12.5549	-23.0614	35.6163	0.673519	0.326481	3.040495	0.176129	0.174787	0.169449	0.0612898	0.0373946	0.0053783	0.00525684	0	2.173942	1.939622	0.3264813	0.6735187	87.0205
4120	8.47336	-24.5071	32.9805	0.714973	0.285027	1.507118	0.176125	0.172878	0.170377	0.0614705	0.0378427	0.00536502	0.00508922	0	4.809734	1.372753	0.2850275	0.7149725	23.59136
4130	10.9915	-22.2649	33.2564	0.817431	0.182569	2.966903	0.174796	0.173618	0.172674	0.0617995	0.0389469	0.0055666	0.00515738	0	4.533861	1.676292	0.1825692	0.8174308	47.45609
4140	12.6184	-21.626	34.2444	0.562682	0.437318	3.121498	0.18006	0.179326	0.170221	0.0593768	0.0390472	0.00554185	0.005161	0	3.545812	1.879929	0.4373183	0.5626817	75.84532
4150	12.9134	-21.6313	34.5447	0.9593	0.0406995	4.674062	0.181728	0.173663	0.167064	0.0602309	0.0385524	0.00533441	0.00513309	0	3.245514	1.955699	0.0406995	0.9593005	90.30242
4160	12.7688	-22.7833	35.5522	0.904516	0.0954843	5.437442	0.178539	0.176872	0.172206	0.0618148	0.0383129	0.00539932	0.00511221	0	2.238052	1.998192	0.09548433	0.9045157	99.58462
4170	12.2258	-23.3712	35.597	0.33193	0.66807	3.151487	0.179761	0.177659	0.169401	0.0602032	0.038031	0.00540705	0.00509604	0	2.193259	1.850397	0.6680702	0.3319298	70.85926
4180	11.4606	-24.8213	36.2819	0.452464	0.547536	2.687004	0.175742	0.17886	0.171369	0.0590373	0.0384139	0.0054181	0.0051551	0	1.508342	1.912647	0.5475362	0.4524638	81.78001
4190	12.8143	-20.9416	33.7559	0.428397	0.571603	3.729098	0.178347	0.18037	0.168264	0.0596102	0.0387905	0.00558563	0.00505042	0	4.034366	1.92852	0.5716035	0.4283965	84.8243
4200	12.2421	-22.6575	34.8996	0.689776	0.310224	2.886742	0.181742	0.176874	0.167056	0.060398	0.0382151	0.00539712	0.00511333	0	2.890644	1.837238	0.3102239	0.6897761	68.74448
4210	12.1427	-21.5441	33.6868	0.554159	0.445841	2.295244	0.181487	0.177023	0.169424	0.0597183	0.0382438	0.00532376	0.0051922	0	4.103482	1.850403	0.445841	0.554159	70.86029
4220	12.932	-20.8779	33.8099	0.0161241	0.983876	3.338148	0.180274	0.173216	0.168981	0.0607992	0.0385435	0.00535579	0.00515534	0	3.980323	1.934503	0.9838759	0.01612412	86.00099
4230	11.0602	-20.0433	31.1035	0.178933	0.821067	3.371803	0.175334	0.173783	0.167812	0.0617198	0.0379989	0.00532792	0.00523846	0	6.686745	1.848813	0.8210672	0.1789328	70.60142
4240	12.4801	-20.9442	33.4242	0.546133	0.453867	5.585118	0.175459	0.177219	0.165229	0.0616027	0.0387784	0.00535325	0.0050907	0	4.365999	1.992468	0.4538674	0.5461326	98.28063
4250	12.862	-22.1667	35.0288	0.289468	0.710532	3.956723	0.177489	0.174005	0.168865	0.0617859	0.0386588	0.00548802	0.0050588	0	2.76149	1.905812	0.7105316	0.2894684	80.50302
4260	13.0448	-20.8424	33.8872	0.119887	0.880113	3.403258	0.179778	0.178549	0.169901	0.0608939	0.0383839	0.00549388	0.00505419	0	3.903078	1.959597	0.8801133	0.1198867	91.11659
4270	11.4783	-22.6182	34.0965	0.505279	0.494721	5.03401	0.181213	0.179949	0.166643	0.061236	0.0376979	0.00551624	0.00508988	0	3.693744	1.793687	0.4947207	0.5052793	62.18516
4280	11.3184	-21.9713	33.2897	0.0770054	0.922995	1.663504	0.176867	0.176978	0.173605	0.0606537	0.0384173	0.00549263	0.00516483	0	4.500509	1.722559	0.9229946	0.07700542	52.79095
4290	12.4334	-22.5035	34.937	0.234664	0.765336	5.016229	0.179359	0.178305	0.170609	0.0616057	0.0379401	0.0054464	0.00520682	0	2.853295	1.877217	0.7653361	0.2346639	75.37326
4300	10.8453	-24.0064	34.8517	0.490467	0.509533	2.702214	0.176482	0.177201	0.171163	0.0616945	0.0378445	0.00538393	0.00518175	0	2.938554	1.618418	0.5095329	0.4904671	41.53539
4310	12.3607	-21.0983	33.459	0.770634	0.229366	1.794936	0.177547	0.176288	0.168599	0.0607239	0.0375752	0.00543367	0.00515481	0	4.33124	1.987334	0.2293663	0.7706337	97.12559
4320	10.8954	-24.7511	35.6465	0.673931	0.326069	1.117487	0.175725	0.175335	0.165417	0.061796	0.0372001	0.00532867	0.00508654	0	2.1437	1.910524	0.3260689	0.6739311	81.38119
4330	11.2865	-20.4425	31.729	0.602252	0.397748	3.676052	0.178502	0.180479	0.167206	0.05991	0.0388939	0.00535407	0.00512984	0	6.061236	1.839549	0.3977483	0.6022517	69.11125
4340	13.3879	-21.5941	34.9821	0.00987444	0.990126	3.827925	0.180258	0.176397	0.168598	0.0598676	0.0388299	0.00548482	0.00515411	0	2.808171	1.979901	0.9901256	0.00987444	95.47743
4350	8.62052	-21.2668	29.8874	0.271644	0.728356	2.576684	0.180241	0.173653	0.17081	0.0590683	0.0390001	0.00546338	0.00514084	0	7.902877	1.576811	0.7283564	0.2716436	37.74076
4360	11.6132	-24.3086	35.9217	0.0669519	0.933048	5.681697	0.179383	0.173784	0.167146	0.059728	0.0386181	0.00549351	0.00524277	0	1.868528	1.847414	0.9330481	0.06695188	70.37429
4370	12.1992	-22.6448	34.844	0.383472	0.616528	1.481063	0.181177	0.175525	0.170303	0.0596403	0.0372026	0.00542969	0.00525308	0	2.946205	1.995845	0.6165283	0.3834717	99.0478
4380	11.0367	-22.2914	33.328	0.836361	0.163639	0.488341	0.180993	0.176663	0.170181	0.0588997	0.0379717	0.0055407	0.00524851	0	4.462211	1.899154	0.1636394	0.8363606	79.27828
4390	8.46522	-21.2381	29.7034	0.657826	0.342174	0.3160636	0.173042	0.175197	0.169019	0.0591241	0.0380375	0.00555488	0.00528773	0	8.086877	1.647607	0.342174	0.657826	44.42287
4400	10.82	-23.2726	34.0927	0.640967	0.359033	0.3016703	0.173534	0.176768	0.173694	0.0608883	0.0379681	0.00546003	0.00512937	0	3.697584	1.889064	0.3590332	0.6409668	77.45756
4410	11.8335	-20.9651	32.7985	0.428077	0.571923	1.296335	0.175156	0.180944	0.173637	0.0616811	0.0375558	0.00554767	0.00504501	0	4.991721	1.998309	0.5719235	0.4280765	99.61148
4420	11.2128	-21.3959	32.6087	0.549568	0.450432	3.929156	0.177209	0.181025	0.169705	0.0608127	0.0373651	0.0055226	0.00506959	0	5.18154	1.765417	0.4504318	0.5495682	58.26619
4430	11.3973	-23.8785	35.2758	0.806561	0.193439	6.772741	0.178825	0.180332	0.166563	0.0588523	0.0377476	0.00558462	0.00509655	0	2.514473	1.949489	0.1934394	0.8065606	89.02029
4440	10.4147	-20.3063	30.721	0.404273	0.595727	1.138638	0.178944	0.180154	0.170007	0.0605827	0.0374077	0.00554144	0.00509901	0	7.069226	1.897895	0.595727	0.404273	79.04883
4450	11.9193	-24.0408	35.9601	0.217322	0.782678	5.248894	0.180308	0.175527	0.169039	0.0601436	0.0371708	0.00540479	0.0052161	0	1.830192	1.875541	0.782678	0.217322	75.08297
4460	13.2179	-21.1692	34.3871	0.288819	0.711181	3.44507	0.177696	0.179416	0.16823	0.0602166	0.0389376	0.0053689	0.00521551	0	3.403102	1.975626	0.7111814	0.2888186	94.54233
4470	11.9487	-22.2892	34.2379	0.96231	0.0376901	1.169715	0.180662	0.178258	0.166319	0.0612358	0.0380137	0.0054147	0.0051584	0	3.552359	1.981813	0.03769006	0.9623099	95.89865
4480	12.5192	-21.6967	34.2159	0.462586	0.537414	4.090464	0.180459	0.174653	0.166142	0.0606119	0.0381216	0.00558356	0.00507218	0	3.574337	1.867873	0.5374137	0.4625863	73.76883
4490	10.0096	-25.6923	35.7019	0.850641	0.149359	3.199196	0.18052	0.176037	0.170105	0.0607529	0.0374649	0.00545523	0.00514788	0	2.088316	1.615501	0.1493586	0.8506414	41.25728
4500	12.6086	-22.3364	34.945	0.485386	0.514614	5.738404	0.174515	0.178438	0.170819	0.0602692	0.0381615	0.00559198	0.0051226	0	2.845244	1.965805	0.5146143	0.4853857	92.42829
4510	10.071	-22.8207	32.8917	0.276208	0.723792	3.074193	0.175701	0.177018	0.16917	0.0613946	0.0373934	0.00553354	0.00526489	0	4.898557	1.548418	0.7237922	0.2762078	35.35233
4520	13.1201	-21.6627	34.7828	0.535486	0.464514	3.374075	0.179714	0.173379	0.172792	0.0608376	0.0380778	0.00544564	0.00514508	0	3.007414	1.965204	0.4645143	0.5354857	92.30057
4530	12.8989	-20.2196	33.1185	0.81161	0.18839	3.476886	0.18076	0.177536	0.172189	0.0609613	0.0385504	0.00542064	0.00530495	0	4.67174	1.999228	0.1883896	0.8116104	99.82237
4540	11.9326	-23.9806	35.9133	0.527264	0.472736	2.101202	0.181339	0.17713	0.169614	0.0613667	0.0388959	0.00533668	0.00526648	0	1.87698	1.998277	0.4727361	0.5272639	99.60408
4550	11.3168	-22.1755	33.4923	0.625186	0.374814	3.963178	0.173542	0.174288	0.170193	0.0600894	0.0389289	0.00538049	0.0051385	0	4.297915	1.735606	0.3748139	0.6251861	54.40089
4560	11.5278	-23.1809	34.7087	0.137472	0.862528	4.375051	0.173981	0.174074	0.166234	0.05924	0.0384489	0.00538342	0.00522217	0	3.081574	1.717468	0.8625277	0.1374723	52.1757
4570	10.7478	-24.1624	34.9102	0.623421	0.376579	1.216318	0.175679	0.175369	0.16522	0.0618886	0.0383365	0.0054645	0.00520575	0	2.880035	1.710651	0.3765794	0.6234206	51.36313
4580	12.4919	-21.547	34.0388	0.132543	0.867457	1.789869	0.173609	0.173687	0.166082	0.0617602	0.0374522	0.00533154	0.00513277	0	3.751401	1.983609	0.8674569	0.1325431	96.29624
4590	12.0552	-21.7745	33.8297	0.109477	0.890523	4.045425	0.174213	0.181074	0.167059	0.0603222	0.0372482	0.00539198	0.00508496	0	3.960501	1.796746	0.8905229	0.1094771	62.62469
4600	12.4409	-22.1162	34.5571	0.685243	0.314757	5.587232	0.176771	0.17748	0.17118	0.0615257	0.0377173	0.00543957	0.00521538	0	3.233194	1.939804	0.3147566	0.6852434	87.0571
4610	8.30561	-27.2167	35.5223	0.151038	0.848962	9.489537	0.180728	0.176251	0.168642	0.0618856	0.0378131	0.00533595	0.00520578	0	2.267981	1.98399	0.8489623	0.1510377	96.3807
4620	9.34823	-20.8055	30.1537	0.614477	0.385523	1.524772	0.18097	0.179361	0.169343	0.0611416	0.0377833	0.00532482	0.00519391	0	7.636553	1.678732	0.385523	0.614477	47.72348
4630	12.3209	-20.3521	32.6731	0.409954	0.590046	2.387256	0.177002	0.179436	0.168507	0.0614971	0.0376367	0.00542927	0.0051152	0	5.117189	1.971338	0.5900464	0.4099536	93.61342
4640	11.1803	-24.3987	35.579	0.364399	0.635601	2.856994	0.174248	0.17469	0.170556	0.0604627	0.037555	0.00540828	0.00511216	0	2.211257	1.690224	0.6356012	0.3643988	49.00309
4650	13.1188	-20.9134	34.0322	0.421191	0.578809	3.339367	0.177275	0.177336	0.169448	0.0597074	0.0378025	0.0054973	0.00529903	0	3.758019	1.971474	0.5788087	0.4211913	93.64265
4660	12.595	-20.1221	32.7171	0.673878	0.326122	3.122271	0.177025	0.177474	0.169262	0.0597188	0.0382352	0.00549861	0.00523106	0	5.073139	1.983736	0.3261218	0.6738782	96.3243
4670	12.0541	-21.0336	33.0876	0.251197	0.748803	5.555143	0.175992	0.174714	0.166296	0.0592874	0.0387475	0.00551181	0.00526519	0	4.702601	1.938265	0.7488028	0.2511972	86.74901
4680	10.6572	-23.3704	34.0276	0.121213	0.878787	0.2930951	0.177808	0.176628	0.165569	0.0588794	0.038949	0.00552463	0.00520548	0	3.762623	1.810244	0.8787865	0.1212135	64.60173
4690	11.0742	-21.2732	32.3474	0.68468	0.31532	1.034122	0.181563	0.174347	0.168352	0.0598685	0.0389674	0.005582	0.00519954	0	5.442816	1.854067	0.3153197	0.6846803	71.46069
4700	11.7186	-21.0591	32.7777	0.0719513	0.928049	1.982718	0.18142	0.178805	0.173405	0.0603879	0.0375091	0.00534875	0.00516212	0	5.012532	1.828605	0.9280487	0.07195133	67.39151
4710	11.648	-23.3935	35.0415	0.924036	0.075964	4.684288	0.181048	0.179577	0.171285	0.0596444	0.0375044	0.00542439	0.00513003	0	2.748737	1.805721	0.07596403	0.924036	63.93242
4720	11.5332	-24.5471	36.0803	0.583426	0.416574	2.597725	0.1802	0.17945	0.1699	0.0590687	0.0386615	0.00536784	0.00504736	0	1.709957	1.88664	0.4165739	0.5834261	77.02648
4730	12.2554	-23.7137	35.969	0.609801	0.390199	4.866531	0.175656	0.178002	0.169884	0.0616883	0.0388746	0.00552195	0.00507289	0	1.82121	1.929806	0.3901988	0.6098012	85.07581
4740	12.9093	-20.2996	33.2089	0.648095	0.351905	3.990331	0.172909	0.175055	0.168676	0.0594854	0.0382372	0.00546649	0.00514891	0	4.58134	1.993833	0.3519054	0.6480946	98.59002
4750	11.685	-21.3	32.985	0.378375	0.621625	3.733632	0.172979	0.178203	0.17058	0.0594789	0.0383881	0.00543633	0.00513098	0	4.805202	1.791664	0.621625	0.378375	61.89623
4760	12.0474	-20.3425	32.39	0.624356	0.375644	4.910251	0.173175	0.177088	0.172616	0.0609571	0.0371992	0.00546504	0.00508591	0	5.400286	1.959563	0.3756438	0.6243562	91.10929
4770	7.24312	-22.2059	29.449	0.143968	0.856032	4.29774	0.174542	0.173193	0.170298	0.0591132	0.0381294	0.0055868	0.00512647	0	8.341198	1.548736	0.8560319	0.1439681	35.37825
4780	9.68434	-20.7869	30.4713	0.334846	0.665154	2.412323	0.172891	0.173719	0.166799	0.0591611	0.0383756	0.00559962	0.00513103	0	7.318994	1.675039	0.6651541	0.3348459	47.31938
4790	12.3082	-22.3801	34.6883	0.207691	0.792309	4.514852	0.173021	0.179726	0.168498	0.0603141	0.0384527	0.00553941	0.00508258	0	3.101977	1.833083	0.7923085	0.2076915	68.09
4800	13.033	-20.7112	33.7442	0.402842	0.597158	4.551552	0.174199	0.179718	0.171744	0.0589884	0.0388306	0.00549885	0.00515992	0	4.046009	1.984522	0.5971582	0.4028418	96.49888
4810	9.98574	-21.7639	31.7496	0.411825	0.588175	5.715647	0.179108	0.180157	0.171689	0.0607495	0.0388287	0.00536728	0.00527303	0	6.040634	1.800847	0.5881751	0.4118249	63.21898
4820	11.9077	-20.3188	32.2265	0.428718	0.571282	3.678385	0.17723	0.18048	0.169042	0.0614092	0.0384501	0.0053638	0.00513141	0	5.563734	1.892146	0.5712821	0.4287179	78.00915
4830	12.6203	-20.0908	32.711	0.363927	0.636073	3.353725	0.175548	0.178196	0.165311	0.0608126	0.0376688	0.00537858	0.00528624	0	5.079223	1.977688	0.6360734	0.3639266	94.99222
4840	12.099	-21.2203	33.3193	0.205294	0.794706	1.689758	0.178631	0.180212	0.168985	0.05939	0.0378869	0.00545575	0.00505442	0	4.470986	1.927755	0.7947056	0.2052944	84.67505
4850	13.107	-21.0469	34.1539	0.806618	0.193382	3.236911	0.178461	0.174891	0.16784	0.0613186	0.0389379	0.00550191	0.00505638	0	3.63639	1.984462	0.1933818	0.8066182	96.48545
4860	12.1024	-23.3142	35.4166	0.709786	0.290214	2.811868	0.174514	0.17421	0.168936	0.0610554	0.0386783	0.00552334	0.00522	0	2.373654	1.847911	0.2902137	0.7097863	70.45492
4870	11.7247	-20.8053	32.53	0.315184	0.684816	4.838185	0.180865	0.172997	0.173032	0.0605692	0.0385171	0.00547112	0.00525825	0	5.260269	1.880091	0.6848161	0.3151839	75.87368
4880	10.9143	-22.0728	32.987	0.5617	0.4383	4.049182	0.180955	0.173128	0.166188	0.0590955	0.0384852	0.00559992	0.00511165	0	4.803223	1.710269	0.4382996	0.5617004	51.31792
4890	13.2296	-21.5233	34.7529	0.153245	0.846755	3.587977	0.174709	0.177159	0.16869	0.0609456	0.0389037	0.00551599	0.00509618	0	3.037374	1.963046	0.8467551	0.1532449	91.84295
4900	11.6208	-22.8894	34.5103	0.576962	0.423038	3.079179	0.177837	0.176515	0.170087	0.0606979	0.0383889	0.005481	0.00511532	0	3.279982	1.725465	0.4230379	0.5769621	53.1453
4910	12.2532	-20.3555	32.6087	0.48083	0.51917	3.312744	0.177598	0.179617	0.171075	0.0609306	0.0380605	0.00547738	0.00527665	0	5.181501	1.909916	0.51917	0.48083	81.26724
4920	12.9175	-20.4965	33.414	0.519272	0.480728	3.754148	0.180752	0.175005	0.168938	0.0618005	0.0390388	0.00536698	0.00511772	0	4.37628	1.975786	0.480728	0.519272	94.57705
4930	12.179	-22.113	34.2919	0.299099	0.700901	2.804788	0.17643	0.173108	0.172863	0.0598153	0.0381387	0.00534895	0.00506658	0	3.498314	1.80452	0.7009014	0.2990986	63.75589
4940	12.2241	-22.2539	34.4781	0.947326	0.0526739	1.553963	0.173129	0.178865	0.170442	0.0605998	0.0382096	0.00551492	0.00511229	0	3.312186	1.970514	0.05267389	0.9473261	93.43593
4950	13.2161	-22.3675	35.5836	0.259649	0.740351	4.198089	0.173204	0.179514	0.171239	0.0601684	0.0374564	0.0053506	0.00511985	0	2.206613	1.996281	0.7403509	0.2596491	99.14739
4960	13.0714	-21.5235	34.5948	0.510601	0.489399	3.789161	0.179965	0.176921	0.171817	0.0613453	0.0381552	0.00560113	0.00507999	0	3.195402	1.946072	0.489399	0.510601	88.32255
4970	13.31	-21.1929	34.5029	0.0885955	0.911405	4.632032	0.179969	0.173718	0.167986	0.0590625	0.0386657	0.00546702	0.00523301	0	3.287297	1.983693	0.9114045	0.08859549	96.31486
4980	11.0339	-22.5144	33.5483	0.921173	0.0788268	5.549336	0.17582	0.173014	0.170128	0.0596087	0.0390323	0.00540845	0.00513474	0	4.241974	1.816715	0.07882683	0.9211732	65.57153
4990	12.8033	-22.7436	35.5469	0.132555	0.867445	4.387108	0.173478	0.174913	0.168726	0.0619253	0.0376615	0.00538464	0.00514992	0	2.24336	1.912158	0.8674447	0.1325553	81.68786
5000	11.9978	-20.5798	32.5776	0.718889	0.281111	4.579818	0.172869	0.172966	0.17086	0.060986	0.0381196	0.00544595	0.00511682	0	5.212676	1.914916	0.2811107	0.7188893	82.20845
