Iteration	Posterior	Likelihood	Prior	clado_type_probs[1]	clado_type_probs[2]	distance_scale	epoch_times[1]	epoch_times[2]	epoch_times[3]	epoch_times[4]	epoch_times[5]	epoch_times[6]	epoch_times[7]	epoch_times[8]	extirpation_rate	log10_rate_bg	p_allopatry	p_sympatry	rate_bg
0	-71.5055	-104.354	32.8481	0.977369	0.0226313	0.01	0.613887	0.23789	0.124991	0.0948317	0.0575015	0.0176109	0.0139025	0	0.7173035	-2	0.02263132	0.9773687	0.01
10	3.54996	-19.9151	23.465	0.329141	0.670859	0.09291897	0.627409	0.232683	0.127996	0.0924279	0.0571318	0.0173633	0.0135373	0	10.10041	1.724016	0.6708589	0.3291411	52.96825
20	6.515	-20.8104	27.3254	0.503637	0.496363	0.5994986	0.627708	0.231013	0.126454	0.091835	0.058003	0.0174748	0.013498	0	6.24002	1.777155	0.4963627	0.5036373	59.86249
30	6.37778	-22.614	28.9918	0.761686	0.238314	3.440641	0.611956	0.238537	0.126849	0.0919241	0.0573507	0.017822	0.0135233	0	4.573604	1.396597	0.2383142	0.7616858	24.92279
40	8.13912	-22.461	30.6001	0.494148	0.505852	4.83522	0.621711	0.234655	0.124561	0.0946703	0.0571683	0.017599	0.0134099	0	2.965294	1.859527	0.5058522	0.4941478	72.36481
50	7.85441	-23.4366	31.291	0.026488	0.973512	3.125092	0.615265	0.235129	0.124985	0.0948989	0.0581361	0.0170353	0.0136799	0	2.274429	1.76239	0.973512	0.02648797	57.86148
60	7.04231	-22.0518	29.0941	0.788432	0.211568	6.66029	0.63366	0.229813	0.12643	0.0942738	0.0583607	0.0171227	0.0136319	0	4.471347	1.904019	0.2115679	0.7884321	80.17137
70	4.63045	-20.301	24.9314	0.413107	0.586893	4.143964	0.634983	0.233252	0.125117	0.0951826	0.0576929	0.017433	0.0135966	0	8.633994	1.612432	0.5868933	0.4131067	40.96684
80	7.78402	-21.8675	29.6515	0.15767	0.84233	2.695649	0.615219	0.233937	0.124047	0.0952083	0.0566943	0.0170898	0.0135328	0	3.913926	1.632988	0.84233	0.15767	42.9525
90	7.27215	-21.4659	28.738	0.110734	0.889266	3.602658	0.612063	0.232761	0.127805	0.0928372	0.0563394	0.0174408	0.0137258	0	4.827399	1.603163	0.8892663	0.1107337	40.1017
100	7.09725	-20.5379	27.6351	0.192235	0.807765	3.735448	0.617756	0.22962	0.125223	0.0944481	0.0564981	0.0178671	0.0138642	0	5.930322	1.766362	0.8077646	0.1922354	58.39313
110	7.92144	-22.1636	30.0851	0.158012	0.841988	2.772901	0.622735	0.239195	0.1252	0.0938134	0.0567169	0.0173453	0.0136027	0	3.480344	1.663357	0.841988	0.158012	46.06354
120	7.4088	-24.2803	31.6891	0.280666	0.719334	2.134692	0.635075	0.236744	0.123954	0.0948495	0.0577695	0.0176597	0.0135787	0	1.876348	1.838215	0.719334	0.280666	68.89931
130	8.34022	-21.5716	29.9118	0.9907	0.00929998	2.078488	0.624656	0.236044	0.121999	0.0947851	0.0566589	0.0176037	0.0135229	0	3.653609	1.996625	0.009299979	0.9907	99.22586
140	6.66233	-19.9306	26.593	0.437374	0.562626	3.450065	0.62607	0.239101	0.121762	0.0925346	0.0561856	0.0171032	0.0135341	0	6.972473	1.971124	0.5626264	0.4373736	93.56728
150	7.55459	-23.0709	30.6255	0.512996	0.487004	4.493525	0.630355	0.238844	0.122288	0.0925386	0.0584707	0.0175346	0.0136521	0	2.939965	1.668334	0.4870038	0.5129962	46.59439
160	6.49517	-23.8527	30.3478	0.173804	0.826196	6.814444	0.62918	0.231127	0.125084	0.0917265	0.0575923	0.0178106	0.0134696	0	3.217589	1.686841	0.8261956	0.1738044	48.62291
170	8.369	-21.2647	29.6337	0.0946571	0.905343	3.34331	0.633198	0.232297	0.1265	0.0930263	0.0568133	0.017515	0.0134748	0	3.931713	1.922681	0.9053429	0.09465707	83.69135
180	7.01576	-23.475	30.4908	0.461144	0.538856	2.865631	0.627817	0.230589	0.124219	0.090948	0.0577879	0.0176717	0.0134151	0	3.074635	1.465503	0.5388563	0.4611437	29.20805
190	2.03148	-19.0345	21.066	0.847594	0.152406	2.753675	0.639959	0.233727	0.126207	0.093443	0.058172	0.0173295	0.0136685	0	12.49943	1.726765	0.152406	0.847594	53.30464
200	7.29352	-24.8031	32.0966	0.683799	0.316201	4.830431	0.627846	0.23238	0.127798	0.090868	0.0590303	0.0171511	0.0140464	0	1.468844	1.933113	0.3162005	0.6837995	85.72605
210	7.33225	-20.8459	28.1782	0.0531552	0.946845	2.448027	0.617284	0.233659	0.127168	0.0918708	0.0578594	0.0171936	0.0134087	0	5.38725	1.654132	0.9468448	0.05315517	45.09536
220	7.74722	-22.8984	30.6457	0.793844	0.206156	2.111269	0.615468	0.240538	0.124918	0.0943146	0.0581119	0.0178721	0.0136802	0	2.919773	1.656785	0.2061558	0.7938442	45.37172
230	7.89412	-23.4445	31.3387	0.182883	0.817117	3.637094	0.615646	0.24147	0.126442	0.0937406	0.0571387	0.0171636	0.0134491	0	2.226766	1.794773	0.8171172	0.1828828	62.34091
240	4.02651	-25.7004	29.7269	0.861921	0.138079	9.537904	0.616669	0.23764	0.123257	0.0917704	0.0576936	0.0173183	0.0137654	0	3.838557	1.676732	0.1380792	0.8619208	47.50423
250	8.25436	-23.1073	31.3617	0.034052	0.965948	3.416527	0.613627	0.236433	0.126413	0.0910932	0.0570014	0.0176637	0.0136827	0	2.203737	1.930548	0.965948	0.03405196	85.2213
260	8.09132	-23.6074	31.6987	0.799211	0.200789	4.022503	0.621932	0.236299	0.127865	0.090706	0.0578567	0.0174392	0.013883	0	1.866736	1.980571	0.200789	0.799211	95.62481
270	8.1918	-21.1884	29.3802	0.558314	0.441686	4.258345	0.621785	0.235054	0.125322	0.0927426	0.0583538	0.0171862	0.0139314	0	4.185228	1.937572	0.4416856	0.5583144	86.61076
280	8.03444	-20.7038	28.7382	0.262135	0.737865	3.056192	0.615459	0.23218	0.122615	0.0908862	0.0590923	0.0171011	0.0139923	0	4.827235	1.93335	0.737865	0.262135	85.77286
290	7.33494	-20.4286	27.7636	0.466797	0.533203	3.231046	0.634568	0.240422	0.123098	0.0906967	0.0573201	0.0178918	0.0140612	0	5.801868	1.800909	0.5332027	0.4667973	63.228
300	7.7022	-23.8492	31.5514	0.615299	0.384701	1.996253	0.611854	0.241166	0.125996	0.0924571	0.0563116	0.017807	0.0136352	0	2.014046	1.930749	0.3847009	0.6152991	85.26069
310	8.14838	-20.8267	28.975	0.35691	0.64309	3.201784	0.612459	0.240346	0.124674	0.0949128	0.056572	0.0176409	0.0136094	0	4.590389	1.944602	0.6430905	0.3569095	88.02411
320	6.25067	-22.4633	28.714	0.160403	0.839597	4.423577	0.614815	0.231647	0.126522	0.0942044	0.057029	0.0177457	0.0137927	0	4.85144	1.454398	0.839597	0.160403	28.47066
330	7.51891	-20.9165	28.4354	0.00707971	0.99292	2.049974	0.615932	0.230558	0.126295	0.0941799	0.05882	0.0176034	0.013598	0	5.130037	1.691455	0.9929203	0.007079707	49.14227
340	6.51835	-23.1781	29.6964	0.25895	0.74105	1.785344	0.623089	0.232686	0.126538	0.0933418	0.0587087	0.0178614	0.0135692	0	3.868995	1.31489	0.7410495	0.2589505	20.64856
350	7.66729	-23.9696	31.6369	0.034996	0.965004	2.383735	0.611073	0.230637	0.123198	0.0945398	0.0567862	0.0175393	0.0139593	0	1.92851	1.871576	0.965004	0.03499596	74.40051
360	5.45309	-26.3709	31.824	0.14482	0.85518	0.7575549	0.620731	0.232911	0.126039	0.0922855	0.0563593	0.0171501	0.0139854	0	1.741419	1.515306	0.8551797	0.1448203	32.75716
370	8.24912	-22.8069	31.056	0.729469	0.270531	3.821226	0.614377	0.237832	0.12203	0.0916786	0.057612	0.0173875	0.0134321	0	2.509444	1.865333	0.2705309	0.7294691	73.33865
380	6.08252	-22.5053	28.5878	0.177324	0.822676	5.84969	0.623287	0.234532	0.124916	0.0939486	0.0564577	0.017485	0.0138238	0	4.977611	1.591611	0.8226757	0.1773243	39.04907
390	7.70646	-22.978	30.6844	0.484014	0.515986	2.544156	0.61661	0.241502	0.128028	0.0943573	0.0565913	0.0170599	0.0138899	0	2.880997	1.629639	0.5159864	0.4840136	42.62249
400	7.5762	-20.3006	27.8768	0.907996	0.0920039	3.261793	0.62217	0.239558	0.126488	0.0945796	0.0563151	0.0172445	0.0139705	0	5.688679	1.979934	0.09200387	0.9079961	95.48482
410	8.42697	-22.2919	30.7189	0.779371	0.220629	2.665176	0.630534	0.239911	0.127971	0.0927814	0.0575473	0.0170974	0.0137967	0	2.846561	1.925562	0.2206295	0.7793705	84.2484
420	6.47442	-25.4336	31.9081	0.11349	0.88651	2.962042	0.61712	0.2333	0.127734	0.0928784	0.0566192	0.0170313	0.0134995	0	1.657372	1.615707	0.8865103	0.1134897	41.27686
430	7.78469	-23.3097	31.0944	0.483884	0.516116	1.674842	0.617435	0.233453	0.127292	0.0916925	0.0572668	0.0170303	0.0138137	0	2.47107	1.834072	0.5161155	0.4838845	68.24513
440	8.03705	-22.675	30.712	0.146428	0.853572	1.55304	0.624505	0.233583	0.126167	0.091241	0.0578826	0.0170323	0.0137646	0	2.853407	1.952894	0.853572	0.146428	89.72095
450	8.20951	-23.1439	31.3534	0.285377	0.714623	4.567712	0.622303	0.234534	0.127099	0.0939435	0.0588403	0.0173221	0.0136102	0	2.212033	1.939072	0.7146228	0.2853772	86.91045
460	5.89461	-21.6272	27.5218	0.276408	0.723592	1.60031	0.620918	0.240094	0.125723	0.0946612	0.0578147	0.0171067	0.013606	0	6.043642	1.313889	0.7235923	0.2764077	20.60102
470	7.80289	-23.7776	31.5805	0.22945	0.77055	2.264562	0.638149	0.233421	0.126088	0.0947831	0.0568947	0.0170714	0.0134677	0	1.98493	1.943318	0.7705498	0.2294502	87.7643
480	7.52796	-20.9878	28.5157	0.644376	0.355624	2.378814	0.636609	0.236806	0.125922	0.0952391	0.0578684	0.0170152	0.0138846	0	5.049682	1.667444	0.3556239	0.6443761	46.49905
490	7.24528	-22.7454	29.9906	0.483492	0.516508	7.351261	0.637078	0.23247	0.126577	0.0919149	0.059052	0.0170915	0.0138302	0	3.57479	1.970966	0.516508	0.483492	93.53335
500	8.1311	-21.524	29.6551	0.20448	0.79552	2.595297	0.633087	0.237377	0.126729	0.09345	0.0567702	0.0177773	0.0137432	0	3.910349	1.768141	0.7955203	0.2044797	58.63282
510	5.38051	-25.2657	30.6462	0.323608	0.676392	9.271923	0.629077	0.234512	0.127993	0.0946357	0.058453	0.0177233	0.0134698	0	2.91919	1.817439	0.6763919	0.3236081	65.68084
520	8.07588	-23.1566	31.2325	0.120074	0.879926	2.132883	0.622371	0.234137	0.126252	0.0938219	0.0575004	0.017711	0.0136147	0	2.332947	1.951749	0.8799258	0.1200742	89.4847
530	6.09792	-20.0216	26.1195	0.154168	0.845832	1.285212	0.641204	0.240215	0.126605	0.0947099	0.0579406	0.017658	0.0135463	0	7.445954	1.795433	0.8458323	0.1541677	62.43569
540	8.03183	-23.4269	31.4587	0.786279	0.213721	2.593297	0.635141	0.235089	0.125301	0.091222	0.0578883	0.0178538	0.013473	0	2.106695	1.93337	0.2137207	0.7862793	85.77678
550	7.45543	-20.2551	27.7105	0.603478	0.396522	2.54064	0.638652	0.23922	0.126387	0.0910562	0.0574057	0.0176684	0.0136839	0	5.854886	1.946665	0.3965223	0.6034777	88.44333
560	4.62912	-27.7157	32.3448	0.266155	0.733845	1.111075	0.64198	0.241046	0.124138	0.0922462	0.0576505	0.0177468	0.0138232	0	1.220631	1.648967	0.7338453	0.2661547	44.5622
570	5.01365	-21.5776	26.5912	0.38936	0.61064	4.307531	0.637429	0.241066	0.127435	0.0939872	0.0588034	0.0176849	0.0134103	0	6.974203	1.436596	0.6106395	0.3893605	27.32723
580	7.48057	-21.1604	28.6409	0.632758	0.367242	4.276777	0.614528	0.236658	0.124745	0.0946301	0.0583186	0.0170677	0.0138287	0	4.924499	1.755993	0.3672416	0.6327584	57.01548
590	5.12148	-22.6498	27.7713	0.593267	0.406733	4.208831	0.622606	0.239703	0.122651	0.0950682	0.0581527	0.0176031	0.0139221	0	5.794121	1.333029	0.4067328	0.5932672	21.52924
600	4.42936	-23.1834	27.6128	0.451988	0.548012	4.045682	0.633469	0.237407	0.123879	0.0934757	0.0567346	0.0173016	0.0140414	0	5.952662	1.235763	0.5480119	0.4519881	17.2093
610	7.07639	-22.5404	29.6168	0.0392127	0.960787	2.644046	0.626997	0.234891	0.123778	0.090634	0.0572557	0.017371	0.0138919	0	3.948605	1.435948	0.9607873	0.03921269	27.2865
620	7.62715	-20.7089	28.3361	0.96718	0.0328201	2.017667	0.640353	0.239031	0.127871	0.0923465	0.0566281	0.0170825	0.0139737	0	5.229358	1.803244	0.03282006	0.9671799	63.56886
630	6.48291	-20.7374	27.2203	0.0618786	0.938121	1.263694	0.632412	0.237992	0.124441	0.0921112	0.0566486	0.0171181	0.0134896	0	6.345088	1.543103	0.9381214	0.06187862	34.92229
640	4.68707	-26.3847	31.0718	0.029403	0.970597	2.694194	0.620766	0.232354	0.123655	0.0920834	0.0579083	0.0172872	0.013661	0	2.493638	1.102848	0.970597	0.02940296	12.67208
650	6.42787	-20.6727	27.1005	0.671339	0.328661	0.729435	0.620805	0.232434	0.123164	0.0934903	0.0571236	0.0170778	0.01349	0	6.464889	1.710895	0.3286614	0.6713386	51.39188
660	8.1068	-22.3919	30.4987	0.382846	0.617154	5.661747	0.622644	0.231206	0.12726	0.0906993	0.057279	0.0173569	0.0138268	0	3.066744	1.945627	0.6171543	0.3828457	88.23223
670	3.14914	-27.473	30.6221	0.0124252	0.987575	0.7280795	0.62182	0.238804	0.125621	0.0912762	0.0572761	0.0174542	0.0136881	0	2.943325	0.8031389	0.9875748	0.01242516	6.355341
680	8.29537	-20.9631	29.2585	0.750464	0.249536	2.805231	0.611897	0.236845	0.125561	0.0922204	0.0576778	0.0172626	0.0134719	0	4.306918	1.990643	0.249536	0.750464	97.86846
690	4.77293	-19.7981	24.571	0.748506	0.251494	3.907552	0.620319	0.231669	0.123089	0.0932207	0.0581597	0.0171422	0.0136834	0	8.994449	1.76786	0.2514942	0.7485058	58.5949
700	8.20743	-22.1931	30.4006	0.222054	0.777946	2.772071	0.61409	0.233022	0.122367	0.0947327	0.0573006	0.0175846	0.0139242	0	3.164857	1.769151	0.7779461	0.2220539	58.76933
710	8.31167	-21.8771	30.1887	0.568271	0.431729	4.983213	0.634604	0.232259	0.122808	0.0936691	0.0576967	0.0172926	0.0136147	0	3.376693	1.965143	0.4317293	0.5682707	92.28745
720	7.55182	-21.9135	29.4653	0.19723	0.80277	1.923376	0.630673	0.229702	0.125353	0.0930469	0.0588668	0.0172371	0.0134054	0	4.100082	1.577607	0.8027704	0.1972296	37.81003
730	8.20129	-22.439	30.6402	0.637289	0.362711	1.830694	0.638579	0.230566	0.124529	0.0909619	0.0590546	0.0171419	0.0140645	0	2.925189	1.945802	0.3627108	0.6372892	88.26766
740	7.26237	-21.8219	29.0842	0.256552	0.743448	2.543446	0.618661	0.232927	0.123272	0.0929569	0.0566795	0.0176268	0.0139196	0	4.481197	1.507448	0.7434479	0.2565521	32.16977
750	6.46124	-24.1923	30.6536	0.915904	0.0840961	3.529526	0.616906	0.241261	0.12286	0.0924302	0.0570478	0.0173072	0.0137857	0	2.911857	1.421709	0.08409614	0.9159039	26.40637
760	5.30665	-19.5079	24.8146	0.440495	0.559505	1.711466	0.633029	0.23962	0.12349	0.0936096	0.0568805	0.0175291	0.0138158	0	8.750878	1.950838	0.559505	0.440495	89.29718
770	6.77418	-21.4883	28.2625	0.373969	0.626031	5.950174	0.622887	0.239392	0.12335	0.09457	0.0582361	0.017557	0.0138216	0	5.302969	1.833316	0.6260308	0.3739692	68.12655
780	7.41212	-21.5092	28.9214	0.259875	0.740125	4.076931	0.635665	0.2402	0.121776	0.0931882	0.0578324	0.017895	0.0140662	0	4.644063	1.657514	0.7401251	0.2598749	45.4479
790	8.04621	-22.0259	30.0721	0.517707	0.482293	1.896665	0.614239	0.233175	0.12246	0.090818	0.0580341	0.0174522	0.0139604	0	3.493331	1.76304	0.4822934	0.5177066	57.94823
800	5.62117	-19.5962	25.2174	0.654739	0.345261	2.054176	0.629457	0.24154	0.123218	0.0947281	0.058776	0.017648	0.0138914	0	8.348035	1.834886	0.3452609	0.6547391	68.37314
810	7.19444	-21.8759	29.0704	0.423711	0.576289	3.255187	0.619379	0.235515	0.123217	0.0932269	0.0590104	0.017449	0.0137675	0	4.495078	1.531461	0.5762895	0.4237105	33.99857
820	8.34505	-21.1193	29.4644	0.520199	0.479801	3.650698	0.61913	0.234703	0.121805	0.0948082	0.0580357	0.0176581	0.0139598	0	4.101071	1.954755	0.479801	0.520199	90.1063
830	7.95613	-22.851	30.8072	0.619332	0.380668	4.451143	0.616376	0.237819	0.123062	0.092513	0.0574619	0.0174078	0.0135302	0	2.758272	1.778278	0.3806683	0.6193317	60.01753
840	8.48526	-22.0514	30.5366	0.195299	0.804701	2.475854	0.620899	0.23805	0.122881	0.0942361	0.0576949	0.0177686	0.0134882	0	3.028792	1.998804	0.804701	0.195299	99.72495
850	8.30309	-21.519	29.8221	0.326876	0.673124	2.037143	0.624148	0.236837	0.124309	0.0930946	0.0572486	0.0175827	0.0137711	0	3.743374	1.980298	0.6731243	0.3268757	95.56484
860	7.96732	-22.3661	30.3334	0.0760887	0.923911	3.287373	0.615632	0.22973	0.126268	0.0946733	0.0578682	0.0172108	0.0136009	0	3.231994	1.689826	0.9239113	0.07608875	48.95828
870	7.99334	-21.1229	29.1163	0.349023	0.650977	3.105254	0.615242	0.232617	0.122623	0.0935843	0.0588093	0.0175607	0.0136495	0	4.44918	1.78476	0.6509769	0.3490231	60.92006
880	8.13883	-21.1809	29.3197	0.204106	0.795894	2.12878	0.626741	0.232843	0.124009	0.0946018	0.0580926	0.0170471	0.0134155	0	4.245714	1.906194	0.795894	0.204106	80.57377
890	5.7218	-23.9317	29.6535	0.328463	0.671537	1.161636	0.625004	0.236185	0.124116	0.0924771	0.0582409	0.0171546	0.0134868	0	3.911928	1.181503	0.6715371	0.3284629	15.18809
900	8.0901	-22.7461	30.8362	0.0121171	0.987883	3.00326	0.614121	0.231257	0.126962	0.093768	0.0590117	0.0172484	0.0135461	0	2.729275	1.760883	0.9878829	0.0121171	57.66108
910	6.57107	-20.3851	26.9562	0.389733	0.610267	1.25509	0.626477	0.23514	0.125241	0.0943184	0.0580685	0.0171013	0.0139345	0	6.60926	1.70547	0.6102674	0.3897326	50.75391
920	8.17323	-21.9688	30.1421	0.431146	0.568854	4.341554	0.634891	0.24011	0.125288	0.0940987	0.0588066	0.0175553	0.0140809	0	3.423351	1.820674	0.5688541	0.4311459	66.172
930	7.17114	-20.2145	27.3856	0.420586	0.579414	2.649969	0.638778	0.238831	0.126977	0.0935833	0.0580493	0.01768	0.0139525	0	6.179828	1.829752	0.5794142	0.4205858	67.56963
940	7.72329	-23.1441	30.8674	0.345777	0.654223	1.233988	0.641611	0.241361	0.12313	0.0923116	0.0574331	0.0178749	0.0137828	0	2.698034	1.890992	0.6542226	0.3457774	77.8022
950	7.41207	-22.8902	30.3023	0.804745	0.195255	0.7154231	0.642283	0.240371	0.125484	0.09205	0.0574181	0.0175712	0.0137127	0	3.263152	1.783065	0.1952548	0.8047452	60.68272
960	7.67892	-22.9291	30.608	0.912001	0.0879992	3.833226	0.633038	0.233367	0.12578	0.0932388	0.0585392	0.0171266	0.0135921	0	2.957449	1.658936	0.08799923	0.9120008	45.59697
970	5.62748	-23.185	28.8125	0.801031	0.198969	1.836011	0.626018	0.235092	0.127239	0.0929749	0.0582625	0.0172541	0.0137567	0	4.752911	1.208691	0.1989691	0.8010309	16.16929
980	6.19328	-26.3314	32.5247	0.886035	0.113965	5.487901	0.614498	0.232301	0.124207	0.094406	0.0569879	0.0172847	0.0136571	0	1.040759	1.990726	0.1139651	0.8860349	97.88733
990	6.40698	-20.128	26.535	0.522049	0.477951	3.459626	0.62594	0.235138	0.124307	0.0950771	0.0570019	0.0176456	0.0138145	0	7.030408	1.760321	0.4779509	0.5220491	57.58655
1000	7.71005	-22.2176	29.9277	0.461325	0.538675	1.135081	0.631071	0.233446	0.12384	0.094897	0.056308	0.0176452	0.013788	0	3.637753	1.762203	0.5386754	0.4613246	57.83663
1010	7.14693	-23.9594	31.1063	0.871787	0.128213	3.863393	0.640672	0.236244	0.122516	0.0944295	0.0570096	0.0176924	0.0133892	0	2.459124	1.595476	0.1282125	0.8717875	39.39813
1020	6.48659	-23.456	29.9426	0.69901	0.30099	1.348296	0.638542	0.23595	0.12169	0.0951731	0.0566169	0.0176608	0.0135659	0	3.622839	1.3354	0.3009898	0.6990102	21.64711
1030	5.05285	-20.512	25.5648	0.598264	0.401736	0.06644097	0.636522	0.230185	0.124127	0.0945615	0.0562692	0.0178426	0.0135863	0	8.000629	1.733674	0.4017365	0.5982635	54.15945
1040	4.71059	-20.2909	25.0015	0.512031	0.487969	0.1072645	0.625684	0.229525	0.124584	0.0916609	0.0579022	0.0177991	0.0136489	0	8.563903	1.885517	0.4879695	0.5120305	76.8275
1050	7.65339	-20.7246	28.378	0.425361	0.574639	1.813638	0.633202	0.234336	0.125511	0.093357	0.058662	0.0178763	0.0140355	0	5.187403	1.861996	0.5746394	0.4253606	72.77735
1060	3.57342	-21.0747	24.6481	0.929037	0.070963	2.645235	0.629905	0.236735	0.126302	0.0928165	0.0569452	0.0175622	0.0140308	0	8.917285	1.26488	0.07096299	0.929037	18.40263
1070	7.92072	-21.7772	29.6979	0.230521	0.769479	1.998543	0.611677	0.237086	0.122983	0.092602	0.0563549	0.0173604	0.01399	0	3.867483	1.696647	0.769479	0.230521	49.73329
1080	8.17094	-21.8038	29.9747	0.769848	0.230152	2.718239	0.638811	0.234105	0.122304	0.0925913	0.0569721	0.0178914	0.0138375	0	3.590731	1.758559	0.2301517	0.7698483	57.35339
1090	7.28866	-23.8403	31.129	0.472496	0.527504	3.569789	0.636139	0.233605	0.124949	0.0908086	0.0573808	0.0175988	0.0136726	0	2.436437	1.60202	0.5275037	0.4724963	39.99634
1100	7.96501	-21.1843	29.1493	0.34801	0.65199	4.253013	0.624744	0.236207	0.126598	0.0942554	0.0583519	0.0175694	0.0134091	0	4.416106	1.867474	0.6519905	0.3480095	73.70119
1110	7.74565	-22.8501	30.5958	0.377903	0.622097	1.222883	0.613418	0.240063	0.124711	0.0929804	0.0575203	0.0178752	0.013562	0	2.969649	1.825132	0.6220969	0.3779031	66.85467
1120	7.73245	-21.7172	29.4496	0.703594	0.296406	2.51419	0.616847	0.241352	0.122986	0.0950848	0.0578151	0.0174591	0.0136792	0	4.115805	1.628122	0.2964065	0.7035935	42.47385
1130	6.63638	-25.3332	31.9696	0.474166	0.525834	1.460012	0.611161	0.237063	0.123204	0.0937696	0.0561993	0.0174117	0.0139941	0	1.59587	1.885829	0.5258337	0.4741663	76.88283
1140	8.19127	-21.3588	29.5501	0.497341	0.502659	1.87327	0.64046	0.233091	0.124901	0.0916848	0.0577639	0.0175196	0.0134311	0	4.015324	1.998005	0.5026586	0.4973414	99.54178
1150	8.3017	-22.2338	30.5355	0.166598	0.833402	2.117319	0.63135	0.235256	0.124678	0.0909512	0.0586637	0.0176557	0.0134053	0	3.02997	1.926671	0.8334018	0.1665982	84.46382
1160	3.15832	-19.2061	22.3645	0.738762	0.261238	1.191573	0.636861	0.240547	0.122935	0.0923449	0.0583484	0.0174799	0.0135398	0	11.20098	1.758035	0.2612382	0.7387618	57.28416
1170	7.39806	-23.7293	31.1274	0.53314	0.46686	4.853676	0.628632	0.23966	0.121701	0.0914746	0.0578028	0.017573	0.0134543	0	2.438059	1.703907	0.4668602	0.5331398	50.5716
1180	8.07654	-20.7995	28.8761	0.503499	0.496501	2.64765	0.630661	0.23823	0.122859	0.0938161	0.0585772	0.0175473	0.0134475	0	4.689351	1.933476	0.496501	0.503499	85.79777
1190	7.29661	-22.6995	29.9961	0.88895	0.11105	4.399389	0.612297	0.237783	0.124822	0.0939682	0.0561952	0.0170275	0.0134429	0	3.569343	1.610487	0.1110504	0.8889496	40.78372
1200	6.84651	-24.759	31.6055	0.265548	0.734452	4.624704	0.612502	0.232575	0.123124	0.0946167	0.0581965	0.0170261	0.0134835	0	1.959935	1.655323	0.734452	0.265548	45.21917
1210	7.39782	-22.0054	29.4032	0.909792	0.0902084	1.660807	0.631745	0.234523	0.123478	0.0910644	0.0575673	0.017798	0.0138688	0	4.162218	1.54238	0.09020844	0.9097916	34.86425
1220	6.48655	-21.5022	27.9887	0.912652	0.0873477	6.713552	0.636018	0.238126	0.123556	0.0928138	0.0578266	0.0173517	0.0136548	0	5.5767	1.967317	0.08734768	0.9126523	92.75075
1230	7.94112	-22.9913	30.9324	0.917736	0.0822638	4.121851	0.629655	0.240205	0.122921	0.0932791	0.0582514	0.0174763	0.0139418	0	2.633011	1.757333	0.08226375	0.9177362	57.19173
1240	6.69551	-23.5075	30.203	0.076763	0.923237	4.799522	0.619504	0.235259	0.124723	0.0951927	0.0570253	0.0170213	0.0139715	0	3.362408	1.507583	0.923237	0.07676302	32.17974
1250	6.05489	-25.6366	31.6915	0.940154	0.0598456	8.591545	0.630901	0.229936	0.125169	0.0937056	0.058661	0.017411	0.0140229	0	1.873974	1.91196	0.05984564	0.9401544	81.6508
1260	6.87167	-20.4085	27.2802	0.406347	0.593653	2.010022	0.635706	0.23036	0.12535	0.0918251	0.0582673	0.0171607	0.0140473	0	6.285245	1.6672	0.5936528	0.4063472	46.47297
1270	6.68991	-23.4955	30.1854	0.0422811	0.957719	6.760015	0.630339	0.232027	0.123494	0.0951032	0.0587175	0.0170147	0.0136018	0	3.380024	1.72221	0.9577189	0.04228114	52.74844
1280	7.29444	-23.6512	30.9456	0.537549	0.462451	6.719195	0.640855	0.232599	0.126489	0.0915567	0.0577344	0.0173324	0.0139878	0	2.619818	1.849168	0.4624512	0.5375488	70.65906
1290	7.45045	-20.231	27.6814	0.571103	0.428897	2.590748	0.634085	0.234395	0.122439	0.0937359	0.0572432	0.0173878	0.0140174	0	5.884026	1.95695	0.4288972	0.5711028	90.56275
1300	6.66776	-24.5326	31.2004	0.516527	0.483473	4.612307	0.62069	0.23284	0.124123	0.093438	0.0562001	0.0176579	0.0133866	0	2.365064	1.561136	0.4834729	0.5165271	36.40286
1310	5.00886	-24.3138	29.3227	0.701429	0.298571	5.284504	0.619718	0.235152	0.127996	0.0921553	0.0563841	0.0178777	0.0136128	0	4.242729	1.34585	0.2985706	0.7014294	22.17432
1320	7.88096	-20.8463	28.7273	0.497495	0.502505	2.609767	0.641945	0.236147	0.125739	0.0906129	0.0576265	0.0176559	0.01398	0	4.838157	1.804292	0.5025047	0.4974953	63.72238
1330	6.82519	-22.7795	29.6047	0.0228324	0.977168	4.15167	0.622066	0.236852	0.122576	0.0937412	0.0590384	0.0170836	0.0137646	0	3.960765	1.485196	0.9771676	0.02283242	30.563
1340	8.26078	-23.1224	31.3832	0.686419	0.313581	3.254157	0.62157	0.231752	0.122579	0.0931383	0.0584381	0.017778	0.0137379	0	2.182279	1.946117	0.3135807	0.6864193	88.33178
1350	6.46365	-24.9456	31.4092	0.623327	0.376673	0.8966422	0.616566	0.236938	0.12388	0.0941273	0.0585925	0.0176856	0.0136538	0	2.156191	1.602227	0.3766733	0.6233267	40.01536
1360	8.53134	-21.5152	30.0466	0.847805	0.152195	2.818818	0.628567	0.238541	0.121779	0.0952674	0.0576849	0.0175641	0.013774	0	3.518848	1.992434	0.1521954	0.8478046	98.27295
1370	5.03149	-19.9726	25.0041	0.399264	0.600736	2.314736	0.634493	0.240092	0.124339	0.092407	0.0568425	0.0176671	0.0136352	0	8.561311	1.532758	0.6007362	0.3992638	34.10027
1380	5.76276	-25.2744	31.0372	0.734707	0.265293	8.198903	0.640752	0.240106	0.124794	0.0917662	0.0567761	0.0171052	0.0133923	0	2.528233	1.758633	0.2652933	0.7347067	57.36316
1390	6.84254	-21.6457	28.4882	0.320328	0.679672	2.618178	0.618886	0.237107	0.126521	0.093051	0.0580361	0.0170285	0.013533	0	5.077183	1.466715	0.6796721	0.3203279	29.28973
1400	7.56175	-22.1021	29.6638	0.73932	0.26068	4.642542	0.618993	0.241513	0.125451	0.0945543	0.0565345	0.0172596	0.0133919	0	3.9016	1.704223	0.26068	0.73932	50.60841
1410	7.81151	-22.9543	30.7658	0.102723	0.897277	3.631686	0.62736	0.235692	0.121959	0.0921901	0.0580508	0.0172554	0.0135007	0	2.799613	1.682556	0.8972774	0.1027226	48.14556
1420	7.58134	-20.4294	28.0107	0.256075	0.743925	3.348166	0.620352	0.235193	0.12418	0.0923459	0.0579334	0.0177013	0.0134329	0	5.554688	1.908219	0.7439247	0.2560753	80.95046
1430	7.72284	-22.9669	30.6898	0.0326213	0.967379	2.066425	0.627162	0.237457	0.127111	0.0916579	0.0565264	0.0175471	0.0136945	0	2.875679	1.647008	0.9673787	0.03262134	44.36166
1440	5.8168	-24.7437	30.5605	0.593576	0.406424	6.818487	0.629758	0.237837	0.125982	0.0949469	0.0566616	0.0176097	0.0136603	0	3.004896	1.587409	0.4064243	0.5935757	38.67311
1450	6.47716	-22.6067	29.0839	0.468858	0.531142	4.530072	0.620642	0.23741	0.124623	0.0952681	0.0572677	0.017901	0.0136614	0	4.48154	1.488794	0.5311424	0.4688576	30.81727
1460	7.08999	-24.037	31.127	0.111725	0.888275	1.396242	0.622888	0.233798	0.126792	0.0943621	0.0585469	0.0178832	0.0137684	0	2.438478	1.596743	0.8882745	0.1117255	39.51324
1470	6.87322	-23.1908	30.0641	0.883734	0.116266	0.06868524	0.61344	0.234242	0.126395	0.0930306	0.0583262	0.0178913	0.0138166	0	3.501362	1.838789	0.1162658	0.8837342	68.99045
1480	6.1411	-21.2875	27.4286	0.735448	0.264552	0.1013693	0.625672	0.230805	0.123571	0.0929042	0.0590251	0.0178836	0.0136136	0	6.136854	1.639442	0.264552	0.735448	43.59554
1490	5.85417	-21.0853	26.9395	0.613344	0.386656	0.5450468	0.641919	0.230748	0.125209	0.094701	0.0586775	0.0178034	0.0135674	0	6.625918	1.434183	0.3866563	0.6133437	27.17586
1500	7.09833	-24.5855	31.6838	0.850708	0.149292	1.401141	0.632041	0.230123	0.122766	0.0935012	0.0572933	0.0173316	0.013574	0	1.881654	1.891017	0.1492916	0.8507084	77.80667
1510	7.3934	-24.0237	31.4171	0.875385	0.124615	6.860927	0.61952	0.234906	0.127537	0.0942704	0.0565827	0.0170798	0.0136461	0	2.14838	1.942999	0.124615	0.875385	87.69985
1520	7.91146	-22.4295	30.3409	0.401557	0.598443	2.184444	0.62547	0.234327	0.123829	0.0925817	0.0579338	0.0171899	0.0138083	0	3.224513	1.680909	0.5984426	0.4015574	47.9633
1530	8.35855	-21.3439	29.7024	0.103457	0.896543	2.992605	0.61308	0.229686	0.127926	0.0923799	0.0569085	0.017055	0.0138849	0	3.86299	1.891069	0.8965431	0.1034569	77.81604
1540	6.14549	-21.7045	27.85	0.0409761	0.959024	7.201672	0.615836	0.22978	0.126793	0.0908714	0.0584071	0.0178616	0.0139741	0	5.715444	1.972603	0.9590239	0.04097609	93.88642
1550	7.60392	-21.9058	29.5097	0.507185	0.492815	5.554728	0.627026	0.237747	0.125939	0.0922595	0.0581436	0.0173119	0.0135635	0	4.055684	1.840151	0.4928146	0.5071854	69.20719
1560	8.11845	-21.5866	29.705	0.245314	0.754686	3.923247	0.641637	0.238974	0.127333	0.0917275	0.0590842	0.0174081	0.0137679	0	3.860429	1.803449	0.7546863	0.2453137	63.59874
1570	5.88419	-26.6426	32.5268	0.295337	0.704663	3.142144	0.625107	0.234323	0.124914	0.0933769	0.0565119	0.0176323	0.0135119	0	1.03865	1.924378	0.7046631	0.2953369	84.01917
1580	7.32824	-21.3207	28.649	0.625277	0.374723	5.263657	0.622449	0.233027	0.121776	0.0925415	0.0587624	0.0171368	0.0136914	0	4.916451	1.842293	0.3747233	0.6252767	69.5494
1590	8.10212	-22.0424	30.1445	0.11783	0.88217	5.321931	0.611418	0.230684	0.122687	0.0924933	0.0580115	0.0174291	0.0134011	0	3.420933	1.923264	0.8821703	0.1178297	83.80391
1600	7.3803	-22.9415	30.3218	0.56662	0.43338	6.463796	0.613102	0.236309	0.122801	0.0935359	0.0567706	0.0178603	0.0140216	0	3.243662	1.830248	0.4333796	0.5666204	67.64699
1610	8.24536	-20.8767	29.1221	0.79563	0.20437	3.388046	0.623609	0.241059	0.122485	0.09506	0.0567697	0.0177206	0.0135984	0	4.443348	1.985138	0.2043698	0.7956302	96.63585
1620	8.20355	-20.9033	29.1069	0.749153	0.250847	2.475722	0.623502	0.239796	0.121708	0.094859	0.0572548	0.0178741	0.0136474	0	4.458549	1.997114	0.2508466	0.7491534	99.33759
1630	8.13437	-21.6615	29.7959	0.346453	0.653547	3.63646	0.628417	0.237178	0.126286	0.0945352	0.0582323	0.0176982	0.0134285	0	3.769521	1.78488	0.6535469	0.3464531	60.93679
1640	7.76554	-23.1144	30.8799	0.00658607	0.993414	3.476196	0.641098	0.234733	0.127065	0.0937278	0.0583824	0.0174724	0.0136236	0	2.685521	1.668953	0.9934139	0.006586068	46.66091
1650	7.11797	-21.4287	28.5467	0.473158	0.526842	3.59427	0.613738	0.237687	0.126957	0.094069	0.0576061	0.0173537	0.0139052	0	5.018748	1.584982	0.526842	0.473158	38.45759
1660	7.77666	-21.9929	29.7696	0.459104	0.540896	1.085802	0.618276	0.240322	0.12658	0.0931396	0.0583854	0.0175068	0.0136075	0	3.795869	1.883275	0.5408956	0.4591044	76.43201
1670	7.17194	-22.2593	29.4312	0.893222	0.106778	1.126843	0.61705	0.235788	0.125615	0.0934654	0.0578686	0.0177221	0.0134211	0	4.134212	1.520855	0.1067783	0.8932217	33.17838
1680	6.89716	-23.0567	29.9539	0.177374	0.822626	7.08039	0.616717	0.232279	0.124588	0.0920631	0.0574571	0.0174847	0.0140813	0	3.611532	1.817644	0.8226259	0.1773741	65.71189
1690	8.10655	-21.9956	30.1022	0.439516	0.560484	3.074488	0.611445	0.24087	0.127759	0.0919205	0.0563899	0.017423	0.0137941	0	3.463247	1.730325	0.5604838	0.4395162	53.74339
1700	5.79484	-20.8321	26.6269	0.0633917	0.936608	2.098791	0.612445	0.236515	0.126152	0.0912639	0.057227	0.0178284	0.0135892	0	6.938525	1.409084	0.9366083	0.06339166	25.64978
1710	5.12579	-19.9623	25.0881	0.929275	0.0707253	0.8223059	0.619257	0.239394	0.126066	0.0918898	0.0562255	0.0175206	0.0134856	0	8.477378	1.665969	0.07072527	0.9292747	46.34139
1720	7.47363	-24.5749	32.0486	0.255959	0.744041	4.840686	0.621951	0.241467	0.125732	0.0905442	0.056326	0.0178048	0.0137094	0	1.516858	1.960702	0.7440405	0.2559595	91.34863
1730	7.21614	-22.715	29.9311	0.391572	0.608428	2.760524	0.63252	0.235095	0.124488	0.0906347	0.0582594	0.0177874	0.0138251	0	3.634303	1.477791	0.6084279	0.3915721	30.0463
1740	6.14897	-22.7595	28.9085	0.168765	0.831235	7.510688	0.628441	0.23073	0.125963	0.0931726	0.059082	0.0177088	0.0140553	0	4.656911	1.809105	0.8312351	0.1687649	64.43255
1750	7.19471	-24.3767	31.5715	0.278225	0.721775	4.779353	0.637843	0.231345	0.127261	0.092092	0.0580361	0.0170106	0.0137629	0	1.99398	1.72285	0.7217745	0.2782255	52.82631
1760	6.7624	-24.6693	31.4317	0.0561547	0.943845	6.706034	0.631062	0.231793	0.125474	0.0925127	0.0561842	0.0174639	0.0138072	0	2.133727	1.774394	0.9438453	0.0561547	59.48311
1770	6.84228	-25.2391	32.0814	0.196695	0.803305	3.650321	0.637506	0.232009	0.123497	0.0910915	0.0574665	0.0176598	0.0139022	0	1.484028	1.778494	0.8033052	0.1966948	60.04735
1780	6.17922	-21.3658	27.545	0.724735	0.275265	6.612721	0.638321	0.238678	0.126166	0.090728	0.0563947	0.0178162	0.0140531	0	6.020445	1.932283	0.2752653	0.7247347	85.56239
1790	6.06866	-22.7125	28.7811	0.685615	0.314385	6.896268	0.635071	0.233415	0.122623	0.091396	0.0581617	0.0178142	0.0135129	0	4.784299	1.715803	0.3143854	0.6856146	51.97598
1800	7.82359	-23.2236	31.0472	0.159382	0.840618	3.845196	0.639818	0.241337	0.126179	0.0932974	0.0586066	0.017679	0.0135289	0	2.518248	1.723749	0.8406185	0.1593815	52.93571
1810	7.95334	-21.8255	29.7789	0.150741	0.849259	2.508186	0.629765	0.237862	0.12334	0.0918036	0.0580413	0.017773	0.0135575	0	3.786571	1.683236	0.8492591	0.1507409	48.22098
1820	7.85012	-23.4454	31.2955	0.400746	0.599254	2.951642	0.621087	0.238311	0.122614	0.0908506	0.0574001	0.0171367	0.0139077	0	2.269934	1.766006	0.5992535	0.4007465	58.34536
1830	7.68137	-21.8602	29.5416	0.887908	0.112092	1.648997	0.616148	0.240837	0.122134	0.0905952	0.0570033	0.0175382	0.0139059	0	4.023818	1.640277	0.1120923	0.8879077	43.6794
1840	7.60437	-22.0441	29.6485	0.00323811	0.996762	1.058772	0.62077	0.236636	0.12178	0.0917818	0.0583225	0.0174035	0.0138584	0	3.916963	1.722916	0.9967619	0.003238111	52.83431
1850	8.0366	-21.2354	29.272	0.375462	0.624538	3.863286	0.620781	0.237875	0.123102	0.0929688	0.0590221	0.0171691	0.0134676	0	4.293423	1.834126	0.6245385	0.3754615	68.25368
1860	7.00053	-23.6204	30.621	0.335829	0.664171	3.185829	0.629086	0.240473	0.126264	0.0921896	0.0584579	0.0170243	0.0137148	0	2.944479	1.477668	0.664171	0.335829	30.03776
1870	7.44272	-22.3136	29.7563	0.459241	0.540759	6.160251	0.624953	0.239384	0.124471	0.0906711	0.0578018	0.0173651	0.0134147	0	3.809159	1.853515	0.5407586	0.4592414	71.36982
1880	7.62449	-22.7231	30.3476	0.324163	0.675837	1.069824	0.631123	0.232236	0.123567	0.0911897	0.0580685	0.0171138	0.0134841	0	3.217819	1.760942	0.6758371	0.3241629	57.66893
1890	6.98587	-20.2543	27.2402	0.799156	0.200844	2.532304	0.621368	0.236563	0.123756	0.0918991	0.05762	0.0172045	0.0135792	0	6.325224	1.758321	0.2008435	0.7991565	57.32194
1900	6.99503	-24.1814	31.1765	0.654264	0.345736	2.136396	0.628837	0.239506	0.124446	0.090899	0.0579442	0.0171344	0.013595	0	2.388956	1.544234	0.3457357	0.6542643	35.01336
1910	7.46439	-23.6456	31.11	0.207966	0.792034	1.171884	0.612785	0.240558	0.127187	0.0908964	0.0582897	0.017215	0.0134473	0	2.455459	1.837545	0.7920342	0.2079658	68.79308
1920	7.20625	-23.003	30.2093	0.363431	0.636569	2.038791	0.616395	0.239265	0.127009	0.0926043	0.0583244	0.0170992	0.0135177	0	3.35617	1.479672	0.6365694	0.3634306	30.17672
1930	6.6105	-20.0774	26.6879	0.184993	0.815007	3.284988	0.615202	0.235296	0.126546	0.0938885	0.0583967	0.0173534	0.0134307	0	6.877555	1.812444	0.8150074	0.1849926	64.92972
1940	7.25596	-22.7439	29.9999	0.678215	0.321785	7.235946	0.617879	0.236144	0.126527	0.0906964	0.0578816	0.0171392	0.0135882	0	3.565533	1.954171	0.3217846	0.6782154	89.98525
1950	6.81172	-22.8541	29.6659	0.516112	0.483888	1.850019	0.610852	0.238172	0.125522	0.0908224	0.0566113	0.0178435	0.0136244	0	3.899563	1.383493	0.4838879	0.5161121	24.18205
1960	7.51894	-23.0759	30.5948	0.394817	0.605183	1.673656	0.616542	0.230944	0.124707	0.0907084	0.0576188	0.0178916	0.01397	0	2.970586	1.602683	0.6051828	0.3948172	40.05744
1970	8.49703	-21.657	30.1541	0.721206	0.278794	4.110062	0.620113	0.233333	0.124993	0.0920356	0.0579733	0.0173824	0.0137746	0	3.41136	1.964067	0.2787942	0.7212058	92.05922
1980	8.32323	-21.5414	29.8646	0.093838	0.906162	2.517039	0.615373	0.238872	0.123682	0.0919133	0.0574343	0.0174407	0.0139274	0	3.700845	1.867779	0.906162	0.09383801	73.75285
1990	7.17139	-24.6578	31.8292	0.675725	0.324275	2.671085	0.611403	0.239663	0.124375	0.0948201	0.058707	0.0174249	0.0139742	0	1.73626	1.769303	0.3242752	0.6757248	58.78996
2000	7.50562	-21.6018	29.1074	0.439403	0.560597	4.070519	0.616265	0.235248	0.124994	0.0952555	0.0565455	0.0170621	0.0139346	0	4.45803	1.671827	0.5605966	0.4394034	46.97073
2010	7.60723	-21.6477	29.2549	0.963337	0.0366632	5.870524	0.624837	0.237061	0.123943	0.0949267	0.0569813	0.0170528	0.0139521	0	4.310511	1.940375	0.03666317	0.9633368	87.17163
2020	6.14501	-20.196	26.341	0.666409	0.333591	0.9155883	0.634421	0.235878	0.125278	0.0918291	0.0580195	0.0170301	0.0137908	0	7.224443	1.99924	0.3335911	0.6664089	99.82517
2030	7.49625	-22.9905	30.4867	0.0131547	0.986845	0.7166864	0.624604	0.231469	0.121749	0.091409	0.058786	0.0175492	0.0138401	0	3.078681	1.97556	0.9868453	0.01315471	94.528
2040	5.92541	-24.7549	30.6804	0.999644	0.000356195	0.2501245	0.631369	0.235087	0.126844	0.0909304	0.0572228	0.0178182	0.0140293	0	2.88507	1.376155	0.000356195	0.9996438	23.77687
2050	6.54083	-23.7589	30.2998	0.916967	0.0830333	1.051982	0.614813	0.234569	0.126261	0.092366	0.0581005	0.0176929	0.0136899	0	3.265678	1.381833	0.08303329	0.9169667	24.08978
2060	6.17562	-20.0784	26.254	0.0291466	0.970853	4.395597	0.61265	0.237358	0.125768	0.092695	0.0580273	0.017804	0.0138486	0	7.311397	1.947515	0.9708534	0.02914662	88.61653
2070	5.73664	-19.5568	25.2935	0.0337826	0.966217	2.935711	0.61382	0.240836	0.125924	0.0914335	0.0588173	0.0175013	0.0138154	0	8.27196	1.968882	0.9662174	0.03378262	93.08555
2080	6.5782	-24.4576	31.0358	0.777198	0.222802	4.267458	0.614184	0.234823	0.122012	0.091174	0.0588005	0.0174459	0.0139545	0	2.529638	1.505461	0.222802	0.777198	32.02293
2090	5.81657	-24.0503	29.8668	0.09313	0.90687	1.961035	0.622117	0.231592	0.125929	0.0914536	0.0571801	0.0170106	0.0134195	0	3.698588	1.192188	0.90687	0.09313003	15.5664
2100	7.48051	-24.1145	31.595	0.63824	0.36176	6.787549	0.614921	0.230792	0.123885	0.0926668	0.0563194	0.0173139	0.0136725	0	1.970419	1.984554	0.3617602	0.6382398	96.50601
2110	6.87016	-23.2445	30.1147	0.615932	0.384068	1.27127	0.61134	0.231117	0.121763	0.0928497	0.057592	0.0172346	0.0136882	0	3.450775	1.426716	0.3840679	0.6159321	26.71261
2120	7.05093	-22.4099	29.4608	0.485126	0.514874	0.5368759	0.617274	0.232376	0.124141	0.0913884	0.059065	0.0174054	0.0139525	0	4.104593	1.586691	0.5148744	0.4851256	38.60924
2130	3.27549	-25.4208	28.6963	0.531025	0.468975	0.09742399	0.610978	0.23036	0.12217	0.0908868	0.0589789	0.017616	0.0138841	0	4.869144	0.868638	0.4689748	0.5310252	7.389891
2140	5.08099	-20.4961	25.5771	0.805777	0.194223	0.1125633	0.614681	0.233964	0.123152	0.0923107	0.0572532	0.0171955	0.0139568	0	7.988338	1.68042	0.1942234	0.8057766	47.90931
2150	6.93637	-24.7128	31.6492	0.762379	0.237621	1.138803	0.620675	0.235865	0.125017	0.0941241	0.0576725	0.0170347	0.0136383	0	1.916231	1.885628	0.2376211	0.7623789	76.84715
2160	8.43389	-22.7305	31.1644	0.558991	0.441009	4.274554	0.616843	0.232061	0.12355	0.0922443	0.0577456	0.0173197	0.0134038	0	2.401018	1.982963	0.4410087	0.5589913	96.15314
2170	6.91455	-24.3719	31.2865	0.107025	0.892975	0.7933374	0.619579	0.229687	0.123339	0.091846	0.0589489	0.0172878	0.013637	0	2.278952	1.76773	0.8929751	0.1070249	58.57741
2180	6.30492	-21.0753	27.3803	0.476078	0.523922	0.2518069	0.621435	0.23649	0.123527	0.0950036	0.0579082	0.0174894	0.0140627	0	6.185159	1.794074	0.5239225	0.4760775	62.24064
2190	6.6288	-22.9206	29.5494	0.790384	0.209616	0.1842268	0.633851	0.235534	0.122425	0.0948756	0.0568143	0.0171492	0.0136894	0	4.016014	1.511083	0.2096161	0.7903839	32.44015
2200	4.8558	-22.5674	27.4232	0.671911	0.328089	0.08324694	0.616865	0.236263	0.126752	0.0941579	0.0573329	0.0173404	0.0138503	0	6.142251	1.147817	0.3280885	0.6719115	14.05456
2210	6.12644	-20.9156	27.042	0.320927	0.679073	1.069432	0.642085	0.235875	0.124599	0.0922085	0.0571276	0.0171197	0.0135829	0	6.523389	1.455073	0.6790731	0.3209269	28.51499
2220	8.20665	-21.6289	29.8355	0.825328	0.174672	1.760338	0.631526	0.233362	0.124311	0.0911685	0.0574165	0.0177932	0.0138989	0	3.7299	1.985644	0.1746724	0.8253276	96.74843
2230	7.16497	-20.0783	27.2433	0.0684469	0.931553	2.396296	0.623193	0.240529	0.126053	0.0937088	0.0574159	0.0172563	0.0139751	0	6.322144	1.976635	0.9315531	0.06844692	94.76207
2240	7.27555	-23.0589	30.3344	0.348356	0.651644	0.9170271	0.614785	0.237715	0.122669	0.0908376	0.0578995	0.0175384	0.0136247	0	3.230995	1.613494	0.6516444	0.3483556	41.06707
2250	6.60865	-21.3615	27.9702	0.884617	0.115383	0.6397939	0.621191	0.234567	0.123124	0.09201	0.0582051	0.017641	0.0136872	0	5.595249	1.538367	0.1153827	0.8846173	34.54357
2260	8.37335	-21.9775	30.3509	0.669274	0.330726	2.246737	0.614505	0.235885	0.124502	0.0913841	0.0578254	0.0177276	0.0139691	0	3.214535	1.925696	0.3307256	0.6692744	84.27447
2270	6.42552	-21.6066	28.0321	0.992409	0.00759107	0.5263081	0.612916	0.240101	0.126681	0.0921615	0.0590814	0.0174942	0.0138852	0	5.533294	1.467156	0.00759107	0.9924089	29.31944
2280	6.21932	-21.112	27.3313	0.565576	0.434424	0.1579499	0.620452	0.239282	0.126004	0.0952305	0.0575284	0.0176724	0.0136976	0	6.234123	1.94273	0.4344236	0.5655764	87.64557
2290	6.97782	-23.6492	30.627	0.0296424	0.970358	0.2703858	0.632026	0.235209	0.127825	0.0946099	0.0572363	0.0171708	0.0136692	0	2.938441	1.912632	0.9703576	0.02964243	81.77713
2300	7.77298	-23.6152	31.3882	0.87653	0.12347	2.408591	0.637843	0.236013	0.122302	0.0926858	0.0573332	0.0173341	0.0134618	0	2.177237	1.810946	0.12347	0.87653	64.70616
2310	8.2697	-22.3064	30.5761	0.719771	0.280229	5.08805	0.635295	0.239393	0.122324	0.0925054	0.0564047	0.0178326	0.0135755	0	2.989337	1.933599	0.2802295	0.7197705	85.82212
2320	7.15759	-24.1719	31.3295	0.519082	0.480918	1.777774	0.617287	0.238578	0.125151	0.0950969	0.0563983	0.0170821	0.0137241	0	2.235965	1.644393	0.4809185	0.5190815	44.09534
2330	6.60878	-21.4262	28.035	0.770099	0.229901	1.602691	0.632308	0.232714	0.122839	0.0924219	0.056449	0.0170244	0.0134991	0	5.530405	1.441387	0.2299008	0.7700992	27.63041
2340	5.92778	-21.3225	27.2503	0.644839	0.355161	0.7076589	0.629397	0.237336	0.123849	0.0912991	0.0564804	0.0175369	0.0137568	0	6.315133	1.382519	0.3551611	0.6448389	24.12786
2350	7.61149	-21.074	28.6855	0.505996	0.494004	1.350852	0.624943	0.233772	0.121932	0.0952835	0.0563856	0.0172838	0.0135327	0	4.879929	1.855668	0.4940036	0.5059964	71.72453
2360	7.24584	-20.6979	27.9438	0.526679	0.473321	2.313588	0.617193	0.236726	0.122866	0.0933651	0.0568119	0.0170607	0.0137677	0	5.621666	1.666434	0.4733212	0.5266788	46.39104
2370	7.46384	-22.1616	29.6254	0.768667	0.231333	2.774027	0.624586	0.235702	0.12256	0.0923299	0.0575558	0.0173248	0.0136082	0	3.939985	1.551348	0.2313329	0.7686671	35.59161
2380	8.5094	-21.5236	30.033	0.691343	0.308657	3.201927	0.621378	0.240989	0.124332	0.0928587	0.0575955	0.0173289	0.0133987	0	3.532381	1.955937	0.3086571	0.6913429	90.35191
2390	7.11936	-22.3924	29.5118	0.974599	0.0254009	0.2740651	0.629225	0.235738	0.12451	0.0917188	0.0572512	0.0174582	0.013838	0	4.053658	1.988996	0.02540088	0.9745991	97.49796
2400	3.75382	-28.6949	32.4487	0.830053	0.169947	0.3108868	0.618741	0.232725	0.124447	0.0912566	0.0579613	0.0174415	0.0137616	0	1.11673	1.817437	0.1699469	0.8300531	65.68059
2410	5.85275	-25.8107	31.6635	0.582947	0.417053	0.1712413	0.612612	0.234856	0.127627	0.0906804	0.0571031	0.0178249	0.0134541	0	1.901977	1.852058	0.4170526	0.5829474	71.13092
2420	7.4732	-23.3195	30.7927	0.582978	0.417022	0.851415	0.616017	0.231406	0.126608	0.0932823	0.0567443	0.0177128	0.0138905	0	2.772718	1.90142	0.4170221	0.5829779	79.693
2430	7.60364	-20.9525	28.5562	0.589611	0.410389	2.082031	0.619117	0.233952	0.126208	0.0920803	0.0568327	0.0178163	0.0137771	0	5.009242	1.705746	0.4103892	0.5896108	50.78629
2440	8.24404	-22.3179	30.562	0.679905	0.320095	4.86501	0.610993	0.238074	0.127885	0.0925604	0.0568556	0.0173558	0.0136921	0	3.003459	1.897841	0.3200945	0.6799055	79.03894
2450	7.44749	-21.9861	29.4336	0.983454	0.0165459	2.794867	0.627371	0.233471	0.126265	0.0913344	0.0564117	0.0170455	0.0139097	0	4.13182	1.554479	0.01654592	0.9834541	35.84913
2460	7.99056	-20.9757	28.9663	0.486459	0.513541	4.035467	0.63545	0.233721	0.12664	0.0948982	0.0573265	0.0171624	0.0136443	0	4.599171	1.901829	0.5135405	0.4864595	79.76803
2470	6.31457	-19.7791	26.0936	0.772671	0.227329	2.330126	0.635584	0.23059	0.123915	0.0948056	0.0583059	0.0174204	0.0136315	0	7.471798	1.882209	0.2273291	0.7726709	76.24465
2480	8.29597	-21.4624	29.7584	0.130012	0.869988	4.14686	0.638674	0.238857	0.125018	0.0944055	0.0588344	0.0171977	0.0134132	0	3.807057	1.913684	0.8699879	0.1300121	81.97551
2490	7.81677	-20.5958	28.4125	0.669973	0.330027	2.914585	0.628464	0.237686	0.124564	0.0925056	0.0587182	0.0170217	0.0138657	0	5.152893	1.880399	0.3300272	0.6699728	75.9275
2500	7.89427	-21.881	29.7752	0.219184	0.780816	1.190933	0.617616	0.240259	0.126757	0.0944015	0.0580056	0.0171742	0.0137369	0	3.790211	1.986517	0.780816	0.219184	96.94305
2510	7.77077	-23.2365	31.0073	0.447097	0.552903	4.687632	0.611826	0.239014	0.125419	0.0948508	0.0582825	0.017215	0.014002	0	2.558136	1.755914	0.5529035	0.4470965	57.00519
2520	6.2945	-25.6379	31.9324	0.247502	0.752498	7.711305	0.633665	0.239298	0.127734	0.0951985	0.058371	0.0174277	0.0136532	0	1.632989	1.898741	0.7524976	0.2475024	79.20294
2530	8.39989	-21.8483	30.2481	0.813881	0.186119	4.538479	0.639148	0.236565	0.123904	0.0919285	0.0581073	0.017203	0.0134513	0	3.317284	1.950115	0.1861192	0.8138808	89.1486
2540	8.05998	-23.302	31.3619	0.868185	0.131815	3.217665	0.635454	0.232803	0.124305	0.0935797	0.0572615	0.017145	0.0140421	0	2.203491	1.850165	0.1318154	0.8681846	70.82145
2550	6.83274	-20.3639	27.1966	0.0223487	0.977651	1.2606	0.621138	0.232387	0.126216	0.0946472	0.0578142	0.0172556	0.0136922	0	6.368782	1.911647	0.9776513	0.0223487	81.59184
2560	7.56459	-22.9824	30.547	0.69726	0.30274	6.151398	0.636934	0.230377	0.127621	0.0948937	0.0562411	0.0173846	0.0134602	0	3.01843	1.844171	0.3027398	0.6972602	69.85073
2570	8.4926	-21.5485	30.0411	0.0621342	0.937866	4.244873	0.61606	0.233107	0.127746	0.0942143	0.0564244	0.0171998	0.013638	0	3.524312	1.999678	0.9378658	0.06213422	99.92578
2580	5.111	-26.0192	31.1302	0.242126	0.757874	10.51845	0.610645	0.233506	0.128013	0.0944569	0.0563246	0.0170385	0.0140711	0	2.435253	1.96971	0.7578745	0.2421255	93.26321
2590	8.22919	-22.8254	31.0546	0.140504	0.859496	3.195275	0.614697	0.23544	0.127012	0.0948014	0.0583302	0.0174738	0.0139354	0	2.51085	1.840342	0.8594959	0.1405041	69.23753
2600	6.99237	-23.5584	30.5508	0.202428	0.797572	8.20443	0.628774	0.23129	0.126658	0.0915619	0.0590991	0.0178322	0.0139293	0	3.014625	1.998059	0.7975719	0.2024281	99.55408
2610	6.03272	-22.5091	28.5419	0.553943	0.446057	7.130615	0.633361	0.237044	0.125961	0.0928187	0.0584271	0.0178444	0.0134854	0	5.02358	1.77322	0.4460569	0.5539431	59.32258
2620	8.41643	-21.1612	29.5776	0.162494	0.837506	2.946905	0.616094	0.240792	0.126673	0.0912746	0.0582871	0.0176519	0.0135758	0	3.987812	1.985675	0.8375063	0.1624937	96.75541
2630	4.46268	-20.1748	24.6375	0.476672	0.523328	5.362286	0.62892	0.239526	0.12606	0.0909717	0.0588514	0.0177968	0.0134415	0	8.927961	1.92257	0.5233283	0.4766717	83.67008
2640	7.90694	-23.0709	30.9778	0.490977	0.509023	5.818843	0.632479	0.236857	0.127183	0.0930874	0.0584066	0.0176036	0.0137423	0	2.587633	1.903186	0.509023	0.490977	80.01775
2650	5.57281	-20.2823	25.8551	0.20557	0.79443	5.300032	0.612527	0.229982	0.125116	0.0923374	0.0580261	0.0176613	0.0134797	0	7.71032	1.997928	0.7944302	0.2055698	99.52394
2660	7.01993	-24.899	31.9189	0.713824	0.286176	3.09092	0.617775	0.237989	0.124143	0.0915903	0.058061	0.0176612	0.0137727	0	1.64652	1.756671	0.2861764	0.7138236	57.10459
2670	7.85844	-21.121	28.9795	0.0324217	0.967578	2.01889	0.615053	0.234925	0.126248	0.0911426	0.0578967	0.01786	0.0139077	0	4.585953	1.765483	0.9675783	0.03242174	58.27509
2680	6.72488	-23.4074	30.1323	0.182346	0.817654	2.249388	0.622191	0.236759	0.126437	0.0925278	0.0590491	0.0173709	0.0136676	0	3.433167	1.364246	0.8176542	0.1823458	23.13375
2690	3.46579	-19.7654	23.2312	0.874523	0.125477	3.599286	0.617143	0.237366	0.127289	0.0917081	0.0583573	0.017581	0.013821	0	10.33423	1.605806	0.1254765	0.8745235	40.34652
2700	7.14135	-20.5852	27.7265	0.351186	0.648814	1.348224	0.613918	0.235461	0.125846	0.0946523	0.0590977	0.0177194	0.0138561	0	5.8389	1.830094	0.6488137	0.3511863	67.62287
2710	6.94067	-22.1489	29.0896	0.436729	0.563271	2.270886	0.628093	0.237031	0.123713	0.0939569	0.0567924	0.0177086	0.013876	0	4.47586	1.427477	0.563271	0.436729	26.75945
2720	5.8997	-23.0641	28.9638	0.88053	0.11947	8.382195	0.619192	0.238011	0.123287	0.0946089	0.0573157	0.0176644	0.0134204	0	4.601622	1.910717	0.1194705	0.8805295	81.41738
2730	7.78453	-21.9555	29.7401	0.676226	0.323774	5.999886	0.622716	0.239427	0.127851	0.093616	0.0582494	0.0177771	0.0135151	0	3.825362	1.950444	0.3237738	0.6762262	89.21632
2740	8.13386	-21.0426	29.1765	0.335146	0.664854	3.064003	0.64212	0.232739	0.127935	0.0943928	0.0574924	0.0178055	0.0133973	0	4.388937	1.859835	0.6648538	0.3351462	72.416
2750	6.91154	-23.7447	30.6563	0.00193854	0.998061	1.207919	0.640723	0.23632	0.125478	0.094566	0.0580658	0.0175249	0.0137701	0	2.90916	1.461555	0.9980615	0.00193854	28.94379
2760	7.67208	-21.0901	28.7621	0.153474	0.846526	4.89513	0.638926	0.233737	0.126707	0.0927233	0.0572284	0.0176394	0.0138419	0	4.803302	1.9081	0.8465256	0.1534744	80.92827
2770	8.2295	-21.3974	29.6269	0.332799	0.667201	4.027055	0.614589	0.23761	0.127593	0.0919043	0.057982	0.0174236	0.0134822	0	3.938485	1.883667	0.667201	0.332799	76.50092
2780	6.34866	-22.7683	29.117	0.305152	0.694848	5.173146	0.631834	0.237841	0.12671	0.0915092	0.0569504	0.0178752	0.0137436	0	4.448434	1.522776	0.6948483	0.3051517	33.32549
2790	6.75288	-21.9217	28.6745	0.894546	0.105454	5.17686	0.624146	0.229658	0.123779	0.0909239	0.057826	0.0173905	0.0137022	0	4.890897	1.650107	0.105454	0.894546	44.67937
2800	8.01858	-21.6175	29.6361	0.141366	0.858634	1.935642	0.616048	0.234008	0.122971	0.0910106	0.056599	0.0178564	0.0136171	0	3.929359	1.76989	0.8586341	0.1413659	58.86952
2810	7.29203	-20.8219	28.114	0.80823	0.19177	2.00627	0.615446	0.232173	0.126021	0.0944286	0.0573816	0.0176225	0.0133895	0	5.451468	1.660063	0.1917702	0.8082298	45.71541
2820	6.41277	-22.7841	29.1969	0.309487	0.690513	2.97763	0.641619	0.23534	0.126318	0.0912014	0.0573223	0.0177684	0.01381	0	4.368564	1.349595	0.6905133	0.3094867	22.36633
2830	7.86462	-21.4368	29.3014	0.770922	0.229078	1.500184	0.616389	0.231491	0.127372	0.0918348	0.0576099	0.0171677	0.0135462	0	4.263994	1.830607	0.2290776	0.7709224	67.70285
2840	1.86396	-23.9286	25.7926	0.0922753	0.907725	9.191813	0.627799	0.235056	0.123394	0.0929325	0.0574408	0.0170142	0.0135538	0	7.772853	1.661968	0.9077247	0.09227528	45.91641
2850	7.41564	-22.109	29.5246	0.421049	0.578951	2.811556	0.63504	0.235342	0.121715	0.0947276	0.057462	0.0173038	0.0136017	0	4.040828	1.54014	0.5789505	0.4210495	34.68487
2860	7.86347	-23.5098	31.3733	0.276787	0.723213	2.784247	0.61823	0.237608	0.123872	0.0934051	0.0583946	0.0171366	0.0135682	0	2.192135	1.80537	0.7232134	0.2767866	63.88078
2870	5.67932	-20.7155	26.3948	0.388943	0.611057	3.291066	0.624539	0.237642	0.123085	0.0929743	0.0578574	0.0176104	0.0134338	0	7.170601	1.507652	0.6110566	0.3889434	32.18492
2880	7.64843	-22.8823	30.5307	0.690494	0.309506	3.50914	0.613407	0.238283	0.123321	0.0929114	0.0574256	0.0177131	0.0137105	0	3.034689	1.624533	0.3095059	0.6904941	42.12432
2890	6.00126	-25.0703	31.0716	0.0987677	0.901232	7.088124	0.641444	0.23083	0.122097	0.0929483	0.0578095	0.0173545	0.0140038	0	2.493875	1.647611	0.9012323	0.09876769	44.42332
2900	7.94532	-22.8627	30.808	0.325436	0.674564	4.162262	0.630138	0.230624	0.124259	0.0919725	0.0589893	0.0171198	0.0136408	0	2.757394	1.752535	0.6745639	0.3254361	56.56331
2910	8.41739	-22.3431	30.7605	0.723405	0.276595	2.691821	0.617152	0.23128	0.126167	0.0913493	0.0565376	0.0171947	0.0135692	0	2.804948	1.926419	0.2765951	0.7234049	84.41484
2920	6.01499	-21.1873	27.2023	0.0803511	0.919649	0.967234	0.618462	0.236567	0.12449	0.0922488	0.0582029	0.0175057	0.0135598	0	6.363127	1.386818	0.9196489	0.08035106	24.36789
2930	6.51293	-21.6158	28.1287	0.248744	0.751256	3.296979	0.618198	0.238896	0.123655	0.0935802	0.0589337	0.0170378	0.0135246	0	5.436719	1.467815	0.7512563	0.2487437	29.36398
2940	7.87967	-21.3668	29.2465	0.223074	0.776926	4.798126	0.619925	0.232283	0.124981	0.0942175	0.0571217	0.0171421	0.0133914	0	4.318974	1.884412	0.7769261	0.2230739	76.63226
2950	5.49183	-19.7953	25.2871	0.661831	0.338169	1.103127	0.612311	0.239016	0.123685	0.0906652	0.0571304	0.0174078	0.0137507	0	8.278307	1.995888	0.3381692	0.6618308	99.05773
2960	6.36701	-20.443	26.81	0.291407	0.708593	2.795499	0.620244	0.23861	0.125744	0.0909755	0.0563637	0.0171634	0.0135715	0	6.755384	1.59556	0.7085926	0.2914074	39.40577
2970	7.49351	-22.5591	30.0526	0.781554	0.218446	4.81689	0.634626	0.240614	0.128027	0.0906121	0.058114	0.017374	0.0137153	0	3.51283	1.680844	0.2184455	0.7815545	47.95609
2980	8.08881	-22.8221	30.9109	0.630985	0.369015	2.326587	0.636292	0.237995	0.125527	0.0938307	0.0579653	0.0174174	0.0137469	0	2.654514	1.811256	0.3690147	0.6309853	64.75243
2990	5.82171	-24.9076	30.7293	0.761693	0.238307	1.37952	0.631369	0.240186	0.125152	0.0938216	0.0572591	0.0176088	0.0136146	0	2.836128	1.273908	0.2383071	0.7616929	18.78918
3000	5.29857	-19.5219	24.8204	0.696361	0.303639	1.787923	0.613653	0.239718	0.125675	0.0942833	0.0586142	0.017637	0.0134432	0	8.744989	1.874245	0.3036394	0.6963606	74.85916
3010	7.56399	-23.9592	31.5232	0.882928	0.117072	6.490331	0.615454	0.23962	0.125512	0.094825	0.0572201	0.0175026	0.0136296	0	2.042222	1.956614	0.1170719	0.8829281	90.49271
3020	7.51568	-20.5543	28.07	0.263703	0.736297	4.081489	0.626567	0.240673	0.12661	0.0926467	0.0574845	0.0176763	0.0136413	0	5.495415	1.925725	0.7362972	0.2637028	84.28016
3030	6.55353	-22.814	29.3675	0.866532	0.133468	4.956462	0.625098	0.236618	0.121799	0.0940099	0.0574884	0.0176138	0.0139032	0	4.197935	1.531526	0.1334677	0.8665323	34.0037
3040	7.24662	-24.0602	31.3068	0.215097	0.784903	5.741209	0.633495	0.232905	0.126681	0.0913317	0.0579667	0.0173018	0.0136158	0	2.258651	1.763719	0.7849032	0.2150968	58.03894
3050	8.0669	-22.8138	30.8807	0.752775	0.247225	2.810571	0.629889	0.240932	0.122506	0.0906855	0.0589023	0.0170714	0.0138419	0	2.684768	1.763755	0.2472248	0.7527752	58.04372
3060	7.70066	-23.626	31.3267	0.713575	0.286425	6.005714	0.634133	0.235733	0.123613	0.0938587	0.0562151	0.0175938	0.0137778	0	2.238731	1.902894	0.2864247	0.7135753	79.96389
3070	6.36525	-22.1187	28.484	0.27186	0.72814	6.654277	0.637676	0.229799	0.125212	0.0935802	0.0564473	0.0176765	0.0140503	0	5.081441	1.783439	0.7281397	0.2718603	60.73503
3080	6.99927	-23.1154	30.1147	0.954009	0.0459915	2.156303	0.639062	0.233057	0.125193	0.0922033	0.0564766	0.0175593	0.0138634	0	3.450744	1.436833	0.04599147	0.9540085	27.34216
3090	8.43379	-22.0516	30.4854	0.427666	0.572334	2.730408	0.625782	0.237448	0.125829	0.0928782	0.0590936	0.0171941	0.0140364	0	3.080057	1.895587	0.5723342	0.4276658	78.62983
3100	8.11961	-21.4818	29.6014	0.703469	0.296531	2.158185	0.633917	0.239691	0.12531	0.092134	0.0581299	0.0172138	0.0139611	0	3.964014	1.803175	0.2965306	0.7034694	63.55876
3110	5.68573	-26.6192	32.3049	0.508952	0.491048	2.976807	0.63556	0.230606	0.12716	0.0930844	0.0583637	0.017036	0.0138854	0	1.260518	1.678293	0.4910483	0.5089517	47.67522
3120	8.23184	-21.0853	29.3171	0.0710747	0.928925	3.833471	0.627107	0.231833	0.123948	0.0947575	0.0572763	0.0171244	0.0139653	0	4.248326	1.931877	0.9289253	0.07107472	85.4825
3130	7.48933	-22.6615	30.1508	0.647121	0.352879	6.805417	0.625467	0.234991	0.125938	0.0936073	0.0581895	0.0170694	0.0137009	0	3.414627	1.93664	0.3528794	0.6471206	86.42502
3140	7.09191	-20.908	27.9999	0.490694	0.509306	4.571845	0.622748	0.234756	0.122698	0.0942763	0.0569288	0.0171924	0.0140074	0	5.565489	1.780945	0.5093058	0.4906942	60.38717
3150	8.06687	-22.857	30.9239	0.247832	0.752168	3.610555	0.617638	0.238834	0.125917	0.0937871	0.0589661	0.0173123	0.0140025	0	2.64152	1.765076	0.7521683	0.2478317	58.22046
3160	7.12863	-23.4899	30.6186	0.198281	0.801719	6.130269	0.630453	0.233036	0.127086	0.0937084	0.057474	0.0170596	0.0134066	0	2.946851	1.737831	0.8017192	0.1982808	54.68033
3170	7.60471	-21.9693	29.574	0.246402	0.753598	5.84854	0.634762	0.231703	0.122284	0.0924305	0.0566587	0.0176468	0.0134143	0	3.991451	1.87858	0.7535978	0.2464022	75.61015
3180	8.09121	-21.4286	29.5198	0.0168301	0.98317	4.464757	0.639056	0.23823	0.122382	0.0933687	0.057491	0.0178985	0.0139129	0	4.045595	1.871397	0.9831699	0.01683011	74.36991
3190	7.49021	-20.3724	27.8626	0.140102	0.859898	2.337341	0.637017	0.237205	0.123829	0.0934341	0.0589241	0.017767	0.014019	0	5.702789	1.881278	0.8598984	0.1401016	76.08124
3200	4.61143	-26.3768	30.9882	0.258101	0.741899	6.570659	0.616788	0.238583	0.122882	0.0919924	0.0567585	0.0175876	0.0140863	0	2.577198	1.411003	0.7418995	0.2581005	25.76341
3210	8.36598	-21.86	30.226	0.15069	0.84931	2.089431	0.621822	0.239411	0.124996	0.0937972	0.0567942	0.017263	0.0138763	0	3.339455	1.980356	0.8493104	0.1506896	95.57751
3220	8.13162	-23.5495	31.6811	0.751737	0.248263	4.130428	0.610449	0.230375	0.125673	0.0910628	0.0582722	0.0172217	0.0140553	0	1.884322	1.988558	0.2482632	0.7517368	97.39987
3230	7.0145	-22.7213	29.7358	0.537702	0.462298	1.570004	0.613686	0.235853	0.127471	0.0906849	0.0586699	0.0171865	0.0137426	0	3.829651	1.43527	0.4622984	0.5377016	27.24395
3240	4.65491	-26.077	30.7319	0.432317	0.567683	11.19586	0.625713	0.237356	0.126048	0.091979	0.0584071	0.0174744	0.01385	0	2.833534	1.993948	0.5676832	0.4323168	98.61605
3250	6.58037	-20.3029	26.8833	0.899102	0.100898	1.5323	0.626334	0.239299	0.125089	0.0939463	0.0580944	0.0170703	0.0135798	0	6.682173	1.691868	0.100898	0.899102	49.18903
3260	7.83619	-23.1945	31.0307	0.306989	0.693011	6.054182	0.613927	0.237056	0.12418	0.0934247	0.058572	0.0172217	0.0135644	0	2.534702	1.919095	0.6930108	0.3069892	83.00317
3270	7.99807	-21.6804	29.6785	0.808428	0.191572	2.520029	0.612477	0.238911	0.123785	0.0925049	0.0571218	0.0174052	0.0138509	0	3.886958	1.707808	0.1915724	0.8084276	51.02791
3280	5.82127	-23.535	29.3562	0.183957	0.816043	6.985377	0.610631	0.237267	0.126918	0.0917519	0.0585518	0.0170691	0.0139341	0	4.209187	1.627273	0.8160432	0.1839568	42.39098
3290	7.61915	-24.005	31.6242	0.0855927	0.914407	4.468866	0.633082	0.23594	0.123617	0.0915715	0.0569878	0.017149	0.0139942	0	1.941271	1.810236	0.9144073	0.08559274	64.60054
3300	6.21545	-26.2445	32.46	0.411995	0.588005	6.086181	0.623666	0.238414	0.123641	0.0927871	0.0567282	0.0175079	0.0139456	0	1.105471	1.967971	0.588005	0.411995	92.89046
3310	8.06443	-22.4625	30.5269	0.929773	0.0702266	2.413468	0.631677	0.235122	0.122479	0.0939915	0.0565028	0.0170694	0.0138466	0	3.038505	1.740792	0.0702266	0.9297734	55.05444
3320	6.6852	-23.0844	29.7696	0.665374	0.334626	7.670695	0.622118	0.233639	0.12444	0.0929624	0.0574994	0.0176364	0.0139704	0	3.795795	1.879088	0.3346258	0.6653742	75.69866
3330	7.23846	-21.9773	29.2158	0.768086	0.231914	5.025121	0.616049	0.238337	0.126202	0.0919493	0.058328	0.0174972	0.0138149	0	4.349625	1.690743	0.2319142	0.7680858	49.06177
3340	7.06749	-22.5269	29.5944	0.759188	0.240812	6.643044	0.614976	0.231655	0.126798	0.0920192	0.0562226	0.017675	0.0138284	0	3.971035	1.830585	0.2408121	0.7591879	67.6994
3350	7.0968	-20.1109	27.2077	0.894831	0.105169	2.97213	0.624992	0.230508	0.126746	0.0943924	0.0574296	0.0174906	0.0137794	0	6.357747	1.892292	0.1051692	0.8948308	78.03552
3360	5.59698	-24.0495	29.6464	0.906673	0.0933268	1.532662	0.617456	0.239622	0.123889	0.0936514	0.0572087	0.0174948	0.0135551	0	3.918982	1.193683	0.09332685	0.9066732	15.62007
3370	6.96956	-22.4999	29.4694	0.543451	0.456549	5.98868	0.632266	0.239982	0.125489	0.0918686	0.0573723	0.0171033	0.0134627	0	4.096017	1.729894	0.456549	0.543451	53.69006
3380	6.94603	-21.1793	28.1253	0.982544	0.0174562	1.146944	0.631623	0.235532	0.1268	0.0924971	0.0561463	0.017186	0.0138134	0	5.44011	1.571022	0.0174562	0.9825438	37.24105
3390	7.39698	-22.481	29.878	0.311252	0.688748	5.269717	0.617637	0.238928	0.123324	0.0927688	0.0565673	0.0170382	0.013695	0	3.687414	1.711248	0.6887481	0.3112519	51.43373
3400	7.38883	-22.0628	29.4516	0.631319	0.368681	4.462734	0.636015	0.234969	0.121802	0.0926916	0.0561899	0.0171491	0.0134306	0	4.113816	1.656736	0.3686805	0.6313195	45.36659
3410	6.71038	-23.7647	30.4751	0.547406	0.452594	0.4490472	0.629882	0.231722	0.126912	0.0917426	0.0587258	0.0173504	0.0133922	0	3.090356	1.537282	0.4525943	0.5474057	34.45737
3420	7.80038	-23.7485	31.5489	0.404616	0.595384	4.013092	0.614281	0.23025	0.124189	0.0917032	0.058064	0.0171616	0.0134721	0	2.016514	1.833159	0.5953842	0.4046158	68.10192
3430	7.5389	-22.2647	29.8036	0.59721	0.40279	3.079033	0.62298	0.233989	0.122397	0.0906329	0.0586032	0.0172963	0.0136094	0	3.761834	1.574055	0.4027899	0.5972101	37.50206
3440	4.7626	-24.9079	29.6705	0.900809	0.0991912	8.35573	0.611943	0.235656	0.123067	0.0908433	0.058782	0.0173004	0.0134687	0	3.894935	1.632443	0.09919117	0.9008088	42.89854
3450	5.81619	-20.1744	25.9906	0.309766	0.690234	1.776849	0.6139	0.236961	0.122822	0.0906739	0.0588548	0.0172089	0.013459	0	7.574822	1.559876	0.6902341	0.3097659	36.29745
3460	7.34168	-23.3188	30.6605	0.0655946	0.934405	4.353306	0.617614	0.231889	0.1233	0.0936822	0.0578618	0.0173418	0.0134553	0	2.904918	1.608335	0.9344054	0.06559457	40.58219
3470	6.76974	-20.5443	27.3141	0.548382	0.451618	0.9843508	0.615401	0.238108	0.123664	0.0906474	0.0579874	0.0175908	0.0135103	0	6.251376	1.898804	0.4516178	0.5483822	79.21433
3480	8.07493	-21.3775	29.4524	0.971193	0.0288073	3.195593	0.618388	0.24095	0.127198	0.094439	0.0577455	0.0173105	0.0137504	0	4.113043	1.771983	0.02880726	0.9711927	59.15391
3490	7.24839	-24.3634	31.6117	0.185266	0.814734	7.09438	0.613343	0.241301	0.124984	0.0921199	0.0567843	0.0172294	0.0138832	0	1.953684	1.95974	0.8147341	0.1852659	91.14659
3500	6.59837	-22.6031	29.2014	0.715717	0.284283	4.016147	0.627493	0.236441	0.127756	0.0911169	0.0586435	0.0178264	0.0133859	0	4.364001	1.467522	0.2842826	0.7157174	29.34421
3510	5.80732	-25.2995	31.1069	0.526148	0.473852	1.182846	0.635096	0.237007	0.127022	0.0935385	0.0586181	0.017719	0.0137209	0	2.458568	1.316088	0.4738517	0.5261483	20.7056
3520	8.40082	-21.5683	29.9692	0.544543	0.455457	3.224709	0.628672	0.240101	0.125151	0.0935198	0.0586881	0.0176949	0.0136423	0	3.59628	1.879549	0.4554571	0.5445429	75.77897
3530	4.63895	-19.7776	24.4166	0.718502	0.281498	3.061509	0.622338	0.23674	0.125955	0.092252	0.0576151	0.0177453	0.0140771	0	9.14887	1.615911	0.2814984	0.7185016	41.29626
3540	7.22984	-21.0512	28.2811	0.365803	0.634197	0.9385213	0.624127	0.236077	0.127319	0.0923587	0.0576378	0.0177689	0.0138046	0	5.284373	1.849758	0.6341967	0.3658033	70.75521
3550	6.9218	-22.5281	29.4499	0.772354	0.227646	7.237175	0.627646	0.239825	0.125347	0.0914066	0.0586604	0.0173248	0.0135848	0	4.115524	1.914805	0.2276464	0.7723536	82.1873
3560	5.02553	-21.7698	26.7953	0.96172	0.0382797	7.604593	0.638712	0.232817	0.124804	0.0910371	0.0584286	0.017134	0.0134435	0	6.770106	1.945742	0.03827971	0.9617203	88.25559
3570	6.38577	-20.2327	26.6185	0.103653	0.896347	1.778457	0.619971	0.236352	0.127355	0.0908208	0.0588718	0.0172791	0.0134984	0	6.946965	1.641505	0.8963472	0.1036528	43.80313
3580	6.6726	-20.7346	27.4072	0.419953	0.580047	0.9654848	0.618253	0.234842	0.126542	0.090584	0.0576531	0.0173792	0.0136062	0	6.158258	1.663152	0.5800465	0.4199535	46.04173
3590	6.60166	-21.0089	27.6106	0.999255	0.000745255	0.684551	0.612151	0.233387	0.124148	0.0915198	0.0571962	0.0177772	0.0134775	0	5.954843	1.629175	0.000745255	0.9992547	42.57695
3600	6.7768	-24.4175	31.1943	0.0070367	0.992963	5.470386	0.612629	0.233714	0.124111	0.0917506	0.057566	0.0176668	0.0135962	0	2.371177	1.624073	0.9929633	0.007036698	42.07974
3610	5.51366	-26.6414	32.1551	0.559218	0.440782	3.083077	0.614714	0.236579	0.126006	0.0915831	0.0590319	0.0176815	0.0135082	0	1.41033	1.557779	0.4407823	0.5592177	36.12256
3620	8.19498	-22.3382	30.5331	0.992873	0.00712725	3.530802	0.618063	0.235844	0.122165	0.0927093	0.0580723	0.0175125	0.0134672	0	3.032297	1.786312	0.007127247	0.9928728	61.13816
3630	7.38105	-20.6914	28.0724	0.0203584	0.979642	3.883856	0.625137	0.237973	0.123179	0.0919861	0.0567482	0.0176102	0.0135129	0	5.493011	1.803679	0.9796416	0.02035844	63.63257
3640	6.83213	-21.4028	28.2349	0.0584729	0.941527	5.670058	0.635336	0.237951	0.123067	0.0941608	0.0563222	0.0178324	0.0138264	0	5.330495	1.806141	0.9415271	0.05847294	63.99426
3650	8.30441	-21.9571	30.2615	0.482402	0.517598	3.289826	0.615567	0.237222	0.124081	0.095092	0.0570136	0.0171157	0.0136181	0	3.30389	1.816548	0.5175978	0.4824022	65.54628
3660	6.42005	-24.5935	31.0135	0.459977	0.540023	4.450695	0.62892	0.231843	0.125803	0.094447	0.0583553	0.017592	0.0139495	0	2.551921	1.481288	0.5400232	0.4599768	30.28921
3670	7.0906	-22.8	29.8906	0.879706	0.120294	7.285522	0.62521	0.241546	0.124115	0.0923383	0.0582141	0.0170375	0.0134165	0	3.674787	1.92551	0.1202941	0.8797059	84.23828
3680	3.10234	-24.819	27.9213	0.80213	0.19787	2.115874	0.630791	0.239786	0.123898	0.0926722	0.0582712	0.017121	0.0136932	0	5.644104	0.9691212	0.1978705	0.8021295	9.313677
3690	8.51422	-21.7546	30.2688	0.936414	0.0635864	3.81839	0.630823	0.237851	0.127727	0.0940252	0.0587656	0.0174393	0.0136231	0	3.296655	1.943657	0.06358642	0.9364136	87.83291
3700	6.33169	-21.2592	27.5909	0.86152	0.13848	2.955011	0.612891	0.238207	0.122652	0.0938256	0.058911	0.0176183	0.013391	0	5.974579	1.469312	0.1384805	0.8615195	29.46537
3710	8.43503	-21.8203	30.2554	0.370142	0.629858	4.564871	0.627849	0.24055	0.122299	0.0940507	0.0580648	0.0174959	0.0134418	0	3.310077	1.971767	0.6298579	0.3701421	93.70595
3720	8.38395	-21.3226	29.7065	0.431256	0.568744	3.28836	0.64094	0.232253	0.123494	0.0947749	0.0570889	0.0171094	0.0135973	0	3.858912	1.914107	0.5687443	0.4312557	82.05542
3730	7.56713	-23.5913	31.1584	0.0353934	0.964607	2.034626	0.616126	0.231108	0.121808	0.0948188	0.0587173	0.0171908	0.013859	0	2.407027	1.686502	0.9646066	0.03539341	48.58497
3740	7.57718	-20.4316	28.0088	0.331608	0.668392	2.996319	0.623155	0.231918	0.12388	0.0940586	0.0566617	0.0172146	0.0139714	0	5.556628	1.866816	0.6683924	0.3316076	73.58958
3750	7.49957	-23.3246	30.8241	0.0992402	0.90076	1.087413	0.614545	0.238411	0.124321	0.0940059	0.0561881	0.0177868	0.0139922	0	2.741296	1.769122	0.9007598	0.09924024	58.76544
3760	8.31664	-22.9745	31.2911	0.721465	0.278535	3.886843	0.61794	0.240436	0.12271	0.0933615	0.0569481	0.017194	0.0134902	0	2.274304	1.941945	0.2785351	0.7214649	87.48735
3770	7.4588	-23.5516	31.0104	0.335408	0.664592	2.748336	0.621296	0.234862	0.12435	0.0951274	0.0574793	0.0173072	0.0138203	0	2.555036	1.601699	0.6645916	0.3354084	39.96675
3780	6.99742	-21.6694	28.6668	0.995228	0.00477188	0.4289079	0.640549	0.233371	0.124526	0.0937825	0.0565583	0.0171829	0.0134258	0	4.898602	1.776629	0.004771877	0.9952281	59.79008
3790	8.5303	-22.237	30.7673	0.295077	0.704923	4.027277	0.624128	0.229592	0.127178	0.0948708	0.0586689	0.0174503	0.0138089	0	2.798092	1.959721	0.7049227	0.2950773	91.14248
3800	7.80042	-23.4332	31.2336	0.0281547	0.971845	1.549593	0.641428	0.236688	0.125107	0.0918648	0.0588295	0.0178492	0.0136149	0	2.331852	1.987889	0.9718453	0.02815471	97.24979
3810	8.10869	-22.2438	30.3525	0.625938	0.374062	1.709044	0.627731	0.235373	0.126044	0.0928276	0.0583347	0.0173775	0.0135016	0	3.212913	1.874732	0.3740619	0.6259381	74.9432
3820	5.25996	-21.3566	26.6165	0.580911	0.419089	1.753874	0.627737	0.235649	0.126632	0.0921366	0.0583289	0.0177057	0.013917	0	6.94889	1.284318	0.4190894	0.5809106	19.24501
3830	6.45082	-24.9197	31.3705	0.0906254	0.909375	0.4320519	0.623649	0.236034	0.121882	0.094429	0.0584933	0.0172653	0.013827	0	2.194907	1.748835	0.9093746	0.09062543	56.0835
3840	7.33229	-21.8039	29.1362	0.34644	0.65356	0.6489918	0.623092	0.233094	0.122082	0.0909079	0.0575474	0.0173713	0.0134579	0	4.429255	1.834922	0.6535604	0.3464396	68.3789
3850	6.30816	-20.4326	26.7408	0.270214	0.729786	4.84524	0.612582	0.232408	0.123394	0.0909968	0.0585394	0.0171994	0.0136734	0	6.824635	1.881211	0.729786	0.270214	76.06966
3860	8.12057	-22.4389	30.5594	0.591718	0.408282	1.930195	0.621663	0.233344	0.121725	0.0907581	0.0577797	0.0177228	0.0139203	0	3.006011	1.830239	0.4082823	0.5917177	67.64557
3870	7.59394	-21.5979	29.1919	0.402983	0.597017	2.934051	0.616103	0.235974	0.123803	0.094109	0.0590129	0.0170163	0.0140671	0	4.373547	1.607986	0.5970169	0.4029831	40.54957
3880	8.02928	-23.3859	31.4152	0.73087	0.26913	5.651653	0.622079	0.237809	0.127816	0.0939441	0.0588144	0.0171221	0.0140691	0	2.150267	1.976254	0.2691303	0.7308697	94.67916
3890	6.84494	-25.3743	32.2192	0.782072	0.217928	3.829895	0.612131	0.241144	0.123625	0.0912349	0.0590294	0.0173582	0.0134551	0	1.34622	1.880699	0.217928	0.782072	75.98002
3900	7.60904	-21.724	29.3331	0.482428	0.517572	5.63799	0.613504	0.235674	0.125986	0.090648	0.0585415	0.0174745	0.0135353	0	4.232361	1.882513	0.5175716	0.4824284	76.29796
3910	7.69591	-22.1201	29.816	0.495981	0.504019	3.91229	0.616771	0.23226	0.12204	0.0939873	0.0567828	0.0174513	0.0134323	0	3.749397	1.663139	0.504019	0.495981	46.04042
3920	8.41496	-21.6545	30.0694	0.342458	0.657542	3.487482	0.611123	0.23434	0.122897	0.09419	0.058342	0.0176967	0.0137576	0	3.495988	1.881579	0.6575418	0.3424582	76.1341
3930	5.62892	-26.2086	31.8375	0.204245	0.795755	7.845632	0.613809	0.238307	0.124216	0.0911571	0.0581069	0.0177536	0.013913	0	1.727903	1.767509	0.7957546	0.2042454	58.54753
3940	6.04728	-20.4268	26.4741	0.01968	0.98032	4.472996	0.616573	0.230185	0.1267	0.0911352	0.0580556	0.0178915	0.0140306	0	7.091361	1.752366	0.98032	0.01967998	56.54138
3950	8.48249	-22.1021	30.5845	0.149714	0.850286	4.506018	0.62348	0.233462	0.126471	0.0929599	0.0588004	0.0177674	0.013945	0	2.980887	1.962206	0.8502859	0.1497141	91.6655
3960	7.34426	-20.2948	27.6391	0.307469	0.692531	2.286197	0.62958	0.240321	0.127008	0.0936778	0.0578069	0.0177086	0.013989	0	5.926372	1.869649	0.6925314	0.3074686	74.07119
3970	7.83276	-21.7617	29.5945	0.635298	0.364702	3.124587	0.634439	0.241072	0.12464	0.0907924	0.0574379	0.0174788	0.0139439	0	3.970977	1.65965	0.3647015	0.6352985	45.672
3980	6.15373	-22.0543	28.208	0.317921	0.682079	7.396971	0.620666	0.2415	0.124277	0.0912794	0.0571858	0.0177588	0.0139312	0	5.357448	1.921742	0.6820791	0.3179209	83.51061
3990	7.55348	-21.9547	29.5082	0.55403	0.44597	0.9065621	0.634561	0.234941	0.127762	0.0919546	0.0576953	0.0175085	0.0140758	0	4.05728	1.775517	0.4459695	0.5540305	59.63721
4000	7.7794	-22.2198	29.9992	0.0470032	0.952997	4.441476	0.62922	0.239197	0.12207	0.095032	0.0579833	0.0174444	0.0140864	0	3.566266	1.706321	0.9529968	0.04700318	50.85349
4010	7.5373	-20.9843	28.5216	0.384177	0.615823	1.747786	0.616518	0.237724	0.125988	0.0915072	0.0565674	0.0172132	0.0139832	0	5.043854	1.709049	0.6158232	0.3841768	51.17391
4020	8.12004	-23.4028	31.5228	0.438215	0.561785	4.476578	0.611059	0.240996	0.122825	0.0939256	0.0565066	0.0177058	0.0138766	0	2.042625	1.938661	0.5617852	0.4382148	86.82829
4030	8.02634	-21.9568	29.9831	0.489634	0.510366	4.518468	0.631842	0.23722	0.125992	0.0937214	0.0584688	0.0178245	0.0133867	0	3.582331	1.804885	0.5103659	0.4896341	63.80938
4040	6.97146	-25.0173	31.9887	0.618872	0.381128	4.664559	0.632725	0.240825	0.127134	0.0922321	0.0581796	0.0178225	0.0134181	0	1.576699	1.803738	0.3811279	0.6188721	63.64116
4050	6.88949	-25.1729	32.0624	0.131123	0.868877	4.732119	0.617164	0.232899	0.125069	0.0923181	0.0589457	0.0178092	0.0134979	0	1.503045	1.810854	0.8688774	0.1311226	64.69249
4060	7.69544	-21.8521	29.5476	0.31559	0.68441	5.935725	0.640918	0.230537	0.127328	0.0923254	0.0579417	0.0172884	0.0134013	0	4.017851	1.938556	0.6844097	0.3155903	86.80726
4070	8.40115	-22.3511	30.7522	0.228187	0.771813	2.465106	0.634836	0.22954	0.123091	0.0933848	0.0572186	0.0174756	0.0134479	0	2.81322	1.955222	0.7718132	0.2281868	90.2032
4080	7.3555	-20.9802	28.3357	0.171742	0.828258	2.743602	0.620608	0.230712	0.122992	0.093239	0.057895	0.0177359	0.0136682	0	5.229751	1.633573	0.828258	0.171742	43.0104
4090	7.44125	-23.0688	30.51	0.38206	0.61794	1.661866	0.627158	0.234005	0.123157	0.0905363	0.0587406	0.017391	0.0139864	0	3.055388	1.571316	0.6179397	0.3820603	37.26626
4100	6.61528	-21.1541	27.7694	0.158751	0.841249	2.939337	0.611782	0.23826	0.124519	0.0928982	0.0583961	0.0174395	0.0135391	0	5.796032	1.504434	0.841249	0.158751	31.94726
4110	5.25501	-19.9694	25.2244	0.049133	0.950867	2.817424	0.613346	0.237991	0.125859	0.0952217	0.0572573	0.0178014	0.0136141	0	8.341057	1.591301	0.950867	0.049133	39.02123
4120	6.45676	-23.9516	30.4084	0.340306	0.659694	2.893625	0.61094	0.23754	0.12703	0.0949373	0.0568944	0.0178729	0.0134972	0	3.157057	1.357022	0.6596937	0.3403063	22.75214
4130	6.60893	-19.9841	26.593	0.981336	0.0186641	3.635086	0.620512	0.239388	0.127396	0.0930781	0.0568269	0.0177586	0.0135758	0	6.972423	1.935329	0.01866414	0.9813359	86.16471
4140	6.5211	-21.9596	28.4807	0.773843	0.226157	1.174312	0.62768	0.239637	0.12263	0.0923849	0.0565353	0.0178114	0.0134287	0	5.084683	1.384376	0.2261568	0.7738432	24.23126
4150	6.82484	-23.8771	30.702	0.203839	0.796161	1.359901	0.629719	0.239817	0.122616	0.0920289	0.0586694	0.0177956	0.0133972	0	2.863451	1.446822	0.7961611	0.2038389	27.97834
4160	7.30143	-22.2013	29.5027	0.00509815	0.994902	0.9650182	0.625995	0.235772	0.121961	0.0921258	0.0590276	0.0178818	0.0140296	0	4.062725	1.572952	0.9949018	0.005098154	37.40688
4170	7.91532	-21.7207	29.636	0.87061	0.12939	2.900764	0.621564	0.238406	0.12385	0.093449	0.0584137	0.0170598	0.0139335	0	3.929437	1.680626	0.1293896	0.8706104	47.93209
4180	8.00998	-21.9418	29.9517	0.124102	0.875898	3.161062	0.613385	0.236948	0.122902	0.0915149	0.0570256	0.017575	0.0137155	0	3.613684	1.700007	0.8758981	0.1241019	50.11948
4190	4.78597	-27.6051	32.3911	0.607198	0.392802	5.549559	0.61765	0.239111	0.126901	0.0906555	0.0590569	0.0172679	0.0137285	0	1.174379	1.650246	0.3928024	0.6071976	44.69367
4200	4.00643	-25.6378	29.6443	0.844539	0.155461	1.054426	0.610412	0.240456	0.123392	0.0918575	0.0586305	0.0174667	0.0138947	0	3.92117	0.9921358	0.1554605	0.8445395	9.82055
4210	6.97978	-21.1238	28.1036	0.616571	0.383429	2.288095	0.615528	0.238525	0.125687	0.0911286	0.0580662	0.0178953	0.0135707	0	5.461834	1.533892	0.3834293	0.6165707	34.18945
4220	6.6375	-23.1344	29.7719	0.120705	0.879295	8.073649	0.611471	0.239976	0.127673	0.0906273	0.0564036	0.0171473	0.0134262	0	3.793539	1.950279	0.8792946	0.1207054	89.18231
4230	8.09739	-20.8794	28.9768	0.225547	0.774453	4.024343	0.630633	0.237251	0.123775	0.0913269	0.057736	0.0175106	0.0135006	0	4.588667	1.98416	0.7744528	0.2255472	96.41851
4240	8.22883	-21.0528	29.2817	0.000948065	0.999052	2.669291	0.623095	0.233394	0.122238	0.0906417	0.0586055	0.0170104	0.0135662	0	4.283776	1.91824	0.9990519	0.0009480654	82.83993
4250	7.2908	-20.4326	27.7234	0.907374	0.0926262	4.33619	0.616819	0.240132	0.123199	0.0909333	0.0580334	0.0174773	0.0134762	0	5.842039	1.990484	0.09262617	0.9073738	97.83263
4260	7.11354	-22.2272	29.3408	0.590665	0.409335	3.309309	0.639569	0.238585	0.122134	0.0917799	0.0580046	0.0171915	0.0137293	0	4.224674	1.50583	0.4093348	0.5906652	32.05016
4270	5.19742	-24.4139	29.6113	0.7095	0.2905	1.491288	0.632474	0.239659	0.122254	0.0921256	0.0580613	0.0170092	0.0134146	0	3.954123	1.136525	0.2905003	0.7094997	13.69382
4280	8.52367	-21.5511	30.0748	0.765235	0.234765	3.823852	0.610757	0.231708	0.126379	0.0927531	0.0574146	0.0173039	0.0134401	0	3.490615	1.977884	0.2347647	0.7652353	95.0351
4290	8.2646	-21.1301	29.3947	0.448697	0.551303	2.283714	0.616457	0.23727	0.123187	0.0932719	0.0577007	0.0175536	0.0136149	0	4.170698	1.98782	0.5513032	0.4486968	97.23439
4300	7.27545	-20.3004	27.5758	0.391444	0.608556	1.843088	0.612803	0.239782	0.123369	0.0908079	0.0580721	0.0172614	0.0137012	0	5.989609	1.97319	0.6085558	0.3914442	94.01336
4310	4.45178	-27.9492	32.401	0.309597	0.690403	8.892126	0.64055	0.239825	0.124216	0.0905524	0.0566355	0.0173336	0.0140233	0	1.164477	1.875869	0.6904029	0.3095971	75.13964
4320	7.03725	-20.3516	27.3889	0.0566728	0.943327	1.871084	0.639481	0.234682	0.122627	0.0928956	0.056438	0.0174088	0.0139547	0	6.17658	1.757698	0.9433272	0.0566728	57.23982
4330	7.64622	-21.0099	28.6561	0.731734	0.268266	2.045528	0.622311	0.237735	0.123634	0.0943267	0.0564966	0.0174702	0.0138841	0	4.909311	1.708797	0.2682658	0.7317342	51.14428
4340	6.35033	-20.4114	26.7618	0.292388	0.707612	5.078468	0.629131	0.229687	0.124091	0.0929926	0.0581053	0.0177752	0.013793	0	6.803659	1.968242	0.7076117	0.2923883	92.94837
4350	4.98293	-23.1536	28.1365	0.734017	0.265983	4.916742	0.625584	0.229819	0.123662	0.0938673	0.0579558	0.0176463	0.0137483	0	5.428905	1.359446	0.2659826	0.7340174	22.87949
4360	7.26122	-22.2654	29.5266	0.307099	0.692901	2.708202	0.635098	0.23738	0.127454	0.0936641	0.0584556	0.0175089	0.0136259	0	4.038846	1.495471	0.6929011	0.3070989	31.29475
4370	6.71551	-21.1993	27.9148	0.602683	0.397317	1.173697	0.641684	0.238328	0.127422	0.0907898	0.0581589	0.0175399	0.0134379	0	5.650592	1.508848	0.3973166	0.6026834	32.27362
4380	8.22367	-22.7754	30.9991	0.712183	0.287817	2.1672	0.630331	0.236816	0.127496	0.0911058	0.0575972	0.0177771	0.0134426	0	2.566358	1.955321	0.2878168	0.7121832	90.22381
4390	6.84009	-22.8263	29.6664	0.508127	0.491873	0.5503208	0.633379	0.231218	0.125018	0.093005	0.0575602	0.0172618	0.013691	0	3.89904	1.48995	0.4918729	0.5081271	30.89942
4400	6.73726	-21.4972	28.2345	0.344992	0.655008	0.2704408	0.639135	0.240516	0.124163	0.0931686	0.05617	0.0171902	0.0133935	0	5.330965	1.876033	0.6550081	0.3449919	75.16801
4410	6.97681	-24.9362	31.913	0.570103	0.429897	1.730209	0.612194	0.235148	0.124769	0.0928828	0.0561474	0.0175352	0.0140601	0	1.652456	1.903929	0.4298973	0.5701027	80.15473
4420	7.85031	-23.3819	31.2322	0.495111	0.504889	4.804072	0.619828	0.234408	0.122998	0.093365	0.0562465	0.0177217	0.0139101	0	2.33325	1.812814	0.5048892	0.4951108	64.9851
4430	7.87791	-22.5156	30.3935	0.561829	0.438171	6.516551	0.615821	0.23256	0.12342	0.0952063	0.0579637	0.0178362	0.0138729	0	3.17194	1.999735	0.4381707	0.5618293	99.93905
4440	7.79294	-22.5423	30.3352	0.567575	0.432425	3.912754	0.614258	0.236643	0.126559	0.0948994	0.056217	0.0176146	0.0140301	0	3.230234	1.67018	0.4324249	0.5675751	46.79293
4450	7.47478	-23.0912	30.566	0.019908	0.980092	6.422707	0.634166	0.24026	0.123721	0.0945113	0.056474	0.017337	0.0138496	0	2.99942	1.846379	0.980092	0.01990801	70.20684
4460	6.90878	-23.347	30.2558	0.0335141	0.966486	7.8934	0.632826	0.240646	0.123812	0.0919328	0.0566331	0.0171191	0.0136059	0	3.309616	1.944672	0.9664859	0.03351414	88.03833
4470	7.08116	-23.3669	30.448	0.450128	0.549872	1.295822	0.632486	0.240854	0.127406	0.0909596	0.0564769	0.0173306	0.0134589	0	3.117401	1.502114	0.5498718	0.4501282	31.77711
4480	4.98992	-22.7009	27.6908	0.825593	0.174407	8.228596	0.6241	0.239647	0.122271	0.0930195	0.0567438	0.0174534	0.0135274	0	5.874625	1.852998	0.1744065	0.8255935	71.28496
4490	7.29491	-23.9066	31.2015	0.767551	0.232449	3.483602	0.625171	0.240892	0.122011	0.0933652	0.0568451	0.0174799	0.0136962	0	2.363923	1.617291	0.2324493	0.7675507	41.42774
4500	6.30885	-22.2449	28.5537	0.944841	0.0551592	2.979565	0.631383	0.240121	0.123735	0.0930448	0.0575104	0.0174417	0.0139978	0	5.011723	1.376683	0.05515925	0.9448408	23.8058
4510	7.27864	-24.1677	31.4463	0.166439	0.833561	4.066655	0.630171	0.235247	0.126252	0.0947915	0.0575365	0.0170917	0.0137201	0	2.119086	1.670944	0.8335614	0.1664386	46.8753
4520	5.41643	-23.6008	29.0173	0.0411966	0.958803	7.83702	0.627744	0.238544	0.12595	0.0933165	0.0588508	0.0170951	0.0137116	0	4.548175	1.697598	0.9588034	0.04119662	49.84225
4530	4.40987	-27.9414	32.3513	0.492637	0.507363	1.296943	0.636299	0.235214	0.123955	0.0916405	0.0572804	0.0170878	0.0137027	0	1.21414	1.575867	0.5073633	0.4926367	37.65884
4540	5.88663	-20.402	26.2886	0.493599	0.506401	4.4447	0.61925	0.238367	0.121752	0.0915168	0.0570556	0.0171654	0.0136686	0	7.27681	1.747871	0.5064007	0.4935993	55.95918
4550	6.22217	-24.6872	30.9094	0.287837	0.712163	7.720932	0.631283	0.235121	0.12551	0.0910319	0.0566931	0.0172452	0.0137259	0	2.65606	1.759785	0.7121634	0.2878366	57.51547
4560	7.03862	-21.1274	28.166	0.997936	0.00206382	5.171505	0.62839	0.229743	0.127059	0.0951373	0.0564929	0.0176477	0.013557	0	5.399431	1.821192	0.002063823	0.9979362	66.25099
4570	8.33281	-21.13	29.4628	0.348467	0.651533	3.59793	0.624263	0.232121	0.124793	0.0940901	0.0565029	0.0178808	0.0138704	0	4.102628	1.942111	0.6515331	0.3484669	87.52075
4580	5.72989	-20.9704	26.7003	0.273987	0.726013	5.506606	0.616529	0.235126	0.127675	0.0929704	0.0567644	0.017455	0.0135265	0	6.86513	1.758597	0.726013	0.273987	57.35844
4590	8.01499	-21.5976	29.6126	0.481472	0.518528	1.505803	0.622167	0.234587	0.124849	0.0926378	0.0569751	0.0170597	0.0134438	0	3.952791	1.934392	0.5185281	0.4814719	85.97899
4600	6.29525	-25.8361	32.1313	0.171352	0.828648	8.030148	0.612911	0.239757	0.12434	0.0913078	0.0563525	0.0174803	0.0136532	0	1.434107	1.998829	0.8286477	0.1713523	99.7308
4610	3.2988	-27.106	30.4048	0.621944	0.378056	9.996378	0.616472	0.234981	0.122357	0.0926551	0.058498	0.0176581	0.0135118	0	3.160611	1.625256	0.3780556	0.6219444	42.19448
4620	6.99333	-23.9695	30.9628	0.761374	0.238626	5.513516	0.626582	0.229842	0.125216	0.091201	0.0570148	0.0175781	0.0134893	0	2.602647	1.667709	0.238626	0.761374	46.52747
4630	6.33849	-20.2639	26.6024	0.728283	0.271717	4.583063	0.611951	0.239884	0.123358	0.0915172	0.0572326	0.0177553	0.0135653	0	6.963004	1.909765	0.2717171	0.7282829	81.23905
4640	6.62566	-24.1356	30.7613	0.849741	0.150259	4.777945	0.615078	0.233692	0.126194	0.0935456	0.0567824	0.017792	0.0136586	0	2.804157	1.530764	0.1502591	0.8497409	33.94405
4650	7.91385	-23.2103	31.1242	0.642259	0.357741	5.69834	0.620286	0.23268	0.126613	0.0925101	0.0576162	0.0172689	0.0138049	0	2.441266	1.905457	0.3577414	0.6422586	80.43717
4660	8.4472	-21.8461	30.2933	0.903435	0.0965655	3.237404	0.631127	0.235942	0.122721	0.0928835	0.0572929	0.0175012	0.0140137	0	3.272129	1.877675	0.09656549	0.9034345	75.45274
4670	8.19094	-22.6622	30.8532	0.110102	0.889898	5.188784	0.62063	0.237998	0.123154	0.0940072	0.0567134	0.0178424	0.0135453	0	2.712262	1.919389	0.889898	0.110102	83.05952
4680	6.78431	-22.5508	29.3351	0.312984	0.687016	5.61042	0.641338	0.241167	0.126956	0.0905554	0.0576207	0.0176423	0.0139845	0	4.230304	1.638273	0.6870161	0.3129839	43.47836
4690	7.6201	-22.4375	30.0576	0.00945504	0.990545	3.570689	0.633101	0.235019	0.12646	0.0918817	0.0582906	0.0179018	0.0135229	0	3.507796	1.60126	0.990545	0.009455035	39.92641
4700	5.50811	-21.3755	26.8836	0.447684	0.552316	2.73769	0.633703	0.233211	0.125007	0.0915981	0.0586077	0.0177781	0.0135433	0	6.681813	1.356222	0.552316	0.447684	22.71025
4710	7.2958	-20.4085	27.7043	0.963552	0.0364482	3.282841	0.635706	0.234918	0.125961	0.0917178	0.0575669	0.0176928	0.0134029	0	5.861147	1.818197	0.03644819	0.9635518	65.79555
4720	8.2938	-22.4051	30.6989	0.123295	0.876705	4.220699	0.634933	0.231407	0.127807	0.0915401	0.0574679	0.017722	0.0136268	0	2.866546	1.859975	0.8767047	0.1232953	72.43935
4730	7.9296	-22.3346	30.2642	0.439956	0.560044	4.73828	0.611271	0.237437	0.123998	0.0906025	0.0585773	0.0175538	0.0136851	0	3.301235	1.779218	0.5600437	0.4399563	60.14755
4740	7.33036	-21.3954	28.7257	0.576282	0.423718	1.506402	0.625531	0.239952	0.123395	0.0924563	0.0575222	0.0178619	0.0137036	0	4.839681	1.590876	0.4237177	0.5762823	38.98303
4750	6.56914	-22.7904	29.3596	0.825155	0.174845	4.376079	0.63671	0.238044	0.123035	0.0945359	0.0584069	0.0178917	0.0138668	0	4.205868	1.480231	0.1748453	0.8251547	30.21557
4760	8.14809	-21.2503	29.3984	0.851865	0.148135	3.093185	0.627274	0.235708	0.123808	0.0946154	0.0562996	0.0175459	0.0140336	0	4.167038	1.807291	0.1481353	0.8518647	64.16396
4770	6.65644	-23.9217	30.5782	0.908914	0.0910859	0.8328707	0.631829	0.241239	0.127471	0.0951724	0.057816	0.0172343	0.0135641	0	2.98725	1.464565	0.09108591	0.9089141	29.14504
4780	8.2165	-21.5075	29.724	0.966017	0.0339834	2.717367	0.635096	0.230405	0.124348	0.0937909	0.0581636	0.0173468	0.0139081	0	3.841456	1.801776	0.03398341	0.9660166	63.35433
4790	7.16085	-20.5404	27.7012	0.333391	0.666609	4.64226	0.623726	0.238418	0.125522	0.0927451	0.0584578	0.0174974	0.0137733	0	5.864198	1.9558	0.6666092	0.3333908	90.32326
4800	7.81421	-21.6384	29.4526	0.87478	0.12522	3.465496	0.626754	0.238727	0.122638	0.0912707	0.0581407	0.0175652	0.0138396	0	4.112807	1.684317	0.12522	0.87478	48.3411
4810	8.15893	-21.6698	29.8287	0.122889	0.877111	3.018022	0.638956	0.239771	0.126238	0.0908524	0.056672	0.0175441	0.013456	0	3.736738	1.767467	0.8771114	0.1228886	58.54186
4820	8.06741	-21.4807	29.5481	0.947891	0.052109	4.321978	0.631269	0.23845	0.126624	0.0911681	0.0577609	0.017611	0.013399	0	4.017333	1.848878	0.05210898	0.947891	70.61187
4830	6.19257	-25.9859	32.1785	0.72423	0.27577	1.365228	0.637653	0.230802	0.126858	0.0905473	0.0579358	0.0177857	0.0135831	0	1.386938	1.972772	0.2757695	0.7242305	93.92305
4840	6.85869	-22.2501	29.1088	0.473271	0.526729	0.1977836	0.634606	0.232583	0.125539	0.093619	0.0578406	0.0178008	0.0133927	0	4.456592	1.681974	0.5267294	0.4732706	48.08106
4850	8.26069	-22.3985	30.6592	0.711069	0.288931	2.914011	0.624255	0.231777	0.125552	0.0923127	0.0587624	0.0170156	0.0134377	0	2.906243	1.817931	0.2889312	0.7110688	65.75529
4860	6.97047	-24.7449	31.7154	0.718766	0.281234	2.849981	0.620297	0.232807	0.125782	0.0910097	0.0590787	0.017413	0.013465	0	1.850043	1.67084	0.2812338	0.7187662	46.86402
4870	7.7565	-22.4487	30.2052	0.453649	0.546351	4.990458	0.632099	0.230053	0.127486	0.0917933	0.0582845	0.0175896	0.0137258	0	3.360279	1.756275	0.546351	0.453649	57.05255
4880	7.3124	-24.1948	31.5072	0.441357	0.558643	6.565825	0.628811	0.231207	0.124445	0.0910816	0.0583819	0.0175829	0.0136199	0	2.058196	1.894897	0.5586426	0.4413574	78.50494
4890	7.82348	-21.4187	29.2421	0.438271	0.561729	3.676429	0.629455	0.236082	0.125003	0.0924885	0.0588454	0.0174325	0.0139094	0	4.3233	1.722253	0.5617292	0.4382708	52.75369
4900	6.34981	-24.3872	30.7371	0.432173	0.567827	6.812134	0.621477	0.239449	0.127806	0.0929066	0.0582518	0.0176633	0.013809	0	2.828372	1.666088	0.5678268	0.4321732	46.35404
4910	8.26458	-21.99	30.2546	0.171623	0.828377	2.589538	0.618029	0.238029	0.127774	0.0921195	0.057628	0.0173417	0.0136467	0	3.310831	1.80812	0.8283766	0.1716234	64.28654
4920	7.5448	-20.6234	28.1682	0.0749956	0.925004	3.11403	0.61346	0.239621	0.126918	0.0916037	0.0582785	0.0175584	0.0136668	0	5.3972	1.784934	0.9250044	0.07499557	60.94446
4930	7.13687	-20.9952	28.1321	0.234641	0.765359	3.08057	0.62453	0.230103	0.124607	0.092668	0.0586846	0.0175208	0.0134949	0	5.433326	1.613659	0.765359	0.234641	41.08266
4940	7.23872	-23.3938	30.6325	0.422174	0.577826	0.5609989	0.634849	0.231053	0.125626	0.092947	0.0586871	0.0173278	0.0134779	0	2.932936	1.850972	0.5778259	0.4221741	70.95314
4950	8.21857	-21.3065	29.5251	0.371122	0.628878	2.140984	0.62972	0.232077	0.125241	0.0949466	0.0567818	0.0170955	0.0136628	0	4.040374	1.918896	0.628878	0.371122	82.96524
4960	6.54596	-25.2567	31.8026	0.835706	0.164294	3.420232	0.624932	0.23255	0.12502	0.0931055	0.0579573	0.0170478	0.0137707	0	1.762795	1.613497	0.1642941	0.8357059	41.06741
4970	8.28991	-20.9332	29.2231	0.776264	0.223736	2.972974	0.622575	0.232569	0.126217	0.0911267	0.0590025	0.0174993	0.0139043	0	4.342314	1.976557	0.2237363	0.7762637	94.74514
4980	5.68009	-20.163	25.8431	0.2481	0.7519	3.010004	0.621364	0.23004	0.126453	0.0940698	0.0580554	0.0175817	0.0140778	0	7.722372	1.592124	0.7518996	0.2481004	39.09522
4990	6.18066	-23.4628	29.6434	0.0936368	0.906363	3.909107	0.636934	0.23242	0.1251	0.0924782	0.0570782	0.0172813	0.013998	0	3.922013	1.354189	0.9063632	0.09363684	22.60418
5000	7.75279	-21.4045	29.1573	0.503195	0.496805	1.24515	0.619416	0.232957	0.12523	0.0933292	0.0562905	0.0175575	0.0139291	0	4.40813	1.893881	0.4968045	0.5031955	78.32144
