Iteration	Posterior	Likelihood	Prior	clado_type_probs[1]	clado_type_probs[2]	distance_scale	epoch_times[1]	epoch_times[2]	epoch_times[3]	epoch_times[4]	epoch_times[5]	epoch_times[6]	epoch_times[7]	epoch_times[8]	extirpation_rate	log10_rate_bg	p_allopatry	p_sympatry	rate_bg
0	-53.6863	-89.3321	35.6458	0.793648	0.206352	0.01	0.363898	0.360042	0.238449	0.12005	0.0245757	0.0136914	0.000363167	0	1.858942	-2	0.2063516	0.7936484	0.01
10	8.20081	-25.0092	33.21	0.0647923	0.935208	0.04491393	0.379019	0.348875	0.236452	0.11972	0.024316	0.0135121	0.000364589	0	4.294804	1.897747	0.9352077	0.06479231	79.02188
20	6.11086	-25.262	31.3729	0.369204	0.630796	1.224662	0.366118	0.347251	0.242466	0.120375	0.0241458	0.0139276	0.000362356	0	6.131919	1.640883	0.6307962	0.3692038	43.74039
30	8.61832	-24.6498	33.2681	0.206921	0.793079	2.254176	0.364781	0.355605	0.235006	0.12112	0.0249857	0.0136712	0.000363885	0	4.236678	1.907761	0.7930791	0.2069209	80.86505
40	6.12258	-28.4382	34.5608	0.412813	0.587187	5.866234	0.366466	0.349265	0.236031	0.118298	0.0246853	0.0139593	0.000352764	0	2.944002	1.739315	0.5871865	0.4128135	54.86753
50	6.57264	-29.7046	36.2773	0.209157	0.790843	6.556032	0.368535	0.34582	0.239713	0.118674	0.0239906	0.0137255	0.000359887	0	1.227486	1.886418	0.7908427	0.2091573	76.98715
60	2.50055	-33.7927	36.2932	0.159715	0.840285	8.727643	0.372889	0.346493	0.237608	0.118549	0.0242796	0.0138823	0.000359383	0	1.211553	1.627338	0.8402854	0.1597146	42.39728
70	7.45953	-26.3584	33.8179	0.694806	0.305194	2.00657	0.374447	0.348545	0.240692	0.119869	0.0249509	0.0139669	0.000353217	0	3.686857	1.83032	0.305194	0.694806	67.65819
80	4.49877	-27.1309	31.6297	0.841597	0.158403	5.416119	0.363944	0.352459	0.241823	0.122209	0.0245669	0.0137731	0.000362566	0	5.875077	1.832592	0.1584032	0.8415968	68.01306
90	7.55422	-25.1688	32.723	0.597482	0.402518	1.386007	0.370871	0.35157	0.243097	0.120374	0.0249909	0.01348	0.000355313	0	4.781752	1.896884	0.4025176	0.5974824	78.8649
100	6.04541	-25.3806	31.426	0.383126	0.616874	2.506883	0.364205	0.349747	0.245895	0.119867	0.0250642	0.0135541	0.000361715	0	6.07874	1.655528	0.6168741	0.3831259	45.24058
110	4.97953	-24.3133	29.2928	0.376226	0.623774	3.745182	0.369399	0.355519	0.245809	0.119626	0.0244056	0.0133463	0.000359047	0	8.211969	1.872229	0.6237744	0.3762256	74.51252
120	5.40225	-26.8547	32.2569	0.256299	0.743701	1.149263	0.366403	0.344535	0.243673	0.120316	0.0244627	0.0133498	0.000365134	0	5.247838	1.358643	0.7437013	0.2562987	22.83722
130	6.94476	-26.6114	33.5562	0.200735	0.799265	0.9075327	0.374222	0.352206	0.245599	0.124305	0.025082	0.0134591	0.000352934	0	3.948565	1.549896	0.7992654	0.2007346	35.47281
140	9.17361	-25.9565	35.1301	0.0998141	0.900186	3.022524	0.375457	0.361469	0.242852	0.121633	0.0243809	0.0135738	0.000353092	0	2.374668	1.915211	0.9001859	0.0998141	82.26426
150	5.31553	-27.6871	33.0027	0.244296	0.755704	1.738722	0.374909	0.358487	0.240093	0.121659	0.0245454	0.0139657	0.000349725	0	4.502113	1.296618	0.7557042	0.2442958	19.79787
160	7.50128	-27.8387	35.3399	0.254527	0.745473	0.6474663	0.37726	0.357042	0.235481	0.124351	0.0249354	0.01388	0.000348404	0	2.164831	1.778027	0.745473	0.254527	59.9829
170	7.94927	-25.2511	33.2004	0.252394	0.747606	4.436305	0.382805	0.350571	0.234471	0.122082	0.0250936	0.0136732	0.000361122	0	4.304415	1.937383	0.7476056	0.2523944	86.57315
180	5.43482	-29.4738	34.9086	0.888693	0.111307	5.31676	0.382412	0.351326	0.23616	0.120179	0.0239432	0.0137542	0.000361625	0	2.596167	1.771917	0.1113069	0.8886931	59.14482
190	4.7956	-22.9814	27.777	0.14034	0.85966	1.467769	0.371513	0.34918	0.235031	0.119217	0.024144	0.0133962	0.00035777	0	9.727731	1.884651	0.8596597	0.1403403	76.67454
200	6.90335	-24.7818	31.6851	0.352384	0.647616	2.395553	0.37304	0.34924	0.234875	0.121232	0.0239157	0.0135012	0.00035797	0	5.819663	1.784803	0.6476161	0.3523839	60.92599
210	6.88206	-27.5775	34.4596	0.569808	0.430192	4.678394	0.364827	0.359503	0.240229	0.118645	0.0243444	0.0133991	0.000349134	0	3.045206	1.788934	0.4301915	0.5698085	61.50832
220	7.25161	-23.1546	30.4062	0.0225694	0.977431	2.300557	0.371363	0.354078	0.237999	0.120001	0.0239699	0.0136568	0.000351219	0	7.098608	1.97929	0.9774306	0.02256945	95.34324
230	6.97535	-27.4044	34.3797	0.0783267	0.921673	5.26524	0.371428	0.350165	0.241849	0.121128	0.0247966	0.0140222	0.000350723	0	3.125052	1.692267	0.9216733	0.07832666	49.2342
240	5.14943	-31.5003	36.6498	0.343502	0.656498	3.121211	0.382046	0.352154	0.2413	0.124062	0.0248532	0.0137347	0.000353172	0	0.8550193	1.610822	0.6564976	0.3435024	40.81519
250	7.85824	-26.4908	34.3491	0.719135	0.280865	2.929582	0.375419	0.345164	0.234674	0.119038	0.0244113	0.013946	0.000353929	0	3.155694	1.909384	0.2808648	0.7191352	81.16775
260	8.82816	-25.1227	33.9509	0.00202558	0.997974	4.252485	0.374467	0.356925	0.236779	0.118772	0.024293	0.0138435	0.000364524	0	3.553917	1.914921	0.9979744	0.002025582	82.20933
270	6.48081	-25.5731	32.0539	0.893308	0.106692	3.20481	0.3643	0.348925	0.235653	0.118979	0.0240949	0.0134736	0.000365366	0	5.450832	1.896976	0.1066919	0.8933081	78.88164
280	5.30939	-29.6217	34.9311	0.887669	0.112331	5.256101	0.364803	0.356739	0.24256	0.118595	0.0240593	0.013385	0.000352768	0	2.573666	1.756645	0.1123315	0.8876685	57.10112
290	6.54058	-27.0572	33.5978	0.224238	0.775762	3.787506	0.372876	0.358285	0.235915	0.11871	0.0240937	0.0137801	0.00035751	0	3.90696	1.554734	0.7757623	0.2242377	35.87018
300	7.7088	-23.2338	30.9426	0.121649	0.878351	1.747251	0.377518	0.361871	0.237378	0.121804	0.0240365	0.0136721	0.000361138	0	6.562211	1.999663	0.8783509	0.1216491	99.92244
310	8.96325	-25.3096	34.2729	0.233131	0.766869	1.614274	0.372112	0.349526	0.237253	0.120083	0.0249431	0.0138934	0.000359332	0	3.231898	1.948129	0.7668689	0.2331311	88.74203
320	9.25811	-25.6555	34.9136	0.0824676	0.917532	2.065419	0.370663	0.347354	0.235272	0.119075	0.0246263	0.0136237	0.000358957	0	2.591137	1.927356	0.9175324	0.08246764	84.59723
330	7.65283	-28.255	35.9079	0.547995	0.452005	3.614385	0.375199	0.346823	0.235478	0.122566	0.0239063	0.0139047	0.000347838	0	1.596899	1.901763	0.4520054	0.5479946	79.75599
340	8.49877	-25.4482	33.9469	0.305476	0.694524	3.712853	0.380677	0.351288	0.238991	0.121195	0.0238987	0.0139264	0.000354712	0	3.557828	1.925131	0.6945238	0.3054762	84.16494
350	7.66855	-24.8592	32.5277	0.377799	0.622201	0.622834	0.375551	0.358851	0.240265	0.122943	0.0240249	0.0139678	0.0003581	0	4.977055	1.89402	0.6222007	0.3777993	78.34658
360	9.11749	-25.1445	34.262	0.148999	0.851001	1.66727	0.378471	0.35476	0.234982	0.124199	0.0248639	0.0137244	0.00035127	0	3.242759	1.958036	0.8510011	0.1489989	90.78967
370	6.85293	-24.1661	31.019	0.0484862	0.951514	2.614586	0.37568	0.352703	0.236723	0.120719	0.0247271	0.0136007	0.0003585	0	6.485769	1.77136	0.9515138	0.04848622	59.069
380	6.96126	-27.7278	34.6891	0.885443	0.114557	4.011139	0.369351	0.359459	0.234642	0.123858	0.0239637	0.0136943	0.000356554	0	2.815674	1.88318	0.1145565	0.8854435	76.41522
390	7.11504	-28.8121	35.9271	0.272174	0.727826	4.773724	0.382393	0.360164	0.237508	0.122145	0.0244731	0.0135071	0.000354659	0	1.577648	1.752741	0.7278258	0.2721742	56.59021
400	8.27928	-27.0502	35.3295	0.414891	0.585109	4.310239	0.378772	0.34933	0.237837	0.118693	0.0239818	0.0135602	0.000365265	0	2.175318	1.920308	0.5851088	0.4148912	83.23538
410	4.21784	-26.2028	30.4207	0.648221	0.351779	4.14194	0.379493	0.35951	0.237401	0.120268	0.0249446	0.0134297	0.000365113	0	7.0841	1.682754	0.3517793	0.6482207	48.16749
420	6.95259	-28.1619	35.1145	0.311549	0.688451	1.440398	0.374994	0.361169	0.237515	0.118513	0.024218	0.013601	0.000361806	0	2.390306	1.565945	0.6884511	0.3115489	36.80826
430	7.40465	-26.8654	34.27	0.778385	0.221615	2.850329	0.381615	0.348275	0.240728	0.119249	0.023936	0.0136285	0.000362578	0	3.23475	1.842676	0.2216149	0.7783851	69.61069
440	8.10701	-25.3472	33.4542	0.139377	0.860623	0.8379524	0.378363	0.35189	0.238007	0.12171	0.0242492	0.0137442	0.000348142	0	4.050571	1.80532	0.8606233	0.1393767	63.87336
450	7.48314	-29.1449	36.628	0.111444	0.888556	4.959408	0.380518	0.359019	0.243448	0.122101	0.0250207	0.0139941	0.000349819	0	0.8767554	1.985332	0.8885563	0.1114437	96.67903
460	7.70741	-25.7905	33.4979	0.158073	0.841927	2.339262	0.381947	0.3597	0.240381	0.118493	0.0249123	0.0138455	0.000362031	0	4.006836	1.661149	0.8419271	0.1580729	45.82986
470	6.16895	-25.6914	31.8604	0.163607	0.836393	5.074857	0.370748	0.360575	0.236013	0.121693	0.0244835	0.0138285	0.000357067	0	5.64441	1.820098	0.8363926	0.1636074	66.08429
480	5.92473	-26.1479	32.0726	0.156063	0.843937	2.348358	0.373336	0.360257	0.239171	0.122735	0.0249255	0.0137657	0.000356083	0	5.432156	1.468459	0.843937	0.156063	29.40757
490	7.90166	-25.5378	33.4394	0.520524	0.479476	3.376389	0.366461	0.361585	0.239864	0.122587	0.0249636	0.0139705	0.000360832	0	4.065361	1.901052	0.479476	0.520524	79.62544
500	8.26066	-26.2079	34.4685	0.437975	0.562025	4.608511	0.369056	0.356348	0.236866	0.122987	0.0243443	0.0138754	0.000354762	0	3.036259	1.982351	0.5620251	0.4379749	96.01759
510	6.48109	-29.0849	35.566	0.700743	0.299257	3.39959	0.366013	0.359058	0.245416	0.1221	0.0245827	0.0136073	0.00035973	0	1.938793	1.704356	0.2992566	0.7007434	50.62389
520	6.85833	-29.0494	35.9077	0.286985	0.713015	0.6500433	0.367387	0.359145	0.241471	0.11851	0.0250567	0.0133811	0.000361239	0	1.597051	1.78237	0.7130149	0.2869851	60.58569
530	7.33504	-25.8484	33.1834	0.653234	0.346766	2.625723	0.373219	0.352058	0.234501	0.120533	0.023974	0.0139931	0.000363558	0	4.321346	1.823434	0.3467656	0.6532344	66.59378
540	9.32241	-26.4593	35.7817	0.059902	0.940098	3.581189	0.369763	0.346862	0.236065	0.123199	0.0245317	0.0139933	0.000360367	0	1.72309	1.994343	0.940098	0.05990203	98.70586
550	9.35475	-25.4768	34.8315	0.0679774	0.932023	3.273916	0.368581	0.356395	0.23669	0.123149	0.0249341	0.0139862	0.000361753	0	2.673225	1.937344	0.9320226	0.06797743	86.56528
560	6.39401	-23.8005	30.1945	0.226647	0.773353	2.561827	0.369974	0.355767	0.243182	0.123635	0.0248279	0.0135569	0.000351425	0	7.310275	1.890354	0.7733528	0.2266472	77.68803
570	3.39951	-32.1252	35.5247	0.173615	0.826385	1.853864	0.371784	0.35394	0.242541	0.123418	0.0243441	0.0133485	0.000359774	0	1.980032	0.9526422	0.826385	0.173615	8.966897
580	6.73938	-25.1282	31.8675	0.345014	0.654986	1.241003	0.376785	0.345238	0.244618	0.122385	0.0245262	0.0136694	0.000361523	0	5.637223	1.704842	0.6549858	0.3450142	50.68061
590	8.78943	-25.4215	34.211	0.144148	0.855852	2.110833	0.375376	0.351686	0.237099	0.121625	0.0241705	0.0133337	0.000364526	0	3.293804	1.840645	0.8558517	0.1441483	69.28589
600	7.26427	-26.8491	34.1133	0.0316433	0.968357	0.9845483	0.376492	0.360402	0.241247	0.120919	0.0242061	0.0134813	0.000351572	0	3.391446	1.517709	0.9683567	0.03164328	32.93886
610	8.45142	-27.7818	36.2333	0.0567333	0.943267	4.354029	0.377474	0.356362	0.241266	0.121373	0.0243023	0.0135622	0.000363581	0	1.271512	1.935349	0.9432667	0.05673327	86.1685
620	8.18975	-25.1422	33.332	0.524267	0.475733	1.951417	0.371094	0.357886	0.244708	0.11991	0.0243313	0.0134473	0.000358597	0	4.172809	1.937753	0.4757328	0.5242672	86.64695
630	7.9211	-27.5364	35.4575	0.454709	0.545291	5.263979	0.368419	0.355422	0.240801	0.118729	0.0238905	0.0133733	0.000365009	0	2.047241	1.985247	0.5452909	0.4547091	96.66015
640	8.18109	-26.6773	34.8584	0.25705	0.74295	2.478321	0.367649	0.353488	0.234448	0.124479	0.0239706	0.013756	0.000353277	0	2.646368	1.754746	0.7429496	0.2570504	56.85206
650	8.59781	-24.0862	32.684	0.141037	0.858963	2.763866	0.368633	0.351788	0.238678	0.123717	0.024829	0.0138933	0.000350941	0	4.820726	1.99165	0.8589632	0.1410368	98.09581
660	8.10439	-27.5106	35.615	0.0384013	0.961599	5.124772	0.367843	0.355205	0.245814	0.122153	0.0240729	0.0138169	0.000350644	0	1.889779	1.84997	0.9615987	0.03840127	70.78962
670	8.11775	-25.2922	33.41	0.128989	0.871011	4.529979	0.367857	0.359368	0.240243	0.11906	0.024572	0.0140113	0.000353687	0	4.094802	1.920155	0.8710113	0.1289887	83.20599
680	5.78657	-25.4826	31.2691	0.876434	0.123566	4.31021	0.370561	0.35982	0.238263	0.119081	0.0239931	0.0139337	0.000352065	0	6.235623	1.962014	0.1235665	0.8764335	91.62493
690	8.37285	-26.1164	34.4893	0.123555	0.876445	3.626876	0.378081	0.360666	0.234656	0.122732	0.0243483	0.0135807	0.00034721	0	3.015503	1.792427	0.8764447	0.1235553	62.00503
700	6.36874	-26.3663	32.7351	0.793672	0.206328	1.53898	0.377273	0.361434	0.235179	0.120873	0.024352	0.0133833	0.000348941	0	4.769694	1.746444	0.2063284	0.7936716	55.77563
710	7.7849	-24.3988	32.1837	0.128881	0.871119	4.106609	0.382378	0.358434	0.240039	0.121279	0.0242933	0.0138073	0.000348155	0	5.321071	1.983082	0.8711189	0.1288811	96.17942
720	8.1707	-26.9316	35.1023	0.477956	0.522044	4.828548	0.379435	0.358375	0.246013	0.122943	0.0246155	0.0139736	0.000352544	0	2.402491	1.992666	0.5220436	0.4779564	98.32539
730	8.703	-25.1937	33.8967	0.0546079	0.945392	2.903009	0.381874	0.358628	0.239885	0.121579	0.0250855	0.013421	0.000363574	0	3.608114	1.814454	0.9453921	0.05460792	65.23094
740	8.24153	-24.0671	32.3086	0.211881	0.788119	2.866242	0.379282	0.349588	0.242624	0.121268	0.02504	0.0133335	0.000352955	0	5.196165	1.989272	0.7881195	0.2118805	97.55996
750	7.12685	-27.2655	34.3924	0.831195	0.168805	4.93946	0.367668	0.344247	0.24314	0.120452	0.0245081	0.0137379	0.000351135	0	3.112418	1.981973	0.168805	0.831195	95.93401
760	7.53038	-27.5327	35.0631	0.788808	0.211192	4.679291	0.365608	0.34476	0.235262	0.120539	0.0244333	0.0138396	0.00034799	0	2.441664	1.998436	0.2111923	0.7888077	99.64061
770	7.70178	-27.6101	35.3119	0.874019	0.125981	2.752882	0.375257	0.346598	0.237817	0.122572	0.0239471	0.0134625	0.000357278	0	2.192898	1.993725	0.1259813	0.8740187	98.56547
780	6.97686	-27.6833	34.6601	0.638602	0.361398	4.972055	0.363902	0.357241	0.238859	0.124485	0.0241827	0.0140096	0.000359374	0	2.844635	1.851708	0.3613977	0.6386023	71.07348
790	6.34848	-29.4276	35.7761	0.510348	0.489652	2.963942	0.365757	0.351716	0.237422	0.12332	0.024696	0.0135956	0.000357466	0	1.728691	1.604153	0.4896524	0.5103476	40.1932
800	5.18498	-30.6679	35.8529	0.446665	0.553335	8.133935	0.375639	0.350236	0.237387	0.123883	0.0241004	0.0135153	0.000359386	0	1.651919	1.924224	0.5533352	0.4466648	83.98921
810	8.25193	-25.5194	33.7714	0.649529	0.350471	3.158078	0.368585	0.344297	0.246054	0.12425	0.0245173	0.013683	0.000362161	0	3.73341	1.989345	0.3504707	0.6495293	97.57655
820	6.70019	-27.1719	33.8721	0.201798	0.798202	6.093659	0.367653	0.347297	0.245163	0.122947	0.0247268	0.0137824	0.000355681	0	3.632633	1.889947	0.7982024	0.2017976	77.61518
830	6.84953	-28.7772	35.6267	0.12267	0.87733	3.006579	0.36394	0.348323	0.238269	0.121315	0.0244066	0.0139522	0.000358872	0	1.878045	1.494951	0.8773303	0.1226697	31.25726
840	6.32694	-28.5298	34.8567	0.153066	0.846934	3.041711	0.374466	0.346387	0.241303	0.124386	0.0241915	0.0133615	0.00035399	0	2.648081	1.398916	0.8469344	0.1530656	25.05625
850	8.03017	-25.5627	33.5928	0.0387725	0.961227	2.957201	0.369441	0.344267	0.237561	0.118428	0.0248159	0.0135423	0.000354421	0	3.911939	1.702712	0.9612275	0.03877251	50.43271
860	5.38897	-26.9504	32.3394	0.525221	0.474779	5.013145	0.378766	0.347486	0.237805	0.124209	0.024806	0.0134809	0.000347327	0	5.165359	1.737465	0.4747788	0.5252212	54.63422
870	8.38014	-25.1673	33.5475	0.497257	0.502743	2.759086	0.366043	0.347745	0.242565	0.123011	0.024278	0.0134686	0.000355834	0	3.957322	1.963488	0.5027427	0.4972573	91.93646
880	6.03098	-25.1636	31.1945	0.77008	0.22992	4.062504	0.371979	0.348147	0.243001	0.122609	0.0240293	0.0133784	0.000364345	0	6.310236	1.941021	0.2299202	0.7700798	87.30137
890	7.66935	-28.5834	36.2528	0.5315	0.4685	4.219564	0.366892	0.360318	0.243746	0.123833	0.0247884	0.0134219	0.000362256	0	1.25202	1.999061	0.4685004	0.5314996	99.78396
900	4.13341	-29.7928	33.9262	0.179437	0.820563	7.493405	0.372099	0.359277	0.242219	0.121315	0.0246923	0.0135649	0.000363027	0	3.578607	1.60199	0.8205634	0.1794366	39.99358
910	7.21567	-24.9104	32.1261	0.590804	0.409196	3.129542	0.37258	0.358895	0.245005	0.122112	0.0241957	0.0139702	0.000354247	0	5.378677	1.928604	0.4091962	0.5908038	84.84072
920	1.56465	-35.4082	36.9728	0.218	0.782	4.793764	0.371051	0.36211	0.243316	0.121521	0.0240314	0.0138491	0.000350093	0	0.5319521	1.323195	0.7820001	0.2179999	21.04725
930	5.42404	-26.3783	31.8024	0.0673786	0.932621	6.224101	0.365699	0.353348	0.237808	0.122392	0.0242512	0.0139195	0.000351112	0	5.702408	1.909124	0.9326214	0.06737859	81.11921
940	8.51473	-25.8193	34.334	0.556841	0.443159	1.982942	0.364582	0.344968	0.234709	0.123193	0.0241498	0.0135642	0.000351211	0	3.170787	1.977627	0.443159	0.556841	94.97891
950	8.02345	-27.2511	35.2746	0.687425	0.312575	3.583449	0.38109	0.346233	0.239646	0.120967	0.0242797	0.0134357	0.000348111	0	2.2302	1.966685	0.3125747	0.6874253	92.61572
960	7.48116	-25.2072	32.6884	0.357979	0.642021	2.215466	0.377512	0.354882	0.23874	0.119206	0.0239111	0.0133335	0.000348408	0	4.816373	1.788386	0.6420205	0.3579795	61.43073
970	4.71834	-31.7008	36.4192	0.350072	0.649928	2.697784	0.368698	0.346858	0.236177	0.119453	0.0239167	0.0134811	0.000354574	0	1.08562	1.425683	0.6499277	0.3500723	26.64913
980	7.26685	-25.7937	33.0606	0.282865	0.717135	4.957332	0.381111	0.348889	0.235219	0.118318	0.0247114	0.0133743	0.000352457	0	4.444217	1.906767	0.717135	0.282865	80.68029
990	8.12134	-25.3285	33.4498	0.0492918	0.950708	3.111859	0.376592	0.3484	0.237095	0.123107	0.0242422	0.0139829	0.000357471	0	4.054956	1.741599	0.9507082	0.04929181	55.15674
1000	4.16953	-30.2111	34.3806	0.753666	0.246334	2.742044	0.378791	0.346788	0.236533	0.12258	0.0241741	0.0139575	0.00035401	0	3.124162	1.323189	0.246334	0.753666	21.04692
1010	6.81047	-27.661	34.4714	0.685828	0.314172	5.672678	0.380331	0.344349	0.236459	0.12209	0.024785	0.0138382	0.000347846	0	3.033343	1.974429	0.3141721	0.6858279	94.28203
1020	7.75512	-27.4387	35.1938	0.723394	0.276606	1.340997	0.381074	0.349976	0.236874	0.123147	0.0239171	0.0136604	0.000354219	0	2.310952	1.968573	0.2766057	0.7233943	93.01936
1030	4.99126	-29.9992	34.9905	0.0558638	0.944136	6.843156	0.364997	0.351622	0.236501	0.124218	0.0243322	0.0135919	0.000355728	0	2.51432	1.55509	0.9441362	0.05586375	35.89962
1040	8.40787	-24.312	32.7199	0.0336267	0.966373	3.899721	0.379412	0.354759	0.234712	0.122844	0.0246778	0.0137469	0.000350374	0	4.784871	1.980425	0.9663733	0.03362668	95.59282
1050	7.21457	-25.293	32.5076	0.364092	0.635908	1.562893	0.379022	0.350488	0.240337	0.120315	0.024045	0.0139753	0.000348437	0	4.997183	1.750404	0.6359077	0.3640923	56.28642
1060	1.7171	-30.3178	32.0349	0.0148798	0.98512	7.167473	0.381345	0.345475	0.243687	0.124255	0.0241923	0.0133532	0.000364132	0	5.469904	1.381855	0.9851202	0.01487985	24.09099
1070	7.25956	-27.2739	34.5335	0.308106	0.691894	0.6541725	0.376812	0.353263	0.239073	0.124012	0.0246711	0.0136963	0.000361271	0	2.971296	1.656754	0.6918942	0.3081058	45.3685
1080	6.9295	-28.3959	35.3254	0.455222	0.544778	2.99231	0.372046	0.349821	0.242824	0.121388	0.0246412	0.0139739	0.000359571	0	2.17941	1.625066	0.5447781	0.4552219	42.17605
1090	5.30603	-27.3327	32.6387	0.188091	0.811909	4.323973	0.369565	0.351843	0.23981	0.122149	0.0243761	0.0140023	0.000352805	0	4.866076	1.483277	0.8119094	0.1880906	30.42827
1100	9.08331	-24.7795	33.8628	0.0670398	0.93296	1.975828	0.36491	0.360899	0.245698	0.124102	0.0243353	0.0138948	0.000355314	0	3.641934	1.916808	0.9329602	0.06703983	82.56727
1110	7.64767	-25.9229	33.5706	0.0971506	0.902849	3.45114	0.370914	0.361181	0.238784	0.123523	0.0247899	0.013873	0.000364987	0	3.934158	1.670554	0.9028494	0.09715064	46.83319
1120	6.51944	-28.2518	34.7712	0.300662	0.699338	1.871618	0.367931	0.361953	0.24567	0.12146	0.0250144	0.0137628	0.000362743	0	2.73354	1.449366	0.6993385	0.3006615	28.14272
1130	8.07271	-24.8673	32.9401	0.300723	0.699277	1.762188	0.366046	0.355152	0.243948	0.124439	0.024923	0.0135198	0.000359257	0	4.564715	1.857815	0.6992769	0.3007231	72.08002
1140	7.42484	-28.7504	36.1753	0.0914851	0.908515	1.069644	0.369712	0.354713	0.244715	0.123577	0.0246686	0.0139314	0.000352903	0	1.329502	1.866951	0.9085149	0.09148506	73.61236
1150	8.37447	-26.3742	34.7487	0.139527	0.860473	2.224505	0.364659	0.356699	0.241063	0.12232	0.0246624	0.0139582	0.000349349	0	2.756115	1.749453	0.860473	0.139527	56.16336
1160	3.9075	-29.8105	33.718	0.749433	0.250567	6.612736	0.370679	0.348458	0.245974	0.123995	0.0246062	0.0138417	0.000353575	0	3.786724	1.679075	0.2505674	0.7494326	47.76115
1170	7.15941	-25.0617	32.2211	0.0736333	0.926367	1.028699	0.37585	0.356245	0.242385	0.12289	0.0249858	0.0134601	0.000361879	0	5.283703	1.647833	0.9263667	0.07363335	44.44605
1180	7.94866	-26.9971	34.9458	0.550851	0.449149	1.257056	0.370027	0.36163	0.238708	0.119605	0.0248359	0.0135488	0.000360309	0	2.559001	1.893011	0.4491491	0.5508509	78.16472
1190	8.89935	-26.3049	35.2043	0.102029	0.897971	3.438764	0.377448	0.35543	0.244975	0.118316	0.0240932	0.0139343	0.000361832	0	2.300498	1.856597	0.8979708	0.1020292	71.87822
1200	5.87215	-28.4713	34.3435	0.339557	0.660443	5.969876	0.372392	0.349027	0.243	0.118582	0.0241239	0.0140041	0.000364358	0	3.161282	1.684606	0.6604429	0.3395571	48.37332
1210	7.73794	-27.2179	34.9558	0.441746	0.558254	1.350354	0.382068	0.34584	0.235423	0.123216	0.0244175	0.0138569	0.000360229	0	2.548967	1.782031	0.5582544	0.4417456	60.53835
1220	8.45268	-26.6734	35.1261	0.538265	0.461735	3.422821	0.379864	0.345813	0.242354	0.122283	0.025024	0.013481	0.000353183	0	2.37868	1.963727	0.4617353	0.5382647	91.98704
1230	8.41001	-24.893	33.303	0.470671	0.529329	1.956521	0.375545	0.347203	0.242479	0.123671	0.0250842	0.0135096	0.000351491	0	4.201768	1.980119	0.5293292	0.4706708	95.52539
1240	8.39654	-24.6162	33.0128	0.0512926	0.948707	1.640475	0.376731	0.34929	0.24115	0.118905	0.0245832	0.0140001	0.000361972	0	4.49202	1.818919	0.9487074	0.05129256	65.9051
1250	8.35674	-24.4948	32.8515	0.224211	0.775789	2.157495	0.381583	0.34492	0.242667	0.123818	0.0247787	0.0135747	0.000362695	0	4.653232	1.901325	0.775789	0.224211	79.67562
1260	8.93969	-24.4972	33.4369	0.220175	0.779825	1.627926	0.364038	0.35274	0.242137	0.123375	0.0250257	0.013837	0.00036189	0	4.067904	1.989358	0.7798253	0.2201747	97.57947
1270	8.71841	-25.2278	33.9462	0.117853	0.882147	4.128787	0.369525	0.35893	0.2387	0.124229	0.0244972	0.0137435	0.000351733	0	3.558585	1.942791	0.8821471	0.1178529	87.65782
1280	6.57507	-25.4124	31.9875	0.600012	0.399988	0.1897657	0.378001	0.356522	0.236361	0.120764	0.0250407	0.013837	0.000359753	0	5.517262	1.824422	0.3999881	0.6000119	66.74546
1290	7.98997	-23.7426	31.7325	0.0703964	0.929604	0.5263748	0.373765	0.351327	0.236163	0.122478	0.0239872	0.0139619	0.000352765	0	5.772235	1.973624	0.9296036	0.07039645	94.10737
1300	4.63478	-24.8959	29.5307	0.240802	0.759198	0.6228174	0.377691	0.355638	0.237894	0.119107	0.0243935	0.0136853	0.000357782	0	7.974055	1.55751	0.759198	0.240802	36.1002
1310	7.53083	-27.7909	35.3218	0.512025	0.487975	0.4286313	0.381271	0.359799	0.245653	0.120176	0.0240579	0.0138621	0.000348428	0	2.183016	1.96032	0.4879745	0.5120255	91.26823
1320	5.59045	-28.4037	33.9941	0.188022	0.811978	3.98994	0.376534	0.359251	0.240526	0.120277	0.0240664	0.0138644	0.000348282	0	3.510627	1.399687	0.8119783	0.1880217	25.10078
1330	7.69785	-27.5136	35.2114	0.559969	0.440031	3.090255	0.378688	0.362098	0.237421	0.118414	0.024559	0.0136443	0.000347393	0	2.293363	1.821179	0.4400307	0.5599693	66.24899
1340	4.92349	-31.2925	36.2159	0.196239	0.803761	1.327855	0.371435	0.356443	0.237096	0.120921	0.0247644	0.0139309	0.000353677	0	1.288826	1.346996	0.8037609	0.1962391	22.23291
1350	9.0097	-24.9745	33.9842	0.018118	0.981882	2.448616	0.376128	0.358171	0.241535	0.121773	0.0249625	0.01392	0.000351979	0	3.520614	1.867285	0.981882	0.01811804	73.6691
1360	5.58926	-30.1083	35.6975	0.136598	0.863402	1.600778	0.37037	0.354226	0.243553	0.122941	0.0243522	0.0137175	0.000355368	0	1.807223	1.289639	0.8634016	0.1365984	19.48223
1370	7.67721	-24.2584	31.9356	0.212557	0.787443	0.4871018	0.370327	0.352824	0.243897	0.12351	0.0248493	0.0133485	0.000353978	0	5.569164	1.92012	0.7874428	0.2125572	83.19945
1380	6.26413	-27.527	33.7911	0.232894	0.767106	0.8440708	0.369027	0.357889	0.24625	0.1226	0.0246184	0.0134091	0.000359313	0	3.713625	1.415442	0.7671062	0.2328938	26.02806
1390	2.44079	-26.6008	29.0416	0.289538	0.710462	3.239793	0.366828	0.34986	0.243386	0.118484	0.0248825	0.0135061	0.000358335	0	8.463134	1.364802	0.710462	0.289538	23.1634
1400	8.54526	-24.8454	33.3907	0.368416	0.631584	1.76915	0.366463	0.348933	0.241074	0.121816	0.0248905	0.0135217	0.000349496	0	4.114079	1.967659	0.6315841	0.3684159	92.82379
1410	8.53942	-23.9725	32.512	0.0326979	0.967302	2.40111	0.379728	0.352658	0.238314	0.118695	0.0248688	0.0138288	0.000352563	0	4.992805	1.936039	0.9673021	0.03269791	86.30564
1420	6.87597	-29.1686	36.0446	0.0987857	0.901214	1.648638	0.368019	0.35158	0.238631	0.118603	0.0240532	0.0139211	0.000356198	0	1.460197	1.605522	0.9012143	0.09878566	40.32014
1430	8.43027	-25.6227	34.0529	0.0804151	0.919585	1.53085	0.369795	0.36219	0.236354	0.118529	0.0239867	0.0135287	0.000349427	0	3.451836	1.771989	0.9195849	0.08041512	59.15463
1440	7.34541	-28.7012	36.0466	8.68244e-05	0.999913	0.9701429	0.36558	0.359384	0.24139	0.122013	0.0242009	0.0135431	0.000349551	0	1.458204	1.760378	0.9999132	8.682441e-05	57.59408
1450	7.26225	-26.3406	33.6028	0.209961	0.790039	5.699183	0.376588	0.361855	0.235349	0.121296	0.024261	0.0138605	0.000361803	0	3.901957	1.944782	0.7900392	0.2099608	88.06068
1460	7.05332	-25.8419	32.8952	0.174045	0.825955	2.127016	0.378339	0.349814	0.238779	0.12431	0.0241475	0.0139214	0.000359455	0	4.609581	1.588027	0.8259546	0.1740454	38.72816
1470	7.48274	-24.1499	31.6327	0.417036	0.582964	1.978264	0.380597	0.351125	0.235254	0.122866	0.0246302	0.013734	0.000363346	0	5.872121	1.936212	0.5829636	0.4170364	86.33996
1480	6.65055	-25.3919	32.0425	0.793769	0.206231	2.296221	0.366623	0.360871	0.242336	0.123417	0.0245471	0.0136204	0.000363694	0	5.462291	1.853474	0.2062312	0.7937688	71.36316
1490	8.90035	-26.3595	35.2598	0.0085908	0.991409	4.998233	0.368236	0.348337	0.237831	0.121556	0.0241337	0.0133456	0.000358378	0	2.244955	1.965613	0.9914092	0.008590802	92.38746
1500	6.96054	-24.6357	31.5962	0.0618267	0.938173	0.5497973	0.365589	0.351133	0.242409	0.118932	0.0246993	0.0134669	0.00036457	0	5.908556	1.700711	0.9381733	0.0618267	50.20086
1510	7.66157	-24.2299	31.8914	0.0562431	0.943757	1.230402	0.366207	0.354106	0.245514	0.118686	0.024513	0.0134667	0.000355837	0	5.613351	1.807788	0.9437569	0.05624311	64.23738
1520	9.54807	-25.2362	34.7843	0.011195	0.988805	3.128899	0.364241	0.34863	0.244933	0.120713	0.0244117	0.0139057	0.000352813	0	2.720457	1.966465	0.988805	0.01119496	92.56896
1530	6.08485	-27.7906	33.8755	0.478233	0.521767	1.292291	0.368113	0.350816	0.245309	0.123954	0.0245395	0.0138338	0.000357817	0	3.629293	1.469059	0.5217665	0.4782335	29.44818
1540	7.92778	-27.0399	34.9677	0.764951	0.235049	2.767028	0.365085	0.359525	0.241819	0.120271	0.0240785	0.0136037	0.000363326	0	2.537118	1.938452	0.2350485	0.7649515	86.78642
1550	5.76917	-28.1061	33.8752	0.837257	0.162743	5.212041	0.372116	0.360088	0.243105	0.120644	0.0242919	0.0134974	0.000359733	0	3.629546	1.812098	0.1627433	0.8372567	64.87815
1560	7.1864	-27.8398	35.0262	0.286105	0.713895	6.00665	0.378989	0.355023	0.239534	0.119373	0.0243654	0.013375	0.000361653	0	2.478527	1.899952	0.713895	0.286105	79.42412
1570	7.60568	-24.8939	32.4995	0.00262353	0.997376	4.723191	0.368181	0.354287	0.242156	0.120918	0.0239851	0.0134275	0.000358164	0	5.005229	1.906763	0.9973765	0.002623533	80.67939
1580	8.39472	-27.9914	36.3861	0.0272164	0.972784	2.576121	0.378699	0.351003	0.234332	0.119189	0.0239317	0.0135185	0.000359262	0	1.118679	1.987092	0.9727836	0.02721641	97.0715
1590	6.72998	-28.7456	35.4756	0.167107	0.832893	2.005107	0.374589	0.355018	0.238243	0.1204	0.0244193	0.0136692	0.000356307	0	2.029201	1.475997	0.8328929	0.1671071	29.92243
1600	8.5926	-26.7117	35.3043	0.141094	0.858906	1.026064	0.369592	0.346167	0.238971	0.120283	0.0251211	0.0134265	0.000347477	0	2.200482	1.936252	0.8589058	0.1410942	86.34792
1610	5.26454	-25.5952	30.8597	0.799567	0.200433	2.455384	0.37454	0.348332	0.236061	0.119558	0.0250755	0.0135019	0.000362381	0	6.645059	1.73991	0.2004328	0.7995672	54.94267
1620	8.05236	-27.8433	35.8956	0.534528	0.465472	3.047956	0.37196	0.35213	0.241492	0.120785	0.0250814	0.0133355	0.000356736	0	1.609152	1.961057	0.4654721	0.5345279	91.42327
1630	7.87215	-26.7483	34.6204	0.0933306	0.906669	1.217676	0.380319	0.34474	0.234939	0.119981	0.0249891	0.0134133	0.000355639	0	2.884367	1.653386	0.9066694	0.09333059	45.01796
1640	7.47258	-23.8605	31.3331	0.0328181	0.967182	1.961236	0.373704	0.346823	0.235345	0.119961	0.0238877	0.0134517	0.000357429	0	6.171667	1.835896	0.9671819	0.03281814	68.53238
1650	6.92092	-24.599	31.5199	0.848807	0.151193	1.189694	0.36405	0.344864	0.234976	0.122918	0.0239888	0.0135179	0.000349003	0	5.984897	1.988804	0.1511935	0.8488065	97.45492
1660	7.81647	-24.9712	32.7877	0.586055	0.413945	3.434187	0.381037	0.345505	0.235143	0.122921	0.0249808	0.0135429	0.000363523	0	4.717094	1.985395	0.4139454	0.5860546	96.69289
1670	6.39382	-28.1215	34.5153	0.773926	0.226074	1.87122	0.375738	0.354142	0.245303	0.12389	0.0244618	0.0134287	0.000364049	0	2.989454	1.654066	0.2260736	0.7739264	45.08857
1680	7.06272	-29.0249	36.0877	0.160632	0.839368	2.686642	0.375208	0.354187	0.244642	0.123223	0.0243942	0.0135416	0.000365188	0	1.417111	1.627482	0.8393676	0.1606324	42.41132
1690	7.95572	-25.1957	33.1514	0.071218	0.928782	5.182297	0.366941	0.346414	0.243556	0.123034	0.0247621	0.0136517	0.000364276	0	4.353398	1.999389	0.928782	0.07121799	99.85932
1700	4.80542	-23.1902	27.9956	0.130895	0.869105	2.849886	0.36722	0.345397	0.241192	0.1203	0.0250044	0.0138919	0.000351464	0	9.509202	1.942168	0.8691045	0.1308955	87.53226
1710	8.3059	-25.4411	33.747	0.337146	0.662854	0.5134631	0.367383	0.35401	0.23627	0.120176	0.0245233	0.013993	0.000354539	0	3.75778	1.958014	0.662854	0.337146	90.78504
1720	7.15415	-28.5874	35.7415	0.297137	0.702863	2.524293	0.364495	0.348103	0.234357	0.120296	0.0241795	0.0138951	0.000357472	0	1.763224	1.641034	0.7028633	0.2971367	43.75566
1730	6.1918	-24.2649	30.4567	0.430409	0.569591	2.332528	0.36485	0.348308	0.242409	0.12103	0.024657	0.0139168	0.00035576	0	7.048051	1.85044	0.5695912	0.4304088	70.86631
1740	7.61554	-27.5059	35.1214	0.586113	0.413887	4.394225	0.366408	0.346502	0.235803	0.11876	0.0240578	0.0138993	0.000347684	0	2.38335	1.887295	0.4138867	0.5861133	77.1428
1750	4.56004	-27.9073	32.4673	0.645298	0.354702	6.174504	0.370087	0.358131	0.246116	0.120234	0.0247305	0.0136428	0.000348471	0	5.037445	1.830317	0.3547022	0.6452978	67.65774
1760	8.91395	-24.1954	33.1093	0.0336368	0.966363	2.915186	0.364912	0.351044	0.244482	0.123197	0.0242977	0.0139523	0.000362619	0	4.395464	1.9499	0.9663632	0.03363675	89.10464
1770	9.21218	-26.4832	35.6954	0.048692	0.951308	4.226072	0.371114	0.362015	0.239588	0.124434	0.0250157	0.0138206	0.000364476	0	1.809346	1.981779	0.951308	0.04869204	95.89123
1780	9.26086	-24.9256	34.1864	0.121569	0.878431	3.046376	0.367538	0.358915	0.242457	0.122151	0.0244926	0.0135651	0.000364217	0	3.318353	1.958206	0.8784309	0.1215691	90.82518
1790	8.95317	-25.6592	34.6123	0.212655	0.787345	2.856768	0.369768	0.35621	0.243483	0.119785	0.0250085	0.0136529	0.000363256	0	2.892422	1.898341	0.7873447	0.2126553	79.12994
1800	6.24027	-26.1849	32.4252	0.219855	0.780145	0.8297561	0.371919	0.357984	0.238831	0.120265	0.0246113	0.0136504	0.000356992	0	5.079615	1.499987	0.7801453	0.2198547	31.62182
1810	7.89488	-24.9389	32.8338	0.35028	0.64972	3.357603	0.376635	0.352816	0.239342	0.120932	0.0240701	0.0136698	0.000352685	0	4.670986	1.907658	0.6497204	0.3502796	80.84583
1820	8.30165	-26.1867	34.4884	0.33247	0.66753	2.686965	0.379736	0.361614	0.236737	0.11987	0.0244207	0.0136142	0.000355822	0	3.016379	1.813713	0.6675302	0.3324698	65.11984
1830	8.00719	-24.4459	32.4531	0.435424	0.564576	2.153572	0.378522	0.355088	0.235189	0.118714	0.0239866	0.0134584	0.000349373	0	5.051665	1.970734	0.5645765	0.4354235	93.48318
1840	7.91144	-23.7662	31.6776	0.128147	0.871853	0.9027636	0.382308	0.351897	0.241482	0.120186	0.0247199	0.0139843	0.000349545	0	5.827158	1.960142	0.8718533	0.1281467	91.2309
1850	8.14564	-26.9768	35.1224	0.144733	0.855267	0.2435157	0.371845	0.348898	0.245928	0.122339	0.0246188	0.013767	0.000353542	0	2.382377	1.928407	0.8552672	0.1447328	84.80218
1860	7.35322	-26.3573	33.7105	0.292578	0.707422	0.2318624	0.371092	0.345411	0.246242	0.122205	0.0242493	0.013897	0.000354782	0	3.794252	1.734352	0.707422	0.292578	54.2441
1870	5.5194	-29.6739	35.1933	0.642986	0.357014	0.9069746	0.373343	0.345636	0.240352	0.120311	0.0241201	0.0135648	0.000349046	0	2.311476	1.519563	0.3570141	0.6429859	33.07981
1880	9.13422	-26.252	35.3863	0.0356479	0.964352	1.996497	0.372992	0.350364	0.246528	0.118994	0.0239424	0.0139978	0.000348833	0	2.11852	1.924613	0.9643521	0.0356479	84.06449
1890	2.55443	-22.3778	24.9322	0.172894	0.827106	1.456605	0.36835	0.353506	0.24381	0.118864	0.0243376	0.013679	0.000362684	0	12.57259	1.937327	0.8271056	0.1728944	86.5619
1900	5.28285	-25.395	30.6778	0.318021	0.681979	1.935788	0.364768	0.355714	0.236697	0.121017	0.0248358	0.0137757	0.000353023	0	6.826959	1.566731	0.6819789	0.3180211	36.87494
1910	7.80667	-26.0221	33.8288	0.326414	0.673586	2.414387	0.376654	0.355929	0.239499	0.119235	0.023957	0.0135626	0.000351543	0	3.676013	1.73872	0.6735858	0.3264142	54.79236
1920	7.11845	-28.4949	35.6133	0.336138	0.663862	1.327775	0.37525	0.354448	0.236063	0.121428	0.0243443	0.0134098	0.000347989	0	1.891467	1.70293	0.6638621	0.3361379	50.45797
1930	7.97386	-25.4218	33.3957	0.463038	0.536962	0.7327266	0.373745	0.353306	0.235085	0.119404	0.0247329	0.0137891	0.000349924	0	4.109114	1.928282	0.5369622	0.4630378	84.77775
1940	4.96463	-28.0284	32.993	0.634675	0.365325	5.178111	0.369123	0.358468	0.239123	0.120997	0.02423	0.0135558	0.000349544	0	4.511758	1.660443	0.3653246	0.6346754	45.7555
1950	8.74608	-26.3774	35.1235	0.198541	0.801459	1.13174	0.365149	0.355641	0.237039	0.12221	0.0243659	0.0140126	0.000354282	0	2.381279	1.954208	0.8014586	0.1985414	89.99276
1960	7.14363	-26.9711	34.1147	0.0829261	0.917074	4.069321	0.373091	0.361979	0.238334	0.123647	0.0244666	0.0139312	0.000353951	0	3.390052	1.59832	0.9170739	0.08292607	39.65703
1970	-3.52452	-30.182	26.6575	0.117641	0.882359	7.207219	0.37117	0.360394	0.242426	0.122907	0.024937	0.0137801	0.000348117	0	10.84724	1.321594	0.8823591	0.1176409	20.96981
1980	8.22635	-25.5716	33.7979	0.144647	0.855353	3.639879	0.36687	0.357348	0.234573	0.122781	0.0248947	0.0135918	0.000350466	0	3.706847	1.815662	0.8553531	0.1446469	65.41261
1990	7.72199	-26.5377	34.2597	0.424348	0.575652	0.3728915	0.366794	0.358064	0.236346	0.121379	0.0249875	0.0135064	0.000351567	0	3.245089	1.866055	0.5756519	0.4243481	73.46076
2000	6.53611	-27.7781	34.3142	0.646008	0.353992	0.2318668	0.370905	0.357709	0.244073	0.121754	0.0249353	0.0135302	0.000355911	0	3.190539	1.720921	0.3539919	0.6460081	52.59218
2010	6.56356	-23.5928	30.1564	0.225787	0.774213	0.7318903	0.371509	0.361358	0.240082	0.11839	0.0239428	0.0138118	0.000359076	0	7.348374	1.900146	0.7742128	0.2257872	79.45948
2020	8.78733	-26.9986	35.7859	0.0711188	0.928881	2.526169	0.373333	0.35054	0.242341	0.119648	0.0242408	0.0139586	0.000357036	0	1.718841	1.884116	0.9288812	0.07111882	76.58012
2030	3.4347	-26.0388	29.4735	0.119705	0.880295	5.259909	0.382029	0.34511	0.235204	0.119719	0.0245518	0.0138362	0.000352136	0	8.031292	1.67841	0.8802949	0.1197051	47.68814
2040	6.55755	-28.2296	34.7872	0.231799	0.768201	5.969485	0.378069	0.344229	0.234321	0.121218	0.0244218	0.0137782	0.000349198	0	2.717613	1.754322	0.7682006	0.2317994	56.79652
2050	9.3193	-25.2909	34.6102	0.00636814	0.993632	1.618519	0.372578	0.34624	0.246129	0.119955	0.0239366	0.0140186	0.000351429	0	2.894602	1.937904	0.9936319	0.00636814	86.67711
2060	6.78791	-23.7468	30.5347	0.227771	0.772229	0.9147806	0.376614	0.349589	0.236043	0.118621	0.0249365	0.0139033	0.000354346	0	6.970096	1.890805	0.7722292	0.2277708	77.76865
2070	6.62222	-29.4267	36.0489	0.235918	0.764082	1.138366	0.378318	0.34749	0.236043	0.118331	0.025	0.0138916	0.000354433	0	1.455834	1.68193	0.7640823	0.2359177	48.07618
2080	9.00277	-24.5971	33.5998	0.0627942	0.937206	1.63113	0.371088	0.360112	0.235975	0.120099	0.0249085	0.0135135	0.000360173	0	3.904943	1.921039	0.9372058	0.06279423	83.37553
2090	7.09901	-27.9753	35.0744	0.80394	0.19606	3.63329	0.38148	0.350747	0.241896	0.119095	0.0243462	0.013411	0.000357924	0	2.430412	1.843355	0.1960604	0.8039396	69.71966
2100	6.24473	-26.9729	33.2177	0.640101	0.359899	3.413582	0.375193	0.358949	0.23593	0.121624	0.0243697	0.0134339	0.000361616	0	4.287093	1.658914	0.3598992	0.6401008	45.59467
2110	7.50755	-25.3547	32.8622	0.501502	0.498498	1.260602	0.3677	0.362282	0.235325	0.118759	0.0245829	0.0136593	0.000359157	0	4.642525	1.83206	0.4984981	0.5015019	67.92979
2120	5.81481	-29.0823	34.8971	0.0962634	0.903737	7.697736	0.376587	0.361203	0.235086	0.122531	0.0239308	0.0134392	0.000352407	0	2.607636	1.860468	0.9037366	0.09626336	72.5217
2130	6.65592	-27.2181	33.874	0.309877	0.690123	5.573995	0.374699	0.35916	0.23654	0.122093	0.0240836	0.013692	0.000359898	0	3.630772	1.802063	0.6901233	0.3098767	63.39612
2140	5.71957	-25.5885	31.3081	0.474724	0.525276	2.269125	0.364553	0.3465	0.2407	0.121042	0.0242561	0.0138497	0.000358409	0	6.196705	1.633302	0.5252763	0.4747237	42.98354
2150	5.63852	-28.347	33.9856	0.218603	0.781397	2.480002	0.374662	0.350957	0.235823	0.120759	0.0244414	0.0139447	0.000350557	0	3.51922	1.307662	0.7813968	0.2186032	20.30775
2160	9.258	-25.9457	35.2037	0.125489	0.874511	3.344534	0.375429	0.352752	0.23707	0.120567	0.0241806	0.013516	0.000351098	0	2.301088	1.95955	0.8745111	0.1254889	91.10658
2170	7.47102	-27.4226	34.8936	0.283195	0.716805	0.8384006	0.377353	0.350344	0.240621	0.120408	0.0243553	0.0138718	0.000360536	0	2.611187	1.690387	0.7168054	0.2831946	49.02159
2180	7.90237	-26.6741	34.5765	0.227722	0.772278	1.836334	0.374499	0.360119	0.242875	0.12024	0.0239043	0.0135268	0.000354504	0	2.928289	1.690258	0.7722785	0.2277215	49.00696
2190	9.08129	-25.9325	35.0138	0.115001	0.884999	2.056089	0.381562	0.354332	0.235391	0.119698	0.0243845	0.0133455	0.000354578	0	2.490996	1.908805	0.8849987	0.1150013	81.0597
2200	7.81386	-25.1949	33.0087	0.386577	0.613423	4.328607	0.379504	0.352157	0.240714	0.123678	0.0241063	0.0135464	0.000351414	0	4.496056	1.979978	0.6134233	0.3865767	95.49438
2210	8.71535	-24.8566	33.5719	0.3577	0.6423	2.546816	0.367232	0.360069	0.240697	0.118681	0.0240025	0.0137694	0.00035997	0	3.932824	1.972631	0.6422998	0.3577002	93.89257
2220	7.93843	-25.6785	33.6169	0.446691	0.553309	1.840034	0.366867	0.358323	0.243443	0.118634	0.0240721	0.0139721	0.000361276	0	3.887853	1.821397	0.5533093	0.4466907	66.2822
2230	5.93627	-25.2556	31.1919	0.622727	0.377273	3.349177	0.372525	0.35825	0.245192	0.120998	0.0243615	0.013393	0.000355018	0	6.312879	1.815145	0.3772727	0.6227273	65.33492
2240	9.16097	-24.3121	33.473	0.0107777	0.989222	3.148548	0.382541	0.355319	0.24082	0.119587	0.0244942	0.0136019	0.000356897	0	4.031727	1.974948	0.9892223	0.01077771	94.39472
2250	6.77118	-27.2033	33.9745	0.363932	0.636068	2.809299	0.378143	0.352817	0.240666	0.123127	0.0241015	0.0136512	0.000358928	0	3.530302	1.556269	0.6360681	0.3639319	35.9972
2260	8.91418	-26.3954	35.3095	0.20028	0.79972	3.726123	0.374882	0.355437	0.243022	0.121748	0.0247359	0.0137576	0.000363893	0	2.195224	1.92039	0.7997202	0.2002798	83.25108
2270	8.05445	-27.4654	35.5198	0.201262	0.798738	0.4197037	0.37852	0.344242	0.238147	0.122109	0.0245409	0.0137717	0.000353941	0	1.98493	1.978996	0.7987384	0.2012616	95.27866
2280	8.81014	-25.0934	33.9036	0.0922357	0.907764	1.239767	0.36854	0.348747	0.241616	0.119824	0.0242508	0.0139604	0.000350474	0	3.601209	1.896832	0.9077643	0.09223571	78.85557
2290	8.08176	-25.8148	33.8966	0.511513	0.488487	3.313651	0.373066	0.346357	0.24542	0.118953	0.0242185	0.0136847	0.00035851	0	3.60819	1.89289	0.488487	0.511513	78.1429
2300	6.38412	-25.2202	31.6043	0.109583	0.890417	0.8049951	0.37003	0.352012	0.244115	0.119066	0.0245746	0.0134288	0.000360579	0	5.900441	1.576495	0.8904174	0.1095826	37.71336
2310	7.09421	-25.4222	32.5165	0.44214	0.55786	0.5826453	0.37631	0.355535	0.242719	0.118874	0.0247727	0.0135991	0.000364261	0	4.988312	1.780028	0.5578604	0.4421396	60.25983
2320	7.14089	-26.2913	33.4322	0.563167	0.436833	0.392197	0.375087	0.35867	0.243513	0.121227	0.0240821	0.013385	0.00036322	0	4.072539	1.794908	0.4368332	0.5631668	62.3603
2330	7.85184	-24.6211	32.473	0.283596	0.716404	0.1019457	0.377634	0.349417	0.242403	0.120438	0.0244412	0.0134382	0.000350821	0	5.031784	1.981361	0.7164036	0.2835964	95.79892
2340	4.43954	-27.4246	31.8641	0.386874	0.613126	1.46313	0.378479	0.356873	0.240944	0.1213	0.0249027	0.013703	0.000348884	0	5.64068	1.297472	0.6131261	0.3868739	19.83682
2350	8.05348	-27.4499	35.5034	0.0393903	0.96061	0.7283497	0.371504	0.355971	0.243471	0.122378	0.0250459	0.0136128	0.000357547	0	2.001366	1.81466	0.9606097	0.03939026	65.26193
2360	6.93197	-26.3368	33.2688	0.574437	0.425563	4.737787	0.363973	0.353948	0.238437	0.122678	0.0240386	0.0138422	0.000356323	0	4.236013	1.884292	0.4255626	0.5744374	76.61107
2370	8.20921	-26.7899	34.9991	0.207788	0.792212	3.775914	0.367413	0.358651	0.235473	0.120909	0.0241761	0.0137228	0.00035245	0	2.505678	1.787019	0.7922121	0.2077879	61.23766
2380	5.36729	-31.309	36.6763	0.540365	0.459635	5.705074	0.366746	0.359775	0.235916	0.120439	0.0240171	0.0135073	0.00035501	0	0.8284374	1.869094	0.4596353	0.5403647	73.97646
2390	7.94168	-26.5169	34.4586	0.116691	0.883309	0.8128768	0.364431	0.358687	0.24222	0.124019	0.0245616	0.0140337	0.000347721	0	3.046209	1.720445	0.8833095	0.1166905	52.53459
2400	8.83964	-26.2105	35.0501	0.213478	0.786522	3.507942	0.377768	0.354761	0.234892	0.122703	0.0250851	0.0139652	0.000357696	0	2.454639	1.898442	0.7865216	0.2134784	79.14837
2410	7.73433	-26.2656	34	0.709182	0.290818	3.987529	0.37886	0.348343	0.245876	0.123136	0.0244852	0.0140077	0.000348778	0	3.504801	1.95994	0.2908179	0.7091821	91.18853
2420	7.48627	-26.6759	34.1621	0.12129	0.87871	5.949449	0.375641	0.345196	0.244374	0.123869	0.0243963	0.0139463	0.000356885	0	3.342653	1.961563	0.8787101	0.1212899	91.5298
2430	9.18208	-26.1184	35.3004	0.175165	0.824835	2.182068	0.363943	0.345534	0.242165	0.123144	0.0245986	0.0137595	0.000358531	0	2.20433	1.972858	0.8248353	0.1751647	93.94157
2440	8.29072	-26.0628	34.3536	0.0546711	0.945329	2.433564	0.370946	0.355741	0.244708	0.12055	0.0244916	0.0136385	0.000349907	0	3.151214	1.701698	0.9453289	0.05467111	50.31502
2450	7.48484	-25.2539	32.7387	0.351206	0.648794	4.614069	0.373714	0.360945	0.239257	0.121433	0.0244813	0.0135275	0.00034941	0	4.766049	1.973896	0.6487936	0.3512064	94.16638
2460	6.40995	-28.3922	34.8021	0.468487	0.531513	2.17366	0.373673	0.358363	0.243641	0.122868	0.0242162	0.013594	0.000364338	0	2.702663	1.503656	0.5315126	0.4684874	31.89011
2470	8.18718	-27.4293	35.6164	0.245672	0.754328	4.235479	0.36802	0.345449	0.24137	0.120156	0.0240472	0.013775	0.000362723	0	1.888334	1.846752	0.7543279	0.2456721	70.26708
2480	6.59278	-25.6126	32.2054	0.905015	0.094985	4.195821	0.364311	0.346242	0.240226	0.120299	0.0242247	0.0134626	0.000365215	0	5.299408	1.984649	0.09498501	0.905015	96.527
2490	7.36683	-28.3906	35.7574	0.270398	0.729602	0.8231716	0.378424	0.350304	0.234989	0.120241	0.0240335	0.0134067	0.000348998	0	1.747378	1.828171	0.7296022	0.2703978	67.32417
2500	6.12234	-27.8284	33.9507	0.0623467	0.937653	6.878672	0.381014	0.358245	0.237072	0.120579	0.0243605	0.0135142	0.000359149	0	3.554076	1.873322	0.9376533	0.06234665	74.70017
2510	7.73473	-27.8718	35.6065	0.581633	0.418367	2.603826	0.38281	0.358831	0.240345	0.123893	0.024477	0.013793	0.000357445	0	1.898223	1.866838	0.4183665	0.5816335	73.59317
2520	5.21959	-24.4885	29.7081	0.422033	0.577967	4.317614	0.373821	0.357304	0.240609	0.121069	0.0247365	0.0134294	0.000348068	0	7.796707	1.959942	0.5779668	0.4220332	91.18891
2530	8.65605	-26.6132	35.2693	0.0513333	0.948667	4.702712	0.37315	0.354768	0.237605	0.119029	0.0250269	0.0139185	0.000355607	0	2.235485	1.89601	0.9486667	0.05133325	78.70632
2540	8.2374	-23.9885	32.2259	0.134882	0.865118	2.077348	0.371524	0.353121	0.239622	0.121535	0.0247287	0.0139846	0.000349182	0	5.278847	1.94344	0.865118	0.134882	87.7889
2550	9.32384	-25.5407	34.8645	0.165662	0.834338	2.605491	0.380565	0.35101	0.240528	0.123075	0.0245901	0.0137818	0.000350372	0	2.64024	1.980881	0.834338	0.165662	95.69311
2560	7.44568	-26.7422	34.1879	0.969829	0.0301707	3.623746	0.381127	0.347188	0.244149	0.121013	0.0244685	0.0136432	0.000356317	0	3.316885	1.993263	0.03017072	0.9698293	98.46075
2570	2.57175	-31.0566	33.6284	0.129499	0.870501	4.429698	0.375651	0.351036	0.242279	0.123164	0.0239074	0.013855	0.000354211	0	3.876396	1.084469	0.8705014	0.1294986	12.14699
2580	8.24163	-28.0433	36.2849	0.0117856	0.988214	3.262082	0.364351	0.347569	0.244455	0.124199	0.0242021	0.0138694	0.000360729	0	1.219887	1.855987	0.9882144	0.01178563	71.77735
2590	8.43073	-26.6445	35.0752	0.435699	0.564301	2.036448	0.369871	0.345963	0.238763	0.124209	0.0250489	0.0138792	0.000356224	0	2.429571	1.906343	0.5643015	0.4356985	80.60139
2600	7.92443	-24.1382	32.0627	0.326154	0.673846	2.124913	0.382144	0.345276	0.234826	0.12042	0.0247298	0.0135759	0.000347782	0	5.44212	1.96766	0.673846	0.326154	92.82397
2610	7.76474	-28.2465	36.0113	0.415763	0.584237	3.913347	0.382925	0.344783	0.235654	0.118926	0.0244376	0.0134227	0.000351254	0	1.493514	1.892661	0.5842369	0.4157631	78.10182
2620	8.26384	-25.3283	33.5921	0.323628	0.676372	4.203177	0.380834	0.359232	0.234704	0.119807	0.0244587	0.0139953	0.000351324	0	3.912625	1.970941	0.6763715	0.3236285	93.52784
2630	7.3082	-27.2819	34.5901	0.897242	0.102758	1.210604	0.373634	0.360018	0.237531	0.120675	0.0242114	0.0138339	0.000349826	0	2.914656	1.946502	0.1027582	0.8972418	88.41015
2640	7.65716	-26.1356	33.7927	0.421374	0.578626	1.404976	0.367686	0.348153	0.244098	0.120957	0.0240629	0.0140021	0.000350196	0	3.712053	1.763141	0.5786265	0.4213735	57.96169
2650	6.6631	-25.7313	32.3944	0.0361145	0.963885	4.478971	0.374052	0.353207	0.237243	0.119055	0.0245633	0.0133731	0.000349547	0	5.110378	1.714039	0.9638855	0.0361145	51.76538
2660	6.45959	-24.7959	31.2554	0.571879	0.428121	1.474189	0.370025	0.357266	0.237712	0.119163	0.0245789	0.0137528	0.000351648	0	6.249331	1.825176	0.4281215	0.5718785	66.8615
2670	8.47005	-26.5833	35.0534	0.379834	0.620166	3.154733	0.371404	0.345381	0.234344	0.12129	0.0251301	0.0136666	0.000347733	0	2.451396	1.890631	0.620166	0.379834	77.73751
2680	7.85997	-24.4665	32.3265	0.359998	0.640002	2.592905	0.37854	0.347589	0.242388	0.120821	0.0239876	0.0135057	0.00035604	0	5.178274	1.927286	0.6400021	0.3599979	84.58358
2690	6.97431	-29.0139	35.9882	0.662834	0.337166	2.318812	0.372914	0.351591	0.24536	0.118466	0.0244818	0.0135292	0.000355894	0	1.516541	1.857314	0.3371661	0.6628339	71.99694
2700	8.4379	-24.2896	32.7275	0.190577	0.809423	0.6309906	0.375057	0.348487	0.244549	0.123367	0.0244734	0.0134847	0.00036534	0	4.777228	1.983973	0.8094234	0.1905766	96.37687
2710	1.37974	-27.1831	28.5629	0.524236	0.475764	2.020025	0.364615	0.349812	0.245705	0.120257	0.024019	0.0136129	0.00036424	0	8.941891	1.238196	0.4757644	0.5242356	17.30597
2720	8.39838	-27.1564	35.5548	0.451513	0.548487	3.287279	0.377474	0.347784	0.236393	0.123037	0.0242765	0.013908	0.000357441	0	1.949976	1.93236	0.5484873	0.4515127	85.57749
2730	3.2311	-30.3868	33.6179	0.64494	0.35506	0.8530689	0.380441	0.348001	0.23982	0.12014	0.0240442	0.0136302	0.000358894	0	3.886849	1.102484	0.3550601	0.6449399	12.66147
2740	6.31785	-23.5477	29.8655	0.39211	0.60789	0.4470044	0.368632	0.348945	0.240176	0.122161	0.0245963	0.0139525	0.00034729	0	7.639247	1.974308	0.6078899	0.3921101	94.2557
2750	7.99233	-24.3687	32.361	0.430483	0.569517	1.667266	0.369824	0.347163	0.242819	0.119754	0.0240776	0.0138789	0.000356188	0	5.143746	1.967212	0.5695167	0.4304833	92.72821
2760	7.56717	-27.9809	35.548	0.563653	0.436347	3.96861	0.371432	0.351057	0.234851	0.121172	0.0242103	0.0140307	0.000358653	0	1.956745	1.846621	0.4363473	0.5636527	70.24591
2770	7.60207	-27.7943	35.3963	0.420427	0.579573	2.500291	0.367952	0.34966	0.235288	0.121615	0.024983	0.0133482	0.000348783	0	2.108444	1.74854	0.5795725	0.4204275	56.04546
2780	9.05576	-26.9974	36.0531	0.0312631	0.968737	3.318069	0.366803	0.349253	0.236968	0.11881	0.0248006	0.0133484	0.000352636	0	1.451624	1.987296	0.9687369	0.03126313	97.11708
2790	5.60738	-25.9064	31.5138	0.974284	0.0257155	4.027491	0.373851	0.348882	0.237675	0.119538	0.0250431	0.0137946	0.000358349	0	5.990983	1.902659	0.02571551	0.9742845	79.92061
2800	8.11861	-27.0878	35.2065	0.174414	0.825586	4.170093	0.373169	0.346997	0.239992	0.1208	0.0249103	0.0136108	0.00034764	0	2.298313	1.795774	0.825586	0.174414	62.48475
2810	6.81297	-25.0396	31.8526	0.0728061	0.927194	3.896712	0.377922	0.352106	0.234417	0.120549	0.0241943	0.013624	0.000351523	0	5.652221	1.755378	0.9271939	0.07280611	56.93481
2820	8.46145	-26.2126	34.674	0.484713	0.515287	1.070749	0.376847	0.356269	0.237494	0.124374	0.0247049	0.0140011	0.000349958	0	2.83076	1.999806	0.5152867	0.4847133	99.95538
2830	8.83653	-26.0894	34.9259	0.222361	0.777639	1.915193	0.37834	0.345389	0.246304	0.122402	0.0239497	0.0138704	0.000347666	0	2.578874	1.910308	0.7776386	0.2223614	81.34064
2840	5.5109	-29.5742	35.0851	0.0177406	0.982259	6.838767	0.379039	0.361737	0.243389	0.122642	0.0239079	0.0138164	0.000349926	0	2.419669	1.611857	0.9822594	0.01774061	40.9126
2850	7.01133	-25.3644	32.3758	0.742522	0.257478	2.824753	0.376253	0.348337	0.242482	0.120458	0.0239765	0.0140331	0.000347727	0	5.129002	1.903202	0.2574781	0.7425219	80.02056
2860	4.8467	-30.3666	35.2133	0.121253	0.878747	2.147448	0.374594	0.349035	0.24354	0.119006	0.0245646	0.013417	0.000350314	0	2.29144	1.126422	0.8787468	0.1212532	13.37895
2870	8.76802	-26.189	34.957	0.148362	0.851638	4.686424	0.366137	0.351609	0.242773	0.120801	0.0240804	0.0133794	0.000364487	0	2.547774	1.949121	0.8516382	0.1483618	88.94496
2880	8.30668	-27.3377	35.6444	0.220044	0.779956	4.568285	0.366795	0.356783	0.240338	0.118413	0.024319	0.0137684	0.000362123	0	1.860362	1.892033	0.7799558	0.2200442	77.98885
2890	5.72844	-24.0211	29.7495	0.362728	0.637272	1.052961	0.373321	0.352164	0.23703	0.118817	0.0239227	0.0139954	0.000354125	0	7.755252	1.815099	0.6372721	0.3627279	65.32793
2900	8.76166	-26.4228	35.1844	0.0780207	0.921979	4.150205	0.364116	0.351245	0.243691	0.119722	0.0243239	0.0137805	0.000357629	0	2.320331	1.868295	0.9219793	0.07802073	73.84054
2910	6.7453	-28.5238	35.2691	0.303518	0.696482	4.265909	0.366508	0.354297	0.244505	0.119082	0.0247568	0.0138899	0.000355745	0	2.235636	1.607504	0.6964825	0.3035175	40.50457
2920	8.83127	-26.7173	35.5486	0.337329	0.662671	2.638107	0.366353	0.351741	0.242405	0.124003	0.0246745	0.0140137	0.000353617	0	1.956184	1.983239	0.6626714	0.3373286	96.21426
2930	8.12633	-24.3314	32.4577	0.166538	0.833462	3.476641	0.378837	0.360439	0.245197	0.124062	0.0250844	0.0139258	0.000348802	0	5.047091	1.969314	0.8334617	0.1665383	93.17804
2940	5.20583	-28.5045	33.7103	0.138832	0.861168	4.115072	0.37423	0.352	0.236011	0.12261	0.0250245	0.0137956	0.000349793	0	3.794437	1.35502	0.861168	0.138832	22.64748
2950	7.21431	-29.1764	36.3907	0.237821	0.762179	3.505709	0.382957	0.353504	0.234973	0.122228	0.0240843	0.0137359	0.000356428	0	1.114049	1.804461	0.7621793	0.2378207	63.74716
2960	7.66614	-27.5715	35.2376	0.264126	0.735874	5.490858	0.363966	0.361381	0.23943	0.119844	0.0241022	0.0136653	0.000354011	0	2.267152	1.897386	0.7358739	0.2641261	78.95625
2970	6.19173	-27.7734	33.9652	0.290067	0.709933	4.123773	0.369464	0.359834	0.238166	0.119636	0.0243537	0.0134589	0.000352664	0	3.53959	1.535573	0.7099332	0.2900668	34.32203
2980	7.54172	-28.6692	36.2109	0.171812	0.828188	2.998527	0.366157	0.353491	0.239838	0.121419	0.0239186	0.0137009	0.000349512	0	1.293844	1.778212	0.8281882	0.1718118	60.00838
2990	7.31045	-26.1662	33.4767	0.629504	0.370496	3.59003	0.36569	0.358905	0.237074	0.119023	0.0242446	0.0139991	0.00034888	0	4.028091	1.848516	0.3704959	0.6295041	70.55303
3000	9.40849	-25.1675	34.576	0.107998	0.892002	2.966521	0.368481	0.357928	0.234846	0.123541	0.0242141	0.013754	0.000353863	0	2.9288	1.977743	0.8920019	0.1079981	95.00431
3010	7.83121	-24.6951	32.5263	0.210149	0.789851	1.794092	0.379597	0.346667	0.239177	0.121496	0.0250537	0.0137646	0.000353965	0	4.978503	1.819438	0.7898514	0.2101486	65.9839
3020	7.32627	-28.6503	35.9766	0.156686	0.843314	2.856808	0.38137	0.34795	0.236073	0.12141	0.024734	0.0135785	0.000350973	0	1.528164	1.661354	0.8433139	0.1566861	45.85154
3030	8.69053	-24.734	33.4245	0.10026	0.89974	3.869897	0.3748	0.345329	0.243743	0.122377	0.0244952	0.0137575	0.000356541	0	4.080286	1.957889	0.89974	0.10026	90.75894
3040	7.28424	-25.952	33.2362	0.0366282	0.963372	5.689169	0.378081	0.346154	0.244647	0.121447	0.0247727	0.0137325	0.000356427	0	4.268524	1.937981	0.9633718	0.0366282	86.69242
3050	7.56206	-27.1327	34.6948	0.755709	0.244291	0.9455754	0.371132	0.348654	0.241918	0.119992	0.0244692	0.0135825	0.000358877	0	2.809961	1.933638	0.2442913	0.7557087	85.8298
3060	8.87088	-24.9924	33.8633	0.0910396	0.90896	2.143716	0.36751	0.347258	0.244504	0.122296	0.0247765	0.0137205	0.000356222	0	3.641484	1.870047	0.9089604	0.09103955	74.139
3070	8.71241	-25.0559	33.7683	0.306812	0.693188	2.29434	0.370459	0.359046	0.236358	0.124351	0.0246141	0.0138401	0.000365398	0	3.736476	1.92205	0.693188	0.306812	83.56985
3080	7.30182	-27.6104	34.9123	0.915883	0.0841166	1.266089	0.371403	0.354017	0.238162	0.122139	0.0242212	0.0138909	0.000362916	0	2.592509	1.963672	0.08411658	0.9158834	91.97553
3090	6.05603	-26.8423	32.8983	0.96592	0.0340797	0.7639216	0.372476	0.358546	0.236428	0.121204	0.0250881	0.0139258	0.000362492	0	4.606437	1.789644	0.03407971	0.9659203	61.60894
3100	8.15403	-27.6079	35.7619	0.337031	0.662969	2.427042	0.375305	0.354536	0.242411	0.119497	0.0247451	0.013542	0.000363478	0	1.742884	1.861833	0.662969	0.337031	72.75006
3110	8.4336	-26.8043	35.2379	0.330497	0.669503	4.938717	0.382746	0.357094	0.245552	0.11891	0.0243812	0.0138926	0.000357244	0	2.266823	1.994423	0.6695028	0.3304972	98.72412
3120	7.56825	-24.1816	31.7498	0.47593	0.52407	1.704812	0.378395	0.358127	0.246182	0.121879	0.0241343	0.0133673	0.000356874	0	5.754929	1.964035	0.52407	0.47593	92.05236
3130	8.00113	-28.2216	36.2227	0.117401	0.882599	5.134613	0.368494	0.352257	0.245106	0.123455	0.0242157	0.0140298	0.000352236	0	1.282051	1.94879	0.8825991	0.1174009	88.87713
3140	6.81323	-25.9877	32.8009	0.308357	0.691643	3.378173	0.375099	0.359116	0.244135	0.120306	0.0244345	0.0133714	0.000362294	0	4.703847	1.665381	0.691643	0.308357	46.27867
3150	8.94608	-24.3198	33.2659	0.155569	0.844431	1.609053	0.368131	0.358251	0.242747	0.119125	0.024845	0.0134913	0.000361002	0	4.238845	1.982043	0.8444313	0.1555687	95.9495
3160	8.409	-25.0831	33.4921	0.503667	0.496333	2.696325	0.371084	0.361361	0.24198	0.11879	0.0249843	0.0133484	0.000361032	0	4.012638	1.971027	0.4963325	0.5036675	93.54648
3170	6.21536	-26.7302	32.9455	0.471953	0.528047	3.040304	0.381397	0.357186	0.238266	0.119576	0.024526	0.013351	0.000359437	0	4.559231	1.586734	0.5280468	0.4719532	38.61304
3180	6.56893	-28.1515	34.7204	0.205814	0.794186	3.065994	0.378579	0.346611	0.23431	0.118741	0.0249147	0.0136495	0.00036398	0	2.784359	1.448447	0.7941861	0.2058139	28.08321
3190	7.31359	-28.4717	35.7853	0.0125821	0.987418	6.604392	0.37665	0.356862	0.239603	0.119163	0.0249684	0.0140086	0.000360737	0	1.719432	1.910045	0.9874179	0.01258213	81.29151
3200	7.50062	-26.0495	33.5502	0.816626	0.183374	2.851331	0.371338	0.356663	0.24098	0.121848	0.0246888	0.0138032	0.00034903	0	3.954612	1.927686	0.1833737	0.8166263	84.66155
3210	6.59784	-25.7998	32.3976	0.661485	0.338515	2.398427	0.380756	0.35489	0.236954	0.122598	0.0251004	0.0139948	0.000353156	0	5.10715	1.76351	0.3385154	0.6614846	58.0109
3220	7.29948	-27.3296	34.6291	0.223676	0.776324	2.477352	0.372902	0.345133	0.239224	0.119939	0.024773	0.0138761	0.000353233	0	2.875663	1.569041	0.7763241	0.2236759	37.0716
3230	7.07936	-27.8091	34.8884	0.0993214	0.900679	2.394626	0.381214	0.360219	0.241649	0.118986	0.0240452	0.0139811	0.000354921	0	2.616331	1.475069	0.9006786	0.09932141	29.85854
3240	7.9788	-28.4157	36.3945	0.200036	0.799964	2.460281	0.365043	0.361021	0.235525	0.123953	0.0244971	0.0136485	0.000362514	0	1.110258	1.987178	0.7999643	0.2000357	97.09088
3250	8.14945	-26.6756	34.825	0.599417	0.400583	2.498846	0.366239	0.358964	0.245108	0.11944	0.0239854	0.0140204	0.000353597	0	2.679728	1.903153	0.4005829	0.5994171	80.01162
3260	8.43586	-25.0094	33.4453	0.165521	0.834479	3.056151	0.371679	0.358911	0.245843	0.123294	0.0242621	0.0133977	0.000360605	0	4.059477	1.853007	0.8344787	0.1655213	71.28647
3270	8.86672	-25.3177	34.1844	0.135178	0.864822	2.459897	0.382577	0.348781	0.244077	0.11867	0.0240556	0.0136164	0.000362623	0	3.320348	1.856349	0.8648225	0.1351775	71.83721
3280	8.90647	-25.6087	34.5151	0.327856	0.672144	3.488745	0.377116	0.351236	0.241822	0.120206	0.0241412	0.0135884	0.000350157	0	2.989641	1.980727	0.6721438	0.3278562	95.65923
3290	8.58283	-25.5581	34.141	0.20416	0.79584	2.527622	0.370611	0.348121	0.244934	0.120392	0.0246254	0.0136145	0.00034765	0	3.363814	1.843724	0.7958405	0.2041595	69.77894
3300	7.28176	-26.0221	33.3039	0.540419	0.459581	3.414608	0.377635	0.361038	0.246087	0.120583	0.0249374	0.0136799	0.000348885	0	4.200918	1.810478	0.4595809	0.5404191	64.63651
3310	6.43677	-25.3904	31.8272	0.888536	0.111464	0.3293113	0.372976	0.360666	0.246274	0.119755	0.0249684	0.0134353	0.00035082	0	5.67757	1.92181	0.1114641	0.8885359	83.52376
3320	7.61145	-25.9513	33.5627	0.417377	0.582623	0.101427	0.382814	0.34591	0.24446	0.123277	0.0244515	0.0137024	0.000354276	0	3.942063	1.88559	0.5826233	0.4173767	76.84044
3330	6.00785	-27.4938	33.5017	0.182778	0.817222	0.09244625	0.378339	0.347058	0.242372	0.119564	0.0241653	0.01399	0.000351947	0	4.00312	1.41181	0.8172217	0.1827783	25.81132
3340	7.73162	-26.2192	33.9508	0.408834	0.591166	0.1588345	0.379017	0.360236	0.246032	0.122657	0.0241847	0.0138406	0.000354581	0	3.553945	1.89176	0.5911663	0.4088337	77.93996
3350	8.16455	-28.0812	36.2458	0.300554	0.699446	3.368067	0.382925	0.359224	0.244734	0.121427	0.0239877	0.0136334	0.000361874	0	1.258972	1.965564	0.6994461	0.3005539	92.37701
3360	8.2455	-25.9702	34.2157	0.406624	0.593376	3.352755	0.381486	0.355593	0.241733	0.123589	0.0242368	0.0135463	0.000357458	0	3.28909	1.86564	0.5933757	0.4066243	73.39049
3370	8.42401	-26.3139	34.7379	0.0445815	0.955419	0.156547	0.369121	0.351414	0.240993	0.12129	0.0243018	0.0135707	0.000352751	0	2.766864	1.929471	0.9554185	0.04458146	85.01022
3380	5.93559	-25.3741	31.3097	0.794687	0.205313	0.03558206	0.365297	0.349638	0.234958	0.120316	0.0249452	0.0137565	0.000359706	0	6.195055	1.850941	0.2053133	0.7946867	70.94809
3390	7.33743	-26.2131	33.5505	0.38204	0.61796	0.01235619	0.367087	0.353793	0.234318	0.123729	0.0246359	0.0136447	0.000352194	0	3.954282	1.816831	0.6179604	0.3820396	65.58906
3400	7.24775	-25.7739	33.0217	0.638349	0.361651	0.04626857	0.374393	0.354774	0.234968	0.120769	0.0246864	0.0137068	0.000354816	0	4.483108	1.932014	0.3616513	0.6383487	85.50946
3410	6.93041	-27.6538	34.5842	0.428863	0.571137	0.005962149	0.374695	0.354776	0.236677	0.119179	0.0242971	0.0136725	0.00034963	0	2.920535	1.751386	0.5711369	0.4288631	56.41388
3420	6.64288	-24.882	31.5248	0.848446	0.151554	0.1165429	0.363972	0.359616	0.240466	0.120701	0.0241155	0.0134409	0.0003478	0	5.979932	1.994166	0.1515545	0.8484455	98.66556
3430	8.09112	-25.5368	33.6279	0.369174	0.630826	1.005008	0.367389	0.350589	0.242755	0.123061	0.0240362	0.0133749	0.000347511	0	3.876826	1.879266	0.6308258	0.3691742	75.72957
3440	7.44613	-27.9595	35.4057	0.451597	0.548403	4.556216	0.378783	0.35615	0.240588	0.119705	0.0240408	0.0136556	0.000354778	0	2.099094	1.817004	0.5484034	0.4515966	65.61517
3450	5.81937	-30.0102	35.8296	0.0887188	0.911281	3.189872	0.366615	0.35046	0.241408	0.118783	0.0246506	0.013733	0.000353425	0	1.675182	1.345026	0.9112812	0.08871883	22.13228
3460	6.99976	-25.9649	32.9647	0.828646	0.171354	3.114603	0.36783	0.361789	0.238879	0.121715	0.0251254	0.0138765	0.000349958	0	4.540121	1.892614	0.1713545	0.8286455	78.09325
3470	8.54876	-27.3162	35.865	0.000597483	0.999403	1.122444	0.371845	0.357175	0.239578	0.119657	0.0244094	0.0140137	0.000352391	0	1.639813	1.96759	0.9994025	0.0005974835	92.80903
3480	9.39256	-24.328	33.7206	0.000797805	0.999202	1.729828	0.378017	0.360787	0.243647	0.119993	0.0251069	0.0138366	0.000358277	0	3.784214	1.98614	0.9992022	0.0007978054	96.85892
3490	6.92891	-26.4135	33.3424	0.56975	0.43025	4.658046	0.377656	0.361774	0.242301	0.120135	0.0247347	0.0139518	0.00035458	0	4.162348	1.867141	0.43025	0.56975	73.64467
3500	8.15985	-25.338	33.4978	0.548287	0.451713	2.086088	0.372298	0.346864	0.242103	0.119869	0.0241958	0.0139425	0.000362117	0	4.006954	1.922376	0.4517131	0.5482869	83.63276
3510	7.41804	-24.9892	32.4072	0.291321	0.708679	3.904088	0.366392	0.346479	0.246261	0.121914	0.0247565	0.0134554	0.000361723	0	5.097569	1.8758	0.7086788	0.2913212	75.12776
3520	7.60812	-27.7634	35.3715	0.267118	0.732882	5.715295	0.375312	0.349296	0.23858	0.121241	0.0248742	0.013402	0.000362846	0	2.13329	1.918051	0.7328817	0.2671183	82.804
3530	8.58696	-25.304	33.8909	0.226096	0.773904	2.204969	0.367856	0.354865	0.239798	0.118737	0.0244638	0.0137789	0.000356981	0	3.613858	1.857032	0.7739043	0.2260957	71.95021
3540	9.24084	-25.1947	34.4355	0.0576081	0.942392	2.980413	0.366384	0.357488	0.235761	0.118533	0.0239011	0.0134901	0.00035672	0	3.06923	1.913676	0.9423919	0.05760815	81.97398
3550	7.28548	-24.6564	31.9419	0.117934	0.882066	3.713466	0.366052	0.357137	0.240673	0.121914	0.0241291	0.0139757	0.000359787	0	5.562868	1.830783	0.8820661	0.1179339	67.73037
3560	8.69826	-27.4303	36.1286	0.0115928	0.988407	2.915064	0.364851	0.351865	0.242679	0.120207	0.0245297	0.0135758	0.000354898	0	1.376208	1.918595	0.9884072	0.01159283	82.90769
3570	8.58963	-25.5696	34.1593	0.339775	0.660225	2.665314	0.369646	0.351997	0.244957	0.119754	0.0247912	0.013547	0.000356671	0	3.345499	1.893698	0.6602249	0.3397751	78.28847
3580	9.09675	-25.9352	35.032	0.00226729	0.997733	3.484181	0.370255	0.354389	0.245694	0.118433	0.0245563	0.0137768	0.0003644	0	2.472813	1.852019	0.9977327	0.002267294	71.12453
3590	7.09085	-27.9869	35.0778	0.132531	0.867469	1.686827	0.382766	0.350101	0.24567	0.118651	0.0249694	0.013547	0.000364553	0	2.426976	1.49466	0.8674688	0.1325312	31.23632
3600	7.70096	-26.0084	33.7094	0.844605	0.155395	1.794601	0.368031	0.344229	0.246466	0.121206	0.0250044	0.0133504	0.000365117	0	3.795393	1.947728	0.1553954	0.8446046	88.66011
3610	6.45792	-24.3934	30.8513	0.873205	0.126795	1.528553	0.37174	0.348257	0.242962	0.118499	0.0246297	0.0134815	0.000361395	0	6.653502	1.966209	0.1267947	0.8732053	92.51437
3620	7.92225	-26.6014	34.5237	0.837785	0.162215	2.140667	0.371608	0.350701	0.239699	0.120503	0.024016	0.0137784	0.000364286	0	2.98108	1.970428	0.1622155	0.8377845	93.41736
3630	8.28586	-26.724	35.0099	0.623061	0.376939	2.61332	0.380754	0.350481	0.244248	0.119547	0.0245122	0.0135738	0.000359001	0	2.494902	1.944562	0.376939	0.623061	88.01612
3640	8.09657	-26.5212	34.6178	0.342182	0.657818	4.276095	0.372653	0.346399	0.244502	0.123077	0.0245178	0.0133507	0.00036528	0	2.886972	1.854351	0.6578179	0.3421821	71.50745
3650	7.69465	-28.6773	36.372	0.151769	0.848231	2.368898	0.368741	0.346406	0.242487	0.124469	0.0246641	0.0135241	0.000360507	0	1.132798	1.891764	0.8482308	0.1517692	77.94069
3660	7.44918	-27.2598	34.7089	0.44875	0.55125	1.74278	0.368845	0.360986	0.243973	0.122435	0.0250999	0.0139803	0.000356166	0	2.795825	1.696388	0.5512503	0.4487497	49.70361
3670	6.27279	-28.0526	34.3254	0.87112	0.12888	5.269637	0.370701	0.35576	0.238312	0.123706	0.0249902	0.013929	0.000349019	0	3.179406	1.907799	0.1288801	0.8711199	80.87215
3680	5.16456	-31.6964	36.861	0.130185	0.869815	1.323339	0.378893	0.356613	0.242307	0.122447	0.0247424	0.0138972	0.000356039	0	0.6437758	1.929704	0.8698149	0.1301851	85.05578
3690	7.288	-24.8108	32.0988	0.263609	0.736391	2.553954	0.381562	0.35268	0.237146	0.124317	0.024725	0.0139488	0.000356373	0	5.405961	1.786293	0.7363909	0.2636091	61.13548
3700	5.87914	-26.3561	32.2353	0.300651	0.699349	2.827968	0.381119	0.353733	0.235505	0.12427	0.0244053	0.0138572	0.000364431	0	5.269511	1.512972	0.6993494	0.3006506	32.58158
3710	7.86754	-23.8984	31.766	0.202233	0.797767	1.136945	0.38164	0.34419	0.236956	0.123647	0.0240568	0.0139259	0.000356741	0	5.738784	1.943585	0.7977673	0.2022327	87.81822
3720	8.67147	-25.3314	34.0029	0.11567	0.88433	1.599669	0.373463	0.354947	0.240306	0.122758	0.0244098	0.0135568	0.000364209	0	3.501903	1.826277	0.8843297	0.1156703	67.03118
3730	7.88065	-27.6665	35.5471	0.113772	0.886228	0.0987909	0.364912	0.351666	0.23572	0.12258	0.0249532	0.0135887	0.000351394	0	1.957667	1.983164	0.8862281	0.1137719	96.19746
3740	8.67446	-25.5381	34.2126	0.000858813	0.999141	1.760592	0.36594	0.349532	0.23527	0.121438	0.0247206	0.0135143	0.000350341	0	3.292167	1.776068	0.9991412	0.0008588131	59.71281
3750	8.8829	-25.6931	34.576	0.237498	0.762502	1.916465	0.379342	0.361803	0.241049	0.118742	0.0248511	0.0135518	0.000355709	0	2.928798	1.913304	0.7625021	0.2374979	81.9038
3760	8.4714	-26.1302	34.6016	0.221522	0.778478	2.846065	0.365041	0.357195	0.238481	0.120307	0.0248588	0.0136125	0.000356119	0	2.903187	1.803474	0.778478	0.221522	63.60241
3770	9.51836	-24.9896	34.5079	0.0024897	0.99751	2.884452	0.36468	0.3538	0.23965	0.11848	0.0248788	0.0138026	0.000351084	0	2.996848	1.962745	0.9975103	0.0024897	91.77929
3780	7.11161	-26.197	33.3086	0.360572	0.639428	0.5783075	0.364003	0.357645	0.235388	0.11935	0.0251039	0.0138116	0.000349284	0	4.19613	1.698042	0.639428	0.360572	49.89323
3790	3.28382	-32.1882	35.4721	0.171939	0.828061	3.124024	0.366999	0.355853	0.235177	0.118728	0.0246545	0.0133699	0.00035064	0	2.032718	1.023956	0.8280611	0.1719389	10.56711
3800	5.82561	-23.1222	28.9478	0.200697	0.799303	1.051812	0.373761	0.353723	0.23529	0.120775	0.0248236	0.0134861	0.00036257	0	8.556963	1.917304	0.7993031	0.2006969	82.66157
3810	7.90054	-25.9435	33.844	0.436043	0.563957	4.66468	0.379171	0.35874	0.234657	0.119417	0.0250928	0.0137076	0.000362797	0	3.660729	1.953994	0.5639566	0.4360434	89.94857
3820	7.26739	-24.1602	31.4276	0.234448	0.765552	3.129047	0.369685	0.347931	0.235424	0.120696	0.0248609	0.0136116	0.0003557	0	6.077159	1.915798	0.7655516	0.2344484	82.3754
3830	8.1879	-26.9468	35.1346	0.412659	0.587341	1.670109	0.371228	0.348249	0.239947	0.122835	0.0250716	0.0135671	0.000354058	0	2.370124	1.868264	0.5873414	0.4126586	73.83528
3840	8.57023	-25.0847	33.6549	0.213982	0.786018	4.249782	0.368022	0.344577	0.241554	0.122395	0.0251378	0.0134888	0.000351542	0	3.84983	1.999193	0.7860176	0.2139824	99.81443
3850	8.2714	-27.3637	35.6351	0.245531	0.754469	3.332644	0.367183	0.34604	0.244852	0.120666	0.0249014	0.0133621	0.00034749	0	1.869698	1.83843	0.7544687	0.2455313	68.93342
3860	5.08632	-30.8491	35.9354	0.0460061	0.953994	5.675658	0.372252	0.357836	0.244288	0.119969	0.0245287	0.0135291	0.000356309	0	1.569388	1.457068	0.9539939	0.0460061	28.64624
3870	5.17185	-30.6823	35.8541	0.358995	0.641005	4.250393	0.374373	0.355666	0.236378	0.118472	0.0240922	0.0139513	0.000356162	0	1.650628	1.434882	0.6410054	0.3589946	27.21962
3880	7.47226	-27.7665	35.2388	0.220357	0.779643	6.052114	0.37984	0.34821	0.238571	0.12173	0.0245156	0.013916	0.000357432	0	2.265999	1.941362	0.7796426	0.2203574	87.36997
3890	8.6923	-26.3773	35.0696	0.105822	0.894178	3.223392	0.382606	0.345029	0.241428	0.12412	0.0247192	0.0140128	0.00036399	0	2.435141	1.800319	0.894178	0.105822	63.14207
3900	8.17255	-24.5076	32.6802	0.191567	0.808433	3.072454	0.377096	0.356506	0.24081	0.120362	0.0246033	0.0139283	0.00035923	0	4.824587	1.905454	0.8084335	0.1915665	80.43659
3910	8.85064	-26.4745	35.3251	0.0338255	0.966174	1.176358	0.368221	0.344217	0.244534	0.119416	0.024166	0.0138814	0.000353843	0	2.179656	1.9201	0.9661745	0.03382555	83.19545
3920	6.55015	-25.9606	32.5107	0.638581	0.361419	2.930267	0.370734	0.346759	0.245725	0.122732	0.0245127	0.0138072	0.000358857	0	4.994042	1.748003	0.3614195	0.6385805	55.97618
3930	5.58135	-28.2645	33.8459	0.498697	0.501303	4.423882	0.3707	0.352772	0.241439	0.120576	0.0248233	0.0136743	0.00034821	0	3.658909	1.55523	0.5013034	0.4986966	35.91118
3940	7.33812	-26.7865	34.1246	0.958073	0.0419267	3.146792	0.368328	0.352124	0.239837	0.119589	0.0250206	0.0134879	0.000349156	0	3.380129	1.957198	0.04192674	0.9580733	90.61463
3950	7.18341	-27.8443	35.0277	0.208533	0.791467	5.236882	0.370053	0.351828	0.242819	0.121217	0.0242754	0.0136185	0.000351453	0	2.477074	1.750277	0.7914671	0.2085329	56.27002
3960	8.24613	-24.1236	32.3698	0.141185	0.858815	0.4264865	0.367453	0.361362	0.243435	0.119963	0.0249283	0.0133383	0.00035545	0	5.134995	1.991138	0.8588145	0.1411855	97.98017
3970	6.70161	-25.5385	32.2401	0.132137	0.867863	1.475685	0.373612	0.359136	0.242194	0.124321	0.0243863	0.0134106	0.000354371	0	5.26471	1.570635	0.8678629	0.1321371	37.20792
3980	7.69143	-25.7182	33.4096	0.0145812	0.985419	1.092664	0.382077	0.362266	0.239197	0.120134	0.0241969	0.0134005	0.000357261	0	4.095129	1.624793	0.9854188	0.0145812	42.14958
3990	8.67291	-25.044	33.7169	0.188697	0.811303	2.103232	0.381973	0.353716	0.236079	0.119699	0.0242442	0.0136732	0.000364048	0	3.787856	1.866217	0.8113026	0.1886974	73.48816
4000	6.1076	-25.5627	31.6703	0.224838	0.775162	3.054615	0.381338	0.355385	0.235577	0.120303	0.0242612	0.0135753	0.000355054	0	5.834427	1.617547	0.7751618	0.2248382	41.45214
4010	8.64588	-25.8203	34.4662	0.138014	0.861986	3.040119	0.378573	0.359746	0.236112	0.121394	0.0240845	0.0135201	0.000349035	0	3.038572	1.823003	0.8619862	0.1380138	66.52771
4020	5.61175	-26.0873	31.6991	0.277114	0.722886	3.93866	0.364435	0.356223	0.237351	0.120393	0.0242224	0.0139044	0.00034948	0	5.805709	1.625968	0.7228859	0.2771141	42.26375
4030	8.87133	-26.0771	34.9484	0.141816	0.858184	1.537852	0.370955	0.360855	0.236434	0.119613	0.0244279	0.0138244	0.000351677	0	2.556334	1.902967	0.8581836	0.1418164	79.97738
4040	7.79982	-27.4916	35.2914	0.0777577	0.922242	1.064934	0.377587	0.359356	0.236976	0.119265	0.0239798	0.0138089	0.000349974	0	2.213327	1.695826	0.9222423	0.0777577	49.63929
4050	7.28292	-25.3042	32.5871	0.0224368	0.977563	4.959204	0.382681	0.359379	0.238839	0.119286	0.0241392	0.0137435	0.000351467	0	4.917674	1.878578	0.9775632	0.02243678	75.60972
4060	8.52368	-23.9741	32.4978	0.0633549	0.936645	0.7417814	0.37679	0.356683	0.241189	0.118587	0.0243683	0.0133772	0.000347198	0	5.007009	1.994554	0.9366451	0.06335487	98.75379
4070	7.02925	-27.9922	35.0215	0.570393	0.429607	0.4572727	0.373527	0.355983	0.238631	0.124415	0.0239836	0.0138425	0.000357337	0	2.483292	1.803394	0.4296068	0.5703932	63.59072
4080	1.86754	-34.8397	36.7072	0.369838	0.630162	0.6389244	0.377088	0.353495	0.238706	0.123497	0.02408	0.0135401	0.000351351	0	0.7975402	1.276958	0.6301618	0.3698382	18.92163
4090	4.93248	-30.6275	35.5599	0.367609	0.632391	0.9782414	0.382535	0.358976	0.238074	0.121239	0.0249325	0.0136514	0.000351898	0	1.944831	1.306983	0.6323908	0.3676092	20.27603
4100	8.49393	-25.3872	33.8811	0.389697	0.610303	3.218466	0.375153	0.352441	0.238749	0.122361	0.0242655	0.0138438	0.0003498	0	3.623629	1.940677	0.6103033	0.3896967	87.23232
4110	7.38508	-24.5867	31.9718	0.0701167	0.929883	2.621581	0.382028	0.347096	0.234988	0.124081	0.0242476	0.0139361	0.000355348	0	5.533011	1.752352	0.9298833	0.07011668	56.53945
4120	7.6652	-27.9316	35.5968	0.464578	0.535422	4.532384	0.366585	0.361924	0.234429	0.124432	0.0239766	0.0139614	0.000351649	0	1.907925	1.874325	0.5354223	0.4645777	74.87294
4130	7.52841	-25.1945	32.723	0.0636704	0.93633	3.549836	0.371174	0.354808	0.238778	0.12446	0.0239248	0.0136329	0.000347835	0	4.781814	1.750068	0.9363296	0.06367042	56.24297
4140	7.40742	-24.1084	31.5158	0.283403	0.716597	1.038463	0.376341	0.357329	0.240829	0.122814	0.0246521	0.0134786	0.000359414	0	5.988984	1.896835	0.7165972	0.2834028	78.85601
4150	3.651	-27.7614	31.4124	0.331541	0.668459	4.533504	0.366598	0.360156	0.24609	0.11829	0.0245717	0.0133492	0.000362155	0	6.092356	1.424434	0.6684588	0.3315412	26.57261
4160	7.92675	-25.9621	33.8889	0.713069	0.286931	3.942357	0.366652	0.359633	0.241344	0.122985	0.0246437	0.0133569	0.000354973	0	3.615885	1.996988	0.2869314	0.7130686	99.3089
4170	9.47995	-25.0154	34.4954	0.0885982	0.911402	2.120542	0.369941	0.346068	0.245237	0.12042	0.0245147	0.0136113	0.000361713	0	3.009393	1.983064	0.9114018	0.08859824	96.1754
4180	8.70311	-24.8632	33.5664	0.181461	0.818539	2.36905	0.367512	0.350984	0.239503	0.120222	0.0250928	0.0136258	0.000365297	0	3.93842	1.884603	0.8185393	0.1814607	76.66595
4190	4.06962	-26.5093	30.5789	0.400185	0.599815	5.464032	0.378334	0.358626	0.242715	0.122751	0.0247007	0.0137814	0.000362408	0	6.925899	1.750638	0.5998153	0.4001847	56.31682
4200	5.71015	-24.9772	30.6873	0.689913	0.310087	4.522915	0.37607	0.34795	0.244034	0.122484	0.0248768	0.0136382	0.000363272	0	6.817444	1.993475	0.3100874	0.6899126	98.50872
4210	9.0305	-27.0035	36.034	0.0431116	0.956888	2.557736	0.376947	0.347535	0.241083	0.122645	0.0246093	0.0138549	0.000365248	0	1.470748	1.986384	0.9568884	0.04311162	96.91341
4220	2.22076	-29.4147	31.6355	0.145208	0.854792	7.219884	0.37962	0.345325	0.236214	0.122384	0.0244594	0.0139757	0.000355724	0	5.869319	1.496426	0.8547921	0.1452079	31.3636
4230	7.67492	-28.2449	35.9198	0.146552	0.853448	4.907795	0.381422	0.34473	0.235832	0.122976	0.0239102	0.0137414	0.000359451	0	1.584939	1.805871	0.853448	0.146552	63.95452
4240	7.50838	-24.9369	32.4452	0.396783	0.603217	0.9773093	0.381053	0.351399	0.238165	0.122912	0.0243985	0.0139475	0.00035196	0	5.059534	1.854683	0.6032166	0.3967834	71.56215
4250	7.31505	-27.9295	35.2445	0.100252	0.899748	0.07102488	0.375516	0.353891	0.239387	0.121428	0.0242081	0.013971	0.000348777	0	2.260272	1.745055	0.8997475	0.1002525	55.59749
4260	8.24403	-26.1914	34.4354	0.207363	0.792637	1.382462	0.37559	0.351712	0.241815	0.118372	0.0239251	0.0139593	0.00035081	0	3.069356	1.780703	0.7926373	0.2073627	60.35357
4270	9.36478	-25.9849	35.3496	0.0913175	0.908683	2.625738	0.369273	0.348574	0.234937	0.118768	0.024617	0.0134589	0.000351113	0	2.155132	1.97697	0.9086825	0.09131749	94.83527
4280	7.49535	-25.4794	32.9747	0.69582	0.30418	4.014797	0.370242	0.345699	0.241583	0.12016	0.0245557	0.0134028	0.000359568	0	4.530053	1.987781	0.3041803	0.6958197	97.22574
4290	5.25613	-24.8491	30.1052	0.789814	0.210186	3.288932	0.365551	0.344355	0.245128	0.120179	0.0245386	0.0134302	0.000364922	0	7.399553	1.878551	0.2101863	0.7898137	75.60509
4300	6.79597	-27.9154	34.7113	0.30696	0.69304	0.9195533	0.364254	0.347916	0.243893	0.1224	0.0239975	0.0133742	0.000362192	0	2.793429	1.543488	0.6930402	0.3069598	34.95331
4310	6.58153	-25.4264	32.0079	0.609659	0.390341	1.424504	0.368935	0.359402	0.243865	0.123254	0.0238988	0.0133348	0.000361944	0	5.496839	1.759956	0.390341	0.609659	57.53815
4320	7.19069	-25.3683	32.559	0.373079	0.626921	3.762049	0.370017	0.34464	0.241729	0.122381	0.0241857	0.0133836	0.000364718	0	4.945747	1.818254	0.6269212	0.3730788	65.80432
4330	7.69232	-28.1682	35.8605	0.312905	0.687095	1.766825	0.365261	0.34928	0.241223	0.120966	0.0248454	0.0134571	0.000355377	0	1.644252	1.824873	0.6870955	0.3129045	66.81482
4340	6.66848	-27.9773	34.6457	0.465883	0.534117	5.389351	0.36766	0.350434	0.241714	0.118491	0.0250331	0.013408	0.000360694	0	2.859032	1.783813	0.5341166	0.4658834	60.7873
4350	3.75341	-30.0438	33.7972	0.873181	0.126819	3.671559	0.370179	0.348661	0.239416	0.119753	0.024477	0.0133332	0.000358653	0	3.707559	1.412544	0.1268194	0.8731806	25.85495
4360	8.98708	-25.1865	34.1736	0.271543	0.728457	3.186148	0.373265	0.36129	0.235496	0.122609	0.0240956	0.0137984	0.000364033	0	3.331162	1.963168	0.7284572	0.2715428	91.8687
4370	6.34151	-24.8454	31.1869	0.233311	0.766689	3.330577	0.37444	0.346137	0.235956	0.119733	0.0241597	0.0138537	0.000355745	0	6.317897	1.755096	0.7666885	0.2333115	56.89781
4380	6.20494	-30.1198	36.3247	0.0584721	0.941528	4.095866	0.371139	0.353478	0.242342	0.122492	0.0243681	0.0140186	0.0003481	0	1.180068	1.538759	0.9415279	0.05847213	34.57477
4390	6.70665	-29.7416	36.4482	0.430895	0.569105	1.647641	0.375018	0.361149	0.239874	0.12398	0.0249822	0.0140098	0.000354334	0	1.056526	1.950032	0.5691045	0.4308955	89.13167
4400	9.00759	-25.8771	34.8847	0.107555	0.892445	1.642927	0.377258	0.360894	0.244086	0.120688	0.0241142	0.0138245	0.00035702	0	2.6201	1.901826	0.892445	0.107555	79.76756
4410	7.83523	-26.026	33.8612	0.189861	0.810139	2.668727	0.376105	0.356301	0.240987	0.121864	0.0239746	0.0136759	0.00035463	0	3.643587	1.689538	0.8101392	0.1898608	48.92586
4420	6.25038	-24.7891	31.0395	0.0472356	0.952764	3.352585	0.363975	0.344763	0.238868	0.119184	0.0247346	0.0136532	0.000359796	0	6.465262	1.688818	0.9527644	0.04723564	48.84473
4430	6.29679	-29.6085	35.9053	0.810538	0.189462	1.392898	0.370715	0.360089	0.239062	0.121647	0.0247413	0.013384	0.000363716	0	1.599493	1.863186	0.189462	0.810538	72.97696
4440	6.89291	-27.8134	34.7063	0.107168	0.892832	2.482741	0.37159	0.354205	0.239417	0.123231	0.0251314	0.0133991	0.000355548	0	2.798474	1.448243	0.8928322	0.1071678	28.07003
4450	2.11628	-25.8351	27.9514	0.0722987	0.927701	1.52425	0.376404	0.36078	0.240704	0.124324	0.0247098	0.0135759	0.000363384	0	9.553381	1.252235	0.9277013	0.07229867	17.87455
4460	6.94057	-25.3494	32.29	0.590842	0.409158	3.294737	0.379471	0.359143	0.239239	0.123641	0.0246906	0.0136993	0.000349606	0	5.214761	1.863882	0.4091579	0.5908421	73.09398
4470	8.65576	-25.3086	33.9644	0.262363	0.737637	1.281528	0.382194	0.352201	0.238319	0.121798	0.0246444	0.0139562	0.000359396	0	3.540403	1.916688	0.7376373	0.2623627	82.54455
4480	8.37591	-24.5051	32.881	0.0833774	0.916623	1.337699	0.371438	0.34924	0.24529	0.120697	0.0239434	0.0139518	0.000361268	0	4.623741	1.854395	0.9166226	0.08337744	71.51471
4490	5.09531	-25.6011	30.6964	0.19941	0.80059	0.5971082	0.380503	0.354227	0.239417	0.124258	0.0248212	0.0139455	0.000365357	0	6.808346	1.457382	0.8005899	0.1994101	28.66701
4500	7.57712	-25.6451	33.2222	0.311732	0.688268	0.975302	0.378547	0.355029	0.235157	0.120582	0.0246974	0.0135719	0.000361492	0	4.282562	1.744885	0.6882676	0.3117324	55.57571
4510	6.7583	-28.5398	35.2981	0.333456	0.666544	0.7098901	0.381553	0.347634	0.236344	0.121951	0.024483	0.0135033	0.000354897	0	2.206635	1.628711	0.6665441	0.3334559	42.5315
4520	6.88378	-29.2893	36.1731	0.0605425	0.939457	0.7993616	0.372429	0.346822	0.237347	0.121595	0.0246958	0.0133922	0.0003522	0	1.331698	1.772794	0.9394575	0.06054255	59.26436
4530	8.10843	-23.3921	31.5005	0.0380598	0.96194	1.131378	0.37712	0.354648	0.236795	0.124407	0.0241202	0.0134818	0.000361448	0	6.00427	1.977942	0.9619402	0.03805977	95.04769
4540	6.14174	-29.0636	35.2053	0.411186	0.588814	5.822077	0.378658	0.345402	0.244443	0.124193	0.0242362	0.0134026	0.000349348	0	2.299466	1.725763	0.5888144	0.4111856	53.18176
4550	8.73737	-26.2944	35.0318	0.0367398	0.96326	4.923835	0.378392	0.346191	0.241976	0.12392	0.0240285	0.0136123	0.000353694	0	2.473018	1.939313	0.9632602	0.03673982	86.9587
4560	8.75931	-25.5695	34.3288	0.134949	0.865051	1.879879	0.378136	0.350988	0.244437	0.124008	0.0244434	0.0139338	0.000347863	0	3.175999	1.851981	0.8650514	0.1349486	71.11831
4570	6.97182	-26.9451	33.9169	0.635881	0.364119	5.108025	0.380873	0.350559	0.240318	0.12323	0.0242707	0.0140292	0.000358059	0	3.587843	1.911341	0.3641186	0.6358814	81.53447
4580	3.02575	-32.2977	35.3235	0.373504	0.626496	10.19528	0.371126	0.352287	0.245595	0.122409	0.0242802	0.0139457	0.000359965	0	2.181319	1.821031	0.6264958	0.3735042	66.2263
4590	9.2613	-24.9351	34.1964	0.175125	0.824875	2.995714	0.371387	0.346096	0.242005	0.121322	0.0244605	0.0140182	0.000360493	0	3.308353	1.986997	0.8248752	0.1751248	97.05027
4600	9.29699	-26.1327	35.4297	0.0858539	0.914146	3.286212	0.372077	0.346537	0.245277	0.119381	0.0247794	0.0139196	0.000357833	0	2.075039	1.954172	0.9141461	0.08585388	89.98529
4610	2.27562	-27.5792	29.8548	0.935676	0.0643236	1.764498	0.36923	0.354572	0.23973	0.121819	0.0246331	0.0140122	0.000364806	0	7.649981	1.412387	0.06432365	0.9356764	25.84561
4620	8.3876	-27.2598	35.6474	0.255243	0.744757	1.927657	0.368102	0.351409	0.23921	0.122134	0.0249548	0.0138001	0.000365342	0	1.85742	1.876815	0.7447571	0.2552429	75.30356
4630	6.59139	-27.5626	34.154	0.567998	0.432002	3.526595	0.369308	0.347381	0.245956	0.122975	0.0248763	0.0134639	0.00035982	0	3.350768	1.64012	0.4320019	0.5679981	43.6636
4640	8.27539	-26.607	34.8824	0.345994	0.654006	3.34244	0.370279	0.344743	0.244931	0.120923	0.0250172	0.0134918	0.000352015	0	2.622385	1.834716	0.6540061	0.3459939	68.3464
4650	9.46152	-25.8789	35.3404	0.0102035	0.989797	2.578218	0.37505	0.35095	0.241156	0.12332	0.0245978	0.0135613	0.000354432	0	2.164362	1.956778	0.9897965	0.01020346	90.52707
4660	5.93236	-25.2435	31.1758	0.166939	0.833061	0.887616	0.38231	0.358888	0.24282	0.121902	0.0246927	0.013732	0.00036505	0	6.328944	1.550171	0.8330607	0.1669393	35.49535
4670	7.58012	-27.3297	34.9098	0.842144	0.157856	1.38032	0.372311	0.360378	0.237097	0.123575	0.0239812	0.0137859	0.000354217	0	2.594996	1.969664	0.157856	0.842144	93.25324
4680	7.07577	-26.1591	33.2349	0.453539	0.546461	2.636302	0.36616	0.356214	0.236277	0.120405	0.0246281	0.0135437	0.000347511	0	4.269856	1.701896	0.546461	0.453539	50.33796
4690	8.19675	-24.84	33.0368	0.346725	0.653275	0.6042009	0.377212	0.350306	0.235768	0.121036	0.0239629	0.0133499	0.000352146	0	4.468016	1.973583	0.6532752	0.3467248	94.09861
4700	7.00927	-26.8342	33.8434	0.157602	0.842398	3.585847	0.372797	0.35177	0.24298	0.123331	0.0247869	0.0134982	0.000352394	0	3.661327	1.582747	0.8423979	0.1576021	38.26015
4710	8.3316	-26.0528	34.3844	0.199216	0.800784	2.714843	0.368596	0.356901	0.239936	0.118884	0.024105	0.0135821	0.000351963	0	3.120404	1.771919	0.8007842	0.1992158	59.1451
4720	8.41484	-27.276	35.6909	0.297615	0.702385	3.476694	0.382859	0.345378	0.235172	0.122236	0.0247679	0.0134294	0.000351154	0	1.813891	1.897294	0.7023848	0.2976152	78.93947
4730	4.6705	-23.9042	28.5747	0.0954372	0.904563	0.5844674	0.381712	0.349987	0.235441	0.119476	0.0245689	0.0134062	0.000347807	0	8.930037	1.690042	0.9045628	0.0954372	48.98264
4740	7.43865	-27.897	35.3357	0.585114	0.414886	2.72208	0.369556	0.355616	0.236083	0.119204	0.0244264	0.0133554	0.00035652	0	2.169085	1.779656	0.4148862	0.5851138	60.20822
4750	5.72861	-26.1733	31.9019	0.68104	0.31896	0.6054404	0.372191	0.347388	0.243055	0.119721	0.0239891	0.0133668	0.000363336	0	5.602823	1.653853	0.3189597	0.6810403	45.06639
4760	6.0747	-28.2326	34.3073	0.539445	0.460555	4.033634	0.375893	0.347457	0.238302	0.118706	0.0240951	0.013386	0.000363273	0	3.197509	1.576237	0.4605546	0.5394454	37.69099
4770	7.37355	-28.7496	36.1231	0.24684	0.75316	3.485766	0.376504	0.34855	0.240307	0.119603	0.024227	0.0133554	0.000347253	0	1.38165	1.760213	0.7531598	0.2468402	57.57228
4780	7.91076	-27.1081	35.0188	0.437364	0.562636	2.452722	0.367734	0.350122	0.241812	0.118865	0.0240592	0.0135405	0.000348018	0	2.485944	1.790329	0.5626356	0.4373644	61.70626
4790	8.66176	-25.5255	34.1872	0.467687	0.532313	1.862296	0.374245	0.359321	0.239885	0.120339	0.0243135	0.0135808	0.000358701	0	3.317524	1.97062	0.5323125	0.4676875	93.45872
4800	6.84499	-25.9411	32.7861	0.421358	0.578642	2.663818	0.374274	0.35232	0.236619	0.122219	0.0250998	0.0140259	0.000359564	0	4.718701	1.674153	0.5786416	0.4213584	47.22289
4810	8.08683	-27.0127	35.0995	0.0661976	0.933802	1.592391	0.382921	0.354059	0.238889	0.121493	0.0249826	0.0135874	0.000349097	0	2.405261	1.691514	0.9338024	0.06619761	49.14891
4820	6.20255	-26.5311	32.7336	0.602098	0.397902	5.207726	0.379226	0.35074	0.236112	0.120075	0.0246315	0.0138162	0.000354112	0	4.771134	1.891254	0.3979021	0.6020979	77.84912
4830	7.8725	-27.7483	35.6208	0.483922	0.516078	4.8376	0.379749	0.346089	0.237402	0.119555	0.0245775	0.0139369	0.000353987	0	1.883945	1.954881	0.5160784	0.4839216	90.13233
4840	9.29907	-25.8906	35.1897	0.0506556	0.949344	1.740457	0.382212	0.348249	0.243387	0.120747	0.0246835	0.0135195	0.000362163	0	2.315069	1.95692	0.9493444	0.0506556	90.55657
4850	8.81965	-26.5834	35.4031	0.0454867	0.954513	2.839955	0.378981	0.356796	0.24655	0.120753	0.0243555	0.0134779	0.000353681	0	2.101695	1.824805	0.9545133	0.04548673	66.80444
4860	7.97612	-23.909	31.8851	0.0742112	0.925789	1.519132	0.381256	0.354385	0.245175	0.124081	0.0241794	0.0138552	0.000352845	0	5.619672	1.89572	0.9257888	0.07421116	78.65383
4870	7.14525	-24.4047	31.5499	0.721073	0.278927	0.9877243	0.373815	0.362221	0.241291	0.12226	0.0241716	0.0135399	0.000350174	0	5.954849	1.996196	0.2789265	0.7210735	99.12793
4880	8.72813	-26.2371	34.9652	0.0470464	0.952954	3.673591	0.369015	0.360322	0.238629	0.124293	0.0248127	0.0136144	0.000352435	0	2.539534	1.819016	0.9529536	0.04704641	65.91989
4890	8.88032	-25.8531	34.7334	0.130199	0.869801	2.233704	0.369409	0.35665	0.239655	0.120387	0.0248943	0.0135472	0.000354158	0	2.771369	1.854974	0.8698008	0.1301992	71.61011
4900	7.9988	-26.382	34.3808	0.565131	0.434869	0.6181804	0.377887	0.349168	0.24208	0.120629	0.0249239	0.0136055	0.00035078	0	3.12396	1.970758	0.4348687	0.5651313	93.48843
4910	7.41875	-24.0187	31.4375	0.0259237	0.974076	0.2646492	0.378122	0.351191	0.240722	0.12068	0.0245871	0.0140053	0.000357227	0	6.067281	1.863124	0.9740763	0.0259237	72.96665
4920	6.24699	-27.5207	33.7677	0.39696	0.60304	0.9330507	0.369936	0.350198	0.234587	0.119744	0.0242591	0.01397	0.000356383	0	3.737076	1.479434	0.6030397	0.3969603	30.16019
4930	8.63598	-26.9603	35.5963	0.0759337	0.924066	1.852431	0.371748	0.355053	0.242279	0.119713	0.0240151	0.0139049	0.000347912	0	1.908494	1.865835	0.9240663	0.07593366	73.42344
4940	8.33775	-27.1266	35.4644	0.55511	0.44489	2.917232	0.377454	0.351637	0.234465	0.121085	0.0244648	0.0140142	0.000352279	0	2.040416	1.963169	0.4448901	0.5551099	91.8691
4950	7.59549	-26.601	34.1965	0.665805	0.334195	2.501973	0.378607	0.34804	0.236996	0.119811	0.0244599	0.0139477	0.000359694	0	3.308318	1.8207	0.3341947	0.6658053	66.17597
4960	7.76821	-26.3004	34.0686	0.506652	0.493348	2.219475	0.37935	0.357172	0.242172	0.122059	0.0249426	0.0138417	0.000363875	0	3.436147	1.780077	0.4933476	0.5066524	60.26667
4970	7.03878	-25.9118	32.9506	0.415659	0.584341	2.045839	0.377344	0.360968	0.24285	0.120057	0.0240803	0.0136729	0.000357879	0	4.55417	1.677277	0.5843415	0.4156585	47.5638
4980	5.6379	-26.4665	32.1044	0.0811605	0.918839	0.9859513	0.36813	0.347392	0.235748	0.119274	0.0249987	0.0136438	0.000356117	0	5.400359	1.35525	0.9188395	0.08116052	22.65947
4990	8.91825	-25.1425	34.0608	0.321779	0.678221	2.958859	0.375397	0.349265	0.236766	0.123262	0.024463	0.0138186	0.000361457	0	3.443983	1.972864	0.6782206	0.3217794	93.94288
5000	8.35455	-25.7392	34.0937	0.0621612	0.937839	2.119383	0.379405	0.357617	0.240461	0.120843	0.0244372	0.0135585	0.000363391	0	3.411062	1.713033	0.9378388	0.06216118	51.64558
