Iteration	Posterior	Likelihood	Prior	clado_type_probs[1]	clado_type_probs[2]	distance_scale	epoch_times[1]	epoch_times[2]	epoch_times[3]	epoch_times[4]	epoch_times[5]	epoch_times[6]	epoch_times[7]	epoch_times[8]	extirpation_rate	log10_rate_bg	p_allopatry	p_sympatry	rate_bg
0	-58.0724	-91.1511	33.0787	0.53155	0.46845	0.01	0.413927	0.397254	0.354436	0.205676	0.0760515	0.0238808	0.000898067	0	0.6653588	-2	0.4684499	0.5315501	0.01
10	5.1748	-24.537	29.7118	0.424028	0.575972	0.008884233	0.41179	0.384799	0.352636	0.205509	0.0742082	0.0234217	0.000902372	0	4.032295	1.891339	0.575972	0.424028	77.86446
20	4.78939	-23.2057	27.9951	0.206274	0.793726	0.2281044	0.413359	0.392026	0.349306	0.21109	0.0740813	0.0243065	0.000900183	0	5.749	1.819212	0.7937265	0.2062735	65.9495
30	5.41519	-23.1517	28.5669	0.212981	0.787019	0.9936873	0.415668	0.391453	0.358921	0.212281	0.0740235	0.0237931	0.000874616	0	5.177184	1.798679	0.7870194	0.2129806	62.90417
40	8.06793	-23.626	31.694	0.0163869	0.983613	4.016484	0.41955	0.391737	0.361211	0.206667	0.0756323	0.0240196	0.000879269	0	2.050122	1.974787	0.9836131	0.01638691	94.35988
50	6.518	-24.8977	31.4157	0.613219	0.386781	4.565617	0.414437	0.396069	0.356972	0.206659	0.0753527	0.0242222	0.0008912	0	2.328394	1.791203	0.3867809	0.6132191	61.83053
60	6.53253	-24.4638	30.9963	0.192966	0.807034	5.474313	0.410354	0.387005	0.35556	0.207999	0.0774493	0.0234458	0.000887874	0	2.747745	1.683697	0.8070344	0.1929656	48.27222
70	5.87969	-24.8688	30.7485	0.987455	0.0125454	4.830945	0.414597	0.395176	0.34944	0.20639	0.0762203	0.0243215	0.000887466	0	2.995578	1.821133	0.01254545	0.9874546	66.24195
80	5.68292	-25.1797	30.8627	0.329662	0.670338	6.690675	0.419248	0.399137	0.352453	0.20446	0.0749554	0.0239932	0.000869662	0	2.881423	1.672701	0.670338	0.329662	47.06536
90	5.15592	-23.3352	28.4911	0.484938	0.515062	4.877679	0.417056	0.394169	0.351691	0.205287	0.0746573	0.0239935	0.000866438	0	5.252926	1.751195	0.5150615	0.4849385	56.38906
100	6.93116	-24.5981	31.5293	0.776167	0.223833	3.879595	0.413005	0.386	0.350474	0.208866	0.0744528	0.023513	0.000871376	0	2.214776	1.974691	0.2238332	0.7761668	94.33904
110	5.20508	-24.7017	29.9068	0.944363	0.0556373	0.4154837	0.428607	0.384164	0.353057	0.204834	0.0767624	0.0234427	0.000872334	0	3.837258	1.94422	0.05563732	0.9443627	87.94683
120	5.31028	-24.5613	29.8716	0.880774	0.119226	3.5857	0.424767	0.392468	0.349177	0.211693	0.0771847	0.024182	0.000878369	0	3.872516	1.711971	0.1192255	0.8807745	51.51941
130	7.39925	-22.8746	30.2738	0.119359	0.880641	2.560911	0.411707	0.396734	0.351952	0.206183	0.0766236	0.0238095	0.000897721	0	3.470249	1.947736	0.8806406	0.1193594	88.6616
140	6.03515	-25.2122	31.2473	0.200326	0.799674	2.173808	0.410191	0.393153	0.358673	0.204533	0.0756061	0.0242817	0.000886534	0	2.496767	1.633332	0.7996745	0.2003255	42.98645
150	3.66617	-29.3009	32.9671	0.477975	0.522025	3.909325	0.427263	0.398286	0.361692	0.204309	0.0759004	0.0236227	0.000886156	0	0.7770135	1.640878	0.5220249	0.4779751	43.73994
160	6.8187	-24.2584	31.0771	0.426895	0.573105	2.321286	0.419217	0.401851	0.357499	0.204518	0.0752352	0.0243126	0.000897679	0	2.666929	1.898151	0.5731046	0.4268954	79.09535
170	7.36328	-25.2021	32.5653	0.127072	0.872928	6.833153	0.420933	0.390022	0.354015	0.209772	0.0775621	0.0241693	0.00089922	0	1.178729	1.993242	0.8729281	0.1270719	98.45595
180	5.94035	-23.7479	29.6883	0.917934	0.0820663	2.398435	0.421456	0.40067	0.351141	0.212819	0.0771155	0.0236265	0.000875984	0	4.055782	1.883225	0.08206633	0.9179337	76.4231
190	3.88343	-22.3755	26.2589	0.0247461	0.975254	5.947743	0.43012	0.397606	0.351543	0.206196	0.075806	0.0235536	0.000891013	0	7.485153	1.83463	0.9752539	0.02474606	68.3329
200	6.68657	-25.1576	31.8442	0.927865	0.0721348	5.246059	0.423135	0.400108	0.354957	0.212422	0.0776007	0.0232341	0.000871248	0	1.899856	1.995129	0.07213479	0.9278652	98.88467
210	6.9705	-23.2873	30.2578	0.00216411	0.997836	4.439063	0.415667	0.391245	0.366314	0.208992	0.0778849	0.0232557	0.000872299	0	3.486229	1.740967	0.9978359	0.002164106	55.07664
220	7.50732	-24.1052	31.6125	0.332549	0.667451	4.68092	0.423927	0.39745	0.349535	0.208023	0.0768189	0.0236315	0.000868778	0	2.131551	1.933755	0.6674511	0.3325489	85.85282
230	6.59879	-24.4819	31.0807	0.153023	0.846977	5.909315	0.430328	0.390307	0.359819	0.211669	0.0752834	0.0236031	0.000873488	0	2.663349	1.713021	0.8469769	0.1530231	51.64419
240	5.74057	-27.0699	32.8105	0.382816	0.617184	6.769696	0.418473	0.388056	0.356187	0.20787	0.0754226	0.0243106	0.000877383	0	0.9335848	1.862749	0.6171843	0.3828157	72.90367
250	4.79595	-23.3135	28.1095	0.2483	0.7517	1.461338	0.41783	0.38494	0.355009	0.208089	0.0751001	0.0235164	0.000872041	0	5.634599	1.665586	0.7516995	0.2483005	46.30051
260	6.19275	-25.2077	31.4005	0.0904259	0.909574	0.8926469	0.411328	0.399465	0.356167	0.204858	0.0764918	0.0240703	0.000880533	0	2.343619	1.891247	0.9095741	0.0904259	77.84799
270	5.67783	-24.2391	29.9169	0.185012	0.814988	0.2736511	0.422171	0.395518	0.365628	0.205954	0.0760673	0.0242762	0.000866286	0	3.827161	1.892923	0.8149878	0.1850122	78.14888
280	4.49712	-23.6068	28.1039	0.891668	0.108332	0.096016	0.430617	0.383952	0.366405	0.210662	0.0775227	0.024226	0.000908271	0	5.640171	1.906689	0.1083319	0.8916681	80.66569
290	5.26813	-23.8806	29.1488	0.489964	0.510036	0.2961727	0.415658	0.38653	0.363362	0.21405	0.0763533	0.0243774	0.000869758	0	4.59532	1.909997	0.5100357	0.4899643	81.28246
300	4.99136	-23.0242	28.0156	0.127127	0.872873	0.1025272	0.41933	0.386035	0.357066	0.213239	0.0740574	0.0240094	0.000884498	0	5.72849	1.896981	0.8728731	0.1271269	78.88249
310	5.37129	-23.5093	28.8806	0.354131	0.645869	0.2085088	0.42381	0.38626	0.359775	0.209581	0.0752946	0.0239119	0.000867073	0	4.863471	1.954752	0.6458689	0.3541311	90.10567
320	7.45172	-22.4984	29.9501	0.165065	0.834935	4.511626	0.417298	0.383913	0.361877	0.209007	0.0741588	0.0231952	0.000875528	0	3.79396	1.992663	0.8349346	0.1650654	98.32478
330	5.14726	-25.8627	31.0099	0.657413	0.342587	9.329661	0.411271	0.385033	0.356925	0.21189	0.0763919	0.0234491	0.000873037	0	2.734128	1.95532	0.3425866	0.6574134	90.2236
340	6.66368	-25.0347	31.6984	0.495922	0.504078	5.360131	0.428649	0.388897	0.359736	0.213935	0.0771597	0.0235597	0.000877673	0	2.04565	1.807544	0.5040778	0.4959222	64.20135
350	4.08301	-21.601	25.684	0.0435758	0.956424	0.9968339	0.430581	0.395662	0.365149	0.210217	0.0759598	0.0235111	0.000881551	0	8.06007	1.891434	0.9564242	0.04357578	77.88144
360	7.25042	-23.5216	30.772	0.147209	0.852791	6.284191	0.4263	0.400401	0.360455	0.210542	0.0760522	0.0237598	0.000887488	0	2.972073	1.913063	0.8527911	0.1472089	81.85836
370	6.44383	-23.2848	29.7286	0.680704	0.319296	4.817642	0.42738	0.391596	0.364759	0.210708	0.075274	0.0233598	0.000902789	0	4.015431	1.904724	0.3192962	0.6807038	80.30151
380	6.18173	-24.4742	30.656	0.238115	0.761885	6.730488	0.427633	0.383919	0.362947	0.206261	0.0745156	0.0239403	0.000897363	0	3.088123	1.741254	0.7618846	0.2381154	55.11295
390	6.27962	-25.4308	31.7104	0.480158	0.519842	6.286099	0.430939	0.392026	0.361388	0.208388	0.0740651	0.0235678	0.000872493	0	2.033673	1.776216	0.5198416	0.4801584	59.73326
400	5.76874	-24.095	29.8637	0.816081	0.183919	7.263525	0.422897	0.389222	0.363958	0.208595	0.0749777	0.0240191	0.000906358	0	3.880372	1.972777	0.1839187	0.8160813	93.92401
410	4.82767	-22.5662	27.3939	0.390738	0.609262	3.421959	0.425583	0.391872	0.363408	0.204954	0.0741561	0.023415	0.000879976	0	6.350156	1.776539	0.6092622	0.3907378	59.77764
420	2.57104	-24.0114	26.5825	0.27471	0.72529	7.896563	0.425419	0.392228	0.362341	0.206757	0.077058	0.0234957	0.000867664	0	7.161604	1.778514	0.7252904	0.2747096	60.05018
430	5.80788	-25.3461	31.154	0.052844	0.947156	2.800409	0.42534	0.399063	0.366391	0.204568	0.0776673	0.0242179	0.00087699	0	2.590044	1.485749	0.947156	0.052844	30.60196
440	6.97185	-22.0164	28.9883	0.225746	0.774254	3.398625	0.412247	0.391257	0.355678	0.211104	0.0773398	0.024077	0.000900212	0	4.755821	1.999289	0.774254	0.225746	99.83639
450	4.26216	-25.1057	29.3679	0.39987	0.60013	0.7479377	0.410707	0.395679	0.361356	0.213682	0.0768707	0.023902	0.000901878	0	4.376201	1.51117	0.6001296	0.3998704	32.44669
460	6.03624	-26.8898	32.9261	0.0285473	0.971453	3.724152	0.416864	0.400296	0.361489	0.213299	0.0776192	0.0239653	0.00088268	0	0.8179969	1.925621	0.9714527	0.02854733	84.25982
470	6.9642	-24.1994	31.1636	0.280291	0.719709	5.977934	0.418824	0.397976	0.35988	0.212859	0.0747736	0.0239593	0.000900339	0	2.580441	1.821497	0.7197087	0.2802913	66.29754
480	5.58274	-24.3895	29.9722	0.170705	0.829295	8.73148	0.414759	0.396798	0.351101	0.210988	0.0745428	0.0241137	0.000904053	0	3.771883	1.937283	0.8292951	0.1707049	86.55324
490	6.55042	-25.4487	31.9991	0.881428	0.118572	4.595715	0.424479	0.400472	0.364385	0.204271	0.075212	0.0235693	0.0009031	0	1.744963	1.955721	0.1185725	0.8814275	90.30683
500	7.82775	-24.0086	31.8364	0.253446	0.746554	4.634322	0.418629	0.397563	0.361615	0.206894	0.0777136	0.0239595	0.000891683	0	1.907696	1.990491	0.7465544	0.2534456	97.83423
510	5.66409	-24.3051	29.9691	0.205229	0.794771	1.430216	0.430386	0.387811	0.363084	0.204399	0.0773791	0.0241626	0.000877643	0	3.774935	1.654693	0.7947713	0.2052287	45.15366
520	5.31359	-26.4002	31.7137	0.450539	0.549461	6.519092	0.416715	0.38469	0.363547	0.208722	0.0754777	0.0239251	0.000882236	0	2.030327	1.627295	0.5494606	0.4505394	42.39305
530	7.13708	-24.5644	31.7015	0.0346077	0.965392	5.579795	0.42617	0.395176	0.363152	0.207367	0.0774999	0.0232364	0.000872939	0	2.042566	1.751932	0.9653923	0.03460765	56.48481
540	5.11516	-22.0568	27.1719	0.0930644	0.906936	3.34354	0.422453	0.388861	0.362704	0.207486	0.0745216	0.0234763	0.000889782	0	6.572123	1.802501	0.9069356	0.09306435	63.46015
550	7.29097	-25.2489	32.5399	0.120119	0.879881	3.940116	0.43058	0.387892	0.350934	0.213266	0.0740814	0.0232907	0.00089119	0	1.204156	1.996531	0.8798814	0.1201186	99.20442
560	6.32458	-23.3154	29.64	0.716672	0.283328	3.081601	0.422243	0.384552	0.350736	0.213774	0.0749283	0.0232209	0.000885713	0	4.104057	1.891189	0.2833275	0.7166725	77.83745
570	3.82123	-27.3026	31.1239	0.401865	0.598135	10.15465	0.415028	0.395945	0.348683	0.211585	0.0776761	0.0239321	0.000898731	0	2.620207	1.820186	0.5981353	0.4018647	66.09772
580	4.51751	-25.6898	30.2073	0.830564	0.169436	8.473711	0.412784	0.397707	0.349881	0.213797	0.0772924	0.024234	0.000894406	0	3.536798	1.833047	0.1694364	0.8305636	68.08425
590	7.12802	-24.6155	31.7435	0.521438	0.478562	6.251719	0.416618	0.392175	0.354447	0.204314	0.0747244	0.0241796	0.000903247	0	2.0006	1.951549	0.478562	0.521438	89.44349
600	5.84725	-24.2673	30.1146	0.360384	0.639616	3.488516	0.410268	0.385069	0.358981	0.207826	0.0767498	0.0241743	0.000873795	0	3.629512	1.619726	0.6396165	0.3603835	41.66066
610	5.68712	-26.0413	31.7284	0.181756	0.818244	5.165714	0.431063	0.392084	0.366435	0.204762	0.0744447	0.0240863	0.000867401	0	2.015652	1.533582	0.8182437	0.1817563	34.16502
620	6.75791	-24.4672	31.2251	0.205592	0.794408	8.202821	0.418617	0.396822	0.360507	0.208634	0.074637	0.0237679	0.000876064	0	2.519002	1.996084	0.7944082	0.2055918	99.10228
630	6.05159	-24.5326	30.5842	0.363656	0.636344	1.912252	0.414948	0.395029	0.359004	0.20742	0.0767986	0.023445	0.00089728	0	3.159842	1.720888	0.6363436	0.3636564	52.58812
640	6.74787	-25.1158	31.8637	0.758858	0.241142	4.794744	0.412016	0.402619	0.354027	0.208788	0.0750608	0.0232121	0.000891335	0	1.880387	1.929083	0.2411417	0.7588583	84.93427
650	5.53906	-22.9053	28.4444	0.651677	0.348323	5.738303	0.414401	0.397551	0.353781	0.204961	0.0750851	0.0241473	0.000904139	0	5.299677	1.933994	0.3483227	0.6516773	85.90013
660	4.98713	-23.6441	28.6312	0.292525	0.707475	5.961542	0.421374	0.401276	0.357106	0.207874	0.0754999	0.0242019	0.000883209	0	5.112862	1.708538	0.7074747	0.2925253	51.11373
670	5.63516	-21.8249	27.4601	0.247994	0.752006	3.447989	0.423388	0.391807	0.364826	0.211159	0.0744888	0.0239352	0.000888367	0	6.283999	1.928902	0.7520065	0.2479935	84.89879
680	5.18666	-22.2914	27.4781	0.251714	0.748286	4.255647	0.427772	0.398712	0.353227	0.206436	0.0768469	0.0243968	0.000892749	0	6.265972	1.834759	0.7482856	0.2517144	68.35322
690	5.63402	-25.6663	31.3003	0.734421	0.265579	8.095883	0.423434	0.397322	0.353138	0.204264	0.0763333	0.0238754	0.000880666	0	2.443734	1.894643	0.2655791	0.7344209	78.45899
700	7.73967	-24.1238	31.8635	0.213854	0.786146	4.729172	0.41905	0.396779	0.354298	0.209139	0.0758137	0.0233859	0.000902299	0	1.880589	1.942385	0.7861461	0.2138539	87.57606
710	7.46449	-23.9813	31.4458	0.342158	0.657842	5.582605	0.415944	0.400759	0.35524	0.207033	0.0744897	0.0232967	0.000902832	0	2.298296	1.929877	0.6578424	0.3421576	85.08976
720	4.83214	-24.4103	29.2424	0.340753	0.659247	3.13263	0.427313	0.392784	0.352573	0.213214	0.0762685	0.0242327	0.000905541	0	4.501661	1.480031	0.6592469	0.3407531	30.20168
730	6.23494	-24.9928	31.2278	0.838881	0.161119	2.999567	0.429333	0.391987	0.355192	0.204413	0.0767688	0.0239896	0.00089172	0	2.51632	1.864737	0.1611192	0.8388808	73.23817
740	4.07711	-28.4391	32.5162	0.211997	0.788003	10.7148	0.412651	0.401202	0.351301	0.207029	0.076213	0.0243028	0.000899605	0	1.227871	1.958143	0.7880028	0.2119972	90.8119
750	6.60246	-24.5522	31.1546	0.698245	0.301755	4.257142	0.413045	0.389484	0.355428	0.208682	0.0770646	0.0242874	0.000899154	0	2.589433	1.837755	0.3017545	0.6982455	68.82634
760	6.10781	-26.222	32.3298	0.347605	0.652395	2.29391	0.414685	0.394846	0.357595	0.213975	0.0758134	0.0234475	0.000881077	0	1.41429	1.923621	0.6523953	0.3476047	83.87282
770	6.08071	-24.6335	30.7142	0.0532674	0.946733	0.7698922	0.418064	0.40226	0.354361	0.206765	0.075523	0.023664	0.000898112	0	3.029824	1.789422	0.9467326	0.05326736	61.57753
780	3.83581	-25.3293	29.1651	0.812694	0.187306	0.1989058	0.428161	0.401242	0.353361	0.208476	0.0748634	0.02373	0.000873785	0	4.57895	1.669003	0.1873057	0.8126943	46.66622
790	5.00153	-26.2604	31.2619	0.185708	0.814292	0.1278084	0.423882	0.403067	0.360204	0.212605	0.0747261	0.0241665	0.00088203	0	2.482146	1.77252	0.8142916	0.1857084	59.22697
800	2.86146	-20.7857	23.6472	0.111498	0.888502	1.184928	0.422508	0.401668	0.356913	0.210543	0.075665	0.023805	0.000869564	0	10.09687	1.993954	0.8885021	0.1114979	98.61754
810	6.14143	-25.6337	31.7751	0.0193475	0.980653	4.863124	0.413953	0.403323	0.359615	0.205977	0.0740252	0.0235479	0.000886519	0	1.968929	1.54477	0.9806525	0.01934749	35.05661
820	4.98469	-27.4216	32.4063	0.858656	0.141344	6.395267	0.41423	0.395482	0.350068	0.208297	0.0745698	0.0233886	0.00089809	0	1.337787	1.79007	0.141344	0.858656	61.66941
830	6.50065	-22.4113	28.912	0.00409464	0.995905	4.981026	0.425126	0.400315	0.353167	0.205379	0.0745627	0.0235678	0.000888014	0	4.832094	1.861074	0.9959054	0.00409464	72.62294
840	7.29138	-23.9783	31.2697	0.310436	0.689564	5.642786	0.430772	0.402024	0.355895	0.211678	0.0778479	0.0235008	0.000899062	0	2.474403	1.884127	0.6895639	0.3104361	76.58198
850	7.91149	-23.9628	31.8742	0.0319788	0.968021	5.279804	0.422347	0.399025	0.364754	0.20744	0.076491	0.024075	0.000897579	0	1.869828	1.917285	0.9680212	0.03197884	82.65803
860	6.80935	-23.2177	30.0271	0.579181	0.420819	3.935273	0.419221	0.392121	0.364774	0.206028	0.0745682	0.0237523	0.0009001	0	3.717017	1.913761	0.4208189	0.5791811	81.98994
870	6.9077	-22.7251	29.6328	0.12017	0.87983	4.522117	0.413815	0.392346	0.366276	0.210496	0.0742313	0.0236459	0.000891621	0	4.111231	1.856633	0.8798302	0.1201698	71.88406
880	7.31041	-24.0703	31.3807	0.477403	0.522597	5.616615	0.414744	0.396119	0.364216	0.20428	0.0740306	0.0239982	0.000878295	0	2.36335	1.958228	0.5225969	0.4774031	90.82968
890	5.4295	-27.1167	32.5462	0.826669	0.173331	7.492858	0.421697	0.402385	0.349333	0.208087	0.0744473	0.0241067	0.000889294	0	1.197893	1.937454	0.1733309	0.8266691	86.58725
900	2.72709	-24.1929	26.92	0.354374	0.645626	7.42533	0.425599	0.398414	0.349361	0.210376	0.0776057	0.0237807	0.000878417	0	6.824073	1.70091	0.6456263	0.3543737	50.22384
910	5.22818	-24.4194	29.6476	0.329677	0.670323	8.043756	0.418249	0.393186	0.357162	0.212622	0.0776789	0.0234738	0.000885545	0	4.09648	1.853373	0.6703231	0.3296769	71.34651
920	5.48325	-24.4447	29.9279	0.96835	0.0316503	6.099204	0.414191	0.386378	0.365621	0.20748	0.077319	0.0235328	0.000872331	0	3.816156	1.851694	0.03165034	0.9683497	71.07126
930	6.10526	-23.5094	29.6146	0.105905	0.894095	1.077428	0.415773	0.385896	0.360488	0.20375	0.0777263	0.0235906	0.000892188	0	4.129432	1.809383	0.894095	0.105905	64.47382
940	5.43228	-24.5685	30.0008	0.719674	0.280326	1.221301	0.419968	0.383773	0.354451	0.204197	0.0777846	0.0234691	0.0008638	0	3.743291	1.814912	0.280326	0.719674	65.29978
950	5.31908	-23.5487	28.8678	0.346806	0.653194	5.836558	0.427803	0.386198	0.356825	0.208141	0.0759019	0.0234725	0.000876959	0	4.876268	1.753648	0.6531942	0.3468058	56.70854
960	6.47842	-24.589	31.0674	0.219208	0.780792	1.743723	0.426572	0.401781	0.353842	0.206679	0.0774257	0.023418	0.00089499	0	2.676645	1.799969	0.7807918	0.2192082	63.0913
970	7.93497	-24.174	32.109	0.0968444	0.903156	5.20148	0.411572	0.398022	0.348257	0.205604	0.0771405	0.0233526	0.000883016	0	1.635086	1.985543	0.9031556	0.09684444	96.72588
980	5.36912	-24.4171	29.7862	0.168155	0.831845	8.481103	0.416585	0.385164	0.363291	0.208022	0.0753399	0.0233118	0.000905154	0	3.957828	1.868521	0.8318453	0.1681547	73.87904
990	5.96031	-24.8995	30.8598	0.710422	0.289578	6.786103	0.415378	0.396311	0.359683	0.209323	0.0765925	0.0232458	0.000900402	0	2.884232	1.838886	0.2895778	0.7104222	69.00583
1000	5.25877	-23.1029	28.3617	0.291709	0.708291	2.479834	0.414456	0.39367	0.364495	0.211829	0.0771221	0.0235969	0.000881764	0	5.382373	1.696998	0.7082907	0.2917093	49.77344
1010	6.1756	-23.7772	29.9528	0.880635	0.119365	5.680542	0.409955	0.400635	0.363897	0.212033	0.0746136	0.0237773	0.000873198	0	3.791296	1.932089	0.119365	0.880635	85.52413
1020	6.23061	-23.0316	29.2623	0.501287	0.498713	4.244879	0.424925	0.392031	0.364919	0.204384	0.0767648	0.0239248	0.000871557	0	4.481816	1.863799	0.498713	0.501287	73.08001
1030	5.73155	-25.4492	31.1807	0.61522	0.38478	7.999254	0.410233	0.396843	0.355806	0.212488	0.0777493	0.0238708	0.000868029	0	2.563372	1.875741	0.3847802	0.6152198	75.11745
1040	4.70129	-28.2274	32.9287	0.435715	0.564285	2.54671	0.411013	0.391285	0.353429	0.213784	0.0766443	0.0240959	0.000881314	0	0.8153322	1.989707	0.5642854	0.4357146	97.65778
1050	7.27516	-23.4155	30.6906	0.0240509	0.975949	7.082508	0.421952	0.402575	0.361178	0.213297	0.0764676	0.024313	0.000888627	0	3.053429	1.984021	0.9759491	0.02405089	96.38753
1060	4.6589	-24.3673	29.0262	0.118034	0.881966	3.214908	0.411527	0.399533	0.359175	0.210864	0.0772851	0.0243861	0.000903844	0	4.717905	1.400308	0.8819657	0.1180343	25.1367
1070	6.49195	-24.2075	30.6994	0.53416	0.46584	1.432831	0.421635	0.402071	0.349527	0.210174	0.0760079	0.0242403	0.000908391	0	3.044657	1.963357	0.4658402	0.5341598	91.90877
1080	5.85164	-24.462	30.3137	0.578457	0.421543	5.743615	0.427616	0.385569	0.358119	0.211806	0.0747492	0.0243842	0.000898159	0	3.430408	1.736662	0.4215427	0.5784573	54.53338
1090	4.95203	-26.1582	31.1103	0.34293	0.65707	2.545704	0.431093	0.394092	0.354988	0.208039	0.0769831	0.0233694	0.000883941	0	2.633814	1.439617	0.6570696	0.3429304	27.51799
1100	5.34726	-27.4432	32.7905	0.438377	0.561623	8.595814	0.420998	0.402775	0.355358	0.206911	0.0759542	0.0237607	0.000891926	0	0.9535947	1.963795	0.5616231	0.4383769	92.00152
1110	4.39366	-21.8882	26.2818	0.160711	0.839289	2.18424	0.424805	0.393992	0.358491	0.207265	0.0762512	0.0233243	0.000907494	0	7.462243	1.803356	0.8392886	0.1607114	63.58524
1120	6.16088	-24.3647	30.5256	0.230323	0.769677	4.124695	0.42255	0.395575	0.35128	0.205287	0.0746463	0.0233515	0.00089753	0	3.218459	1.602258	0.7696773	0.2303227	40.01827
1130	4.31987	-27.3912	31.711	0.324675	0.675325	10.17319	0.429341	0.401617	0.357452	0.20468	0.0752878	0.0233373	0.000905219	0	2.03304	1.871739	0.6753251	0.3246749	74.42843
1140	6.75322	-23.821	30.5742	0.365074	0.634926	6.007325	0.420712	0.398396	0.357722	0.205277	0.0754644	0.0237471	0.000880176	0	3.169883	1.865038	0.6349258	0.3650742	73.28888
1150	5.3109	-24.1172	29.4281	0.987074	0.0129263	3.36767	0.430838	0.394984	0.352347	0.204497	0.0757915	0.023284	0.000896829	0	4.315935	1.769081	0.0129263	0.9870737	58.75994
1160	6.69692	-23.2229	29.9198	0.427351	0.572649	5.018934	0.411442	0.391641	0.348961	0.211462	0.0742153	0.0233812	0.000867729	0	3.824289	1.896202	0.5726486	0.4273514	78.7411
1170	5.09811	-23.3056	28.4037	0.239444	0.760556	3.307556	0.422229	0.385269	0.358747	0.208761	0.0753655	0.0232891	0.000866094	0	5.340394	1.628355	0.7605561	0.2394439	42.49672
1180	6.06493	-23.8643	29.9293	0.921666	0.078334	3.99054	0.412443	0.388989	0.358532	0.204718	0.0747408	0.0239218	0.00088476	0	3.814813	1.85997	0.07833398	0.921666	72.43854
1190	6.51355	-23.2391	29.7527	0.742117	0.257883	1.973244	0.41341	0.390683	0.364933	0.207852	0.0751544	0.0237665	0.000891379	0	3.991403	1.981373	0.2578827	0.7421173	95.80174
1200	6.24853	-24.3265	30.5751	0.725363	0.274637	7.389399	0.420648	0.393164	0.363543	0.2073	0.0772007	0.0243771	0.000891307	0	3.168997	1.995634	0.2746371	0.7253629	98.99975
1210	6.80536	-23.8235	30.6289	0.226025	0.773975	4.194106	0.429717	0.395186	0.363035	0.207964	0.0755128	0.0239995	0.000863946	0	3.115204	1.748913	0.7739748	0.2260252	56.09352
1220	6.76358	-24.307	31.0706	0.0462528	0.953747	3.449262	0.425586	0.398903	0.353196	0.206435	0.0767184	0.024384	0.000880696	0	2.673467	1.650667	0.9537472	0.04625276	44.73707
1230	6.59264	-24.9607	31.5534	0.415184	0.584816	1.927016	0.421882	0.392239	0.354595	0.205098	0.0771852	0.0242631	0.00086434	0	2.190707	1.949621	0.5848157	0.4151843	89.04732
1240	6.1569	-26.7638	32.9207	0.134629	0.865371	6.959304	0.429264	0.384364	0.35941	0.203951	0.077112	0.0235146	0.000867732	0	0.8233636	1.924141	0.8653714	0.1346286	83.9732
1250	5.02409	-23.9225	28.9466	0.822569	0.177431	6.969523	0.426554	0.387358	0.351804	0.204756	0.0763038	0.0239658	0.000886382	0	4.797488	1.908275	0.1774307	0.8225693	80.96092
1260	5.92087	-22.8989	28.8198	0.264014	0.735986	2.348583	0.425982	0.400485	0.354502	0.213328	0.0767566	0.0233161	0.000900824	0	4.924319	1.782145	0.7359859	0.2640141	60.55427
1270	3.9034	-28.9584	32.8618	0.598821	0.401179	6.407039	0.429886	0.397349	0.351362	0.20767	0.0760754	0.0239	0.000896564	0	0.8822838	1.677857	0.401179	0.598821	47.62736
1280	5.63093	-25.0791	30.71	0.768301	0.231699	6.834724	0.430074	0.391979	0.362519	0.205115	0.0742688	0.0240574	0.000907422	0	3.034058	1.804796	0.231699	0.768301	63.79631
1290	4.70847	-25.3681	30.0766	0.582902	0.417098	3.432598	0.423285	0.388802	0.354477	0.206288	0.076636	0.0232348	0.000906335	0	3.667479	1.476039	0.4170979	0.5829021	29.92535
1300	7.07451	-24.0018	31.0763	0.0407756	0.959224	4.517196	0.426309	0.40131	0.364638	0.209109	0.0776	0.0232762	0.000897867	0	2.667737	1.702375	0.9592244	0.04077555	50.39361
1310	7.32623	-23.7157	31.0419	0.421387	0.578613	4.409045	0.422254	0.393382	0.354364	0.206817	0.0753839	0.0235651	0.000879315	0	2.702134	1.922018	0.5786134	0.4213866	83.56382
1320	3.31804	-23.9581	27.2761	0.346787	0.653213	7.256927	0.430324	0.390194	0.350918	0.209183	0.0770811	0.0236703	0.000864678	0	6.467972	1.746326	0.6532127	0.3467873	55.76039
1330	7.71681	-23.4071	31.1239	0.0771626	0.922837	4.753527	0.42419	0.390252	0.357363	0.213138	0.0746529	0.0236879	0.000880682	0	2.620178	1.889536	0.9228374	0.07716259	77.54185
1340	2.6784	-28.4396	31.118	0.0235083	0.976492	1.290585	0.425773	0.391266	0.36243	0.213298	0.0741638	0.024277	0.000863961	0	2.626063	1.059792	0.9764917	0.02350831	11.47605
1350	6.32811	-24.4556	30.7837	0.583052	0.416948	6.035805	0.42214	0.389633	0.351687	0.207031	0.0748841	0.0242432	0.000871226	0	2.960399	1.828689	0.4169476	0.5830524	67.40459
1360	5.86762	-23.5885	29.4562	0.450466	0.549534	4.713078	0.420126	0.394247	0.356412	0.21035	0.0744362	0.0237906	0.000865719	0	4.287911	1.752444	0.5495338	0.4504662	56.55149
1370	5.28715	-24.2924	29.5796	0.496569	0.503431	7.819072	0.42877	0.401866	0.357175	0.208775	0.0745539	0.0234636	0.000876054	0	4.164513	1.906145	0.5034313	0.4965687	80.56471
1380	6.1897	-26.5579	32.7477	0.0906136	0.909386	4.982718	0.422109	0.402089	0.361329	0.207842	0.0750033	0.0234855	0.000886097	0	0.9964191	1.775598	0.9093864	0.0906136	59.64834
1390	7.0189	-23.5658	30.5847	0.443765	0.556235	4.369035	0.430546	0.391395	0.359043	0.211073	0.0752077	0.0232024	0.000888533	0	3.159373	1.875967	0.5562347	0.4437653	75.15659
1400	6.96146	-23.3902	30.3517	0.25048	0.74952	4.712254	0.420081	0.397513	0.352218	0.205426	0.0753798	0.0235741	0.000895573	0	3.392405	1.817674	0.7495198	0.2504802	65.71647
1410	6.62802	-24.3507	30.9787	0.0611309	0.938869	3.331016	0.420876	0.396925	0.350436	0.208328	0.0748013	0.0232124	0.000895702	0	2.765359	1.627738	0.9388691	0.06113092	42.43639
1420	3.51775	-24.384	27.9018	0.594719	0.405281	2.756795	0.427292	0.399107	0.363513	0.205486	0.0747199	0.0234476	0.000873714	0	5.842286	1.481918	0.4052808	0.5947192	30.3332
1430	5.91343	-25.9509	31.8643	0.165617	0.834383	8.728083	0.421923	0.397486	0.36387	0.208332	0.0747657	0.023878	0.000876176	0	1.879791	1.860664	0.8343831	0.1656169	72.55436
1440	7.58956	-23.4557	31.0453	0.173031	0.826969	2.652108	0.428768	0.393394	0.364214	0.206022	0.0755925	0.0238054	0.000866316	0	2.698782	1.997977	0.8269691	0.1730309	99.53522
1450	4.38796	-23.3272	27.7152	0.713615	0.286385	2.060106	0.427012	0.386996	0.355068	0.213503	0.0756314	0.0236606	0.000870772	0	6.028921	1.727095	0.2863853	0.7136147	53.34512
1460	6.23803	-25.3806	31.6187	0.709834	0.290166	5.675565	0.421669	0.390495	0.360985	0.212008	0.0769657	0.0232196	0.000876322	0	2.1254	1.816068	0.2901658	0.7098342	65.47387
1470	7.32551	-24.515	31.8405	0.0468781	0.953122	6.503011	0.42234	0.388143	0.352435	0.211504	0.0747955	0.0240745	0.000886344	0	1.903532	1.846566	0.9531219	0.04687809	70.23705
1480	4.81193	-26.6709	31.4828	0.257642	0.742358	5.825855	0.419715	0.390591	0.353915	0.21312	0.0741028	0.0238739	0.000890445	0	2.261232	1.460739	0.7423582	0.2576418	28.8894
1490	6.98173	-23.5963	30.578	0.0519818	0.948018	2.640565	0.416767	0.388898	0.353902	0.213172	0.0772383	0.0243138	0.000865735	0	3.166045	1.784644	0.9480182	0.05198184	60.90368
1500	6.82383	-22.4073	29.2311	0.166177	0.833823	4.980027	0.417311	0.391492	0.358672	0.210214	0.0746597	0.0243712	0.000866554	0	4.512969	1.969767	0.8338227	0.1661773	93.27542
1510	6.11434	-25.4418	31.5562	0.756156	0.243844	4.812868	0.411589	0.394746	0.361148	0.204694	0.0747133	0.0235789	0.000866294	0	2.187901	1.788121	0.243844	0.756156	61.39329
1520	2.61109	-22.5074	25.1185	0.490232	0.509768	0.4164725	0.413156	0.392748	0.366022	0.205192	0.0748682	0.0234417	0.000869504	0	8.625546	1.768057	0.5097682	0.4902318	58.62148
1530	5.01612	-22.3479	27.364	0.539949	0.460051	1.748757	0.41494	0.398781	0.362324	0.210665	0.0752849	0.0235362	0.000880626	0	6.380065	1.880285	0.4600514	0.5399486	75.90757
1540	5.1466	-25.5039	30.6505	0.766556	0.233444	9.21893	0.427333	0.397702	0.353473	0.204828	0.074235	0.0234321	0.000878719	0	3.093544	1.994779	0.2334437	0.7665563	98.80509
1550	6.76198	-24.398	31.16	0.472634	0.527366	6.832652	0.41802	0.402332	0.352192	0.20982	0.0761002	0.024125	0.000908478	0	2.584063	1.909346	0.5273658	0.4726342	81.16075
1560	6.76418	-22.2613	29.0255	0.328266	0.671734	4.523505	0.415183	0.398386	0.36315	0.207802	0.0752567	0.0235347	0.000907203	0	4.718555	1.987669	0.6717342	0.3282658	97.20069
1570	6.4617	-24.6968	31.1585	0.527229	0.472771	3.589098	0.410466	0.399235	0.350313	0.205869	0.0741032	0.0237868	0.000905793	0	2.585548	1.750532	0.472771	0.527229	56.3031
1580	7.32267	-25.2889	32.6116	0.129327	0.870673	4.780192	0.41118	0.402463	0.348359	0.208063	0.0746904	0.023328	0.000891835	0	1.132489	1.981546	0.8706734	0.1293266	95.83979
1590	4.44322	-25.8482	30.2914	0.211217	0.788783	10.63644	0.411618	0.387381	0.356697	0.208331	0.0750372	0.023569	0.000884429	0	3.45269	1.983178	0.7887827	0.2112173	96.20059
1600	6.92638	-23.6875	30.6139	0.284007	0.715993	6.740682	0.42664	0.388288	0.35419	0.211745	0.0743102	0.0232378	0.000863649	0	3.130176	1.965039	0.7159933	0.2840067	92.26545
1610	5.63128	-21.4581	27.0893	0.286141	0.713859	3.173204	0.424386	0.395978	0.350257	0.211019	0.0765801	0.0234892	0.000885044	0	6.65473	1.997442	0.7138589	0.2861411	99.41274
1620	7.30717	-23.4057	30.7129	0.242381	0.757619	2.247407	0.426617	0.397298	0.364564	0.213856	0.0744994	0.0233134	0.000905184	0	3.031197	1.970456	0.7576187	0.2423813	93.42352
1630	6.35696	-23.3731	29.7301	0.853583	0.146417	5.344683	0.426021	0.388979	0.350112	0.204033	0.0749418	0.024152	0.000871061	0	4.013964	1.96787	0.1464168	0.8535832	92.86883
1640	5.72683	-25.0547	30.7815	0.236091	0.763909	4.404967	0.427072	0.387163	0.349341	0.209026	0.0765711	0.0243163	0.000873456	0	2.962572	1.523332	0.7639087	0.2360913	33.3681
1650	5.09353	-24.9175	30.011	0.620658	0.379342	0.266909	0.423647	0.388211	0.353183	0.213413	0.0752379	0.0242306	0.000872099	0	3.733036	1.866649	0.3793421	0.6206579	73.56129
1660	3.99625	-26.6953	30.6915	0.0622673	0.937733	0.5051669	0.413405	0.391134	0.356665	0.213971	0.0761667	0.0243246	0.000876061	0	3.05253	1.338909	0.9377327	0.06226728	21.82271
1670	6.39934	-26.3333	32.7327	0.0162198	0.98378	7.069496	0.417475	0.384883	0.34996	0.207993	0.0777048	0.0237105	0.0008795	0	1.011422	1.849397	0.9837802	0.01621978	70.69636
1680	5.63157	-25.0863	30.7179	0.921385	0.0786148	6.690087	0.416575	0.383855	0.358781	0.211118	0.0752891	0.0237182	0.000894737	0	3.026209	1.849905	0.07861483	0.9213852	70.77906
1690	6.38072	-24.7649	31.1456	0.390894	0.609106	8.338074	0.421322	0.40105	0.361665	0.210091	0.0745645	0.0233261	0.000891229	0	2.598475	1.985857	0.6091064	0.3908936	96.796
1700	6.37478	-23.2188	29.5936	0.0590826	0.940917	6.494821	0.415307	0.384628	0.356205	0.213749	0.0756797	0.0232058	0.000867603	0	4.150449	1.871318	0.9409174	0.05908257	74.35639
1710	5.98118	-24.7479	30.7291	0.93159	0.0684104	4.749555	0.416172	0.388672	0.360201	0.211245	0.0741057	0.0236583	0.000887003	0	3.015005	1.818815	0.06841037	0.9315896	65.88936
1720	5.87694	-25.8133	31.6903	0.798813	0.201187	4.423675	0.427743	0.394187	0.364677	0.21143	0.0766062	0.024209	0.000876361	0	2.053804	1.763381	0.2011873	0.7988127	57.99369
1730	6.06664	-26.2617	32.3284	0.668246	0.331754	7.621277	0.410923	0.393852	0.357311	0.213179	0.0757452	0.0237024	0.000880745	0	1.415704	1.95018	0.3317544	0.6682456	89.162
1740	7.18878	-23.3488	30.5376	0.287197	0.712803	5.58581	0.417596	0.385392	0.349553	0.205764	0.0740227	0.0240478	0.000900416	0	3.206482	1.911839	0.7128032	0.2871968	81.62791
1750	7.9463	-23.0896	31.0359	0.0352249	0.964775	4.139986	0.429232	0.394356	0.352849	0.206238	0.0747231	0.0236962	0.000885659	0	2.708196	1.943268	0.9647751	0.03522488	87.75415
1760	6.0641	-26.8991	32.9632	0.325466	0.674534	6.244318	0.428539	0.39124	0.358885	0.207118	0.0751706	0.0234554	0.000890942	0	0.7808707	1.960006	0.6745343	0.3254657	91.20228
1770	5.35893	-24.7385	30.0975	0.0741737	0.925826	0.5039296	0.423148	0.399404	0.363789	0.204018	0.0764497	0.0232255	0.000893326	0	3.646616	1.650989	0.9258263	0.07417367	44.77025
1780	5.59427	-25.976	31.5702	0.0101458	0.989854	0.2304795	0.430833	0.396227	0.362063	0.206398	0.0756734	0.023387	0.000877785	0	2.173826	1.948775	0.9898542	0.01014582	88.87413
1790	2.49971	-29.7667	32.2664	0.152905	0.847095	0.4561373	0.425919	0.396804	0.3646	0.210769	0.0776863	0.0239287	0.000891489	0	1.477678	1.366685	0.8470952	0.1529048	23.26406
1800	4.25745	-22.1475	26.4049	0.230189	0.769811	4.262412	0.417177	0.397992	0.35871	0.213843	0.0770393	0.0241567	0.000897782	0	7.339147	1.807024	0.7698112	0.2301888	64.12445
1810	5.49598	-22.8191	28.3151	0.182758	0.817242	6.347081	0.420927	0.400391	0.36209	0.207125	0.075992	0.0241733	0.000879274	0	5.428962	1.913112	0.8172417	0.1827583	81.86759
1820	4.11362	-27.5547	31.6683	0.959625	0.0403751	0.9843845	0.427191	0.391958	0.365755	0.213879	0.0774217	0.0236962	0.000880377	0	2.075759	1.795191	0.04037513	0.9596249	62.40085
1830	4.06764	-22.4926	26.5602	0.286211	0.713789	4.515927	0.420845	0.396876	0.35974	0.207309	0.0773016	0.0240289	0.000879202	0	7.183858	1.763284	0.7137892	0.2862108	57.98072
1840	5.1138	-25.8233	30.9371	0.89024	0.10976	5.278795	0.418062	0.389243	0.362533	0.203779	0.0764562	0.0243951	0.000891793	0	2.806928	1.66802	0.1097603	0.8902397	46.56073
1850	6.1966	-23.1127	29.3093	0.277182	0.722818	5.279311	0.430539	0.385875	0.356038	0.203901	0.0745914	0.0235412	0.000900557	0	4.434757	1.811558	0.7228178	0.2771822	64.79741
1860	6.34937	-25.5554	31.9048	0.469028	0.530972	7.529663	0.42081	0.387924	0.349844	0.206359	0.0766618	0.0239594	0.000897999	0	1.839308	1.874462	0.5309725	0.4690275	74.89651
1870	5.81503	-27.0771	32.8921	0.355771	0.644229	6.908614	0.42469	0.394773	0.352669	0.206048	0.0759435	0.02423	0.000905386	0	0.8519561	1.900842	0.6442292	0.3557708	79.58706
1880	6.73827	-22.9821	29.7204	0.17669	0.82331	5.435949	0.430725	0.388515	0.350645	0.209577	0.0744758	0.0241467	0.00090269	0	4.023715	1.860915	0.8233103	0.1766897	72.59634
1890	5.93227	-23.535	29.4672	0.968454	0.0315457	5.18113	0.420167	0.390272	0.350272	0.204119	0.0776608	0.02402	0.000891427	0	4.276828	1.913149	0.03154574	0.9684543	81.87458
1900	4.79799	-28.3527	33.1507	0.0897651	0.910235	5.4243	0.414384	0.39434	0.349251	0.204869	0.0756711	0.0241702	0.00088373	0	0.5933753	1.807855	0.9102349	0.08976512	64.2473
1910	5.52877	-25.8624	31.3912	0.0444526	0.955547	3.575968	0.412955	0.385667	0.351458	0.209164	0.0741677	0.0236568	0.00088919	0	2.352894	1.421585	0.9555474	0.04445256	26.39885
1920	7.47288	-23.15	30.6228	0.058216	0.941784	2.824621	0.413633	0.392355	0.349339	0.205835	0.076471	0.0233292	0.000899964	0	3.121225	1.892474	0.941784	0.05821602	78.06812
1930	7.81046	-24.0808	31.8913	0.107175	0.892825	3.774257	0.423298	0.383317	0.355878	0.206485	0.0770521	0.0235935	0.000895761	0	1.852773	1.963276	0.8928248	0.1071752	91.89174
1940	5.55157	-26.1921	31.7436	0.688794	0.311206	4.852282	0.420284	0.388615	0.36288	0.212573	0.0759414	0.0239754	0.000881901	0	2.000446	1.664099	0.3112063	0.6887937	46.14229
1950	4.96605	-24.4179	29.384	0.639689	0.360311	5.506583	0.423592	0.402089	0.36372	0.210535	0.074271	0.0232722	0.000906042	0	4.360088	1.665333	0.3603114	0.6396886	46.2736
1960	7.41629	-22.8143	30.2306	0.373812	0.626188	4.111639	0.417836	0.392927	0.364815	0.207881	0.0741855	0.0239366	0.000895063	0	3.513452	1.992744	0.6261878	0.3738122	98.3432
1970	6.98374	-23.4338	30.4176	0.795379	0.204621	4.186841	0.415311	0.399332	0.363149	0.206449	0.0757861	0.0243312	0.000907534	0	3.326486	1.978511	0.2046207	0.7953793	95.17241
1980	5.45465	-24.3313	29.786	0.0159486	0.984051	5.592369	0.409947	0.383504	0.359862	0.204994	0.0745771	0.0241404	0.000899772	0	3.958079	1.532159	0.9840514	0.0159486	34.05326
1990	6.39169	-23.0084	29.4001	0.411889	0.588111	3.555575	0.421038	0.385462	0.35572	0.206115	0.0743008	0.0239081	0.000891644	0	4.34398	1.840518	0.5881106	0.4118894	69.26572
2000	5.43084	-25.8411	31.2719	0.142016	0.857984	4.091225	0.421504	0.388625	0.358741	0.2067	0.0754983	0.0238973	0.000886162	0	2.472128	1.434344	0.8579838	0.1420162	27.1859
2010	7.25936	-24.7481	32.0074	0.588511	0.411489	5.067711	0.41562	0.386519	0.366365	0.209562	0.0745856	0.0238877	0.000882252	0	1.73663	1.998486	0.4114885	0.5885115	99.65195
2020	2.08127	-27.1639	29.2452	0.289907	0.710093	3.833323	0.416336	0.386641	0.361055	0.20381	0.0775136	0.0240469	0.000899831	0	4.498887	1.10553	0.710093	0.289907	12.75058
2030	6.78186	-22.3757	29.1575	0.0897945	0.910205	4.747465	0.412194	0.390057	0.353156	0.211472	0.0771482	0.0240957	0.000903995	0	4.586534	1.9041	0.9102055	0.08979455	80.18629
2040	6.43061	-23.7909	30.2215	0.516397	0.483603	1.134993	0.418993	0.392209	0.348959	0.20892	0.0756445	0.0241555	0.000905339	0	3.522548	1.998199	0.4836033	0.5163967	99.58607
2050	4.81178	-22.6085	27.4203	0.230921	0.769079	4.821781	0.410277	0.391575	0.351313	0.212867	0.076425	0.0237036	0.000891531	0	6.3238	1.772878	0.7690791	0.2309209	59.27591
2060	5.60796	-23.2363	28.8443	0.897107	0.102893	5.176319	0.412711	0.392043	0.357038	0.212137	0.0758597	0.0242589	0.000892529	0	4.899819	1.903304	0.1028932	0.8971068	80.03952
2070	6.97636	-24.0228	30.9992	0.273093	0.726907	1.686696	0.421588	0.387925	0.362484	0.213526	0.0746712	0.024405	0.000864272	0	2.744921	1.997623	0.726907	0.273093	99.45412
2080	4.23946	-26.9308	31.1703	0.679812	0.320188	0.7999723	0.410009	0.391102	0.362876	0.213285	0.0766891	0.0238927	0.000883872	0	2.573794	1.625315	0.3201883	0.6798117	42.2002
2090	5.8135	-25.0164	30.8299	0.041252	0.958748	0.4786402	0.412752	0.400202	0.362152	0.21174	0.0776468	0.0244088	0.000901492	0	2.914205	1.781711	0.958748	0.04125202	60.49387
2100	7.38062	-23.4428	30.8234	0.086526	0.913474	6.979828	0.419399	0.400323	0.366303	0.204344	0.074863	0.0233786	0.000899713	0	2.920674	1.995849	0.913474	0.08652604	99.04879
2110	4.76028	-22.9431	27.7034	0.0258145	0.974186	2.344394	0.418096	0.403353	0.348786	0.204071	0.0774395	0.0237631	0.000901725	0	6.040653	1.581066	0.9741855	0.0258145	38.11237
2120	7.97907	-23.4382	31.4173	0.0588697	0.94113	5.500849	0.427888	0.391267	0.359721	0.212602	0.0758728	0.0240701	0.000905956	0	2.326777	1.951072	0.9411303	0.05886966	89.34536
2130	6.56769	-23.6098	30.1775	0.668861	0.331139	5.510794	0.42889	0.398592	0.364279	0.209993	0.0760114	0.0241086	0.000883624	0	3.566555	1.924604	0.3311387	0.6688613	84.06279
2140	6.76404	-24.8828	31.6468	0.338529	0.661471	6.895841	0.423831	0.402106	0.354306	0.204834	0.0767559	0.024259	0.000880791	0	2.09726	1.856463	0.6614713	0.3385287	71.85597
2150	7.59625	-23.8641	31.4603	0.2786	0.7214	4.580481	0.419884	0.384936	0.35597	0.210773	0.0759409	0.0242264	0.000878812	0	2.283757	1.928207	0.7214002	0.2785998	84.76307
2160	7.30478	-24.1865	31.4912	0.12016	0.87984	4.565882	0.423893	0.392738	0.357201	0.214244	0.0749391	0.0243027	0.000869183	0	2.252829	1.792486	0.8798402	0.1201598	62.01348
2170	6.1394	-25.8704	32.0098	0.37461	0.62539	1.863764	0.419921	0.401261	0.360061	0.210371	0.07427	0.0235017	0.000867111	0	1.734287	1.918871	0.6253899	0.3746101	82.96047
2180	5.01792	-23.2332	28.2511	0.935795	0.0642051	0.7712631	0.417197	0.39682	0.362952	0.207841	0.0769549	0.0232552	0.000875686	0	5.492986	1.925799	0.06420512	0.9357949	84.29449
2190	6.40822	-24.256	30.6642	0.671545	0.328455	2.753308	0.41444	0.39154	0.361361	0.207401	0.0748385	0.0239855	0.000891285	0	3.079858	1.849327	0.3284547	0.6715453	70.68498
2200	4.87574	-22.0652	26.941	0.933559	0.0664407	4.70606	0.416869	0.392033	0.36619	0.203903	0.0749972	0.0238073	0.000892914	0	6.80311	1.997932	0.06644075	0.9335593	99.52498
2210	6.78998	-25.6673	32.4573	0.309999	0.690001	6.7926	0.423079	0.396708	0.359672	0.210509	0.0766277	0.0241631	0.000904492	0	1.286756	1.904778	0.6900009	0.3099991	80.3115
2220	5.61255	-22.3627	27.9752	0.362801	0.637199	1.932858	0.41721	0.386954	0.351488	0.212453	0.0765476	0.0240269	0.000891462	0	5.768864	1.88267	0.6371993	0.3628007	76.32557
2230	5.9034	-23.4252	29.3286	0.0876905	0.912309	0.9507784	0.416238	0.393265	0.353311	0.210116	0.0766582	0.0244057	0.000872572	0	4.415495	1.804085	0.9123095	0.08769054	63.69203
2240	5.54307	-22.9599	28.503	0.701847	0.298153	4.485319	0.413742	0.396617	0.365697	0.212941	0.0765518	0.0233682	0.000891726	0	5.241062	1.860944	0.2981531	0.7018469	72.60129
2250	6.23118	-25.5676	31.7988	0.64112	0.35888	4.7366	0.417884	0.397048	0.360741	0.21185	0.0765994	0.0238411	0.000900083	0	1.945279	1.761351	0.3588803	0.6411197	57.72326
2260	3.59471	-22.2128	25.8075	0.935254	0.0647459	0.7967283	0.414324	0.390663	0.356815	0.207311	0.0743105	0.0243442	0.000889045	0	7.936549	1.899089	0.06474587	0.9352541	79.26639
2270	6.48835	-23.8508	30.3392	0.104616	0.895384	4.697241	0.410771	0.399621	0.356995	0.20438	0.07485	0.0241115	0.000891416	0	3.404919	1.655476	0.8953838	0.1046162	45.23518
2280	7.30619	-24.4513	31.7575	0.0601236	0.939876	5.152836	0.412183	0.39406	0.360573	0.207882	0.0748922	0.0242222	0.00088314	0	1.986579	1.77805	0.9398764	0.06012361	59.98597
2290	5.7989	-26.8796	32.6785	0.0342789	0.965721	5.942243	0.414898	0.389931	0.35161	0.203682	0.0746662	0.0243835	0.000872286	0	1.065597	1.683279	0.9657211	0.03427887	48.22579
2300	5.46027	-25.9933	31.4535	0.167505	0.832495	6.865238	0.41214	0.388691	0.362226	0.207041	0.074016	0.0242263	0.000874281	0	2.290555	1.600818	0.832495	0.167505	39.88579
2310	5.53342	-25.1404	30.6738	0.309596	0.690404	7.342738	0.42048	0.390827	0.358338	0.207411	0.0778556	0.0242667	0.000901997	0	3.070245	1.699932	0.6904041	0.3095959	50.11084
2320	3.62813	-26.4219	30.05	0.275701	0.724299	10.90989	0.414156	0.398967	0.364424	0.208396	0.0767355	0.024394	0.000872745	0	3.694035	1.934627	0.7242986	0.2757014	86.02541
2330	5.87887	-22.6411	28.5199	0.024974	0.975026	3.3755	0.414712	0.40144	0.355343	0.213911	0.0768758	0.0237135	0.000876023	0	5.224141	1.722643	0.975026	0.02497404	52.80115
2340	2.85427	-29.9026	32.7568	0.694816	0.305184	2.018807	0.413729	0.390978	0.35442	0.210933	0.0770013	0.023488	0.000883304	0	0.9872302	1.651315	0.3051842	0.6948158	44.80379
2350	5.85338	-24.4051	30.2585	0.470819	0.529181	2.902924	0.413859	0.38622	0.364165	0.205567	0.0744198	0.0235852	0.000870461	0	3.485588	1.669251	0.5291805	0.4708195	46.69294
2360	6.09651	-24.5305	30.6271	0.244921	0.755079	1.466322	0.418639	0.38553	0.355203	0.207205	0.0746519	0.0235049	0.000896947	0	3.117021	1.741976	0.7550792	0.2449208	55.20468
2370	5.36031	-24.6964	30.0567	0.182051	0.817949	0.7497476	0.426121	0.399471	0.361451	0.209399	0.0762772	0.0241452	0.000903833	0	3.687335	1.647846	0.8179487	0.1820513	44.44737
2380	5.66075	-23.4811	29.1418	0.637444	0.362556	1.120448	0.413158	0.402147	0.362428	0.211226	0.0745133	0.0232698	0.000884884	0	4.602254	1.896817	0.3625555	0.6374445	78.85278
2390	6.70857	-22.8608	29.5694	0.456919	0.543081	2.348948	0.413766	0.388099	0.354695	0.21408	0.0762004	0.0234645	0.00090516	0	4.174719	1.94456	0.5430805	0.4569195	88.01561
2400	7.29375	-22.9863	30.28	0.315752	0.684248	3.223148	0.417289	0.385181	0.355807	0.20378	0.0768233	0.0235708	0.000908021	0	3.464038	1.941396	0.6842485	0.3157515	87.3767
2410	7.08594	-24.3545	31.4405	0.253204	0.746796	2.803941	0.429	0.386772	0.364879	0.205526	0.0751035	0.023597	0.000907406	0	2.303596	1.855942	0.746796	0.253204	71.76987
2420	7.39875	-24.5098	31.9086	0.127641	0.872359	4.024457	0.426847	0.394216	0.353637	0.208387	0.0771111	0.0242829	0.000896465	0	1.835507	1.840432	0.8723587	0.1276413	69.25193
2430	6.93025	-24.4488	31.379	0.0227092	0.977291	6.742735	0.42361	0.40328	0.353137	0.2118	0.0777175	0.0239691	0.000891858	0	2.365034	1.773184	0.9772908	0.02270916	59.31762
2440	5.69735	-27.4711	33.1685	0.0264557	0.973544	5.607399	0.429441	0.394233	0.362279	0.206751	0.0778498	0.0236932	0.000894328	0	0.5756119	1.969191	0.9735443	0.02645567	93.15182
2450	6.29594	-24.012	30.3079	0.00747707	0.992523	3.000059	0.426599	0.387966	0.366275	0.206054	0.0755256	0.023782	0.000907125	0	3.43617	1.571287	0.9925229	0.007477066	37.26376
2460	4.00782	-27.3652	31.373	0.661236	0.338764	9.359558	0.424851	0.391186	0.363207	0.211534	0.0751423	0.0243892	0.000903088	0	2.371024	1.790851	0.3387637	0.6612363	61.78038
2470	4.69483	-28.0681	32.7629	0.277077	0.722923	9.708526	0.428213	0.386629	0.362427	0.212937	0.0740615	0.0236477	0.000908494	0	0.9811357	1.961127	0.7229229	0.2770771	91.43815
2480	5.8952	-26.4722	32.3674	0.916943	0.0830567	3.932356	0.420852	0.384434	0.363735	0.204387	0.0745049	0.0236519	0.000888249	0	1.376641	1.96396	0.0830567	0.9169433	92.03641
2490	6.09174	-25.9711	32.0629	0.916178	0.0838219	6.282345	0.430731	0.383992	0.355938	0.210296	0.0749428	0.0242691	0.000864828	0	1.681187	1.940887	0.0838219	0.9161781	87.27446
2500	6.58181	-24.3056	30.8875	0.195147	0.804853	5.958332	0.413809	0.393331	0.363686	0.203616	0.0744211	0.0242794	0.000868863	0	2.856623	1.737495	0.8048534	0.1951466	54.63808
2510	5.03412	-22.1527	27.1868	0.309957	0.690043	2.849585	0.4115	0.385251	0.357855	0.205716	0.0740713	0.0235144	0.000864315	0	6.557272	1.8466	0.6900435	0.3099565	70.2425
2520	7.69942	-22.9711	30.6705	0.160837	0.839163	4.929581	0.413737	0.400509	0.365446	0.213221	0.0754532	0.0233811	0.000880904	0	3.073538	1.97006	0.8391627	0.1608373	93.33823
2530	7.21706	-23.9584	31.1755	0.238801	0.761199	6.219614	0.420242	0.394972	0.355899	0.208428	0.0742178	0.0234898	0.000882253	0	2.568608	1.895341	0.7611993	0.2388007	78.58519
2540	5.66868	-23.5227	29.1914	0.874164	0.125836	5.172134	0.411812	0.385447	0.350194	0.207066	0.0756173	0.0236245	0.000867702	0	4.552679	1.879087	0.1258359	0.8741641	75.69841
2550	1.9472	-29.1599	31.1071	0.134308	0.865692	9.463456	0.414556	0.394977	0.356744	0.204021	0.0746808	0.0238305	0.000883431	0	2.636939	1.522415	0.8656921	0.1343079	33.29775
2560	6.55987	-24.678	31.2379	0.0428451	0.957155	7.063465	0.420993	0.384043	0.351894	0.208282	0.0749785	0.0236309	0.000896626	0	2.50621	1.746206	0.9571549	0.04284506	55.74504
2570	4.59117	-23.7511	28.3423	0.268956	0.731044	0.9716615	0.419437	0.389127	0.349741	0.21403	0.0757582	0.023397	0.000885585	0	5.401776	1.627364	0.7310437	0.2689563	42.3998
2580	4.801	-27.8041	32.6051	0.34494	0.65506	7.214441	0.416833	0.395249	0.348316	0.213848	0.0761562	0.0234394	0.000902561	0	1.138962	1.690493	0.65506	0.34494	49.03346
2590	6.37355	-25.2608	31.6344	0.71138	0.28862	2.058224	0.426419	0.39211	0.36234	0.207839	0.0778364	0.0240807	0.000873851	0	2.109695	1.994598	0.2886203	0.7113797	98.76385
2600	3.34377	-21.139	24.4828	0.240102	0.759898	1.615212	0.422696	0.400578	0.366221	0.210917	0.0754561	0.0240432	0.000869625	0	9.261276	1.938114	0.7598979	0.2401021	86.71893
2610	5.26014	-26.1292	31.3893	0.202937	0.797063	1.647673	0.427317	0.398883	0.354195	0.21197	0.0759794	0.0240942	0.000879983	0	2.354747	1.537995	0.7970633	0.2029367	34.51401
2620	5.72961	-23.1579	28.8876	0.0862046	0.913795	6.591769	0.411485	0.393535	0.350651	0.209869	0.0745181	0.0240946	0.000889842	0	4.856517	1.844794	0.9137954	0.08620458	69.95099
2630	6.56841	-26.2109	32.7793	0.34294	0.65706	4.805766	0.41907	0.399827	0.35374	0.210155	0.0777248	0.0244073	0.000896267	0	0.9647759	1.966079	0.6570601	0.3429399	92.48665
2640	7.62892	-24.2978	31.9267	0.0237885	0.976212	3.201648	0.412993	0.396215	0.363006	0.208206	0.0768628	0.0242201	0.000893039	0	1.817388	1.93161	0.9762115	0.02378846	85.42996
2650	5.33939	-26.4602	31.7996	0.340418	0.659582	8.509882	0.425792	0.39444	0.358421	0.211317	0.0752794	0.0235197	0.000884041	0	1.944518	1.794381	0.6595823	0.3404177	62.28461
2660	3.30747	-25.184	28.4915	0.938022	0.0619777	3.122402	0.422844	0.392253	0.34876	0.210939	0.074751	0.0237887	0.000903883	0	5.252581	1.494263	0.06197766	0.9380223	31.20782
2670	5.6152	-22.9294	28.5446	0.600617	0.399383	6.108673	0.414373	0.39361	0.34969	0.212058	0.0746944	0.0239174	0.000894727	0	5.199453	1.966152	0.3993835	0.6006165	92.50209
2680	6.62816	-25.5971	32.2253	0.171666	0.828334	3.213601	0.428608	0.390825	0.365514	0.212583	0.0775636	0.0232865	0.000896533	0	1.518789	1.792805	0.8283338	0.1716662	62.05902
2690	6.63765	-25.0991	31.7367	0.236094	0.763906	3.967414	0.429653	0.403286	0.361902	0.212167	0.0778855	0.023703	0.000907566	0	2.007349	1.686334	0.763906	0.236094	48.5662
2700	6.51994	-24.6758	31.1957	0.321086	0.678914	1.256476	0.426656	0.403185	0.364058	0.207369	0.0761371	0.0235734	0.000894163	0	2.548328	1.97088	0.6789142	0.3210858	93.51469
2710	6.94645	-24.3906	31.3371	0.306127	0.693873	7.066274	0.430585	0.394754	0.35834	0.2129	0.0773904	0.0239764	0.000907881	0	2.40698	1.904738	0.6938729	0.3061271	80.30424
2720	4.83794	-26.0673	30.9053	0.0522307	0.947769	6.149945	0.430993	0.385336	0.350269	0.212527	0.0757002	0.0238111	0.000901904	0	2.838806	1.437262	0.9477693	0.05223073	27.36918
2730	6.08936	-21.8427	27.9321	0.32774	0.67226	3.632546	0.430023	0.385473	0.353659	0.213176	0.0761143	0.0235279	0.000901397	0	5.81198	1.973606	0.6722599	0.3277401	94.10352
2740	6.57963	-26.1479	32.7275	0.269878	0.730122	7.220887	0.417341	0.383328	0.358942	0.209897	0.076257	0.0233608	0.0009037	0	1.016554	1.96008	0.7301217	0.2698783	91.21781
2750	6.75507	-24.7698	31.5248	0.70253	0.29747	5.981485	0.424215	0.386171	0.363567	0.204845	0.0755839	0.0237382	0.000898845	0	2.219254	1.918555	0.2974702	0.7025298	82.90012
2760	2.72032	-27.4522	30.1725	0.910937	0.0890632	8.135957	0.428869	0.384436	0.351339	0.205023	0.0777082	0.0240741	0.000892587	0	3.57159	1.609074	0.08906322	0.9109368	40.65126
2770	6.04468	-26.3355	32.3802	0.412015	0.587985	4.022548	0.427213	0.388273	0.366258	0.207433	0.0765789	0.0235827	0.000877275	0	1.363845	1.754312	0.5879848	0.4120152	56.7953
2780	6.48889	-25.1089	31.5978	0.751583	0.248417	3.937968	0.422181	0.385171	0.362666	0.213897	0.0778368	0.0235294	0.000885593	0	2.146254	1.862771	0.2484167	0.7515833	72.90724
2790	5.24641	-25.7805	31.0269	0.511485	0.488515	1.553299	0.426369	0.399431	0.366132	0.205961	0.0757511	0.0236517	0.000866004	0	2.717157	1.654408	0.4885146	0.5114854	45.12407
2800	5.89339	-23.5996	29.493	0.285254	0.714746	3.726052	0.428726	0.398153	0.356396	0.212829	0.0750954	0.0239694	0.000872543	0	4.251084	1.670278	0.7147465	0.2852535	46.80347
2810	7.31023	-24.0047	31.315	0.119292	0.880708	6.56459	0.417852	0.388615	0.354475	0.209177	0.0746919	0.0236493	0.000869686	0	2.429121	1.899811	0.8807081	0.1192919	79.39819
2820	5.02241	-26.4368	31.4592	0.611693	0.388307	7.073288	0.417153	0.389901	0.349923	0.207562	0.0754315	0.0240176	0.000872262	0	2.284833	1.674088	0.3883073	0.6116927	47.21591
2830	5.18282	-23.4156	28.5984	0.0516212	0.948379	5.028251	0.413477	0.389361	0.350885	0.213296	0.0770413	0.0236985	0.000886879	0	5.145655	1.605353	0.9483788	0.05162118	40.30443
2840	7.58032	-24.251	31.8313	0.16494	0.83506	6.75107	0.414661	0.392375	0.35357	0.206335	0.076001	0.024344	0.000893632	0	1.912728	1.969943	0.83506	0.16494	93.31312
2850	6.09827	-22.8222	28.9205	0.563207	0.436793	2.385835	0.414911	0.390211	0.365483	0.21093	0.0776729	0.0242522	0.000902156	0	4.823601	1.892525	0.4367929	0.5632071	78.07739
2860	7.80706	-22.6841	30.4911	0.0779554	0.922045	4.800971	0.413361	0.388671	0.359419	0.206706	0.0746694	0.0236196	0.000907456	0	3.252933	1.97319	0.9220446	0.07795536	94.01336
2870	5.0519	-23.9125	28.9644	0.874195	0.125805	6.336898	0.419822	0.39704	0.349951	0.209382	0.0756753	0.0239679	0.00090133	0	4.77966	1.853993	0.1258048	0.8741952	71.44856
2880	6.70716	-25.665	32.3721	0.473753	0.526247	7.122842	0.430109	0.384317	0.349075	0.21295	0.0770853	0.0240327	0.000900194	0	1.37193	1.956982	0.5262472	0.4737528	90.56944
2890	5.08535	-25.9316	31.017	0.383229	0.616771	5.512768	0.422092	0.399355	0.350697	0.20665	0.0766351	0.023326	0.000898266	0	2.727092	1.504447	0.6167708	0.3832292	31.94825
2900	5.6983	-24.7521	30.4504	0.329612	0.670388	6.102095	0.420204	0.392579	0.357672	0.204436	0.0741431	0.023575	0.000889968	0	3.293658	1.649472	0.6703884	0.3296116	44.61411
2910	7.51608	-23.4608	30.9769	0.346423	0.653577	5.463652	0.411308	0.400462	0.349694	0.208995	0.074557	0.0236137	0.000902532	0	2.767188	1.966931	0.653577	0.346423	92.66831
2920	6.3388	-25.5802	31.919	0.0393392	0.960661	9.146275	0.425713	0.396533	0.353421	0.207648	0.0746892	0.024295	0.000899473	0	1.82509	1.937922	0.9606608	0.03933921	86.68066
2930	5.91456	-26.6721	32.5867	0.530599	0.469401	3.44685	0.411192	0.38708	0.353905	0.212999	0.0757509	0.0236647	0.000893856	0	1.157379	1.898311	0.4694013	0.5305987	79.12456
2940	5.53455	-24.5911	30.1257	0.287055	0.712945	4.255097	0.413412	0.397368	0.356298	0.205147	0.0757291	0.0232702	0.000892987	0	3.618382	1.535841	0.7129452	0.2870548	34.34319
2950	6.7118	-23.1682	29.88	0.477344	0.522656	3.783487	0.413771	0.394656	0.351698	0.209722	0.0773697	0.0235907	0.000901831	0	3.864024	1.874113	0.5226563	0.4773437	74.83635
2960	6.658	-23.7746	30.4326	0.24652	0.75348	3.236222	0.416639	0.39923	0.354497	0.210406	0.0774068	0.0232326	0.000888477	0	3.311472	1.739973	0.7534801	0.2465199	54.95073
2970	5.49116	-26.1016	31.5928	0.00301918	0.996981	2.617716	0.424131	0.398582	0.363028	0.208742	0.0778513	0.0232794	0.000873333	0	2.151306	1.448631	0.9969808	0.003019185	28.09511
2980	6.7568	-25.6277	32.3845	0.0802031	0.919797	7.514286	0.429532	0.387259	0.359898	0.207656	0.0774527	0.0233943	0.000908508	0	1.359598	1.868864	0.9197969	0.08020307	73.93734
2990	5.09538	-23.1198	28.2152	0.528935	0.471065	2.611333	0.41015	0.386728	0.364536	0.212242	0.0746879	0.0236501	0.000893404	0	5.528871	1.742224	0.4710645	0.5289355	55.23627
3000	6.92781	-24.303	31.2308	0.568587	0.431413	3.570662	0.413351	0.396026	0.362168	0.203866	0.0757352	0.024045	0.00087188	0	2.513315	1.896404	0.4314129	0.5685871	78.77783
3010	7.80118	-23.4813	31.2825	0.172985	0.827015	4.619428	0.423757	0.395247	0.358065	0.206874	0.0770697	0.0243764	0.000892905	0	2.4616	1.937939	0.8270149	0.1729851	86.6841
3020	6.75121	-24.3889	31.1401	0.619663	0.380337	2.947201	0.428035	0.39305	0.354752	0.210963	0.077358	0.0239333	0.000868182	0	2.603975	1.909934	0.3803367	0.6196633	81.27062
3030	6.99283	-24.3001	31.2929	0.780857	0.219143	4.342024	0.419885	0.403024	0.366469	0.210464	0.0777493	0.0240116	0.000908593	0	2.451191	1.951575	0.219143	0.780857	89.44892
3040	6.40629	-26.2725	32.6788	0.280796	0.719204	6.738191	0.413512	0.396475	0.351769	0.205276	0.0758535	0.0243416	0.000905363	0	1.065307	1.878977	0.7192042	0.2807958	75.67936
3050	6.78474	-24.1228	30.9075	0.334982	0.665018	7.410001	0.417147	0.388533	0.358295	0.204073	0.0776456	0.0240116	0.00089683	0	2.83654	1.959813	0.6650184	0.3349816	91.16179
3060	4.81186	-28.0822	32.8941	0.214658	0.785342	3.73271	0.425061	0.401564	0.366207	0.206256	0.0774283	0.0241457	0.000903699	0	0.8499999	1.692431	0.7853416	0.2146584	49.25282
3070	6.5945	-24.8741	31.4686	0.311387	0.688613	3.408778	0.428822	0.400033	0.349567	0.209437	0.076162	0.0235199	0.000905241	0	2.2755	1.710582	0.6886127	0.3113873	51.35487
3080	5.48817	-21.6701	27.1583	0.384521	0.615479	2.889594	0.425085	0.396721	0.358272	0.20992	0.0765132	0.023213	0.000886871	0	6.585781	1.963827	0.6154787	0.3845213	92.00824
3090	6.59885	-22.2842	28.8831	0.354722	0.645278	3.816837	0.420882	0.401493	0.355212	0.20602	0.0768769	0.0234287	0.000895732	0	4.860989	1.956102	0.6452777	0.3547223	90.38625
3100	4.19353	-28.235	32.4285	0.0387448	0.961255	3.401779	0.425163	0.395213	0.351762	0.210579	0.0748254	0.0238602	0.00089564	0	1.315547	1.345166	0.9612552	0.03874479	22.13942
3110	7.3204	-24.1984	31.5188	0.0322018	0.967798	2.063556	0.416521	0.399329	0.350533	0.203698	0.0746263	0.0237211	0.000897792	0	2.225285	1.947665	0.9677982	0.0322018	88.64713
3120	6.98888	-22.751	29.7399	0.28959	0.71041	2.88504	0.429628	0.398405	0.361756	0.206822	0.0761312	0.0233073	0.000870377	0	4.004188	1.940547	0.7104101	0.2895899	87.20605
3130	5.97879	-25.9082	31.8869	0.865141	0.134859	2.333255	0.412291	0.395763	0.365372	0.211759	0.0769046	0.0235767	0.000881894	0	1.857126	1.973459	0.134859	0.865141	94.07171
3140	4.62021	-26.78	31.4002	0.800878	0.199122	1.221512	0.430396	0.390774	0.350064	0.21331	0.0759584	0.0232622	0.000876089	0	2.343893	1.728292	0.1991221	0.8008779	53.49241
3150	5.53095	-22.5618	28.0928	0.540513	0.459487	0.9897341	0.415336	0.400516	0.353188	0.212392	0.077083	0.0237223	0.000872519	0	5.651273	1.978371	0.4594868	0.5405132	95.14165
3160	5.23537	-24.0537	29.2891	0.638693	0.361307	2.317641	0.422726	0.402576	0.348581	0.207823	0.0762238	0.0234794	0.000874642	0	4.454965	1.698031	0.3613071	0.6386929	49.89206
3170	6.78297	-25.5893	32.3723	0.551121	0.448879	6.935184	0.425082	0.389208	0.357594	0.206133	0.0765144	0.0233223	0.000885616	0	1.371813	1.99955	0.4488791	0.5511209	99.89647
3180	6.85054	-22.9664	29.8169	0.213422	0.786578	6.195661	0.423159	0.386306	0.348391	0.204399	0.0760855	0.0232624	0.000875966	0	3.927166	1.979557	0.7865784	0.2134216	95.40186
3190	6.55533	-25.1806	31.7359	0.238179	0.761821	8.440507	0.422519	0.391706	0.349376	0.205728	0.0778065	0.0237586	0.000880078	0	2.008179	1.945812	0.7618212	0.2381788	88.26982
3200	5.56295	-26.5214	32.0844	0.699202	0.300798	3.079773	0.421472	0.386348	0.348995	0.205994	0.07521	0.0235385	0.000879494	0	1.659708	1.767636	0.300798	0.699202	58.56477
3210	3.80115	-21.1257	24.9268	0.0222057	0.977794	2.205164	0.430873	0.389819	0.353414	0.206581	0.0742285	0.0234404	0.000888055	0	8.817266	1.901431	0.9777943	0.0222057	79.69508
3220	6.60161	-22.2594	28.861	0.0802873	0.919713	4.469455	0.424493	0.396675	0.351061	0.206681	0.0744219	0.0237084	0.000894941	0	4.883087	1.898883	0.9197127	0.08028729	79.22877
3230	2.46854	-30.1429	32.6114	0.143771	0.856229	12.13044	0.423008	0.385086	0.354368	0.214157	0.0749357	0.0237364	0.00089978	0	1.132654	1.994997	0.8562293	0.1437707	98.8547
3240	7.26642	-24.2513	31.5177	0.496484	0.503516	6.300155	0.416047	0.395832	0.351586	0.211762	0.0762354	0.0236954	0.00089364	0	2.226379	1.987446	0.5035157	0.4964843	97.15074
3250	5.5158	-26.1252	31.641	0.132758	0.867242	1.984178	0.418698	0.397088	0.358849	0.207194	0.0750255	0.0234771	0.000874408	0	2.103079	1.557314	0.8672419	0.1327581	36.08397
3260	6.5903	-24.4953	31.0856	0.728908	0.271092	4.592838	0.414777	0.396685	0.360708	0.211603	0.074054	0.0237797	0.000886421	0	2.658468	1.854777	0.2710917	0.7289083	71.57757
3270	5.88214	-23.93	29.8122	0.467143	0.532857	4.17844	0.420446	0.3906	0.352341	0.212635	0.0776895	0.023758	0.000866352	0	3.931889	1.700379	0.5328573	0.4671427	50.16249
3280	6.32621	-23.8216	30.1478	0.13365	0.86635	1.358745	0.418377	0.387084	0.364886	0.203687	0.077458	0.0235261	0.000869944	0	3.596286	1.808364	0.8663496	0.1336504	64.32271
3290	7.32821	-23.5586	30.8868	0.0538617	0.946138	1.809238	0.430736	0.384803	0.354635	0.209451	0.0767991	0.0232396	0.000869179	0	2.857283	1.987694	0.9461383	0.05386172	97.20612
3300	3.89901	-22.9998	26.8988	0.117106	0.882894	3.230047	0.425409	0.39228	0.352508	0.209909	0.077075	0.0235672	0.000866266	0	6.845287	1.562633	0.882894	0.117106	36.52862
3310	6.2448	-25.27	31.5148	0.888757	0.111243	7.378519	0.410938	0.397466	0.352336	0.210268	0.0764537	0.0235538	0.000877976	0	2.229288	1.995285	0.1112428	0.8887572	98.92009
3320	4.57392	-26.1858	30.7597	0.416833	0.583167	1.404955	0.41109	0.394524	0.354403	0.207102	0.0768438	0.0234028	0.000898258	0	2.984361	1.468817	0.583167	0.416833	29.43184
3330	7.21369	-24.2306	31.4443	0.611842	0.388158	3.370924	0.419333	0.402648	0.353092	0.208514	0.0768665	0.0234468	0.000893781	0	2.299746	1.992857	0.3881584	0.6118416	98.36869
3340	5.81693	-24.1513	29.9682	0.649588	0.350412	7.060937	0.418401	0.395959	0.352159	0.208101	0.0758576	0.0241061	0.000904898	0	3.775861	1.901923	0.3504122	0.6495878	79.78538
3350	7.32027	-22.2543	29.5745	0.14833	0.85167	3.397662	0.416588	0.393201	0.350886	0.209359	0.0749881	0.0240191	0.000905482	0	4.169538	1.979266	0.8516701	0.1483299	95.33796
3360	5.56986	-23.3323	28.9022	0.506687	0.493313	1.156083	0.414169	0.395629	0.363764	0.206366	0.0750089	0.023477	0.000897453	0	4.84188	1.855056	0.4933131	0.5066869	71.62359
3370	6.42819	-26.467	32.8952	0.286887	0.713113	5.074462	0.412184	0.38506	0.365714	0.21021	0.0766057	0.0232749	0.00089039	0	0.8489223	1.984266	0.7131132	0.2868868	96.44202
3380	4.08607	-22.0138	26.0999	0.308036	0.691964	2.660373	0.411943	0.389925	0.356273	0.205215	0.0772416	0.0234584	0.000902339	0	7.644174	1.795925	0.6919639	0.3080361	62.50654
3390	5.68234	-25.0034	30.6857	0.458737	0.541263	2.73199	0.424798	0.387232	0.359587	0.205401	0.0752594	0.023416	0.000900375	0	3.05836	1.602708	0.5412633	0.4587367	40.05977
3400	6.48129	-25.431	31.9123	0.51969	0.48031	6.113249	0.420668	0.39012	0.35893	0.206619	0.0752489	0.0233656	0.000885807	0	1.831816	1.820989	0.4803099	0.5196901	66.21992
3410	6.64186	-25.3361	31.9779	0.0759595	0.92404	4.482765	0.419234	0.387353	0.363101	0.210036	0.0751585	0.0232378	0.000882711	0	1.766144	1.663077	0.9240405	0.07595951	46.03377
3420	6.13136	-23.8351	29.9665	0.423957	0.576043	2.279702	0.428025	0.387259	0.360131	0.211188	0.07447	0.0233826	0.000888432	0	3.77759	1.767603	0.5760435	0.4239565	58.56031
3430	5.64002	-22.4311	28.0712	0.312558	0.687442	4.958684	0.426672	0.383784	0.365332	0.21112	0.0751787	0.0239032	0.000889084	0	5.672914	1.894967	0.6874419	0.3125581	78.51767
3440	4.98131	-26.4041	31.3854	0.83018	0.16982	2.859199	0.428688	0.390112	0.358193	0.213	0.0768653	0.0240013	0.000890003	0	2.358629	1.637272	0.1698198	0.8301802	43.3782
3450	7.31909	-22.9143	30.2334	0.376128	0.623872	4.11192	0.428541	0.383713	0.35172	0.210106	0.0770837	0.0232845	0.00088617	0	3.510703	1.969988	0.6238718	0.3761282	93.32275
3460	6.77976	-25.3356	32.1154	0.357631	0.642369	6.722189	0.42657	0.389764	0.350321	0.206391	0.0762631	0.0236305	0.000895309	0	1.62871	1.868874	0.6423692	0.3576308	73.93907
3470	4.40258	-24.3212	28.7238	0.578783	0.421217	4.708118	0.423715	0.396327	0.351863	0.21329	0.0769106	0.0232879	0.000884489	0	5.020277	1.580939	0.4212173	0.5787827	38.10124
3480	6.39953	-22.1655	28.5651	0.0838626	0.916137	4.144953	0.421546	0.392655	0.351658	0.20947	0.0775958	0.0241359	0.000883837	0	5.178998	1.8964	0.9161374	0.08386257	78.77705
3490	6.79453	-25.3367	32.1312	0.0329631	0.967037	3.617652	0.425165	0.388292	0.350436	0.206376	0.0760346	0.0242793	0.000890794	0	1.612846	1.72114	0.9670369	0.0329631	52.61871
3500	6.8741	-23.9901	30.8642	0.0538918	0.946108	7.000427	0.42922	0.385386	0.358409	0.207701	0.077729	0.0239784	0.000873784	0	2.879911	1.844303	0.9461082	0.05389184	69.87198
3510	6.76063	-24.0235	30.7841	0.309732	0.690268	4.959828	0.42773	0.385067	0.357626	0.208852	0.0757518	0.0237955	0.000867724	0	2.95998	1.771804	0.6902684	0.3097316	59.12953
3520	7.20821	-23.9566	31.1648	0.153889	0.846111	7.326023	0.42096	0.389232	0.355443	0.212355	0.0770226	0.0242012	0.000864346	0	2.579314	1.994376	0.8461111	0.1538889	98.71333
3530	5.33693	-25.3255	30.6624	0.910031	0.0899685	4.073725	0.416746	0.385483	0.363317	0.204049	0.0743582	0.0232427	0.000864919	0	3.081647	1.701925	0.0899685	0.9100315	50.34139
3540	5.2289	-24.0447	29.2736	0.968954	0.0310455	7.115683	0.418282	0.388297	0.353943	0.206194	0.0768129	0.0236037	0.000891277	0	4.470517	1.950892	0.03104554	0.9689545	89.30824
3550	2.68444	-25.4023	28.0867	0.288003	0.711997	8.002958	0.413792	0.390707	0.361908	0.207161	0.0761812	0.0239691	0.000899568	0	5.65735	1.594373	0.7119967	0.2880033	39.29825
3560	4.34353	-24.1717	28.5152	0.00473061	0.995269	8.076634	0.416569	0.402175	0.365545	0.207996	0.0748068	0.0241788	0.000894124	0	5.228869	1.748187	0.9952694	0.004730606	55.99984
3570	5.36269	-22.0393	27.402	0.721445	0.278555	2.573252	0.418302	0.39681	0.358079	0.20432	0.0764009	0.0242095	0.000896551	0	6.342083	1.945598	0.2785549	0.7214451	88.22628
3580	6.79019	-23.5485	30.3387	0.31932	0.68068	6.506009	0.415749	0.388334	0.349399	0.212383	0.0748698	0.024214	0.000889611	0	3.405395	1.936653	0.6806805	0.3193195	86.42767
3590	5.50856	-26.7136	32.2221	0.880234	0.119766	5.469202	0.412858	0.389265	0.353123	0.211589	0.0762632	0.0236428	0.000896593	0	1.52193	1.811377	0.1197656	0.8802344	64.77042
3600	4.6046	-26.9272	31.5318	0.149223	0.850777	5.918817	0.415055	0.387923	0.357826	0.210588	0.0767077	0.0232907	0.000903303	0	2.212314	1.417464	0.8507766	0.1492234	26.14955
3610	6.26181	-26.4439	32.7057	0.414648	0.585352	6.049917	0.414009	0.38785	0.364828	0.212829	0.077311	0.0232023	0.000887594	0	1.038378	1.892005	0.5853517	0.4146483	77.98399
3620	6.98089	-24.0427	31.0236	0.285194	0.714806	5.434571	0.41562	0.387097	0.348243	0.210368	0.0765943	0.0236396	0.000901244	0	2.720518	1.801262	0.7148063	0.2851937	63.27942
3630	6.44478	-24.968	31.4128	0.336364	0.663636	3.113745	0.414756	0.402948	0.361417	0.210266	0.0769313	0.0242752	0.000886924	0	2.331314	1.708278	0.6636356	0.3363644	51.08318
3640	6.75158	-23.3058	30.0574	0.11978	0.88022	1.995218	0.418093	0.393925	0.362519	0.204972	0.0755795	0.0239563	0.000896932	0	3.686652	1.832331	0.8802201	0.1197799	67.97221
3650	5.68327	-25.4083	31.0915	0.80124	0.19876	2.96858	0.430517	0.388912	0.357115	0.204954	0.0740476	0.0232743	0.000895688	0	2.652529	1.732745	0.1987595	0.8012405	54.04372
3660	7.32786	-23.8944	31.2223	0.51591	0.48409	3.579084	0.426938	0.391106	0.365466	0.205687	0.0746552	0.0234584	0.000895607	0	2.521788	1.966388	0.4840905	0.5159095	92.5524
3670	5.25413	-23.5233	28.7775	0.265047	0.734953	3.319903	0.417119	0.394431	0.356806	0.210118	0.0740125	0.0238135	0.000899739	0	4.966618	1.600335	0.7349533	0.2650467	39.84147
3680	6.21302	-23.9786	30.1916	0.0482165	0.951784	8.319691	0.415797	0.387563	0.363416	0.213982	0.0751741	0.0233034	0.000901029	0	3.552457	1.965635	0.9517835	0.04821649	92.39215
3690	7.41489	-23.5484	30.9633	0.0731036	0.926896	5.897009	0.411562	0.385057	0.350205	0.212322	0.0754687	0.0235203	0.000875262	0	2.780806	1.879162	0.9268964	0.07310365	75.71149
3700	5.83717	-26.7793	32.6165	0.101085	0.898915	1.943148	0.418733	0.392908	0.355834	0.210144	0.0757895	0.0241139	0.000896289	0	1.127567	1.986143	0.8989151	0.1010849	96.85957
3710	8.02198	-22.5605	30.5825	0.00457751	0.995422	4.130323	0.421499	0.400495	0.349079	0.209992	0.0760288	0.0238081	0.000897067	0	3.161607	1.994233	0.9954225	0.004577505	98.6809
3720	7.49297	-24.7105	32.2035	0.0302469	0.969753	6.079871	0.429241	0.402538	0.357215	0.212824	0.074034	0.0243772	0.000867841	0	1.540577	1.890289	0.9697531	0.03024691	77.67635
3730	-0.801786	-21.8467	21.0449	0.56494	0.43506	3.586166	0.414432	0.393121	0.350219	0.210725	0.0762421	0.0241832	0.000893815	0	12.69914	1.733853	0.4350603	0.5649397	54.18171
3740	6.08742	-23.2049	29.2923	0.84111	0.15889	1.793181	0.413224	0.40151	0.360242	0.2132	0.0752672	0.0241655	0.000893436	0	4.451794	1.949643	0.1588898	0.8411102	89.05184
3750	3.15815	-24.4852	27.6433	0.37952	0.62048	4.430149	0.41176	0.389044	0.361638	0.212988	0.0742054	0.0235857	0.000891607	0	6.100736	1.425175	0.6204797	0.3795203	26.61799
3760	5.8268	-25.2584	31.0852	0.288458	0.711542	8.947027	0.409889	0.385478	0.359774	0.21031	0.0761876	0.0235959	0.000868855	0	2.658865	1.925693	0.7115421	0.2884579	84.27392
3770	7.83371	-22.7918	30.6256	0.0260328	0.973967	3.383784	0.422032	0.388732	0.364386	0.210227	0.0761596	0.0232419	0.000872557	0	3.118515	1.970856	0.9739672	0.02603283	93.50964
3780	5.86909	-23.5464	29.4155	0.956138	0.0438625	1.90082	0.420031	0.392145	0.356232	0.2125	0.0757488	0.0242338	0.000877198	0	4.328599	1.917055	0.04386247	0.9561375	82.61429
3790	6.67882	-24.1949	30.8738	0.918447	0.0815534	4.912325	0.418323	0.384132	0.356572	0.214301	0.0763335	0.0239665	0.000891666	0	2.870313	1.943937	0.08155336	0.9184466	87.88946
3800	6.72893	-24.2882	31.0171	0.428678	0.571322	7.506191	0.41404	0.398435	0.34844	0.213002	0.0744063	0.0236037	0.000893953	0	2.726936	1.991291	0.5713225	0.4286775	98.01469
3810	6.94214	-22.5878	29.53	0.173955	0.826045	5.365335	0.414191	0.389773	0.355544	0.212115	0.0747371	0.0242607	0.000875887	0	4.214098	1.970023	0.8260448	0.1739552	93.33029
3820	5.9571	-25.9244	31.8815	0.21587	0.78413	1.169501	0.410962	0.38365	0.355517	0.203994	0.0772179	0.0240564	0.000887798	0	1.862597	1.912663	0.7841303	0.2158697	81.78304
3830	7.677	-24.1788	31.8558	0.132172	0.867828	4.663285	0.419924	0.388172	0.349573	0.20581	0.0762197	0.023214	0.000891797	0	1.888298	1.896263	0.8678281	0.1321719	78.75219
3840	6.0614	-25.9724	32.0338	0.643948	0.356052	5.949765	0.419014	0.398886	0.351031	0.206992	0.0761072	0.0236883	0.000888991	0	1.710242	1.789436	0.3560518	0.6439482	61.57949
3850	6.55329	-25.1025	31.6558	0.115	0.885	5.2073	0.424218	0.403299	0.358524	0.208424	0.074355	0.0234943	0.000888687	0	2.08826	1.646178	0.8850002	0.1149998	44.27695
3860	4.57665	-25.9839	30.5605	0.450717	0.549283	4.567949	0.426759	0.395777	0.356817	0.210038	0.0742334	0.0241113	0.00088923	0	3.183568	1.421078	0.5492825	0.4507175	26.36806
3870	6.83694	-23.8514	30.6883	0.184645	0.815355	5.868204	0.420798	0.39257	0.355683	0.209983	0.0754504	0.0241879	0.000888824	0	3.055766	1.792628	0.8153549	0.1846451	62.03379
3880	6.21453	-26.6622	32.8767	0.0230372	0.976963	6.801625	0.41747	0.392386	0.36361	0.211503	0.0746433	0.0237749	0.000872391	0	0.8673932	1.868258	0.9769628	0.02303723	73.83423
3890	6.87707	-22.1037	28.9807	0.098556	0.901444	4.575174	0.428647	0.395693	0.351894	0.206608	0.0751752	0.0237334	0.000869108	0	4.76334	1.987874	0.901444	0.09855599	97.24647
3900	0.549158	-32.7285	33.2776	0.554954	0.445046	4.735103	0.428713	0.38995	0.365545	0.212725	0.0757602	0.0233422	0.000867165	0	0.4664615	1.520423	0.4450464	0.5549536	33.14541
3910	6.55112	-24.3617	30.9128	0.0313881	0.968612	3.862111	0.428617	0.390876	0.362031	0.206498	0.0775977	0.0238532	0.000893637	0	2.831259	1.591305	0.9686119	0.03138807	39.02157
3920	5.34532	-25.2229	30.5683	0.748544	0.251456	3.621232	0.423406	0.397384	0.359389	0.206144	0.0777645	0.023482	0.000898868	0	3.175816	1.626856	0.2514564	0.7485436	42.35025
3930	5.98476	-24.7078	30.6925	0.406854	0.593146	2.698267	0.424095	0.396964	0.35218	0.203665	0.0777662	0.0234217	0.00086436	0	3.051541	1.666911	0.5931462	0.4068538	46.44201
3940	7.27423	-23.9896	31.2639	0.383252	0.616748	4.77276	0.422228	0.390847	0.362217	0.208687	0.0765566	0.0238287	0.000884001	0	2.4802	1.884397	0.6167477	0.3832523	76.62974
3950	7.57385	-24.4429	32.0168	0.251925	0.748075	4.772836	0.427164	0.403178	0.364571	0.210328	0.0761071	0.0237936	0.000870306	0	1.727276	1.947985	0.7480751	0.2519249	88.71262
3960	5.22367	-23.4432	28.6669	0.194579	0.805421	6.584454	0.431034	0.397963	0.360509	0.213456	0.0759134	0.0240769	0.000864789	0	5.077201	1.806081	0.8054209	0.1945791	63.9854
3970	0.85679	-27.1643	28.0211	0.809033	0.190967	1.302013	0.419494	0.396348	0.358775	0.209317	0.0759515	0.0239098	0.000884522	0	5.722971	1.155904	0.1909671	0.8090329	14.31873
3980	6.53192	-24.816	31.3479	0.0583348	0.941665	8.486053	0.41105	0.397514	0.348428	0.208597	0.0772504	0.0236135	0.000888878	0	2.396136	1.902663	0.9416652	0.05833482	79.92147
3990	6.25422	-24.8501	31.1043	0.397476	0.602524	8.15969	0.413499	0.398606	0.352384	0.211401	0.0768844	0.0232818	0.000895251	0	2.63977	1.929647	0.6025242	0.3974758	85.04456
4000	5.17496	-25.2006	30.3755	0.158502	0.841498	5.822795	0.421851	0.396366	0.350643	0.212066	0.0767423	0.0238209	0.000895639	0	3.368549	1.501459	0.841498	0.158502	31.72918
4010	6.39515	-24.0566	30.4518	0.931345	0.0686546	6.416186	0.429087	0.398655	0.354068	0.20855	0.0746807	0.0242316	0.000906381	0	3.292303	1.987043	0.06865463	0.9313454	97.06064
4020	6.02839	-22.5229	28.5513	0.656989	0.343011	3.235309	0.421663	0.39037	0.362201	0.212037	0.0750401	0.0240041	0.000877628	0	5.192751	1.933888	0.3430114	0.6569886	85.87924
4030	7.60453	-24.0295	31.634	0.195152	0.804848	6.743757	0.411466	0.383739	0.35107	0.214213	0.0775001	0.0237877	0.000895464	0	2.110075	1.996087	0.8048483	0.1951517	99.1031
4040	5.73139	-25.0927	30.8241	0.127899	0.872101	6.116229	0.41058	0.395991	0.360109	0.209564	0.0751981	0.0233788	0.000881908	0	2.919997	1.580941	0.8721011	0.1278989	38.1014
4050	5.03443	-23.2548	28.2892	0.855264	0.144736	6.754289	0.417525	0.387704	0.365112	0.210302	0.076834	0.0238207	0.000895788	0	5.454876	1.989063	0.1447359	0.8552641	97.51312
4060	4.56021	-21.8102	26.3704	0.297453	0.702547	3.678524	0.424751	0.389575	0.363525	0.210128	0.0763986	0.0243677	0.000896024	0	7.373656	1.882945	0.7025467	0.2974533	76.3739
4070	5.78462	-23.3522	29.1368	0.538919	0.461081	1.286773	0.425376	0.389916	0.362038	0.212555	0.0778552	0.0243669	0.000898175	0	4.607283	1.877681	0.461081	0.538919	75.45379
4080	6.4738	-26.2294	32.7032	0.143743	0.856257	8.294699	0.426888	0.392568	0.361416	0.213166	0.0770212	0.0242223	0.000871443	0	1.040912	1.996302	0.8562571	0.1437429	99.15214
4090	6.94341	-23.6304	30.5738	0.315062	0.684938	4.468099	0.429304	0.38326	0.365591	0.211419	0.0773421	0.0240665	0.00087113	0	3.170296	1.820534	0.684938	0.315062	66.15068
4100	5.21423	-21.8164	27.0306	0.761772	0.238228	3.246894	0.418981	0.386806	0.364506	0.208903	0.0768815	0.0239581	0.000885761	0	6.713491	1.977603	0.2382276	0.7617724	94.97364
4110	5.67372	-22.7452	28.419	0.636567	0.363433	3.899248	0.425433	0.397981	0.357985	0.208686	0.077204	0.0239931	0.000885185	0	5.325113	1.874238	0.3634329	0.6365671	74.85803
4120	6.42388	-25.6229	32.0468	0.425549	0.574451	4.807728	0.428442	0.386064	0.353141	0.205474	0.0758237	0.0241441	0.000872315	0	1.697304	1.751521	0.5744506	0.4255494	56.4314
4130	7.15608	-24.7294	31.8855	0.0125587	0.987441	8.195449	0.429774	0.39041	0.350556	0.204622	0.0773949	0.0235394	0.00086567	0	1.858609	1.974093	0.9874413	0.01255874	94.20923
4140	7.81406	-22.8101	30.6241	0.0196515	0.980348	3.920813	0.426601	0.383228	0.348431	0.205058	0.0766963	0.0235791	0.000883461	0	3.119956	1.938095	0.9803485	0.01965154	86.71519
4150	6.20681	-25.1068	31.3136	0.563885	0.436115	8.492595	0.427096	0.387063	0.353348	0.207025	0.0773237	0.0233119	0.000899324	0	2.430426	1.996724	0.4361148	0.5638852	99.24847
4160	3.71393	-22.286	25.9999	0.366622	0.633378	6.167893	0.421807	0.39607	0.349187	0.211564	0.0768637	0.0234774	0.000890625	0	7.744142	1.965195	0.633378	0.366622	92.29861
4170	5.62189	-24.6632	30.285	0.109964	0.890036	4.237831	0.412267	0.396728	0.348592	0.210294	0.075219	0.0236754	0.000892342	0	3.459027	1.485231	0.8900364	0.1099636	30.56545
4180	6.28486	-23.2155	29.5003	0.0941219	0.905878	5.964168	0.419013	0.394927	0.355569	0.210017	0.0777195	0.0237716	0.00089962	0	4.243732	1.795666	0.9058781	0.09412193	62.46924
4190	2.42013	-25.829	28.2491	0.284814	0.715186	2.353678	0.411838	0.383617	0.358243	0.205705	0.0771029	0.0243304	0.000897456	0	5.494978	1.166659	0.7151862	0.2848138	14.67773
4200	5.3212	-24.1393	29.4605	0.0827021	0.917298	0.6182927	0.428317	0.39362	0.35647	0.204223	0.0743103	0.024229	0.000896379	0	4.28357	1.662169	0.9172979	0.08270209	45.93772
4210	4.96238	-25.1775	30.1399	0.941348	0.0586517	0.1778239	0.416205	0.403321	0.356279	0.211466	0.0752919	0.0242101	0.000893779	0	3.604174	1.935102	0.05865168	0.9413483	86.11958
4220	5.52932	-23.753	29.2823	0.37415	0.62585	1.337284	0.421738	0.391752	0.352733	0.207222	0.0742613	0.0242323	0.000907815	0	4.461762	1.7394	0.6258496	0.3741504	54.87824
4230	2.50261	-29.2031	31.7058	0.939227	0.0607727	3.399387	0.410518	0.395552	0.361023	0.208775	0.0746354	0.0236188	0.000897899	0	2.038317	1.368157	0.06077268	0.9392273	23.34303
4240	4.80693	-25.1509	29.9578	0.988438	0.011562	2.022446	0.419386	0.401281	0.362181	0.210146	0.0757716	0.0232954	0.000873274	0	3.786262	1.710513	0.01156202	0.988438	51.34675
4250	5.5741	-22.6926	28.2667	0.358021	0.641979	0.6938119	0.410214	0.398772	0.352512	0.212449	0.0763759	0.0240195	0.000892577	0	5.477369	1.972757	0.6419789	0.3580211	93.91975
4260	6.02583	-23.7272	29.7531	0.941367	0.0586335	2.468972	0.419326	0.386137	0.352385	0.208059	0.076651	0.0243531	0.00087445	0	3.991	1.898766	0.05863349	0.9413665	79.20752
4270	6.58401	-24.7635	31.3475	0.633579	0.366421	6.588664	0.412823	0.38345	0.348826	0.204531	0.0773016	0.0241602	0.000886414	0	2.396546	1.90279	0.3664206	0.6335794	79.94477
4280	4.77439	-24.6682	29.4426	0.381323	0.618677	8.355875	0.421342	0.385313	0.349677	0.20829	0.0770547	0.0242842	0.000884409	0	4.30148	1.83819	0.618677	0.381323	68.89537
4290	3.17591	-23.2439	26.4198	0.0861554	0.913845	5.015007	0.421132	0.389215	0.353739	0.212587	0.0770854	0.024282	0.000879942	0	7.324257	1.55837	0.9138446	0.08615543	36.17176
4300	2.0585	-28.9612	31.0197	0.557333	0.442667	10.41846	0.41292	0.399997	0.357272	0.211334	0.0760746	0.0235414	0.000866298	0	2.72436	1.718865	0.4426673	0.5573327	52.34377
4310	3.44323	-23.9699	27.4131	0.212277	0.787723	5.936394	0.414993	0.401412	0.363399	0.209276	0.0768449	0.0238145	0.000875433	0	6.330947	1.567153	0.7877233	0.2122767	36.91078
4320	6.35338	-24.7065	31.0599	0.567738	0.432262	6.815954	0.426039	0.402421	0.362308	0.20818	0.075216	0.0242778	0.000885454	0	2.684166	1.865952	0.432262	0.567738	73.44325
4330	6.44451	-24.1429	30.5874	0.159627	0.840373	8.142926	0.410591	0.395647	0.364844	0.20498	0.0773163	0.0239283	0.000889907	0	3.156715	1.958691	0.8403727	0.1596273	90.92671
4340	6.65757	-26.1003	32.7579	0.0186321	0.981368	3.778848	0.417154	0.390376	0.348512	0.206598	0.0769597	0.0237648	0.000884941	0	0.9862051	1.929017	0.9813679	0.01863209	84.92128
4350	6.29403	-25.7939	32.088	0.0430197	0.95698	4.681459	0.422109	0.396572	0.348829	0.204221	0.0771907	0.0235655	0.000897463	0	1.65611	1.595522	0.9569803	0.04301966	39.40234
4360	6.39992	-24.3304	30.7303	0.821034	0.178966	4.461924	0.417523	0.393511	0.348238	0.206645	0.0754629	0.0233237	0.000905457	0	3.013775	1.847641	0.1789659	0.8210341	70.4111
4370	3.91111	-26.8635	30.7746	0.54515	0.45485	10.95596	0.413982	0.398461	0.352128	0.210437	0.0762408	0.0232575	0.000890398	0	2.969488	1.976917	0.4548502	0.5451498	94.82366
4380	5.82943	-25.0979	30.9273	0.508918	0.491082	6.3094	0.423957	0.389133	0.351697	0.212115	0.074688	0.0235757	0.00090013	0	2.816746	1.708564	0.4910823	0.5089177	51.11686
4390	6.14687	-24.1423	30.2891	0.183269	0.816731	1.352023	0.427618	0.383961	0.348301	0.205162	0.076905	0.023795	0.000897351	0	3.45494	1.756426	0.8167306	0.1832694	57.07242
4400	5.02786	-23.7504	28.7782	0.652726	0.347274	2.003028	0.428534	0.385822	0.348619	0.203635	0.0758908	0.0243196	0.000896946	0	4.965824	1.714682	0.3472738	0.6527262	51.84204
4410	6.91344	-23.1907	30.1041	0.297749	0.702251	3.115419	0.424916	0.400609	0.365023	0.208218	0.07668	0.0238747	0.000902196	0	3.639981	1.856007	0.7022514	0.2977486	71.78058
4420	4.63914	-27.4919	32.1311	0.503869	0.496131	2.703568	0.429607	0.391352	0.35258	0.209374	0.0763761	0.023708	0.000886388	0	1.612986	1.540604	0.4961311	0.5038689	34.72198
4430	5.84036	-22.0977	27.938	0.762924	0.237076	3.722728	0.410478	0.385521	0.350703	0.203649	0.0774506	0.0232026	0.000906183	0	5.806054	1.984687	0.2370758	0.7629242	96.53544
4440	6.46703	-23.6664	30.1334	0.558464	0.441536	3.035303	0.41875	0.392816	0.348354	0.204668	0.0770746	0.0237414	0.000863917	0	3.610624	1.850418	0.441536	0.558464	70.86277
4450	3.0779	-22.4306	25.5085	0.604814	0.395186	0.3909455	0.418272	0.399674	0.354304	0.205938	0.0768536	0.0236648	0.000883375	0	8.235562	1.831592	0.3951861	0.6048139	67.85655
4460	3.93874	-24.3608	28.2996	0.603426	0.396574	0.2521875	0.428415	0.395192	0.361123	0.210285	0.0766614	0.0236506	0.000887023	0	5.444504	1.67596	0.3965735	0.6034265	47.41982
4470	6.34078	-24.478	30.8188	0.860982	0.139018	2.255169	0.419613	0.393766	0.362422	0.21228	0.0745364	0.023284	0.00090814	0	2.925259	1.925307	0.1390181	0.8609819	84.1991
4480	7.51071	-23.1105	30.6212	0.399222	0.600778	3.672629	0.411399	0.397805	0.360493	0.214306	0.0753449	0.0234612	0.000900038	0	3.122879	1.989841	0.6007782	0.3992218	97.68805
4490	6.02021	-26.5558	32.576	0.384404	0.615596	2.743392	0.415664	0.387587	0.349967	0.208658	0.0744119	0.023623	0.00088425	0	1.168101	1.963123	0.6155965	0.3844035	91.85934
4500	5.43519	-22.808	28.2432	0.5693	0.4307	3.620531	0.409863	0.393231	0.351928	0.213323	0.077609	0.0242631	0.000892906	0	5.500837	1.82202	0.4307002	0.5692998	66.37736
4510	6.01904	-21.9542	27.9732	0.142504	0.857496	3.171227	0.411131	0.396121	0.356011	0.205074	0.0759359	0.0237682	0.000887193	0	5.770873	1.902767	0.8574959	0.1425041	79.94052
4520	6.78002	-24.9124	31.6924	0.4546	0.5454	6.233309	0.414053	0.394329	0.363508	0.206869	0.0740852	0.0235065	0.00086881	0	2.051637	1.864369	0.5454001	0.4545999	73.17609
4530	3.71945	-25.7662	29.4856	0.630291	0.369709	2.089567	0.410509	0.386298	0.365246	0.205036	0.0755802	0.0239176	0.000901621	0	4.258436	1.386242	0.3697085	0.6302915	24.3356
4540	6.27136	-24.7618	31.0331	0.541207	0.458793	7.948605	0.41604	0.39765	0.364292	0.205913	0.0776529	0.023812	0.000891186	0	2.710927	1.958656	0.4587929	0.5412071	90.91921
4550	3.78794	-22.9209	26.7089	0.816458	0.183542	2.911433	0.410361	0.398513	0.365377	0.206136	0.0769902	0.0231964	0.000887008	0	7.03521	1.742852	0.1835422	0.8164578	55.31619
4560	6.11403	-25.5549	31.669	0.593286	0.406714	1.876518	0.419318	0.401602	0.362881	0.209613	0.0769499	0.0232393	0.000871096	0	2.075123	1.919673	0.4067135	0.5932865	83.1138
4570	7.30067	-23.1466	30.4473	0.0648859	0.935114	2.43427	0.428243	0.402288	0.364499	0.207662	0.0772092	0.0236319	0.000885604	0	3.296822	1.899571	0.9351141	0.06488588	79.35449
4580	5.39454	-23.615	29.0096	0.505346	0.494654	7.09587	0.427178	0.401617	0.35651	0.206993	0.0758074	0.0235628	0.000864095	0	4.734518	1.942203	0.4946542	0.5053458	87.53922
4590	6.7709	-23.2402	30.0111	0.544804	0.455196	5.402777	0.428411	0.393493	0.349731	0.206288	0.0768574	0.0241013	0.000908711	0	3.732938	1.939135	0.4551962	0.5448038	86.92307
4600	8.00979	-24.0169	32.0267	0.0267741	0.973226	5.38357	0.42594	0.398427	0.349196	0.213822	0.0755374	0.0240264	0.000893276	0	1.717372	1.961511	0.9732259	0.0267741	91.51893
4610	6.79419	-24.756	31.5502	0.012092	0.987908	5.753096	0.429196	0.400582	0.359732	0.210822	0.0741735	0.0244077	0.000883824	0	2.19389	1.677372	0.987908	0.01209203	47.57429
4620	2.58035	-27.4038	29.9842	0.00901547	0.990985	3.726557	0.4142	0.39394	0.350933	0.208597	0.0768409	0.0242379	0.000872374	0	3.759904	1.062485	0.9909845	0.009015468	11.54742
4630	5.32061	-25.3441	30.6647	0.625711	0.374289	1.946856	0.423574	0.38561	0.353203	0.208436	0.0755988	0.0243915	0.000886504	0	3.079349	1.656513	0.3742889	0.6257111	45.34329
4640	6.46899	-26.071	32.54	0.0612093	0.938791	2.908485	0.430377	0.394469	0.349506	0.20796	0.0754672	0.0242116	0.000900639	0	1.20412	1.871109	0.9387907	0.06120935	74.3205
4650	5.30099	-23.4437	28.7447	0.550641	0.449359	3.057925	0.425035	0.40237	0.35428	0.211377	0.0747179	0.0241359	0.000904935	0	4.999422	1.709355	0.4493594	0.5506406	51.21004
4660	7.31506	-24.0875	31.4026	0.486774	0.513226	5.734884	0.416386	0.401644	0.361491	0.210408	0.0744173	0.0239231	0.000865497	0	2.341472	1.97662	0.5132258	0.4867742	94.75885
4670	6.94511	-23.9635	30.9086	0.199586	0.800414	3.851573	0.428885	0.398883	0.355387	0.211593	0.0755474	0.024039	0.000863784	0	2.835496	1.757031	0.8004144	0.1995856	57.15194
4680	4.49369	-22.5538	27.0475	0.884919	0.115081	2.351269	0.418732	0.393197	0.356996	0.209626	0.0763737	0.023658	0.000877005	0	6.696545	1.849732	0.1150814	0.8849186	70.75094
4690	6.58191	-25.1065	31.6884	0.887814	0.112186	4.680439	0.421965	0.391658	0.364076	0.205803	0.0750575	0.0234786	0.000864973	0	2.055682	1.942592	0.1121858	0.8878142	87.61775
4700	5.20132	-22.1555	27.3568	0.97849	0.0215103	2.095728	0.418167	0.401186	0.36104	0.207858	0.077394	0.0234718	0.000884544	0	6.387248	1.960486	0.02151034	0.9784897	91.30314
4710	4.76838	-24.3906	29.159	0.978288	0.0217123	5.256019	0.421058	0.398676	0.357461	0.205371	0.077835	0.0233289	0.000887502	0	4.58506	1.739801	0.02171235	0.9782877	54.92894
4720	6.7094	-24.3104	31.0198	0.759532	0.240468	5.443766	0.4135	0.397085	0.354931	0.210035	0.0744665	0.0242344	0.000905522	0	2.72428	1.90731	0.240468	0.759532	80.78121
4730	6.31488	-25.5793	31.8941	0.820351	0.179649	3.073531	0.41123	0.384786	0.359582	0.208105	0.0741099	0.0238524	0.000896488	0	1.849929	1.942145	0.1796487	0.8203513	87.5275
4740	6.81297	-24.6894	31.5024	0.801369	0.198631	2.974724	0.428129	0.390712	0.364017	0.210871	0.0749777	0.0241678	0.000891028	0	2.24167	1.998409	0.1986308	0.8013692	99.63436
4750	5.9154	-25.8654	31.7808	0.379511	0.620489	8.58326	0.42195	0.388678	0.36131	0.21343	0.0761798	0.0240452	0.000872469	0	1.963229	1.894241	0.6204885	0.3795115	78.38645
4760	5.73925	-23.9784	29.7177	0.0598471	0.940153	6.466531	0.416149	0.387591	0.363547	0.21058	0.0774015	0.0242491	0.000876139	0	4.02638	1.682827	0.9401529	0.05984708	48.17555
4770	7.52294	-22.6572	30.1802	0.0957741	0.904226	3.181999	0.418767	0.384484	0.357059	0.2046	0.0770968	0.0240973	0.000898827	0	3.563912	1.9458	0.9042259	0.09577411	88.26739
4780	7.53548	-23.5378	31.0733	0.0875819	0.912418	5.45116	0.427154	0.39106	0.36367	0.207312	0.0769011	0.0242778	0.000891921	0	2.670778	1.864993	0.9124181	0.08758193	73.28131
4790	5.00138	-23.7119	28.7133	0.798466	0.201534	3.035109	0.421654	0.385356	0.358102	0.209497	0.0765256	0.0238252	0.000904985	0	5.030809	1.721908	0.2015335	0.7984665	52.71186
4800	5.5236	-26.0316	31.5552	0.113914	0.886086	0.5077918	0.424801	0.392169	0.360524	0.212067	0.0753635	0.0239049	0.000904969	0	2.188873	1.824201	0.8860865	0.1139135	66.71159
4810	7.70817	-23.5545	31.2627	0.194083	0.805917	3.513639	0.416612	0.38959	0.350346	0.209905	0.076057	0.0232909	0.000906217	0	2.481406	1.944487	0.8059168	0.1940832	88.00079
4820	7.12667	-23.3411	30.4678	0.106039	0.893961	1.905939	0.418554	0.385764	0.356674	0.211691	0.0767812	0.0237444	0.000890871	0	3.276259	1.924695	0.8939607	0.1060393	84.08051
4830	7.19719	-24.6137	31.8109	0.0920041	0.907996	3.288202	0.413897	0.388494	0.349086	0.212735	0.0777631	0.0237482	0.000885984	0	1.933163	1.815698	0.9079959	0.09200413	65.4181
4840	6.11277	-26.6144	32.7272	0.429052	0.570948	5.412285	0.411086	0.390392	0.366038	0.211868	0.0761059	0.023924	0.000880083	0	1.016887	1.869388	0.5709481	0.4290519	74.02665
4850	0.673625	-20.5235	21.1971	0.362682	0.637318	3.193692	0.411474	0.385595	0.364968	0.207756	0.0748625	0.0243631	0.000881501	0	12.54699	1.981849	0.6373178	0.3626822	95.90674
4860	6.39158	-25.134	31.5255	0.76092	0.23908	6.146142	0.410014	0.386223	0.352626	0.203963	0.0752043	0.0239997	0.00086897	0	2.218538	1.887731	0.2390802	0.7609198	77.22017
4870	6.41657	-23.0516	29.4682	0.38129	0.61871	2.143556	0.414503	0.385572	0.355119	0.203705	0.0740364	0.0237302	0.000875951	0	4.275869	1.888243	0.6187104	0.3812896	77.31125
4880	6.09698	-24.0561	30.153	0.314697	0.685303	7.90174	0.411928	0.384063	0.351653	0.207059	0.0743362	0.0243187	0.000900215	0	3.59104	1.959903	0.6853029	0.3146971	91.18063
4890	4.8245	-26.3078	31.1323	0.585675	0.414325	7.184855	0.415152	0.397329	0.351537	0.20379	0.0741148	0.023669	0.000891646	0	2.611732	1.649121	0.4143247	0.5856753	44.57801
4900	2.9524	-29.7299	32.6823	0.11367	0.88633	5.094404	0.4133	0.399269	0.365792	0.20542	0.074267	0.0241444	0.000908749	0	1.061744	1.310113	0.8863297	0.1136703	20.4227
4910	5.98231	-25.7936	31.776	0.500464	0.499536	5.243406	0.413168	0.3947	0.353974	0.206652	0.0751693	0.0237188	0.000888683	0	1.96811	1.676201	0.4995363	0.5004637	47.4462
4920	6.06315	-25.758	31.8212	0.161427	0.838573	2.133527	0.426398	0.402741	0.355114	0.212444	0.0744428	0.0238976	0.000878535	0	1.922916	1.697727	0.8385728	0.1614272	49.85715
4930	2.21366	-27.5037	29.7173	0.169988	0.830012	11.60552	0.428006	0.391133	0.355272	0.214175	0.0760376	0.0241431	0.00090507	0	4.026744	1.862012	0.8300125	0.1699875	72.77995
4940	6.98427	-25.038	32.0223	0.0972263	0.902774	8.288808	0.426166	0.388337	0.361625	0.209647	0.0741459	0.0240691	0.000895493	0	1.721788	1.969258	0.9027737	0.09722628	93.16616
4950	7.18925	-24.9105	32.0997	0.350178	0.649822	6.435888	0.425815	0.38918	0.36101	0.209057	0.0742734	0.0240604	0.000885014	0	1.64435	1.942104	0.6498225	0.3501775	87.51924
4960	6.07614	-26.2005	32.2766	0.404005	0.595995	7.990649	0.417212	0.389224	0.360801	0.204996	0.0757162	0.0233371	0.00090503	0	1.467479	1.885695	0.5959947	0.4040053	76.85911
4970	7.18821	-23.563	30.7512	0.383641	0.616359	4.569568	0.417795	0.395727	0.354668	0.20864	0.0744308	0.0232084	0.00089466	0	2.992867	1.883227	0.6163586	0.3836414	76.42358
4980	5.77344	-24.8972	30.6707	0.00687643	0.993124	2.980895	0.420091	0.398168	0.35492	0.207041	0.0743163	0.023323	0.000873006	0	3.073382	1.466447	0.9931236	0.006876426	29.27166
4990	5.73569	-25.0141	30.7498	0.201799	0.798201	7.550025	0.416877	0.399202	0.365199	0.206276	0.0767521	0.0238624	0.000897522	0	2.994301	1.724776	0.7982013	0.2017987	53.06104
5000	6.31824	-26.4417	32.7599	0.276953	0.723047	6.398823	0.418901	0.397197	0.351903	0.210697	0.0763267	0.0236929	0.000898298	0	0.9841623	1.881332	0.7230471	0.2769529	76.09077
