Iteration	Posterior	Likelihood	Prior	clado_type_probs[1]	clado_type_probs[2]	distance_scale	epoch_times[1]	epoch_times[2]	epoch_times[3]	epoch_times[4]	epoch_times[5]	epoch_times[6]	epoch_times[7]	epoch_times[8]	extirpation_rate	log10_rate_bg	p_allopatry	p_sympatry	rate_bg
0	-55.0197	-90.1925	35.1728	0.360781	0.639219	0.01	0.285246	0.250489	0.229826	0.143385	0.0640966	0.00718832	0.00183794	0	0.884849	-2	0.6392191	0.3607809	0.01
10	3.61372	-20.0687	23.6824	0.614526	0.385474	0.008981408	0.283502	0.23856	0.228701	0.144222	0.0666343	0.00719155	0.00180637	0	12.37523	1.983826	0.3854738	0.6145262	96.34432
20	7.93029	-25.3704	33.3007	0.589665	0.410335	0.04947232	0.286161	0.24237	0.226994	0.139186	0.0669907	0.00735837	0.0018181	0	2.756939	1.962584	0.4103347	0.5896653	91.74535
30	6.91606	-25.9814	32.8974	0.386329	0.613671	0.1119523	0.285335	0.239452	0.22997	0.141166	0.0654563	0.00719842	0.00182515	0	3.160204	1.593509	0.613671	0.386329	39.2201
40	8.22732	-24.6143	32.8416	0.414095	0.585905	0.02223472	0.288772	0.245749	0.234348	0.144046	0.0654685	0.00724617	0.00178724	0	3.216035	1.970221	0.5859051	0.4140949	93.37291
50	7.22574	-26.5871	33.8129	0.206491	0.793509	0.03164283	0.285684	0.246988	0.232437	0.144084	0.0654171	0.00738826	0.00177403	0	2.244776	1.775851	0.7935089	0.2064911	59.68308
60	7.6015	-23.9599	31.5614	0.921946	0.0780539	0.1868609	0.293136	0.241671	0.231882	0.139577	0.0669646	0.00726261	0.00180277	0	4.496214	1.797264	0.07805388	0.9219461	62.69956
70	8.07182	-26.6261	34.6979	0.0168344	0.983166	2.818283	0.289498	0.239793	0.231218	0.138548	0.0660344	0.00715531	0.00176875	0	1.359718	1.991126	0.9831656	0.01683442	97.97737
80	8.07484	-24.795	32.8698	0.460558	0.539442	2.291665	0.288782	0.239137	0.232374	0.143834	0.0646644	0.00739327	0.00181566	0	3.187783	1.822633	0.539442	0.460558	66.47108
90	8.55355	-21.9645	30.518	0.0141787	0.985821	1.1599	0.283597	0.248303	0.224268	0.138563	0.0663083	0.00735842	0.0018476	0	5.53958	1.926247	0.9858213	0.01417871	84.38144
100	9.0427	-23.6292	32.6719	0.144724	0.855276	1.475649	0.293111	0.250056	0.227182	0.139135	0.0642808	0.00712166	0.00183546	0	3.385694	1.921054	0.8552758	0.1447242	83.37852
110	8.03658	-21.449	29.4856	0.6332	0.3668	1.09416	0.296282	0.249541	0.225341	0.137694	0.0642462	0.00727538	0.00179241	0	6.572042	1.991106	0.3668005	0.6331995	97.97294
120	8.24847	-24.3218	32.5703	0.297652	0.702348	0.5237223	0.293102	0.245558	0.233911	0.144172	0.0651579	0.00725032	0.00177333	0	3.487333	1.830443	0.7023476	0.2976524	67.67736
130	5.96466	-20.539	26.5037	0.750369	0.249631	0.4789509	0.294958	0.24878	0.228269	0.141244	0.0639679	0.00724117	0.00180471	0	9.553972	1.994563	0.2496311	0.7503689	98.75581
140	7.219	-22.1285	29.3475	0.0675248	0.932475	0.8984988	0.297231	0.244706	0.229776	0.143791	0.0650758	0.00714001	0.00183455	0	6.710142	1.772282	0.9324752	0.06752477	59.19455
150	9.25511	-22.5011	31.7562	0.112042	0.887958	1.844529	0.292428	0.248369	0.224985	0.143452	0.0640038	0.00740372	0.00176502	0	4.30141	1.995414	0.8879583	0.1120417	98.94956
160	7.48178	-24.9397	32.4215	0.485028	0.514972	0.466514	0.296075	0.245757	0.2263	0.14402	0.0657131	0.00716303	0.00177713	0	3.636165	1.700374	0.5149725	0.4850275	50.16188
170	8.20288	-24.1438	32.3466	0.315708	0.684292	0.05350019	0.28465	0.243529	0.228791	0.142846	0.0645564	0.00734801	0.00180776	0	3.710986	1.892463	0.6842915	0.3157085	78.06617
180	7.65053	-25.876	33.5266	0.43111	0.56889	0.2720176	0.285791	0.248558	0.225828	0.141085	0.0648392	0.00718963	0.00183385	0	2.531054	1.837773	0.5688897	0.4311103	68.8293
190	6.93971	-22.6269	29.5666	0.0525683	0.947432	0.8053454	0.286789	0.248434	0.228765	0.141722	0.0667716	0.00736197	0.00183865	0	6.491065	1.678902	0.9474317	0.0525683	47.74215
200	6.02024	-27.4099	33.4302	0.651791	0.348209	2.28655	0.284528	0.244419	0.228751	0.140489	0.0661927	0.00731011	0.00184555	0	2.627436	1.60276	0.3482092	0.6517908	40.06452
210	8.09386	-22.4786	30.5724	0.632132	0.367868	1.347417	0.288865	0.249988	0.234479	0.143755	0.0666275	0.00736982	0.00182533	0	5.485202	1.883415	0.3678683	0.6321317	76.45654
220	8.39816	-24.9808	33.379	0.916385	0.0836147	0.8189276	0.287649	0.246268	0.229984	0.142311	0.0640454	0.0073543	0.00184363	0	2.67864	1.980462	0.08361469	0.9163853	95.6009
230	7.27017	-24.295	31.5652	0.198256	0.801744	1.380639	0.284819	0.243343	0.234369	0.140969	0.0669977	0.00723994	0.00182676	0	4.492428	1.629563	0.8017441	0.1982559	42.61508
240	6.627	-24.6021	31.2291	0.918479	0.0815209	0.825956	0.289658	0.246632	0.233598	0.140299	0.0660423	0.00738206	0.00181489	0	4.828537	1.632417	0.08152093	0.9184791	42.89607
250	4.70079	-29.1234	33.8242	0.00143493	0.998565	6.99258	0.289353	0.239869	0.233369	0.14266	0.0646937	0.00732617	0.00179603	0	2.233397	1.953563	0.9985651	0.001434928	89.85923
260	6.86777	-23.0817	29.9494	0.644922	0.355078	2.076611	0.289655	0.249902	0.229451	0.14282	0.0663844	0.00705645	0.00182777	0	6.108195	1.777478	0.3550779	0.6449221	59.90705
270	5.92821	-22.7614	28.6896	0.0502884	0.949712	2.327359	0.292094	0.245215	0.224428	0.141996	0.0664183	0.00725129	0.00176852	0	7.368066	1.723786	0.9497116	0.05028837	52.94022
280	8.25882	-23.7934	32.0522	0.672212	0.327788	1.522561	0.290288	0.242615	0.228969	0.143883	0.0655925	0.00711107	0.00177743	0	4.005426	1.854619	0.3277879	0.6722121	71.55148
290	8.34038	-24.7774	33.1178	0.131788	0.868212	0.184689	0.283202	0.246783	0.223821	0.141141	0.0660516	0.00718011	0.00177209	0	2.93983	1.936753	0.8682116	0.1317884	86.44766
300	7.4122	-22.5993	30.0115	0.648185	0.351815	0.1056918	0.298035	0.247547	0.227811	0.141842	0.0653777	0.00711817	0.00182939	0	6.046164	1.8375	0.3518147	0.6481853	68.78596
310	7.65706	-22.8347	30.4918	0.388005	0.611995	0.07125559	0.294926	0.248751	0.230901	0.142562	0.064529	0.00718513	0.00178249	0	5.565836	1.83733	0.611995	0.388005	68.75915
320	7.30587	-21.1651	28.471	0.163227	0.836773	0.5016178	0.288829	0.248297	0.232759	0.140097	0.0646936	0.00710385	0.00178336	0	7.586625	1.970723	0.8367734	0.1632266	93.48082
330	6.33228	-27.386	33.7183	0.30531	0.69469	4.104876	0.295797	0.24297	0.229275	0.142353	0.0637875	0.00713108	0.00176551	0	2.339345	1.778183	0.6946896	0.3053104	60.00439
340	6.52104	-21.3212	27.8423	0.0347071	0.965293	1.104578	0.286614	0.240361	0.227446	0.142691	0.0644829	0.00720801	0.0018015	0	8.215342	1.835137	0.9652929	0.03470711	68.4128
350	7.85518	-24.3659	32.2211	0.736716	0.263284	2.367014	0.286223	0.239086	0.230393	0.140725	0.065236	0.00719992	0.00176416	0	3.836517	1.837607	0.2632841	0.7367159	68.80288
360	8.07076	-24.3836	32.4544	0.56074	0.43926	1.666014	0.286183	0.244892	0.228089	0.14399	0.065003	0.00710291	0.00176111	0	3.603236	1.814618	0.43926	0.56074	65.2557
370	8.46586	-25.6984	34.1642	0.014137	0.985863	1.052998	0.28918	0.250437	0.227937	0.143263	0.0639308	0.00710517	0.00180315	0	1.893404	1.991249	0.985863	0.01413695	98.00519
380	5.35395	-27.4658	32.8197	0.822642	0.177358	5.753634	0.289571	0.247523	0.228702	0.137656	0.0647719	0.00712701	0.00178202	0	3.237904	1.92931	0.1773584	0.8226416	84.97868
390	7.56844	-23.8416	31.4101	0.806345	0.193655	0.729395	0.285185	0.247373	0.234841	0.141495	0.0642505	0.00732122	0.00178686	0	4.64757	1.761541	0.1936552	0.8063448	57.7485
400	8.51299	-25.0037	33.5167	0.165772	0.834228	2.30566	0.287969	0.238836	0.234676	0.142153	0.065288	0.00712383	0.00181747	0	2.54097	1.867711	0.8342277	0.1657723	73.74134
410	8.81887	-24.5877	33.4066	0.144962	0.855038	2.872983	0.293729	0.238925	0.229958	0.139064	0.065549	0.00720033	0.00178313	0	2.651069	1.945572	0.8550383	0.1449617	88.22092
420	7.11239	-21.2461	28.3585	0.231658	0.768342	0.4246257	0.288932	0.244376	0.232018	0.140616	0.0653296	0.00713899	0.00182309	0	7.699169	1.939239	0.7683423	0.2316577	86.94383
430	8.52313	-22.3656	30.8887	0.196577	0.803423	1.894858	0.292256	0.242533	0.231588	0.140765	0.0656252	0.00710674	0.00183672	0	5.168906	1.917625	0.8034228	0.1965772	82.72273
440	8.77058	-23.5045	32.2751	0.568395	0.431605	1.261758	0.283533	0.248427	0.231374	0.144426	0.0650482	0.00711258	0.00176445	0	3.782506	1.937402	0.4316046	0.5683954	86.57685
450	8.70172	-23.1214	31.8231	0.245105	0.754895	1.588242	0.294947	0.24621	0.228457	0.140579	0.064713	0.00712724	0.00184614	0	4.234511	1.885096	0.7548947	0.2451053	76.75312
460	7.95771	-24.7322	32.69	0.285921	0.714079	2.453368	0.292049	0.248682	0.226695	0.139975	0.0661535	0.00705843	0.00181823	0	3.367672	1.793972	0.7140786	0.2859214	62.22605
470	8.44232	-23.1962	31.6386	0.290558	0.709442	3.528282	0.297694	0.24352	0.22682	0.137513	0.0662634	0.00712672	0.00183658	0	4.419065	1.992538	0.7094421	0.2905579	98.29646
480	7.93928	-22.2559	30.1952	0.248339	0.751661	1.101129	0.297274	0.245872	0.234714	0.13876	0.0660909	0.00709176	0.00183139	0	5.862464	1.854666	0.7516611	0.2483389	71.55925
490	7.23305	-23.4572	30.6902	0.501649	0.498351	0.8526634	0.290666	0.239121	0.233294	0.139479	0.0667553	0.00710416	0.00183362	0	5.367396	1.705298	0.4983509	0.5016491	50.73393
500	8.00487	-23.8942	31.8991	0.996911	0.00308858	3.411149	0.293189	0.250629	0.23185	0.141756	0.0643027	0.00706124	0.0018255	0	4.158573	1.958848	0.003088584	0.9969114	90.95946
510	6.58304	-28.0995	34.6825	0.559063	0.440937	2.967576	0.290915	0.240954	0.225994	0.143951	0.0643503	0.00712393	0.00184166	0	1.375084	1.88473	0.4409375	0.5590625	76.68843
520	7.64217	-22.8947	30.5368	0.267926	0.732074	3.534482	0.283254	0.243352	0.229724	0.143774	0.0651728	0.00720342	0.00178328	0	5.520789	1.955635	0.7320744	0.2679256	90.28894
530	8.68491	-22.6314	31.3163	0.327305	0.672695	0.5404093	0.283227	0.244561	0.225795	0.144098	0.063982	0.00732026	0.00183351	0	4.741302	1.979342	0.6726951	0.3273049	95.35471
540	6.27774	-25.222	31.4997	0.204962	0.795038	1.905415	0.284088	0.247858	0.223844	0.144322	0.0658021	0.00736281	0.00184167	0	4.557932	1.525125	0.7950381	0.2049619	33.50621
550	8.97418	-21.8933	30.8675	0.0461791	0.953821	1.358764	0.287888	0.244278	0.228343	0.142486	0.0649371	0.00736707	0.00182332	0	5.190104	1.996479	0.9538209	0.0461791	99.19253
560	7.44596	-26.7281	34.1741	0.507135	0.492865	2.73017	0.287715	0.242083	0.231314	0.142639	0.0646543	0.00741121	0.00179348	0	1.883567	1.865713	0.4928645	0.5071355	73.40283
570	6.48476	-20.9523	27.4371	0.969108	0.0308919	1.440291	0.290452	0.249739	0.226241	0.143228	0.0639443	0.00738594	0.00181895	0	8.620523	1.940985	0.03089187	0.9691081	87.29418
580	9.10487	-23.8974	33.0023	0.220709	0.779291	1.203362	0.286631	0.243406	0.226731	0.140794	0.0638426	0.00739377	0.00183669	0	3.055347	1.973857	0.7792912	0.2207088	94.15799
590	8.17748	-22.1865	30.3639	0.924474	0.0755255	1.812358	0.285358	0.248355	0.227433	0.138196	0.0667734	0.00733954	0.00183135	0	5.693688	1.940781	0.07552551	0.9244745	87.25314
600	8.78683	-24.9732	33.76	0.343271	0.656729	2.728464	0.284169	0.242946	0.232548	0.142101	0.0650506	0.00708813	0.00182147	0	2.297602	1.989284	0.6567292	0.3432708	97.56265
610	5.61726	-29.016	34.6333	0.00216756	0.997832	1.763128	0.293301	0.241096	0.234024	0.144041	0.0652358	0.00723444	0.00180159	0	1.424349	1.447109	0.9978324	0.002167561	27.99681
620	8.05893	-23.5227	31.5816	0.622722	0.377278	0.5429183	0.284841	0.241193	0.23247	0.13975	0.0644177	0.00723282	0.00180779	0	4.475981	1.837205	0.3772778	0.6227222	68.73933
630	8.2746	-24.5456	32.8202	0.101567	0.898433	0.6005647	0.294309	0.241855	0.225006	0.137875	0.0654495	0.00721324	0.00178876	0	3.237442	1.784648	0.8984329	0.1015671	60.90434
640	6.09976	-26.1663	32.2661	0.952877	0.047123	0.8858746	0.29256	0.240701	0.223995	0.143813	0.0669333	0.0074168	0.00180026	0	3.791561	1.563161	0.04712304	0.952877	36.573
650	7.67442	-24.0712	31.7456	0.534158	0.465842	1.856597	0.294786	0.244612	0.225241	0.14146	0.0651721	0.00740971	0.00177992	0	4.311998	1.76628	0.4658423	0.5341577	58.3822
660	7.99544	-25.2319	33.2274	0.465725	0.534275	0.8681383	0.296334	0.241437	0.228163	0.143141	0.0644539	0.00719718	0.00177604	0	2.830247	1.818125	0.5342747	0.4657253	65.78476
670	8.11633	-21.916	30.0324	0.373236	0.626764	1.220386	0.292183	0.248888	0.23094	0.144259	0.0643465	0.00730096	0.00175656	0	6.02525	1.929036	0.6267643	0.3732357	84.92516
680	6.28198	-25.5927	31.8747	0.422314	0.577686	1.568308	0.285472	0.249002	0.230322	0.144503	0.0646606	0.00725384	0.00182256	0	4.182896	1.530902	0.5776863	0.4223137	33.95486
690	6.22059	-21.3543	27.5749	0.801944	0.198056	0.8544994	0.284618	0.248469	0.229522	0.143994	0.0642296	0.00717841	0.00184141	0	8.482754	1.851999	0.1980564	0.8019436	71.12123
700	8.40193	-24.6238	33.0258	0.151666	0.848334	0.1606446	0.28662	0.242262	0.232075	0.142841	0.0647853	0.00727821	0.00183262	0	3.031847	1.950248	0.848334	0.151666	89.1759
710	8.09415	-21.9771	30.0712	0.439208	0.560792	0.8733332	0.287235	0.239338	0.228868	0.143653	0.0647506	0.007103	0.00183494	0	5.986381	1.925777	0.5607923	0.4392077	84.29023
720	6.91096	-22.6233	29.5342	0.425694	0.574306	0.612844	0.285089	0.239537	0.23099	0.144091	0.0666809	0.00720631	0.00184711	0	6.523401	1.729725	0.5743063	0.4256937	53.66914
730	5.17204	-20.3287	25.5008	0.599744	0.400256	0.7930115	0.287752	0.24294	0.226328	0.140674	0.0653812	0.00709003	0.00178212	0	10.55685	1.962723	0.4002556	0.5997444	91.7746
740	6.07821	-25.6736	31.7518	0.419265	0.580735	2.811491	0.289727	0.243073	0.234299	0.139875	0.0643107	0.00705633	0.00178799	0	4.305852	1.630795	0.5807348	0.4192652	42.7361
750	8.01166	-25.322	33.3336	0.703233	0.296767	3.15845	0.28401	0.245712	0.22989	0.139633	0.0638227	0.00737394	0.00183983	0	2.723998	1.916511	0.2967668	0.7032332	82.5108
760	8.17872	-25.3688	33.5476	0.901216	0.0987838	1.629668	0.285205	0.238388	0.23143	0.143206	0.0660709	0.00740787	0.00184679	0	2.510068	1.914295	0.09878383	0.9012162	82.09085
770	8.27138	-22.6319	30.9033	0.421592	0.578408	0.8274428	0.285601	0.243094	0.228438	0.142445	0.066225	0.00710474	0.00184455	0	5.154314	1.884715	0.5784077	0.4215923	76.68589
780	7.7433	-21.1682	28.9115	0.235065	0.764935	1.713061	0.285002	0.241295	0.224388	0.144123	0.0669412	0.00730524	0.00179358	0	7.146087	1.98046	0.764935	0.235065	95.60044
790	6.20151	-27.8101	34.0116	0.285426	0.714574	0.1306559	0.28476	0.243878	0.225922	0.144497	0.0648365	0.00714486	0.00181616	0	2.045979	1.559328	0.7145743	0.2854257	36.25167
800	6.91347	-25.5224	32.4359	0.372815	0.627185	0.320855	0.293643	0.241765	0.223918	0.141344	0.064881	0.00716808	0.00176189	0	3.621742	1.574211	0.6271847	0.3728153	37.5155
810	7.49326	-21.5185	29.0118	0.940855	0.0591451	1.096859	0.291229	0.240903	0.226038	0.142939	0.06601	0.00705738	0.00177348	0	7.04585	1.943228	0.05914512	0.9408549	87.74614
820	5.25835	-20.6193	25.8777	0.144519	0.855481	2.15516	0.292149	0.244792	0.231145	0.140135	0.0660177	0.0071277	0.00177121	0	10.17993	1.949579	0.8554805	0.1445195	89.03867
830	7.39421	-21.6614	29.0556	0.00997722	0.990023	1.168326	0.28589	0.248924	0.233552	0.140166	0.0638057	0.00734796	0.00176315	0	7.002009	1.852534	0.9900228	0.009977217	71.20878
840	7.27391	-22.0012	29.2751	0.517867	0.482133	1.688651	0.28375	0.247839	0.232373	0.142924	0.0652767	0.00736049	0.00175945	0	6.782522	1.866792	0.482133	0.517867	73.58547
850	8.94461	-24.3865	33.3311	0.390615	0.609385	2.884213	0.285168	0.245647	0.235181	0.142988	0.0645288	0.00738165	0.00177085	0	2.726561	1.999895	0.6093847	0.3906153	99.97586
860	7.97019	-25.1111	33.0813	0.882968	0.117032	1.100347	0.288477	0.246485	0.233271	0.142105	0.0647469	0.00718287	0.00177632	0	2.976343	1.85385	0.1170323	0.8829677	71.42494
870	6.90237	-21.4112	28.3136	0.159219	0.840781	1.038657	0.285593	0.249664	0.226968	0.141131	0.0651689	0.00733109	0.00176152	0	7.744045	1.865166	0.8407809	0.1592191	73.3105
880	8.10313	-25.2685	33.3716	0.905924	0.0940759	3.084244	0.28961	0.249979	0.224682	0.142804	0.0661242	0.00741058	0.00177992	0	2.686033	1.94933	0.09407591	0.9059241	88.98779
890	8.69306	-23.1562	31.8493	0.9712	0.0288002	1.370244	0.285554	0.244458	0.226128	0.141683	0.0663755	0.00741999	0.00178227	0	4.208337	1.950643	0.02880018	0.9711998	89.25718
900	8.5459	-23.8636	32.4095	0.329143	0.670857	1.982375	0.290636	0.242094	0.226333	0.1421	0.0644218	0.00732565	0.00179214	0	3.648085	1.8658	0.6708568	0.3291432	73.41759
910	8.05259	-25.423	33.4756	0.104124	0.895876	3.66223	0.293227	0.244686	0.225187	0.138199	0.0659884	0.00732933	0.00183176	0	2.582035	1.888181	0.8958758	0.1041242	77.30032
920	8.41827	-24.2386	32.6569	0.19021	0.80979	1.221493	0.29038	0.244748	0.226223	0.137796	0.0665711	0.0073899	0.00179275	0	3.400747	1.80129	0.8097896	0.1902104	63.28342
930	6.3232	-22.2869	28.6101	0.528121	0.471879	2.462174	0.291222	0.242468	0.230882	0.140619	0.0649934	0.00715636	0.00177728	0	7.44757	1.841794	0.471879	0.528121	69.4695
940	9.27984	-23.0124	32.2922	0.0384219	0.961578	1.993758	0.29001	0.243287	0.234007	0.142742	0.0656188	0.00714199	0.00181715	0	3.765407	1.96093	0.9615781	0.03842187	91.39659
950	6.86273	-22.5886	29.4513	0.807826	0.192174	1.884943	0.290016	0.246517	0.23097	0.142283	0.0648638	0.00726314	0.00183752	0	6.606285	1.806411	0.1921742	0.8078258	64.0341
960	3.71542	-21.9609	25.6763	0.762431	0.237569	2.760851	0.295516	0.247358	0.233685	0.143875	0.0661448	0.0073748	0.00177097	0	10.38135	1.814303	0.2375692	0.7624308	65.20829
970	6.13473	-27.5508	33.6855	0.319893	0.680107	1.87721	0.292618	0.239268	0.226388	0.140852	0.0668524	0.00733568	0.00177208	0	2.372077	1.525748	0.6801072	0.3198928	33.55427
980	7.89388	-24.4531	32.347	0.431093	0.568907	3.390182	0.294793	0.244111	0.235088	0.143755	0.0664681	0.00730022	0.00181187	0	3.710629	1.89028	0.5689073	0.4310927	77.67474
990	7.70666	-22.9498	30.6564	0.452088	0.547912	2.99921	0.294291	0.243444	0.22762	0.143852	0.0636905	0.00731018	0.00180968	0	5.401188	1.908687	0.5479122	0.4520878	81.03768
1000	8.80146	-22.8704	31.6718	0.467773	0.532227	2.013938	0.288205	0.242102	0.22762	0.141489	0.0638196	0.00736759	0.0017991	0	4.385812	1.948667	0.5322268	0.4677732	88.85187
1010	7.13835	-21.8838	29.0221	0.530878	0.469122	0.6589177	0.290683	0.239829	0.230836	0.142783	0.0637578	0.00730419	0.00178569	0	7.03551	1.850254	0.4691224	0.5308776	70.836
1020	7.95459	-22.7266	30.6812	0.925806	0.0741944	0.07145915	0.290809	0.247467	0.229227	0.140391	0.0647285	0.0072295	0.00176897	0	5.376451	1.945112	0.07419437	0.9258056	88.12762
1030	5.58888	-25.3509	30.9398	0.785307	0.214693	1.437893	0.284529	0.248304	0.231254	0.138364	0.0662107	0.00724423	0.00177497	0	5.11787	1.532324	0.2146928	0.7853072	34.06625
1040	7.06378	-23.7551	30.8188	0.708785	0.291215	3.852297	0.291004	0.242186	0.233327	0.138442	0.0667351	0.00721248	0.00183453	0	5.238778	1.920678	0.2912152	0.7087848	83.3063
1050	7.46504	-24.2042	31.6693	0.591568	0.408432	3.772708	0.28548	0.244804	0.233502	0.138068	0.0666972	0.0071999	0.00184548	0	4.388352	1.911004	0.4084315	0.5915685	81.47124
1060	9.12624	-23.0623	32.1886	0.529137	0.470863	1.35755	0.28865	0.240127	0.226194	0.140397	0.0662805	0.00726815	0.00183049	0	3.869051	1.997066	0.4708625	0.5291375	99.32676
1070	8.51213	-24.9341	33.4463	0.0641783	0.935822	0.3913733	0.28346	0.244386	0.227751	0.138771	0.0641002	0.00708054	0.0017728	0	2.611355	1.983565	0.9358217	0.06417827	96.2864
1080	5.81977	-22.0923	27.9121	0.0402375	0.959762	0.0249279	0.283416	0.249433	0.226233	0.140019	0.0642678	0.0072008	0.00176854	0	8.145548	1.669824	0.9597625	0.04023753	46.75461
1090	7.07053	-21.3818	28.4523	0.13277	0.86723	0.03267598	0.297702	0.250625	0.224391	0.139793	0.0641881	0.00711405	0.00181131	0	7.605336	1.959848	0.8672302	0.1327698	91.16924
1100	6.66395	-26.0399	32.7039	0.0711497	0.92885	0.01448784	0.295908	0.244117	0.232589	0.138809	0.0639688	0.00709212	0.00183847	0	3.353744	1.422056	0.9288503	0.07114969	26.42751
1110	7.94855	-22.7674	30.716	0.531849	0.468151	0.1586595	0.294398	0.245128	0.230935	0.144157	0.0640842	0.00725715	0.00183769	0	5.341654	1.891853	0.4681508	0.5318492	77.95661
1120	8.16275	-22.7731	30.9358	0.782779	0.217221	0.03750062	0.292634	0.245048	0.229854	0.14124	0.0650391	0.00722912	0.00180939	0	5.121781	1.980884	0.2172209	0.7827791	95.69378
1130	6.02762	-28.4968	34.5245	0.344804	0.655196	0.4328111	0.287999	0.238616	0.22492	0.137641	0.0637123	0.00729762	0.0017621	0	1.53317	1.714415	0.6551956	0.3448044	51.81021
1140	4.06841	-30.8523	34.9207	0.48444	0.51556	2.296374	0.294803	0.245287	0.227125	0.140658	0.0637155	0.0074007	0.00177324	0	1.136941	1.552819	0.5155601	0.4844399	35.71236
1150	7.04171	-20.9948	28.0365	0.988549	0.0114514	0.966826	0.294648	0.246767	0.227326	0.141853	0.0640654	0.00736371	0.00179256	0	8.021111	1.977219	0.01145144	0.9885486	94.88959
1160	8.01889	-23.3421	31.361	0.12064	0.87936	2.969562	0.287202	0.248753	0.225529	0.139013	0.0644935	0.00732905	0.00181552	0	4.696654	1.871192	0.8793605	0.1206395	74.33479
1170	7.91213	-25.9101	33.8222	0.165152	0.834848	0.6733705	0.286746	0.248921	0.228129	0.142539	0.065719	0.00741939	0.00184268	0	2.235395	1.817242	0.8348481	0.1651519	65.65116
1180	7.13521	-22.3391	29.4743	0.14976	0.85024	0.8923676	0.29042	0.250154	0.225601	0.144278	0.0647041	0.00729349	0.00183752	0	6.583319	1.748805	0.8502397	0.1497603	56.07959
1190	8.47626	-22.8409	31.3171	0.0553615	0.944638	2.064862	0.29114	0.245273	0.223848	0.141863	0.0661556	0.00738884	0.0018412	0	4.740508	1.859954	0.9446385	0.0553615	72.43587
1200	7.14001	-23.2197	30.3597	0.4806	0.5194	0.605712	0.289596	0.242882	0.223938	0.139652	0.0661085	0.00717245	0.00181254	0	5.697881	1.709653	0.5194002	0.4805998	51.24522
1210	8.09143	-24.4463	32.5377	0.689934	0.310066	0.09805252	0.296399	0.245919	0.231558	0.137489	0.0664744	0.00705923	0.00183475	0	3.519919	1.911003	0.3100662	0.6899338	81.47099
1220	8.32791	-22.8833	31.2113	0.846853	0.153147	0.9962825	0.288417	0.248794	0.232452	0.142217	0.0668212	0.00733924	0.00181642	0	4.846374	1.903423	0.1531468	0.8468532	80.06133
1230	7.64605	-22.7905	30.4366	0.849714	0.150286	3.414909	0.297171	0.246963	0.231303	0.143947	0.0655942	0.00723402	0.00180862	0	5.621055	1.977051	0.1502856	0.8497144	94.85294
1240	7.77582	-24.5417	32.3175	0.285854	0.714146	1.668365	0.287509	0.241873	0.230682	0.137499	0.0659695	0.00709696	0.00181961	0	3.740104	1.719614	0.7141462	0.2858538	52.43412
1250	6.09177	-26.9295	33.0213	0.382362	0.617638	2.70201	0.287154	0.248382	0.223597	0.139772	0.0645875	0.0070907	0.00178581	0	3.036322	1.590227	0.6176379	0.3823621	38.92486
1260	7.82021	-21.3804	29.2006	0.269642	0.730358	1.781749	0.290962	0.241158	0.23082	0.140953	0.0654182	0.00705051	0.0018283	0	6.856982	1.961224	0.730358	0.269642	91.45847
1270	8.05894	-23.7278	31.7867	0.161055	0.838945	2.66164	0.293357	0.240105	0.229637	0.139705	0.064011	0.00720685	0.00184501	0	4.270903	1.827768	0.8389451	0.1610549	67.26167
1280	8.49181	-22.5177	31.0095	0.0386873	0.961313	0.4492862	0.286667	0.240329	0.225929	0.138512	0.0638791	0.00725605	0.00182582	0	5.048127	1.921815	0.9613127	0.03868734	83.52472
1290	6.71676	-22.5424	29.2592	0.0662884	0.933712	0.2780385	0.286659	0.243222	0.228633	0.143226	0.064435	0.00718247	0.00180712	0	6.798429	1.67781	0.9337116	0.06628836	47.62225
1300	7.77883	-25.0239	32.8027	0.738651	0.261349	0.2855866	0.28681	0.239889	0.227999	0.137668	0.0645461	0.00738814	0.00184312	0	3.254943	1.824518	0.2613494	0.7386506	66.76033
1310	6.46684	-26.9457	33.4125	0.7582	0.2418	0.1848941	0.283962	0.238747	0.227863	0.141238	0.064657	0.00738737	0.00182856	0	2.6451	1.648663	0.2418	0.7582	44.53105
1320	6.55658	-24.8735	31.4301	0.894284	0.105716	4.36305	0.286177	0.242554	0.232525	0.139623	0.0640622	0.00708912	0.00184514	0	4.627526	1.904679	0.1057155	0.8942845	80.29325
1330	1.87413	-29.846	31.7201	0.00435447	0.995646	2.647296	0.284971	0.238297	0.233588	0.138728	0.0656676	0.0071468	0.0018045	0	4.337482	1.032872	0.9956455	0.004354469	10.78629
1340	7.85051	-25.9107	33.7612	0.763932	0.236068	3.501611	0.285549	0.240568	0.234008	0.138091	0.0667416	0.00720159	0.00177819	0	2.296431	1.966685	0.2360681	0.7639319	92.61573
1350	8.84455	-23.338	32.1826	0.971647	0.028353	1.303234	0.294297	0.23972	0.233611	0.140314	0.0659122	0.00718927	0.00177771	0	3.875047	1.97862	0.028353	0.971647	95.19631
1360	8.864	-22.5804	31.4444	0.817554	0.182446	1.433668	0.296174	0.243308	0.227504	0.142761	0.0651278	0.00719986	0.00176091	0	4.613206	1.994334	0.182446	0.817554	98.7038
1370	7.90401	-23.375	31.279	0.0379352	0.962065	1.22061	0.290309	0.240712	0.225932	0.139824	0.0646407	0.00736298	0.00183004	0	4.77866	1.714004	0.9620648	0.03793522	51.76118
1380	7.6501	-20.9248	28.5749	0.0106714	0.989329	1.828018	0.291135	0.241533	0.227876	0.139291	0.0645524	0.00727018	0.00183475	0	7.482774	1.990932	0.9893286	0.01067135	97.93363
1390	8.47468	-22.8365	31.3112	0.762506	0.237494	1.730746	0.29005	0.241243	0.224651	0.142411	0.0638161	0.00708004	0.00181212	0	4.746439	1.924032	0.2374937	0.7625063	83.95209
1400	6.46668	-23.3911	29.8577	0.619213	0.380787	4.024322	0.295913	0.248349	0.225425	0.141347	0.0641852	0.0071149	0.00181874	0	6.199881	1.929711	0.3807874	0.6192126	85.05719
1410	7.93396	-26.2774	34.2114	0.180949	0.819051	1.241316	0.295201	0.245573	0.22536	0.140611	0.0666707	0.00729319	0.00179728	0	1.846239	1.879733	0.8190512	0.1809488	75.81111
1420	8.84928	-23.7527	32.6019	0.0514914	0.948509	1.494336	0.297841	0.241551	0.227181	0.137967	0.0660866	0.00721835	0.00175767	0	3.455686	1.866397	0.9485086	0.0514914	73.51863
1430	7.51754	-22.3804	29.898	0.144373	0.855627	3.147192	0.293903	0.239117	0.226307	0.137436	0.0665456	0.00725123	0.00176298	0	6.15965	1.93974	0.8556273	0.1443727	87.04427
1440	8.20237	-24.7921	32.9944	0.91653	0.0834701	3.34839	0.29141	0.243693	0.224697	0.139661	0.0658449	0.00723474	0.00176298	0	3.063181	1.9718	0.08347007	0.9165299	93.71297
1450	8.46474	-24.6715	33.1362	0.4236	0.5764	0.8663489	0.284163	0.23886	0.22384	0.141044	0.0669658	0.00723186	0.00183709	0	2.921409	1.897155	0.5764	0.4236	78.91414
1460	7.39492	-25.0428	32.4377	0.461576	0.538424	2.13339	0.28879	0.239538	0.228353	0.140635	0.0660034	0.00709803	0.00179692	0	3.619879	1.722744	0.5384236	0.4615764	52.81344
1470	7.86234	-22.4219	30.2843	0.172236	0.827764	1.783884	0.28901	0.247454	0.225073	0.142591	0.0658108	0.00708887	0.00183435	0	5.773355	1.841934	0.827764	0.172236	69.49194
1480	8.64508	-23.8683	32.5134	0.0359406	0.964059	3.052766	0.296414	0.249844	0.227815	0.138014	0.0663724	0.00712351	0.00181999	0	3.544235	1.908146	0.9640594	0.03594065	80.93677
1490	8.94027	-22.6611	31.6013	0.00189188	0.998108	1.273797	0.291393	0.249104	0.229398	0.137841	0.0654379	0.00726348	0.00180128	0	4.456276	1.916848	0.9981081	0.00189188	82.57492
1500	8.12598	-22.5502	30.6761	0.506809	0.493191	2.158826	0.292784	0.24137	0.235005	0.144045	0.0665159	0.00723524	0.00180701	0	5.381494	1.907541	0.4931907	0.5068093	80.82413
1510	9.24887	-23.8377	33.0866	0.0137164	0.986284	1.434098	0.295136	0.24461	0.232346	0.142023	0.0659824	0.00705478	0.00176917	0	2.971019	1.965356	0.9862836	0.01371641	92.3329
1520	6.91731	-25.138	32.0553	0.379049	0.620951	1.859163	0.290833	0.247149	0.226289	0.143266	0.0662477	0.00736884	0.00177128	0	4.002333	1.628685	0.6209506	0.3790494	42.52894
1530	7.33483	-22.1196	29.4545	0.428817	0.571183	2.130183	0.289191	0.247513	0.230797	0.143263	0.0644938	0.00714464	0.00178707	0	6.603171	1.880353	0.5711826	0.4288174	75.91941
1540	7.95731	-23.7731	31.7304	0.357101	0.642899	0.4168157	0.290352	0.247607	0.226974	0.143998	0.0663488	0.00740868	0.00176594	0	4.327253	1.786371	0.6428989	0.3571011	61.1464
1550	8.49377	-24.8055	33.2993	0.745551	0.254449	0.7799639	0.290762	0.246187	0.2269	0.143808	0.0659885	0.00738782	0.00179385	0	2.75835	1.983611	0.2544486	0.7455514	96.29668
1560	7.27092	-25.2285	32.4994	0.979847	0.0201525	0.8630262	0.292598	0.24453	0.23191	0.141821	0.0637434	0.00727367	0.0017993	0	3.558206	1.728076	0.02015254	0.9798475	53.46585
1570	6.23891	-27.0189	33.2578	0.664985	0.335015	4.930632	0.285926	0.241594	0.231052	0.141195	0.0654167	0.00720714	0.00179412	0	2.799804	1.900974	0.3350148	0.6649852	79.61125
1580	6.88304	-22.2172	29.1002	0.642789	0.357211	2.339862	0.295094	0.241339	0.232445	0.13735	0.0660526	0.00726632	0.00180505	0	6.957413	1.868271	0.357211	0.642789	73.83648
1590	7.51244	-25.0236	32.536	0.0358158	0.964184	1.562714	0.296301	0.246843	0.226713	0.138687	0.0666993	0.00717842	0.00182726	0	3.521613	1.603624	0.9641842	0.0358158	40.14436
1600	7.66718	-22.5979	30.2651	0.212179	0.787821	0.853246	0.296372	0.239845	0.224488	0.138578	0.0653138	0.00720941	0.00181253	0	5.792532	1.786591	0.7878205	0.2121795	61.17737
1610	8.18553	-24.7427	32.9282	0.289249	0.710751	4.08546	0.295828	0.245701	0.229572	0.14285	0.0649587	0.00715486	0.00177509	0	3.129417	1.985718	0.7107506	0.2892494	96.76495
1620	8.3407	-22.326	30.6667	0.386594	0.613406	1.724229	0.294882	0.245632	0.230622	0.140848	0.0668515	0.00720245	0.001765	0	5.390933	1.920979	0.6134065	0.3865935	83.364
1630	8.01795	-22.9641	30.982	0.471949	0.528051	1.313075	0.289861	0.242205	0.22699	0.13862	0.0658969	0.00713815	0.00180813	0	5.075594	1.83118	0.5280508	0.4719492	67.79217
1640	7.92307	-22.3563	30.2794	0.203508	0.796492	1.923587	0.287232	0.243376	0.224626	0.138993	0.0637227	0.00714138	0.00179619	0	5.778256	1.868402	0.7964924	0.2035076	73.85874
1650	5.70705	-27.2918	32.9989	0.0183482	0.981652	6.458048	0.284029	0.242516	0.226324	0.140399	0.0646076	0.00722656	0.00183826	0	3.058744	1.980152	0.9816518	0.01834817	95.53274
1660	6.3935	-26.5017	32.8951	0.553168	0.446832	2.152625	0.297872	0.244584	0.232158	0.144398	0.065096	0.00711884	0.00182427	0	3.162477	1.606996	0.4468318	0.5531682	40.4572
1670	8.32832	-24.9503	33.2787	0.0839742	0.916026	2.558974	0.297251	0.247263	0.229132	0.144455	0.0667493	0.00725187	0.00182448	0	2.778971	1.818766	0.9160258	0.08397422	65.8819
1680	7.22785	-25.0401	32.2679	0.335856	0.664144	4.837663	0.294652	0.239812	0.23419	0.141057	0.0665947	0.00708985	0.00179593	0	3.789705	1.977394	0.6641437	0.3358563	94.92795
1690	7.312	-27.1572	34.4692	0.300154	0.699846	2.699989	0.283609	0.249326	0.234857	0.142617	0.065992	0.00707656	0.00182057	0	1.588409	1.858682	0.6998455	0.3001545	72.224
1700	8.64414	-22.4039	31.048	0.299995	0.700005	0.7483828	0.291452	0.23867	0.234409	0.142362	0.0663413	0.00715412	0.00180663	0	5.009587	1.964965	0.7000052	0.2999948	92.24971
1710	8.8283	-23.5078	32.3361	0.0206618	0.979338	1.070769	0.290831	0.243115	0.233646	0.137367	0.0657601	0.00710638	0.00177636	0	3.721505	1.869104	0.9793382	0.02066184	73.97818
1720	8.51496	-22.5861	31.1011	0.903997	0.0960028	0.838088	0.292157	0.248099	0.223895	0.14103	0.0652436	0.00713584	0.00178943	0	4.956536	1.965067	0.09600277	0.9039972	92.27137
1730	5.56485	-24.3181	29.8829	0.633688	0.366312	1.037401	0.290315	0.239691	0.223704	0.137326	0.0647072	0.00724762	0.00183061	0	6.174681	1.531775	0.3663118	0.6336882	34.02322
1740	6.81515	-24.8848	31.7	0.681791	0.318209	2.914627	0.297913	0.244444	0.225949	0.138302	0.0654388	0.00725591	0.00183774	0	4.357629	1.752209	0.3182093	0.6817907	56.52095
1750	6.95228	-24.1011	31.0534	0.309013	0.690987	3.578682	0.293056	0.245496	0.225001	0.137613	0.0650594	0.00728327	0.00181124	0	5.00426	1.835533	0.6909867	0.3090133	68.47509
1760	8.9946	-24.0051	32.9997	0.140384	0.859616	0.9678544	0.287897	0.239997	0.230032	0.139942	0.0661164	0.00715668	0.00177212	0	3.057966	1.96628	0.8596161	0.1403839	92.52947
1770	8.17278	-22.5566	30.7294	0.522847	0.477153	2.741334	0.289257	0.239984	0.227664	0.143102	0.0668457	0.00715937	0.00177686	0	5.328255	1.958031	0.4771525	0.5228475	90.78863
1780	7.64067	-22.619	30.2596	0.381606	0.618394	2.984468	0.290578	0.240577	0.232643	0.141409	0.0642447	0.00737523	0.00180781	0	5.797981	1.921568	0.6183939	0.3816061	83.47716
1790	5.99112	-28.8114	34.8026	0.938313	0.0616874	3.61784	0.29326	0.24538	0.227472	0.138669	0.0645238	0.00710273	0.00181371	0	1.255059	1.970053	0.06168742	0.9383126	93.33686
1800	8.78222	-23.7104	32.4926	0.872787	0.127213	1.477602	0.296914	0.242239	0.230381	0.14123	0.0643998	0.00719191	0.00176887	0	3.565037	1.959576	0.1272133	0.8727867	91.11209
1810	7.88253	-22.3885	30.2711	0.380459	0.619541	2.558551	0.291044	0.247253	0.231713	0.144383	0.0638814	0.00713443	0.00179397	0	5.786555	1.9232	0.6195409	0.3804591	83.79156
1820	9.21527	-23.9084	33.1237	0.0112997	0.9887	1.235051	0.296133	0.244652	0.226586	0.142466	0.0646874	0.00731348	0.00180113	0	2.933964	1.966656	0.9887003	0.0112997	92.60952
1830	7.92298	-22.1774	30.1004	0.299446	0.700554	0.6781661	0.289101	0.248999	0.227325	0.140466	0.0651698	0.00732247	0.00180545	0	5.957264	1.879966	0.7005539	0.2994461	75.8519
1840	7.15959	-27.6066	34.7662	0.0749479	0.925052	3.06681	0.295124	0.249385	0.225707	0.140438	0.0662346	0.00727547	0.00178406	0	1.291411	1.874431	0.9250521	0.07494792	74.89116
1850	9.07552	-23.3522	32.4278	0.509106	0.490894	1.560524	0.290459	0.241585	0.226879	0.139854	0.0666217	0.00739944	0.00175912	0	3.629857	1.982801	0.490894	0.509106	96.11718
1860	7.32115	-23.357	30.6782	0.986624	0.0133765	0.6821575	0.29045	0.243728	0.226262	0.138777	0.0643708	0.00727476	0.00180076	0	5.379433	1.765574	0.01337649	0.9866235	58.28733
1870	5.32139	-20.3867	25.7081	0.453493	0.546507	0.9233837	0.293581	0.242435	0.227439	0.138208	0.0669538	0.00718221	0.00180689	0	10.34954	1.948811	0.5465072	0.4534928	88.88149
1880	5.54643	-28.897	34.4434	0.466639	0.533361	0.6367792	0.289306	0.247429	0.232047	0.138621	0.0650191	0.00711416	0.00177499	0	1.614197	1.599087	0.533361	0.466639	39.72707
1890	7.81587	-22.4841	30.2999	0.993578	0.00642187	0.2490974	0.283755	0.246121	0.234689	0.143534	0.0649638	0.00718681	0.00178326	0	5.757683	1.919179	0.006421867	0.9935781	83.01923
1900	8.83587	-24.6467	33.4826	0.708771	0.291229	2.12749	0.28506	0.244635	0.231465	0.138951	0.0650865	0.00726448	0.00184313	0	2.575057	1.995411	0.2912287	0.7087713	98.94887
1910	4.10178	-29.9375	34.0393	0.859672	0.140328	6.246681	0.287099	0.24455	0.231955	0.137726	0.0650048	0.00710951	0.00177502	0	2.018319	1.919735	0.140328	0.859672	83.12568
1920	7.325	-24.9775	32.3025	0.472943	0.527057	3.766105	0.293534	0.248957	0.230628	0.141125	0.0642482	0.0072801	0.00175718	0	3.755122	1.870807	0.5270568	0.4729432	74.26884
1930	7.11848	-23.9781	31.0966	0.0743703	0.92563	1.276666	0.291176	0.247201	0.229229	0.140567	0.0637031	0.00728483	0.00183333	0	4.961052	1.598124	0.9256297	0.07437028	39.63912
1940	7.27333	-21.7165	28.9899	0.394276	0.605724	0.6891175	0.286933	0.24348	0.230875	0.137793	0.0661158	0.00716605	0.00180602	0	7.067771	1.874203	0.6057242	0.3942758	74.85192
1950	8.08055	-22.2366	30.3172	0.417968	0.582032	0.5019249	0.289938	0.239805	0.234609	0.13744	0.0667346	0.00705756	0.00178068	0	5.740452	1.92667	0.5820319	0.4179681	84.4637
1960	6.85781	-24.0098	30.8676	0.769251	0.230749	1.314213	0.287364	0.238485	0.230131	0.141283	0.0665358	0.00715682	0.00180905	0	5.190028	1.68403	0.2307492	0.7692508	48.30926
1970	8.01714	-24.9996	33.0167	0.878769	0.121231	0.8855778	0.291755	0.243827	0.225951	0.141976	0.0660763	0.00705897	0.00179455	0	3.040902	1.864556	0.1212311	0.8787689	73.20762
1980	7.34533	-24.668	32.0133	0.943694	0.0563061	0.4011377	0.296422	0.243033	0.230607	0.142458	0.0666	0.00727659	0.00176618	0	4.044329	1.740335	0.0563061	0.9436939	54.99654
1990	8.83925	-24.2635	33.1027	0.431601	0.568399	3.065762	0.295674	0.242696	0.229385	0.138179	0.0655496	0.00721279	0.00178893	0	2.954915	1.993649	0.5683994	0.4316006	98.54825
2000	8.92324	-23.9463	32.8696	0.244738	0.755262	1.549894	0.295287	0.242506	0.234974	0.140495	0.065497	0.00716671	0.00175693	0	3.188072	1.924983	0.7552622	0.2447378	84.13631
2010	8.15516	-22.4885	30.6437	0.0197028	0.980297	3.256206	0.295194	0.245489	0.234983	0.143854	0.0645482	0.00709835	0.00179759	0	5.413941	1.969068	0.9802972	0.01970284	93.12547
2020	8.29365	-23.4117	31.7054	0.310247	0.689753	2.038929	0.293238	0.249198	0.234223	0.143248	0.0650431	0.00729216	0.00176857	0	4.352237	1.850048	0.689753	0.310247	70.80244
2030	9.26738	-22.9296	32.197	0.116114	0.883886	1.944741	0.292835	0.246067	0.230972	0.143349	0.0637123	0.00720731	0.00182854	0	3.860594	1.971631	0.8838859	0.1161141	93.67654
2040	6.81386	-27.692	34.5059	0.671399	0.328601	3.612665	0.297547	0.241685	0.232226	0.144385	0.065737	0.00722215	0.00181027	0	1.551752	1.937721	0.3286015	0.6713985	86.64052
2050	3.63431	-21.4729	25.1072	0.0298252	0.970175	3.726068	0.292047	0.242733	0.22713	0.143476	0.0648474	0.00725298	0.00179375	0	10.95045	1.956077	0.9701748	0.02982522	90.38102
2060	7.91089	-26.3758	34.2867	0.336999	0.663001	3.24185	0.2945	0.239936	0.231108	0.138084	0.0642141	0.00708094	0.00180625	0	1.770958	1.956875	0.663001	0.336999	90.5471
2070	8.30441	-25.3485	33.6529	0.433457	0.566543	2.24059	0.294922	0.239577	0.232159	0.139919	0.0637185	0.00721702	0.00177109	0	2.404687	1.898505	0.5665432	0.4334568	79.15978
2080	7.813	-24.4867	32.2997	0.170332	0.829668	0.4654558	0.286338	0.249107	0.230456	0.144136	0.0647825	0.00720312	0.00176985	0	3.757962	1.697597	0.8296675	0.1703325	49.84222
2090	7.61667	-23.3112	30.9279	0.868985	0.131015	0.7154926	0.286223	0.249638	0.233421	0.143964	0.0657818	0.00711936	0.00175958	0	5.129727	1.801115	0.1310146	0.8689854	63.25793
2100	8.38401	-22.2071	30.5911	0.162115	0.837885	2.751657	0.285618	0.246984	0.234964	0.141913	0.0652692	0.00720877	0.0018276	0	5.466562	1.97068	0.8378846	0.1621154	93.47169
2110	6.87467	-23.3386	30.2132	0.950233	0.0497666	1.840108	0.293238	0.246023	0.233768	0.141037	0.0663272	0.00737281	0.00184702	0	5.844396	1.757416	0.04976665	0.9502334	57.20261
2120	7.35886	-24.0084	31.3673	0.360549	0.639451	4.061691	0.293152	0.250494	0.22942	0.143187	0.0637116	0.00725155	0.00177912	0	4.69037	1.934397	0.6394507	0.3605493	85.97996
2130	7.83306	-22.6142	30.4473	0.283565	0.716435	1.122065	0.293417	0.247888	0.23199	0.140265	0.0637161	0.00733865	0.0017572	0	5.610361	1.818429	0.7164347	0.2835653	65.83083
2140	4.6778	-24.0037	28.6815	0.429499	0.570501	3.19559	0.287446	0.24868	0.225239	0.142001	0.0657683	0.00738448	0.00181054	0	7.376159	1.693039	0.5705008	0.4294992	49.32186
2150	5.96359	-20.4981	26.4617	0.691087	0.308913	1.3356	0.290038	0.249782	0.224588	0.14336	0.0666977	0.00713076	0.00179974	0	9.595913	1.976239	0.3089134	0.6910866	94.67576
2160	5.41861	-24.4737	29.8923	0.873315	0.126685	4.009885	0.29185	0.246903	0.234096	0.144045	0.0652861	0.00712111	0.00181663	0	6.165338	1.819458	0.1266854	0.8733146	65.98697
2170	8.2495	-25.0186	33.2681	0.190287	0.809713	3.723902	0.285796	0.247288	0.229754	0.144251	0.066542	0.00715088	0.0018171	0	2.789555	1.938387	0.8097133	0.1902867	86.77344
2180	8.88926	-22.8349	31.7241	0.178651	0.821349	1.838323	0.297668	0.250593	0.226775	0.141825	0.0638934	0.00734384	0.00179401	0	4.333514	1.926563	0.8213486	0.1786514	84.44297
2190	8.4612	-24.9804	33.4416	0.485294	0.514706	2.854623	0.288243	0.249885	0.231285	0.142609	0.0637392	0.00731121	0.00182693	0	2.615989	1.937557	0.5147057	0.4852943	86.60776
2200	3.62663	-30.4005	34.0271	0.225715	0.774285	7.7178	0.287054	0.249951	0.233878	0.138584	0.0644506	0.00741184	0.00179242	0	2.030548	1.999704	0.774285	0.225715	99.93193
2210	7.1151	-26.9164	34.0315	0.0508336	0.949166	1.052667	0.289178	0.24707	0.223835	0.13994	0.0665419	0.00716286	0.00178653	0	2.026163	1.603825	0.9491664	0.05083365	40.16292
2220	6.0946	-25.7268	31.8214	0.848404	0.151596	0.4714178	0.283357	0.244417	0.225067	0.142811	0.065951	0.00738808	0.00178456	0	4.236248	1.536621	0.1515961	0.8484039	34.40495
2230	8.64409	-22.9501	31.5942	0.254578	0.745422	0.9598725	0.284503	0.250289	0.226677	0.140752	0.0656746	0.00737841	0.00179653	0	4.46347	1.900074	0.7454225	0.2545775	79.44633
2240	8.48064	-22.0786	30.5592	0.00148152	0.998518	1.350614	0.295762	0.245383	0.228405	0.140243	0.0669361	0.00730821	0.00177921	0	5.498435	1.907543	0.9985185	0.001481521	80.82442
2250	8.64116	-22.4668	31.1079	0.617349	0.382651	1.94721	0.288244	0.248816	0.224144	0.142346	0.0665433	0.0071879	0.00176981	0	4.949692	1.966074	0.382651	0.617349	92.48558
2260	7.71316	-25.9651	33.6782	0.601973	0.398027	0.5516796	0.296663	0.247425	0.232402	0.140904	0.0659794	0.00722901	0.00178309	0	2.379406	1.883357	0.3980272	0.6019728	76.44633
2270	6.67925	-24.6534	31.3326	0.960692	0.0393082	3.25652	0.290278	0.246545	0.231068	0.140214	0.0640311	0.00705734	0.00179719	0	4.725012	1.810267	0.03930824	0.9606918	64.60507
2280	8.319	-24.8753	33.1943	0.109813	0.890187	3.727171	0.289797	0.23896	0.234418	0.141199	0.0647644	0.00705118	0.00178742	0	2.863349	1.939671	0.8901873	0.1098127	87.03034
2290	7.84534	-24.9236	32.7689	0.0495349	0.950465	1.66869	0.287527	0.240309	0.23222	0.137328	0.0648288	0.00716539	0.00181162	0	3.288692	1.669564	0.9504651	0.04953487	46.72659
2300	6.77269	-28.0957	34.8684	0.135383	0.864617	2.039232	0.286357	0.243248	0.22653	0.138757	0.065276	0.00738547	0.0017817	0	1.189235	1.839033	0.864617	0.135383	69.02929
2310	9.02692	-22.8475	31.8744	0.683507	0.316493	1.461743	0.291439	0.239423	0.233568	0.142351	0.0650498	0.00726681	0.00181163	0	4.183243	1.994229	0.3164934	0.6835066	98.67996
2320	4.87117	-24.2246	29.0958	0.441445	0.558555	4.712926	0.283696	0.238179	0.23293	0.137435	0.0660174	0.00708619	0.00181162	0	6.961836	1.884447	0.5585548	0.4414452	76.63852
2330	7.13467	-24.0014	31.1361	0.599897	0.400103	2.898795	0.285962	0.246764	0.234206	0.142368	0.0654596	0.00733002	0.00183728	0	4.921561	1.803616	0.4001029	0.5998971	63.62323
2340	8.16003	-23.8422	32.0023	0.0122609	0.987739	0.6643448	0.289458	0.241441	0.233408	0.142069	0.0637768	0.00722134	0.00183781	0	4.055365	1.720187	0.9877391	0.01226095	52.50329
2350	5.70498	-29.3629	35.0679	0.777624	0.222376	2.031158	0.286247	0.245887	0.224149	0.142882	0.0649478	0.0070612	0.00176076	0	0.9897083	1.999126	0.222376	0.777624	99.799
2360	7.05125	-22.6744	29.7257	0.983327	0.0166726	3.058439	0.286548	0.242452	0.225099	0.141678	0.0651338	0.00724633	0.00182493	0	6.331938	1.916604	0.01667256	0.9833274	82.52858
2370	6.85479	-21.3588	28.2136	0.0338771	0.966123	1.053399	0.283455	0.243203	0.227321	0.137431	0.0645367	0.00725295	0.00180378	0	7.84405	1.851616	0.9661229	0.03387711	71.05842
2380	7.56585	-26.2298	33.7956	0.576419	0.423581	0.9653254	0.283198	0.250031	0.22555	0.13928	0.0656595	0.00737726	0.00180097	0	2.262008	1.822204	0.4235806	0.5764194	66.40549
2390	8.10766	-25.5469	33.6546	0.348967	0.651033	3.113604	0.286045	0.243372	0.232281	0.142526	0.0649765	0.00727074	0.0017743	0	2.403049	1.90483	0.6510331	0.3489669	80.32122
2400	7.7481	-24.9321	32.6802	0.0914583	0.908542	1.78572	0.289633	0.2489	0.23021	0.143235	0.0650024	0.00725311	0.00180304	0	3.377393	1.671561	0.9085417	0.09145826	46.94195
2410	6.46919	-22.0931	28.5623	0.0261028	0.973897	1.213341	0.295543	0.244136	0.233877	0.140931	0.0667599	0.00734641	0.0017568	0	7.495364	1.731056	0.9738972	0.02610282	53.83397
2420	8.90368	-23.2161	32.1197	0.928074	0.0719262	2.158201	0.287473	0.245239	0.232307	0.139706	0.0637479	0.00717402	0.00178507	0	3.937887	1.990826	0.07192615	0.9280738	97.90982
2430	8.53278	-24.7012	33.234	0.368643	0.631357	2.617024	0.287552	0.248368	0.233848	0.139357	0.0656074	0.00733237	0.00178054	0	2.823658	1.911875	0.6313565	0.3686435	81.63476
2440	8.39291	-22.3826	30.7755	0.600722	0.399278	1.92194	0.283504	0.249103	0.228035	0.138773	0.066759	0.00741852	0.00179377	0	5.282113	1.938328	0.3992779	0.6007221	86.76161
2450	6.41827	-23.0546	29.4729	0.714793	0.285207	2.842547	0.284793	0.24748	0.232827	0.143747	0.0641945	0.00732767	0.00183682	0	6.584725	1.820143	0.2852074	0.7147926	66.0911
2460	7.69687	-25.5079	33.2048	0.33658	0.66342	0.5020569	0.284241	0.241614	0.233615	0.144052	0.0640008	0.00728933	0.00182911	0	2.852844	1.740078	0.6634199	0.3365801	54.96392
2470	7.23272	-25.1019	32.3347	0.110317	0.889683	4.926247	0.289354	0.24778	0.234779	0.14342	0.0648736	0.00736334	0.00179711	0	3.722964	1.959306	0.8896835	0.1103165	91.05553
2480	7.39965	-23.5331	30.9328	0.560652	0.439348	1.710459	0.289768	0.247494	0.235235	0.142933	0.0656876	0.00733626	0.00178091	0	5.124843	1.758698	0.4393483	0.5606517	57.37174
2490	9.00536	-23.4721	32.4774	0.534583	0.465417	1.498627	0.284689	0.243664	0.226757	0.141734	0.0637501	0.00734297	0.00179283	0	3.580212	1.96903	0.4654165	0.5345835	93.11733
2500	7.75364	-25.2269	32.9806	0.349683	0.650317	1.676233	0.290206	0.242284	0.228749	0.14117	0.0653279	0.00735887	0.00179201	0	3.077046	1.728609	0.6503175	0.3496825	53.53146
2510	6.37006	-26.852	33.222	0.0989751	0.901025	1.053108	0.29015	0.238422	0.228853	0.144052	0.0652885	0.00711345	0.00176493	0	2.83558	1.418546	0.9010249	0.09897512	26.21476
2520	8.31689	-24.7406	33.0575	0.490198	0.509802	1.606999	0.295984	0.243789	0.226152	0.144191	0.063802	0.00724447	0.00180207	0	3.000104	1.849755	0.5098025	0.4901975	70.75469
2530	8.53675	-23.45	31.9867	0.694019	0.305981	3.06238	0.290747	0.244239	0.224264	0.142367	0.0640032	0.0071798	0.00179146	0	4.070914	1.980393	0.3059805	0.6940195	95.58562
2540	8.07368	-24.315	32.3887	0.483746	0.516254	0.899256	0.28502	0.247048	0.232516	0.142537	0.0661846	0.00708479	0.00182932	0	3.66897	1.792767	0.5162545	0.4837455	62.05356
2550	8.38599	-22.5407	30.9267	0.344478	0.655522	1.469248	0.2925	0.249762	0.2286	0.141087	0.0639093	0.00726513	0.00183442	0	5.130949	1.889758	0.655522	0.344478	77.5815
2560	8.31259	-22.5402	30.8528	0.0286158	0.971384	1.867998	0.292687	0.242702	0.231443	0.138879	0.0639586	0.00729771	0.00184479	0	5.204845	1.853024	0.9713842	0.02861581	71.2892
2570	8.00672	-24.3722	32.379	0.435262	0.564738	1.396318	0.290977	0.240855	0.229581	0.140048	0.0648123	0.00739455	0.00176914	0	3.678668	1.774206	0.5647377	0.4352623	59.45744
2580	6.9536	-23.7055	30.6591	0.373988	0.626012	3.481701	0.296202	0.238328	0.22837	0.138908	0.0640736	0.00715864	0.0017976	0	5.398497	1.858099	0.6260124	0.3739876	72.12711
2590	7.56625	-25.4955	33.0617	0.159652	0.840348	4.657529	0.293264	0.248705	0.224384	0.139262	0.0650378	0.00730946	0.00178378	0	2.995883	1.956258	0.8403478	0.1596522	90.41861
2600	8.07024	-23.7758	31.8461	0.342186	0.657814	3.532379	0.295577	0.24551	0.223745	0.140469	0.0648017	0.00729213	0.00181888	0	4.211555	1.935566	0.6578137	0.3421863	86.21163
2610	8.79872	-24.3482	33.1469	0.862051	0.137949	1.546388	0.29595	0.243991	0.234398	0.14304	0.0637779	0.00726338	0.00176698	0	2.910745	1.987804	0.1379492	0.8620508	97.23092
2620	7.21489	-24.2221	31.437	0.282783	0.717217	1.067434	0.297653	0.239712	0.235243	0.144508	0.0640782	0.00740283	0.00183534	0	4.620594	1.62525	0.7172172	0.2827828	42.19397
2630	7.88412	-24.6038	32.4879	0.742757	0.257243	0.3840874	0.294552	0.24152	0.23373	0.141296	0.0639346	0.00726897	0.0018132	0	3.569683	1.824046	0.2572431	0.7427569	66.6878
2640	9.04148	-22.7526	31.794	0.244079	0.755921	1.12951	0.295281	0.238356	0.23194	0.139023	0.0640347	0.00712551	0.00183833	0	4.263577	1.973482	0.7559206	0.2440794	94.0767
2650	8.89279	-23.0846	31.9774	0.728771	0.271229	1.145464	0.28662	0.241348	0.230492	0.139625	0.0644491	0.00718901	0.00177791	0	4.080226	1.982683	0.2712286	0.7287714	96.09098
2660	8.54437	-22.9052	31.4496	0.374509	0.625491	2.436387	0.291762	0.241062	0.233347	0.139462	0.0643802	0.00731511	0.00184673	0	4.608058	1.926282	0.6254906	0.3745094	84.38817
2670	8.99154	-23.3467	32.3382	0.228734	0.771266	1.872679	0.29685	0.239647	0.230757	0.141088	0.0654171	0.00728588	0.00181772	0	3.719406	1.927475	0.7712665	0.2287335	84.62033
2680	7.1991	-21.9536	29.1526	0.490873	0.509127	3.137758	0.292735	0.241605	0.231052	0.139606	0.0657001	0.00730854	0.00178701	0	6.904978	1.977964	0.5091274	0.4908726	95.05253
2690	9.41668	-23.3747	32.7914	0.0799243	0.920076	1.89634	0.292032	0.239461	0.229245	0.142542	0.0639501	0.00731299	0.00176442	0	3.266252	1.993937	0.9200757	0.0799243	98.61367
2700	6.21427	-24.0562	30.2705	0.157789	0.842211	2.550455	0.29082	0.239276	0.223599	0.141261	0.0649042	0.00729704	0.00177781	0	5.787134	1.661659	0.8422107	0.1577893	45.88372
2710	8.84143	-22.4013	31.2428	0.0293583	0.970642	1.223647	0.287062	0.248604	0.226295	0.139494	0.0653972	0.00732203	0.00180432	0	4.814873	1.928056	0.9706417	0.02935829	84.73368
2720	5.6751	-28.0439	33.719	0.516764	0.483236	3.778005	0.290027	0.24753	0.224494	0.139376	0.063656	0.00710232	0.00176465	0	2.338662	1.705324	0.4832361	0.5167639	50.7369
2730	8.27131	-23.6344	31.9057	0.147894	0.852106	2.650888	0.289258	0.250208	0.227904	0.138505	0.0645571	0.00718645	0.00179449	0	4.151913	1.857455	0.8521058	0.1478942	72.02029
2740	8.26739	-22.3749	30.6423	0.766968	0.233032	0.8155703	0.295187	0.246317	0.234528	0.142342	0.0651954	0.0071522	0.00179921	0	5.415323	1.936415	0.2330318	0.7669682	86.38031
2750	8.86542	-23.9019	32.7673	0.789909	0.210091	1.866556	0.297259	0.245334	0.228942	0.144359	0.0652919	0.00720695	0.00181285	0	3.290298	1.967743	0.2100908	0.7899092	92.84167
2760	6.14812	-21.4742	27.6223	0.853122	0.146878	1.119017	0.298045	0.24896	0.228249	0.142673	0.0653294	0.00705109	0.00179961	0	8.435325	1.843769	0.1468781	0.8531219	69.78607
2770	7.94241	-22.7894	30.7318	0.818204	0.181796	2.500695	0.288937	0.250094	0.229673	0.139032	0.0646152	0.00723528	0.00178822	0	5.325791	1.9188	0.181796	0.818204	82.94691
2780	6.70999	-26.0642	32.7742	0.509681	0.490319	3.28398	0.296457	0.249344	0.234988	0.13819	0.0639218	0.00735464	0.00179201	0	3.283387	1.739571	0.4903191	0.5096809	54.89984
2790	8.31729	-21.7751	30.0924	0.934039	0.0659609	1.925633	0.293471	0.247264	0.234846	0.139826	0.0657632	0.00716594	0.00183451	0	5.965246	1.994266	0.06596094	0.9340391	98.68834
2800	8.20286	-24.3855	32.5884	0.790159	0.209841	2.830769	0.286694	0.24854	0.231596	0.140642	0.065477	0.00715804	0.00183476	0	3.469251	1.911616	0.2098415	0.7901585	81.586
2810	8.94143	-23.5504	32.4918	0.17368	0.82632	1.637113	0.295529	0.239153	0.230306	0.139155	0.0656472	0.00722567	0.00182655	0	3.565837	1.902837	0.8263201	0.1736799	79.95346
2820	7.7517	-21.2343	28.986	0.118742	0.881258	0.702708	0.288111	0.240668	0.226358	0.142853	0.0649656	0.00730717	0.00178863	0	7.071666	1.985531	0.8812582	0.1187418	96.72329
2830	8.27296	-23.2521	31.5251	0.197536	0.802464	0.6357787	0.284969	0.245244	0.228753	0.14449	0.0659319	0.0072049	0.0017999	0	4.532541	1.825862	0.8024639	0.1975361	66.96712
2840	8.46679	-24.5281	32.9949	0.00896053	0.991039	0.06925043	0.294458	0.250265	0.224493	0.144378	0.0636848	0.00708244	0.00184669	0	3.062711	1.967998	0.9910395	0.008960529	92.89625
2850	7.93067	-23.6684	31.599	0.217236	0.782764	0.1479127	0.284021	0.246096	0.234238	0.143703	0.0650423	0.00711027	0.0018011	0	4.458583	1.786229	0.7827644	0.2172356	61.12642
2860	8.21942	-24.5118	32.7312	0.464903	0.535097	0.06177361	0.283844	0.242946	0.231777	0.140638	0.0643753	0.0072943	0.00183827	0	3.326452	1.942336	0.535097	0.464903	87.56601
2870	7.88913	-22.8206	30.7097	0.831192	0.168808	0.7870218	0.287937	0.249676	0.230365	0.144509	0.0637984	0.00723661	0.00182017	0	5.347885	1.853021	0.1688079	0.8311921	71.28868
2880	7.79492	-26.5737	34.3686	0.430987	0.569013	1.550737	0.290509	0.250273	0.232806	0.142323	0.0661109	0.00724117	0.00179021	0	1.68902	1.952256	0.5690131	0.4309869	89.58927
2890	8.61207	-24.4426	33.0547	0.505896	0.494104	1.5694	0.29418	0.246488	0.233387	0.142693	0.0662418	0.00739295	0.00178702	0	3.002971	1.904476	0.4941038	0.5058962	80.25573
2900	8.32478	-23.7199	32.0447	0.340254	0.659746	0.2742557	0.297705	0.242534	0.230671	0.142735	0.0667715	0.00737814	0.00180676	0	4.012973	1.885042	0.6597456	0.3402544	76.74363
2910	7.39059	-22.5667	29.9573	0.349375	0.650625	2.434687	0.288927	0.248096	0.231095	0.143836	0.0669675	0.00732115	0.00184173	0	6.100292	1.853781	0.6506247	0.3493753	71.41359
2920	8.58642	-25.207	33.7935	0.0642679	0.935732	1.703697	0.287404	0.249656	0.232112	0.144149	0.0661797	0.00731132	0.00180189	0	2.264171	1.869937	0.9357321	0.06426791	74.12033
2930	8.37923	-25.9927	34.3719	0.0317465	0.968254	3.029038	0.294971	0.249619	0.234439	0.142753	0.0639082	0.00711904	0.00180652	0	1.685715	1.961225	0.9682535	0.03174648	91.45864
2940	5.58555	-26.9993	32.5849	0.867387	0.132613	2.587501	0.28714	0.248037	0.229777	0.138762	0.0650686	0.0071942	0.00183199	0	3.472749	1.600109	0.1326128	0.8673872	39.82071
2950	8.12574	-24.0696	32.1953	0.907822	0.0921781	3.300379	0.284791	0.247042	0.226201	0.144097	0.066204	0.00727381	0.00178046	0	3.862317	1.954155	0.09217805	0.9078219	89.98179
2960	9.19418	-22.934	32.1281	0.271146	0.728854	1.407299	0.284404	0.244532	0.223995	0.143939	0.0655745	0.00724378	0.00178243	0	3.929499	1.991097	0.7288539	0.2711461	97.97098
2970	8.06266	-26.4298	34.4924	0.264612	0.735388	2.077665	0.284408	0.248815	0.225918	0.14254	0.0664082	0.00731894	0.00175765	0	1.565208	1.986974	0.7353877	0.2646123	97.04524
2980	6.70203	-26.6771	33.3791	0.434989	0.565011	1.223614	0.289711	0.241795	0.227087	0.143892	0.0667888	0.00730477	0.00180991	0	2.6785	1.584517	0.5650109	0.4349891	38.41647
2990	5.87943	-23.4959	29.3754	0.754297	0.245703	0.8913197	0.296588	0.245554	0.225425	0.144473	0.0669281	0.00733032	0.00180397	0	6.682275	1.61538	0.2457026	0.7542974	41.24579
3000	7.77527	-25.7284	33.5036	0.355585	0.644415	4.392316	0.296734	0.24701	0.232156	0.142461	0.0660495	0.00727835	0.00177871	0	2.553979	1.982268	0.6444151	0.3555849	95.99921
3010	5.74116	-23.7709	29.5121	0.582996	0.417004	1.274522	0.292107	0.240578	0.229926	0.14227	0.0651295	0.00738512	0.00184645	0	6.54553	1.585889	0.4170037	0.5829963	38.53797
3020	7.90178	-25.1988	33.1005	0.201004	0.798996	3.950955	0.286929	0.249539	0.227536	0.139033	0.0668544	0.00736186	0.0018458	0	2.95709	1.909753	0.7989955	0.2010045	81.23675
3030	9.21089	-22.4734	31.6843	0.0638704	0.93613	1.244161	0.29277	0.248247	0.233463	0.138623	0.0668729	0.00705241	0.00178706	0	4.373349	1.999547	0.9361296	0.06387037	99.89583
3040	5.13571	-26.6347	31.7704	0.160472	0.839528	2.268379	0.292455	0.245258	0.229171	0.140844	0.0651506	0.00709038	0.00182508	0	4.287236	1.399969	0.8395281	0.1604719	25.11706
3050	5.94083	-26.3174	32.2583	0.650529	0.349471	0.7667667	0.286692	0.23872	0.224427	0.142463	0.0649475	0.00730058	0.00184197	0	3.799364	1.478495	0.3494706	0.6505294	30.09507
3060	7.12051	-25.5964	32.7169	0.964729	0.0352705	2.400773	0.294779	0.239486	0.228973	0.141279	0.0652484	0.0073307	0.00177556	0	3.340699	1.769488	0.03527051	0.9647295	58.81497
3070	7.45791	-26.8592	34.3171	0.230272	0.769728	1.365228	0.29719	0.242917	0.225686	0.14064	0.0649458	0.00712217	0.00182793	0	1.740477	1.808244	0.7697276	0.2302724	64.3049
3080	8.70209	-24.4819	33.184	0.346858	0.653142	0.9460659	0.292489	0.250353	0.228062	0.137315	0.0654082	0.00720236	0.0018452	0	2.873638	1.937031	0.6531425	0.3468575	86.50305
3090	8.34483	-25.3548	33.6996	0.697414	0.302586	1.819308	0.296564	0.24579	0.230947	0.139984	0.0662924	0.00707371	0.00183306	0	2.358046	1.940006	0.3025856	0.6974144	87.09752
3100	8.53361	-23.7039	32.2375	0.547913	0.452087	0.310023	0.296662	0.248463	0.231612	0.141183	0.06518	0.0071532	0.00183172	0	3.820093	1.967058	0.4520869	0.5479131	92.69537
3110	5.051	-23.9274	28.9784	0.439182	0.560818	2.200688	0.293026	0.2396	0.23058	0.142358	0.0668572	0.0071046	0.0018094	0	7.079239	1.610257	0.5608184	0.4391816	40.7621
3120	8.73725	-23.4994	32.2367	0.648742	0.351258	2.438167	0.283555	0.240457	0.234345	0.142054	0.0651359	0.00719006	0.0017804	0	3.820952	1.958147	0.3512582	0.6487418	90.81283
3130	6.87854	-27.4098	34.2883	0.133411	0.866589	0.5273178	0.28853	0.242031	0.234819	0.139278	0.0668248	0.00711402	0.00181039	0	1.769329	1.701525	0.8665889	0.1334111	50.29498
3140	6.7806	-21.1044	27.885	0.749931	0.250069	1.35456	0.291876	0.247111	0.233808	0.140339	0.0657396	0.00711652	0.00184795	0	8.172643	1.929186	0.2500688	0.7499312	84.95433
3150	7.31728	-25.4128	32.7301	0.246976	0.753024	4.826196	0.295742	0.247569	0.230128	0.143119	0.0652988	0.00741973	0.00179088	0	3.327572	1.960376	0.7530241	0.2469759	91.28006
3160	8.91069	-23.3611	32.2718	0.0348622	0.965138	1.412818	0.295626	0.2483	0.23163	0.142548	0.0638304	0.00731788	0.00180984	0	3.785793	1.87475	0.9651378	0.03486221	74.94634
3170	5.8506	-25.604	31.4546	0.58837	0.41163	0.4655048	0.296155	0.248854	0.23358	0.14036	0.0642902	0.00738578	0.00184324	0	4.60304	1.454352	0.4116302	0.5883698	28.46765
3180	7.55351	-25.529	33.0825	0.722887	0.277113	0.4767754	0.29236	0.247986	0.225438	0.140557	0.0644289	0.00723255	0.00182875	0	2.975155	1.78376	0.2771134	0.7228866	60.77986
3190	8.28432	-23.2736	31.5579	0.00645081	0.993549	0.07161845	0.29302	0.246346	0.227988	0.144308	0.0648512	0.00723703	0.00183796	0	4.499696	1.860691	0.9935492	0.006450808	72.55888
3200	7.98942	-25.0786	33.068	0.274944	0.725056	0.05584732	0.287941	0.248526	0.23523	0.144297	0.0653615	0.00724414	0.0018388	0	2.989636	1.86742	0.7250564	0.2749436	73.69202
3210	8.44758	-21.9654	30.413	0.769941	0.230059	0.8810083	0.289495	0.24547	0.231331	0.142459	0.0654791	0.00707077	0.00184009	0	5.644608	1.993199	0.2300588	0.7699412	98.44615
3220	8.88338	-24.0423	32.9257	0.354012	0.645988	2.626383	0.2884	0.242124	0.227604	0.143409	0.0647077	0.00707747	0.00182972	0	3.131961	1.95643	0.6459879	0.3540121	90.45456
3230	7.88349	-25.8611	33.7446	0.373503	0.626497	1.213238	0.295209	0.238769	0.224368	0.142418	0.0641159	0.00724969	0.00180142	0	2.313017	1.817016	0.6264966	0.3735034	65.61699
3240	7.27362	-24.3532	31.6268	0.224143	0.775857	3.040776	0.290504	0.242047	0.228217	0.141685	0.0657235	0.00715482	0.0017603	0	4.430797	1.782737	0.7758565	0.2241435	60.63684
3250	7.69944	-23.1574	30.8568	0.909777	0.0902232	2.201198	0.29371	0.242486	0.226289	0.138628	0.066595	0.0072507	0.00176918	0	5.20081	1.863052	0.09022323	0.9097768	72.95455
3260	8.71603	-23.7384	32.4544	0.161041	0.838959	0.6474267	0.286854	0.241197	0.224884	0.140859	0.0665753	0.00741712	0.00183966	0	3.603233	1.899732	0.8389589	0.1610411	79.38387
3270	8.29437	-22.1954	30.4898	0.488474	0.511526	0.6199376	0.29539	0.245928	0.228835	0.141451	0.0649309	0.0072994	0.00181358	0	5.56785	1.95298	0.5115261	0.4884739	89.73881
3280	7.37852	-23.7529	31.1314	0.555258	0.444742	0.8046291	0.286904	0.24979	0.231498	0.140197	0.0637993	0.00736588	0.00180479	0	4.926221	1.710308	0.4447415	0.5552585	51.32248
3290	8.93785	-23.2453	32.1831	0.33902	0.66098	2.412609	0.294522	0.250189	0.229784	0.143597	0.0651209	0.00720835	0.0018134	0	3.87451	1.958504	0.6609797	0.3390203	90.88755
3300	8.01932	-22.5756	30.5949	0.00580089	0.994199	0.777202	0.2938	0.248372	0.229607	0.141337	0.0654294	0.00723219	0.00183446	0	5.462707	1.794778	0.9941991	0.005800894	62.34164
3310	5.61158	-24.4919	30.1035	0.666109	0.333891	4.825407	0.284667	0.245835	0.225707	0.138584	0.0646599	0.00712809	0.00182477	0	5.9541	1.919991	0.3338906	0.6661094	83.17464
3320	6.47399	-28.3093	34.7833	0.0846082	0.915392	0.495026	0.291917	0.239281	0.226702	0.13989	0.0637732	0.00719222	0.00182394	0	1.274302	1.930889	0.9153918	0.08460815	85.2883
3330	8.20468	-22.1355	30.3402	0.674524	0.325476	1.885944	0.285303	0.239542	0.226988	0.137554	0.0652947	0.00723777	0.00183717	0	5.717403	1.939543	0.3254763	0.6745237	87.00475
3340	8.46898	-24.2864	32.7554	0.682127	0.317873	2.175955	0.286488	0.239248	0.22745	0.140087	0.0638411	0.00732901	0.00180249	0	3.302228	1.902834	0.3178731	0.6821269	79.95289
3350	7.78873	-25.2976	33.0863	0.957146	0.0428545	1.381349	0.287279	0.244093	0.226872	0.139309	0.0652311	0.00736401	0.00176605	0	2.971337	1.829582	0.04285446	0.9571455	67.54328
3360	7.51649	-25.7476	33.2641	0.472594	0.527406	0.1831626	0.289778	0.240337	0.225116	0.139865	0.0650636	0.00740641	0.00177365	0	2.793505	1.787305	0.5274061	0.4725939	61.2781
3370	8.21355	-22.5415	30.7551	0.497939	0.502061	0.4123914	0.296605	0.24135	0.226542	0.138042	0.0646267	0.00739805	0.00176524	0	5.302557	1.933262	0.5020614	0.4979386	85.75549
3380	6.89676	-22.8409	29.7377	0.172572	0.827428	0.5558032	0.297637	0.241097	0.227951	0.13863	0.0651181	0.00729127	0.00175719	0	6.319951	1.681459	0.8274284	0.1725716	48.02407
3390	7.11032	-26.8804	33.9907	0.677477	0.322523	1.529075	0.294452	0.240589	0.231183	0.13972	0.0652471	0.00721378	0.00177741	0	2.066876	1.789039	0.3225231	0.6774769	61.52317
3400	6.00084	-27.9893	33.9901	0.550327	0.449673	2.923523	0.293234	0.247389	0.230697	0.140611	0.0638869	0.00713653	0.00182031	0	2.067502	1.677538	0.4496733	0.5503267	47.59242
3410	8.50152	-25.0883	33.5898	0.693391	0.306609	2.139929	0.295589	0.250472	0.229939	0.144312	0.064493	0.00728472	0.00181877	0	2.467803	1.952492	0.3066089	0.6933911	89.63799
3420	8.29776	-22.5157	30.8135	0.669093	0.330907	1.372615	0.290101	0.24975	0.224496	0.140892	0.0652796	0.00736966	0.00179957	0	5.244156	1.909184	0.3309072	0.6690928	81.1304
3430	7.45277	-26.696	34.1488	0.425373	0.574627	0.8917105	0.29595	0.243669	0.224836	0.14403	0.0667921	0.00716793	0.00179027	0	1.908814	1.862648	0.574627	0.425373	72.88672
3440	8.29326	-22.4739	30.7672	0.0586998	0.9413	0.2057671	0.290804	0.238146	0.22898	0.14344	0.064739	0.00724781	0.00176655	0	5.290434	1.943049	0.9413002	0.05869979	87.70999
3450	8.5055	-23.969	32.4745	0.576947	0.423053	1.743655	0.296872	0.238464	0.224295	0.144128	0.065598	0.00738524	0.00180139	0	3.583169	1.880384	0.4230526	0.5769474	75.92482
3460	8.86696	-23.1939	32.0609	0.665865	0.334135	1.004998	0.295285	0.247497	0.227373	0.143471	0.0654932	0.00719412	0.00176101	0	3.996768	1.98175	0.334135	0.665865	95.88483
3470	6.87911	-21.7241	28.6032	0.292403	0.707597	1.238382	0.297611	0.243222	0.228472	0.13772	0.0660477	0.00719212	0.0017876	0	7.454425	1.834179	0.7075968	0.2924032	68.26202
3480	8.52166	-24.2326	32.7543	0.520349	0.479651	0.7568896	0.287072	0.239712	0.226183	0.139817	0.0660571	0.00723139	0.00184279	0	3.303371	1.908878	0.4796508	0.5203492	81.07341
3490	7.48084	-25.8543	33.3351	0.595038	0.404962	0.2042118	0.296856	0.245305	0.228486	0.140835	0.0655674	0.00733326	0.00179089	0	2.72249	1.812185	0.4049622	0.5950378	64.89103
3500	7.60157	-25.9712	33.5728	0.27681	0.72319	1.269324	0.296251	0.24677	0.230664	0.137348	0.0647334	0.00734383	0.00180409	0	2.484822	1.709908	0.7231904	0.2768096	51.27528
3510	7.72123	-23.2851	31.0063	0.373132	0.626868	0.8947932	0.285135	0.246002	0.233847	0.140043	0.0643681	0.00714389	0.00179006	0	5.051289	1.76122	0.6268677	0.3731323	57.70591
3520	8.35177	-23.8344	32.1862	0.459008	0.540992	1.670274	0.28401	0.249858	0.227191	0.138781	0.064517	0.00705094	0.00178215	0	3.871464	1.848388	0.5409924	0.4590076	70.53234
3530	8.78721	-24.2576	33.0449	0.595374	0.404626	2.490252	0.294193	0.248506	0.235026	0.142889	0.0643443	0.00734005	0.00179324	0	3.012772	1.964368	0.4046262	0.5953738	92.12288
3540	7.46978	-22.2195	29.6893	0.890207	0.109793	0.9385383	0.293886	0.250022	0.233394	0.140867	0.0643863	0.00739694	0.00184357	0	6.368296	1.852794	0.1097932	0.8902068	71.25146
3550	7.50776	-24.808	32.3158	0.255461	0.744539	1.763369	0.292518	0.244746	0.224746	0.141636	0.0642727	0.00736545	0.00177313	0	3.741841	1.677662	0.7445389	0.2554611	47.60604
3560	7.47093	-26.5373	34.0082	0.613132	0.386868	0.5719369	0.285082	0.240188	0.22782	0.14366	0.064706	0.00726046	0.00178042	0	2.049382	1.916086	0.3868676	0.6131324	82.43011
3570	6.57128	-22.1577	28.7289	0.343064	0.656936	0.4483175	0.288714	0.245056	0.227519	0.144518	0.0664822	0.00710584	0.00183748	0	7.328681	1.747706	0.6569358	0.3430642	55.93785
3580	8.78526	-22.2966	31.0819	0.0810769	0.918923	2.471603	0.284835	0.250424	0.231539	0.141611	0.0660946	0.00713548	0.00183996	0	4.975724	1.968309	0.9189231	0.08107688	92.96269
3590	1.73221	-31.869	33.6013	0.801833	0.198167	5.669999	0.290944	0.248016	0.233433	0.142612	0.0665247	0.00732609	0.00179451	0	2.456373	1.593219	0.1981666	0.8018334	39.19392
3600	8.9606	-22.8854	31.846	0.463317	0.536683	2.638832	0.291553	0.245495	0.22821	0.138906	0.0663738	0.00720836	0.00183684	0	4.211662	1.996785	0.5366834	0.4633166	99.26252
3610	8.81892	-23.2783	32.0972	0.876644	0.123356	1.752238	0.295685	0.240822	0.226122	0.143576	0.0649338	0.00732196	0.00182353	0	3.960448	1.959126	0.1233563	0.8766437	91.0177
3620	5.76765	-27.4246	33.1923	0.407067	0.592933	4.250782	0.28527	0.241605	0.233632	0.144399	0.0654942	0.0073107	0.00182554	0	2.865331	1.726515	0.5929333	0.4070667	53.27394
3630	7.46944	-25.3442	32.8137	0.966995	0.0330052	3.740234	0.286716	0.243821	0.235296	0.14216	0.0657187	0.00738512	0.00180393	0	3.243963	1.916047	0.03300521	0.9669948	82.42273
3640	7.59003	-23.8256	31.4156	0.275527	0.724473	4.265943	0.291972	0.239781	0.230655	0.139341	0.0657447	0.0073744	0.00179455	0	4.642019	1.97553	0.7244729	0.2755271	94.5214
3650	6.52598	-24.1896	30.7155	0.737678	0.262322	2.986188	0.290013	0.238253	0.234956	0.142262	0.0646612	0.00732024	0.00180319	0	5.342092	1.773946	0.2623217	0.7376783	59.42179
3660	8.05895	-24.631	32.6899	0.0643283	0.935672	0.7832245	0.283228	0.246705	0.235258	0.141095	0.0648445	0.00726353	0.0018313	0	3.367696	1.696159	0.9356717	0.06432834	49.67743
3670	8.24132	-25.9313	34.1727	0.422717	0.577283	2.381337	0.286972	0.243503	0.235068	0.142732	0.0663691	0.00734307	0.00184144	0	1.884976	1.954974	0.5772834	0.4227166	90.15165
3680	6.50476	-26.3998	32.9046	0.304467	0.695533	0.471815	0.294067	0.24753	0.232556	0.143899	0.0657546	0.00727013	0.00184228	0	3.153051	1.474119	0.6955331	0.3044669	29.79331
3690	8.36534	-22.8534	31.2188	0.446291	0.553709	2.850014	0.290045	0.245889	0.23276	0.144094	0.0654611	0.00721373	0.00180193	0	4.838865	1.955459	0.5537088	0.4462912	90.25238
3700	7.78454	-22.4692	30.2537	0.0238811	0.976119	2.709495	0.29337	0.250499	0.230562	0.143217	0.066461	0.00706443	0.0018137	0	5.803915	1.888373	0.9761189	0.0238811	77.3344
3710	7.81191	-23.5728	31.3847	0.123743	0.876257	1.387087	0.283312	0.247283	0.229346	0.143307	0.0659623	0.00705941	0.00184229	0	4.672928	1.718056	0.876257	0.123743	52.24634
3720	6.91491	-28	34.9149	0.0584577	0.941542	3.748813	0.295876	0.239406	0.223831	0.143637	0.0668895	0.00706291	0.00181	0	1.142761	1.939992	0.9415423	0.05845775	87.09468
3730	6.71518	-26.5104	33.2256	0.469368	0.530632	1.571815	0.297926	0.242205	0.227581	0.137653	0.0666495	0.00733344	0.00183939	0	2.832043	1.596555	0.530632	0.469368	39.49614
3740	7.96313	-22.3426	30.3058	0.876707	0.123293	1.090782	0.297333	0.24897	0.226227	0.142454	0.0667232	0.00723118	0.00184832	0	5.751854	1.892188	0.1232929	0.8767071	78.01683
3750	6.8196	-24.2049	31.0245	0.729785	0.270215	0.6875959	0.294468	0.246181	0.233569	0.143621	0.0661814	0.00732323	0.00183742	0	5.033109	1.641656	0.2702152	0.7297848	43.81837
3760	8.47575	-24.7327	33.2085	0.942986	0.0570142	1.083044	0.289822	0.247017	0.229324	0.141611	0.0660583	0.00741046	0.00181238	0	2.849128	1.955492	0.05701418	0.9429858	90.25939
3770	9.02608	-23.5254	32.5514	0.0646769	0.935323	2.871834	0.295707	0.244874	0.228985	0.137775	0.0643827	0.00738133	0.00184099	0	3.506195	1.951063	0.9353231	0.06467694	89.34354
3780	8.24912	-22.2247	30.4738	0.491867	0.508133	0.9137217	0.293188	0.24568	0.231273	0.142734	0.0639281	0.00732531	0.00184069	0	5.583813	1.918787	0.5081332	0.4918668	82.94431
3790	6.52469	-21.195	27.7197	0.00988715	0.990113	2.695015	0.292592	0.243278	0.227967	0.143262	0.0659332	0.0071517	0.00179261	0	8.337957	1.959476	0.9901129	0.009887148	91.09104
3800	7.03347	-22.2675	29.301	0.228022	0.771978	2.124291	0.293906	0.250608	0.225527	0.141072	0.0668024	0.00717275	0.00183799	0	6.756637	1.824991	0.771978	0.228022	66.83299
3810	6.10289	-26.6291	32.7319	0.383316	0.616684	0.9764324	0.290286	0.247866	0.230025	0.144334	0.064926	0.00719505	0.00176473	0	3.325686	1.456675	0.6166843	0.3833157	28.62036
3820	7.25235	-22.287	29.5393	0.024903	0.975097	1.898576	0.290616	0.250236	0.225965	0.142793	0.0648607	0.00730906	0.00180474	0	6.518307	1.797812	0.975097	0.02490298	62.77867
3830	8.01412	-23.6201	31.6342	0.475221	0.524779	1.079885	0.290415	0.2438	0.22578	0.140844	0.0654269	0.0073197	0.00182882	0	4.423404	1.788974	0.5247794	0.4752206	61.51407
3840	9.12594	-22.5031	31.629	0.330458	0.669542	1.96548	0.294659	0.24824	0.228636	0.139195	0.0668963	0.00730593	0.00181269	0	4.428609	1.997394	0.6695422	0.3304578	99.40185
3850	7.64282	-22.9729	30.6158	0.709274	0.290726	1.241444	0.291448	0.245993	0.227928	0.14091	0.0664746	0.00712336	0.00182145	0	5.441869	1.807652	0.2907257	0.7092743	64.21734
3860	6.46057	-21.6591	28.1197	0.302611	0.697389	3.346691	0.288491	0.246542	0.227173	0.141982	0.0659533	0.00738212	0.00183726	0	7.937957	1.981402	0.6973891	0.3026109	95.80811
3870	8.22952	-25.8796	34.1092	0.376221	0.623779	2.613628	0.286118	0.244998	0.22417	0.141502	0.0666835	0.00731591	0.00176658	0	1.948458	1.948417	0.6237787	0.3762213	88.80076
3880	5.1565	-23.0448	28.2013	0.670718	0.329282	1.423721	0.292013	0.245258	0.225097	0.138861	0.0665491	0.00739552	0.00181065	0	7.856347	1.633339	0.3292819	0.6707181	42.98714
3890	8.37048	-24.8474	33.2178	0.30677	0.69323	3.784163	0.294704	0.248562	0.234013	0.137437	0.0664414	0.00711473	0.00184238	0	2.839784	1.974964	0.69323	0.30677	94.3982
3900	8.70626	-22.6369	31.3432	0.2613	0.7387	0.6721034	0.292768	0.24643	0.233269	0.142557	0.0655328	0.00715985	0.00181249	0	4.714471	1.960887	0.7387001	0.2612999	91.3875
3910	6.65295	-23.4451	30.0981	0.139032	0.860968	4.571171	0.292036	0.249931	0.225075	0.138777	0.0651556	0.00726291	0.00177986	0	5.959565	1.98038	0.8609677	0.1390323	95.5829
3920	6.71164	-25.2127	31.9243	0.0919517	0.908048	2.807024	0.293492	0.248522	0.22412	0.14148	0.065292	0.0073388	0.00181445	0	4.133315	1.635578	0.9080483	0.09195174	43.20935
3930	7.36722	-24.0852	31.4524	0.201973	0.798027	2.486574	0.293735	0.247358	0.234295	0.140151	0.0661198	0.00716038	0.00184638	0	4.605224	1.735721	0.7980273	0.2019727	54.41526
3940	8.02837	-24.3699	32.3983	0.665217	0.334783	2.473776	0.290703	0.243325	0.23449	0.138923	0.0655334	0.00709525	0.00184853	0	3.659346	1.852516	0.3347825	0.6652175	71.20595
3950	6.70446	-21.2395	27.944	0.415877	0.584123	1.201197	0.294082	0.24435	0.225124	0.138744	0.0645752	0.00718117	0.00181927	0	8.113619	1.89044	0.5841235	0.4158765	77.70335
3960	7.90548	-24.1636	32.0691	0.52944	0.47056	1.317224	0.296385	0.250545	0.224113	0.139656	0.0643127	0.00727957	0.00182017	0	3.988549	1.768887	0.4705595	0.5294405	58.7337
3970	7.64261	-25.3069	32.9495	0.317836	0.682164	2.889946	0.297379	0.246169	0.225641	0.138546	0.0649794	0.00736369	0.00180482	0	3.108141	1.787246	0.6821642	0.3178358	61.26975
3980	8.14644	-24.246	32.3924	0.200673	0.799327	2.138442	0.29376	0.249897	0.225067	0.140768	0.0650677	0.0073536	0.00176132	0	3.665234	1.791113	0.7993267	0.2006733	61.81777
3990	8.69236	-24.3549	33.0472	0.147755	0.852245	1.531254	0.29332	0.245642	0.22664	0.13901	0.0638941	0.00728067	0.00176488	0	3.010389	1.859728	0.8522454	0.1477546	72.39822
4000	8.12951	-22.9772	31.1067	0.820646	0.179354	0.4358317	0.290047	0.238619	0.227275	0.137378	0.0661977	0.00710235	0.00178526	0	4.950923	1.904248	0.1793539	0.8206461	80.21352
4010	5.60075	-28.5183	34.1191	0.681447	0.318553	3.943609	0.290342	0.239781	0.231989	0.141959	0.0638001	0.00721227	0.00179933	0	1.938559	1.771609	0.3185535	0.6814465	59.10295
4020	7.86607	-25.0019	32.868	0.270789	0.729211	1.415357	0.294359	0.239703	0.23471	0.139642	0.0653543	0.00714478	0.00177616	0	3.189615	1.725583	0.7292108	0.2707892	53.15981
4030	9.01038	-24.0762	33.0866	0.626632	0.373368	2.144878	0.291635	0.241235	0.227678	0.140225	0.0650614	0.00718833	0.00178265	0	2.971006	1.996912	0.3733685	0.6266315	99.29146
4040	7.96179	-22.5081	30.4699	0.881324	0.118676	2.75213	0.291362	0.239145	0.224945	0.14096	0.0649532	0.0072637	0.00176645	0	5.587771	1.962505	0.1186755	0.8813245	91.7287
4050	6.9731	-23.6712	30.6443	0.565649	0.434351	2.935798	0.285049	0.244058	0.224969	0.140861	0.064551	0.00733926	0.0018033	0	5.413299	1.814462	0.4343514	0.5656486	65.23221
4060	7.98308	-24.2448	32.2279	0.939474	0.060526	2.19596	0.287435	0.248751	0.22658	0.138866	0.0644808	0.00713725	0.00181099	0	3.829723	1.856921	0.06052603	0.939474	71.93177
4070	8.46561	-25.8758	34.3415	0.139757	0.860243	2.087408	0.284977	0.248941	0.229604	0.139125	0.0640647	0.00713224	0.00184135	0	1.716175	1.977099	0.8602427	0.1397573	94.86337
4080	8.21535	-25.6941	33.9094	0.12596	0.87404	2.601301	0.283825	0.2491	0.230926	0.137416	0.0641818	0.00722935	0.00177864	0	2.148188	1.860704	0.8740396	0.1259604	72.56111
4090	8.1415	-24.6022	32.7437	0.352505	0.647495	0.3561426	0.287527	0.24665	0.225685	0.137844	0.0655061	0.00718779	0.00177544	0	3.313957	1.844702	0.6474951	0.3525049	69.93621
4100	6.45802	-27.0628	33.5208	0.571037	0.428963	0.5108137	0.295363	0.246658	0.231462	0.138892	0.0663539	0.00720577	0.00178668	0	2.536811	1.601666	0.4289629	0.5710371	39.96375
4110	8.43364	-23.5167	31.9503	0.22673	0.77327	1.584959	0.294235	0.242512	0.230905	0.141988	0.0650373	0.00710733	0.00179967	0	4.107336	1.831524	0.7732704	0.2267296	67.84589
4120	7.92415	-25.8977	33.8219	0.3504	0.6496	3.146128	0.287574	0.243352	0.22616	0.138371	0.0642023	0.00711993	0.00180832	0	2.235734	1.893504	0.6495998	0.3504002	78.25361
4130	8.73077	-22.9908	31.7216	0.526779	0.473221	2.094949	0.289236	0.240038	0.231233	0.138299	0.0638445	0.00741657	0.00181009	0	4.336027	1.94038	0.4732207	0.5267793	87.17253
4140	7.52691	-22.487	30.0139	0.851767	0.148233	1.04856	0.29322	0.241673	0.223822	0.141256	0.0652208	0.00714126	0.00180647	0	6.043712	1.83943	0.1482329	0.8517671	69.09239
4150	5.9012	-24.825	30.7262	0.176947	0.823053	2.257872	0.288475	0.250095	0.230313	0.144031	0.0642873	0.00742006	0.0017788	0	5.331465	1.557362	0.8230533	0.1769467	36.0879
4160	7.06387	-21.0304	28.0943	0.546098	0.453902	2.07817	0.285718	0.247045	0.231413	0.142618	0.0638907	0.00712838	0.00180861	0	7.963356	1.98496	0.4539018	0.5460982	96.59613
4170	8.24305	-24.7316	32.9746	0.910403	0.0895966	1.500097	0.29517	0.242689	0.232339	0.140587	0.0638459	0.00715835	0.00178259	0	3.082988	1.887788	0.08959661	0.9104034	77.23038
4180	5.03097	-28.6786	33.7096	0.161314	0.838686	2.893589	0.291144	0.240094	0.231247	0.142	0.0651176	0.00706878	0.00176179	0	2.348047	1.437234	0.8386864	0.1613136	27.36743
4190	3.3565	-26.5006	29.8571	0.0207631	0.979237	4.578146	0.28715	0.238636	0.233501	0.137537	0.064135	0.00739131	0.00177213	0	6.200483	1.602447	0.9792369	0.02076311	40.03563
4200	7.22022	-25.6731	32.8933	0.726561	0.273439	0.6962298	0.289169	0.239259	0.230191	0.141397	0.0641934	0.0073237	0.00181394	0	3.16429	1.700085	0.2734391	0.7265609	50.12857
4210	4.47294	-30.5967	35.0696	0.635005	0.364995	2.223536	0.284772	0.247419	0.233015	0.140423	0.0648536	0.00738671	0.00180437	0	0.9880284	1.739476	0.3649953	0.6350047	54.8878
4220	0.753566	-31.1698	31.9233	0.288305	0.711695	5.828243	0.291417	0.239872	0.224099	0.137782	0.0644031	0.00705869	0.00184347	0	4.134288	1.450405	0.7116948	0.2883052	28.21012
4230	8.0046	-22.6919	30.6965	0.423294	0.576706	0.2165788	0.286149	0.238834	0.226841	0.137724	0.0665725	0.00716874	0.00182802	0	5.361084	1.892946	0.5767059	0.4232941	78.15313
4240	8.09205	-22.9149	31.007	0.202026	0.797974	0.417684	0.283404	0.240818	0.227827	0.139135	0.065464	0.00734969	0.0017583	0	5.050633	1.842008	0.7979745	0.2020255	69.50368
4250	7.32758	-23.4899	30.8175	0.951108	0.0488923	3.482825	0.290429	0.244725	0.229951	0.137606	0.064293	0.00708802	0.00180109	0	5.240171	1.928037	0.04889231	0.9511077	84.72995
4260	8.96477	-24.3869	33.3517	0.389245	0.610755	2.610673	0.293511	0.238502	0.227195	0.139244	0.0668477	0.00723582	0.00183918	0	2.705971	1.983716	0.6107553	0.3892447	96.31988
4270	8.08164	-23.1974	31.279	0.584051	0.415949	3.045442	0.290146	0.246703	0.230724	0.142869	0.0657075	0.00725669	0.00183716	0	4.778634	1.933581	0.4159493	0.5840507	85.81849
4280	7.62473	-25.1447	32.7694	0.0417798	0.95822	1.723436	0.290584	0.248546	0.225487	0.139597	0.0656884	0.00725088	0.00184007	0	3.288217	1.627351	0.9582202	0.04177984	42.39852
4290	8.49302	-23.4242	31.9172	0.697315	0.302685	1.734473	0.294377	0.240529	0.227957	0.138071	0.0648045	0.00732237	0.00183509	0	4.140376	1.893905	0.3026855	0.6973145	78.32585
4300	6.98845	-24.4232	31.4116	0.0781945	0.921805	0.5510326	0.296498	0.242119	0.233288	0.138075	0.0648767	0.00726704	0.00183646	0	4.64598	1.524273	0.9218055	0.07819455	33.44054
4310	6.58447	-21.7118	28.2963	0.313396	0.686604	0.162862	0.294635	0.244123	0.234136	0.137534	0.0669406	0.00731849	0.00180178	0	7.761334	1.828217	0.6866042	0.3133958	67.33124
4320	7.51881	-24.0701	31.5889	0.394331	0.605669	0.03668799	0.293901	0.250024	0.23359	0.137641	0.0661601	0.00718873	0.00178986	0	4.468687	1.728745	0.6056692	0.3943308	53.54817
4330	8.68792	-22.2568	30.9447	0.795882	0.204118	1.392652	0.289926	0.249307	0.233855	0.13921	0.0663841	0.00717686	0.00178895	0	5.112935	1.986601	0.2041175	0.7958825	96.96194
4340	7.5569	-22.4868	30.0437	0.390576	0.609424	1.797013	0.284665	0.245635	0.234082	0.143777	0.0649966	0.00705387	0.00182742	0	6.013911	1.835067	0.609424	0.390576	68.40172
4350	6.62186	-23.5291	30.1509	0.906749	0.0932506	0.8367846	0.289539	0.247979	0.228488	0.142586	0.0655859	0.00717925	0.00181899	0	5.906686	1.681501	0.09325062	0.9067494	48.02869
4360	7.89492	-24.2874	32.1823	0.664215	0.335785	1.992436	0.295682	0.239905	0.227702	0.142578	0.0656855	0.00708771	0.00181088	0	3.875325	1.810992	0.3357852	0.6642148	64.71304
4370	6.0622	-22.9513	29.0135	0.789103	0.210897	2.539555	0.293146	0.242815	0.223791	0.141958	0.0637955	0.007404	0.00183927	0	7.044098	1.78301	0.2108965	0.7891035	60.67499
4380	6.71701	-25.2635	31.9805	0.365119	0.634881	1.924797	0.293642	0.240062	0.224364	0.141741	0.0655217	0.0073252	0.00178282	0	4.07708	1.605559	0.634881	0.365119	40.32359
4390	7.53754	-24.0142	31.5517	0.934245	0.0657546	1.082913	0.288323	0.2473	0.229085	0.137405	0.0668914	0.00716509	0.00180544	0	4.505928	1.764245	0.06575463	0.9342454	58.10915
4400	7.9238	-25.2691	33.1929	0.672913	0.327087	1.144468	0.291095	0.245575	0.226067	0.140835	0.0642954	0.0072968	0.00178259	0	2.864738	1.823533	0.327087	0.672913	66.60903
4410	7.3727	-27.0385	34.4112	0.575299	0.424701	1.481861	0.293712	0.240955	0.225336	0.140882	0.065633	0.0071617	0.00177994	0	1.646391	1.923432	0.4247013	0.5752987	83.83633
4420	5.64006	-26.9885	32.6286	0.037001	0.962999	4.053178	0.295471	0.240368	0.224483	0.138377	0.0644603	0.00731521	0.00176897	0	3.429074	1.627074	0.962999	0.03700097	42.37151
4430	7.71896	-24.202	31.9209	0.409111	0.590889	4.227966	0.295572	0.241269	0.227494	0.141373	0.0655282	0.00722802	0.00177228	0	4.136693	1.977854	0.5908891	0.4091109	95.02842
4440	9.24047	-23.2233	32.4637	0.30944	0.69056	2.155848	0.296222	0.238603	0.223876	0.137997	0.0654457	0.00708925	0.00177659	0	3.593887	1.997796	0.6905598	0.3094402	99.49386
4450	7.11517	-26.7894	33.9046	0.522044	0.477956	1.359306	0.293468	0.238639	0.22732	0.137942	0.0658153	0.0071342	0.00181346	0	2.153039	1.736306	0.4779558	0.5220442	54.48865
4460	8.51586	-22.8423	31.3582	0.910839	0.0891609	0.5975985	0.286721	0.243952	0.224241	0.139516	0.0656747	0.00705974	0.00184051	0	4.699453	1.96588	0.0891609	0.9108391	92.44422
4470	5.6096	-22.1107	27.7203	0.899306	0.100694	1.509218	0.284294	0.242012	0.228001	0.141312	0.0646386	0.00706074	0.0018454	0	8.337306	1.760018	0.1006943	0.8993057	57.54633
4480	5.85335	-25.3964	31.2498	0.470613	0.529387	3.254509	0.283606	0.249181	0.227319	0.138607	0.0664767	0.00727899	0.00179297	0	4.807838	1.676745	0.5293865	0.4706135	47.50562
4490	8.06645	-21.9001	29.9665	0.0232445	0.976755	3.003079	0.283457	0.244808	0.224284	0.138381	0.0659738	0.00730419	0.00179041	0	6.09109	1.990078	0.9767555	0.02324454	97.74123
4500	8.48636	-23.8675	32.3539	0.373636	0.626364	1.400813	0.293055	0.249607	0.225316	0.144179	0.0664576	0.00732863	0.00179495	0	3.703728	1.848758	0.6263637	0.3736363	70.59244
4510	8.54947	-24.7083	33.2578	0.29729	0.70271	0.8317226	0.29512	0.246903	0.228904	0.144324	0.0640392	0.00728634	0.00175705	0	2.799875	1.92123	0.7027098	0.2972902	83.41233
4520	8.96671	-23.9387	32.9054	0.891501	0.108499	1.644868	0.295303	0.239157	0.231649	0.144518	0.0641532	0.00725781	0.00181416	0	3.15223	1.998232	0.1084987	0.8915013	99.59373
4530	7.82044	-23.053	30.8735	0.706717	0.293283	1.342238	0.295674	0.238189	0.231201	0.142432	0.0643677	0.00733182	0.00175765	0	5.184166	1.827788	0.2932834	0.7067166	67.26479
4540	8.95538	-23.8948	32.8502	0.428405	0.571595	1.168041	0.294742	0.238594	0.227967	0.140789	0.0652287	0.00724693	0.00177875	0	3.207415	1.97392	0.5715954	0.4284046	94.17158
4550	8.61638	-22.8881	31.5045	0.24937	0.75063	0.5226697	0.293945	0.239689	0.225173	0.144048	0.0639928	0.00713305	0.0017924	0	4.553124	1.944493	0.75063	0.24937	88.0021
4560	7.68579	-25.329	33.0147	0.989226	0.0107737	0.200362	0.295175	0.242953	0.235309	0.140431	0.0646837	0.00710367	0.00179302	0	3.042883	1.87501	0.01077369	0.9892263	74.99113
4570	8.30928	-23.8105	32.1198	0.392028	0.607972	0.2109823	0.292463	0.245873	0.227914	0.137591	0.0660727	0.0072388	0.00184029	0	3.937819	1.896733	0.6079725	0.3920275	78.83761
4580	8.33316	-25.063	33.3962	0.058782	0.941218	0.2542962	0.297339	0.239767	0.223993	0.140468	0.0649675	0.00713115	0.00183021	0	2.661463	1.93117	0.941218	0.05878201	85.34337
4590	4.24796	-28.2032	32.4512	0.778627	0.221373	0.4753	0.28741	0.239191	0.227649	0.141674	0.0646198	0.00718974	0.00182881	0	3.606455	1.291864	0.2213725	0.7786275	19.58233
4600	8.88821	-23.647	32.5352	0.20403	0.79597	1.537877	0.286247	0.241204	0.233638	0.141544	0.0643709	0.00708593	0.00180219	0	3.522467	1.902277	0.79597	0.20403	79.85044
4610	3.85263	-24.6771	28.5297	0.811557	0.188443	2.642427	0.28695	0.238481	0.233549	0.143215	0.0642852	0.00714084	0.00178884	0	7.527896	1.585172	0.1884429	0.8115571	38.4744
4620	7.7992	-24.7473	32.5465	0.996414	0.00358568	1.631089	0.288984	0.245618	0.228427	0.141481	0.0660787	0.00716824	0.00180464	0	3.51113	1.815489	0.003585679	0.9964143	65.38658
4630	6.68291	-27.2076	33.8905	0.36111	0.63889	2.049439	0.286707	0.24978	0.225089	0.140331	0.0646047	0.00727238	0.00182784	0	2.167101	1.640181	0.6388902	0.3611098	43.66979
4640	5.20823	-22.2463	27.4545	0.915905	0.0840952	3.177444	0.284888	0.247837	0.224215	0.139821	0.0641044	0.00705082	0.00180938	0	8.603089	1.884153	0.08409518	0.9159048	76.58661
4650	8.15095	-24.9981	33.1491	0.572051	0.427949	0.9877338	0.283694	0.244792	0.227711	0.140705	0.0646643	0.00730349	0.00184697	0	2.908575	1.844396	0.4279494	0.5720506	69.88692
4660	5.50363	-24.3141	29.8178	0.169533	0.830467	2.865795	0.287063	0.239768	0.229707	0.143947	0.0651325	0.00707301	0.00181687	0	6.23987	1.642924	0.8304673	0.1695327	43.94651
4670	8.50011	-22.5927	31.0929	0.836874	0.163126	2.565237	0.286286	0.241507	0.229542	0.143942	0.0654662	0.00707641	0.00177679	0	4.964776	1.987667	0.1631262	0.8368738	97.20012
4680	8.12451	-23.3075	31.432	0.318886	0.681114	3.415732	0.284075	0.243948	0.22409	0.14295	0.066119	0.00728152	0.00177229	0	4.625608	1.954353	0.6811138	0.3188862	90.02297
4690	9.05339	-23.5683	32.6217	0.00574832	0.994252	0.8250199	0.284436	0.239475	0.225989	0.142723	0.064914	0.00727433	0.00178737	0	3.43592	1.951291	0.9942517	0.005748315	89.39041
4700	8.62841	-24.7787	33.4071	0.239593	0.760407	0.9590292	0.290256	0.241684	0.23342	0.143838	0.065644	0.00732048	0.00177137	0	2.650496	1.929552	0.7604069	0.2395931	85.026
4710	6.28203	-24.9134	31.1955	0.446957	0.553043	4.629967	0.285607	0.240742	0.232913	0.143781	0.0667998	0.00736485	0.00177816	0	4.862143	1.893646	0.5530431	0.4469569	78.27911
4720	8.0081	-26.1729	34.181	0.271551	0.728449	1.655954	0.28604	0.244521	0.232803	0.141014	0.0645825	0.00729971	0.00179783	0	1.876589	1.887883	0.7284494	0.2715506	77.24723
4730	6.91728	-25.7942	32.7115	0.108214	0.891786	4.887504	0.286363	0.24795	0.228453	0.143907	0.0644411	0.00716705	0.0017651	0	3.346102	1.911166	0.8917858	0.1082142	81.5015
4740	8.40408	-23.4664	31.8704	0.635174	0.364826	2.356413	0.289087	0.247331	0.229917	0.141425	0.0653617	0.0073626	0.00176021	0	4.187191	1.91131	0.3648259	0.6351741	81.52863
4750	8.16433	-23.5987	31.763	0.263192	0.736808	1.236153	0.284877	0.245897	0.229169	0.142226	0.0659258	0.00719084	0.00179449	0	4.294596	1.787498	0.7368083	0.2631917	61.30534
4760	8.82855	-23.4274	32.256	0.243365	0.756635	2.248658	0.288352	0.242094	0.227583	0.138613	0.0649282	0.00707607	0.00183929	0	3.801667	1.916407	0.7566348	0.2433652	82.49103
4770	6.79871	-25.8222	32.6209	0.49108	0.50892	4.946382	0.292362	0.240694	0.226258	0.140659	0.0667078	0.00706702	0.00176435	0	3.436737	1.951493	0.5089203	0.4910797	89.432
4780	6.08265	-26.4209	32.5036	0.669356	0.330644	1.736545	0.292136	0.243218	0.223763	0.14358	0.0654532	0.00727754	0.00181222	0	3.554076	1.555821	0.3306441	0.6693559	35.96011
4790	7.38451	-23.0456	30.4301	0.52668	0.47332	0.5072677	0.296621	0.240281	0.228666	0.143774	0.0660551	0.00722009	0.00184041	0	5.627502	1.754184	0.4733199	0.5266801	56.77849
4800	7.50243	-21.6367	29.1392	0.0306895	0.969311	0.04315156	0.29454	0.239356	0.231698	0.144361	0.0665307	0.00740502	0.00184386	0	6.918473	1.953875	0.9693105	0.03068949	89.92388
4810	2.79199	-21.9068	24.6987	0.937365	0.0626345	3.260844	0.284773	0.250032	0.230567	0.139239	0.0659085	0.00739762	0.00183103	0	11.35888	1.85056	0.06263455	0.9373655	70.886
4820	6.66026	-25.5848	32.2451	0.442717	0.557283	2.984045	0.286096	0.243486	0.228625	0.138961	0.0664198	0.00736116	0.00183723	0	3.812525	1.695167	0.5572833	0.4427167	49.56411
4830	4.89993	-24.8351	29.735	0.0850997	0.9149	3.151481	0.28695	0.238627	0.224404	0.139777	0.0669764	0.00733651	0.00183112	0	6.322592	1.59151	0.9149003	0.08509974	39.03998
4840	8.72747	-22.689	31.4165	0.499575	0.500425	2.180738	0.28963	0.239505	0.224162	0.138725	0.0667937	0.00733962	0.00179007	0	4.641126	1.960053	0.5004251	0.4995749	91.21224
4850	8.69228	-23.4469	32.1392	0.471871	0.528129	0.5509952	0.287016	0.247717	0.230444	0.138665	0.0656744	0.00714333	0.00176204	0	3.918468	1.970045	0.5281287	0.4718713	93.33513
4860	8.99597	-24.0127	33.0086	0.657134	0.342866	1.899831	0.29049	0.248668	0.232864	0.143217	0.066772	0.00708465	0.0017858	0	3.048977	1.992165	0.3428658	0.6571342	98.21213
4870	7.82507	-25.2928	33.1179	0.456587	0.543413	0.5557084	0.296927	0.24923	0.233229	0.143381	0.0664964	0.00721311	0.0017606	0	2.939751	1.795899	0.5434135	0.4565865	62.50278
4880	8.90328	-22.9607	31.864	0.451145	0.548855	0.8260097	0.297286	0.250474	0.234783	0.139554	0.0655699	0.00732168	0.00176846	0	4.19364	1.992338	0.5488551	0.4511449	98.25121
4890	8.24976	-22.2058	30.4555	0.221509	0.778491	1.934987	0.293783	0.249667	0.230755	0.137778	0.0640096	0.00740302	0.00175694	0	5.602093	1.91497	0.778491	0.221509	82.21861
4900	8.92842	-23.4615	32.3899	0.0298087	0.970191	1.069401	0.288344	0.24822	0.223978	0.13767	0.0667148	0.00725549	0.0017909	0	3.667689	1.892295	0.9701913	0.02980867	78.03592
4910	7.09813	-26.6806	33.7787	0.90117	0.0988297	2.945063	0.293097	0.250567	0.226126	0.139115	0.0637657	0.00734415	0.00176184	0	2.278924	1.853028	0.09882967	0.9011703	71.28986
4920	8.09926	-24.5516	32.6509	0.429091	0.570909	3.201554	0.29606	0.247033	0.224367	0.142169	0.063719	0.00713679	0.00177441	0	3.406737	1.900842	0.5709085	0.4290915	79.58702
4930	2.36102	-22.4488	24.8098	0.96172	0.0382802	3.673833	0.295598	0.245974	0.224381	0.140169	0.0641243	0.00727514	0.00177296	0	11.24778	1.845817	0.03828021	0.9617198	70.11592
4940	7.43358	-24.2813	31.7148	0.401844	0.598156	3.954314	0.288191	0.243357	0.226696	0.144343	0.064265	0.007056	0.00182817	0	4.342792	1.915584	0.598156	0.401844	82.33489
4950	5.35543	-27.3179	32.6733	0.189936	0.810064	1.25304	0.286378	0.249816	0.22536	0.143779	0.0646909	0.00713485	0.00178553	0	3.384309	1.308073	0.8100643	0.1899357	20.32698
4960	5.40098	-28.1819	33.5829	0.226251	0.773749	4.76596	0.288083	0.246495	0.225261	0.139105	0.0638092	0.00732032	0.0017772	0	2.474742	1.730687	0.7737486	0.2262514	53.78817
4970	7.02669	-27.3107	34.3374	0.173568	0.826432	4.431324	0.285857	0.248756	0.227704	0.139576	0.0662992	0.00717883	0.00179537	0	1.720274	1.923863	0.8264318	0.1735682	83.91959
4980	5.67379	-23.3559	29.0297	0.176221	0.823779	0.5802916	0.294665	0.248415	0.225614	0.141253	0.066517	0.00721209	0.00184525	0	7.027962	1.521332	0.8237789	0.1762211	33.21484
4990	6.87092	-24.0898	30.9607	0.834275	0.165725	0.1858171	0.285014	0.240846	0.228475	0.141103	0.0668306	0.00722546	0.00181156	0	5.096935	1.671714	0.1657246	0.8342754	46.95852
5000	8.61091	-23.8138	32.4247	0.655014	0.344986	1.435207	0.285952	0.24903	0.233195	0.13795	0.06494	0.00712641	0.00176344	0	3.632961	1.911939	0.3449858	0.6550142	81.64669
