Iteration	Posterior	Likelihood	Prior	clado_type_probs[1]	clado_type_probs[2]	distance_scale	epoch_times[1]	epoch_times[2]	epoch_times[3]	epoch_times[4]	epoch_times[5]	epoch_times[6]	epoch_times[7]	epoch_times[8]	extirpation_rate	log10_rate_bg	p_allopatry	p_sympatry	rate_bg
0	-47.3709	-84.55	37.179	0.129977	0.870023	0.01	0.227748	0.229817	0.105864	0.0659976	0.033891	0.0174529	0.000948112	0	1.071482	-2	0.8700233	0.1299767	0.01
10	9.60656	-24.179	33.7856	0.746457	0.253543	0.1008496	0.236638	0.225982	0.108507	0.0648741	0.0347939	0.0175273	0.000920956	0	4.464973	1.934931	0.2535429	0.7464571	86.08577
20	11.0713	-23.7782	34.8495	0.531889	0.468111	2.393235	0.231003	0.226409	0.105749	0.0674613	0.0345513	0.0172921	0.00094367	0	3.401038	1.878415	0.4681113	0.5318887	75.58138
30	9.8394	-23.9715	33.8109	0.795398	0.204602	1.000416	0.233851	0.221946	0.105488	0.0675605	0.0341999	0.0180639	0.000924215	0	4.439608	1.841024	0.2046017	0.7953983	69.34642
40	10.6925	-23.8667	34.5592	0.596478	0.403522	0.8962414	0.229264	0.222836	0.107754	0.0666395	0.033921	0.0180376	0.000935112	0	3.691294	1.985754	0.4035218	0.5964782	96.77303
50	8.75537	-25.8815	34.6369	0.127462	0.872538	8.301349	0.232492	0.22789	0.105348	0.0668251	0.0345735	0.0175402	0.000956799	0	3.61366	1.829307	0.8725376	0.1274624	67.5005
60	11.3754	-23.0787	34.4541	0.15473	0.84527	4.220084	0.230855	0.226617	0.106138	0.0664695	0.0354528	0.0175205	0.000941436	0	3.796414	1.873505	0.8452695	0.1547305	74.73167
70	10.8175	-25.5734	36.3909	0.600157	0.399843	2.220659	0.230424	0.232777	0.108381	0.0656394	0.0351513	0.0173623	0.000960084	0	1.859662	1.973261	0.3998434	0.6001566	94.02878
80	11.2544	-23.2309	34.4854	0.471704	0.528296	3.180533	0.228504	0.223467	0.105555	0.0669842	0.0351464	0.0175407	0.000954681	0	3.76517	1.893996	0.5282962	0.4717038	78.34222
90	7.88608	-23.3767	31.2627	0.243237	0.756763	5.437344	0.228251	0.224182	0.106574	0.0653447	0.0354092	0.0174749	0.000932819	0	6.987792	1.731659	0.7567633	0.2432367	53.90869
100	11.7612	-22.5483	34.3095	0.168593	0.831407	3.674241	0.229192	0.222239	0.104797	0.0655965	0.0354264	0.017544	0.000935235	0	3.941019	1.950729	0.8314072	0.1685928	89.27488
110	12.0029	-23.9492	35.9521	0.0947137	0.905286	2.927359	0.232595	0.230963	0.106446	0.0674398	0.0356439	0.017932	0.00092464	0	2.298396	1.958253	0.9052863	0.09471369	90.83489
120	10.3963	-23.6978	34.094	0.617926	0.382074	2.147557	0.235011	0.231669	0.104808	0.0668772	0.0346981	0.0173529	0.000956486	0	4.156501	1.800687	0.3820736	0.6179264	63.1956
130	10.6028	-23.8078	34.4106	0.94488	0.0551199	3.713082	0.236559	0.229938	0.106346	0.0673226	0.0355454	0.0173028	0.00095497	0	3.839887	1.886405	0.05511987	0.9448801	76.98472
140	9.51953	-24.3822	33.9018	0.665505	0.334495	2.480365	0.237194	0.225495	0.105315	0.0664503	0.0351447	0.017337	0.000955285	0	4.348767	1.662093	0.3344954	0.6655046	45.92959
150	8.40546	-24.5238	32.9293	0.424386	0.575614	5.389233	0.229509	0.224713	0.106506	0.0660795	0.0345795	0.017881	0.000959559	0	5.321227	1.666363	0.5756144	0.4243856	46.38345
160	9.92357	-21.7353	31.6589	0.00623304	0.993767	4.812644	0.229778	0.229023	0.106555	0.0655936	0.0346099	0.0179764	0.000965344	0	6.591646	1.920235	0.993767	0.006233038	83.22147
170	11.1758	-24.6645	35.8403	0.764049	0.235951	5.109789	0.231961	0.225293	0.105955	0.0657178	0.0350728	0.0173937	0.000947961	0	2.41026	1.99395	0.2359514	0.7640486	98.61665
180	11.7223	-22.1071	33.8294	0.00854563	0.991454	3.088005	0.227772	0.22365	0.105069	0.0652079	0.0348427	0.0176261	0.00095548	0	4.421173	1.935332	0.9914544	0.00854563	86.16513
190	11.4782	-23.7951	35.2733	0.0129493	0.987051	4.61943	0.22728	0.229557	0.105838	0.0653642	0.0341983	0.0174832	0.000966529	0	2.977235	1.828163	0.9870507	0.01294934	67.32299
200	7.03189	-26.7829	33.8148	0.634085	0.365915	9.303894	0.230638	0.226586	0.104945	0.0665993	0.0352064	0.0175601	0.000965499	0	4.435747	1.854744	0.3659154	0.6340846	71.57207
210	11.4303	-24.3802	35.8105	0.46354	0.53646	4.649447	0.228105	0.2276	0.107637	0.0676916	0.0352315	0.0179112	0.000959528	0	2.44001	1.939922	0.5364603	0.4635397	87.08073
220	11.115	-25.5029	36.6179	0.00905111	0.990949	4.934026	0.229034	0.226901	0.107728	0.0666824	0.0348459	0.0176504	0.000950261	0	1.632678	1.865542	0.9909489	0.009051113	73.37402
230	10.3009	-25.0587	35.3597	0.525917	0.474083	1.422261	0.226838	0.224024	0.109898	0.0679569	0.0356465	0.0172628	0.000954808	0	2.890865	1.787488	0.4740833	0.5259167	61.30395
240	10.7056	-22.5408	33.2464	0.267548	0.732452	3.132682	0.232176	0.22534	0.107146	0.0664545	0.0354387	0.0177543	0.000926741	0	5.004179	1.853812	0.7324523	0.2675477	71.41863
250	10.8844	-26.0744	36.9588	0.00521555	0.994784	4.904625	0.23341	0.223758	0.107279	0.0674729	0.0355736	0.0180945	0.000940588	0	1.291734	1.907568	0.9947845	0.005215547	80.82917
260	11.24	-24.9347	36.1747	0.493006	0.506994	3.709988	0.235369	0.22397	0.107153	0.0672981	0.0356266	0.0179374	0.000930063	0	2.075849	1.929587	0.506994	0.493006	85.0328
270	8.71677	-27.4832	36.1999	0.235513	0.764487	8.534462	0.236389	0.223133	0.106991	0.0665806	0.0349353	0.0180576	0.000940235	0	2.0506	1.852498	0.7644865	0.2355135	71.20301
280	9.24233	-25.4125	34.6548	0.533782	0.466218	5.98531	0.235259	0.224474	0.105934	0.0658276	0.0352454	0.0179415	0.000937666	0	3.595725	1.746841	0.4662183	0.5337817	55.8266
290	9.90654	-22.9664	32.873	0.904252	0.0957477	2.234889	0.230335	0.221925	0.105602	0.0654261	0.0355538	0.0174255	0.000953149	0	5.377579	1.852016	0.09574766	0.9042523	71.12403
300	8.56773	-24.4148	32.9826	0.0874387	0.912561	3.434679	0.233514	0.226088	0.107452	0.0668562	0.0356332	0.0175197	0.000949233	0	5.267954	1.473116	0.9125613	0.08743873	29.72462
310	10.4509	-25.7653	36.2162	0.339553	0.660447	3.584908	0.230113	0.221822	0.105552	0.0667332	0.0352967	0.0174512	0.000957505	0	2.034367	1.752412	0.6604475	0.3395525	56.54738
320	9.5033	-22.2518	31.7551	0.857173	0.142827	2.169898	0.228825	0.222244	0.106063	0.0665148	0.0351488	0.0172833	0.000948151	0	6.49544	1.884995	0.1428271	0.8571729	76.73525
330	9.90316	-24.832	34.7352	0.690122	0.309878	2.452059	0.227038	0.226181	0.107207	0.0672633	0.0339886	0.0175341	0.000936119	0	3.515369	1.708659	0.3098784	0.6901216	51.12808
340	11.0564	-24.7235	35.7799	0.326697	0.673303	5.16209	0.234112	0.227978	0.107671	0.0681761	0.0342394	0.0174693	0.000941434	0	2.470595	1.881026	0.6733028	0.3266972	76.03711
350	10.0647	-26.9085	36.9732	0.0466939	0.953306	7.485837	0.2306	0.228718	0.107997	0.0682023	0.0340288	0.017615	0.000966972	0	1.277377	1.966527	0.9533061	0.04669392	92.5821
360	11.5301	-23.7644	35.2945	0.472665	0.527335	4.447027	0.234222	0.227887	0.105878	0.0664595	0.0345606	0.0179621	0.000939535	0	2.956032	1.950431	0.5273354	0.4726646	89.21355
370	11.7585	-24.3452	36.1037	0.0926264	0.907374	2.243654	0.228126	0.231653	0.10999	0.0672336	0.0348252	0.0178278	0.000936512	0	2.146841	1.966526	0.9073736	0.09262636	92.58196
380	8.99396	-26.8316	35.8255	0.177194	0.822806	0.7729519	0.234086	0.23249	0.109618	0.0681451	0.0349674	0.0172646	0.000954948	0	2.425002	1.509466	0.822806	0.177194	32.31958
390	9.27202	-22.8004	32.0725	0.432994	0.567006	0.4862607	0.233225	0.228847	0.10922	0.0671749	0.0355936	0.0173683	0.000955802	0	6.178068	1.861305	0.5670056	0.4329944	72.66168
400	8.02906	-23.1642	31.1933	0.249122	0.750878	0.10142	0.236688	0.232875	0.106152	0.0666941	0.0355365	0.0178764	0.000952498	0	7.057249	1.672877	0.7508784	0.2491216	47.0844
410	10.6771	-25.0603	35.7374	0.0236018	0.976398	0.4323918	0.231159	0.225247	0.108164	0.0657434	0.0348766	0.0173248	0.000945076	0	2.513084	1.981963	0.9763982	0.02360184	95.93191
420	11.0026	-24.9447	35.9473	0.0720705	0.92793	1.064588	0.237118	0.22488	0.106945	0.0653786	0.034981	0.0174442	0.000943267	0	2.303193	1.929217	0.9279295	0.0720705	84.96055
430	9.75485	-25.4997	35.2546	0.860386	0.139614	5.562198	0.23371	0.223117	0.109998	0.0682332	0.0355259	0.0174573	0.00095413	0	2.995971	1.83282	0.1396135	0.8603865	68.04868
440	9.04646	-24.3013	33.3478	0.0463671	0.953633	5.943813	0.234974	0.222832	0.108261	0.0650705	0.035533	0.0173161	0.000967561	0	4.902754	1.693016	0.9536329	0.04636715	49.31921
450	10.7497	-24.773	35.5227	0.18679	0.81321	1.716329	0.231746	0.222705	0.108619	0.0671998	0.0345609	0.0173363	0.00096612	0	2.727843	1.742312	0.8132101	0.1867899	55.24739
460	11.0721	-24.853	35.9251	0.000919527	0.99908	4.382164	0.232757	0.226471	0.107344	0.0664738	0.0339013	0.017328	0.000966763	0	2.325467	1.756931	0.9990805	0.0009195269	57.13882
470	10.9944	-23.3694	34.3638	0.50746	0.49254	5.507391	0.227439	0.221689	0.107807	0.0680832	0.034541	0.0176845	0.000936948	0	3.8867	1.96698	0.4925399	0.5074601	92.67872
480	10.9736	-22.3823	33.3559	0.191489	0.808511	3.572705	0.23702	0.227654	0.105592	0.0679666	0.0342895	0.0177877	0.000928594	0	4.894634	1.887862	0.8085112	0.1914888	77.24352
490	10.7319	-24.5043	35.2361	0.0298389	0.970161	5.30464	0.23228	0.230433	0.106931	0.0671816	0.034506	0.0173542	0.000966194	0	3.014386	1.762966	0.9701611	0.0298389	57.93833
500	11.2102	-24.1816	35.3918	0.330747	0.669253	3.612695	0.234875	0.22419	0.10854	0.0668745	0.0346063	0.017912	0.000962572	0	2.858774	1.826278	0.669253	0.330747	67.03136
510	11.0482	-22.7737	33.8219	0.303861	0.696139	3.165907	0.233281	0.222666	0.10639	0.0670491	0.0354577	0.0177329	0.000967553	0	4.42863	1.857996	0.6961395	0.3038605	72.11015
520	11.1147	-25.4778	36.5925	0.0625683	0.937432	5.90766	0.235114	0.222837	0.105859	0.0677091	0.0341181	0.0174164	0.000927482	0	1.658026	1.940329	0.9374317	0.06256831	87.16231
530	10.356	-24.9021	35.2581	0.387087	0.612913	7.401231	0.236427	0.227468	0.107112	0.0681812	0.0356253	0.0173478	0.000949631	0	2.99238	1.971364	0.6129128	0.3870872	93.61908
540	10.2122	-22.9287	33.1409	0.380409	0.619591	1.632751	0.234871	0.232303	0.107777	0.0678548	0.035482	0.0175079	0.000947703	0	5.109581	1.81486	0.6195907	0.3804093	65.29198
550	9.18392	-24.7927	33.9766	0.939336	0.0606636	5.75727	0.232653	0.23129	0.107288	0.066901	0.0347845	0.0177985	0.000927214	0	4.273885	1.823571	0.06066361	0.9393364	66.61477
560	11.7646	-23.2615	35.0261	0.143649	0.856351	2.536231	0.23497	0.231805	0.109044	0.0656224	0.0349116	0.01792	0.000943807	0	3.224422	1.909707	0.8563508	0.1436492	81.22822
570	10.6164	-22.9266	33.543	0.0331903	0.96681	5.594579	0.230772	0.231959	0.109845	0.067367	0.0339695	0.0172972	0.00095472	0	4.707547	1.884997	0.9668097	0.03319034	76.73554
580	11.1981	-23.9296	35.1277	0.345815	0.654185	2.164815	0.228012	0.229721	0.110029	0.0678117	0.0344853	0.0176831	0.000949404	0	3.122845	1.859383	0.6541848	0.3458152	72.34074
590	6.42	-28.6609	35.0809	0.619073	0.380927	2.433847	0.23027	0.228607	0.109096	0.0682182	0.0343822	0.0174837	0.000920333	0	3.169594	1.252567	0.380927	0.619073	17.88821
600	9.93435	-25.2018	35.1362	0.00438895	0.995611	6.027504	0.228673	0.224204	0.108338	0.0656997	0.0347461	0.017957	0.000930929	0	3.114355	1.715787	0.995611	0.004388952	51.97414
610	10.7611	-23.5403	34.3014	0.951962	0.0480383	4.011769	0.232701	0.224942	0.109395	0.0652202	0.0344247	0.0175915	0.000961031	0	3.949138	1.920767	0.04803829	0.9519617	83.32332
620	10.9005	-22.8656	33.7661	0.413223	0.586777	3.674016	0.234109	0.222012	0.109793	0.0651113	0.0350922	0.0179885	0.000959114	0	4.484429	1.871403	0.586777	0.413223	74.37087
630	10.3726	-24.9326	35.3052	0.677668	0.322332	4.851135	0.235156	0.227172	0.108866	0.0650843	0.0349316	0.0180325	0.000956785	0	2.945297	1.829751	0.3223324	0.6776676	67.56962
640	11.0979	-22.9483	34.0462	0.0774896	0.92251	2.077433	0.226841	0.225339	0.106417	0.0676125	0.0351584	0.0177427	0.000950109	0	4.204319	1.811614	0.9225104	0.07748964	64.80579
650	10.8284	-25.1354	35.9638	0.658896	0.341104	1.866014	0.230771	0.221901	0.106742	0.0681873	0.0344125	0.018127	0.000928317	0	2.286723	1.964234	0.3411038	0.6588962	92.09464
660	11.0348	-25.1361	36.171	0.44577	0.55423	5.275782	0.235178	0.229635	0.106029	0.0681634	0.0339515	0.0178212	0.000928969	0	2.079551	1.936504	0.5542303	0.4457697	86.39797
670	9.39213	-22.1622	31.5543	0.371045	0.628955	4.631226	0.235509	0.230406	0.106776	0.067831	0.0344828	0.0175051	0.000929696	0	6.696228	1.896781	0.6289554	0.3710446	78.84619
680	9.38401	-27.1513	36.5353	0.55494	0.44506	2.100428	0.233625	0.223269	0.109769	0.0680866	0.0355933	0.0174716	0.00095112	0	1.715249	1.731365	0.4450596	0.5549404	53.87224
690	11.2682	-24.1496	35.4178	0.092619	0.907381	5.952638	0.23478	0.223432	0.108587	0.0661256	0.0354776	0.0176551	0.000958876	0	2.832722	1.906442	0.907381	0.09261895	80.61992
700	10.503	-24.0711	34.574	0.0862943	0.913706	2.966678	0.236503	0.225336	0.110014	0.0663984	0.0344408	0.0174452	0.000959053	0	3.676496	1.643339	0.9137057	0.0862943	43.98852
710	7.5296	-20.9291	28.4587	0.037887	0.962113	2.931775	0.230283	0.230479	0.107278	0.0672489	0.0341778	0.0176355	0.000946988	0	9.791828	1.870704	0.962113	0.03788696	74.25133
720	9.48118	-25.4372	34.9184	0.870761	0.129239	0.8091084	0.230086	0.227884	0.106918	0.067467	0.0340362	0.0174521	0.000946559	0	3.332131	1.789589	0.1292393	0.8707607	61.60114
730	11.1952	-23.9991	35.1943	0.711216	0.288784	1.959742	0.228469	0.228554	0.106016	0.0657661	0.0351494	0.0172755	0.000921694	0	3.056232	1.988858	0.2887842	0.7112158	97.46708
740	9.08308	-24.3362	33.4193	0.00068189	0.999318	6.190529	0.237448	0.228411	0.105464	0.067072	0.0356471	0.0173315	0.000929084	0	4.831263	1.716675	0.9993181	0.0006818897	52.08046
750	10.5484	-22.0664	32.6148	0.798866	0.201134	3.734489	0.235194	0.230774	0.105414	0.0667913	0.0344462	0.0177788	0.000919388	0	5.635715	1.991086	0.2011342	0.7988658	97.96835
760	10.6994	-23.9064	34.6058	0.103863	0.896137	2.882378	0.237407	0.22694	0.105276	0.065667	0.0341603	0.0179422	0.000934257	0	3.644718	1.687906	0.8961369	0.1038631	48.74226
770	8.78821	-23.9174	32.7056	0.591468	0.408532	2.905317	0.233553	0.23191	0.109396	0.0655558	0.0343082	0.0176884	0.000925613	0	5.544967	1.629235	0.4085321	0.5914679	42.58291
780	7.32404	-24.0113	31.3354	0.109913	0.890087	6.071128	0.231598	0.226668	0.107486	0.0668973	0.0350889	0.0174129	0.00094201	0	6.915143	1.680182	0.8900875	0.1099125	47.88303
790	3.61407	-30.1384	33.7525	0.364663	0.635337	12.06908	0.236313	0.232629	0.105538	0.0657346	0.0353476	0.017328	0.000962449	0	4.498015	1.769317	0.6353369	0.3646631	58.79189
800	10.8937	-23.7645	34.6582	0.740583	0.259417	4.132872	0.23462	0.231128	0.106415	0.0655005	0.0346392	0.017663	0.000962326	0	3.592282	1.895743	0.2594169	0.7405831	78.65803
810	9.76662	-27.086	36.8526	0.435931	0.564069	5.605838	0.234054	0.22759	0.105088	0.0668995	0.0354357	0.0172701	0.000941476	0	1.397891	1.871182	0.5640686	0.4359314	74.33305
820	10.8136	-22.0084	32.822	0.591733	0.408267	2.854653	0.22727	0.229331	0.109011	0.0661201	0.0355145	0.017727	0.000949698	0	5.428513	1.977077	0.408267	0.591733	94.8587
830	9.34574	-23.5483	32.894	0.413296	0.586704	2.488003	0.226477	0.22876	0.106973	0.0649767	0.0340848	0.0174932	0.000942182	0	5.356519	1.650294	0.586704	0.413296	44.6986
840	10.3456	-22.7934	33.139	0.43013	0.56987	4.842873	0.229601	0.230662	0.107921	0.0655125	0.0341684	0.0178387	0.000927517	0	5.111494	1.904247	0.5698704	0.4301296	80.21342
850	10.9897	-23.1771	34.1668	0.874621	0.125379	3.551627	0.228319	0.223595	0.1076	0.0658186	0.0350231	0.0181541	0.000943414	0	4.083756	1.944904	0.1253795	0.8746205	88.08536
860	9.86492	-24.7023	34.5672	0.543643	0.456357	7.1004	0.226286	0.223422	0.109323	0.0667403	0.033902	0.0172789	0.000966011	0	3.683342	1.925073	0.4563575	0.5436425	84.15366
870	11.3732	-22.0825	33.4557	0.0925819	0.907418	3.184901	0.227574	0.224011	0.108533	0.0667563	0.0340708	0.017482	0.000966041	0	4.794818	1.91819	0.9074181	0.09258186	82.8305
880	11.6476	-24.2305	35.8782	0.342653	0.657347	4.933264	0.227839	0.230209	0.109607	0.0678939	0.0346867	0.0173902	0.000946334	0	2.372375	1.96904	0.657347	0.342653	93.11946
890	10.3669	-24.4644	34.8313	0.340781	0.659219	7.004996	0.226384	0.230701	0.10751	0.0654344	0.0349434	0.0178765	0.000960115	0	3.419203	1.937782	0.6592188	0.3407812	86.65278
900	11.0204	-23.0758	34.0962	0.661287	0.338713	2.302823	0.233057	0.229107	0.108096	0.0650938	0.035323	0.0180069	0.000956221	0	4.154311	1.929791	0.3387129	0.6612871	85.0729
910	10.0041	-21.9751	31.9792	0.818292	0.181708	3.481409	0.235609	0.22983	0.105512	0.0648554	0.034347	0.0175923	0.000929997	0	6.271332	1.954391	0.181708	0.818292	90.03068
920	11.9659	-23.0074	34.9733	0.2106	0.7894	3.858067	0.232988	0.228436	0.109815	0.065738	0.0355089	0.0178148	0.000938025	0	3.277224	1.962055	0.7894003	0.2105997	91.63372
930	8.9008	-22.3351	31.2359	0.236714	0.763286	5.968685	0.227465	0.226401	0.109471	0.0660604	0.0355035	0.0178526	0.000921412	0	7.014594	1.94719	0.7632857	0.2367143	88.55039
940	10.1267	-22.2821	32.4088	0.795401	0.204599	4.924023	0.237058	0.226243	0.109209	0.0663434	0.0350739	0.0180197	0.000927395	0	5.841755	1.990486	0.2045994	0.7954006	97.83304
950	11.5899	-23.3086	34.8985	0.317888	0.682112	3.235595	0.229477	0.225744	0.108028	0.065036	0.0342888	0.0181078	0.000953249	0	3.351981	1.903883	0.6821123	0.3178877	80.14626
960	8.80341	-27.7372	36.5406	0.929213	0.070787	5.393754	0.22997	0.225031	0.10893	0.0649154	0.0343788	0.0177227	0.00095197	0	1.709898	1.823714	0.07078698	0.929213	66.63672
970	10.6738	-23.9999	34.6737	0.697383	0.302617	5.374237	0.226583	0.224293	0.107853	0.0653709	0.0342459	0.0175697	0.000958248	0	3.576832	1.919584	0.3026166	0.6973834	83.09667
980	9.6983	-22.3223	32.0206	0.807712	0.192288	0.9938635	0.229111	0.225228	0.104802	0.0657196	0.0346998	0.017826	0.000946988	0	6.229924	1.964766	0.1922879	0.8077121	92.20751
990	7.41535	-24.2777	31.6931	0.298439	0.701561	7.210214	0.229415	0.228747	0.10621	0.0655192	0.0352189	0.0176242	0.000946308	0	6.557437	1.803225	0.7015614	0.2984386	63.56596
1000	8.21177	-28.2796	36.4914	0.291258	0.708742	0.443925	0.23723	0.230657	0.106306	0.0672194	0.035637	0.0176289	0.000960815	0	1.759177	1.58648	0.7087419	0.2912581	38.59046
1010	7.67946	-23.4988	31.1783	0.678751	0.321249	0.987607	0.234458	0.232858	0.109772	0.0664242	0.0354426	0.0177303	0.000966479	0	7.072276	1.611809	0.3212492	0.6787508	40.90808
1020	8.63047	-22.8065	31.437	0.822467	0.177533	0.2890771	0.236698	0.228668	0.106715	0.0651019	0.0353306	0.0173091	0.000953285	0	6.813538	1.881691	0.177533	0.822467	76.15363
1030	11.6431	-23.0931	34.7362	0.272182	0.727818	4.859771	0.226437	0.231855	0.10535	0.0653979	0.0344179	0.0173024	0.000945411	0	3.514323	1.966204	0.727818	0.272182	92.51333
1040	10.5978	-23.0923	33.69	0.296753	0.703247	5.093719	0.226066	0.230575	0.10687	0.0663642	0.0343651	0.0176606	0.000951994	0	4.560495	1.880886	0.703247	0.296753	76.0126
1050	10.1016	-25.2311	35.3328	0.0430016	0.956998	4.25176	0.22993	0.232252	0.107145	0.0675057	0.0354163	0.0178998	0.000928129	0	2.91777	1.616084	0.9569984	0.04300158	41.31276
1060	7.69785	-28.5725	36.2704	0.865985	0.134015	9.739664	0.226115	0.225908	0.106302	0.0656401	0.0346844	0.0178791	0.000930214	0	1.980175	1.98306	0.1340149	0.8659851	96.17459
1070	11.4411	-24.0875	35.5286	0.0287828	0.971217	2.59593	0.231758	0.229736	0.109063	0.0661601	0.035318	0.0175945	0.00094183	0	2.721898	1.793145	0.9712172	0.0287828	62.10769
1080	12.0981	-23.1022	35.2003	0.197702	0.802298	2.784239	0.235193	0.223817	0.109759	0.0662205	0.0352771	0.0173119	0.000949836	0	3.050258	1.990438	0.8022976	0.1977024	97.82225
1090	11.5749	-22.7775	34.3524	0.304912	0.695088	4.04058	0.237318	0.225278	0.108352	0.0653676	0.0342579	0.0179664	0.000946129	0	3.898132	1.946339	0.6950877	0.3049123	88.37705
1100	9.08932	-26.2703	35.3596	0.70733	0.29267	8.636197	0.233844	0.231074	0.109689	0.0672102	0.0351487	0.0174866	0.000940579	0	2.890934	1.981058	0.2926699	0.7073301	95.73219
1110	10.1853	-24.6286	34.8139	0.396064	0.603936	4.529806	0.232957	0.230677	0.109774	0.0674242	0.0355803	0.017324	0.000962927	0	3.436652	1.728233	0.6039359	0.3960641	53.48518
1120	9.9534	-23.1537	33.1071	0.010299	0.989701	6.44527	0.237336	0.23193	0.109685	0.0674415	0.0355406	0.0179092	0.000935523	0	5.143422	1.901768	0.989701	0.01029897	79.75676
1130	10.3868	-25.6044	35.9912	0.287624	0.712376	5.610759	0.234447	0.231836	0.109935	0.0660303	0.0355322	0.018034	0.000961314	0	2.259289	1.803906	0.7123761	0.2876239	63.66582
1140	11.6703	-24.9326	36.6029	0.141166	0.858834	3.32743	0.228566	0.2297	0.10917	0.0662057	0.0344803	0.0174264	0.000958628	0	1.647625	1.976895	0.858834	0.141166	94.81898
1150	10.4456	-25.763	36.2086	0.407308	0.592692	1.45844	0.234138	0.22818	0.104855	0.0652711	0.0343727	0.0177754	0.000924767	0	2.041886	1.890926	0.5926922	0.4073078	77.79046
1160	9.90414	-22.5348	32.439	0.201548	0.798452	4.579491	0.234787	0.223	0.108758	0.0654829	0.0347385	0.0174623	0.000956979	0	5.811576	1.836122	0.798452	0.201548	68.56816
1170	11.3803	-23.258	34.6383	0.0110156	0.988984	3.40015	0.235674	0.222447	0.106895	0.0655851	0.0345367	0.017625	0.000960159	0	3.612217	1.786012	0.9889844	0.01101564	61.09594
1180	9.80089	-25.8358	35.6366	0.375676	0.624324	5.934515	0.236446	0.227866	0.107741	0.0659927	0.0342701	0.0179727	0.000948502	0	2.613881	1.766189	0.6243237	0.3756763	58.36987
1190	10.7354	-25.0466	35.782	0.273429	0.726571	3.221549	0.236306	0.227228	0.104711	0.0667769	0.0346386	0.018012	0.000949824	0	2.468494	1.739384	0.7265706	0.2734294	54.87621
1200	10.2285	-22.5474	32.7759	0.917062	0.0829382	2.053648	0.227932	0.232309	0.104818	0.065598	0.0351477	0.0179714	0.000948151	0	5.474645	1.92885	0.0829382	0.9170618	84.88868
1210	10.7598	-24.9117	35.6715	0.11939	0.88061	4.583729	0.230098	0.226259	0.104767	0.0664149	0.0354945	0.017769	0.000966132	0	2.579058	1.73943	0.8806103	0.1193897	54.88207
1220	10.5292	-24.0906	34.6197	0.685144	0.314856	4.910375	0.230585	0.232676	0.106887	0.0667539	0.0345472	0.0181317	0.000925764	0	3.630799	1.877684	0.3148557	0.6851443	75.45432
1230	11.986	-23.4255	35.4114	0.0776088	0.922391	3.80437	0.226221	0.226574	0.106995	0.0676572	0.0345437	0.0180448	0.000935111	0	2.839097	1.915888	0.9223912	0.07760885	82.39249
1240	11.0258	-24.3302	35.356	0.999173	0.000827342	2.267947	0.231784	0.227587	0.106785	0.0667622	0.0340158	0.0178111	0.000919654	0	2.894499	1.999191	0.0008273418	0.9991727	99.8139
1250	10.8275	-21.336	32.1635	0.00421709	0.995783	3.228556	0.233307	0.22216	0.105196	0.0664509	0.0347757	0.0177289	0.000946154	0	6.087	1.968671	0.9957829	0.004217093	93.04029
1260	11.4363	-22.1665	33.6028	0.264054	0.735946	2.56867	0.237071	0.223429	0.108012	0.0674585	0.035248	0.0179403	0.000965813	0	4.647694	1.969368	0.7359463	0.2640537	93.1898
1270	10.99	-24.6263	35.6163	0.116642	0.883358	3.626187	0.233999	0.22753	0.109628	0.0665984	0.0348907	0.0178966	0.000927163	0	2.634249	1.745453	0.8833583	0.1166417	55.64848
1280	9.43332	-27.5394	36.9728	0.478019	0.521981	7.176207	0.236073	0.226948	0.108295	0.0654448	0.0346333	0.0179284	0.000940667	0	1.277773	1.968608	0.5219812	0.4780188	93.02682
1290	7.14496	-21.9644	29.1093	0.426198	0.573802	4.436832	0.230161	0.2237	0.108277	0.0678614	0.0342789	0.017552	0.000956998	0	9.141209	1.819668	0.573802	0.426198	66.0188
1300	10.3447	-23.1091	33.4538	0.331467	0.668533	1.746054	0.230863	0.230305	0.109094	0.0668783	0.0349734	0.0172697	0.000961427	0	4.796687	1.784863	0.668533	0.331467	60.9345
1310	11.6443	-23.7391	35.3834	0.352211	0.647789	2.525323	0.229052	0.22215	0.108712	0.066549	0.0345041	0.0179832	0.000944137	0	2.867133	1.944463	0.6477886	0.3522114	87.99596
1320	9.17065	-26.961	36.1317	0.028544	0.971456	0.3239419	0.229524	0.229848	0.10555	0.0662646	0.0346643	0.0175722	0.000937469	0	2.118852	1.617535	0.971456	0.02854404	41.45099
1330	10.2139	-21.8645	32.0784	0.670517	0.329483	3.28324	0.227626	0.225146	0.10688	0.0666159	0.0351325	0.0176756	0.000956929	0	6.172139	1.953579	0.3294831	0.6705169	89.86255
1340	11.1195	-24.7443	35.8639	0.950089	0.0499112	3.357313	0.231731	0.223458	0.105118	0.0653083	0.0348431	0.0180662	0.000950431	0	2.386675	1.992121	0.04991121	0.9500888	98.20221
1350	11.3467	-23.6059	34.9526	0.756454	0.243546	2.216296	0.228535	0.224288	0.107595	0.0650437	0.0350312	0.0175319	0.000947882	0	3.297942	1.996542	0.2435456	0.7564544	99.20696
1360	10.331	-23.9849	34.3159	0.363818	0.636182	3.30957	0.23487	0.224441	0.106853	0.0667214	0.0356464	0.0175225	0.00093913	0	3.934593	1.715196	0.6361818	0.3638182	51.90339
1370	9.06928	-22.5434	31.6126	0.975155	0.0248447	0.3251076	0.235084	0.228438	0.104598	0.0677745	0.0339521	0.0174936	0.00093971	0	6.637892	1.978601	0.02484465	0.9751553	95.1922
1380	10.3549	-22.9993	33.3542	0.491165	0.508835	4.846767	0.236347	0.2215	0.105832	0.0677824	0.0345797	0.0174921	0.000928275	0	4.896346	1.895897	0.5088352	0.4911648	78.68591
1390	10.9402	-24.1028	35.043	0.240111	0.759889	1.388753	0.23256	0.228915	0.110003	0.0656746	0.0338819	0.0178724	0.000952332	0	3.207553	1.839418	0.759889	0.240111	69.09037
1400	11.4689	-22.3108	33.7797	0.441376	0.558624	2.759772	0.227981	0.227999	0.110051	0.0680911	0.0350227	0.0177993	0.000948151	0	4.470864	1.995416	0.5586243	0.4413757	98.94999
1410	11.6274	-24.3686	35.996	0.356592	0.643408	3.429641	0.226151	0.227984	0.109309	0.0672014	0.0351303	0.0174542	0.000959045	0	2.25451	1.936827	0.6434076	0.3565924	86.46231
1420	11.5621	-24.1917	35.7538	0.592185	0.407815	3.774742	0.23499	0.231784	0.10512	0.0655049	0.0351656	0.0177517	0.0009665	0	2.496724	1.967726	0.407815	0.592185	92.83813
1430	10.3213	-23.3364	33.6576	0.486256	0.513744	3.561084	0.231135	0.228245	0.104967	0.0649511	0.0343366	0.0176653	0.000963671	0	4.592882	1.787165	0.5137436	0.4862564	61.25832
1440	11.2504	-23.2906	34.541	0.0685027	0.931497	4.886761	0.228261	0.227287	0.105536	0.0654241	0.0343214	0.0177833	0.000957637	0	3.709552	1.856619	0.9314973	0.06850266	71.88185
1450	8.39906	-21.5415	29.9406	0.758103	0.241897	3.737778	0.225664	0.229219	0.105018	0.0653509	0.0343076	0.0180438	0.000949708	0	8.309969	1.918183	0.2418974	0.7581026	82.82907
1460	9.98433	-24.0572	34.0415	0.735967	0.264033	0.6452476	0.227198	0.232537	0.105339	0.0650688	0.0338847	0.0172887	0.000960386	0	4.209029	1.888275	0.2640326	0.7359674	77.31696
1470	11.639	-22.8515	34.4906	0.258161	0.741839	2.602795	0.233675	0.230924	0.106433	0.0664949	0.0340582	0.0173153	0.00094865	0	3.759979	1.937683	0.7418394	0.2581606	86.63296
1480	7.38604	-21.6618	29.0479	0.686231	0.313769	1.689814	0.227397	0.231157	0.108473	0.0657692	0.0345968	0.0174814	0.000928071	0	9.20268	1.834937	0.313769	0.686231	68.38117
1490	6.98058	-27.7865	34.7671	0.705352	0.294648	3.768377	0.22739	0.231667	0.109193	0.0659695	0.0346316	0.0179873	0.000930773	0	3.483457	1.387536	0.294648	0.705352	24.40822
1500	9.7086	-21.6	31.3086	0.559835	0.440165	1.751564	0.229256	0.22893	0.109869	0.0649717	0.0343736	0.0180209	0.000946231	0	6.941958	1.970208	0.4401648	0.5598352	93.37007
1510	10.8894	-21.6498	32.5392	0.0331296	0.96687	2.3383	0.231008	0.223476	0.107174	0.0666963	0.0341758	0.0181159	0.00092025	0	5.711295	1.952581	0.9668704	0.03312959	89.65628
1520	11.6017	-24.5398	36.1415	0.425395	0.574605	4.239167	0.227312	0.22161	0.107046	0.0663078	0.0340482	0.0179646	0.0009282	0	2.108998	1.980007	0.5746046	0.4253954	95.50088
1530	10.2362	-23.7158	33.952	0.807867	0.192133	4.207679	0.230135	0.227384	0.104706	0.0667355	0.0343342	0.0181413	0.000927061	0	4.298538	1.850953	0.1921327	0.8078673	70.95014
1540	10.1282	-25.9596	36.0878	0.350522	0.649478	6.952695	0.234775	0.232794	0.105607	0.06512	0.034341	0.0177835	0.000952494	0	2.162746	1.89733	0.6494782	0.3505218	78.94595
1550	11.1135	-22.6558	33.7693	0.658409	0.341591	3.433252	0.233038	0.232016	0.105326	0.0650954	0.0356478	0.0179198	0.000954555	0	4.481225	1.953434	0.3415909	0.6584091	89.83268
1560	11.3604	-25.2503	36.6108	0.155095	0.844905	3.255964	0.231324	0.232084	0.107487	0.0654714	0.0356382	0.0178411	0.000922406	0	1.639766	1.935082	0.8449053	0.1550947	86.1157
1570	7.45042	-27.5489	34.9993	0.328042	0.671958	10.18053	0.233192	0.229386	0.107908	0.0659323	0.0348178	0.0179547	0.000946421	0	3.25122	1.898304	0.6719579	0.3280421	79.12321
1580	10.2047	-23.0154	33.2201	0.329066	0.670934	6.503322	0.231358	0.22719	0.109457	0.0681112	0.0340879	0.0180417	0.000936085	0	5.030405	1.992047	0.6709344	0.3290656	98.18552
1590	10.2419	-24.4214	34.6633	0.767103	0.232897	5.049966	0.232848	0.226162	0.108288	0.066891	0.0344234	0.0180603	0.000965756	0	3.587217	1.848138	0.2328971	0.7671029	70.49165
1600	10.6257	-21.9471	32.5727	0.503921	0.496079	1.873905	0.231756	0.22473	0.105552	0.0682131	0.0350481	0.0179819	0.000959053	0	5.677784	1.988233	0.4960789	0.5039211	97.32684
1610	10.5469	-22.0127	32.5596	0.0992505	0.900749	4.173907	0.228156	0.222668	0.105891	0.0670826	0.035622	0.0178059	0.000962726	0	5.690912	1.893187	0.9007495	0.0992505	78.1965
1620	9.23869	-25.3716	34.6103	0.584666	0.415334	3.715585	0.228532	0.2249	0.104957	0.0654906	0.0344329	0.0174545	0.000940547	0	3.640237	1.612598	0.4153341	0.5846659	40.98249
1630	11.1133	-24.6744	35.7876	0.115442	0.884558	4.207691	0.228048	0.221759	0.105741	0.0657384	0.0342757	0.0175289	0.000919481	0	2.462891	1.794726	0.8845576	0.1154424	62.3342
1640	12.0456	-23.6323	35.678	0.106517	0.893483	4.613119	0.227064	0.225761	0.10479	0.0652168	0.034259	0.0175398	0.000934943	0	2.572564	1.963465	0.8934829	0.1065171	91.93163
1650	9.00956	-23.2586	32.2681	0.617817	0.382183	3.523702	0.232471	0.231963	0.107431	0.0661775	0.0339291	0.0173848	0.000936242	0	5.98241	1.728843	0.3821825	0.6178175	53.56032
1660	11.6618	-24.3035	35.9653	0.0834639	0.916536	6.059298	0.232128	0.228645	0.10841	0.0663804	0.0353549	0.0177207	0.000927193	0	2.285244	1.988271	0.9165361	0.08346385	97.33546
1670	11.0045	-22.6424	33.6469	0.62036	0.37964	2.621953	0.225857	0.232208	0.106118	0.0663663	0.0353956	0.0181453	0.000942528	0	4.603617	1.945137	0.3796403	0.6203597	88.1326
1680	10.1744	-25.5413	35.7157	0.976877	0.0231234	5.171714	0.229087	0.23304	0.106836	0.0652834	0.0347515	0.0174934	0.000953472	0	2.534838	1.900759	0.02312341	0.9768766	79.5718
1690	11.0041	-23.6019	34.606	0.433518	0.566482	1.551558	0.234217	0.224318	0.10848	0.0651448	0.0351864	0.0175552	0.000922981	0	3.644533	1.920466	0.5664818	0.4335182	83.2657
1700	9.9571	-22.6434	32.6005	0.417858	0.582142	2.805691	0.235544	0.222697	0.105691	0.0650299	0.0355608	0.0175317	0.00093694	0	5.649997	1.802911	0.5821421	0.4178579	63.52009
1710	9.94178	-22.0259	31.9677	0.195661	0.804339	0.7786828	0.232062	0.223203	0.10525	0.0658425	0.035139	0.0173355	0.000935367	0	6.282844	1.982926	0.8043387	0.1956613	96.1448
1720	11.3195	-22.6997	34.0192	0.612821	0.387179	3.421797	0.22987	0.231877	0.109765	0.0668864	0.0356043	0.0178242	0.000929877	0	4.23131	1.97443	0.3871785	0.6128215	94.28236
1730	10.9399	-21.4458	32.3857	0.0167976	0.983202	3.164643	0.228389	0.22523	0.108756	0.0675768	0.0353755	0.0179007	0.000927574	0	5.864842	1.969211	0.9832024	0.01679757	93.15607
1740	10.8431	-23.848	34.6911	0.117779	0.882221	3.894548	0.226791	0.226989	0.1051	0.0662488	0.0356531	0.0179616	0.000946894	0	3.559461	1.736593	0.8822212	0.1177788	54.52463
1750	10.4445	-22.3457	32.7902	0.857012	0.142988	2.855893	0.231144	0.223268	0.106405	0.0653952	0.0349996	0.018158	0.000949931	0	5.460299	1.941998	0.1429879	0.8570121	87.49791
1760	10.9303	-24.9041	35.8344	0.165325	0.834675	4.989314	0.225633	0.222147	0.10791	0.0664079	0.0342728	0.017985	0.000925615	0	2.416116	1.817473	0.8346747	0.1653253	65.6861
1770	9.69822	-25.6527	35.3509	0.935653	0.064347	6.443196	0.233142	0.221879	0.108831	0.0680065	0.0343841	0.0181175	0.000946783	0	2.899633	1.902272	0.06434703	0.935653	79.84947
1780	5.74882	-24.2745	30.0233	0.33919	0.66081	1.618288	0.234323	0.224123	0.108032	0.0675235	0.0349582	0.0180511	0.000957565	0	8.227208	1.323322	0.6608096	0.3391904	21.05339
1790	9.3924	-23.955	33.3474	0.143524	0.856476	5.829408	0.233567	0.224381	0.106232	0.0660649	0.0349383	0.017856	0.000953441	0	4.903174	1.75371	0.8564764	0.1435236	56.71663
1800	10.3962	-22.5425	32.9387	0.0817244	0.918276	1.504942	0.232746	0.229886	0.105608	0.066878	0.035205	0.0177242	0.000958022	0	5.311815	1.806906	0.9182756	0.08172436	64.10712
1810	8.79352	-25.1717	33.9652	0.0552675	0.944732	2.166717	0.234292	0.228988	0.105005	0.0655432	0.0350512	0.0173954	0.000962555	0	4.285301	1.378997	0.9447325	0.05526753	23.93301
1820	10.5998	-25.3044	35.9042	0.417308	0.582692	1.535576	0.227621	0.228353	0.106828	0.0656861	0.0351496	0.0174976	0.000961838	0	2.346351	1.848927	0.5826922	0.4173078	70.61988
1830	10.9698	-24.885	35.8548	0.350148	0.649852	5.413196	0.233857	0.222715	0.106589	0.0676064	0.0356035	0.0174584	0.000948473	0	2.395731	1.887842	0.6498517	0.3501483	77.23996
1840	9.92358	-24.8857	34.8093	0.987312	0.0126877	0.8504785	0.22806	0.226566	0.104977	0.0680274	0.0353546	0.0172743	0.000923748	0	3.44122	1.906244	0.01268767	0.9873123	80.58313
1850	10.8835	-23.6604	34.5439	0.023662	0.976338	0.9722201	0.230467	0.229473	0.105394	0.0675668	0.0355167	0.0175339	0.000919842	0	3.706646	1.837779	0.976338	0.02366201	68.83019
1860	10.2467	-24.0394	34.2862	0.0842252	0.915775	4.461744	0.237035	0.229492	0.107365	0.0664713	0.0347838	0.0178866	0.000946913	0	3.96437	1.688342	0.9157748	0.08422523	48.79127
1870	10.0637	-25.5178	35.5815	0.88625	0.11375	2.011255	0.233815	0.227004	0.107806	0.0663136	0.0347812	0.0179096	0.000960011	0	2.669043	1.822202	0.1137504	0.8862496	66.40526
1880	5.0427	-23.9817	29.0244	0.437806	0.562194	7.73042	0.229271	0.232053	0.106574	0.0652329	0.0339661	0.0181351	0.000957141	0	9.226092	1.837267	0.5621939	0.4378061	68.74911
1890	9.57017	-26.1514	35.7216	0.63083	0.36917	1.798284	0.230476	0.229239	0.109574	0.065749	0.0347201	0.0180235	0.000935417	0	2.528937	1.682886	0.3691698	0.6308302	48.18214
1900	11.575	-23.5418	35.1167	0.324051	0.675949	2.611051	0.2292	0.224846	0.106083	0.0650234	0.0342169	0.0179467	0.000963984	0	3.133794	1.90707	0.6759488	0.3240512	80.73649
1910	8.5701	-21.2402	29.8103	0.347301	0.652699	2.490209	0.226747	0.225027	0.106549	0.0677058	0.0347727	0.0177157	0.000966175	0	8.440185	1.896837	0.6526991	0.3473009	78.85633
1920	10.4075	-26.1552	36.5627	0.45163	0.54837	5.287304	0.226101	0.22365	0.107266	0.0655402	0.034105	0.0176022	0.0009649	0	1.687876	1.883574	0.54837	0.45163	76.48458
1930	7.74676	-23.3866	31.1334	0.233797	0.766203	3.845922	0.233745	0.226207	0.105819	0.0662602	0.0341193	0.0178034	0.000937879	0	7.11716	1.593641	0.7662035	0.2337965	39.23206
1940	10.474	-24.0597	34.5337	0.0488817	0.951118	1.603547	0.236284	0.226754	0.108582	0.066831	0.0338924	0.0174241	0.000923932	0	3.716831	1.66113	0.9511183	0.04888167	45.82792
1950	10.7904	-23.371	34.1614	0.76565	0.23435	1.666875	0.231484	0.22363	0.108191	0.0675132	0.0344088	0.0172967	0.000934003	0	4.08909	1.948799	0.23435	0.76565	88.87888
1960	11.3551	-23.085	34.4401	0.045722	0.954278	3.378991	0.227131	0.227889	0.108445	0.0672311	0.0345516	0.0175289	0.000952795	0	3.810479	1.807154	0.954278	0.04572203	64.14369
1970	10.0204	-24.0825	34.1029	0.102422	0.897578	7.828085	0.229308	0.23215	0.107876	0.0653313	0.0355547	0.0178434	0.000940945	0	4.147612	1.984029	0.8975782	0.1024218	96.38945
1980	10.164	-24.0968	34.2608	0.34555	0.65445	1.036921	0.233295	0.230546	0.108423	0.0658152	0.035283	0.0176007	0.000940271	0	3.989681	1.75481	0.6544496	0.3455504	56.86045
1990	10.6475	-21.785	32.4325	0.126666	0.873334	1.764313	0.234421	0.223945	0.106875	0.0649776	0.03472	0.0178911	0.000947352	0	5.818064	1.955318	0.8733341	0.1266659	90.22318
2000	9.7077	-26.9532	36.6609	0.0127738	0.987226	3.745187	0.230674	0.231008	0.107119	0.0662573	0.0352334	0.0181498	0.00093522	0	1.589641	1.633736	0.9872262	0.01277377	43.02646
2010	10.8434	-24.1585	35.002	0.691565	0.308435	4.204187	0.225936	0.231202	0.105131	0.0656902	0.0344417	0.0174524	0.000941466	0	3.24857	1.87933	0.308435	0.691565	75.74076
2020	10.688	-24.5753	35.2632	0.370055	0.629945	6.958618	0.228909	0.226177	0.106962	0.0670071	0.0347177	0.0173345	0.00093652	0	2.987292	1.978078	0.6299445	0.3700555	95.07746
2030	8.41304	-26.2981	34.7111	0.918187	0.0818135	1.375409	0.233991	0.227919	0.104998	0.0665768	0.0354909	0.0176041	0.000928195	0	3.539417	1.580827	0.08181349	0.9181865	38.09137
2040	8.70696	-24.7301	33.437	0.583229	0.416771	0.5510503	0.230921	0.232436	0.107343	0.0667694	0.0352033	0.017947	0.000924335	0	4.813495	1.615676	0.4167709	0.5832291	41.27392
2050	11.0216	-23.2328	34.2544	0.166516	0.833484	1.861333	0.231351	0.228485	0.108923	0.0658229	0.0354818	0.0178478	0.000928881	0	3.996155	1.828504	0.8334842	0.1665158	67.37575
2060	10.6194	-23.7205	34.3399	0.835278	0.164722	5.42503	0.237431	0.227012	0.107847	0.0655616	0.0350681	0.0175768	0.00092736	0	3.910586	1.958037	0.1647224	0.8352776	90.78971
2070	8.31754	-24.3494	32.6669	0.00491776	0.995082	5.198656	0.234874	0.224329	0.106116	0.0655905	0.0354332	0.0174924	0.000924594	0	5.583589	1.586083	0.9950822	0.004917761	38.55524
2080	9.26945	-22.7274	31.9969	0.476617	0.523383	1.519312	0.226965	0.225446	0.106711	0.0655104	0.0353086	0.0172685	0.000935908	0	6.253673	1.776276	0.5233831	0.4766169	59.7415
2090	11.2114	-23.1475	34.3589	0.577366	0.422634	3.307889	0.233481	0.233035	0.10491	0.0652316	0.0345876	0.0177301	0.000939022	0	3.891617	1.921428	0.4226344	0.5773656	83.4504
2100	10.9585	-23.9284	34.8869	0.935394	0.0646063	4.030648	0.231135	0.230731	0.104693	0.0653147	0.0344981	0.0178833	0.000930393	0	3.363629	1.94266	0.06460627	0.9353937	87.63149
2110	11.0517	-22.2301	33.2819	0.197172	0.802828	1.411266	0.23301	0.226259	0.105334	0.0663547	0.0339357	0.0180827	0.000951562	0	4.968662	1.999746	0.8028283	0.1971717	99.94159
2120	11.0886	-22.832	33.9206	0.50323	0.49677	2.292741	0.22581	0.226541	0.106094	0.065571	0.0339142	0.017984	0.000938841	0	4.32994	1.93174	0.4967704	0.5032296	85.45558
2130	9.59434	-24.8928	34.4871	0.839634	0.160366	0.7034795	0.226039	0.224175	0.105591	0.0662379	0.0348663	0.018153	0.000966106	0	3.76342	1.805182	0.1603658	0.8396342	63.85306
2140	11.4795	-23.3828	34.8623	0.185958	0.814042	2.559674	0.22866	0.230911	0.105622	0.0651991	0.0343582	0.0180217	0.000966882	0	3.388232	1.850906	0.8140417	0.1859583	70.94247
2150	11.6532	-22.06	33.7131	0.0147516	0.985248	3.44976	0.228965	0.230551	0.109362	0.0662595	0.0343702	0.017411	0.000935479	0	4.537391	1.94515	0.9852484	0.01475157	88.13542
2160	10.0794	-22.9191	32.9985	0.0124377	0.987562	1.509352	0.234622	0.228141	0.10501	0.0656485	0.034861	0.0178007	0.000966944	0	5.252056	1.685201	0.9875623	0.01243767	48.4397
2170	8.99903	-23.7707	32.7697	0.689262	0.310738	3.122335	0.237426	0.231851	0.104987	0.0674635	0.0342132	0.017781	0.000924374	0	5.480811	1.684084	0.3107381	0.6892619	48.31522
2180	10.516	-22.9993	33.5153	0.599307	0.400693	3.13592	0.233759	0.232585	0.106243	0.0663669	0.0342529	0.0173766	0.00094556	0	4.735232	1.853333	0.4006925	0.5993075	71.33997
2190	10.806	-23.6309	34.4369	0.242946	0.757054	0.680689	0.232826	0.22572	0.104779	0.0677261	0.034286	0.0173067	0.000963352	0	3.813637	1.963289	0.7570542	0.2429458	91.89431
2200	10.0879	-22.3158	32.4038	0.435003	0.564997	2.310415	0.227714	0.232255	0.106958	0.0670918	0.0354046	0.017806	0.000957267	0	5.846769	1.854648	0.5649972	0.4350028	71.55626
2210	7.87935	-28.8594	36.7387	0.472418	0.527582	6.675424	0.227731	0.226625	0.109702	0.0666263	0.0353449	0.0180081	0.000949638	0	1.511794	1.706393	0.527582	0.472418	50.86191
2220	10.5877	-23.1408	33.7285	0.946839	0.0531606	1.738012	0.233914	0.225373	0.109889	0.0666609	0.0351146	0.017876	0.000928946	0	4.522015	1.954445	0.05316055	0.9468394	90.04189
2230	11.9811	-23.3541	35.3352	0.341407	0.658593	3.519932	0.234046	0.225477	0.109648	0.0669696	0.0344169	0.0179233	0.000944149	0	2.915308	1.984745	0.6585933	0.3414067	96.54848
2240	9.74788	-25.3092	35.0571	0.755014	0.244986	4.397888	0.236905	0.22195	0.10966	0.0665342	0.03397	0.0178749	0.000965243	0	3.193432	1.739487	0.2449864	0.7550136	54.88922
2250	12.0575	-24.1083	36.1659	0.123821	0.876179	3.65542	0.232586	0.229893	0.107179	0.0664836	0.0343569	0.0176802	0.000958466	0	2.084665	1.968314	0.8761791	0.1238209	92.96387
2260	10.0834	-26.1805	36.264	0.583997	0.416003	6.591003	0.22662	0.227913	0.104679	0.0663004	0.0341441	0.018155	0.000965035	0	1.986573	1.920028	0.4160032	0.5839968	83.18167
2270	10.5778	-22.7551	33.3329	0.629655	0.370345	2.633066	0.231335	0.225	0.105438	0.0656539	0.0342646	0.0175288	0.000940977	0	4.917661	1.889075	0.3703455	0.6296545	77.45961
2280	9.65363	-24.0341	33.6878	0.770578	0.229422	4.412352	0.231887	0.226646	0.106531	0.0677774	0.0355326	0.0181439	0.000951127	0	4.562765	1.777665	0.2294224	0.7705776	59.93287
2290	9.92265	-26.4389	36.3616	0.403622	0.596378	1.35798	0.236612	0.232093	0.106288	0.0674625	0.0352391	0.0177751	0.000949937	0	1.888932	1.808392	0.5963783	0.4036217	64.32674
2300	11.8101	-23.8296	35.6396	0.275313	0.724687	2.272316	0.231085	0.23254	0.105821	0.0679936	0.0346401	0.0172532	0.000946595	0	2.610888	1.99166	0.724687	0.275313	98.09797
2310	10.3542	-24.5761	34.9303	0.0813377	0.918662	1.002202	0.230788	0.226907	0.105806	0.067202	0.0345865	0.0172847	0.00093207	0	3.320199	1.689758	0.9186623	0.08133767	48.95058
2320	11.0545	-22.8076	33.8621	0.302644	0.697356	3.091116	0.234586	0.228887	0.108131	0.0678096	0.0351533	0.0175849	0.000926878	0	4.38845	1.870417	0.697356	0.302644	74.20228
2330	11.3014	-23.0777	34.3791	0.414313	0.585687	5.189672	0.235302	0.226992	0.106095	0.0666075	0.0345969	0.0178658	0.000941409	0	3.871381	1.977182	0.5856865	0.4143135	94.88171
2340	9.70429	-25.9708	35.6751	0.93923	0.06077	7.33961	0.234747	0.221538	0.104599	0.0672779	0.0345003	0.0173573	0.000920793	0	2.575433	1.984907	0.06076999	0.93923	96.58448
2350	10.7934	-23.2317	34.025	0.27896	0.72104	2.475897	0.233855	0.227947	0.108955	0.0672083	0.0347556	0.0175526	0.000923806	0	4.225515	1.801081	0.7210403	0.2789597	63.25305
2360	10.6401	-24.3523	34.9924	0.0754714	0.924529	5.997055	0.233159	0.226605	0.107284	0.0680748	0.034655	0.0174926	0.000924639	0	3.258135	1.835535	0.9245286	0.07547139	68.47547
2370	10.6101	-22.0594	32.6694	0.0579561	0.942044	2.001235	0.229817	0.224728	0.109422	0.0674517	0.0350718	0.0179749	0.000924184	0	5.581089	1.877666	0.9420439	0.05795611	75.45116
2380	9.75411	-26.174	35.9281	0.0333559	0.966644	1.154518	0.226449	0.221557	0.107818	0.0657259	0.0354118	0.0177834	0.00095206	0	2.322394	1.5762	0.9666441	0.03335591	37.68773
2390	9.30274	-23.0259	32.3286	0.157819	0.842181	0.3059898	0.2368	0.223474	0.105779	0.0679132	0.0351144	0.0178972	0.000943596	0	5.921906	1.792553	0.8421806	0.1578194	62.0231
2400	11.395	-24.043	35.438	0.287405	0.712595	1.683459	0.233987	0.22812	0.105533	0.0677365	0.0342556	0.0176834	0.000953779	0	2.8125	1.945722	0.7125949	0.2874051	88.25145
2410	7.4267	-24.1728	31.5995	0.553795	0.446205	0.5543809	0.233055	0.225688	0.104793	0.0679867	0.0342191	0.0177658	0.000923334	0	6.651032	1.521629	0.4462049	0.5537951	33.23756
2420	8.81213	-25.9093	34.7214	0.218513	0.781487	7.067388	0.229049	0.223362	0.109657	0.0657867	0.0353548	0.0178396	0.000931494	0	3.529123	1.72887	0.7814866	0.2185134	53.56363
2430	10.9548	-24.6848	35.6396	0.110383	0.889617	3.873035	0.231825	0.231064	0.109803	0.0654104	0.0342904	0.0181279	0.000960078	0	2.610912	1.73576	0.8896172	0.1103828	54.42017
2440	9.87066	-25.1215	34.9922	0.0255271	0.974473	2.283205	0.235101	0.227789	0.109265	0.0674888	0.0350986	0.0180075	0.000950024	0	3.258335	1.505268	0.9744729	0.02552708	32.00872
2450	10.6609	-24.4866	35.1476	0.220904	0.779096	2.613771	0.236116	0.232647	0.106667	0.0650588	0.0355515	0.0177975	0.000955206	0	3.102944	1.692638	0.7790961	0.2209039	49.27624
2460	9.88817	-24.1139	34.0021	0.521612	0.478388	4.883801	0.232563	0.232349	0.105195	0.065515	0.0356141	0.017948	0.000923468	0	4.248412	1.782439	0.4783881	0.5216119	60.59532
2470	9.71796	-22.912	32.63	0.431085	0.568915	0.8358913	0.233841	0.230201	0.106335	0.065806	0.0354472	0.0180198	0.000929931	0	5.620565	1.858738	0.5689146	0.4310854	72.23332
2480	11.2596	-24.8047	36.0643	0.113043	0.886957	5.731157	0.228081	0.227097	0.105991	0.065535	0.035161	0.0181426	0.000938843	0	2.186273	1.906116	0.886957	0.113043	80.55941
2490	10.4789	-23.382	33.8608	0.362549	0.637451	5.192255	0.236629	0.224091	0.108819	0.0672375	0.0355958	0.0181261	0.00096762	0	4.389697	1.860004	0.6374506	0.3625494	72.44427
2500	9.22182	-23.2643	32.4862	0.00681251	0.993187	7.281001	0.235506	0.224146	0.107521	0.0670795	0.0355109	0.0180834	0.000967438	0	5.764365	1.935264	0.9931875	0.006812508	86.15179
2510	10.2056	-24.2872	34.4929	0.848146	0.151854	2.342543	0.22727	0.226116	0.104862	0.0678973	0.0355352	0.0180747	0.000954163	0	3.757666	1.800031	0.1518543	0.8481457	63.10027
2520	8.9107	-28.1833	37.094	0.01114	0.98886	7.466884	0.231581	0.225075	0.107038	0.0659799	0.0356419	0.0179311	0.000949805	0	1.156535	1.842555	0.98886	0.01114002	69.59137
2530	11.6867	-23.2624	34.9491	0.00279309	0.997207	1.564609	0.228531	0.222114	0.109405	0.0671921	0.0351549	0.0176024	0.00092772	0	3.301407	1.950999	0.9972069	0.002793093	89.33042
2540	10.3331	-25.0136	35.3467	0.399999	0.600001	7.035457	0.232767	0.223791	0.109303	0.0654724	0.0345002	0.0173917	0.000923815	0	2.903786	1.942226	0.600001	0.399999	87.54393
2550	7.96269	-22.9542	30.9169	0.68668	0.31332	5.102466	0.230217	0.230071	0.108782	0.065571	0.0344246	0.0180062	0.000966019	0	7.333644	1.804264	0.3133204	0.6866796	63.71829
2560	9.71069	-23.0794	32.7901	0.774015	0.225985	4.486593	0.233423	0.229554	0.106339	0.0679959	0.0342768	0.0179569	0.000963536	0	5.460397	1.852639	0.2259853	0.7740147	71.22607
2570	7.67454	-22.3574	30.0319	0.323319	0.676681	3.90006	0.234946	0.228228	0.104785	0.0651042	0.0339072	0.0180065	0.000925275	0	8.218584	1.743508	0.676681	0.323319	55.39979
2580	12.1756	-23.1763	35.3519	0.0669894	0.933011	3.43999	0.234373	0.225133	0.106626	0.0657339	0.0340563	0.0178624	0.000953126	0	2.898642	1.944662	0.9330106	0.06698941	88.03625
2590	11.7977	-24.5161	36.3138	0.0402178	0.959782	4.356182	0.236646	0.225354	0.107659	0.0653563	0.0341979	0.0179138	0.000935369	0	1.936753	1.926065	0.9597822	0.04021784	84.34611
2600	11.5764	-23.3692	34.9456	0.0553409	0.944659	1.436283	0.234891	0.222038	0.108478	0.0676951	0.0344396	0.0177654	0.000924408	0	3.304907	1.964317	0.9446591	0.05534087	92.1122
2610	10.8561	-25.4766	36.3326	0.663337	0.336663	5.258306	0.236571	0.223419	0.10963	0.0658092	0.035092	0.0180608	0.000927069	0	1.917897	1.975936	0.3366627	0.6633373	94.60979
2620	11.1548	-22.007	33.1619	0.110399	0.889601	3.07065	0.234344	0.221821	0.105726	0.0657559	0.0354644	0.0180866	0.000928757	0	5.088673	1.925084	0.8896014	0.1103986	84.15579
2630	10.4727	-26.7512	37.2239	0.0313651	0.968635	3.416615	0.232678	0.224294	0.105941	0.0657893	0.0355509	0.0176218	0.000942598	0	1.02667	1.958825	0.9686349	0.03136514	90.95458
2640	10.6884	-21.7855	32.4739	0.105914	0.894086	2.309545	0.23534	0.231859	0.106077	0.0667154	0.0350374	0.0177311	0.000940266	0	5.776676	1.921354	0.8940857	0.1059143	83.43612
2650	11.0124	-24.304	35.3164	0.17368	0.82632	2.901666	0.232474	0.229941	0.108841	0.0680827	0.0351429	0.0181604	0.000935083	0	2.934177	1.748233	0.8263203	0.1736797	56.00581
2660	11.5363	-23.4802	35.0164	0.621789	0.378211	4.379752	0.232444	0.227987	0.104809	0.0673619	0.0341278	0.0178108	0.00094237	0	3.234091	1.983889	0.3782109	0.6217891	96.35829
2670	9.72651	-24.3214	34.0479	0.908463	0.0915367	2.811524	0.232797	0.223237	0.106876	0.0671652	0.0340055	0.0174451	0.000956573	0	4.202644	1.747725	0.09153672	0.9084633	55.94038
2680	10.8512	-24.804	35.6551	0.127131	0.872869	1.709522	0.233453	0.230562	0.108727	0.0650865	0.0340511	0.0174566	0.000959701	0	2.595382	1.754824	0.8728688	0.1271312	56.86226
2690	9.43704	-27.507	36.944	0.579186	0.420814	6.881057	0.230906	0.231011	0.109158	0.0653685	0.034429	0.0175881	0.000963963	0	1.306528	1.961152	0.4208145	0.5791855	91.44341
2700	10.2998	-25.7951	36.0949	0.225268	0.774732	6.572283	0.231631	0.22833	0.105965	0.0648807	0.0342629	0.0176417	0.000958406	0	2.155649	1.860251	0.7747319	0.2252681	72.48548
2710	11.5258	-23.375	34.9008	0.0750334	0.924967	1.949182	0.229845	0.228415	0.1047	0.065399	0.0339967	0.0181442	0.000956004	0	3.349703	1.867394	0.9249666	0.07503338	73.68761
2720	10.5652	-22.1988	32.764	0.0374534	0.962547	3.86758	0.231361	0.222784	0.106098	0.0650407	0.0345116	0.0176871	0.000965169	0	5.486503	1.837575	0.9625466	0.03745336	68.79794
2730	9.87548	-23.2351	33.1106	0.508929	0.491071	4.575514	0.236136	0.225055	0.105851	0.0649171	0.0350659	0.0180838	0.000956617	0	5.139938	1.815762	0.491071	0.508929	65.42779
2740	11.482	-23.7701	35.2522	0.631999	0.368001	4.615579	0.235874	0.231765	0.106786	0.0652577	0.0339109	0.0180419	0.000933357	0	2.998351	1.984795	0.3680013	0.6319987	96.5596
2750	8.06634	-21.4172	29.4836	0.140894	0.859106	3.085916	0.232481	0.225148	0.108354	0.0658988	0.0341869	0.0178316	0.000922007	0	8.766958	1.834594	0.8591055	0.1408945	68.3272
2760	11.7121	-22.511	34.2231	0.0431579	0.956842	3.571217	0.230137	0.229335	0.107557	0.0674409	0.0344258	0.0177999	0.000934932	0	4.027444	1.911449	0.9568421	0.04315793	81.55471
2770	11.8246	-22.7901	34.6147	0.199704	0.800296	2.824099	0.228698	0.226679	0.105874	0.0677827	0.0344704	0.0179244	0.000939571	0	3.635867	1.952132	0.8002964	0.1997036	89.56365
2780	7.29869	-25.584	32.8827	0.25477	0.74523	7.596391	0.232826	0.226318	0.107851	0.0680186	0.0342618	0.0172689	0.00094212	0	5.367817	1.722129	0.7452296	0.2547704	52.73864
2790	10.3193	-24.5699	34.8891	0.57172	0.42828	2.259247	0.232359	0.230599	0.10459	0.0673814	0.0348576	0.0177865	0.000962236	0	3.361411	1.73965	0.4282799	0.5717201	54.90985
2800	9.54098	-21.8614	31.4024	0.0765799	0.92342	3.281211	0.236419	0.226085	0.106239	0.0676258	0.0344987	0.0178692	0.000957539	0	6.848157	1.810032	0.9234201	0.07657991	64.57014
2810	8.62937	-23.4339	32.0633	0.762392	0.237608	5.135275	0.235706	0.230151	0.104679	0.0667468	0.0351382	0.0181577	0.000943748	0	6.187243	1.804456	0.2376083	0.7623917	63.74649
2820	9.78656	-23.4306	33.2172	0.859754	0.140246	1.584244	0.229189	0.229886	0.10675	0.0676871	0.035131	0.0177135	0.000943408	0	5.033326	1.825013	0.140246	0.859754	66.83647
2830	11.0792	-23.9919	35.0712	0.496677	0.503323	2.14403	0.229991	0.224639	0.106292	0.0679165	0.0344146	0.0177237	0.000926951	0	3.179374	1.888396	0.5033231	0.4966769	77.3385
2840	8.20098	-24.2001	32.4011	0.770817	0.229183	1.686904	0.237227	0.226778	0.106128	0.0652562	0.0344082	0.0178027	0.000920463	0	5.849477	1.593919	0.2291829	0.7708171	39.25713
2850	10.2616	-22.632	32.8937	0.33289	0.66711	1.468749	0.233626	0.224759	0.109504	0.0669823	0.0342669	0.0174777	0.000939537	0	5.356851	1.862741	0.6671098	0.3328902	72.90231
2860	8.39851	-21.8729	30.2714	0.753668	0.246332	3.609335	0.231662	0.223786	0.10955	0.0667886	0.0347799	0.0174441	0.000965943	0	7.97913	1.865272	0.2463322	0.7536678	73.3283
2870	8.98584	-25.2367	34.2225	0.20841	0.79159	4.997564	0.229473	0.222912	0.108631	0.066776	0.0348735	0.017288	0.000953326	0	4.028013	1.587138	0.7915897	0.2084103	38.64895
2880	10.9259	-22.7362	33.6621	0.428135	0.571865	2.923349	0.232335	0.222664	0.108513	0.0669898	0.0341173	0.0176342	0.000960942	0	4.588405	1.878799	0.5718652	0.4281348	75.64831
2890	11.7949	-23.8575	35.6524	0.320235	0.679765	4.357529	0.236215	0.225784	0.107081	0.0676754	0.0339364	0.0179121	0.00096471	0	2.598093	1.951503	0.6797655	0.3202345	89.43417
2900	11.3925	-23.9422	35.3348	0.00873596	0.991264	2.0402	0.236876	0.228762	0.107397	0.0679535	0.0339988	0.0179195	0.000965507	0	2.915772	1.790548	0.991264	0.008735963	61.7374
2910	11.726	-24.1648	35.8908	0.360054	0.639946	4.137148	0.236468	0.226321	0.105879	0.0676072	0.0342735	0.0179041	0.000962675	0	2.359707	1.952179	0.6399459	0.3600541	89.57338
2920	10.8338	-23.9459	34.7797	0.532363	0.467637	5.047606	0.23661	0.228712	0.109103	0.0656963	0.0342605	0.0179913	0.000962357	0	3.470819	1.886236	0.4676372	0.5323628	76.95483
2930	10.5912	-25.42	36.0112	0.482339	0.517661	2.053606	0.233271	0.229034	0.10864	0.0651976	0.0355833	0.017974	0.000929765	0	2.239302	1.840428	0.5176613	0.4823387	69.25123
2940	8.47183	-23.9133	32.3851	0.981527	0.0184735	7.285176	0.230262	0.229067	0.107379	0.0650202	0.0351866	0.0177853	0.000921362	0	5.865446	1.962942	0.01847345	0.9815265	91.82109
2950	10.6663	-24.2056	34.8719	0.451837	0.548163	6.754662	0.227531	0.227387	0.10765	0.0678526	0.0348606	0.0177949	0.000944167	0	3.378616	1.980492	0.5481631	0.4518369	95.60749
2960	10.2329	-23.8563	34.0892	0.565877	0.434123	7.014228	0.225682	0.230524	0.107474	0.0671067	0.0342327	0.0180202	0.000959793	0	4.161284	1.997555	0.4341228	0.5658772	99.43866
2970	10.9267	-24.4938	35.4205	0.617479	0.382521	5.382749	0.228934	0.225446	0.106066	0.0679415	0.0348455	0.01793	0.000932667	0	2.830032	1.934614	0.3825208	0.6174792	86.02285
2980	10.0073	-23.6012	33.6084	0.0341356	0.965864	7.116982	0.22876	0.225147	0.105723	0.0671202	0.0349057	0.0181557	0.000935933	0	4.642124	1.935126	0.9658644	0.0341356	86.12443
2990	10.2639	-26.8422	37.1062	0.073947	0.926053	2.744747	0.234234	0.231574	0.104844	0.066223	0.0352155	0.0179765	0.000962135	0	1.144356	1.894669	0.926053	0.07394703	78.46382
3000	10.1758	-22.2726	32.4484	0.250338	0.749662	0.8523473	0.234874	0.224636	0.106376	0.0669122	0.0339582	0.0173701	0.000946428	0	5.8021	1.966417	0.7496621	0.2503379	92.55872
3010	11.5331	-23.2054	34.7384	0.464484	0.535516	2.642902	0.230799	0.222468	0.106444	0.0656134	0.0341197	0.0175328	0.00095351	0	3.512096	1.949297	0.5355163	0.4644837	88.98099
3020	11.4082	-25.2711	36.6793	0.3158	0.6842	4.327598	0.226093	0.231096	0.105115	0.0668986	0.0339828	0.017906	0.000957542	0	1.5712	1.990946	0.6841997	0.3158003	97.93676
3030	11.5735	-22.2711	33.8446	0.0304582	0.969542	3.149398	0.227224	0.227788	0.106153	0.0672789	0.0339497	0.0178279	0.000936138	0	4.405884	1.911695	0.9695418	0.03045824	81.60099
3040	10.2657	-23.1272	33.3929	0.118902	0.881098	4.313945	0.227587	0.228896	0.104938	0.0670678	0.0347516	0.0173991	0.000943423	0	4.857619	1.763117	0.8810977	0.1189023	57.95851
3050	8.50471	-22.5345	31.0392	0.825281	0.174719	0.5948558	0.229758	0.231826	0.106468	0.0654615	0.0343575	0.0176486	0.000953951	0	7.211303	1.864182	0.1747195	0.8252805	73.14464
3060	11.0489	-25.5718	36.6207	0.0564826	0.943517	2.391599	0.229288	0.232745	0.106347	0.0665643	0.0354091	0.0175729	0.000936984	0	1.629832	1.883256	0.9435174	0.05648256	76.42864
3070	8.28264	-24.0337	32.3164	0.160053	0.839947	2.112387	0.226096	0.226335	0.105914	0.0649613	0.0344386	0.0181542	0.000923015	0	5.934145	1.458051	0.8399472	0.1600528	28.71119
3080	10.0015	-22.6301	32.6316	0.812365	0.187635	4.900713	0.228062	0.225918	0.10772	0.0654272	0.0340389	0.0178171	0.000942984	0	5.618961	1.945615	0.1876346	0.8123654	88.22977
3090	11.3377	-24.5536	35.8913	0.783305	0.216695	3.846136	0.229938	0.229973	0.108362	0.0650746	0.0341555	0.0180487	0.000933492	0	2.359187	1.994515	0.2166948	0.7833052	98.74501
3100	6.43481	-22.5143	28.9491	0.527602	0.472398	5.596623	0.231757	0.231806	0.105262	0.0651758	0.0343076	0.0180179	0.000927038	0	9.301395	1.839952	0.4723984	0.5276016	69.17549
3110	10.2706	-22.9194	33.19	0.300522	0.699478	3.242567	0.228567	0.232145	0.10529	0.065249	0.0346454	0.0177183	0.000920934	0	5.060486	1.785027	0.6994781	0.3005219	60.95745
3120	9.76787	-24.2597	34.0276	0.696436	0.303564	1.499082	0.226447	0.225145	0.106831	0.0653774	0.0341457	0.0176933	0.000946835	0	4.222965	1.738203	0.3035644	0.6964356	54.72715
3130	9.80509	-25.2524	35.0575	0.0558195	0.94418	3.0329	0.22807	0.226335	0.107696	0.0651891	0.0355189	0.0177091	0.000953841	0	3.192995	1.517225	0.9441805	0.05581951	32.90217
3140	4.6779	-31.1959	35.8738	0.909633	0.0903674	11.95585	0.228306	0.223834	0.107543	0.0680636	0.0343229	0.0177881	0.00094899	0	2.376778	1.8897	0.09036743	0.9096326	77.57116
3150	6.44075	-29.9378	36.3786	0.457484	0.542516	11.66213	0.227551	0.224959	0.10751	0.0677243	0.0344042	0.0179279	0.00093768	0	1.871953	1.971873	0.5425155	0.4574845	93.72881
3160	9.33641	-23.3362	32.6726	0.00928071	0.990719	4.737833	0.228723	0.224722	0.105885	0.0680227	0.0355779	0.0179551	0.000924627	0	5.577893	1.692391	0.9907193	0.009280708	49.24828
3170	11.1469	-23.5335	34.6803	0.185665	0.814335	3.090337	0.226464	0.224531	0.106958	0.0677978	0.0349682	0.0178551	0.000927323	0	3.570183	1.79685	0.8143354	0.1856646	62.63972
3180	11.1629	-24.8404	36.0033	0.00652548	0.993475	3.633504	0.236302	0.228359	0.10649	0.066557	0.0346339	0.017593	0.000933201	0	2.24727	1.760357	0.9934745	0.006525475	57.59132
3190	8.0166	-21.8411	29.8577	0.21218	0.78782	1.76019	0.230088	0.223119	0.107862	0.0651902	0.0339067	0.017281	0.000966293	0	8.392831	1.748678	0.7878197	0.2121803	56.06321
3200	9.36821	-23.5422	32.9104	0.421686	0.578314	6.184108	0.226463	0.228449	0.109396	0.0674592	0.0340181	0.0176052	0.000962054	0	5.340091	1.870091	0.5783141	0.4216859	74.14652
3210	9.91539	-21.8911	31.8065	0.827021	0.172979	2.115177	0.229596	0.231243	0.109749	0.0680172	0.0340167	0.0178472	0.000965306	0	6.444023	1.952457	0.1729793	0.8270207	89.63077
3220	9.22826	-22.7532	31.9815	0.492815	0.507185	0.7419785	0.226663	0.227509	0.108563	0.0679155	0.0352263	0.0177751	0.000946818	0	6.269055	1.839874	0.5071845	0.4928155	69.16304
3230	10.8222	-23.405	34.2272	0.17642	0.82358	0.9833435	0.231442	0.225219	0.106967	0.0681794	0.0354044	0.0174737	0.000958785	0	4.02332	1.883199	0.8235797	0.1764203	76.41852
3240	10.3409	-23.2137	33.5546	0.148863	0.851137	5.800741	0.228246	0.223201	0.104874	0.0680841	0.0343642	0.0173517	0.000940579	0	4.695974	1.884887	0.8511367	0.1488633	76.71623
3250	7.14902	-25.3696	32.5186	0.66591	0.33409	2.449004	0.229156	0.225659	0.10797	0.0671712	0.0351021	0.0178936	0.000919709	0	5.731955	1.414552	0.33409	0.66591	25.97476
3260	11.5284	-24.0909	35.6193	0.299085	0.700915	4.705396	0.23481	0.226423	0.105664	0.0654018	0.0351581	0.0177366	0.000930402	0	2.631273	1.924217	0.7009153	0.2990847	83.98795
3270	11.5775	-25.1329	36.7105	0.141977	0.858023	4.021084	0.233887	0.222648	0.105514	0.0658337	0.034811	0.0180819	0.000954758	0	1.540074	1.974635	0.8580229	0.1419771	94.3268
3280	9.7539	-25.2796	35.0335	0.771673	0.228327	2.501086	0.236909	0.225899	0.108053	0.065887	0.0353088	0.0181237	0.000944296	0	3.217046	1.703243	0.2283272	0.7716728	50.49439
3290	9.80477	-21.464	31.2687	0.593111	0.406889	4.15752	0.233665	0.223135	0.107604	0.0657968	0.0348858	0.0177663	0.000965874	0	6.98179	1.994981	0.4068892	0.5931108	98.85095
3300	8.27815	-27.6486	35.9267	0.11074	0.88926	1.978334	0.235726	0.223874	0.109964	0.0654233	0.0351629	0.0179541	0.000959927	0	2.323808	1.340397	0.8892598	0.1107402	21.89763
3310	10.2245	-25.6878	35.9123	0.277451	0.722549	0.8383196	0.229816	0.231378	0.109672	0.0654916	0.0353291	0.018024	0.000954988	0	2.33828	1.829507	0.7225495	0.2774505	67.53158
3320	9.90001	-23.5854	33.4854	0.414364	0.585636	1.591997	0.228658	0.232629	0.105983	0.0648332	0.0351384	0.0179141	0.000953269	0	4.765123	1.717407	0.5856361	0.4143639	52.16833
3330	8.35744	-20.9977	29.3551	0.100203	0.899797	1.357072	0.226231	0.231486	0.107733	0.0649773	0.035234	0.0180506	0.000924774	0	8.895403	1.953453	0.8997971	0.1002029	89.83654
3340	10.8691	-22.4669	33.336	0.293406	0.706594	1.274459	0.230906	0.229877	0.106949	0.0663585	0.0354908	0.017354	0.000942618	0	4.914499	1.98584	0.7065939	0.2934061	96.79201
3350	9.80806	-25.3538	35.1619	0.48418	0.51582	0.2537958	0.230438	0.231013	0.104718	0.0652974	0.0345258	0.017658	0.000930567	0	3.088679	1.874387	0.5158198	0.4841802	74.88372
3360	10.5305	-23.6031	34.1336	0.497072	0.502928	1.44744	0.231335	0.232749	0.106155	0.0651384	0.034817	0.0179429	0.000923624	0	4.11691	1.856784	0.5029281	0.4970719	71.90911
3370	8.32786	-26.1045	34.4324	0.391557	0.608443	1.821199	0.237278	0.231498	0.106258	0.0648918	0.0345056	0.0177866	0.000960039	0	3.818152	1.385191	0.6084425	0.3915575	24.27677
3380	7.20773	-21.9538	29.1616	0.560414	0.439586	0.7944022	0.231978	0.22708	0.107353	0.0665903	0.0342306	0.0179584	0.000937045	0	9.088963	1.808004	0.4395857	0.5604143	64.26939
3390	9.27251	-27.4628	36.7353	0.161359	0.838641	8.031073	0.230784	0.221656	0.107887	0.0680028	0.0350111	0.0179014	0.000920411	0	1.515182	1.907135	0.8386408	0.1613592	80.74866
3400	11.4247	-24.9558	36.3805	0.147295	0.852705	2.948653	0.226192	0.225754	0.105516	0.0674122	0.034961	0.0176487	0.000938321	0	1.869981	1.901025	0.8527046	0.1472954	79.62045
3410	9.53775	-23.6027	33.1404	0.558648	0.441352	4.466376	0.23362	0.224204	0.105063	0.068198	0.0353409	0.0178657	0.000943581	0	5.110119	1.767289	0.4413517	0.5586483	58.51791
3420	9.34757	-23.7365	33.0841	0.79515	0.20485	0.210449	0.233606	0.222914	0.105526	0.0670031	0.0342525	0.0174434	0.000950899	0	5.166442	1.887981	0.2048499	0.7951501	77.2646
3430	7.84107	-28.5147	36.3558	0.439045	0.560955	0.1919336	0.226619	0.227132	0.106264	0.0666889	0.0345402	0.0176341	0.000941794	0	1.894719	1.582574	0.5609551	0.4390449	38.24493
3440	9.39241	-23.2645	32.6569	0.329596	0.670404	0.6496887	0.230344	0.232812	0.107136	0.0660051	0.0338969	0.0178122	0.000951054	0	5.593664	1.758759	0.670404	0.329596	57.37978
3450	10.3458	-23.3897	33.7355	0.791951	0.208049	2.269436	0.227841	0.228079	0.110057	0.0652191	0.0347697	0.0179463	0.00094222	0	4.515021	1.851311	0.2080491	0.7919509	71.00869
3460	11.2968	-23.4848	34.7816	0.271469	0.728531	4.657455	0.226942	0.224742	0.106877	0.0669208	0.0349024	0.0178704	0.00092751	0	3.468894	1.894513	0.7285307	0.2714693	78.43555
3470	10.7341	-24.3582	35.0924	0.817668	0.182332	4.742756	0.228914	0.230147	0.10656	0.0655779	0.0345493	0.0175509	0.000919481	0	3.15816	1.916381	0.1823324	0.8176676	82.4862
3480	10.2154	-24.7453	34.9607	0.53231	0.46769	7.25244	0.22635	0.227742	0.109286	0.065335	0.034399	0.0175829	0.000920721	0	3.289858	1.97954	0.46769	0.53231	95.39814
3490	11.5549	-23.4612	35.016	0.367529	0.632471	2.355968	0.229063	0.226343	0.109123	0.0660037	0.0356058	0.0181029	0.000924651	0	3.23448	1.947611	0.6324712	0.3675288	88.63622
3500	11.1583	-23.0029	34.1612	0.312284	0.687716	1.457305	0.228669	0.226085	0.109966	0.0659043	0.0355743	0.0177714	0.000926372	0	4.089289	1.966403	0.6877161	0.3122839	92.55559
3510	9.58702	-21.4327	31.0197	0.0521881	0.947812	1.486489	0.230379	0.222733	0.106767	0.0676079	0.0354413	0.0174505	0.000927339	0	7.230816	1.931751	0.9478119	0.05218808	85.45772
3520	7.99616	-23.6744	31.6706	0.674704	0.325296	0.5354867	0.235151	0.231315	0.109377	0.0675476	0.0353499	0.0174777	0.00092734	0	6.579918	1.663471	0.325296	0.674704	46.07555
3530	10.7434	-23.8413	34.5847	0.184949	0.815051	7.039927	0.231489	0.231517	0.105602	0.0662046	0.0342076	0.0175128	0.000935216	0	3.665827	1.992679	0.8150513	0.1849487	98.32851
3540	11.5493	-22.7526	34.3019	0.28646	0.71354	2.819169	0.228035	0.232822	0.105657	0.0665382	0.0351524	0.017574	0.000930665	0	3.948626	1.93791	0.7135403	0.2864597	86.67823
3550	9.49601	-24.8222	34.3182	0.369308	0.630692	6.968489	0.229548	0.22507	0.106454	0.0665746	0.0343407	0.0174356	0.000941502	0	3.93232	1.853396	0.6306921	0.3693079	71.35029
3560	10.0248	-26.777	36.8018	0.893764	0.106236	4.06425	0.232453	0.228579	0.105894	0.0669766	0.0345322	0.017754	0.000930451	0	1.448712	1.980001	0.1062361	0.8937639	95.49957
3570	7.20597	-26.0395	33.2455	0.569235	0.430765	7.90532	0.233796	0.229591	0.109907	0.0649893	0.0342819	0.0173492	0.000947078	0	5.005042	1.763275	0.4307649	0.5692351	57.97956
3580	9.64329	-25.7435	35.3868	0.853416	0.146584	2.105361	0.226403	0.231954	0.108359	0.0662023	0.0343402	0.0178024	0.000964549	0	2.86377	1.725761	0.1465837	0.8534163	53.18159
3590	7.84882	-21.6485	29.4974	0.451086	0.548914	1.49603	0.235801	0.227277	0.109132	0.066504	0.0342532	0.0180303	0.00096465	0	8.753163	1.828003	0.548914	0.451086	67.2981
3600	11.4522	-23.315	34.7672	0.179349	0.820651	4.450098	0.23725	0.225006	0.106325	0.0667776	0.0343328	0.0180972	0.000935674	0	3.483374	1.886808	0.8206513	0.1793487	77.05631
3610	8.39789	-23.9089	32.3068	0.0951962	0.904804	1.289712	0.229277	0.222008	0.105887	0.0676767	0.0351336	0.0178983	0.000961472	0	5.943706	1.444909	0.9048038	0.09519624	27.85537
3620	7.03612	-29.2829	36.3191	0.877657	0.122343	3.11178	0.226405	0.221564	0.105509	0.0681371	0.0348737	0.0172695	0.000958546	0	1.931476	1.500704	0.1223432	0.8776568	31.67408
3630	8.58465	-27.5659	36.1505	0.756945	0.243055	1.445536	0.227114	0.227985	0.107398	0.0664449	0.0346322	0.018047	0.000936847	0	2.099993	1.644186	0.2430547	0.7569453	44.07431
3640	9.53279	-22.6663	32.1991	0.341151	0.658849	0.2046163	0.226302	0.23257	0.10665	0.0662148	0.0339517	0.0179982	0.000922604	0	6.051459	1.975169	0.6588488	0.3411512	94.44276
3650	10.225	-22.483	32.7081	0.363689	0.636311	1.438907	0.227887	0.231851	0.10667	0.0650208	0.0351067	0.0174827	0.000951129	0	5.54247	1.883932	0.6363114	0.3636886	76.54766
3660	9.99404	-23.3644	33.3584	0.721945	0.278055	1.695779	0.22773	0.230725	0.106245	0.0671732	0.0346591	0.0175	0.000955934	0	4.892101	1.817217	0.2780548	0.7219452	65.64735
3670	9.74664	-22.5627	32.3094	0.733038	0.266962	2.6146	0.227184	0.226672	0.108222	0.0666505	0.0347613	0.0180161	0.000956528	0	5.941157	1.844445	0.266962	0.733038	69.89485
3680	7.00694	-22.7369	29.7439	0.248702	0.751298	0.8337985	0.226254	0.232939	0.106589	0.0674169	0.035266	0.0173793	0.000939191	0	8.506655	1.591484	0.7512982	0.2487018	39.03766
3690	10.4584	-22.4818	32.9402	0.663732	0.336268	3.639428	0.227968	0.232715	0.110038	0.0669902	0.0356419	0.0173294	0.000925147	0	5.310285	1.922473	0.3362685	0.6637315	83.65135
3700	10.034	-25.539	35.573	0.186179	0.813821	3.23109	0.234234	0.224234	0.107594	0.0664608	0.0349411	0.0173983	0.000965325	0	2.677536	1.595555	0.8138209	0.1861791	39.40531
3710	11.3811	-24.4806	35.8617	0.202071	0.797929	4.874975	0.231118	0.231262	0.108808	0.0672742	0.0351024	0.0173526	0.000938316	0	2.38885	1.8882	0.7979288	0.2020712	77.30356
3720	11.1497	-24.3264	35.4761	0.127913	0.872087	1.323455	0.226796	0.231229	0.109961	0.06597	0.0356444	0.0173739	0.000925465	0	2.774459	1.889991	0.8720866	0.1279134	77.62315
3730	9.02535	-26.6561	35.6815	0.988225	0.011775	3.592171	0.227556	0.225816	0.106412	0.066021	0.03552	0.0176048	0.000950389	0	2.569045	1.709545	0.01177501	0.988225	51.23246
3740	9.41277	-23.93	33.3428	0.243	0.757	5.498322	0.226766	0.22842	0.107076	0.067747	0.0351826	0.0181063	0.00095671	0	4.907768	1.745277	0.7570004	0.2429996	55.62593
3750	4.98101	-21.1516	26.1326	0.459899	0.540101	3.136399	0.232898	0.228481	0.106424	0.0676648	0.0348101	0.0181456	0.000966468	0	12.11789	1.807054	0.5401009	0.4598991	64.12893
3760	10.2869	-26.249	36.5358	0.00263142	0.997369	1.046047	0.232474	0.232181	0.108217	0.0660641	0.0349946	0.0179148	0.000964033	0	1.714701	1.841822	0.9973686	0.002631417	69.47387
3770	11.4831	-23.066	34.5492	0.71142	0.28858	2.738191	0.233071	0.2286	0.105831	0.0651031	0.0352716	0.0178805	0.000953894	0	3.70136	1.994135	0.2885799	0.7114201	98.65867
3780	10.1031	-25.5232	35.6263	0.778068	0.221932	3.407075	0.236803	0.232492	0.106815	0.065564	0.0352727	0.0175167	0.000956311	0	2.624271	1.774824	0.2219323	0.7780677	59.54201
3790	10.1399	-24.456	34.596	0.790201	0.209799	1.848857	0.237175	0.23201	0.105681	0.0668377	0.0356497	0.0179062	0.000947572	0	3.654571	1.793844	0.2097987	0.7902013	62.20765
3800	8.79419	-22.1605	30.9547	0.627622	0.372378	1.303008	0.235643	0.229927	0.109224	0.0656255	0.0353637	0.0179245	0.000946099	0	7.295804	1.852775	0.3723777	0.6276223	71.24837
3810	10.9562	-24.3275	35.2837	0.0869892	0.913011	0.943803	0.231846	0.231175	0.109642	0.0653641	0.034248	0.017696	0.000943702	0	2.966813	1.875845	0.9130108	0.08698922	75.13548
3820	8.90044	-27.0537	35.9541	0.0559775	0.944023	9.20257	0.228354	0.231298	0.109326	0.0650781	0.0344342	0.0175358	0.000936529	0	2.296404	1.901474	0.9440225	0.05597746	79.70279
3830	9.35327	-26.5672	35.9204	0.320035	0.679965	8.248017	0.227594	0.224749	0.109733	0.0677723	0.0353383	0.0173219	0.000946982	0	2.330097	1.908399	0.6799646	0.3200354	80.98388
3840	10.6195	-23.1865	33.806	0.938615	0.0613847	3.461101	0.230315	0.227567	0.10917	0.0666381	0.035235	0.0177998	0.000944379	0	4.444556	1.911584	0.06138468	0.9386153	81.58013
3850	11.1082	-24.432	35.5403	0.16103	0.83897	1.603547	0.236873	0.228816	0.107739	0.065301	0.0347418	0.0179609	0.000952583	0	2.71028	1.836929	0.8389699	0.1610301	68.69555
3860	11.2948	-23.662	34.9568	0.640013	0.359987	5.274816	0.235641	0.227182	0.10893	0.0661983	0.0344445	0.0176226	0.000944332	0	3.293739	1.992026	0.3599874	0.6400126	98.18073
3870	10.4687	-25.7586	36.2273	0.562933	0.437067	5.605951	0.233249	0.229153	0.109216	0.0652319	0.0354631	0.0176254	0.000938165	0	2.023199	1.902905	0.4370669	0.5629331	79.96595
3880	9.34545	-22.6966	32.042	0.522466	0.477534	6.547081	0.229249	0.226969	0.107764	0.0681199	0.0346127	0.017894	0.000965706	0	6.208487	1.997337	0.4775339	0.5224661	99.38863
3890	11.1068	-23.5716	34.6783	0.489375	0.510625	5.097877	0.226533	0.224979	0.105061	0.0669782	0.0339744	0.0180387	0.0009658	0	3.572199	1.927441	0.5106248	0.4893752	84.61374
3900	12.2944	-22.9594	35.2538	0.101611	0.898389	3.896495	0.227038	0.225923	0.106287	0.0677423	0.0339788	0.0179262	0.000929139	0	2.996741	1.996556	0.8983889	0.1016111	99.21011
3910	11.1835	-24.3924	35.5759	0.815326	0.184674	3.177849	0.228189	0.227618	0.105017	0.0669819	0.0340878	0.0176934	0.000934358	0	2.674606	1.959101	0.184674	0.815326	91.01244
3920	10.7739	-23.9521	34.7259	0.442057	0.557943	1.078467	0.229972	0.228324	0.10602	0.0669321	0.0343469	0.0177734	0.000957833	0	3.52459	1.917212	0.5579426	0.4420574	82.64405
3930	11.3239	-23.8812	35.2051	0.0701095	0.92989	2.873617	0.236456	0.230457	0.106029	0.0669176	0.0345249	0.0179124	0.00096588	0	3.045436	1.765652	0.9298905	0.07010954	58.29777
3940	11.5868	-22.7694	34.3563	0.00149193	0.998508	4.249258	0.232007	0.227157	0.107083	0.0654562	0.0346098	0.0175314	0.000945548	0	3.894269	1.881628	0.9985081	0.001491928	76.14259
3950	8.39138	-27.046	35.4374	0.674821	0.325179	5.624141	0.227009	0.228793	0.108897	0.0651881	0.0340639	0.0175244	0.000960979	0	2.813164	1.642247	0.3251789	0.6748211	43.87802
3960	10.8131	-24.0524	34.8655	0.665455	0.334545	2.278054	0.235461	0.23172	0.106622	0.0653456	0.0347427	0.0179562	0.000959811	0	3.385064	1.859655	0.3345448	0.6654552	72.38599
3970	11.6824	-22.1579	33.8403	0.0879128	0.912087	4.315161	0.23609	0.223908	0.10789	0.0658909	0.0339931	0.0181526	0.000963098	0	4.410206	1.972082	0.9120872	0.08791278	93.77398
3980	12.2383	-22.9897	35.228	0.165694	0.834306	3.62042	0.228144	0.227379	0.109529	0.0649813	0.0339625	0.018057	0.000966787	0	3.022509	1.98559	0.8343059	0.1656941	96.73635
3990	9.38969	-22.8894	32.2791	0.155845	0.844155	4.176597	0.228713	0.230157	0.109792	0.0677517	0.0355839	0.017547	0.000952556	0	5.971432	1.728525	0.844155	0.155845	53.52106
4000	9.60497	-22.8093	32.4143	0.501192	0.498808	3.163333	0.232443	0.22182	0.109446	0.0666914	0.0353235	0.017299	0.000959101	0	5.836233	1.772769	0.4988085	0.5011915	59.26096
4010	8.38974	-22.216	30.6057	0.677271	0.322729	3.528889	0.235944	0.227904	0.109964	0.0680514	0.0350245	0.0174563	0.000932613	0	7.644812	1.821103	0.3227287	0.6772713	66.23733
4020	11.798	-22.2582	34.0562	0.0307167	0.969283	3.541183	0.23539	0.232863	0.108907	0.0681709	0.0356044	0.0174989	0.000941869	0	4.194311	1.941578	0.9692833	0.0307167	87.41338
4030	9.90862	-23.7379	33.6465	0.16423	0.83577	1.032863	0.235553	0.230632	0.107716	0.0670075	0.035216	0.0175652	0.000934832	0	4.604025	1.677878	0.8357699	0.1642301	47.62967
4040	10.771	-23.32	34.091	0.90135	0.0986505	4.287719	0.229354	0.226798	0.107144	0.0680319	0.0355924	0.0174946	0.000967663	0	4.159484	1.931118	0.09865046	0.9013495	85.33321
4050	11.5733	-24.9359	36.5093	0.220534	0.779466	3.670696	0.226524	0.224817	0.105755	0.0668423	0.0356624	0.0178662	0.000957148	0	1.741272	1.953112	0.7794663	0.2205337	89.76594
4060	11.0315	-22.0806	33.1121	0.140503	0.859497	2.090897	0.231247	0.22381	0.105767	0.0654834	0.0353358	0.0177845	0.000920067	0	5.138416	1.943366	0.8594974	0.1405026	87.77397
4070	10.8732	-23.9139	34.7871	0.249476	0.750524	0.7539634	0.236334	0.232713	0.109909	0.0653538	0.0347576	0.0178884	0.000933625	0	3.463444	1.971055	0.7505237	0.2494763	93.55233
4080	10.0373	-22.6855	32.7228	0.500427	0.499573	1.089013	0.234586	0.226456	0.106099	0.0653458	0.0340289	0.0179073	0.000920719	0	5.527705	1.914005	0.4995729	0.5004271	82.03615
4090	8.47629	-22.0864	30.5627	0.539912	0.460088	2.647071	0.228331	0.22286	0.10841	0.0653676	0.0351708	0.0174432	0.000931676	0	7.687859	1.801222	0.4600884	0.5399116	63.27354
4100	11.9469	-23.294	35.2409	0.0422987	0.957701	2.328311	0.229631	0.222281	0.109396	0.0650908	0.0348839	0.0177607	0.000940422	0	3.009654	1.932135	0.9577013	0.04229871	85.53323
4110	10.743	-23.557	34.3	0.00937648	0.990624	0.7263262	0.228603	0.221943	0.10633	0.0670523	0.0347884	0.0176035	0.000941097	0	3.950534	1.846693	0.9906235	0.009376483	70.25752
4120	10.8529	-23.5918	34.4448	0.472709	0.527291	1.226754	0.233844	0.223557	0.106392	0.0682005	0.0347012	0.0174344	0.000922163	0	3.805748	1.945179	0.5272914	0.4727086	88.14116
4130	11.8201	-23.9693	35.7894	0.174782	0.825218	2.423967	0.236344	0.22408	0.105819	0.0661637	0.0347942	0.0174005	0.000924084	0	2.461104	1.964399	0.8252177	0.1747823	92.12961
4140	9.86533	-22.0683	31.9336	0.901121	0.0988788	4.57072	0.236548	0.221579	0.105401	0.0667853	0.0353806	0.0178593	0.000922649	0	6.316908	1.987056	0.09887876	0.9011212	97.06341
4150	10.7426	-24.2783	35.0209	0.574967	0.425033	2.161808	0.230081	0.223159	0.104982	0.0668806	0.0352041	0.0178865	0.000944739	0	3.229671	1.831431	0.4250335	0.5749665	67.83141
4160	4.51614	-29.1287	33.6448	0.0167921	0.983208	3.994485	0.236196	0.227102	0.107333	0.0666792	0.0348929	0.0181353	0.000932004	0	4.605711	1.044535	0.9832079	0.01679207	11.07989
4170	11.2157	-23.8049	35.0206	0.124399	0.875601	2.796537	0.230746	0.226284	0.105149	0.0650651	0.0348574	0.0179471	0.000921033	0	3.229887	1.782245	0.8756013	0.1243987	60.56822
4180	10.8323	-24.8921	35.7244	0.500958	0.499042	6.035148	0.227978	0.228469	0.105046	0.0662411	0.0348533	0.0179512	0.000953662	0	2.526162	1.938423	0.4990421	0.5009579	86.78066
4190	10.937	-23.5715	34.5085	0.973982	0.0260177	3.169174	0.225875	0.229837	0.105019	0.0655577	0.0341724	0.0175872	0.000954984	0	3.742034	1.934664	0.02601768	0.9739823	86.03281
4200	7.83037	-29.6456	37.476	0.273878	0.726122	5.742055	0.226211	0.228715	0.108052	0.0661475	0.0344086	0.0176725	0.000927901	0	0.7745793	1.840852	0.7261221	0.2738779	69.31891
4210	10.6072	-24.7836	35.3908	0.544213	0.455787	1.879832	0.231213	0.223466	0.107528	0.0659319	0.0339266	0.0173593	0.000955695	0	2.859731	1.816819	0.4557874	0.5442126	65.58723
4220	10.6285	-24.1124	34.7408	0.931861	0.0681391	4.613062	0.232202	0.226742	0.10668	0.067346	0.0348326	0.0173349	0.000923933	0	3.509704	1.919142	0.06813907	0.9318609	83.01224
4230	9.69644	-22.931	32.6274	0.00360166	0.996398	2.944078	0.233977	0.232391	0.109141	0.0651189	0.0339665	0.0172912	0.000930382	0	5.623089	1.650273	0.9963983	0.003601663	44.69641
4240	11.1437	-22.7006	33.8443	0.292625	0.707375	1.583694	0.231513	0.230578	0.107451	0.0661896	0.0346467	0.0177314	0.000942859	0	4.406276	1.961568	0.7073755	0.2926245	91.53094
4250	11.7327	-21.8809	33.6136	0.0722529	0.927747	3.81929	0.228994	0.231281	0.109833	0.0669659	0.0354581	0.017856	0.00094729	0	4.636938	1.994373	0.9277471	0.07225288	98.71262
4260	10.2565	-24.0621	34.3186	0.919333	0.0806674	2.355553	0.231082	0.228558	0.106158	0.0667653	0.0341071	0.0174488	0.000960433	0	3.931969	1.827248	0.08066744	0.9193326	67.18124
4270	8.87268	-28.0599	36.9326	0.163797	0.836203	3.165779	0.23683	0.227713	0.105021	0.065171	0.0348963	0.0179073	0.00096531	0	1.317924	1.618654	0.8362033	0.1637967	41.55795
4280	10.2502	-23.917	34.1672	0.112516	0.887484	4.153291	0.233077	0.228974	0.105325	0.0654777	0.0344442	0.0179457	0.00096015	0	4.083368	1.679959	0.8874837	0.1125163	47.85845
4290	10.0012	-23.4251	33.4263	0.66411	0.33589	4.25518	0.231365	0.230899	0.10476	0.0666849	0.0351704	0.0179297	0.000955504	0	4.824221	1.818663	0.3358897	0.6641103	65.8662
4300	9.18373	-25.7714	34.9551	0.771132	0.228868	4.958334	0.233815	0.231658	0.106944	0.0669715	0.0352771	0.0178098	0.000935423	0	3.29542	1.710836	0.2288676	0.7711324	51.38495
4310	10.5045	-22.6223	33.1267	0.162078	0.837922	1.377991	0.234096	0.227612	0.105542	0.0678822	0.0350951	0.0180764	0.000934589	0	5.123782	1.860596	0.8379222	0.1620778	72.5431
4320	8.14376	-22.7413	30.885	0.199084	0.800916	4.307648	0.225809	0.228971	0.105377	0.0656381	0.0355131	0.0175078	0.000936467	0	7.365498	1.712597	0.8009158	0.1990842	51.59377
4330	11.218	-25.4991	36.7171	0.299743	0.700257	4.013814	0.226652	0.230412	0.106863	0.0657164	0.0355209	0.0176007	0.000937125	0	1.533444	1.965284	0.7002572	0.2997428	92.31747
4340	11.5335	-24.068	35.6015	0.217782	0.782218	6.023525	0.229178	0.23252	0.106132	0.0670297	0.0355942	0.0174973	0.000924635	0	2.649021	1.99359	0.7822177	0.2177823	98.53498
4350	10.0011	-23.7237	33.7247	0.00315494	0.996845	7.596709	0.226388	0.232695	0.109785	0.0675035	0.0351836	0.0173535	0.000942741	0	4.525815	1.971726	0.9968451	0.003154938	93.69699
4360	8.66705	-22.9763	31.6434	0.700539	0.299461	4.986947	0.227037	0.223997	0.109569	0.0681791	0.0348174	0.0178188	0.000943553	0	6.607133	1.83203	0.2994613	0.7005387	67.9251
4370	11.0347	-23.6129	34.6476	0.237327	0.762673	3.527877	0.235392	0.225189	0.107293	0.0673053	0.035642	0.0174549	0.000941938	0	3.602915	1.793711	0.762673	0.237327	62.18862
4380	10.3661	-23.2885	33.6546	0.459037	0.540963	2.059626	0.23241	0.22781	0.105487	0.0680178	0.035088	0.0175499	0.00095014	0	4.595912	1.792416	0.5409627	0.4590373	62.0034
4390	11.8329	-23.9047	35.7376	0.144765	0.855235	4.638376	0.233936	0.228934	0.109191	0.0675564	0.0345412	0.0173396	0.000959439	0	2.512928	1.928253	0.8552351	0.1447649	84.77219
4400	8.9111	-22.1274	31.0385	0.664483	0.335517	2.164468	0.235879	0.231001	0.107039	0.0666744	0.0343403	0.0175476	0.00096051	0	7.211981	1.830528	0.3355171	0.6644829	67.69054
4410	8.81335	-25.6472	34.4606	0.167775	0.832225	0.6047104	0.236059	0.23299	0.105541	0.0671048	0.0344446	0.0179347	0.000966865	0	3.789965	1.426131	0.8322245	0.1677755	26.67663
4420	11.5621	-23.8196	35.3817	0.476698	0.523302	3.593899	0.237401	0.22709	0.10481	0.0662043	0.0354729	0.017484	0.000963263	0	2.868873	1.928784	0.5233016	0.4766984	84.87585
4430	11.7678	-24.0216	35.7895	0.105986	0.894014	2.388426	0.236705	0.224601	0.105534	0.0673733	0.0347006	0.0172889	0.00093059	0	2.461064	1.926059	0.8940139	0.1059861	84.34497
4440	10.7614	-23.5799	34.3413	0.168119	0.831881	4.349753	0.232847	0.221917	0.105656	0.0672769	0.0352768	0.0174009	0.000927707	0	3.909278	1.787411	0.8318814	0.1681186	61.29303
4450	10.7436	-24.056	34.7996	0.152965	0.847035	6.658586	0.2306	0.223634	0.106952	0.0668959	0.0350506	0.0175873	0.000953134	0	3.450978	1.928657	0.8470353	0.1529647	84.85098
4460	10.165	-23.4385	33.6035	0.230407	0.769593	3.415334	0.227405	0.228297	0.110061	0.065771	0.0355206	0.0179983	0.000929497	0	4.647054	1.710064	0.7695928	0.2304072	51.29365
4470	8.35157	-24.4656	32.8172	0.174388	0.825612	8.810128	0.226501	0.226605	0.105803	0.066436	0.034296	0.0180717	0.000938267	0	5.433315	1.985818	0.8256119	0.1743881	96.78729
4480	9.73753	-22.1909	31.9285	0.730187	0.269813	2.323019	0.226845	0.2219	0.10539	0.068059	0.0352224	0.0178939	0.000947804	0	6.32206	1.891404	0.2698134	0.7301866	77.87601
4490	7.54186	-23.7573	31.2991	0.742822	0.257178	2.12759	0.230901	0.229107	0.104905	0.0664022	0.0356451	0.0175918	0.000922133	0	6.951396	1.581941	0.2571781	0.7428219	38.18927
4500	10.9369	-23.862	34.7989	0.67954	0.32046	2.191574	0.228038	0.228879	0.10621	0.0675589	0.0351289	0.0177795	0.000933292	0	3.451609	1.902746	0.32046	0.67954	79.93661
4510	10.9412	-23.6598	34.601	0.630862	0.369138	1.973403	0.226201	0.227084	0.106025	0.0676156	0.0349742	0.0172692	0.000940602	0	3.649544	1.908368	0.3691381	0.6308619	80.9782
4520	9.59155	-26.0038	35.5953	0.767146	0.232854	6.786233	0.22743	0.222316	0.107412	0.0665486	0.0354685	0.0176239	0.000958014	0	2.655209	1.884393	0.2328538	0.7671462	76.62891
4530	10.8453	-23.5281	34.3734	0.339126	0.660874	1.702506	0.231933	0.227153	0.105935	0.0681875	0.0350662	0.0176948	0.000954812	0	3.877136	1.83414	0.6608745	0.3391255	68.25593
4540	6.19763	-28.859	35.0566	0.849306	0.150694	1.050835	0.236558	0.231034	0.109401	0.0663425	0.035614	0.0175035	0.000953932	0	3.193895	1.277315	0.1506942	0.8493058	18.93717
4550	9.344	-22.9775	32.3215	0.101176	0.898824	3.37893	0.229429	0.231805	0.108663	0.0650319	0.0342774	0.0176307	0.000921443	0	5.929035	1.668037	0.8988245	0.1011755	46.56259
4560	11.1457	-23.2043	34.3501	0.392291	0.607709	5.699614	0.22989	0.230455	0.108978	0.0648648	0.0340978	0.0173396	0.00092665	0	3.900462	1.992066	0.607709	0.392291	98.18975
4570	10.6125	-23.5386	34.151	0.566929	0.433071	5.926879	0.236461	0.232054	0.105874	0.0648796	0.034575	0.0178609	0.000935687	0	4.099492	1.962003	0.4330714	0.5669286	91.62262
4580	10.6849	-24.2469	34.9318	0.173949	0.826051	6.921146	0.236813	0.227161	0.105377	0.0672696	0.0346247	0.0181573	0.000941561	0	3.318737	1.944517	0.8260512	0.1739488	88.00697
4590	10.4683	-22.9872	33.4555	0.181937	0.818063	4.87963	0.232502	0.226903	0.105632	0.0675938	0.0342345	0.0175847	0.000929945	0	4.795052	1.849562	0.8180635	0.1819365	70.72325
4600	11.2678	-23.5286	34.7964	0.275454	0.724546	4.98395	0.234934	0.224063	0.108067	0.0678063	0.034435	0.0176028	0.000964352	0	3.454136	1.898069	0.7245463	0.2754537	79.08037
4610	8.96722	-22.3569	31.3242	0.359607	0.640393	2.179583	0.236083	0.232644	0.10976	0.0680032	0.0346552	0.0172983	0.000924779	0	6.926376	1.762131	0.6403933	0.3596067	57.82702
4620	10.3395	-24.4526	34.792	0.660754	0.339246	4.240371	0.235341	0.22862	0.109117	0.0679136	0.0353041	0.0173757	0.000928949	0	3.458489	1.805482	0.3392464	0.6607536	63.89716
4630	10.4957	-22.4324	32.928	0.211989	0.788011	1.601173	0.234924	0.223467	0.108286	0.067657	0.0353387	0.017283	0.000925587	0	5.322487	1.881483	0.7880113	0.2119887	76.11718
4640	10.0237	-21.6798	31.7035	0.0570283	0.942972	3.679581	0.232237	0.22309	0.107563	0.0680304	0.0350282	0.0174082	0.000934514	0	6.547007	1.887233	0.9429717	0.05702835	77.13177
4650	8.71082	-25.843	34.5538	0.534723	0.465277	4.672626	0.235717	0.221625	0.105448	0.06818	0.0342893	0.0178826	0.0009301	0	3.696728	1.592856	0.4652773	0.5347227	39.16122
4660	4.64949	-20.6727	25.3222	0.470507	0.529493	4.664116	0.234466	0.223528	0.106493	0.0679073	0.0351991	0.0176295	0.000964244	0	12.92829	1.964864	0.5294926	0.4705074	92.22825
4670	9.55129	-27.5712	37.1225	0.343021	0.656979	2.333003	0.23004	0.225071	0.106302	0.0679769	0.0354163	0.0180646	0.000931883	0	1.128005	1.907526	0.656979	0.343021	80.82136
4680	10.3233	-22.5727	32.896	0.693319	0.306681	3.887007	0.22574	0.231264	0.108081	0.0675042	0.0352991	0.0180411	0.000924697	0	5.354541	1.914466	0.3066813	0.6933187	82.12314
4690	10.2042	-21.6333	31.8375	0.454919	0.545081	1.80829	0.228005	0.225196	0.109829	0.0673986	0.0353557	0.0180825	0.000935772	0	6.413047	1.995758	0.5450815	0.4549185	99.02791
4700	10.9947	-24.0963	35.0911	0.418994	0.581006	3.783778	0.23348	0.225537	0.109144	0.0660324	0.034709	0.0178832	0.000920379	0	3.159456	1.832096	0.5810055	0.4189945	67.93534
4710	9.82015	-27.2405	37.0607	0.414436	0.585564	3.396972	0.230131	0.224204	0.109066	0.0659861	0.0338818	0.0178058	0.000928469	0	1.189868	1.890595	0.5855642	0.4144358	77.73121
4720	9.1929	-26.7296	35.9225	0.203562	0.796438	1.265405	0.233551	0.223882	0.109904	0.0653114	0.0350601	0.0178595	0.000927967	0	2.328023	1.531953	0.7964375	0.2035625	34.03717
4730	11.5061	-23.3686	34.8747	0.177411	0.822589	2.769656	0.233068	0.228095	0.104785	0.0661088	0.0352896	0.0178858	0.000930373	0	3.375826	1.862035	0.8225885	0.1774115	72.78386
4740	9.76313	-26.927	36.6902	0.450648	0.549352	5.267811	0.23683	0.229656	0.109596	0.0667023	0.035014	0.0178602	0.000938105	0	1.560349	1.82302	0.5493524	0.4506476	66.53032
4750	8.27445	-23.3219	31.5963	0.480755	0.519245	2.938219	0.233793	0.231019	0.109142	0.0658348	0.0351283	0.0180875	0.000940501	0	6.654227	1.627087	0.5192448	0.4807552	42.3728
4760	10.334	-22.8835	33.2175	0.935593	0.0644067	2.44234	0.234957	0.22533	0.109244	0.0651682	0.0347479	0.0179998	0.000943428	0	5.033001	1.903542	0.06440667	0.9355933	80.08322
4770	9.65383	-22.9044	32.5583	0.326741	0.673259	6.681661	0.235718	0.222795	0.110021	0.0677767	0.0345204	0.0176869	0.000935521	0	5.692269	1.991107	0.6732585	0.3267415	97.9731
4780	10.2726	-26.199	36.4716	0.561259	0.438741	6.540441	0.230666	0.228107	0.109931	0.0666853	0.0345849	0.0173033	0.000924903	0	1.778916	1.969276	0.4387413	0.5612587	93.17007
4790	9.81673	-27.296	37.1127	0.00167806	0.998322	3.171375	0.234573	0.229223	0.106438	0.067133	0.0341506	0.0174755	0.000959477	0	1.13782	1.781637	0.9983219	0.001678057	60.48351
4800	11.2151	-24.3855	35.6006	0.00939229	0.990608	4.145806	0.232919	0.230238	0.109711	0.0681867	0.0339446	0.0177119	0.000926678	0	2.649896	1.771864	0.9906077	0.009392292	59.13768
4810	10.4533	-25.8189	36.2723	0.34134	0.65866	1.900108	0.229588	0.22821	0.107266	0.0660914	0.0348505	0.0178355	0.000928972	0	1.978279	1.820564	0.6586596	0.3413404	66.15527
4820	9.23325	-22.4496	31.6829	0.70903	0.29097	1.47924	0.232197	0.230926	0.108267	0.0661519	0.0348423	0.0177052	0.000965426	0	6.567674	1.843214	0.29097	0.70903	69.69705
4830	9.73921	-22.2055	31.9447	0.397312	0.602688	1.4561	0.233995	0.229032	0.104689	0.068089	0.0350871	0.0173908	0.000935112	0	6.305806	1.882682	0.6026884	0.3973116	76.32762
4840	11.9031	-23.9159	35.819	0.138199	0.861801	3.560153	0.235572	0.231154	0.104624	0.0675069	0.0346499	0.0174772	0.000929214	0	2.431508	1.925982	0.8618011	0.1381989	84.32996
4850	9.95444	-25.5126	35.467	0.45241	0.54759	1.535841	0.233424	0.227986	0.107132	0.0672406	0.0347917	0.0176698	0.00094623	0	2.783483	1.688205	0.5475898	0.4524102	48.77582
4860	10.5734	-22.2414	32.8148	0.350206	0.649794	1.19714	0.226697	0.227865	0.107413	0.0649748	0.0354956	0.0176042	0.000941905	0	5.435742	1.994744	0.6497943	0.3502057	98.79704
4870	12.2822	-22.7666	35.0488	0.0819165	0.918084	3.459176	0.226554	0.227165	0.109604	0.0651099	0.0353446	0.0179147	0.000945569	0	3.201758	1.986397	0.9180835	0.08191648	96.91627
4880	8.66032	-22.7919	31.4523	0.182852	0.817148	6.571828	0.225618	0.228462	0.105433	0.0663594	0.0353899	0.0175041	0.000954508	0	6.798278	1.924595	0.8171483	0.1828517	84.06114
4890	10.5909	-24.7962	35.387	0.698824	0.301176	2.509406	0.231984	0.22635	0.105779	0.0651353	0.0350797	0.0181267	0.000966148	0	2.863484	1.821658	0.3011764	0.6988236	66.32199
4900	11.2867	-23.9477	35.2343	0.193235	0.806765	2.094653	0.233316	0.223869	0.106005	0.0659924	0.0340514	0.0177822	0.000933869	0	3.016206	1.841457	0.8067652	0.1932348	69.41558
4910	12.0536	-23.8821	35.9357	0.0964975	0.903502	4.149286	0.230704	0.227754	0.105235	0.067522	0.0348713	0.0176348	0.000947047	0	2.314848	1.949182	0.9035025	0.09649752	88.95733
4920	11.4714	-23.6171	35.0885	0.157875	0.842125	3.125043	0.229081	0.22673	0.10498	0.0679459	0.0343262	0.0174591	0.000933696	0	3.162026	1.836557	0.8421251	0.1578749	68.63672
4930	10.1446	-26.6089	36.7535	0.478966	0.521034	5.489743	0.234628	0.224245	0.104724	0.0677303	0.0341153	0.0175453	0.000955276	0	1.49703	1.902154	0.5210344	0.4789656	79.82778
4940	12.0957	-22.3395	34.4352	0.0147655	0.985234	4.021411	0.234048	0.232455	0.105979	0.0649305	0.0340909	0.0177719	0.000958611	0	3.815308	1.971275	0.9852345	0.01476553	93.59989
4950	10.4819	-22.1284	32.6103	0.459211	0.540789	4.691561	0.231259	0.227598	0.104969	0.0648819	0.0353363	0.0179784	0.000930724	0	5.640201	1.9779	0.5407892	0.4592108	95.03866
4960	9.76319	-22.8262	32.5894	0.742661	0.257339	4.864673	0.231259	0.230655	0.106595	0.0661656	0.0351279	0.0178672	0.000924625	0	5.661155	1.907846	0.2573391	0.7426609	80.88098
4970	11.4628	-24.6841	36.1469	0.403924	0.596076	3.859597	0.236165	0.229328	0.106178	0.0680829	0.0343935	0.0176827	0.000939774	0	2.103652	1.940418	0.5960757	0.4039243	87.18025
4980	10.8848	-25.1971	36.0819	0.572731	0.427269	6.023798	0.234072	0.232328	0.104666	0.068176	0.0353497	0.0177018	0.000947242	0	2.16862	1.976766	0.4272689	0.5727311	94.79078
4990	10.5232	-25.0692	35.5924	0.196797	0.803203	4.677985	0.232998	0.22221	0.104925	0.0648622	0.0355404	0.0179852	0.000953726	0	2.658167	1.731455	0.8032029	0.1967971	53.88344
5000	9.43197	-26.1597	35.5917	0.187721	0.812279	3.083001	0.229191	0.222613	0.108293	0.0677387	0.0348883	0.0181558	0.000947027	0	2.658835	1.513033	0.812279	0.187721	32.58616
