Iteration	start_1	end_1	start_2	end_2	start_3	end_3	start_4	end_4	start_5	end_5	start_6	end_6	start_7	end_7	start_8	end_8	start_9	end_9	start_10	end_10	start_11	end_11	start_12	end_12	start_13	end_13	start_14	end_14	start_15	end_15
0	1	8	1	7	4	6	5	5	4	4	3	3	2	2	1	1	2	11	1	9	12	18	1	12	1	1	1	1	1	1
10	11	8	3	7	14	6	18	5	4	4	6	3	20	2	3	1	3	20	1	3	3	18	1	14	1	11	1	1	1	1
20	4	8	4	7	4	6	3	5	3	4	2	3	2	2	3	1	3	2	1	3	4	3	2	4	2	4	1	2	1	1
30	3	8	3	7	4	6	1	5	12	4	2	3	2	2	3	1	3	2	1	3	4	12	2	4	2	3	1	2	1	1
40	2	8	2	7	4	6	3	5	3	4	3	3	10	2	3	1	3	10	1	3	4	3	1	4	1	2	1	1	1	1
50	2	8	2	7	2	6	5	5	18	4	5	3	2	2	10	1	1	16	1	10	2	18	2	2	2	2	1	2	1	1
60	2	8	2	7	5	6	5	5	6	4	7	3	5	2	1	1	1	28	1	1	2	23	1	16	1	2	1	1	1	1
70	4	8	3	7	2	6	2	5	2	4	3	3	2	2	3	1	3	11	1	3	2	2	1	2	1	14	1	1	1	1
80	4	8	4	7	3	6	4	5	4	4	3	3	3	2	2	1	2	3	1	2	2	4	2	11	2	4	1	2	1	1
90	3	8	3	7	4	6	2	5	1	4	3	3	3	2	2	1	2	3	1	2	4	9	2	4	2	3	1	2	1	1
100	4	8	4	7	4	6	4	5	4	4	4	3	13	2	1	1	1	13	1	1	4	4	2	4	9	4	1	9	1	1
110	4	8	4	7	3	6	4	5	4	4	4	3	4	2	1	1	1	4	1	1	3	4	2	3	2	4	1	2	1	1
120	2	8	2	7	1	6	5	5	5	4	3	3	11	2	3	1	3	11	1	3	9	5	1	9	1	2	1	1	1	1
130	3	8	3	7	14	6	14	5	4	4	2	3	2	2	10	1	3	2	1	10	3	14	2	14	2	3	1	2	1	1
140	2	8	2	7	1	6	1	5	4	4	5	3	5	2	2	1	2	5	1	2	1	12	2	1	2	2	1	2	1	1
150	1	8	1	7	2	6	6	5	6	4	7	3	2	2	9	1	1	25	1	9	2	6	2	2	2	1	1	2	1	1
160	1	8	1	7	5	6	2	5	2	4	6	3	29	2	1	1	1	29	1	1	5	2	2	5	2	1	1	2	1	1
170	1	8	4	7	5	6	1	5	1	4	6	3	6	2	2	1	2	6	1	2	5	1	2	5	1	12	1	9	1	1
180	2	8	2	7	1	6	1	5	10	4	2	3	2	2	2	1	2	2	1	2	1	10	1	1	1	2	1	1	1	1
190	12	8	4	7	5	6	22	5	4	4	3	3	14	2	10	1	3	14	1	10	5	22	2	5	2	12	1	2	1	1
200	4	8	4	7	3	6	3	5	3	4	21	3	3	2	2	1	1	21	1	9	3	3	2	3	2	4	1	2	1	1
210	2	8	2	7	5	6	5	5	5	4	11	3	3	2	3	1	2	11	1	11	2	5	2	16	2	2	1	2	1	1
220	4	8	3	7	3	6	19	5	1	4	2	3	2	2	9	1	2	2	1	9	4	19	2	14	2	14	1	2	1	1
230	1	8	1	7	4	6	6	5	3	4	3	3	6	2	2	1	1	21	1	9	3	21	2	14	2	1	1	2	1	1
240	4	8	4	7	4	6	5	5	3	4	3	3	3	2	1	1	1	3	1	1	4	17	2	4	2	4	1	2	1	1
250	2	8	2	7	15	6	5	5	5	4	4	3	2	2	1	1	1	13	1	1	1	5	2	15	2	2	1	2	1	1
260	13	8	2	7	3	6	5	5	18	4	11	3	2	2	1	1	1	11	1	1	3	18	2	3	2	13	1	2	1	1
270	1	8	1	7	2	6	2	5	1	4	4	3	5	2	3	1	1	18	1	10	2	9	2	2	2	1	1	2	1	1
280	2	8	2	7	5	6	19	5	6	4	3	3	2	2	1	1	2	11	1	9	1	19	2	15	2	2	1	2	1	1
290	3	8	3	7	14	6	5	5	5	4	2	3	2	2	1	1	2	2	1	9	4	5	2	14	2	3	1	2	1	1
300	1	8	1	7	5	6	3	5	3	4	11	3	2	2	1	1	1	11	1	1	5	3	2	5	2	1	1	2	1	1
310	2	8	2	7	3	6	5	5	15	4	25	3	2	2	3	1	3	25	1	3	3	15	1	3	1	2	1	1	1	1
320	4	8	4	7	4	6	4	5	4	4	3	3	6	2	1	1	1	21	1	1	1	4	2	12	2	4	1	2	1	1
330	3	8	3	7	1	6	1	5	1	4	5	3	5	2	1	1	1	5	1	1	1	1	1	1	1	3	1	1	1	1
340	1	8	1	7	5	6	5	5	5	4	1	3	9	2	2	1	2	9	1	2	5	5	2	5	2	1	1	2	1	1
350	3	8	3	7	14	6	2	5	2	4	3	3	6	2	2	1	2	21	1	2	3	2	1	14	1	3	1	1	1	1
360	3	8	3	7	3	6	4	5	4	4	4	3	4	2	1	1	1	4	1	1	3	4	1	3	1	3	1	1	1	1
370	2	8	2	7	5	6	2	5	2	4	1	3	4	2	2	1	2	12	1	2	5	2	2	5	2	2	1	2	1	1
380	1	8	1	7	5	6	6	5	6	4	3	3	3	2	2	1	2	3	1	2	5	6	1	5	1	1	1	1	1	1
390	11	8	2	7	5	6	5	5	5	4	3	3	3	2	2	1	2	3	1	2	5	5	2	5	2	11	1	2	1	1
400	1	8	1	7	1	6	4	5	3	4	6	3	1	2	1	1	2	19	1	9	1	14	2	1	2	1	1	2	1	1
410	4	8	4	7	1	6	5	5	5	4	3	3	3	2	2	1	2	3	1	2	1	5	2	1	2	4	1	2	1	1
420	1	8	1	7	3	6	6	5	21	4	2	3	2	2	2	1	3	2	1	11	3	21	2	3	2	1	1	2	1	1
430	1	8	1	7	2	6	4	5	4	4	2	3	2	2	2	1	2	2	1	2	2	4	2	2	2	1	1	2	1	1
440	2	8	2	7	2	6	5	5	5	4	3	3	3	2	2	1	2	3	1	2	2	5	1	2	1	2	1	1	1	1
450	2	8	2	7	3	6	5	5	1	4	2	3	2	2	3	1	3	2	1	3	3	15	2	3	2	2	1	2	1	1
460	1	8	1	7	4	6	6	5	6	4	3	3	7	2	3	1	3	26	1	3	4	6	1	4	1	1	1	1	1	1
470	12	8	4	7	3	6	5	5	5	4	3	3	17	2	2	1	2	17	1	2	3	5	1	3	1	12	1	1	1	1
480	3	8	3	7	1	6	3	5	3	4	11	3	2	2	1	1	1	11	1	1	1	3	2	1	2	3	1	2	1	1
490	2	8	2	7	3	6	5	5	5	4	2	3	2	2	2	1	2	2	1	2	3	5	2	3	2	2	1	2	1	1
500	3	8	3	7	1	6	2	5	2	4	2	3	2	2	3	1	3	2	1	3	1	2	2	1	2	3	1	2	1	1
510	4	8	14	7	2	6	1	5	10	4	3	3	3	2	1	1	1	3	1	1	2	10	1	2	1	14	1	1	1	1
520	3	8	3	7	1	6	1	5	1	4	3	3	5	2	3	1	3	17	1	3	1	1	2	1	2	3	1	2	1	1
530	3	8	3	7	5	6	5	5	5	4	14	3	3	2	3	1	3	14	1	3	5	5	1	5	1	3	1	1	1	1
540	1	8	1	7	2	6	6	5	6	4	2	3	2	2	1	1	1	2	1	1	2	6	2	2	2	1	1	2	1	1
550	1	8	1	7	5	6	17	5	5	4	2	3	2	2	3	1	3	2	1	3	1	17	1	15	2	1	1	9	1	1
560	2	8	2	7	3	6	3	5	3	4	5	3	5	2	1	1	1	5	1	1	3	3	9	3	2	2	1	9	1	1
570	14	8	4	7	1	6	5	5	18	4	6	3	6	2	1	1	1	6	1	1	1	18	1	1	1	14	1	1	1	1
580	2	8	2	7	3	6	1	5	1	4	2	3	2	2	1	1	1	2	1	1	1	1	2	10	2	2	1	2	1	1
590	3	8	3	7	5	6	5	5	1	4	5	3	5	2	2	1	2	5	1	2	5	15	1	5	1	3	1	1	1	1
600	2	8	2	7	4	6	1	5	1	4	3	3	2	2	2	1	2	11	1	2	4	1	1	4	1	2	1	1	1	1
610	2	8	2	7	5	6	1	5	3	4	2	3	2	2	3	1	3	2	1	3	5	10	1	5	1	2	1	1	1	1
620	3	8	3	7	3	6	4	5	6	4	3	3	3	2	1	1	1	3	1	1	3	22	1	3	1	3	1	1	1	1
630	3	8	4	7	1	6	4	5	4	4	16	3	2	2	1	1	1	16	1	1	1	4	1	1	1	14	1	1	1	1
640	3	8	11	7	18	6	5	5	18	4	3	3	11	2	1	1	3	11	1	10	4	18	2	18	2	11	1	2	1	1
650	2	8	2	7	2	6	4	5	14	4	3	3	2	2	3	1	10	11	1	10	2	14	1	2	1	2	1	1	1	1
660	4	8	4	7	1	6	2	5	2	4	2	3	2	2	2	1	2	2	1	2	15	2	1	15	1	4	1	1	1	1
670	2	8	2	7	4	6	1	5	9	4	3	3	2	2	2	1	9	11	1	9	4	9	2	4	2	2	1	2	1	1
680	1	8	1	7	5	6	5	5	15	4	5	3	2	2	2	1	2	16	1	2	5	15	1	5	2	1	1	9	1	1
690	14	8	3	7	5	6	5	5	5	4	11	3	2	2	3	1	3	11	1	3	5	5	1	5	1	14	1	1	1	1
700	4	8	4	7	4	6	21	5	6	4	4	3	4	2	2	1	2	4	1	2	4	21	1	4	1	4	1	1	1	1
710	3	8	3	7	4	6	5	5	1	4	2	3	2	2	3	1	3	2	1	3	4	15	2	4	2	3	1	2	1	1
720	2	8	9	7	1	6	5	5	18	4	3	3	11	2	1	1	1	11	1	1	1	18	1	1	1	9	1	1	1	1
730	1	8	1	7	1	6	5	5	16	4	5	3	2	2	2	1	2	16	1	2	1	16	2	1	2	1	1	2	1	1
740	3	8	3	7	3	6	4	5	4	4	7	3	2	2	1	1	1	25	1	1	3	4	2	3	2	3	1	2	1	1
750	4	8	4	7	2	6	1	5	9	4	11	3	2	2	3	1	2	11	1	11	13	9	9	13	1	4	1	9	1	1
760	2	8	2	7	9	6	1	5	1	4	2	3	2	2	3	1	3	2	1	3	1	1	2	9	2	2	1	2	1	1
770	4	8	4	7	1	6	6	5	6	4	20	3	6	2	1	1	1	20	1	1	3	6	1	10	1	4	1	1	1	1
780	2	8	2	7	15	6	5	5	5	4	2	3	2	2	1	1	1	2	1	1	1	5	1	15	1	2	1	1	1	1
790	14	8	4	7	4	6	15	5	5	4	11	3	2	2	1	1	1	11	1	1	4	15	2	4	2	14	1	2	1	1
800	2	8	2	7	2	6	6	5	6	4	6	3	3	2	3	1	3	21	1	3	2	6	2	2	2	2	1	2	1	1
810	2	8	2	7	3	6	4	5	4	4	2	3	2	2	2	1	2	2	1	2	3	4	1	3	2	2	1	9	1	1
820	1	8	1	7	3	6	17	5	3	4	2	3	2	2	3	1	3	2	1	3	3	17	2	3	2	1	1	2	1	1
830	2	8	1	7	5	6	5	5	5	4	3	3	3	2	2	1	2	3	1	2	1	5	2	15	2	9	1	2	1	1
840	2	8	4	7	2	6	3	5	2	4	1	3	1	2	1	1	1	1	1	1	2	11	2	2	2	13	1	2	1	1
850	3	8	3	7	4	6	3	5	3	4	17	3	5	2	2	1	2	17	1	2	4	3	1	4	1	3	1	1	1	1
860	2	8	2	7	3	6	6	5	4	4	3	3	2	2	3	1	3	11	1	3	1	22	1	10	1	2	1	1	1	1
870	1	8	1	7	2	6	5	5	18	4	2	3	2	2	1	1	1	2	1	1	2	18	1	2	1	1	1	1	1	1
880	4	8	4	7	2	6	5	5	5	4	6	3	2	2	3	1	3	20	1	3	5	5	1	16	1	4	1	1	1	1
890	2	8	2	7	3	6	1	5	1	4	2	3	2	2	2	1	2	2	1	2	14	1	1	14	1	2	1	1	1	1
900	4	8	4	7	5	6	4	5	4	4	2	3	2	2	3	1	3	2	1	3	5	4	2	5	2	4	1	2	1	1
910	4	8	4	7	4	6	5	5	5	4	3	3	3	2	2	1	9	3	1	9	4	5	1	4	2	4	1	9	1	1
920	1	8	1	7	1	6	5	5	5	4	10	3	3	2	2	1	2	10	1	2	1	5	2	1	2	1	1	2	1	1
930	2	8	3	7	4	6	5	5	5	4	2	3	2	2	2	1	2	2	1	2	3	5	1	14	1	11	1	1	1	1
940	2	8	2	7	2	6	5	5	5	4	2	3	2	2	2	1	2	2	1	2	2	5	2	2	2	2	1	2	1	1
950	3	8	3	7	5	6	3	5	3	4	2	3	2	2	1	1	1	2	1	1	5	3	2	5	2	3	1	2	1	1
960	2	8	3	7	15	6	4	5	4	4	11	3	2	2	3	1	3	11	1	3	5	4	1	15	1	11	1	1	1	1
970	2	8	2	7	1	6	5	5	1	4	3	3	3	2	3	1	3	3	1	3	1	15	1	1	1	2	1	1	1	1
980	1	8	1	7	3	6	5	5	5	4	3	3	3	2	1	1	1	3	1	1	3	5	1	3	1	1	1	1	1	1
990	2	8	1	7	1	6	4	5	6	4	7	3	7	2	1	1	1	7	1	1	1	22	1	1	1	9	1	1	1	1
1000	2	8	2	7	3	6	4	5	4	4	9	3	2	2	1	1	1	9	1	1	3	4	1	3	1	2	1	1	1	1
1010	3	8	3	7	1	6	5	5	5	4	5	3	2	2	3	1	3	16	1	3	1	5	2	1	2	3	1	2	1	1
1020	11	8	2	7	9	6	5	5	5	4	3	3	5	2	1	1	1	17	1	1	1	5	1	9	1	11	1	1	1	1
1030	4	8	4	7	1	6	4	5	4	4	3	3	3	2	1	1	1	3	1	1	1	4	1	1	1	4	1	1	1	1
1040	4	8	4	7	1	6	1	5	1	4	3	3	3	2	2	1	3	3	1	11	5	1	2	15	2	4	1	2	1	1
1050	2	8	2	7	1	6	5	5	5	4	17	3	5	2	2	1	2	17	1	2	1	5	2	1	2	2	1	2	1	1
1060	4	8	4	7	3	6	19	5	6	4	11	3	2	2	1	1	9	11	1	9	3	19	2	3	2	4	1	2	1	1
1070	1	8	1	7	12	6	5	5	3	4	6	3	2	2	1	1	1	20	1	1	1	17	1	12	1	1	1	1	1	1
1080	2	8	11	7	1	6	5	5	5	4	20	3	2	2	1	1	1	20	1	1	1	5	1	1	1	11	1	1	1	1
1090	4	8	4	7	1	6	1	5	1	4	3	3	3	2	2	1	2	3	1	2	15	1	2	15	2	4	1	2	1	1
1100	2	8	2	7	3	6	4	5	4	4	5	3	5	2	2	1	2	5	1	2	3	4	2	3	2	2	1	2	1	1
1110	3	8	3	7	10	6	3	5	3	4	3	3	3	2	2	1	2	3	1	2	1	3	1	10	1	3	1	1	1	1
1120	1	8	1	7	5	6	3	5	3	4	3	3	3	2	3	1	3	3	1	3	5	3	1	5	1	1	1	1	1	1
1130	2	8	2	7	2	6	2	5	2	4	2	3	2	2	1	1	1	2	1	1	2	2	1	2	1	2	1	1	1	1
1140	13	8	2	7	5	6	5	5	5	4	2	3	2	2	1	1	1	2	1	1	5	5	2	5	2	13	1	2	1	1
1150	3	8	3	7	1	6	5	5	4	4	3	3	2	2	2	1	2	11	1	2	2	18	1	9	1	3	1	1	1	1
1160	4	8	4	7	16	6	4	5	4	4	11	3	2	2	9	1	1	11	1	9	2	4	1	16	1	4	1	1	1	1
1170	4	8	4	7	5	6	5	5	5	4	3	3	3	2	1	1	1	3	1	1	5	5	2	5	2	4	1	2	1	1
1180	4	8	4	7	1	6	5	5	5	4	2	3	11	2	1	1	10	11	1	10	1	5	1	1	1	4	1	1	1	1
1190	4	8	4	7	4	6	4	5	4	4	2	3	2	2	2	1	2	2	1	2	4	4	1	4	1	4	1	1	1	1
1200	9	8	1	7	1	6	3	5	3	4	3	3	3	2	2	1	2	3	1	2	15	3	2	15	2	9	1	2	1	1
1210	4	8	13	7	5	6	5	5	16	4	7	3	7	2	1	1	9	7	1	9	17	16	1	17	1	13	1	1	1	1
1220	2	8	2	7	3	6	5	5	5	4	3	3	3	2	2	1	2	3	1	2	3	5	1	3	1	2	1	1	1	1
1230	2	8	2	7	5	6	1	5	1	4	3	3	2	2	2	1	1	11	1	9	5	1	2	5	2	2	1	2	1	1
1240	2	8	2	7	1	6	4	5	4	4	3	3	3	2	3	1	3	3	1	3	1	4	2	1	2	2	1	2	1	1
1250	3	8	3	7	2	6	5	5	6	4	3	3	3	2	2	1	2	3	1	2	5	23	1	16	1	3	1	1	1	1
1260	1	8	1	7	2	6	6	5	6	4	11	3	2	2	1	1	1	11	1	1	2	6	2	2	2	1	1	2	1	1
1270	3	8	3	7	3	6	4	5	4	4	14	3	4	2	1	1	1	14	1	1	3	4	1	3	1	3	1	1	1	1
1280	4	8	4	7	5	6	15	5	5	4	3	3	2	2	2	1	2	11	1	2	5	15	1	5	1	4	1	1	1	1
1290	3	8	3	7	15	6	1	5	1	4	2	3	2	2	1	1	1	2	1	1	5	1	2	15	2	3	1	2	1	1
1300	4	8	4	7	5	6	5	5	5	4	5	3	5	2	2	1	2	5	1	2	5	5	2	5	2	4	1	2	1	1
1310	3	8	3	7	3	6	1	5	4	4	3	3	11	2	1	1	1	11	1	1	3	12	2	3	2	3	1	2	1	1
1320	1	8	1	7	3	6	3	5	3	4	6	3	6	2	2	1	2	6	1	2	3	3	2	3	2	1	1	2	1	1
1330	4	8	4	7	2	6	6	5	6	4	3	3	11	2	2	1	11	11	1	11	2	6	1	2	1	4	1	1	1	1
1340	2	8	2	7	4	6	3	5	3	4	3	3	2	2	2	1	2	11	1	2	4	3	1	4	1	2	1	1	1	1
1350	1	8	3	7	4	6	4	5	4	4	3	3	2	2	3	1	3	11	1	3	4	4	2	4	1	10	1	9	1	1
1360	3	8	3	7	4	6	4	5	4	4	4	3	4	2	3	1	3	4	1	3	4	4	1	4	1	3	1	1	1	1
1370	2	8	2	7	2	6	1	5	1	4	2	3	20	2	2	1	11	20	1	11	2	1	1	2	1	2	1	1	1	1
1380	1	8	1	7	4	6	2	5	2	4	1	3	1	2	3	1	3	1	1	3	13	2	2	13	2	1	1	2	1	1
1390	4	8	3	7	4	6	2	5	2	4	2	3	2	2	1	1	1	2	1	1	4	2	1	4	2	14	1	9	1	1
1400	1	8	1	7	4	6	5	5	5	4	3	3	3	2	1	1	1	3	1	1	4	5	2	4	2	1	1	2	1	1
1410	3	8	3	7	1	6	3	5	3	4	3	3	3	2	2	1	2	3	1	2	1	3	1	1	1	3	1	1	1	1
1420	2	8	2	7	3	6	4	5	4	4	4	3	4	2	2	1	2	4	1	2	3	4	1	3	1	2	1	1	1	1
1430	1	8	1	7	2	6	1	5	4	4	2	3	2	2	3	1	3	2	1	3	11	12	2	11	2	1	1	2	1	1
1440	1	8	1	7	1	6	4	5	4	4	2	3	2	2	2	1	2	2	1	2	15	4	2	15	2	1	1	2	1	1
1450	2	8	2	7	4	6	5	5	18	4	6	3	20	2	2	1	9	20	1	9	4	18	1	4	1	2	1	1	1	1
1460	4	8	14	7	3	6	3	5	3	4	3	3	3	2	1	1	1	3	1	1	3	3	2	3	2	14	1	2	1	1
1470	1	8	1	7	3	6	3	5	6	4	4	3	4	2	2	1	2	4	1	2	3	21	1	3	1	1	1	1	1	1
1480	2	8	2	7	1	6	4	5	14	4	6	3	6	2	3	1	3	6	1	3	1	14	1	1	1	2	1	1	1	1
1490	3	8	3	7	5	6	2	5	2	4	5	3	5	2	1	1	1	5	1	1	1	2	2	15	2	3	1	2	1	1
1500	12	8	1	7	3	6	4	5	4	4	5	3	5	2	2	1	2	5	1	2	3	4	1	3	1	12	1	1	1	1
1510	2	8	2	7	5	6	4	5	4	4	6	3	6	2	2	1	2	6	1	2	5	4	2	5	2	2	1	2	1	1
1520	1	8	1	7	4	6	4	5	4	4	3	3	3	2	1	1	1	3	1	1	4	4	1	4	1	1	1	1	1	1
1530	1	8	1	7	4	6	15	5	5	4	3	3	11	2	2	1	2	11	1	2	4	15	2	4	1	1	1	9	1	1
1540	4	8	4	7	5	6	3	5	4	4	5	3	5	2	2	1	2	5	1	2	5	14	1	5	1	4	1	1	1	1
1550	3	8	3	7	4	6	3	5	3	4	4	3	4	2	2	1	2	4	1	2	4	3	2	4	2	3	1	2	1	1
1560	4	8	4	7	5	6	2	5	2	4	3	3	3	2	2	1	2	3	1	2	5	2	1	5	1	4	1	1	1	1
1570	1	8	1	7	3	6	6	5	4	4	4	3	13	2	2	1	2	13	1	2	3	22	2	3	2	1	1	2	1	1
1580	2	8	2	7	3	6	6	5	6	4	4	3	6	2	2	1	2	22	1	2	3	6	2	3	2	2	1	2	1	1
1590	3	8	3	7	5	6	3	5	3	4	6	3	20	2	3	1	3	20	1	3	16	3	2	16	2	3	1	2	1	1
1600	1	8	1	7	1	6	5	5	4	4	3	3	2	2	9	1	1	11	1	9	1	18	1	1	1	1	1	1	1	1
1610	1	8	1	7	13	6	3	5	14	4	16	3	2	2	2	1	2	16	1	2	2	14	1	13	1	1	1	1	1	1
1620	11	8	2	7	2	6	4	5	6	4	2	3	2	2	3	1	11	2	1	11	2	22	2	2	9	11	1	9	1	1
1630	1	8	1	7	1	6	4	5	4	4	11	3	2	2	1	1	1	11	1	1	1	4	2	1	9	1	1	9	1	1
1640	2	8	2	7	3	6	18	5	4	4	3	3	3	2	3	1	3	3	1	3	3	18	1	3	1	2	1	1	1	1
1650	3	8	3	7	14	6	15	5	5	4	3	3	1	2	2	1	2	10	1	2	4	15	9	14	1	3	1	9	1	1
1660	2	8	13	7	2	6	4	5	4	4	2	3	2	2	1	1	1	2	1	1	2	4	1	2	1	13	1	1	1	1
1670	2	8	2	7	2	6	17	5	3	4	2	3	2	2	2	1	2	2	1	2	2	17	2	2	2	2	1	2	1	1
1680	4	8	4	7	5	6	6	5	6	4	4	3	18	2	2	1	2	18	1	2	5	6	1	5	1	4	1	1	1	1
1690	2	8	2	7	1	6	5	5	4	4	2	3	2	2	2	1	1	2	1	9	1	18	1	1	1	2	1	1	1	1
1700	2	8	9	7	2	6	5	5	4	4	4	3	4	2	2	1	3	4	1	11	4	18	1	13	1	9	1	1	1	1
1710	4	8	4	7	2	6	1	5	1	4	2	3	2	2	1	1	1	2	1	1	2	1	2	2	2	4	1	2	1	1
1720	2	8	2	7	4	6	1	5	1	4	3	3	3	2	3	1	3	3	1	3	4	1	2	4	2	2	1	2	1	1
1730	3	8	14	7	5	6	3	5	3	4	11	3	2	2	1	1	1	11	1	1	5	3	2	5	2	14	1	2	1	1
1740	3	8	1	7	3	6	4	5	6	4	3	3	3	2	2	1	2	3	1	2	5	22	2	17	2	10	1	2	1	1
1750	1	8	3	7	1	6	4	5	4	4	3	3	3	2	2	1	2	3	1	2	1	4	2	1	2	10	1	2	1	1
1760	2	8	9	7	4	6	5	5	5	4	3	3	3	2	9	1	2	3	1	9	4	5	1	4	1	9	1	1	1	1
1770	11	8	3	7	5	6	5	5	5	4	3	3	11	2	2	1	2	11	1	2	5	5	2	5	1	11	1	9	1	1
1780	2	8	2	7	2	6	5	5	5	4	2	3	2	2	3	1	3	2	1	3	2	5	2	2	2	2	1	2	1	1
1790	4	8	4	7	2	6	1	5	1	4	6	3	7	2	3	1	3	29	1	3	1	1	2	9	2	4	1	2	1	1
1800	4	8	4	7	11	6	4	5	4	4	3	3	2	2	3	1	3	11	1	3	3	4	2	11	2	4	1	2	1	1
1810	2	8	2	7	3	6	2	5	2	4	3	3	3	2	1	1	1	3	1	1	3	2	2	3	2	2	1	2	1	1
1820	1	8	1	7	4	6	5	5	4	4	2	3	2	2	1	1	1	2	1	1	4	18	2	4	2	1	1	2	1	1
1830	3	8	3	7	4	6	5	5	5	4	4	3	2	2	3	1	3	13	1	3	4	5	2	4	2	3	1	2	1	1
1840	3	8	3	7	4	6	2	5	2	4	3	3	11	2	1	1	1	11	1	1	18	2	2	18	2	3	1	2	1	1
1850	1	8	1	7	4	6	5	5	5	4	2	3	2	2	1	1	1	2	1	1	4	5	1	4	1	1	1	1	1	1
1860	4	8	4	7	4	6	3	5	14	4	4	3	4	2	1	1	1	4	1	1	4	14	2	4	2	4	1	2	1	1
1870	1	8	1	7	2	6	5	5	5	4	3	3	7	2	2	1	3	26	1	11	2	5	1	2	1	1	1	1	1	1
1880	4	8	1	7	5	6	4	5	4	4	2	3	2	2	1	1	1	2	1	1	5	4	1	5	1	12	1	1	1	1
1890	2	8	2	7	2	6	4	5	4	4	3	3	3	2	2	1	2	3	1	2	2	4	2	2	2	2	1	2	1	1
1900	1	8	1	7	1	6	1	5	1	4	2	3	2	2	1	1	1	2	1	1	1	1	2	1	2	1	1	2	1	1
1910	1	8	1	7	2	6	15	5	1	4	2	3	2	2	3	1	3	2	1	3	2	15	2	2	2	1	1	2	1	1
1920	2	8	9	7	2	6	4	5	13	4	2	3	2	2	1	1	1	2	1	1	2	13	2	2	2	9	1	2	1	1
1930	1	8	1	7	4	6	14	5	4	4	3	3	2	2	3	1	2	11	1	11	4	14	1	4	1	1	1	1	1	1
1940	1	8	1	7	3	6	4	5	4	4	21	3	6	2	1	1	9	21	1	9	3	4	2	3	2	1	1	2	1	1
1950	2	8	2	7	2	6	6	5	3	4	3	3	21	2	2	1	2	21	1	2	2	21	1	2	1	2	1	1	1	1
1960	3	8	3	7	4	6	5	5	5	4	11	3	2	2	1	1	1	11	1	1	4	5	2	4	2	3	1	2	1	1
1970	4	8	14	7	4	6	5	5	5	4	1	3	2	2	2	1	2	9	1	2	5	5	1	18	1	14	1	1	1	1
1980	4	8	4	7	1	6	5	5	5	4	3	3	3	2	2	1	2	3	1	2	1	5	1	1	1	4	1	1	1	1
1990	4	8	13	7	2	6	4	5	4	4	3	3	2	2	3	1	3	11	1	3	3	4	1	11	1	13	1	1	1	1
2000	3	8	3	7	2	6	5	5	1	4	3	3	2	2	2	1	2	11	1	2	9	15	9	9	2	3	1	9	1	1
2010	3	8	3	7	1	6	18	5	4	4	2	3	2	2	3	1	10	2	1	10	1	18	1	1	9	3	1	9	1	1
2020	4	8	4	7	3	6	5	5	5	4	6	3	6	2	1	1	1	6	1	1	10	5	1	10	1	4	1	1	1	1
2030	1	8	1	7	5	6	5	5	5	4	2	3	2	2	3	1	3	2	1	3	5	5	1	5	1	1	1	1	1	1
2040	1	8	1	7	1	6	5	5	18	4	3	3	3	2	2	1	2	3	1	2	1	18	1	1	1	1	1	1	1	1
2050	2	8	2	7	2	6	4	5	4	4	16	3	2	2	9	1	1	16	1	9	2	4	2	2	2	2	1	2	1	1
2060	1	8	1	7	3	6	5	5	1	4	3	3	3	2	1	1	1	3	1	1	3	15	1	3	1	1	1	1	1	1
2070	1	8	1	7	3	6	2	5	2	4	6	3	1	2	2	1	2	19	1	2	4	2	2	14	2	1	1	2	1	1
2080	3	8	3	7	4	6	23	5	5	4	2	3	20	2	2	1	2	20	1	2	4	23	2	4	2	3	1	2	1	1
2090	2	8	2	7	3	6	15	5	5	4	3	3	2	2	2	1	2	11	1	2	4	15	1	14	1	2	1	1	1	1
2100	3	8	3	7	1	6	5	5	5	4	3	3	11	2	3	1	3	11	1	3	1	5	1	1	1	3	1	1	1	1
2110	2	8	2	7	4	6	5	5	18	4	2	3	11	2	3	1	3	11	1	3	4	18	2	4	9	2	1	9	1	1
2120	1	8	1	7	2	6	1	5	9	4	3	3	3	2	3	1	3	3	1	3	5	9	1	16	1	1	1	1	1	1
2130	4	8	4	7	3	6	4	5	4	4	5	3	2	2	2	1	2	16	1	2	14	4	9	14	1	4	1	9	1	1
2140	3	8	3	7	2	6	3	5	3	4	3	3	2	2	3	1	3	11	1	3	2	3	2	2	2	3	1	2	1	1
2150	1	8	1	7	3	6	4	5	12	4	3	3	3	2	2	1	2	3	1	2	3	12	2	3	2	1	1	2	1	1
2160	4	8	1	7	5	6	3	5	3	4	3	3	5	2	3	1	3	17	1	3	5	3	2	5	2	12	1	2	1	1
2170	2	8	2	7	4	6	1	5	1	4	2	3	2	2	2	1	2	2	1	2	4	1	2	4	2	2	1	2	1	1
2180	1	8	1	7	5	6	3	5	3	4	6	3	6	2	2	1	2	6	1	2	5	3	2	5	2	1	1	2	1	1
2190	2	8	2	7	2	6	3	5	3	4	3	3	21	2	2	1	2	21	1	2	2	3	2	2	2	2	1	2	1	1
2200	4	8	4	7	3	6	4	5	22	4	3	3	1	2	1	1	1	10	1	1	3	22	1	3	1	4	1	1	1	1
2210	3	8	3	7	4	6	2	5	2	4	4	3	4	2	2	1	2	4	1	2	4	2	1	4	1	3	1	1	1	1
2220	1	8	1	7	5	6	3	5	3	4	3	3	2	2	1	1	1	11	1	1	2	3	2	16	2	1	1	2	1	1
2230	2	8	2	7	3	6	3	5	3	4	2	3	2	2	2	1	2	2	1	2	3	3	2	3	2	2	1	2	1	1
2240	2	8	2	7	3	6	5	5	5	4	14	3	4	2	1	1	1	14	1	1	3	5	1	3	1	2	1	1	1	1
2250	1	8	1	7	4	6	5	5	5	4	2	3	2	2	3	1	3	2	1	3	4	5	2	4	2	1	1	2	1	1
2260	14	8	4	7	4	6	4	5	4	4	2	3	2	2	1	1	1	2	1	1	4	4	2	4	2	14	1	2	1	1
2270	10	8	3	7	5	6	2	5	3	4	3	3	3	2	1	1	1	3	1	1	5	11	2	5	2	10	1	2	1	1
2280	3	8	3	7	2	6	6	5	6	4	2	3	2	2	3	1	3	2	1	3	2	6	2	2	2	3	1	2	1	1
2290	4	8	3	7	3	6	4	5	4	4	7	3	4	2	3	1	3	27	1	3	3	4	2	3	2	14	1	2	1	1
2300	4	8	4	7	2	6	3	5	3	4	6	3	6	2	2	1	2	6	1	2	2	3	1	2	1	4	1	1	1	1
2310	1	8	2	7	3	6	5	5	5	4	4	3	5	2	2	1	1	18	1	9	3	5	2	3	2	9	1	2	1	1
2320	4	8	4	7	1	6	5	5	5	4	3	3	2	2	11	1	3	11	1	11	1	5	2	1	2	4	1	2	1	1
2330	2	8	2	7	4	6	4	5	4	4	2	3	2	2	1	1	1	2	1	1	4	4	1	4	1	2	1	1	1	1
2340	1	8	1	7	5	6	5	5	5	4	3	3	3	2	1	1	1	3	1	1	5	5	1	5	1	1	1	1	1	1
2350	10	8	1	7	1	6	3	5	3	4	4	3	7	2	2	1	2	27	1	2	1	3	1	1	1	10	1	1	1	1
2360	1	8	1	7	5	6	6	5	6	4	6	3	6	2	1	1	1	6	1	1	1	6	2	15	2	1	1	2	1	1
2370	11	8	3	7	4	6	6	5	6	4	3	3	14	2	1	1	1	14	1	1	4	6	2	4	2	11	1	2	1	1
2380	4	8	4	7	5	6	5	5	5	4	1	3	1	2	1	1	1	1	1	1	5	5	1	5	1	4	1	1	1	1
2390	3	8	3	7	1	6	5	5	5	4	1	3	1	2	1	1	1	1	1	1	1	5	2	1	2	3	1	2	1	1
2400	1	8	1	7	4	6	4	5	4	4	5	3	2	2	1	1	1	16	1	1	4	4	2	4	1	1	1	9	1	1
2410	1	8	1	7	1	6	4	5	18	4	2	3	2	2	2	1	2	2	1	2	5	18	2	15	2	1	1	2	1	1
2420	1	8	9	7	3	6	15	5	1	4	3	3	3	2	3	1	3	3	1	3	3	15	1	3	1	9	1	1	1	1
2430	3	8	3	7	2	6	5	5	5	4	5	3	5	2	3	1	3	5	1	3	2	5	1	2	1	3	1	1	1	1
2440	3	8	3	7	5	6	4	5	4	4	3	3	3	2	3	1	3	3	1	3	1	4	1	15	2	3	1	9	1	1
2450	3	8	3	7	5	6	2	5	2	4	5	3	5	2	1	1	1	5	1	1	5	2	2	5	2	3	1	2	1	1
2460	1	8	1	7	3	6	5	5	5	4	3	3	3	2	3	1	3	3	1	3	4	5	2	14	2	1	1	2	1	1
2470	3	8	3	7	4	6	5	5	5	4	2	3	2	2	2	1	2	2	1	2	4	5	1	4	1	3	1	1	1	1
2480	1	8	1	7	5	6	15	5	1	4	4	3	14	2	1	1	1	14	1	1	1	15	1	15	2	1	1	9	1	1
2490	1	8	1	7	4	6	1	5	1	4	2	3	2	2	1	1	1	2	1	1	4	1	1	4	2	1	1	9	1	1
2500	4	8	4	7	2	6	3	5	3	4	3	3	3	2	2	1	2	3	1	2	2	3	1	2	1	4	1	1	1	1
2510	1	8	1	7	15	6	5	5	5	4	4	3	2	2	2	1	2	13	1	2	5	5	1	15	1	1	1	1	1	1
2520	4	8	4	7	5	6	6	5	6	4	7	3	7	2	3	1	3	7	1	3	5	6	1	5	9	4	1	9	1	1
2530	2	8	2	7	1	6	3	5	3	4	4	3	3	2	1	1	1	14	1	1	1	3	2	1	2	2	1	2	1	1
2540	14	8	4	7	1	6	5	5	5	4	11	3	2	2	2	1	2	11	1	2	1	5	2	1	2	14	1	2	1	1
2550	2	8	2	7	1	6	5	5	4	4	14	3	3	2	1	1	1	14	1	1	1	18	1	1	1	2	1	1	1	1
2560	3	8	3	7	1	6	1	5	1	4	2	3	2	2	3	1	3	2	1	3	1	1	1	1	1	3	1	1	1	1
2570	1	8	1	7	4	6	6	5	6	4	4	3	14	2	2	1	2	14	1	2	4	6	2	4	2	1	1	2	1	1
2580	2	8	2	7	3	6	3	5	3	4	3	3	2	2	1	1	1	11	1	1	3	3	1	3	2	2	1	9	1	1
2590	2	8	2	7	5	6	2	5	2	4	2	3	2	2	1	1	1	2	1	1	5	2	1	5	1	2	1	1	1	1
2600	2	8	2	7	5	6	4	5	18	4	2	3	2	2	2	1	2	2	1	2	5	18	2	5	2	2	1	2	1	1
2610	2	8	1	7	4	6	6	5	6	4	5	3	5	2	3	1	3	5	1	3	3	6	2	14	2	9	1	2	1	1
2620	1	8	10	7	1	6	19	5	6	4	2	3	2	2	1	1	1	2	1	1	5	19	1	15	1	10	1	1	1	1
2630	2	8	2	7	3	6	5	5	5	4	6	3	6	2	2	1	2	6	1	2	3	5	1	3	1	2	1	1	1	1
2640	3	8	4	7	1	6	5	5	5	4	2	3	2	2	1	1	1	2	1	1	1	5	2	1	2	14	1	2	1	1
2650	1	8	1	7	4	6	4	5	4	4	3	3	3	2	2	1	2	3	1	2	4	4	1	4	1	1	1	1	1	1
2660	14	8	3	7	3	6	5	5	5	4	3	3	1	2	1	1	1	10	1	1	3	5	2	3	2	14	1	2	1	1
2670	1	8	1	7	1	6	4	5	4	4	3	3	6	2	10	1	3	21	1	10	1	4	1	1	1	1	1	1	1	1
2680	2	8	2	7	2	6	2	5	9	4	3	3	6	2	2	1	11	21	1	11	2	9	1	2	1	2	1	1	1	1
2690	4	8	4	7	4	6	6	5	6	4	4	3	4	2	2	1	1	4	1	9	4	6	2	4	2	4	1	2	1	1
2700	3	8	3	7	4	6	5	5	5	4	3	3	6	2	2	1	1	21	1	9	4	5	1	4	2	3	1	9	1	1
2710	3	8	3	7	1	6	2	5	2	4	5	3	5	2	1	1	1	5	1	1	1	2	1	1	1	3	1	1	1	1
2720	1	8	1	7	5	6	4	5	4	4	4	3	4	2	2	1	2	4	1	2	5	4	2	5	2	1	1	2	1	1
2730	1	8	1	7	4	6	1	5	1	4	3	3	4	2	1	1	1	14	1	1	4	1	1	4	1	1	1	1	1	1
2740	2	8	2	7	5	6	5	5	2	4	6	3	20	2	2	1	2	20	1	2	5	16	1	5	1	2	1	1	1	1
2750	1	8	1	7	3	6	4	5	4	4	4	3	4	2	1	1	1	4	1	1	4	4	2	14	9	1	1	9	1	1
2760	4	8	4	7	5	6	5	5	2	4	2	3	2	2	1	1	1	2	1	1	5	16	1	5	1	4	1	1	1	1
2770	2	8	2	7	1	6	5	5	5	4	6	3	6	2	3	1	3	6	1	3	5	5	2	15	2	2	1	2	1	1
2780	1	8	1	7	1	6	4	5	4	4	3	3	2	2	3	1	3	11	1	3	1	4	2	1	1	1	1	9	1	1
2790	3	8	11	7	3	6	2	5	2	4	4	3	4	2	3	1	3	4	1	3	3	2	1	3	1	11	1	1	1	1
2800	3	8	3	7	13	6	5	5	5	4	3	3	3	2	3	1	3	3	1	3	2	5	1	13	1	3	1	1	1	1
2810	1	8	1	7	1	6	5	5	5	4	4	3	4	2	2	1	2	4	1	2	15	5	2	15	2	1	1	2	1	1
2820	1	8	1	7	3	6	4	5	4	4	4	3	4	2	2	1	2	4	1	2	3	4	1	3	1	1	1	1	1	1
2830	1	8	1	7	2	6	3	5	14	4	3	3	2	2	1	1	1	11	1	1	2	14	1	2	1	1	1	1	1	1
2840	3	8	3	7	2	6	13	5	4	4	4	3	2	2	2	1	2	13	1	2	2	13	1	2	1	3	1	1	1	1
2850	3	8	3	7	3	6	5	5	5	4	2	3	2	2	1	1	1	2	1	1	3	5	1	3	9	3	1	9	1	1
2860	1	8	1	7	5	6	5	5	5	4	7	3	3	2	3	1	3	26	1	3	5	5	2	5	2	1	1	2	1	1
2870	2	8	2	7	2	6	5	5	5	4	10	3	3	2	3	1	3	10	1	3	2	5	1	2	1	2	1	1	1	1
2880	1	8	1	7	5	6	1	5	1	4	2	3	2	2	2	1	2	2	1	2	1	1	2	15	2	1	1	2	1	1
2890	3	8	3	7	3	6	6	5	6	4	3	3	3	2	2	1	2	3	1	2	3	6	2	3	2	3	1	2	1	1
2900	3	8	3	7	1	6	3	5	3	4	1	3	1	2	1	1	1	1	1	1	9	3	1	9	1	3	1	1	1	1
2910	3	8	3	7	1	6	1	5	12	4	2	3	2	2	1	1	1	2	1	1	1	12	2	1	2	3	1	2	1	1
2920	1	8	1	7	3	6	1	5	1	4	3	3	3	2	2	1	3	3	1	11	4	1	1	14	1	1	1	1	1	1
2930	2	8	2	7	1	6	5	5	5	4	5	3	2	2	1	1	1	16	1	1	1	5	1	1	9	2	1	9	1	1
2940	1	8	1	7	4	6	5	5	5	4	4	3	4	2	1	1	1	4	1	1	4	5	1	4	1	1	1	1	1	1
2950	4	8	4	7	1	6	2	5	1	4	3	3	3	2	1	1	1	3	1	1	1	9	1	1	9	4	1	9	1	1
2960	2	8	2	7	4	6	4	5	4	4	2	3	2	2	3	1	3	2	1	3	4	4	2	4	2	2	1	2	1	1
2970	4	8	4	7	3	6	3	5	3	4	7	3	7	2	2	1	2	7	1	2	4	3	2	14	2	4	1	2	1	1
2980	3	8	3	7	2	6	3	5	3	4	3	3	3	2	1	1	1	3	1	1	2	3	2	2	9	3	1	9	1	1
2990	4	8	4	7	17	6	1	5	12	4	3	3	3	2	1	1	1	3	1	1	3	12	2	17	2	4	1	2	1	1
3000	4	8	14	7	4	6	12	5	4	4	2	3	20	2	1	1	1	20	1	1	4	12	1	4	1	14	1	1	1	1
3010	4	8	3	7	1	6	5	5	23	4	3	3	6	2	3	1	3	21	1	3	2	23	1	9	1	14	1	1	1	1
3020	2	8	2	7	4	6	6	5	6	4	2	3	2	2	3	1	3	2	1	3	4	6	1	4	1	2	1	1	1	1
3030	1	8	3	7	2	6	1	5	2	4	3	3	2	2	10	1	3	11	1	10	4	9	1	13	2	10	1	9	1	1
3040	4	8	4	7	1	6	5	5	5	4	2	3	2	2	1	1	1	2	1	1	1	5	2	1	2	4	1	2	1	1
3050	2	8	2	7	2	6	5	5	5	4	3	3	2	2	1	1	1	11	1	1	5	5	2	16	2	2	1	2	1	1
3060	14	8	3	7	1	6	1	5	1	4	10	3	3	2	3	1	3	10	1	3	1	1	1	1	1	14	1	1	1	1
3070	3	8	3	7	3	6	5	5	5	4	6	3	6	2	3	1	1	6	1	10	3	5	2	3	2	3	1	2	1	1
3080	1	8	1	7	3	6	4	5	4	4	4	3	4	2	1	1	1	4	1	1	3	4	2	3	2	1	1	2	1	1
3090	2	8	2	7	4	6	6	5	21	4	2	3	2	2	2	1	2	2	1	2	4	21	2	4	2	2	1	2	1	1
3100	1	8	9	7	14	6	1	5	1	4	3	3	3	2	1	1	1	3	1	1	4	1	2	14	2	9	1	2	1	1
3110	3	8	3	7	4	6	4	5	4	4	2	3	2	2	2	1	2	2	1	2	4	4	2	4	2	3	1	2	1	1
3120	1	8	1	7	5	6	5	5	4	4	3	3	2	2	2	1	2	11	1	2	1	18	1	15	1	1	1	1	1	1
3130	3	8	3	7	15	6	3	5	3	4	4	3	3	2	3	1	3	14	1	3	5	3	2	15	2	3	1	2	1	1
3140	1	8	2	7	4	6	3	5	4	4	3	3	6	2	1	1	1	21	1	1	4	14	2	4	2	9	1	2	1	1
3150	4	8	4	7	2	6	5	5	5	4	3	3	3	2	2	1	2	3	1	2	2	5	2	2	2	4	1	2	1	1
3160	3	8	3	7	3	6	5	5	5	4	5	3	2	2	2	1	2	16	1	2	3	5	2	3	2	3	1	2	1	1
3170	3	8	3	7	3	6	5	5	6	4	26	3	7	2	9	1	2	26	1	9	3	23	2	3	2	3	1	2	1	1
3180	3	8	3	7	5	6	4	5	4	4	10	3	3	2	1	1	9	10	1	9	5	4	2	5	2	3	1	2	1	1
3190	4	8	4	7	4	6	4	5	4	4	2	3	2	2	2	1	2	2	1	2	4	4	2	4	1	4	1	9	1	1
3200	2	8	2	7	2	6	4	5	4	4	2	3	16	2	1	1	1	16	1	1	2	4	9	2	1	2	1	9	1	1
3210	2	8	2	7	3	6	3	5	3	4	22	3	4	2	1	1	1	22	1	1	11	3	2	11	2	2	1	2	1	1
3220	3	8	3	7	1	6	1	5	1	4	2	3	2	2	1	1	1	2	1	1	1	1	1	1	1	3	1	1	1	1
3230	3	8	3	7	5	6	1	5	19	4	4	3	13	2	1	1	1	13	1	1	5	19	1	5	1	3	1	1	1	1
3240	3	8	3	7	2	6	5	5	1	4	3	3	3	2	3	1	3	3	1	3	1	15	2	9	2	3	1	2	1	1
3250	4	8	4	7	13	6	4	5	12	4	2	3	2	2	3	1	3	2	1	3	2	12	1	13	1	4	1	1	1	1
3260	1	8	1	7	4	6	5	5	5	4	4	3	13	2	3	1	3	13	1	3	14	5	1	14	1	1	1	1	1	1
3270	2	8	2	7	2	6	2	5	2	4	2	3	2	2	2	1	2	2	1	2	2	2	1	2	1	2	1	1	1	1
3280	1	8	1	7	3	6	5	5	1	4	2	3	2	2	2	1	2	2	1	2	3	15	1	3	1	1	1	1	1	1
3290	3	8	3	7	5	6	3	5	3	4	2	3	2	2	2	1	2	2	1	2	5	3	9	5	2	3	1	9	1	1
3300	1	8	1	7	15	6	1	5	1	4	3	3	11	2	3	1	3	11	1	3	5	1	1	15	1	1	1	1	1	1
3310	2	8	2	7	5	6	2	5	2	4	3	3	3	2	2	1	2	3	1	2	5	2	2	5	2	2	1	2	1	1
3320	2	8	2	7	5	6	1	5	6	4	3	3	3	2	1	1	1	3	1	1	5	19	2	5	2	2	1	2	1	1
3330	9	8	1	7	3	6	2	5	2	4	19	3	1	2	2	1	1	19	1	9	3	2	2	3	2	9	1	2	1	1
3340	3	8	3	7	5	6	5	5	5	4	2	3	2	2	2	1	2	2	1	2	5	5	1	5	1	3	1	1	1	1
3350	2	8	2	7	1	6	6	5	6	4	1	3	1	2	9	1	2	1	1	9	1	6	1	1	1	2	1	1	1	1
3360	1	8	1	7	1	6	4	5	4	4	2	3	2	2	1	1	1	2	1	1	1	4	2	1	2	1	1	2	1	1
3370	4	8	3	7	1	6	1	5	19	4	2	3	2	2	1	1	1	2	1	1	1	19	1	1	1	14	1	1	1	1
3380	3	8	3	7	4	6	4	5	4	4	3	3	1	2	1	1	1	10	1	1	4	4	1	4	2	3	1	9	1	1
3390	2	8	4	7	5	6	4	5	4	4	2	3	2	2	3	1	3	2	1	3	5	4	1	5	1	13	1	1	1	1
3400	1	8	1	7	3	6	1	5	1	4	3	3	4	2	3	1	3	14	1	3	3	1	1	3	1	1	1	1	1	1
3410	2	8	2	7	1	6	4	5	4	4	2	3	2	2	3	1	3	2	1	3	1	4	1	1	1	2	1	1	1	1
3420	1	8	1	7	3	6	5	5	5	4	13	3	2	2	2	1	2	13	1	2	3	5	1	3	1	1	1	1	1	1
3430	11	8	2	7	1	6	15	5	1	4	11	3	2	2	1	1	1	11	1	1	1	15	1	1	1	11	1	1	1	1
3440	3	8	4	7	5	6	1	5	5	4	16	3	5	2	1	1	1	16	1	1	5	15	2	5	2	14	1	2	1	1
3450	1	8	1	7	1	6	11	5	3	4	3	3	3	2	3	1	3	3	1	3	1	11	1	1	1	1	1	1	1	1
3460	2	8	2	7	2	6	1	5	12	4	3	3	3	2	2	1	2	3	1	2	2	12	1	2	1	2	1	1	1	1
3470	1	8	1	7	1	6	3	5	3	4	2	3	2	2	3	1	3	2	1	3	1	3	1	1	1	1	1	1	1	1
3480	2	8	2	7	4	6	1	5	4	4	3	3	11	2	1	1	1	11	1	1	4	12	2	4	2	2	1	2	1	1
3490	1	8	1	7	1	6	1	5	1	4	2	3	2	2	2	1	2	2	1	2	1	1	1	1	1	1	1	1	1	1
3500	11	8	2	7	3	6	3	5	3	4	28	3	7	2	3	1	3	28	1	3	3	3	1	3	1	11	1	1	1	1
3510	2	8	13	7	4	6	18	5	4	4	11	3	2	2	3	1	3	11	1	3	14	18	1	14	1	13	1	1	1	1
3520	1	8	1	7	1	6	22	5	6	4	3	3	3	2	2	1	2	3	1	2	1	22	2	1	2	1	1	2	1	1
3530	3	8	3	7	2	6	6	5	4	4	3	3	1	2	3	1	3	10	1	3	13	22	1	13	1	3	1	1	1	1
3540	2	8	2	7	5	6	4	5	13	4	3	3	3	2	1	1	1	3	1	1	5	13	1	5	1	2	1	1	1	1
3550	3	8	3	7	4	6	4	5	4	4	4	3	4	2	1	1	1	4	1	1	4	4	2	4	2	3	1	2	1	1
3560	2	8	1	7	2	6	1	5	1	4	3	3	3	2	2	1	2	3	1	2	2	1	2	2	2	9	1	2	1	1
3570	1	8	1	7	4	6	14	5	4	4	5	3	5	2	1	1	1	5	1	1	4	14	2	4	2	1	1	2	1	1
3580	2	8	9	7	3	6	18	5	4	4	3	3	3	2	9	1	1	3	1	9	14	18	2	14	2	9	1	2	1	1
3590	3	8	3	7	3	6	2	5	2	4	4	3	2	2	3	1	3	13	1	3	3	2	2	3	2	3	1	2	1	1
3600	1	8	4	7	2	6	2	5	2	4	6	3	6	2	1	1	10	6	1	10	2	2	2	2	2	12	1	2	1	1
3610	3	8	3	7	1	6	1	5	1	4	3	3	3	2	1	1	1	3	1	1	1	1	2	1	1	3	1	9	1	1
3620	3	8	3	7	1	6	2	5	2	4	6	3	6	2	3	1	3	6	1	3	1	2	1	1	1	3	1	1	1	1
3630	9	8	1	7	1	6	6	5	6	4	2	3	2	2	2	1	2	2	1	2	1	6	2	1	2	9	1	2	1	1
3640	1	8	1	7	5	6	5	5	5	4	2	3	2	2	3	1	3	2	1	3	5	5	1	5	1	1	1	1	1	1
3650	3	8	4	7	15	6	2	5	2	4	2	3	2	2	3	1	3	2	1	3	5	2	2	15	2	14	1	2	1	1
3660	1	8	2	7	1	6	5	5	5	4	3	3	6	2	3	1	3	21	1	3	5	5	2	15	2	9	1	2	1	1
3670	1	8	3	7	1	6	5	5	5	4	6	3	6	2	2	1	2	6	1	2	1	5	2	1	2	10	1	2	1	1
3680	3	8	3	7	3	6	5	5	5	4	6	3	20	2	3	1	3	20	1	3	2	5	1	11	1	3	1	1	1	1
3690	4	8	4	7	1	6	4	5	4	4	3	3	3	2	3	1	3	3	1	3	1	4	2	1	2	4	1	2	1	1
3700	1	8	1	7	4	6	6	5	6	4	2	3	2	2	3	1	3	2	1	3	12	6	2	12	9	1	1	9	1	1
3710	3	8	3	7	5	6	3	5	3	4	9	3	2	2	1	1	1	9	1	1	5	3	2	5	9	3	1	9	1	1
3720	2	8	2	7	1	6	4	5	4	4	1	3	1	2	2	1	2	1	1	2	1	4	2	1	2	2	1	2	1	1
3730	2	8	2	7	5	6	5	5	5	4	3	3	2	2	1	1	1	11	1	1	5	5	2	5	9	2	1	9	1	1
3740	4	8	14	7	17	6	5	5	5	4	3	3	11	2	1	1	1	11	1	1	3	5	1	17	1	14	1	1	1	1
3750	4	8	14	7	1	6	4	5	2	4	1	3	5	2	2	1	2	15	1	2	1	13	1	1	1	14	1	1	1	1
3760	4	8	4	7	1	6	2	5	2	4	3	3	3	2	1	1	1	3	1	1	1	2	1	1	1	4	1	1	1	1
3770	10	8	3	7	3	6	15	5	5	4	1	3	1	2	1	1	1	1	1	1	3	15	2	3	1	10	1	9	1	1
3780	1	8	1	7	3	6	6	5	6	4	2	3	2	2	1	1	1	2	1	1	4	6	1	14	1	1	1	1	1	1
3790	1	8	1	7	5	6	3	5	3	4	3	3	3	2	3	1	3	3	1	3	5	3	1	5	1	1	1	1	1	1
3800	3	8	3	7	3	6	14	5	4	4	3	3	3	2	1	1	9	3	1	9	3	14	1	3	1	3	1	1	1	1
3810	3	8	3	7	1	6	5	5	5	4	3	3	3	2	3	1	3	3	1	3	9	5	2	9	2	3	1	2	1	1
3820	4	8	4	7	2	6	5	5	15	4	5	3	5	2	3	1	3	5	1	3	9	15	2	9	2	4	1	2	1	1
3830	1	8	1	7	5	6	1	5	2	4	3	3	3	2	3	1	3	3	1	3	2	9	2	16	2	1	1	2	1	1
3840	3	8	14	7	2	6	14	5	3	4	4	3	4	2	2	1	2	4	1	2	2	14	1	2	1	14	1	1	1	1
3850	1	8	1	7	4	6	6	5	6	4	3	3	3	2	1	1	1	3	1	1	4	6	1	4	1	1	1	1	1	1
3860	4	8	4	7	1	6	2	5	2	4	2	3	2	2	2	1	2	2	1	2	2	2	2	9	2	4	1	2	1	1
3870	14	8	3	7	2	6	5	5	17	4	3	3	3	2	1	1	1	3	1	1	2	17	1	2	1	14	1	1	1	1
3880	4	8	4	7	3	6	5	5	16	4	2	3	25	2	3	1	3	25	1	3	11	16	2	11	2	4	1	2	1	1
3890	2	8	2	7	5	6	17	5	5	4	18	3	5	2	2	1	2	18	1	2	5	17	2	5	2	2	1	2	1	1
3900	3	8	3	7	5	6	5	5	18	4	2	3	2	2	1	1	1	2	1	1	5	18	1	5	1	3	1	1	1	1
3910	1	8	1	7	1	6	1	5	1	4	3	3	3	2	3	1	3	3	1	3	1	1	1	1	1	1	1	1	1	1
3920	1	8	1	7	1	6	4	5	4	4	4	3	4	2	3	1	3	4	1	3	1	4	1	1	1	1	1	1	1	1
3930	2	8	2	7	3	6	4	5	4	4	4	3	4	2	2	1	2	4	1	2	3	4	1	3	1	2	1	1	1	1
3940	1	8	1	7	2	6	14	5	4	4	11	3	2	2	1	1	1	11	1	1	2	14	1	2	1	1	1	1	1	1
3950	4	8	14	7	1	6	3	5	3	4	4	3	4	2	1	1	1	4	1	1	5	3	2	15	2	14	1	2	1	1
3960	3	8	3	7	2	6	1	5	1	4	3	3	6	2	1	1	1	21	1	1	2	1	1	2	1	3	1	1	1	1
3970	2	8	2	7	2	6	4	5	22	4	14	3	4	2	2	1	2	14	1	2	2	22	2	2	2	2	1	2	1	1
3980	1	8	1	7	3	6	5	5	5	4	4	3	14	2	1	1	1	14	1	1	3	5	1	3	1	1	1	1	1	1
3990	1	8	1	7	3	6	5	5	1	4	6	3	6	2	1	1	1	6	1	1	3	15	1	3	1	1	1	1	1	1
4000	2	8	2	7	3	6	4	5	4	4	2	3	2	2	1	1	1	2	1	1	17	4	1	17	1	2	1	1	1	1
4010	2	8	3	7	4	6	18	5	4	4	3	3	2	2	2	1	9	11	1	9	4	18	1	4	1	11	1	1	1	1
4020	1	8	1	7	2	6	2	5	2	4	2	3	2	2	11	1	2	2	1	11	2	2	1	2	1	1	1	1	1	1
4030	13	8	4	7	4	6	4	5	18	4	3	3	3	2	3	1	3	3	1	3	4	18	1	4	1	13	1	1	1	1
4040	2	8	2	7	5	6	4	5	4	4	7	3	2	2	2	1	2	25	1	2	5	4	2	5	2	2	1	2	1	1
4050	1	8	1	7	3	6	6	5	6	4	13	3	2	2	2	1	2	13	1	2	3	6	2	3	9	1	1	9	1	1
4060	2	8	2	7	2	6	5	5	5	4	4	3	13	2	3	1	3	13	1	3	2	5	2	2	2	2	1	2	1	1
4070	4	8	14	7	3	6	4	5	4	4	3	3	11	2	1	1	1	11	1	1	3	4	1	3	1	14	1	1	1	1
4080	2	8	2	7	2	6	6	5	5	4	1	3	1	2	1	1	2	1	1	9	2	23	1	2	1	2	1	1	1	1
4090	3	8	3	7	3	6	6	5	4	4	3	3	2	2	2	1	2	11	1	2	3	22	2	3	2	3	1	2	1	1
4100	4	8	2	7	4	6	5	5	5	4	4	3	4	2	3	1	3	4	1	3	4	5	2	4	2	13	1	2	1	1
4110	2	8	2	7	3	6	3	5	3	4	2	3	2	2	1	1	1	2	1	1	3	3	2	3	2	2	1	2	1	1
4120	14	8	4	7	1	6	3	5	3	4	2	3	2	2	3	1	11	2	1	11	1	3	2	1	2	14	1	2	1	1
4130	3	8	3	7	3	6	4	5	3	4	4	3	4	2	3	1	3	4	1	3	3	14	2	3	2	3	1	2	1	1
4140	2	8	2	7	5	6	5	5	5	4	2	3	2	2	2	1	2	2	1	2	18	5	1	18	1	2	1	1	1	1
4150	3	8	3	7	1	6	5	5	5	4	5	3	2	2	3	1	3	16	1	3	4	5	1	12	1	3	1	1	1	1
4160	2	8	2	7	2	6	4	5	4	4	1	3	9	2	9	1	2	9	1	9	13	4	1	13	1	2	1	1	1	1
4170	1	8	1	7	5	6	4	5	4	4	6	3	6	2	3	1	3	6	1	3	5	4	1	5	1	1	1	1	1	1
4180	1	8	1	7	1	6	4	5	4	4	6	3	6	2	1	1	1	6	1	1	1	4	2	1	2	1	1	2	1	1
4190	2	8	2	7	5	6	12	5	4	4	2	3	2	2	2	1	2	2	1	2	5	12	2	5	9	2	1	9	1	1
4200	4	8	4	7	3	6	6	5	6	4	2	3	2	2	2	1	2	2	1	2	3	6	2	3	2	4	1	2	1	1
4210	2	8	2	7	14	6	1	5	1	4	21	3	6	2	9	1	1	21	1	9	3	1	2	14	2	2	1	2	1	1
4220	1	8	3	7	2	6	1	5	1	4	3	3	3	2	2	1	2	3	1	2	2	1	2	2	2	10	1	2	1	1
4230	2	8	2	7	2	6	2	5	2	4	2	3	2	2	2	1	2	2	1	2	2	2	1	2	1	2	1	1	1	1
4240	4	8	4	7	4	6	1	5	1	4	2	3	2	2	2	1	2	2	1	2	2	1	1	13	1	4	1	1	1	1
4250	1	8	1	7	3	6	5	5	18	4	6	3	2	2	11	1	3	20	1	11	5	18	9	17	1	1	1	9	1	1
4260	2	8	2	7	3	6	5	5	4	4	3	3	2	2	1	1	1	11	1	1	3	18	1	3	1	2	1	1	1	1
4270	4	8	4	7	1	6	1	5	15	4	3	3	3	2	1	1	1	3	1	1	1	15	2	1	2	4	1	2	1	1
4280	1	8	1	7	2	6	5	5	1	4	6	3	6	2	2	1	9	6	1	9	2	15	2	2	2	1	1	2	1	1
4290	4	8	4	7	1	6	2	5	2	4	4	3	4	2	1	1	1	4	1	1	1	2	1	1	1	4	1	1	1	1
4300	1	8	1	7	5	6	5	5	2	4	2	3	5	2	1	1	9	16	1	9	5	16	1	5	1	1	1	1	1	1
4310	2	8	2	7	4	6	5	5	5	4	2	3	2	2	1	1	1	2	1	1	4	5	1	4	1	2	1	1	1	1
4320	1	8	1	7	2	6	1	5	1	4	5	3	2	2	2	1	2	16	1	2	2	1	1	2	1	1	1	1	1	1
4330	3	8	4	7	1	6	3	5	3	4	6	3	3	2	1	1	1	21	1	1	1	3	2	1	2	14	1	2	1	1
4340	2	8	13	7	4	6	13	5	4	4	6	3	6	2	3	1	3	6	1	3	4	13	2	4	2	13	1	2	1	1
4350	2	8	2	7	1	6	6	5	6	4	2	3	2	2	3	1	3	2	1	3	1	6	1	1	1	2	1	1	1	1
4360	3	8	3	7	5	6	5	5	5	4	3	3	3	2	3	1	3	3	1	3	5	5	2	5	2	3	1	2	1	1
4370	3	8	3	7	2	6	2	5	2	4	3	3	2	2	2	1	2	11	1	2	2	2	1	2	1	3	1	1	1	1
4380	3	8	14	7	2	6	4	5	4	4	11	3	3	2	11	1	2	11	1	11	4	4	2	13	2	14	1	2	1	1
4390	4	8	4	7	16	6	4	5	4	4	2	3	2	2	2	1	2	2	1	2	2	4	1	16	1	4	1	1	1	1
4400	4	8	4	7	2	6	5	5	5	4	6	3	5	2	1	1	3	23	1	10	2	5	1	2	1	4	1	1	1	1
4410	1	8	1	7	4	6	5	5	5	4	21	3	6	2	2	1	2	21	1	2	4	5	1	4	1	1	1	1	1	1
4420	3	8	3	7	3	6	5	5	5	4	2	3	2	2	3	1	3	2	1	3	14	5	9	14	1	3	1	9	1	1
4430	1	8	1	7	1	6	4	5	4	4	3	3	3	2	2	1	2	3	1	2	1	4	1	1	1	1	1	1	1	1
4440	3	8	3	7	4	6	3	5	3	4	3	3	3	2	3	1	3	3	1	3	4	3	2	4	2	3	1	2	1	1
4450	3	8	3	7	2	6	16	5	2	4	21	3	3	2	1	1	1	21	1	1	2	16	1	2	1	3	1	1	1	1
4460	10	8	3	7	5	6	4	5	4	4	25	3	2	2	1	1	2	25	1	9	5	4	2	5	1	10	1	9	1	1
4470	2	8	2	7	4	6	4	5	4	4	2	3	2	2	3	1	3	2	1	3	4	4	1	4	1	2	1	1	1	1
4480	3	8	3	7	3	6	3	5	4	4	2	3	2	2	2	1	2	2	1	2	14	14	1	14	1	3	1	1	1	1
4490	14	8	3	7	15	6	6	5	6	4	3	3	3	2	3	1	3	3	1	3	5	6	1	15	1	14	1	1	1	1
4500	3	8	3	7	4	6	1	5	1	4	6	3	6	2	2	1	2	6	1	2	1	1	1	12	1	3	1	1	1	1
4510	3	8	3	7	4	6	9	5	2	4	4	3	4	2	2	1	2	4	1	2	4	9	2	4	2	3	1	2	1	1
4520	2	8	2	7	4	6	5	5	5	4	5	3	5	2	2	1	2	5	1	2	14	5	9	14	2	2	1	9	1	1
4530	1	8	1	7	12	6	5	5	5	4	6	3	1	2	2	1	2	19	1	2	1	5	1	12	1	1	1	1	1	1
4540	2	8	2	7	4	6	1	5	1	4	3	3	3	2	2	1	2	3	1	2	4	1	2	4	2	2	1	2	1	1
4550	4	8	4	7	5	6	1	5	1	4	14	3	3	2	1	1	1	14	1	1	5	1	2	5	2	4	1	2	1	1
4560	3	8	3	7	4	6	5	5	4	4	3	3	2	2	2	1	2	11	1	2	4	18	2	4	1	3	1	9	1	1
4570	4	8	4	7	16	6	17	5	5	4	19	3	1	2	3	1	10	19	1	10	2	17	1	16	1	4	1	1	1	1
4580	14	8	3	7	14	6	5	5	5	4	2	3	11	2	3	1	3	11	1	3	4	5	1	14	1	14	1	1	1	1
4590	10	8	3	7	4	6	9	5	1	4	4	3	4	2	2	1	2	4	1	2	4	9	2	4	2	10	1	2	1	1
4600	3	8	3	7	4	6	2	5	2	4	21	3	6	2	2	1	2	21	1	2	4	2	2	4	2	3	1	2	1	1
4610	1	8	1	7	2	6	6	5	6	4	2	3	2	2	9	1	2	2	1	9	3	6	2	11	2	1	1	2	1	1
4620	3	8	14	7	2	6	5	5	5	4	2	3	2	2	1	1	1	2	1	1	2	5	1	2	1	14	1	1	1	1
4630	4	8	4	7	3	6	1	5	6	4	3	3	3	2	3	1	3	3	1	3	3	19	2	3	2	4	1	2	1	1
4640	3	8	3	7	3	6	4	5	4	4	2	3	2	2	1	1	1	2	1	1	3	4	2	3	2	3	1	2	1	1
4650	3	8	3	7	5	6	5	5	5	4	7	3	7	2	2	1	2	7	1	2	5	5	1	5	9	3	1	9	1	1
4660	1	8	1	7	13	6	5	5	5	4	3	3	3	2	2	1	2	3	1	2	4	5	1	13	1	1	1	1	1	1
4670	2	8	2	7	4	6	5	5	5	4	3	3	3	2	1	1	1	3	1	1	4	5	2	4	2	2	1	2	1	1
4680	2	8	11	7	9	6	14	5	4	4	11	3	2	2	2	1	2	11	1	2	1	14	1	9	1	11	1	1	1	1
4690	2	8	2	7	4	6	5	5	5	4	2	3	2	2	1	1	1	2	1	1	4	5	2	4	2	2	1	2	1	1
4700	1	8	1	7	5	6	5	5	5	4	3	3	3	2	3	1	3	3	1	3	15	5	1	15	1	1	1	1	1	1
4710	1	8	1	7	1	6	5	5	23	4	2	3	2	2	3	1	3	2	1	3	15	23	2	15	2	1	1	2	1	1
4720	1	8	1	7	4	6	5	5	5	4	6	3	6	2	2	1	2	6	1	2	4	5	1	4	1	1	1	1	1	1
4730	4	8	4	7	5	6	15	5	5	4	3	3	26	2	1	1	1	26	1	1	5	15	9	5	2	4	1	9	1	1
4740	2	8	2	7	4	6	5	5	5	4	3	3	11	2	3	1	10	11	1	10	4	5	9	4	2	2	1	9	1	1
4750	3	8	3	7	4	6	4	5	13	4	3	3	3	2	1	1	1	3	1	1	13	13	9	13	1	3	1	9	1	1
4760	2	8	2	7	1	6	6	5	6	4	3	3	3	2	2	1	2	3	1	2	10	6	1	10	1	2	1	1	1	1
4770	4	8	4	7	5	6	5	5	5	4	2	3	2	2	3	1	3	2	1	3	5	5	2	5	2	4	1	2	1	1
4780	4	8	14	7	2	6	4	5	4	4	4	3	4	2	9	1	1	4	1	9	2	4	1	2	1	14	1	1	1	1
4790	4	8	14	7	1	6	5	5	5	4	2	3	2	2	2	1	2	2	1	2	1	5	1	1	9	14	1	9	1	1
4800	2	8	2	7	5	6	1	5	15	4	2	3	2	2	2	1	2	2	1	2	3	15	2	17	2	2	1	2	1	1
4810	3	8	3	7	4	6	1	5	1	4	4	3	3	2	2	1	9	14	1	9	4	1	2	4	2	3	1	2	1	1
4820	4	8	12	7	4	6	4	5	2	4	3	3	26	2	1	1	9	26	1	9	14	13	2	14	2	12	1	2	1	1
4830	2	8	2	7	3	6	4	5	12	4	3	3	3	2	3	1	3	3	1	3	3	12	1	3	1	2	1	1	1	1
4840	1	8	1	7	12	6	5	5	4	4	2	3	2	2	1	1	1	2	1	1	1	18	1	12	1	1	1	1	1	1
4850	1	8	1	7	5	6	2	5	2	4	2	3	2	2	3	1	3	2	1	3	5	2	1	5	1	1	1	1	1	1
4860	3	8	3	7	5	6	5	5	17	4	3	3	2	2	3	1	3	11	1	3	5	17	1	5	1	3	1	1	1	1
4870	2	8	2	7	5	6	6	5	4	4	1	3	2	2	2	1	2	9	1	2	5	22	2	5	2	2	1	2	1	1
4880	1	8	2	7	5	6	5	5	1	4	4	3	3	2	2	1	3	14	1	11	4	15	1	18	1	9	1	1	1	1
4890	13	8	2	7	4	6	5	5	5	4	4	3	4	2	3	1	3	4	1	3	4	5	2	4	2	13	1	2	1	1
4900	3	8	3	7	2	6	6	5	22	4	1	3	1	2	2	1	2	1	1	2	2	22	1	2	1	3	1	1	1	1
4910	1	8	1	7	2	6	1	5	4	4	26	3	7	2	1	1	2	26	1	9	2	12	1	2	1	1	1	1	1	1
4920	1	8	1	7	1	6	1	5	1	4	2	3	2	2	3	1	3	2	1	3	1	1	2	1	2	1	1	2	1	1
4930	1	8	1	7	4	6	5	5	5	4	2	3	2	2	1	1	1	2	1	1	4	5	2	4	2	1	1	2	1	1
4940	2	8	2	7	4	6	1	5	4	4	3	3	3	2	2	1	2	3	1	2	3	12	1	14	1	2	1	1	1	1
4950	1	8	1	7	2	6	1	5	1	4	2	3	2	2	1	1	1	2	1	1	2	1	1	2	1	1	1	1	1	1
4960	4	8	4	7	3	6	3	5	3	4	2	3	2	2	3	1	3	2	1	3	14	3	1	14	1	4	1	1	1	1
4970	1	8	1	7	5	6	5	5	5	4	3	3	3	2	9	1	2	3	1	9	5	5	2	5	2	1	1	2	1	1
4980	4	8	4	7	4	6	4	5	4	4	4	3	4	2	1	1	1	4	1	1	4	4	1	4	1	4	1	1	1	1
4990	3	8	3	7	3	6	4	5	4	4	1	3	6	2	2	1	2	19	1	2	3	4	2	3	2	3	1	2	1	1
5000	2	8	2	7	2	6	6	5	4	4	4	3	4	2	1	1	1	4	1	1	2	22	1	2	1	2	1	1	1	1
