Iteration	Posterior	Likelihood	Prior	clado_type_probs[1]	clado_type_probs[2]	distance_scale	epoch_times[1]	epoch_times[2]	epoch_times[3]	epoch_times[4]	epoch_times[5]	epoch_times[6]	epoch_times[7]	epoch_times[8]	extirpation_rate	log10_rate_bg	p_allopatry	p_sympatry	rate_bg
0	-53.9931	-83.259	29.2659	0.799188	0.200812	0.01	0.693287	0.40879	0.239408	0.207719	0.130862	0.0351507	0.0112633	0	0.8651205	-2	0.2008119	0.7991881	0.01
10	1.92618	-22.5627	24.4888	0.439777	0.560223	0.004480131	0.699597	0.401797	0.240468	0.210478	0.127935	0.0342928	0.0115489	0	5.642184	1.096754	0.560223	0.439777	12.49551
20	2.04681	-20.7812	22.828	0.0938862	0.906114	0.02504759	0.721355	0.404989	0.24079	0.208923	0.127964	0.0344944	0.0114858	0	7.302987	1.842841	0.9061138	0.09388623	69.63717
30	4.17699	-21.2393	25.4163	0.519427	0.480573	0.9753891	0.700485	0.405821	0.241877	0.208699	0.129343	0.0354849	0.0115044	0	4.714768	1.903795	0.4805731	0.5194269	80.12993
40	3.87478	-22.0577	25.9325	0.10808	0.89192	10.99616	0.709424	0.399617	0.238079	0.208224	0.131849	0.0354878	0.0115607	0	4.19855	1.935605	0.8919201	0.1080799	86.21947
50	5.68674	-22.6014	28.2881	0.238813	0.761187	5.112213	0.72041	0.404068	0.235161	0.202285	0.129449	0.0349119	0.0116659	0	1.842906	1.80707	0.7611869	0.2388131	64.13129
60	4.78186	-20.1582	24.94	0.940425	0.0595749	4.525539	0.724077	0.398818	0.239738	0.202664	0.129038	0.0352648	0.0117175	0	5.190989	1.692391	0.05957486	0.9404251	49.24827
70	5.65775	-20.0858	25.7436	0.334336	0.665664	5.939602	0.719384	0.399521	0.242922	0.203437	0.130984	0.034222	0.0114176	0	4.387458	1.982378	0.6656638	0.3343362	96.02352
80	1.89977	-20.8074	22.7071	0.642055	0.357945	1.07363	0.713242	0.407257	0.23759	0.209862	0.129216	0.0353975	0.0111928	0	7.423871	1.260345	0.3579445	0.6420555	18.21146
90	4.89682	-21.6526	26.5495	0.589695	0.410305	8.143129	0.723189	0.414139	0.239517	0.207014	0.126722	0.0357826	0.0112664	0	3.581556	1.746707	0.4103054	0.5896946	55.80934
100	4.89203	-23.1501	28.0421	0.0188099	0.98119	2.080776	0.708998	0.403329	0.242885	0.210328	0.131445	0.0345708	0.011625	0	2.088885	1.954498	0.9811901	0.01880995	90.05287
110	-2.0284	-23.5882	21.5598	0.15142	0.84858	3.059884	0.699302	0.399542	0.241653	0.206518	0.131252	0.0352771	0.0112099	0	8.571185	0.678213	0.8485802	0.1514198	4.766648
120	4.4951	-22.362	26.8571	0.326273	0.673727	5.523357	0.714593	0.411819	0.231276	0.202575	0.129777	0.0355155	0.0114126	0	3.273894	1.406559	0.6737271	0.3262729	25.5011
130	2.59913	-21.9571	24.5563	0.411516	0.588484	2.369604	0.721096	0.408671	0.23252	0.208723	0.130249	0.0354382	0.0113225	0	5.574756	1.098779	0.5884838	0.4115162	12.5539
140	5.10417	-23.6325	28.7366	0.333936	0.666064	4.422805	0.69046	0.413818	0.232537	0.210853	0.126608	0.0342643	0.0113687	0	1.394381	1.874244	0.6660641	0.3339359	74.85892
150	5.40676	-20.1336	25.5403	0.222245	0.777755	5.485552	0.693699	0.406097	0.23947	0.211285	0.128164	0.0351214	0.0114825	0	4.590682	1.86546	0.7777547	0.2222453	73.36009
160	3.87424	-21.6063	25.4805	0.254371	0.745629	3.88528	0.694914	0.400488	0.235754	0.202355	0.125987	0.0350494	0.011517	0	4.650515	1.294285	0.7456286	0.2543714	19.69177
170	2.58048	-25.9275	28.508	0.536696	0.463304	1.210574	0.697747	0.408627	0.239064	0.204277	0.126249	0.0347822	0.0114626	0	1.623003	1.482285	0.4633043	0.5366957	30.35885
180	6.34498	-21.3357	27.6807	0.383199	0.616801	6.217544	0.708615	0.412078	0.242373	0.202403	0.125428	0.0350101	0.0115818	0	2.45033	1.983345	0.6168014	0.3831986	96.2377
190	5.49472	-20.3328	25.8275	0.213713	0.786287	3.5079	0.715978	0.412646	0.231271	0.206072	0.125599	0.034827	0.011322	0	4.303512	1.869361	0.7862866	0.2137134	74.02197
200	5.56937	-22.2098	27.7791	0.968209	0.0317909	9.07959	0.714503	0.417159	0.234862	0.207252	0.131849	0.0347552	0.011652	0	2.351886	1.935545	0.03179094	0.9682091	86.20747
210	4.00748	-22.0593	26.0668	0.760784	0.239216	6.556729	0.71642	0.414155	0.233257	0.205068	0.12748	0.0343081	0.0113765	0	4.064236	1.448145	0.2392159	0.7607841	28.06368
220	3.30411	-23.6033	26.9074	0.477801	0.522199	1.968681	0.713475	0.407909	0.235789	0.205189	0.127411	0.0355651	0.0117122	0	3.223583	1.132742	0.5221994	0.4778006	13.57506
230	3.23124	-20.8755	24.1068	0.769581	0.230419	4.225789	0.700556	0.403612	0.240547	0.208266	0.131872	0.0350023	0.0116552	0	6.02427	1.348935	0.2304194	0.7695806	22.33237
240	3.47419	-23.4145	26.8887	0.767133	0.232867	3.374173	0.701779	0.409995	0.23926	0.211156	0.126649	0.0342749	0.011602	0	3.242351	1.169308	0.232867	0.767133	14.76753
250	5.2555	-22.1242	27.3797	0.364717	0.635283	4.554788	0.709193	0.401341	0.242506	0.210179	0.12631	0.0344678	0.011199	0	2.751319	1.573479	0.6352833	0.3647167	37.45233
260	5.65256	-21.25	26.9025	0.931951	0.068049	7.735528	0.702416	0.400682	0.231835	0.206281	0.126963	0.0344046	0.0117247	0	3.228476	1.874523	0.06804901	0.931951	74.90709
270	4.30823	-23.7361	28.0443	0.079667	0.920333	4.518901	0.712507	0.404859	0.233431	0.201443	0.128298	0.0348127	0.0115172	0	2.086692	1.33871	0.920333	0.07966697	21.81274
280	5.64462	-20.3422	25.9868	0.124744	0.875256	6.18489	0.692422	0.417347	0.231906	0.203529	0.127899	0.0343332	0.0117011	0	4.144181	1.898624	0.8752558	0.1247442	79.18152
290	6.22224	-21.1208	27.3431	0.821916	0.178084	5.936884	0.694849	0.403477	0.233733	0.205624	0.13178	0.0342635	0.0117424	0	2.787932	1.923486	0.1780838	0.8219162	83.84666
300	5.32292	-22.1948	27.5177	0.277609	0.722391	5.857218	0.70196	0.416441	0.242017	0.208593	0.129924	0.0343352	0.0116862	0	2.613334	1.603144	0.7223908	0.2776092	40.09998
310	2.74086	-21.0201	23.7609	0.534461	0.465539	0.5459617	0.693563	0.404951	0.23215	0.210783	0.130056	0.0359272	0.011587	0	6.370091	1.465334	0.4655388	0.5344612	29.1967
320	2.76061	-20.7164	23.477	0.523196	0.476804	0.4231058	0.715191	0.408074	0.233183	0.204986	0.130259	0.0352869	0.011638	0	6.653988	1.784846	0.476804	0.523196	60.93208
330	3.61276	-23.8057	27.4185	0.780235	0.219765	0.3972578	0.690953	0.411378	0.232066	0.207753	0.131392	0.0356412	0.0117574	0	2.712542	1.906564	0.2197653	0.7802347	80.64254
340	4.21061	-23.1777	27.3883	0.775889	0.224111	1.53665	0.698231	0.405973	0.235952	0.205633	0.12565	0.0353928	0.0113976	0	2.742728	1.544663	0.2241113	0.7758887	35.04796
350	5.48739	-21.3791	26.8665	0.645956	0.354044	2.424331	0.701096	0.408554	0.242742	0.211798	0.129661	0.0359234	0.0112606	0	3.264526	1.951296	0.3540445	0.6459555	89.39152
360	3.10338	-21.8547	24.958	0.396578	0.603422	3.06184	0.7082	0.404544	0.239141	0.205697	0.12898	0.0357251	0.011327	0	5.172972	1.170061	0.6034222	0.3965778	14.79317
370	5.76097	-21.3893	27.1503	0.286124	0.713876	4.3674	0.722971	0.415992	0.240923	0.210712	0.130118	0.0358846	0.0114938	0	2.980739	1.741749	0.7138755	0.2861245	55.17583
380	5.70098	-21.1708	26.8718	0.225707	0.774293	7.272698	0.715364	0.418513	0.234458	0.211889	0.131784	0.0356194	0.0116265	0	3.259223	1.843805	0.774293	0.225707	69.79191
390	5.01768	-21.6551	26.6728	0.10011	0.89989	7.820907	0.708011	0.416586	0.233966	0.209709	0.129118	0.035432	0.0116614	0	3.458236	1.707987	0.8998905	0.1001095	51.049
400	4.93303	-22.6793	27.6124	0.83442	0.16558	5.893317	0.715314	0.417897	0.241701	0.211439	0.128979	0.0349853	0.0116247	0	2.518649	1.536618	0.1655796	0.8344204	34.4047
410	5.57598	-21.3646	26.9406	0.728194	0.271806	5.483184	0.724368	0.404671	0.240095	0.209793	0.126379	0.0343255	0.0112621	0	3.190454	1.702356	0.2718056	0.7281944	50.39137
420	4.79499	-19.5919	24.3869	0.141917	0.858083	4.149935	0.698203	0.405788	0.239947	0.203838	0.128085	0.0346765	0.0112688	0	5.744134	1.929038	0.8580834	0.1419166	84.92551
430	4.02388	-21.0209	25.0448	0.12513	0.87487	5.666926	0.693289	0.412808	0.235013	0.207174	0.127208	0.034425	0.0113465	0	5.086216	1.482291	0.8748698	0.1251302	30.35923
440	4.22657	-20.5935	24.8201	0.119942	0.880058	8.255506	0.69469	0.409214	0.232728	0.209337	0.126383	0.0345141	0.0114683	0	5.310929	1.870573	0.880058	0.119942	74.22897
450	5.6294	-22.738	28.3674	0.522859	0.477141	5.998506	0.695578	0.406418	0.231511	0.211711	0.126239	0.0346285	0.0114085	0	1.763641	1.813048	0.477141	0.522859	65.02021
460	4.50467	-20.6287	25.1333	0.482577	0.517423	6.742478	0.707562	0.399757	0.241065	0.207602	0.131215	0.0346489	0.0112309	0	4.99768	1.713711	0.5174226	0.4825774	51.72626
470	2.76991	-24.6532	27.4231	0.595643	0.404357	3.703674	0.720104	0.398143	0.232557	0.208415	0.127028	0.0352519	0.0114088	0	2.707928	1.06429	0.4043571	0.5956429	11.59553
480	3.4244	-25.4256	28.85	0.39434	0.60566	12.22793	0.718761	0.402161	0.239289	0.211024	0.12627	0.0351448	0.0114525	0	1.281001	1.972936	0.6056597	0.3943403	93.9584
490	5.35156	-22.7118	28.0633	0.859045	0.140955	9.671817	0.722061	0.400841	0.237803	0.209405	0.131614	0.0350446	0.0113138	0	2.067689	1.957448	0.140955	0.859045	90.66665
500	5.77471	-21.733	27.5077	0.697962	0.302038	6.613562	0.711915	0.414964	0.231813	0.209186	0.128509	0.0357724	0.0117507	0	2.623333	1.779263	0.302038	0.697962	60.15381
510	5.58319	-20.8535	26.4366	0.164553	0.835447	6.375705	0.697006	0.409593	0.234524	0.206853	0.125654	0.035237	0.0115965	0	3.694378	1.789732	0.8354475	0.1645525	61.62149
520	4.12897	-22.7737	26.9027	0.763086	0.236914	7.334573	0.705536	0.415413	0.234233	0.210188	0.126639	0.0347739	0.011194	0	3.228318	1.489851	0.2369137	0.7630863	30.89232
530	4.12821	-23.2125	27.3407	0.202412	0.797588	1.127113	0.706791	0.413521	0.236017	0.206341	0.125937	0.0350519	0.0113877	0	2.790303	1.629545	0.7975882	0.2024118	42.61327
540	5.48129	-21.5743	27.0556	0.923011	0.0769889	2.498004	0.697656	0.405454	0.239221	0.205504	0.125882	0.0350754	0.0115925	0	3.075454	1.893879	0.07698885	0.9230111	78.32111
550	4.75205	-23.238	27.99	0.316944	0.683056	4.694597	0.690314	0.404273	0.239137	0.209316	0.125634	0.0351974	0.011749	0	2.140995	1.466921	0.6830564	0.3169436	29.30361
560	4.94268	-22.252	27.1947	0.364103	0.635897	3.731203	0.692007	0.414323	0.232231	0.205648	0.127673	0.035216	0.0117183	0	2.936321	1.473113	0.6358973	0.3641027	29.72442
570	3.94161	-20.3093	24.2509	0.0269972	0.973003	3.429232	0.69961	0.406305	0.23432	0.207731	0.126307	0.0343763	0.011523	0	5.880109	1.501221	0.9730028	0.02699724	31.71178
580	5.28007	-19.9006	25.1806	0.224678	0.775322	4.327186	0.691115	0.401896	0.235743	0.20341	0.12687	0.0343601	0.0112786	0	4.950374	1.899827	0.7753225	0.2246775	79.4012
590	5.19008	-22.0256	27.2157	0.619506	0.380494	2.861381	0.692447	0.398506	0.240812	0.206076	0.125927	0.0352897	0.0113548	0	2.915295	1.652675	0.3804936	0.6195064	44.94436
600	1.29189	-26.6447	27.9366	0.855785	0.144215	11.50751	0.698129	0.4053	0.234146	0.210601	0.127692	0.0358054	0.0115079	0	2.194432	1.497382	0.1442151	0.8557849	31.43274
610	5.10662	-21.1733	26.2799	0.448547	0.551453	5.429627	0.690402	0.413934	0.236796	0.20752	0.128696	0.0344553	0.0117625	0	3.851086	1.593812	0.5514533	0.4485467	39.24748
620	5.23126	-20.9898	26.2211	0.686223	0.313777	5.267083	0.707025	0.415165	0.233831	0.202606	0.126032	0.034569	0.0117253	0	3.909917	1.63836	0.3137768	0.6862232	43.48701
630	3.57766	-22.1864	25.764	0.0775847	0.922415	3.715808	0.710793	0.398532	0.233018	0.211636	0.126449	0.035155	0.0115129	0	4.366988	1.17625	0.9224153	0.07758471	15.0055
640	6.10341	-21.4108	27.5143	0.883352	0.116648	6.915859	0.709896	0.402656	0.235392	0.205022	0.125634	0.034224	0.011193	0	2.616767	1.931642	0.1166479	0.8833521	85.43615
650	2.97904	-19.6021	22.5812	0.599465	0.400535	5.069334	0.708422	0.407701	0.242753	0.20499	0.128168	0.0343282	0.0112262	0	7.549855	1.689503	0.4005346	0.5994654	48.92191
660	5.12563	-21.9515	27.0771	0.829045	0.170955	4.549487	0.691085	0.415761	0.239877	0.204125	0.126585	0.0348634	0.0112103	0	3.053887	1.548053	0.1709554	0.8290446	35.32264
670	4.11609	-22.4385	26.5546	0.00832483	0.991675	1.914378	0.69959	0.412406	0.241877	0.207774	0.128705	0.0350759	0.0115049	0	3.576403	1.313865	0.9916752	0.008324833	20.5999
680	4.81879	-22.3563	27.1751	0.47147	0.52853	8.715816	0.697418	0.41691	0.23469	0.211383	0.129531	0.0355336	0.0114492	0	2.955911	1.731517	0.52853	0.47147	53.89108
690	3.99423	-20.0274	24.0216	0.938569	0.0614313	3.945955	0.707438	0.413816	0.232463	0.206743	0.130023	0.0352103	0.0115604	0	6.109398	1.599037	0.06143128	0.9385687	39.72255
700	5.23693	-21.3824	26.6193	0.41087	0.58913	5.734234	0.706796	0.41087	0.24112	0.205	0.1254	0.0344816	0.0111983	0	3.511712	1.629953	0.5891298	0.4108702	42.65335
710	5.55285	-22.1888	27.7417	0.202248	0.797752	9.602916	0.712114	0.415299	0.242849	0.204332	0.127369	0.034242	0.0112417	0	2.389367	1.994619	0.7977522	0.2022478	98.76856
720	6.24616	-21.7199	27.966	0.230294	0.769706	4.991968	0.717462	0.402821	0.242458	0.20892	0.128073	0.0346886	0.0114295	0	2.165009	1.991157	0.7697058	0.2302942	97.98449
730	6.16118	-21.179	27.3402	0.484078	0.515922	6.616011	0.71712	0.412291	0.238098	0.207217	0.131636	0.0354476	0.0116279	0	2.790849	1.927103	0.515922	0.484078	84.54795
740	2.84399	-25.5036	28.3476	0.314667	0.685333	8.563468	0.720495	0.40399	0.23584	0.203502	0.131276	0.0349389	0.0113087	0	1.783438	1.400096	0.6853331	0.3146669	25.12439
750	5.18527	-20.7886	25.9739	0.909628	0.090372	6.113785	0.723353	0.408892	0.233803	0.203336	0.130435	0.0349813	0.0114123	0	4.157127	1.721156	0.09037196	0.909628	52.62063
760	4.92364	-20.3025	25.2261	0.631452	0.368548	7.150154	0.717496	0.409335	0.234074	0.208484	0.130596	0.0354714	0.0115868	0	4.904901	1.887104	0.368548	0.631452	77.10885
770	4.39821	-24.5401	28.9383	0.348997	0.651003	7.962449	0.713229	0.404356	0.237243	0.208313	0.128076	0.0353846	0.0114879	0	1.192717	1.759378	0.6510029	0.3489971	57.4616
780	5.50945	-20.222	25.7315	0.0825683	0.917432	3.811328	0.722007	0.417999	0.241445	0.205905	0.131436	0.0352644	0.011435	0	4.399527	1.872226	0.9174317	0.08256829	74.51204
790	3.74102	-19.9434	23.6845	0.972432	0.0275677	5.522562	0.715514	0.405204	0.238721	0.206565	0.130099	0.0348512	0.0117147	0	6.446555	1.676175	0.02756771	0.9724323	47.44335
800	5.15915	-23.1935	28.3527	0.380746	0.619254	8.510902	0.726012	0.402611	0.239725	0.209091	0.129692	0.0347623	0.0117019	0	1.778347	1.807522	0.6192536	0.3807464	64.19808
810	6.21971	-20.7094	26.9291	0.659372	0.340628	5.071113	0.72459	0.410849	0.23793	0.209677	0.128439	0.0343676	0.0113949	0	3.201904	1.972555	0.3406282	0.6593718	93.87601
820	4.16607	-20.2672	24.4333	0.771772	0.228228	8.05153	0.721636	0.412125	0.235345	0.206008	0.130819	0.0345896	0.0115575	0	5.697734	1.940867	0.2282284	0.7717716	87.27045
830	5.28847	-20.4289	25.7174	0.875807	0.124193	6.289498	0.722675	0.41031	0.239018	0.208626	0.129459	0.034351	0.0117349	0	4.413612	1.815764	0.1241926	0.8758074	65.42802
840	2.37455	-20.1898	22.5644	0.240997	0.759003	7.537265	0.723308	0.399137	0.232713	0.205251	0.126872	0.0351605	0.0114943	0	7.566642	1.741306	0.7590028	0.2409972	55.11964
850	3.25039	-19.5627	22.8131	0.805715	0.194285	2.122917	0.702213	0.40958	0.23743	0.206761	0.126118	0.0347521	0.0114012	0	7.317919	1.808257	0.1942846	0.8057154	64.30688
860	4.95197	-20.1649	25.1169	0.012783	0.987217	7.203897	0.706563	0.40746	0.235999	0.205756	0.126959	0.0349249	0.0112772	0	5.014165	1.954915	0.987217	0.01278299	90.13944
870	4.13808	-21.1758	25.3139	0.583182	0.416818	7.381844	0.703538	0.412623	0.232697	0.203204	0.128852	0.0353352	0.0113503	0	4.81711	1.63725	0.4168179	0.5831821	43.3761
880	6.02951	-21.5205	27.5501	0.975299	0.0247005	3.675102	0.715296	0.406253	0.231135	0.205352	0.126399	0.0356547	0.0114127	0	2.580957	1.980694	0.0247005	0.9752995	95.65194
890	4.34033	-19.4899	23.8302	0.643797	0.356203	3.174615	0.720158	0.413211	0.240985	0.20654	0.130147	0.0358057	0.0114856	0	6.300773	1.966923	0.3562032	0.6437968	92.6665
900	5.5852	-22.3468	27.932	0.897326	0.102674	4.811128	0.724878	0.40748	0.241416	0.202625	0.131466	0.0347356	0.0114436	0	2.199066	1.725984	0.1026737	0.8973263	53.2089
910	6.09117	-21.1717	27.2629	0.0763803	0.92362	3.780621	0.725499	0.407276	0.235134	0.205796	0.126646	0.0344846	0.0113026	0	2.868143	1.990982	0.9236197	0.07638025	97.94505
920	2.89048	-20.9165	23.807	0.929844	0.0701564	5.960231	0.720873	0.409263	0.241037	0.202221	0.128919	0.0342287	0.0113963	0	6.32407	1.443774	0.07015637	0.9298436	27.78265
930	2.2254	-20.2544	22.4798	0.0982174	0.901783	1.6704	0.719517	0.418011	0.232711	0.211665	0.128345	0.03485	0.0116398	0	7.651218	1.352562	0.9017826	0.09821742	22.51965
940	5.99049	-21.3588	27.3493	0.868855	0.131145	5.176201	0.717663	0.402383	0.239089	0.21187	0.126526	0.0346991	0.0115278	0	2.781744	1.821759	0.1311447	0.8688553	66.33754
950	4.99386	-20.3278	25.3216	0.41662	0.58338	4.332791	0.707064	0.400847	0.234767	0.205531	0.128923	0.0347061	0.0117679	0	4.809379	1.679403	0.5833798	0.4166202	47.79725
960	5.79988	-22.7237	28.5236	0.0180923	0.981908	7.813452	0.708037	0.401212	0.24076	0.206208	0.128271	0.0352258	0.0117087	0	1.607401	1.945702	0.9819077	0.01809232	88.24739
970	4.76442	-21.6988	26.4632	0.252171	0.747829	1.956986	0.692991	0.399513	0.23756	0.204375	0.130883	0.0355259	0.0117327	0	3.667818	1.607279	0.7478289	0.2521711	40.48357
980	3.31425	-25.6506	28.9648	0.0813544	0.918646	7.168296	0.697969	0.414709	0.241215	0.2031	0.129054	0.0345211	0.0117724	0	1.166206	1.456473	0.9186456	0.0813544	28.60703
990	5.78587	-20.456	26.2419	0.890806	0.109194	3.929841	0.694399	0.414027	0.241875	0.201655	0.125995	0.0348082	0.0117524	0	3.889097	1.890227	0.1091937	0.8908063	77.66533
1000	4.48329	-21.5575	26.0408	0.192048	0.807952	6.143871	0.701093	0.40445	0.234316	0.205997	0.125458	0.0355216	0.0116994	0	4.090199	1.492268	0.8079519	0.1920481	31.06479
1010	5.98615	-21.1467	27.1328	0.629311	0.370689	6.684647	0.71339	0.414603	0.2312	0.205021	0.127753	0.0357835	0.01125	0	2.998214	1.891162	0.3706886	0.6293114	77.83264
1020	6.20449	-21.2347	27.4392	0.824084	0.175916	5.753935	0.7122	0.416162	0.236836	0.203419	0.127466	0.0354458	0.011582	0	2.69181	1.911976	0.1759156	0.8240844	81.65373
1030	3.98577	-22.4873	26.4731	0.909238	0.0907618	5.930498	0.689992	0.411573	0.239638	0.206253	0.126646	0.0356394	0.0117314	0	3.657928	1.367951	0.09076181	0.9092382	23.33194
1040	4.38325	-20.0829	24.4661	0.133555	0.866445	7.419058	0.702838	0.413148	0.231278	0.206269	0.129128	0.0354193	0.0116448	0	5.664921	1.926591	0.8664453	0.1335547	84.4483
1050	2.79489	-24.8257	27.6206	0.0690748	0.930925	9.074529	0.691717	0.412696	0.235754	0.201964	0.130606	0.0349667	0.0117014	0	2.510421	1.374522	0.9309252	0.06907484	23.68763
1060	2.47422	-26.381	28.8552	0.794322	0.205678	4.097546	0.701625	0.416672	0.241941	0.201894	0.128109	0.0357796	0.0117246	0	1.275802	1.30598	0.2056784	0.7943216	20.22925
1070	4.14949	-19.506	23.6555	0.503629	0.496371	2.91704	0.716529	0.414975	0.235977	0.205619	0.13097	0.0351612	0.0117729	0	6.475566	1.929097	0.4963711	0.5036289	84.93704
1080	4.31344	-21.6289	25.9423	0.307384	0.692616	6.015938	0.726027	0.401486	0.241555	0.211411	0.128846	0.0353698	0.0116051	0	4.188695	1.460893	0.6926155	0.3073845	28.89965
1090	3.21571	-25.0825	28.2982	0.512492	0.487508	12.19027	0.714535	0.407305	0.236241	0.20654	0.129338	0.0352992	0.0111895	0	1.832811	1.860141	0.487508	0.512492	72.46713
1100	6.11165	-21.3337	27.4454	0.577817	0.422183	6.245926	0.691122	0.413545	0.238273	0.209828	0.127859	0.0354599	0.0112947	0	2.685648	1.894513	0.4221833	0.5778167	78.43561
1110	3.8216	-19.3217	23.1433	0.175789	0.824211	5.348627	0.711512	0.418265	0.237784	0.209074	0.130985	0.0344859	0.0113736	0	6.987747	1.951561	0.8242109	0.1757891	89.44595
1120	5.37316	-23.0318	28.405	0.242064	0.757936	4.313936	0.71801	0.414566	0.238519	0.207004	0.12806	0.0351127	0.011249	0	1.726029	1.802495	0.7579356	0.2420644	63.4593
1130	4.05944	-20.1346	24.1941	0.201315	0.798685	6.61846	0.697946	0.414076	0.238973	0.206878	0.128292	0.0356754	0.011205	0	5.936952	1.775954	0.7986854	0.2013146	59.69725
1140	0.66817	-21.5667	22.2349	0.911468	0.0885317	2.78657	0.691582	0.411216	0.234576	0.210163	0.128451	0.0345067	0.0116553	0	7.896112	1.024701	0.08853173	0.9114683	10.58525
1150	5.58431	-22.7978	28.3821	0.777848	0.222152	7.8801	0.692786	0.417424	0.235903	0.203721	0.1255	0.0359005	0.0117496	0	1.748933	1.875132	0.2221516	0.7778484	75.01217
1160	0.426624	-21.7157	22.1423	0.618605	0.381395	7.952439	0.694519	0.41677	0.231123	0.208791	0.128678	0.0355628	0.0116841	0	7.988715	1.397299	0.3813948	0.6186052	24.96312
1170	5.27941	-20.8179	26.0973	0.930874	0.0691258	7.637068	0.703893	0.399914	0.233409	0.205414	0.130085	0.0355036	0.0114864	0	4.033693	1.872606	0.06912581	0.9308742	74.57723
1180	4.29727	-20.9633	25.2606	0.663682	0.336318	5.221445	0.71642	0.403213	0.241303	0.206465	0.130781	0.0353995	0.0113134	0	4.870447	1.507646	0.3363181	0.6636819	32.18446
1190	4.17498	-23.0461	27.2211	0.0869081	0.913092	1.692945	0.717487	0.41422	0.237866	0.203902	0.127354	0.0358335	0.0115985	0	2.90992	1.412452	0.9130919	0.08690807	25.84951
1200	3.45834	-21.0354	24.4937	0.235809	0.764191	3.893469	0.716453	0.400773	0.232114	0.211407	0.127722	0.035935	0.0112496	0	5.637314	1.327277	0.7641913	0.2358087	21.246
1210	4.22078	-21.9909	26.2116	0.652463	0.347537	10.59758	0.72446	0.401326	0.237293	0.204728	0.127103	0.0355212	0.0112856	0	3.919382	1.934723	0.3475373	0.6524627	86.04439
1220	4.81729	-23.9928	28.8101	0.20759	0.79241	3.939814	0.695135	0.412828	0.232691	0.208604	0.126872	0.0352331	0.0112137	0	1.32094	1.897544	0.7924101	0.2075899	78.98484
1230	4.67547	-20.16	24.8354	0.192746	0.807254	3.06121	0.69098	0.407801	0.235815	0.210604	0.125457	0.0353345	0.0113747	0	5.295581	1.70978	0.807254	0.192746	51.26013
1240	3.35744	-22.9148	26.2722	0.902211	0.0977887	5.548507	0.693585	0.41061	0.235022	0.210598	0.129728	0.0355255	0.0113301	0	3.858812	1.257306	0.09778874	0.9022113	18.08449
1250	5.02677	-20.4304	25.4571	0.00802655	0.991973	2.6656	0.703289	0.411385	0.241435	0.207296	0.126571	0.0356286	0.0115437	0	4.673901	1.791197	0.9919735	0.008026548	61.82969
1260	4.73086	-19.5989	24.3298	0.523587	0.476413	5.341522	0.707192	0.412734	0.242016	0.211467	0.12774	0.0358143	0.0116895	0	5.801238	1.934447	0.4764134	0.5235866	85.98986
1270	5.52928	-19.9461	25.4754	0.581472	0.418528	4.379455	0.701695	0.399883	0.237726	0.210946	0.129614	0.0352619	0.0115754	0	4.65567	1.950545	0.4185278	0.5814722	89.23709
1280	5.93416	-22.229	28.1632	0.491649	0.508351	8.354592	0.700309	0.406756	0.232763	0.211575	0.129608	0.0352963	0.0114028	0	1.967815	1.98883	0.5083506	0.4916494	97.46072
1290	4.40303	-20.0168	24.4198	0.458034	0.541966	3.056619	0.691095	0.414918	0.231442	0.206167	0.127749	0.0356732	0.0113353	0	5.711231	1.696955	0.5419663	0.4580337	49.76854
1300	6.09311	-21.9967	28.0898	0.890006	0.109994	5.489304	0.707811	0.410412	0.233381	0.207737	0.129485	0.0352946	0.011471	0	2.041208	1.92077	0.1099942	0.8900058	83.32403
1310	5.20278	-22.8386	28.0414	0.0254621	0.974538	5.791179	0.694932	0.41552	0.232722	0.2059	0.129509	0.0348479	0.0114966	0	2.0896	1.590104	0.9745379	0.0254621	38.91386
1320	5.24544	-21.5529	26.7983	0.033545	0.966455	3.778402	0.711091	0.408678	0.236011	0.20814	0.128101	0.035369	0.0116154	0	3.332714	1.562461	0.966455	0.03354497	36.51417
1330	4.26755	-23.8929	28.1604	0.873936	0.126064	2.143322	0.700067	0.399997	0.239001	0.206142	0.127538	0.0347814	0.0112725	0	1.970617	1.655788	0.1260636	0.8739364	45.26761
1340	5.57429	-20.2367	25.811	0.697517	0.302483	3.499985	0.715091	0.406642	0.235432	0.201515	0.129319	0.0348039	0.0113257	0	4.320057	1.947157	0.3024831	0.6975169	88.5436
1350	5.55131	-22.747	28.2983	0.0126333	0.987367	5.676577	0.723565	0.413646	0.241315	0.203381	0.127846	0.0346328	0.0115607	0	1.832698	1.741465	0.9873667	0.01263327	55.13974
1360	5.93474	-21.4077	27.3424	0.751716	0.248284	8.038217	0.7218	0.411096	0.241822	0.208631	0.125486	0.0344111	0.0116596	0	2.788586	1.958694	0.2482836	0.7517164	90.92734
1370	5.22459	-20.9137	26.1383	0.563636	0.436364	6.515572	0.713809	0.408939	0.240714	0.208638	0.128556	0.0352373	0.0117417	0	3.992687	1.724057	0.4363641	0.5636359	52.97332
1380	3.89226	-25.241	29.1332	0.151247	0.848753	8.022503	0.702228	0.39855	0.242089	0.209287	0.129299	0.0358517	0.0116496	0	0.997771	1.731965	0.8487529	0.1512471	53.94671
1390	2.3732	-19.2388	21.612	0.205265	0.794735	4.536736	0.705488	0.403891	0.241829	0.21174	0.128669	0.0356728	0.0116532	0	8.519052	1.72077	0.7947354	0.2052646	52.57389
1400	3.91238	-22.7157	26.628	0.957364	0.042636	2.387693	0.717341	0.40783	0.235821	0.211051	0.130805	0.0354696	0.0116955	0	3.502979	1.281716	0.04263595	0.957364	19.13006
1410	2.82474	-23.1431	25.9678	0.559855	0.440145	0.8398136	0.702155	0.404211	0.242637	0.210679	0.13191	0.0358839	0.0116212	0	4.163221	1.127069	0.4401455	0.5598545	13.39889
1420	6.08794	-20.9199	27.0079	0.778932	0.221068	4.981948	0.719833	0.417962	0.243192	0.203168	0.130698	0.0348027	0.0112462	0	3.123155	1.89467	0.2210681	0.7789319	78.46393
1430	6.05565	-22.0629	28.1186	0.2112	0.7888	6.257973	0.724726	0.412419	0.239123	0.203339	0.130973	0.0352708	0.0113339	0	2.012451	1.904868	0.7887999	0.2112001	80.3281
1440	5.3644	-21.5788	26.9432	0.567235	0.432765	5.430065	0.725436	0.408914	0.239296	0.208542	0.131184	0.0352968	0.0115537	0	3.187842	1.621812	0.4327651	0.5672349	41.8612
1450	4.75483	-20.1277	24.8825	0.3425	0.6575	3.199528	0.707869	0.407309	0.232691	0.202634	0.131336	0.0353507	0.0116077	0	5.24851	1.721838	0.6575003	0.3424997	52.70337
1460	5.01308	-22.8021	27.8152	0.12764	0.87236	4.465448	0.698748	0.402562	0.23629	0.210826	0.130141	0.035282	0.0113646	0	2.315803	1.510266	0.8723601	0.1276399	32.37922
1470	3.64429	-22.7974	26.4417	0.287274	0.712726	1.661813	0.69187	0.398329	0.232571	0.210384	0.130559	0.0344251	0.011375	0	3.68932	1.230169	0.7127256	0.2872744	16.98905
1480	4.95878	-21.8669	26.8257	0.215123	0.784877	2.40538	0.702153	0.406828	0.239841	0.208308	0.130465	0.0353959	0.0113605	0	3.305311	1.60392	0.7848773	0.2151227	40.17172
1490	6.24075	-20.7398	26.9805	0.496678	0.503322	5.433475	0.714749	0.413741	0.236846	0.208151	0.127662	0.0348881	0.0116564	0	3.150498	1.963691	0.5033223	0.4966777	91.97947
1500	3.58305	-24.0555	27.6385	0.743226	0.256774	0.9981937	0.690098	0.413076	0.231321	0.2113	0.131606	0.0346651	0.0116347	0	2.492485	1.507641	0.2567738	0.7432262	32.18406
1510	2.87878	-21.1787	24.0575	0.569946	0.430054	1.246938	0.70105	0.405315	0.231276	0.207973	0.131442	0.0358914	0.0116079	0	6.073551	1.29735	0.430054	0.569946	19.83123
1520	5.5512	-20.9646	26.5158	0.760288	0.239712	4.226196	0.71264	0.401392	0.233574	0.207936	0.131632	0.035725	0.0114689	0	3.615205	1.713423	0.2397121	0.7602879	51.69193
1530	3.61357	-21.9085	25.5221	0.134652	0.865348	2.167536	0.714306	0.398684	0.23487	0.208066	0.131889	0.0344888	0.0114663	0	4.608946	1.222161	0.8653482	0.1346518	16.67867
1540	3.87282	-24.5113	28.3842	0.244761	0.755239	1.599432	0.72173	0.397725	0.23244	0.208376	0.12989	0.0353879	0.0117099	0	1.746853	1.811822	0.7552385	0.2447615	64.83689
1550	4.71022	-22.7716	27.4819	0.460201	0.539799	2.108962	0.715221	0.407347	0.241221	0.209157	0.130535	0.0349265	0.0113579	0	2.649156	1.620173	0.539799	0.460201	41.70354
1560	5.82355	-20.3917	26.2153	0.184953	0.815047	3.693338	0.71558	0.414191	0.239057	0.20757	0.13047	0.0357783	0.0117598	0	3.915749	1.96727	0.815047	0.184953	92.74061
1570	4.85817	-23.0769	27.9351	0.250966	0.749034	6.450064	0.716448	0.414221	0.232778	0.211937	0.12611	0.0352632	0.0117496	0	2.195916	1.536792	0.7490335	0.2509665	34.41852
1580	4.3814	-21.008	25.3894	0.980437	0.0195634	3.605424	0.720053	0.406843	0.233497	0.206687	0.126093	0.0341909	0.0116239	0	4.741604	1.458139	0.01956344	0.9804366	28.71697
1590	5.76987	-21.5762	27.3461	0.856147	0.143853	6.646587	0.691576	0.401564	0.237647	0.206375	0.126274	0.0344635	0.0114879	0	2.784966	1.79444	0.1438528	0.8561472	62.29306
1600	5.15078	-22.8886	28.0393	0.633777	0.366223	7.089381	0.704074	0.402952	0.240996	0.203872	0.129549	0.0349511	0.0116026	0	2.091675	1.672337	0.3662232	0.6337768	47.02587
1610	6.12099	-21.7345	27.8555	0.439596	0.560404	4.982008	0.70441	0.399993	0.242225	0.209434	0.1299	0.035644	0.0112114	0	2.275516	1.917602	0.5604039	0.4395961	82.71831
1620	6.04156	-21.0518	27.0934	0.442978	0.557022	7.362746	0.725178	0.408377	0.242279	0.21105	0.130716	0.0351035	0.0113074	0	3.037665	1.970968	0.5570222	0.4429778	93.53366
1630	-0.758844	-18.9428	18.184	0.668478	0.331522	5.853808	0.705872	0.413689	0.231178	0.211205	0.131268	0.0357085	0.0114462	0	11.94703	1.848873	0.3315217	0.6684783	70.61113
1640	6.2279	-21.0383	27.2662	0.722488	0.277512	4.611452	0.724694	0.410209	0.232975	0.205086	0.12958	0.0352431	0.0114342	0	2.864805	1.962519	0.2775125	0.7224875	91.73156
1650	5.7929	-22.7684	28.5613	0.117037	0.882963	5.915758	0.716868	0.415027	0.234035	0.201981	0.129887	0.0348559	0.011569	0	1.569678	1.920149	0.8829627	0.1170373	83.205
1660	5.42124	-20.5128	25.934	0.187504	0.812496	5.721663	0.702273	0.409715	0.231819	0.203372	0.131431	0.0345037	0.0113737	0	4.196982	1.785306	0.8124962	0.1875038	60.99665
1670	6.11823	-21.4295	27.5477	0.189486	0.810514	7.053638	0.691616	0.397922	0.232268	0.204792	0.130308	0.035571	0.0112943	0	2.583275	1.933526	0.8105136	0.1894864	85.80758
1680	5.79752	-20.7398	26.5373	0.471279	0.528721	4.108926	0.699271	0.402109	0.235872	0.20464	0.126764	0.0345882	0.0117137	0	3.593678	1.820422	0.5287208	0.4712792	66.13351
1690	4.48203	-23.3137	27.7957	0.850893	0.149107	5.192095	0.697122	0.399586	0.236053	0.202191	0.130044	0.0354724	0.0114741	0	2.335274	1.433691	0.1491065	0.8508935	27.14504
1700	3.80666	-19.8141	23.6208	0.546814	0.453186	1.885556	0.69734	0.404902	0.236193	0.204782	0.129595	0.0359557	0.0117308	0	6.510252	1.978672	0.453186	0.546814	95.20758
1710	5.03634	-20.1398	25.1762	0.390619	0.609381	2.691635	0.720437	0.406392	0.231304	0.207335	0.130728	0.0348525	0.0114681	0	4.954856	1.941964	0.6093809	0.3906191	87.49119
1720	5.14666	-21.5006	26.6473	0.502816	0.497184	2.421384	0.718264	0.398259	0.235456	0.210707	0.129632	0.0347116	0.0116238	0	3.483731	1.698075	0.4971835	0.5028165	49.89706
1730	5.34378	-22.7745	28.1183	0.132844	0.867156	3.287439	0.722786	0.40519	0.232932	0.207665	0.128842	0.0343236	0.011361	0	2.012766	1.819136	0.8671557	0.1328443	65.93802
1740	5.4795	-20.3787	25.8582	0.799722	0.200278	7.076734	0.715805	0.410687	0.232473	0.202973	0.126544	0.0346411	0.011493	0	4.272866	1.954868	0.200278	0.799722	90.12969
1750	5.76631	-22.3845	28.1508	0.452544	0.547456	7.927793	0.721331	0.405157	0.243097	0.203127	0.126143	0.0343727	0.0115396	0	1.980249	1.897759	0.5474562	0.4525438	79.02393
1760	4.04571	-23.8296	27.8753	0.83185	0.16815	2.57031	0.72248	0.403981	0.232438	0.20266	0.128836	0.0347077	0.0116665	0	2.255735	1.402967	0.1681504	0.8318496	25.29108
1770	4.28504	-23.2287	27.5137	0.0868968	0.913103	3.935746	0.71271	0.40498	0.240954	0.204392	0.131963	0.0347062	0.0115904	0	2.617274	1.278736	0.9131032	0.08689684	18.99925
1780	5.43324	-21.6923	27.1255	0.206123	0.793877	3.098734	0.707073	0.401929	0.240519	0.208633	0.125538	0.0346503	0.0112007	0	3.005471	1.718466	0.7938768	0.2061232	52.29576
1790	2.63507	-20.8954	23.5305	0.350129	0.649871	9.781146	0.709647	0.399858	0.231607	0.211509	0.128968	0.0354793	0.0115461	0	6.600553	1.913506	0.6498707	0.3501293	81.94181
1800	3.81076	-24.4527	28.2634	0.850104	0.149896	10.87898	0.706128	0.409069	0.238492	0.205575	0.129003	0.0351623	0.0114882	0	1.867572	1.80006	0.1498962	0.8501038	63.10447
1810	5.21886	-22.7766	27.9955	0.385498	0.614502	3.272665	0.69283	0.417338	0.241374	0.201579	0.126795	0.0352609	0.0115763	0	2.135565	1.719588	0.6145017	0.3854983	52.43103
1820	4.99975	-20.588	25.5878	0.719152	0.280848	2.211078	0.698061	0.411434	0.236439	0.202265	0.128931	0.0343792	0.0116271	0	4.543263	1.882745	0.2808483	0.7191517	76.33878
1830	5.21189	-21.4636	26.6755	0.505971	0.494029	7.38974	0.719742	0.41724	0.240429	0.205631	0.125452	0.0350412	0.0117425	0	3.455523	1.726158	0.4940288	0.5059712	53.23022
1840	5.46433	-22.6219	28.0862	0.341877	0.658123	3.078535	0.714409	0.416251	0.24041	0.206083	0.126205	0.0352795	0.0117076	0	2.044799	1.921531	0.6581229	0.3418771	83.47014
1850	3.02612	-22.4836	25.5097	0.576847	0.423153	7.976616	0.707507	0.410832	0.238481	0.211063	0.131475	0.0352085	0.0117021	0	4.621285	1.437757	0.4231532	0.5768468	27.40041
1860	4.55179	-23.8817	28.4335	0.715926	0.284074	10.88732	0.707226	0.406891	0.231271	0.205941	0.127829	0.0352061	0.011465	0	1.697513	1.947983	0.2840737	0.7159263	88.71214
1870	5.73967	-20.342	26.0817	0.132033	0.867967	6.785079	0.710684	0.398781	0.235036	0.20733	0.12615	0.0356598	0.0112698	0	4.049368	1.996383	0.8679667	0.1320333	99.17073
1880	5.18245	-20.8033	25.9858	0.0361132	0.963887	5.709419	0.714105	0.402559	0.23652	0.203047	0.128541	0.0353996	0.0113167	0	4.145252	1.679713	0.9638868	0.03611319	47.83135
1890	5.51732	-21.9245	27.4418	0.739701	0.260299	2.591946	0.707461	0.398088	0.232345	0.207303	0.129506	0.0356603	0.0116146	0	2.689176	1.92508	0.2602986	0.7397014	84.15498
1900	5.87758	-21.1361	27.0136	0.709836	0.290164	4.974492	0.696495	0.398028	0.242094	0.208888	0.130726	0.0357376	0.0114194	0	3.117373	1.792218	0.2901639	0.7098361	61.97519
1910	5.60992	-21.0254	26.6353	0.908007	0.0919935	6.07905	0.712556	0.402132	0.23588	0.208325	0.12943	0.0349704	0.0114636	0	3.495733	1.765018	0.09199348	0.9080065	58.21273
1920	5.98547	-20.6916	26.6771	0.0949356	0.905064	5.04984	0.705669	0.399121	0.239695	0.209765	0.125618	0.0356446	0.0112799	0	3.453909	1.88034	0.9050644	0.09493556	75.91712
1930	4.36891	-22.9938	27.3627	0.685637	0.314363	1.534094	0.717955	0.401776	0.238647	0.210407	0.126505	0.0342954	0.0114657	0	2.768293	1.608368	0.3143634	0.6856366	40.58521
1940	5.22952	-20.3862	25.6157	0.709145	0.290855	6.155915	0.725922	0.403409	0.231295	0.203781	0.128346	0.0346486	0.0113542	0	4.515295	1.81605	0.2908553	0.7091447	65.47121
1950	5.46033	-22.0082	27.4685	0.906233	0.0937671	7.778318	0.717555	0.399132	0.236751	0.203123	0.129502	0.0350798	0.0114196	0	2.662535	1.78951	0.0937671	0.9062329	61.58991
1960	5.21779	-21.4608	26.6786	0.065707	0.934293	4.363382	0.71286	0.408437	0.234157	0.204682	0.131939	0.0352581	0.0112174	0	3.452419	1.564413	0.934293	0.06570701	36.67864
1970	3.9369	-23.5062	27.4431	0.00286689	0.997133	10.26872	0.698017	0.405794	0.232114	0.206185	0.127257	0.0358292	0.0115694	0	2.687875	1.705198	0.9971331	0.002866893	50.72221
1980	5.97614	-20.8711	26.8473	0.289821	0.710179	6.93974	0.718778	0.41151	0.231691	0.208291	0.125618	0.0358324	0.0112364	0	3.283754	1.942606	0.7101794	0.2898206	87.62055
1990	5.10317	-23.3013	28.4045	0.696418	0.303582	4.416493	0.7247	0.4011	0.234649	0.206841	0.127726	0.0353774	0.0115239	0	1.726512	1.702133	0.3035816	0.6964184	50.36543
2000	5.00042	-20.7584	25.7588	0.0324775	0.967523	5.857958	0.70578	0.412332	0.24087	0.206562	0.126494	0.0354467	0.0113657	0	4.372182	1.66482	0.9675225	0.03247749	46.21892
2010	5.32418	-23.5007	28.8249	0.100018	0.899982	7.502099	0.694775	0.402751	0.235524	0.202376	0.125633	0.0346356	0.0114088	0	1.306156	1.904379	0.8999819	0.1000181	80.2378
2020	4.90284	-23.8547	28.7575	0.351264	0.648736	4.70446	0.720109	0.404281	0.23461	0.203339	0.126279	0.0354761	0.0113858	0	1.373531	1.78178	0.6487358	0.3512642	60.50347
2030	5.23225	-20.0749	25.3071	0.512062	0.487938	5.728137	0.714852	0.405696	0.234216	0.20669	0.127282	0.0357785	0.0115378	0	4.823878	1.864033	0.4879378	0.5120622	73.1194
2040	1.18542	-21.7547	22.9401	0.574037	0.425963	3.402386	0.69918	0.409521	0.23215	0.208022	0.131947	0.0354057	0.0113179	0	7.190902	1.050518	0.4259625	0.5740375	11.23357
2050	4.37878	-22.1857	26.5645	0.754569	0.245431	10.19913	0.693826	0.401325	0.2343	0.208155	0.130296	0.0350037	0.0112309	0	3.56654	1.871884	0.2454305	0.7545695	74.45329
2060	5.45746	-20.8071	26.2645	0.932059	0.0679415	5.068288	0.7027	0.40779	0.237918	0.207968	0.130813	0.0352353	0.0114563	0	3.86648	1.715305	0.06794147	0.9320585	51.91645
2070	4.00036	-22.226	26.2264	0.681218	0.318782	4.470658	0.715849	0.412827	0.232673	0.207775	0.125858	0.0359108	0.0117028	0	3.90463	1.298603	0.3187818	0.6812182	19.88854
2080	4.68591	-20.0408	24.7267	0.876358	0.123642	7.382149	0.723193	0.407049	0.234765	0.210551	0.126291	0.0359298	0.0115368	0	5.404309	1.988476	0.1236419	0.8763581	97.38134
2090	2.84677	-25.2775	28.1243	0.667491	0.332509	2.251938	0.717998	0.415358	0.233139	0.209717	0.128047	0.035379	0.0115309	0	2.006739	1.195665	0.3325087	0.6674913	15.69152
2100	5.72959	-20.3797	26.1093	0.789343	0.210657	5.256421	0.712705	0.41122	0.242238	0.206921	0.130629	0.0349293	0.0116715	0	4.021748	1.860977	0.2106572	0.7893428	72.60673
2110	4.6999	-22.7653	27.4652	0.00586572	0.994134	10.20707	0.705615	0.418284	0.241539	0.208133	0.128412	0.0351913	0.0116834	0	2.665804	1.848397	0.9941343	0.005865722	70.53382
2120	3.92481	-23.5773	27.5021	0.691519	0.308481	9.722824	0.69095	0.408381	0.24097	0.208208	0.125606	0.0356146	0.0117011	0	2.628872	1.661351	0.3084815	0.6915185	45.85124
2130	6.08958	-21.656	27.7455	0.237514	0.762486	8.066482	0.699646	0.399714	0.23962	0.211152	0.125641	0.0351937	0.0115636	0	2.385479	1.993286	0.7624862	0.2375138	98.46595
2140	1.66676	-22.9473	24.614	0.378235	0.621765	3.252129	0.708125	0.406015	0.236593	0.20778	0.12565	0.0346959	0.0112679	0	5.517001	0.9492289	0.6217653	0.3782347	8.8967
2150	5.90191	-22.3063	28.2082	0.174761	0.825239	5.741388	0.708504	0.405549	0.238491	0.210788	0.127863	0.0357038	0.0114236	0	1.92284	1.857355	0.8252386	0.1747614	72.00378
2160	4.8406	-22.5886	27.4292	0.250183	0.749817	4.252659	0.71463	0.400841	0.23943	0.203173	0.126341	0.034945	0.0113927	0	2.701866	1.444616	0.7498169	0.2501831	27.83661
2170	5.32522	-20.3372	25.6624	0.709392	0.290608	4.612146	0.715719	0.418047	0.242446	0.20436	0.127906	0.0353087	0.0116946	0	4.468625	1.755686	0.2906079	0.7093921	56.97522
2180	0.398075	-27.0888	27.4869	0.934675	0.0653252	6.520193	0.715654	0.402432	0.242719	0.210462	0.130818	0.0350364	0.0115581	0	2.644117	0.9818711	0.06532521	0.9346748	9.591158
2190	5.72663	-22.0597	27.7863	0.271961	0.728039	7.549543	0.717686	0.400545	0.241388	0.210932	0.131994	0.0348883	0.011565	0	2.344732	1.827905	0.728039	0.271961	67.28299
2200	4.30405	-22.3229	26.627	0.884975	0.115025	8.409052	0.71516	0.415431	0.240446	0.209116	0.130207	0.0355433	0.011399	0	3.504021	1.634793	0.1150251	0.8849749	43.13137
2210	4.71881	-22.1618	26.8807	0.0567271	0.943273	1.341705	0.723442	0.406515	0.239446	0.211468	0.130553	0.0355645	0.011724	0	3.250363	1.884524	0.9432729	0.05672714	76.65216
2220	4.61948	-22.363	26.9825	0.773237	0.226763	1.436826	0.718298	0.416821	0.236136	0.209242	0.131242	0.0349889	0.0114257	0	3.148544	1.738139	0.2267632	0.7732368	54.71909
2230	4.29252	-23.1814	27.4739	0.688229	0.311771	6.903284	0.704268	0.415738	0.233636	0.206777	0.131028	0.0347407	0.0112453	0	2.657076	1.471696	0.311771	0.688229	29.62757
2240	6.11263	-21.3006	27.4133	0.365603	0.634397	7.228216	0.718587	0.415139	0.237075	0.201648	0.129461	0.0350683	0.0115927	0	2.717749	1.944414	0.6343969	0.3656031	87.98617
2250	4.90132	-22.7348	27.6361	0.525288	0.474712	3.264501	0.697932	0.398869	0.242978	0.206087	0.131609	0.034995	0.0112616	0	2.494875	1.542511	0.4747119	0.5252881	34.87475
2260	5.16774	-20.8706	26.0383	0.01781	0.98219	2.124251	0.724746	0.404598	0.234057	0.209294	0.130658	0.0342717	0.0114034	0	4.092717	1.954909	0.98219	0.01781003	90.13828
2270	4.58555	-23.9868	28.5723	0.581333	0.418667	4.351981	0.721058	0.405318	0.232669	0.20609	0.128898	0.0345043	0.0114266	0	1.558671	1.617947	0.4186673	0.5813327	41.49034
2280	6.16545	-20.937	27.1024	0.965974	0.0340256	7.159649	0.70743	0.398553	0.236236	0.21155	0.131816	0.0348165	0.0116888	0	3.028599	1.998563	0.03402557	0.9659744	99.66961
2290	6.12808	-20.5782	26.7063	0.345574	0.654426	5.072228	0.692511	0.399193	0.23692	0.205962	0.131254	0.035185	0.0117378	0	3.424742	1.943141	0.6544264	0.3455736	87.7285
2300	5.2653	-20.3815	25.6468	0.215099	0.784901	5.39356	0.693005	0.418419	0.241168	0.210516	0.131434	0.034514	0.0117291	0	4.484183	1.753326	0.7849014	0.2150986	56.66646
2310	6.24929	-21.5643	27.8136	0.776146	0.223854	6.113589	0.725727	0.416197	0.238189	0.211934	0.127554	0.0352382	0.0113344	0	2.317395	1.953092	0.2238545	0.7761455	89.76193
2320	4.96641	-24.0393	29.0057	0.20028	0.79972	8.339274	0.691273	0.409924	0.232346	0.209252	0.127298	0.0348629	0.0112809	0	1.125319	1.947297	0.7997205	0.2002795	88.57209
2330	5.52993	-20.7865	26.3164	0.786346	0.213654	3.546119	0.694117	0.399758	0.231889	0.206626	0.127084	0.034622	0.0113979	0	3.814624	1.770773	0.2136544	0.7863456	58.9893
2340	4.40141	-21.6557	26.0571	0.149259	0.850741	7.900234	0.710998	0.399985	0.234901	0.205764	0.12634	0.034232	0.0114008	0	4.07391	1.643768	0.8507414	0.1492586	44.03197
2350	3.50796	-20.057	23.565	0.0498519	0.950148	2.347978	0.708459	0.403255	0.232702	0.209546	0.130624	0.0350077	0.0117456	0	6.566026	1.546123	0.9501481	0.04985195	35.16597
2360	4.01691	-23.8348	27.8517	0.470943	0.529057	2.711932	0.706635	0.407259	0.237756	0.20887	0.131461	0.0345734	0.0114053	0	2.279338	1.356416	0.5290566	0.4709434	22.72042
2370	3.12606	-23.6027	26.7287	0.279057	0.720943	2.510754	0.70333	0.408081	0.239332	0.206883	0.130422	0.0347944	0.0116007	0	3.402272	1.047717	0.7209432	0.2790568	11.16136
2380	3.0385	-20.0586	23.0971	0.469158	0.530842	1.092272	0.68983	0.400617	0.239859	0.208765	0.129859	0.0359013	0.0114535	0	7.033926	1.99387	0.5308424	0.4691576	98.59842
2390	5.82408	-20.4724	26.2964	0.929747	0.0702534	4.644774	0.695535	0.409624	0.240759	0.211316	0.128744	0.0357719	0.0112654	0	3.834584	1.876577	0.07025339	0.9297466	75.26229
2400	5.15982	-19.8062	24.966	0.0343726	0.965627	3.598999	0.696888	0.404501	0.242114	0.210573	0.129686	0.0352035	0.0114645	0	5.165021	1.970537	0.9656274	0.03437258	93.44094
2410	3.0293	-21.602	24.6313	0.63541	0.36459	6.996576	0.703295	0.416269	0.240266	0.206762	0.131148	0.0346265	0.0116256	0	5.499744	1.439649	0.3645904	0.6354096	27.52005
2420	-0.483976	-26.7439	26.26	0.480859	0.519141	16.59066	0.69299	0.414226	0.233518	0.211899	0.131881	0.0355825	0.0112763	0	3.871048	1.975776	0.5191413	0.4808587	94.57496
2430	4.02876	-22.989	27.0178	0.432021	0.567979	3.534559	0.690957	0.412793	0.23947	0.210998	0.130737	0.0343145	0.0113156	0	3.113245	1.258243	0.5679786	0.4320214	18.12352
2440	5.51082	-20.4411	25.952	0.843805	0.156195	6.87995	0.691122	0.41349	0.239684	0.21186	0.126169	0.0345181	0.0114741	0	4.179066	1.92067	0.156195	0.843805	83.30481
2450	4.54518	-20.1023	24.6475	0.651029	0.348971	2.177514	0.696401	0.411555	0.234109	0.205408	0.131059	0.0343361	0.0113964	0	5.483567	1.93371	0.3489706	0.6510294	85.8441
2460	4.70567	-23.7874	28.4931	0.583673	0.416327	3.187241	0.715396	0.400832	0.231388	0.203362	0.129963	0.0348642	0.011277	0	1.637903	1.762877	0.4163266	0.5836734	57.92644
2470	5.09485	-20.896	25.9909	0.746171	0.253829	6.855948	0.707017	0.39925	0.234471	0.20168	0.128716	0.0355397	0.0111997	0	4.140163	1.75503	0.2538295	0.7461705	56.88924
2480	4.09707	-22.5743	26.6714	0.909197	0.0908034	4.020742	0.697068	0.409779	0.237551	0.206181	0.130188	0.0353952	0.0115119	0	3.459614	1.302573	0.09080342	0.9091966	20.07117
2490	4.60975	-19.5636	24.1734	0.993118	0.00688162	4.482936	0.703809	0.398917	0.242668	0.20186	0.129181	0.0352267	0.0113763	0	5.95767	1.891044	0.006881623	0.9931184	77.81152
2500	5.22185	-21.9617	27.1835	0.960108	0.0398915	5.475295	0.698872	0.408559	0.23599	0.202082	0.128938	0.0343585	0.0114237	0	2.947507	1.589328	0.0398915	0.9601085	38.84435
2510	6.08273	-22.0316	28.1143	0.179105	0.820895	7.447449	0.705528	0.404568	0.232703	0.211026	0.131558	0.0345986	0.011559	0	2.016712	1.955749	0.8208954	0.1791046	90.31276
2520	1.68584	-21.0539	22.7398	0.625112	0.374888	6.042468	0.699417	0.410988	0.231247	0.206909	0.128047	0.0353226	0.0115221	0	7.391254	1.350528	0.3748879	0.6251121	22.41443
2530	5.83635	-21.7887	27.625	0.785773	0.214227	4.771053	0.705087	0.400366	0.231736	0.211593	0.126979	0.0355737	0.0112847	0	2.506	1.783624	0.2142267	0.7857733	60.76093
2540	3.20132	-21.6658	24.8671	0.167217	0.832783	0.3137326	0.703853	0.403117	0.234941	0.21021	0.125565	0.0347685	0.011577	0	5.263936	1.547839	0.8327829	0.1672171	35.3052
2550	3.60854	-23.3406	26.9492	0.0541675	0.945833	0.2928567	0.715105	0.401803	0.236907	0.208839	0.128471	0.0345446	0.0116905	0	3.181847	1.769413	0.9458325	0.05416745	58.8048
2560	3.803	-20.3747	24.1777	0.27448	0.72552	3.523149	0.724861	0.41844	0.235583	0.211269	0.131703	0.0358005	0.011533	0	5.953276	1.474673	0.7255196	0.2744804	29.83137
2570	5.3384	-23.2328	28.5712	0.864848	0.135152	4.059626	0.69826	0.417751	0.241443	0.204297	0.129085	0.0347663	0.0116585	0	1.559783	1.909729	0.135152	0.864848	81.23236
2580	5.10624	-21.0642	26.1705	0.172573	0.827427	2.49251	0.701003	0.414954	0.242445	0.204776	0.128946	0.0344869	0.0117342	0	3.960546	1.700465	0.8274271	0.1725729	50.17236
2590	3.94802	-21.0109	24.9589	0.514668	0.485332	3.412443	0.724077	0.412707	0.24084	0.205539	0.125721	0.0346198	0.0116202	0	5.172096	1.38139	0.4853315	0.5146685	24.06522
2600	5.93802	-20.8648	26.8028	0.121588	0.878412	4.670679	0.719081	0.411079	0.243137	0.209626	0.126596	0.0344146	0.0115786	0	3.328224	1.832125	0.8784118	0.1215882	67.93994
2610	5.09814	-21.6353	26.7335	0.982056	0.0179444	9.719003	0.71989	0.406371	0.239207	0.208932	0.126233	0.0344759	0.0114816	0	3.397567	1.972152	0.01794437	0.9820556	93.78897
2620	5.52531	-23.0581	28.5834	0.729764	0.270236	6.007823	0.71985	0.41248	0.239402	0.206876	0.127012	0.034225	0.011586	0	1.547606	1.849399	0.2702358	0.7297642	70.69673
2630	5.42777	-22.9657	28.3935	0.363879	0.636121	9.679047	0.704896	0.413129	0.237471	0.201547	0.127465	0.0342219	0.0115151	0	1.737558	1.994841	0.636121	0.363879	98.81906
2640	5.45859	-23.1179	28.5765	0.981372	0.0186284	6.555369	0.722202	0.407395	0.238943	0.201818	0.128948	0.0352114	0.0114589	0	1.554554	1.839494	0.01862844	0.9813716	69.10253
2650	5.26997	-22.1934	27.4633	0.573341	0.426659	2.146633	0.713208	0.407787	0.242043	0.208628	0.12792	0.035268	0.011305	0	2.667686	1.96664	0.4266586	0.5733414	92.6062
2660	6.07998	-21.3246	27.4046	0.554991	0.445009	4.247746	0.721677	0.411417	0.243109	0.211367	0.128475	0.035842	0.0114258	0	2.726396	1.907152	0.4450085	0.5549915	80.75171
2670	4.91792	-21.8293	26.7472	0.166768	0.833232	3.46934	0.709155	0.411402	0.239985	0.204583	0.130038	0.0348893	0.0112397	0	3.383781	1.482724	0.833232	0.166768	30.38954
2680	5.84029	-20.4686	26.3089	0.800566	0.199434	4.183029	0.71583	0.416366	0.237489	0.20438	0.129625	0.0346757	0.0114032	0	3.822124	1.899087	0.1994339	0.8005661	79.26593
2690	3.15448	-24.9241	28.0786	0.794471	0.205529	10.90163	0.718676	0.411735	0.242173	0.206219	0.130603	0.0345385	0.0117475	0	2.052448	1.680294	0.2055291	0.7944709	47.89544
2700	5.40011	-22.2364	27.6365	0.499035	0.500965	3.026897	0.725748	0.412765	0.237616	0.207353	0.129021	0.03448	0.011725	0	2.494525	1.755134	0.500965	0.499035	56.90289
2710	5.72975	-20.4512	26.181	0.800457	0.199543	6.973834	0.718025	0.417209	0.231494	0.20916	0.12935	0.034497	0.011603	0	3.950059	1.972107	0.1995433	0.8004567	93.77941
2720	4.20603	-22.0785	26.2845	0.477562	0.522438	6.158841	0.725405	0.405981	0.234765	0.202878	0.131308	0.0346629	0.0115219	0	3.84649	1.426077	0.5224383	0.4775617	26.67331
2730	5.57735	-19.9855	25.5629	0.137895	0.862105	4.31483	0.708578	0.414992	0.234884	0.21121	0.125524	0.035016	0.0113878	0	4.568122	1.960774	0.862105	0.137895	91.36374
2740	4.9648	-21.7059	26.6707	0.032364	0.967636	1.583103	0.697304	0.409864	0.240867	0.207611	0.130192	0.0348775	0.0116302	0	3.460367	1.981231	0.967636	0.03236401	95.77035
2750	3.60954	-22.4441	26.0537	0.309294	0.690706	0.1932846	0.704273	0.402406	0.240976	0.211458	0.131205	0.0348686	0.0113407	0	4.077368	1.977105	0.6907056	0.3092944	94.86474
2760	4.04619	-22.5404	26.5866	0.934152	0.0658476	0.6396255	0.690579	0.411044	0.241318	0.209646	0.128287	0.0352877	0.0113613	0	3.544415	1.815222	0.06584756	0.9341524	65.3464
2770	6.18619	-20.8037	26.9899	0.748573	0.251427	5.240828	0.694885	0.416964	0.236972	0.205848	0.126671	0.035473	0.0112844	0	3.14115	1.944329	0.2514268	0.7485732	87.96894
2780	4.6529	-20.2704	24.9233	0.970178	0.0298222	2.119346	0.710299	0.417452	0.239733	0.211256	0.129512	0.0357187	0.011502	0	5.207756	1.899454	0.02982221	0.9701778	79.3331
2790	5.70238	-21.2014	26.9038	0.858464	0.141536	4.358517	0.70354	0.414353	0.239901	0.206671	0.129959	0.0348538	0.011408	0	3.22723	1.739741	0.1415364	0.8584636	54.92139
2800	2.94132	-25.0924	28.0337	0.909395	0.0906052	3.378963	0.691285	0.408848	0.238718	0.208159	0.126344	0.0353701	0.0113997	0	2.097275	1.183548	0.09060522	0.9093948	15.25979
2810	5.2666	-23.3078	28.5744	0.228793	0.771207	8.969607	0.692024	0.406292	0.234383	0.202532	0.126365	0.034828	0.0113072	0	1.55659	1.918128	0.771207	0.228793	82.81859
2820	5.06521	-21.7375	26.8027	0.647998	0.352002	3.095808	0.70111	0.404714	0.231238	0.205966	0.128829	0.0359359	0.0112953	0	3.328354	1.573016	0.3520019	0.6479981	37.41242
2830	3.19039	-25.6386	28.829	0.671341	0.328659	3.540701	0.698207	0.417058	0.240248	0.207907	0.1282	0.0346876	0.0112138	0	1.302034	1.462432	0.3286593	0.6713407	29.00229
2840	4.79225	-22.8408	27.633	0.136109	0.863891	1.597143	0.703124	0.414564	0.241535	0.206589	0.127965	0.0357401	0.0111853	0	2.498009	1.993085	0.8638908	0.1361092	98.42047
2850	5.60335	-20.5245	26.1279	0.417141	0.582859	7.057409	0.697897	0.413555	0.235289	0.210541	0.127721	0.035143	0.0115316	0	4.003157	1.931874	0.5828588	0.4171412	85.48179
2860	4.20338	-22.3777	26.5811	0.00822686	0.991773	2.107943	0.704017	0.406021	0.235353	0.210881	0.129679	0.0348866	0.0116489	0	3.549926	1.315299	0.9917731	0.008226862	20.66803
2870	2.64265	-21.4614	24.1041	0.632356	0.367644	1.846712	0.720846	0.41109	0.234453	0.203947	0.128161	0.0348151	0.0114734	0	6.026958	1.181078	0.3676442	0.6323558	15.17324
2880	6.0258	-20.6409	26.6667	0.148877	0.851123	5.066577	0.721767	0.414268	0.239398	0.203865	0.129314	0.0346916	0.0115795	0	3.464276	1.894453	0.8511233	0.1488767	78.42481
2890	5.46389	-22.0493	27.5132	0.47647	0.52353	2.56371	0.692513	0.415259	0.240097	0.208642	0.12716	0.0354513	0.0114411	0	2.617859	1.914983	0.5235303	0.4764697	82.22106
2900	4.93413	-22.4826	27.4167	0.685726	0.314274	2.494917	0.70909	0.411531	0.241241	0.203349	0.125486	0.0353016	0.011215	0	2.714323	1.632881	0.3142743	0.6857257	42.94185
2910	4.18577	-20.6854	24.8712	0.624439	0.375561	6.274981	0.7018	0.411835	0.236327	0.204322	0.126445	0.0355031	0.0113761	0	5.259835	1.618637	0.3755606	0.6244394	41.55629
2920	5.71229	-22.5589	28.2712	0.477963	0.522037	4.58887	0.696309	0.411519	0.232745	0.210524	0.125525	0.0349087	0.0115111	0	1.859818	1.85673	0.5220366	0.4779634	71.90012
2930	4.63651	-20.8045	25.441	0.178446	0.821554	2.94708	0.704265	0.397673	0.232497	0.209084	0.127851	0.0350957	0.0115285	0	4.69002	1.543928	0.8215543	0.1784457	34.98872
2940	0.90865	-25.6923	26.6009	0.633781	0.366219	9.534492	0.697941	0.404423	0.234018	0.204253	0.130247	0.0346024	0.0114104	0	3.530101	1.252411	0.3662188	0.6337812	17.88178
2950	5.30056	-20.2274	25.5279	0.91981	0.0801899	3.989023	0.699805	0.401239	0.232509	0.203628	0.125943	0.0342513	0.01149	0	4.603104	1.79314	0.08018994	0.9198101	62.10686
2960	4.74306	-23.3821	28.1252	0.117001	0.882999	7.769073	0.69278	0.404883	0.233474	0.202533	0.128884	0.0349375	0.011618	0	2.005833	1.613507	0.8829988	0.1170012	41.06836
2970	5.92292	-21.2661	27.189	0.918222	0.0817779	5.81649	0.720441	0.400022	0.232975	0.20385	0.126518	0.035868	0.0113745	0	2.942034	1.816606	0.08177795	0.9182221	65.55501
2980	4.35606	-20.2235	24.5795	0.923033	0.0769667	1.862339	0.716821	0.402831	0.237007	0.204576	0.126614	0.0350796	0.011533	0	5.551487	1.914678	0.07696666	0.9230333	82.16336
2990	3.84475	-21.5477	25.3924	0.63806	0.36194	9.387942	0.713571	0.404025	0.233777	0.21153	0.125836	0.0358136	0.0116598	0	4.738586	1.789304	0.3619398	0.6380602	61.56079
3000	3.44906	-23.9742	27.4232	0.71999	0.28001	2.650908	0.717066	0.399685	0.232869	0.209978	0.128008	0.0359361	0.0114014	0	2.707804	1.195018	0.2800099	0.7199901	15.66814
3010	4.11569	-23.5214	27.6371	0.531209	0.468791	1.072151	0.707277	0.411959	0.236751	0.210831	0.126995	0.0359412	0.0117654	0	2.49395	1.775464	0.4687912	0.5312088	59.62982
3020	4.34874	-21.648	25.9968	0.349086	0.650914	1.237733	0.70307	0.400821	0.231823	0.205662	0.127984	0.0359623	0.0116762	0	4.134267	1.659104	0.6509142	0.3490858	45.6146
3030	2.89877	-20.6892	23.5879	0.394898	0.605102	0.5104526	0.706273	0.407203	0.236639	0.210316	0.130113	0.0357734	0.0117313	0	6.543071	1.800097	0.6051019	0.3948981	63.10978
3040	4.83535	-22.0149	26.8503	0.423725	0.576275	1.638685	0.701882	0.400238	0.2381	0.211835	0.13011	0.0345889	0.0117361	0	3.280734	1.770281	0.5762748	0.4237252	58.92243
3050	5.47582	-22.2688	27.7446	0.14162	0.85838	4.192226	0.718898	0.404955	0.232194	0.210172	0.128583	0.0342914	0.0117679	0	2.38641	1.653758	0.8583796	0.1416204	45.05651
3060	3.02292	-21.0963	24.1192	0.180635	0.819365	9.114094	0.716782	0.398934	0.234913	0.211674	0.128747	0.035435	0.0115373	0	6.011826	1.7758	0.8193649	0.1806351	59.67604
3070	5.82848	-20.8384	26.6669	0.538988	0.461012	6.861771	0.725897	0.403804	0.236046	0.211848	0.130677	0.0350742	0.0111949	0	3.464115	1.906423	0.4610117	0.5389883	80.61631
3080	4.26869	-23.7449	28.0136	0.401074	0.598926	5.772743	0.724477	0.399925	0.232381	0.210594	0.128071	0.0342812	0.011332	0	2.117464	1.41083	0.5989255	0.4010745	25.75311
3090	3.12751	-24.7246	27.8521	0.864896	0.135104	8.714792	0.714986	0.401483	0.234839	0.204852	0.125635	0.0342559	0.0116875	0	2.278923	1.45212	0.1351035	0.8648965	28.32172
3100	5.5198	-20.5815	26.1013	0.204668	0.795332	6.700142	0.690475	0.412063	0.242209	0.204972	0.125545	0.035108	0.0114084	0	4.029683	1.865461	0.7953324	0.2046676	73.36035
3110	4.62415	-21.8848	26.5089	0.301548	0.698452	4.26487	0.69732	0.416041	0.241819	0.206659	0.127257	0.0342312	0.0116946	0	3.622076	1.397883	0.6984519	0.3015481	24.99672
3120	1.50279	-26.3352	27.838	0.931065	0.068935	2.482962	0.698734	0.414617	0.236596	0.203785	0.125914	0.035129	0.0113523	0	2.293058	0.9610776	0.06893496	0.931065	9.142767
3130	6.23776	-20.7524	26.9902	0.309439	0.690561	4.849281	0.695785	0.411246	0.235987	0.202606	0.129674	0.0346358	0.0114131	0	3.140827	1.981863	0.6905613	0.3094387	95.90983
3140	5.76037	-20.1726	25.933	0.314656	0.685344	4.64633	0.693278	0.41323	0.232809	0.211588	0.127868	0.0346663	0.0113474	0	4.198067	1.937848	0.6853438	0.3146562	86.66589
3150	5.22725	-20.847	26.0743	0.0021226	0.997877	5.014511	0.709148	0.41013	0.23833	0.208222	0.127452	0.0350579	0.0112662	0	4.056754	1.647595	0.9978774	0.002122605	44.4217
3160	3.40725	-20.6788	24.086	0.592821	0.407179	9.377372	0.714287	0.410497	0.23171	0.206973	0.12543	0.0345566	0.0113311	0	6.044992	1.968853	0.4071792	0.5928208	93.07921
3170	2.5594	-25.8808	28.4402	0.606404	0.393596	1.428088	0.695491	0.417348	0.231591	0.202514	0.126957	0.0349377	0.011315	0	1.690808	1.368627	0.3935964	0.6064036	23.36831
3180	4.70433	-21.3287	26.033	0.93142	0.0685797	6.906341	0.709457	0.407085	0.232509	0.208573	0.127472	0.0351849	0.0113969	0	4.098023	1.636934	0.06857974	0.9314203	43.34446
3190	4.46234	-22.4373	26.8997	0.994247	0.00575317	1.149075	0.712718	0.398979	0.234404	0.209078	0.126461	0.0356831	0.0114409	0	3.231344	1.788774	0.005753169	0.9942468	61.48568
3200	3.14452	-22.3662	25.5107	0.759083	0.240917	8.331469	0.702293	0.409135	0.242159	0.211566	0.127202	0.035571	0.0115994	0	4.620274	1.503431	0.2409173	0.7590827	31.87359
3210	3.84114	-21.6788	25.5199	0.382171	0.617829	8.830293	0.694326	0.412405	0.241695	0.209505	0.127394	0.0353494	0.0117587	0	4.611096	1.689348	0.6178291	0.3821709	48.90443
3220	5.90294	-22.2103	28.1132	0.431128	0.568872	6.813547	0.701769	0.406447	0.238285	0.208938	0.128684	0.0351705	0.0117021	0	2.017793	1.86005	0.5688715	0.4311285	72.45199
3230	2.47698	-20.506	22.983	0.993935	0.00606546	7.140402	0.705276	0.414244	0.237453	0.201763	0.130963	0.0345442	0.0114343	0	7.148015	1.617635	0.006065463	0.9939345	41.46054
3240	6.2734	-21.1733	27.4467	0.225391	0.774609	7.024083	0.691207	0.412577	0.239844	0.203551	0.130814	0.0342865	0.0117308	0	2.684293	1.99226	0.7746091	0.2253909	98.2336
3250	4.04001	-23.4631	27.5031	0.0339238	0.966076	1.173387	0.696603	0.405076	0.240542	0.207613	0.128032	0.0357543	0.0116731	0	2.627875	1.58137	0.9660762	0.03392383	38.13906
3260	5.50735	-21.9969	27.5042	0.726393	0.273607	3.324249	0.703017	0.415038	0.235824	0.201968	0.127397	0.0355801	0.0113056	0	2.626771	1.751536	0.2736074	0.7263926	56.4334
3270	5.65533	-21.4583	27.1137	0.840325	0.159675	2.930007	0.692921	0.406669	0.236984	0.204422	0.130708	0.0344341	0.011444	0	3.017354	1.878665	0.1596753	0.8403247	75.62487
3280	2.25987	-19.1268	21.3867	0.0559708	0.944029	2.927361	0.708875	0.412185	0.241044	0.206373	0.13138	0.0346513	0.0113939	0	8.744356	1.744123	0.9440292	0.05597077	55.47829
3290	4.90459	-22.8016	27.7061	0.104875	0.895125	3.51465	0.721421	0.413407	0.239011	0.201533	0.130766	0.0343503	0.0116113	0	2.424873	1.492076	0.8951255	0.1048745	31.051
3300	5.74303	-20.1956	25.9386	0.874434	0.125566	5.812024	0.706607	0.403193	0.241912	0.201493	0.128239	0.0344307	0.0112072	0	4.192415	1.962619	0.1255657	0.8744343	91.75274
3310	5.59391	-22.3759	27.9698	0.273629	0.726371	6.738902	0.722015	0.412346	0.237066	0.201436	0.126137	0.0342287	0.0113947	0	2.161193	1.752851	0.7263708	0.2736292	56.60444
3320	5.80735	-22.5712	28.3786	0.836019	0.163981	6.024816	0.724756	0.403178	0.231114	0.202858	0.126847	0.0344685	0.0113848	0	1.752429	1.880898	0.1639812	0.8360188	76.01484
3330	3.34575	-22.4281	25.7738	0.979028	0.0209719	1.083074	0.715571	0.410885	0.239086	0.207366	0.12629	0.0342898	0.0112233	0	4.357212	1.286276	0.02097187	0.9790281	19.33196
3340	5.61294	-21.3976	27.0105	0.967691	0.0323093	4.8452	0.714513	0.416389	0.24002	0.210431	0.12547	0.0347765	0.0114492	0	3.120479	1.695165	0.03230934	0.9676907	49.56386
3350	5.67195	-20.2708	25.9428	0.527144	0.472856	5.204449	0.704884	0.410043	0.239819	0.210542	0.129008	0.0344184	0.01155	0	4.188235	1.876143	0.472856	0.527144	75.18703
3360	2.24554	-26.4722	28.7178	0.220471	0.779529	2.191312	0.714312	0.410298	0.236639	0.201675	0.13036	0.0355859	0.0117548	0	1.413269	1.193247	0.7795285	0.2204715	15.60438
3370	5.31614	-19.8487	25.1648	0.479967	0.520033	5.884594	0.719212	0.417007	0.238197	0.211753	0.131953	0.0350564	0.0117626	0	4.966215	1.984304	0.5200326	0.4799674	96.45042
3380	3.48922	-25.0632	28.5524	0.618798	0.381202	1.552991	0.718693	0.415706	0.242486	0.201698	0.131033	0.0351794	0.0112368	0	1.578601	1.814189	0.3812018	0.6187982	65.19125
3390	3.53501	-21.782	25.317	0.133952	0.866048	5.156397	0.715568	0.411689	0.233563	0.206156	0.130047	0.0343779	0.0113547	0	4.814044	1.294744	0.8660481	0.1339519	19.7126
3400	3.69083	-19.2576	22.9484	0.853989	0.146011	3.297353	0.707435	0.4153	0.237959	0.210768	0.125936	0.0345602	0.0112883	0	7.182615	1.936576	0.1460111	0.8539889	86.41238
3410	3.47234	-19.1582	22.6305	0.944747	0.0552527	3.807482	0.714953	0.400566	0.236751	0.211162	0.127157	0.035439	0.0114454	0	7.500491	1.914642	0.05525267	0.9447473	82.15649
3420	4.69804	-21.8031	26.5011	0.675428	0.324572	6.427302	0.700796	0.397856	0.231081	0.203831	0.131744	0.0356562	0.0114982	0	3.629918	1.541141	0.3245716	0.6754284	34.76494
3430	5.0503	-20.1493	25.1996	0.483076	0.516924	3.035524	0.693315	0.404578	0.234679	0.204919	0.131092	0.0345117	0.011299	0	4.931431	1.841835	0.516924	0.483076	69.47607
3440	5.8134	-21.4456	27.259	0.411928	0.588072	6.680431	0.702107	0.414836	0.238438	0.203114	0.131881	0.0343023	0.0113082	0	2.872031	1.814355	0.588072	0.411928	65.21619
3450	1.8425	-27.2275	29.07	0.181809	0.818191	11.58513	0.690619	0.41207	0.240725	0.202678	0.12853	0.0346098	0.0113027	0	1.061048	1.689153	0.8181911	0.1818089	48.88247
3460	6.10039	-21.6293	27.7297	0.563664	0.436336	4.523281	0.701363	0.415293	0.240982	0.205508	0.125562	0.0353551	0.0113511	0	2.401332	1.918813	0.4363364	0.5636636	82.94928
3470	5.88885	-22.1181	28.007	0.297699	0.702301	5.743925	0.693042	0.418106	0.235101	0.20714	0.125727	0.0348651	0.0115797	0	2.124067	1.814029	0.7023011	0.2976989	65.16726
3480	5.16928	-22.4535	27.6228	0.123505	0.876495	6.781261	0.695717	0.418379	0.233623	0.211153	0.129783	0.0353392	0.0116985	0	2.508199	1.607657	0.8764954	0.1235046	40.51884
3490	6.00217	-21.8133	27.8155	0.402524	0.597476	4.845757	0.693375	0.403381	0.241623	0.208204	0.12948	0.0355526	0.0116476	0	2.315511	1.849609	0.5974765	0.4025235	70.73094
3500	5.67492	-20.125	25.7999	0.310785	0.689215	4.820953	0.703567	0.409008	0.242116	0.207124	0.12681	0.0350512	0.0114762	0	4.331142	1.918798	0.6892151	0.3107849	82.94657
3510	5.18589	-22.8863	28.0722	0.796767	0.203233	8.596358	0.721561	0.416819	0.240885	0.211207	0.129453	0.0342625	0.0115	0	2.058787	1.808114	0.2032332	0.7967668	64.28563
3520	4.7533	-19.8779	24.6312	0.956958	0.0430415	5.255523	0.71136	0.416696	0.242583	0.209471	0.129952	0.0343143	0.0117511	0	5.499817	1.806277	0.04304154	0.9569585	64.01426
3530	5.37735	-23.1898	28.5672	0.0354401	0.96456	6.112231	0.707122	0.412884	0.241137	0.202575	0.128488	0.0343524	0.0117619	0	1.563829	1.762749	0.9645599	0.03544012	57.90942
3540	0.19149	-22.746	22.9375	0.399959	0.600041	7.522155	0.697475	0.413939	0.237102	0.203747	0.126989	0.0347733	0.0114775	0	7.193528	1.217526	0.6000407	0.3999593	16.50159
3550	4.363	-22.5611	26.9241	0.771011	0.228989	10.96377	0.719891	0.403888	0.241609	0.206102	0.128511	0.0354741	0.0116382	0	3.206908	1.926122	0.228989	0.771011	84.35721
3560	5.59617	-21.236	26.8322	0.589492	0.410508	3.344466	0.721876	0.403914	0.241091	0.207488	0.128458	0.0350273	0.0117021	0	3.298823	1.758516	0.4105082	0.5894918	57.34765
3570	6.32671	-21.5542	27.8809	0.0447553	0.955245	6.673322	0.704417	0.404815	0.238491	0.203112	0.126382	0.0357773	0.0117697	0	2.25016	1.985552	0.9552447	0.04475531	96.72789
3580	5.84961	-20.5611	26.4107	0.985305	0.0146953	6.946248	0.711523	0.402208	0.234977	0.20548	0.129327	0.0350981	0.0117518	0	3.720354	1.962854	0.01469534	0.9853047	91.80235
3590	5.31692	-22.8792	28.1961	0.878267	0.121733	3.193684	0.721683	0.399437	0.234276	0.201374	0.127444	0.0355931	0.0116756	0	1.934945	1.86337	0.1217334	0.8782666	73.00793
3600	2.83263	-20.281	23.1136	0.724766	0.275234	3.259415	0.72294	0.415407	0.236431	0.205408	0.126769	0.0356506	0.0117561	0	7.017435	1.384915	0.2752344	0.7247656	24.26133
3610	6.14099	-21.4796	27.6206	0.46146	0.53854	6.587787	0.7178	0.417599	0.232525	0.202518	0.131633	0.0344172	0.0115906	0	2.510432	1.908094	0.5385395	0.4614605	80.92709
3620	4.5941	-23.3774	27.9715	0.127327	0.872673	3.136627	0.708687	0.416311	0.233926	0.208928	0.12872	0.0342677	0.0116593	0	2.159536	1.471765	0.8726734	0.1273266	29.63227
3630	5.3189	-22.664	27.9829	0.817916	0.182084	2.911137	0.698744	0.415366	0.231561	0.207215	0.125804	0.034688	0.0117311	0	2.148127	1.842701	0.1820835	0.8179165	69.61471
3640	5.59901	-22.7369	28.3359	0.504753	0.495247	5.461697	0.714947	0.404448	0.231435	0.209867	0.126479	0.0346154	0.011639	0	1.79511	1.78908	0.4952465	0.5047535	61.52904
3650	4.68387	-19.8573	24.5411	0.512564	0.487436	2.973588	0.718259	0.410752	0.233859	0.201425	0.131622	0.0343362	0.0116061	0	5.589889	1.854418	0.4874356	0.5125644	71.51839
3660	3.45306	-19.9651	23.4181	0.778725	0.221275	7.226878	0.715862	0.399402	0.233165	0.207272	0.131147	0.0345764	0.0117508	0	6.712885	1.844723	0.2212746	0.7787254	69.93965
3670	3.85673	-22.1725	26.0293	0.951107	0.0488934	6.400769	0.692075	0.398686	0.231185	0.203703	0.126838	0.0342837	0.0116889	0	4.101744	1.407522	0.0488934	0.9511066	25.55772
3680	2.70089	-24.9822	27.683	0.503787	0.496213	9.494948	0.701681	0.410031	0.235631	0.204297	0.128329	0.0342916	0.0117687	0	2.447972	1.441594	0.4962131	0.5037869	27.64356
3690	5.58533	-20.093	25.6783	0.934508	0.0654918	5.895252	0.694806	0.410035	0.232526	0.207188	0.127639	0.0342797	0.0117101	0	4.452683	1.946541	0.06549183	0.9345082	88.41803
3700	3.26814	-21.4841	24.7523	0.692458	0.307542	5.943199	0.715327	0.411837	0.24117	0.204178	0.127452	0.035229	0.0117433	0	5.378765	1.376861	0.3075415	0.6924585	23.81559
3710	3.09805	-26.1238	29.2219	0.965629	0.0343713	6.123405	0.712746	0.413552	0.23844	0.203727	0.130802	0.0347269	0.0116237	0	0.9091605	1.640668	0.03437133	0.9656287	43.71875
3720	6.01156	-20.9214	26.9329	0.486364	0.513636	4.360411	0.701497	0.412263	0.235261	0.206234	0.130361	0.0347668	0.011756	0	3.198092	1.867606	0.5136358	0.4863642	73.72351
3730	5.45116	-23.2388	28.6899	0.257086	0.742914	6.398004	0.700661	0.417815	0.231896	0.208963	0.128319	0.0343474	0.0117331	0	1.441071	1.851589	0.7429143	0.2570857	71.05405
3740	5.41372	-22.8517	28.2654	0.034045	0.965955	3.771737	0.723688	0.407292	0.231094	0.206459	0.127258	0.0356458	0.0114716	0	1.865621	1.81593	0.965955	0.03404502	65.45312
3750	5.89418	-21.9322	27.8264	0.367384	0.632616	8.294152	0.726073	0.414657	0.234863	0.202443	0.127709	0.0357181	0.0117615	0	2.304649	1.940826	0.6326161	0.3673839	87.26223
3760	6.00336	-21.4801	27.4834	0.965524	0.0344763	6.873627	0.702015	0.415437	0.238644	0.20769	0.130719	0.0355376	0.0116042	0	2.647603	1.878647	0.03447634	0.9655237	75.62187
3770	5.02547	-21.9187	26.9441	0.990372	0.0096282	2.343946	0.701775	0.398859	0.231139	0.205058	0.130844	0.0359551	0.0116048	0	3.186887	1.657406	0.0096282	0.9903718	45.43661
3780	3.79501	-20.2361	24.0311	0.456123	0.543877	4.448496	0.69761	0.403299	0.236324	0.209313	0.130449	0.0356916	0.0116039	0	6.099934	1.532413	0.5438765	0.4561235	34.07322
3790	5.60009	-20.3115	25.9116	0.35192	0.64808	4.416926	0.703928	0.403688	0.240167	0.205786	0.128475	0.03588	0.0113953	0	4.219466	1.843239	0.6480796	0.3519204	69.70094
3800	5.43785	-23.4453	28.8831	0.721103	0.278897	6.422492	0.718083	0.401805	0.240431	0.201565	0.13076	0.0358501	0.0116815	0	1.247909	1.962502	0.2788968	0.7211032	91.72792
3810	1.40146	-24.9953	26.3968	0.462839	0.537161	12.06315	0.722387	0.416886	0.240688	0.206602	0.129969	0.0352611	0.0112929	0	3.734246	1.602567	0.5371609	0.4628391	40.04671
3820	4.01607	-19.769	23.7851	0.0923208	0.907679	2.237512	0.712944	0.400531	0.239409	0.207527	0.130127	0.034369	0.0113071	0	6.345918	1.898585	0.9076792	0.0923208	79.17444
3830	3.77134	-24.7209	28.4922	0.676144	0.323856	2.673687	0.715012	0.407599	0.239298	0.204457	0.12882	0.0345868	0.0115591	0	1.638797	1.520041	0.3238559	0.6761441	33.11621
3840	5.44766	-20.369	25.8167	0.617412	0.382588	5.042457	0.724064	0.4132	0.232807	0.207528	0.128095	0.0356005	0.0114697	0	4.314359	1.792321	0.3825882	0.6174118	61.98995
3850	4.70312	-22.6346	27.3378	0.188606	0.811394	8.364763	0.715449	0.403489	0.231888	0.206659	0.12717	0.0356204	0.01173	0	2.793267	1.646934	0.8113944	0.1886056	44.3541
3860	3.24499	-22.224	25.469	0.942759	0.057241	9.592579	0.69652	0.411044	0.235093	0.20512	0.128286	0.0357573	0.0112253	0	4.661994	1.683593	0.05724095	0.942759	48.26065
3870	5.1468	-19.6746	24.8214	0.0866997	0.9133	4.346169	0.692687	0.417765	0.238697	0.206204	0.130174	0.0341836	0.0114203	0	5.309581	1.979727	0.9133003	0.08669967	95.43918
3880	5.36783	-22.7026	28.0704	0.0584994	0.941501	7.173859	0.701418	0.413959	0.242271	0.202375	0.129165	0.0341676	0.0113855	0	2.060592	1.715199	0.9415006	0.05849945	51.90381
3890	4.11042	-22.2948	26.4052	0.806588	0.193412	4.581056	0.692957	0.399224	0.24045	0.203144	0.13047	0.0344788	0.0115204	0	3.725828	1.325716	0.193412	0.806588	21.16976
3900	4.76159	-23.0998	27.8614	0.895995	0.104005	4.218079	0.6986	0.408902	0.240377	0.206245	0.129325	0.0349058	0.0117342	0	2.269592	1.489806	0.1040046	0.8959954	30.88916
3910	4.97785	-19.9556	24.9335	0.624786	0.375214	5.890114	0.719278	0.416196	0.239069	0.205187	0.127319	0.0358294	0.0115814	0	5.197561	1.871581	0.3752144	0.6247856	74.40145
3920	4.90323	-20.0715	24.9747	0.0919133	0.908087	2.839519	0.711847	0.406483	0.239032	0.209234	0.130268	0.0351782	0.0114878	0	5.156301	1.857039	0.9080867	0.09191327	71.9513
3930	5.3316	-22.254	27.5856	0.219929	0.780071	9.442162	0.726084	0.413911	0.2319	0.210909	0.127395	0.0349215	0.0112654	0	2.545452	1.918226	0.7800712	0.2199288	82.83736
3940	5.75462	-21.4299	27.1845	0.636621	0.363379	3.588425	0.708102	0.408641	0.234717	0.20916	0.12577	0.0353296	0.0114558	0	2.946471	1.806703	0.3633786	0.6366214	64.07717
3950	4.96192	-20.596	25.5579	0.229642	0.770358	4.317695	0.721286	0.413577	0.2408	0.210557	0.127504	0.0359364	0.0117426	0	4.57315	1.613	0.7703579	0.2296421	41.02045
3960	4.97078	-20.1099	25.0807	0.961248	0.0387519	6.281471	0.718268	0.404907	0.236046	0.211233	0.128637	0.0352266	0.0116905	0	5.050353	1.852933	0.03875194	0.9612481	71.27436
3970	3.7765	-20.0869	23.8634	0.530774	0.469226	5.292037	0.725701	0.400645	0.237358	0.210231	0.126399	0.0358565	0.0117276	0	6.267619	1.616593	0.4692261	0.5307739	41.36115
3980	5.30849	-22.1007	27.4092	0.258894	0.741106	7.046117	0.711643	0.400489	0.237327	0.20647	0.12806	0.0344537	0.0114719	0	2.721865	1.677128	0.7411056	0.2588944	47.54749
3990	4.28766	-22.5978	26.8855	0.708804	0.291196	11.44471	0.693406	0.412751	0.23131	0.209966	0.126611	0.0343152	0.0112501	0	3.24551	1.990684	0.2911958	0.7088042	97.87768
4000	3.71725	-20.8395	24.5567	0.141985	0.858015	6.061209	0.696436	0.413419	0.23597	0.211876	0.128297	0.0342281	0.0112946	0	5.574288	1.518343	0.8580147	0.1419853	32.987
4010	5.02628	-19.7815	24.8077	0.484752	0.515248	4.227667	0.709107	0.414751	0.231453	0.209797	0.130548	0.0342733	0.0116985	0	5.323283	1.870424	0.5152477	0.4847523	74.20347
4020	5.2465	-20.9478	26.1943	0.38098	0.61902	2.544729	0.713941	0.400503	0.231257	0.208651	0.127157	0.0345904	0.011402	0	3.936709	1.789086	0.6190197	0.3809803	61.5298
4030	4.85095	-23.015	27.866	0.203955	0.796045	4.653885	0.704182	0.405467	0.240801	0.207321	0.125413	0.0345523	0.0114687	0	2.265051	1.474587	0.7960446	0.2039554	29.82543
4040	1.58346	-21.9252	23.5086	0.951248	0.0487524	11.68322	0.699332	0.407188	0.236633	0.211403	0.128233	0.0345307	0.0113086	0	6.622395	1.948486	0.04875239	0.9512476	88.81491
4050	5.79012	-21.5619	27.352	0.804048	0.195952	4.933839	0.703892	0.408918	0.238795	0.20983	0.1296	0.0347959	0.0114104	0	2.779006	1.749638	0.1959518	0.8040482	56.18733
4060	5.1556	-22.8439	27.9995	0.19891	0.80109	4.993223	0.700289	0.406611	0.232512	0.207568	0.12998	0.0342704	0.0113673	0	2.131495	1.579305	0.8010902	0.1989098	37.95815
4070	4.36914	-24.7457	29.1148	0.594679	0.405321	8.769987	0.698735	0.402735	0.235795	0.2082	0.130294	0.0356708	0.0114358	0	1.01623	1.905064	0.4053215	0.5946785	80.36442
4080	6.11167	-21.0674	27.1791	0.498943	0.501057	5.950292	0.724318	0.399097	0.239985	0.208345	0.131754	0.0354273	0.0113578	0	2.951916	1.895825	0.5010572	0.4989428	78.67292
4090	5.63866	-20.1932	25.8319	0.339254	0.660746	3.95476	0.71689	0.40457	0.240081	0.202704	0.130758	0.0348652	0.0112099	0	4.299156	1.929792	0.6607461	0.3392539	85.07314
4100	3.98156	-24.2221	28.2036	0.556793	0.443207	1.365951	0.691977	0.411517	0.237925	0.207891	0.126422	0.0344545	0.0112231	0	1.927403	1.888945	0.4432075	0.5567925	77.43635
4110	5.62073	-20.4587	26.0794	0.306644	0.693356	5.226229	0.714315	0.414372	0.233112	0.205247	0.125604	0.0345856	0.011562	0	4.051632	1.813665	0.6933557	0.3066443	65.11258
4120	4.52228	-22.7576	27.2798	0.654034	0.345966	9.331017	0.700035	0.415204	0.231963	0.203602	0.127331	0.0347991	0.011717	0	2.851176	1.729613	0.3459658	0.6540342	53.65537
4130	4.98511	-21.0094	25.9945	0.331027	0.668973	6.24576	0.709605	0.40535	0.23488	0.209224	0.126316	0.0351858	0.0115529	0	4.136472	1.651064	0.6689726	0.3310274	44.77796
4140	5.81877	-21.412	27.2308	0.577908	0.422092	5.53005	0.697888	0.402569	0.235086	0.208112	0.127363	0.0342924	0.0116625	0	2.900253	1.756067	0.422092	0.577908	57.02519
4150	5.18439	-21.7933	26.9777	0.257202	0.742798	2.575215	0.690457	0.402261	0.238209	0.208973	0.126349	0.0352658	0.0116075	0	3.153324	1.674217	0.7427982	0.2572018	47.22985
4160	4.24422	-22.5893	26.8335	0.168638	0.831362	7.444028	0.692414	0.406769	0.239707	0.205266	0.125842	0.0341924	0.0117163	0	3.297482	1.487506	0.8313617	0.1686383	30.72603
4170	5.41274	-22.9339	28.3466	0.811935	0.188065	3.838789	0.692459	0.417813	0.235987	0.202625	0.126935	0.0354853	0.0115453	0	1.784376	1.85522	0.1880646	0.8119354	71.65069
4180	5.79704	-22.3225	28.1195	0.206451	0.793549	6.579844	0.697324	0.404035	0.240558	0.20345	0.130258	0.0355009	0.0114387	0	2.011517	1.818768	0.7935485	0.2064515	65.88218
4190	5.64897	-21.409	27.058	0.639782	0.360218	2.675435	0.690963	0.409673	0.234751	0.201405	0.128103	0.0354279	0.0117432	0	3.073006	1.963127	0.3602175	0.6397825	91.86013
4200	3.61007	-24.0496	27.6596	0.142424	0.857576	4.029341	0.725741	0.41218	0.231708	0.204393	0.125853	0.0345631	0.0117171	0	2.47139	1.148758	0.8575758	0.1424242	14.08505
4210	4.77565	-22.2362	27.0118	0.660941	0.339059	6.936757	0.699678	0.409066	0.231524	0.202795	0.12635	0.0355947	0.0115713	0	3.119197	1.565155	0.3390585	0.6609415	36.74137
4220	4.95288	-20.2515	25.2044	0.672585	0.327415	6.98285	0.690826	0.414444	0.233882	0.211454	0.127285	0.0357278	0.0112277	0	4.926604	1.898735	0.3274155	0.6725845	79.20172
4230	3.96117	-22.4666	26.4278	0.534957	0.465043	7.969398	0.69183	0.41796	0.235829	0.203224	0.125753	0.0355333	0.0114568	0	3.703222	1.530558	0.4650431	0.5349569	33.92801
4240	4.55891	-20.6212	25.1801	0.642466	0.357534	8.446098	0.690564	0.415368	0.231753	0.20909	0.125867	0.035915	0.0115243	0	4.950894	1.930077	0.3575336	0.6424664	85.12894
4250	5.56034	-21.9055	27.4658	0.261476	0.738524	7.025684	0.699208	0.414265	0.234381	0.206865	0.126022	0.0358129	0.0113495	0	2.665201	1.746179	0.7385244	0.2614756	55.74153
4260	5.35685	-21.2783	26.6352	0.240392	0.759608	4.049705	0.690605	0.405646	0.236158	0.204312	0.125918	0.0357984	0.0116266	0	3.495868	1.615615	0.759608	0.240392	41.26818
4270	4.91969	-22.9641	27.8838	0.312315	0.687685	2.818943	0.699065	0.416136	0.23246	0.202866	0.127319	0.0349515	0.0116868	0	2.247244	1.634213	0.6876852	0.3123148	43.07375
4280	5.79227	-20.8622	26.6544	0.873726	0.126274	3.467185	0.701539	0.418567	0.23144	0.203722	0.128036	0.0346785	0.0113561	0	3.476597	1.885994	0.1262737	0.8737263	76.91197
4290	5.22472	-23.1538	28.3785	0.100835	0.899165	8.595565	0.71729	0.413693	0.235649	0.206479	0.125518	0.0344482	0.0113593	0	1.752523	1.833387	0.8991654	0.1008346	68.13761
4300	4.80253	-22.6703	27.4728	0.169004	0.830996	8.983149	0.722148	0.406204	0.232074	0.205738	0.12807	0.0348737	0.0113741	0	2.65818	1.738665	0.8309961	0.1690039	54.78543
4310	4.69309	-22.9879	27.681	0.833809	0.166191	8.926812	0.712694	0.41407	0.236579	0.209725	0.126157	0.0353689	0.0113271	0	2.449986	1.727642	0.1661912	0.8338088	53.41236
4320	5.31866	-19.8317	25.1504	0.380516	0.619484	5.307569	0.725348	0.408754	0.231092	0.20941	0.12892	0.0349886	0.0112651	0	4.980635	1.96346	0.6194842	0.3805158	91.93058
4330	5.11867	-23.5764	28.695	0.559899	0.440101	6.192477	0.719932	0.399407	0.240422	0.210539	0.125954	0.0359129	0.0113927	0	1.435979	1.775495	0.4401014	0.5598986	59.63419
4340	3.80797	-23.146	26.954	0.108926	0.891074	2.960651	0.718063	0.413849	0.239683	0.210985	0.127205	0.0348464	0.0112283	0	3.177001	1.172597	0.8910742	0.1089258	14.87981
4350	5.15261	-21.5153	26.6679	0.677071	0.322929	6.11334	0.69425	0.413075	0.236115	0.208792	0.130971	0.034533	0.0112807	0	3.463087	1.626759	0.322929	0.677071	42.34077
4360	5.7869	-20.5999	26.3868	0.172513	0.827487	5.226683	0.722152	0.418	0.231355	0.206099	0.128525	0.034363	0.0113121	0	3.744198	1.835871	0.8274871	0.1725129	68.52851
4370	5.42375	-20.1369	25.5607	0.913037	0.0869627	4.147536	0.710126	0.417102	0.237004	0.207481	0.129989	0.0346001	0.0113179	0	4.57035	1.856125	0.08696266	0.9130373	71.80009
4380	5.45276	-21.5026	26.9554	0.224265	0.775735	3.164411	0.705793	0.415709	0.23492	0.206956	0.129823	0.0348897	0.0112471	0	3.17564	1.716713	0.7757353	0.2242647	52.08507
4390	4.71161	-21.2163	25.9279	0.46123	0.53877	1.423975	0.698549	0.400647	0.234795	0.210414	0.126749	0.0354984	0.0116513	0	4.203101	1.980961	0.5387702	0.4612298	95.71088
4400	3.71419	-20.4768	24.191	0.991478	0.00852226	5.565608	0.704549	0.404759	0.239267	0.209824	0.126111	0.0356884	0.0112193	0	5.940002	1.562089	0.008522265	0.9914777	36.48291
4410	-0.386185	-28.3515	27.9653	0.447649	0.552351	13.38597	0.703753	0.404427	0.237683	0.208416	0.131233	0.0355693	0.0114852	0	2.165727	1.486618	0.552351	0.447649	30.66321
4420	5.87989	-21.8814	27.7612	0.757274	0.242726	8.308761	0.704696	0.404852	0.23106	0.20212	0.126962	0.0348253	0.0117243	0	2.369775	1.944628	0.2427259	0.7572741	88.02944
4430	4.49342	-23.2881	27.7815	0.676661	0.323339	2.195164	0.695536	0.413949	0.238783	0.211725	0.131555	0.0352999	0.0113386	0	2.349486	1.585578	0.323339	0.676661	38.5104
4440	4.62462	-22.67	27.2946	0.779865	0.220135	9.618584	0.721856	0.416315	0.234466	0.211901	0.131167	0.0352338	0.0112703	0	2.83641	1.794292	0.2201351	0.7798649	62.27193
4450	5.23586	-19.8096	25.0455	0.590349	0.409651	5.70914	0.711063	0.413783	0.231267	0.210515	0.128283	0.0343287	0.0114646	0	5.085537	1.978479	0.4096511	0.5903489	95.16538
4460	5.48839	-21.48	26.9684	0.00636322	0.993637	2.76209	0.697564	0.416452	0.240677	0.211493	0.127722	0.0348829	0.0115794	0	3.162599	1.800323	0.9936368	0.00636322	63.14262
4470	4.71975	-20.4265	25.1462	0.369	0.631	3.497535	0.69443	0.407278	0.238316	0.201529	0.131753	0.0355763	0.0115264	0	4.984813	1.617292	0.631	0.369	41.42782
4480	5.83859	-22.0687	27.9073	0.709685	0.290315	5.609352	0.708265	0.406069	0.23849	0.210287	0.130668	0.035536	0.0116603	0	2.223729	1.788222	0.2903146	0.7096854	61.40756
4490	4.90664	-19.792	24.6986	0.274333	0.725667	4.374624	0.7195	0.41174	0.240959	0.202186	0.130039	0.0350305	0.0117156	0	5.432385	1.832338	0.7256668	0.2743332	67.97331
4500	3.08262	-20.1256	23.2082	0.704834	0.295166	3.25427	0.718302	0.40858	0.240289	0.202068	0.128767	0.0346274	0.0116732	0	6.922781	1.448379	0.2951664	0.7048336	28.07881
4510	4.08069	-20.4979	24.5786	0.448954	0.551046	3.767376	0.699981	0.411281	0.23835	0.206916	0.131609	0.0352798	0.0114592	0	5.55239	1.49513	0.5510465	0.4489535	31.27013
4520	4.1912	-23.3465	27.5377	0.0174958	0.982504	5.301548	0.691506	0.415804	0.242067	0.207162	0.128742	0.0352904	0.0115439	0	2.5933	1.287717	0.9825042	0.01749579	19.39622
4530	3.13521	-25.077	28.2122	0.116709	0.883291	1.066116	0.702576	0.413897	0.236947	0.201911	0.128709	0.035394	0.0116764	0	1.918829	1.50849	0.8832907	0.1167093	32.24706
4540	0.093164	-21.931	22.0242	0.751808	0.248192	2.931395	0.701864	0.40297	0.236311	0.20181	0.129209	0.034744	0.0116113	0	8.106831	0.9548012	0.2481918	0.7518082	9.011585
4550	5.94608	-21.275	27.2211	0.0542353	0.945765	7.04312	0.718607	0.400663	0.24294	0.210495	0.128715	0.0353236	0.0114401	0	2.909958	1.878934	0.9457647	0.05423533	75.67175
4560	4.82696	-23.6151	28.4421	0.856724	0.143276	3.332945	0.720959	0.403307	0.242836	0.210172	0.13055	0.0348737	0.0115847	0	1.688912	1.748925	0.1432761	0.8567239	56.09514
4570	4.98051	-23.4078	28.3883	0.992815	0.00718507	3.07271	0.718789	0.405658	0.241151	0.210419	0.1308	0.034495	0.0112409	0	1.742703	1.850864	0.007185068	0.9928149	70.93555
4580	4.48124	-23.0812	27.5624	0.361763	0.638237	1.418641	0.722215	0.407046	0.23882	0.210078	0.129747	0.0352892	0.0112425	0	2.568576	1.791571	0.6382374	0.3617626	61.88289
4590	4.92545	-22.1207	27.0461	0.0866529	0.913347	2.011302	0.724489	0.405229	0.231532	0.207934	0.126701	0.0349372	0.0113473	0	3.084917	1.688564	0.9133471	0.08665289	48.81618
4600	5.82379	-22.29	28.1137	0.0999167	0.900083	5.619929	0.70813	0.412718	0.232792	0.20964	0.126017	0.0341658	0.0115801	0	2.017275	1.801916	0.9000833	0.09991666	63.3747
4610	4.37868	-20.0151	24.3938	0.659802	0.340198	2.308679	0.696166	0.410432	0.233137	0.20871	0.126754	0.0349999	0.0116097	0	5.737194	1.826207	0.3401977	0.6598023	67.02038
4620	5.43192	-21.4636	26.8956	0.553405	0.446595	4.446557	0.699615	0.41606	0.231475	0.206913	0.128403	0.034655	0.011485	0	3.23545	1.631903	0.446595	0.553405	42.84527
4630	2.70641	-20.8448	23.5513	0.60579	0.39421	5.493335	0.722182	0.415597	0.237431	0.206039	0.129164	0.0346194	0.0115637	0	6.579762	1.393794	0.39421	0.60579	24.76248
4640	3.52467	-21.9641	25.4888	0.621614	0.378386	0.4115711	0.710116	0.409082	0.231918	0.202064	0.130581	0.0345915	0.0116461	0	4.642246	1.599881	0.3783859	0.6216141	39.79979
4650	4.12933	-20.2808	24.4102	0.601937	0.398063	2.306338	0.708024	0.398922	0.234891	0.208775	0.130652	0.0343511	0.0117093	0	5.720861	1.62112	0.3980625	0.6019375	41.79463
4660	5.57021	-22.8499	28.4201	0.43051	0.56949	6.335204	0.725074	0.401845	0.236114	0.205311	0.128624	0.0352693	0.0117543	0	1.710872	1.798993	0.5694901	0.4305099	62.94957
4670	4.4058	-23.7702	28.176	0.722506	0.277494	3.465175	0.715766	0.400052	0.241604	0.201664	0.129321	0.0348535	0.011656	0	1.954981	1.488478	0.2774941	0.7225059	30.79481
4680	5.73693	-22.1053	27.8422	0.0854576	0.914542	3.673504	0.702717	0.398843	0.241829	0.20919	0.130345	0.0351062	0.0116146	0	2.288806	1.845478	0.9145424	0.08545759	70.06131
4690	2.23969	-25.7934	28.0331	0.580433	0.419567	2.661013	0.709304	0.397949	0.238366	0.204949	0.127306	0.0353775	0.0117199	0	2.097925	1.027958	0.4195673	0.5804327	10.66493
4700	4.86869	-23.7924	28.6611	0.34899	0.65101	3.908348	0.696087	0.402918	0.239199	0.205993	0.131708	0.0348568	0.011655	0	1.469923	1.789415	0.6510102	0.3489898	61.5765
4710	5.76913	-21.3603	27.1295	0.843823	0.156177	6.752257	0.704862	0.400005	0.239619	0.20868	0.131713	0.0354119	0.0117541	0	3.001557	1.803423	0.1561774	0.8438226	63.59504
4720	4.91318	-21.8348	26.748	0.200601	0.799399	4.413784	0.696919	0.40646	0.239479	0.210543	0.131935	0.0347372	0.0114437	0	3.38305	1.465545	0.7993995	0.2006005	29.21092
4730	4.83888	-21.7464	26.5853	0.37237	0.62763	4.310463	0.701623	0.409062	0.235759	0.204991	0.1282	0.0342731	0.0116721	0	3.545714	1.455609	0.6276299	0.3723701	28.55022
4740	5.04069	-22.6739	27.7146	0.438308	0.561692	6.216219	0.709459	0.41026	0.236711	0.206046	0.125882	0.0348284	0.0114085	0	2.41645	1.57222	0.5616921	0.4383079	37.34391
4750	4.57226	-22.0119	26.5841	0.0374332	0.962567	3.159591	0.693837	0.41523	0.233438	0.210603	0.127051	0.0342605	0.0117363	0	3.546892	1.362042	0.9625668	0.03743323	23.01667
4760	5.42202	-20.0964	25.5184	0.478782	0.521218	3.493329	0.724776	0.412996	0.236553	0.207606	0.131926	0.035071	0.0115662	0	4.612631	1.930889	0.5212181	0.4787819	85.28823
4770	5.87839	-21.0805	26.9589	0.53132	0.46868	3.549423	0.723476	0.402024	0.236209	0.203176	0.131409	0.0346662	0.0117291	0	3.172121	1.881035	0.4686803	0.5313197	76.03882
4780	5.3721	-21.0255	26.3976	0.671074	0.328926	3.036268	0.721585	0.399504	0.233859	0.204079	0.130934	0.034465	0.0112046	0	3.733398	1.742721	0.3289257	0.6710743	55.29946
4790	3.75199	-21.0188	24.7708	0.731906	0.268094	8.273892	0.722232	0.399968	0.236175	0.205041	0.13117	0.0346969	0.011444	0	5.360267	1.735104	0.268094	0.731906	54.33804
4800	6.29425	-21.3779	27.6722	0.805203	0.194797	5.803078	0.723481	0.398727	0.236099	0.206849	0.131527	0.0350678	0.0113673	0	2.458855	1.962005	0.1947967	0.8052033	91.62302
4810	6.28027	-20.9902	27.2705	0.644952	0.355048	5.575626	0.725563	0.399276	0.238576	0.209353	0.131067	0.0351024	0.0113124	0	2.860563	1.964699	0.3550481	0.6449519	92.19325
4820	5.48445	-21.0878	26.5722	0.075526	0.924474	2.800273	0.723707	0.399656	0.23114	0.208523	0.126228	0.0348159	0.0115073	0	3.558772	1.820186	0.924474	0.07552595	66.09763
4830	0.315222	-29.0195	29.3347	0.934123	0.0658772	5.679622	0.723541	0.404442	0.237561	0.207811	0.130991	0.0344238	0.0117629	0	0.7963013	1.29468	0.06587717	0.9341228	19.70971
4840	6.04062	-21.8521	27.8927	0.689376	0.310624	5.502222	0.706151	0.405919	0.235265	0.209991	0.131885	0.0347707	0.0114337	0	2.238341	1.867927	0.3106235	0.6893765	73.77795
4850	4.83728	-22.5258	27.3631	0.181933	0.818067	9.553717	0.716037	0.418202	0.235845	0.211636	0.128591	0.0342558	0.011204	0	2.767958	1.822005	0.8180666	0.1819334	66.37505
4860	4.35306	-23.2292	27.5823	0.661542	0.338458	5.656134	0.707898	0.406619	0.239646	0.209079	0.126684	0.0343293	0.0116598	0	2.548715	1.401435	0.3384575	0.6615425	25.20201
4870	5.55955	-21.2765	26.836	0.105537	0.894463	5.020621	0.705587	0.411189	0.231174	0.209989	0.12826	0.0349292	0.0116461	0	3.294993	1.664649	0.8944634	0.1055366	46.20071
4880	3.80888	-21.1483	24.9572	0.713306	0.286694	8.197776	0.712941	0.406631	0.231967	0.208256	0.131303	0.0346577	0.0117296	0	5.173861	1.697228	0.2866938	0.7133062	49.79981
4890	4.61882	-23.7238	28.3426	0.839504	0.160496	9.860741	0.703626	0.400797	0.238094	0.210089	0.12921	0.0346324	0.0116977	0	1.788438	1.836159	0.1604958	0.8395042	68.57387
4900	5.42282	-23.3596	28.7824	0.864674	0.135326	7.536539	0.697616	0.406122	0.234079	0.202687	0.130539	0.0354444	0.0116273	0	1.348643	1.929778	0.1353258	0.8646742	85.0703
4910	4.00332	-20.3269	24.3303	0.38538	0.61462	3.864867	0.718201	0.398903	0.232304	0.21177	0.127678	0.0355344	0.0116951	0	5.80076	1.513715	0.6146198	0.3853802	32.63736
4920	4.38417	-22.5171	26.9012	0.170269	0.829731	3.840499	0.694597	0.397862	0.240448	0.203407	0.131461	0.0342687	0.0116477	0	3.229781	1.305564	0.8297313	0.1702687	20.20988
4930	2.85787	-24.9549	27.8128	0.1183	0.8817	11.61722	0.700288	0.418172	0.24295	0.204908	0.129882	0.0358226	0.0114341	0	2.318224	1.692797	0.8817003	0.1182997	49.29439
4940	3.57138	-20.192	23.7634	0.431175	0.568825	6.85919	0.699574	0.40099	0.234951	0.208999	0.128707	0.0359418	0.0113159	0	6.367651	1.740239	0.5688251	0.4311749	54.98429
4950	5.60796	-22.2374	27.8454	0.224832	0.775168	8.918383	0.721475	0.404006	0.237649	0.211707	0.128214	0.0354714	0.0114432	0	2.28567	1.924546	0.7751682	0.2248318	84.05152
4960	3.95177	-25.0187	28.9704	0.906402	0.093598	5.36483	0.715189	0.410981	0.24151	0.209593	0.127864	0.0349742	0.0115896	0	1.160571	1.642958	0.093598	0.906402	43.9499
4970	-0.332464	-21.2472	20.9148	0.273374	0.726626	10.20603	0.721193	0.414942	0.237125	0.210121	0.126124	0.0356659	0.0116347	0	9.21626	1.778017	0.726626	0.273374	59.9814
4980	4.17186	-24.9025	29.0743	0.0732087	0.926791	6.927725	0.718114	0.41504	0.231056	0.207919	0.131873	0.0351014	0.0117407	0	1.056682	1.693446	0.9267913	0.07320874	49.368
4990	5.80946	-20.9956	26.8051	0.50551	0.49449	4.35847	0.721169	0.41138	0.234752	0.20708	0.131665	0.0345008	0.0112248	0	3.325909	1.796736	0.4944896	0.5055104	62.62331
5000	6.10839	-22.1011	28.2095	0.404596	0.595404	5.589858	0.712738	0.412219	0.235499	0.210187	0.129364	0.0343374	0.0114975	0	1.921538	1.947376	0.5954039	0.4045961	88.5883
