Iteration	Posterior	Likelihood	Prior	clado_type_probs[1]	clado_type_probs[2]	distance_scale	epoch_times[1]	epoch_times[2]	epoch_times[3]	epoch_times[4]	epoch_times[5]	epoch_times[6]	epoch_times[7]	epoch_times[8]	extirpation_rate	log10_rate_bg	p_allopatry	p_sympatry	rate_bg
0	-65.2447	-98.5698	33.3252	0.968223	0.0317772	0.01	0.298037	0.215465	0.148877	0.114901	0.0778392	0.0143474	0.00765446	0	1.178641	-2	0.03177725	0.9682228	0.01
10	6.49579	-24.5013	30.9971	0.5108	0.4892	0.02262217	0.288417	0.218794	0.146322	0.113696	0.079127	0.014166	0.00786342	0	3.506689	1.391372	0.4892003	0.5107997	24.62474
20	6.91071	-21.1852	28.0959	0.607121	0.392879	0.1320173	0.297106	0.219867	0.148266	0.111998	0.0776988	0.0143673	0.00788277	0	6.407932	1.742372	0.3928793	0.6071207	55.25501
30	7.43402	-21.16	28.594	0.24747	0.75253	0.6836358	0.298194	0.221702	0.148718	0.110843	0.0789875	0.0141692	0.00771465	0	5.909782	1.647302	0.7525304	0.2474696	44.3917
40	6.62809	-20.3625	26.9906	0.933298	0.0667019	0.443082	0.2955	0.225237	0.148239	0.110266	0.0795556	0.014489	0.00783787	0	7.513227	1.845798	0.06670189	0.9332981	70.11289
50	5.98303	-25.0383	31.0213	0.401147	0.598853	0.5094468	0.296796	0.226285	0.1433	0.112057	0.0789906	0.014703	0.00765885	0	3.482481	1.207732	0.5988526	0.4011474	16.13363
60	9.01013	-19.9103	28.9205	0.237819	0.762181	2.522137	0.295599	0.223348	0.143359	0.114414	0.0805389	0.014303	0.00763193	0	5.583353	1.925478	0.7621815	0.2378185	84.23213
70	8.39389	-21.7968	30.1907	0.154092	0.845908	2.950185	0.296351	0.220974	0.142747	0.114009	0.0805978	0.014454	0.00753915	0	4.313079	1.662457	0.8459076	0.1540924	45.96816
80	5.23873	-22.7613	28	0.113931	0.886069	4.201805	0.297471	0.220794	0.145923	0.113316	0.0802959	0.0145626	0.00781122	0	6.503816	1.515011	0.8860686	0.1139314	32.73493
90	4.71237	-20.8165	25.5288	0.739444	0.260556	0.4175905	0.298092	0.22035	0.147518	0.113933	0.0777003	0.0145968	0.00780723	0	8.974993	1.408966	0.2605559	0.7394441	25.64281
100	9.13652	-21.8231	30.9596	0.994687	0.00531336	2.688789	0.296539	0.218375	0.14892	0.110536	0.0793366	0.014631	0.00773637	0	3.544168	1.777821	0.005313362	0.9946866	59.95444
110	8.93745	-19.9134	28.8509	0.856024	0.143976	3.234291	0.294787	0.218256	0.149299	0.111679	0.0800978	0.0145319	0.00755944	0	5.652922	1.929125	0.1439759	0.8560241	84.94241
120	9.35461	-22.8938	32.2484	0.297632	0.702368	2.12631	0.296483	0.219859	0.145984	0.11293	0.0804543	0.0146911	0.00753981	0	2.255402	1.929418	0.7023679	0.2976321	84.99985
130	8.08142	-24.125	32.2064	0.628401	0.371599	2.194388	0.291066	0.217871	0.148526	0.112705	0.0802739	0.0140796	0.00752494	0	2.297397	1.654088	0.3715987	0.6284013	45.09077
140	8.18134	-22.0047	30.186	0.682839	0.317161	3.865602	0.294051	0.217547	0.142657	0.114608	0.0792048	0.0140531	0.00756071	0	4.317812	1.731134	0.317161	0.682839	53.84361
150	8.44109	-19.4897	27.9307	0.706548	0.293452	2.551075	0.29132	0.215326	0.142719	0.114342	0.0785948	0.0144682	0.00773187	0	6.573071	1.948833	0.2934519	0.7065481	88.8859
160	9.98324	-21.2612	31.2445	0.427779	0.572221	3.262515	0.290165	0.217987	0.146164	0.114649	0.0784012	0.0147015	0.00776495	0	3.25934	1.946703	0.5722206	0.4277794	88.45114
170	8.92636	-21.8948	30.8212	0.172052	0.827948	5.046548	0.285596	0.223679	0.148848	0.115339	0.0770227	0.014761	0.0077012	0	3.682654	1.916391	0.8279484	0.1720516	82.48798
180	9.82403	-22.1181	31.9422	0.681599	0.318401	3.943405	0.284172	0.223042	0.149025	0.115589	0.0792533	0.0142568	0.00764624	0	2.561646	1.968391	0.3184005	0.6815995	92.98037
190	9.22477	-21.9801	31.2048	0.270603	0.729397	2.701281	0.29081	0.220848	0.144853	0.114718	0.079843	0.0140955	0.00768918	0	3.29897	1.776729	0.7293968	0.2706032	59.8039
200	8.97347	-22.3196	31.293	0.338227	0.661773	5.550678	0.293818	0.216538	0.144222	0.112468	0.0789965	0.0145463	0.0075732	0	3.210767	1.982187	0.6617728	0.3382272	95.98139
210	8.18536	-22.8174	31.0027	0.149025	0.850975	0.387616	0.289772	0.221577	0.143174	0.113397	0.0779161	0.0141233	0.00774324	0	3.501066	1.918989	0.8509754	0.1490246	82.98304
220	8.87346	-22.1985	31.072	0.238865	0.761135	1.141502	0.295406	0.226243	0.143214	0.115751	0.0785844	0.0142902	0.00763058	0	3.431816	1.852296	0.7611355	0.2388645	71.16987
230	9.25739	-22.3523	31.6097	0.117921	0.882079	3.975374	0.298511	0.224402	0.144669	0.113389	0.0771926	0.0142202	0.00752038	0	2.89411	1.845336	0.8820786	0.1179214	70.03833
240	9.15956	-20.3287	29.4882	0.124343	0.875657	2.117476	0.292198	0.221813	0.146112	0.111698	0.0785598	0.0146468	0.00754367	0	5.015577	1.900791	0.8756567	0.1243433	79.57761
250	8.20188	-24.2062	32.4081	0.741526	0.258474	5.577691	0.293696	0.220201	0.147264	0.113556	0.0777027	0.0146096	0.00751573	0	2.095709	1.926765	0.2584742	0.7415258	84.48221
260	9.81283	-21.2724	31.0853	0.967153	0.0328472	2.177843	0.294504	0.225387	0.14395	0.113907	0.0779428	0.0144896	0.00773816	0	3.418558	1.977081	0.03284716	0.9671528	94.85961
270	6.94971	-26.7401	33.6898	0.0480981	0.951902	3.801532	0.290721	0.222797	0.143464	0.115129	0.0774078	0.0145123	0.00756454	0	0.8140358	1.951456	0.9519019	0.04809812	89.42444
280	9.61558	-21.7669	31.3825	0.221546	0.778454	2.260344	0.291311	0.216528	0.148297	0.115687	0.0795948	0.0144121	0.00752092	0	3.121338	1.886899	0.778454	0.221546	77.07235
290	10.0975	-21.6365	31.734	0.20835	0.79165	2.970866	0.296527	0.216157	0.145823	0.115915	0.0770878	0.0143747	0.00758728	0	2.769837	1.983633	0.7916497	0.2083503	96.30151
300	7.71767	-20.9367	28.6544	0.806861	0.193139	1.956055	0.288974	0.219378	0.146266	0.113854	0.078226	0.0140723	0.00781508	0	5.849432	1.634364	0.1931392	0.8068608	43.08874
310	9.33437	-21.3359	30.6702	0.522072	0.477928	1.708225	0.283831	0.217536	0.144504	0.113471	0.0768475	0.0141913	0.00765513	0	3.833568	1.897248	0.4779279	0.5220721	78.93113
320	7.5993	-20.9386	28.5379	0.0541708	0.945829	2.580006	0.286074	0.221299	0.144015	0.114148	0.0792367	0.0140734	0.00773609	0	5.965906	1.627176	0.9458292	0.05417079	42.38147
330	6.22053	-18.957	25.1775	0.986498	0.0135017	2.608928	0.286589	0.219402	0.147868	0.110583	0.0791503	0.0142933	0.00780749	0	9.3263	1.890742	0.01350172	0.9864983	77.7574
340	6.30683	-20.8016	27.1085	0.986551	0.0134489	3.172011	0.287197	0.222251	0.142598	0.112282	0.0793064	0.0145275	0.00780733	0	7.395347	1.630102	0.01344894	0.9865511	42.66798
350	9.22978	-22.7666	31.9964	0.287702	0.712298	2.891652	0.287373	0.220061	0.14222	0.115751	0.0768366	0.0146928	0.00787134	0	2.507389	1.804284	0.7122978	0.2877022	63.7212
360	8.89141	-23.8536	32.745	0.435253	0.564747	4.749028	0.296355	0.215445	0.149247	0.112582	0.0786459	0.0143448	0.00787282	0	1.758822	1.95268	0.5647468	0.4352532	89.67671
370	8.20119	-20.8321	29.0332	0.0570039	0.942996	1.041823	0.298266	0.222749	0.146747	0.11193	0.0776026	0.0145038	0.00771785	0	5.470564	1.795481	0.9429961	0.05700389	62.44259
380	9.0829	-21.422	30.5049	0.352849	0.647151	4.375331	0.289393	0.225421	0.149103	0.111361	0.0783032	0.014678	0.00785074	0	3.99887	1.881787	0.6471505	0.3528495	76.17056
390	9.28215	-21.0584	30.3405	0.746034	0.253966	1.726308	0.292782	0.221366	0.143719	0.112981	0.078111	0.0147491	0.00750533	0	4.163304	1.904283	0.2539656	0.7460344	80.22006
400	9.81935	-21.069	30.8883	0.267058	0.732942	2.23395	0.291912	0.225533	0.143298	0.114224	0.0801693	0.0147447	0.00759828	0	3.615506	1.964477	0.732942	0.267058	92.14604
410	4.57109	-26.8998	31.4709	0.625375	0.374625	7.916474	0.287904	0.221087	0.145064	0.113791	0.0796674	0.0141287	0.00763275	0	3.032908	1.880837	0.3746253	0.6253747	76.00414
420	9.86107	-20.6065	30.4676	0.157482	0.842518	3.402781	0.290943	0.218116	0.142579	0.1143	0.0802408	0.0142192	0.00772044	0	4.036202	1.957067	0.8425177	0.1574823	90.58725
430	9.64042	-21.6555	31.2959	0.961677	0.0383234	4.821024	0.294334	0.217869	0.141858	0.112867	0.0786798	0.0147352	0.00788203	0	3.207872	1.999267	0.03832343	0.9616766	99.83129
440	9.64649	-21.9601	31.6065	0.981188	0.0188123	2.684001	0.289713	0.225643	0.143745	0.113497	0.0799176	0.0146686	0.00785911	0	2.897269	1.89066	0.01881231	0.9811877	77.74283
450	9.01487	-24.0427	33.0575	0.288655	0.711345	3.887637	0.287943	0.22424	0.142315	0.115482	0.0802241	0.0146306	0.00776242	0	1.446266	1.986102	0.7113455	0.2886545	96.85045
460	8.56512	-21.4742	30.0393	0.281762	0.718238	2.993986	0.287741	0.21963	0.142437	0.115895	0.0781284	0.014569	0.00769087	0	4.464532	1.705537	0.718238	0.281762	50.76177
470	7.0781	-20.2186	27.2967	0.477684	0.522316	1.855725	0.292837	0.220043	0.147341	0.115987	0.0800916	0.0144759	0.00751297	0	7.207099	1.666593	0.5223164	0.4776836	46.40799
480	10.0184	-20.957	30.9755	0.167767	0.832233	3.835196	0.295081	0.218483	0.147098	0.115081	0.0779077	0.0143124	0.0075934	0	3.528336	1.983341	0.8322332	0.1677668	96.23673
490	9.25986	-20.5336	29.7934	0.498674	0.501326	1.714584	0.295894	0.216492	0.144679	0.112322	0.0786685	0.0140469	0.00782043	0	4.710364	1.990623	0.5013261	0.4986739	97.86399
500	9.47185	-22.08	31.5519	0.6494	0.3506	4.089175	0.290688	0.223647	0.142801	0.114807	0.0784893	0.0146012	0.00764255	0	2.951937	1.903302	0.3506003	0.6493997	80.03905
510	7.80129	-23.4604	31.2617	0.670531	0.329469	4.790094	0.295087	0.225261	0.14222	0.110511	0.077274	0.014254	0.00770055	0	3.242111	1.751056	0.329469	0.670531	56.37099
520	9.07765	-20.7471	29.8248	0.382463	0.617537	4.70653	0.291435	0.225912	0.143212	0.11317	0.0784462	0.014205	0.00782684	0	4.67906	1.971918	0.6175366	0.3824634	93.7384
530	8.49617	-22.7008	31.1969	0.603289	0.396711	2.182268	0.287908	0.222371	0.142191	0.114781	0.0779248	0.0143277	0.00776352	0	3.306866	1.646063	0.3967111	0.6032889	44.26523
540	7.37902	-20.7701	28.1491	0.2563	0.7437	1.739875	0.284245	0.224707	0.143372	0.115911	0.0768421	0.0147469	0.00770748	0	6.354677	1.600747	0.7436997	0.2563003	39.8793
550	7.07827	-23.6052	30.6835	0.117352	0.882648	5.171087	0.292517	0.220778	0.148752	0.114423	0.0796564	0.0146926	0.00771442	0	3.820322	1.700524	0.8826484	0.1173516	50.17918
560	9.83707	-21.7194	31.5564	0.478539	0.521461	2.366675	0.291453	0.226539	0.142949	0.114229	0.0795948	0.0145748	0.00756023	0	2.947373	1.957273	0.521461	0.478539	90.63013
570	9.47383	-21.7422	31.2161	0.51561	0.48439	4.754812	0.290852	0.218675	0.142922	0.110823	0.079327	0.0141433	0.00750894	0	3.287763	1.971145	0.4843903	0.5156097	93.57177
580	7.76971	-20.1949	27.9646	0.894723	0.105277	1.861556	0.296205	0.220993	0.146371	0.110906	0.0775665	0.0140382	0.0075959	0	6.539216	1.747711	0.1052769	0.8947231	55.93856
590	7.86745	-19.63	27.4974	0.731777	0.268223	2.305553	0.291683	0.217745	0.145115	0.111958	0.0781533	0.0144642	0.00762088	0	7.00637	1.855221	0.268223	0.731777	71.65085
600	9.15061	-21.4138	30.5644	0.231016	0.768984	3.321139	0.293351	0.217548	0.146911	0.111434	0.0787916	0.0145396	0.00761931	0	3.939457	1.800408	0.7689845	0.2310155	63.15508
610	8.01262	-19.6084	27.6211	0.0519233	0.948077	1.750358	0.285887	0.216156	0.147935	0.112028	0.0806871	0.0146101	0.00757864	0	6.882759	1.956637	0.9480767	0.05192331	90.49762
620	8.76024	-21.4818	30.242	0.66552	0.33448	5.099323	0.291779	0.220968	0.148525	0.113373	0.0781647	0.0146396	0.00759993	0	4.261777	1.943546	0.3344798	0.6655202	87.81046
630	9.17334	-22.3211	31.4945	0.412431	0.587569	2.694734	0.291614	0.221196	0.146242	0.112121	0.0783679	0.014519	0.00769071	0	3.009351	1.774199	0.5875695	0.4124305	59.45651
640	5.90214	-25.8134	31.7155	0.831027	0.168973	1.053466	0.293201	0.223688	0.144238	0.114523	0.0773169	0.0146541	0.00763426	0	2.78828	1.280577	0.1689732	0.8310268	19.07992
650	9.79944	-22.1784	31.9778	0.672908	0.327092	3.604982	0.297264	0.224283	0.146186	0.115472	0.0773626	0.014639	0.00769667	0	2.525979	1.94604	0.3270921	0.6729079	88.3161
660	9.19125	-20.1206	29.3119	0.656732	0.343268	2.482476	0.292183	0.224488	0.149203	0.112559	0.0770466	0.0146408	0.00771087	0	5.191958	1.920255	0.3432684	0.6567316	83.22528
670	9.55714	-21.0387	30.5959	0.375302	0.624698	3.626325	0.284708	0.221167	0.145185	0.11523	0.0784632	0.0143295	0.00776981	0	3.907932	1.898904	0.624698	0.375302	79.23256
680	9.19482	-22.763	31.9578	0.487483	0.512517	4.485047	0.28488	0.217199	0.142888	0.114553	0.0806478	0.014589	0.00770038	0	2.546026	1.900556	0.5125172	0.4874828	79.53464
690	7.6636	-23.3968	31.0605	0.453127	0.546873	0.4313585	0.290049	0.224537	0.142861	0.113553	0.0798651	0.0147592	0.00779243	0	3.443362	1.624276	0.5468728	0.4531272	42.09945
700	7.31807	-20.0453	27.3634	0.767821	0.232179	3.976895	0.295381	0.220281	0.148554	0.113931	0.0799322	0.0146114	0.00789463	0	7.140403	1.850416	0.2321787	0.7678213	70.86234
710	8.23257	-19.3882	27.6208	0.9156	0.0844003	3.435237	0.292798	0.218408	0.1436	0.115545	0.0787956	0.0147587	0.00782767	0	6.883021	1.963902	0.08440034	0.9155997	92.02414
720	3.61857	-28.6983	32.3169	0.786616	0.213384	2.059267	0.291028	0.215763	0.142459	0.115381	0.0795063	0.0144162	0.00770257	0	2.186894	1.101344	0.2133845	0.7866155	12.62828
730	9.89685	-22.3367	32.2335	0.46088	0.53912	3.249473	0.286463	0.221059	0.146025	0.112131	0.0782227	0.0144183	0.00788982	0	2.270273	1.977888	0.5391204	0.4608796	95.03606
740	7.2888	-19.6882	26.977	0.301668	0.698332	3.124778	0.29594	0.22217	0.143767	0.114684	0.0804509	0.0147428	0.00777469	0	7.526793	1.813192	0.6983324	0.3016676	65.04174
750	7.05069	-25.4258	32.4765	0.745628	0.254372	1.124529	0.296141	0.22413	0.143827	0.113994	0.0799524	0.0147569	0.00774175	0	2.027328	1.5917	0.2543724	0.7456276	39.0571
760	8.61017	-21.612	30.2222	0.780146	0.219854	2.027776	0.29545	0.222539	0.143566	0.114536	0.0777035	0.0142788	0.00765283	0	4.281613	1.693398	0.2198542	0.7801458	49.36263
770	8.94249	-21.8634	30.8059	0.370218	0.629782	1.393381	0.297787	0.215395	0.144287	0.115059	0.0773093	0.0142577	0.00759416	0	3.697938	1.808578	0.6297818	0.3702182	64.35434
780	9.99439	-21.1343	31.1287	0.278407	0.721593	4.11414	0.29695	0.220644	0.148543	0.11401	0.0780254	0.0143104	0.00763808	0	3.375098	1.99429	0.7215932	0.2784068	98.69378
790	8.70094	-24.3675	33.0684	0.931013	0.0689873	3.416325	0.290425	0.220118	0.145145	0.113904	0.0794379	0.0142169	0.00780947	0	1.435373	1.964248	0.06898726	0.9310127	92.09752
800	6.59448	-20.935	27.5295	0.088604	0.911396	2.276214	0.288413	0.217723	0.147508	0.111737	0.0797042	0.0142168	0.00784748	0	6.974328	1.534936	0.911396	0.088604	34.27174
810	8.87588	-22.7069	31.5827	0.282828	0.717172	5.633898	0.288035	0.2241	0.148945	0.112004	0.077288	0.0142836	0.00785042	0	2.921071	1.971845	0.7171722	0.2828278	93.72269
820	9.7531	-22.1038	31.8569	0.865979	0.134021	2.949886	0.285203	0.22648	0.148527	0.110679	0.0805778	0.0142777	0.0077133	0	2.646866	1.927023	0.1340211	0.8659789	84.53229
830	8.32888	-22.3795	30.7084	0.0417749	0.958225	1.584052	0.286826	0.218938	0.14394	0.110403	0.0806618	0.0142415	0.00768087	0	3.795399	1.590751	0.9582251	0.04177489	38.97188
840	9.73702	-20.875	30.612	0.121371	0.878629	2.360439	0.297594	0.215319	0.145205	0.114312	0.0807061	0.0144501	0.00769897	0	3.891838	1.930459	0.878629	0.121371	85.20383
850	6.53596	-25.8338	32.3697	0.553939	0.446061	6.033487	0.295064	0.217965	0.144795	0.111885	0.0801978	0.0147149	0.00759569	0	2.134096	1.794253	0.4460605	0.5539395	62.26633
860	7.94141	-23.1533	31.0947	0.653552	0.346448	1.331098	0.290763	0.215539	0.142065	0.110854	0.0791827	0.0144969	0.00758749	0	3.409081	1.565629	0.3464477	0.6535523	36.78142
870	-3.51779	-35.9734	32.4556	0.23163	0.76837	8.205474	0.29422	0.220035	0.144201	0.11465	0.0785576	0.0143942	0.00758348	0	2.048234	1.310793	0.7683696	0.2316304	20.45469
880	9.22172	-22.3296	31.5513	0.039344	0.960656	2.193447	0.290651	0.225414	0.14557	0.112991	0.0781448	0.0140821	0.00760164	0	2.952523	1.781507	0.960656	0.03934404	60.46543
890	7.26949	-21.1469	28.4164	0.521427	0.478573	5.850788	0.296726	0.223071	0.146861	0.113581	0.0772121	0.0143667	0.00757297	0	6.087397	1.986819	0.4785727	0.5214273	97.0105
900	7.34674	-19.953	27.2997	0.894072	0.105928	2.513991	0.291973	0.224295	0.144632	0.11249	0.0807668	0.0142064	0.00762418	0	7.204095	1.752249	0.1059277	0.8940723	56.52604
910	8.53843	-23.8945	32.4329	0.420849	0.579151	2.073802	0.28516	0.223699	0.148563	0.112814	0.0781413	0.0140853	0.0077341	0	2.070926	1.775753	0.5791506	0.4208494	59.66956
920	7.45504	-22.0269	29.4819	0.962539	0.0374613	0.9226998	0.286216	0.221313	0.143934	0.113786	0.07866	0.0141984	0.00760499	0	5.021886	1.538359	0.03746135	0.9625387	34.54294
930	9.11612	-21.4208	30.5369	0.110982	0.889018	2.221462	0.28673	0.21828	0.147454	0.113105	0.0783485	0.0141028	0.00767862	0	3.966888	1.764847	0.8890181	0.1109819	58.18975
940	7.96043	-22.0548	30.0153	0.794437	0.205563	4.748544	0.292211	0.217235	0.146825	0.115873	0.079862	0.014047	0.00771795	0	4.488561	1.807416	0.2055633	0.7944367	64.18237
950	9.0515	-22.2787	31.3302	0.703298	0.296702	4.448277	0.297796	0.217694	0.147434	0.114907	0.0796608	0.0141663	0.00762743	0	3.173596	1.876586	0.2967024	0.7032976	75.26373
960	8.61875	-24.2427	32.8615	0.675525	0.324475	2.549898	0.290529	0.219482	0.143775	0.113039	0.0799539	0.014397	0.00776355	0	1.642335	1.894214	0.324475	0.675525	78.38166
970	7.75609	-24.0708	31.8269	0.203544	0.796456	3.842764	0.298347	0.221561	0.143764	0.113238	0.0801763	0.0142768	0.00750567	0	2.676888	1.629047	0.7964558	0.2035442	42.56447
980	6.36415	-21.6104	27.9746	0.874912	0.125088	4.625272	0.29259	0.216569	0.148959	0.113496	0.0786026	0.0143039	0.00756046	0	6.529251	1.732803	0.1250883	0.8749117	54.05086
990	8.86149	-23.2173	32.0788	0.0512725	0.948727	2.278832	0.284578	0.21624	0.148253	0.113476	0.0795685	0.0141703	0.00761464	0	2.425038	1.738106	0.9487275	0.05127251	54.71494
1000	7.55928	-20.9698	28.529	0.258019	0.741981	1.65827	0.29236	0.215646	0.148308	0.11217	0.0805504	0.0141604	0.00759385	0	5.97477	1.601619	0.7419805	0.2580195	39.95937
1010	9.03772	-19.7868	28.8245	0.154186	0.845814	2.546457	0.294818	0.218145	0.148449	0.112305	0.0781633	0.0142411	0.0075769	0	5.679276	1.95585	0.845814	0.154186	90.33384
1020	8.28037	-21.9635	30.2439	0.179739	0.820261	2.198559	0.297957	0.220502	0.148925	0.114324	0.0777506	0.0140363	0.00756078	0	4.259893	1.60871	0.8202606	0.1797394	40.61716
1030	9.31046	-22.1851	31.4955	0.157061	0.842939	2.022726	0.296203	0.216336	0.149248	0.113352	0.0781548	0.0140812	0.00770923	0	3.008271	1.824077	0.8429387	0.1570613	66.69246
1040	10.0498	-21.1184	31.1681	0.105982	0.894018	4.091528	0.296388	0.221447	0.145853	0.115598	0.0796017	0.0141324	0.0075359	0	3.335693	1.999447	0.894018	0.105982	99.87273
1050	8.80631	-21.6214	30.4277	0.599074	0.400926	3.65156	0.292513	0.223658	0.143964	0.116016	0.0798798	0.0141619	0.00763169	0	4.076115	1.787971	0.4009262	0.5990738	61.37215
1060	8.87758	-23.3146	32.1922	0.777925	0.222075	3.149872	0.295976	0.226538	0.14259	0.111132	0.0784189	0.0140715	0.00754189	0	2.311644	1.800389	0.2220747	0.7779253	63.15225
1070	8.58316	-21.6731	30.2562	0.321376	0.678624	0.8538412	0.285002	0.224199	0.147857	0.113394	0.0773516	0.0141866	0.00768704	0	4.247582	1.872914	0.6786241	0.3213759	74.63003
1080	8.22598	-19.3847	27.6107	0.789443	0.210557	2.966175	0.290028	0.221475	0.143729	0.112559	0.0798367	0.0141322	0.00775865	0	6.893138	1.947796	0.2105575	0.7894425	88.67401
1090	9.95227	-21.4173	31.3696	0.464184	0.535816	3.331099	0.286174	0.217274	0.14204	0.111182	0.0797461	0.0140355	0.00774553	0	3.134217	1.946541	0.5358157	0.4641843	88.41811
1100	9.98074	-21.3319	31.3126	0.332859	0.667141	3.860895	0.290149	0.216898	0.144191	0.112164	0.0767785	0.0145627	0.00781883	0	3.191198	1.966145	0.6671413	0.3328587	92.5007
1110	9.26013	-20.6967	29.9568	0.24991	0.75009	2.807886	0.288537	0.221354	0.147959	0.112691	0.0770084	0.014212	0.0075362	0	4.547021	1.848341	0.7500896	0.2499104	70.52468
1120	9.535	-20.8011	30.3361	0.117767	0.882233	2.367208	0.294716	0.217791	0.147202	0.11258	0.0775102	0.0144631	0.00750797	0	4.167668	1.890725	0.8822326	0.1177674	77.75442
1130	9.38424	-21.7006	31.0849	0.908724	0.0912762	4.601284	0.292005	0.218903	0.148133	0.112715	0.0774922	0.014168	0.00783169	0	3.418939	1.945371	0.09127623	0.9087238	88.18027
1140	8.74243	-23.8973	32.6397	0.998325	0.00167542	5.160138	0.285174	0.215344	0.144476	0.115791	0.0777884	0.0144216	0.00785664	0	1.86408	1.974235	0.00167542	0.9983246	94.24004
1150	8.29266	-23.5657	31.8584	0.262251	0.737749	1.551822	0.292862	0.215874	0.142227	0.114586	0.0801652	0.0142398	0.00785058	0	2.645422	1.650843	0.737749	0.262251	44.7551
1160	9.85389	-20.9639	30.8178	0.862798	0.137202	2.786849	0.289945	0.215815	0.143603	0.115422	0.07677	0.0140937	0.00777291	0	3.685973	1.943815	0.1372015	0.8627985	87.86479
1170	9.32495	-21.4292	30.7541	0.78604	0.21396	3.185197	0.286788	0.217939	0.144801	0.114561	0.0774789	0.0143452	0.00773547	0	3.749691	1.832527	0.2139597	0.7860403	68.00287
1180	7.62342	-25.493	33.1165	0.488111	0.511889	1.802492	0.287393	0.218392	0.147497	0.112438	0.0807593	0.0142139	0.00757839	0	1.387351	1.897736	0.5118893	0.4881107	79.0199
1190	9.58686	-20.087	29.6739	0.017524	0.982476	3.047468	0.293865	0.217139	0.144852	0.11294	0.0773888	0.0142694	0.00751668	0	4.829962	1.965957	0.982476	0.01752405	92.46057
1200	9.01618	-21.9018	30.918	0.533978	0.466022	2.94659	0.296821	0.215799	0.14337	0.113896	0.0785615	0.0142199	0.00769094	0	3.5858	1.75684	0.4660219	0.5339781	57.12684
1210	8.6488	-24.2258	32.8747	0.924573	0.0754271	2.404089	0.294419	0.223218	0.144486	0.114422	0.080093	0.014092	0.00776926	0	1.629164	1.931882	0.07542709	0.9245729	85.4835
1220	6.19455	-20.76	26.9545	0.490626	0.509374	2.343173	0.292218	0.221493	0.145075	0.112252	0.0794228	0.014257	0.0077364	0	7.549274	1.552013	0.5093735	0.4906265	35.64614
1230	8.56661	-22.0987	30.6653	0.638722	0.361278	4.665243	0.29173	0.218862	0.148135	0.113419	0.0787254	0.014258	0.00751735	0	3.838521	1.847106	0.3612782	0.6387218	70.32436
1240	8.95295	-21.9792	30.9322	0.415116	0.584884	5.547709	0.289013	0.225593	0.143969	0.111288	0.0767752	0.0143251	0.00772901	0	3.57162	1.991066	0.5848841	0.4151159	97.96381
1250	8.96902	-23.1758	32.1448	0.29752	0.70248	2.495509	0.292168	0.220051	0.144536	0.110482	0.0792364	0.0144569	0.0076397	0	2.359026	1.780296	0.7024797	0.2975203	60.29706
1260	8.58142	-22.81	31.3914	0.769166	0.230834	2.949372	0.297396	0.218507	0.146364	0.113513	0.0795588	0.0144796	0.00773784	0	3.112377	1.69066	0.2308345	0.7691655	49.05242
1270	8.07054	-20.5505	28.6211	0.583402	0.416598	2.989508	0.290377	0.220621	0.146125	0.115917	0.0800482	0.014699	0.00762778	0	5.882756	1.747289	0.4165978	0.5834022	55.8842
1280	9.04741	-22.267	31.3144	0.392819	0.607181	1.282857	0.28878	0.224955	0.145218	0.114404	0.0804447	0.014677	0.00774111	0	3.189368	1.893	0.6071812	0.3928188	78.1628
1290	9.58558	-21.4936	31.0791	0.385984	0.614016	2.487327	0.294919	0.223854	0.144642	0.115255	0.0798081	0.0146832	0.00756981	0	3.424688	1.864574	0.6140159	0.3859841	73.21057
1300	9.52443	-22.0779	31.6023	0.677355	0.322645	3.398063	0.295909	0.223497	0.142619	0.115436	0.0794852	0.0147248	0.00763761	0	2.901481	1.869853	0.322645	0.677355	74.10588
1310	-0.278822	-21.3809	21.102	0.65859	0.34141	4.312727	0.298284	0.223577	0.142917	0.115966	0.0789005	0.0143746	0.00764936	0	13.40178	1.539451	0.3414097	0.6585903	34.62985
1320	6.26967	-22.4057	28.6754	0.134131	0.865869	2.891455	0.289692	0.216014	0.148542	0.115888	0.0802631	0.0145382	0.00777178	0	5.828443	1.438284	0.865869	0.134131	27.43368
1330	9.18309	-22.8781	32.0611	0.405674	0.594326	1.569055	0.287343	0.220831	0.142627	0.113196	0.0802089	0.0144849	0.00755008	0	2.442671	1.976165	0.5943259	0.4056741	94.65963
1340	7.4581	-25.3097	32.7678	0.290283	0.709717	3.240481	0.284956	0.22618	0.141945	0.114235	0.0798578	0.0143713	0.00762914	0	1.736035	1.634592	0.7097169	0.2902831	43.11138
1350	8.82098	-23.0746	31.8955	0.0597487	0.940251	1.166158	0.296935	0.220841	0.144098	0.114749	0.0790136	0.0142666	0.00762112	0	2.608274	1.923929	0.9402513	0.05974871	83.93222
1360	8.99181	-20.4859	29.4777	0.247708	0.752292	1.752122	0.290669	0.21746	0.148824	0.115252	0.0800932	0.01441	0.00751324	0	5.026124	1.900109	0.7522922	0.2477078	79.4528
1370	10.0468	-20.9563	31.0031	0.942867	0.0571328	2.932567	0.29351	0.217912	0.147981	0.112786	0.0783699	0.0142764	0.00758395	0	3.500726	1.987414	0.05713279	0.9428672	97.14348
1380	7.67289	-21.1734	28.8463	0.34455	0.65545	1.403642	0.296971	0.220921	0.147592	0.11503	0.0783784	0.0141163	0.00761386	0	5.657499	1.601141	0.65545	0.34455	39.91545
1390	8.69275	-21.2183	29.9111	0.0947357	0.905264	1.990233	0.298429	0.215361	0.147417	0.112936	0.0797343	0.0144865	0.00778622	0	4.592728	1.704884	0.9052643	0.09473571	50.6855
1400	7.63351	-22.028	29.6615	0.254506	0.745494	1.842406	0.296449	0.219644	0.145693	0.113067	0.0774618	0.014395	0.00769329	0	4.842329	1.51334	0.7454943	0.2545057	32.60917
1410	9.23742	-19.9437	29.1811	0.133379	0.866621	2.258642	0.298669	0.218993	0.142931	0.11101	0.0790825	0.0144649	0.00765736	0	5.322694	1.987355	0.8666208	0.1333792	97.13035
1420	9.43403	-22.268	31.702	0.198581	0.801419	2.572793	0.288947	0.218021	0.146679	0.110313	0.0782686	0.0146433	0.00765121	0	2.801781	1.828445	0.8014194	0.1985806	67.36658
1430	9.71564	-22.1576	31.8733	0.367563	0.632437	3.277603	0.288117	0.218633	0.145084	0.110827	0.0794195	0.0144777	0.00773707	0	2.63056	1.904137	0.6324365	0.3675635	80.19308
1440	9.29588	-21.2747	30.5706	0.217539	0.782461	1.440903	0.285673	0.215368	0.145463	0.111618	0.0801431	0.0140956	0.00779261	0	3.933224	1.974211	0.7824611	0.2175389	94.23471
1450	6.85553	-26.6945	33.5501	0.848537	0.151463	3.147689	0.286429	0.215332	0.142382	0.110752	0.0790122	0.0145538	0.00750734	0	0.9537428	1.918223	0.1514634	0.8485366	82.83671
1460	9.01403	-22.0757	31.0897	0.51483	0.48517	4.068968	0.291515	0.218461	0.14268	0.112111	0.0780463	0.014612	0.00776792	0	3.414108	1.826507	0.4851702	0.5148298	67.06671
1470	10.1216	-21.3209	31.4425	0.0935127	0.906487	2.984662	0.287728	0.221395	0.14664	0.113744	0.0777377	0.0142138	0.00772587	0	3.061305	1.9745	0.9064873	0.09351272	94.29738
1480	9.58521	-21.2595	30.8447	0.558539	0.441461	2.931836	0.28662	0.224326	0.145934	0.11343	0.0782966	0.0140441	0.00756069	0	3.659154	1.874659	0.4414612	0.5585388	74.9305
1490	9.05289	-20.7936	29.8465	0.651825	0.348175	3.268661	0.287992	0.221418	0.146585	0.112241	0.0780706	0.0141059	0.00760659	0	4.657344	1.841623	0.3481753	0.6518247	69.44211
1500	8.03516	-22.139	30.1741	0.584537	0.415463	1.306344	0.284679	0.222099	0.146821	0.114778	0.0802521	0.0142152	0.00759423	0	4.329684	1.593138	0.415463	0.584537	39.18664
1510	9.53491	-21.9919	31.5269	0.103334	0.896666	3.983292	0.292432	0.220187	0.143439	0.115763	0.0775751	0.0140539	0.00753928	0	2.976956	1.891506	0.8966664	0.1033336	77.89432
1520	8.27734	-23.0527	31.33	0.275083	0.724917	3.574838	0.289492	0.217343	0.143347	0.115294	0.0769368	0.0140393	0.00763625	0	3.173792	1.672282	0.7249175	0.2750825	47.0199
1530	8.3462	-24.2018	32.548	0.467833	0.532167	1.639094	0.293868	0.215252	0.142465	0.115832	0.0771941	0.0140349	0.00753088	0	1.955851	1.833383	0.5321669	0.4678331	68.13697
1540	7.9172	-20.399	28.3162	0.437611	0.562389	0.9564954	0.293908	0.215264	0.142053	0.112939	0.0768281	0.0141182	0.00760959	0	6.187577	1.929019	0.5623893	0.4376107	84.92184
1550	7.30736	-20.8126	28.12	0.212318	0.787682	0.6163204	0.291457	0.219282	0.142368	0.115192	0.0789964	0.0140745	0.00770787	0	6.383815	1.724246	0.7876825	0.2123175	52.99637
1560	8.3664	-20.5406	28.907	0.917812	0.0821877	5.105306	0.298378	0.226132	0.14562	0.113871	0.0778923	0.0144706	0.00778101	0	5.596861	1.997038	0.08218775	0.9178123	99.32027
1570	9.34884	-21.5368	30.8857	0.440483	0.559517	5.162508	0.288447	0.226484	0.144952	0.112008	0.0789906	0.0144152	0.00784328	0	3.618124	1.999866	0.559517	0.440483	99.96916
1580	9.40152	-21.2361	30.6376	0.300514	0.699486	3.276579	0.285975	0.225516	0.146516	0.11228	0.0790319	0.0147208	0.00773123	0	3.86619	1.840823	0.6994858	0.3005142	69.31429
1590	8.94468	-20.7222	29.6669	0.757555	0.242445	3.478575	0.285879	0.222966	0.143823	0.111742	0.0786882	0.0147053	0.0075419	0	4.836891	1.848549	0.2424452	0.7575548	70.55845
1600	5.91618	-24.6012	30.5174	0.410009	0.589991	1.644658	0.289386	0.223621	0.143674	0.112456	0.0793116	0.014663	0.00780449	0	3.986387	1.218534	0.5899914	0.4100086	16.53993
1610	7.56245	-24.8066	32.369	0.683686	0.316314	0.7737528	0.294671	0.225133	0.145303	0.115609	0.0785522	0.0145658	0.00769569	0	2.13477	1.775497	0.3163137	0.6836863	59.63436
1620	6.48107	-25.9724	32.4534	0.740729	0.259271	0.3403106	0.284172	0.220027	0.142648	0.11546	0.0782024	0.01427	0.00756725	0	2.050384	1.640612	0.2592712	0.7407288	43.71313
1630	5.31976	-25.6184	30.9382	0.830184	0.169816	1.220089	0.288732	0.223873	0.143089	0.114857	0.0783496	0.0141249	0.00773669	0	3.56561	1.17577	0.1698163	0.8301837	14.98893
1640	6.83099	-22.1949	29.0259	0.682966	0.317034	2.330025	0.284719	0.221657	0.147226	0.113719	0.0775819	0.0142179	0.00776037	0	5.477895	1.471669	0.3170344	0.6829656	29.62571
1650	8.63008	-21.0078	29.6379	0.47965	0.52035	1.942348	0.288407	0.217295	0.145878	0.115978	0.076914	0.0142557	0.00758841	0	4.865962	1.737273	0.5203501	0.4796499	54.6101
1660	7.69657	-23.4696	31.1661	0.488064	0.511936	3.907653	0.284391	0.216663	0.146566	0.114205	0.0789175	0.0142636	0.00754478	0	3.33769	1.638555	0.5119356	0.4880644	43.50662
1670	8.74569	-19.81	28.5557	0.959238	0.040762	2.383242	0.288678	0.217354	0.145538	0.112956	0.0791938	0.0143657	0.0075677	0	5.948162	1.926765	0.04076204	0.959238	84.48214
1680	9.50272	-20.8811	30.3838	0.514588	0.485412	4.429428	0.297023	0.22358	0.146642	0.114256	0.0802919	0.0141203	0.00754765	0	4.120018	1.979544	0.4854115	0.5145885	95.3991
1690	9.86189	-21.8882	31.7501	0.0650514	0.934949	3.552087	0.290448	0.222954	0.141885	0.115729	0.0803665	0.0140306	0.00763518	0	2.753702	1.92594	0.9349486	0.06505135	84.32187
1700	7.51818	-25.4861	33.0043	0.299024	0.700976	2.93296	0.295411	0.226062	0.144098	0.113158	0.07772	0.0142732	0.00751177	0	1.499516	1.7004	0.7009763	0.2990237	50.1649
1710	8.28888	-20.7335	29.0224	0.393686	0.606314	1.014718	0.292028	0.22222	0.143724	0.112895	0.0776164	0.0141893	0.00786076	0	5.481387	1.879274	0.606314	0.393686	75.73099
1720	5.667	-20.2194	25.8863	0.387765	0.612235	1.28405	0.298442	0.221858	0.142617	0.111416	0.0798733	0.0140635	0.00781894	0	8.617467	1.551373	0.6122354	0.3877646	35.59371
1730	9.84872	-21.2195	31.0683	0.851661	0.148339	2.999372	0.290416	0.225595	0.143101	0.111052	0.077234	0.0142543	0.00764415	0	3.435547	1.931362	0.1483388	0.8516612	85.3812
1740	5.92958	-27.7797	33.7093	0.304234	0.695766	2.327726	0.288738	0.216849	0.145276	0.112088	0.0776576	0.0141874	0.00784835	0	0.7945317	1.951539	0.6957663	0.3042337	89.44143
1750	5.60961	-21.8876	27.4972	0.0301599	0.96984	0.3705684	0.29407	0.215901	0.143909	0.113254	0.0777446	0.0141348	0.00768605	0	7.006653	1.306657	0.9698401	0.03015989	20.26083
1760	6.03314	-26.547	32.5801	0.816463	0.183537	0.1292471	0.297152	0.220991	0.142026	0.111642	0.0773517	0.0140584	0.00767671	0	1.923726	1.659304	0.1835372	0.8164628	45.63559
1770	6.77531	-25.0584	31.8337	0.249037	0.750963	1.793201	0.296781	0.217222	0.144057	0.111086	0.0795165	0.0141166	0.00779757	0	2.67014	1.346715	0.7509625	0.2490375	22.2185
1780	6.81137	-24.0256	30.837	0.79366	0.20634	0.2567803	0.288634	0.222315	0.148604	0.111713	0.0802908	0.0145917	0.00771553	0	3.666862	1.433523	0.2063397	0.7936603	27.13457
1790	6.89349	-21.3969	28.2903	0.303879	0.696121	0.127886	0.292041	0.224993	0.141841	0.112505	0.078122	0.0143197	0.00766212	0	6.213475	1.661798	0.6961207	0.3038793	45.89849
1800	9.25398	-23.1342	32.3882	0.206957	0.793043	1.962981	0.293943	0.219742	0.142547	0.114068	0.0783272	0.0142414	0.00770531	0	2.115589	1.966804	0.7930435	0.2069565	92.6412
1810	9.86565	-21.5727	31.4384	0.273419	0.726581	3.781509	0.29498	0.219157	0.144429	0.11186	0.0805196	0.014512	0.00763904	0	3.065434	1.939403	0.7265813	0.2734187	86.97677
1820	9.41272	-21.6636	31.0763	0.149335	0.850665	4.281939	0.295275	0.224231	0.149179	0.112147	0.0793789	0.0147653	0.00759698	0	3.427482	1.898084	0.850665	0.149335	79.08319
1830	8.62696	-21.9663	30.5933	0.475563	0.524437	5.454087	0.29532	0.225381	0.14711	0.115124	0.0804767	0.0143378	0.00756313	0	3.910545	1.951213	0.5244371	0.4755629	89.3744
1840	7.53635	-21.2176	28.7539	0.477245	0.522755	0.9279764	0.297042	0.217747	0.146947	0.115584	0.07807	0.0141714	0.00766556	0	5.749902	1.619466	0.5227549	0.4772451	41.63569
1850	8.23366	-21.6828	29.9165	0.998277	0.00172311	1.626347	0.294111	0.222591	0.144901	0.112337	0.0787589	0.0145587	0.00788331	0	4.587331	1.637359	0.001723106	0.9982769	43.38696
1860	8.69102	-19.735	28.426	0.757138	0.242862	2.589392	0.296793	0.222354	0.14862	0.11107	0.0785071	0.0145173	0.00773248	0	6.077815	1.919682	0.2428616	0.7571384	83.11548
1870	10.0769	-21.2226	31.2995	0.133486	0.866514	3.712123	0.294159	0.224951	0.146421	0.112689	0.0770884	0.0145029	0.00782289	0	3.204313	1.971178	0.8665137	0.1334863	93.57881
1880	6.87303	-18.8457	25.7187	0.150624	0.849376	2.573401	0.287139	0.216077	0.146322	0.114496	0.0798469	0.0140459	0.0075093	0	8.785125	1.990545	0.8493757	0.1506243	97.84642
1890	9.35204	-21.385	30.737	0.361907	0.638093	1.526062	0.29016	0.225952	0.145597	0.114078	0.0790549	0.0142919	0.00763758	0	3.766816	1.955899	0.6380935	0.3619065	90.34401
1900	8.66097	-23.1566	31.8176	0.0743887	0.925611	5.794612	0.28396	0.218837	0.142493	0.110799	0.0783404	0.0144401	0.00755995	0	2.686264	1.961775	0.9256113	0.07438873	91.57453
1910	9.22065	-20.1343	29.3549	0.907212	0.0927876	2.687313	0.285171	0.217993	0.14514	0.113183	0.0789619	0.0143674	0.00754145	0	5.14891	1.9229	0.09278759	0.9072124	83.73361
1920	7.72224	-24.38	32.1022	0.968179	0.0318215	0.747836	0.293439	0.218919	0.143059	0.111828	0.0771709	0.0146916	0.00767137	0	2.40161	1.748085	0.03182145	0.9681785	55.98673
1930	6.71063	-26.0095	32.7201	0.408136	0.591864	4.098077	0.285547	0.226017	0.146804	0.114699	0.0780825	0.014735	0.00770502	0	1.783706	1.603199	0.5918642	0.4081358	40.10504
1940	8.89436	-23.3574	32.2517	0.508201	0.491799	3.969921	0.288001	0.217566	0.14381	0.112271	0.0774586	0.0145895	0.00776067	0	2.252069	1.833156	0.4917992	0.5082008	68.10145
1950	8.62165	-20.1947	28.8164	0.899246	0.100754	4.091717	0.291602	0.216133	0.145193	0.114657	0.0772817	0.0143855	0.00761144	0	5.687417	1.933032	0.1007537	0.8992463	85.71019
1960	9.18808	-22.1091	31.2972	0.725859	0.274141	2.994419	0.286775	0.219252	0.148531	0.114792	0.0789451	0.0144397	0.00762579	0	3.206599	1.792297	0.2741414	0.7258586	61.98645
1970	9.01508	-19.8869	28.902	0.209251	0.790749	2.163957	0.291109	0.224092	0.14905	0.11428	0.0794057	0.0146121	0.0076891	0	5.601798	1.970699	0.7907486	0.2092514	93.47565
1980	9.58589	-20.757	30.3429	0.118111	0.881889	3.095028	0.285235	0.223574	0.147001	0.111858	0.0800303	0.0147111	0.00759897	0	4.160922	1.888239	0.8818891	0.1181109	77.31053
1990	9.75393	-21.034	30.788	0.371808	0.628192	2.642022	0.29214	0.223836	0.145476	0.114621	0.0806642	0.0142613	0.00750447	0	3.715854	1.916611	0.6281924	0.3718076	82.5299
2000	9.24616	-23.1927	32.4389	0.236324	0.763676	3.438272	0.290656	0.220951	0.146228	0.114771	0.0769096	0.0143585	0.0078915	0	2.064918	1.868326	0.7636763	0.2363237	73.84581
2010	7.27004	-25.0572	32.3272	0.743526	0.256474	0.9234406	0.2899	0.223067	0.146998	0.114808	0.0774435	0.0146361	0.00782135	0	2.176565	1.632609	0.2564736	0.7435264	42.91497
2020	9.5793	-20.1991	29.7784	0.114575	0.885425	3.128368	0.290954	0.218306	0.143218	0.115983	0.0804034	0.0146185	0.00789303	0	4.725436	1.943056	0.885425	0.114575	87.71146
2030	7.76014	-23.4328	31.1929	0.380048	0.619952	2.605206	0.293551	0.219271	0.143675	0.113777	0.0789044	0.0142564	0.00788995	0	3.310865	1.527048	0.6199516	0.3800484	33.65484
2040	3.90928	-28.5485	32.4578	0.874627	0.125373	1.861894	0.296782	0.217528	0.142602	0.115821	0.0790994	0.0140646	0.00763675	0	2.046019	1.154328	0.1253729	0.8746271	14.26685
2050	9.65107	-22.4596	32.1106	0.891025	0.108975	4.45705	0.29794	0.215771	0.147391	0.112466	0.0805736	0.0140621	0.00774531	0	2.393168	1.989837	0.1089747	0.8910253	97.68702
2060	9.83615	-21.423	31.2592	0.28467	0.71533	2.660611	0.297414	0.224827	0.149145	0.11555	0.0799881	0.0145072	0.0077293	0	3.244625	1.915857	0.7153297	0.2846703	82.38663
2070	8.27419	-20.7279	29.002	0.0373258	0.962674	0.9616774	0.295721	0.225243	0.145758	0.115329	0.078338	0.0143725	0.00768277	0	5.501765	1.906731	0.9626742	0.03732579	80.67346
2080	6.71246	-19.4403	26.1528	0.930672	0.0693277	1.357496	0.293601	0.225507	0.144007	0.115942	0.0796575	0.0144092	0.00767934	0	8.351047	1.917002	0.0693277	0.9306723	82.60421
2090	6.83526	-26.7227	33.5579	0.495637	0.504363	4.032103	0.298278	0.220669	0.146739	0.110256	0.0770641	0.0145018	0.00756941	0	0.9458755	1.891035	0.5043635	0.4956365	77.80996
2100	7.60234	-23.6747	31.2771	0.953317	0.046683	3.750182	0.298178	0.222036	0.144089	0.113112	0.0768783	0.0147037	0.00758603	0	3.226761	1.624655	0.04668295	0.953317	42.13621
2110	8.37425	-23.4224	31.7967	0.983594	0.0164062	3.990795	0.298402	0.215954	0.146038	0.112634	0.0796968	0.0146187	0.00785636	0	2.707156	1.749265	0.0164062	0.9835938	56.13899
2120	7.7255	-22.3636	30.0891	0.440742	0.559258	0.9711142	0.295321	0.215441	0.146944	0.113384	0.077848	0.0146279	0.007661	0	4.414728	1.540929	0.5592577	0.4407423	34.74793
2130	9.42957	-21.7673	31.1968	0.789489	0.210511	3.366241	0.293877	0.223694	0.148969	0.113749	0.0772554	0.0146565	0.00782414	0	3.306965	1.847113	0.2105114	0.7894886	70.32545
2140	9.61045	-22.7748	32.3853	0.43303	0.56697	2.484695	0.292296	0.220152	0.14533	0.111939	0.0794091	0.0144742	0.00773773	0	2.118518	1.986582	0.5669697	0.4330303	96.95765
2150	9.0998	-21.05	30.1498	0.248328	0.751672	1.478264	0.293064	0.22016	0.143017	0.111612	0.0798962	0.0140382	0.0076042	0	4.353967	1.904747	0.7516719	0.2483281	80.30575
2160	8.65888	-22.8848	31.5437	0.0070592	0.992941	2.316254	0.29795	0.223357	0.144683	0.112149	0.0781863	0.0142136	0.00772224	0	2.960134	1.644648	0.9929408	0.007059202	44.12129
2170	6.58299	-24.5655	31.1485	0.936494	0.0635062	4.164457	0.285765	0.222138	0.148669	0.113459	0.0792893	0.0142837	0.00784788	0	3.355318	1.551902	0.06350617	0.9364938	35.63708
2180	8.66772	-21.0953	29.763	0.531038	0.468962	4.636125	0.291824	0.22505	0.146842	0.11175	0.0798484	0.0147031	0.00782425	0	4.740776	1.899208	0.4689621	0.5310379	79.28815
2190	9.28852	-21.4794	30.768	0.969371	0.0306286	3.729264	0.288084	0.225214	0.148006	0.110282	0.0789212	0.0146546	0.00761806	0	3.735859	1.861898	0.03062862	0.9693714	72.76082
2200	7.38199	-20.6662	28.0482	0.168483	0.831517	2.660678	0.294082	0.222431	0.145221	0.112061	0.0789866	0.0142864	0.00764628	0	6.455588	1.651458	0.8315168	0.1684832	44.81853
2210	8.01786	-22.22	30.2379	0.979609	0.0203911	0.6213039	0.293102	0.22193	0.143287	0.111131	0.07677	0.0142409	0.00776898	0	4.265914	1.701473	0.02039112	0.9796089	50.28905
2220	9.09971	-22.7312	31.831	0.24312	0.75688	2.800783	0.293772	0.225009	0.142488	0.115677	0.0782752	0.0145416	0.00764368	0	2.672864	1.768376	0.7568798	0.2431202	58.66455
2230	6.68521	-19.6216	26.3068	0.262283	0.737717	4.519292	0.298295	0.219287	0.142919	0.110828	0.0781438	0.0146958	0.00768807	0	8.197051	1.950038	0.737717	0.262283	89.13293
2240	7.95026	-23.4384	31.3887	0.30992	0.69008	4.456422	0.289537	0.218099	0.144119	0.114279	0.0795794	0.0140961	0.00764132	0	3.115103	1.718943	0.6900797	0.3099203	52.3532
2250	8.14252	-19.2613	27.4038	0.715992	0.284008	3.189265	0.288308	0.217774	0.146483	0.112642	0.0796281	0.0141871	0.00785056	0	7.099989	1.973423	0.2840082	0.7159918	94.06397
2260	6.86291	-22.6996	29.5625	0.9265	0.0734998	1.97985	0.285881	0.216465	0.147355	0.113684	0.078123	0.0140557	0.0078241	0	4.941316	1.433288	0.07349979	0.9265002	27.11992
2270	9.203	-23.4752	32.6782	0.19822	0.80178	2.407791	0.292983	0.220139	0.148884	0.110341	0.0795919	0.0143879	0.00769142	0	1.825573	1.960446	0.8017805	0.1982195	91.29481
2280	3.25021	-19.1655	22.4158	0.315438	0.684562	0.8912231	0.294265	0.223187	0.148196	0.111581	0.0806598	0.0143548	0.00771428	0	12.08806	1.697987	0.6845618	0.3154382	49.88695
2290	8.84421	-21.1236	29.9678	0.108598	0.891402	1.28265	0.290421	0.22038	0.148086	0.110396	0.0807298	0.0146128	0.00786765	0	4.536012	1.85477	0.8914015	0.1085985	71.57649
2300	5.2811	-19.16	24.4411	0.177434	0.822566	2.659385	0.288403	0.218805	0.146292	0.113588	0.0803711	0.014502	0.00769768	0	10.06271	1.776236	0.8225658	0.1774342	59.73591
2310	8.9673	-22.7912	31.7585	0.528206	0.471794	1.230395	0.291026	0.217661	0.144311	0.115088	0.0788298	0.0144012	0.00761638	0	2.745315	1.949866	0.4717944	0.5282056	89.09761
2320	9.9741	-21.6466	31.6207	0.899651	0.100349	2.553775	0.288834	0.215625	0.146852	0.115234	0.0790972	0.0146373	0.00769497	0	2.883072	1.988036	0.1003488	0.8996512	97.28279
2330	8.6386	-19.5457	28.1843	0.216511	0.783489	2.523521	0.289141	0.215395	0.147168	0.11216	0.080126	0.0146034	0.00770458	0	6.319502	1.955537	0.7834891	0.2165109	90.2686
2340	8.24779	-21.4406	29.6884	0.865057	0.134943	3.077259	0.287726	0.22492	0.14803	0.114329	0.0793565	0.0146058	0.00786491	0	4.815378	1.693203	0.134943	0.865057	49.34039
2350	8.53309	-22.6652	31.1983	0.912524	0.0874764	1.028096	0.288385	0.222726	0.143189	0.11079	0.0773099	0.0143518	0.00788698	0	3.305544	1.771234	0.08747642	0.9125236	59.05194
2360	4.20778	-19.067	23.2748	0.753783	0.246217	1.114233	0.297034	0.223836	0.148558	0.114295	0.0790074	0.0141086	0.00786436	0	11.22898	1.814153	0.2462171	0.7537829	65.18586
2370	7.93504	-23.0497	30.9847	0.915031	0.0849694	0.2935585	0.298653	0.226127	0.145864	0.115225	0.0791552	0.0144959	0.00782436	0	3.519077	1.819834	0.08496936	0.9150306	66.04406
2380	6.93004	-20.3032	27.2333	0.520382	0.479618	0.5559704	0.296408	0.223576	0.142993	0.112483	0.0795177	0.014734	0.00778005	0	7.270548	1.930113	0.4796176	0.5203824	85.13592
2390	9.11528	-22.337	31.4523	0.642954	0.357046	1.260323	0.288882	0.221456	0.142981	0.111522	0.0780444	0.0144588	0.00766981	0	3.05154	1.962551	0.3570455	0.6429545	91.73828
2400	8.76447	-22.5004	31.2649	0.0923295	0.907671	0.9933724	0.283816	0.222856	0.143222	0.113389	0.0769165	0.0144404	0.00765286	0	3.238918	1.86934	0.9076705	0.09232949	74.0184
2410	8.20172	-22.1396	30.3414	0.568751	0.431249	1.239872	0.290437	0.217417	0.143623	0.112836	0.0800913	0.014157	0.00784667	0	4.162456	1.626506	0.4312488	0.5687512	42.31612
2420	8.47479	-24.1038	32.5786	0.564112	0.435888	3.301549	0.297996	0.219059	0.144101	0.113665	0.0778835	0.0143881	0.00785475	0	1.925252	1.777663	0.4358877	0.5641123	59.93264
2430	9.58791	-21.3556	30.9435	0.361438	0.638562	2.689138	0.290541	0.218918	0.145628	0.115056	0.0779258	0.0145669	0.00771274	0	3.560265	1.859491	0.6385623	0.3614377	72.35881
2440	8.96212	-20.8891	29.8512	0.141569	0.858431	1.322304	0.283756	0.215401	0.14424	0.114162	0.0789319	0.0145997	0.00766477	0	4.65258	1.945798	0.8584308	0.1415692	88.26691
2450	9.22096	-20.5843	29.8052	0.775469	0.224531	2.242467	0.285603	0.21862	0.149056	0.115462	0.0788947	0.0147123	0.00755562	0	4.698589	1.87412	0.224531	0.775469	74.83757
2460	7.38786	-20.9266	28.3145	0.196113	0.803887	2.40113	0.285944	0.221353	0.147406	0.113453	0.0807078	0.0147516	0.00753888	0	6.189357	1.605787	0.803887	0.196113	40.34478
2470	8.28245	-21.2327	29.5152	0.231678	0.768322	1.337141	0.289559	0.225114	0.149015	0.114285	0.0787748	0.0146066	0.00752696	0	4.988636	1.690291	0.7683216	0.2316784	49.0107
2480	9.56755	-22.2464	31.8139	0.602796	0.397204	2.783404	0.296636	0.225643	0.147104	0.111545	0.0796092	0.0146205	0.00751187	0	2.689914	1.880714	0.3972044	0.6027956	75.98255
2490	9.32912	-22.2649	31.594	0.265233	0.734767	3.746533	0.297338	0.222168	0.145902	0.111381	0.0807629	0.0147121	0.00753137	0	2.909839	1.842635	0.7347671	0.2652329	69.60416
2500	9.08539	-22.4839	31.5693	0.991779	0.0082206	3.521229	0.288838	0.226018	0.148458	0.110626	0.0778829	0.0143913	0.00761707	0	2.93451	1.81275	0.008220601	0.9917794	64.97554
2510	9.27874	-22.2741	31.5528	0.293563	0.706437	1.827347	0.284207	0.224152	0.142383	0.110431	0.078748	0.0140711	0.00762537	0	2.951004	1.855288	0.7064371	0.2935629	71.66184
2520	8.02916	-19.2501	27.2793	0.592687	0.407313	2.749328	0.295502	0.224362	0.14352	0.112755	0.0800593	0.0142477	0.00767325	0	7.224552	1.961632	0.407313	0.592687	91.54435
2530	9.22861	-20.4705	29.6991	0.34856	0.65144	3.657521	0.297932	0.215381	0.144908	0.113122	0.0778886	0.0142528	0.00784643	0	4.804679	1.905523	0.6514403	0.3485597	80.44947
2540	9.35538	-21.9888	31.3442	0.334544	0.665456	4.977655	0.298353	0.219114	0.146824	0.112925	0.0771042	0.0142215	0.00767553	0	3.159648	1.966852	0.665456	0.334544	92.65138
2550	6.25773	-26.1788	32.4366	0.216295	0.783705	4.306998	0.298216	0.216748	0.141926	0.114358	0.0777834	0.0142372	0.00774003	0	2.067237	1.526097	0.7837046	0.2162954	33.58129
2560	7.83259	-21.7029	29.5355	0.887986	0.112014	0.5312497	0.295206	0.218102	0.143261	0.112351	0.0785708	0.0144663	0.00760683	0	4.968348	1.723218	0.1120144	0.8879856	52.87101
2570	9.45818	-19.954	29.4121	0.664596	0.335404	3.54035	0.29091	0.220329	0.144088	0.114894	0.0790162	0.0142473	0.00758699	0	5.091674	1.99553	0.3354042	0.6645958	98.97611
2580	7.52771	-20.5977	28.1254	0.0296873	0.970313	1.461425	0.294907	0.21842	0.148895	0.11123	0.0790894	0.0141435	0.00764409	0	6.378384	1.645298	0.9703127	0.02968729	44.18738
2590	7.44144	-20.0276	27.4691	0.536839	0.463161	2.921403	0.294836	0.22108	0.14301	0.114034	0.0806258	0.0143581	0.00761018	0	7.034742	1.765188	0.4631614	0.5368386	58.23547
2600	8.24577	-19.5125	27.7583	0.223701	0.776299	2.684473	0.288168	0.222514	0.145493	0.112523	0.0792569	0.014231	0.00762315	0	6.745509	1.911732	0.7762995	0.2237005	81.60777
2610	9.41513	-22.1759	31.5911	0.20584	0.79416	1.638426	0.289988	0.221096	0.144493	0.1119	0.0798463	0.0140387	0.00763801	0	2.912756	1.955806	0.7941605	0.2058395	90.32456
2620	7.57976	-23.9995	31.5792	0.149393	0.850607	0.3650738	0.291476	0.21582	0.142469	0.111914	0.0784554	0.0143102	0.00779114	0	2.924592	1.67316	0.8506074	0.1493926	47.11509
2630	7.94398	-22.0318	29.9758	0.542273	0.457727	1.328252	0.295806	0.216743	0.144645	0.111972	0.0773934	0.0145012	0.00770145	0	4.528005	1.575023	0.4577265	0.5422735	37.58573
2640	9.29283	-23.0674	32.3602	0.125518	0.874482	5.025477	0.294804	0.218778	0.142696	0.114002	0.0785919	0.014736	0.00788224	0	2.143625	1.971526	0.8744822	0.1255178	93.65403
2650	6.90768	-21.7643	28.672	0.874881	0.125119	5.183884	0.292029	0.21612	0.142203	0.115782	0.0770852	0.0143962	0.00776471	0	5.831805	1.817183	0.125119	0.874881	65.64217
2660	8.51319	-20.7823	29.2955	0.227334	0.772666	1.475171	0.295887	0.216659	0.148426	0.11308	0.0778947	0.0140753	0.00786418	0	5.208359	1.777353	0.7726658	0.2273342	59.88987
2670	7.4141	-24.2944	31.7085	0.382451	0.617549	0.2593493	0.292314	0.224458	0.145131	0.116006	0.0789938	0.0141512	0.00752676	0	2.795324	1.709931	0.6175493	0.3824507	51.27798
2680	7.62607	-23.841	31.4671	0.284838	0.715162	0.3003056	0.289381	0.225815	0.144806	0.114641	0.0796826	0.0145568	0.00759965	0	3.036757	1.71471	0.7151615	0.2848385	51.8454
2690	8.83734	-21.4164	30.2538	0.808392	0.191608	4.941321	0.297045	0.225913	0.142775	0.114964	0.080483	0.0147653	0.00766026	0	4.250053	1.934605	0.1916076	0.8083924	86.02103
2700	9.82572	-21.9448	31.7706	0.292331	0.707669	3.315632	0.292257	0.224994	0.144343	0.115601	0.0772218	0.014437	0.00784268	0	2.733256	1.917045	0.7076689	0.2923311	82.61232
2710	9.3801	-21.0983	30.4784	0.911593	0.0884069	4.459865	0.285326	0.223841	0.147372	0.112095	0.0777485	0.0147127	0.00773779	0	4.025445	1.952972	0.08840687	0.9115931	89.73716
2720	6.16417	-21.2651	27.4293	0.373179	0.626821	5.472049	0.284264	0.220097	0.146455	0.111155	0.0787991	0.014643	0.00756551	0	7.074562	1.867397	0.6268206	0.3731794	73.688
2730	9.92015	-20.5361	30.4563	0.0880233	0.911977	3.919927	0.286134	0.215919	0.14604	0.113312	0.0783939	0.0145201	0.00750707	0	4.047562	1.999171	0.9119767	0.08802329	99.80933
2740	8.14417	-23.824	31.9681	0.354984	0.645016	6.142655	0.290468	0.219177	0.147413	0.114988	0.0799306	0.0144103	0.00753641	0	2.535695	1.95929	0.6450161	0.3549839	91.05208
2750	9.61728	-21.6721	31.2894	0.808023	0.191977	4.599661	0.289603	0.218153	0.144866	0.112323	0.0793984	0.0144647	0.00755578	0	3.214423	1.97857	0.1919774	0.8080226	95.18535
2760	9.47753	-21.5352	31.0127	0.781377	0.218623	4.74818	0.285338	0.218938	0.143453	0.111626	0.0768609	0.0144366	0.00756333	0	3.491087	1.978157	0.2186225	0.7813775	95.09481
2770	9.92753	-21.4578	31.3853	0.227674	0.772326	2.29084	0.291056	0.217051	0.143023	0.114456	0.0770226	0.0143521	0.00764934	0	3.118531	1.985913	0.7723259	0.2276741	96.80841
2780	8.24258	-24.4445	32.687	0.320596	0.679404	3.57513	0.292611	0.219517	0.143529	0.113891	0.0776592	0.0143997	0.00768789	0	1.816788	1.758982	0.6794041	0.3205959	57.4092
2790	8.48158	-20.1757	28.6572	0.938706	0.0612938	1.791372	0.296672	0.222284	0.148478	0.114351	0.0792465	0.0147473	0.00787003	0	5.846565	1.852211	0.0612938	0.9387062	71.15591
2800	5.86416	-27.6505	33.5147	0.799098	0.200902	1.295659	0.295384	0.223127	0.147339	0.111391	0.0795226	0.0146144	0.00779316	0	0.9891556	1.998173	0.2009019	0.7990981	99.58011
2810	9.14035	-19.7044	28.8447	0.650246	0.349754	3.131236	0.29857	0.224043	0.149261	0.11567	0.0781149	0.0146018	0.00777496	0	5.659104	1.977913	0.3497537	0.6502463	95.04148
2820	8.50144	-22.4668	30.9682	0.00804402	0.991956	5.534859	0.284307	0.220065	0.142279	0.115324	0.0787795	0.0141518	0.0077416	0	3.535564	1.914241	0.991956	0.008044024	82.08078
2830	8.24851	-22.1026	30.3511	0.323261	0.676739	1.89861	0.290321	0.219645	0.148096	0.113504	0.0770414	0.0144138	0.00765568	0	4.152681	1.597671	0.676739	0.323261	39.59777
2840	9.06121	-21.1026	30.1638	0.370334	0.629666	1.745739	0.291913	0.218097	0.145091	0.112237	0.0787014	0.0142974	0.00756605	0	4.340046	1.826518	0.629666	0.370334	67.06848
2850	7.82853	-21.4368	29.2653	0.669299	0.330701	2.872763	0.297484	0.21781	0.14318	0.113046	0.0806554	0.0143715	0.00776207	0	5.238527	1.640697	0.3307009	0.6692991	43.72166
2860	8.01294	-19.7876	27.8006	0.151334	0.848666	1.604262	0.293266	0.220326	0.147654	0.112881	0.0787191	0.0143365	0.00788053	0	6.703233	1.916069	0.8486659	0.1513341	82.42695
2870	9.06117	-22.6103	31.6715	0.411675	0.588325	2.842138	0.289542	0.218686	0.148606	0.110345	0.0793933	0.0142363	0.00775634	0	2.832353	1.763146	0.5883251	0.4116749	57.96235
2880	8.90225	-23.4323	32.3345	0.0232828	0.976717	5.755872	0.292368	0.225087	0.147546	0.114454	0.0786171	0.0141585	0.00783564	0	2.169298	1.999636	0.9767172	0.02328278	99.91623
2890	9.32178	-21.3031	30.6249	0.476091	0.523909	3.416036	0.29482	0.226276	0.147961	0.11472	0.0805528	0.014188	0.00767744	0	3.878916	1.8449	0.5239088	0.4760912	69.96805
2900	9.06377	-22.8871	31.9509	0.656689	0.343311	1.579995	0.290409	0.216735	0.14487	0.110236	0.0796942	0.0144244	0.007638	0	2.552949	1.902884	0.343311	0.656689	79.96201
2910	8.38089	-20.1471	28.528	0.921859	0.0781414	2.475793	0.285476	0.216464	0.144925	0.110257	0.0784587	0.0144696	0.00776419	0	5.975816	1.809826	0.07814141	0.9218586	64.5396
2920	8.01109	-24.7756	32.7867	0.182804	0.817196	5.867948	0.293634	0.216946	0.14201	0.113241	0.0806022	0.01466	0.00761828	0	1.717112	1.953148	0.8171957	0.1828043	89.77349
2930	9.63572	-22.497	32.1327	0.170626	0.829374	3.393759	0.285597	0.222834	0.145544	0.113051	0.0796027	0.0146309	0.00756555	0	2.371068	1.902722	0.8293745	0.1706255	79.93233
2940	9.39482	-20.1564	29.5512	0.353823	0.646177	3.453399	0.285952	0.226435	0.143656	0.115527	0.0807197	0.0140364	0.0075723	0	4.952625	1.95287	0.6461771	0.3538229	89.71609
2950	8.21202	-24.1957	32.4077	0.59224	0.40776	5.247292	0.284319	0.224408	0.144512	0.114736	0.0801489	0.014156	0.00765367	0	2.096118	1.886954	0.4077601	0.5922399	77.08216
2960	8.34814	-19.6201	27.9682	0.264604	0.735396	2.921894	0.290822	0.226301	0.146912	0.113899	0.0797734	0.0140438	0.00757466	0	6.535567	1.904445	0.7353958	0.2646042	80.25002
2970	7.42255	-19.5822	27.0047	0.0494621	0.950538	1.742097	0.284223	0.222992	0.149133	0.112438	0.0772053	0.0140779	0.00757064	0	7.499095	1.854246	0.9505379	0.04946215	71.49004
2980	7.36176	-21.6198	28.9816	0.534294	0.465706	0.8971874	0.286719	0.223632	0.149299	0.111694	0.0774674	0.0142424	0.00759628	0	5.522212	1.548934	0.4657056	0.5342944	35.39433
2990	9.71242	-21.6093	31.3217	0.467201	0.532799	3.488693	0.288097	0.219947	0.146279	0.11072	0.0807117	0.0143651	0.00755675	0	3.182076	1.903991	0.5327988	0.4672012	80.16621
3000	8.16286	-20.3989	28.5618	0.666906	0.333094	2.269739	0.286226	0.220467	0.143312	0.110586	0.0807485	0.0146982	0.00752814	0	5.942003	1.747491	0.3330939	0.6669061	55.91015
3010	7.82797	-22.4946	30.3226	0.0946524	0.905348	0.09753425	0.285783	0.216473	0.143834	0.112199	0.0796808	0.0145413	0.00783596	0	4.181217	1.954662	0.9053476	0.09465238	90.087
3020	1.49574	-18.91	20.4058	0.863434	0.136566	0.5288652	0.283822	0.219124	0.145746	0.114906	0.0800835	0.0146223	0.00760467	0	14.09805	1.930807	0.1365657	0.8634343	85.27215
3030	9.55311	-22.1606	31.7137	0.248348	0.751652	3.29533	0.288717	0.224961	0.14325	0.11062	0.0792129	0.014281	0.00755147	0	2.790147	1.864359	0.7516516	0.2483484	73.17431
3040	9.67311	-20.6562	30.3293	0.503221	0.496779	2.193974	0.294833	0.223613	0.1446	0.111421	0.0780457	0.0147318	0.00769281	0	4.174472	1.970398	0.4967792	0.5032208	93.41104
3050	8.34503	-21.648	29.9931	0.1025	0.8975	1.505411	0.292813	0.224437	0.146172	0.114305	0.079825	0.0145189	0.00777146	0	4.510733	1.634985	0.8975004	0.1024996	43.15046
3060	9.05991	-20.3014	29.3613	0.999932	6.79209e-05	2.298722	0.293668	0.222894	0.147709	0.115229	0.0783307	0.0147563	0.00780564	0	5.142496	1.879956	6.792089e-05	0.9999321	75.85014
3070	7.6186	-21.3046	28.9232	0.371974	0.628026	0.9023028	0.298498	0.219673	0.148127	0.114062	0.0789377	0.0146272	0.00752282	0	5.580601	1.622363	0.6280264	0.3719736	41.91434
3080	6.08281	-19.7461	25.8289	0.90549	0.0945102	0.7713602	0.289637	0.216762	0.147466	0.113295	0.076843	0.0145494	0.00755995	0	8.674887	1.873947	0.09451019	0.9054898	74.80781
3090	7.82129	-22.9289	30.7502	0.579995	0.420005	6.509385	0.290114	0.224762	0.146143	0.112341	0.0780873	0.0147332	0.00764156	0	3.753581	1.989053	0.4200054	0.5799946	97.51085
3100	9.30867	-21.6036	30.9123	0.939329	0.0606714	4.441507	0.291822	0.226056	0.142612	0.112522	0.0790275	0.0147318	0.00759261	0	3.591519	1.92238	0.06067137	0.9393286	83.6334
3110	7.67784	-22.6462	30.3241	0.872553	0.127447	1.372162	0.296868	0.226026	0.148807	0.112391	0.0794416	0.0147268	0.00778747	0	4.179737	1.514948	0.127447	0.872553	32.73013
3120	2.93633	-27.2388	30.1751	0.169226	0.830774	6.481061	0.29236	0.22429	0.144592	0.115615	0.0805751	0.0146355	0.00782522	0	4.328666	1.518568	0.8307741	0.1692259	33.0041
3130	9.0387	-21.1199	30.1587	0.236541	0.763459	1.604244	0.298357	0.217719	0.143954	0.113701	0.0781133	0.0144577	0.00762647	0	4.345162	1.837218	0.7634587	0.2365413	68.74138
3140	8.3241	-24.6569	32.981	0.0761893	0.923811	3.471231	0.286543	0.225952	0.147547	0.114198	0.0780361	0.0143419	0.00756429	0	1.522861	1.812581	0.9238107	0.07618932	64.95021
3150	7.53745	-20.1446	27.682	0.0457832	0.954217	2.522525	0.292454	0.226376	0.14815	0.113956	0.0793959	0.0142089	0.00757293	0	6.821786	1.720891	0.9542168	0.04578319	52.58856
3160	5.01138	-22.893	27.9044	0.00447404	0.995526	0.1909686	0.290074	0.221545	0.147362	0.114913	0.0787155	0.014226	0.00769945	0	6.59939	1.13308	0.995526	0.004474037	13.58562
3170	7.0913	-24.8495	31.9408	0.448651	0.551349	0.6449246	0.285525	0.22272	0.145554	0.11527	0.0773019	0.0141533	0.00764587	0	2.562984	1.53356	0.5513487	0.4486513	34.16335
3180	8.83123	-21.1495	29.9807	0.777625	0.222375	2.164202	0.284339	0.216781	0.144395	0.113633	0.07796	0.0147352	0.00754173	0	4.523122	1.754426	0.2223748	0.7776252	56.81015
3190	8.76455	-22.3931	31.1577	0.472681	0.527319	2.849286	0.285285	0.221912	0.144221	0.111542	0.0794194	0.0145862	0.00751046	0	3.346126	1.705162	0.5273192	0.4726808	50.71798
3200	8.91282	-21.7294	30.6423	0.719478	0.280522	2.016007	0.287842	0.218789	0.144381	0.11473	0.0798288	0.0145729	0.00778083	0	3.861562	1.737047	0.2805225	0.7194775	54.58166
3210	8.47376	-22.6343	31.1081	0.585583	0.414417	0.5902015	0.287771	0.218572	0.147815	0.115043	0.0776817	0.0140983	0.00766995	0	3.39573	1.984289	0.4144171	0.5855829	96.44716
3220	9.01694	-21.8423	30.8592	0.0594389	0.940561	2.958683	0.285842	0.221303	0.149168	0.112893	0.0792131	0.0142899	0.007842	0	3.644609	1.732499	0.9405611	0.05943893	54.01304
3230	9.06049	-23.2815	32.342	0.762342	0.237658	3.024096	0.289655	0.224503	0.147073	0.112038	0.0793145	0.0144448	0.0078036	0	2.161863	1.839974	0.2376585	0.7623415	69.17901
3240	7.94067	-22.9816	30.9223	0.336076	0.663924	0.4328372	0.284618	0.221953	0.143789	0.113289	0.0782675	0.0145724	0.00770874	0	3.581519	1.722115	0.6639241	0.3360759	52.73701
3250	9.08857	-22.78	31.8686	0.799614	0.200386	1.419402	0.286204	0.224451	0.143329	0.111329	0.0771679	0.0145253	0.00782686	0	2.635225	1.948715	0.2003864	0.7996136	88.8618
3260	8.83921	-21.5845	30.4237	0.712956	0.287044	2.915262	0.287978	0.223776	0.144167	0.112195	0.0801195	0.0145922	0.00785968	0	4.080087	1.738657	0.2870442	0.7129558	54.78437
3270	9.18694	-20.621	29.808	0.0927972	0.907203	3.581079	0.284049	0.216033	0.143304	0.111121	0.0791991	0.014349	0.00785415	0	4.695862	1.871852	0.9072028	0.0927972	74.44781
3280	7.02208	-19.6157	26.6378	0.496488	0.503512	4.383241	0.28604	0.218616	0.144523	0.113731	0.0783789	0.0142908	0.00778921	0	7.866023	1.951021	0.5035121	0.4964879	89.33487
3290	9.52791	-21.0766	30.6045	0.704232	0.295768	4.013089	0.28655	0.220588	0.144017	0.114596	0.0769756	0.0145414	0.00770633	0	3.899339	1.928626	0.2957681	0.7042319	84.84485
3300	9.36514	-22.0654	31.4305	0.268127	0.731873	1.758662	0.294733	0.215902	0.144025	0.115577	0.0773529	0.014284	0.00778818	0	3.073285	1.884186	0.7318728	0.2681272	76.59247
3310	6.76161	-20.5728	27.3344	0.777619	0.222381	4.356602	0.294709	0.215291	0.143167	0.113067	0.0771509	0.0141492	0.00784352	0	7.169404	1.811301	0.2223809	0.7776191	64.75916
3320	9.35359	-21.0357	30.3893	0.324896	0.675104	2.865479	0.290484	0.219891	0.148602	0.110406	0.0768959	0.0145479	0.00757084	0	4.1145	1.835167	0.6751045	0.3248955	68.41745
3330	6.84965	-26.2046	33.0543	0.55923	0.44077	0.8095172	0.284467	0.216027	0.148516	0.113705	0.0777863	0.0146925	0.00754405	0	1.449556	1.990677	0.4407697	0.5592303	97.87624
3340	8.95786	-23.5192	32.4771	0.766885	0.233115	3.59612	0.290021	0.2187	0.146723	0.11392	0.0780229	0.0144039	0.0076767	0	2.026743	1.860763	0.2331153	0.7668847	72.57094
3350	8.78893	-22.0562	30.8451	0.391821	0.608179	4.547094	0.297799	0.222252	0.14498	0.115904	0.0787835	0.0144783	0.00758622	0	3.658674	1.849208	0.6081785	0.3918215	70.66554
3360	9.34893	-20.2394	29.5884	0.836211	0.163789	3.888229	0.294296	0.224044	0.145367	0.114553	0.0789182	0.0146492	0.0076299	0	4.915447	1.969538	0.1637893	0.8362107	93.2261
3370	8.71037	-21.6727	30.3831	0.7857	0.2143	3.704326	0.298545	0.218632	0.149147	0.112817	0.0781276	0.0140331	0.00781646	0	4.120731	1.781382	0.2142997	0.7857003	60.44803
3380	7.63487	-24.4101	32.045	0.0847786	0.915221	1.632063	0.291113	0.218372	0.146298	0.111538	0.0782882	0.0145153	0.00778688	0	2.458799	1.49347	0.9152214	0.08477859	31.15085
3390	8.98421	-21.3345	30.3187	0.516913	0.483087	3.18004	0.297298	0.223265	0.143082	0.114653	0.0782525	0.0146002	0.00779723	0	4.185133	1.780212	0.483087	0.516913	60.28537
3400	9.7849	-21.5414	31.3263	0.321455	0.678545	2.224077	0.295329	0.224119	0.144443	0.114177	0.0789272	0.0146575	0.00776859	0	3.177561	1.942796	0.6785448	0.3214552	87.65889
3410	7.61518	-20.8245	28.4397	0.581775	0.418225	0.8307441	0.298483	0.216321	0.144033	0.114408	0.0779228	0.0144914	0.00776606	0	6.064118	1.726365	0.4182251	0.5817749	53.25555
3420	6.46004	-20.6267	27.0867	0.795074	0.204926	0.1906158	0.296218	0.220103	0.148362	0.115218	0.07893	0.0145766	0.00766783	0	7.417096	1.836578	0.2049265	0.7950735	68.64004
3430	9.2053	-23.045	32.2503	0.895824	0.104176	2.516931	0.290844	0.221602	0.147677	0.115856	0.0773226	0.0140704	0.00768381	0	2.253478	1.873362	0.1041758	0.8958242	74.70717
3440	9.7793	-20.9374	30.7167	0.442354	0.557646	2.193616	0.292902	0.219834	0.148939	0.113093	0.0778251	0.0143178	0.00779804	0	3.78716	1.971384	0.5576465	0.4423535	93.62337
3450	8.22684	-24.6388	32.8656	0.644473	0.355527	2.45952	0.286772	0.221384	0.146123	0.114815	0.0803356	0.0146993	0.00761853	0	1.638184	1.819921	0.3555269	0.6444731	66.05736
3460	9.11496	-22.0899	31.2049	0.63846	0.36154	4.19126	0.29469	0.224635	0.147074	0.113015	0.0776372	0.0147548	0.00779017	0	3.298918	1.852793	0.3615397	0.6384603	71.25134
3470	9.57144	-21.9342	31.5056	0.881632	0.118368	3.442141	0.297569	0.223241	0.143238	0.113537	0.0784096	0.0146242	0.00766539	0	2.99818	1.883035	0.1183682	0.8816318	76.38971
3480	7.70912	-23.9124	31.6215	0.760459	0.239541	2.984818	0.291857	0.217371	0.14327	0.114813	0.0785147	0.0146886	0.00781532	0	2.882311	1.572656	0.2395406	0.7604594	37.38148
3490	6.95148	-19.5233	26.4748	0.103447	0.896553	1.475296	0.298192	0.216208	0.146357	0.113721	0.0804442	0.0141428	0.00776786	0	8.028989	1.859404	0.8965525	0.1034475	72.34416
3500	9.61952	-21.4896	31.1091	0.470035	0.529965	2.472048	0.295364	0.21573	0.147131	0.115123	0.0784378	0.0144675	0.00772988	0	3.39468	1.874997	0.5299651	0.4700349	74.98888
3510	8.53942	-23.2873	31.8267	0.92017	0.0798298	3.822072	0.295111	0.220987	0.148093	0.115859	0.0779672	0.0142229	0.00769584	0	2.677129	1.763033	0.07982984	0.9201702	57.94722
3520	8.78458	-20.241	29.0256	0.578649	0.421351	3.674085	0.2966	0.219259	0.146444	0.111452	0.078306	0.0143064	0.00770011	0	5.478218	1.896364	0.4213513	0.5786487	78.77055
3530	9.1087	-21.5426	30.6513	0.267176	0.732824	1.231605	0.293127	0.217686	0.144073	0.111599	0.0796584	0.0145981	0.00771759	0	3.852503	1.955045	0.7328238	0.2671762	90.16647
3540	9.48149	-20.6366	30.1181	0.814085	0.185915	3.580981	0.285353	0.218176	0.141845	0.113267	0.0798213	0.0147193	0.00753868	0	4.385676	1.923972	0.185915	0.814085	83.94054
3550	7.94934	-19.3715	27.3209	0.115391	0.884609	2.340672	0.285409	0.225409	0.146373	0.113267	0.0800266	0.0146695	0.00764176	0	7.182938	1.925329	0.8846087	0.1153913	84.20337
3560	6.38012	-21.6127	27.9928	0.770611	0.229389	3.228986	0.292931	0.226223	0.147859	0.112347	0.0779646	0.0146159	0.00771749	0	6.51099	1.562639	0.2293887	0.7706113	36.52906
3570	9.75106	-22.6642	32.4152	0.195407	0.804593	3.702177	0.294825	0.225479	0.14438	0.112378	0.0768346	0.0143432	0.0076958	0	2.088583	1.968479	0.8045935	0.1954065	92.99916
3580	8.57978	-22.9864	31.5662	0.842739	0.157261	2.225654	0.28741	0.226051	0.141871	0.113161	0.0772363	0.0142342	0.00769893	0	2.937631	1.685158	0.1572609	0.8427391	48.43489
3590	9.24159	-19.7342	28.9758	0.267197	0.732803	2.661619	0.289073	0.226427	0.143431	0.113233	0.0787677	0.0146688	0.00768422	0	5.528046	1.993532	0.7328027	0.2671973	98.52176
3600	9.91502	-20.6452	30.5603	0.184804	0.815196	3.147446	0.289374	0.223262	0.144546	0.112395	0.0785335	0.0140778	0.00755111	0	3.94356	1.962479	0.8151962	0.1848038	91.72317
3610	9.05556	-20.8156	29.8711	0.109087	0.890913	3.223211	0.292362	0.218617	0.145667	0.112221	0.0795791	0.0143052	0.00768476	0	4.632668	1.819211	0.8909131	0.1090869	65.94942
3620	9.79138	-20.5043	30.2957	0.11269	0.88731	3.816995	0.296247	0.218169	0.147026	0.11564	0.0782435	0.0145412	0.00776616	0	4.20813	1.973147	0.8873102	0.1126898	94.00411
3630	6.57744	-21.9879	28.5653	0.854701	0.145299	3.118444	0.291116	0.218912	0.147487	0.11243	0.0784262	0.0145667	0.00764884	0	5.938518	1.537972	0.1452986	0.8547014	34.51218
3640	6.88137	-19.6531	26.5345	0.361959	0.638041	2.399368	0.296206	0.223377	0.146423	0.111668	0.0799777	0.0146611	0.00759332	0	7.969344	1.757083	0.6380412	0.3619588	57.15882
3650	7.19091	-19.8567	27.0476	0.385154	0.614846	4.054391	0.298667	0.21995	0.142858	0.115487	0.0799314	0.0141331	0.0076623	0	7.45625	1.883081	0.6148459	0.3851541	76.39778
3660	6.21435	-19.5117	25.726	0.398913	0.601087	1.730762	0.294908	0.219731	0.143006	0.113622	0.0799278	0.0141993	0.00782006	0	8.777803	1.738495	0.6010871	0.3989129	54.76396
3670	8.43137	-22.0151	30.4465	0.357918	0.642082	0.7431281	0.293486	0.224526	0.143867	0.113003	0.0787069	0.0144904	0.00770085	0	4.057299	1.820405	0.6420821	0.3579179	66.13103
3680	8.01726	-23.3389	31.3562	0.412682	0.587318	0.5460428	0.294864	0.222091	0.14299	0.112309	0.0804683	0.0141034	0.00785484	0	3.147632	1.748936	0.5873184	0.4126816	56.09647
3690	7.65292	-22.0882	29.7411	0.183372	0.816628	1.848687	0.29023	0.220457	0.144326	0.11272	0.0776624	0.0141289	0.00765679	0	4.762665	1.510346	0.8166278	0.1833722	32.38518
3700	7.54594	-22.9359	30.4818	0.417572	0.582428	1.7458	0.284711	0.223091	0.149181	0.114895	0.078262	0.0141816	0.00761337	0	4.022007	1.474296	0.5824281	0.4175719	29.80548
3710	8.93104	-21.0358	29.9668	0.471361	0.528639	1.185412	0.287107	0.215548	0.147196	0.114391	0.078261	0.0147205	0.0075061	0	4.53702	1.990898	0.5286395	0.4713605	97.92594
3720	8.18856	-21.0159	29.2045	0.0834005	0.916599	1.87948	0.298607	0.219921	0.142457	0.113655	0.0772334	0.0143351	0.00765487	0	5.299301	1.657396	0.9165995	0.08340052	45.43558
3730	6.89603	-26.5636	33.4596	0.168116	0.831884	3.979141	0.297685	0.221901	0.143374	0.114065	0.0775039	0.0147222	0.00758841	0	1.044201	1.793341	0.8318836	0.1681164	62.13564
3740	8.22773	-21.2102	29.4379	0.292022	0.707978	1.185304	0.293732	0.217932	0.141883	0.114866	0.0800028	0.0146775	0.00759681	0	5.065914	1.705108	0.7079784	0.2920216	50.71168
3750	8.20143	-21.258	29.4594	0.0926164	0.907384	0.7409157	0.296476	0.220541	0.145531	0.113592	0.0790916	0.014426	0.00758045	0	5.044429	1.835379	0.9073836	0.09261638	68.45084
3760	7.57468	-19.9351	27.5098	0.187184	0.812816	1.177154	0.298171	0.220602	0.142633	0.110664	0.0800325	0.0142368	0.0075524	0	6.994011	1.922346	0.8128161	0.1871839	83.62688
3770	9.77254	-21.3975	31.1701	0.56258	0.43742	3.666807	0.296821	0.226433	0.148993	0.110887	0.0775746	0.0144086	0.00751263	0	3.33373	1.929517	0.4374204	0.5625796	85.01918
3780	7.8304	-21.6028	29.4332	0.263501	0.736499	5.303973	0.295552	0.224966	0.147899	0.112276	0.0778316	0.0145157	0.00759054	0	5.070637	1.888904	0.7364987	0.2635013	77.42909
3790	7.09419	-20.5907	27.6848	0.977429	0.0225715	2.696175	0.28441	0.225505	0.148998	0.112233	0.0786194	0.0145355	0.00764008	0	6.818964	1.658684	0.02257147	0.9774285	45.57052
3800	9.12385	-21.637	30.7608	0.492367	0.507633	4.700175	0.288208	0.219114	0.147708	0.112424	0.0795502	0.0144166	0.00755876	0	3.742974	1.922251	0.5076329	0.4923671	83.60869
3810	8.44296	-20.9142	29.3572	0.374069	0.625931	1.227147	0.295359	0.2242	0.143109	0.111272	0.0804488	0.0146734	0.00786029	0	5.146614	1.792418	0.6259313	0.3740687	62.00376
3820	7.05837	-20.4826	27.541	0.998873	0.00112728	3.135778	0.29196	0.221401	0.145295	0.11066	0.0805914	0.0146548	0.00785795	0	6.962846	1.699291	0.001127277	0.9988727	50.03702
3830	8.156	-20.1727	28.3287	0.0169629	0.983037	1.709245	0.288176	0.222284	0.14502	0.112093	0.0796253	0.0144152	0.00783852	0	6.175152	1.790085	0.9830371	0.01696292	61.67163
3840	9.80961	-21.9994	31.809	0.959192	0.0408084	4.036119	0.290941	0.225	0.14897	0.110541	0.0787393	0.0140373	0.00784924	0	2.694802	1.969337	0.04080835	0.9591916	93.18301
3850	8.94894	-21.5775	30.5264	0.72426	0.27574	4.562453	0.285102	0.226043	0.145392	0.110833	0.0777624	0.0145751	0.0078611	0	3.977394	1.889143	0.2757402	0.7242598	77.47167
3860	9.29895	-22.3486	31.6476	0.189761	0.810239	1.669147	0.293415	0.225431	0.146303	0.112771	0.0807553	0.0145382	0.00751294	0	2.856242	1.901276	0.8102393	0.1897607	79.66647
3870	8.2133	-21.4066	29.6199	0.922764	0.077236	2.596914	0.297261	0.225856	0.142954	0.114643	0.0794837	0.0147175	0.00763983	0	4.883875	1.666877	0.07723598	0.922764	46.43837
3880	8.00536	-23.5922	31.5975	0.967512	0.0324883	0.3789108	0.295175	0.225003	0.14636	0.114867	0.0786004	0.0146591	0.00775865	0	2.906281	1.92373	0.03248829	0.9675117	83.89383
3890	7.75922	-23.4603	31.2195	0.75521	0.24479	0.08357345	0.294842	0.216166	0.144591	0.114891	0.0768031	0.0145188	0.00763403	0	3.284291	1.951657	0.2447898	0.7552102	89.46584
3900	8.96218	-21.1115	30.0737	0.552262	0.447738	1.241278	0.294215	0.217333	0.147404	0.113493	0.0768582	0.0146929	0.00755086	0	4.430149	1.947613	0.4477377	0.5522623	88.63655
3910	8.78576	-22.1628	30.9485	0.41614	0.58386	5.258407	0.290979	0.223068	0.148905	0.111424	0.0801724	0.0143574	0.00784933	0	3.555284	1.92655	0.5838602	0.4161398	84.4404
3920	6.91725	-20.8841	27.8014	0.599802	0.400198	1.954822	0.296696	0.220366	0.145084	0.111264	0.0804865	0.0143253	0.0078141	0	6.702427	1.56347	0.4001984	0.5998016	36.59905
3930	9.12917	-23.498	32.6271	0.703224	0.296776	4.22535	0.295717	0.219107	0.141884	0.112344	0.0781077	0.0142807	0.007714	0	1.876666	1.942955	0.2967758	0.7032242	87.6909
3940	8.31208	-22.5696	30.8816	0.788832	0.211168	4.502055	0.294619	0.215694	0.144273	0.115431	0.0789672	0.0142738	0.00755487	0	3.622171	1.791069	0.2111679	0.7888321	61.81145
3950	8.20977	-24.5633	32.7731	0.245687	0.754313	2.791149	0.292098	0.216702	0.148217	0.114912	0.0803492	0.0142185	0.00751354	0	1.730699	1.749341	0.7543129	0.2456871	56.14892
3960	4.92285	-18.7291	23.6519	0.0574103	0.94259	3.695152	0.288685	0.221051	0.143832	0.115207	0.0801235	0.0140589	0.00762983	0	10.8519	1.960607	0.9425897	0.05741029	91.32858
3970	9.83666	-20.96	30.7966	0.571182	0.428818	3.09942	0.293456	0.219616	0.143783	0.115352	0.0806626	0.014496	0.00754211	0	3.70718	1.934049	0.4288175	0.5711825	85.91103
3980	8.97405	-20.6159	29.59	0.735134	0.264866	4.320771	0.296619	0.217179	0.146769	0.114553	0.0803861	0.0145034	0.00767416	0	4.913815	1.936793	0.2648659	0.7351341	86.45551
3990	9.2571	-23.0729	32.33	0.0874724	0.912528	2.966745	0.296189	0.216124	0.141974	0.113934	0.0800548	0.0142555	0.00757833	0	2.17378	1.84343	0.9125276	0.08747239	69.73169
4000	7.95864	-22.9397	30.8983	0.770677	0.229323	2.421936	0.297432	0.225397	0.142303	0.111798	0.0782385	0.0145478	0.00759403	0	3.605507	1.57035	0.2293231	0.7706769	37.18347
4010	5.21504	-27.3417	32.5567	0.311138	0.688862	0.2787796	0.297251	0.219195	0.145751	0.113537	0.0771625	0.0146774	0.00785627	0	1.947096	1.248956	0.6888618	0.3111382	17.7401
4020	7.13981	-21.0059	28.1457	0.701369	0.298631	2.053361	0.283945	0.216202	0.144075	0.110507	0.0770657	0.0143405	0.00757664	0	6.358114	1.578632	0.2986311	0.7013689	37.89938
4030	10.035	-21.7082	31.7432	0.413462	0.586538	2.986396	0.288979	0.21641	0.147342	0.11198	0.0789813	0.0142545	0.00772087	0	2.760627	1.973352	0.5865381	0.4134619	94.04863
4040	8.37545	-22.9011	31.2765	0.316384	0.683616	1.961879	0.285014	0.221914	0.145143	0.110659	0.0789521	0.0143407	0.00765079	0	3.22728	1.612771	0.683616	0.316384	40.99882
4050	9.39361	-22.7486	32.1422	0.33572	0.66428	2.010405	0.288363	0.224947	0.143069	0.11465	0.0772487	0.0142741	0.00752163	0	2.361619	1.945189	0.6642805	0.3357195	88.14331
4060	8.11653	-24.1064	32.2229	0.370085	0.629915	6.303566	0.288625	0.223911	0.144733	0.115238	0.0793648	0.0141468	0.00756923	0	2.28087	1.990277	0.6299152	0.3700848	97.78614
4070	8.07598	-23.4067	31.4827	0.49921	0.50079	2.068966	0.285025	0.215353	0.143395	0.115059	0.0768791	0.014441	0.00754763	0	3.021113	1.578462	0.5007899	0.4992101	37.88455
4080	8.71152	-21.9029	30.6144	0.00531966	0.99468	1.390129	0.298005	0.218723	0.144182	0.114753	0.0768669	0.0146938	0.00754545	0	3.889397	1.713507	0.9946803	0.00531966	51.70198
4090	6.43257	-21.9843	28.4169	0.0606395	0.939361	2.520775	0.294571	0.217768	0.144139	0.11441	0.0782755	0.014387	0.00751339	0	6.086933	1.447139	0.9393605	0.06063948	27.99877
4100	9.35391	-21.1895	30.5434	0.230521	0.769479	1.828371	0.290781	0.220647	0.142026	0.113723	0.0785548	0.0147576	0.00752415	0	3.960409	1.879457	0.7694792	0.2305208	75.763
4110	9.45812	-21.1224	30.5805	0.361523	0.638477	4.744134	0.297512	0.21919	0.143054	0.11418	0.0798666	0.0147567	0.007642	0	3.9233	1.982852	0.6384766	0.3615234	96.12841
4120	9.34728	-22.9118	32.2591	0.970274	0.0297261	1.954058	0.292066	0.223286	0.14234	0.115032	0.079248	0.0141633	0.00779252	0	2.2447	1.985883	0.02972611	0.9702739	96.80169
4130	6.14965	-21.2919	27.4415	0.0222093	0.977791	5.132871	0.294771	0.222813	0.143692	0.113448	0.0799957	0.0145798	0.00768196	0	7.062276	1.804453	0.9777907	0.02220934	63.74594
4140	9.30214	-21.666	30.9682	0.899356	0.100644	2.672202	0.296155	0.21978	0.143955	0.114878	0.0794865	0.0147298	0.00774065	0	3.535623	1.807688	0.1006438	0.8993562	64.22269
4150	8.46854	-20.6722	29.1408	0.431465	0.568535	1.345709	0.297285	0.217825	0.146256	0.112679	0.0806864	0.0145911	0.00771225	0	5.363057	1.822622	0.5685347	0.4314653	66.46938
4160	9.52431	-22.555	32.0793	0.922121	0.0778788	2.257559	0.29453	0.220982	0.146215	0.112506	0.0800298	0.014398	0.00762293	0	2.424478	1.945355	0.07787879	0.9221212	88.17699
4170	7.87173	-20.0571	27.9289	0.167137	0.832863	2.717002	0.291374	0.222214	0.148281	0.111965	0.0804517	0.0145977	0.00755533	0	6.57496	1.771726	0.8328632	0.1671368	59.11887
4180	9.16774	-20.7842	29.9519	0.855057	0.144943	2.972326	0.289361	0.222156	0.144651	0.112422	0.0788763	0.0146462	0.0078246	0	4.551869	1.836944	0.1449426	0.8550574	68.69793
4190	9.85309	-21.9839	31.837	0.732075	0.267925	2.34855	0.287245	0.222011	0.14782	0.113301	0.0803523	0.0145206	0.00780168	0	2.666788	1.990378	0.2679245	0.7320755	97.80878
4200	7.90505	-20.7044	28.6095	0.890897	0.109103	4.389524	0.28915	0.224765	0.148306	0.113782	0.0794133	0.014617	0.00765119	0	5.894314	1.860649	0.1091033	0.8908967	72.55197
4210	8.37721	-20.9613	29.3385	0.746172	0.253828	2.341821	0.293425	0.216714	0.147	0.112534	0.0805806	0.0146981	0.00770267	0	5.165272	1.706261	0.2538284	0.7461716	50.84647
4220	9.11528	-23.7661	32.8813	0.177908	0.822092	3.082876	0.284375	0.220024	0.145575	0.111256	0.0804007	0.0145125	0.00756468	0	1.622468	1.947676	0.8220921	0.1779079	88.64948
4230	6.75707	-19.0233	25.7804	0.223431	0.776569	1.898249	0.28828	0.219637	0.146778	0.1156	0.0801899	0.014758	0.00781503	0	8.723459	1.994552	0.7765695	0.2234305	98.75343
4240	9.35488	-22.5615	31.9163	0.742885	0.257115	1.964011	0.286177	0.218506	0.148565	0.112556	0.0787865	0.0146299	0.00780666	0	2.587482	1.90545	0.2571149	0.7428851	80.43583
4250	5.73494	-27.3018	33.0367	0.44326	0.55674	2.284577	0.287805	0.221742	0.144267	0.110756	0.0774143	0.0146384	0.00782194	0	1.46712	1.415836	0.5567395	0.4432605	26.05172
4260	7.4478	-23.5565	31.0043	0.0266003	0.9734	3.623252	0.292696	0.219557	0.142754	0.11219	0.0768655	0.0147408	0.00783313	0	3.499523	1.536792	0.9733997	0.02660029	34.41852
4270	9.85611	-20.6356	30.4918	0.894356	0.105644	3.145019	0.288847	0.223406	0.144086	0.112167	0.0771782	0.01454	0.00767877	0	4.012063	1.961725	0.1056438	0.8943562	91.56412
4280	9.49693	-22.2536	31.7505	0.437692	0.562308	5.038708	0.287353	0.226302	0.148441	0.11518	0.0787215	0.0147057	0.00785669	0	2.753281	1.989679	0.5623082	0.4376918	97.6516
4290	9.558	-20.4815	30.0395	0.509665	0.490335	2.044734	0.28592	0.226281	0.148388	0.113812	0.0796553	0.0145076	0.0077734	0	4.464316	1.998038	0.4903354	0.5096646	99.54923
4300	9.53421	-22.7915	32.3258	0.221671	0.778329	2.31798	0.287745	0.216299	0.147798	0.11228	0.078334	0.0143889	0.00778023	0	2.178059	1.964113	0.7783295	0.2216705	92.06902
4310	5.54608	-18.9687	24.5148	0.662709	0.337291	2.669647	0.295827	0.224134	0.148851	0.113689	0.0802505	0.0144583	0.0077364	0	9.989043	1.844176	0.3372907	0.6627093	69.85157
4320	8.52013	-20.946	29.4661	0.478657	0.521343	2.064257	0.285262	0.219466	0.146921	0.112618	0.0800282	0.0142339	0.00781855	0	5.037685	1.719527	0.5213428	0.4786572	52.42367
4330	8.29481	-19.7179	28.0127	0.0938395	0.906161	1.739917	0.290891	0.217725	0.145713	0.115044	0.0807638	0.0146706	0.00764116	0	6.49109	1.979667	0.9061605	0.09383947	95.42611
4340	8.4235	-20.4489	28.8724	0.937191	0.062809	1.158056	0.290302	0.218764	0.149156	0.11578	0.0790613	0.0141429	0.00763633	0	5.631459	1.989215	0.06280905	0.937191	97.54716
4350	8.73938	-24.0747	32.814	0.0974786	0.902521	5.062685	0.298152	0.221075	0.145205	0.114058	0.0788486	0.0145787	0.00774978	0	1.689777	1.950834	0.9025214	0.09747859	89.29637
4360	9.01363	-23.7682	32.7818	0.0626217	0.937378	4.910631	0.296025	0.215999	0.144335	0.115743	0.078567	0.0146624	0.00768486	0	1.721996	1.968108	0.9373783	0.06262166	92.91979
4370	3.94841	-21.4669	25.4153	0.476899	0.523101	4.231347	0.285948	0.219229	0.145915	0.11062	0.0803051	0.0145431	0.00755587	0	9.088538	1.60195	0.5231009	0.4768991	39.98989
4380	8.31373	-22.4569	30.7706	0.195109	0.804891	0.5397818	0.290322	0.218521	0.148771	0.111906	0.079717	0.0142997	0.00756207	0	3.733168	1.866095	0.8048913	0.1951087	73.46752
4390	7.3956	-19.612	27.0076	0.881729	0.118271	4.274563	0.291666	0.225756	0.145336	0.115473	0.0790413	0.0140366	0.00758453	0	7.496231	1.964021	0.118271	0.881729	92.04942
4400	9.54965	-21.5648	31.1145	0.0586037	0.941396	2.787691	0.287903	0.220569	0.14669	0.113057	0.0769583	0.0143198	0.00775525	0	3.389329	1.832659	0.9413963	0.05860369	68.02356
4410	6.63658	-24.4864	31.123	0.927501	0.0724993	5.249513	0.291796	0.215493	0.145082	0.113036	0.0773678	0.0146471	0.00762562	0	3.380808	1.686594	0.07249933	0.9275007	48.5953
4420	9.27832	-23.0935	32.3719	0.691715	0.308285	2.351464	0.290659	0.221501	0.143823	0.111268	0.0790145	0.0141758	0.00758661	0	2.131951	1.923299	0.3082847	0.6917153	83.81054
4430	5.97903	-19.4891	25.4681	0.119999	0.880001	1.818076	0.293923	0.225755	0.146962	0.113556	0.0794245	0.0141913	0.00768238	0	9.035688	1.718615	0.8800005	0.1199995	52.31369
4440	9.54037	-22.8054	32.3458	0.875732	0.124268	2.729937	0.286539	0.225311	0.14925	0.115598	0.0783063	0.0146164	0.00751235	0	2.158033	1.952074	0.1242679	0.8757321	89.55179
4450	9.4676	-21.3641	30.8317	0.827078	0.172922	3.518199	0.284636	0.226302	0.146533	0.11566	0.0787385	0.0145601	0.00760408	0	3.672084	1.875446	0.1729222	0.8270778	75.0664
4460	8.04643	-21.0406	29.087	0.298897	0.701103	0.8373937	0.290907	0.225729	0.145815	0.113997	0.0777324	0.0145138	0.00761419	0	5.416789	1.786206	0.7011026	0.2988974	61.12322
4470	8.74356	-20.5608	29.3044	0.447612	0.552388	1.284537	0.29742	0.217308	0.144064	0.114449	0.0790246	0.0146725	0.00751466	0	5.199438	1.993474	0.5523882	0.4476118	98.50853
4480	6.45843	-22.0339	28.4924	0.499495	0.500505	6.513921	0.298269	0.222279	0.145778	0.113838	0.078149	0.0145858	0.00751499	0	6.01146	1.974583	0.5005051	0.4994949	94.31555
4490	9.89033	-21.9076	31.7979	0.958216	0.0417842	3.575325	0.295401	0.218799	0.148403	0.115969	0.0780465	0.0145759	0.00758956	0	2.705909	1.960363	0.04178425	0.9582158	91.27744
4500	6.81754	-19.0975	25.915	0.0517562	0.948244	1.978099	0.28837	0.221833	0.148503	0.114755	0.0779621	0.0147346	0.00753488	0	8.588809	1.933298	0.9482438	0.05175619	85.76256
4510	6.36759	-19.2428	25.6104	0.542538	0.457462	2.947271	0.285165	0.220803	0.14373	0.11449	0.0795569	0.0147249	0.00756043	0	8.893422	1.839579	0.4574617	0.5425383	69.11601
4520	9.03771	-22.0599	31.0976	0.343571	0.656429	3.07677	0.285557	0.219668	0.146761	0.115243	0.0787567	0.0147466	0.00761978	0	3.406236	1.753467	0.656429	0.343571	56.68481
4530	9.32472	-20.3567	29.6815	0.217072	0.782928	2.151612	0.286558	0.217335	0.145317	0.111135	0.0772583	0.0145865	0.00783634	0	4.822349	1.925597	0.7829275	0.2170725	84.25535
4540	8.09597	-23.3976	31.4936	0.749615	0.250385	5.956379	0.286107	0.217772	0.146602	0.112447	0.0803142	0.0145546	0.00785305	0	3.010246	1.926706	0.2503846	0.7496154	84.47075
4550	9.35724	-21.5567	30.9139	0.273537	0.726463	4.693198	0.28625	0.219949	0.148273	0.112103	0.080371	0.0145735	0.00776652	0	3.589893	1.940617	0.7264631	0.2735369	87.22025
4560	9.3104	-21.5311	30.8415	0.187547	0.812453	2.735035	0.290713	0.223417	0.145828	0.1107	0.0794221	0.0141104	0.00751181	0	3.662276	1.799995	0.8124527	0.1875473	63.09497
4570	8.60715	-23.4785	32.0857	0.966618	0.0333816	1.049964	0.294921	0.226157	0.14273	0.112716	0.0802448	0.0145342	0.00774301	0	2.418123	1.968675	0.03338163	0.9666184	93.04119
4580	9.54333	-21.9492	31.4925	0.981423	0.0185773	3.018608	0.287964	0.225081	0.142401	0.110396	0.0791333	0.0145121	0.00784433	0	3.011281	1.863951	0.01857729	0.9814227	73.10559
4590	9.35915	-21.3445	30.7036	0.109116	0.890884	1.468796	0.288232	0.218412	0.142529	0.112144	0.0803342	0.0140676	0.00772612	0	3.800173	1.984459	0.890884	0.109116	96.48492
4600	8.78502	-20.3297	29.1147	0.641322	0.358678	1.63602	0.293318	0.217492	0.144802	0.111571	0.0801274	0.0141448	0.00778925	0	5.389138	1.917938	0.3586781	0.6413219	82.78248
4610	7.03565	-22.0724	29.1081	0.551872	0.448128	2.109491	0.289357	0.218658	0.143593	0.114317	0.0805759	0.0140456	0.00756576	0	5.395723	1.48259	0.4481278	0.5518722	30.38017
4620	9.84324	-21.2764	31.1196	0.396773	0.603227	2.097652	0.293151	0.217676	0.146401	0.114257	0.080363	0.0147039	0.00752385	0	3.384218	1.998851	0.6032271	0.3967729	99.73575
4630	9.71512	-21.0604	30.7755	0.260698	0.739302	3.114737	0.287998	0.215393	0.143138	0.115779	0.0805481	0.0146831	0.00787804	0	3.728341	1.890499	0.739302	0.260698	77.714
4640	6.99017	-20.2097	27.1999	0.720383	0.279617	1.431154	0.284464	0.217558	0.145993	0.114523	0.0787385	0.0140554	0.007741	0	7.303921	1.674237	0.279617	0.720383	47.23203
4650	9.61109	-21.5745	31.1856	0.436778	0.563222	1.891706	0.287357	0.221188	0.146743	0.114285	0.0777604	0.014254	0.00773479	0	3.31826	1.947811	0.5632222	0.4367778	88.67701
4660	8.64042	-22.4003	31.0407	0.363061	0.636939	1.419763	0.292466	0.218589	0.147875	0.110264	0.0792119	0.0146743	0.00778424	0	3.463088	1.701574	0.6369394	0.3630606	50.30066
4670	8.01929	-21.487	29.5063	0.193376	0.806624	2.703873	0.288311	0.219808	0.144244	0.114431	0.0805531	0.0147208	0.00751506	0	4.997487	1.627901	0.8066241	0.1933759	42.45231
4680	9.54214	-21.96	31.5022	0.823248	0.176752	1.982305	0.297824	0.218211	0.143145	0.114353	0.0792901	0.0145174	0.00754809	0	3.001657	1.925026	0.1767521	0.8232479	84.1445
4690	8.11046	-19.6122	27.7226	0.333509	0.666491	3.583138	0.291311	0.220372	0.143396	0.111032	0.080475	0.0145193	0.00781585	0	6.781191	1.919524	0.666491	0.333509	83.08524
4700	7.09701	-23.7246	30.8216	0.764052	0.235948	1.589155	0.29401	0.223393	0.145917	0.113745	0.0793778	0.0140728	0.00771903	0	3.68224	1.41771	0.235948	0.764052	26.16434
4710	8.35022	-20.5327	28.883	0.755422	0.244578	2.598472	0.28397	0.222334	0.146325	0.113504	0.0805536	0.0142921	0.00782157	0	5.620855	1.756269	0.2445781	0.7554219	57.0518
4720	8.51649	-21.0983	29.6148	0.229661	0.770339	4.136196	0.290972	0.225832	0.144188	0.114199	0.0768926	0.0141465	0.00777955	0	4.88903	1.828628	0.7703393	0.2296607	67.39498
4730	7.57975	-19.7944	27.3742	0.89347	0.10653	1.840823	0.294127	0.224424	0.144894	0.11503	0.0769388	0.0144452	0.00789365	0	7.129644	1.803334	0.1065298	0.8934702	63.582
4740	6.35814	-23.0858	29.4439	0.302694	0.697306	0.2086625	0.285138	0.223048	0.143492	0.112098	0.077601	0.0140629	0.00787985	0	5.059915	1.322409	0.6973062	0.3026938	21.00919
4750	4.73238	-23.58	28.3124	0.231403	0.768597	0.1442911	0.293021	0.220818	0.148124	0.115449	0.0805298	0.0141387	0.00769717	0	6.191438	1.082508	0.7685972	0.2314028	12.09228
4760	7.75095	-22.8746	30.6256	0.409289	0.590711	0.19538	0.29479	0.221167	0.14663	0.114147	0.0804348	0.0144761	0.00789058	0	3.878248	1.747697	0.5907114	0.4092886	55.93672
4770	8.672	-21.2851	29.9571	0.390366	0.609634	1.373307	0.296626	0.21674	0.141867	0.111827	0.078288	0.0145068	0.00750634	0	4.546704	1.77261	0.6096341	0.3903659	59.23924
4780	9.13943	-23.5313	32.6707	0.382225	0.617775	4.544584	0.2947	0.219971	0.147948	0.114317	0.07687	0.0142907	0.00775162	0	1.833064	1.960377	0.6177752	0.3822248	91.28033
4790	7.21024	-19.4055	26.6157	0.479549	0.520451	3.075763	0.287853	0.21645	0.14807	0.113088	0.0782878	0.0143726	0.00759362	0	7.88809	1.865973	0.5204507	0.4795493	73.4469
4800	7.51958	-19.4872	27.0068	0.193886	0.806114	2.236023	0.296454	0.219851	0.14418	0.115247	0.0787913	0.0145758	0.0078601	0	7.497044	1.842537	0.8061136	0.1938864	69.5885
4810	9.37818	-22.9602	32.3384	0.138208	0.861792	5.064685	0.290674	0.218774	0.147414	0.115632	0.0772263	0.0141413	0.00765763	0	2.165439	1.996665	0.8617925	0.1382075	99.23505
4820	5.48752	-27.5182	33.0057	0.565955	0.434045	0.3159363	0.296734	0.220905	0.142676	0.115619	0.0789569	0.0141307	0.00768813	0	1.498069	1.700572	0.4340448	0.5659552	50.18473
4830	7.17782	-20.8327	28.0105	0.53793	0.46207	0.3661277	0.295238	0.221782	0.14637	0.115427	0.0771357	0.0140683	0.00756507	0	6.493271	1.848465	0.4620701	0.5379299	70.54476
4840	6.42961	-24.0374	30.467	0.530907	0.469093	1.095564	0.295856	0.2209	0.145628	0.115917	0.0772792	0.0140584	0.00754999	0	4.036774	1.29793	0.469093	0.530907	19.85776
4850	9.64725	-22.0333	31.6806	0.341059	0.658941	4.75724	0.295567	0.226457	0.147887	0.112466	0.0788148	0.0141189	0.00757792	0	2.823216	1.989568	0.6589412	0.3410588	97.62664
4860	8.9404	-21.8372	30.7776	0.498154	0.501846	1.936778	0.294741	0.219644	0.146673	0.110743	0.0780042	0.0144773	0.00787935	0	3.726189	1.736191	0.5018459	0.4981541	54.47423
4870	8.01713	-24.7512	32.7683	0.19433	0.80567	1.191337	0.29055	0.220084	0.143479	0.114377	0.0787151	0.0144953	0.00765356	0	1.735489	1.979359	0.8056704	0.1943296	95.35833
4880	8.27546	-23.1734	31.4489	0.00934986	0.99065	1.227419	0.292902	0.219528	0.145494	0.112706	0.0779855	0.014702	0.00757252	0	3.054933	1.622425	0.9906501	0.009349861	41.92033
4890	7.39177	-22.0805	29.4723	0.351803	0.648197	0.7657311	0.29116	0.216774	0.143215	0.114153	0.0803313	0.0145768	0.0075616	0	5.031501	1.515555	0.6481969	0.3518031	32.77595
4900	9.79369	-22.5796	32.3733	0.16835	0.83165	3.398829	0.294023	0.222858	0.143276	0.11378	0.0792449	0.0142803	0.00758939	0	2.130529	1.96704	0.8316496	0.1683504	92.69142
4910	8.56687	-22.4111	30.978	0.391655	0.608345	4.131404	0.295244	0.218002	0.143111	0.114316	0.0786756	0.0140866	0.00767834	0	3.525857	1.772432	0.6083449	0.3916551	59.21506
4920	10.0107	-21.2221	31.2328	0.0557597	0.94424	3.938744	0.294844	0.219778	0.146123	0.111544	0.0804771	0.0142912	0.00760162	0	3.27097	1.974092	0.9442403	0.05575971	94.20896
4930	9.57104	-21.1944	30.7655	0.886849	0.113151	3.320891	0.297647	0.217443	0.143783	0.113934	0.0807035	0.0146387	0.0076387	0	3.738352	1.887023	0.1131515	0.8868485	77.09436
4940	9.54394	-22.7455	32.2894	0.037951	0.962049	2.863228	0.288609	0.216103	0.144654	0.112669	0.079819	0.0147077	0.00765217	0	2.214418	1.892981	0.962049	0.03795097	78.15944
4950	9.51843	-22.0654	31.5838	0.983317	0.0166827	4.587534	0.294924	0.218591	0.143076	0.114858	0.0780068	0.0143836	0.00765942	0	2.920006	1.962625	0.01668267	0.9833173	91.75403
4960	6.66097	-23.0632	29.7242	0.70804	0.29196	4.576304	0.285256	0.225158	0.141934	0.111302	0.0782654	0.0146137	0.00772329	0	4.779651	1.638357	0.2919603	0.7080397	43.48674
4970	7.3563	-25.609	32.9653	0.539286	0.460714	2.532645	0.290358	0.225447	0.143754	0.112093	0.0772846	0.0146234	0.00765526	0	1.538514	1.683255	0.4607138	0.5392862	48.22313
4980	8.45542	-23.7946	32.25	0.942875	0.0571248	5.074817	0.286313	0.224391	0.142526	0.112675	0.0800955	0.0146924	0.00763768	0	2.253789	1.891222	0.05712478	0.9428752	77.84344
4990	9.51086	-23.129	32.6398	0.365161	0.634839	3.290954	0.28679	0.215383	0.144996	0.111661	0.0799555	0.014214	0.00774114	0	1.86398	1.968118	0.6348391	0.3651609	92.92198
5000	7.99879	-19.3953	27.3941	0.155579	0.844421	1.972815	0.292326	0.215449	0.146784	0.114337	0.0798327	0.0140322	0.00771194	0	7.109703	1.996148	0.8444206	0.1555794	99.11703
