Iteration	Posterior	Likelihood	Prior	clado_type_probs[1]	clado_type_probs[2]	distance_scale	epoch_times[1]	epoch_times[2]	epoch_times[3]	epoch_times[4]	epoch_times[5]	epoch_times[6]	epoch_times[7]	epoch_times[8]	extirpation_rate	log10_rate_bg	p_allopatry	p_sympatry	rate_bg
0	-55.9236	-97.1614	41.2378	0.305057	0.694943	0.01	0.12107	0.0755343	0.0546686	0.033831	0.0207257	0.00496211	0.0031488	0	0.7840521	-2	0.6949427	0.3050573	0.01
10	14.6588	-23.9616	38.6204	0.391584	0.608416	0.05395578	0.119269	0.0741596	0.0527616	0.0339526	0.0208026	0.00489754	0.00307674	0	3.401432	1.930987	0.608416	0.391584	85.30746
20	14.4934	-22.0436	36.537	0.164094	0.835906	0.03793292	0.11925	0.0761634	0.053625	0.0340108	0.0206693	0.0049438	0.00312616	0	5.484834	1.944759	0.8359056	0.1640944	88.05597
30	13.7191	-22.0705	35.7896	0.595713	0.404287	0.007490143	0.11957	0.076157	0.05343	0.0348318	0.0204837	0.00495377	0.00310822	0	6.232208	1.795146	0.4042874	0.5957126	62.39442
40	13.3742	-24.116	37.4902	0.574833	0.425167	0.001879657	0.118135	0.0739291	0.0533183	0.0339719	0.0202635	0.00496837	0.00301772	0	4.531664	1.584037	0.4251667	0.5748333	38.37404
50	14.0167	-23.0634	37.0801	0.141011	0.858989	0.007225325	0.11605	0.0733497	0.0543063	0.0346224	0.0199054	0.00483542	0.00306769	0	4.941751	1.720446	0.8589889	0.1410111	52.53472
60	13.6636	-23.4789	37.1425	0.813203	0.186797	0.01765846	0.118453	0.0736089	0.0527982	0.0351669	0.0199585	0.00496379	0.00306726	0	4.879325	1.668765	0.186797	0.813203	46.64071
70	14.6992	-22.8012	37.5004	0.31393	0.68607	0.03971859	0.118212	0.0731226	0.0527395	0.0345856	0.0199951	0.00497163	0.0030936	0	4.521466	1.92933	0.6860702	0.3139298	84.9825
80	14.7362	-23.0679	37.8041	0.182452	0.817548	0.05259027	0.116433	0.0754267	0.0539729	0.0354286	0.020445	0.00496353	0.00307999	0	4.217794	1.914288	0.8175476	0.1824524	82.08965
90	14.3365	-24.8257	39.1622	0.433558	0.566442	0.02073174	0.115612	0.0728575	0.0532983	0.035016	0.0204327	0.00493039	0.0030665	0	2.859638	1.911658	0.566442	0.433558	81.59399
100	14.591	-22.0718	36.6628	0.838273	0.161727	0.1039883	0.116589	0.0727437	0.0527136	0.0347835	0.0202554	0.00490593	0.00309707	0	5.359046	1.97234	0.1617266	0.8382734	93.82962
110	13.8582	-26.1865	40.0447	0.795455	0.204545	0.6709122	0.117356	0.0730601	0.0532093	0.0355253	0.0199253	0.00484208	0.00312087	0	1.977132	1.83374	0.2045447	0.7954553	68.19297
120	14.2738	-21.2643	35.5381	0.359207	0.640793	0.4476901	0.118474	0.0750959	0.0543028	0.0353222	0.0205988	0.0047741	0.00312145	0	6.483738	1.914959	0.6407929	0.3592071	82.2165
130	14.8222	-24.3442	39.1664	0.093989	0.906011	0.2246469	0.118953	0.0761257	0.0534383	0.0354365	0.0201744	0.00488102	0.00310661	0	2.85543	1.970788	0.906011	0.09398902	93.49481
140	13.8936	-25.8605	39.7541	0.951503	0.0484966	0.3611645	0.119895	0.0741578	0.0526568	0.0348243	0.020069	0.00484973	0.00301411	0	2.267702	1.853358	0.04849658	0.9515034	71.34402
150	15.7412	-21.0257	36.7669	0.523963	0.476037	3.292391	0.118242	0.0731754	0.0527134	0.0355529	0.0202844	0.00495373	0.00300242	0	5.254902	1.915042	0.4760367	0.5239633	82.23225
160	16.0133	-21.5296	37.5428	0.327156	0.672844	2.802784	0.119409	0.0732634	0.0541692	0.035465	0.0202344	0.00475758	0.0030215	0	4.479007	1.902961	0.6728445	0.3271555	79.97618
170	15.4919	-22.3244	37.8163	0.516733	0.483267	3.053241	0.120186	0.0758155	0.0527299	0.0353289	0.0202012	0.00486291	0.00301672	0	4.205595	1.80358	0.483267	0.516733	63.618
180	14.2332	-26.4371	40.6703	0.867015	0.132985	4.977669	0.119322	0.0757387	0.0532676	0.0355145	0.0201408	0.00486596	0.00303086	0	1.351556	1.950928	0.1329845	0.8670155	89.31564
190	15.8697	-22.1594	38.0291	0.558903	0.441097	2.938756	0.121074	0.0742255	0.0534591	0.034409	0.0204315	0.00478672	0.00311224	0	3.992754	1.852299	0.4410966	0.5589034	71.1703
200	16.3426	-21.3311	37.6736	0.988477	0.011523	3.820886	0.12107	0.0737622	0.0532754	0.0351222	0.0206185	0.00488368	0.00315228	0	4.3482	1.968346	0.01152296	0.988477	92.97058
210	16.1089	-20.9394	37.0483	0.168166	0.831834	2.101657	0.119702	0.0751657	0.0523917	0.0354611	0.020747	0.0049818	0.00315705	0	4.9735	1.986207	0.8318337	0.1681663	96.87393
220	15.6007	-22.2594	37.8602	0.677416	0.322584	4.108755	0.118435	0.0764372	0.053367	0.0344777	0.0202193	0.00485419	0.00314095	0	4.16169	1.860598	0.3225838	0.6774162	72.54337
230	15.6716	-20.5306	36.2022	0.772789	0.227211	2.483174	0.117143	0.0737249	0.0529528	0.0355301	0.0200348	0.0048212	0.00313296	0	5.819672	1.979555	0.2272112	0.7727888	95.40146
240	16.002	-23.2863	39.2883	0.0830091	0.916991	3.338629	0.117005	0.072947	0.0544121	0.0350148	0.0200733	0.00475289	0.00309022	0	2.733498	1.852985	0.9169909	0.0830091	71.28289
250	14.3319	-21.8384	36.1703	0.991956	0.00804387	1.907344	0.116015	0.0729231	0.0527867	0.0346356	0.0202965	0.00483763	0.00313767	0	5.851596	1.721054	0.008043873	0.9919561	52.60827
260	15.3243	-22.7465	38.0708	0.712331	0.287669	0.5490907	0.116935	0.0739194	0.0524313	0.0338149	0.0202425	0.00490912	0.00312706	0	3.951001	1.979945	0.287669	0.712331	95.48724
270	16.4563	-22.0953	38.5516	0.0293197	0.97068	4.172397	0.116679	0.0762426	0.053964	0.0352588	0.0206723	0.00488537	0.00306576	0	3.470216	1.936433	0.9706803	0.02931968	86.3839
280	14.151	-24.5597	38.7107	0.507454	0.492546	5.848184	0.117552	0.0757134	0.0548117	0.0349411	0.0202513	0.00487342	0.00303244	0	3.311138	1.854435	0.4925459	0.5074541	71.52124
290	16.3701	-21.4717	37.8418	0.210665	0.789335	4.328666	0.120236	0.0745429	0.0529825	0.0350473	0.0206265	0.00497291	0.00311069	0	4.180058	1.960337	0.7893355	0.2106645	91.27187
300	15.1839	-24.3211	39.505	0.647522	0.352478	4.77842	0.117364	0.0746508	0.0546664	0.0339124	0.0200432	0.00491664	0.00306466	0	2.516811	1.872724	0.3524778	0.6475222	74.59742
310	15.5789	-22.0481	37.6271	0.993168	0.00683181	4.375384	0.116426	0.0732676	0.0543544	0.0341279	0.0199079	0.00482113	0.00311242	0	4.394769	1.892693	0.006831811	0.9931682	78.10754
320	15.776	-20.6214	36.3974	0.358484	0.641516	2.500897	0.115978	0.0746589	0.0542602	0.0338588	0.0198879	0.00487744	0.00313039	0	5.624416	1.964896	0.6415157	0.3584843	92.23505
330	14.9343	-24.2551	39.1894	0.225667	0.774333	5.37203	0.119671	0.0742531	0.0533588	0.0341355	0.0198986	0.00480897	0.00302445	0	2.83245	1.875925	0.7743334	0.2256666	75.14931
340	15.6857	-22.8163	38.502	0.0804095	0.919591	1.656485	0.120437	0.0754212	0.0529511	0.0338972	0.0204706	0.0047528	0.00300125	0	3.519829	1.83284	0.9195905	0.08040947	68.05189
350	14.9273	-25.2947	40.222	0.627092	0.372908	1.738026	0.120094	0.0754981	0.0522495	0.034733	0.0204891	0.00475801	0.00301377	0	1.799843	1.921917	0.3729078	0.6270922	83.54426
360	16.2085	-23.5962	39.8047	0.349481	0.650519	3.370968	0.118015	0.0750894	0.0532364	0.0350896	0.0208207	0.00478681	0.00303642	0	2.217142	1.944362	0.6505188	0.3494812	87.9755
370	13.5121	-24.6007	38.1128	0.364631	0.635369	3.555012	0.117657	0.0751002	0.0526737	0.0340009	0.0204709	0.0048285	0.00307617	0	3.909044	1.59328	0.6353687	0.3646313	39.19944
380	15.8964	-22.771	38.6674	0.968753	0.0312468	3.106898	0.121325	0.0742601	0.0527709	0.0348047	0.0199659	0.00499437	0.00310623	0	3.354442	1.856184	0.03124677	0.9687532	71.80986
390	16.4264	-22.2022	38.6286	0.0430934	0.956907	3.781492	0.119545	0.0741861	0.0545445	0.0347199	0.0200074	0.00494862	0.00311583	0	3.393291	1.91138	0.9569066	0.04309343	81.54183
400	16.1527	-21.386	37.5387	0.493702	0.506298	3.60421	0.118807	0.0759908	0.0542703	0.0338887	0.0201473	0.00481237	0.00311673	0	4.483103	1.931053	0.5062984	0.4937016	85.32046
410	15.5474	-20.9536	36.501	0.861721	0.138279	4.838243	0.120667	0.0743421	0.0535734	0.0339193	0.0206211	0.00498361	0.00315112	0	5.52082	1.971506	0.1382795	0.8617205	93.64965
420	11.9884	-24.439	36.4274	0.917028	0.0829725	5.8642	0.119239	0.073662	0.0528838	0.0338922	0.0207429	0.00498422	0.00314591	0	5.594453	1.731932	0.08297247	0.9170275	53.94258
430	11.9785	-20.0137	31.9923	0.765049	0.234951	1.632693	0.119902	0.0739483	0.053036	0.0347148	0.0200268	0.00484017	0.00307903	0	10.02958	1.805576	0.2349511	0.7650489	63.91108
440	14.0905	-25.1229	39.2134	0.139341	0.860659	5.961456	0.116368	0.0738506	0.0527924	0.0348317	0.0198903	0.00482051	0.00300974	0	2.808477	1.857121	0.8606587	0.1393413	71.96497
450	15.5062	-23.8642	39.3704	0.241578	0.758422	4.551695	0.116527	0.074997	0.0537222	0.0346088	0.019972	0.00478264	0.00305335	0	2.651425	1.86839	0.7584216	0.2415784	73.85674
460	16.0721	-23.1397	39.2118	0.641061	0.358939	2.357782	0.116007	0.0755435	0.0546718	0.0340412	0.0199363	0.00477085	0.0031248	0	2.810081	1.912403	0.3589394	0.6410606	81.73405
470	13.6666	-20.8823	34.5489	0.621854	0.378146	4.332325	0.116429	0.0752934	0.0542841	0.0338562	0.020236	0.00475134	0.00310334	0	7.47298	1.851991	0.3781456	0.6218544	71.11995
480	15.7059	-23.1096	38.8155	0.00594016	0.99406	2.74378	0.119041	0.0731343	0.0528838	0.0347698	0.020867	0.004877	0.0030452	0	3.206332	1.778709	0.9940598	0.005940162	60.07706
490	16.0414	-22.0158	38.0572	0.641223	0.358777	2.88795	0.11755	0.0730978	0.0522649	0.0353471	0.0207748	0.00492547	0.00304138	0	3.964635	1.882942	0.3587769	0.6412231	76.37335
500	16.4097	-21.4465	37.8562	0.329942	0.670058	3.855257	0.117512	0.0739694	0.0525522	0.0351149	0.0206114	0.00488545	0.00300897	0	4.165652	1.960865	0.6700581	0.3299419	91.38288
510	13.9378	-21.5616	35.4994	0.0591981	0.940802	1.973425	0.121377	0.0762989	0.0535224	0.0351974	0.0203193	0.00475275	0.00302412	0	6.522407	1.689978	0.9408019	0.05919807	48.97545
520	15.7246	-21.6203	37.3449	0.258301	0.741699	2.565502	0.117365	0.0730034	0.053224	0.0347017	0.020351	0.00496722	0.00300455	0	4.676968	1.850889	0.7416986	0.2583014	70.93969
530	15.6855	-20.5058	36.1913	0.762452	0.237548	3.135586	0.118438	0.0742117	0.0546965	0.0351154	0.0208617	0.00475581	0.00306853	0	5.830535	1.978806	0.2375481	0.7624519	95.23708
540	14.4208	-24.7686	39.1894	0.0618689	0.938131	1.514764	0.118344	0.0747322	0.0547107	0.03485	0.0201636	0.00476626	0.00308624	0	2.83245	1.612861	0.9381311	0.06186885	41.00729
550	15.5988	-24.6434	40.2423	0.411515	0.588485	5.036313	0.118696	0.075646	0.0548142	0.0355095	0.0201866	0.00478032	0.00306905	0	1.779594	1.989736	0.5884846	0.4115154	97.66423
560	16.6117	-22.7689	39.3806	0.236958	0.763042	3.025248	0.11613	0.0759855	0.0539182	0.0347607	0.0198809	0.00489732	0.00309585	0	2.641291	1.970552	0.7630423	0.2369577	93.44404
570	16.1369	-22.5435	38.6805	0.136867	0.863133	2.11005	0.115877	0.0748682	0.0541863	0.033994	0.0204843	0.00497926	0.00312693	0	3.341378	1.881951	0.8631328	0.1368672	76.19937
580	16.1487	-21.9626	38.1113	0.0519792	0.948021	3.872209	0.121246	0.0737238	0.0522047	0.0338851	0.0200251	0.0049436	0.00314148	0	3.910549	1.88565	0.9480208	0.05197921	76.85115
590	14.3042	-21.484	35.7882	0.906889	0.0931112	1.007794	0.120594	0.0755204	0.0534186	0.0341864	0.0207343	0.00493307	0.00314483	0	6.233629	1.794362	0.09311117	0.9068888	62.28199
600	14.8172	-21.5902	36.4073	0.778255	0.221745	3.602653	0.120276	0.0752843	0.0543488	0.035399	0.0202404	0.00495568	0.00313941	0	5.614497	1.80584	0.2217454	0.7782546	63.94987
610	14.5548	-23.7438	38.2987	0.679984	0.320016	1.358685	0.117931	0.0760308	0.0539133	0.0351376	0.020149	0.00497172	0.00303595	0	3.723183	1.667632	0.3200162	0.6799838	46.5192
620	12.4188	-25.597	38.0158	0.433285	0.566715	0.5049175	0.121384	0.0744426	0.0527792	0.0347597	0.0199227	0.00498142	0.00311029	0	4.006022	1.373755	0.5667149	0.4332851	23.64583
630	15.9131	-22.7279	38.641	0.668537	0.331463	1.550713	0.117744	0.0755476	0.0522296	0.0348219	0.0201161	0.00493285	0.00302689	0	3.380815	1.934564	0.331463	0.668537	86.01303
640	16.1573	-23.3973	39.5546	0.254762	0.745238	4.040402	0.116252	0.076543	0.0531216	0.0351249	0.0205267	0.00492963	0.00301893	0	2.467233	1.919266	0.7452379	0.2547621	83.03598
650	16.2126	-23.6882	39.9008	0.146792	0.853208	3.369254	0.117831	0.0757204	0.0533693	0.0346044	0.0202678	0.00493745	0.00307327	0	2.12104	1.930446	0.8532079	0.1467921	85.20118
660	13.3792	-22.4016	35.7808	0.944771	0.0552287	0.7516699	0.117307	0.0757062	0.0532859	0.0347598	0.020031	0.00489349	0.00309718	0	6.241036	1.627933	0.05522867	0.9447713	42.4554
670	14.9953	-23.1385	38.1338	0.590559	0.409441	0.5583285	0.120964	0.0755611	0.0526317	0.0343214	0.020516	0.00496801	0.00314187	0	3.888009	1.855334	0.4094407	0.5905593	71.66938
680	15.1394	-23.8404	38.9798	0.360417	0.639583	4.005412	0.118361	0.0738191	0.052771	0.0346484	0.0203029	0.00495054	0.0031132	0	3.042057	1.778947	0.6395826	0.3604174	60.11002
690	14.4517	-20.3866	34.8383	0.00639644	0.993604	3.379435	0.116996	0.0732973	0.0531812	0.0347427	0.0208316	0.00485658	0.00302517	0	7.183578	1.878156	0.9936036	0.006396439	75.53627
700	14.1223	-19.9245	34.0468	0.793345	0.206655	2.159444	0.119105	0.0743973	0.054707	0.0345464	0.0206847	0.00490117	0.00309358	0	7.975001	1.949184	0.2066547	0.7933453	88.95783
710	15.7858	-23.5832	39.369	0.721929	0.278071	4.132517	0.115915	0.0762828	0.0540549	0.03421	0.0206051	0.00493671	0.00310743	0	2.652817	1.886947	0.2780709	0.7219291	77.0809
720	15.9764	-23.063	39.0394	0.603735	0.396265	1.654499	0.117242	0.0752241	0.0530796	0.0348318	0.0206902	0.00493768	0.00311998	0	2.982478	1.945083	0.3962645	0.6037355	88.12181
730	13.5285	-22.0692	35.5977	0.716124	0.283876	3.940322	0.119369	0.0754146	0.0539096	0.0346787	0.0208099	0.00499679	0.00301415	0	6.424112	1.727697	0.2838757	0.7161243	53.41911
740	16.3626	-21.2811	37.6437	0.869244	0.130756	4.23794	0.120784	0.0727914	0.0540925	0.0339103	0.0204293	0.00495774	0.00308864	0	4.378155	1.98703	0.1307562	0.8692438	97.05773
750	14.7853	-23.5424	38.3276	0.523028	0.476972	4.216064	0.119182	0.0728815	0.0544787	0.0340128	0.0207965	0.00496026	0.00301403	0	3.694226	1.766617	0.4769722	0.5230278	58.42743
760	15.3852	-24.008	39.3932	0.47934	0.52066	3.327438	0.116448	0.0732952	0.0547903	0.0342363	0.0207137	0.00493665	0.00305999	0	2.628606	1.795161	0.5206596	0.4793404	62.39654
770	16.3106	-21.7486	38.0591	0.964143	0.0358566	2.108727	0.116724	0.0729544	0.0546517	0.0347029	0.0201953	0.00481314	0.0031059	0	3.962702	1.987554	0.03585661	0.9641434	97.17479
780	15.0081	-21.2432	36.2513	0.0594254	0.940575	5.412641	0.119133	0.0744671	0.0541359	0.0342061	0.0203645	0.00488196	0.00305789	0	5.77052	1.959285	0.9405746	0.05942535	91.0511
790	13.9789	-24.4052	38.3841	0.371941	0.628059	6.077381	0.117883	0.0752041	0.0546646	0.0340868	0.0207244	0.00491402	0.00302128	0	3.63773	1.858987	0.6280594	0.3719406	72.27476
800	14.9252	-20.3385	35.2638	0.443905	0.556095	1.562948	0.117476	0.076023	0.0540652	0.0342782	0.0208941	0.00483465	0.00304323	0	6.758067	1.998862	0.5560954	0.4439046	99.73829
810	15.6811	-21.9725	37.6537	0.885248	0.114752	2.618465	0.116489	0.0744887	0.0548056	0.0340222	0.0204643	0.00483686	0.00301522	0	4.368153	1.85144	0.1147521	0.8852479	71.02977
820	14	-24.4421	38.4421	0.282912	0.717088	6.75888	0.118853	0.0746971	0.0547359	0.0339065	0.0203088	0.00478638	0.0030497	0	3.579792	1.933513	0.7170884	0.2829116	85.80508
830	12.4053	-23.4271	35.8324	0.493666	0.506334	5.915192	0.12126	0.0748528	0.0542258	0.033931	0.0205317	0.00497683	0.00307921	0	6.189429	1.789709	0.506334	0.493666	61.61819
840	15.2128	-25.3114	40.5241	0.299376	0.700624	5.166774	0.12074	0.0742677	0.0522002	0.0353853	0.0207336	0.00481287	0.00301955	0	1.497707	1.997081	0.7006236	0.2993764	99.33015
850	16.5962	-21.9893	38.5855	0.402991	0.597009	3.651358	0.117442	0.0727238	0.0532736	0.0354952	0.0204751	0.00483284	0.00301269	0	3.436384	1.967116	0.5970091	0.4029909	92.70781
860	16.3864	-22.0036	38.39	0.709773	0.290227	4.851508	0.115791	0.0744355	0.0548731	0.0345716	0.0207278	0.00482579	0.003004	0	3.631842	1.999423	0.2902265	0.7097735	99.86731
870	16.5115	-22.4268	38.9383	0.026701	0.973299	4.067373	0.115423	0.0744581	0.0524845	0.0343189	0.0208873	0.00482183	0.0030879	0	3.083581	1.937032	0.973299	0.02670097	86.50322
880	16.1944	-23.5645	39.7589	0.882794	0.117206	4.535278	0.117679	0.074516	0.0524704	0.0350699	0.0207031	0.00477011	0.00312628	0	2.262922	1.99105	0.1172059	0.8827941	97.96037
890	16.4361	-23.2301	39.6661	0.477461	0.522539	3.329333	0.117808	0.0759007	0.0536377	0.0345455	0.0205764	0.00475971	0.00306579	0	2.355697	1.977117	0.5225394	0.4774606	94.86742
900	16.0085	-22.5372	38.5457	0.594536	0.405464	5.326916	0.121174	0.075062	0.0525198	0.0341523	0.0200757	0.00492327	0.00310491	0	3.476142	1.979149	0.4054639	0.5945361	95.31237
910	14.8698	-21.9149	36.7847	0.475703	0.524297	6.199577	0.119132	0.0762139	0.0532575	0.0340801	0.0201965	0.00492774	0.00312871	0	5.237125	1.995166	0.5242974	0.4757026	98.89307
920	14.4095	-20.944	35.3536	0.204978	0.795022	2.184392	0.121432	0.0746535	0.0543386	0.034073	0.0201946	0.00497001	0.00301292	0	6.668296	1.792949	0.7950221	0.2049779	62.07958
930	15.2098	-21.1321	36.3419	0.951415	0.0485846	4.624569	0.120256	0.0747202	0.0540771	0.0347272	0.0206199	0.00483296	0.00306036	0	5.679948	1.933056	0.04858459	0.9514154	85.71474
940	14.3543	-24.9362	39.2904	0.690515	0.309485	2.132312	0.120241	0.0729589	0.0544685	0.0348138	0.0207744	0.00486591	0.00309367	0	2.73141	1.654842	0.309485	0.690515	45.16914
950	16.0159	-23.5877	39.6037	0.0148187	0.985181	3.989692	0.119231	0.0732745	0.0535223	0.0353726	0.0206903	0.00483731	0.00303718	0	2.418182	1.886676	0.9851813	0.01481868	77.0328
960	15.407	-23.6342	39.0412	0.384081	0.615919	2.714815	0.1168	0.0745774	0.052966	0.0354634	0.0207486	0.00490168	0.00308652	0	2.980619	1.763383	0.6159195	0.3840805	57.99401
970	16.706	-22.3318	39.0378	0.600918	0.399082	3.781776	0.115899	0.0748217	0.0536989	0.0346366	0.0207638	0.00492539	0.00307298	0	2.984088	1.987856	0.3990821	0.6009179	97.2425
980	15.8788	-23.8828	39.7615	0.0239919	0.976008	1.61734	0.116993	0.0754198	0.054662	0.0342083	0.0208563	0.00484159	0.00309339	0	2.260317	1.987513	0.9760081	0.02399186	97.16564
990	14.9335	-21.1839	36.1174	0.370476	0.629524	2.389681	0.116978	0.0732583	0.0533629	0.0355394	0.0200269	0.00474952	0.0031363	0	5.904437	1.815022	0.6295237	0.3704763	65.31635
1000	15.3954	-21.8738	37.2692	0.3075	0.6925	4.107652	0.11549	0.0738595	0.0535431	0.0353743	0.0199947	0.00498753	0.00309412	0	4.752648	1.847285	0.6924997	0.3075003	70.35339
1010	14.335	-22.7891	37.1242	0.417394	0.582606	6.116932	0.115824	0.0743055	0.0528953	0.0350329	0.0198683	0.00497623	0.00312302	0	4.897693	1.922205	0.5826061	0.4173939	83.59979
1020	15.608	-21.1794	36.7875	0.37242	0.62758	1.716731	0.117023	0.0728362	0.0525748	0.0346477	0.0205835	0.00487329	0.00315053	0	5.234387	1.923833	0.6275804	0.3724196	83.91378
1030	13.7265	-19.6564	33.3829	0.708329	0.291671	2.883855	0.119531	0.0740958	0.0536024	0.0338885	0.020742	0.00478736	0.00306961	0	8.638964	1.967566	0.291671	0.708329	92.80379
1040	16.4576	-21.4803	37.938	0.946172	0.0538285	2.586078	0.118543	0.0736616	0.0528576	0.0342346	0.0206472	0.00476006	0.00310983	0	4.08388	1.995873	0.05382846	0.9461715	99.0542
1050	16.3219	-23.3277	39.6497	0.587379	0.412621	3.286328	0.118115	0.0728254	0.0537465	0.0344062	0.0205332	0.00484666	0.0030501	0	2.372194	1.960099	0.4126214	0.5873786	91.22183
1060	16.2341	-21.8686	38.1027	0.0221	0.9779	1.700739	0.11914	0.0731269	0.0544318	0.0341926	0.0206944	0.00489965	0.00312082	0	3.919132	1.969744	0.9779	0.02210003	93.27054
1070	13.8052	-26.352	40.1571	0.62662	0.37338	1.213559	0.120816	0.0730162	0.0525729	0.0350369	0.0208346	0.00497774	0.00308955	0	1.864719	1.73167	0.3733801	0.6266199	53.91002
1080	14.9959	-21.1877	36.1835	0.934067	0.0659328	1.841422	0.11936	0.0759897	0.0529521	0.034584	0.0199916	0.00490267	0.00304633	0	5.838314	1.852008	0.06593276	0.9340672	71.12267
1090	15.7057	-21.4515	37.1572	0.731428	0.268572	1.662882	0.119744	0.0753982	0.0537029	0.034918	0.0202989	0.0048642	0.00307897	0	4.864648	1.932425	0.2685722	0.7314278	85.5904
1100	15.669	-22.1849	37.8539	0.838099	0.161901	1.065468	0.117074	0.0748324	0.0533056	0.0351167	0.0204646	0.00491581	0.00307586	0	4.167924	1.967569	0.1619014	0.8380986	92.80451
1110	16.5961	-22.6006	39.1967	0.450889	0.549111	3.341333	0.118082	0.0747583	0.0526168	0.0355699	0.0206519	0.00485396	0.00307124	0	2.825133	1.967834	0.5491105	0.4508895	92.86107
1120	15.4806	-24.3054	39.7859	0.017454	0.982546	2.211855	0.118961	0.0759129	0.0534878	0.0350264	0.0208283	0.00481214	0.00313017	0	2.235904	1.804149	0.982546	0.01745403	63.70138
1130	15.7425	-21.4158	37.1583	0.294185	0.705815	2.043104	0.119356	0.0765349	0.0546548	0.0350539	0.0207691	0.00476292	0.00308973	0	4.863566	1.896762	0.7058153	0.2941847	78.84276
1140	16.4798	-22.3299	38.8098	0.747313	0.252687	3.044195	0.119179	0.0761304	0.0548958	0.0352193	0.020278	0.00476058	0.00310996	0	3.21208	1.956825	0.2526868	0.7473132	90.53667
1150	13.9423	-22.0323	35.9746	0.988074	0.0119261	2.636723	0.11834	0.0756789	0.0544452	0.034442	0.0202761	0.00496043	0.00315712	0	6.047281	1.68159	0.01192613	0.9880739	48.0386
1160	14.8587	-21.0973	35.9559	0.446057	0.553943	3.283562	0.120308	0.0756461	0.0537919	0.0342887	0.0201921	0.00487732	0.00314158	0	6.065914	1.827883	0.5539425	0.4460575	67.27955
1170	15.2793	-21.5182	36.7975	0.461654	0.538346	5.058716	0.12142	0.0753288	0.0547886	0.0348312	0.0203178	0.0048947	0.00309817	0	5.22437	1.934171	0.5383457	0.4616543	85.93518
1180	15.6907	-21.7695	37.4601	0.693626	0.306374	5.122818	0.118242	0.0734003	0.0542157	0.0340327	0.0203174	0.0049519	0.00314415	0	4.561728	1.955203	0.3063743	0.6936257	90.19934
1190	16.3505	-22.9413	39.2918	0.449356	0.550644	4.5824	0.11668	0.0739842	0.0538431	0.0348505	0.0201519	0.00499852	0.00315115	0	2.73005	1.963078	0.5506445	0.4493555	91.84982
1200	14.2251	-19.6704	33.8955	0.291198	0.708802	2.380975	0.117462	0.0735202	0.0533006	0.0355432	0.0198853	0.00493357	0.00314451	0	8.126343	1.992578	0.708802	0.291198	98.30543
1210	15.583	-21.686	37.269	0.703415	0.296585	1.75354	0.118845	0.0735735	0.0535796	0.0348994	0.020159	0.0047861	0.00309846	0	4.752872	1.882722	0.2965855	0.7034145	76.33473
1220	14.5825	-25.942	40.5245	0.597293	0.402707	5.65856	0.117325	0.0732923	0.0531445	0.0348245	0.0200077	0.00483677	0.00306264	0	1.497364	1.991788	0.402707	0.597293	98.12689
1230	12.1318	-20.1272	32.2591	0.0873111	0.912689	3.713948	0.120438	0.0737816	0.0545671	0.0347608	0.0201205	0.00490252	0.00310846	0	9.762794	1.822344	0.9126889	0.08731106	66.42691
1240	15.8091	-24.231	40.0401	0.394152	0.605848	5.006998	0.118706	0.074366	0.0538222	0.0338623	0.0199601	0.00477145	0.00306707	0	1.981708	1.987247	0.6058481	0.3941519	97.10629
1250	14.4968	-21.7313	36.2281	0.820172	0.179828	1.93158	0.120604	0.0759019	0.0543355	0.0340408	0.0201577	0.00491407	0.00313724	0	5.793745	1.737035	0.1798279	0.8201721	54.58022
1260	14.0562	-26.6383	40.6945	0.822984	0.177016	2.922972	0.11801	0.074705	0.0534946	0.0349986	0.0202053	0.00495334	0.00311826	0	1.327343	1.854998	0.1770163	0.8229837	71.61393
1270	14.7108	-24.5564	39.2671	0.58416	0.41584	0.8547883	0.120608	0.0738388	0.052546	0.0350655	0.0198824	0.00492918	0.00310566	0	2.754703	1.789815	0.4158402	0.5841598	61.63329
1280	14.9223	-23.862	38.7843	0.531442	0.468558	0.3720787	0.121192	0.0757657	0.0530417	0.0345917	0.0198904	0.004774	0.00312743	0	3.237584	1.926993	0.4685577	0.5314423	84.52647
1290	15.7368	-23.3742	39.111	0.93258	0.0674198	3.761086	0.119342	0.0756655	0.0526615	0.0347622	0.0207309	0.00482268	0.00310918	0	2.910847	1.864416	0.06741977	0.9325802	73.18405
1300	13.9062	-21.6153	35.5216	0.425642	0.574358	2.141021	0.120568	0.0756794	0.0527639	0.0351259	0.0203976	0.00477169	0.00302137	0	6.500269	1.699406	0.5743584	0.4256416	50.05022
1310	16.382	-22.9076	39.2896	0.079026	0.920974	2.959549	0.121357	0.0761318	0.0534731	0.0354628	0.020294	0.00480128	0.00301644	0	2.732275	1.91816	0.920974	0.07902596	82.82476
1320	14.9391	-22.7407	37.6798	0.0067082	0.993292	5.827519	0.119786	0.0762094	0.0523077	0.0354875	0.0199363	0.0049703	0.00309743	0	4.342078	1.918004	0.9932918	0.006708202	82.79489
1330	12.3716	-22.2354	34.607	0.587634	0.412366	4.163624	0.121177	0.0752835	0.052831	0.0340682	0.0200498	0.0049863	0.00312462	0	7.414839	1.682223	0.4123663	0.5876337	48.10861
1340	14.7715	-23.1431	37.9146	0.975856	0.0241443	5.819611	0.120315	0.0764854	0.052612	0.0346668	0.0203741	0.00491282	0.00307832	0	4.107285	1.919242	0.02414429	0.9758557	83.03132
1350	16.2907	-23.1549	39.4456	0.191324	0.808676	2.612984	0.119065	0.075641	0.0522281	0.0351575	0.0206225	0.00486819	0.00313141	0	2.576254	1.922604	0.8086765	0.1913235	83.67667
1360	16.1031	-22.0735	38.1766	0.734854	0.265146	2.29186	0.121285	0.0737958	0.0529632	0.0347909	0.0205783	0.00476464	0.00308391	0	3.845208	1.916114	0.2651457	0.7348543	82.43539
1370	15.8341	-20.8233	36.6574	0.319365	0.680635	2.438249	0.120215	0.0735909	0.0531711	0.035558	0.0208103	0.00478728	0.00313658	0	5.364425	1.95167	0.6806347	0.3193653	89.46837
1380	15.7661	-21.1199	36.886	0.466247	0.533753	1.79237	0.121338	0.0750354	0.0544986	0.035503	0.0206879	0.00482377	0.00302101	0	5.135805	1.964597	0.5337534	0.4662466	92.17147
1390	15.5648	-24.8571	40.4219	0.704211	0.295789	3.983649	0.118189	0.0743353	0.053611	0.0353468	0.0205999	0.00482938	0.00307495	0	1.599913	1.979714	0.2957889	0.7042111	95.43642
1400	16.0641	-22.4531	38.5172	0.666095	0.333905	4.156513	0.115989	0.0753652	0.0548902	0.0355491	0.0204372	0.00476882	0.00312532	0	3.504612	1.910713	0.3339047	0.6660953	81.41662
1410	14.5145	-24.4659	38.9804	0.858386	0.141614	4.482985	0.115494	0.0757508	0.0522806	0.0349104	0.0205124	0.00485977	0.00303431	0	3.041495	1.779004	0.1416142	0.8583858	60.11799
1420	16.4215	-21.634	38.0555	0.44515	0.55485	3.765309	0.115718	0.0762223	0.0526134	0.0341582	0.020841	0.0047569	0.00303045	0	3.966368	1.957083	0.5548505	0.4451495	90.59049
1430	15.2352	-21.0159	36.2511	0.750821	0.249179	4.250504	0.120583	0.0758618	0.053249	0.033811	0.0205255	0.00480378	0.00314595	0	5.770697	1.912801	0.2491792	0.7508208	81.8089
1440	14.5139	-21.4156	35.9294	0.119527	0.880473	1.114607	0.121181	0.0760434	0.053586	0.0352306	0.0205567	0.00485432	0.00309146	0	6.092421	1.79346	0.8804728	0.1195272	62.15264
1450	14.3901	-21.8145	36.2046	0.963964	0.0360358	1.416973	0.118441	0.0744491	0.0546093	0.0351884	0.0208097	0.00476439	0.0031491	0	5.817289	1.745189	0.03603583	0.9639642	55.6146
1460	15.5844	-20.4642	36.0487	0.384483	0.615517	3.908129	0.118753	0.0751274	0.0546177	0.035503	0.0207223	0.00492624	0.00306155	0	5.973183	1.972022	0.6155174	0.3844826	93.76094
1470	15.8926	-23.5312	39.4238	0.021575	0.978425	4.298678	0.116206	0.0749784	0.0548054	0.0348057	0.0206468	0.0049534	0.00315533	0	2.598013	1.870086	0.978425	0.021575	74.14567
1480	14.7182	-21.0517	35.7699	0.608605	0.391395	5.055592	0.117597	0.0747148	0.0526093	0.0348554	0.0207082	0.00495247	0.00308816	0	6.251923	1.934321	0.3913947	0.6086053	85.96487
1490	15.0015	-20.6112	35.6127	0.375896	0.624104	4.939953	0.120291	0.0729893	0.0549247	0.0345727	0.0208456	0.00479905	0.00304844	0	6.409177	1.979612	0.6241035	0.3758965	95.41393
1500	15.9061	-20.6804	36.5866	0.448533	0.551467	4.302183	0.118605	0.07582	0.0529214	0.0345563	0.0208712	0.00475639	0.00303566	0	5.435258	1.994896	0.5514669	0.4485331	98.83158
1510	15.1066	-24.0734	39.1801	0.732713	0.267287	1.795819	0.115655	0.0759486	0.0526262	0.0340093	0.0208346	0.00485843	0.00304602	0	2.841787	1.7718	0.2672868	0.7327132	59.12894
1520	15.2136	-20.7743	35.9879	0.910433	0.0895674	1.578198	0.1163	0.0739793	0.0539201	0.0343977	0.0207988	0.00475347	0.00315386	0	6.033985	1.956558	0.08956743	0.9104326	90.48111
1530	16.416	-21.482	37.898	0.0346835	0.965317	2.256412	0.116129	0.0749451	0.0541427	0.034216	0.0208113	0.00479531	0.00310181	0	4.123844	1.976317	0.9653165	0.03468349	94.69287
1540	15.8182	-21.0868	36.905	0.583692	0.416308	1.645683	0.120131	0.0753202	0.0547289	0.0342862	0.0207815	0.00497563	0.00308999	0	5.116833	1.98995	0.4163083	0.5836917	97.71241
1550	14.9911	-22.3814	37.3725	0.0774339	0.922566	2.441208	0.118334	0.0739234	0.0532638	0.0338844	0.0203502	0.00499443	0.00311632	0	4.64935	1.702779	0.9225661	0.07743387	50.44051
1560	14.3549	-24.4219	38.7768	0.728186	0.271814	5.683725	0.118387	0.0727381	0.053661	0.0348212	0.0199587	0.00491974	0.00308765	0	3.244999	1.860231	0.2718144	0.7281856	72.48222
1570	14.832	-25.0728	39.9047	0.0724056	0.927594	4.384854	0.119827	0.0743479	0.0539404	0.0343868	0.0200278	0.00476779	0.00300721	0	2.117102	1.806691	0.9275944	0.07240558	64.07539
1580	15.0905	-21.4717	36.5622	0.856835	0.143165	1.986338	0.121448	0.0756098	0.0537239	0.0342852	0.0207713	0.00477861	0.00310927	0	5.459668	1.826242	0.1431649	0.8568351	67.02586
1590	16.3062	-22.8573	39.1635	0.0475388	0.952461	2.927148	0.11908	0.0753844	0.052719	0.0352417	0.0206767	0.00480755	0.00301795	0	2.858299	1.895573	0.9524612	0.04753885	78.62716
1600	16.6949	-23.0249	39.7197	0.0116934	0.988307	3.353972	0.119553	0.0759728	0.0535648	0.0347118	0.0206103	0.00477571	0.00307631	0	2.302096	1.994002	0.9883066	0.01169337	98.62844
1610	15.0422	-24.2279	39.2701	0.11356	0.88644	4.951546	0.121471	0.0733576	0.053283	0.034741	0.0207758	0.0047795	0.00311069	0	2.751783	1.838967	0.8864399	0.1135601	69.0188
1620	16.0331	-22.261	38.2941	0.618324	0.381676	2.267197	0.121044	0.0730658	0.0537584	0.0346442	0.0203623	0.00497358	0.00303711	0	3.727781	1.889318	0.3816761	0.6183239	77.50299
1630	14.4684	-24.9751	39.4436	0.516507	0.483493	0.1984863	0.120064	0.074319	0.0529674	0.0340791	0.0199391	0.0048846	0.0030812	0	2.578293	1.962744	0.4834925	0.5165075	91.77916
1640	13.7771	-26.1119	39.889	0.923684	0.0763161	0.04773354	0.121256	0.073528	0.0528074	0.0348019	0.0208068	0.00498955	0.00311254	0	2.132817	1.989123	0.07631612	0.9236839	97.52664
1650	14.7539	-22.654	37.4078	0.109341	0.890659	0.05223283	0.121434	0.0739408	0.0524265	0.0342976	0.0208241	0.00481334	0.00311049	0	4.613998	1.947815	0.8906587	0.1093413	88.67781
1660	12.9108	-20.8475	33.7583	0.639605	0.360395	0.06919246	0.119077	0.0729705	0.0529489	0.0349214	0.0205543	0.00481831	0.00312982	0	8.263535	1.903538	0.3603951	0.6396049	80.0826
1670	13.4999	-21.4256	34.9255	0.814455	0.185545	0.0467162	0.116922	0.0732287	0.0532949	0.0340492	0.0205049	0.00477162	0.00312153	0	7.096338	1.870537	0.1855452	0.8144548	74.22279
1680	13.2833	-21.7007	34.984	0.193695	0.806305	0.2291987	0.115884	0.0732275	0.0537573	0.03394	0.0201971	0.00481115	0.00314507	0	7.037873	1.721554	0.8063052	0.1936948	52.66891
1690	15.9603	-23.4918	39.4521	0.285538	0.714462	2.119862	0.116976	0.0730919	0.0545265	0.0347604	0.0199825	0.00478086	0.00313892	0	2.56976	1.902257	0.7144622	0.2855378	79.84671
1700	14.2742	-22.9155	37.1897	0.410834	0.589166	1.56324	0.117334	0.0729664	0.052955	0.0347692	0.0199482	0.00477701	0.00308818	0	4.832142	1.633741	0.5891656	0.4108344	43.02702
1710	14.5686	-21.482	36.0506	0.729989	0.270011	4.624293	0.118133	0.0736159	0.0526838	0.0346408	0.0199489	0.00483555	0.00310792	0	5.971264	1.868817	0.2700109	0.7299891	73.92938
1720	16.5549	-21.724	38.2789	0.206905	0.793095	3.007107	0.119461	0.0738214	0.053555	0.0353237	0.0202328	0.00482023	0.00314673	0	3.742933	1.952333	0.7930954	0.2069046	89.60507
1730	15.2512	-20.1933	35.4445	0.124396	0.875604	3.436926	0.121129	0.0741089	0.0536481	0.0349003	0.0200696	0.00475876	0.00307113	0	6.577367	1.969605	0.8756036	0.1243964	93.24067
1740	16.1148	-22.1627	38.2775	0.620979	0.379021	4.925002	0.118224	0.0733823	0.0532001	0.0341691	0.0201615	0.00498098	0.00310309	0	3.744347	1.963104	0.379021	0.620979	91.85532
1750	15.8702	-21.3485	37.2187	0.330867	0.669133	3.984321	0.118407	0.0758198	0.0525855	0.03393	0.0203102	0.00488444	0.00310512	0	4.803117	1.911429	0.6691328	0.3308672	81.55089
1760	14.7828	-21.8651	36.6479	0.920168	0.0798315	3.019004	0.117239	0.0762427	0.0540876	0.0339312	0.0202972	0.00479323	0.0031563	0	5.373938	1.767919	0.07983151	0.9201685	58.60285
1770	16.5971	-22.2031	38.8002	0.177385	0.822615	2.994372	0.117777	0.0743462	0.0541641	0.0340779	0.0207024	0.00483954	0.00304712	0	3.221677	1.953717	0.822615	0.177385	89.89106
1780	15.7933	-21.8334	37.6267	0.571781	0.428219	2.318824	0.119722	0.0764234	0.0537419	0.0340984	0.0207921	0.00484965	0.00307901	0	4.395112	1.865745	0.4282192	0.5717808	73.40826
1790	14.4388	-21.7475	36.1863	0.192062	0.807938	1.405761	0.121456	0.0755879	0.0523262	0.0337947	0.0205676	0.00489941	0.00301197	0	5.835552	1.729997	0.8079376	0.1920624	53.70279
1800	15.0341	-24.882	39.9161	0.134223	0.865777	2.42252	0.119764	0.0754271	0.0526548	0.0350029	0.0204835	0.00487022	0.00306096	0	2.105753	1.75389	0.8657774	0.1342226	56.74015
1810	16.035	-23.2859	39.3209	0.0373769	0.962623	2.266881	0.11739	0.0756793	0.0537092	0.0348924	0.0200533	0.00491963	0.00307812	0	2.700945	1.864863	0.9626231	0.03737685	73.25927
1820	14.5318	-26.0336	40.5654	0.476017	0.523983	4.118875	0.119875	0.0759534	0.0539169	0.0346827	0.0204657	0.00495689	0.0030858	0	1.456413	1.870816	0.5239825	0.4760175	74.27036
1830	11.1596	-23.0959	34.2555	0.628054	0.371946	4.207271	0.121175	0.0758592	0.0537951	0.0346199	0.0203147	0.00478348	0.00304444	0	7.76632	1.602794	0.3719455	0.6280545	40.06765
1840	13.535	-23.7955	37.3305	0.468763	0.531237	7.421634	0.120633	0.0756849	0.0524604	0.034855	0.0203449	0.00479234	0.00309055	0	4.691299	1.99479	0.5312375	0.4687625	98.80751
1850	16.4621	-21.9195	38.3815	0.911592	0.0884075	3.353871	0.121034	0.0749214	0.0528631	0.0344461	0.0207769	0.00476066	0.00302271	0	3.64032	1.962991	0.08840753	0.9115925	91.83126
1860	15.4329	-23.3428	38.7757	0.823346	0.176654	3.24973	0.120457	0.0765069	0.0545094	0.0351468	0.0202157	0.0048208	0.00305964	0	3.246157	1.800192	0.176654	0.823346	63.1237
1870	15.9783	-24.0861	40.0643	0.558027	0.441973	4.441119	0.11593	0.0752682	0.0541261	0.0344764	0.0202015	0.00496127	0.00304291	0	1.957499	1.977766	0.4419732	0.5580268	95.00921
1880	16.5677	-22.9157	39.4833	0.556827	0.443173	4.135096	0.120222	0.0745143	0.0543987	0.0345553	0.0205274	0.00477099	0.0030258	0	2.538514	1.999027	0.4431731	0.5568269	99.7761
1890	15.4905	-20.9914	36.4819	0.356674	0.643326	2.789101	0.116747	0.0746191	0.0548567	0.0344578	0.0204802	0.00484403	0.00314963	0	5.539989	1.880804	0.6433259	0.3566741	75.99828
1900	13.4205	-23.5964	37.0169	0.363285	0.636715	2.665364	0.116556	0.0744201	0.0543399	0.0344707	0.0209133	0.00480692	0.00314748	0	5.00496	1.550409	0.6367146	0.3632854	35.51474
1910	16.3308	-22.7062	39.037	0.15007	0.84993	4.249726	0.116207	0.0734379	0.0538055	0.0348542	0.0205674	0.00489724	0.00309071	0	2.984885	1.926947	0.8499304	0.1500696	84.51752
1920	15.0143	-23.2151	38.2293	0.93113	0.0688696	1.195627	0.120509	0.0752883	0.0541863	0.0353771	0.0208595	0.00496204	0.00310181	0	3.792521	1.773335	0.06886956	0.9311304	59.33833
1930	15.6709	-24.558	40.2288	0.846736	0.153264	2.715804	0.118023	0.0740302	0.0542728	0.0344205	0.0208364	0.00489204	0.00310633	0	1.793003	1.974608	0.1532637	0.8467363	94.32085
1940	16.4137	-22.0432	38.4569	0.643415	0.356585	4.158808	0.117889	0.0729485	0.0527652	0.0347889	0.0206726	0.00486079	0.00304344	0	3.564979	1.959747	0.3565849	0.6434151	91.14795
1950	14.7025	-23.8108	38.5133	0.840264	0.159736	1.515077	0.115893	0.0732707	0.0530426	0.0343042	0.0201912	0.004833	0.00302188	0	3.508518	1.701749	0.1597356	0.8402644	50.32093
1960	10.95	-29.4055	40.3555	0.390539	0.609461	2.748068	0.115667	0.0745428	0.0530239	0.0343477	0.0199892	0.00480462	0.00302634	0	1.666328	1.421725	0.6094613	0.3905387	26.40735
1970	15.9076	-23.65	39.5575	0.922109	0.0778907	3.150569	0.121168	0.0758506	0.0529486	0.0343232	0.0202002	0.00479749	0.00301875	0	2.4643	1.905249	0.0778907	0.9221093	80.39862
1980	15.0181	-22.11	37.1281	0.0111403	0.98886	3.678063	0.116712	0.0736566	0.0526007	0.0343986	0.0206867	0.00480213	0.00303697	0	4.893792	1.775855	0.9888597	0.01114027	59.68361
1990	14.1746	-23.7196	37.8942	0.204301	0.795699	3.275672	0.11588	0.0729909	0.0525308	0.0342279	0.0205587	0.00487159	0.00304414	0	4.127663	1.633811	0.7956989	0.2043011	43.03396
2000	14.1919	-25.7036	39.8954	0.836967	0.163033	1.101249	0.117897	0.0742516	0.0549214	0.0341248	0.0199212	0.00494025	0.00301917	0	2.126397	1.780943	0.1630333	0.8369667	60.38691
2010	15.4575	-22.8644	38.3219	0.535189	0.464811	4.970594	0.116325	0.0749773	0.0543192	0.0339462	0.0206618	0.00497115	0.00308133	0	3.699968	1.891297	0.4648106	0.5351894	77.85685
2020	14.8967	-22.0524	36.9491	0.143571	0.856429	0.768386	0.118465	0.0735776	0.0545019	0.0337994	0.0208552	0.00494217	0.00303356	0	5.072782	1.827089	0.8564293	0.1435707	67.15668
2030	15.9964	-22.9221	38.9185	0.911693	0.0883073	4.933311	0.119887	0.0740862	0.0522288	0.0338024	0.020679	0.00498963	0.00302813	0	3.103376	1.956325	0.08830727	0.9116927	90.43252
2040	16.5877	-21.7099	38.2976	0.615355	0.384645	2.961189	0.11746	0.0749355	0.052265	0.0342763	0.0203692	0.00476951	0.00302755	0	3.724244	1.987075	0.3846446	0.6153554	97.06775
2050	16.001	-21.078	37.079	0.83093	0.16907	3.833893	0.121086	0.074813	0.0535231	0.0345078	0.020522	0.00484802	0.00303494	0	4.942864	1.956087	0.1690695	0.8309305	90.38311
2060	16.1955	-22.1919	38.3875	0.191913	0.808087	3.170543	0.121208	0.0763967	0.0541156	0.0341906	0.0209105	0.00479826	0.00303325	0	3.634388	1.884779	0.8080869	0.1919131	76.69715
2070	15.2653	-21.4996	36.7649	0.0863424	0.913658	5.311348	0.118289	0.0755053	0.0539243	0.033809	0.020356	0.00493625	0.00313013	0	5.256972	1.943965	0.9136576	0.08634236	87.89513
2080	14.2369	-19.9147	34.1516	0.278622	0.721378	2.278958	0.120981	0.0727958	0.0534467	0.0343475	0.0203348	0.00491569	0.0031319	0	7.870228	1.941976	0.7213781	0.2786219	87.49354
2090	15.7621	-23.4554	39.2174	0.0495256	0.950474	5.715379	0.119543	0.0734458	0.054677	0.0346571	0.0203562	0.00498371	0.00310773	0	2.804441	1.96936	0.9504744	0.04952557	93.18803
2100	14.1433	-25.8988	40.0421	0.260137	0.739863	3.888613	0.117385	0.0733929	0.0538156	0.0341941	0.0202218	0.00495961	0.0030359	0	1.979735	1.721803	0.7398634	0.2601366	52.69909
2110	16.2825	-22.6179	38.9004	0.892029	0.107971	3.682784	0.120048	0.0745986	0.0542898	0.0339031	0.0204001	0.00494082	0.00309212	0	3.121465	1.926301	0.1079708	0.8920292	84.39185
2120	15.465	-22.3881	37.8531	0.539658	0.460342	2.087089	0.119453	0.0763467	0.0543191	0.0340684	0.0203324	0.00483301	0.00309904	0	4.168776	1.796828	0.4603419	0.5396581	62.63651
2130	15.2548	-23.4049	38.6597	0.487653	0.512347	1.132683	0.121342	0.0761226	0.0547785	0.0345545	0.0203446	0.00488067	0.00302911	0	3.362142	1.824003	0.5123472	0.4876528	66.68117
2140	14.9253	-22.3566	37.2819	0.709562	0.290438	1.666028	0.12075	0.0744372	0.0547565	0.0343324	0.019956	0.00495897	0.00303315	0	4.739968	1.7472	0.2904385	0.7095615	55.87269
2150	13.9224	-24.4068	38.3292	0.794597	0.205403	6.990296	0.12057	0.0744718	0.0546379	0.0348085	0.0199734	0.0048623	0.00301941	0	3.692635	1.964304	0.2054032	0.7945968	92.10937
2160	15.2932	-22.3685	37.6616	0.406545	0.593455	2.350601	0.120179	0.0761007	0.0543321	0.0349436	0.0207648	0.00498041	0.0030696	0	4.360237	1.759397	0.593455	0.406545	57.46419
2170	14.6221	-25.4811	40.1032	0.318411	0.681589	5.958384	0.120346	0.0741558	0.0538653	0.0351904	0.0202208	0.00490348	0.00309311	0	1.918604	1.948263	0.6815888	0.3184112	88.76927
2180	16.3033	-21.416	37.7194	0.689763	0.310237	4.694632	0.121328	0.0728272	0.054757	0.0351517	0.0206004	0.00480634	0.00311911	0	4.302455	1.996761	0.3102368	0.6897632	99.25686
2190	13.6993	-20.3605	34.0598	0.470948	0.529052	4.156302	0.120069	0.0743552	0.0546483	0.0345152	0.0208678	0.00482775	0.00307758	0	7.962003	1.891164	0.5290519	0.4709481	77.83306
2200	15.0002	-20.7778	35.7781	0.818086	0.181914	2.539982	0.12036	0.0753763	0.0542978	0.03428	0.0204444	0.00488558	0.00300621	0	6.243765	1.881345	0.1819141	0.8180859	76.09312
2210	15.6286	-23.0758	38.7043	0.331027	0.668973	1.324811	0.119158	0.07638	0.0549049	0.033959	0.0202121	0.00476079	0.0030768	0	3.317505	1.881277	0.6689725	0.3310275	76.08113
2220	14.605	-20.7491	35.3541	0.150285	0.849715	2.023426	0.1186	0.0762133	0.052701	0.0340238	0.0200964	0.00475984	0.00314763	0	6.667764	1.83619	0.8497148	0.1502852	68.57889
2230	15.8393	-23.9328	39.772	0.952551	0.0474485	2.158266	0.11944	0.0757359	0.0536219	0.0341995	0.0201158	0.00485027	0.00313883	0	2.249834	1.959355	0.04744853	0.9525515	91.06575
2240	15.9484	-21.7897	37.7381	0.0163788	0.983621	4.921937	0.117591	0.0757359	0.0548785	0.0344596	0.0205462	0.00480733	0.00312959	0	4.283763	1.943041	0.9836212	0.01637877	87.70832
2250	13.7475	-24.6465	38.394	0.623116	0.376884	3.730236	0.116392	0.0748158	0.0548696	0.0341394	0.0202306	0.00475777	0.00307746	0	3.627823	1.639507	0.3768835	0.6231165	43.6021
2260	15.9302	-23.0874	39.0176	0.348226	0.651774	1.868576	0.119795	0.0737109	0.0530911	0.0345799	0.0206147	0.00477096	0.00305478	0	3.004282	1.898753	0.651774	0.348226	79.20499
2270	14.8438	-25.106	39.9498	0.577404	0.422596	4.094983	0.119117	0.0731101	0.0528429	0.0350931	0.0202831	0.00476227	0.00311787	0	2.072025	1.822162	0.4225964	0.5774036	66.39904
2280	15.9217	-23.0356	38.9572	0.486395	0.513605	1.526883	0.116321	0.073408	0.054614	0.0342607	0.0200485	0.00475515	0.00312918	0	3.0646	1.947037	0.5136054	0.4863946	88.51919
2290	15.3772	-20.3147	35.692	0.0274325	0.972568	4.601636	0.118827	0.0745711	0.0526016	0.0342934	0.0198892	0.0048558	0.00302887	0	6.329882	1.99897	0.9725675	0.02743247	99.76318
2300	15.6893	-22.7787	38.468	0.356658	0.643342	1.128246	0.116401	0.0764933	0.0533729	0.0342745	0.020369	0.00499647	0.00303399	0	3.553855	1.924815	0.6433422	0.3566578	84.10371
2310	16.2009	-21.4225	37.6235	0.370457	0.629543	3.031429	0.117454	0.0744339	0.0536359	0.0345478	0.0199594	0.00476322	0.00300578	0	4.398363	1.934518	0.6295425	0.3704575	86.0039
2320	16.5419	-23.2012	39.7431	0.0881522	0.911848	4.211287	0.119732	0.076388	0.0543701	0.0355134	0.0203674	0.00476623	0.00302637	0	2.278735	1.988678	0.9118478	0.08815218	97.42669
2330	15.1463	-22.1477	37.294	0.318554	0.681446	1.105142	0.119673	0.0756553	0.0543074	0.035542	0.0203986	0.00493283	0.0031169	0	4.727866	1.817818	0.6814456	0.3185544	65.7382
2340	15.4354	-21.5525	36.988	0.971693	0.0283067	2.639899	0.119814	0.0758424	0.0539115	0.035323	0.0205042	0.0049691	0.00315322	0	5.033889	1.837652	0.02830667	0.9716933	68.81012
2350	14.7787	-21.4141	36.1928	0.680757	0.319243	0.926755	0.119749	0.0752629	0.053196	0.0351394	0.0206852	0.00495648	0.0031393	0	5.82909	1.874873	0.3192427	0.6807573	74.96753
2360	11.5242	-28.3784	39.9026	0.116939	0.883061	1.282384	0.120877	0.0763379	0.0522985	0.0353594	0.0207739	0.00480214	0.00307473	0	2.119286	1.319008	0.8830609	0.1169391	20.84529
2370	14.9271	-22.8329	37.7599	0.392625	0.607375	0.740429	0.120588	0.0743616	0.0527422	0.035177	0.0201754	0.00487692	0.00307738	0	4.261899	1.799903	0.6073746	0.3926254	63.08166
2380	12.5934	-21.2017	33.7951	0.732389	0.267611	0.5586939	0.119914	0.073051	0.0528843	0.034721	0.0206993	0.00488521	0.00303017	0	8.226776	1.712394	0.2676113	0.7323887	51.56964
2390	14.4903	-23.6873	38.1776	0.532752	0.467248	0.5265202	0.118856	0.0740518	0.0522976	0.0350782	0.0205062	0.00476926	0.00300359	0	3.844272	1.742151	0.4672483	0.5327517	55.22694
2400	11.7635	-20.1155	31.8791	0.461173	0.538827	0.2588357	0.119489	0.0739737	0.0528557	0.0355455	0.0200519	0.00484919	0.0030435	0	10.14279	1.928704	0.538827	0.461173	84.86023
2410	13.9783	-26.5859	40.5642	0.172564	0.827436	1.039575	0.117841	0.074751	0.0522048	0.0351136	0.0204583	0.00483694	0.00308643	0	1.457653	1.948771	0.8274356	0.1725644	88.87318
2420	12.537	-23.1455	35.6825	0.298887	0.701113	3.198466	0.116876	0.0757413	0.0526318	0.0347842	0.0203531	0.0047582	0.0031318	0	6.339343	1.556474	0.7011134	0.2988866	36.01425
2430	16.175	-22.7472	38.9222	0.0288586	0.971141	1.966002	0.116323	0.0736625	0.0525695	0.0341081	0.0208933	0.00486539	0.00310266	0	3.099685	1.907395	0.9711414	0.02885855	80.79696
2440	16.5533	-21.2659	37.8193	0.125099	0.874901	4.433105	0.121072	0.0747921	0.0523657	0.033847	0.0208809	0.00488212	0.00311117	0	4.202583	1.993961	0.8749007	0.1250993	98.61906
2450	16.4769	-21.7167	38.1936	0.510515	0.489485	2.655599	0.121264	0.0749611	0.0541879	0.0341976	0.0204196	0.00488216	0.00311727	0	3.828242	1.964897	0.4894852	0.5105148	92.23531
2460	15.1668	-22.55	37.7167	0.881162	0.118838	2.161127	0.119949	0.0752292	0.0531284	0.0346573	0.0205681	0.00487975	0.00301807	0	4.305111	1.765397	0.1188384	0.8811616	58.2635
2470	11.6876	-27.1973	38.8849	0.664444	0.335556	3.178546	0.11903	0.0763493	0.0527113	0.0351986	0.02073	0.00479675	0.00305187	0	3.13698	1.437878	0.3355557	0.6644443	27.40803
2480	12.4112	-22.0297	34.4408	0.712911	0.287089	5.177159	0.120078	0.0755083	0.0522061	0.0354405	0.0207593	0.00475443	0.00302266	0	7.58102	1.798837	0.2870888	0.7129112	62.92694
2490	15.5619	-20.7517	36.3136	0.267888	0.732112	3.439617	0.117284	0.075859	0.0529217	0.035296	0.0208516	0.00483254	0.00300298	0	5.708208	1.925957	0.7321125	0.2678875	84.32514
2500	15.7298	-22.5224	38.2521	0.547802	0.452198	3.239003	0.118232	0.0754245	0.0526877	0.0345395	0.0206547	0.0049665	0.00301668	0	3.769744	1.827366	0.4521977	0.5478023	67.19954
2510	13.8055	-23.1411	36.9466	0.420671	0.579329	3.633808	0.116196	0.0764694	0.0521942	0.0344631	0.0206966	0.00480116	0.0031067	0	5.075283	1.658515	0.5793291	0.4206709	45.55281
2520	16.5292	-21.6832	38.2124	0.0774618	0.922538	2.760858	0.117596	0.0751946	0.0542926	0.0345054	0.0207542	0.00487747	0.00314808	0	3.809411	1.946633	0.9225382	0.07746181	88.43674
2530	13.3297	-25.0091	38.3387	0.712818	0.287182	0.8994425	0.118078	0.075146	0.052818	0.0348253	0.0202865	0.00475397	0.00307184	0	3.683101	1.517101	0.2871818	0.7128182	32.8928
2540	15.0223	-22.5131	37.5354	0.758313	0.241687	3.944614	0.117729	0.0747455	0.0536251	0.0340193	0.0209074	0.00481917	0.00309253	0	4.486399	1.797984	0.2416874	0.7583126	62.80353
2550	12.1185	-26.5013	38.6198	0.377534	0.622466	3.905105	0.115899	0.0728737	0.0537176	0.0340685	0.020902	0.00477056	0.0031528	0	3.402017	1.502848	0.6224662	0.3775338	31.83087
2560	16.5069	-22.0719	38.5788	0.173482	0.826518	3.119246	0.118701	0.0742715	0.0548618	0.0345272	0.0208051	0.00476769	0.00305432	0	3.443037	1.938355	0.8265176	0.1734824	86.76713
2570	15.57	-24.462	40.032	0.0795013	0.920499	1.732216	0.118305	0.073823	0.0543114	0.0341933	0.0208501	0.00477645	0.00314811	0	1.989843	1.949151	0.9204987	0.07950132	88.95107
2580	16.02	-21.519	37.539	0.791349	0.208651	5.116187	0.116168	0.072908	0.0544948	0.0347181	0.020258	0.00482092	0.00310688	0	4.48284	1.997282	0.2086514	0.7913486	99.37615
2590	13.7339	-21.6865	35.4204	0.159251	0.840749	4.17366	0.115795	0.0729411	0.0538194	0.0352814	0.0202027	0.00480496	0.00314007	0	6.601471	1.765873	0.8407487	0.1592513	58.32748
2600	16.2589	-22.9287	39.1876	0.952975	0.0470255	2.031499	0.115834	0.0743547	0.0531368	0.0353013	0.0200735	0.00477418	0.00314558	0	2.834275	1.996683	0.04702545	0.9529745	99.23906
2610	13.2658	-26.3322	39.598	0.826581	0.173419	2.404523	0.118819	0.0734411	0.0543094	0.0347354	0.0200598	0.00477344	0.00304378	0	2.423836	1.577493	0.1734189	0.8265811	37.80007
2620	15.0409	-21.6087	36.6496	0.778815	0.221185	1.708504	0.116769	0.072941	0.0530145	0.0339381	0.0208503	0.00478376	0.00310098	0	5.372238	1.819102	0.2211851	0.7788149	65.93285
2630	16.3527	-22.1855	38.5382	0.407151	0.592849	4.161971	0.115896	0.072804	0.0525771	0.0342264	0.0205781	0.00476768	0.0031118	0	3.483641	1.941384	0.5928494	0.4071506	87.37432
2640	14.722	-20.8008	35.5228	0.0163999	0.9836	5.286685	0.115645	0.0737752	0.052983	0.0340166	0.020114	0.00475028	0.00312958	0	6.499007	1.966682	0.9836001	0.01639985	92.61524
2650	11.3624	-28.6246	39.987	0.977701	0.0222988	3.291833	0.118487	0.0731158	0.0536973	0.0338158	0.0202056	0.00484499	0.00312056	0	2.034829	1.505484	0.02229876	0.9777012	32.02464
2660	15.8077	-23.889	39.6967	0.0368344	0.963166	1.972543	0.12052	0.0727213	0.0537666	0.0347896	0.0203514	0.00480843	0.00311681	0	2.325143	1.88656	0.9631656	0.03683435	77.01223
2670	15.9038	-20.5674	36.4712	0.0469587	0.953041	3.266775	0.117208	0.0743833	0.0522835	0.0349741	0.020205	0.00476377	0.00312759	0	5.550632	1.963715	0.9530413	0.04695872	91.98463
2680	14.9872	-24.502	39.4892	0.308418	0.691582	1.846979	0.120236	0.0751653	0.0524412	0.0353866	0.0199788	0.00484379	0.00314274	0	2.532662	1.733011	0.6915823	0.3084177	54.07676
2690	16.4745	-21.8485	38.3229	0.313662	0.686338	2.793853	0.121442	0.0758983	0.0528502	0.0347277	0.0206096	0.00475666	0.00312986	0	3.698908	1.948736	0.6863385	0.3136615	88.86603
2700	14.9628	-23.0016	37.9644	0.782841	0.217159	4.361415	0.119553	0.0755701	0.0528164	0.0338569	0.020415	0.00480546	0.00308066	0	4.057475	1.810619	0.2171592	0.7828408	64.65745
2710	14.8322	-20.8457	35.6779	0.611815	0.388185	2.409473	0.120676	0.0739735	0.0533683	0.0342797	0.0204498	0.00478282	0.00309666	0	6.343948	1.852697	0.3881852	0.6118148	71.23561
2720	14.6382	-25.9439	40.5821	0.0625237	0.937476	4.051264	0.116246	0.0740556	0.0525238	0.0351725	0.0202493	0.00480693	0.0030892	0	1.439699	1.848201	0.9374763	0.06252369	70.50191
2730	14.6475	-20.1744	34.8219	0.74418	0.25582	2.813632	0.116095	0.0741049	0.0530819	0.0347746	0.0199084	0.00478452	0.00309769	0	7.199974	1.931954	0.2558198	0.7441802	85.49764
2740	15.1954	-22.6597	37.8551	0.274488	0.725512	2.133139	0.117357	0.0744172	0.0540249	0.0339565	0.0204155	0.00480021	0.0031194	0	4.166748	1.733774	0.7255115	0.2744885	54.17186
2750	14.5598	-21.5866	36.1464	0.380013	0.619987	0.9658575	0.121102	0.0736874	0.0545394	0.0340688	0.0203422	0.00475586	0.00314524	0	5.875403	1.809273	0.6199868	0.3800132	64.45736
2760	15.3618	-23.7116	39.0734	0.67112	0.32888	1.06279	0.119198	0.0738822	0.0533771	0.0346647	0.0203697	0.0048177	0.00303971	0	2.948455	1.90779	0.3288799	0.6711201	80.87046
2770	12.3159	-28.3764	40.6923	0.789138	0.210862	0.4932689	0.120284	0.0733374	0.0530776	0.0354863	0.0206647	0.00483034	0.00305316	0	1.32955	1.878031	0.2108622	0.7891378	75.51455
2780	15.4156	-22.9405	38.3561	0.637768	0.362232	1.146639	0.11943	0.073786	0.0536916	0.0350059	0.0201036	0.00487007	0.00304898	0	3.665742	1.864156	0.3622323	0.6377677	73.14025
2790	13.5994	-21.4603	35.0597	0.258936	0.741064	3.511383	0.119358	0.0738659	0.0529632	0.0338491	0.0199011	0.00496542	0.00302016	0	6.962185	1.735623	0.7410642	0.2589358	54.40297
2800	15.331	-20.837	36.168	0.375728	0.624272	2.008559	0.117415	0.0755931	0.052978	0.0346019	0.0201142	0.00492693	0.00301054	0	5.853843	1.913081	0.6242723	0.3757277	81.86171
2810	15.6777	-21.6399	37.3176	0.348608	0.651392	4.318166	0.118235	0.0732132	0.0530532	0.0353737	0.0204854	0.00490368	0.00309427	0	4.704295	1.897693	0.6513925	0.3486075	79.01197
2820	16.2308	-21.3647	37.5955	0.856827	0.143173	2.118727	0.118116	0.0736545	0.0525692	0.0341731	0.0200057	0.00492306	0.00313974	0	4.426328	1.985347	0.1431729	0.8568271	96.68241
2830	15.4486	-21.9488	37.3974	0.743853	0.256147	0.8810969	0.116355	0.0764951	0.0538344	0.03392	0.0207894	0.00477445	0.00309757	0	4.624456	1.970523	0.2561471	0.7438529	93.43798
2840	15.2162	-24.9089	40.1251	0.130447	0.869553	3.500423	0.117106	0.0764874	0.0523656	0.0346636	0.0201893	0.00496416	0.00313038	0	1.896782	1.81201	0.8695532	0.1304468	64.86496
2850	14.1234	-26.1032	40.2266	0.0778558	0.922144	6.617521	0.11961	0.0757208	0.0523739	0.0344893	0.0201028	0.00480376	0.0031413	0	1.795247	1.972816	0.9221442	0.07785579	93.93255
2860	15.5028	-20.3824	35.8851	0.442303	0.557697	3.310835	0.119097	0.076274	0.0533161	0.0344006	0.0204832	0.00493231	0.00312057	0	6.136712	1.958466	0.5576967	0.4423033	90.87945
2870	16.1443	-23.2059	39.3502	0.416701	0.583299	1.77493	0.116365	0.076054	0.0523327	0.0340661	0.0200149	0.00499189	0.00303688	0	2.671645	1.993031	0.5832985	0.4167015	98.4082
2880	14.7113	-23.6986	38.4099	0.175039	0.824961	1.418381	0.120193	0.0753888	0.0531512	0.0350805	0.0200035	0.00477566	0.00310295	0	3.611959	1.655726	0.8249613	0.1750387	45.26117
2890	15.875	-22.988	38.863	0.753889	0.246111	3.391744	0.116368	0.072746	0.0540743	0.0338334	0.0200418	0.00481814	0.00314772	0	3.158855	1.857251	0.2461106	0.7538894	71.98654
2900	15.7617	-21.5671	37.3288	0.343777	0.656223	1.310329	0.115556	0.07326	0.0526603	0.0348945	0.0200329	0.00483207	0.00315089	0	4.693008	1.968641	0.6562225	0.3437775	93.03393
2910	14.0213	-23.5436	37.5648	0.263736	0.736264	2.541787	0.117445	0.0728374	0.0542388	0.0343285	0.0207856	0.00478813	0.00306322	0	4.457008	1.591837	0.7362641	0.2637359	39.06943
2920	15.4669	-24.8468	40.3137	0.675852	0.324148	3.131152	0.116404	0.0750847	0.0535687	0.0343115	0.0200969	0.00477711	0.00310046	0	1.708137	1.9365	0.3241483	0.6758517	86.39725
2930	15.4117	-21.2046	36.6163	0.397209	0.602791	1.294879	0.117702	0.0753692	0.0539881	0.0340032	0.0202976	0.00482467	0.00309794	0	5.405562	1.951312	0.602791	0.397209	89.39479
2940	15.6722	-21.5107	37.1828	0.175393	0.824607	1.470654	0.119912	0.0748993	0.0522951	0.0354448	0.0200168	0.0048448	0.00301092	0	4.839021	1.928393	0.8246074	0.1753926	84.7995
2950	15.3441	-21.86	37.2041	0.352649	0.647351	0.7908139	0.117383	0.0730136	0.0530428	0.0344227	0.0208487	0.00477824	0.00302976	0	4.81779	1.966851	0.647351	0.352649	92.65114
2960	14.2539	-26.5043	40.7582	0.877474	0.122526	3.047511	0.119864	0.0729548	0.0531466	0.0355198	0.0208326	0.00475589	0.00302212	0	1.26362	1.922275	0.1225261	0.8774739	83.61326
2970	16.0703	-21.5316	37.6019	0.463391	0.536609	1.839793	0.117947	0.0739229	0.0527202	0.0338641	0.0207262	0.00487218	0.00301825	0	4.419986	1.969412	0.536609	0.463391	93.19915
2980	14.2376	-26.4609	40.6985	0.157318	0.842682	2.962559	0.120945	0.0759508	0.0532145	0.0354262	0.0205935	0.00475454	0.00310152	0	1.323346	1.807949	0.8426819	0.1573181	64.26121
2990	14.2623	-19.7104	33.9727	0.169359	0.830641	2.643714	0.119236	0.0755636	0.0538731	0.0350791	0.02047	0.00481026	0.00314328	0	8.04917	1.980632	0.8306413	0.1693587	95.63827
3000	16.7309	-22.2129	38.9439	0.0573791	0.942621	2.775364	0.120771	0.0758456	0.053328	0.0345282	0.0208422	0.00494656	0.00315448	0	3.077995	1.972089	0.9426209	0.05737915	93.77533
3010	13.2772	-23.132	36.4092	0.550888	0.449112	4.806406	0.120325	0.0760188	0.0541249	0.0344762	0.0199445	0.00479943	0.00310921	0	5.612631	1.732518	0.4491123	0.5508877	54.01544
3020	13.3446	-20.681	34.0256	0.981136	0.0188643	2.086553	0.120185	0.0756968	0.0523068	0.0343904	0.020319	0.0047675	0.00309743	0	7.996247	1.775168	0.01886432	0.9811357	59.58922
3030	15.703	-21.1436	36.8466	0.469354	0.530646	3.626608	0.118402	0.0737175	0.0533702	0.0350431	0.0205158	0.00478941	0.00301366	0	5.17529	1.912538	0.5306463	0.4693537	81.75942
3040	15.5633	-24.4811	40.0444	0.587874	0.412126	2.612299	0.116718	0.075606	0.0548137	0.0338078	0.0206318	0.00488461	0.00309127	0	1.977429	1.900507	0.4121258	0.5878742	79.52555
3050	16.493	-22.6707	39.1636	0.49708	0.50292	2.609913	0.11829	0.0761628	0.0542119	0.0349459	0.0200761	0.00486766	0.00305008	0	2.858229	1.976203	0.5029196	0.4970804	94.6679
3060	16.5533	-23.0123	39.5656	0.492676	0.507324	3.999442	0.115799	0.0744107	0.0537564	0.0343945	0.0199949	0.00482067	0.00300958	0	2.456278	1.994473	0.5073236	0.4926764	98.7354
3070	14.9836	-23.647	38.6306	0.367776	0.632224	2.319523	0.115851	0.0750688	0.0548879	0.0339049	0.0202635	0.00494219	0.00306633	0	3.391272	1.692291	0.6322243	0.3677757	49.2369
3080	14.0214	-22.1617	36.1831	0.59755	0.40245	3.819189	0.118075	0.0758056	0.0545522	0.0344367	0.0204663	0.00486993	0.00303312	0	5.838702	1.73878	0.4024497	0.5975503	54.79993
3090	15.6944	-21.1846	36.879	0.943632	0.0563675	3.943159	0.116103	0.0728575	0.0543165	0.0352112	0.0198751	0.00485892	0.00307366	0	5.142868	1.925364	0.05636753	0.9436325	84.2101
3100	16.0298	-21.7543	37.7842	0.535726	0.464274	2.201877	0.118662	0.0730824	0.0526414	0.0346714	0.0200672	0.00477218	0.00314101	0	4.237693	1.910991	0.4642745	0.5357255	81.46878
3110	14.8532	-21.3306	36.1838	0.567847	0.432153	2.310004	0.116073	0.074303	0.053262	0.0349608	0.0200362	0.0048725	0.00312144	0	5.838049	1.796031	0.4321535	0.5678465	62.52175
3120	14.5765	-22.0596	36.6361	0.747735	0.252265	6.120743	0.116603	0.0740883	0.0523221	0.0341859	0.02017	0.00483646	0.00306446	0	5.385699	1.974461	0.2522646	0.7477354	94.28898
3130	13.9113	-22.5264	36.4377	0.0458142	0.954186	1.445632	0.115623	0.0755612	0.05398	0.0339839	0.0208547	0.00484895	0.00305655	0	5.584153	1.599167	0.9541858	0.0458142	39.73445
3140	12.8265	-24.5695	37.396	0.490146	0.509854	7.297892	0.121342	0.073096	0.0534685	0.0340282	0.0207387	0.00486543	0.00308763	0	4.62584	1.920107	0.5098541	0.4901459	83.19682
3150	13.9845	-21.4867	35.4712	0.766448	0.233552	3.244091	0.118764	0.0756272	0.053257	0.0348402	0.0205988	0.00476752	0.00307751	0	6.550619	1.753449	0.2335523	0.7664477	56.68255
3160	16.2943	-22.9762	39.2706	0.980142	0.0198584	4.66299	0.120851	0.0763282	0.0522621	0.0344372	0.0205943	0.00482643	0.00311625	0	2.751294	1.982161	0.01985843	0.9801416	95.97572
3170	16.2404	-23.3168	39.5572	0.690437	0.309563	3.30299	0.118967	0.0758653	0.0527569	0.0339962	0.0207957	0.00494227	0.00309705	0	2.464688	1.935285	0.309563	0.690437	86.15593
3180	10.6334	-25.5575	36.1909	0.75191	0.24809	2.018557	0.1187	0.0758205	0.052272	0.0344278	0.0206291	0.00494328	0.00315516	0	5.83095	1.303683	0.2480899	0.7519101	20.12254
3190	15.7869	-22.0239	37.8108	0.652694	0.347306	1.991017	0.117128	0.0744559	0.052625	0.0350138	0.0203802	0.00488189	0.00306099	0	4.21104	1.873569	0.3473056	0.6526944	74.74279
3200	15.1777	-21.7019	36.8796	0.953269	0.0467313	2.004003	0.118279	0.0749524	0.0527941	0.0347084	0.0206385	0.00495565	0.00300341	0	5.142206	1.818629	0.04673128	0.9532687	65.8611
3210	15.5507	-21.3419	36.8926	0.580912	0.419088	5.214055	0.121472	0.0734123	0.0528899	0.0352615	0.020669	0.00498141	0.00309904	0	5.129229	1.972431	0.4190879	0.5809121	93.84925
3220	15.8799	-20.95	36.8299	0.232631	0.767369	3.277234	0.120457	0.0735032	0.052977	0.0355611	0.0198907	0.00487325	0.00310355	0	5.191937	1.922449	0.7673693	0.2326307	83.64669
3230	11.7195	-23.9403	35.6598	0.0545909	0.945409	3.150596	0.11782	0.0735957	0.0542273	0.0350541	0.0202417	0.00487278	0.00303429	0	6.362071	1.4678	0.9454091	0.05459087	29.36294
3240	16.1155	-21.7259	37.8415	0.590439	0.409561	1.853979	0.117185	0.0742673	0.052262	0.0353008	0.0203488	0.00484369	0.00305752	0	4.180375	1.965709	0.4095609	0.5904391	92.40787
3250	15.1579	-20.4118	35.5697	0.658078	0.341922	3.013159	0.115559	0.0751322	0.0542959	0.0353142	0.0201809	0.00481825	0.00308274	0	6.452146	1.936212	0.3419217	0.6580783	86.33994
3260	15.1407	-21.738	36.8787	0.202081	0.797919	2.23424	0.116203	0.0740482	0.0527873	0.0340004	0.0205756	0.00487539	0.00311666	0	5.143163	1.773126	0.7979195	0.2020805	59.30968
3270	14.5477	-25.2266	39.7744	0.0357101	0.96429	3.158086	0.117332	0.0741126	0.0541124	0.034262	0.0207096	0.00485318	0.00307522	0	2.247468	1.680119	0.9642899	0.03571007	47.8761
3280	13.6899	-27.2776	40.9675	0.386595	0.613405	3.162716	0.118324	0.0740636	0.0536649	0.0339794	0.0202902	0.00481676	0.00313751	0	1.054379	1.870679	0.6134052	0.3865948	74.24705
3290	16.215	-23.52	39.735	0.0453457	0.954654	3.563766	0.120482	0.0731881	0.0539348	0.0346688	0.0207045	0.00484326	0.00313577	0	2.286893	1.90678	0.9546543	0.04534573	80.68266
3300	11.4642	-19.8482	31.3125	0.779129	0.220871	5.121765	0.119777	0.0728859	0.0547076	0.0347236	0.0208187	0.00487475	0.00310297	0	10.70939	1.953059	0.2208705	0.7791295	89.75504
3310	15.1566	-23.5515	38.7081	0.600484	0.399516	3.394037	0.121284	0.0727993	0.0540153	0.0340243	0.0206871	0.00477299	0.00314796	0	3.313726	1.759008	0.3995164	0.6004836	57.4127
3320	14.9621	-25.6195	40.5815	0.22305	0.77695	2.233273	0.118952	0.0729534	0.0547439	0.0339288	0.0204904	0.0048261	0.00311094	0	1.440309	1.943828	0.7769498	0.2230502	87.86751
3330	16.3796	-20.8377	37.2173	0.393921	0.606079	3.885027	0.120858	0.0753891	0.0537305	0.0345517	0.0202766	0.00487046	0.00312556	0	4.804531	1.999633	0.6060793	0.3939207	99.91543
3340	15.7236	-20.4252	36.1488	0.142528	0.857472	3.174858	0.120754	0.075655	0.0547806	0.034326	0.0202779	0.00492191	0.00315119	0	5.873068	1.962152	0.8574716	0.1425284	91.6542
3350	14.9002	-22.379	37.2792	0.870186	0.129814	5.668705	0.120636	0.0743345	0.0542256	0.035	0.0199575	0.00487014	0.00313727	0	4.742609	1.932377	0.129814	0.870186	85.58096
3360	16.2781	-21.1906	37.4687	0.083794	0.916206	2.167525	0.117684	0.0736278	0.054382	0.035233	0.0201207	0.00479948	0.00313672	0	4.553159	1.984962	0.916206	0.08379402	96.59653
3370	15.3284	-23.0929	38.4214	0.327581	0.672419	3.703156	0.116491	0.0737653	0.0547325	0.034832	0.0204042	0.00475377	0.0031027	0	3.600495	1.785326	0.6724189	0.3275811	60.99946
3380	16.4225	-21.3267	37.7492	0.301928	0.698072	4.204753	0.115838	0.0759421	0.0539246	0.0349301	0.0202429	0.00498551	0.00301867	0	4.272657	1.97682	0.6980724	0.3019276	94.80247
3390	13.16	-25.5948	38.7548	0.0133666	0.986633	5.409042	0.119772	0.0753532	0.0538323	0.0339594	0.0203125	0.00489071	0.0031135	0	3.267047	1.704916	0.9866334	0.01336662	50.68929
3400	15.1969	-23.1704	38.3674	0.874356	0.125644	0.4089288	0.11742	0.0748232	0.054306	0.0341824	0.0203243	0.00481676	0.00313194	0	3.654481	1.997431	0.1256444	0.8743556	99.41032
3410	14.9426	-20.7477	35.6903	0.269441	0.730559	1.222726	0.118869	0.0750154	0.0528519	0.0346648	0.0203479	0.00478313	0.00315715	0	6.331576	1.956295	0.7305591	0.2694409	90.42642
3420	14.9068	-21.3353	36.2421	0.997913	0.00208699	5.531724	0.117361	0.0733365	0.0543413	0.0348868	0.0207576	0.00492244	0.00308192	0	5.779745	1.970739	0.002086986	0.997913	93.48433
3430	14.5439	-20.7999	35.3438	0.177675	0.822325	1.533716	0.116933	0.0727997	0.0544304	0.0354348	0.0202274	0.00499696	0.00314232	0	6.678015	1.842416	0.8223246	0.1776754	69.56898
3440	16.1248	-23.5271	39.6518	0.418901	0.581099	3.036031	0.118125	0.0760828	0.0525093	0.0340879	0.0205853	0.00486607	0.00304112	0	2.37001	1.917946	0.5810987	0.4189013	82.78397
3450	16.0739	-21.3854	37.4593	0.975853	0.024147	2.409014	0.118009	0.0746341	0.0527547	0.0346827	0.0208141	0.00483306	0.00308617	0	4.562593	1.946558	0.024147	0.975853	88.42161
3460	16.0057	-22.6507	38.6563	0.0596375	0.940362	4.742531	0.117441	0.0736964	0.0544908	0.0351516	0.0206771	0.00486677	0.00301121	0	3.365507	1.917619	0.9403625	0.05963754	82.72168
3470	15.6999	-24.397	40.0969	0.443641	0.556359	5.123802	0.120625	0.0736158	0.0532367	0.0355722	0.0205966	0.00479883	0.00301477	0	1.924982	1.991935	0.5563588	0.4436412	98.16014
3480	15.9679	-23.9171	39.885	0.557333	0.442667	4.445279	0.119714	0.0753102	0.0526149	0.0351147	0.0208527	0.00476751	0.00315129	0	2.136891	1.956207	0.4426666	0.5573334	90.4081
3490	10.8023	-24.8565	35.6588	0.897118	0.102882	8.023934	0.121279	0.0734822	0.0546425	0.0349799	0.0208185	0.00492707	0.00313518	0	6.362998	1.913919	0.1028817	0.8971183	82.01991
3500	15.8775	-21.9068	37.7844	0.498825	0.501175	3.0943	0.119312	0.0750521	0.0537934	0.0345526	0.0208771	0.00484386	0.00310507	0	4.237487	1.860847	0.5011746	0.4988254	72.58496
3510	15.0826	-22.1913	37.2739	0.885242	0.114758	0.715725	0.117195	0.0734905	0.0526232	0.0352626	0.0206995	0.00490657	0.00312638	0	4.747959	1.896344	0.1147583	0.8852417	78.76696
3520	12.6386	-20.7755	33.4141	0.916167	0.0838331	4.939731	0.118794	0.0728888	0.0548898	0.0339153	0.0209023	0.00499661	0.00309979	0	8.607774	1.870056	0.08383313	0.9161669	74.14061
3530	14.1023	-19.8656	33.968	0.147643	0.852357	3.885677	0.116457	0.0735105	0.0522997	0.0337999	0.0207794	0.00477028	0.00307535	0	8.053875	1.95836	0.8523571	0.1476429	90.85724
3540	16.2526	-21.3952	37.6478	0.311703	0.688297	3.126878	0.117608	0.0761187	0.053513	0.0342019	0.0200497	0.00498464	0.00302138	0	4.374055	1.929289	0.688297	0.311703	84.97461
3550	13.785	-23.202	36.987	0.518252	0.481748	3.151926	0.119386	0.0756185	0.0542776	0.0342293	0.0201736	0.00496642	0.00308087	0	5.034857	1.623707	0.4817478	0.5182522	42.04433
3560	16.4622	-20.8554	37.3176	0.250522	0.749478	3.554034	0.117702	0.0762468	0.0540102	0.0342397	0.0202118	0.00489871	0.00312384	0	4.704198	1.996677	0.749478	0.250522	99.23786
3570	15.532	-22.3154	37.8474	0.151308	0.848692	2.513279	0.117382	0.0734584	0.0531558	0.0350052	0.0205524	0.00485414	0.00312178	0	4.174443	1.777488	0.8486922	0.1513078	59.90842
3580	16.1393	-22.3547	38.494	0.725953	0.274047	4.88025	0.117512	0.073098	0.0537607	0.0348936	0.0200819	0.00475557	0.00311074	0	3.527885	1.967687	0.2740469	0.7259531	92.82974
3590	14.6303	-23.0003	37.6306	0.774562	0.225438	0.6399329	0.11646	0.0734731	0.0525013	0.0350562	0.0199571	0.00488033	0.00308207	0	4.391207	1.768193	0.2254378	0.7745622	58.63986
3600	14.9073	-25.5623	40.4696	0.0908107	0.909189	2.248135	0.116927	0.0744047	0.0529361	0.0344367	0.0199119	0.0048166	0.00303919	0	1.552257	1.862353	0.9091893	0.09081066	72.83708
3610	14.1842	-23.2492	37.4334	0.673865	0.326135	0.7299421	0.117723	0.0756963	0.0532875	0.0340007	0.0201845	0.00487904	0.00302933	0	4.588431	1.666433	0.3261347	0.6738653	46.39095
3620	15.4419	-23.9934	39.4353	0.230074	0.769926	1.727006	0.116294	0.0754337	0.054597	0.0340557	0.0206263	0.00483127	0.0031323	0	2.586542	1.817303	0.7699259	0.2300741	65.66034
3630	15.8498	-23.5346	39.3845	0.220426	0.779574	1.443769	0.115541	0.075766	0.0542197	0.0340707	0.0205424	0.004885	0.00312278	0	2.637379	1.961678	0.7795743	0.2204257	91.5542
3640	14.211	-22.593	36.8039	0.437977	0.562023	5.710553	0.115671	0.0737796	0.0540465	0.0351805	0.020834	0.00482375	0.00310056	0	5.217939	1.882891	0.5620226	0.4379774	76.36436
3650	15.3822	-21.7769	37.159	0.436131	0.563869	5.573884	0.117352	0.0756051	0.0542179	0.0353735	0.0206221	0.00478066	0.0030448	0	4.862804	1.974442	0.5638689	0.4361311	94.28482
3660	14.885	-24.6407	39.5257	0.698081	0.301919	0.5667828	0.115594	0.0753758	0.0542014	0.0339792	0.0207227	0.00479721	0.00306377	0	2.49612	1.998196	0.3019187	0.6980813	99.58551
3670	15.8862	-23.6701	39.5563	0.641795	0.358205	4.47703	0.117031	0.0759712	0.0530314	0.0338097	0.0201481	0.00490381	0.00303639	0	2.465512	1.929942	0.3582048	0.6417952	85.10244
3680	13.8518	-26.8638	40.7156	0.357759	0.642241	1.568508	0.117591	0.0758095	0.0522682	0.0342291	0.0199625	0.00496366	0.00306975	0	1.306226	1.888363	0.6422411	0.3577589	77.33271
3690	16.5431	-21.8431	38.3862	0.721061	0.278939	4.49064	0.116077	0.0746424	0.0528113	0.0354595	0.0200989	0.00485821	0.00308527	0	3.635622	1.99518	0.2789393	0.7210607	98.89638
3700	16.6238	-22.1436	38.7674	0.341784	0.658216	2.909244	0.119583	0.0740495	0.053133	0.0347206	0.020591	0.00490017	0.00311938	0	3.254427	1.964618	0.6582162	0.3417838	92.17598
3710	15.9988	-21.8476	37.8464	0.538481	0.461519	2.265152	0.117194	0.0734612	0.0541888	0.0340722	0.0203684	0.00489615	0.0030114	0	4.175443	1.900711	0.4615194	0.5384806	79.5629
3720	14.5122	-23.3495	37.8618	0.931709	0.0682912	3.948865	0.118023	0.0755715	0.05489	0.0349738	0.0201694	0.0047871	0.00304278	0	4.160091	1.743801	0.06829123	0.9317088	55.43715
3730	15.9244	-22.1517	38.0761	0.180173	0.819827	2.316398	0.118882	0.0759348	0.0545093	0.03432	0.0208358	0.00495334	0.00303363	0	3.945742	1.848282	0.8198268	0.1801732	70.51503
3740	15.246	-22.0684	37.3144	0.306314	0.693686	2.213126	0.116806	0.0758207	0.054071	0.0339513	0.0206187	0.00495719	0.00305964	0	4.707411	1.767358	0.6936862	0.3063138	58.52727
3750	15.0303	-23.6697	38.7	0.0230657	0.976934	0.2599132	0.117003	0.0741515	0.0543246	0.0338842	0.0208172	0.00476345	0.00311538	0	3.321821	1.96581	0.9769343	0.02306567	92.42944
3760	15.9391	-21.0531	36.9922	0.0625052	0.937495	1.790959	0.116898	0.0746427	0.0523649	0.0346228	0.0206841	0.00478514	0.00312691	0	5.02963	1.982233	0.9374948	0.0625052	95.99159
3770	15.0799	-23.6589	38.7388	0.749951	0.250049	0.3698624	0.11592	0.0764097	0.0526919	0.0345055	0.0204528	0.00476901	0.00312988	0	3.283044	1.994256	0.250049	0.749951	98.68612
3780	14.6408	-21.8159	36.4567	0.770271	0.229729	0.6657055	0.11637	0.0754008	0.0536204	0.0338351	0.0204857	0.00477808	0.003067	0	5.565152	1.860279	0.2297291	0.7702709	72.49023
3790	13.2616	-24.321	37.5826	0.454132	0.545868	0.2337433	0.11578	0.0758138	0.0525821	0.0342609	0.0201575	0.00478105	0.00311405	0	4.439279	1.524856	0.5458678	0.4541322	33.4854
3800	13.4348	-21.617	35.0518	0.854211	0.145789	0.05477352	0.115879	0.073062	0.0525887	0.0350067	0.0205264	0.00478763	0.00310526	0	6.97003	1.82299	0.1457889	0.8542111	66.52573
3810	12.7703	-21.3722	34.1425	0.466316	0.533684	0.1229219	0.115567	0.0742064	0.0533428	0.0354876	0.0204687	0.00477518	0.00305257	0	7.879379	1.755564	0.533684	0.466316	56.95917
3820	14.0822	-22.4706	36.5528	0.683765	0.316235	0.2298103	0.117332	0.0743017	0.0537029	0.0346222	0.0201476	0.00487466	0.00310787	0	5.469024	1.767803	0.3162355	0.6837645	58.5872
3830	11.1382	-19.9342	31.0725	0.119943	0.880057	0.2332937	0.118179	0.0760263	0.0542814	0.0347455	0.0203273	0.00493873	0.00311673	0	10.94938	1.916556	0.8800569	0.1199431	82.51948
3840	12.993	-21.2194	34.2124	0.866388	0.133612	4.433903	0.115727	0.074172	0.0541196	0.0342495	0.0201878	0.00499056	0.00304661	0	7.809444	1.806175	0.1336124	0.8663876	63.99922
3850	16.1219	-21.4406	37.5626	0.714439	0.285561	3.095256	0.117562	0.0745913	0.0534271	0.0345522	0.0200533	0.00492033	0.00302707	0	4.459283	1.926112	0.2855612	0.7144388	84.35526
3860	16.3816	-22.6906	39.0722	0.0601769	0.939823	5.202001	0.116043	0.0740697	0.0542106	0.035029	0.0201167	0.00497749	0.00308249	0	2.949629	1.991488	0.9398231	0.06017694	98.05909
3870	16.3844	-21.293	37.6774	0.779322	0.220678	2.717436	0.119817	0.0748361	0.0545833	0.0354626	0.0200646	0.00497005	0.00311089	0	4.344411	1.97752	0.2206778	0.7793222	94.95545
3880	15.9828	-23.1613	39.1442	0.283606	0.716394	3.049737	0.118183	0.0732309	0.0545219	0.0354811	0.020463	0.00488266	0.00314866	0	2.877695	1.846696	0.7163937	0.2836063	70.258
3890	16.0974	-21.7484	37.8458	0.362726	0.637274	4.023028	0.116413	0.0736884	0.0527491	0.035026	0.0203811	0.00482157	0.00315682	0	4.176045	1.913214	0.6372739	0.3627261	81.88691
3900	15.1749	-24.6437	39.8187	0.388038	0.611962	2.610157	0.116534	0.0738152	0.0526648	0.0350734	0.0198976	0.00487982	0.00309969	0	2.203196	1.784608	0.6119616	0.3880384	60.89869
3910	16.327	-21.0773	37.4043	0.707628	0.292372	2.897472	0.119101	0.074701	0.05228	0.0350351	0.0199661	0.00480516	0.00307442	0	4.617559	1.98645	0.2923722	0.7076278	96.92811
3920	15.5808	-23.966	39.5468	0.325639	0.674361	3.97476	0.11982	0.0746924	0.0541765	0.0341795	0.0204122	0.00477938	0.00304455	0	2.475048	1.852819	0.6743612	0.3256388	71.25565
3930	14.3345	-22.0597	36.3942	0.0169494	0.983051	5.220689	0.120387	0.0761477	0.0546313	0.0339346	0.0205398	0.00480057	0.00306294	0	5.627651	1.859486	0.9830506	0.01694941	72.35792
3940	15.3344	-22.6142	37.9486	0.675071	0.324929	1.044068	0.121491	0.0741021	0.0547064	0.0339997	0.0203462	0.00478393	0.00303893	0	4.073205	1.87133	0.324929	0.675071	74.35831
3950	14.0361	-26.042	40.0781	0.268851	0.731149	2.529723	0.118935	0.0756845	0.0535929	0.0345052	0.020014	0.00485122	0.00311484	0	1.94371	1.654272	0.7311487	0.2688513	45.10991
3960	15.9836	-21.8859	37.8695	0.579649	0.420351	1.815976	0.116288	0.0750191	0.0523631	0.0346165	0.0199581	0.00486433	0.00301834	0	4.152317	1.933194	0.4203508	0.5796492	85.74211
3970	14.6796	-25.5869	40.2665	0.0843801	0.91562	2.00794	0.116424	0.0759286	0.0526237	0.0340957	0.0199637	0.00479011	0.00301336	0	1.755304	1.778034	0.9156199	0.08438013	59.98377
3980	15.8854	-24.1377	40.0231	0.682454	0.317546	3.335054	0.118551	0.0762401	0.0524086	0.0352526	0.0201628	0.00486305	0.00314008	0	1.99877	1.93534	0.3175459	0.6824541	86.16681
3990	15.6123	-23.5575	39.1698	0.204551	0.795449	1.802624	0.119734	0.0743483	0.0545537	0.0339462	0.0200829	0.00484234	0.00304835	0	2.85206	1.825537	0.7954487	0.2045513	66.91703
4000	16.1893	-22.5278	38.7171	0.15535	0.84465	3.094533	0.120369	0.0738261	0.0544637	0.0341188	0.0202801	0.00486027	0.00304885	0	3.304716	1.872914	0.8446496	0.1553504	74.63017
4010	11.7283	-23.9396	35.668	0.543996	0.456004	5.276045	0.1209	0.0734446	0.0540886	0.0342969	0.0200162	0.00477082	0.00307642	0	6.353888	1.681615	0.4560041	0.5439959	48.0413
4020	16.0388	-22.8173	38.8561	0.161569	0.838431	4.296335	0.119098	0.0748707	0.0528445	0.034293	0.0200279	0.00482426	0.00306498	0	3.16574	1.895963	0.8384308	0.1615692	78.69781
4030	15.519	-21.8458	37.3648	0.11784	0.88216	1.289011	0.120006	0.0750087	0.0531139	0.0341124	0.0204222	0.00485688	0.00304806	0	4.657057	1.883934	0.8821601	0.1178399	76.54811
4040	15.3189	-23.2204	38.5393	0.387937	0.612063	1.766893	0.121144	0.0737522	0.0522838	0.0348595	0.0199913	0.00495991	0.00314809	0	3.482557	1.753351	0.6120626	0.3879374	56.66968
4050	14.501	-20.4367	34.9377	0.487157	0.512843	3.81413	0.120825	0.0745905	0.0525346	0.0347352	0.0206106	0.0049595	0.00309492	0	7.084146	1.897034	0.5128434	0.4871566	78.89215
4060	11.2888	-28.5659	39.8547	0.692762	0.307238	2.14237	0.120217	0.0746374	0.0543454	0.0349682	0.0208811	0.00484486	0.00300682	0	2.167187	1.398171	0.3072377	0.6927623	25.0133
4070	14.656	-20.1759	34.8319	0.439326	0.560674	2.461329	0.119521	0.0747741	0.0543902	0.0338564	0.0207843	0.00477776	0.00313386	0	7.189972	1.930574	0.5606742	0.4393258	85.2264
4080	15.2147	-25.4064	40.6211	0.715986	0.284014	3.44609	0.12014	0.0729604	0.0525235	0.034401	0.0202501	0.00481893	0.00306488	0	1.400706	1.985	0.2840142	0.7159858	96.605
4090	15.841	-20.9949	36.8358	0.483063	0.516937	3.357817	0.119967	0.073497	0.0534226	0.0346233	0.0200296	0.00478722	0.00307482	0	5.185999	1.928858	0.5169367	0.4830633	84.89036
4100	13.1431	-20.4168	33.5599	0.892625	0.107375	3.056699	0.117188	0.0747044	0.0535248	0.0355401	0.0200073	0.00490517	0.00309771	0	8.461937	1.809379	0.1073748	0.8926252	64.47314
4110	16.3744	-22.549	38.9234	0.469313	0.530687	4.104593	0.121341	0.0747388	0.0526247	0.0351492	0.0199563	0.00496878	0.00307927	0	3.098435	1.938768	0.5306873	0.4693127	86.84971
4120	13.7883	-24.0557	37.844	0.249838	0.750162	7.350774	0.119759	0.074051	0.0528271	0.0345844	0.0202849	0.00476135	0.00302272	0	4.177801	1.993133	0.7501619	0.2498381	98.43127
4130	12.4713	-21.3973	33.8685	0.787773	0.212227	1.184546	0.119493	0.0739077	0.0522872	0.0348628	0.0203318	0.00482988	0.00302367	0	8.153342	1.644055	0.2122266	0.7877734	44.06102
4140	13.4195	-23.4772	36.8967	0.623972	0.376028	4.250116	0.119851	0.0740729	0.0534669	0.0344624	0.0203607	0.00482803	0.00307026	0	5.125178	1.679507	0.3760282	0.6239718	47.8087
4150	15.0282	-25.0316	40.0597	0.651444	0.348556	1.265124	0.115953	0.0754918	0.0532824	0.0347125	0.019969	0.00476873	0.00309478	0	1.962119	1.987262	0.3485561	0.6514439	97.10963
4160	15.0303	-20.0884	35.1187	0.792214	0.207786	3.257311	0.115496	0.0731988	0.0524526	0.0339651	0.0201321	0.0048856	0.00301916	0	6.903175	1.979041	0.2077858	0.7922142	95.28855
4170	16.0804	-23.4773	39.5578	0.0481183	0.951882	1.938246	0.118103	0.0757431	0.0522578	0.0348982	0.0199784	0.00490707	0.00311694	0	2.464093	1.935711	0.9518817	0.04811826	86.24037
4180	15.3126	-23.5604	38.873	0.687359	0.312641	0.6425234	0.120654	0.0757511	0.0531897	0.033851	0.0199136	0.00490718	0.00304237	0	3.148853	1.985607	0.3126406	0.6873594	96.74021
4190	14.183	-21.7939	35.9769	0.614489	0.385511	4.063668	0.117074	0.0763972	0.0536502	0.0341406	0.0205666	0.00496508	0.0030779	0	6.044912	1.781931	0.3855115	0.6144885	60.52451
4200	16.2354	-22.5887	38.8241	0.711242	0.288758	3.841962	0.118304	0.0752999	0.0524525	0.0342129	0.0202781	0.0049523	0.00302394	0	3.197789	1.920175	0.2887577	0.7112423	83.20984
4210	14.0487	-19.7511	33.7998	0.627879	0.372121	3.496418	0.118583	0.0761048	0.0525745	0.0342213	0.020675	0.00488871	0.0030349	0	8.22205	1.972645	0.3721206	0.6278794	93.89548
4220	15.4759	-21.2328	36.7088	0.286607	0.713393	4.227238	0.120217	0.0743643	0.0522676	0.0344623	0.0207231	0.00492948	0.00300046	0	5.313087	1.90457	0.7133928	0.2866072	80.27311
4230	13.4393	-20.2861	33.7254	0.743921	0.256079	0.7789521	0.118865	0.0739012	0.053543	0.0347685	0.0205982	0.00486621	0.0030646	0	8.296443	1.954188	0.2560788	0.7439212	89.98862
4240	15.8763	-21.2898	37.166	0.825419	0.174581	4.596044	0.116481	0.0735912	0.054118	0.0338506	0.0205992	0.00480996	0.00300746	0	4.855825	1.968591	0.1745812	0.8254188	93.02318
4250	14.0881	-26.5144	40.6025	0.0658127	0.934187	2.743903	0.115899	0.0744691	0.0546111	0.034209	0.0208841	0.00478601	0.00301016	0	1.419343	1.748464	0.9341873	0.06581269	56.0356
4260	14.9627	-23.6429	38.6056	0.21945	0.78055	4.866603	0.116921	0.0729805	0.0540494	0.0353806	0.0202385	0.00477313	0.00300611	0	3.416256	1.828622	0.7805503	0.2194497	67.39408
4270	14.7324	-20.5926	35.3249	0.950882	0.0491183	2.619154	0.119624	0.0730294	0.0540154	0.0353923	0.0205199	0.0047819	0.00302184	0	6.696929	1.887612	0.04911831	0.9508817	77.19905
4280	16.4833	-21.7679	38.2512	0.68419	0.31581	4.06974	0.120315	0.0743797	0.0536958	0.0347384	0.0203922	0.0048517	0.00304954	0	3.770683	1.973621	0.3158101	0.6841899	94.10673
4290	15.1689	-21.9482	37.1171	0.748588	0.251412	1.803574	0.120318	0.0751863	0.0543661	0.0347816	0.0203987	0.00484962	0.00302401	0	4.904748	1.804391	0.2514125	0.7485875	63.73692
4300	16.6531	-21.3991	38.0522	0.359248	0.640752	4.017199	0.119966	0.0755685	0.0547802	0.0343238	0.020288	0.00490894	0.00303512	0	3.969655	1.99782	0.6407517	0.3592483	99.49935
4310	16.3557	-22.6944	39.0501	0.502387	0.497613	3.949875	0.119631	0.0754349	0.0544735	0.0353699	0.0201912	0.00477525	0.00313708	0	2.971769	1.937032	0.4976131	0.5023869	86.5031
4320	14.9856	-23.5665	38.5521	0.344091	0.655909	0.5240393	0.118572	0.0754363	0.0536711	0.0351457	0.0201148	0.00479773	0.00308085	0	3.469769	1.866148	0.6559089	0.3440911	73.47645
4330	14.8129	-22.8878	37.7007	0.856736	0.143264	1.660646	0.119461	0.075348	0.0524004	0.0351187	0.0199088	0.00479364	0.00304644	0	4.321148	1.720861	0.1432641	0.8567359	52.58493
4340	14.4646	-25.2053	39.6699	0.0311456	0.968854	2.727401	0.119075	0.0754109	0.0522854	0.0342221	0.0198727	0.0049796	0.0031202	0	2.351986	1.638675	0.9688544	0.03114558	43.51862
4350	13.1661	-19.7529	32.919	0.292932	0.707068	2.612664	0.11616	0.0742682	0.0544605	0.0346787	0.0200672	0.00499438	0.0030469	0	9.102846	1.897766	0.7070675	0.2929325	79.02535
4360	15.4013	-22.1196	37.5209	0.469811	0.530189	1.988003	0.119692	0.0740198	0.0544396	0.0341805	0.0201336	0.00485879	0.00301213	0	4.500908	1.805626	0.5301891	0.4698109	63.91844
4370	15.2192	-23.8555	39.0747	0.885809	0.114191	1.185596	0.11792	0.0762831	0.0525564	0.0349768	0.0204382	0.00491375	0.00304918	0	2.947146	1.855487	0.1141906	0.8858094	71.69472
4380	14.4639	-24.4937	38.9576	0.931516	0.0684842	5.168436	0.118112	0.0758081	0.0526326	0.0349618	0.0202312	0.0047917	0.00311692	0	3.064261	1.831125	0.06848424	0.9315158	67.78363
4390	12.8457	-25.7936	38.6394	0.803673	0.196327	6.331839	0.121063	0.0755739	0.0548546	0.035037	0.0200539	0.00483136	0.00306582	0	3.382476	1.808441	0.1963273	0.8036727	64.33414
4400	15.3613	-22.0732	37.4345	0.808165	0.191835	1.709391	0.121332	0.0756047	0.0543425	0.0342243	0.0208754	0.00480553	0.00309043	0	4.587388	1.828139	0.1918353	0.8081647	67.31928
4410	13.6658	-20.4946	34.1603	0.091746	0.908254	0.9484948	0.121475	0.0739053	0.0548969	0.0341748	0.0201167	0.00481489	0.00306058	0	7.861499	1.880448	0.908254	0.09174605	75.93599
4420	12.7385	-27.6363	40.3749	0.240239	0.759761	0.1026721	0.121018	0.0735132	0.0549135	0.0354868	0.0205573	0.00483867	0.00311484	0	1.646987	1.793188	0.7597614	0.2402386	62.11374
4430	14.8001	-22.809	37.6091	0.342674	0.657326	0.5235607	0.116579	0.0757189	0.0528427	0.0354204	0.0205534	0.00492839	0.0030666	0	4.41273	1.810102	0.657326	0.342674	64.58056
4440	13.8113	-25.5572	39.3684	0.386359	0.613641	1.07687	0.115708	0.0741468	0.0541951	0.0350248	0.0203165	0.00487776	0.00312475	0	2.653432	1.584416	0.6136406	0.3863594	38.40753
4450	15.2745	-23.7985	39.0729	0.83743	0.16257	5.949478	0.116756	0.076141	0.0548333	0.0348213	0.0201844	0.00485119	0.00312906	0	2.948897	1.970804	0.1625699	0.8374301	93.49841
4460	15.6256	-24.2964	39.922	0.739615	0.260385	2.066697	0.120395	0.073749	0.0543386	0.0352572	0.0204785	0.00477825	0.00311454	0	2.099834	1.948033	0.2603851	0.7396149	88.72225
4470	16.5834	-21.6489	38.2323	0.4465	0.5535	4.496483	0.118189	0.0737241	0.053589	0.0351257	0.0206395	0.00489337	0.00314973	0	3.789509	1.993675	0.5534999	0.4465001	98.55424
4480	13.9352	-20.6565	34.5918	0.794191	0.205809	1.772422	0.119643	0.0732023	0.053556	0.035443	0.0202896	0.00498386	0.00310869	0	7.430083	1.815738	0.2058087	0.7941913	65.42414
4490	15.9389	-22.7116	38.6504	0.128352	0.871648	2.586711	0.120497	0.0737463	0.0548597	0.0348016	0.0202982	0.0049072	0.00315741	0	3.3714	1.820985	0.8716476	0.1283524	66.21941
4500	16.3432	-21.9666	38.3098	0.0697776	0.930222	3.742564	0.118341	0.07437	0.0547388	0.0353897	0.0208791	0.00485559	0.00314108	0	3.712095	1.90782	0.9302224	0.06977758	80.8761
4510	15.6704	-22.2572	37.9276	0.986168	0.0138325	2.208824	0.119199	0.0748926	0.0535821	0.0347693	0.0208217	0.00480851	0.00311994	0	4.094295	1.844558	0.01383248	0.9861675	69.91302
4520	15.7502	-22.7412	38.4914	0.459296	0.540704	1.152884	0.118519	0.0760192	0.0532238	0.0348217	0.0205634	0.00497882	0.0030058	0	3.530416	1.948902	0.5407039	0.4592961	88.90009
4530	14.3909	-24.3626	38.7535	0.750123	0.249877	1.449729	0.116427	0.073692	0.0523828	0.035272	0.0204363	0.0049256	0.00302662	0	3.268358	1.653347	0.2498774	0.7501226	45.01392
4540	14.439	-20.7539	35.1929	0.718403	0.281597	1.977321	0.117402	0.0745274	0.0529227	0.0352	0.019939	0.00490905	0.00303871	0	6.828964	1.841758	0.281597	0.718403	69.46374
4550	15.8791	-22.5724	38.4514	0.402546	0.597454	5.158712	0.118027	0.0737616	0.053796	0.0352799	0.0202855	0.0049878	0.00304918	0	3.570435	1.947348	0.5974544	0.4025456	88.58252
4560	16.173	-22.1163	38.2893	0.677935	0.322065	3.376074	0.11806	0.0744679	0.0529305	0.035058	0.0206992	0.00499163	0.00310502	0	3.73254	1.895927	0.3220649	0.6779351	78.69129
4570	15.6745	-20.3664	36.0409	0.0632386	0.936761	2.770057	0.119628	0.0765295	0.0522087	0.0344164	0.0201255	0.00492237	0.00311367	0	5.980973	1.970076	0.9367614	0.06323862	93.34166
4580	13.1111	-20.6994	33.8105	0.97494	0.0250602	5.328649	0.119017	0.0753049	0.0526945	0.0344553	0.0200331	0.00494773	0.00308272	0	8.211387	1.929981	0.0250602	0.9749398	85.11017
4590	15.2476	-20.0782	35.3258	0.0323417	0.967658	3.103988	0.117249	0.0748321	0.0539919	0.0350281	0.0200621	0.00475309	0.00305489	0	6.696011	1.98573	0.9676583	0.03234168	96.76754
4600	15.0139	-24.9961	40.0101	0.807101	0.192899	3.835808	0.117231	0.0734997	0.0545894	0.0342103	0.0200903	0.00495252	0.0030213	0	2.011778	1.845754	0.1928993	0.8071007	70.10575
4610	15.7495	-22.9267	38.6762	0.291352	0.708648	1.05468	0.115753	0.07283	0.052551	0.0339007	0.0205532	0.00483084	0.00306719	0	3.345677	1.971912	0.7086476	0.2913524	93.73731
4620	15.7777	-21.7961	37.5738	0.866241	0.133759	4.600479	0.116067	0.0733942	0.054706	0.0341436	0.0208961	0.00499819	0.00312105	0	4.448055	1.924375	0.1337592	0.8662408	84.01855
4630	16.3092	-23.1512	39.4604	0.799466	0.200534	3.947117	0.11603	0.0731078	0.05402	0.0351777	0.0205656	0.00497605	0.00304086	0	2.561445	1.956161	0.2005343	0.7994657	90.39846
4640	15.0782	-23.2069	38.2851	0.249451	0.750549	0.9765655	0.117136	0.0731764	0.0535704	0.0353343	0.0208745	0.00499436	0.00300559	0	3.736714	1.775774	0.7505486	0.2494514	59.67244
4650	11.657	-25.1592	36.8162	0.742185	0.257815	0.3651257	0.115971	0.0740809	0.0533949	0.0338162	0.0208827	0.0049596	0.00312153	0	5.205695	1.332828	0.2578147	0.7421853	21.51932
4660	14.9229	-24.4058	39.3287	0.974281	0.0257192	0.5681658	0.116842	0.0728494	0.0531256	0.0341113	0.0203054	0.00497906	0.00303659	0	2.693127	1.965911	0.02571922	0.9742808	92.45093
4670	16.3531	-21.5421	37.8952	0.756728	0.243272	3.653208	0.115689	0.0742561	0.0531824	0.03453	0.0200246	0.00493459	0.00305737	0	4.126628	1.952795	0.243272	0.756728	89.70053
4680	11.7834	-21.0134	32.7968	0.21708	0.78292	0.4821172	0.1177	0.0753086	0.0547075	0.0348334	0.0202983	0.0048956	0.00301293	0	9.225052	1.669405	0.7829196	0.2170804	46.70951
4690	16.1608	-23.2105	39.3714	0.719522	0.280478	4.868519	0.119412	0.0747131	0.0523893	0.0341694	0.0208725	0.00490031	0.00310791	0	2.650472	1.974614	0.2804784	0.7195216	94.32231
4700	15.1659	-23.4367	38.6025	0.668302	0.331698	4.386168	0.116996	0.0764862	0.0534243	0.0338599	0.0208351	0.00476522	0.00311742	0	3.419308	1.821915	0.3316981	0.6683019	66.36134
4710	16.3577	-22.7518	39.1095	0.973649	0.026351	4.841035	0.117904	0.0764132	0.0547577	0.0350287	0.0205307	0.00498959	0.00304196	0	2.912345	1.995306	0.02635102	0.973649	98.9249
4720	14.3094	-26.4442	40.7536	0.93495	0.0650496	2.206918	0.116495	0.0734697	0.0528845	0.0345661	0.0207144	0.00477473	0.00308132	0	1.268259	1.99301	0.06504963	0.9349504	98.40338
4730	15.4861	-24.15	39.6361	0.940145	0.059855	1.671355	0.116776	0.0732486	0.0542213	0.0348198	0.0208004	0.00480767	0.00309665	0	2.385787	1.922888	0.05985503	0.940145	83.73125
4740	12.7796	-27.5623	40.3418	0.580992	0.419008	6.884825	0.116349	0.0730282	0.0536284	0.0349817	0.0207009	0.00484781	0.00307211	0	1.680007	1.930034	0.419008	0.580992	85.12049
4750	14.8477	-22.7014	37.5492	0.463481	0.536519	3.624156	0.120928	0.0746688	0.0526242	0.0343228	0.020403	0.00485026	0.00313558	0	4.472684	1.746609	0.5365193	0.4634807	55.79671
4760	15.5897	-22.5237	38.1134	0.152819	0.847181	3.255046	0.120745	0.0759263	0.0532924	0.0344784	0.0203766	0.00484433	0.00300842	0	3.90841	1.796976	0.8471811	0.1528189	62.65791
4770	12.9964	-21.6323	34.6287	0.928614	0.0713859	1.304966	0.121422	0.0738009	0.0529226	0.0353297	0.0204289	0.00486608	0.00305104	0	7.393146	1.650139	0.07138589	0.9286141	44.68263
4780	16.3823	-23.1684	39.5507	0.312096	0.687904	4.485621	0.121246	0.0753888	0.0529952	0.0348092	0.0203661	0.00486916	0.0030026	0	2.471126	1.977575	0.687904	0.312096	94.96759
4790	14.6119	-22.0819	36.6939	0.849471	0.150529	2.372444	0.120781	0.0761936	0.0526711	0.0354043	0.0199396	0.00479464	0.00304588	0	5.327968	1.730912	0.1505291	0.8494709	53.81602
4800	15.403	-21.8236	37.2265	0.948635	0.0513654	1.372752	0.118933	0.0761014	0.0542218	0.0354898	0.020282	0.00493912	0.00304263	0	4.795307	1.885225	0.0513654	0.9486346	76.77597
4810	14.5566	-22.7378	37.2944	0.326525	0.673475	3.04589	0.119312	0.0762838	0.0539096	0.0355418	0.0200452	0.00497866	0.00309806	0	4.72742	1.682875	0.6734745	0.3265255	48.1809
4820	15.8053	-23.7203	39.5255	0.668831	0.331169	5.244791	0.119693	0.0755633	0.05249	0.0354212	0.0200363	0.00483323	0.00305768	0	2.496326	1.97481	0.3311689	0.6688311	94.3648
4830	16.5411	-22.156	38.6972	0.228416	0.771584	3.586253	0.116931	0.0764176	0.0539475	0.0355541	0.0202301	0.00487503	0.00303111	0	3.324664	1.943047	0.7715838	0.2284162	87.70948
4840	14.9153	-24.7052	39.6205	0.905194	0.0948065	6.255515	0.118032	0.0760436	0.0541107	0.03442	0.0204889	0.00482756	0.00304533	0	2.401347	1.992621	0.09480649	0.9051935	98.31518
4850	15.7835	-22.5315	38.3149	0.35116	0.64884	3.678872	0.117652	0.0754358	0.0538609	0.0338758	0.0200931	0.00481546	0.00309046	0	3.706897	1.842904	0.6488396	0.3511604	69.64731
4860	16.572	-22.7708	39.3428	0.386967	0.613033	4.165979	0.115531	0.0764769	0.0545008	0.0340609	0.0203618	0.00476753	0.00315048	0	2.679005	1.978732	0.6130326	0.3869674	95.22076
4870	14.9844	-25.3873	40.3717	0.593911	0.406089	3.909066	0.115827	0.0752596	0.0549196	0.0338758	0.0200362	0.00477977	0.00310635	0	1.650194	1.888636	0.406089	0.593911	77.38127
4880	15.961	-22.8993	38.8604	0.093988	0.906012	3.050598	0.118833	0.0761263	0.0526269	0.0350714	0.0205047	0.00491393	0.00306105	0	3.161463	1.826429	0.906012	0.09398802	67.05467
4890	16.3448	-22.7382	39.083	0.0695167	0.930483	3.816839	0.116791	0.0757254	0.0531065	0.0349123	0.0208742	0.00488465	0.00304378	0	2.938852	1.906832	0.9304833	0.06951672	80.6922
4900	14.6033	-22.9361	37.5394	0.482663	0.517337	2.089844	0.115564	0.0736153	0.0536719	0.0350376	0.0204749	0.00493473	0.00300119	0	4.482483	1.667631	0.5173367	0.4826633	46.51904
4910	13.64	-19.743	33.3831	0.055849	0.944151	2.263489	0.115568	0.0732662	0.0539749	0.0339471	0.020301	0.00489	0.0030149	0	8.638796	1.936036	0.944151	0.05584904	86.30501
4920	16.374	-21.4224	37.7964	0.393836	0.606164	2.779463	0.117483	0.0729668	0.0541718	0.0351639	0.0202542	0.00485422	0.00308022	0	4.225448	1.95829	0.6061642	0.3938358	90.84267
4930	14.9466	-24.9628	39.9094	0.306881	0.693119	2.747169	0.118033	0.0751504	0.0523071	0.0354406	0.0207695	0.00475938	0.00300277	0	2.112458	1.765326	0.6931192	0.3068808	58.25399
4940	16.1943	-23.5746	39.7689	0.21918	0.78082	2.187976	0.117206	0.0753757	0.0522899	0.0349724	0.0207724	0.00475229	0.00310483	0	2.252929	1.999121	0.7808197	0.2191803	99.79781
4950	14.5567	-26.0726	40.6293	0.159617	0.840383	5.10367	0.119026	0.0742888	0.0527108	0.0355662	0.0208274	0.0048169	0.00314319	0	1.392562	1.927386	0.840383	0.159617	84.60305
4960	14.5916	-20.35	34.9415	0.695372	0.304628	2.501313	0.120892	0.0738181	0.0534774	0.0340035	0.0204508	0.00493039	0.00311277	0	7.080303	1.89526	0.3046283	0.6953717	78.57067
4970	13.5978	-20.1551	33.7529	0.451194	0.548806	2.353129	0.121193	0.0730037	0.0543632	0.0344494	0.020083	0.0047644	0.00303717	0	8.268986	1.863722	0.5488063	0.4511937	73.0672
4980	15.5105	-24.396	39.9065	0.252426	0.747574	5.282264	0.120567	0.0760886	0.0537574	0.0353665	0.0204091	0.00481562	0.00302645	0	2.115366	1.955282	0.7475735	0.2524265	90.21571
4990	15.8541	-24.0269	39.881	0.0995903	0.90041	4.503542	0.119512	0.0753518	0.0544461	0.0347512	0.0200041	0.00476673	0.00300793	0	2.140849	1.927118	0.9004097	0.0995903	84.55082
5000	15.7329	-23.5314	39.2643	0.104336	0.895664	1.832273	0.121216	0.0760541	0.0543862	0.0352514	0.020307	0.00492723	0.00308509	0	2.757529	1.838132	0.8956635	0.1043365	68.88614
