Iteration	start_1	end_1	start_2	end_2	start_3	end_3	start_4	end_4	start_5	end_5	start_6	end_6	start_7	end_7	start_8	end_8	start_9	end_9	start_10	end_10	start_11	end_11	start_12	end_12	start_13	end_13	start_14	end_14	start_15	end_15
0	1	8	1	7	6	6	5	5	1	4	3	3	2	2	1	1	1	9	1	10	1	1	1	19	1	15	1	1	1	1
10	1	8	3	7	3	6	2	5	10	4	3	3	2	2	2	1	3	2	1	3	1	10	2	3	1	2	1	1	1	1
20	1	8	6	7	6	6	18	5	3	4	1	3	1	2	1	1	1	1	11	1	1	11	5	6	1	18	1	1	1	1
30	2	8	27	7	7	6	5	5	2	4	2	3	15	2	5	1	2	15	2	2	1	2	5	27	2	5	1	2	1	1
40	1	8	6	7	3	6	5	5	1	4	2	3	5	2	5	1	2	5	1	2	1	1	5	21	1	5	1	1	1	1
50	2	8	6	7	21	6	1	5	1	4	1	3	2	2	2	1	1	2	1	1	1	1	15	21	2	15	1	2	1	1
60	2	8	1	7	1	6	4	5	3	4	14	3	3	2	3	1	4	3	3	14	1	3	4	1	2	4	1	2	1	1
70	2	8	6	7	7	6	1	5	3	4	3	3	21	2	3	1	3	21	3	3	1	3	1	29	2	1	1	2	1	1
80	1	8	7	7	7	6	1	5	1	4	4	3	1	2	1	1	4	1	1	4	1	1	1	7	1	1	1	1	1	1
90	1	8	3	7	3	6	5	5	2	4	1	3	4	2	4	1	12	4	2	12	1	2	16	3	1	16	1	1	1	1
100	1	8	7	7	7	6	5	5	1	4	4	3	5	2	5	1	4	5	1	4	1	1	5	7	1	5	1	1	1	1
110	1	8	6	7	6	6	1	5	1	4	2	3	1	2	5	1	2	15	1	2	1	1	1	6	1	1	1	1	1	1
120	1	8	6	7	6	6	15	5	2	4	4	3	2	2	2	1	4	2	2	4	1	2	1	6	1	15	1	1	1	1
130	1	8	6	7	6	6	1	5	1	4	1	3	5	2	5	1	1	5	1	1	1	1	1	6	1	1	1	1	1	1
140	1	8	7	7	7	6	14	5	1	4	4	3	14	2	4	1	4	14	1	4	1	1	3	7	1	14	1	1	1	1
150	1	8	6	7	6	6	1	5	1	4	4	3	5	2	15	1	4	15	1	4	1	1	1	6	1	1	1	1	1	1
160	1	8	6	7	21	6	5	5	1	4	4	3	1	2	1	1	4	1	1	4	1	1	5	21	1	5	1	1	1	1
170	1	8	7	7	7	6	4	5	1	4	2	3	1	2	1	1	2	1	1	2	1	1	4	7	1	4	1	1	1	1
180	1	8	6	7	6	6	5	5	2	4	4	3	5	2	5	1	4	5	2	4	1	2	5	6	1	5	1	1	1	1
190	1	8	6	7	6	6	5	5	1	4	4	3	1	2	1	1	4	1	1	4	1	1	5	6	1	5	1	1	1	1
200	2	8	7	7	7	6	10	5	1	4	1	3	1	2	1	1	1	1	2	1	1	9	1	7	2	10	1	2	1	1
210	2	8	7	7	7	6	1	5	1	4	4	3	5	2	5	1	4	5	1	4	1	1	1	7	2	1	1	2	1	1
220	1	8	6	7	6	6	1	5	2	4	4	3	1	2	1	1	4	1	2	4	1	2	15	6	1	15	1	1	1	1
230	2	8	7	7	7	6	3	5	1	4	4	3	12	2	1	1	4	12	1	4	1	1	3	7	2	3	1	2	1	1
240	1	8	7	7	7	6	4	5	1	4	1	3	2	2	1	1	1	9	1	1	1	1	4	7	2	4	1	9	1	1
250	2	8	6	7	6	6	1	5	2	4	1	3	3	2	3	1	1	3	2	1	1	2	1	6	2	1	1	2	1	1
260	1	8	6	7	6	6	1	5	1	4	3	3	3	2	6	1	3	21	1	3	1	1	1	6	1	1	1	1	1	1
270	1	8	29	7	6	6	1	5	1	4	1	3	1	2	1	1	1	1	1	1	1	1	1	29	1	1	1	1	1	1
280	2	8	3	7	3	6	2	5	2	4	1	3	2	2	2	1	1	2	2	1	1	2	2	3	2	2	1	2	1	1
290	2	8	7	7	7	6	5	5	1	4	1	3	1	2	1	1	1	1	1	1	1	1	5	7	2	5	1	2	1	1
300	1	8	3	7	3	6	2	5	1	4	3	3	5	2	15	1	3	15	1	3	1	1	2	3	1	2	1	1	1	1
310	2	8	6	7	6	6	2	5	1	4	9	3	5	2	15	1	1	15	2	9	1	9	2	6	2	2	1	2	1	1
320	1	8	7	7	7	6	4	5	2	4	2	3	4	2	5	1	2	18	2	2	1	2	4	7	1	4	1	1	1	1
330	2	8	6	7	6	6	2	5	2	4	4	3	15	2	5	1	4	15	2	4	1	2	2	6	2	2	1	2	1	1
340	1	8	6	7	6	6	5	5	1	4	3	3	1	2	5	1	3	15	1	3	1	1	5	6	1	5	1	1	1	1
350	2	8	6	7	3	6	1	5	2	4	4	3	4	2	4	1	4	4	2	4	1	2	1	21	2	1	1	2	1	1
360	1	8	6	7	6	6	5	5	1	4	1	3	1	2	15	1	1	15	1	1	1	1	5	6	1	5	1	1	1	1
370	1	8	7	7	7	6	2	5	1	4	1	3	5	2	5	1	1	5	1	1	1	1	2	7	1	2	1	1	1	1
380	1	8	7	7	7	6	4	5	2	4	4	3	5	2	5	1	2	5	2	13	1	2	1	7	2	12	1	9	1	1
390	1	8	7	7	7	6	1	5	1	4	4	3	4	2	5	1	4	18	1	4	1	1	1	7	1	1	1	1	1	1
400	1	8	6	7	6	6	1	5	2	4	3	3	5	2	5	1	3	5	2	3	1	2	1	6	1	1	1	1	1	1
410	1	8	6	7	6	6	2	5	1	4	13	3	5	2	5	1	2	5	1	13	1	1	2	6	1	2	1	1	1	1
420	1	8	7	7	7	6	5	5	1	4	1	3	2	2	2	1	1	2	1	1	1	1	5	7	1	5	1	1	1	1
430	1	8	7	7	7	6	5	5	2	4	2	3	1	2	1	1	2	1	2	2	1	2	5	7	1	5	1	1	1	1
440	1	8	7	7	7	6	2	5	1	4	1	3	1	2	1	1	1	1	1	1	1	1	2	7	1	2	1	1	1	1
450	2	8	7	7	7	6	1	5	1	4	2	3	2	2	2	1	2	2	1	2	1	1	1	7	2	1	1	2	1	1
460	1	8	6	7	6	6	5	5	1	4	3	3	5	2	5	1	3	5	1	3	1	1	5	6	1	5	1	1	1	1
470	2	8	21	7	3	6	5	5	2	4	1	3	5	2	5	1	1	5	2	1	1	2	5	21	2	5	1	2	1	1
480	1	8	3	7	3	6	5	5	3	4	2	3	2	2	1	1	2	9	3	2	1	3	5	3	1	5	1	1	1	1
490	2	8	29	7	6	6	4	5	1	4	9	3	12	2	1	1	2	12	1	9	1	1	4	29	2	4	1	2	1	1
500	2	8	6	7	6	6	1	5	1	4	3	3	2	2	1	1	3	9	1	3	1	1	1	6	2	1	1	2	1	1
510	1	8	2	7	25	6	5	5	1	4	1	3	4	2	5	1	1	18	1	1	1	1	5	25	1	5	1	1	1	1
520	1	8	6	7	6	6	5	5	2	4	1	3	2	2	2	1	1	2	2	1	1	2	5	6	1	5	1	1	1	1
530	1	8	7	7	7	6	4	5	3	4	2	3	6	2	6	1	2	6	3	2	1	3	4	7	1	4	1	1	1	1
540	1	8	7	7	7	6	5	5	1	4	4	3	2	2	2	1	4	2	1	4	1	1	1	7	1	15	1	1	1	1
550	1	8	7	7	7	6	5	5	2	4	3	3	2	2	2	1	3	2	2	3	1	2	1	7	1	15	1	1	1	1
560	1	8	3	7	6	6	5	5	1	4	4	3	5	2	5	1	4	5	1	4	1	1	3	21	1	17	1	1	1	1
570	1	8	7	7	7	6	18	5	2	4	10	3	4	2	4	1	1	4	2	10	1	2	4	7	1	18	1	1	1	1
580	2	8	6	7	6	6	5	5	1	4	2	3	3	2	3	1	2	3	1	2	1	1	5	6	2	5	1	2	1	1
590	1	8	6	7	6	6	15	5	2	4	1	3	1	2	1	1	1	1	2	1	1	2	1	6	1	15	1	1	1	1
600	1	8	7	7	3	6	2	5	1	4	4	3	5	2	1	1	4	15	1	4	1	1	2	26	1	2	1	1	1	1
610	1	8	5	7	1	6	2	5	1	4	1	3	1	2	15	1	1	15	1	1	1	1	2	15	1	2	1	1	1	1
620	1	8	6	7	6	6	5	5	1	4	4	3	2	2	2	1	4	2	1	4	1	1	5	6	1	5	1	1	1	1
630	1	8	7	7	26	6	5	5	2	4	3	3	4	2	4	1	3	4	2	3	1	2	5	26	1	5	1	1	1	1
640	2	8	3	7	3	6	3	5	2	4	1	3	9	2	1	1	1	9	2	1	1	2	3	3	2	3	1	2	1	1
650	2	8	5	7	5	6	2	5	2	4	3	3	5	2	5	1	3	5	2	3	1	2	2	5	2	2	1	2	1	1
660	1	8	7	7	29	6	4	5	1	4	4	3	1	2	1	1	4	1	1	4	1	1	4	29	1	4	1	1	1	1
670	1	8	6	7	6	6	5	5	2	4	3	3	2	2	2	1	3	2	2	3	1	2	5	6	1	5	1	1	1	1
680	1	8	3	7	26	6	1	5	1	4	1	3	5	2	5	1	1	5	1	1	1	1	1	26	1	1	1	1	1	1
690	1	8	7	7	7	6	1	5	1	4	4	3	5	2	5	1	4	5	9	4	1	9	1	7	1	1	1	1	1	1
700	1	8	21	7	6	6	2	5	2	4	1	3	5	2	5	1	4	5	2	12	1	2	2	21	1	2	1	1	1	1
710	2	8	6	7	6	6	2	5	1	4	4	3	2	2	2	1	4	2	1	4	1	1	2	6	2	2	1	2	1	1
720	1	8	6	7	6	6	1	5	3	4	4	3	1	2	1	1	4	1	3	4	1	3	1	6	1	1	1	1	1	1
730	1	8	7	7	6	6	4	5	1	4	13	3	5	2	5	1	2	5	2	13	1	9	4	29	1	4	1	1	1	1
740	1	8	7	7	7	6	2	5	2	4	4	3	2	2	2	1	4	2	2	4	1	2	2	7	1	2	1	1	1	1
750	2	8	7	7	29	6	4	5	11	4	4	3	15	2	5	1	4	15	3	4	1	11	4	29	2	4	1	2	1	1
760	2	8	6	7	6	6	5	5	2	4	4	3	1	2	1	1	4	1	2	4	1	2	5	6	2	5	1	2	1	1
770	1	8	7	7	7	6	3	5	1	4	4	3	4	2	4	1	4	4	1	4	1	1	5	7	1	17	1	1	1	1
780	1	8	6	7	6	6	5	5	2	4	2	3	2	2	2	1	2	2	2	2	1	2	5	6	1	5	1	1	1	1
790	2	8	3	7	3	6	5	5	1	4	4	3	1	2	1	1	4	1	1	4	1	1	3	3	2	17	1	2	1	1
800	2	8	6	7	23	6	1	5	1	4	3	3	5	2	5	1	3	5	1	3	1	1	1	23	2	1	1	2	1	1
810	1	8	7	7	7	6	1	5	1	4	1	3	2	2	4	1	1	13	1	1	1	1	5	7	1	15	1	1	1	1
820	1	8	3	7	6	6	1	5	1	4	4	3	2	2	2	1	4	2	1	4	1	1	1	21	1	1	1	1	1	1
830	1	8	7	7	6	6	15	5	1	4	3	3	2	2	2	1	3	2	9	3	1	9	5	29	1	15	1	1	1	1
840	1	8	7	7	7	6	1	5	1	4	1	3	5	2	5	1	1	5	1	1	1	1	1	7	1	1	1	1	1	1
850	2	8	7	7	7	6	5	5	1	4	1	3	5	2	5	1	1	5	1	1	1	1	4	7	2	18	1	2	1	1
860	2	8	7	7	7	6	4	5	1	4	2	3	2	2	2	1	2	2	2	2	1	9	4	7	2	4	1	2	1	1
870	2	8	7	7	7	6	3	5	2	4	1	3	3	2	6	1	4	21	2	12	1	2	5	7	2	17	1	2	1	1
880	1	8	7	7	7	6	4	5	2	4	13	3	2	2	2	1	4	2	2	13	1	2	4	7	1	4	1	1	1	1
890	2	8	3	7	3	6	2	5	11	4	4	3	1	2	1	1	4	1	2	4	1	11	2	3	2	2	1	2	1	1
900	1	8	29	7	6	6	15	5	1	4	1	3	5	2	5	1	1	5	1	1	1	1	1	29	1	15	1	1	1	1
910	1	8	7	7	7	6	2	5	1	4	1	3	5	2	5	1	1	5	1	1	1	1	2	7	1	2	1	1	1	1
920	1	8	1	7	1	6	2	5	1	4	3	3	5	2	5	1	3	5	1	3	1	1	2	1	1	2	1	1	1	1
930	2	8	6	7	6	6	5	5	2	4	2	3	1	2	1	1	2	1	2	2	1	2	5	6	2	5	1	2	1	1
940	1	8	7	7	7	6	9	5	1	4	12	3	1	2	9	1	1	9	1	12	1	1	2	7	1	9	1	1	1	1
950	1	8	6	7	6	6	4	5	2	4	2	3	2	2	16	1	2	16	2	2	1	2	4	6	1	4	1	1	1	1
960	2	8	2	7	7	6	1	5	1	4	1	3	4	2	4	1	1	4	1	1	1	1	1	25	2	1	1	2	1	1
970	9	8	5	7	5	6	5	5	1	4	3	3	1	2	1	1	3	1	1	3	1	1	5	5	1	5	1	9	1	1
980	1	8	6	7	6	6	3	5	1	4	2	3	2	2	2	1	2	2	1	2	1	1	3	6	1	3	1	1	1	1
990	1	8	7	7	6	6	4	5	2	4	1	3	5	2	5	1	1	5	2	1	1	2	4	29	1	4	1	1	1	1
1000	1	8	26	7	7	6	5	5	1	4	4	3	3	2	3	1	4	3	1	4	1	1	1	26	1	15	1	1	1	1
1010	2	8	3	7	3	6	1	5	1	4	1	3	5	2	5	1	1	5	1	1	1	1	1	3	2	1	1	2	1	1
1020	2	8	29	7	6	6	12	5	1	4	1	3	2	2	2	1	12	2	1	12	1	1	1	29	2	12	1	2	1	1
1030	1	8	21	7	6	6	5	5	1	4	4	3	1	2	1	1	4	1	1	4	1	1	5	21	1	5	1	1	1	1
1040	1	8	7	7	7	6	1	5	1	4	4	3	6	2	21	1	4	21	1	4	1	1	1	7	1	1	1	1	1	1
1050	2	8	3	7	3	6	4	5	2	4	3	3	1	2	1	1	3	1	2	3	1	2	4	3	2	4	1	2	1	1
1060	2	8	21	7	6	6	1	5	1	4	2	3	6	2	3	1	2	21	1	2	1	1	1	21	1	1	1	9	1	1
1070	1	8	6	7	6	6	5	5	1	4	2	3	1	2	1	1	2	1	1	2	1	1	5	6	1	5	1	1	1	1
1080	2	8	7	7	7	6	2	5	1	4	4	3	4	2	4	1	1	4	1	12	1	1	2	7	2	2	1	2	1	1
1090	1	8	6	7	6	6	1	5	1	4	4	3	1	2	1	1	4	1	1	4	1	1	1	6	1	1	1	1	1	1
1100	1	8	1	7	1	6	2	5	2	4	4	3	2	2	2	1	4	2	2	4	1	2	2	1	1	2	1	1	1	1
1110	1	8	3	7	3	6	1	5	2	4	1	3	1	2	1	1	1	1	2	1	1	2	1	3	1	1	1	1	1	1
1120	1	8	3	7	3	6	1	5	3	4	4	3	6	2	6	1	4	6	3	4	1	3	1	3	1	1	1	1	1	1
1130	1	8	29	7	7	6	5	5	1	4	1	3	5	2	5	1	1	5	1	1	1	1	1	29	1	15	1	1	1	1
1140	1	8	3	7	3	6	1	5	2	4	4	3	2	2	2	1	4	2	2	4	1	2	1	3	9	1	1	9	1	1
1150	1	8	7	7	7	6	2	5	2	4	2	3	5	2	5	1	1	5	2	9	1	2	9	7	9	9	1	9	1	1
1160	1	8	7	7	7	6	1	5	1	4	2	3	3	2	3	1	2	3	1	2	1	1	1	7	1	1	1	1	1	1
1170	1	8	6	7	3	6	5	5	1	4	1	3	5	2	5	1	1	5	1	1	1	1	5	21	1	5	1	1	1	1
1180	2	8	6	7	6	6	4	5	2	4	1	3	6	2	6	1	1	6	2	1	1	2	4	6	1	4	1	9	1	1
1190	1	8	6	7	6	6	2	5	1	4	4	3	1	2	15	1	1	15	2	12	1	9	2	6	1	2	1	1	1	1
1200	1	8	1	7	1	6	2	5	2	4	3	3	16	2	5	1	3	16	2	3	1	2	2	1	1	2	1	1	1	1
1210	1	8	7	7	3	6	5	5	2	4	4	3	5	2	5	1	4	5	2	4	1	2	5	26	2	5	1	9	1	1
1220	2	8	7	7	7	6	4	5	1	4	1	3	1	2	1	1	1	1	1	1	1	1	4	7	2	4	1	2	1	1
1230	9	8	6	7	6	6	4	5	1	4	2	3	5	2	5	1	4	5	2	13	1	9	1	6	1	12	1	9	1	1
1240	2	8	29	7	6	6	5	5	1	4	1	3	2	2	5	1	1	16	1	1	1	1	1	29	2	15	1	2	1	1
1250	1	8	6	7	6	6	2	5	1	4	4	3	1	2	1	1	4	1	1	4	1	1	2	6	1	2	1	1	1	1
1260	1	8	7	7	26	6	3	5	2	4	2	3	2	2	2	1	2	2	2	2	1	2	3	26	1	3	1	1	1	1
1270	2	8	24	7	7	6	1	5	1	4	3	3	2	2	2	1	3	2	1	3	1	1	1	24	9	1	1	9	1	1
1280	1	8	3	7	3	6	1	5	2	4	2	3	5	2	1	1	2	15	2	2	1	2	1	3	1	1	1	1	1	1
1290	1	8	2	7	2	6	5	5	2	4	1	3	1	2	1	1	1	1	2	1	1	2	5	2	1	5	1	1	1	1
1300	1	8	7	7	7	6	5	5	1	4	4	3	1	2	1	1	4	1	1	4	1	1	5	7	1	5	1	1	1	1
1310	1	8	7	7	7	6	5	5	1	4	4	3	5	2	5	1	4	5	1	4	1	1	5	7	1	5	1	1	1	1
1320	1	8	7	7	7	6	2	5	1	4	1	3	2	2	2	1	1	2	1	1	1	1	2	7	1	2	1	1	1	1
1330	2	8	7	7	7	6	3	5	2	4	1	3	1	2	1	1	1	1	2	1	1	2	1	7	2	10	1	2	1	1
1340	1	8	3	7	3	6	3	5	2	4	2	3	21	2	6	1	2	21	2	2	1	2	3	3	1	3	1	1	1	1
1350	1	8	3	7	3	6	1	5	1	4	1	3	4	2	4	1	1	4	1	1	1	1	1	3	1	1	1	1	1	1
1360	2	8	6	7	6	6	3	5	2	4	2	3	4	2	4	1	2	4	2	2	1	2	3	6	2	3	1	2	1	1
1370	1	8	3	7	3	6	5	5	1	4	1	3	5	2	5	1	1	5	1	1	1	1	5	3	1	5	1	1	1	1
1380	2	8	6	7	6	6	2	5	9	4	1	3	6	2	6	1	1	6	2	1	1	9	2	6	2	2	1	2	1	1
1390	1	8	3	7	6	6	4	5	1	4	4	3	1	2	1	1	4	1	1	4	1	1	4	21	1	4	1	1	1	1
1400	1	8	7	7	7	6	3	5	1	4	1	3	4	2	4	1	1	4	1	1	1	1	3	7	1	3	1	1	1	1
1410	1	8	6	7	6	6	5	5	1	4	4	3	2	2	2	1	4	2	1	4	1	1	16	6	1	16	1	1	1	1
1420	1	8	7	7	7	6	5	5	2	4	1	3	5	2	5	1	1	5	2	1	1	2	5	7	1	5	1	1	1	1
1430	1	8	5	7	1	6	4	5	1	4	4	3	5	2	5	1	4	5	2	4	1	9	4	15	1	4	1	1	1	1
1440	2	8	6	7	6	6	5	5	2	4	3	3	2	2	5	1	3	16	2	3	1	2	3	6	2	17	1	2	1	1
1450	1	8	7	7	29	6	5	5	1	4	1	3	5	2	5	1	1	5	1	1	1	1	5	29	1	5	1	1	1	1
1460	1	8	6	7	6	6	1	5	1	4	10	3	2	2	2	1	3	2	1	10	1	1	2	6	1	9	1	1	1	1
1470	2	8	6	7	6	6	5	5	1	4	4	3	5	2	5	1	4	5	1	4	1	1	1	6	2	15	1	2	1	1
1480	2	8	7	7	7	6	5	5	2	4	1	3	2	2	16	1	1	16	2	1	1	2	15	7	2	15	1	2	1	1
1490	1	8	7	7	7	6	3	5	2	4	1	3	1	2	1	1	1	1	2	1	1	2	3	7	1	3	1	1	1	1
1500	2	8	3	7	3	6	5	5	1	4	1	3	2	2	9	1	1	9	1	1	1	1	5	3	2	5	1	2	1	1
1510	2	8	6	7	6	6	4	5	1	4	1	3	1	2	1	1	1	1	1	1	1	1	4	6	2	4	1	2	1	1
1520	1	8	7	7	7	6	5	5	1	4	1	3	1	2	1	1	1	1	1	1	1	1	5	7	1	5	1	1	1	1
1530	1	8	3	7	3	6	1	5	1	4	1	3	5	2	5	1	2	5	1	9	1	1	1	3	1	1	1	1	1	1
1540	1	8	6	7	6	6	2	5	2	4	2	3	4	2	18	1	2	18	2	2	1	2	2	6	1	2	1	1	1	1
1550	1	8	7	7	7	6	5	5	1	4	3	3	2	2	2	1	3	2	1	3	1	1	5	7	1	5	1	1	1	1
1560	2	8	3	7	3	6	15	5	1	4	1	3	1	2	1	1	1	1	1	1	1	1	5	3	2	15	1	2	1	1
1570	1	8	6	7	6	6	5	5	1	4	4	3	2	2	2	1	4	2	1	4	1	1	5	6	1	5	1	1	1	1
1580	1	8	6	7	6	6	1	5	1	4	2	3	2	2	1	1	2	9	1	2	1	1	1	6	1	1	1	1	1	1
1590	1	8	6	7	6	6	1	5	1	4	4	3	15	2	1	1	4	15	1	4	1	1	1	6	1	1	1	1	1	1
1600	1	8	3	7	3	6	1	5	1	4	4	3	2	2	2	1	4	2	1	4	1	1	1	3	1	1	1	1	1	1
1610	2	8	3	7	3	6	5	5	2	4	4	3	1	2	1	1	4	1	2	4	1	2	5	3	2	5	1	2	1	1
1620	1	8	4	7	4	6	2	5	9	4	4	3	4	2	4	1	4	4	1	4	1	9	2	4	1	2	1	1	1	1
1630	2	8	3	7	3	6	5	5	2	4	3	3	2	2	2	1	3	2	2	3	1	2	4	3	1	18	1	9	1	1
1640	1	8	3	7	3	6	2	5	1	4	4	3	4	2	4	1	4	4	1	4	1	1	2	3	1	2	1	1	1	1
1650	1	8	7	7	7	6	4	5	1	4	4	3	15	2	5	1	4	15	1	4	1	1	4	7	1	4	1	1	1	1
1660	1	8	7	7	7	6	3	5	1	4	4	3	1	2	1	1	4	1	1	4	1	1	1	7	1	10	1	1	1	1
1670	1	8	3	7	3	6	1	5	1	4	4	3	2	2	2	1	4	2	1	4	1	1	1	3	1	1	1	1	1	1
1680	1	8	7	7	7	6	1	5	2	4	2	3	2	2	2	1	2	2	2	2	1	2	1	7	1	1	1	1	1	1
1690	2	8	7	7	7	6	5	5	1	4	3	3	5	2	5	1	3	5	1	3	1	1	5	7	2	5	1	2	1	1
1700	1	8	7	7	6	6	1	5	1	4	3	3	1	2	1	1	3	1	1	3	1	1	1	29	1	1	1	1	1	1
1710	2	8	7	7	7	6	5	5	2	4	3	3	1	2	1	1	3	1	2	3	1	2	5	7	2	5	1	2	1	1
1720	2	8	21	7	3	6	5	5	1	4	4	3	2	2	16	1	4	16	1	4	1	1	5	21	2	5	1	2	1	1
1730	2	8	6	7	6	6	4	5	2	4	2	3	6	2	6	1	2	6	2	2	1	2	4	6	2	4	1	2	1	1
1740	1	8	6	7	3	6	5	5	2	4	3	3	5	2	15	1	3	15	2	3	1	2	5	21	1	5	1	1	1	1
1750	1	8	3	7	3	6	5	5	1	4	2	3	1	2	5	1	2	15	1	2	1	1	5	3	1	5	1	1	1	1
1760	1	8	7	7	7	6	1	5	1	4	1	3	2	2	2	1	1	2	1	1	1	1	5	7	1	15	1	1	1	1
1770	1	8	21	7	3	6	3	5	1	4	1	3	2	2	2	1	1	2	1	1	1	1	10	21	1	10	1	1	1	1
1780	2	8	28	7	7	6	4	5	1	4	3	3	6	2	6	1	10	6	1	10	1	1	4	28	2	4	1	2	1	1
1790	1	8	1	7	1	6	2	5	3	4	4	3	2	2	2	1	4	2	2	4	1	11	2	1	1	2	1	1	1	1
1800	1	8	7	7	6	6	4	5	1	4	1	3	1	2	1	1	1	1	1	1	1	1	12	29	2	12	1	9	1	1
1810	1	8	7	7	7	6	5	5	1	4	4	3	5	2	5	1	4	5	1	4	1	1	5	7	1	5	1	1	1	1
1820	2	8	6	7	7	6	5	5	1	4	1	3	1	2	1	1	1	1	1	1	1	1	5	29	2	5	1	2	1	1
1830	2	8	3	7	3	6	5	5	9	4	1	3	5	2	5	1	1	5	2	1	1	9	5	3	2	5	1	2	1	1
1840	1	8	7	7	26	6	5	5	2	4	4	3	9	2	1	1	4	9	2	4	1	2	5	26	1	5	1	1	1	1
1850	2	8	7	7	7	6	4	5	2	4	2	3	1	2	1	1	2	1	2	2	1	2	4	7	2	4	1	2	1	1
1860	1	8	6	7	22	6	1	5	1	4	3	3	2	2	2	1	3	2	1	3	1	1	1	22	1	1	1	1	1	1
1870	2	8	7	7	7	6	2	5	1	4	1	3	1	2	1	1	1	1	1	1	1	1	2	7	2	2	1	2	1	1
1880	1	8	7	7	6	6	3	5	2	4	2	3	2	2	2	1	2	2	9	2	1	9	3	29	1	3	1	1	1	1
1890	1	8	6	7	7	6	3	5	2	4	1	3	2	2	2	1	1	2	2	1	1	2	3	29	1	3	1	1	1	1
1900	2	8	6	7	6	6	2	5	2	4	4	3	18	2	5	1	4	18	2	4	1	2	2	6	2	2	1	2	1	1
1910	2	8	4	7	4	6	5	5	1	4	4	3	1	2	1	1	4	1	1	4	1	1	15	4	2	15	1	2	1	1
1920	1	8	7	7	7	6	5	5	1	4	1	3	15	2	1	1	1	15	1	1	1	1	5	7	1	5	1	1	1	1
1930	1	8	7	7	7	6	4	5	1	4	1	3	4	2	4	1	1	4	1	1	1	1	4	7	1	4	1	1	1	1
1940	2	8	7	7	7	6	5	5	1	4	1	3	1	2	1	1	1	1	1	1	1	1	5	7	2	5	1	2	1	1
1950	1	8	2	7	2	6	5	5	1	4	2	3	3	2	11	1	2	11	1	2	1	1	5	2	1	5	1	1	1	1
1960	1	8	21	7	6	6	4	5	1	4	4	3	1	2	15	1	4	15	1	4	1	1	4	21	1	4	1	1	1	1
1970	1	8	3	7	3	6	5	5	1	4	1	3	6	2	6	1	3	6	1	10	1	1	5	3	1	5	1	1	1	1
1980	1	8	6	7	21	6	4	5	1	4	12	3	1	2	1	1	1	1	1	12	1	1	4	21	1	4	1	1	1	1
1990	1	8	7	7	3	6	1	5	1	4	3	3	2	2	1	1	3	9	1	3	1	1	5	26	1	15	1	1	1	1
2000	1	8	7	7	29	6	1	5	1	4	2	3	1	2	1	1	2	1	1	2	1	1	15	29	1	15	1	1	1	1
2010	1	8	3	7	3	6	5	5	1	4	2	3	1	2	1	1	2	1	1	2	1	1	5	3	1	5	1	1	1	1
2020	1	8	1	7	3	6	2	5	1	4	1	3	4	2	4	1	4	4	1	12	1	1	2	10	1	2	1	1	1	1
2030	1	8	6	7	23	6	3	5	1	4	4	3	6	2	23	1	13	23	9	13	1	9	11	23	1	11	1	1	1	1
2040	1	8	3	7	6	6	5	5	1	4	1	3	5	2	2	1	1	16	1	1	1	1	5	21	1	5	1	1	1	1
2050	1	8	3	7	6	6	5	5	2	4	1	3	2	2	1	1	1	9	2	1	1	2	5	21	1	5	1	1	1	1
2060	1	8	7	7	3	6	1	5	1	4	1	3	2	2	2	1	1	2	1	1	1	1	5	26	1	15	1	1	1	1
2070	2	8	6	7	6	6	1	5	1	4	4	3	1	2	1	1	4	1	1	4	1	1	1	6	2	1	1	2	1	1
2080	1	8	6	7	6	6	5	5	2	4	2	3	1	2	1	1	2	1	2	2	1	2	5	6	1	5	1	1	1	1
2090	1	8	6	7	6	6	5	5	2	4	2	3	1	2	1	1	1	1	2	9	1	2	3	6	1	17	1	1	1	1
2100	1	8	7	7	6	6	5	5	1	4	1	3	5	2	1	1	1	15	1	1	1	1	5	29	1	5	1	1	1	1
2110	1	8	6	7	6	6	3	5	1	4	4	3	5	2	5	1	4	5	1	4	1	1	3	6	1	3	1	1	1	1
2120	1	8	29	7	7	6	5	5	2	4	1	3	21	2	6	1	1	21	9	1	1	9	5	29	1	5	1	1	1	1
2130	1	8	25	7	2	6	16	5	1	4	4	3	10	2	3	1	4	10	1	4	1	1	5	25	1	16	1	1	1	1
2140	1	8	7	7	7	6	4	5	1	4	2	3	2	2	2	1	2	2	1	2	1	1	4	7	1	4	1	1	1	1
2150	1	8	23	7	6	6	3	5	2	4	1	3	5	2	5	1	1	5	2	1	1	2	11	23	1	11	1	1	1	1
2160	2	8	6	7	6	6	1	5	3	4	3	3	5	2	5	1	3	5	3	3	1	3	1	6	2	1	1	2	1	1
2170	2	8	3	7	3	6	2	5	1	4	4	3	3	2	6	1	4	21	1	4	1	1	2	3	2	2	1	2	1	1
2180	1	8	26	7	3	6	1	5	2	4	12	3	5	2	5	1	1	5	2	12	1	2	5	26	1	15	1	1	1	1
2190	1	8	6	7	6	6	1	5	1	4	1	3	5	2	5	1	1	5	1	1	1	1	1	6	1	1	1	1	1	1
2200	1	8	7	7	7	6	1	5	1	4	2	3	1	2	15	1	2	15	1	2	1	1	1	7	1	1	1	1	1	1
2210	2	8	7	7	7	6	1	5	1	4	4	3	5	2	5	1	4	5	1	4	1	1	5	7	2	15	1	2	1	1
2220	1	8	3	7	3	6	1	5	2	4	2	3	2	2	9	1	2	9	2	2	1	2	2	3	1	9	1	1	1	1
2230	2	8	6	7	6	6	5	5	1	4	1	3	1	2	1	1	1	1	1	1	1	1	5	6	2	5	1	2	1	1
2240	1	8	7	7	7	6	1	5	2	4	4	3	2	2	2	1	4	2	2	4	1	2	1	7	1	1	1	1	1	1
2250	1	8	29	7	7	6	2	5	1	4	2	3	1	2	1	1	2	1	1	2	1	1	2	29	1	2	1	1	1	1
2260	1	8	6	7	6	6	5	5	2	4	3	3	6	2	6	1	3	6	2	3	1	2	5	6	1	5	1	1	1	1
2270	1	8	7	7	6	6	4	5	1	4	1	3	2	2	2	1	1	2	1	1	1	1	4	29	1	4	1	1	1	1
2280	2	8	2	7	6	6	15	5	3	4	14	3	4	2	4	1	4	4	10	14	1	10	5	20	2	15	1	2	1	1
2290	2	8	7	7	6	6	1	5	1	4	2	3	4	2	4	1	2	4	2	2	1	9	4	29	2	12	1	2	1	1
2300	1	8	6	7	6	6	1	5	1	4	1	3	1	2	1	1	1	1	1	1	1	1	5	6	1	15	1	1	1	1
2310	2	8	7	7	7	6	4	5	1	4	2	3	3	2	3	1	2	3	1	2	1	1	4	7	2	4	1	2	1	1
2320	1	8	6	7	6	6	5	5	1	4	1	3	1	2	1	1	1	1	1	1	1	1	5	6	1	5	1	1	1	1
2330	1	8	6	7	21	6	4	5	2	4	3	3	2	2	1	1	3	9	2	3	1	2	4	21	1	4	1	1	1	1
2340	1	8	7	7	7	6	4	5	1	4	4	3	5	2	5	1	4	5	1	4	1	1	4	7	1	4	1	1	1	1
2350	2	8	6	7	6	6	1	5	2	4	4	3	5	2	5	1	13	5	2	13	1	2	1	6	2	1	1	2	1	1
2360	2	8	3	7	21	6	5	5	1	4	1	3	2	2	2	1	1	2	1	1	1	1	5	21	2	5	1	2	1	1
2370	2	8	18	7	5	6	1	5	1	4	4	3	4	2	4	1	4	4	1	4	1	1	1	18	2	1	1	2	1	1
2380	1	8	27	7	4	6	1	5	1	4	1	3	15	2	5	1	12	15	1	12	1	1	1	27	1	1	1	1	1	1
2390	1	8	7	7	7	6	1	5	1	4	1	3	5	2	5	1	1	5	1	1	1	1	1	7	1	1	1	1	1	1
2400	1	8	6	7	20	6	4	5	1	4	1	3	6	2	6	1	1	6	1	1	1	1	4	20	2	4	1	9	1	1
2410	2	8	6	7	6	6	4	5	2	4	2	3	2	2	2	1	2	2	2	2	1	2	12	6	2	12	1	2	1	1
2420	2	8	6	7	6	6	3	5	1	4	4	3	5	2	5	1	4	5	1	4	1	1	3	6	2	3	1	2	1	1
2430	1	8	7	7	6	6	5	5	2	4	2	3	1	2	1	1	1	1	2	9	1	2	5	29	2	5	1	9	1	1
2440	2	8	3	7	3	6	5	5	1	4	2	3	5	2	5	1	2	5	1	2	1	1	5	3	2	5	1	2	1	1
2450	2	8	7	7	7	6	5	5	3	4	2	3	5	2	5	1	2	5	3	2	1	3	1	7	2	15	1	2	1	1
2460	2	8	3	7	3	6	1	5	1	4	1	3	1	2	1	1	1	1	1	1	1	1	1	3	1	1	1	9	1	1
2470	2	8	4	7	3	6	2	5	3	4	1	3	5	2	4	1	1	18	3	1	1	3	2	14	2	2	1	2	1	1
2480	1	8	7	7	7	6	3	5	1	4	1	3	1	2	1	1	1	1	1	1	1	1	3	7	1	3	1	1	1	1
2490	1	8	7	7	7	6	2	5	2	4	2	3	3	2	3	1	2	3	2	2	1	2	2	7	1	2	1	1	1	1
2500	1	8	27	7	4	6	2	5	1	4	3	3	2	2	2	1	3	2	1	3	1	1	2	27	1	2	1	1	1	1
2510	2	8	2	7	2	6	5	5	1	4	3	3	2	2	1	1	3	9	1	3	1	1	5	2	2	5	1	2	1	1
2520	1	8	7	7	25	6	11	5	2	4	2	3	3	2	21	1	2	21	2	2	1	2	2	25	1	11	1	1	1	1
2530	1	8	3	7	21	6	5	5	2	4	2	3	5	2	5	1	2	5	2	2	1	2	5	21	1	5	1	1	1	1
2540	1	8	7	7	29	6	1	5	1	4	2	3	4	2	4	1	2	4	1	2	1	1	1	29	9	1	1	9	1	1
2550	1	8	7	7	7	6	1	5	1	4	2	3	2	2	2	1	2	2	1	2	1	1	1	7	1	1	1	1	1	1
2560	2	8	6	7	6	6	5	5	1	4	1	3	1	2	1	1	1	1	1	1	1	1	5	6	2	5	1	2	1	1
2570	1	8	7	7	7	6	1	5	1	4	4	3	2	2	2	1	4	2	1	4	1	1	1	7	1	1	1	1	1	1
2580	1	8	4	7	4	6	2	5	2	4	1	3	16	2	5	1	1	16	1	1	1	9	2	4	1	2	1	1	1	1
2590	1	8	3	7	6	6	1	5	2	4	4	3	2	2	2	1	4	2	2	4	1	2	1	21	1	1	1	1	1	1
2600	1	8	6	7	6	6	4	5	2	4	1	3	1	2	1	1	1	1	2	1	1	2	4	6	1	4	1	1	1	1
2610	1	8	7	7	7	6	1	5	2	4	2	3	4	2	4	1	2	4	2	2	1	2	5	7	1	15	1	1	1	1
2620	1	8	7	7	7	6	3	5	1	4	2	3	4	2	4	1	2	4	1	2	1	1	3	7	1	3	1	1	1	1
2630	1	8	3	7	3	6	1	5	2	4	2	3	2	2	2	1	2	2	2	2	1	2	1	3	1	1	1	1	1	1
2640	1	8	7	7	7	6	5	5	1	4	1	3	4	2	4	1	1	4	1	1	1	1	5	7	1	5	1	1	1	1
2650	2	8	7	7	7	6	2	5	1	4	3	3	1	2	1	1	3	1	1	3	1	1	1	7	2	9	1	2	1	1
2660	1	8	1	7	19	6	1	5	2	4	4	3	2	2	9	1	12	9	2	12	1	2	1	19	1	1	1	1	1	1
2670	1	8	3	7	6	6	16	5	2	4	4	3	1	2	1	1	4	1	1	4	1	9	5	21	1	16	1	1	1	1
2680	2	8	6	7	6	6	5	5	1	4	1	3	5	2	5	1	1	5	1	1	1	1	5	6	2	5	1	2	1	1
2690	1	8	6	7	6	6	5	5	2	4	3	3	5	2	1	1	3	15	2	3	1	2	5	6	1	5	1	1	1	1
2700	2	8	3	7	6	6	2	5	1	4	4	3	2	2	20	1	4	20	1	4	1	1	2	21	2	2	1	2	1	1
2710	2	8	6	7	6	6	4	5	1	4	3	3	1	2	1	1	3	1	1	3	1	1	4	6	2	4	1	2	1	1
2720	1	8	1	7	15	6	2	5	2	4	1	3	6	2	6	1	1	6	2	1	1	2	2	15	1	2	1	1	1	1
2730	1	8	6	7	6	6	1	5	1	4	1	3	1	2	1	1	1	1	1	1	1	1	1	6	1	1	1	1	1	1
2740	1	8	4	7	1	6	1	5	3	4	4	3	1	2	1	1	4	1	3	4	1	3	1	12	1	1	1	1	1	1
2750	1	8	7	7	5	6	5	5	2	4	2	3	2	2	1	1	2	9	2	2	1	2	5	28	1	5	1	1	1	1
2760	1	8	6	7	6	6	4	5	2	4	4	3	18	2	5	1	4	18	2	4	1	2	12	6	1	12	1	1	1	1
2770	2	8	7	7	29	6	4	5	2	4	1	3	2	2	2	1	1	2	2	1	1	2	4	29	2	4	1	2	1	1
2780	2	8	1	7	1	6	5	5	1	4	4	3	6	2	6	1	13	6	1	13	1	1	5	1	2	5	1	2	1	1
2790	2	8	3	7	3	6	1	5	1	4	4	3	5	2	5	1	4	5	1	4	1	1	1	3	2	1	1	2	1	1
2800	1	8	3	7	3	6	4	5	2	4	1	3	5	2	5	1	1	5	2	1	1	2	4	3	1	4	1	1	1	1
2810	2	8	7	7	29	6	1	5	2	4	2	3	2	2	2	1	2	2	2	2	1	2	1	29	2	1	1	2	1	1
2820	1	8	21	7	6	6	3	5	1	4	1	3	1	2	1	1	1	1	1	1	1	1	3	21	1	3	1	1	1	1
2830	1	8	28	7	7	6	12	5	1	4	4	3	6	2	6	1	4	6	1	4	1	1	4	28	1	12	1	1	1	1
2840	2	8	7	7	29	6	1	5	2	4	1	3	1	2	1	1	1	1	2	1	1	2	1	29	2	1	1	2	1	1
2850	2	8	3	7	10	6	5	5	1	4	4	3	5	2	5	1	12	5	1	12	1	1	5	10	2	5	1	2	1	1
2860	2	8	3	7	7	6	2	5	1	4	3	3	1	2	4	1	3	12	1	3	1	1	2	26	2	2	1	2	1	1
2870	2	8	6	7	6	6	4	5	1	4	1	3	2	2	2	1	1	2	1	1	1	1	4	6	2	4	1	2	1	1
2880	9	8	5	7	5	6	5	5	2	4	4	3	2	2	2	1	4	2	2	4	1	2	1	5	1	15	1	9	1	1
2890	1	8	3	7	3	6	3	5	2	4	1	3	1	2	1	1	1	1	2	1	1	2	3	3	1	3	1	1	1	1
2900	1	8	6	7	6	6	1	5	1	4	1	3	3	2	14	1	1	14	1	1	1	1	4	6	1	12	1	1	1	1
2910	1	8	6	7	6	6	1	5	2	4	2	3	5	2	5	1	2	5	2	2	1	2	1	6	1	1	1	1	1	1
2920	1	8	7	7	7	6	2	5	1	4	2	3	4	2	4	1	2	4	1	2	1	1	2	7	1	2	1	1	1	1
2930	1	8	3	7	21	6	4	5	1	4	1	3	1	2	1	1	1	1	1	1	1	1	4	21	1	4	1	1	1	1
2940	2	8	6	7	6	6	2	5	2	4	12	3	1	2	5	1	1	15	2	12	1	2	11	6	2	11	1	2	1	1
2950	1	8	6	7	6	6	12	5	1	4	1	3	4	2	4	1	1	4	1	1	1	1	1	6	1	12	1	1	1	1
2960	9	8	6	7	6	6	1	5	1	4	1	3	16	2	5	1	1	16	1	1	1	1	1	6	1	1	1	9	1	1
2970	1	8	7	7	29	6	1	5	1	4	4	3	4	2	5	1	4	18	1	4	1	1	15	29	1	15	1	1	1	1
2980	1	8	2	7	6	6	1	5	2	4	3	3	5	2	5	1	3	5	2	3	1	2	1	20	1	1	1	1	1	1
2990	2	8	7	7	28	6	1	5	2	4	2	3	1	2	1	1	2	1	2	2	1	2	1	28	2	1	1	2	1	1
3000	2	8	7	7	7	6	5	5	2	4	1	3	1	2	1	1	1	1	2	1	1	2	5	7	2	5	1	2	1	1
3010	2	8	7	7	29	6	4	5	1	4	1	3	5	2	5	1	1	5	1	1	1	1	4	29	2	4	1	2	1	1
3020	1	8	2	7	2	6	4	5	1	4	4	3	5	2	17	1	4	17	1	4	1	1	4	2	1	4	1	1	1	1
3030	2	8	6	7	6	6	2	5	3	4	1	3	3	2	6	1	1	21	3	1	1	3	2	6	2	2	1	2	1	1
3040	2	8	3	7	6	6	5	5	1	4	3	3	1	2	1	1	3	1	1	3	1	1	5	21	2	5	1	2	1	1
3050	1	8	7	7	7	6	1	5	1	4	1	3	5	2	5	1	1	5	1	1	1	1	1	7	1	1	1	1	1	1
3060	1	8	3	7	3	6	4	5	11	4	2	3	2	2	2	1	2	2	3	2	1	11	12	3	1	12	1	1	1	1
3070	2	8	6	7	6	6	1	5	1	4	9	3	6	2	6	1	1	6	1	9	1	1	1	6	2	1	1	2	1	1
3080	1	8	29	7	6	6	5	5	2	4	3	3	9	2	2	1	3	9	2	3	1	2	5	29	1	5	1	1	1	1
3090	1	8	7	7	7	6	5	5	1	4	12	3	4	2	4	1	4	4	1	12	1	1	5	7	1	5	1	1	1	1
3100	2	8	1	7	3	6	5	5	1	4	2	3	4	2	4	1	2	4	1	2	1	1	5	10	1	5	1	9	1	1
3110	1	8	7	7	7	6	5	5	1	4	1	3	5	2	5	1	4	5	1	12	1	1	3	7	1	17	1	1	1	1
3120	2	8	7	7	7	6	5	5	1	4	1	3	15	2	5	1	1	15	1	1	1	1	15	7	2	15	1	2	1	1
3130	2	8	3	7	3	6	4	5	2	4	2	3	2	2	2	1	2	2	2	2	1	2	4	3	2	4	1	2	1	1
3140	1	8	7	7	7	6	1	5	2	4	2	3	1	2	1	1	2	1	2	2	1	2	15	7	1	15	1	1	1	1
3150	2	8	6	7	6	6	4	5	1	4	4	3	1	2	1	1	4	1	1	4	1	1	4	6	2	4	1	2	1	1
3160	1	8	3	7	3	6	5	5	1	4	4	3	1	2	1	1	4	1	1	4	1	1	4	3	1	18	1	1	1	1
3170	2	8	7	7	7	6	5	5	1	4	1	3	4	2	4	1	1	4	1	1	1	1	4	7	2	18	1	2	1	1
3180	2	8	3	7	3	6	4	5	1	4	1	3	2	2	2	1	1	2	1	1	1	1	4	3	2	4	1	2	1	1
3190	2	8	6	7	19	6	4	5	1	4	1	3	1	2	1	1	1	1	1	1	1	1	4	19	2	4	1	2	1	1
3200	2	8	7	7	7	6	4	5	1	4	2	3	2	2	1	1	2	9	1	2	1	1	4	7	2	4	1	2	1	1
3210	2	8	3	7	3	6	5	5	1	4	1	3	1	2	1	1	1	1	1	1	1	1	5	3	2	5	1	2	1	1
3220	2	8	3	7	3	6	5	5	1	4	2	3	3	2	3	1	2	3	1	2	1	1	15	3	2	15	1	2	1	1
3230	1	8	7	7	7	6	3	5	2	4	1	3	1	2	9	1	1	9	2	1	1	2	3	7	1	3	1	1	1	1
3240	1	8	6	7	6	6	1	5	2	4	2	3	5	2	5	1	2	5	2	2	1	2	1	6	1	1	1	1	1	1
3250	1	8	6	7	3	6	4	5	2	4	4	3	4	2	4	1	4	4	2	4	1	2	4	21	1	4	1	1	1	1
3260	1	8	3	7	3	6	5	5	1	4	2	3	1	2	1	1	2	1	1	2	1	1	5	3	1	5	1	1	1	1
3270	1	8	7	7	7	6	2	5	1	4	13	3	1	2	3	1	2	10	2	13	1	9	2	7	1	2	1	1	1	1
3280	1	8	7	7	7	6	4	5	2	4	1	3	6	2	6	1	1	6	2	1	1	2	4	7	1	4	1	1	1	1
3290	2	8	27	7	7	6	10	5	2	4	4	3	5	2	5	1	13	5	2	13	1	2	3	27	2	10	1	2	1	1
3300	2	8	29	7	6	6	5	5	2	4	2	3	4	2	4	1	2	4	2	2	1	2	5	29	2	5	1	2	1	1
3310	1	8	7	7	7	6	1	5	1	4	1	3	5	2	5	1	1	5	1	1	1	1	1	7	1	1	1	1	1	1
3320	2	8	6	7	21	6	15	5	1	4	1	3	5	2	15	1	1	15	1	1	1	1	5	21	2	15	1	2	1	1
3330	1	8	4	7	6	6	3	5	1	4	1	3	2	2	2	1	1	2	1	1	1	1	3	22	1	3	1	1	1	1
3340	1	8	6	7	6	6	18	5	1	4	1	3	1	2	1	1	1	1	1	1	1	1	5	6	1	18	1	1	1	1
3350	2	8	7	7	6	6	1	5	2	4	4	3	5	2	5	1	4	5	2	4	1	2	1	29	2	1	1	2	1	1
3360	1	8	21	7	6	6	1	5	1	4	4	3	1	2	1	1	4	1	1	4	1	1	1	21	1	1	1	1	1	1
3370	1	8	7	7	7	6	1	5	1	4	1	3	5	2	5	1	1	5	1	1	1	1	1	7	1	1	1	1	1	1
3380	1	8	7	7	7	6	13	5	2	4	2	3	13	2	4	1	2	13	2	2	1	2	2	7	1	13	1	1	1	1
3390	1	8	6	7	29	6	4	5	1	4	3	3	21	2	3	1	3	21	9	3	1	9	1	29	1	12	1	1	1	1
3400	1	8	7	7	7	6	5	5	2	4	2	3	5	2	1	1	2	15	2	2	1	2	15	7	1	15	1	1	1	1
3410	1	8	7	7	7	6	5	5	2	4	2	3	5	2	5	1	2	5	2	2	1	2	15	7	1	15	1	1	1	1
3420	1	8	6	7	6	6	1	5	2	4	2	3	1	2	1	1	2	1	2	2	1	2	1	6	1	1	1	1	1	1
3430	2	8	7	7	3	6	1	5	1	4	2	3	1	2	1	1	2	1	10	2	1	10	2	26	2	9	1	2	1	1
3440	1	8	7	7	6	6	1	5	1	4	4	3	9	2	1	1	4	9	1	4	1	1	15	29	1	15	1	1	1	1
3450	2	8	7	7	6	6	5	5	1	4	4	3	11	2	2	1	4	11	1	4	1	1	5	29	9	5	1	9	1	1
3460	1	8	6	7	6	6	1	5	1	4	1	3	4	2	1	1	1	12	1	1	1	1	1	6	1	1	1	1	1	1
3470	1	8	6	7	6	6	12	5	2	4	2	3	1	2	15	1	2	15	2	2	1	2	1	6	1	12	1	1	1	1
3480	2	8	21	7	6	6	5	5	2	4	4	3	5	2	5	1	4	5	2	4	1	2	5	21	2	5	1	2	1	1
3490	1	8	7	7	7	6	5	5	2	4	9	3	5	2	18	1	1	18	2	9	1	2	15	7	1	15	1	1	1	1
3500	2	8	6	7	6	6	1	5	2	4	2	3	5	2	5	1	2	5	2	2	1	2	1	6	2	1	1	2	1	1
3510	1	8	3	7	3	6	1	5	3	4	3	3	5	2	5	1	3	5	3	3	1	3	1	3	1	1	1	1	1	1
3520	1	8	7	7	28	6	1	5	3	4	4	3	5	2	5	1	4	5	3	4	1	3	5	28	1	15	1	1	1	1
3530	2	8	6	7	6	6	5	5	1	4	1	3	2	2	2	1	1	2	1	1	1	1	2	6	2	16	1	2	1	1
3540	1	8	3	7	6	6	5	5	1	4	4	3	5	2	5	1	4	5	1	4	1	1	5	21	1	5	1	1	1	1
3550	2	8	6	7	6	6	5	5	1	4	1	3	5	2	5	1	1	5	1	1	1	1	15	6	2	15	1	2	1	1
3560	1	8	3	7	3	6	4	5	1	4	1	3	5	2	5	1	1	5	1	1	1	1	14	3	1	14	1	1	1	1
3570	2	8	21	7	3	6	1	5	1	4	4	3	3	2	3	1	4	3	1	4	1	1	15	21	2	15	1	2	1	1
3580	1	8	6	7	6	6	5	5	1	4	4	3	1	2	1	1	4	1	1	4	1	1	5	6	1	5	1	1	1	1
3590	2	8	26	7	7	6	2	5	1	4	4	3	5	2	5	1	2	5	1	13	1	1	2	26	2	2	1	2	1	1
3600	1	8	7	7	7	6	5	5	1	4	1	3	2	2	2	1	1	2	1	1	1	1	5	7	1	5	1	1	1	1
3610	1	8	7	7	7	6	1	5	1	4	4	3	1	2	1	1	4	1	1	4	1	1	1	7	1	1	1	1	1	1
3620	1	8	7	7	7	6	5	5	1	4	3	3	5	2	5	1	3	5	1	3	1	1	5	7	1	5	1	1	1	1
3630	2	8	3	7	3	6	18	5	2	4	2	3	5	2	5	1	2	5	2	2	1	2	4	3	2	18	1	2	1	1
3640	1	8	7	7	7	6	5	5	2	4	2	3	5	2	1	1	2	15	2	2	1	2	5	7	1	5	1	1	1	1
3650	1	8	6	7	6	6	2	5	2	4	10	3	2	2	2	1	3	2	2	10	1	2	2	6	1	2	1	1	1	1
3660	2	8	3	7	1	6	5	5	1	4	3	3	4	2	4	1	3	4	1	3	1	1	5	10	2	5	1	2	1	1
3670	1	8	3	7	6	6	4	5	2	4	2	3	5	2	5	1	2	5	2	2	1	2	2	21	1	13	1	1	1	1
3680	1	8	3	7	3	6	1	5	1	4	1	3	1	2	1	1	9	1	1	9	1	1	1	3	1	1	1	1	1	1
3690	1	8	2	7	2	6	5	5	1	4	4	3	1	2	1	1	4	1	1	4	1	1	5	2	1	5	1	1	1	1
3700	2	8	7	7	7	6	4	5	2	4	4	3	2	2	2	1	4	2	2	4	1	2	4	7	2	4	1	2	1	1
3710	1	8	6	7	6	6	5	5	1	4	1	3	2	2	2	1	1	2	1	1	1	1	5	6	1	5	1	1	1	1
3720	1	8	29	7	7	6	5	5	1	4	1	3	1	2	1	1	1	1	1	1	1	1	2	29	1	16	1	1	1	1
3730	1	8	5	7	5	6	5	5	2	4	2	3	5	2	1	1	2	15	3	2	1	11	5	5	1	5	1	1	1	1
3740	2	8	6	7	7	6	2	5	1	4	2	3	5	2	5	1	2	5	1	2	1	1	2	29	2	2	1	2	1	1
3750	1	8	3	7	3	6	2	5	1	4	2	3	2	2	3	1	2	11	1	2	1	1	2	3	1	2	1	1	1	1
3760	1	8	21	7	6	6	1	5	1	4	3	3	2	2	2	1	11	2	1	11	1	1	3	21	1	10	1	1	1	1
3770	1	8	7	7	7	6	9	5	1	4	4	3	5	2	5	1	4	5	1	4	1	1	2	7	1	9	1	1	1	1
3780	1	8	6	7	6	6	5	5	2	4	2	3	5	2	5	1	2	5	2	2	1	2	5	6	1	5	1	1	1	1
3790	2	8	6	7	3	6	4	5	1	4	2	3	5	2	5	1	2	5	1	2	1	1	4	21	2	4	1	2	1	1
3800	2	8	7	7	7	6	5	5	3	4	1	3	1	2	1	1	1	1	3	1	1	3	5	7	2	5	1	2	1	1
3810	1	8	29	7	6	6	3	5	1	4	1	3	1	2	1	1	1	1	1	1	1	1	3	29	1	3	1	1	1	1
3820	2	8	7	7	7	6	5	5	1	4	3	3	1	2	15	1	3	15	1	3	1	1	5	7	2	5	1	2	1	1
3830	1	8	3	7	3	6	5	5	2	4	2	3	1	2	1	1	2	1	2	2	1	2	5	3	1	5	1	1	1	1
3840	1	8	3	7	3	6	4	5	2	4	2	3	15	2	5	1	2	15	2	2	1	2	18	3	1	18	1	1	1	1
3850	1	8	7	7	7	6	5	5	2	4	2	3	5	2	5	1	2	5	2	2	1	2	5	7	1	5	1	1	1	1
3860	2	8	26	7	7	6	1	5	1	4	4	3	2	2	9	1	4	9	1	4	1	1	1	26	2	1	1	2	1	1
3870	1	8	7	7	7	6	1	5	2	4	3	3	12	2	1	1	3	12	2	3	1	2	10	7	1	10	1	1	1	1
3880	1	8	3	7	3	6	5	5	2	4	4	3	4	2	4	1	12	4	3	12	1	11	5	3	1	5	1	1	1	1
3890	1	8	6	7	6	6	4	5	1	4	4	3	5	2	5	1	1	5	1	12	1	1	3	6	1	14	1	1	1	1
3900	1	8	3	7	6	6	5	5	2	4	4	3	5	2	5	1	4	5	2	4	1	2	2	21	2	16	1	9	1	1
3910	2	8	7	7	29	6	4	5	1	4	1	3	2	2	2	1	1	2	1	1	1	1	4	29	9	4	1	9	1	1
3920	1	8	7	7	7	6	4	5	1	4	4	3	4	2	4	1	4	4	1	4	1	1	4	7	1	4	1	1	1	1
3930	1	8	6	7	6	6	5	5	1	4	1	3	1	2	1	1	1	1	1	1	1	1	5	6	1	5	1	1	1	1
3940	2	8	3	7	3	6	1	5	2	4	1	3	1	2	1	1	1	1	2	1	1	2	1	3	2	1	1	2	1	1
3950	1	8	7	7	7	6	1	5	1	4	4	3	1	2	1	1	4	1	1	4	1	1	1	7	1	1	1	1	1	1
3960	2	8	2	7	2	6	5	5	1	4	2	3	1	2	1	1	2	1	1	2	1	1	15	2	2	15	1	2	1	1
3970	1	8	6	7	3	6	5	5	1	4	4	3	4	2	4	1	4	4	9	4	1	9	5	21	1	5	1	1	1	1
3980	1	8	6	7	6	6	5	5	1	4	1	3	1	2	5	1	1	15	1	1	1	1	5	6	1	5	1	1	1	1
3990	1	8	27	7	7	6	1	5	1	4	2	3	1	2	5	1	2	15	1	2	1	1	1	27	1	1	1	1	1	1
4000	1	8	21	7	6	6	3	5	1	4	4	3	2	2	2	1	4	2	1	4	1	1	3	21	1	3	1	1	1	1
4010	2	8	3	7	3	6	5	5	2	4	2	3	1	2	1	1	2	1	2	2	1	2	5	3	2	5	1	2	1	1
4020	1	8	5	7	5	6	5	5	2	4	2	3	2	2	2	1	2	2	2	2	1	2	5	5	1	5	1	1	1	1
4030	9	8	7	7	7	6	1	5	3	4	3	3	5	2	5	1	3	5	3	3	1	3	15	7	1	15	1	9	1	1
4040	2	8	7	7	7	6	4	5	2	4	13	3	15	2	5	1	4	15	2	13	1	2	4	7	2	4	1	2	1	1
4050	1	8	7	7	7	6	2	5	1	4	1	3	1	2	1	1	1	1	1	1	1	1	2	7	1	2	1	1	1	1
4060	1	8	7	7	29	6	5	5	1	4	3	3	2	2	2	1	3	2	1	3	1	1	5	29	1	5	1	1	1	1
4070	1	8	3	7	3	6	1	5	1	4	4	3	2	2	1	1	4	9	1	4	1	1	15	3	1	15	1	1	1	1
4080	2	8	7	7	7	6	4	5	3	4	3	3	1	2	1	1	3	1	3	3	1	3	4	7	2	4	1	2	1	1
4090	2	8	6	7	21	6	5	5	1	4	4	3	2	2	2	1	4	2	1	4	1	1	15	21	2	15	1	2	1	1
4100	1	8	7	7	7	6	4	5	2	4	4	3	5	2	5	1	4	5	2	4	1	2	4	7	1	4	1	1	1	1
4110	1	8	26	7	7	6	5	5	1	4	1	3	3	2	3	1	1	3	1	1	1	1	5	26	1	5	1	1	1	1
4120	1	8	5	7	17	6	15	5	1	4	9	3	12	2	1	1	1	12	1	9	1	1	5	17	1	15	1	1	1	1
4130	1	8	3	7	3	6	4	5	2	4	2	3	5	2	5	1	4	5	2	13	1	2	1	3	1	12	1	1	1	1
4140	9	8	3	7	3	6	5	5	2	4	1	3	1	2	1	1	1	1	2	1	1	2	5	3	1	5	1	9	1	1
4150	2	8	6	7	6	6	1	5	1	4	1	3	5	2	5	1	1	5	1	1	1	1	1	6	2	1	1	2	1	1
4160	1	8	7	7	7	6	3	5	1	4	11	3	1	2	1	1	2	1	1	11	1	1	3	7	2	3	1	9	1	1
4170	1	8	6	7	6	6	1	5	1	4	2	3	6	2	6	1	2	6	1	2	1	1	15	6	1	15	1	1	1	1
4180	1	8	7	7	7	6	3	5	1	4	1	3	5	2	5	1	1	5	1	1	1	1	3	7	1	3	1	1	1	1
4190	1	8	6	7	6	6	1	5	1	4	1	3	2	2	1	1	1	9	1	1	1	1	2	6	1	9	1	1	1	1
4200	1	8	7	7	7	6	1	5	2	4	4	3	1	2	4	1	4	12	2	4	1	2	1	7	1	1	1	1	1	1
4210	1	8	7	7	7	6	1	5	1	4	4	3	1	2	1	1	4	1	1	4	1	1	5	7	1	15	1	1	1	1
4220	1	8	6	7	6	6	5	5	1	4	1	3	2	2	2	1	1	2	1	1	1	1	5	6	1	5	1	1	1	1
4230	1	8	7	7	3	6	5	5	1	4	4	3	1	2	9	1	4	9	1	4	1	1	5	26	1	5	1	1	1	1
4240	1	8	6	7	6	6	15	5	2	4	1	3	1	2	1	1	1	1	2	1	1	2	1	6	1	15	1	1	1	1
4250	1	8	3	7	6	6	4	5	2	4	2	3	5	2	5	1	2	5	2	2	1	2	4	21	1	4	1	1	1	1
4260	1	8	7	7	29	6	2	5	1	4	2	3	2	2	2	1	2	2	1	2	1	1	2	29	1	2	1	1	1	1
4270	1	8	3	7	21	6	5	5	2	4	2	3	2	2	2	1	2	2	2	2	1	2	5	21	1	5	1	1	1	1
4280	1	8	3	7	3	6	5	5	1	4	2	3	1	2	1	1	2	1	1	2	1	1	5	3	1	5	1	1	1	1
4290	1	8	6	7	6	6	5	5	1	4	4	3	5	2	5	1	4	5	1	4	1	1	5	6	1	5	1	1	1	1
4300	1	8	21	7	6	6	5	5	2	4	2	3	1	2	1	1	2	1	2	2	1	2	5	21	1	5	1	1	1	1
4310	2	8	7	7	7	6	14	5	1	4	4	3	6	2	6	1	4	6	1	4	1	1	3	7	2	14	1	2	1	1
4320	2	8	1	7	1	6	2	5	2	4	2	3	2	2	2	1	2	2	2	2	1	2	3	1	2	11	1	2	1	1
4330	1	8	7	7	7	6	4	5	2	4	4	3	3	2	3	1	4	3	2	4	1	2	4	7	1	4	1	1	1	1
4340	1	8	7	7	7	6	5	5	1	4	1	3	4	2	4	1	1	4	1	1	1	1	5	7	1	5	1	1	1	1
4350	1	8	6	7	6	6	3	5	2	4	3	3	5	2	5	1	3	5	2	3	1	2	3	6	1	3	1	1	1	1
4360	2	8	7	7	7	6	2	5	2	4	3	3	4	2	4	1	3	4	2	3	1	2	2	7	2	2	1	2	1	1
4370	2	8	29	7	6	6	18	5	2	4	2	3	4	2	22	1	2	22	2	2	1	2	4	29	2	18	1	2	1	1
4380	2	8	3	7	3	6	5	5	1	4	2	3	5	2	5	1	2	5	1	2	1	1	5	3	1	5	1	9	1	1
4390	1	8	7	7	7	6	5	5	2	4	4	3	2	2	5	1	4	16	2	4	1	2	15	7	1	15	1	1	1	1
4400	1	8	7	7	7	6	4	5	2	4	2	3	5	2	5	1	2	5	2	2	1	2	4	7	1	4	1	1	1	1
4410	1	8	7	7	6	6	5	5	1	4	1	3	1	2	1	1	1	1	1	1	1	1	5	29	1	5	1	1	1	1
4420	2	8	6	7	6	6	5	5	1	4	2	3	2	2	2	1	2	2	1	2	1	1	5	6	2	5	1	2	1	1
4430	1	8	6	7	6	6	1	5	1	4	4	3	4	2	12	1	4	12	1	4	1	1	1	6	1	1	1	1	1	1
4440	1	8	21	7	3	6	1	5	1	4	2	3	2	2	2	1	2	2	1	2	1	1	15	21	1	15	1	1	1	1
4450	1	8	5	7	15	6	4	5	3	4	1	3	2	2	16	1	1	16	1	1	1	10	4	15	1	4	1	1	1	1
4460	1	8	3	7	3	6	1	5	2	4	4	3	5	2	5	1	4	5	2	4	1	2	1	3	1	1	1	1	1	1
4470	1	8	3	7	26	6	4	5	2	4	14	3	15	2	1	1	4	15	2	14	1	2	4	26	1	4	1	1	1	1
4480	2	8	6	7	6	6	5	5	2	4	2	3	2	2	2	1	2	2	2	2	1	2	5	6	2	5	1	2	1	1
4490	1	8	7	7	29	6	5	5	1	4	1	3	1	2	1	1	1	1	1	1	1	1	5	29	1	5	1	1	1	1
4500	2	8	26	7	3	6	1	5	3	4	2	3	1	2	1	1	2	1	3	2	1	3	1	26	2	1	1	2	1	1
4510	1	8	3	7	3	6	3	5	2	4	3	3	1	2	1	1	3	1	2	3	1	2	3	3	1	3	1	1	1	1
4520	1	8	3	7	26	6	4	5	1	4	1	3	5	2	5	1	1	5	1	1	1	1	4	26	1	4	1	1	1	1
4530	2	8	7	7	7	6	5	5	2	4	2	3	1	2	1	1	2	1	2	2	1	2	5	7	2	5	1	2	1	1
4540	2	8	6	7	6	6	4	5	2	4	1	3	3	2	3	1	1	3	1	1	1	9	4	6	2	4	1	2	1	1
4550	1	8	6	7	6	6	3	5	1	4	4	3	1	2	1	1	4	1	1	4	1	1	3	6	1	3	1	1	1	1
4560	1	8	6	7	6	6	5	5	2	4	1	3	2	2	2	1	1	2	2	1	1	2	5	6	1	5	1	1	1	1
4570	1	8	3	7	3	6	1	5	2	4	3	3	1	2	1	1	3	1	2	3	1	2	1	3	1	1	1	1	1	1
4580	2	8	7	7	6	6	15	5	2	4	4	3	2	2	2	1	14	2	2	14	1	2	5	29	2	15	1	2	1	1
4590	2	8	6	7	6	6	4	5	2	4	4	3	2	2	2	1	4	2	2	4	1	2	4	6	2	4	1	2	1	1
4600	1	8	3	7	6	6	1	5	2	4	4	3	1	2	5	1	4	15	2	4	1	2	4	21	1	12	1	1	1	1
4610	1	8	6	7	6	6	5	5	3	4	4	3	5	2	5	1	4	5	3	4	1	3	5	6	1	5	1	1	1	1
4620	2	8	7	7	7	6	4	5	3	4	3	3	6	2	6	1	3	6	10	3	1	10	4	7	2	4	1	2	1	1
4630	1	8	6	7	6	6	5	5	3	4	2	3	5	2	5	1	2	5	3	2	1	3	5	6	1	5	1	1	1	1
4640	2	8	7	7	29	6	4	5	3	4	2	3	2	2	2	1	2	2	2	2	1	11	12	29	2	12	1	2	1	1
4650	2	8	3	7	3	6	1	5	3	4	4	3	3	2	11	1	4	11	3	4	1	3	1	3	2	1	1	2	1	1
4660	1	8	1	7	1	6	2	5	11	4	11	3	2	2	2	1	3	2	2	11	1	11	2	1	1	2	1	1	1	1
4670	1	8	3	7	3	6	1	5	1	4	1	3	5	2	5	1	1	5	1	1	1	1	15	3	9	15	1	9	1	1
4680	1	8	7	7	7	6	1	5	1	4	3	3	5	2	5	1	3	5	1	3	1	1	1	7	1	1	1	1	1	1
4690	2	8	6	7	6	6	2	5	1	4	1	3	4	2	4	1	1	4	1	1	1	1	4	6	2	13	1	2	1	1
4700	1	8	7	7	6	6	1	5	2	4	3	3	20	2	2	1	3	20	2	3	1	2	12	29	1	12	1	1	1	1
4710	2	8	6	7	3	6	1	5	1	4	4	3	5	2	5	1	4	5	1	4	1	1	1	21	2	1	1	2	1	1
4720	1	8	21	7	6	6	1	5	1	4	1	3	5	2	5	1	1	5	1	1	1	1	1	21	1	1	1	1	1	1
4730	1	8	7	7	7	6	5	5	2	4	3	3	4	2	4	1	3	4	2	3	1	2	5	7	1	5	1	1	1	1
4740	9	8	29	7	6	6	4	5	2	4	2	3	4	2	4	1	2	4	2	2	1	2	4	29	2	4	1	9	1	1
4750	1	8	26	7	7	6	5	5	2	4	4	3	2	2	2	1	4	2	2	4	1	2	5	26	1	5	1	1	1	1
4760	2	8	6	7	6	6	2	5	1	4	9	3	6	2	22	1	2	22	1	9	1	1	2	6	2	2	1	2	1	1
4770	2	8	6	7	6	6	12	5	1	4	4	3	1	2	1	1	4	1	1	4	1	1	1	6	2	12	1	2	1	1
4780	1	8	7	7	6	6	2	5	1	4	2	3	5	2	15	1	2	15	1	2	1	1	2	29	1	2	1	1	1	1
4790	1	8	6	7	6	6	3	5	2	4	12	3	5	2	5	1	4	5	2	12	1	2	3	6	1	3	1	1	1	1
4800	2	8	6	7	3	6	15	5	1	4	4	3	4	2	4	1	4	4	1	4	1	1	5	21	2	15	1	2	1	1
4810	2	8	3	7	6	6	5	5	1	4	1	3	1	2	1	1	1	1	1	1	1	1	5	21	2	5	1	2	1	1
4820	2	8	2	7	2	6	3	5	2	4	2	3	3	2	4	1	2	14	2	2	1	2	3	2	1	3	1	9	1	1
4830	1	8	29	7	6	6	5	5	1	4	4	3	16	2	5	1	4	16	1	4	1	1	5	29	1	5	1	1	1	1
4840	2	8	3	7	3	6	3	5	3	4	13	3	4	2	4	1	4	4	3	13	1	3	1	3	2	10	1	2	1	1
4850	1	8	3	7	3	6	1	5	2	4	2	3	5	2	15	1	2	15	2	2	1	2	1	3	1	1	1	1	1	1
4860	2	8	7	7	26	6	5	5	1	4	2	3	11	2	2	1	2	11	1	2	1	1	5	26	2	5	1	2	1	1
4870	1	8	3	7	3	6	5	5	2	4	2	3	5	2	5	1	2	5	2	2	1	2	5	3	1	5	1	1	1	1
4880	2	8	6	7	6	6	2	5	2	4	4	3	5	2	5	1	4	5	2	4	1	2	3	6	2	11	1	2	1	1
4890	1	8	5	7	16	6	1	5	1	4	4	3	3	2	3	1	4	3	1	4	1	1	1	16	1	1	1	1	1	1
4900	1	8	3	7	21	6	5	5	1	4	1	3	5	2	5	1	1	5	1	1	1	1	4	21	1	18	1	1	1	1
4910	1	8	6	7	6	6	3	5	1	4	1	3	1	2	1	1	12	1	1	12	1	1	3	6	9	3	1	9	1	1
4920	1	8	29	7	6	6	1	5	1	4	2	3	1	2	1	1	2	1	1	2	1	1	1	29	1	1	1	1	1	1
4930	1	8	3	7	21	6	4	5	1	4	2	3	2	2	2	1	2	2	1	2	1	1	4	21	1	4	1	1	1	1
4940	1	8	7	7	7	6	1	5	1	4	1	3	5	2	5	1	1	5	1	1	1	1	1	7	1	1	1	1	1	1
4950	2	8	7	7	7	6	15	5	2	4	2	3	5	2	5	1	2	5	2	2	1	2	5	7	1	15	1	9	1	1
4960	2	8	7	7	3	6	5	5	1	4	4	3	4	2	4	1	4	4	1	4	1	1	5	26	2	5	1	2	1	1
4970	1	8	26	7	3	6	5	5	2	4	3	3	4	2	4	1	3	4	2	3	1	2	5	26	1	5	1	1	1	1
4980	1	8	6	7	6	6	1	5	1	4	1	3	5	2	5	1	1	5	1	1	1	1	1	6	1	1	1	1	1	1
4990	2	8	3	7	6	6	5	5	1	4	2	3	1	2	4	1	2	12	1	2	1	1	1	21	2	15	1	2	1	1
5000	1	8	7	7	7	6	2	5	2	4	1	3	2	2	2	1	1	2	2	1	1	2	2	7	1	2	1	1	1	1
