Iteration	start_1	end_1	start_2	end_2	start_3	end_3	start_4	end_4	start_5	end_5	start_6	end_6	start_7	end_7	start_8	end_8	start_9	end_9	start_10	end_10	start_11	end_11	start_12	end_12	start_13	end_13	start_14	end_14	start_15	end_15
0	1	8	2	7	2	6	5	5	4	4	3	3	2	2	1	1	4	18	3	14	2	11	2	2	2	2	1	9	1	1
10	1	8	1	7	1	6	5	5	4	4	5	3	5	2	1	1	5	18	5	5	2	5	1	9	1	1	1	1	1	1
20	2	8	2	7	2	6	4	5	4	4	3	3	1	2	1	1	10	4	1	10	2	1	2	2	2	2	1	2	1	1
30	2	8	2	7	2	6	5	5	4	4	6	3	2	2	1	1	6	18	2	6	1	2	2	9	2	2	1	2	1	1
40	2	8	2	7	3	6	5	5	4	4	5	3	3	2	1	1	18	18	3	18	3	3	2	3	2	2	1	2	1	1
50	2	8	2	7	1	6	5	5	4	4	1	3	12	2	1	1	1	18	1	1	2	12	2	9	2	2	1	2	1	1
60	1	8	1	7	1	6	5	5	4	4	1	3	1	2	1	1	1	18	1	1	1	1	1	1	1	1	1	1	1	1
70	2	8	2	7	9	6	5	5	4	4	4	3	1	2	1	1	4	18	1	4	2	1	2	9	2	2	1	2	1	1
80	2	8	2	7	2	6	5	5	4	4	6	3	5	2	1	1	6	18	1	6	2	15	2	2	2	2	1	2	1	1
90	2	8	2	7	2	6	5	5	4	4	6	3	2	2	1	1	6	18	2	6	2	2	2	2	2	2	1	2	1	1
100	1	8	1	7	1	6	5	5	4	4	5	3	1	2	1	1	5	18	4	5	1	12	1	1	1	1	1	1	1	1
110	1	8	1	7	2	6	5	5	5	4	4	3	5	2	1	1	4	5	1	4	2	15	1	2	1	1	1	1	1	1
120	1	8	1	7	1	6	5	5	4	4	3	3	1	2	1	1	14	18	3	14	1	10	1	1	1	1	1	1	1	1
130	2	8	2	7	2	6	5	5	5	4	6	3	5	2	1	1	6	5	3	6	2	17	2	2	2	2	1	2	1	1
140	2	8	2	7	2	6	5	5	4	4	2	3	4	2	1	1	2	18	4	2	2	4	2	2	2	2	1	2	1	1
150	2	8	2	7	4	6	5	5	4	4	12	3	2	2	1	1	4	18	11	12	2	11	2	13	2	2	1	2	1	1
160	2	8	2	7	2	6	5	5	5	4	6	3	2	2	1	1	4	5	2	22	1	2	2	9	2	2	1	2	1	1
170	1	8	1	7	2	6	18	5	4	4	19	3	1	2	1	1	1	18	1	19	9	1	1	9	1	1	1	1	1	1
180	2	8	2	7	2	6	5	5	4	4	5	3	2	2	1	1	5	18	3	5	2	11	2	2	2	2	1	2	1	1
190	2	8	1	7	1	6	5	5	4	4	1	3	1	2	1	1	5	18	1	15	1	1	1	1	1	1	1	9	1	1
200	2	8	2	7	1	6	5	5	4	4	3	3	2	2	1	1	3	18	2	3	2	2	2	9	2	2	1	2	1	1
210	1	8	1	7	1	6	5	5	4	4	3	3	1	2	1	1	3	18	4	3	1	12	1	1	1	1	1	1	1	1
220	1	8	1	7	1	6	2	5	4	4	6	3	1	2	1	1	5	13	10	23	1	10	1	1	1	1	1	1	1	1
230	2	8	2	7	2	6	5	5	18	4	3	3	14	2	1	1	3	18	3	3	2	14	2	2	2	2	1	2	1	1
240	2	8	2	7	1	6	5	5	4	4	5	3	1	2	1	1	5	18	3	5	1	10	2	1	2	2	1	2	1	1
250	2	8	2	7	2	6	5	5	4	4	4	3	2	2	1	1	18	18	16	18	2	16	2	2	2	2	1	2	1	1
260	1	8	1	7	1	6	5	5	4	4	3	3	1	2	1	1	3	18	1	3	1	1	1	1	1	1	1	1	1	1
270	9	8	2	7	1	6	18	5	4	4	5	3	4	2	1	1	5	18	4	5	1	4	2	1	2	2	1	9	1	1
280	1	8	1	7	1	6	5	5	4	4	3	3	1	2	1	1	3	18	1	3	1	1	1	1	1	1	1	1	1	1
290	2	8	2	7	2	6	2	5	2	4	5	3	2	2	1	1	16	2	2	16	2	2	2	2	2	2	1	2	1	1
300	1	8	1	7	1	6	5	5	4	4	4	3	5	2	1	1	4	18	1	4	1	15	1	1	1	1	1	1	1	1
310	2	8	2	7	2	6	5	5	4	4	5	3	4	2	1	1	5	18	4	5	2	4	2	2	2	2	1	2	1	1
320	1	8	1	7	1	6	18	5	4	4	1	3	9	2	1	1	1	18	1	1	1	9	1	1	1	1	1	1	1	1
330	2	8	1	7	1	6	5	5	4	4	5	3	3	2	1	1	1	18	5	15	1	17	1	1	1	1	1	9	1	1
340	1	8	1	7	1	6	18	5	4	4	1	3	3	2	1	1	1	18	1	1	1	10	1	1	1	1	1	1	1	1
350	1	8	1	7	1	6	18	5	4	4	2	3	1	2	1	1	11	18	10	11	1	10	1	1	1	1	1	1	1	1
360	2	8	2	7	2	6	3	5	4	4	1	3	3	2	1	1	1	14	4	1	2	14	2	2	2	2	1	2	1	1
370	2	8	2	7	2	6	5	5	4	4	1	3	4	2	1	1	1	18	13	1	2	13	2	2	2	2	1	2	1	1
380	1	8	1	7	1	6	5	5	4	4	2	3	3	2	1	1	4	18	11	13	1	11	1	1	1	1	1	1	1	1
390	2	8	2	7	2	6	5	5	4	4	5	3	1	2	1	1	5	18	2	5	2	9	2	2	2	2	1	2	1	1
400	1	8	1	7	4	6	5	5	4	4	2	3	5	2	1	1	11	18	2	11	12	16	1	12	1	1	1	1	1	1
410	2	8	2	7	2	6	5	5	4	4	4	3	1	2	1	1	6	18	1	22	2	1	2	2	2	2	1	2	1	1
420	2	8	2	7	2	6	5	5	18	4	2	3	4	2	1	1	2	18	4	2	2	4	2	2	2	2	1	2	1	1
430	1	8	2	7	3	6	5	5	4	4	3	3	2	2	1	1	6	18	2	21	3	2	9	3	9	9	1	9	1	1
440	2	8	2	7	2	6	5	5	5	4	1	3	2	2	1	1	15	5	2	15	2	2	2	2	2	2	1	2	1	1
450	1	8	2	7	2	6	5	5	5	4	1	3	4	2	1	1	5	5	4	15	2	4	2	2	2	2	1	9	1	1
460	2	8	1	7	4	6	4	5	4	4	6	3	2	2	1	1	23	4	1	23	12	9	1	12	1	1	1	9	1	1
470	1	8	1	7	1	6	5	5	4	4	3	3	1	2	1	1	3	18	1	3	1	1	1	1	1	1	1	1	1	1
480	1	8	2	7	2	6	4	5	4	4	1	3	3	2	1	1	1	4	3	1	2	3	2	2	2	2	1	9	1	1
490	1	8	2	7	4	6	5	5	4	4	6	3	3	2	1	1	4	18	1	22	1	10	2	12	2	2	1	9	1	1
500	1	8	1	7	1	6	5	5	4	4	6	3	5	2	1	1	6	18	5	6	1	5	1	1	1	1	1	1	1	1
510	2	8	2	7	1	6	5	5	4	4	2	3	4	2	1	1	6	18	2	20	1	13	2	1	2	2	1	2	1	1
520	1	8	1	7	4	6	5	5	5	4	2	3	4	2	1	1	6	5	1	20	1	12	1	12	1	1	1	1	1	1
530	2	8	2	7	1	6	5	5	4	4	18	3	1	2	1	1	4	18	1	18	2	1	2	9	2	2	1	2	1	1
540	1	8	1	7	1	6	18	5	4	4	2	3	4	2	1	1	5	18	4	16	1	4	1	1	1	1	1	1	1	1
550	2	8	2	7	2	6	5	5	4	4	6	3	4	2	1	1	19	18	13	19	2	13	2	2	2	2	1	2	1	1
560	1	8	1	7	3	6	18	5	4	4	5	3	10	2	1	1	5	18	3	5	3	10	1	3	1	1	1	1	1	1
570	2	8	2	7	2	6	4	5	4	4	1	3	2	2	1	1	1	4	2	1	2	2	2	2	2	2	1	2	1	1
580	2	8	2	7	1	6	5	5	4	4	2	3	2	2	1	1	2	18	2	2	2	2	2	9	2	2	1	2	1	1
590	2	8	2	7	2	6	18	5	4	4	4	3	4	2	1	1	4	18	12	4	2	12	2	2	2	2	1	2	1	1
600	1	8	2	7	2	6	5	5	4	4	2	3	4	2	1	1	2	18	2	2	2	13	2	2	2	2	1	9	1	1
610	2	8	2	7	2	6	5	5	4	4	5	3	2	2	1	1	1	18	2	15	2	2	2	2	2	2	1	2	1	1
620	1	8	1	7	1	6	4	5	4	4	17	3	5	2	1	1	5	4	5	17	1	5	1	1	1	1	1	1	1	1
630	1	8	1	7	1	6	5	5	4	4	3	3	4	2	1	1	3	18	4	3	1	4	1	1	1	1	1	1	1	1
640	2	8	2	7	3	6	5	5	4	4	17	3	5	2	1	1	5	18	5	17	11	5	2	11	2	2	1	2	1	1
650	1	8	1	7	12	6	5	5	4	4	6	3	3	2	1	1	23	18	3	23	4	3	1	12	1	1	1	1	1	1
660	1	8	1	7	1	6	5	5	4	4	4	3	4	2	1	1	4	18	4	4	4	4	1	12	1	1	1	1	1	1
670	1	8	1	7	1	6	4	5	4	4	5	3	2	2	1	1	5	4	13	5	1	13	1	1	1	1	1	1	1	1
680	1	8	1	7	1	6	5	5	4	4	5	3	4	2	1	1	5	18	5	5	1	18	1	1	1	1	1	1	1	1
690	1	8	1	7	1	6	5	5	4	4	1	3	1	2	1	1	4	18	1	12	1	1	1	1	1	1	1	1	1	1
700	1	8	1	7	2	6	18	5	4	4	1	3	2	2	1	1	19	18	2	19	2	2	9	2	9	9	1	9	1	1
710	2	8	2	7	2	6	5	5	4	4	3	3	2	2	1	1	1	18	2	10	2	2	2	2	2	2	1	2	1	1
720	2	8	2	7	2	6	5	5	4	4	3	3	5	2	1	1	3	18	5	3	2	5	2	2	2	2	1	2	1	1
730	1	8	1	7	4	6	5	5	18	4	6	3	5	2	1	1	6	18	1	6	1	15	1	12	1	1	1	1	1	1
740	1	8	2	7	2	6	5	5	4	4	1	3	2	2	1	1	5	18	2	15	2	2	2	2	2	2	1	9	1	1
750	1	8	2	7	9	6	5	5	18	4	6	3	3	2	1	1	6	18	10	6	1	10	9	9	9	9	1	9	1	1
760	1	8	1	7	1	6	5	5	4	4	1	3	1	2	1	1	1	18	1	1	1	1	1	1	1	1	1	1	1	1
770	2	8	2	7	2	6	18	5	4	4	4	3	4	2	1	1	4	18	4	4	2	4	2	2	2	2	1	2	1	1
780	1	8	1	7	1	6	5	5	4	4	2	3	3	2	1	1	5	18	3	16	1	3	1	1	1	1	1	1	1	1
790	1	8	1	7	1	6	18	5	4	4	3	3	1	2	1	1	3	18	1	3	1	1	1	1	1	1	1	1	1	1
800	1	8	2	7	2	6	5	5	4	4	4	3	2	2	1	1	6	18	4	22	2	13	2	2	2	2	1	9	1	1
810	2	8	2	7	2	6	5	5	4	4	2	3	2	2	1	1	2	18	2	2	2	2	2	2	2	2	1	2	1	1
820	2	8	2	7	9	6	5	5	18	4	3	3	1	2	1	1	3	18	10	3	2	10	2	9	2	2	1	2	1	1
830	2	8	2	7	2	6	5	5	18	4	3	3	4	2	1	1	3	18	4	3	2	4	2	2	2	2	1	2	1	1
840	2	8	2	7	2	6	17	5	3	4	6	3	5	2	1	1	6	17	5	6	2	5	2	2	2	2	1	2	1	1
850	1	8	1	7	1	6	5	5	4	4	2	3	3	2	1	1	1	18	1	9	1	10	1	1	1	1	1	1	1	1
860	2	8	2	7	2	6	5	5	4	4	2	3	2	2	1	1	2	18	2	2	2	2	2	2	2	2	1	2	1	1
870	1	8	1	7	1	6	5	5	4	4	3	3	4	2	1	1	14	18	4	14	4	4	1	12	1	1	1	1	1	1
880	2	8	2	7	11	6	5	5	18	4	13	3	4	2	1	1	2	18	4	13	3	4	2	11	2	2	1	2	1	1
890	2	8	2	7	2	6	5	5	4	4	2	3	5	2	1	1	2	18	5	2	2	5	2	2	2	2	1	2	1	1
900	1	8	1	7	2	6	5	5	4	4	6	3	1	2	1	1	6	18	1	6	2	1	1	2	1	1	1	1	1	1
910	9	8	1	7	1	6	5	5	4	4	5	3	1	2	1	1	5	18	1	5	1	1	1	1	1	1	1	9	1	1
920	2	8	2	7	2	6	5	5	4	4	1	3	3	2	1	1	3	18	3	10	2	3	2	2	2	2	1	2	1	1
930	2	8	2	7	2	6	5	5	1	4	6	3	3	2	1	1	21	15	3	21	2	3	2	2	2	2	1	2	1	1
940	2	8	2	7	1	6	5	5	5	4	4	3	1	2	1	1	4	5	1	4	1	1	2	1	2	2	1	2	1	1
950	1	8	1	7	1	6	5	5	4	4	1	3	3	2	1	1	1	18	3	1	3	3	1	10	1	1	1	1	1	1
960	1	8	1	7	3	6	5	5	4	4	3	3	1	2	1	1	10	18	1	10	1	1	1	10	1	1	1	1	1	1
970	2	8	2	7	2	6	5	5	4	4	3	3	5	2	1	1	17	18	5	17	2	5	9	2	9	9	1	9	1	1
980	2	8	2	7	2	6	1	5	4	4	1	3	2	2	1	1	1	12	2	1	2	2	2	2	2	2	1	2	1	1
990	2	8	2	7	2	6	5	5	4	4	2	3	2	2	1	1	2	18	2	2	2	2	2	2	2	2	1	2	1	1
1000	2	8	2	7	1	6	5	5	4	4	2	3	2	2	1	1	2	18	2	2	4	2	2	12	2	2	1	2	1	1
1010	2	8	2	7	1	6	4	5	4	4	4	3	4	2	1	1	1	4	4	12	9	4	2	9	2	2	1	2	1	1
1020	1	8	1	7	1	6	5	5	4	4	3	3	1	2	1	1	6	18	2	21	1	9	1	1	1	1	1	1	1	1
1030	2	8	2	7	4	6	18	5	4	4	21	3	16	2	1	1	3	18	5	21	4	16	2	4	2	2	1	2	1	1
1040	2	8	2	7	1	6	5	5	4	4	1	3	2	2	1	1	9	18	2	9	2	2	2	9	2	2	1	2	1	1
1050	1	8	1	7	1	6	5	5	4	4	5	3	10	2	1	1	5	18	1	5	1	10	1	1	1	1	1	1	1	1
1060	2	8	2	7	2	6	5	5	4	4	20	3	1	2	1	1	6	18	5	20	2	15	2	2	2	2	1	2	1	1
1070	1	8	1	7	1	6	5	5	4	4	6	3	3	2	1	1	6	18	3	6	1	3	1	1	1	1	1	1	1	1
1080	1	8	1	7	3	6	5	5	4	4	2	3	5	2	1	1	2	18	4	2	3	18	1	3	1	1	1	1	1	1
1090	1	8	1	7	1	6	5	5	4	4	3	3	1	2	1	1	3	18	1	3	1	1	1	1	1	1	1	1	1	1
1100	2	8	2	7	2	6	1	5	4	4	4	3	4	2	1	1	4	12	1	4	2	12	2	2	2	2	1	2	1	1
1110	1	8	1	7	1	6	5	5	18	4	2	3	3	2	1	1	2	18	3	2	1	3	1	1	1	1	1	1	1	1
1120	1	8	1	7	1	6	5	5	5	4	23	3	3	2	1	1	5	5	3	23	1	3	1	1	1	1	1	1	1	1
1130	2	8	2	7	2	6	5	5	4	4	1	3	4	2	1	1	5	18	5	15	2	18	2	2	2	2	1	2	1	1
1140	2	8	2	7	1	6	18	5	4	4	2	3	4	2	1	1	1	18	4	9	1	4	2	1	2	2	1	2	1	1
1150	2	8	2	7	2	6	18	5	4	4	1	3	13	2	1	1	4	18	4	12	2	13	2	2	2	2	1	2	1	1
1160	2	8	2	7	2	6	5	5	4	4	3	3	2	2	1	1	10	18	2	10	2	2	2	2	2	2	1	2	1	1
1170	2	8	2	7	4	6	5	5	4	4	5	3	2	2	1	1	5	18	2	5	2	2	2	13	2	2	1	2	1	1
1180	2	8	2	7	2	6	5	5	18	4	5	3	2	2	1	1	15	18	9	15	2	9	2	2	2	2	1	2	1	1
1190	2	8	2	7	9	6	5	5	4	4	5	3	12	2	1	1	5	18	4	5	1	12	2	9	2	2	1	2	1	1
1200	1	8	1	7	3	6	5	5	18	4	5	3	3	2	1	1	5	18	3	5	10	3	1	10	1	1	1	1	1	1
1210	2	8	2	7	2	6	4	5	4	4	4	3	4	2	1	1	4	4	2	4	2	13	2	2	2	2	1	2	1	1
1220	2	8	2	7	2	6	5	5	4	4	2	3	2	2	1	1	2	18	16	2	2	16	2	2	2	2	1	2	1	1
1230	1	8	1	7	4	6	5	5	4	4	20	3	12	2	1	1	6	18	1	20	12	12	1	12	1	1	1	1	1	1
1240	1	8	1	7	3	6	5	5	4	4	4	3	1	2	1	1	4	18	1	4	1	1	1	10	1	1	1	1	1	1
1250	2	8	2	7	2	6	5	5	4	4	4	3	1	2	1	1	13	18	1	13	2	1	2	2	2	2	1	2	1	1
1260	1	8	1	7	2	6	5	5	4	4	3	3	4	2	1	1	6	18	4	21	1	4	1	9	1	1	1	1	1	1
1270	2	8	2	7	1	6	5	5	4	4	5	3	4	2	1	1	15	18	4	15	1	4	2	1	2	2	1	2	1	1
1280	2	8	2	7	2	6	5	5	18	4	20	3	5	2	1	1	2	18	5	20	2	5	2	2	2	2	1	2	1	1
1290	2	8	1	7	1	6	5	5	18	4	4	3	1	2	1	1	12	18	1	12	1	1	9	1	9	9	1	9	1	1
1300	2	8	2	7	2	6	5	5	4	4	2	3	2	2	1	1	9	18	2	9	2	2	2	2	2	2	1	2	1	1
1310	1	8	1	7	1	6	5	5	4	4	5	3	3	2	1	1	5	18	3	5	1	3	1	1	1	1	1	1	1	1
1320	1	8	1	7	1	6	5	5	4	4	4	3	1	2	1	1	2	18	1	13	1	1	1	1	1	1	1	1	1	1
1330	2	8	1	7	1	6	5	5	4	4	4	3	2	2	1	1	1	18	4	12	2	13	9	9	9	9	1	9	1	1
1340	1	8	1	7	1	6	5	5	4	4	4	3	1	2	1	1	12	18	1	12	1	1	1	1	1	1	1	1	1	1
1350	9	8	2	7	2	6	5	5	18	4	3	3	4	2	1	1	3	18	14	3	2	14	2	2	2	2	1	9	1	1
1360	1	8	1	7	1	6	5	5	4	4	1	3	3	2	1	1	4	18	3	12	1	3	1	1	1	1	1	1	1	1
1370	2	8	2	7	4	6	5	5	4	4	6	3	1	2	1	1	6	18	1	6	4	1	2	4	2	2	1	2	1	1
1380	9	8	2	7	2	6	18	5	4	4	3	3	4	2	1	1	1	18	4	10	2	4	2	2	2	2	1	9	1	1
1390	2	8	2	7	2	6	6	5	4	4	1	3	4	2	1	1	1	22	1	1	2	12	2	2	2	2	1	2	1	1
1400	1	8	1	7	4	6	5	5	4	4	3	3	2	2	1	1	3	18	13	3	12	13	1	12	1	1	1	1	1	1
1410	9	8	2	7	1	6	18	5	4	4	3	3	9	2	1	1	3	18	1	3	9	9	2	9	2	2	1	9	1	1
1420	1	8	1	7	1	6	5	5	4	4	2	3	1	2	1	1	2	18	1	2	1	1	1	1	1	1	1	1	1	1
1430	2	8	2	7	2	6	5	5	4	4	2	3	2	2	1	1	6	18	2	20	2	2	2	2	2	2	1	2	1	1
1440	1	8	1	7	1	6	5	5	4	4	19	3	3	2	1	1	6	18	1	19	1	10	1	1	1	1	1	1	1	1
1450	1	8	1	7	2	6	5	5	4	4	2	3	3	2	1	1	1	18	3	9	1	3	1	9	1	1	1	1	1	1
1460	2	8	9	7	2	6	5	5	4	4	5	3	4	2	1	1	5	18	4	5	3	4	2	11	9	9	1	9	1	1
1470	2	8	2	7	2	6	5	5	5	4	3	3	1	2	1	1	3	5	1	3	2	1	2	2	2	2	1	2	1	1
1480	1	8	1	7	1	6	1	5	4	4	3	3	1	2	1	1	4	12	1	14	4	1	1	12	1	1	1	1	1	1
1490	1	8	1	7	4	6	5	5	4	4	4	3	1	2	1	1	4	18	4	4	1	12	1	12	1	1	1	1	1	1
1500	1	8	1	7	1	6	5	5	4	4	3	3	9	2	1	1	3	18	2	3	1	9	1	1	1	1	1	1	1	1
1510	2	8	2	7	1	6	5	5	4	4	1	3	4	2	1	1	1	18	4	1	2	4	2	9	2	2	1	2	1	1
1520	2	8	2	7	2	6	5	5	18	4	14	3	2	2	1	1	3	18	13	14	2	13	2	2	2	2	1	2	1	1
1530	2	8	2	7	2	6	5	5	4	4	4	3	9	2	1	1	4	18	2	4	2	9	2	2	2	2	1	2	1	1
1540	1	8	1	7	3	6	5	5	4	4	4	3	5	2	1	1	4	18	5	4	3	5	1	3	1	1	1	1	1	1
1550	1	8	1	7	1	6	5	5	4	4	10	3	1	2	1	1	3	18	1	10	1	1	1	1	1	1	1	1	1	1
1560	1	8	1	7	9	6	5	5	4	4	21	3	1	2	1	1	3	18	1	21	1	1	1	9	1	1	1	1	1	1
1570	2	8	2	7	2	6	5	5	4	4	4	3	2	2	1	1	2	18	2	13	2	2	2	2	2	2	1	2	1	1
1580	2	8	2	7	2	6	5	5	18	4	2	3	1	2	1	1	16	18	1	16	2	1	2	2	2	2	1	2	1	1
1590	1	8	1	7	1	6	5	5	4	4	5	3	4	2	1	1	5	18	4	5	1	4	1	1	1	1	1	1	1	1
1600	2	8	2	7	2	6	5	5	4	4	6	3	1	2	1	1	2	18	1	20	2	1	2	2	2	2	1	2	1	1
1610	2	8	2	7	2	6	5	5	18	4	10	3	1	2	1	1	3	18	1	10	2	1	2	2	2	2	1	2	1	1
1620	1	8	1	7	1	6	5	5	18	4	5	3	1	2	1	1	5	18	2	5	1	9	1	1	1	1	1	1	1	1
1630	2	8	2	7	2	6	5	5	4	4	3	3	2	2	1	1	6	18	4	21	2	13	2	2	2	2	1	2	1	1
1640	1	8	1	7	1	6	5	5	4	4	6	3	1	2	1	1	6	18	1	6	1	1	1	1	1	1	1	1	1	1
1650	1	8	1	7	1	6	5	5	4	4	1	3	1	2	1	1	3	18	4	10	1	12	1	1	1	1	1	1	1	1
1660	1	8	1	7	2	6	5	5	5	4	1	3	2	2	1	1	1	5	2	1	2	2	1	2	1	1	1	1	1	1
1670	1	8	1	7	1	6	5	5	18	4	4	3	4	2	1	1	4	18	1	4	1	12	1	1	1	1	1	1	1	1
1680	2	8	2	7	2	6	5	5	4	4	23	3	1	2	1	1	5	18	5	23	2	15	2	2	2	2	1	2	1	1
1690	1	8	1	7	1	6	4	5	18	4	21	3	1	2	1	1	6	18	15	21	1	15	1	1	1	1	1	1	1	1
1700	2	8	2	7	2	6	5	5	4	4	16	3	1	2	1	1	2	18	1	16	2	1	2	2	2	2	1	2	1	1
1710	2	8	1	7	1	6	5	5	4	4	3	3	1	2	1	1	3	18	5	3	1	15	1	1	1	1	1	9	1	1
1720	1	8	1	7	1	6	5	5	4	4	4	3	5	2	1	1	4	18	5	4	1	5	1	1	1	1	1	1	1	1
1730	2	8	2	7	2	6	5	5	4	4	2	3	4	2	1	1	2	18	2	2	2	13	2	2	2	2	1	2	1	1
1740	1	8	1	7	1	6	18	5	4	4	6	3	4	2	1	1	6	18	5	6	1	18	1	1	1	1	1	1	1	1
1750	2	8	1	7	1	6	5	5	4	4	3	3	5	2	1	1	5	18	5	17	1	5	1	1	1	1	1	9	1	1
1760	2	8	2	7	2	6	5	5	4	4	3	3	3	2	1	1	2	18	3	11	2	3	2	2	2	2	1	2	1	1
1770	1	8	1	7	1	6	4	5	4	4	5	3	14	2	1	1	5	4	3	5	1	14	1	1	1	1	1	1	1	1
1780	2	8	2	7	2	6	5	5	4	4	6	3	2	2	1	1	6	18	2	6	2	2	2	2	2	2	1	2	1	1
1790	2	8	2	7	1	6	15	5	5	4	18	3	1	2	1	1	5	15	1	18	1	1	2	1	2	2	1	2	1	1
1800	2	8	2	7	2	6	5	5	4	4	5	3	2	2	1	1	5	18	2	5	2	2	2	2	2	2	1	2	1	1
1810	2	8	2	7	3	6	5	5	4	4	6	3	3	2	1	1	2	18	3	20	11	3	2	11	2	2	1	2	1	1
1820	2	8	1	7	1	6	18	5	4	4	18	3	2	2	1	1	5	18	2	18	1	2	1	1	1	1	1	9	1	1
1830	2	8	2	7	3	6	5	5	4	4	6	3	3	2	1	1	6	18	3	6	11	3	2	11	2	2	1	2	1	1
1840	1	8	1	7	3	6	5	5	4	4	1	3	3	2	1	1	1	18	3	1	3	3	1	3	1	1	1	1	1	1
1850	2	8	2	7	2	6	5	5	4	4	2	3	2	2	1	1	2	18	2	2	2	2	2	2	2	2	1	2	1	1
1860	2	8	2	7	2	6	5	5	4	4	3	3	4	2	1	1	3	18	4	3	2	4	2	2	2	2	1	2	1	1
1870	2	8	2	7	2	6	4	5	4	4	4	3	1	2	1	1	13	4	1	13	2	1	2	2	2	2	1	2	1	1
1880	2	8	2	7	2	6	5	5	4	4	5	3	5	2	1	1	5	18	5	5	2	5	2	2	2	2	1	2	1	1
1890	2	8	1	7	2	6	5	5	4	4	5	3	1	2	1	1	5	18	1	5	1	1	1	9	1	1	1	9	1	1
1900	1	8	1	7	1	6	5	5	18	4	1	3	4	2	1	1	1	18	4	1	9	4	1	9	1	1	1	1	1	1
1910	1	8	1	7	1	6	5	5	4	4	17	3	5	2	1	1	3	18	5	17	1	5	1	1	1	1	1	1	1	1
1920	1	8	1	7	1	6	5	5	4	4	4	3	5	2	1	1	4	18	4	4	1	18	1	1	1	1	1	1	1	1
1930	2	8	2	7	2	6	4	5	4	4	3	3	9	2	1	1	14	4	1	14	2	9	2	2	2	2	1	2	1	1
1940	2	8	2	7	2	6	5	5	4	4	6	3	1	2	1	1	23	18	9	23	9	9	9	9	9	9	1	9	1	1
1950	2	8	2	7	2	6	5	5	4	4	3	3	2	2	1	1	4	18	2	14	2	2	2	2	2	2	1	2	1	1
1960	1	8	1	7	1	6	5	5	4	4	21	3	5	2	1	1	3	18	5	21	1	5	1	1	1	1	1	1	1	1
1970	1	8	1	7	3	6	5	5	18	4	6	3	5	2	1	1	6	18	5	6	3	5	1	3	1	1	1	1	1	1
1980	9	8	1	7	4	6	5	5	4	4	3	3	5	2	1	1	3	18	3	3	12	17	1	12	1	1	1	9	1	1
1990	2	8	2	7	3	6	5	5	18	4	20	3	4	2	1	1	6	18	4	20	3	4	2	3	2	2	1	2	1	1
2000	2	8	2	7	2	6	5	5	18	4	1	3	4	2	1	1	1	18	4	1	2	4	2	2	2	2	1	2	1	1
2010	1	8	1	7	1	6	5	5	4	4	4	3	4	2	1	1	4	18	4	4	1	4	1	1	1	1	1	1	1	1
2020	2	8	2	7	2	6	5	5	5	4	1	3	1	2	1	1	10	5	1	10	2	1	2	2	2	2	1	2	1	1
2030	2	8	2	7	1	6	5	5	4	4	2	3	3	2	1	1	2	18	2	2	2	11	2	9	2	2	1	2	1	1
2040	1	8	2	7	2	6	5	5	4	4	3	3	4	2	1	1	3	18	14	3	2	14	2	2	2	2	1	9	1	1
2050	1	8	2	7	2	6	5	5	4	4	3	3	3	2	1	1	5	18	3	17	3	3	2	11	2	2	1	9	1	1
2060	2	8	2	7	2	6	5	5	4	4	4	3	2	2	1	1	4	18	2	4	2	2	2	2	2	2	1	2	1	1
2070	1	8	1	7	1	6	5	5	4	4	3	3	1	2	1	1	3	18	1	3	1	1	1	1	1	1	1	1	1	1
2080	1	8	1	7	3	6	4	5	4	4	5	3	2	2	1	1	5	4	11	5	1	11	1	10	1	1	1	1	1	1
2090	1	8	1	7	1	6	5	5	4	4	5	3	4	2	1	1	5	18	1	5	1	12	1	1	1	1	1	1	1	1
2100	1	8	1	7	1	6	5	5	4	4	1	3	4	2	1	1	1	18	4	1	1	4	1	1	1	1	1	1	1	1
2110	1	8	1	7	1	6	18	5	4	4	5	3	2	2	1	1	5	18	2	5	2	2	1	9	1	1	1	1	1	1
2120	2	8	2	7	2	6	5	5	4	4	5	3	12	2	1	1	5	18	4	5	1	12	2	9	2	2	1	2	1	1
2130	2	8	2	7	2	6	5	5	4	4	21	3	2	2	1	1	6	18	3	21	2	11	2	2	2	2	1	2	1	1
2140	2	8	2	7	2	6	4	5	4	4	1	3	1	2	1	1	1	4	1	1	2	1	2	2	2	2	1	2	1	1
2150	1	8	1	7	1	6	5	5	4	4	4	3	3	2	1	1	4	18	4	4	1	14	1	1	1	1	1	1	1	1
2160	2	8	1	7	9	6	5	5	4	4	6	3	4	2	1	1	6	18	4	6	1	4	1	9	1	1	1	9	1	1
2170	1	8	1	7	1	6	18	5	4	4	6	3	3	2	1	1	6	18	1	6	1	10	1	1	1	1	1	1	1	1
2180	2	8	2	7	2	6	5	5	4	4	2	3	1	2	1	1	2	18	5	2	2	15	2	2	2	2	1	2	1	1
2190	2	8	2	7	2	6	5	5	4	4	1	3	5	2	1	1	1	18	5	1	2	5	2	2	2	2	1	2	1	1
2200	1	8	1	7	1	6	5	5	4	4	3	3	3	2	1	1	5	18	3	17	1	3	1	1	1	1	1	1	1	1
2210	1	8	1	7	4	6	5	5	4	4	1	3	1	2	1	1	1	18	4	1	4	12	1	4	1	1	1	1	1	1
2220	2	8	1	7	1	6	5	5	4	4	2	3	3	2	1	1	6	18	1	20	1	10	1	1	1	1	1	9	1	1
2230	1	8	1	7	1	6	5	5	4	4	4	3	1	2	1	1	4	18	4	4	1	12	1	1	1	1	1	1	1	1
2240	2	8	2	7	4	6	5	5	4	4	5	3	2	2	1	1	6	18	2	23	4	2	2	4	2	2	1	2	1	1
2250	2	8	1	7	9	6	5	5	4	4	1	3	3	2	1	1	3	18	4	10	2	14	1	9	1	1	1	9	1	1
2260	1	8	1	7	1	6	5	5	18	4	3	3	15	2	1	1	3	18	1	3	1	15	1	1	1	1	1	1	1	1
2270	2	8	2	7	2	6	5	5	4	4	12	3	1	2	1	1	4	18	2	12	2	9	2	2	2	2	1	2	1	1
2280	1	8	1	7	1	6	5	5	4	4	6	3	4	2	1	1	5	18	4	23	3	4	1	10	1	1	1	1	1	1
2290	1	8	1	7	4	6	5	5	4	4	3	3	2	2	1	1	6	18	1	21	4	9	1	4	1	1	1	1	1	1
2300	2	8	2	7	12	6	5	5	4	4	3	3	2	2	1	1	2	18	2	11	1	2	2	12	2	2	1	2	1	1
2310	2	8	2	7	2	6	5	5	18	4	10	3	1	2	1	1	1	18	1	10	2	1	2	2	2	2	1	2	1	1
2320	2	8	2	7	9	6	4	5	4	4	3	3	2	2	1	1	14	4	2	14	2	2	2	9	2	2	1	2	1	1
2330	2	8	2	7	3	6	5	5	4	4	6	3	5	2	1	1	1	18	2	19	2	16	2	11	2	2	1	2	1	1
2340	1	8	1	7	4	6	18	5	4	4	12	3	3	2	1	1	4	18	14	12	4	14	1	4	1	1	1	1	1	1
2350	1	8	1	7	1	6	5	5	4	4	1	3	1	2	1	1	6	18	1	19	1	1	1	1	1	1	1	1	1	1
2360	2	8	2	7	2	6	5	5	5	4	1	3	2	2	1	1	1	5	2	1	2	2	2	2	2	2	1	2	1	1
2370	2	8	1	7	4	6	4	5	14	4	4	3	3	2	1	1	4	14	3	4	4	3	1	4	1	1	1	9	1	1
2380	1	8	1	7	1	6	5	5	4	4	2	3	4	2	1	1	2	18	4	2	1	4	1	1	1	1	1	1	1	1
2390	1	8	1	7	1	6	5	5	18	4	22	3	1	2	1	1	6	18	4	22	1	12	1	1	1	1	1	1	1	1
2400	2	8	2	7	2	6	5	5	4	4	4	3	3	2	1	1	4	18	3	4	2	3	2	2	2	2	1	2	1	1
2410	1	8	1	7	1	6	5	5	4	4	4	3	1	2	1	1	4	18	1	4	1	1	1	1	1	1	1	1	1	1
2420	1	8	1	7	1	6	18	5	4	4	4	3	1	2	1	1	4	18	9	4	1	9	1	1	1	1	1	1	1	1
2430	2	8	2	7	4	6	5	5	4	4	5	3	2	2	1	1	3	18	2	17	13	2	2	13	2	2	1	2	1	1
2440	2	8	2	7	2	6	5	5	4	4	5	3	5	2	1	1	5	18	5	5	1	5	2	9	2	2	1	2	1	1
2450	2	8	2	7	2	6	5	5	4	4	3	3	3	2	1	1	3	18	3	3	2	3	2	2	2	2	1	2	1	1
2460	1	8	1	7	1	6	5	5	4	4	5	3	4	2	1	1	5	18	4	5	1	4	1	1	1	1	1	1	1	1
2470	1	8	2	7	2	6	5	5	4	4	4	3	2	2	1	1	13	18	2	13	2	2	2	2	2	2	1	9	1	1
2480	1	8	1	7	1	6	18	5	4	4	3	3	4	2	1	1	3	18	1	3	1	12	1	1	1	1	1	1	1	1
2490	1	8	1	7	1	6	4	5	4	4	2	3	1	2	1	1	2	4	1	2	1	1	1	1	1	1	1	1	1	1
2500	2	8	2	7	2	6	5	5	4	4	5	3	3	2	1	1	5	18	11	5	2	11	2	2	2	2	1	2	1	1
2510	2	8	2	7	2	6	5	5	4	4	4	3	5	2	1	1	5	18	4	18	2	18	2	2	2	2	1	2	1	1
2520	2	8	9	7	2	6	18	5	4	4	3	3	2	2	1	1	10	18	9	10	2	9	1	2	9	9	1	9	1	1
2530	2	8	2	7	2	6	5	5	4	4	9	3	5	2	1	1	1	18	5	9	2	5	2	2	2	2	1	2	1	1
2540	2	8	2	7	2	6	5	5	18	4	16	3	2	2	1	1	5	18	2	16	2	2	2	2	2	2	1	2	1	1
2550	1	8	2	7	2	6	5	5	4	4	1	3	2	2	1	1	4	18	1	12	2	9	2	2	2	2	1	9	1	1
2560	1	8	1	7	4	6	5	5	4	4	3	3	4	2	1	1	3	18	4	3	4	4	1	4	1	1	1	1	1	1
2570	1	8	1	7	1	6	4	5	4	4	5	3	4	2	1	1	5	4	4	5	1	4	1	1	1	1	1	1	1	1
2580	1	8	1	7	1	6	5	5	4	4	1	3	2	2	1	1	1	18	2	1	1	2	1	1	1	1	1	1	1	1
2590	1	8	1	7	9	6	5	5	4	4	3	3	17	2	1	1	3	18	3	3	1	17	1	9	1	1	1	1	1	1
2600	2	8	2	7	2	6	5	5	4	4	21	3	2	2	1	1	3	18	2	21	2	2	2	2	2	2	1	2	1	1
2610	1	8	1	7	1	6	5	5	4	4	3	3	4	2	1	1	6	18	5	21	1	18	1	1	1	1	1	1	1	1
2620	2	8	2	7	2	6	5	5	4	4	2	3	13	2	1	1	11	18	2	11	2	13	2	2	2	2	1	2	1	1
2630	2	8	2	7	1	6	5	5	4	4	4	3	4	2	1	1	4	18	4	4	1	4	2	1	2	2	1	2	1	1
2640	9	8	2	7	1	6	5	5	4	4	10	3	5	2	1	1	1	18	1	10	9	15	2	9	2	2	1	9	1	1
2650	2	8	2	7	2	6	5	5	4	4	5	3	2	2	1	1	5	18	13	5	2	13	2	2	2	2	1	2	1	1
2660	2	8	2	7	2	6	18	5	4	4	3	3	2	2	1	1	3	18	13	3	2	13	2	2	2	2	1	2	1	1
2670	2	8	2	7	2	6	5	5	4	4	6	3	5	2	1	1	6	18	5	6	2	5	2	2	2	2	1	2	1	1
2680	2	8	2	7	2	6	4	5	4	4	6	3	1	2	1	1	6	4	1	6	2	1	2	2	2	2	1	2	1	1
2690	2	8	2	7	2	6	5	5	4	4	16	3	10	2	1	1	2	18	3	16	2	10	2	2	2	2	1	2	1	1
2700	1	8	2	7	2	6	5	5	4	4	4	3	3	2	1	1	4	18	3	4	3	3	2	11	2	2	1	9	1	1
2710	1	8	1	7	3	6	5	5	4	4	15	3	5	2	1	1	5	18	15	15	3	15	1	3	1	1	1	1	1	1
2720	2	8	2	7	1	6	5	5	4	4	4	3	5	2	1	1	4	18	5	4	1	5	2	1	2	2	1	2	1	1
2730	2	8	2	7	2	6	5	5	5	4	6	3	2	2	1	1	6	5	1	6	2	9	2	2	2	2	1	2	1	1
2740	1	8	9	7	2	6	5	5	18	4	4	3	1	2	1	1	4	18	15	4	11	15	2	11	9	9	1	9	1	1
2750	1	8	2	7	11	6	5	5	4	4	3	3	4	2	1	1	1	18	13	10	2	13	2	11	2	2	1	9	1	1
2760	1	8	1	7	1	6	5	5	4	4	5	3	3	2	1	1	5	18	3	5	1	3	1	1	1	1	1	1	1	1
2770	1	8	1	7	1	6	5	5	4	4	5	3	3	2	1	1	5	18	3	5	1	3	1	1	1	1	1	1	1	1
2780	2	8	2	7	2	6	2	5	4	4	17	3	4	2	1	1	5	13	14	17	2	14	2	2	2	2	1	2	1	1
2790	2	8	2	7	2	6	5	5	4	4	4	3	2	2	1	1	4	18	4	4	2	13	2	2	2	2	1	2	1	1
2800	1	8	1	7	1	6	5	5	4	4	1	3	4	2	1	1	6	18	4	19	1	4	1	1	1	1	1	1	1	1
2810	1	8	1	7	2	6	5	5	4	4	6	3	4	2	1	1	20	18	2	20	1	13	1	9	1	1	1	1	1	1
2820	2	8	2	7	2	6	5	5	4	4	4	3	5	2	1	1	4	18	5	4	2	5	2	2	2	2	1	2	1	1
2830	2	8	2	7	2	6	5	5	18	4	1	3	2	2	1	1	3	18	2	10	2	2	2	2	2	2	1	2	1	1
2840	2	8	2	7	2	6	5	5	18	4	4	3	1	2	1	1	4	18	1	4	2	1	2	2	2	2	1	2	1	1
2850	9	8	2	7	2	6	5	5	18	4	4	3	10	2	1	1	14	18	1	14	2	10	2	2	2	2	1	9	1	1
2860	2	8	2	7	2	6	5	5	4	4	2	3	2	2	1	1	4	18	16	13	2	16	2	2	2	2	1	2	1	1
2870	2	8	1	7	1	6	15	5	5	4	2	3	4	2	1	1	2	15	4	2	1	4	1	1	1	1	1	9	1	1
2880	1	8	1	7	4	6	5	5	4	4	5	3	3	2	1	1	5	18	10	5	12	10	1	12	1	1	1	1	1	1
2890	1	8	1	7	1	6	5	5	4	4	6	3	3	2	1	1	4	18	3	22	3	3	1	10	1	1	1	1	1	1
2900	2	8	2	7	2	6	5	5	18	4	5	3	2	2	1	1	5	18	11	5	2	11	2	2	2	2	1	2	1	1
2910	2	8	2	7	4	6	5	5	18	4	2	3	18	2	1	1	1	18	4	9	4	18	2	4	2	2	1	2	1	1
2920	1	8	1	7	1	6	5	5	4	4	20	3	3	2	1	1	2	18	2	20	1	11	1	1	1	1	1	1	1	1
2930	1	8	2	7	2	6	18	5	4	4	2	3	2	2	1	1	2	18	2	2	2	2	2	2	2	2	1	9	1	1
2940	2	8	2	7	2	6	5	5	5	4	5	3	3	2	1	1	5	5	3	5	2	3	2	2	2	2	1	2	1	1
2950	2	8	2	7	2	6	5	5	4	4	6	3	2	2	1	1	6	18	2	6	2	2	2	2	2	2	1	2	1	1
2960	1	8	1	7	1	6	5	5	4	4	3	3	13	2	1	1	5	18	2	17	1	13	1	1	1	1	1	1	1	1
2970	2	8	2	7	2	6	5	5	4	4	1	3	3	2	1	1	1	18	3	1	2	3	2	2	2	2	1	2	1	1
2980	1	8	1	7	1	6	4	5	4	4	3	3	1	2	1	1	3	4	1	3	1	1	1	1	1	1	1	1	1	1
2990	2	8	2	7	2	6	5	5	4	4	4	3	3	2	1	1	4	18	14	4	2	14	2	2	2	2	1	2	1	1
3000	1	8	1	7	1	6	5	5	18	4	12	3	5	2	1	1	4	18	5	12	1	5	1	1	1	1	1	1	1	1
3010	1	8	1	7	1	6	5	5	4	4	4	3	1	2	1	1	4	18	1	4	1	1	1	1	1	1	1	1	1	1
3020	2	8	2	7	2	6	5	5	4	4	6	3	1	2	1	1	6	18	1	6	2	1	2	2	2	2	1	2	1	1
3030	1	8	1	7	1	6	5	5	5	4	3	3	3	2	1	1	3	5	3	3	2	3	1	9	1	1	1	1	1	1
3040	2	8	2	7	2	6	18	5	4	4	3	3	10	2	1	1	3	18	3	3	2	10	2	2	2	2	1	2	1	1
3050	2	8	9	7	2	6	5	5	4	4	10	3	3	2	1	1	1	18	3	10	2	3	2	2	9	9	1	9	1	1
3060	1	8	1	7	1	6	5	5	4	4	1	3	5	2	1	1	6	18	5	19	1	5	1	1	1	1	1	1	1	1
3070	1	8	1	7	2	6	5	5	4	4	5	3	4	2	1	1	1	18	4	15	1	4	1	9	1	1	1	1	1	1
3080	2	8	2	7	2	6	5	5	4	4	2	3	3	2	1	1	20	18	3	20	2	3	2	2	2	2	1	2	1	1
3090	2	8	2	7	2	6	15	5	1	4	1	3	3	2	1	1	6	15	3	19	2	3	9	2	9	9	1	9	1	1
3100	1	8	1	7	1	6	5	5	4	4	1	3	4	2	1	1	15	18	1	15	1	12	1	1	1	1	1	1	1	1
3110	1	8	1	7	1	6	5	5	4	4	1	3	1	2	1	1	1	18	1	1	1	1	1	1	1	1	1	1	1	1
3120	1	8	1	7	1	6	5	5	4	4	5	3	9	2	1	1	5	18	1	5	1	9	1	1	1	1	1	1	1	1
3130	2	8	2	7	2	6	5	5	4	4	3	3	3	2	1	1	3	18	11	3	2	11	2	2	2	2	1	2	1	1
3140	2	8	2	7	2	6	5	5	18	4	16	3	4	2	1	1	5	18	2	16	11	13	2	11	2	2	1	2	1	1
3150	1	8	2	7	2	6	18	5	4	4	19	3	2	2	1	1	6	18	2	19	2	2	2	2	2	2	1	9	1	1
3160	2	8	2	7	1	6	5	5	4	4	2	3	2	2	1	1	2	18	13	2	4	13	2	12	2	2	1	2	1	1
3170	1	8	1	7	1	6	5	5	18	4	4	3	5	2	1	1	13	18	15	13	1	15	1	1	1	1	1	1	1	1
3180	2	8	2	7	2	6	18	5	4	4	2	3	2	2	1	1	13	18	2	13	2	2	2	2	2	2	1	2	1	1
3190	1	8	1	7	1	6	5	5	4	4	6	3	1	2	1	1	6	18	1	6	1	1	1	1	1	1	1	1	1	1
3200	1	8	1	7	1	6	5	5	4	4	3	3	5	2	1	1	3	18	2	3	1	16	1	1	1	1	1	1	1	1
3210	2	8	2	7	2	6	5	5	5	4	2	3	5	2	1	1	2	5	5	2	2	5	2	2	2	2	1	2	1	1
3220	1	8	1	7	1	6	18	5	4	4	6	3	1	2	1	1	6	18	1	6	1	1	1	1	1	1	1	1	1	1
3230	1	8	1	7	1	6	5	5	5	4	6	3	5	2	1	1	6	5	5	6	1	5	1	1	1	1	1	1	1	1
3240	1	8	1	7	2	6	5	5	18	4	11	3	2	2	1	1	2	18	2	11	2	2	1	2	1	1	1	1	1	1
3250	1	8	1	7	1	6	5	5	5	4	3	3	4	2	1	1	3	5	4	3	4	4	1	12	1	1	1	1	1	1
3260	1	8	1	7	1	6	18	5	4	4	1	3	4	2	1	1	1	18	4	1	1	4	1	1	1	1	1	1	1	1
3270	2	8	2	7	1	6	5	5	4	4	9	3	1	2	1	1	2	18	3	9	9	10	2	9	2	2	1	2	1	1
3280	1	8	1	7	1	6	5	5	4	4	5	3	3	2	1	1	5	18	3	5	1	3	1	1	1	1	1	1	1	1
3290	1	8	1	7	2	6	5	5	4	4	3	3	4	2	1	1	3	18	12	3	9	12	1	9	1	1	1	1	1	1
3300	1	8	1	7	1	6	5	5	18	4	5	3	13	2	1	1	5	18	4	5	1	13	1	1	1	1	1	1	1	1
3310	1	8	1	7	1	6	5	5	4	4	5	3	2	2	1	1	4	18	2	18	3	2	1	10	1	1	1	1	1	1
3320	1	8	1	7	1	6	5	5	4	4	5	3	4	2	1	1	5	18	1	5	1	12	1	1	1	1	1	1	1	1
3330	2	8	2	7	2	6	5	5	4	4	4	3	3	2	1	1	6	18	2	22	2	11	2	2	2	2	1	2	1	1
3340	1	8	1	7	1	6	5	5	18	4	4	3	4	2	1	1	4	18	4	4	1	4	1	1	1	1	1	1	1	1
3350	1	8	1	7	1	6	5	5	4	4	4	3	18	2	1	1	2	18	5	13	1	18	1	1	1	1	1	1	1	1
3360	1	8	1	7	1	6	4	5	4	4	1	3	1	2	1	1	1	4	1	1	1	1	1	1	1	1	1	1	1	1
3370	2	8	2	7	2	6	5	5	4	4	4	3	4	2	1	1	4	18	4	4	2	4	2	2	2	2	1	2	1	1
3380	2	8	1	7	1	6	5	5	4	4	1	3	4	2	1	1	4	18	1	12	1	12	1	1	1	1	1	9	1	1
3390	2	8	2	7	2	6	5	5	4	4	6	3	4	2	1	1	6	18	4	6	2	4	2	2	2	2	1	2	1	1
3400	1	8	1	7	1	6	5	5	4	4	1	3	3	2	1	1	15	18	3	15	1	3	1	1	1	1	1	1	1	1
3410	1	8	1	7	1	6	5	5	18	4	6	3	3	2	1	1	6	18	5	6	1	17	1	1	1	1	1	1	1	1
3420	1	8	1	7	1	6	5	5	18	4	5	3	1	2	1	1	5	18	1	5	1	1	1	1	1	1	1	1	1	1
3430	1	8	1	7	1	6	5	5	4	4	1	3	4	2	1	1	1	18	4	1	1	4	1	1	1	1	1	1	1	1
3440	2	8	2	7	2	6	5	5	4	4	1	3	4	2	1	1	1	18	5	1	2	18	2	2	2	2	1	2	1	1
3450	2	8	2	7	2	6	4	5	4	4	3	3	2	2	1	1	3	4	2	3	2	2	2	2	2	2	1	2	1	1
3460	2	8	2	7	2	6	5	5	18	4	4	3	2	2	1	1	4	18	2	4	2	2	2	2	2	2	1	2	1	1
3470	2	8	2	7	2	6	5	5	4	4	6	3	4	2	1	1	6	18	2	6	2	13	2	2	2	2	1	2	1	1
3480	2	8	2	7	2	6	5	5	4	4	1	3	13	2	1	1	1	18	2	1	2	13	2	2	2	2	1	2	1	1
3490	1	8	1	7	1	6	5	5	4	4	3	3	4	2	1	1	3	18	18	3	1	18	1	1	1	1	1	1	1	1
3500	2	8	2	7	2	6	5	5	4	4	14	3	4	2	1	1	4	18	4	14	2	4	2	2	2	2	1	2	1	1
3510	1	8	1	7	1	6	5	5	5	4	2	3	1	2	1	1	2	5	1	2	1	1	1	1	1	1	1	1	1	1
3520	1	8	1	7	4	6	5	5	4	4	5	3	1	2	1	1	5	18	5	5	4	15	1	4	1	1	1	1	1	1
3530	2	8	2	7	2	6	5	5	4	4	4	3	2	2	1	1	4	18	2	4	2	2	2	2	2	2	1	2	1	1
3540	2	8	1	7	1	6	5	5	4	4	6	3	1	2	1	1	6	18	1	6	2	1	1	9	1	1	1	9	1	1
3550	2	8	2	7	2	6	5	5	4	4	1	3	4	2	1	1	4	18	4	12	2	4	2	2	2	2	1	2	1	1
3560	1	8	1	7	1	6	5	5	4	4	4	3	4	2	1	1	4	18	4	4	4	4	1	12	1	1	1	1	1	1
3570	1	8	1	7	4	6	5	5	4	4	4	3	1	2	1	1	4	18	1	4	1	1	1	12	1	1	1	1	1	1
3580	1	8	1	7	4	6	5	5	4	4	1	3	2	2	1	1	19	18	2	19	4	2	1	4	1	1	1	1	1	1
3590	2	8	2	7	2	6	5	5	4	4	4	3	1	2	1	1	4	18	1	4	2	1	2	2	2	2	1	2	1	1
3600	1	8	1	7	1	6	5	5	4	4	3	3	5	2	1	1	3	18	5	3	1	5	1	1	1	1	1	1	1	1
3610	1	8	1	7	1	6	13	5	4	4	6	3	17	2	1	1	6	13	5	6	1	17	1	1	1	1	1	1	1	1
3620	2	8	2	7	3	6	5	5	4	4	5	3	5	2	1	1	5	18	5	5	2	5	2	11	2	2	1	2	1	1
3630	2	8	2	7	2	6	5	5	4	4	4	3	9	2	1	1	1	18	1	12	2	9	2	2	2	2	1	2	1	1
3640	1	8	1	7	1	6	5	5	4	4	4	3	1	2	1	1	4	18	1	4	1	1	1	1	1	1	1	1	1	1
3650	1	8	1	7	1	6	5	5	4	4	22	3	5	2	1	1	4	18	17	22	9	17	1	9	1	1	1	1	1	1
3660	1	8	1	7	1	6	5	5	4	4	1	3	12	2	1	1	1	18	1	1	1	12	1	1	1	1	1	1	1	1
3670	1	8	1	7	1	6	5	5	4	4	3	3	4	2	1	1	14	18	4	14	1	4	1	1	1	1	1	1	1	1
3680	1	8	1	7	4	6	5	5	4	4	5	3	5	2	1	1	5	18	5	5	4	5	1	4	1	1	1	1	1	1
3690	2	8	2	7	2	6	5	5	4	4	1	3	2	2	1	1	1	18	4	1	2	13	2	2	2	2	1	2	1	1
3700	2	8	2	7	2	6	18	5	4	4	5	3	1	2	1	1	5	18	1	5	2	1	2	2	2	2	1	2	1	1
3710	2	8	1	7	1	6	5	5	4	4	6	3	4	2	1	1	6	18	4	6	1	4	1	1	1	1	1	9	1	1
3720	2	8	2	7	1	6	5	5	4	4	19	3	2	2	1	1	6	18	13	19	1	13	2	1	2	2	1	2	1	1
3730	1	8	1	7	12	6	18	5	4	4	6	3	1	2	1	1	6	18	1	6	1	1	1	12	1	1	1	1	1	1
3740	2	8	2	7	2	6	5	5	4	4	1	3	4	2	1	1	6	18	2	19	2	13	2	2	2	2	1	2	1	1
3750	2	8	2	7	2	6	5	5	4	4	3	3	3	2	1	1	3	18	3	3	2	3	2	2	2	2	1	2	1	1
3760	2	8	2	7	2	6	5	5	4	4	5	3	4	2	1	1	5	18	2	5	2	13	2	2	2	2	1	2	1	1
3770	2	8	2	7	4	6	4	5	4	4	4	3	4	2	1	1	4	4	5	4	4	18	2	4	2	2	1	2	1	1
3780	1	8	1	7	1	6	18	5	4	4	20	3	13	2	1	1	6	18	4	20	4	13	1	12	1	1	1	1	1	1
3790	1	8	1	7	1	6	5	5	4	4	3	3	2	2	1	1	3	18	2	3	1	2	1	1	1	1	1	1	1	1
3800	2	8	1	7	1	6	5	5	4	4	1	3	2	2	1	1	1	18	2	1	1	2	1	1	1	1	1	9	1	1
3810	1	8	1	7	3	6	18	5	4	4	3	3	2	2	1	1	1	18	9	10	3	9	1	3	1	1	1	1	1	1
3820	2	8	2	7	2	6	5	5	4	4	2	3	16	2	1	1	2	18	2	2	2	16	2	2	2	2	1	2	1	1
3830	1	8	1	7	1	6	5	5	4	4	21	3	1	2	1	1	3	18	1	21	1	1	1	1	1	1	1	1	1	1
3840	2	8	2	7	2	6	5	5	4	4	4	3	3	2	1	1	3	18	3	14	2	3	2	2	2	2	1	2	1	1
3850	1	8	1	7	12	6	18	5	4	4	5	3	2	2	1	1	5	18	2	5	4	2	1	12	1	1	1	1	1	1
3860	2	8	2	7	2	6	4	5	4	4	5	3	3	2	1	1	5	4	3	5	2	3	2	2	2	2	1	2	1	1
3870	1	8	1	7	1	6	5	5	4	4	6	3	2	2	1	1	3	18	1	21	1	9	1	1	1	1	1	1	1	1
3880	2	8	2	7	2	6	5	5	4	4	2	3	3	2	1	1	5	18	3	16	2	3	2	2	2	2	1	2	1	1
3890	1	8	1	7	1	6	5	5	4	4	3	3	1	2	1	1	3	18	1	3	1	1	1	1	1	1	1	1	1	1
3900	2	8	1	7	1	6	5	5	4	4	5	3	4	2	1	1	5	18	4	5	1	4	1	1	1	1	1	9	1	1
3910	2	8	2	7	2	6	4	5	4	4	1	3	4	2	1	1	1	4	4	1	2	4	2	2	2	2	1	2	1	1
3920	1	8	1	7	1	6	5	5	4	4	3	3	4	2	1	1	14	18	3	14	1	14	1	1	1	1	1	1	1	1
3930	1	8	1	7	1	6	18	5	4	4	1	3	1	2	1	1	15	18	1	15	1	1	1	1	1	1	1	1	1	1
3940	9	8	1	7	1	6	5	5	4	4	3	3	1	2	1	1	5	18	9	17	1	9	1	1	1	1	1	9	1	1
3950	1	8	1	7	1	6	5	5	4	4	1	3	5	2	1	1	1	18	1	1	1	15	1	1	1	1	1	1	1	1
3960	2	8	1	7	1	6	1	5	4	4	3	3	1	2	1	1	3	12	1	3	3	1	1	10	1	1	1	9	1	1
3970	1	8	1	7	1	6	5	5	4	4	3	3	4	2	1	1	3	18	4	3	1	4	1	1	1	1	1	1	1	1
3980	2	8	2	7	2	6	5	5	4	4	1	3	2	2	1	1	1	18	11	1	2	11	2	2	2	2	1	2	1	1
3990	1	8	1	7	4	6	5	5	4	4	4	3	2	2	1	1	4	18	2	4	4	2	1	4	1	1	1	1	1	1
4000	2	8	2	7	2	6	5	5	4	4	10	3	5	2	1	1	3	18	5	10	2	5	2	2	2	2	1	2	1	1
4010	1	8	1	7	4	6	5	5	4	4	2	3	1	2	1	1	16	18	4	16	12	12	1	12	1	1	1	1	1	1
4020	2	8	2	7	11	6	4	5	4	4	3	3	3	2	1	1	3	4	3	3	3	3	2	11	2	2	1	2	1	1
4030	1	8	1	7	1	6	5	5	4	4	18	3	3	2	1	1	5	18	5	18	1	17	1	1	1	1	1	1	1	1
4040	2	8	2	7	2	6	5	5	4	4	2	3	4	2	1	1	4	18	4	13	4	4	2	13	2	2	1	2	1	1
4050	2	8	2	7	2	6	5	5	4	4	22	3	5	2	1	1	4	18	5	22	9	5	2	9	2	2	1	2	1	1
4060	1	8	1	7	2	6	18	5	4	4	9	3	1	2	1	1	2	18	1	9	2	1	1	2	1	1	1	1	1	1
4070	2	8	2	7	2	6	5	5	18	4	13	3	3	2	1	1	2	18	2	13	2	11	2	2	2	2	1	2	1	1
4080	9	8	1	7	1	6	18	5	4	4	4	3	1	2	1	1	3	18	1	14	1	1	1	1	1	1	1	9	1	1
4090	2	8	2	7	11	6	5	5	5	4	2	3	2	2	1	1	2	5	2	2	2	2	2	11	2	2	1	2	1	1
4100	2	8	2	7	1	6	5	5	4	4	1	3	5	2	1	1	1	18	5	1	2	5	2	9	2	2	1	2	1	1
4110	1	8	1	7	2	6	5	5	4	4	6	3	1	2	1	1	6	18	1	6	2	1	1	2	1	1	1	1	1	1
4120	1	8	1	7	1	6	5	5	4	4	5	3	1	2	1	1	5	18	1	5	1	1	1	1	1	1	1	1	1	1
4130	2	8	2	7	2	6	5	5	4	4	4	3	4	2	1	1	4	18	4	4	2	4	2	2	2	2	1	2	1	1
4140	1	8	1	7	2	6	4	5	4	4	19	3	2	2	1	1	6	4	2	19	2	2	1	2	1	1	1	1	1	1
4150	2	8	2	7	2	6	5	5	4	4	5	3	1	2	1	1	2	18	1	16	2	1	2	2	2	2	1	2	1	1
4160	2	8	2	7	2	6	5	5	5	4	4	3	2	2	1	1	4	5	16	4	2	16	2	2	2	2	1	2	1	1
4170	2	8	2	7	2	6	18	5	4	4	1	3	2	2	1	1	1	18	11	1	11	11	2	11	2	2	1	2	1	1
4180	9	8	2	7	2	6	5	5	4	4	3	3	5	2	1	1	21	18	5	21	2	5	2	2	2	2	1	9	1	1
4190	2	8	2	7	9	6	5	5	4	4	2	3	2	2	1	1	2	18	2	2	2	2	2	9	2	2	1	2	1	1
4200	1	8	1	7	3	6	5	5	4	4	3	3	3	2	1	1	3	18	3	3	3	3	1	3	1	1	1	1	1	1
4210	2	8	2	7	2	6	4	5	4	4	4	3	2	2	1	1	4	4	4	4	2	13	2	2	2	2	1	2	1	1
4220	1	8	1	7	1	6	5	5	18	4	5	3	4	2	1	1	4	18	4	18	1	4	1	1	1	1	1	1	1	1
4230	2	8	2	7	2	6	5	5	5	4	2	3	2	2	1	1	2	5	3	2	2	11	2	2	2	2	1	2	1	1
4240	1	8	1	7	9	6	4	5	4	4	2	3	2	2	1	1	2	4	2	2	1	2	1	9	1	1	1	1	1	1
4250	1	8	1	7	1	6	5	5	4	4	3	3	3	2	1	1	4	18	3	14	1	3	1	1	1	1	1	1	1	1
4260	2	8	2	7	2	6	5	5	4	4	2	3	3	2	1	1	2	18	2	2	4	11	2	13	2	2	1	2	1	1
4270	2	8	2	7	2	6	5	5	4	4	2	3	4	2	1	1	2	18	5	2	2	18	2	2	2	2	1	2	1	1
4280	2	8	2	7	2	6	5	5	5	4	11	3	2	2	1	1	3	5	2	11	2	2	2	2	2	2	1	2	1	1
4290	2	8	2	7	1	6	5	5	4	4	6	3	2	2	1	1	19	18	2	19	2	2	2	9	2	2	1	2	1	1
4300	2	8	2	7	2	6	5	5	4	4	10	3	5	2	1	1	3	18	18	10	4	18	2	13	2	2	1	2	1	1
4310	1	8	1	7	1	6	5	5	4	4	3	3	1	2	1	1	4	18	1	14	1	1	1	1	1	1	1	1	1	1
4320	1	8	2	7	2	6	5	5	4	4	1	3	2	2	1	1	3	18	1	10	2	9	2	2	2	2	1	9	1	1
4330	2	8	2	7	2	6	5	5	4	4	3	3	1	2	1	1	3	18	1	3	2	1	2	2	2	2	1	2	1	1
4340	1	8	1	7	1	6	5	5	4	4	3	3	2	2	1	1	2	18	5	11	1	16	1	1	1	1	1	1	1	1
4350	2	8	2	7	2	6	5	5	4	4	2	3	1	2	1	1	2	18	1	2	2	1	2	2	2	2	1	2	1	1
4360	2	8	2	7	2	6	5	5	4	4	3	3	4	2	1	1	3	18	4	3	2	4	2	2	2	2	1	2	1	1
4370	2	8	2	7	4	6	5	5	4	4	2	3	4	2	1	1	2	18	3	2	3	14	2	14	2	2	1	2	1	1
4380	2	8	2	7	1	6	5	5	4	4	2	3	3	2	1	1	1	18	1	9	2	10	2	9	2	2	1	2	1	1
4390	1	8	1	7	1	6	5	5	4	4	6	3	1	2	1	1	6	18	1	6	1	1	1	1	1	1	1	1	1	1
4400	1	8	1	7	1	6	5	5	4	4	6	3	3	2	1	1	4	18	3	22	9	3	1	9	1	1	1	1	1	1
4410	2	8	2	7	2	6	5	5	4	4	5	3	9	2	1	1	5	18	2	5	4	9	2	13	2	2	1	2	1	1
4420	2	8	2	7	2	6	4	5	4	4	3	3	2	2	1	1	3	4	2	3	2	2	2	2	2	2	1	2	1	1
4430	1	8	1	7	1	6	18	5	4	4	2	3	4	2	1	1	16	18	1	16	1	12	1	1	1	1	1	1	1	1
4440	1	8	2	7	1	6	5	5	4	4	5	3	9	2	1	1	5	18	1	5	2	9	2	9	2	2	1	9	1	1
4450	2	8	1	7	1	6	5	5	4	4	5	3	1	2	1	1	18	18	1	18	1	1	1	1	1	1	1	9	1	1
4460	2	8	2	7	1	6	5	5	18	4	4	3	4	2	1	1	4	18	4	4	9	4	2	9	2	2	1	2	1	1
4470	2	8	2	7	2	6	5	5	4	4	4	3	3	2	1	1	4	18	3	4	2	3	2	2	2	2	1	2	1	1
4480	2	8	2	7	2	6	4	5	4	4	2	3	2	2	1	1	2	4	16	2	2	16	2	2	2	2	1	2	1	1
4490	1	8	1	7	1	6	5	5	4	4	1	3	2	2	1	1	5	18	2	15	9	2	1	9	1	1	1	1	1	1
4500	1	8	1	7	2	6	5	5	4	4	3	3	13	2	1	1	6	18	2	21	2	13	1	2	1	1	1	1	1	1
4510	1	8	1	7	1	6	5	5	4	4	2	3	1	2	1	1	2	18	1	2	1	1	1	1	1	1	1	1	1	1
4520	2	8	2	7	2	6	1	5	4	4	5	3	1	2	1	1	4	12	1	18	2	1	2	2	2	2	1	2	1	1
4530	2	8	1	7	1	6	5	5	4	4	4	3	5	2	1	1	4	18	5	4	1	5	1	1	1	1	1	9	1	1
4540	1	8	1	7	9	6	18	5	4	4	5	3	3	2	1	1	18	18	3	18	2	3	9	9	9	9	1	9	1	1
4550	1	8	1	7	2	6	18	5	4	4	4	3	15	2	1	1	14	18	1	14	9	15	9	9	9	9	1	9	1	1
4560	1	8	9	7	1	6	5	5	18	4	4	3	5	2	1	1	5	18	1	18	1	15	1	1	9	9	1	9	1	1
4570	1	8	1	7	4	6	5	5	4	4	4	3	5	2	1	1	1	18	1	12	1	15	1	12	1	1	1	1	1	1
4580	2	8	2	7	1	6	5	5	4	4	2	3	2	2	1	1	2	18	11	2	2	11	2	9	2	2	1	2	1	1
4590	2	8	2	7	2	6	5	5	4	4	4	3	10	2	1	1	4	18	3	4	2	10	2	2	2	2	1	2	1	1
4600	9	8	2	7	2	6	5	5	4	4	2	3	4	2	1	1	1	18	4	9	2	4	2	2	2	2	1	9	1	1
4610	2	8	2	7	1	6	5	5	4	4	6	3	1	2	1	1	3	18	5	21	1	15	1	1	9	9	1	9	1	1
4620	2	8	2	7	2	6	5	5	18	4	19	3	15	2	1	1	6	18	1	19	13	15	2	13	2	2	1	2	1	1
4630	1	8	1	7	2	6	4	5	4	4	3	3	5	2	1	1	3	4	2	3	4	16	1	13	1	1	1	1	1	1
4640	2	8	2	7	1	6	5	5	5	4	6	3	4	2	1	1	6	5	4	6	9	4	2	9	2	2	1	2	1	1
4650	2	8	2	7	2	6	18	5	4	4	4	3	5	2	1	1	4	18	5	4	2	5	2	2	2	2	1	2	1	1
4660	1	8	1	7	1	6	5	5	4	4	5	3	4	2	1	1	18	18	4	18	1	4	1	1	1	1	1	1	1	1
4670	1	8	1	7	1	6	5	5	4	4	4	3	4	2	1	1	4	18	4	4	1	4	1	1	1	1	1	1	1	1
4680	1	8	1	7	1	6	5	5	4	4	1	3	1	2	1	1	3	18	1	10	1	1	1	1	1	1	1	1	1	1
4690	1	8	1	7	9	6	5	5	5	4	22	3	2	2	1	1	4	5	2	22	2	2	1	9	1	1	1	1	1	1
4700	2	8	2	7	2	6	5	5	4	4	5	3	4	2	1	1	5	18	4	5	2	4	2	2	2	2	1	2	1	1
4710	1	8	1	7	1	6	5	5	4	4	3	3	4	2	1	1	14	18	12	14	10	12	1	10	1	1	1	1	1	1
4720	2	8	2	7	2	6	5	5	4	4	3	3	2	2	1	1	3	18	2	3	2	2	2	2	2	2	1	2	1	1
4730	1	8	1	7	1	6	5	5	4	4	5	3	3	2	1	1	2	18	1	16	1	10	1	1	1	1	1	1	1	1
4740	2	8	2	7	1	6	5	5	4	4	6	3	1	2	1	1	6	18	1	6	1	1	2	1	2	2	1	2	1	1
4750	2	8	2	7	2	6	5	5	4	4	3	3	1	2	1	1	3	18	1	3	2	1	2	2	2	2	1	2	1	1
4760	2	8	2	7	2	6	5	5	18	4	6	3	2	2	1	1	6	18	2	6	11	2	2	11	2	2	1	2	1	1
4770	1	8	1	7	1	6	18	5	4	4	6	3	14	2	1	1	20	18	4	20	1	14	1	1	1	1	1	1	1	1
4780	1	8	1	7	12	6	5	5	18	4	11	3	1	2	1	1	2	18	9	11	1	9	1	12	1	1	1	1	1	1
4790	1	8	1	7	1	6	18	5	4	4	2	3	13	2	1	1	2	18	4	2	1	13	1	1	1	1	1	1	1	1
4800	2	8	2	7	4	6	5	5	1	4	5	3	3	2	1	1	5	15	3	5	2	3	2	13	2	2	1	2	1	1
4810	2	8	2	7	3	6	5	5	4	4	2	3	1	2	1	1	2	18	5	2	2	15	2	11	2	2	1	2	1	1
4820	2	8	2	7	2	6	5	5	4	4	2	3	4	2	1	1	2	18	4	2	2	4	2	2	2	2	1	2	1	1
4830	2	8	2	7	2	6	5	5	4	4	2	3	11	2	1	1	2	18	3	2	2	11	2	2	2	2	1	2	1	1
4840	2	8	2	7	2	6	5	5	4	4	5	3	4	2	1	1	5	18	4	5	2	4	2	2	2	2	1	2	1	1
4850	1	8	1	7	1	6	5	5	18	4	4	3	3	2	1	1	4	18	3	4	1	3	1	1	1	1	1	1	1	1
4860	2	8	2	7	2	6	18	5	4	4	1	3	4	2	1	1	1	18	4	1	2	4	2	2	2	2	1	2	1	1
4870	2	8	2	7	2	6	5	5	5	4	1	3	3	2	1	1	1	5	1	1	1	10	2	9	2	2	1	2	1	1
4880	1	8	2	7	2	6	5	5	4	4	1	3	3	2	1	1	4	18	3	12	2	3	2	2	2	2	1	9	1	1
4890	2	8	2	7	2	6	3	5	4	4	1	3	2	2	1	1	1	14	9	1	2	9	2	2	2	2	1	2	1	1
4900	1	8	1	7	1	6	5	5	4	4	6	3	3	2	1	1	6	18	3	6	1	3	1	1	1	1	1	1	1	1
4910	2	8	2	7	2	6	4	5	4	4	3	3	4	2	1	1	3	4	14	3	2	14	2	2	2	2	1	2	1	1
4920	2	8	2	7	4	6	5	5	4	4	23	3	1	2	1	1	6	18	1	23	4	1	2	4	2	2	1	2	1	1
4930	2	8	2	7	2	6	5	5	18	4	17	3	2	2	1	1	5	18	2	17	2	2	2	2	2	2	1	2	1	1
4940	1	8	1	7	1	6	5	5	4	4	6	3	5	2	1	1	6	18	17	6	1	17	1	1	1	1	1	1	1	1
4950	1	8	1	7	1	6	5	5	18	4	6	3	9	2	1	1	6	18	2	6	1	9	1	1	1	1	1	1	1	1
4960	9	8	1	7	1	6	4	5	4	4	3	3	18	2	1	1	3	4	4	3	12	18	1	12	1	1	1	9	1	1
4970	9	8	1	7	1	6	5	5	4	4	5	3	1	2	1	1	1	18	1	15	1	1	1	1	1	1	1	9	1	1
4980	2	8	1	7	1	6	5	5	4	4	3	3	1	2	1	1	5	18	5	17	1	15	1	1	1	1	1	9	1	1
4990	2	8	1	7	9	6	5	5	4	4	5	3	3	2	1	1	5	18	2	5	1	11	2	9	9	9	1	9	1	1
5000	1	8	1	7	1	6	4	5	4	4	6	3	1	2	1	1	5	4	1	23	1	1	1	1	1	1	1	1	1	1
