Iteration	Posterior	Likelihood	Prior	clado_type_probs[1]	clado_type_probs[2]	distance_scale	epoch_times[1]	epoch_times[2]	epoch_times[3]	epoch_times[4]	epoch_times[5]	epoch_times[6]	epoch_times[7]	epoch_times[8]	extirpation_rate	log10_rate_bg	p_allopatry	p_sympatry	rate_bg
0	-66.7868	-98.2342	31.4474	0.841333	0.158667	0.01	0.95995	0.792716	0.360593	0.110646	0.0862945	0.0642627	0.000996094	0	0.1307323	-2	0.158667	0.841333	0.01
10	1.53651	-23.9882	25.5247	0.170419	0.829581	0.05060675	0.97449	0.763031	0.359983	0.112693	0.0887503	0.0643487	0.00100986	0	6.053487	1.520561	0.8295806	0.1704194	33.15591
20	2.78165	-24.3791	27.1608	0.203227	0.796773	0.03311003	0.981152	0.781445	0.365751	0.109261	0.0877336	0.0638744	0.00100099	0	4.417406	1.704279	0.7967733	0.2032267	50.61499
30	1.52223	-26.6047	28.1269	0.172833	0.827167	1.214261	0.988505	0.791582	0.371642	0.111615	0.0869139	0.0638125	0.00101882	0	3.451284	1.307851	0.8271667	0.1728333	20.31658
40	2.23855	-25.2114	27.4499	0.179237	0.820763	1.78285	0.980551	0.777292	0.37111	0.110578	0.0883587	0.0639678	0.00100599	0	4.128262	1.551147	0.8207625	0.1792375	35.57513
50	2.14016	-22.8973	25.0375	0.41498	0.58502	1.339467	0.993375	0.795833	0.361136	0.108146	0.0899636	0.0640312	0.000979985	0	6.540673	1.871326	0.5850198	0.4149802	74.35779
60	3.09313	-24.856	27.9491	0.314179	0.685821	1.285159	0.961567	0.792636	0.364169	0.107851	0.0867128	0.0640826	0.000986171	0	3.629093	1.774233	0.685821	0.314179	59.46104
70	2.72299	-22.7223	25.4453	0.590506	0.409494	1.735395	0.961269	0.779727	0.361233	0.109719	0.0864725	0.0634424	0.000982168	0	6.132834	1.9988	0.4094941	0.5905059	99.72412
80	2.3684	-24.1964	26.5648	0.176612	0.823388	0.5644564	0.967601	0.782525	0.363709	0.1088	0.0858168	0.0644257	0.0009817	0	5.0134	1.626734	0.8233884	0.1766116	42.33834
90	3.26488	-25.4126	28.6775	0.606258	0.393742	0.6629078	0.966551	0.786922	0.362753	0.109462	0.0882837	0.0641254	0.000988801	0	2.900719	1.960592	0.393742	0.606258	91.32542
100	-1.35437	-28.7408	27.3864	0.0900244	0.909976	2.721989	0.949111	0.776403	0.358145	0.110386	0.0888304	0.0632965	0.00102473	0	4.191767	0.941137	0.9099756	0.09002443	8.732468
110	2.75398	-25.263	28.017	0.187722	0.812278	2.818115	0.955037	0.78727	0.363964	0.108465	0.0861486	0.0626207	0.000982314	0	3.561192	1.747072	0.8122777	0.1877223	55.85631
120	2.20722	-24.8625	27.0697	0.334294	0.665706	2.797698	0.95418	0.773676	0.359847	0.108495	0.0865018	0.0628429	0.00102419	0	4.508473	1.724132	0.6657064	0.3342936	52.98242
130	1.34041	-25.3509	26.6913	0.723079	0.276921	2.174691	0.98702	0.762608	0.362107	0.110039	0.0874414	0.0634199	0.00102033	0	4.886909	1.629258	0.2769212	0.7230788	42.58517
140	2.31119	-25.1427	27.4539	0.338597	0.661403	1.203661	0.962472	0.762177	0.375498	0.111291	0.0885859	0.0654344	0.00101055	0	4.124298	1.593833	0.6614025	0.3385975	39.24942
150	2.21665	-26.0614	28.278	0.704734	0.295266	4.293179	0.971883	0.774991	0.370725	0.112371	0.0875326	0.0625817	0.00100041	0	3.300169	1.936506	0.2952662	0.7047338	86.39841
160	3.64652	-25.3242	28.9707	0.124483	0.875517	1.544088	0.952229	0.76115	0.375906	0.112058	0.0886948	0.0632475	0.00101432	0	2.607461	1.868224	0.8755167	0.1244833	73.82845
170	1.28906	-27.2165	28.5056	0.406486	0.593514	4.943143	0.960332	0.783496	0.372457	0.112764	0.0898387	0.0646844	0.00100666	0	3.072601	1.753532	0.5935142	0.4064858	56.69329
180	2.22646	-25.3091	27.5356	0.838991	0.161009	1.551119	0.950171	0.77532	0.364966	0.111935	0.09015	0.0650842	0.00102296	0	4.042565	1.745004	0.1610094	0.8389906	55.59091
190	1.6055	-22.7899	24.3954	0.240718	0.759282	0.893845	0.976782	0.787192	0.365825	0.110632	0.0878858	0.0627819	0.00101086	0	7.182757	1.768799	0.7592822	0.2407178	58.72169
200	2.42583	-27.2319	29.6578	0.505529	0.494471	0.7246048	0.964106	0.777828	0.370628	0.111475	0.0885936	0.0628315	0.00100127	0	1.920402	1.870369	0.494471	0.505529	74.1941
210	1.48576	-27.4354	28.9211	0.0655356	0.934464	6.16598	0.977524	0.787067	0.360094	0.108339	0.0861773	0.0633873	0.000975602	0	2.657043	1.905818	0.9344644	0.06553563	80.50417
220	2.82912	-25.5119	28.3411	0.61529	0.38471	1.413774	0.967649	0.785768	0.361041	0.10809	0.0880035	0.064375	0.00099017	0	3.237115	1.808166	0.3847103	0.6152897	64.29341
230	0.802254	-26.2711	27.0734	0.0940463	0.905954	4.841913	0.978603	0.776417	0.357386	0.110561	0.0896028	0.0637869	0.000998465	0	4.504782	1.652737	0.9059537	0.09404629	44.95075
240	2.34902	-24.8673	27.2163	0.543612	0.456388	1.86496	0.977999	0.778318	0.360387	0.111405	0.0893647	0.06336	0.00102367	0	4.361876	1.720802	0.4563884	0.5436116	52.57775
250	2.58033	-27.3719	29.9522	0.283823	0.716177	1.655011	0.946594	0.79341	0.367132	0.107854	0.0880496	0.0652873	0.00102068	0	1.625989	1.854105	0.7161772	0.2838228	71.46691
260	3.39193	-24.9784	28.3703	0.700422	0.299578	1.777307	0.948665	0.764072	0.364908	0.108005	0.0871538	0.0633497	0.000981148	0	3.207878	1.974568	0.2995778	0.7004222	94.31218
270	2.56177	-21.9271	24.4889	0.0524258	0.947574	0.8250818	0.946591	0.787583	0.366595	0.108393	0.0902795	0.0626776	0.00100598	0	7.08926	1.99082	0.9475742	0.05242582	97.9084
280	3.09603	-25.3161	28.4122	0.333144	0.666856	0.2975011	0.945412	0.796613	0.363663	0.107703	0.0892374	0.0641976	0.000981365	0	3.166013	1.819338	0.6668564	0.3331436	65.96877
290	3.321	-23.4677	26.7887	0.670402	0.329598	0.9380258	0.972036	0.770522	0.368187	0.11208	0.0892837	0.0648199	0.000996335	0	4.789518	1.988627	0.329598	0.670402	97.41525
300	2.11905	-22.2873	24.4064	0.279501	0.720499	0.9213341	0.960923	0.770979	0.359137	0.112019	0.0900766	0.065583	0.00102446	0	7.171779	1.911261	0.7204985	0.2795015	81.51946
310	2.38612	-26.2725	28.6586	0.874732	0.125268	1.464586	0.970558	0.771224	0.361674	0.111222	0.0886067	0.0650999	0.00102368	0	2.919533	1.798269	0.1252677	0.8747323	62.8447
320	3.33776	-24.1334	27.4712	0.884743	0.115257	0.6867395	0.984621	0.764976	0.365771	0.108522	0.088872	0.0645012	0.00101458	0	4.107001	1.991646	0.1152571	0.8847429	98.09491
330	2.24115	-24.8119	27.053	0.351864	0.648136	1.745734	0.968841	0.763806	0.371528	0.108827	0.0890595	0.0649823	0.000989954	0	4.52516	1.65444	0.6481362	0.3518638	45.12742
340	0.959328	-26.9075	27.8669	0.675746	0.324254	1.409706	0.962904	0.782007	0.365217	0.107596	0.0868003	0.0627924	0.0010113	0	3.711319	1.420926	0.3242539	0.6757461	26.3588
350	2.60346	-26.1302	28.7336	0.071118	0.928882	0.8632456	0.972836	0.79344	0.363441	0.110912	0.0865054	0.0639321	0.0010239	0	2.844562	1.515584	0.928882	0.071118	32.77813
360	1.62036	-23.0808	24.7011	0.437619	0.562381	2.902443	0.989609	0.767789	0.362813	0.111996	0.08776	0.0640822	0.0010057	0	6.877041	1.932459	0.5623805	0.4376195	85.59715
370	-1.67319	-24.624	22.9508	0.781556	0.218444	3.66324	0.948472	0.779462	0.363124	0.110574	0.0870643	0.0626743	0.000975581	0	8.627405	1.695543	0.2184444	0.7815556	49.607
380	-0.244843	-27.8957	27.6509	0.323284	0.676716	5.121536	0.990648	0.792151	0.364906	0.109648	0.0883911	0.0629208	0.000980588	0	3.927299	1.510695	0.6767158	0.3232842	32.41121
390	3.8972	-24.4169	28.3141	0.123624	0.876376	0.7181896	0.987605	0.782111	0.359468	0.10745	0.0892002	0.0636688	0.00101976	0	3.264085	1.953554	0.8763762	0.1236238	89.85742
400	3.35563	-24.0306	27.3862	0.660096	0.339904	2.181301	0.978898	0.765841	0.365703	0.108377	0.0895857	0.0635002	0.00101346	0	4.191925	1.983024	0.3399043	0.6600957	96.16663
410	2.25384	-22.6628	24.9167	0.54326	0.45674	1.02467	0.951558	0.790163	0.361059	0.108507	0.0879487	0.0656003	0.00101462	0	6.661505	1.912433	0.45674	0.54326	81.73967
420	3.13218	-24.6271	27.7592	0.104432	0.895568	3.160504	0.964081	0.794232	0.364922	0.110142	0.0890606	0.0647823	0.00101918	0	3.818926	1.855395	0.8955683	0.1044317	71.67947
430	2.05651	-27.0067	29.0632	0.781267	0.218733	1.035184	0.990109	0.78424	0.365613	0.10908	0.0900687	0.0631411	0.000997148	0	2.514978	1.74304	0.2187328	0.7812672	55.34004
440	2.5422	-23.7851	26.3273	0.122939	0.877061	3.068576	0.989042	0.778114	0.358865	0.108043	0.0890881	0.0651068	0.000980263	0	5.250913	1.884769	0.8770609	0.1229391	76.69527
450	2.07326	-26.1505	28.2238	0.438403	0.561597	1.490367	0.952973	0.764347	0.370392	0.111144	0.0883219	0.0657251	0.0010196	0	3.354374	1.552721	0.5615974	0.4384026	35.70435
460	2.45627	-22.7469	25.2032	0.363961	0.636039	1.730282	0.951268	0.800395	0.365777	0.112652	0.0864657	0.0655706	0.00102365	0	6.37501	1.92321	0.6360388	0.3639612	83.79341
470	3.37072	-25.1765	28.5472	0.594696	0.405304	0.9605944	0.971998	0.78632	0.365222	0.111141	0.0884885	0.0656231	0.00102273	0	3.030931	1.942293	0.4053042	0.5946958	87.55748
480	1.7504	-23.5222	25.2726	0.966916	0.0330843	0.494199	0.981008	0.792602	0.366915	0.111406	0.0883613	0.0637691	0.00101313	0	6.305583	1.807004	0.0330843	0.9669157	64.12157
490	1.85206	-26.6711	28.5232	0.444835	0.555165	0.782594	0.983089	0.781284	0.35843	0.11276	0.0859274	0.0634886	0.000999774	0	3.054981	1.497214	0.5551648	0.4448352	31.42055
500	1.40766	-24.7843	26.1919	0.611877	0.388123	3.18821	0.975689	0.780248	0.371011	0.109935	0.085886	0.0632802	0.000989654	0	5.386265	1.774092	0.3881228	0.6118772	59.44181
510	0.805006	-25.226	26.031	0.827699	0.172301	1.873666	0.975209	0.789378	0.368003	0.11238	0.0868695	0.0632386	0.00100644	0	5.547139	1.594538	0.1723012	0.8276988	39.31319
520	0.653033	-27.6113	28.2644	0.207322	0.792678	2.017005	0.978367	0.776466	0.369109	0.112322	0.08727	0.063304	0.00100118	0	3.31382	1.209018	0.7926782	0.2073218	16.18145
530	1.91184	-27.4216	29.3334	0.033043	0.966957	0.6046426	0.983249	0.797907	0.37009	0.110985	0.0868774	0.063922	0.00101939	0	2.244758	1.394807	0.966957	0.03304297	24.82033
540	2.88984	-26.779	29.6689	0.497585	0.502415	1.336587	0.966446	0.776367	0.359046	0.109224	0.0900804	0.0632944	0.000994596	0	1.909286	1.967584	0.502415	0.497585	92.80774
550	0.444684	-29.5832	30.0279	0.942388	0.0576119	2.222012	0.991084	0.767396	0.372488	0.111591	0.0866149	0.0649637	0.00101446	0	1.550278	1.733388	0.05761185	0.9423881	54.12379
560	2.43149	-27.5651	29.9966	0.0178153	0.982185	3.680087	0.985366	0.767595	0.366514	0.111545	0.0867288	0.0642445	0.00098562	0	1.581579	1.821123	0.9821847	0.0178153	66.24044
570	1.41395	-27.59	29.0039	0.377714	0.622286	1.029488	0.972387	0.768816	0.362769	0.11088	0.0877041	0.0654108	0.000991638	0	2.574243	1.400316	0.6222859	0.3777141	25.13715
580	3.28583	-25.4859	28.7718	0.104551	0.895449	0.143272	0.987284	0.76378	0.360807	0.111669	0.0895303	0.0638592	0.000987812	0	2.806419	1.822429	0.8954488	0.1045512	66.43984
590	1.23033	-24.7808	26.0111	0.207388	0.792612	0.4853819	0.948792	0.777508	0.363512	0.111441	0.0869777	0.0648527	0.000998036	0	5.56703	1.400386	0.792612	0.207388	25.14122
600	2.07674	-28.0621	30.1389	0.219697	0.780303	4.031672	0.972496	0.771842	0.374716	0.111776	0.0869142	0.0636851	0.00101354	0	1.439304	1.892449	0.7803034	0.2196966	78.06369
610	2.24373	-25.1096	27.3534	0.32604	0.67396	2.145097	0.95057	0.783545	0.372269	0.111461	0.0859741	0.0631162	0.000983851	0	4.22479	1.654364	0.6739597	0.3260403	45.11945
620	2.68736	-25.4695	28.1569	0.485165	0.514835	2.949461	0.966621	0.798593	0.366143	0.111488	0.0891255	0.062982	0.000998893	0	3.421286	1.828355	0.5148354	0.4851646	67.35271
630	3.93501	-24.7065	28.6415	0.0612746	0.938725	1.533085	0.974648	0.789324	0.362927	0.111354	0.0876606	0.0630583	0.00100088	0	2.936671	1.919001	0.9387254	0.06127464	82.98535
640	2.65529	-26.4566	29.1119	0.00808208	0.991918	2.232786	0.948244	0.76747	0.35981	0.107508	0.0886337	0.0647275	0.00100221	0	2.466295	1.586005	0.9919179	0.00808208	38.54826
650	-0.592451	-29.7057	29.1133	0.986324	0.0136756	4.077462	0.946287	0.771847	0.361803	0.10763	0.0884266	0.0626797	0.00100242	0	2.464906	1.561129	0.0136756	0.9863244	36.40234
660	1.60053	-28.0918	29.6923	0.172949	0.827051	3.648344	0.957913	0.786892	0.366284	0.112379	0.0896454	0.0640486	0.000997071	0	1.885868	1.614764	0.8270514	0.1729486	41.18739
670	3.4417	-23.4959	26.9376	0.35674	0.64326	1.98777	0.989763	0.798082	0.360631	0.111607	0.0869531	0.0649253	0.00101887	0	4.640591	1.968729	0.6432599	0.3567401	93.05269
680	3.05218	-26.3235	29.3756	0.0563652	0.943635	4.176194	0.980728	0.791883	0.362949	0.112582	0.0875047	0.0646899	0.0010054	0	2.202535	1.93462	0.9436348	0.05636517	86.02401
690	0.14254	-29.8802	30.0227	0.537496	0.462504	3.763513	0.981031	0.781986	0.358254	0.109441	0.0861669	0.0655952	0.000992868	0	1.555458	1.554006	0.4625044	0.5374956	35.81015
700	1.40212	-22.5001	23.9022	0.0295987	0.970401	3.124624	0.981153	0.791963	0.365469	0.111892	0.0901372	0.0657105	0.000981642	0	7.675971	1.987016	0.9704013	0.02959867	97.05465
710	3.27169	-25.8149	29.0865	0.231892	0.768108	0.3888412	0.983426	0.779838	0.372168	0.111612	0.0865513	0.0646129	0.001004	0	2.491622	1.899418	0.7681082	0.2318918	79.32637
720	1.46066	-25.7533	27.214	0.865042	0.134958	2.496319	0.988604	0.800468	0.368999	0.107965	0.0859533	0.0635598	0.00102208	0	4.364188	1.682778	0.1349582	0.8650418	48.17012
730	3.83337	-23.5917	27.4251	0.0817533	0.918247	1.835641	0.973578	0.77754	0.358988	0.112528	0.0901474	0.0634662	0.0010192	0	4.153084	1.947602	0.9182467	0.08175333	88.63427
740	1.50553	-24.9165	26.422	0.466846	0.533154	1.523468	0.987814	0.794665	0.366603	0.112624	0.0872044	0.062751	0.00101037	0	5.156134	1.563019	0.533154	0.466846	36.56105
750	1.34623	-28.8668	30.2131	0.319025	0.680975	1.41144	0.965587	0.788274	0.370354	0.110246	0.0878444	0.0641575	0.0010047	0	1.365118	1.671158	0.6809747	0.3190253	46.89841
760	2.16946	-24.9002	27.0697	0.867418	0.132582	1.787821	0.956787	0.789633	0.373092	0.11225	0.0903076	0.0646775	0.0010247	0	4.508505	1.770795	0.1325816	0.8674184	58.99232
770	1.56946	-27.7457	29.3152	0.938044	0.0619558	0.5019087	0.953286	0.787593	0.371919	0.112008	0.0869799	0.064534	0.00102571	0	2.26301	1.766018	0.06195577	0.9380442	58.34693
780	1.15651	-28.6577	29.8142	0.170845	0.829155	5.764045	0.974622	0.780394	0.37074	0.109291	0.0862183	0.0635285	0.00100288	0	1.763961	1.82995	0.8291551	0.1708449	67.60047
790	1.77107	-23.9625	25.7336	0.063242	0.936758	2.361934	0.959713	0.773411	0.372377	0.107988	0.0881855	0.0634013	0.00101756	0	5.844571	1.658463	0.936758	0.06324196	45.54735
800	3.43078	-23.7661	27.1969	0.131877	0.868123	1.389792	0.987825	0.785037	0.369937	0.107417	0.0899116	0.0657216	0.000999661	0	4.3813	1.85543	0.8681229	0.1318771	71.68521
810	2.46234	-22.6533	25.1156	0.128753	0.871247	0.4558757	0.980014	0.783611	0.373937	0.108013	0.0894674	0.06481	0.000979563	0	6.462581	1.866444	0.871247	0.128753	73.52649
820	1.04855	-26.9423	27.9909	0.384414	0.615586	5.762075	0.979954	0.767287	0.370012	0.111027	0.0898042	0.0625202	0.000991483	0	3.587315	1.87054	0.6155857	0.3844143	74.22332
830	3.71023	-24.6705	28.3807	0.0282325	0.971768	2.398166	0.954595	0.798796	0.371989	0.108512	0.0896107	0.0631857	0.000998103	0	3.197478	1.874776	0.9717675	0.0282325	74.95073
840	0.290189	-26.3039	26.5941	0.904208	0.0957925	2.729941	0.963817	0.788294	0.373278	0.10848	0.0897603	0.0640143	0.000983417	0	4.984054	1.564213	0.09579248	0.9042075	36.66174
850	-0.243763	-27.1145	26.8707	0.624874	0.375126	6.01361	0.970013	0.793237	0.370671	0.110543	0.0899295	0.0630024	0.000981667	0	4.707448	1.819068	0.3751263	0.6248737	65.92766
860	3.63854	-23.9637	27.6023	0.327195	0.672805	1.926371	0.967176	0.796177	0.359052	0.111419	0.0868677	0.063278	0.00100215	0	3.975916	1.961169	0.6728053	0.3271947	91.44691
870	2.07918	-25.1064	27.1856	0.983659	0.0163408	0.8241767	0.956932	0.777138	0.374511	0.11166	0.0858781	0.0643269	0.000988584	0	4.392595	1.757063	0.01634082	0.9836592	57.15609
880	2.04469	-26.4752	28.5199	0.209423	0.790577	4.142839	0.952176	0.782633	0.363488	0.112351	0.0894231	0.0645108	0.000997369	0	3.058248	1.731209	0.7905769	0.2094231	53.85286
890	-0.279171	-28.8536	28.5744	0.899186	0.100814	6.602866	0.960971	0.783391	0.369777	0.110085	0.0883898	0.0652302	0.000987842	0	3.003735	1.870138	0.1008139	0.8991861	74.15466
900	1.1034	-28.9613	30.0647	0.29246	0.70754	3.376448	0.947301	0.793611	0.370648	0.110289	0.086821	0.0633625	0.00100407	0	1.513448	1.61612	0.70754	0.29246	41.31621
910	2.82221	-27.0672	29.8894	0.428836	0.571164	2.070435	0.965762	0.794079	0.369508	0.112111	0.0887356	0.0638607	0.00100482	0	1.688756	1.972513	0.5711635	0.4288365	93.867
920	0.675065	-23.231	23.9061	0.291686	0.708314	3.1957	0.989464	0.794377	0.373858	0.112622	0.0893791	0.06308	0.00098963	0	7.672106	1.871551	0.7083136	0.2916864	74.39622
930	2.44039	-23.539	25.9794	0.031285	0.968715	2.704542	0.975937	0.770934	0.36241	0.108837	0.0889884	0.0632039	0.000981031	0	5.598745	1.837183	0.968715	0.03128497	68.73578
940	3.88841	-24.8436	28.732	0.126871	0.873129	1.251601	0.971589	0.761079	0.364761	0.111879	0.0870253	0.0641471	0.00099409	0	2.846194	1.94765	0.8731288	0.1268712	88.64411
950	2.97873	-26.1912	29.1699	0.121576	0.878424	1.426037	0.951674	0.766842	0.364694	0.111095	0.0882731	0.0629473	0.000991839	0	2.40825	1.698814	0.8784236	0.1215764	49.98204
960	1.8733	-27.1136	28.9869	0.421669	0.578331	3.375162	0.975927	0.798112	0.363116	0.111789	0.0863451	0.0640656	0.000987751	0	2.591303	1.676564	0.578331	0.421669	47.48586
970	1.82723	-24.9833	26.8106	0.48577	0.51423	4.794193	0.983131	0.791633	0.374411	0.111824	0.0865025	0.0637876	0.00100089	0	4.767619	1.986645	0.51423	0.48577	96.97175
980	3.31658	-24.5691	27.8857	0.0727416	0.927258	3.516582	0.958429	0.767009	0.372242	0.11156	0.0878437	0.0633325	0.000993955	0	3.692452	1.940767	0.9272584	0.0727416	87.25038
990	2.96465	-24.9342	27.8989	0.0294972	0.970503	0.5177574	0.960176	0.773449	0.374557	0.112079	0.0868302	0.0626662	0.00102315	0	3.679291	1.59636	0.9705028	0.02949721	39.47844
1000	3.7303	-24.5683	28.2986	0.12232	0.87768	2.002975	0.950115	0.784718	0.372483	0.108679	0.0889443	0.0627197	0.00102005	0	3.279569	1.883198	0.8776801	0.1223199	76.41842
1010	1.47083	-23.2193	24.6901	0.159207	0.840793	2.282717	0.989765	0.782609	0.370069	0.110051	0.0900234	0.062975	0.000996965	0	6.888041	1.781928	0.8407933	0.1592067	60.52402
1020	2.19454	-26.0522	28.2467	0.435668	0.564332	1.488508	0.988957	0.800551	0.36073	0.111501	0.0888138	0.0644741	0.000985958	0	3.331437	1.594291	0.5643317	0.4356683	39.29078
1030	1.46582	-24.8243	26.2901	0.708553	0.291447	1.412594	0.976547	0.79668	0.374187	0.110427	0.0891934	0.0641298	0.00101101	0	5.288041	1.63372	0.2914473	0.7085527	43.02493
1040	1.26776	-27.4957	28.7634	0.884294	0.115706	4.188223	0.978093	0.784283	0.367348	0.112055	0.0884214	0.0632484	0.00101998	0	2.814764	1.794153	0.1157063	0.8842937	62.25193
1050	-1.34596	-29.3235	27.9775	0.13029	0.86971	8.047187	0.970731	0.796956	0.35901	0.112027	0.0890561	0.0652709	0.00100945	0	3.600668	1.753657	0.8697098	0.1302902	56.70962
1060	2.20489	-26.4103	28.6151	0.396255	0.603745	3.794525	0.977991	0.80081	0.359845	0.10767	0.0870407	0.0644248	0.000998255	0	2.963023	1.780746	0.6037453	0.3962547	60.35953
1070	0.0939997	-25.8668	25.9608	0.684696	0.315304	3.55622	0.98279	0.79822	0.357475	0.112584	0.0877137	0.06427	0.000983895	0	5.61738	1.61452	0.3153037	0.6846963	41.16425
1080	-0.259458	-27.9798	27.7203	0.0694884	0.930512	7.991257	0.990645	0.796679	0.373994	0.108802	0.0859375	0.0648122	0.000981262	0	3.85786	1.99878	0.9305116	0.0694884	99.71959
1090	1.47817	-26.464	27.9422	0.322514	0.677486	2.048757	0.964563	0.762056	0.361805	0.112686	0.0882322	0.0654358	0.000977569	0	3.63599	1.436522	0.6774858	0.3225142	27.32259
1100	3.08534	-23.5099	26.5952	0.194968	0.805032	0.6212387	0.985002	0.789648	0.359925	0.110657	0.089517	0.0654367	0.000990149	0	4.982955	1.840525	0.8050323	0.1949677	69.26679
1110	2.64346	-26.0902	28.7337	0.14785	0.85215	1.986248	0.9738	0.780619	0.359997	0.109734	0.0882085	0.0643788	0.00102187	0	2.844461	1.598108	0.8521505	0.1478495	39.63767
1120	-4.12011	-31.8448	27.7247	0.262682	0.737318	9.556906	0.973146	0.781948	0.357649	0.110398	0.089346	0.0652968	0.00102136	0	3.853447	1.593172	0.7373178	0.2626822	39.18971
1130	2.62387	-23.0904	25.7143	0.707269	0.292731	2.269578	0.965768	0.790964	0.360398	0.110406	0.0896066	0.0641099	0.00101534	0	5.863849	1.982802	0.2927313	0.7072687	96.11738
1140	3.52019	-24.2525	27.7726	0.000656648	0.999343	3.410529	0.960705	0.765696	0.357771	0.109217	0.0875106	0.0650366	0.000999648	0	3.805525	1.963747	0.9993434	0.0006566481	91.9914
1150	3.26812	-23.5992	26.8673	0.56653	0.43347	1.627187	0.96321	0.784408	0.360146	0.111487	0.0884365	0.0654783	0.00102115	0	4.710847	1.953315	0.4334696	0.5665304	89.80807
1160	3.98611	-23.8823	27.8684	0.0641684	0.935832	1.397757	0.956065	0.800238	0.360357	0.110282	0.0858695	0.0649474	0.000996262	0	3.709739	1.952065	0.9358316	0.06416842	89.54989
1170	1.14819	-26.2802	27.4284	0.862193	0.137807	0.3492736	0.960358	0.793121	0.368167	0.107837	0.0864592	0.0630423	0.000993108	0	4.149737	1.534123	0.1378068	0.8621932	34.20762
1180	1.75162	-26.272	28.0237	0.557779	0.442221	5.159622	0.949298	0.769158	0.369669	0.111292	0.085912	0.0639331	0.00101843	0	3.55452	1.94019	0.4422208	0.5577792	87.13437
1190	2.60495	-26.3533	28.9582	0.41155	0.58845	3.276256	0.955039	0.76495	0.360459	0.108709	0.085821	0.0634146	0.00101986	0	2.61994	1.811568	0.5884498	0.4115502	64.79894
1200	3.11351	-25.644	28.7575	0.299275	0.700725	0.7182163	0.98692	0.778436	0.373862	0.108087	0.0881988	0.0646789	0.00102004	0	2.820685	1.780497	0.7007254	0.2992746	60.32497
1210	2.64369	-25.8373	28.481	0.254549	0.745451	4.588416	0.969272	0.768998	0.374208	0.108788	0.0876445	0.0649298	0.00100025	0	3.097208	1.95305	0.7454511	0.2545489	89.75315
1220	-1.54063	-24.424	22.8834	0.351354	0.648646	0.1068666	0.960588	0.799086	0.366463	0.110222	0.0884654	0.063299	0.000989857	0	8.694781	1.262604	0.6486463	0.3513537	18.30646
1230	3.28129	-24.8229	28.1042	0.501713	0.498287	1.815005	0.988659	0.788439	0.364037	0.111693	0.0886156	0.0627698	0.00097829	0	3.473958	1.899445	0.498287	0.501713	79.33145
1240	3.2566	-23.4978	26.7544	0.218168	0.781832	2.611117	0.98766	0.786007	0.362006	0.110888	0.0885551	0.0645097	0.000996887	0	4.823761	1.970545	0.7818323	0.2181677	93.44272
1250	3.76194	-23.8574	27.6194	0.290008	0.709992	0.9958323	0.981505	0.797428	0.357422	0.111069	0.0865535	0.0653023	0.000983182	0	3.958791	1.982017	0.7099919	0.2900081	95.94376
1260	0.286664	-23.8002	24.0869	0.154313	0.845687	4.693287	0.979538	0.788782	0.357398	0.109051	0.0876452	0.0626844	0.0010042	0	7.491318	1.967189	0.8456867	0.1543133	92.72339
1270	2.52386	-25.8099	28.3338	0.207688	0.792312	4.529498	0.95497	0.778925	0.371637	0.109235	0.0859197	0.0640316	0.00097659	0	3.244399	1.918521	0.792312	0.207688	82.89368
1280	1.60217	-23.9589	25.5611	0.0785545	0.921445	2.748025	0.948469	0.797817	0.359308	0.109248	0.0862193	0.0638496	0.00100451	0	6.017089	1.703965	0.9214455	0.07855453	50.57843
1290	2.36015	-27.6731	30.0333	0.335707	0.664293	2.821663	0.973766	0.792002	0.367061	0.109021	0.0869771	0.0657236	0.00102139	0	1.544888	1.869771	0.664293	0.335707	74.09203
1300	3.04923	-25.3537	28.4029	0.773358	0.226642	1.793189	0.958925	0.783164	0.36755	0.112576	0.0865995	0.0648837	0.00101682	0	3.175229	1.903672	0.2266417	0.7733583	80.10726
1310	3.56795	-23.4043	26.9723	0.405305	0.594695	1.489468	0.957235	0.769092	0.363002	0.112491	0.0861884	0.0652489	0.00102123	0	4.605912	1.986225	0.5946953	0.4053047	96.87796
1320	-5.56325	-25.5282	19.965	0.225794	0.774206	4.798366	0.984928	0.776934	0.361985	0.109696	0.0860643	0.0640965	0.00101517	0	11.61319	1.505913	0.7742065	0.2257935	32.05625
1330	2.43308	-27.0121	29.4452	0.346439	0.653561	4.213778	0.983951	0.780871	0.359028	0.112717	0.0876555	0.0646947	0.00102469	0	2.132988	1.893094	0.6535613	0.3464387	78.17973
1340	3.4115	-24.9546	28.3661	0.611636	0.388364	2.502096	0.986299	0.772807	0.362346	0.112684	0.0877595	0.0625643	0.00102592	0	3.212025	1.974766	0.3883638	0.6116362	94.35525
1350	3.69978	-25.8019	29.5016	0.00189772	0.998102	2.476123	0.983461	0.773366	0.371155	0.110052	0.0896603	0.0648814	0.00102573	0	2.076524	1.923991	0.9981023	0.001897725	83.9443
1360	2.85686	-25.8709	28.7278	0.0537868	0.946213	1.59718	0.976073	0.784334	0.365451	0.10895	0.090316	0.0632582	0.000993756	0	2.850414	1.603854	0.9462132	0.05378682	40.16562
1370	1.67054	-22.5877	24.2582	0.746897	0.253103	2.462085	0.953372	0.799726	0.365289	0.111145	0.0888861	0.0643291	0.000992945	0	7.319949	1.991491	0.253103	0.746897	98.05982
1380	2.80667	-23.8602	26.6669	0.720203	0.279797	1.813232	0.970514	0.800472	0.364622	0.110772	0.0878554	0.0624819	0.00097954	0	4.911282	1.913347	0.2797968	0.7202032	81.91192
1390	2.51431	-23.3849	25.8993	0.379106	0.620894	1.48105	0.992216	0.796732	0.35969	0.112676	0.0890805	0.0625211	0.0010136	0	5.678911	1.832398	0.6208938	0.3791062	67.98271
1400	2.3989	-27.3199	29.7188	0.327582	0.672418	2.395343	0.987003	0.796949	0.364834	0.10843	0.0882208	0.0643784	0.00100197	0	1.859399	1.763828	0.6724178	0.3275822	58.05341
1410	0.981859	-22.9852	23.9671	0.27059	0.72941	0.6693777	0.960819	0.78288	0.374278	0.111377	0.0869044	0.065066	0.000995194	0	7.611097	1.684521	0.7294099	0.2705901	48.36387
1420	3.22459	-23.7809	27.0054	0.481702	0.518298	1.444379	0.948092	0.793457	0.367249	0.108995	0.0874215	0.0645435	0.00100023	0	4.572727	1.91578	0.5182976	0.4817024	82.372
1430	2.76465	-24.1178	26.8824	0.385207	0.614793	3.678793	0.990679	0.793597	0.361425	0.110968	0.0863076	0.064762	0.00100747	0	4.695722	1.995399	0.614793	0.385207	98.94617
1440	1.60144	-27.3617	28.9631	0.849078	0.150922	1.264241	0.986996	0.793387	0.36063	0.111239	0.0864363	0.0656292	0.00100835	0	2.615048	1.661037	0.1509224	0.8490776	45.81806
1450	1.39201	-24.2979	25.6899	0.618083	0.381917	4.189558	0.991392	0.780204	0.360372	0.11238	0.0874928	0.0656184	0.00100877	0	5.888235	1.948814	0.3819165	0.6180835	88.88196
1460	0.795652	-27.1681	27.9638	0.721086	0.278914	1.829113	0.976443	0.781462	0.371788	0.111294	0.086106	0.0656537	0.0010268	0	3.614379	1.425849	0.2789143	0.7210857	26.65931
1470	1.80738	-25.5589	27.3662	0.53062	0.46938	1.788734	0.974611	0.788353	0.370251	0.112375	0.0884642	0.0641884	0.00102576	0	4.211932	1.580649	0.46938	0.53062	38.07578
1480	2.90472	-26.2716	29.1763	0.978973	0.0210274	1.772168	0.946564	0.800155	0.375325	0.108097	0.0859644	0.0628479	0.00101206	0	2.401842	1.993785	0.02102736	0.9789726	98.57911
1490	2.62013	-26.3357	28.9558	0.166379	0.833621	0.8882066	0.948941	0.78505	0.372	0.108945	0.08592	0.0625798	0.00102276	0	2.622326	1.582219	0.8336212	0.1663788	38.21366
1500	2.06987	-25.9709	28.0408	0.154739	0.845261	0.1638384	0.963994	0.78005	0.367854	0.109068	0.0867682	0.0635551	0.000991181	0	3.537413	1.42505	0.8452608	0.1547392	26.61031
1510	2.72282	-25.7333	28.4561	0.494069	0.505931	0.7314814	0.950661	0.793274	0.371985	0.109002	0.0870326	0.0636679	0.000987089	0	3.122052	1.745743	0.5059308	0.4940692	55.6856
1520	1.72264	-23.6617	25.3844	0.171323	0.828677	2.615586	0.955521	0.76859	0.365232	0.112227	0.0877941	0.062781	0.000987539	0	6.193788	1.777431	0.828677	0.171323	59.90063
1530	2.35718	-24.8455	27.2027	0.13524	0.86476	4.716506	0.957576	0.770523	0.367606	0.108204	0.0887131	0.0656608	0.00097758	0	4.37547	1.988272	0.8647596	0.1352404	97.33567
1540	1.81059	-25.0846	26.8952	0.474644	0.525356	1.529609	0.967981	0.774693	0.374829	0.110301	0.0881137	0.0649595	0.000987637	0	4.682941	1.596998	0.5253557	0.4746443	39.53648
1550	2.36897	-24.1135	26.4825	0.812812	0.187188	2.803099	0.977679	0.783103	0.36353	0.112493	0.088695	0.0632748	0.00100345	0	5.095663	1.919638	0.1871882	0.8128118	83.10713
1560	2.29897	-23.5627	25.8616	0.706035	0.293965	2.585963	0.977475	0.765876	0.369019	0.108247	0.0858587	0.0629825	0.00100648	0	5.716522	1.929813	0.2939651	0.7060349	85.07723
1570	3.57872	-25.1018	28.6805	0.324414	0.675586	1.871811	0.980723	0.788942	0.363069	0.109292	0.0873601	0.0647084	0.000996083	0	2.897639	1.923798	0.6755862	0.3244138	83.90688
1580	1.4124	-24.738	26.1504	0.305382	0.694618	4.827141	0.959715	0.78516	0.370109	0.108469	0.0867899	0.062488	0.00100661	0	5.427811	1.951001	0.6946184	0.3053816	89.33074
1590	2.03726	-27.6658	29.7031	0.231881	0.768119	0.9076424	0.959122	0.767213	0.369664	0.112234	0.0894854	0.0630889	0.000981458	0	1.875114	1.619766	0.7681191	0.2318809	41.66451
1600	1.08747	-21.8124	22.8999	0.627365	0.372635	1.677971	0.973922	0.792847	0.372766	0.111044	0.0896491	0.0643583	0.00100436	0	8.678285	1.990543	0.3726351	0.6273649	97.84595
1610	0.0440139	-23.6476	23.6916	0.0351732	0.964827	1.221597	0.982862	0.789548	0.358507	0.111776	0.0902601	0.0633159	0.00100426	0	7.886538	1.454849	0.9648268	0.03517323	28.50028
1620	1.53109	-25.3058	26.8369	0.942489	0.0575114	2.616888	0.946407	0.795173	0.360083	0.110534	0.0893231	0.0626603	0.00101528	0	4.741317	1.746088	0.05751138	0.9424886	55.72991
1630	-0.292052	-22.9615	22.6694	0.516147	0.483853	2.604469	0.958172	0.800301	0.358374	0.108139	0.0897954	0.0631672	0.00101888	0	8.908746	1.809156	0.4838532	0.5161468	64.44008
1640	2.75391	-26.2504	29.0043	0.245426	0.754574	1.65183	0.965729	0.79814	0.366057	0.108461	0.0892167	0.0644139	0.000999957	0	2.573831	1.67679	0.7545738	0.2454262	47.51052
1650	1.97969	-23.3722	25.3519	0.743139	0.256861	1.542996	0.993281	0.770083	0.366235	0.107285	0.0871754	0.0632811	0.00102139	0	6.226303	1.843154	0.2568605	0.7431395	69.68728
1660	1.63721	-23.2137	24.8509	0.208608	0.791392	3.780056	0.972584	0.783172	0.370914	0.111401	0.0860707	0.063294	0.00102524	0	6.727295	1.991803	0.7913918	0.2086082	98.13034
1670	2.37448	-21.8248	24.1993	0.12198	0.87802	0.6364318	0.963097	0.779283	0.364059	0.111764	0.0872401	0.0628802	0.00102402	0	7.378859	1.999803	0.8780199	0.1219801	99.95463
1680	2.67259	-25.8142	28.4868	0.684898	0.315102	1.99232	0.969732	0.796898	0.359116	0.108082	0.0902266	0.0627061	0.00101049	0	3.091364	1.8092	0.3151025	0.6848975	64.44667
1690	3.08506	-24.774	27.859	0.518001	0.481999	1.209178	0.95943	0.772878	0.365582	0.108951	0.0873365	0.0653196	0.00097663	0	3.719121	1.845637	0.4819987	0.5180013	70.08688
1700	2.08006	-25.8676	27.9477	0.910906	0.0890936	3.464498	0.950566	0.766853	0.358744	0.108751	0.0859164	0.0649622	0.00100571	0	3.630506	1.867098	0.08909363	0.9109064	73.6373
1710	2.06208	-26.9887	29.0508	0.186316	0.813684	0.3308093	0.94543	0.761546	0.366468	0.107612	0.0884741	0.0637356	0.00101315	0	2.527379	1.472881	0.8136842	0.1863158	29.70854
1720	2.71092	-25.7463	28.4572	0.0131632	0.986837	0.3663649	0.969314	0.772185	0.368107	0.108764	0.0884694	0.0632001	0.00100742	0	3.120954	1.521721	0.9868368	0.01316318	33.24462
1730	2.57661	-23.33	25.9066	0.712825	0.287175	0.2020913	0.964549	0.777372	0.37311	0.109487	0.0892185	0.0626492	0.00101614	0	5.671577	1.902424	0.2871747	0.7128253	79.8774
1740	0.73585	-27.1537	27.8896	0.244873	0.755127	6.831932	0.992525	0.776685	0.359796	0.109979	0.0891613	0.0635115	0.000980324	0	3.688585	1.988102	0.7551272	0.2448728	97.29749
1750	3.18568	-24.9267	28.1124	0.575166	0.424834	1.085691	0.975612	0.764123	0.36055	0.111642	0.0867527	0.0647416	0.00100624	0	3.465787	1.873987	0.4248337	0.5751663	74.81468
1760	0.115397	-23.2214	23.3368	0.130239	0.869761	2.197766	0.987879	0.793094	0.360254	0.107485	0.0861239	0.065557	0.00101398	0	8.241361	1.669655	0.8697612	0.1302388	46.73634
1770	1.66084	-23.9984	25.6592	0.652764	0.347236	1.284824	0.98628	0.767343	0.360524	0.10796	0.0860772	0.0643124	0.00102247	0	5.918947	1.712281	0.3472355	0.6527645	51.55625
1780	-0.193679	-28.6959	28.5022	0.571414	0.428586	4.958541	0.944971	0.798988	0.37194	0.107845	0.0899456	0.0637889	0.00102552	0	3.07599	1.517189	0.428586	0.571414	32.89948
1790	2.7897	-24.9994	27.7891	0.132852	0.867148	1.792902	0.962046	0.798744	0.373822	0.107324	0.0894741	0.0653719	0.00101971	0	3.789067	1.639183	0.8671483	0.1328517	43.56956
1800	3.52051	-23.2625	26.783	0.0467941	0.953206	2.168397	0.984168	0.785387	0.3618	0.10799	0.0864987	0.065433	0.000999433	0	4.795168	1.951268	0.9532059	0.04679405	89.38563
1810	1.9135	-28.3748	30.2883	0.133564	0.866436	1.738218	0.981647	0.773209	0.375425	0.107686	0.0863022	0.064043	0.00101893	0	1.289911	1.763871	0.8664359	0.1335641	58.05925
1820	1.29004	-23.2241	24.5141	0.537421	0.462579	0.8225865	0.987697	0.789979	0.369787	0.112376	0.0860517	0.065348	0.000999392	0	7.064077	1.738329	0.4625793	0.5374207	54.74304
1830	2.28387	-27.338	29.6219	0.165467	0.834533	0.4560428	0.9856	0.791486	0.374265	0.111329	0.0893824	0.0648696	0.000976914	0	1.956261	1.663894	0.8345332	0.1654668	46.12053
1840	1.81908	-22.7651	24.5842	0.615936	0.384064	0.07888937	0.958331	0.78532	0.368464	0.112359	0.0894824	0.0635898	0.000986131	0	6.993999	1.874736	0.3840642	0.6159358	74.94393
1850	2.53854	-25.565	28.1035	0.250367	0.749633	0.2967295	0.969203	0.771978	0.371949	0.111662	0.0894454	0.0634045	0.000978741	0	3.474677	1.600703	0.7496331	0.2503669	39.8752
1860	2.88621	-23.9178	26.804	0.463072	0.536928	0.121088	0.955963	0.773097	0.370658	0.108264	0.0891752	0.0632913	0.000976407	0	4.7742	1.868467	0.5369277	0.4630723	73.86975
1870	2.3569	-23.9922	26.3491	0.0405623	0.959438	0.05121431	0.968199	0.791515	0.36769	0.10798	0.0896814	0.0648355	0.000980993	0	5.229041	1.597827	0.9594377	0.04056232	39.61206
1880	2.43249	-23.2986	25.731	0.40397	0.59603	0.0166006	0.960053	0.794453	0.362447	0.108789	0.0882808	0.0627258	0.00101849	0	5.847127	1.832461	0.5960302	0.4039698	67.9925
1890	3.25435	-23.6366	26.8909	0.268195	0.731805	0.02028357	0.986983	0.776688	0.364415	0.107671	0.0873447	0.0641214	0.00101396	0	4.687246	1.924819	0.7318049	0.2681951	84.10452
1900	2.75377	-24.2515	27.0053	0.185842	0.814158	0.343956	0.959148	0.790949	0.362634	0.10735	0.0885591	0.0630584	0.000988051	0	4.572898	1.693034	0.8141582	0.1858418	49.32128
1910	3.38255	-24.1728	27.5553	0.50871	0.49129	0.5188473	0.958958	0.778775	0.357304	0.108174	0.0877762	0.0640573	0.000995673	0	4.02283	1.9456	0.4912895	0.5087105	88.22663
1920	3.00138	-25.0076	28.009	0.596748	0.403252	0.3695618	0.947553	0.794702	0.360001	0.108108	0.088345	0.0646945	0.000995456	0	3.569147	1.863886	0.4032523	0.5967477	73.09472
1930	1.25773	-27.2659	28.5237	0.00695877	0.993041	0.2873284	0.956587	0.793849	0.368661	0.107555	0.0901475	0.0644128	0.00101358	0	3.054509	1.161765	0.9930412	0.006958768	14.51326
1940	2.46006	-23.0248	25.4849	0.169966	0.830034	1.487458	0.978886	0.796216	0.367565	0.110937	0.0879891	0.0635545	0.000994602	0	6.093302	1.835127	0.8300339	0.1699661	68.41115
1950	2.07584	-22.8803	24.9561	0.793508	0.206492	0.7921658	0.972623	0.795784	0.372183	0.109377	0.0896584	0.0643059	0.00100258	0	6.622042	1.895853	0.2064918	0.7935082	78.6779
1960	3.5516	-24.9419	28.4935	0.116492	0.883508	2.553743	0.970847	0.775061	0.367185	0.112361	0.0899506	0.0648869	0.000997753	0	3.084639	1.876012	0.8835082	0.1164918	75.16445
1970	0.665287	-26.493	27.1583	0.374662	0.625338	1.437901	0.948045	0.779259	0.372981	0.112079	0.0861453	0.0632832	0.00100935	0	4.419916	1.273965	0.6253381	0.3746619	18.79166
1980	1.92246	-25.418	27.3404	0.139234	0.860766	1.302142	0.975084	0.779224	0.373215	0.110432	0.0865573	0.0648073	0.00101166	0	4.237731	1.432779	0.8607656	0.1392344	27.08814
1990	3.08363	-24.7632	27.8468	0.376573	0.623427	1.097309	0.947685	0.766292	0.362839	0.108052	0.0863321	0.0647843	0.00100935	0	3.731341	1.785191	0.6234272	0.3765728	60.98044
2000	1.90474	-24.6449	26.5497	0.172118	0.827882	4.738441	0.977221	0.775005	0.370829	0.107933	0.0895582	0.0637951	0.00099296	0	5.028486	1.970764	0.8278823	0.1721177	93.48969
2010	3.62043	-25.2281	28.8485	0.00459291	0.995407	2.792979	0.968786	0.762969	0.374223	0.108555	0.0885181	0.0624839	0.000986323	0	2.72965	1.879084	0.9954071	0.004592908	75.69786
2020	3.18645	-23.9574	27.1439	0.651113	0.348887	2.012082	0.966655	0.765806	0.359553	0.108883	0.0882407	0.0638155	0.000991388	0	4.434308	1.956551	0.3488866	0.6511134	90.47964
2030	-1.02232	-27.6016	26.5792	0.289087	0.710913	5.60277	0.961455	0.76811	0.373997	0.107694	0.0871874	0.0643994	0.00101141	0	4.998925	1.530168	0.7109128	0.2890872	33.8975
2040	2.50746	-23.0056	25.5131	0.801006	0.198994	0.2597029	0.974194	0.771689	0.357338	0.109977	0.0868633	0.0642497	0.0010255	0	6.065107	1.934805	0.1989939	0.8010061	86.06079
2050	0.666204	-27.9509	28.6171	0.383196	0.616804	6.261869	0.959462	0.776343	0.365765	0.11145	0.0861053	0.0643866	0.000992348	0	2.961097	1.846887	0.6168041	0.3831959	70.28896
2060	-0.22895	-30.285	30.0561	0.366915	0.633085	7.691323	0.947239	0.765725	0.363971	0.107181	0.0860887	0.0644771	0.00101099	0	1.522077	1.994132	0.6330852	0.3669148	98.65782
2070	1.06247	-26.6728	27.7352	0.492268	0.507732	0.4571482	0.957128	0.781021	0.372915	0.109752	0.0871895	0.0645797	0.0010047	0	3.842946	1.332893	0.5077318	0.4922682	21.5225
2080	1.02549	-29.1351	30.1606	0.552029	0.447971	0.4070385	0.947388	0.774489	0.375569	0.10937	0.0868519	0.06455	0.000991534	0	1.417598	1.77356	0.4479713	0.5520287	59.36909
2090	-2.49096	-29.41	26.9191	0.705489	0.294511	1.550137	0.953543	0.777313	0.375157	0.110112	0.0861548	0.063844	0.000980123	0	4.659087	0.9086212	0.2945111	0.7054889	8.10254
2100	2.15821	-27.4735	29.6318	0.245335	0.754665	1.126235	0.945601	0.772068	0.374325	0.108676	0.0890275	0.0644357	0.000985352	0	1.946414	1.629111	0.7546654	0.2453346	42.57073
2110	3.74961	-25.3032	29.0528	0.175622	0.824378	2.269451	0.980894	0.795342	0.369908	0.11144	0.0877046	0.0632392	0.000976397	0	2.525329	1.968209	0.8243784	0.1756216	92.94125
2120	2.90454	-25.7106	28.6151	0.361452	0.638548	3.281079	0.973329	0.791063	0.357568	0.112266	0.0895023	0.0638411	0.00100282	0	2.963064	1.865718	0.6385477	0.3614523	73.40364
2130	3.74375	-25.3401	29.0838	0.12327	0.87673	2.615686	0.992705	0.786458	0.362282	0.112075	0.087623	0.0637064	0.00100221	0	2.494366	1.955332	0.8767299	0.1232701	90.22596
2140	3.23183	-24.0407	27.2725	0.143503	0.856497	2.984424	0.964792	0.787709	0.371524	0.110262	0.0879553	0.0634575	0.00101092	0	4.305658	1.92225	0.8564973	0.1435027	83.60848
2150	0.808149	-28.7049	29.5131	0.99693	0.00307006	2.603526	0.975243	0.780982	0.359993	0.107852	0.0885634	0.0632888	0.00101725	0	2.065106	1.711614	0.003070063	0.9969299	51.47704
2160	1.84469	-24.6438	26.4885	0.243208	0.756792	2.363597	0.984329	0.769845	0.364991	0.110176	0.0884337	0.0638226	0.0010181	0	5.08965	1.630949	0.7567925	0.2432075	42.75127
2170	1.67069	-22.3564	24.0271	0.0643487	0.935651	1.450008	0.986508	0.76547	0.36867	0.112298	0.0886024	0.0644781	0.00101745	0	7.551048	1.840112	0.9356513	0.06434873	69.20101
2180	2.64446	-26.9011	29.5456	0.692163	0.307837	2.611252	0.96116	0.772534	0.367225	0.110632	0.0884307	0.0650309	0.000984831	0	2.03261	1.950545	0.3078372	0.6921628	89.23694
2190	2.03958	-24.8157	26.8553	0.195611	0.804389	2.631951	0.960272	0.764848	0.359532	0.110079	0.0893577	0.0641674	0.000987973	0	4.722864	1.66017	0.8043889	0.1956111	45.7267
2200	1.4048	-25.5797	26.9845	0.264148	0.735852	2.314765	0.96811	0.783985	0.360156	0.11085	0.0900855	0.0645899	0.00101084	0	4.593703	1.480657	0.7358521	0.2641479	30.24527
2210	2.69042	-25.1506	27.8411	0.957091	0.0429086	0.3977327	0.958948	0.772102	0.359822	0.107938	0.0898592	0.0633814	0.000994757	0	3.737107	1.874231	0.04290864	0.9570914	74.85675
2220	0.595345	-24.4201	25.0154	0.814676	0.185324	3.961018	0.974697	0.780416	0.368625	0.111768	0.0889987	0.0625685	0.000977717	0	6.562765	1.880772	0.1853238	0.8146762	75.99272
2230	2.12588	-25.5489	27.6748	0.741085	0.258915	0.8603542	0.989216	0.763573	0.367875	0.110861	0.0873385	0.0630007	0.000980548	0	3.903412	1.689515	0.2589149	0.7410851	48.92318
2240	1.44692	-28.252	29.6989	0.65319	0.34681	5.394724	0.99075	0.767156	0.376014	0.11228	0.0874938	0.062878	0.00100293	0	1.879259	1.986695	0.3468097	0.6531903	96.98279
2250	1.0668	-25.6584	26.7252	0.999068	0.000931766	1.100438	0.984121	0.783782	0.366397	0.110376	0.0901952	0.0625169	0.00100138	0	4.852969	1.602955	0.0009317659	0.9990682	40.08248
2260	0.138365	-23.2949	23.4333	0.133144	0.866856	2.294284	0.984787	0.794849	0.372743	0.10933	0.0882362	0.0639156	0.000976963	0	8.144866	1.68554	0.8668556	0.1331444	48.47752
2270	0.136449	-28.4352	28.5717	0.425085	0.574915	5.402539	0.99195	0.797005	0.36951	0.110114	0.0884835	0.0633015	0.000987103	0	3.006485	1.607804	0.574915	0.425085	40.53255
2280	1.35937	-28.1129	29.4723	0.863184	0.136816	2.344583	0.965602	0.774311	0.373158	0.108925	0.0882166	0.064035	0.000980998	0	2.105854	1.729759	0.136816	0.863184	53.67334
2290	3.87772	-24.7621	28.6399	0.198819	0.801181	2.260255	0.985602	0.765475	0.373289	0.109022	0.0881817	0.0643055	0.000987068	0	2.938316	1.985332	0.8011812	0.1988188	96.67886
2300	2.07072	-25.3709	27.4416	0.174268	0.825732	3.692384	0.957787	0.785294	0.365943	0.109281	0.0879558	0.0654294	0.000976817	0	4.136572	1.742754	0.8257324	0.1742676	55.30366
2310	2.33875	-23.9303	26.269	0.922824	0.0771762	1.497228	0.950208	0.768948	0.370959	0.110979	0.0872369	0.0640583	0.00100401	0	5.309122	1.856633	0.07717616	0.9228238	71.88415
2320	2.22237	-23.808	26.0304	0.168956	0.831044	3.651278	0.962921	0.762542	0.360846	0.112769	0.0873392	0.0655942	0.000999604	0	5.547759	1.93457	0.831044	0.168956	86.01418
2330	3.18345	-24.469	27.6525	0.395733	0.604267	0.9633779	0.969893	0.780619	0.358783	0.110851	0.0887128	0.0654557	0.000991584	0	3.925701	1.835522	0.6042674	0.3957326	68.47337
2340	0.774486	-24.9633	25.7378	0.432553	0.567447	3.62118	0.958286	0.797217	0.36474	0.110588	0.0882382	0.0653101	0.00101879	0	5.840386	1.706586	0.5674466	0.4325534	50.88456
2350	1.56575	-24.5613	26.1271	0.322152	0.677848	4.469071	0.969385	0.785377	0.37499	0.111528	0.0900279	0.0655956	0.00102178	0	5.451073	1.924962	0.6778477	0.3221523	84.13223
2360	3.42275	-25.1877	28.6104	0.0637426	0.936257	3.14173	0.979509	0.78254	0.374168	0.110743	0.0899973	0.063358	0.00102633	0	2.967725	1.865056	0.9362574	0.06374265	73.29182
2370	2.2688	-25.089	27.3578	0.54598	0.45402	3.91037	0.968229	0.782606	0.36809	0.112221	0.0886397	0.0635219	0.00101637	0	4.220349	1.905504	0.4540203	0.5459797	80.44587
2380	0.489927	-28.612	29.1019	0.838344	0.161656	1.284747	0.956658	0.790992	0.374101	0.109976	0.0867798	0.0638238	0.000998176	0	2.476235	1.458837	0.1616563	0.8383437	28.76321
2390	1.68145	-28.777	30.4584	0.24877	0.75123	1.998153	0.965545	0.796925	0.36187	0.109799	0.0899746	0.0646366	0.00100044	0	1.11975	1.894094	0.7512299	0.2487701	78.35989
2400	3.01284	-23.631	26.6438	0.901822	0.0981784	1.56415	0.953371	0.791007	0.364205	0.107974	0.0873772	0.0637263	0.00102629	0	4.934378	1.957529	0.09817837	0.9018216	90.68357
2410	0.258317	-23.9412	24.1995	0.601743	0.398257	1.38164	0.947031	0.786412	0.374649	0.111915	0.0892033	0.0655382	0.000993768	0	7.37868	1.605974	0.3982571	0.6017429	40.36208
2420	3.36332	-23.7168	27.0801	0.364957	0.635043	1.205662	0.96538	0.789894	0.373325	0.109216	0.0901179	0.0638054	0.000979305	0	4.498092	1.922246	0.6350432	0.3649568	83.60758
2430	2.92733	-24.7805	27.7078	0.0737989	0.926201	0.818987	0.972331	0.787082	0.373887	0.109618	0.0875265	0.0626616	0.000982128	0	3.870322	1.635043	0.9262011	0.07379889	43.15617
2440	1.71662	-26.3018	28.0184	0.242009	0.757991	1.29694	0.956579	0.784608	0.362106	0.108998	0.0900627	0.0645357	0.000985618	0	3.559756	1.399697	0.757991	0.242009	25.10134
2450	2.10029	-24.2004	26.3007	0.359324	0.640676	3.278026	0.958628	0.774087	0.358008	0.112375	0.088955	0.0638231	0.000987475	0	5.277459	1.865287	0.6406756	0.3593244	73.33084
2460	2.0705	-25.0149	27.0854	0.32542	0.67458	2.090836	0.950224	0.798568	0.363168	0.108008	0.0898164	0.0649859	0.001004	0	4.492759	1.624239	0.6745803	0.3254197	42.09582
2470	2.30277	-27.1465	29.4493	0.395567	0.604433	3.648516	0.953773	0.792963	0.362277	0.108218	0.0875133	0.0646838	0.0010187	0	2.128884	1.815288	0.6044329	0.3955671	65.35635
2480	1.88951	-26.2456	28.1351	0.349838	0.650162	1.965823	0.979074	0.77717	0.363577	0.111852	0.0874658	0.0644144	0.000988614	0	3.44311	1.519288	0.6501618	0.3498382	33.05889
2490	4.05529	-24.4698	28.5251	0.0160129	0.983987	1.50679	0.963211	0.779442	0.36535	0.108197	0.0877978	0.0634298	0.00100108	0	3.053072	1.936208	0.9839871	0.01601292	86.33916
2500	0.512809	-23.8646	24.3774	0.271398	0.728602	2.633866	0.949321	0.78224	0.360967	0.107521	0.0897004	0.0639839	0.000989297	0	7.20075	1.684534	0.7286019	0.2713981	48.36536
2510	2.81766	-24.6343	27.452	0.471584	0.528416	1.40722	0.990034	0.788412	0.373891	0.10745	0.0902171	0.0629143	0.000995529	0	4.126218	1.779877	0.5284164	0.4715836	60.23896
2520	2.99441	-26.7211	29.7155	0.0342893	0.965711	1.156205	0.964077	0.778611	0.367559	0.108336	0.0894401	0.0632309	0.00102117	0	1.86269	1.774548	0.9657107	0.03428929	59.50424
2530	2.95887	-25.2355	28.1943	0.489571	0.510429	3.121852	0.961112	0.781038	0.370694	0.107343	0.0878731	0.0647	0.00100069	0	3.383842	1.905894	0.5104291	0.4895709	80.51819
2540	2.49761	-24.4638	26.9614	0.410654	0.589346	2.954523	0.965074	0.777061	0.369823	0.108507	0.0879622	0.062697	0.000990276	0	4.616735	1.851971	0.5893459	0.4106541	71.1166
2550	0.679931	-29.892	30.572	0.427084	0.572916	1.867521	0.985943	0.769757	0.362368	0.11118	0.0872065	0.0633889	0.000986584	0	1.006199	1.820921	0.5729164	0.4270836	66.20957
2560	1.65521	-22.5615	24.2168	0.0590697	0.94093	0.3172756	0.971147	0.782572	0.371421	0.112504	0.0878256	0.0641429	0.000998888	0	7.36141	1.757814	0.9409303	0.05906973	57.25506
2570	1.39137	-25.4564	26.8478	0.275933	0.724067	4.074199	0.993095	0.767408	0.371728	0.1104	0.0858416	0.0632808	0.000997792	0	4.73037	1.735353	0.7240667	0.2759333	54.36922
2580	1.1781	-25.1491	26.3272	0.557166	0.442834	2.558125	0.968142	0.776708	0.361812	0.107372	0.0863562	0.0632982	0.00101031	0	5.250931	1.623268	0.4428341	0.5571659	42.00178
2590	2.22003	-22.5685	24.7885	0.519459	0.480541	1.633157	0.956052	0.765057	0.369054	0.107356	0.0874924	0.0635267	0.0010215	0	6.789648	1.943256	0.4805414	0.5194586	87.75185
2600	0.372565	-24.8893	25.2619	0.421654	0.578346	3.661336	0.955638	0.769912	0.369356	0.108403	0.0892919	0.0631729	0.0010173	0	6.316273	1.691279	0.5783455	0.4216545	49.12234
2610	3.61837	-23.7958	27.4142	0.152724	0.847276	2.648822	0.955659	0.77478	0.369781	0.111474	0.0884417	0.064728	0.00102297	0	4.163967	1.970295	0.8472765	0.1527235	93.38879
2620	3.11193	-23.9894	27.1013	0.564266	0.435734	2.105858	0.961147	0.764793	0.360297	0.111197	0.0870877	0.063212	0.00101474	0	4.476878	1.924981	0.4357337	0.5642663	84.13575
2630	2.85767	-25.2283	28.086	0.643089	0.356911	2.31096	0.989816	0.780979	0.375916	0.108667	0.0874206	0.0657501	0.0010202	0	3.492189	1.850305	0.3569109	0.6430891	70.84429
2640	-0.0929377	-26.5581	26.4652	0.412942	0.587058	6.684262	0.946449	0.787709	0.372088	0.107771	0.0874832	0.0639774	0.00102439	0	5.11299	1.957935	0.5870582	0.4129418	90.76843
2650	3.59952	-24.4253	28.0248	0.0460283	0.953972	3.531536	0.960216	0.769011	0.370408	0.108113	0.0871728	0.0654117	0.00100272	0	3.55333	1.99441	0.9539717	0.04602832	98.72109
2660	3.02467	-24.9767	28.0013	0.23687	0.76313	3.185699	0.945827	0.763129	0.37116	0.108066	0.0902108	0.065124	0.00101439	0	3.576845	1.859067	0.7631297	0.2368703	72.28809
2670	2.45146	-24.3735	26.825	0.322145	0.677855	2.611894	0.963431	0.775501	0.366746	0.109149	0.0872705	0.0657617	0.00102501	0	4.753162	1.781643	0.6778549	0.3221451	60.4843
2680	-1.73891	-28.237	26.4981	0.30784	0.69216	7.717831	0.954486	0.776353	0.357436	0.10913	0.0894733	0.0640198	0.00102501	0	5.08004	1.820271	0.69216	0.30784	66.11061
2690	1.83557	-27.7837	29.6192	0.374837	0.625163	5.122135	0.950146	0.797031	0.366659	0.112757	0.0900259	0.0649967	0.00100748	0	1.958933	1.923843	0.6251626	0.3748374	83.91566
2700	2.21162	-23.4217	25.6333	0.857579	0.142421	3.023026	0.981259	0.794417	0.370851	0.108756	0.0901883	0.0646579	0.00101099	0	5.94487	1.992377	0.1424214	0.8575786	98.26011
2710	3.71798	-24.433	28.151	0.0368169	0.963183	0.3103939	0.976235	0.787065	0.365037	0.10721	0.0889356	0.0656356	0.00101971	0	3.427176	1.881355	0.9631831	0.03681692	76.09472
2720	2.60504	-22.6598	25.2648	0.218755	0.781245	0.7791392	0.972118	0.779143	0.364727	0.109741	0.0903064	0.065476	0.00097766	0	6.313362	1.905525	0.7812451	0.2187549	80.44982
2730	2.14948	-24.8332	26.9827	0.576713	0.423287	2.915957	0.993113	0.764618	0.3587	0.109983	0.0887447	0.0655623	0.00102046	0	4.595488	1.79842	0.4232872	0.5767128	62.86668
2740	2.02763	-23.0061	25.0337	0.231959	0.768041	2.186026	0.987183	0.775234	0.363706	0.109212	0.0886442	0.0644986	0.00101318	0	6.544428	1.861286	0.7680413	0.2319587	72.65848
2750	0.372632	-22.254	22.6266	0.170381	0.829619	0.9185351	0.957523	0.785117	0.375198	0.108842	0.0879897	0.065627	0.00101385	0	8.951554	1.75689	0.8296192	0.1703808	57.13337
2760	0.695626	-23.3278	24.0235	0.760434	0.239566	2.087668	0.948818	0.786765	0.369404	0.109982	0.0879007	0.0641796	0.00100535	0	7.554712	1.794873	0.2395656	0.7604344	62.35528
2770	3.07152	-25.1354	28.2069	0.416016	0.583984	3.084245	0.945502	0.773559	0.364514	0.108832	0.0861348	0.0645819	0.00101012	0	3.371245	1.904063	0.5839836	0.4160164	80.17944
2780	2.36886	-26.1057	28.4746	0.437973	0.562027	3.221697	0.960496	0.789627	0.36956	0.109866	0.0861602	0.0641365	0.000981455	0	3.103607	1.771181	0.562027	0.437973	59.04471
2790	3.56452	-25.3447	28.9093	0.409713	0.590287	1.609604	0.981458	0.774554	0.369745	0.108872	0.0879259	0.0639444	0.000987689	0	2.668907	1.966801	0.5902866	0.4097134	92.64059
2800	2.48262	-24.9733	27.4559	0.646573	0.353427	3.842039	0.974048	0.78173	0.367709	0.110915	0.0893217	0.0653682	0.000984282	0	4.122303	1.96229	0.3534273	0.6465727	91.68324
2810	1.39261	-27.4575	28.8501	0.867116	0.132884	0.6525636	0.961067	0.767029	0.36304	0.110078	0.0884883	0.0648893	0.000997449	0	2.728054	1.624037	0.1328836	0.8671164	42.07625
2820	2.21517	-27.5646	29.7798	0.694067	0.305933	3.441942	0.975302	0.76921	0.375234	0.112533	0.0867776	0.0628075	0.00102216	0	1.798413	1.946545	0.3059333	0.6940667	88.41892
2830	2.81884	-23.8933	26.7121	0.809982	0.190018	2.582876	0.951814	0.764696	0.374558	0.111845	0.0873809	0.0636707	0.00102673	0	4.866029	1.961783	0.1900184	0.8099816	91.57623
2840	2.83843	-25.4388	28.2772	0.970903	0.0290974	3.365199	0.961613	0.780578	0.37086	0.109882	0.0877599	0.0644654	0.00101754	0	3.30093	1.99597	0.02909735	0.9709026	99.07632
2850	2.68656	-24.5294	27.216	0.133836	0.866164	0.6921544	0.946063	0.779929	0.368141	0.109601	0.0892641	0.0638071	0.000983148	0	4.362204	1.629267	0.8661639	0.1338361	42.586
2860	3.11421	-25.0316	28.1458	0.324564	0.675436	0.7002304	0.951913	0.778398	0.365181	0.107837	0.088335	0.0639194	0.00100013	0	3.432377	1.777718	0.6754362	0.3245638	59.94015
2870	0.749896	-29.4696	30.2195	0.477162	0.522838	3.054576	0.96199	0.765733	0.360214	0.107905	0.0897317	0.0628342	0.0009854	0	1.358718	1.659735	0.5228375	0.4771625	45.68095
2880	1.17796	-28.9098	30.0878	0.294842	0.705158	2.807141	0.955775	0.781771	0.360469	0.11062	0.0863002	0.0640734	0.000991687	0	1.490365	1.602656	0.7051583	0.2948417	40.05495
2890	2.05098	-25.6061	27.6571	0.820204	0.179796	3.211619	0.958066	0.784206	0.363411	0.109536	0.0863044	0.0647625	0.000994398	0	3.921068	1.830364	0.179796	0.820204	67.66492
2900	3.16906	-24.595	27.7641	0.587823	0.412177	1.970935	0.993796	0.786145	0.375613	0.11276	0.0871406	0.0648141	0.00101248	0	3.814086	1.897546	0.4121771	0.5878229	78.98534
2910	0.216817	-24.2332	24.4501	0.314924	0.685076	0.405275	0.969928	0.761156	0.368205	0.108177	0.0869265	0.0654284	0.00101643	0	7.128108	1.408105	0.6850762	0.3149238	25.59202
2920	0.593099	-27.3248	27.9179	0.594465	0.405535	1.267457	0.973586	0.780026	0.367419	0.112018	0.0865913	0.0653408	0.00101827	0	3.660224	1.298232	0.4055348	0.5944652	19.87158
2930	3.30307	-24.0801	27.3832	0.20985	0.79015	2.445261	0.96949	0.798372	0.373208	0.109957	0.086116	0.0635773	0.0009836	0	4.195019	1.903086	0.7901502	0.2098498	79.99921
2940	2.77874	-27.2382	30.0169	0.0363769	0.963623	1.270793	0.986287	0.777214	0.369397	0.112699	0.086687	0.0634274	0.000978748	0	1.561245	1.861384	0.9636231	0.03637691	72.67477
2950	2.6046	-23.5532	26.1578	0.835514	0.164486	0.6364685	0.963906	0.767759	0.36172	0.109909	0.0875189	0.0625063	0.000976181	0	5.420349	1.90174	0.1644859	0.8355141	79.75172
2960	2.46642	-23.5401	26.0065	0.618922	0.381078	0.3575737	0.969395	0.777278	0.365228	0.109871	0.0863666	0.0643485	0.00100138	0	5.571677	1.844975	0.3810781	0.6189219	69.9802
2970	3.70795	-23.3094	27.0174	0.142989	0.857011	1.693249	0.961907	0.7826	0.367496	0.108014	0.087532	0.0652057	0.00099716	0	4.560773	1.975374	0.8570114	0.1429886	94.48734
2980	3.30735	-24.8146	28.1219	0.0287479	0.971252	3.525316	0.986997	0.783333	0.359871	0.110045	0.0869357	0.0642638	0.000982786	0	3.45623	1.91203	0.9712521	0.02874788	81.66395
2990	1.35007	-24.4758	25.8258	0.0587478	0.941252	4.954359	0.959422	0.765654	0.361204	0.111943	0.0861076	0.0656174	0.00100119	0	5.752327	1.959106	0.9412522	0.05874782	91.0135
3000	-3.18162	-26.4633	23.2817	0.94172	0.05828	4.713769	0.982457	0.775553	0.372044	0.110508	0.0876207	0.0653762	0.000975722	0	8.296485	1.57837	0.05827998	0.94172	37.87648
3010	2.15242	-27.7644	29.9168	0.0418	0.9582	0.6033799	0.953182	0.799479	0.366201	0.109911	0.088136	0.0630707	0.00100692	0	1.661326	1.644758	0.9582	0.04180002	44.13248
3020	2.94215	-24.2058	27.148	0.0785559	0.921444	3.141428	0.952837	0.788492	0.371811	0.10845	0.0866074	0.0642531	0.000984146	0	4.430185	1.874136	0.9214441	0.07855593	74.8403
3030	2.56812	-23.0178	25.5859	0.626469	0.373531	1.404855	0.948092	0.78845	0.37134	0.112681	0.0892977	0.0649859	0.000980756	0	5.992263	1.934965	0.3735315	0.6264685	86.09243
3040	-0.0522104	-27.2838	27.2315	0.541294	0.458706	5.359591	0.988753	0.785059	0.375258	0.110265	0.0870385	0.0626859	0.00100433	0	4.346625	1.682971	0.4587056	0.5412944	48.19156
3050	2.80811	-25.0865	27.8946	0.381742	0.618258	3.252206	0.952985	0.777444	0.365013	0.110204	0.0859526	0.0633687	0.00101258	0	3.68355	1.865429	0.6182583	0.3817417	73.3548
3060	2.25731	-23.4701	25.7274	0.0481783	0.951822	2.374051	0.953827	0.796168	0.372104	0.111346	0.0880349	0.0626547	0.00100277	0	5.850753	1.785359	0.9518217	0.04817829	61.00413
3070	3.08081	-25.8274	28.9082	0.224644	0.775356	3.132353	0.954015	0.792351	0.363431	0.109882	0.089387	0.063786	0.00101236	0	2.669968	1.845406	0.7753561	0.2246439	70.04967
3080	3.07212	-26.3117	29.3839	0.511777	0.488223	2.577285	0.95546	0.780156	0.370381	0.110967	0.0890187	0.062904	0.00102616	0	2.194311	1.941628	0.4882226	0.5117774	87.42339
3090	1.41735	-27.6041	29.0215	0.34075	0.65925	4.397655	0.984827	0.789432	0.367249	0.110999	0.0899824	0.0641474	0.00100029	0	2.556691	1.674187	0.6592496	0.3407504	47.22658
3100	2.68371	-23.3061	25.9898	0.828847	0.171153	2.43872	0.964405	0.762184	0.37282	0.110368	0.0900583	0.0643836	0.00100296	0	5.588398	1.995542	0.1711533	0.8288467	98.97877
3110	2.19072	-23.8593	26.0501	0.200773	0.799227	1.973032	0.958471	0.77963	0.371858	0.110616	0.0889102	0.0625189	0.000989787	0	5.528107	1.7307	0.7992274	0.2007726	53.78979
3120	2.01631	-22.9946	25.0109	0.0176312	0.982369	0.6311955	0.946535	0.763558	0.374908	0.109244	0.0899301	0.0632415	0.00100236	0	6.567291	1.698129	0.9823688	0.01763115	49.90324
3130	1.4335	-26.7362	28.1697	0.38883	0.61117	1.316472	0.966206	0.772142	0.362892	0.108125	0.0899354	0.0642948	0.000995791	0	3.408475	1.390383	0.61117	0.38883	24.56876
3140	0.586659	-25.7162	26.3028	0.182153	0.817847	4.527639	0.955451	0.765967	0.363433	0.107181	0.0902582	0.0638121	0.000983193	0	5.275326	1.68358	0.817847	0.182153	48.25918
3150	3.05577	-25.6678	28.7235	0.782992	0.217008	1.166058	0.954177	0.775208	0.368391	0.112168	0.0901708	0.0635714	0.000986588	0	2.854622	1.934748	0.2170078	0.7829922	86.04945
3160	-0.3174	-27.4944	27.177	0.0635324	0.936468	7.216623	0.967731	0.768751	0.357286	0.110042	0.0893384	0.0655913	0.00099175	0	4.401208	1.870765	0.9364676	0.06353241	74.26177
3170	2.48375	-26.8498	29.3335	0.44383	0.55617	4.349045	0.9444	0.795476	0.369703	0.110016	0.088355	0.0642988	0.00102222	0	2.244653	1.94617	0.5561701	0.4438299	88.34247
3180	3.67693	-24.805	28.4819	0.206563	0.793437	1.667398	0.948102	0.78804	0.358437	0.107215	0.090115	0.0650425	0.000983895	0	3.096276	1.903679	0.7934366	0.2065634	80.1085
3190	-1.6484	-22.7517	21.1033	0.287922	0.712078	2.453963	0.951926	0.773875	0.371513	0.11038	0.0897444	0.064736	0.00100912	0	10.47484	1.739297	0.7120777	0.2879223	54.86514
3200	1.74931	-26.5124	28.2617	0.29975	0.70025	1.412415	0.976288	0.795498	0.367571	0.112732	0.0882612	0.0628125	0.00100329	0	3.316482	1.424216	0.7002502	0.2997498	26.55925
3210	3.03366	-25.237	28.2706	0.0105118	0.989488	3.955273	0.986055	0.764677	0.36505	0.112576	0.0890595	0.0640047	0.00101773	0	3.307524	1.871635	0.9894882	0.01051182	74.41064
3220	3.40848	-23.7443	27.1528	0.320981	0.679019	1.205515	0.961057	0.765662	0.375936	0.107655	0.0903025	0.064223	0.00100397	0	4.425356	1.906975	0.6790189	0.3209811	80.71877
3230	3.6751	-23.9256	27.6007	0.414021	0.585979	1.628679	0.956507	0.787273	0.373085	0.108895	0.0858643	0.0651604	0.000990759	0	3.977467	1.985422	0.5859787	0.4140213	96.69909
3240	-0.308104	-26.8996	26.5915	0.258377	0.741623	0.812971	0.961464	0.774685	0.369963	0.108343	0.087766	0.064355	0.00100984	0	4.986641	1.040208	0.7416226	0.2583774	10.97004
3250	1.45897	-22.9586	24.4175	0.521259	0.478741	0.2592122	0.945032	0.795639	0.373345	0.108397	0.0892535	0.0634558	0.00102674	0	7.160634	1.772254	0.4787406	0.5212594	59.19081
3260	1.22342	-24.1976	25.421	0.49437	0.50563	4.177797	0.947211	0.797106	0.368663	0.109571	0.0894794	0.0631174	0.00100472	0	6.157129	1.932521	0.5056302	0.4943698	85.60939
3270	-1.79579	-22.1874	20.3916	0.839502	0.160498	2.079181	0.956635	0.799693	0.362194	0.111282	0.0881906	0.0627823	0.0010192	0	11.18652	1.835266	0.160498	0.839502	68.43303
3280	0.459404	-28.6495	29.1089	0.857649	0.142351	1.376757	0.965734	0.789837	0.363246	0.109583	0.0895794	0.0633647	0.00102548	0	2.469296	1.459021	0.1423513	0.8576487	28.7754
3290	2.4053	-22.8149	25.2202	0.065441	0.934559	2.41478	0.952127	0.77715	0.357899	0.112284	0.0902715	0.0643185	0.00102558	0	6.358001	1.907832	0.934559	0.06544095	80.87837
3300	3.04993	-24.3454	27.3954	0.114499	0.885501	3.826524	0.980493	0.768195	0.364392	0.109418	0.0898624	0.0648708	0.00100687	0	4.182814	1.970986	0.8855013	0.1144987	93.53762
3310	2.97866	-23.6868	26.6655	0.260267	0.739733	2.808518	0.976449	0.797611	0.362772	0.108171	0.0868167	0.0648827	0.0010203	0	4.912678	1.933217	0.7397332	0.2602668	85.74656
3320	1.44431	-26.1772	27.6216	0.673631	0.326369	5.397888	0.960428	0.795778	0.361993	0.1075	0.0858205	0.063429	0.00100896	0	3.95661	1.966728	0.3263694	0.6736306	92.62498
3330	1.96645	-26.056	28.0225	0.674667	0.325333	3.400589	0.957566	0.765272	0.359449	0.108994	0.0881201	0.0654241	0.00101312	0	3.555706	1.777798	0.3253325	0.6746675	59.95117
3340	3.30512	-24.5756	27.8808	0.211691	0.788309	0.5879626	0.990055	0.761741	0.366258	0.109591	0.0892067	0.0646927	0.00100581	0	3.697412	1.797578	0.7883088	0.2116912	62.74483
3350	3.91174	-25.285	29.1967	0.0558592	0.944141	1.947364	0.970764	0.767363	0.372883	0.112606	0.0862154	0.0655981	0.00102449	0	2.381447	1.949291	0.9441408	0.05585923	88.9797
3360	3.03578	-23.5769	26.6127	0.601617	0.398383	0.6894911	0.950186	0.783186	0.361772	0.109499	0.0874276	0.0656563	0.00102199	0	4.965454	1.914072	0.3983827	0.6016173	82.04875
3370	2.30919	-26.2007	28.5099	0.2769	0.7231	0.6381019	0.981496	0.767846	0.359315	0.108098	0.0861751	0.0630345	0.000989734	0	3.068246	1.540915	0.7230996	0.2769004	34.74682
3380	1.8537	-25.5557	27.4094	0.742793	0.257207	4.107191	0.992184	0.770986	0.374396	0.108747	0.0897166	0.0625238	0.000998912	0	4.168796	1.890243	0.2572068	0.7427932	77.66819
3390	3.31479	-26.1052	29.42	0.330592	0.669408	3.174653	0.970306	0.794183	0.372285	0.107863	0.0864019	0.0629581	0.00101216	0	2.158196	1.993775	0.669408	0.330592	98.57689
3400	2.77253	-23.7008	26.4734	0.183529	0.816471	0.883605	0.985198	0.784233	0.369454	0.11026	0.0868467	0.0631433	0.000996555	0	5.104791	1.754082	0.8164705	0.1835295	56.76518
3410	3.36163	-25.4725	28.8341	0.2956	0.7044	1.791301	0.96522	0.762643	0.369195	0.110954	0.0861618	0.0629388	0.000999879	0	2.744062	1.855504	0.7044002	0.2955998	71.69752
3420	2.13813	-27.8005	29.9386	0.0382623	0.961738	4.229794	0.957726	0.781302	0.364431	0.108224	0.0860061	0.063762	0.00099831	0	1.639541	1.799726	0.9617377	0.03826235	63.05592
3430	2.74555	-24.0936	26.8391	0.981388	0.0186123	1.188093	0.981523	0.76889	0.369063	0.107538	0.0881618	0.0652923	0.000977275	0	4.739058	1.90622	0.01861232	0.9813877	80.57859
3440	2.89955	-23.1586	26.0582	0.765506	0.234494	1.261489	0.953868	0.774114	0.369084	0.10763	0.0888831	0.0656865	0.000989876	0	5.520016	1.96878	0.2344943	0.7655057	93.06355
3450	3.58226	-23.5058	27.0881	0.468534	0.531466	0.8573151	0.955616	0.773894	0.371144	0.109058	0.0881231	0.0654321	0.00101901	0	4.490119	1.996665	0.5314664	0.4685336	99.23495
3460	3.1713	-24.8206	27.9919	0.15843	0.84157	0.8305992	0.955742	0.785106	0.362998	0.112573	0.0898945	0.0656799	0.00100314	0	3.586227	1.72138	0.8415696	0.1584304	52.64781
3470	2.91509	-25.9911	28.9062	0.721426	0.278574	2.401455	0.951498	0.776451	0.373415	0.109422	0.0901507	0.0656297	0.00100317	0	2.67201	1.916565	0.2785739	0.7214261	82.52108
3480	3.43501	-23.2282	26.6632	0.0329957	0.967004	1.931596	0.944739	0.77361	0.363928	0.109354	0.0883105	0.0651696	0.00101086	0	4.91497	1.914438	0.9670043	0.03299571	82.11785
3490	2.36727	-27.9151	30.2823	0.268932	0.731068	2.832388	0.957903	0.76517	0.36498	0.111371	0.0900599	0.064938	0.00098018	0	1.295843	1.988922	0.7310679	0.2689321	97.48148
3500	2.98323	-24.3369	27.3202	0.0605165	0.939483	2.032195	0.965797	0.800253	0.368319	0.108637	0.0892762	0.0651545	0.00098608	0	4.258001	1.735583	0.9394835	0.0605165	54.39801
3510	1.65263	-28.0481	29.7007	0.593818	0.406182	1.72992	0.955712	0.799753	0.366066	0.110264	0.0874947	0.0655129	0.0010174	0	1.877448	1.673244	0.4061819	0.5938181	47.12424
3520	0.607183	-28.9733	29.5805	0.267063	0.732937	1.629027	0.975435	0.800385	0.373366	0.109474	0.0873595	0.0625877	0.00100302	0	1.997708	1.283101	0.7329369	0.2670631	19.19113
3530	2.31778	-23.3208	25.6386	0.934667	0.0653335	1.391836	0.974649	0.787118	0.367964	0.108966	0.0902422	0.0644925	0.000986311	0	5.939584	1.909191	0.0653335	0.9346665	81.13183
3540	2.08628	-23.9169	26.0032	0.372191	0.627809	1.245888	0.945507	0.790436	0.374723	0.108619	0.0865778	0.0654623	0.000982076	0	5.574981	1.71163	0.6278089	0.3721911	51.47894
3550	3.75939	-24.8942	28.6536	0.243644	0.756356	1.188654	0.948365	0.770236	0.369565	0.108444	0.0868954	0.0653233	0.000980583	0	2.924568	1.956924	0.7563559	0.2436441	90.5575
3560	1.19604	-27.8449	29.041	0.95309	0.0469104	4.096711	0.957326	0.761338	0.374047	0.108843	0.0892348	0.0652113	0.000976033	0	2.537209	1.822465	0.0469104	0.9530896	66.44536
3570	1.56752	-28.4347	30.0022	0.899835	0.100165	1.804455	0.964206	0.76499	0.36399	0.110111	0.0882409	0.0644586	0.00098365	0	1.575945	1.9228	0.1001654	0.8998346	83.71432
3580	3.57057	-23.8191	27.3897	0.0771156	0.922884	1.470924	0.976198	0.76457	0.365833	0.110201	0.0888466	0.0653365	0.00100386	0	4.188455	1.858838	0.9228844	0.07711559	72.25
3590	2.9248	-23.2647	26.1895	0.611099	0.388901	2.288139	0.946901	0.791087	0.368706	0.107488	0.0886236	0.0646643	0.000986936	0	5.3887	1.995992	0.3889012	0.6110988	99.08133
3600	1.04114	-24.2839	25.3251	0.419763	0.580237	2.26606	0.964149	0.787052	0.36011	0.109607	0.0896958	0.0651015	0.00100213	0	6.25309	1.650201	0.5802371	0.4197629	44.689
3610	1.94833	-27.9538	29.9021	0.661706	0.338294	2.785597	0.945462	0.792816	0.363493	0.110634	0.0891076	0.0641455	0.00098776	0	1.67606	1.878948	0.3382944	0.6617056	75.67431
3620	0.353876	-28.1897	28.5436	0.649197	0.350803	3.521286	0.975626	0.793819	0.360623	0.112684	0.0900623	0.0649431	0.00100072	0	3.034571	1.468263	0.3508028	0.6491972	29.39431
3630	2.06441	-25.3934	27.4578	0.434436	0.565564	1.209605	0.989926	0.775056	0.371686	0.110441	0.0889183	0.0637397	0.00101423	0	4.120339	1.56938	0.5655643	0.4344357	37.10051
3640	2.92393	-24.6452	27.5691	0.408786	0.591214	0.9317795	0.98686	0.781256	0.374875	0.109741	0.0876084	0.0640246	0.00100531	0	4.009069	1.766852	0.5912142	0.4087858	58.45902
3650	3.1788	-26.0932	29.272	0.47969	0.52031	1.710218	0.979907	0.799421	0.373457	0.109829	0.0894751	0.0647267	0.000999481	0	2.306177	1.926863	0.5203099	0.4796901	84.50128
3660	2.44732	-25.7329	28.1802	0.0993599	0.90064	2.454898	0.988911	0.765214	0.368173	0.112704	0.0869133	0.0645895	0.000999885	0	3.397929	1.584826	0.9006401	0.09935988	38.44374
3670	3.57933	-25.2565	28.8358	0.0591652	0.940835	3.535521	0.944487	0.769131	0.370338	0.111639	0.0895333	0.0632826	0.00102395	0	2.74239	1.954919	0.9408348	0.0591652	90.14035
3680	3.15564	-25.7884	28.944	0.432415	0.567585	2.868438	0.946256	0.771051	0.37542	0.111599	0.0890888	0.0636748	0.000980633	0	2.634149	1.927629	0.5675846	0.4324154	84.65038
3690	2.98395	-24.0924	27.0764	0.902783	0.097217	1.551428	0.953644	0.772685	0.373183	0.111754	0.0889565	0.0631084	0.000981894	0	4.501808	1.938659	0.09721696	0.902783	86.82791
3700	3.29556	-25.2473	28.5428	0.373356	0.626644	0.2267483	0.962339	0.765788	0.372138	0.109548	0.0882539	0.062784	0.00102532	0	3.035344	1.908917	0.6266439	0.3733561	81.0807
3710	1.33912	-28.996	30.3351	0.0837264	0.916274	0.2428381	0.957527	0.775364	0.375206	0.10814	0.0874665	0.0628285	0.00101804	0	1.243039	1.749831	0.9162736	0.08372637	56.21222
3720	2.00887	-28.0603	30.0692	0.0187825	0.981218	1.273364	0.962231	0.768215	0.368499	0.108797	0.0897878	0.0625239	0.000993811	0	1.509003	1.631846	0.9812175	0.01878245	42.83967
3730	3.03801	-22.8194	25.8574	0.0341444	0.965856	0.3649155	0.954255	0.787899	0.363715	0.110077	0.0880974	0.0637604	0.000980264	0	5.720769	1.899514	0.9658556	0.03414444	79.34396
3740	2.41854	-23.8148	26.2334	0.068248	0.931752	1.02011	0.948447	0.762436	0.370683	0.112308	0.0872528	0.0642374	0.000998462	0	5.344801	1.646482	0.931752	0.068248	44.30799
3750	2.19029	-25.7445	27.9348	0.278687	0.721313	1.302852	0.947457	0.764975	0.363609	0.111664	0.0867894	0.0655434	0.000987842	0	3.643346	1.528091	0.7213129	0.2786871	33.73582
3760	2.65689	-26.0461	28.703	0.537766	0.462234	2.414288	0.952386	0.762039	0.366136	0.111265	0.0867247	0.0644422	0.000979908	0	2.87518	1.799792	0.4622339	0.5377661	63.06557
3770	1.67599	-23.1019	24.7779	0.959629	0.0403706	0.9156341	0.974201	0.771599	0.375869	0.110975	0.0863216	0.0653935	0.000978757	0	6.800296	1.858328	0.04037056	0.9596294	72.16531
3780	1.20126	-29.3597	30.561	0.0537657	0.946234	2.707147	0.992075	0.794201	0.361339	0.109612	0.0863664	0.0642793	0.000986875	0	1.017215	1.759933	0.9462343	0.05376567	57.53506
3790	2.26783	-26.1123	28.3802	0.564689	0.435311	0.5949014	0.983975	0.781391	0.374117	0.112466	0.0888006	0.0641702	0.00102504	0	3.197996	1.640771	0.4353112	0.5646888	43.72911
3800	3.05105	-24.121	27.1721	0.197926	0.802074	3.239342	0.955094	0.799063	0.367155	0.109863	0.0885373	0.0624991	0.000987898	0	4.406078	1.943291	0.8020743	0.1979257	87.75895
3810	2.03576	-27.2538	29.2895	0.048085	0.951915	5.74267	0.973421	0.796841	0.360039	0.108631	0.0893521	0.064128	0.00100431	0	2.288641	1.936006	0.951915	0.04808495	86.29906
3820	1.90062	-22.7428	24.6434	0.16797	0.83203	2.068248	0.984013	0.792554	0.365024	0.111781	0.0892839	0.0632349	0.00102496	0	6.934763	1.863848	0.8320299	0.1679701	73.08828
3830	2.03383	-27.4122	29.4461	0.718382	0.281618	1.196138	0.988583	0.790857	0.371835	0.110584	0.0892662	0.0647457	0.00102271	0	2.132096	1.76377	0.2816177	0.7183823	58.04563
3840	3.39255	-24.0825	27.475	0.209389	0.790611	0.7997953	0.957492	0.792648	0.375327	0.112171	0.0891546	0.065442	0.00101238	0	4.103152	1.837355	0.7906106	0.2093894	68.76301
3850	1.79152	-28.2239	30.0154	0.574956	0.425044	2.808838	0.958397	0.800638	0.371084	0.109187	0.0890495	0.0650684	0.000976158	0	1.562783	1.84851	0.4250438	0.5749562	70.55207
3860	2.90533	-24.5566	27.4619	0.311107	0.688893	3.623298	0.961157	0.797306	0.369197	0.1074	0.0888176	0.0655324	0.000995088	0	4.116223	1.954835	0.688893	0.311107	90.12287
3870	2.82135	-24.0227	26.8441	0.524175	0.475825	1.766399	0.957372	0.775542	0.36922	0.109106	0.0889603	0.0652584	0.00100646	0	4.734098	1.853351	0.4758252	0.5241748	71.34294
3880	4.14861	-23.8934	28.042	0.0372643	0.962736	1.004272	0.960379	0.776731	0.366946	0.111226	0.0860593	0.0656153	0.00100836	0	3.536178	1.998408	0.9627357	0.03726428	99.63406
3890	3.81771	-24.8576	28.6753	0.18187	0.81813	0.9874088	0.956015	0.772608	0.362416	0.112504	0.0871995	0.0656588	0.000989475	0	2.902862	1.960179	0.8181298	0.1818702	91.2387
3900	0.749363	-29.4328	30.1821	0.941123	0.0588768	3.262745	0.944363	0.766492	0.357417	0.108468	0.0865412	0.064542	0.000994907	0	1.396056	1.889508	0.05887685	0.9411232	77.53689
3910	1.1331	-28.6689	29.802	0.481258	0.518742	0.9835401	0.973991	0.76713	0.359661	0.107878	0.0860528	0.0655381	0.0010018	0	1.776151	1.532296	0.518742	0.481258	34.06404
3920	2.35932	-23.638	25.9973	0.0267286	0.973271	0.8446238	0.982683	0.780154	0.364831	0.107865	0.0858774	0.0631244	0.00100559	0	5.580834	1.637507	0.9732714	0.0267286	43.40175
3930	3.06304	-26.0326	29.0956	0.115562	0.884438	3.052352	0.971677	0.777068	0.358888	0.108353	0.0900818	0.0649656	0.000994198	0	2.48254	1.806854	0.8844379	0.1155621	64.09946
3940	-0.00541955	-28.4914	28.486	0.0431268	0.956873	6.331699	0.947246	0.776996	0.370263	0.109857	0.0898238	0.0634908	0.000991775	0	3.092174	1.614023	0.9568732	0.0431268	41.11713
3950	3.48706	-25.8623	29.3493	0.115018	0.884982	1.684286	0.948172	0.761185	0.367572	0.110982	0.0881354	0.0626186	0.000986321	0	2.228853	1.882309	0.8849823	0.1150177	76.26223
3960	3.15108	-24.148	27.2991	0.759488	0.240512	2.307359	0.959228	0.763826	0.368213	0.109853	0.088588	0.0650192	0.00101087	0	4.279076	1.968099	0.2405116	0.7594884	92.91777
3970	3.21295	-23.3683	26.5813	0.0821963	0.917804	0.3619678	0.986242	0.768698	0.366197	0.112068	0.0900639	0.064713	0.000999824	0	4.996881	1.850842	0.9178037	0.08219634	70.93189
3980	1.65984	-25.7019	27.3618	0.187874	0.812126	2.671243	0.968247	0.764491	0.362595	0.109985	0.0894182	0.0639097	0.000994398	0	4.216404	1.51985	0.8121258	0.1878742	33.10171
3990	3.25966	-24.8344	28.0941	0.708724	0.291276	0.6758436	0.959112	0.786077	0.362464	0.108049	0.0893466	0.064255	0.00102203	0	3.484108	1.937099	0.291276	0.708724	86.51644
4000	-1.95208	-30.638	28.6859	0.587476	0.412524	0.424001	0.944299	0.782502	0.367697	0.107931	0.0869601	0.0633554	0.00101235	0	2.892263	0.8443528	0.4125237	0.5874763	6.987998
4010	2.79951	-23.949	26.7485	0.980826	0.0191744	0.9014183	0.944812	0.790243	0.358379	0.108282	0.0897772	0.0648726	0.00100315	0	4.829655	1.912065	0.01917441	0.9808256	81.67038
4020	3.87	-25.2702	29.1402	0.151873	0.848127	1.994723	0.946568	0.796307	0.371449	0.11217	0.088151	0.0631913	0.00101561	0	2.43796	1.977583	0.8481266	0.1518734	94.96929
4030	3.62892	-24.2412	27.8702	0.0711906	0.928809	1.843691	0.947469	0.77758	0.36567	0.11255	0.090009	0.0638083	0.00101631	0	3.708018	1.845463	0.9288094	0.07119056	70.05883
4040	2.40379	-27.1571	29.5608	0.124149	0.875851	3.475426	0.969429	0.766007	0.361116	0.112074	0.0899084	0.0645113	0.00100945	0	2.017331	1.731102	0.875851	0.124149	53.83966
4050	2.50146	-24.5056	27.007	0.0302136	0.969786	2.186782	0.97491	0.762047	0.374012	0.112544	0.0878142	0.0645548	0.00101955	0	4.571143	1.631964	0.9697864	0.03021364	42.8513
4060	-0.0168316	-28.0879	28.0711	0.241566	0.758434	3.197377	0.969089	0.770147	0.370932	0.111038	0.0877027	0.0657373	0.00102081	0	3.50711	1.215913	0.7584336	0.2415664	16.44043
4070	2.23124	-25.971	28.2022	0.207516	0.792484	0.9380718	0.971111	0.769738	0.359476	0.109642	0.0870343	0.0649717	0.000978227	0	3.375959	1.493688	0.7924838	0.2075162	31.16647
4080	3.00897	-26.2453	29.2542	0.701086	0.298914	1.700351	0.973486	0.768084	0.361497	0.110959	0.0871053	0.0635524	0.000992153	0	2.323928	1.959814	0.2989139	0.7010861	91.16211
4090	3.82264	-25.1896	29.0123	0.0585827	0.941417	2.756784	0.96656	0.775986	0.366354	0.110561	0.0894448	0.0653877	0.000987036	0	2.5659	1.965202	0.9414173	0.05858274	92.30002
4100	1.06596	-27.8816	28.9475	0.249866	0.750134	0.3627718	0.948955	0.783782	0.368396	0.112066	0.0867715	0.0638048	0.0010198	0	2.630654	1.246674	0.7501339	0.2498661	17.64713
4110	2.51597	-26.3656	28.8816	0.897938	0.102062	0.1725602	0.960698	0.778241	0.369129	0.111105	0.0877243	0.0641632	0.00102186	0	2.696569	1.911658	0.1020625	0.8979375	81.59395
4120	0.267089	-23.1103	23.3774	0.126797	0.873203	0.242622	0.974769	0.771669	0.358353	0.111655	0.0902418	0.0642869	0.0009799	0	8.200763	1.550858	0.8732035	0.1267965	35.5515
4130	0.809516	-24.3843	25.1938	0.286654	0.713346	2.746407	0.951516	0.763186	0.36546	0.111538	0.0899369	0.0645141	0.000992283	0	6.384328	1.642796	0.7133461	0.2866539	43.93355
4140	2.7685	-25.6328	28.4013	0.0512148	0.948785	3.97807	0.967854	0.779648	0.362061	0.108316	0.0900896	0.0653884	0.000999822	0	3.176913	1.824322	0.9487852	0.05121483	66.73012
4150	1.31267	-28.8905	30.2032	0.2194	0.7806	2.002263	0.959646	0.795391	0.369056	0.10771	0.0900621	0.0634101	0.000984434	0	1.374978	1.617193	0.7806002	0.2193998	41.41838
4160	3.27544	-23.9982	27.2737	0.341718	0.658282	1.324488	0.992287	0.786272	0.36757	0.107977	0.0897444	0.0633785	0.00098868	0	4.304508	1.873557	0.6582817	0.3417183	74.74073
4170	1.04476	-26.5075	27.5522	0.906364	0.0936359	0.9567464	0.982155	0.763836	0.370338	0.109035	0.0892519	0.0628609	0.000982981	0	4.025926	1.540774	0.09363588	0.9063641	34.73552
4180	2.78259	-26.2842	29.0667	0.585281	0.414719	0.4757412	0.979381	0.775533	0.366986	0.107807	0.088278	0.0633135	0.0010223	0	2.511424	1.869999	0.4147188	0.5852812	74.13079
4190	3.60876	-23.0828	26.6915	0.100074	0.899926	1.896089	0.970319	0.781152	0.357348	0.111824	0.0868919	0.06313	0.000977219	0	4.886637	1.993972	0.8999265	0.1000735	98.62149
4200	1.82975	-28.1458	29.9755	0.137714	0.862286	2.719737	0.970847	0.797955	0.361479	0.112446	0.0881731	0.0640331	0.000996407	0	1.602654	1.636469	0.8622864	0.1377136	43.29807
4210	0.804174	-27.8144	28.6186	0.755511	0.244489	6.020267	0.965573	0.7934	0.360466	0.11262	0.0891316	0.0633651	0.000986905	0	2.959614	1.931697	0.2444893	0.7555107	85.44699
4220	1.84793	-26.5918	28.4397	0.761257	0.238743	2.470537	0.969759	0.771529	0.374584	0.109553	0.085915	0.0646321	0.000976808	0	3.138453	1.705831	0.2387427	0.7612573	50.79614
4230	3.16883	-25.9977	29.1665	0.251429	0.748571	1.959609	0.981663	0.780783	0.368144	0.107768	0.0869666	0.0638943	0.0010004	0	2.411643	1.818189	0.7485708	0.2514292	65.79435
4240	1.45007	-25.9804	27.4304	0.429749	0.570251	1.230774	0.970272	0.784996	0.360305	0.10917	0.0878381	0.0633814	0.00102138	0	4.147738	1.426353	0.5702507	0.4297493	26.69028
4250	2.53272	-22.8932	25.4259	0.660307	0.339693	0.4504779	0.993306	0.796924	0.370367	0.109166	0.0875571	0.0636279	0.00101418	0	6.152296	1.930594	0.3396933	0.6603067	85.2303
4260	2.58582	-26.5652	29.151	0.173703	0.826297	2.577773	0.982871	0.799852	0.374203	0.107473	0.0894127	0.0635279	0.00100273	0	2.427153	1.66801	0.8262967	0.1737033	46.55964
4270	1.63557	-27.1849	28.8205	0.823852	0.176148	2.450932	0.987471	0.775991	0.360566	0.112079	0.0897926	0.063234	0.00101081	0	2.757703	1.688733	0.1761481	0.8238519	48.8352
4280	3.17866	-26.3595	29.5381	0.481618	0.518382	2.237838	0.989813	0.775612	0.365507	0.111412	0.0893062	0.0638492	0.00101743	0	2.040045	1.980162	0.5183819	0.4816181	95.53494
4290	1.36026	-27.7594	29.1196	0.918291	0.0817085	1.319287	0.989915	0.775486	0.370782	0.112113	0.0886643	0.0630515	0.00101887	0	2.458524	1.664702	0.08170851	0.9182915	46.20639
4300	2.57538	-22.5713	25.1467	0.0688191	0.931181	2.266728	0.98184	0.771213	0.372782	0.111057	0.0872378	0.0626985	0.00100096	0	6.431478	1.959847	0.9311809	0.06881914	91.16898
4310	2.05449	-27.3085	29.363	0.0457222	0.954278	4.128001	0.97022	0.791689	0.374362	0.112674	0.087485	0.0634681	0.0010161	0	2.215205	1.674745	0.9542778	0.04572219	47.28739
4320	0.877921	-27.5386	28.4166	0.0487405	0.95126	0.6042264	0.983721	0.79021	0.372431	0.110783	0.086215	0.0624929	0.000993674	0	3.161604	1.114024	0.9512595	0.04874049	13.00241
4330	1.54581	-27.3645	28.9104	0.921114	0.0788864	0.3009351	0.954769	0.763056	0.37268	0.108422	0.0866663	0.0634394	0.00100031	0	2.667818	1.701769	0.07888636	0.9211136	50.32328
4340	2.82438	-26.1057	28.9301	0.707541	0.292459	0.1223746	0.951208	0.762824	0.37494	0.107894	0.0865016	0.0637633	0.000993393	0	2.64804	1.965243	0.2924594	0.7075406	92.30868
4350	1.23688	-22.5525	23.7894	0.335462	0.664538	0.1105799	0.975095	0.764379	0.37415	0.108009	0.0863329	0.0626824	0.00097624	0	7.788776	1.801227	0.6645382	0.3354618	63.27429
4360	3.18881	-25.4416	28.6304	0.487152	0.512848	0.47876	0.944509	0.789328	0.368451	0.109216	0.087083	0.0635782	0.000987738	0	2.947769	1.909538	0.5128483	0.4871517	81.1967
4370	3.85917	-24.5757	28.4349	0.128204	0.871796	0.7295349	0.969321	0.773316	0.369979	0.107731	0.0867759	0.062576	0.00098065	0	3.143299	1.964105	0.8717963	0.1282037	92.06716
4380	1.61512	-25.4104	27.0256	0.667456	0.332544	0.3992938	0.976764	0.768468	0.369681	0.107182	0.0875652	0.0636442	0.000991723	0	4.552611	1.572985	0.3325436	0.6674564	37.40979
4390	3.53208	-23.4618	26.9939	0.221796	0.778204	0.4537935	0.947217	0.772564	0.373023	0.108758	0.0893628	0.0649097	0.00101128	0	4.584281	1.953817	0.7782035	0.2217965	89.91195
4400	3.82562	-24.0281	27.8537	0.236192	0.763808	0.5241366	0.961957	0.766548	0.362155	0.10856	0.0903075	0.0645618	0.00102489	0	3.724438	1.994681	0.7638075	0.2361925	98.78267
4410	2.77631	-27.0074	29.7837	0.310314	0.689686	2.299367	0.94787	0.794574	0.363734	0.108361	0.0891284	0.0654449	0.00100994	0	1.794456	1.867211	0.6896857	0.3103143	73.65643
4420	4.07845	-24.6679	28.7463	0.0791273	0.920873	1.272668	0.984893	0.782541	0.367847	0.109563	0.0899565	0.0635622	0.00102189	0	2.831863	1.981897	0.9208727	0.07912727	95.91724
4430	3.24015	-26.0297	29.2698	0.466234	0.533766	2.073629	0.951879	0.77854	0.368891	0.112534	0.0858686	0.0643707	0.00100474	0	2.308354	1.940111	0.5337661	0.4662339	87.11872
4440	1.59375	-23.8944	25.4881	0.954999	0.0450012	1.167988	0.98124	0.786775	0.36534	0.112037	0.0866337	0.0636162	0.000991028	0	6.090062	1.775497	0.04500115	0.9549988	59.63439
4450	2.17028	-26.7096	28.8799	0.890896	0.109104	2.079312	0.993507	0.772189	0.361249	0.109554	0.0887749	0.0624948	0.00100366	0	2.698289	1.801851	0.1091043	0.8908957	63.36516
4460	2.57677	-24.774	27.3508	0.384578	0.615422	3.9507	0.976822	0.768473	0.372062	0.110074	0.0891526	0.0630535	0.000997461	0	4.227376	1.950508	0.6154219	0.3845781	89.22931
4470	1.18169	-23.9757	25.1574	0.462995	0.537005	1.040138	0.98554	0.77524	0.369204	0.107199	0.0887564	0.0628344	0.000983989	0	6.420763	1.622595	0.5370053	0.4629947	41.93681
4480	2.42366	-22.9729	25.3966	0.366822	0.633178	0.3385464	0.975764	0.794913	0.374585	0.108604	0.0896475	0.063119	0.000982489	0	6.18158	1.868211	0.6331777	0.3668223	73.82623
4490	1.97706	-25.3949	27.3719	0.401264	0.598736	4.620719	0.955981	0.793806	0.362942	0.110188	0.0878057	0.064363	0.000991162	0	4.206244	1.925685	0.5987362	0.4012638	84.27242
4500	2.00401	-25.6959	27.6999	0.28536	0.71464	1.119191	0.963547	0.761359	0.362556	0.110293	0.0870848	0.0655781	0.00101239	0	3.878278	1.477973	0.7146395	0.2853605	30.05889
4510	1.81214	-22.7468	24.559	0.62964	0.37036	2.290222	0.986047	0.768978	0.37056	0.108487	0.0859876	0.063944	0.00100178	0	7.019204	1.952574	0.37036	0.62964	89.65491
4520	0.532098	-25.1562	25.6883	0.0897145	0.910286	4.631047	0.952056	0.763643	0.369826	0.111863	0.0865946	0.0643353	0.000983237	0	5.889865	1.752497	0.9102855	0.08971446	56.55838
4530	2.59829	-23.0861	25.6844	0.689479	0.310521	0.310346	0.952245	0.772244	0.357396	0.109762	0.0869889	0.0629074	0.000987513	0	5.893744	1.933539	0.3105213	0.6894787	85.81028
4540	2.33471	-25.5274	27.8621	0.688787	0.311213	2.15628	0.947214	0.767776	0.374242	0.107729	0.0867593	0.0628595	0.000982225	0	3.716051	1.761301	0.3112134	0.6887866	57.71665
4550	3.56282	-23.5506	27.1134	0.074714	0.925286	2.531959	0.947044	0.785589	0.370142	0.107961	0.0877012	0.0643681	0.000997694	0	4.464743	1.964283	0.925286	0.07471401	92.10488
4560	2.97343	-22.8181	25.7915	0.18236	0.81764	2.152283	0.993376	0.791593	0.369946	0.10854	0.0886076	0.0635706	0.00101192	0	5.786648	1.970389	0.8176396	0.1823604	93.40904
4570	3.80958	-24.9435	28.7531	0.00913216	0.990868	1.180424	0.957657	0.788286	0.36692	0.108379	0.0879408	0.0628227	0.0010055	0	2.825116	1.857229	0.9908678	0.00913216	71.98291
4580	3.42415	-24.9306	28.3547	0.212915	0.787085	0.9623689	0.9891	0.787762	0.373466	0.10792	0.0900284	0.0652177	0.00101278	0	3.223464	1.812992	0.787085	0.212915	65.01173
4590	2.64693	-27.2872	29.9341	0.454889	0.545111	2.893411	0.982755	0.799064	0.374946	0.108684	0.0897572	0.0625885	0.00100988	0	1.644085	1.970859	0.5451109	0.4548891	93.51029
4600	1.87706	-25.0152	26.8923	0.0784058	0.921594	2.026374	0.961884	0.800289	0.373867	0.107203	0.0898108	0.0652938	0.000978632	0	4.685873	1.51365	0.9215942	0.07840584	32.63244
4610	3.35114	-25.226	28.5772	0.0620407	0.937959	1.053116	0.984452	0.797102	0.368794	0.107771	0.0858314	0.063951	0.00100904	0	3.00099	1.724033	0.9379593	0.06204072	52.97041
4620	2.61804	-23.7172	26.3352	0.888003	0.111997	1.525767	0.980153	0.77849	0.359638	0.107686	0.0861726	0.0635037	0.000988878	0	5.24297	1.907757	0.1119974	0.8880026	80.86441
4630	3.45275	-25.0912	28.544	0.42472	0.57528	0.7401743	0.99041	0.761182	0.364565	0.108526	0.0870377	0.0651359	0.000987339	0	3.034214	1.940321	0.5752796	0.4247204	87.1607
4640	1.74533	-22.6011	24.3465	0.20118	0.79882	1.394789	0.975549	0.77045	0.371778	0.108851	0.0858835	0.0649244	0.000992591	0	7.2317	1.83915	0.7988197	0.2011803	69.04777
4650	1.02095	-24.1917	25.2127	0.157607	0.842393	1.796859	0.957099	0.763248	0.369065	0.107918	0.0867813	0.0653509	0.000988484	0	6.365482	1.540114	0.8423928	0.1576072	34.68282
4660	0.59486	-25.4272	26.022	0.712199	0.287801	3.970807	0.965384	0.775988	0.371348	0.107296	0.086369	0.0649086	0.00100862	0	5.556123	1.750794	0.2878007	0.7121993	56.33702
4670	2.36825	-23.613	25.9812	0.60501	0.39499	0.4624878	0.944641	0.797237	0.375775	0.10975	0.0899485	0.0649636	0.000977796	0	5.596967	1.825839	0.3949904	0.6050096	66.96356
4680	0.902537	-28.7972	29.6997	0.124663	0.875337	1.254802	0.948689	0.772603	0.361557	0.112779	0.0894533	0.0635196	0.000980168	0	1.87847	1.305281	0.8753369	0.1246631	20.19673
4690	-0.581586	-21.8734	21.2918	0.0952647	0.904735	0.820983	0.953069	0.79969	0.365326	0.111745	0.0878379	0.0635314	0.000996246	0	10.28634	1.762622	0.9047353	0.09526472	57.89252
4700	1.29042	-21.824	23.1144	0.552037	0.447963	1.275585	0.974452	0.788767	0.371314	0.112526	0.0881449	0.0624948	0.00100088	0	8.463727	1.974422	0.4479627	0.5520373	94.28055
4710	3.77898	-23.4641	27.2431	0.130341	0.869659	0.5892666	0.961209	0.782044	0.362999	0.107725	0.0887249	0.0632086	0.000976933	0	4.335054	1.993573	0.8696594	0.1303406	98.53104
4720	1.97822	-24.0119	25.9901	0.0790543	0.920946	2.670501	0.99047	0.77597	0.368245	0.108568	0.0875461	0.0635445	0.000994778	0	5.588025	1.723883	0.9209457	0.07905428	52.95202
4730	2.16302	-26.856	29.019	0.173576	0.826424	0.3089944	0.991785	0.774844	0.374577	0.110349	0.0866973	0.0645889	0.00100204	0	2.559138	1.496327	0.8264236	0.1735764	31.35643
4740	1.63101	-23.0686	24.6996	0.296669	0.703331	0.9904405	0.978044	0.784028	0.368966	0.111054	0.0875882	0.0634808	0.00101468	0	6.878546	1.740888	0.7033311	0.2966689	55.06651
4750	2.86632	-26.524	29.3903	0.193855	0.806145	2.285816	0.970206	0.800749	0.363586	0.112461	0.09017	0.0629539	0.00100852	0	2.187849	1.751965	0.8061448	0.1938552	56.48914
4760	2.77533	-23.9805	26.7558	0.256528	0.743472	3.548974	0.945474	0.792328	0.360898	0.112271	0.0893314	0.0627261	0.00101418	0	4.822389	1.967528	0.7434721	0.2565279	92.79575
4770	-0.788513	-27.1597	26.3711	0.908999	0.0910013	5.025542	0.944878	0.799873	0.360995	0.11079	0.0889311	0.0625857	0.0010141	0	5.207033	1.668011	0.09100126	0.9089987	46.55977
4780	1.68603	-26.4615	28.1475	0.261117	0.738883	4.070226	0.960363	0.772851	0.358698	0.112437	0.0889991	0.0627113	0.00100339	0	3.430682	1.673682	0.7388832	0.2611168	47.17178
4790	3.89818	-24.2009	28.0991	0.190098	0.809902	1.555061	0.952009	0.772538	0.369408	0.111493	0.0896441	0.0625481	0.000981319	0	3.479077	1.96838	0.8099015	0.1900985	92.97804
4800	3.66776	-24.5775	28.2453	0.166138	0.833862	2.672209	0.985739	0.772489	0.364916	0.111358	0.0901851	0.0645797	0.000976505	0	3.332877	1.952852	0.833862	0.166138	89.71226
4810	2.90213	-24.2457	27.1479	0.905604	0.0943956	1.879395	0.977086	0.766071	0.373534	0.111351	0.0900814	0.0650364	0.00102132	0	4.430311	1.920082	0.09439556	0.9056044	83.19214
4820	0.744708	-28.0437	28.7884	0.208647	0.791353	0.9356559	0.982641	0.775037	0.366901	0.111611	0.0890637	0.0645003	0.00100853	0	2.789782	1.16677	0.7913526	0.2086474	14.6815
4830	3.89346	-24.3768	28.2703	0.225961	0.774039	2.368044	0.993469	0.781904	0.374839	0.110401	0.0893813	0.0644917	0.00101026	0	3.307905	1.99486	0.7740389	0.2259611	98.82354
4840	3.46448	-23.6088	27.0732	0.0549433	0.945057	2.063297	0.98418	0.771316	0.372103	0.109723	0.0889244	0.0628179	0.00101948	0	4.504922	1.882623	0.9450567	0.05494333	76.31728
4850	2.09333	-25.9681	28.0614	0.656776	0.343224	4.539943	0.981605	0.788493	0.362419	0.112139	0.0867781	0.0632318	0.000992065	0	3.516741	1.944503	0.3432244	0.6567756	88.00403
4860	0.683008	-23.3426	24.0256	0.966854	0.0331456	0.6775774	0.974397	0.776684	0.357387	0.1079	0.0882208	0.0656358	0.000986952	0	7.552603	1.740172	0.03314561	0.9668544	54.97584
4870	3.22877	-24.4028	27.6316	0.0751789	0.924821	2.848772	0.97711	0.783144	0.359042	0.109631	0.0896326	0.0647568	0.000980938	0	3.946619	1.861265	0.9248211	0.07517889	72.65491
4880	1.4233	-27.6361	29.0594	0.263211	0.736789	4.513286	0.98019	0.762849	0.359071	0.110817	0.0884774	0.0633145	0.000976798	0	2.518754	1.675154	0.7367893	0.2632107	47.33191
4890	2.71509	-23.5436	26.2587	0.360447	0.639553	2.613924	0.981437	0.775485	0.36158	0.112545	0.0902518	0.0645661	0.000980577	0	5.319469	1.934309	0.6395528	0.3604472	85.96255
4900	2.51133	-25.7172	28.2285	0.29002	0.70998	2.999893	0.972533	0.792156	0.364147	0.111555	0.0895099	0.0636516	0.000999927	0	3.349683	1.727058	0.7099801	0.2900199	53.34057
4910	4.18957	-24.0947	28.2843	0.0571159	0.942884	1.42132	0.983478	0.786397	0.36495	0.108742	0.0880458	0.0652913	0.0010242	0	3.293916	1.992384	0.9428841	0.05711588	98.26171
4920	3.22625	-26.6166	29.8428	0.175014	0.824986	2.09078	0.978006	0.784957	0.357823	0.108076	0.0859148	0.0629343	0.000993459	0	1.735325	1.966161	0.8249861	0.1750139	92.50412
4930	3.02143	-26.7422	29.7636	0.172782	0.827218	1.581156	0.991273	0.790304	0.371011	0.110179	0.0872639	0.0627583	0.00102506	0	1.81457	1.857036	0.8272178	0.1727822	71.95085
4940	0.0619889	-25.3345	25.3965	0.787454	0.212546	5.429002	0.954851	0.781218	0.37378	0.108015	0.0869316	0.0649127	0.000993896	0	6.181677	1.947518	0.2125455	0.7874545	88.61717
4950	0.278423	-27.2489	27.5273	0.698304	0.301696	6.212757	0.961487	0.793248	0.37601	0.107559	0.0898152	0.0643188	0.00097807	0	4.050871	1.906803	0.3016959	0.6983041	80.68682
4960	3.92417	-23.3637	27.2879	0.0889745	0.911026	1.15493	0.986459	0.77252	0.37364	0.111496	0.0892496	0.0656193	0.000982084	0	4.290274	1.996741	0.9110255	0.08897446	99.25238
4970	2.97449	-22.8787	25.8531	0.0825485	0.917452	1.750745	0.991009	0.794648	0.363022	0.107992	0.0859419	0.0657028	0.00100283	0	5.725032	1.909442	0.9174515	0.08254846	81.17868
4980	-0.290314	-27.7145	27.4242	0.509204	0.490796	2.81794	0.979462	0.779	0.365437	0.112122	0.0881138	0.0645296	0.00102454	0	4.153965	1.250497	0.490796	0.509204	17.80317
4990	3.42239	-23.827	27.2494	0.183899	0.816101	1.657247	0.980486	0.761191	0.365079	0.109178	0.0885368	0.0648178	0.00101061	0	4.328785	1.871573	0.8161006	0.1838994	74.39993
5000	3.52835	-23.4066	26.9349	0.0120936	0.987906	1.406969	0.949083	0.768496	0.36441	0.107588	0.0901315	0.0654196	0.00101456	0	4.643231	1.865941	0.9879064	0.01209357	73.4414
