Iteration	Posterior	Likelihood	Prior	clado_type_probs[1]	clado_type_probs[2]	distance_scale	epoch_times[1]	epoch_times[2]	epoch_times[3]	epoch_times[4]	epoch_times[5]	epoch_times[6]	epoch_times[7]	epoch_times[8]	extirpation_rate	log10_rate_bg	p_allopatry	p_sympatry	rate_bg
0	-60.5304	-100.51	39.9791	0.11606	0.88394	0.01	0.551999	0.32649	0.0658961	0.0338811	0.0151881	0.00588197	0.000929104	0	0.1283188	-2	0.8839396	0.1160604	0.01
10	10.1956	-22.053	32.2487	0.737915	0.262085	0.04094574	0.543605	0.321343	0.0644357	0.0337797	0.0150539	0.00597518	0.000931095	0	7.858788	1.998771	0.2620845	0.7379155	99.71735
20	11.7691	-24.888	36.6571	0.412463	0.587537	0.07380069	0.555596	0.320628	0.0657072	0.0338114	0.0149724	0.00587955	0.000938269	0	3.450379	1.948408	0.5875368	0.4124632	88.79894
30	12.3435	-22.9753	35.3188	0.431129	0.568871	1.171388	0.553875	0.323581	0.064707	0.0349885	0.0151124	0.0058982	0.000946435	0	4.788714	1.911421	0.5688711	0.4311289	81.54948
40	13.5323	-23.0642	36.5964	0.0374416	0.962558	1.891148	0.544706	0.32156	0.0645219	0.0346137	0.014817	0.00592745	0.000958512	0	3.511023	1.970157	0.9625584	0.03744156	93.35921
50	11.6258	-22.8406	34.4665	0.31644	0.68356	2.270661	0.55823	0.32194	0.0647407	0.0351995	0.0148372	0.00587031	0.000931112	0	5.640994	1.871589	0.6835603	0.3164397	74.4027
60	10.7403	-26.643	37.3833	0.721675	0.278325	0.4060282	0.554158	0.322962	0.0645521	0.0352604	0.0149872	0.00590034	0.000949578	0	2.724187	1.782541	0.2783252	0.7216748	60.60958
70	11.5641	-24.1188	35.6829	0.200696	0.799304	0.6870283	0.556758	0.332836	0.0639226	0.0348513	0.0145482	0.00589828	0.000947	0	4.424547	1.73114	0.7993045	0.2006955	53.84435
80	13.0398	-24.8842	37.924	0.0672473	0.932753	1.556119	0.55317	0.33605	0.0633523	0.0347108	0.0145383	0.00589381	0.000939023	0	2.183424	1.957566	0.9327527	0.06724733	90.69142
90	12.8123	-23.7407	36.5529	0.118014	0.881986	2.56383	0.561085	0.323611	0.0637595	0.0345342	0.0146223	0.00598779	0.000927876	0	3.554528	1.917637	0.8819863	0.1180137	82.72503
100	12.6198	-23.0799	35.6997	0.241055	0.758945	1.392036	0.558137	0.323418	0.0633296	0.0352848	0.0150149	0.00591493	0.000931198	0	4.407752	1.898951	0.7589454	0.2410546	79.24119
110	9.59701	-27.7777	37.3747	0.421032	0.578968	1.2469	0.551264	0.325539	0.0645301	0.03517	0.0152072	0.00602303	0.000928536	0	2.732764	1.504777	0.5789677	0.4210323	31.97254
120	11.5747	-25.9121	37.4868	0.483218	0.516782	0.2650408	0.536946	0.32212	0.0637545	0.034278	0.0145727	0.00594766	0.000926428	0	2.620675	1.936568	0.5167821	0.4832179	86.41085
130	11.6452	-23.3168	34.962	0.194515	0.805485	0.03317692	0.558855	0.322688	0.0637269	0.0344391	0.0149157	0.00612012	0.000925313	0	5.145454	1.944134	0.8054851	0.1945149	87.92932
140	11.413	-23.4338	34.8468	0.666768	0.333232	0.09014444	0.545375	0.331377	0.0639296	0.0343391	0.0148532	0.00613977	0.00092085	0	5.260642	1.964848	0.333232	0.666768	92.22483
150	12.5544	-22.5141	35.0686	0.0301975	0.969802	1.517154	0.5546	0.333575	0.0645885	0.0350336	0.0150704	0.00589273	0.000934243	0	5.038905	1.883714	0.9698025	0.03019753	76.50925
160	11.2202	-22.579	33.7992	0.617621	0.382379	0.8114988	0.549105	0.33573	0.0656323	0.0340808	0.0150496	0.00604876	0.000945407	0	6.308289	1.879964	0.3823786	0.6176214	75.85153
170	12.7686	-22.8564	35.625	0.356752	0.643248	2.704632	0.551053	0.331024	0.0660194	0.0345014	0.0146753	0.0060294	0.000947448	0	4.482458	1.991983	0.6432485	0.3567515	98.17096
180	11.3618	-26.6411	38.0029	0.328872	0.671128	4.308384	0.53633	0.323865	0.0651512	0.0339428	0.0148289	0.00592371	0.000948504	0	2.104601	1.998583	0.6711285	0.3288715	99.67415
190	9.98178	-22.8216	32.8034	0.74898	0.25102	0.2802516	0.534181	0.325459	0.0651321	0.0343934	0.0146068	0.00614501	0.000929498	0	7.304085	1.826352	0.2510203	0.7489797	67.04285
200	11.6569	-22.8592	34.5161	0.554993	0.445007	0.633963	0.534117	0.325654	0.0665123	0.0351479	0.0148111	0.00604516	0.000927258	0	5.591362	1.914997	0.445007	0.554993	82.22361
210	11.0752	-27.1478	38.223	0.245928	0.754072	1.610033	0.550398	0.329007	0.0641976	0.0349241	0.0146203	0.00604091	0.000961847	0	1.88449	1.728308	0.7540722	0.2459278	53.49432
220	10.8169	-21.7015	32.5184	0.710807	0.289193	1.142992	0.559258	0.327827	0.0633126	0.0352855	0.0145617	0.00599758	0.000955632	0	7.589032	1.931062	0.2891935	0.7108065	85.32217
230	11.7293	-25.971	37.7003	0.813492	0.186508	0.8598009	0.555035	0.335804	0.0639237	0.033897	0.0147227	0.00588817	0.00092466	0	2.407211	1.955916	0.1865081	0.8134919	90.34751
240	12.1236	-23.3984	35.522	0.941536	0.0584637	2.026199	0.538263	0.330643	0.0661835	0.0341026	0.0145426	0.0059411	0.000933595	0	4.58547	1.937371	0.05846368	0.9415363	86.57069
250	10.9776	-23.5532	34.5308	0.180117	0.819883	1.554924	0.538099	0.327517	0.0653949	0.0348519	0.0148826	0.00604294	0.000951632	0	5.576659	1.701533	0.8198834	0.1801166	50.29597
260	12.6136	-24.9787	37.5922	0.240207	0.759793	0.8455242	0.547736	0.327912	0.0658869	0.0343732	0.0151009	0.00608022	0.000941905	0	2.515233	1.958415	0.7597931	0.2402069	90.86891
270	7.03909	-26.321	33.3601	0.764986	0.235014	1.648104	0.539616	0.331538	0.0637532	0.0347356	0.0149667	0.00597938	0.000942207	0	6.747369	1.437814	0.2350142	0.7649858	27.40398
280	10.3715	-28.0042	38.3757	0.450234	0.549766	1.253312	0.550005	0.331585	0.0653687	0.0348691	0.0145907	0.00595677	0.000966862	0	1.73179	1.726701	0.5497659	0.4502341	53.29675
290	8.43511	-29.3004	37.7355	0.522582	0.477418	0.9115578	0.534113	0.330764	0.0658603	0.0335979	0.0149691	0.00604792	0.000948095	0	2.372007	1.413842	0.4774176	0.5225824	25.93238
300	12.0124	-22.7647	34.7771	0.230071	0.769929	0.3984801	0.538917	0.329665	0.0639143	0.0347621	0.0151917	0.00614114	0.000921215	0	5.330333	1.964873	0.7699292	0.2300708	92.23007
310	11.7176	-24.863	36.5805	0.584945	0.415055	0.2330626	0.547658	0.323384	0.0639607	0.0340281	0.0151555	0.00613888	0.000950448	0	3.526959	1.916674	0.4150551	0.5849449	82.54175
320	11.5692	-23.6335	35.2027	0.477413	0.522587	0.2228855	0.548166	0.32089	0.0644151	0.034232	0.0150979	0.00609932	0.000928725	0	4.904786	1.903315	0.5225869	0.4774131	80.04138
330	10.7438	-24.1132	34.857	0.0358869	0.964113	0.01756359	0.545109	0.32725	0.0646135	0.0337655	0.0149379	0.00586206	0.00094371	0	5.250422	1.649306	0.9641131	0.03588693	44.59701
340	9.91773	-21.9809	31.8986	0.348138	0.651862	0.1116178	0.550832	0.331315	0.0661127	0.0352629	0.0148209	0.00613225	0.000963706	0	8.208876	1.912125	0.6518618	0.3481382	81.68171
350	12.1152	-23.5424	35.6576	0.08354	0.91646	0.138486	0.534228	0.323924	0.0643152	0.0344314	0.01484	0.00585999	0.000937	0	4.449818	1.946215	0.91646	0.08353996	88.35179
360	11.733	-25.3066	37.0396	0.0834857	0.916514	1.110601	0.538601	0.334276	0.0655716	0.0350802	0.0151049	0.00595454	0.000954769	0	3.067866	1.67361	0.9165143	0.08348565	47.16389
370	11.6065	-22.4593	34.0658	0.83192	0.16808	2.672849	0.551395	0.336871	0.0660067	0.034294	0.015254	0.00589948	0.000965299	0	6.041662	1.968266	0.1680801	0.8319199	92.95364
380	10.4359	-22.7574	33.1933	0.694855	0.305145	0.7666486	0.541697	0.327744	0.0642275	0.0338288	0.0150943	0.00597291	0.000965513	0	6.914122	1.806924	0.3051448	0.6948552	64.10972
390	11.6132	-23.4103	35.0234	0.384015	0.615985	0.7667607	0.545295	0.324141	0.063821	0.0343351	0.0149281	0.00601604	0.000922886	0	5.084023	1.821918	0.6159849	0.3840151	66.3618
400	12.5349	-23.8871	36.422	0.506188	0.493812	1.762232	0.538937	0.325845	0.0648097	0.0346047	0.0146076	0.00610623	0.000940204	0	3.685514	1.90732	0.493812	0.506188	80.78299
410	11.9347	-24.6912	36.6259	0.0892068	0.910793	1.369202	0.538234	0.330663	0.0665849	0.0347267	0.0147153	0.00601617	0.000954845	0	3.481602	1.711726	0.9107932	0.08920683	51.49036
420	12.1956	-25.2716	37.4672	0.634538	0.365462	1.757809	0.560923	0.332546	0.0652745	0.033927	0.0145905	0.00592723	0.000958513	0	2.640245	1.90728	0.3654621	0.6345379	80.77548
430	12.5437	-22.6199	35.1636	0.511919	0.488081	2.034456	0.557899	0.331528	0.0656669	0.0344973	0.0145963	0.00595092	0.00093985	0	4.943842	1.965992	0.4880806	0.5119194	92.46819
440	11.4282	-24.5805	36.0088	0.224054	0.775946	1.87784	0.558115	0.330684	0.0655816	0.0337165	0.0147317	0.0061306	0.000937275	0	4.098687	1.714373	0.7759464	0.2240536	51.80513
450	10.3776	-21.5797	31.9573	0.126412	0.873588	0.9446702	0.561363	0.329169	0.0648395	0.0342191	0.0145824	0.00595758	0.000957945	0	8.150118	1.860418	0.8735879	0.1264121	72.5134
460	11.3574	-22.8682	34.2256	0.767967	0.232033	2.709639	0.561043	0.327065	0.0642712	0.0348458	0.0150305	0.00614638	0.000940787	0	5.881832	1.928879	0.2320331	0.7679669	84.89434
470	10.1057	-23.7132	33.8189	0.388096	0.611904	0.7377634	0.554755	0.331649	0.0657631	0.0349458	0.0148138	0.00611608	0.000924868	0	6.288561	1.661232	0.6119042	0.3880958	45.83865
480	12.2327	-23.5362	35.7689	0.953971	0.046029	0.957255	0.542965	0.325553	0.0651792	0.033704	0.0146165	0.00608744	0.000956829	0	4.338586	1.956985	0.04602898	0.953971	90.57021
490	6.16177	-24.5229	30.6847	0.691729	0.308271	3.782983	0.538577	0.322326	0.0642733	0.0340774	0.0147425	0.00599198	0.000961135	0	9.422766	1.734564	0.3082708	0.6917292	54.27046
500	10.8496	-24.0622	34.9118	0.751134	0.248866	0.5927741	0.5585	0.320402	0.0633363	0.0349708	0.0151631	0.00601629	0.000938162	0	5.195713	1.771255	0.2488659	0.7511341	59.05478
510	13.3355	-24.3377	37.6732	0.0559375	0.944062	1.83009	0.549696	0.322315	0.0636863	0.0347796	0.0150575	0.00588437	0.000948588	0	2.434287	1.962955	0.9440625	0.05593753	91.82377
520	9.06547	-26.4546	35.52	0.528758	0.471242	2.603873	0.542989	0.322179	0.0642967	0.0347128	0.0147897	0.00597994	0.000940934	0	4.587429	1.589266	0.4712424	0.5287576	38.83884
530	11.3711	-22.4822	33.8533	0.841768	0.158232	2.88374	0.551282	0.324813	0.0655258	0.034779	0.0145831	0.00605238	0.000945246	0	6.2542	1.976503	0.1582317	0.8417683	94.73345
540	9.94985	-27.5526	37.5025	0.0414774	0.958523	5.394837	0.54556	0.323294	0.0649626	0.034951	0.0149541	0.00594556	0.000959792	0	2.605004	1.917076	0.9585226	0.04147743	82.61819
550	12.1055	-21.9173	34.0228	0.352045	0.647955	1.144454	0.552617	0.322279	0.0660114	0.0347281	0.0151643	0.00591757	0.000950057	0	6.084634	1.970357	0.647955	0.352045	93.40227
560	11.7992	-22.0158	33.815	0.798872	0.201128	1.165208	0.534622	0.321082	0.0661595	0.0343887	0.0147693	0.00587004	0.000959326	0	6.292456	1.976035	0.2011284	0.7988716	94.6313
570	13.1156	-24.2822	37.3977	0.00757058	0.992429	1.416657	0.533998	0.326393	0.0666081	0.0344072	0.0151167	0.00592494	0.00095323	0	2.709732	1.896817	0.9924294	0.00757058	78.85287
580	11.9093	-21.9471	33.8564	0.461815	0.538185	1.102892	0.561115	0.332267	0.0654494	0.0343127	0.0152654	0.00606804	0.000929286	0	6.251067	1.970828	0.538185	0.461815	93.50362
590	12.0234	-24.6006	36.624	0.278006	0.721994	1.815597	0.555996	0.32453	0.0657665	0.033975	0.0150886	0.00613402	0.000940396	0	3.483498	1.785162	0.7219944	0.2780056	60.97649
600	12.6419	-24.995	37.6369	0.0455301	0.95447	0.8498489	0.543165	0.326527	0.0648641	0.0336343	0.0150943	0.00602759	0.000939192	0	2.470591	1.898903	0.9544699	0.04553006	79.23242
610	10.976	-22.3607	33.3367	0.199632	0.800368	3.632797	0.534439	0.32413	0.06441	0.0339522	0.0146974	0.00609908	0.000959382	0	6.770735	1.999458	0.800368	0.199632	99.87517
620	12.23	-22.2337	34.4638	0.0473814	0.952619	3.024397	0.539098	0.323236	0.0645596	0.0341507	0.014716	0.00614969	0.000948417	0	5.643701	1.982172	0.9526186	0.04738142	95.97815
630	11.5675	-24.5006	36.0682	0.821979	0.178021	1.91422	0.538668	0.327819	0.0644095	0.0340471	0.0152077	0.00599263	0.000926826	0	4.039278	1.837614	0.1780215	0.8219785	68.80409
640	10.3492	-22.5452	32.8944	0.195818	0.804182	3.659391	0.543711	0.334488	0.0634366	0.0344463	0.015001	0.00603318	0.000922191	0	7.213021	1.96832	0.8041815	0.1958185	92.96518
650	13.2102	-24.1161	37.3263	0.0693928	0.930607	2.072824	0.53709	0.332392	0.0640837	0.0353263	0.0145832	0.00596336	0.00093318	0	2.781215	1.937484	0.9306072	0.0693928	86.59328
660	11.1611	-22.6435	33.8046	0.943711	0.056289	2.369722	0.560232	0.33531	0.0643262	0.0351563	0.0145725	0.00594124	0.000939413	0	6.302837	1.921989	0.05628895	0.943711	83.55822
670	11.7665	-24.8194	36.5858	0.569202	0.430798	3.122441	0.546207	0.332033	0.0663576	0.0345864	0.0146427	0.00586976	0.000961758	0	3.521644	1.906386	0.4307977	0.5692023	80.60951
680	12.6804	-24.3273	37.0077	0.111139	0.888861	1.1593	0.537276	0.334505	0.0661899	0.0343229	0.0147564	0.00587931	0.000956044	0	3.099736	1.851049	0.8888608	0.1111392	70.96578
690	10.9309	-24.9581	35.889	0.778586	0.221414	4.3671	0.537859	0.333406	0.0661581	0.0349378	0.0150428	0.00593198	0.000952856	0	4.218443	1.993036	0.2214139	0.7785861	98.40936
700	12.592	-23.2519	35.844	0.0775245	0.922476	0.9884623	0.539023	0.326908	0.0661309	0.0350194	0.0149246	0.0058997	0.000922456	0	4.263511	1.871007	0.9224755	0.07752446	74.30303
710	11.4024	-25.3095	36.7119	0.614476	0.385524	1.858721	0.553626	0.324618	0.064648	0.034792	0.0148561	0.0058984	0.000924223	0	3.39556	1.783328	0.3855245	0.6144755	60.71954
720	12.1625	-25.6015	37.764	0.654904	0.345096	1.565677	0.560947	0.326332	0.0636332	0.0349794	0.0152067	0.00589	0.000948593	0	2.343471	1.933873	0.3450962	0.6549038	85.87617
730	12.197	-24.3567	36.5537	0.541988	0.458012	1.999515	0.55524	0.324469	0.0643531	0.0342793	0.014758	0.00605021	0.000963076	0	3.553754	1.866988	0.458012	0.541988	73.61862
740	11.115	-23.8613	34.9763	0.812891	0.187109	1.927149	0.54542	0.332261	0.0641217	0.033675	0.0145839	0.00598806	0.000959615	0	5.131165	1.811291	0.1871088	0.8128912	64.75764
750	11.1474	-25.7774	36.9248	0.0613202	0.93868	2.768403	0.55095	0.329752	0.0665013	0.0336744	0.0151482	0.00600807	0.000922418	0	3.1827	1.700763	0.9386798	0.06132025	50.20685
760	12.9537	-24.4504	37.4041	0.0889543	0.911046	1.471157	0.542999	0.332954	0.0655495	0.034357	0.0148401	0.00613171	0.00094264	0	2.703358	1.894958	0.9110457	0.08895429	78.51603
770	11.4397	-22.309	33.7487	0.159562	0.840438	0.8685291	0.552143	0.329848	0.0640261	0.0336693	0.0151114	0.00595164	0.000946423	0	6.358769	1.850722	0.8404382	0.1595618	70.91245
780	13.1955	-24.9226	38.1182	0.0467921	0.953208	1.560378	0.542759	0.324739	0.0665676	0.0335996	0.0152519	0.00590525	0.000967317	0	1.989284	1.995652	0.9532079	0.04679211	99.00376
790	11.3516	-22.1139	33.4655	0.883337	0.116663	2.377991	0.543904	0.335771	0.0662227	0.0344	0.0151078	0.00597022	0.000940367	0	6.641957	1.96481	0.1166634	0.8833366	92.21689
800	10.3661	-23.1205	33.4866	0.392251	0.607749	2.14915	0.551209	0.33579	0.0654339	0.0345151	0.0148573	0.00594015	0.000961357	0	6.620908	1.772209	0.6077488	0.3922512	59.18466
810	12.4784	-23.8251	36.3035	0.646931	0.353069	0.7595392	0.545693	0.33661	0.0650522	0.0345779	0.0145285	0.00590659	0.000959611	0	3.803945	1.976669	0.3530692	0.6469308	94.76964
820	12.1616	-22.4067	34.5683	0.720059	0.279941	1.444312	0.557594	0.336189	0.065995	0.0338404	0.0147413	0.00602407	0.000926811	0	5.539148	1.96421	0.279941	0.720059	92.08948
830	11.6332	-25.8457	37.4789	0.482567	0.517433	2.876441	0.556496	0.33177	0.0649632	0.0336017	0.0150444	0.00605045	0.000943198	0	2.628598	1.866178	0.5174325	0.4825675	73.48155
840	13.2793	-23.3355	36.6148	0.00876024	0.99124	1.09286	0.55268	0.321844	0.0664698	0.0352557	0.015157	0.00591669	0.000967594	0	3.492691	1.943357	0.9912398	0.008760239	87.77216
850	11.979	-25.2114	37.1904	0.905164	0.0948356	2.052574	0.53599	0.328609	0.0664749	0.0349292	0.0152286	0.00607997	0.000955417	0	2.91704	1.912618	0.0948356	0.9051644	81.77455
860	8.59245	-30.0857	38.6782	0.539113	0.460887	2.302823	0.534492	0.320351	0.066566	0.0348311	0.0148728	0.00609162	0.000922464	0	1.429287	1.643023	0.4608871	0.5391129	43.95648
870	13.1045	-24.4035	37.5081	0.108086	0.891914	2.044073	0.549842	0.32244	0.064645	0.0353128	0.0146822	0.00600128	0.000926023	0	2.599415	1.93809	0.8919142	0.1080858	86.71409
880	12.1617	-25.0847	37.2464	0.481673	0.518327	2.712638	0.536021	0.32252	0.0664383	0.0352214	0.0147965	0.00604287	0.000962446	0	2.861053	1.904907	0.5183266	0.4816734	80.33541
890	12.8725	-24.6313	37.5039	0.312915	0.687085	2.465898	0.548444	0.329856	0.0651615	0.0351961	0.0146804	0.00610977	0.000960591	0	2.603609	1.959015	0.6870853	0.3129147	90.99452
900	12.6675	-24.4455	37.1131	0.33138	0.66862	2.712563	0.537248	0.322238	0.0665053	0.0339892	0.0146798	0.00606257	0.000948207	0	2.994401	1.942638	0.6686202	0.3313798	87.62693
910	10.6193	-22.4223	33.0416	0.230117	0.769883	1.075849	0.547027	0.32927	0.0643754	0.0339507	0.0145036	0.00614225	0.000960632	0	7.06589	1.777746	0.7698825	0.2301175	59.94407
920	11.2613	-21.8268	33.0881	0.0612134	0.938787	2.329054	0.557939	0.336572	0.0634696	0.0353027	0.0145411	0.00600051	0.000956876	0	7.019378	1.903712	0.9387866	0.06121344	80.11458
930	13.0714	-22.3105	35.3819	0.225206	0.774794	1.683738	0.558615	0.324589	0.0637633	0.0353423	0.0149909	0.00603586	0.000923846	0	4.725529	1.996426	0.774794	0.225206	99.18042
940	11.2576	-22.2265	33.4841	0.381969	0.618031	1.737621	0.556276	0.327031	0.0651114	0.0351634	0.0151245	0.00608599	0.000952124	0	6.623365	1.869506	0.6180308	0.3819692	74.04669
950	11.7348	-23.2062	34.9411	0.926304	0.0736958	2.623133	0.539098	0.321965	0.0645502	0.0353171	0.0149879	0.00606647	0.000950634	0	5.166408	1.939633	0.07369577	0.9263042	87.02281
960	11.8454	-24.5026	36.348	0.0610826	0.938917	2.18501	0.551688	0.328303	0.065412	0.0343163	0.0148071	0.00607147	0.000950829	0	3.759421	1.739204	0.9389174	0.06108263	54.85342
970	12.5776	-23.6601	36.2377	0.599715	0.400285	2.591586	0.54184	0.32998	0.0641928	0.0342309	0.0147505	0.0059222	0.000936552	0	3.869815	1.96935	0.4002854	0.5997146	93.18586
980	10.4199	-27.6292	38.0492	0.733199	0.266801	3.243033	0.537307	0.321709	0.0639748	0.0337829	0.0148546	0.00597466	0.000961302	0	2.0583	1.8583	0.2668013	0.7331987	72.1606
990	11.3462	-23.6904	35.0366	0.957065	0.0429352	1.616784	0.551772	0.320827	0.0654018	0.03437	0.0146306	0.00612877	0.000947296	0	5.070898	1.842077	0.04293519	0.9570648	69.51483
1000	11.9768	-24.9416	36.9184	0.754071	0.245929	1.918328	0.5375	0.323417	0.0647874	0.0340167	0.01485	0.00605977	0.000942815	0	3.189048	1.878823	0.2459285	0.7540715	75.65238
1010	12.8541	-24.3855	37.2396	0.173436	0.826564	1.325988	0.534361	0.333173	0.0639282	0.0342754	0.0148507	0.00592248	0.000922741	0	2.867835	1.908699	0.8265641	0.1734359	81.03996
1020	12.3242	-22.2301	34.5543	0.256924	0.743076	1.721026	0.537812	0.334562	0.0639312	0.0343436	0.0149667	0.00598267	0.000928242	0	5.553162	1.934797	0.7430765	0.2569235	86.05921
1030	12.7848	-24.2758	37.0607	0.339016	0.660984	1.664152	0.538831	0.33358	0.0659368	0.0336575	0.0152594	0.00602076	0.000963295	0	3.046806	1.906125	0.6609841	0.3390159	80.56107
1040	12.8578	-24.169	37.0268	0.68202	0.31798	1.701942	0.538972	0.328252	0.0664853	0.0338494	0.0149182	0.00590095	0.000934994	0	3.080637	1.991553	0.3179802	0.6820198	98.07385
1050	10.8799	-26.2567	37.1367	0.712716	0.287284	3.842631	0.539756	0.333546	0.0663004	0.0351931	0.014852	0.00601938	0.000947983	0	2.970807	1.912647	0.2872838	0.7127162	81.77994
1060	11.9404	-23.8027	35.7431	0.853563	0.146437	1.375794	0.5466	0.331327	0.0652734	0.0345689	0.0145809	0.00594881	0.000963075	0	4.364407	1.881183	0.1464368	0.8535632	76.06475
1070	11.2129	-23.1551	34.368	0.37647	0.62353	3.535793	0.560945	0.323318	0.0646017	0.034433	0.0147898	0.00600532	0.00093309	0	5.739483	1.959878	0.6235297	0.3764703	91.17542
1080	8.52212	-24.3251	32.8472	0.476758	0.523242	3.021882	0.552468	0.320677	0.0645765	0.034777	0.014865	0.00604944	0.000954342	0	7.260251	1.706439	0.5232419	0.4767581	50.86739
1090	12.4203	-22.8099	35.2302	0.312971	0.687029	1.140944	0.539927	0.324395	0.0641457	0.03528	0.0150756	0.00593571	0.000955823	0	4.877314	1.91012	0.6870291	0.3129709	81.30543
1100	11.2056	-23.5093	34.7149	0.384495	0.615505	2.141624	0.557534	0.329468	0.0655266	0.0350861	0.0149542	0.00601306	0.000932951	0	5.392529	1.796626	0.6155049	0.3844951	62.60741
1110	11.7049	-26.8607	38.5656	0.438536	0.561464	1.649104	0.558495	0.323111	0.0646854	0.0345988	0.0150473	0.00586026	0.000929679	0	1.541907	1.970489	0.5614637	0.4385363	93.43064
1120	12.2579	-23.808	36.0659	0.935787	0.0642132	1.336508	0.536701	0.3329	0.0642442	0.0341959	0.0150573	0.00592733	0.000953676	0	4.041582	1.932057	0.06421323	0.9357868	85.51788
1130	10.4659	-24.2089	34.6748	0.860717	0.139283	2.102271	0.534817	0.332501	0.0641369	0.0337877	0.0148251	0.00588788	0.000932235	0	5.432685	1.771688	0.1392831	0.8607169	59.11373
1140	12.6264	-23.9352	36.5616	0.0263031	0.973697	3.467922	0.537572	0.331687	0.0662677	0.0351499	0.0146319	0.00588725	0.000936306	0	3.545875	1.967344	0.9736969	0.02630313	92.75639
1150	12.1016	-23.0922	35.1938	0.410183	0.589817	2.993782	0.54003	0.324699	0.064253	0.0352298	0.0149349	0.00604017	0.000931456	0	4.913685	1.960639	0.5898165	0.4101835	91.33543
1160	12.7854	-24.5014	37.2868	0.58412	0.41588	1.60929	0.561111	0.322069	0.0649207	0.0351683	0.0152333	0.00603864	0.000932411	0	2.820665	1.974964	0.4158797	0.5841203	94.39823
1170	13.0533	-23.1443	36.1976	0.0380195	0.96198	1.560009	0.540148	0.320373	0.0658492	0.0344452	0.0152403	0.00603355	0.000968285	0	3.909866	1.888084	0.9619805	0.03801953	77.28298
1180	11.4932	-22.2515	33.7447	0.19565	0.80435	0.432543	0.544931	0.323491	0.0638132	0.034182	0.0151891	0.00596297	0.00094803	0	6.362808	1.93596	0.8043498	0.1956502	86.28993
1190	12.8515	-22.2482	35.0997	0.0146269	0.985373	2.268891	0.558214	0.330156	0.0660553	0.0338079	0.0148847	0.0060137	0.00094429	0	5.007797	1.952806	0.9853731	0.01462686	89.70279
1200	12.7985	-22.009	34.8075	0.0536049	0.946395	2.20285	0.560957	0.336952	0.0648474	0.0339992	0.0147789	0.0059119	0.000952451	0	5.299991	1.972603	0.9463951	0.05360489	93.88653
1210	11.9105	-24.1562	36.0667	0.0543645	0.945635	3.529669	0.53776	0.33064	0.0636344	0.033682	0.0150785	0.00598797	0.000961659	0	4.040797	1.895425	0.9456355	0.05436451	78.6005
1220	13.1918	-23.7781	36.9699	0.0537278	0.946272	3.026129	0.536992	0.33692	0.0634561	0.0348157	0.0151054	0.00612827	0.000966393	0	3.137523	1.977905	0.9462722	0.05372784	95.03967
1230	12.0239	-21.968	33.9919	0.292914	0.707086	1.885826	0.548465	0.327062	0.0635584	0.0350883	0.0151326	0.00597868	0.000944578	0	6.115552	1.940701	0.7070855	0.2929145	87.23706
1240	11.9626	-26.2414	38.2041	0.397693	0.602307	2.304858	0.548516	0.326895	0.0656627	0.0346616	0.0151139	0.00604198	0.000967986	0	1.903391	1.90628	0.6023068	0.3976932	80.58978
1250	12.9206	-23.2912	36.2118	0.416513	0.583487	1.584845	0.541621	0.32663	0.0664388	0.0343206	0.0147359	0.00611683	0.000945079	0	3.895668	1.954728	0.5834867	0.4165133	90.10076
1260	12.0122	-21.8492	33.8614	0.798758	0.201242	1.793872	0.545362	0.321675	0.0659599	0.0340773	0.0148924	0.00613695	0.000966736	0	6.24611	1.991339	0.201242	0.798758	98.0254
1270	4.42614	-27.5617	31.9878	0.940254	0.0597461	0.5136902	0.553617	0.320701	0.0656753	0.034078	0.0148151	0.00605679	0.000941087	0	8.119676	1.230162	0.05974612	0.9402539	16.98876
1280	11.2654	-26.0351	37.3005	0.410095	0.589905	0.05414916	0.553199	0.334495	0.0647481	0.034067	0.0150344	0.00587222	0.000927936	0	2.806944	1.877679	0.5899046	0.4100954	75.4534
1290	9.26386	-29.8802	39.1441	0.247179	0.752821	0.6316218	0.549808	0.331757	0.0644323	0.0337978	0.0147956	0.00596698	0.000936877	0	0.96338	1.927565	0.7528212	0.2471788	84.638
1300	9.62813	-26.821	36.4491	0.381886	0.618114	1.972786	0.54782	0.336198	0.0634448	0.0341963	0.0148454	0.00597978	0.000937117	0	3.658329	1.537194	0.6181143	0.3818857	34.45038
1310	12.8727	-24.263	37.1357	0.121373	0.878627	2.519686	0.561582	0.330854	0.0636047	0.0338358	0.0150753	0.00597912	0.000958691	0	2.971799	1.907558	0.8786273	0.1213727	80.82723
1320	12.3864	-21.9464	34.3328	0.357506	0.642494	1.987765	0.550654	0.3352	0.0652953	0.0349263	0.0149828	0.00586811	0.000945619	0	5.774657	1.982056	0.6424939	0.3575061	95.95252
1330	13.0139	-23.5629	36.5769	0.00339752	0.996602	1.914875	0.558275	0.331015	0.0644582	0.0338074	0.0151904	0.00591434	0.000965733	0	3.530586	1.866421	0.9966025	0.003397517	73.52256
1340	12.0531	-22.2336	34.2867	0.0531302	0.94687	2.29945	0.559088	0.321977	0.0662375	0.0342965	0.0148173	0.00587226	0.000957124	0	5.820776	1.904045	0.9468698	0.05313016	80.17617
1350	7.40209	-27.1306	34.5327	0.701637	0.298363	4.385286	0.541657	0.336229	0.0635182	0.0352125	0.0146972	0.00591039	0.000946143	0	5.574729	1.705772	0.2983628	0.7016372	50.78924
1360	13.0019	-22.4077	35.4097	0.0951439	0.904856	1.763429	0.545931	0.323359	0.0661468	0.0347545	0.0148871	0.00613141	0.00092262	0	4.697773	1.95599	0.9048561	0.0951439	90.36287
1370	10.2484	-23.5464	33.7948	0.511854	0.488146	4.181565	0.543194	0.321287	0.066276	0.035109	0.0147625	0.0059692	0.000932833	0	6.312656	1.982949	0.4881461	0.5118539	96.14986
1380	12.1361	-22.437	34.5731	0.999399	0.000600865	2.341648	0.547146	0.326491	0.0659724	0.0352997	0.0147045	0.00597432	0.000933324	0	5.53441	1.99977	0.0006008651	0.9993991	99.94698
1390	12.1338	-24.6952	36.829	0.631823	0.368177	1.161282	0.542666	0.322695	0.0640292	0.0348352	0.0145754	0.00586007	0.000948891	0	3.278461	1.881837	0.3681774	0.6318226	76.17936
1400	11.6809	-26.0907	37.7716	0.0778822	0.922118	1.267764	0.55743	0.320774	0.0647563	0.0338357	0.0149229	0.00593867	0.000940989	0	2.335888	1.705385	0.9221178	0.07788224	50.74408
1410	12.4823	-24.1891	36.6715	0.0368883	0.963112	1.337631	0.548892	0.334427	0.0656798	0.0342713	0.0148575	0.00606134	0.000945584	0	3.436	1.784683	0.9631117	0.03688832	60.90923
1420	11.1003	-24.6777	35.7781	0.520226	0.479774	4.137646	0.557282	0.335999	0.0659624	0.0342932	0.0152506	0.00596463	0.000940769	0	4.329378	1.961243	0.4797738	0.5202262	91.46255
1430	7.93068	-24.9895	32.9202	0.0793561	0.920644	2.854584	0.556204	0.324376	0.0661297	0.034101	0.0150128	0.00600709	0.000933023	0	7.187276	1.565125	0.9206439	0.07935605	36.73884
1440	12.3382	-24.448	36.7862	0.392302	0.607698	0.7534262	0.550088	0.323628	0.0644214	0.0344102	0.0146197	0.00588191	0.000938479	0	3.321301	1.90663	0.6076982	0.3923018	80.65475
1450	11.2083	-26.4044	37.6127	0.367062	0.632938	0.7123436	0.554672	0.330641	0.0651582	0.0347126	0.0147544	0.00604522	0.000956488	0	2.494746	1.738601	0.6329379	0.3670621	54.7773
1460	12.0064	-23.6155	35.6218	0.0603739	0.939626	2.599803	0.553191	0.332346	0.0643586	0.0344894	0.01474	0.00594157	0.000950733	0	4.485623	1.829995	0.9396261	0.06037385	67.60748
1470	11.3285	-24.3845	35.7129	0.735657	0.264343	0.4898259	0.55773	0.336373	0.0633521	0.0337601	0.014832	0.00596741	0.00096848	0	4.394539	1.819779	0.2643428	0.7356572	66.03577
1480	10.8746	-26.6068	37.4814	0.160447	0.839553	4.759013	0.553055	0.329323	0.0639511	0.0341308	0.0151425	0.00590265	0.000944724	0	2.626033	1.947579	0.8395528	0.1604472	88.62957
1490	12.3057	-24.6581	36.9638	0.339654	0.660346	0.621501	0.544399	0.327365	0.0633228	0.0346335	0.0152608	0.0059368	0.000949293	0	3.143639	1.907794	0.6603455	0.3396545	80.87122
1500	12.3292	-25.204	37.5332	0.40769	0.59231	1.205397	0.555812	0.325296	0.0639301	0.0349495	0.0145208	0.00607319	0.000943494	0	2.574283	1.900518	0.59231	0.40769	79.52757
1510	10.9505	-23.6578	34.6083	0.68008	0.31992	2.557279	0.536398	0.32081	0.0660688	0.0347501	0.014682	0.00598214	0.000920289	0	5.49915	1.846133	0.3199195	0.6800805	70.16709
1520	12.3976	-25.2508	37.6484	0.0362693	0.963731	2.349572	0.548046	0.334413	0.0648864	0.0343188	0.0148202	0.00589901	0.000951601	0	2.459067	1.826989	0.9637307	0.03626931	67.14115
1530	12.7121	-22.2535	34.9656	0.0898321	0.910168	1.088022	0.535775	0.327742	0.0639545	0.0345837	0.0148092	0.00589734	0.000946655	0	5.141847	1.958742	0.9101679	0.08983214	90.93729
1540	12.3439	-22.611	34.9549	0.074867	0.925133	2.503497	0.55349	0.325389	0.0663629	0.0342254	0.0147395	0.00596413	0.000924947	0	5.152558	1.919934	0.925133	0.074867	83.16383
1550	12.0303	-22.4755	34.5058	0.629181	0.370819	2.51683	0.534225	0.320551	0.0661847	0.0338863	0.0147782	0.00610658	0.000945442	0	5.601629	1.970443	0.3708193	0.6291807	93.42076
1560	11.3231	-26.7825	38.1057	0.857743	0.142257	3.210371	0.543488	0.322256	0.0656981	0.033861	0.0149098	0.00607983	0.000955464	0	2.001787	1.978266	0.1422566	0.8577434	95.11871
1570	8.64854	-28.9294	37.578	0.462515	0.537485	5.814807	0.541059	0.329426	0.0663147	0.0337274	0.0149852	0.00607921	0.000958976	0	2.529488	1.923154	0.5374853	0.4625147	83.78263
1580	11.8116	-25.035	36.8466	0.453161	0.546839	0.4854965	0.550574	0.326808	0.0641528	0.0339436	0.0145874	0.00608749	0.000940194	0	3.260862	1.859575	0.5468393	0.4531607	72.37281
1590	10.6141	-26.4637	37.0778	0.947667	0.0523327	2.741762	0.548754	0.336614	0.0644108	0.0340329	0.0147247	0.00603497	0.000944657	0	3.029697	1.817299	0.05233266	0.9476673	65.65972
1600	12.2511	-22.4847	34.7358	0.319998	0.680002	2.82979	0.534935	0.333318	0.0638367	0.0350144	0.0150716	0.00601582	0.000935376	0	5.371716	1.982336	0.6800022	0.3199978	96.01437
1610	11.9169	-22.2534	34.1704	0.599306	0.400694	0.8148055	0.557354	0.333195	0.0644994	0.0342582	0.0148127	0.0060314	0.000939597	0	5.937102	1.981912	0.4006945	0.5993055	95.92072
1620	3.57212	-30.2485	33.8206	0.661785	0.338215	7.056372	0.545385	0.336527	0.0661237	0.0351827	0.0145562	0.00604433	0.000934133	0	6.286823	1.77489	0.3382153	0.6617847	59.55113
1630	11.3395	-25.5337	36.8731	0.164579	0.835421	3.015458	0.54558	0.333356	0.0652446	0.0344054	0.0146031	0.00611105	0.000937482	0	3.234321	1.776743	0.8354214	0.1645786	59.80573
1640	11.7479	-23.8332	35.5811	0.729504	0.270496	0.3624806	0.535527	0.327665	0.064401	0.033711	0.015078	0.005895	0.000923649	0	4.526318	1.93707	0.2704957	0.7295043	86.51075
1650	11.1214	-23.4141	34.5355	0.211363	0.788637	2.50148	0.551465	0.320369	0.0665672	0.033953	0.0150882	0.00606806	0.000928926	0	5.57196	1.800498	0.7886367	0.2113633	63.16812
1660	12.7368	-23.4777	36.2145	0.834622	0.165378	1.537536	0.544659	0.331808	0.0646332	0.0340315	0.01466	0.00604727	0.000931328	0	3.893017	1.989446	0.1653782	0.8346218	97.59915
1670	12.9354	-22.0662	35.0016	0.14316	0.85684	1.693379	0.547706	0.332744	0.0642303	0.033979	0.0145888	0.00593316	0.00093348	0	5.105878	1.98779	0.8568397	0.1431603	97.22765
1680	8.97653	-27.909	36.8855	0.0335398	0.96646	3.942827	0.541635	0.333654	0.0653375	0.0343092	0.0146661	0.00586361	0.000921873	0	3.22198	1.615759	0.9664602	0.0335398	41.2818
1690	13.3073	-23.4945	36.8018	0.215136	0.784864	2.041293	0.546075	0.325958	0.0652045	0.0342123	0.0146413	0.00589071	0.000920775	0	3.305694	1.98319	0.7848639	0.2151361	96.20325
1700	12.6617	-24.2374	36.8991	0.178586	0.821414	1.082926	0.557793	0.331643	0.0635228	0.0335979	0.0150813	0.00586251	0.000949998	0	3.208364	1.870398	0.821414	0.178586	74.19905
1710	11.3661	-25.4765	36.8426	0.767407	0.232593	3.692269	0.544034	0.330795	0.0637169	0.03368	0.0151428	0.0059763	0.000925296	0	3.264833	1.950426	0.2325929	0.7674071	89.21261
1720	12.6037	-24.3832	36.9869	0.206529	0.793471	1.621511	0.54903	0.329835	0.0659597	0.0342028	0.0150388	0.00609326	0.000937131	0	3.120568	1.851948	0.7934707	0.2065293	71.11277
1730	12.506	-24.2411	36.7472	0.0621778	0.937822	1.446296	0.551058	0.323614	0.0645218	0.0342036	0.0151246	0.0060018	0.000943216	0	3.360305	1.7934	0.9378222	0.06217775	62.14405
1740	10.61	-27.0863	37.6963	0.113208	0.886792	3.064225	0.560521	0.32187	0.0644084	0.03401	0.0149257	0.00599813	0.000959297	0	2.411206	1.69126	0.886792	0.113208	49.12024
1750	12.1274	-21.7603	33.8876	0.193794	0.806206	2.632947	0.561519	0.326133	0.0651855	0.0351008	0.0149269	0.00598995	0.000967659	0	6.21985	1.99639	0.8062065	0.1937935	99.1721
1760	9.98585	-23.2449	33.2307	0.415679	0.584321	3.748811	0.560656	0.335561	0.0660755	0.0353488	0.0149726	0.00593422	0.000944419	0	6.876738	1.925435	0.584321	0.415679	84.22388
1770	10.5294	-27.6594	38.1888	0.316906	0.683094	0.2019966	0.542652	0.331597	0.0663845	0.0353099	0.0146338	0.00594459	0.000922826	0	1.918631	1.812251	0.6830939	0.3169061	64.90095
1780	11.4782	-26.0752	37.5534	0.344931	0.655069	1.133499	0.544395	0.331111	0.0647972	0.0346307	0.0146477	0.00599691	0.000940565	0	2.554063	1.749467	0.6550685	0.3449315	56.16513
1790	11.2797	-27.0519	38.3315	0.777428	0.222572	2.539136	0.536256	0.321196	0.0634531	0.0337053	0.0149452	0.00612154	0.000927627	0	1.775938	1.951436	0.222572	0.777428	89.4202
1800	12.1488	-24.8383	36.9871	0.422551	0.577449	3.045227	0.539726	0.321395	0.0653654	0.0348768	0.0151245	0.00607941	0.000939287	0	3.120328	1.919175	0.5774488	0.4225512	83.01857
1810	12.8142	-25.4228	38.237	0.179709	0.820291	2.57575	0.550343	0.329709	0.0646429	0.0349299	0.0149691	0.00607087	0.000966434	0	1.870435	1.991675	0.8202912	0.1797088	98.10134
1820	8.55581	-21.3436	29.8994	0.529623	0.470377	0.5764941	0.558216	0.325343	0.0635554	0.0349815	0.0146133	0.00605595	0.000950474	0	10.20807	1.876309	0.4703775	0.5296225	75.21576
1830	11.5543	-25.2006	36.7549	0.37793	0.62207	0.5784568	0.560765	0.321485	0.0636726	0.0352541	0.0146121	0.00613365	0.00096582	0	3.352572	1.762505	0.6220701	0.3779299	57.87682
1840	12.3646	-23.0727	35.4373	0.226336	0.773664	2.372926	0.545301	0.335598	0.0652111	0.0340645	0.0149595	0.00614782	0.000946119	0	4.670164	1.897176	0.7736643	0.2263357	78.91797
1850	12.1946	-24.6444	36.8391	0.269099	0.730901	2.347306	0.535493	0.334719	0.066412	0.0338628	0.0147524	0.0060244	0.000942351	0	3.268402	1.84012	0.7309009	0.2690991	69.20224
1860	10.7727	-25.6411	36.4138	0.168273	0.831727	1.995014	0.556629	0.333673	0.0638764	0.0338499	0.0149521	0.00610106	0.000938355	0	3.693658	1.61489	0.8317274	0.1682726	41.1993
1870	12.8712	-24.1552	37.0264	0.418291	0.581709	1.007188	0.543301	0.32626	0.0638294	0.0339405	0.0147032	0.00591329	0.000957525	0	3.081099	1.988253	0.5817094	0.4182906	97.33141
1880	11.8745	-22.5357	34.4102	0.623632	0.376368	2.858073	0.552432	0.323849	0.0651227	0.0352825	0.0146719	0.00603099	0.000931654	0	5.697306	1.98793	0.3763679	0.6236321	97.25896
1890	10.9649	-27.6857	38.6506	0.0126179	0.987382	0.5889866	0.533978	0.321065	0.0659247	0.0342877	0.0147106	0.00593436	0.000950869	0	1.456907	1.829503	0.9873821	0.01261793	67.53101
1900	12.578	-24.6617	37.2397	0.231604	0.768396	3.438534	0.535132	0.331903	0.0647451	0.0352884	0.0150239	0.00593332	0.000953097	0	2.867739	1.982806	0.768396	0.231604	96.11837
1910	11.7111	-24.0462	35.7572	0.470282	0.529718	0.7099791	0.549726	0.325424	0.0635489	0.0351977	0.0152133	0.00598863	0.000936862	0	4.350221	1.816947	0.5297182	0.4702818	65.60648
1920	11.5408	-26.5663	38.107	0.02054	0.97946	0.6977306	0.555975	0.333216	0.0650385	0.0351666	0.0150249	0.00591051	0.000948362	0	2.000427	1.741966	0.97946	0.02054001	55.20339
1930	9.4704	-27.4191	36.8894	0.470391	0.529609	4.549866	0.536127	0.331662	0.066082	0.0349393	0.0146227	0.00587741	0.000964241	0	3.218018	1.823416	0.529609	0.470391	66.59102
1940	11.5344	-22.4209	33.9553	0.812295	0.187705	2.277892	0.54144	0.329698	0.0657367	0.0349955	0.0146571	0.00600516	0.0009515	0	6.152125	1.940794	0.1877054	0.8122946	87.25583
1950	12.7903	-22.8525	35.6428	0.341581	0.658419	1.306341	0.559769	0.335359	0.0645044	0.0336651	0.0145843	0.00595108	0.000939374	0	4.464671	1.95612	0.6584191	0.3415809	90.39002
1960	12.8552	-24.322	37.1772	0.536109	0.463891	1.74279	0.55387	0.334546	0.0661633	0.0345201	0.0146935	0.00588569	0.0009298	0	2.930284	1.974596	0.4638914	0.5361086	94.31835
1970	13.12	-22.9638	36.0838	0.0656593	0.934341	2.681627	0.552272	0.325538	0.0662801	0.0348356	0.014572	0.00598661	0.000935624	0	4.023668	1.976793	0.9343407	0.06565934	94.79661
1980	9.34224	-26.731	36.0733	0.316079	0.683921	5.422116	0.535856	0.334666	0.0662344	0.0341774	0.014796	0.00597193	0.000963886	0	4.034197	1.924133	0.6839214	0.3160786	83.97173
1990	12.4377	-23.0145	35.4523	0.0653312	0.934669	3.069748	0.54255	0.327815	0.066105	0.0345183	0.0147803	0.00603123	0.000956516	0	4.655207	1.945539	0.9346688	0.0653312	88.21431
2000	11.5592	-24.8102	36.3694	0.00938132	0.990619	4.433445	0.534709	0.325545	0.065657	0.0340501	0.0148868	0.00598756	0.000955886	0	3.738056	1.962375	0.9906187	0.009381316	91.70127
2010	12.1269	-24.1827	36.3096	0.493358	0.506642	1.786283	0.534108	0.322285	0.0659565	0.0341538	0.0149704	0.00588958	0.000942678	0	3.797835	1.848475	0.5066423	0.4933577	70.5464
2020	11.9129	-24.2657	36.1786	0.181275	0.818725	0.217355	0.537274	0.330999	0.0656766	0.0345692	0.0150297	0.00602848	0.000962439	0	3.928853	1.849994	0.818725	0.181275	70.79358
2030	12.4959	-24.8144	37.3103	0.659387	0.340613	1.577733	0.534024	0.329653	0.0664572	0.0337822	0.0147692	0.00595941	0.000958279	0	2.797198	1.944177	0.3406131	0.6593869	87.938
2040	11.8312	-25.6017	37.4329	0.640076	0.359924	0.9138316	0.561125	0.335985	0.0658587	0.0336033	0.015091	0.00587801	0.000957294	0	2.674582	1.882843	0.3599236	0.6400764	76.35595
2050	11.6732	-26.1384	37.8116	0.320129	0.679871	0.9898218	0.558619	0.334274	0.0664042	0.0342528	0.0146471	0.00591316	0.00095784	0	2.295891	1.80554	0.6798711	0.3201289	63.90575
2060	12.5307	-24.5015	37.0322	0.0893351	0.910665	0.3288918	0.555346	0.335587	0.0663373	0.0338841	0.0147069	0.00587057	0.000922784	0	3.075296	1.994965	0.9106649	0.08933511	98.84741
2070	11.0424	-26.2536	37.296	0.678566	0.321434	0.1138666	0.558788	0.334244	0.0647667	0.0337287	0.0147247	0.00604879	0.000957099	0	2.811474	1.879	0.3214341	0.6785659	75.68336
2080	10.4893	-26.939	37.4283	0.684853	0.315147	0.6405442	0.556247	0.333363	0.0650782	0.0336262	0.0149536	0.00614175	0.000961703	0	2.679142	1.705572	0.3151473	0.6848527	50.76587
2090	12.0284	-21.4924	33.5208	0.162045	0.837955	1.732019	0.550501	0.327357	0.0636661	0.0339458	0.0149875	0.00607729	0.000954993	0	6.586675	1.967939	0.8379546	0.1620454	92.88363
2100	10.2498	-23.8345	34.0843	0.204673	0.795327	4.297939	0.561057	0.322591	0.0657744	0.0339381	0.0146157	0.00599772	0.000942812	0	6.023124	1.951175	0.7953266	0.2046734	89.36665
2110	12.0838	-24.9563	37.0401	0.977315	0.0226855	2.158593	0.556806	0.321729	0.066434	0.0352649	0.0145669	0.005961	0.000920791	0	3.06739	1.94396	0.02268549	0.9773145	87.89424
2120	12.9586	-23.0886	36.0472	0.184618	0.815382	2.146778	0.549889	0.320601	0.0665238	0.0346453	0.0145662	0.0060291	0.000963549	0	4.060281	1.932531	0.815382	0.184618	85.61137
2130	12.7889	-21.8396	34.6285	0.0409227	0.959077	2.004887	0.547428	0.323683	0.0653914	0.0347375	0.0145202	0.00601929	0.000944555	0	5.478943	1.978623	0.9590773	0.04092271	95.19697
2140	9.22326	-22.8374	32.0606	0.0613719	0.938628	1.712266	0.546832	0.325811	0.0665783	0.0353158	0.0149945	0.00589262	0.000929716	0	8.046846	1.668322	0.9386281	0.06137191	46.59314
2150	11.3472	-23.0482	34.3954	0.79232	0.20768	0.3196235	0.559124	0.322014	0.0660013	0.0350642	0.0148096	0.00592524	0.000934789	0	5.712085	1.942387	0.2076796	0.7923204	87.57637
2160	11.1523	-22.4371	33.5894	0.163297	0.836703	2.491823	0.560821	0.321095	0.0663315	0.0351095	0.0147771	0.0059157	0.00093687	0	6.518052	1.872927	0.8367028	0.1632972	74.63241
2170	12.0573	-23.4703	35.5277	0.0864063	0.913594	0.9733998	0.556388	0.320666	0.0657341	0.0348645	0.0147542	0.0059335	0.00092936	0	4.579787	1.786259	0.9135937	0.08640629	61.13059
2180	12.7563	-23.2564	36.0127	0.613725	0.386275	2.222173	0.548383	0.334191	0.0664907	0.0352022	0.0150418	0.00600359	0.000940856	0	4.094764	1.975437	0.3862755	0.6137245	94.50103
2190	12.7724	-23.3094	36.0819	0.654285	0.345715	1.265367	0.534899	0.320706	0.0647598	0.0348639	0.0146497	0.00598977	0.000937263	0	4.025607	1.985973	0.3457152	0.6542848	96.82179
2200	10.8835	-26.5091	37.3925	0.0159532	0.984047	4.366444	0.546536	0.326136	0.0657116	0.0342167	0.0147193	0.006137	0.000954512	0	2.714921	1.859822	0.9840468	0.01595318	72.41396
2210	12.6433	-21.6217	34.2651	0.0474935	0.952506	1.894265	0.54119	0.323752	0.0644568	0.0350118	0.014927	0.00602162	0.000938484	0	5.84238	1.988005	0.9525065	0.04749353	97.27573
2220	13.1047	-22.389	35.4938	0.0423922	0.957608	1.991169	0.534163	0.322349	0.0635966	0.0349921	0.0146323	0.00607815	0.000941965	0	4.613709	1.958594	0.9576078	0.04239215	90.90635
2230	12.0303	-26.2819	38.3122	0.381773	0.618227	2.649194	0.545028	0.322452	0.0645605	0.035177	0.0145813	0.00596317	0.000931711	0	1.795289	1.963235	0.6182267	0.3817733	91.88289
2240	12.2946	-23.5559	35.8505	0.214701	0.785299	2.070646	0.537644	0.323589	0.0646391	0.0343176	0.0146736	0.00600576	0.000962187	0	4.256964	1.843839	0.7852987	0.2147013	69.79733
2250	12.5873	-23.8354	36.4227	0.221649	0.778351	1.833012	0.53595	0.323977	0.0654334	0.0348884	0.0151457	0.00609085	0.000931462	0	3.684773	1.86072	0.7783512	0.2216488	72.56379
2260	11.9661	-22.5411	34.5072	0.662711	0.337289	2.110303	0.543016	0.326922	0.0653096	0.0351261	0.0149243	0.00609968	0.00095398	0	5.600281	1.9375	0.3372887	0.6627113	86.59646
2270	8.55028	-21.6492	30.1995	0.910244	0.0897564	3.117655	0.553216	0.329737	0.0664304	0.0351443	0.0147104	0.00606951	0.000966544	0	9.907962	1.957334	0.08975643	0.9102436	90.64288
2280	12.9835	-23.7305	36.714	0.731429	0.268571	1.819368	0.553709	0.327101	0.0662794	0.0346957	0.015229	0.0060719	0.000963099	0	3.393512	1.99996	0.2685713	0.7314287	99.99088
2290	12.9432	-22.5358	35.479	0.376658	0.623342	2.191464	0.539957	0.330213	0.0641437	0.0346628	0.0151947	0.00586775	0.000955726	0	4.62846	1.992736	0.6233425	0.3766575	98.34138
2300	10.7198	-24.3384	35.0582	0.422039	0.577961	0.4850092	0.54594	0.325337	0.0640177	0.0347147	0.0151636	0.00592658	0.000962154	0	5.049246	1.678437	0.5779611	0.4220389	47.69105
2310	12.211	-23.9154	36.1263	0.221527	0.778473	1.392653	0.559944	0.326458	0.0640793	0.0340683	0.0148768	0.00589972	0.000945027	0	3.981139	1.803545	0.7784729	0.2215271	63.61293
2320	6.52919	-27.579	34.1082	0.0574066	0.942593	0.7435952	0.546923	0.334137	0.0644142	0.0350739	0.0148635	0.00611197	0.000947204	0	5.999262	1.119991	0.9425934	0.05740658	13.18228
2330	8.8413	-24.064	32.9053	0.612744	0.387256	4.884439	0.554745	0.326324	0.0653573	0.0352716	0.0150331	0.00602719	0.000957826	0	7.202141	1.991267	0.3872563	0.6127437	98.00912
2340	10.0394	-25.5265	35.5659	0.277327	0.722673	4.355018	0.561803	0.322424	0.0656092	0.0345968	0.0152591	0.00608493	0.000948108	0	4.541529	1.851908	0.7226731	0.2773269	71.10632
2350	12.2425	-23.4807	35.7233	0.116135	0.883865	1.385283	0.544824	0.330857	0.0652737	0.0345241	0.0151221	0.00600662	0.000932357	0	4.384216	1.801493	0.8838654	0.1161346	63.31303
2360	10.4568	-27.3524	37.8092	0.107246	0.892754	2.164054	0.537664	0.336826	0.0649117	0.0349374	0.014882	0.00586622	0.000950889	0	2.298248	1.590771	0.8927544	0.1072456	38.97365
2370	12.5026	-22.3288	34.8314	0.232552	0.767448	1.174033	0.549306	0.327193	0.0650701	0.034526	0.0150499	0.00590355	0.000956626	0	5.276041	1.944097	0.7674478	0.2325522	87.92181
2380	12.4751	-24.0114	36.4865	0.633694	0.366306	1.575707	0.554594	0.329752	0.0642523	0.0344072	0.0150266	0.00610346	0.000943126	0	3.621013	1.915286	0.3663063	0.6336937	82.27838
2390	10.9597	-25.0896	36.0493	0.517687	0.482313	0.2545947	0.559825	0.3267	0.0639099	0.0346507	0.0150953	0.00587758	0.000924771	0	4.058125	1.742861	0.4823129	0.5176871	55.31724
2400	11.9269	-23.8381	35.765	0.780236	0.219764	0.3997894	0.561544	0.328199	0.0635599	0.0340716	0.0151279	0.00600566	0.000927479	0	4.342437	1.967354	0.2197639	0.7802361	92.7586
2410	10.431	-23.8209	34.2519	0.0171026	0.982897	0.1184135	0.553365	0.33286	0.0655743	0.0339829	0.014913	0.00606753	0.000931503	0	5.855552	1.621668	0.9828974	0.01710263	41.84736
2420	10.2008	-23.3355	33.5363	0.944688	0.0553119	0.8482805	0.547142	0.326366	0.0661662	0.0341222	0.0145811	0.00602796	0.000965672	0	6.571143	1.768418	0.05531191	0.9446881	58.67032
2430	12.8127	-25.2564	38.0691	0.131347	0.868653	1.182604	0.542017	0.331105	0.0665722	0.0341878	0.0152398	0.00596619	0.000945765	0	2.038361	1.985693	0.8686531	0.1313469	96.7593
2440	11.6116	-24.8223	36.4339	0.991785	0.00821506	3.732895	0.561767	0.329589	0.066504	0.0337239	0.0152463	0.00590694	0.000956728	0	3.673541	1.99643	0.008215064	0.9917849	99.18126
2450	12.7373	-23.0645	35.8017	0.00404055	0.995959	1.820225	0.550144	0.321099	0.065997	0.0336029	0.015264	0.00613088	0.000960405	0	4.305726	1.849317	0.9959594	0.004040554	70.68331
2460	11.7039	-21.6041	33.3081	0.291109	0.708891	2.461398	0.559095	0.325372	0.0648662	0.0350279	0.0150598	0.00614008	0.000933795	0	6.79941	1.990157	0.7088913	0.2911087	97.75898
2470	10.1186	-25.0982	35.2167	0.730644	0.269356	1.389935	0.55011	0.323304	0.0633112	0.0345241	0.0146012	0.0059092	0.000925826	0	4.890734	1.657869	0.2693556	0.7306444	45.48504
2480	11.7251	-23.8983	35.6234	0.809038	0.190962	2.676418	0.543197	0.328793	0.0641553	0.0336375	0.0147423	0.00588306	0.00093944	0	4.484105	1.911804	0.1909615	0.8090385	81.62141
2490	12.1502	-24.7578	36.908	0.371427	0.628573	2.041888	0.537741	0.326551	0.0646066	0.0336622	0.0148194	0.00586693	0.000952279	0	3.199495	1.835794	0.6285726	0.3714274	68.51636
2500	12.1123	-22.8836	34.9959	0.728691	0.271309	2.293981	0.534253	0.322134	0.0649397	0.0342048	0.0146119	0.00614603	0.00093869	0	5.111613	1.948011	0.2713089	0.7286911	88.71794
2510	12.2939	-24.3102	36.6041	0.707434	0.292566	0.6089878	0.558102	0.322005	0.0661903	0.0336375	0.0147118	0.00611801	0.000960946	0	3.503405	1.977576	0.2925662	0.7074338	94.9678
2520	11.7961	-25.9041	37.7003	0.114256	0.885744	1.257798	0.541266	0.32478	0.0655898	0.0337989	0.0148848	0.00611547	0.000959251	0	2.407214	1.724966	0.8857444	0.1142556	53.08425
2530	11.9403	-25.1898	37.1301	0.768969	0.231031	3.281423	0.536956	0.331483	0.0663762	0.0336372	0.0148646	0.00593633	0.000954198	0	2.977413	1.971661	0.2310306	0.7689694	93.68303
2540	11.0813	-23.0898	34.171	0.24548	0.75452	3.123096	0.538663	0.329464	0.0655465	0.0345424	0.014626	0.00606289	0.000960552	0	5.936451	1.888232	0.7545195	0.2454805	77.3093
2550	12.1782	-23.205	35.3833	0.439027	0.560973	3.171492	0.542796	0.325399	0.065513	0.033995	0.0146357	0.00602985	0.000926347	0	4.724214	1.984451	0.5609733	0.4390267	96.48311
2560	12.3214	-23.6817	36.0031	0.130746	0.869254	1.263012	0.548006	0.331236	0.0636472	0.0341318	0.0148975	0.005966	0.000963556	0	4.104364	1.799083	0.8692537	0.1307463	62.96261
2570	11.6486	-26.0529	37.7015	0.0496005	0.950399	0.6343865	0.555563	0.325562	0.0635748	0.0347578	0.0150801	0.00597793	0.000925551	0	2.405928	1.727309	0.9503995	0.04960052	53.37142
2580	10.663	-25.8203	36.4833	0.502271	0.497729	0.859636	0.55178	0.327146	0.0638635	0.0339276	0.0152517	0.00598706	0.00094002	0	3.624126	1.636315	0.4977294	0.5022706	43.28274
2590	12.3208	-23.6042	35.9249	0.545514	0.454486	0.9122761	0.534098	0.332824	0.0664639	0.0338843	0.0148332	0.00593201	0.00094331	0	4.182533	1.918824	0.4544862	0.5455138	82.95146
2600	7.73184	-25.7005	33.4323	0.734468	0.265532	0.1488257	0.557781	0.328969	0.0648845	0.0351801	0.0152361	0.00589171	0.000967155	0	6.675174	1.426718	0.265532	0.734468	26.71273
2610	11.5171	-25.1004	36.6175	0.943343	0.0566572	1.981719	0.558319	0.331019	0.0657806	0.0352309	0.0152546	0.00597561	0.000967275	0	3.489996	1.84439	0.05665717	0.9433428	69.88593
2620	9.97025	-27.8337	37.804	0.307168	0.692832	1.04195	0.546229	0.334724	0.0654863	0.034485	0.0150418	0.00597782	0.000965284	0	2.303492	1.529526	0.6928316	0.3071684	33.84746
2630	10.72	-27.256	37.976	0.296022	0.703978	4.477544	0.551611	0.336172	0.0662037	0.0341463	0.0148348	0.00586052	0.000943721	0	2.131442	1.942931	0.7039783	0.2960217	87.68608
2640	11.4747	-25.4718	36.9465	0.9211	0.0788997	3.123684	0.558442	0.327621	0.0663239	0.0344113	0.0150468	0.0059918	0.000952637	0	3.160926	1.922185	0.07889966	0.9211003	83.59581
2650	12.1199	-24.6311	36.751	0.844216	0.155784	1.702245	0.549813	0.333625	0.0660608	0.033932	0.0151011	0.00588245	0.000966356	0	3.356441	1.898193	0.1557844	0.8442156	79.10299
2660	11.404	-23.5987	35.0026	0.37558	0.62442	2.020825	0.551039	0.334704	0.0643418	0.0348297	0.0148524	0.00603939	0.000967537	0	5.104819	1.788155	0.6244197	0.3755803	61.39812
2670	12.2406	-22.2369	34.4775	0.0340804	0.96592	1.016423	0.559584	0.327743	0.0658544	0.0339648	0.0152325	0.00598429	0.000962684	0	5.629929	1.890453	0.9659196	0.03408044	77.70577
2680	11.4237	-25.0097	36.4334	0.798505	0.201495	3.74355	0.556786	0.330368	0.0661043	0.0350951	0.0150588	0.00601421	0.000967496	0	3.67406	1.957985	0.2014951	0.7985049	90.77896
2690	9.09924	-28.2921	37.3913	0.460932	0.539068	4.578705	0.559006	0.336603	0.0660181	0.034904	0.0150197	0.00608656	0.000963798	0	2.716122	1.788544	0.5390677	0.4609323	61.45311
2700	11.6301	-26.0126	37.6427	0.796189	0.203811	1.80602	0.543622	0.333608	0.0634934	0.034708	0.0150203	0.00599162	0.000948044	0	2.46481	1.879277	0.203811	0.796189	75.73163
2710	12.3116	-22.6889	35.0005	0.217239	0.782761	1.349297	0.53598	0.335908	0.0648003	0.0341424	0.0146702	0.00600068	0.000954984	0	5.10694	1.882072	0.7827614	0.2172386	76.22049
2720	12.1107	-24.6925	36.8032	0.288556	0.711444	1.545585	0.553357	0.327267	0.0642407	0.0341963	0.0145801	0.00595486	0.000961594	0	3.304238	1.793364	0.7114438	0.2885562	62.13891
2730	11.8547	-23.8139	35.6686	0.579728	0.420272	3.674289	0.540594	0.32797	0.06619	0.03454	0.0147511	0.00603132	0.000960896	0	4.438872	1.995973	0.4202723	0.5797277	99.07696
2740	10.3654	-23.2523	33.6176	0.755911	0.244089	1.403406	0.550877	0.337025	0.0652086	0.0339569	0.0146383	0.00604331	0.000935863	0	6.489844	1.771276	0.2440894	0.7559106	59.05765
2750	11.7757	-25.7363	37.5121	0.721314	0.278686	1.07817	0.546834	0.330094	0.0658937	0.0342279	0.0148271	0.00613135	0.000926302	0	2.595388	1.893862	0.2786857	0.7213143	78.31801
2760	10.2069	-27.9553	38.1622	0.588328	0.411672	0.3634734	0.535398	0.334932	0.0633983	0.0342771	0.0148283	0.00613931	0.000926332	0	1.945261	1.796958	0.4116722	0.5883278	62.65538
2770	9.05309	-24.748	33.801	0.78106	0.21894	1.553809	0.544851	0.330086	0.0645972	0.0348536	0.0145211	0.00595057	0.000923441	0	6.306424	1.618983	0.2189403	0.7810597	41.58946
2780	12.9156	-24.747	37.6626	0.271471	0.728529	1.605255	0.551572	0.332871	0.0651812	0.0349377	0.0148814	0.00593759	0.000962613	0	2.444879	1.950855	0.7285291	0.2714709	89.30074
2790	12.527	-24.8747	37.4017	0.105833	0.894167	2.956741	0.541454	0.331394	0.0633884	0.0349569	0.01522	0.00603116	0.000967853	0	2.705777	1.894766	0.8941667	0.1058333	78.48132
2800	10.3879	-23.727	34.1149	0.973371	0.0266293	2.424309	0.54003	0.325661	0.0637731	0.0344587	0.0149871	0.00599803	0.000965787	0	5.992605	1.81548	0.02662932	0.9733707	65.38522
2810	10.5791	-25.9096	36.4887	0.578319	0.421681	2.973435	0.549593	0.333097	0.0638612	0.0337284	0.0149949	0.00593892	0.000956305	0	3.618788	1.762995	0.421681	0.578319	57.94222
2820	11.591	-26.0992	37.6902	0.904066	0.0959337	0.5666766	0.545086	0.334813	0.0650034	0.0346421	0.015187	0.00591482	0.000943639	0	2.417253	1.993083	0.09593368	0.9040663	98.41988
2830	11.1351	-26.365	37.5002	0.0261565	0.973844	1.504826	0.546686	0.337167	0.0650349	0.0341386	0.0150144	0.00597105	0.000932874	0	2.607307	1.591531	0.9738435	0.02615649	39.04188
2840	11.8636	-21.8979	33.7615	0.192684	0.807316	2.819788	0.56152	0.333014	0.0654368	0.0336954	0.0149247	0.00614942	0.000948879	0	6.345949	1.987834	0.807316	0.192684	97.23761
2850	12.9463	-23.3012	36.2475	0.145653	0.854347	1.016809	0.555669	0.335143	0.0638264	0.034652	0.0145477	0.00614909	0.000931783	0	3.860015	1.941649	0.8543472	0.1456528	87.42777
2860	9.34969	-24.9491	34.2988	0.0760478	0.923952	4.248135	0.561528	0.335084	0.0637872	0.0340951	0.0146426	0.00614255	0.000943198	0	5.808655	1.808786	0.9239522	0.07604779	64.38522
2870	12.0261	-21.7292	33.7553	0.558277	0.441723	1.34956	0.547812	0.329019	0.0635411	0.0341183	0.0146507	0.0060865	0.000959048	0	6.352169	1.993298	0.4417229	0.5582771	98.46856
2880	8.894	-21.9529	30.8469	0.499963	0.500037	0.4309888	0.533897	0.32676	0.0634661	0.0351643	0.0148186	0.00600913	0.000937518	0	9.260522	1.815535	0.5000374	0.4999626	65.39353
2890	10.5799	-23.5407	34.1207	0.325236	0.674764	3.465306	0.541173	0.32384	0.0638174	0.0351485	0.0148759	0.00613708	0.000933537	0	5.986793	1.885063	0.6747637	0.3252363	76.74735
2900	11.5916	-22.6512	34.2428	0.446177	0.553823	0.4474277	0.559736	0.322814	0.0657848	0.0349708	0.0147643	0.00613235	0.00093745	0	5.864624	1.940723	0.5538231	0.4461769	87.24141
2910	9.03201	-27.1859	36.2179	0.0658791	0.934121	3.557825	0.561293	0.321263	0.0665358	0.0344197	0.0147301	0.00603765	0.000955552	0	3.88957	1.58241	0.9341209	0.06587908	38.23049
2920	11.1396	-22.9453	34.0849	0.539602	0.460398	3.1706	0.561593	0.32683	0.0660264	0.0353239	0.0146363	0.00612317	0.000928104	0	6.022555	1.942638	0.4603982	0.5396018	87.6271
2930	12.7979	-23.413	36.2109	0.539675	0.460325	1.330963	0.5533	0.323293	0.0665449	0.035323	0.01517	0.00611144	0.000937165	0	3.896585	1.963486	0.4603247	0.5396753	91.93616
2940	10.6851	-27.756	38.4411	0.657305	0.342695	0.8115355	0.541117	0.326138	0.0649625	0.0350946	0.0149255	0.00610231	0.000962949	0	1.66638	1.900608	0.3426949	0.6573051	79.54405
2950	10.5052	-22.9686	33.4738	0.0176042	0.982396	2.092229	0.541318	0.328315	0.0643832	0.0350706	0.0146161	0.00613294	0.000925763	0	6.633662	1.734212	0.9823958	0.01760418	54.22656
2960	11.2994	-24.0063	35.3057	0.920851	0.0791493	1.010592	0.538367	0.327082	0.0636288	0.0347993	0.0146962	0.00610451	0.000949169	0	4.801753	1.822867	0.07914934	0.9208507	66.5069
2970	11.187	-26.5911	37.7781	0.413968	0.586032	1.016706	0.547996	0.331256	0.0646876	0.0343416	0.0146222	0.00615053	0.000962708	0	2.329369	1.745204	0.5860316	0.4139684	55.6166
2980	12.0349	-24.9197	36.9546	0.42067	0.57933	0.3747199	0.535981	0.333815	0.0655084	0.0344588	0.0149983	0.00601743	0.000931659	0	3.152901	1.934568	0.57933	0.42067	86.01375
2990	13.006	-24.2307	37.2367	0.0446426	0.955357	2.946988	0.537596	0.330427	0.0665807	0.0347227	0.0146496	0.00601844	0.000943503	0	2.870799	1.954114	0.9553574	0.04464263	89.97333
3000	11.1826	-24.0893	35.2719	0.276346	0.723654	0.2870191	0.554402	0.33313	0.0651512	0.0348798	0.0145805	0.00606278	0.000925978	0	4.835603	1.751404	0.7236543	0.2763457	56.41625
3010	11.2299	-24.3601	35.5899	0.430061	0.569939	0.1580447	0.550071	0.324697	0.0633678	0.0349248	0.0149265	0.00603591	0.000924988	0	4.517543	1.80736	0.5699394	0.4300606	64.17408
3020	11.2255	-22.3293	33.5548	0.282288	0.717712	1.394161	0.557508	0.32842	0.0643389	0.0339174	0.0146177	0.0059357	0.000924074	0	6.552628	1.84653	0.7177117	0.2822883	70.23118
3030	11.1292	-26.2532	37.3823	0.677981	0.322019	3.404475	0.545183	0.324996	0.0665145	0.0341993	0.0151891	0.00603636	0.000938425	0	2.725138	1.891865	0.322019	0.677981	77.95877
3040	12.4618	-25.6981	38.1599	0.17182	0.82818	2.443375	0.552945	0.322391	0.0660876	0.034586	0.0152271	0.00602613	0.000922657	0	1.947542	1.926852	0.8281804	0.1718196	84.49915
3050	8.65297	-26.522	35.175	0.553419	0.446581	0.795846	0.561521	0.330682	0.0661322	0.0350603	0.0146583	0.00605969	0.000923801	0	4.932493	1.431596	0.4465814	0.5534186	27.01442
3060	11.8797	-25.7411	37.6208	0.211624	0.788376	0.4314427	0.560375	0.326286	0.0662555	0.0351161	0.0148469	0.00613776	0.000948385	0	2.486665	1.875441	0.7883764	0.2116236	75.06559
3070	12.5621	-23.687	36.2491	0.15941	0.84059	0.5042082	0.556482	0.327536	0.0648433	0.0351045	0.0151965	0.00608173	0.000941448	0	3.858343	1.943859	0.8405897	0.1594103	87.87363
3080	9.44657	-26.7565	36.203	0.655532	0.344468	2.620144	0.535877	0.322874	0.0663191	0.0348126	0.0151843	0.00589518	0.000935005	0	3.904439	1.63423	0.3444676	0.6555324	43.07546
3090	6.84419	-28.7214	35.5656	0.0381599	0.96184	1.722915	0.536914	0.336538	0.0645246	0.0351742	0.015245	0.0058624	0.000931239	0	4.541837	1.174767	0.9618401	0.03815989	14.95435
3100	10.8964	-21.8522	32.7487	0.190623	0.809377	2.397812	0.544706	0.334871	0.0660963	0.034638	0.0149291	0.00599091	0.000966071	0	7.358809	1.903422	0.8093774	0.1906226	80.06125
3110	11.3343	-24.9675	36.3019	0.415787	0.584213	1.926719	0.557083	0.321217	0.0662328	0.0339149	0.0147953	0.00594906	0.00094752	0	3.805596	1.736867	0.5842131	0.4157869	54.55903
3120	10.8392	-27.9522	38.7915	0.260053	0.739947	3.044074	0.551142	0.326688	0.0650686	0.0349379	0.0145316	0.00607166	0.00096054	0	1.31598	1.902898	0.7399469	0.2600531	79.96472
3130	11.4619	-26.4708	37.9327	0.154395	0.845605	0.5983836	0.537927	0.325996	0.0647207	0.0344584	0.01464	0.00601448	0.000938748	0	2.174739	1.778885	0.845605	0.154395	60.10145
3140	11.0469	-26.6927	37.7396	0.367554	0.632446	3.37892	0.545536	0.331043	0.0649122	0.034735	0.0147478	0.00615265	0.000964523	0	2.367888	1.837365	0.6324458	0.3675542	68.76458
3150	7.42182	-30.8083	38.2301	0.916827	0.0831727	2.76379	0.542033	0.33263	0.0665506	0.0350906	0.0148259	0.00614136	0.000964346	0	1.877325	1.611153	0.08317273	0.9168273	40.84633
3160	8.0371	-21.7149	29.752	0.923706	0.0762939	2.365829	0.539641	0.335263	0.0648709	0.0352756	0.0148122	0.0058865	0.000936029	0	10.35543	1.872742	0.0762939	0.9237061	74.60062
3170	11.8975	-24.2887	36.1861	0.50971	0.49029	2.781387	0.551353	0.332505	0.0658586	0.0350726	0.0149052	0.00589615	0.000936761	0	3.921326	1.889442	0.4902904	0.5097096	77.52504
3180	11.5963	-25.5909	37.1872	0.0850708	0.914929	3.737076	0.540938	0.323008	0.0643297	0.034856	0.0148919	0.00591383	0.00096684	0	2.920262	1.868194	0.9149292	0.08507077	73.82334
3190	11.2594	-27.4312	38.6905	0.636188	0.363812	2.593569	0.533876	0.320734	0.0649428	0.0336461	0.0146545	0.0058633	0.000967111	0	1.416957	1.998323	0.3638124	0.6361876	99.61453
3200	11.7418	-26.1896	37.9313	0.998786	0.00121443	1.529069	0.55607	0.321348	0.0651535	0.0338191	0.0151902	0.00592633	0.000961677	0	2.176118	1.968335	0.001214426	0.9987856	92.96831
3210	13.0191	-24.3619	37.381	0.0898693	0.910131	1.27583	0.535663	0.329422	0.066302	0.0341969	0.0147547	0.0059517	0.000966909	0	2.726466	1.91356	0.9101307	0.08986933	81.95208
3220	10.669	-25.7661	36.435	0.382291	0.617709	4.807786	0.558735	0.333413	0.0665653	0.033715	0.0148273	0.0060054	0.000953128	0	3.672444	1.971775	0.6177088	0.3822912	93.70755
3230	7.01015	-24.8448	31.855	0.0838073	0.916193	1.49183	0.549209	0.332188	0.0655925	0.0336247	0.0149753	0.0058917	0.000955246	0	8.252517	1.393031	0.9161927	0.08380726	24.71901
3240	12.1211	-24.4835	36.6047	0.258477	0.741523	2.358958	0.55745	0.320441	0.0665727	0.0336188	0.0149099	0.00585968	0.00096719	0	3.50281	1.825617	0.7415234	0.2584766	66.92941
3250	9.58995	-23.4205	33.0104	0.565092	0.434908	1.010399	0.549126	0.322628	0.064817	0.0342906	0.0151103	0.00586399	0.000960666	0	7.097064	1.673859	0.4349081	0.5650919	47.19101
3260	11.8319	-22.7662	34.5981	0.597611	0.402389	1.198228	0.552516	0.325053	0.0656802	0.033729	0.014759	0.00597947	0.000965613	0	5.509381	1.890913	0.4023893	0.5976107	77.78805
3270	12.6928	-23.7172	36.41	0.335613	0.664387	0.6896418	0.558559	0.324699	0.0664242	0.0344871	0.0147587	0.00599657	0.000962926	0	3.697451	1.972493	0.6643869	0.3356131	93.86278
3280	13.5403	-24.2163	37.7565	0.034984	0.965016	2.004265	0.54109	0.320902	0.066522	0.0349604	0.015149	0.00610593	0.000960853	0	2.350922	1.992607	0.965016	0.03498397	98.31213
3290	10.0403	-25.8958	35.9361	0.934408	0.0655915	4.187889	0.534147	0.328099	0.0663184	0.0342263	0.0150585	0.00615723	0.000940933	0	4.171384	1.896159	0.06559154	0.9344085	78.73347
3300	12.5379	-24.1167	36.6546	0.559643	0.440357	1.511907	0.551169	0.335694	0.0649875	0.0346077	0.015244	0.0061589	0.00094372	0	3.452903	1.911379	0.4403565	0.5596435	81.54158
3310	12.6866	-22.8326	35.5192	0.0344436	0.965556	1.272357	0.548963	0.331288	0.0659341	0.0339838	0.0151727	0.0061557	0.000957457	0	4.588267	1.867298	0.9655564	0.03444364	73.67118
3320	5.79253	-25.2195	31.012	0.0314765	0.968523	5.855506	0.540186	0.334501	0.0665146	0.0339409	0.0146925	0.00607549	0.000925303	0	9.095447	1.936596	0.9685235	0.03147652	86.41639
3330	12.3237	-23.6459	35.9696	0.37147	0.62853	1.234558	0.547207	0.330085	0.0658551	0.034377	0.0146994	0.00595719	0.000943888	0	4.137847	1.863657	0.6285296	0.3714704	73.05617
3340	10.1093	-28.1612	38.2705	0.102787	0.897213	1.390726	0.540829	0.334903	0.0651084	0.0341374	0.0150186	0.00607404	0.000944854	0	1.836992	1.535701	0.8972135	0.1027865	34.33215
3350	13.1658	-23.7648	36.9305	0.0685527	0.931447	1.501763	0.558023	0.322931	0.0649398	0.0345498	0.0145967	0.00605287	0.000945591	0	3.176922	1.915389	0.9314473	0.06855268	82.29787
3360	11.0169	-26.723	37.7399	0.812102	0.187898	2.858426	0.547004	0.331857	0.0662052	0.0346193	0.0147855	0.00611305	0.000948666	0	2.367552	1.875984	0.1878983	0.8121017	75.1595
3370	12.6668	-22.4961	35.1629	0.163039	0.836961	0.8402159	0.540079	0.332598	0.0662027	0.0342791	0.0147568	0.00592232	0.000959478	0	4.944544	1.973728	0.8369612	0.1630388	94.13005
3380	11.9196	-26.1973	38.1169	0.309835	0.690165	1.157224	0.539126	0.326408	0.0652359	0.0340228	0.0147404	0.00615612	0.000967789	0	1.990588	1.876332	0.6901653	0.3098347	75.21972
3390	12.4882	-23.6903	36.1785	0.53378	0.46622	0.6712088	0.541503	0.336426	0.0658846	0.0351232	0.0150513	0.0059131	0.00095524	0	3.928951	1.975895	0.4662199	0.5337801	94.60094
3400	12.2574	-22.0163	34.2737	0.211684	0.788316	1.517089	0.555049	0.334508	0.0641183	0.0352466	0.0151186	0.00593655	0.000938513	0	5.833776	1.939247	0.7883165	0.2116835	86.94544
3410	11.6141	-22.4321	34.0463	0.556717	0.443283	0.7909608	0.557043	0.328424	0.063395	0.0352884	0.0145549	0.0059857	0.000948189	0	6.061214	1.926972	0.4432826	0.5567174	84.52246
3420	12.6674	-23.6914	36.3588	0.602082	0.397918	1.432106	0.549194	0.321178	0.0641492	0.0350031	0.0146009	0.00604468	0.000968464	0	3.748636	1.939927	0.397918	0.602082	87.0818
3430	12.1468	-26.3812	38.528	0.169242	0.830758	2.814589	0.55447	0.326497	0.0652418	0.0350084	0.0147623	0.00591558	0.00095295	0	1.57947	1.96883	0.8307584	0.1692416	93.07426
3440	11.4503	-26.2288	37.6791	0.379281	0.620719	0.2754	0.547285	0.321444	0.0642506	0.0347591	0.0150685	0.00588852	0.000922956	0	2.428323	1.900102	0.6207193	0.3792807	79.45141
3450	11.5459	-22.7676	34.3135	0.123071	0.876929	1.036189	0.548854	0.326153	0.0633801	0.0347757	0.0151158	0.00590624	0.000934332	0	5.793942	1.795604	0.876929	0.123071	62.46028
3460	9.95646	-22.3381	32.2945	0.493384	0.506616	0.6697202	0.540189	0.336231	0.0649055	0.0345861	0.0147639	0.00600878	0.00092239	0	7.812929	1.812225	0.5066156	0.4933844	64.89702
3470	12.0617	-24.3768	36.4385	0.0603763	0.939624	2.274311	0.534665	0.336867	0.0660352	0.0339874	0.0148573	0.00605745	0.000921802	0	3.668977	1.779266	0.9396237	0.06037626	60.15416
3480	11.8289	-24.0598	35.8887	0.432042	0.567958	2.91213	0.537869	0.327507	0.066514	0.0337809	0.0152594	0.00603317	0.000953603	0	4.21872	1.883417	0.5679577	0.4320423	76.45697
3490	11.8395	-26.4345	38.274	0.250326	0.749674	3.429853	0.544503	0.329701	0.0659909	0.0350397	0.0150569	0.00596617	0.000944722	0	1.833456	1.9589	0.7496739	0.2503261	90.97043
3500	10.0965	-24.3931	34.4896	0.618117	0.381883	2.837458	0.534599	0.32652	0.064031	0.0351348	0.014967	0.00603059	0.000945804	0	5.617826	1.77031	0.3818827	0.6181173	58.92647
3510	12.3598	-23.8918	36.2515	0.0362151	0.963785	2.746669	0.54906	0.320987	0.0636521	0.0351218	0.0149348	0.00611988	0.000949172	0	3.855932	1.853732	0.9637849	0.03621506	71.40563
3520	11.2065	-22.963	34.1695	0.998813	0.00118739	0.5765667	0.553025	0.335369	0.064764	0.0352045	0.0148213	0.00595581	0.000950042	0	5.937966	1.908979	0.001187389	0.9988126	81.09224
3530	10.9362	-26.5906	37.5268	0.0614169	0.938583	4.717073	0.556038	0.336104	0.0637189	0.0352575	0.0150978	0.00598448	0.000940917	0	2.580665	1.929013	0.9385831	0.06141692	84.92068
3540	11.8742	-22.8547	34.7289	0.646147	0.353853	2.584472	0.538115	0.337055	0.0636186	0.0345804	0.015095	0.00602163	0.000929107	0	5.378547	1.945764	0.3538529	0.6461471	88.26008
3550	12.6945	-25.1414	37.8359	0.345209	0.654791	1.151243	0.545002	0.33246	0.0641984	0.0340945	0.0150995	0.00596633	0.000956414	0	2.271568	1.988391	0.6547909	0.3452091	97.36233
3560	12.3522	-22.2192	34.5714	0.299819	0.700181	1.584594	0.540088	0.325286	0.066581	0.034196	0.0151186	0.00592386	0.000948426	0	5.536101	1.938518	0.7001813	0.2998187	86.79967
3570	12.2961	-26.1216	38.4176	0.052892	0.947108	0.9970833	0.538107	0.328823	0.0641264	0.0339272	0.0152474	0.00610645	0.000934102	0	1.689865	1.971521	0.947108	0.05289199	93.65283
3580	10.4755	-24.9947	35.4702	0.734588	0.265412	3.700211	0.54424	0.325995	0.0636283	0.0339275	0.0149107	0.00609013	0.000958231	0	4.637254	1.871939	0.2654119	0.7345881	74.46274
3590	11.5639	-23.2619	34.8258	0.393534	0.606466	2.916662	0.544239	0.327261	0.063714	0.0349039	0.0149685	0.00601828	0.000947928	0	5.281629	1.901143	0.606466	0.393534	79.64209
3600	10.9549	-22.3708	33.3256	0.544112	0.455888	0.1525551	0.549795	0.334767	0.0655055	0.0350606	0.0145983	0.00588568	0.000943518	0	6.781839	1.981245	0.4558885	0.5441115	95.77344
3610	11.9298	-25.6906	37.6204	0.00167272	0.998327	0.04550376	0.551782	0.330989	0.0653816	0.0348998	0.0147664	0.00601652	0.000958628	0	2.487045	1.966001	0.9983273	0.001672725	92.46993
3620	11.6002	-24.6219	36.2221	0.0939327	0.906067	0.03082864	0.554639	0.321873	0.0648958	0.0352746	0.0145698	0.00603035	0.000956284	0	3.885358	1.793458	0.9060673	0.09393271	62.15244
3630	9.84383	-24.963	34.8068	0.390159	0.609841	0.003243294	0.557204	0.321998	0.0640789	0.0342536	0.0147293	0.00599535	0.000930632	0	5.300662	1.589696	0.6098405	0.3901595	38.87731
3640	11.0323	-22.905	33.9372	0.720042	0.279958	0.05992351	0.551723	0.323236	0.0650207	0.033609	0.0147703	0.0060122	0.000932833	0	6.170244	1.970929	0.2799584	0.7200416	93.52528
3650	11.4511	-24.721	36.1721	0.0574299	0.94257	0.01639527	0.556414	0.321891	0.064936	0.0339993	0.0147124	0.00606026	0.000931733	0	3.935397	1.751867	0.9425701	0.05742987	56.47635
3660	10.8465	-22.5874	33.4339	0.832209	0.167791	0.1096493	0.546555	0.323854	0.0634801	0.0346644	0.0150111	0.00603036	0.000926436	0	6.673571	1.984497	0.1677907	0.8322093	96.4932
3670	11.503	-22.6516	34.1545	0.0366962	0.963304	0.1004198	0.548505	0.336142	0.0653163	0.0345897	0.0151712	0.00605443	0.000968107	0	5.952958	1.922154	0.9633038	0.03669616	83.58985
3680	11.7286	-24.0105	35.7391	0.280837	0.719163	0.01780408	0.555413	0.328833	0.064942	0.0351724	0.0150386	0.00597222	0.000952216	0	4.368372	1.922674	0.7191631	0.2808369	83.69002
3690	11.4997	-23.2563	34.756	0.439084	0.560916	0.001950102	0.557959	0.320696	0.0638403	0.0347028	0.0145178	0.00602802	0.000968408	0	5.351467	1.975641	0.5609156	0.4390844	94.54547
3700	10.5856	-25.9199	36.5055	0.622254	0.377746	0.004257184	0.553553	0.325771	0.0644493	0.0348087	0.0145991	0.00596615	0.000959736	0	3.601966	1.739442	0.3777458	0.6222542	54.88356
3710	10.5205	-25.2054	35.7259	0.819714	0.180286	0.07847151	0.538196	0.321041	0.0651565	0.0342255	0.0148421	0.00590553	0.000923501	0	4.381582	1.766959	0.1802863	0.8197137	58.47352
3720	12.1441	-24.1776	36.3217	0.56753	0.43247	0.8010132	0.541077	0.33228	0.0643226	0.0348113	0.0151314	0.00586874	0.000923301	0	3.785808	1.899237	0.43247	0.56753	79.2934
3730	12.6247	-25.2805	37.9052	0.368869	0.631131	1.734742	0.536103	0.331126	0.0647569	0.0345298	0.0152579	0.00598529	0.000925994	0	2.202227	1.956009	0.631131	0.368869	90.3669
3740	9.65252	-28.7307	38.3832	0.738365	0.261635	0.5558139	0.537412	0.328853	0.0659606	0.033951	0.0151199	0.00590731	0.000924336	0	1.724244	1.786047	0.2616355	0.7383645	61.10082
3750	12.9975	-24.9906	37.9881	0.124986	0.875014	1.500891	0.536073	0.335296	0.0637059	0.0336506	0.0150309	0.00589645	0.000938886	0	2.119337	1.975758	0.8750141	0.1249859	94.57109
3760	11.1364	-24.0744	35.2109	0.973916	0.0260842	0.9121977	0.543743	0.326911	0.0637521	0.0345054	0.0149222	0.00586997	0.000925217	0	4.896581	1.820042	0.02608422	0.9739158	66.07568
3770	10.7273	-22.3496	33.0769	0.468831	0.531169	3.118803	0.533802	0.325745	0.0649079	0.0343119	0.0148853	0.00594333	0.000923834	0	7.030573	1.958465	0.531169	0.468831	90.87923
3780	12.3579	-24.0432	36.4011	0.0158095	0.984191	3.582652	0.54519	0.323054	0.066311	0.0350973	0.0147546	0.00601456	0.000933057	0	3.706363	1.94739	0.9841905	0.0158095	88.59102
3790	10.3992	-25.2161	35.6153	0.197283	0.802717	2.6981	0.561108	0.325437	0.0659154	0.0352746	0.0151033	0.00593816	0.000924311	0	4.49214	1.674819	0.8027169	0.1972831	47.29545
3800	11.3838	-22.4676	33.8514	0.260556	0.739444	1.994011	0.558846	0.32515	0.0658574	0.0343704	0.0151345	0.00588737	0.000921019	0	6.256033	1.860652	0.7394438	0.2605562	72.5524
3810	12.2205	-25.3372	37.5577	0.526166	0.473834	3.079748	0.552289	0.331576	0.0653577	0.0338554	0.015034	0.00587598	0.000938983	0	2.549759	1.967912	0.4738337	0.5261663	92.87785
3820	10.1755	-26.4936	36.6691	0.0702323	0.929768	0.7934998	0.552973	0.320458	0.0643209	0.0343841	0.0146271	0.00593636	0.000949447	0	3.438384	1.44026	0.9297677	0.07023225	27.55879
3830	8.76104	-30.3291	39.0902	0.2588	0.7412	5.006725	0.559122	0.330187	0.0646616	0.0352457	0.0147084	0.00601741	0.000955316	0	1.017317	1.976862	0.7411996	0.2588004	94.81175
3840	10.1665	-26.889	37.0555	0.226791	0.773209	2.881473	0.545791	0.332892	0.0658268	0.0349115	0.0152402	0.00610263	0.000948238	0	3.051964	1.635474	0.7732091	0.2267909	43.19904
3850	12.5091	-22.2794	34.7886	0.30912	0.69088	1.34612	0.550719	0.329039	0.064329	0.0348478	0.0149355	0.00597352	0.000947632	0	5.318909	1.955317	0.6908803	0.3091197	90.22293
3860	12.4099	-24.5007	36.9106	0.769766	0.230234	1.227943	0.546519	0.332334	0.0649844	0.0347887	0.0151047	0.00588883	0.000942732	0	3.196884	1.947735	0.230234	0.769766	88.66144
3870	8.42964	-25.2103	33.64	0.994454	0.00554616	0.9362223	0.56151	0.328401	0.0662313	0.0350973	0.0151537	0.00594492	0.000928865	0	6.467492	1.560962	0.005546159	0.9944538	36.38836
3880	8.93764	-26.7902	35.7278	0.511338	0.488662	1.539961	0.537549	0.322662	0.0650334	0.0352768	0.0151236	0.0058636	0.000936947	0	4.379626	1.471836	0.4886618	0.5113382	29.63713
3890	8.3352	-21.1111	29.4463	0.126727	0.873273	1.367994	0.537294	0.328991	0.066442	0.0351925	0.0150624	0.0059248	0.000925652	0	10.66118	1.839958	0.8732734	0.1267266	69.17636
3900	12.5777	-25.1831	37.7608	0.545642	0.454358	2.190774	0.539039	0.332981	0.0654795	0.0351294	0.0146295	0.00589679	0.000958925	0	2.346649	1.974313	0.4543579	0.5456421	94.25697
3910	11.8836	-24.6069	36.4905	0.117059	0.882941	0.4248678	0.535311	0.336215	0.0660182	0.0353333	0.0145031	0.00612537	0.000925103	0	3.61699	1.782404	0.8829408	0.1170592	60.59042
3920	12.3848	-22.0537	34.4385	0.404426	0.595574	1.942885	0.534114	0.335976	0.0656232	0.034467	0.0145484	0.0059743	0.000922036	0	5.669005	1.982809	0.5955738	0.4044262	96.11891
3930	12.8513	-25.2223	38.0736	0.14409	0.85591	1.888281	0.533932	0.330515	0.0638988	0.0340326	0.0147831	0.00608847	0.000938751	0	2.033914	1.954039	0.8559104	0.1440896	89.9579
3940	13.5791	-23.8838	37.4629	0.0647946	0.935205	2.19899	0.540211	0.327501	0.0635064	0.0342095	0.0145242	0.00604576	0.000959429	0	2.644565	1.999499	0.9352054	0.06479458	99.88463
3950	12.1483	-23.7815	35.9298	0.956857	0.0431429	1.74596	0.547736	0.322444	0.0645048	0.0351743	0.0145704	0.00606474	0.000959445	0	4.177663	1.918429	0.04314294	0.9568571	82.8761
3960	12.7453	-24.2843	37.0296	0.288311	0.711689	1.221769	0.555567	0.326636	0.0656098	0.0346347	0.0145776	0.0059409	0.000926618	0	3.077915	1.918797	0.711689	0.288311	82.94635
3970	11.4007	-25.625	37.0257	0.387986	0.612014	4.153701	0.542094	0.329892	0.0665446	0.0346913	0.0145835	0.005935	0.000957498	0	3.081791	1.958841	0.6120135	0.3879865	90.95802
3980	5.3533	-26.9728	32.3261	0.412	0.588	5.405263	0.535054	0.325826	0.0662767	0.0339115	0.0145721	0.00594213	0.000922724	0	7.781406	1.757342	0.5880002	0.4119998	57.19285
3990	12.7814	-24.7411	37.5226	0.464702	0.535298	2.36822	0.546821	0.32156	0.0651101	0.0339431	0.0148983	0.00608027	0.000963793	0	2.584903	1.969838	0.5352984	0.4647016	93.29056
4000	11.2973	-25.0883	36.3856	0.842989	0.157011	2.129258	0.538997	0.322835	0.06395	0.0346428	0.0152378	0.00591555	0.00094039	0	3.721873	1.815998	0.1570109	0.8429891	65.46335
4010	11.3206	-25.6854	37.006	0.286577	0.713423	0.5071691	0.535697	0.33015	0.0642931	0.0349986	0.0150393	0.00596195	0.000928916	0	3.101484	1.716402	0.7134226	0.2865774	52.04775
4020	9.85881	-27.5468	37.4056	0.908552	0.0914481	0.2179235	0.553929	0.333191	0.0648875	0.0345976	0.0150423	0.00609811	0.000928379	0	2.701868	1.733325	0.0914481	0.9085519	54.11587
4030	10.3375	-24.9032	35.2407	0.919408	0.0805921	0.06380692	0.536458	0.325279	0.0648039	0.0352996	0.0150544	0.00590343	0.00093341	0	4.86676	1.764602	0.08059215	0.9194079	58.15706
4040	13.0043	-23.9728	36.977	0.263926	0.736074	1.171019	0.548759	0.335791	0.0635295	0.0351682	0.0148708	0.00591438	0.000954705	0	3.130456	1.955973	0.7360741	0.2639259	90.35926
4050	12.1869	-24.5939	36.7808	0.266653	0.733347	3.373922	0.538459	0.331066	0.0653154	0.0349224	0.0147668	0.00591581	0.000948053	0	3.326642	1.935884	0.7333466	0.2666534	86.27473
4060	13.0546	-23.5793	36.6339	0.296474	0.703526	1.477626	0.556448	0.321203	0.0649779	0.033815	0.0151628	0.00598835	0.000948146	0	3.473547	1.948436	0.7035264	0.2964736	88.80472
4070	12.4643	-22.7614	35.2257	0.696652	0.303348	2.111378	0.548153	0.332071	0.0649793	0.0346896	0.0148323	0.00601243	0.000945297	0	4.881758	1.970816	0.303348	0.696652	93.50103
4080	11.9888	-25.158	37.1468	0.0354143	0.964586	2.000344	0.552215	0.327231	0.0638695	0.0342569	0.0147496	0.00608603	0.000929795	0	2.960704	1.735501	0.9645857	0.03541425	54.38768
4090	11.3248	-22.1746	33.4994	0.88969	0.11031	2.167592	0.538282	0.320453	0.0640356	0.034332	0.0150854	0.0058634	0.000956931	0	6.608031	1.944017	0.1103103	0.8896897	87.90569
4100	10.8458	-28.0527	38.8985	0.377994	0.622006	3.34072	0.538909	0.326315	0.064511	0.0347164	0.0149195	0.00590915	0.000956261	0	1.208955	1.991903	0.6220063	0.3779937	98.15287
4110	10.9282	-24.5682	35.4964	0.42308	0.57692	4.383698	0.533781	0.323549	0.0652518	0.034686	0.014695	0.00597594	0.000949467	0	4.611075	1.978409	0.57692	0.42308	95.15007
4120	12.8359	-24.024	36.8598	0.149331	0.850669	2.496932	0.548326	0.32169	0.0645703	0.03432	0.01469	0.00599142	0.000947584	0	3.247618	1.912688	0.8506693	0.1493307	81.78769
4130	10.9369	-24.9886	35.9255	0.807733	0.192267	2.237534	0.538472	0.322395	0.0642906	0.0346291	0.0147275	0.00614607	0.000922301	0	4.181996	1.786609	0.1922674	0.8077326	61.17995
4140	11.4774	-23.4614	34.9388	0.352955	0.647045	1.807001	0.561584	0.328249	0.0637014	0.0339697	0.0148554	0.00601005	0.000923766	0	5.168673	1.796099	0.6470454	0.3529546	62.53158
4150	11.5252	-24.8831	36.4082	0.468991	0.531009	4.048715	0.538953	0.323474	0.0642207	0.0336697	0.0149704	0.00605139	0.000920272	0	3.69922	1.97728	0.5310086	0.4689914	94.90293
4160	10.7019	-22.6777	33.3796	0.239827	0.760173	2.790246	0.534043	0.322015	0.0650157	0.0340779	0.015039	0.00590449	0.000920641	0	6.727886	1.872808	0.7601734	0.2398266	74.61185
4170	10.7757	-23.2613	34.037	0.0443752	0.955625	0.9445651	0.542902	0.32217	0.0662268	0.0347117	0.0146361	0.00598132	0.000950189	0	6.070443	1.666031	0.9556248	0.04437515	46.34796
4180	11.3006	-24.8061	36.1067	0.0733465	0.926654	0.1378125	0.556427	0.329154	0.0652309	0.0345814	0.0145381	0.00588154	0.00095744	0	4.00078	1.684889	0.9266535	0.07334649	48.40483
4190	12.2543	-23.5285	35.7828	0.640386	0.359614	0.8337365	0.536705	0.326519	0.0647359	0.0338868	0.0147117	0.00603677	0.000956485	0	4.324659	1.931731	0.3596141	0.6403859	85.45369
4200	12.4104	-23.1356	35.5461	0.408913	0.591087	1.883027	0.535533	0.321007	0.0638837	0.0339732	0.0146929	0.0060366	0.000968408	0	4.56141	1.897805	0.5910872	0.4089128	79.03234
4210	9.24936	-25.9669	35.2163	0.0299194	0.970081	0.4016316	0.554537	0.333301	0.064272	0.0337318	0.0146352	0.00605029	0.000925649	0	4.891199	1.345949	0.9700806	0.0299194	22.17937
4220	11.5663	-24.2625	35.8288	0.954699	0.0453012	3.565086	0.553725	0.336277	0.0654848	0.0345245	0.0150253	0.00594215	0.000930313	0	4.27862	1.984404	0.04530118	0.9546988	96.47251
4230	12.0411	-22.5026	34.5437	0.467325	0.532675	2.680415	0.55986	0.328304	0.0633942	0.0338897	0.014959	0.00603375	0.000939551	0	5.563732	1.968708	0.5326751	0.4673249	93.0481
4240	12.4579	-23.818	36.2759	0.525085	0.474915	1.563972	0.560727	0.330743	0.0665396	0.0346075	0.0145566	0.00612818	0.000959167	0	3.831617	1.895229	0.4749152	0.5250848	78.56502
4250	11.6428	-23.8552	35.498	0.475499	0.524501	0.4439858	0.554232	0.333399	0.0662088	0.0346303	0.0151605	0.00594563	0.000933188	0	4.609444	1.853254	0.5245009	0.4754991	71.327
4260	11.0112	-27.7312	38.7424	0.244974	0.755026	0.9725459	0.559927	0.33187	0.0639921	0.0340384	0.014563	0.00596896	0.000922105	0	1.365115	1.931175	0.7550257	0.2449743	85.34448
4270	11.713	-23.3042	35.0173	0.939023	0.0609772	0.4354645	0.552491	0.331707	0.0655257	0.0346666	0.014598	0.00597175	0.00096304	0	5.090211	1.959558	0.06097717	0.9390228	91.10824
4280	9.85229	-21.152	31.0043	0.09095	0.90905	0.9438157	0.561285	0.335194	0.0642943	0.0350771	0.0148178	0.00604032	0.000945523	0	9.103211	1.896581	0.90905	0.09095	78.80992
4290	11.1038	-25.3498	36.4536	0.443737	0.556263	1.696146	0.549275	0.325989	0.0645705	0.0351911	0.0147604	0.0058823	0.000960245	0	3.653888	1.697532	0.5562628	0.4437372	49.83474
4300	12.3769	-22.3505	34.7273	0.223676	0.776324	1.630793	0.555783	0.322223	0.0636326	0.0352908	0.0147368	0.00589377	0.000966073	0	5.380129	1.914155	0.7763242	0.2236758	82.0644
4310	12.335	-22.6602	34.9952	0.28983	0.71017	1.991265	0.540782	0.336842	0.0641713	0.0344777	0.0145444	0.00590349	0.000941154	0	5.112312	1.91448	0.7101696	0.2898304	82.12587
4320	13.2897	-22.8972	36.187	0.0118553	0.988145	2.501686	0.544218	0.333312	0.0635056	0.0346431	0.0147802	0.00590531	0.000924777	0	3.92049	1.97512	0.9881447	0.01185532	94.43215
4330	12.0841	-25.4496	37.5337	0.113608	0.886392	3.191943	0.536799	0.33513	0.0639105	0.0342392	0.014933	0.00588477	0.00093071	0	2.573768	1.882003	0.8863925	0.1136075	76.20847
4340	12.7578	-24.2454	37.0032	0.00759229	0.992408	1.557292	0.543009	0.333867	0.0655101	0.0351881	0.0148999	0.00587152	0.000937647	0	3.104248	1.825013	0.9924077	0.007592291	66.83642
4350	11.8571	-24.9685	36.8256	0.215935	0.784065	0.3476144	0.548676	0.325277	0.0643591	0.0350509	0.0151472	0.00612499	0.000939504	0	3.28188	1.821748	0.7840652	0.2159348	66.33581
4360	12.2149	-22.4765	34.6914	0.646991	0.353009	0.8459774	0.55493	0.327694	0.0655597	0.0352276	0.0151661	0.00610329	0.000956606	0	5.416053	1.990735	0.3530089	0.6469911	97.88932
4370	12.2249	-23.523	35.7479	0.737474	0.262526	1.16579	0.553899	0.331333	0.064976	0.0349737	0.0149162	0.00611151	0.000934157	0	4.359556	1.919162	0.2625256	0.7374744	83.01606
4380	12.5807	-24.1835	36.7642	0.457353	0.542647	2.659831	0.560714	0.337185	0.0662566	0.0351635	0.0146174	0.00596626	0.000929279	0	3.343227	1.951654	0.5426472	0.4573528	89.46522
4390	9.1984	-24.472	33.6704	0.172665	0.827335	2.304424	0.550332	0.3354	0.0660094	0.034533	0.0146161	0.00595503	0.000946715	0	6.437083	1.60472	0.8273352	0.1726648	40.24573
4400	11.415	-22.909	34.324	0.567311	0.432689	1.761527	0.544078	0.333298	0.0653202	0.0337877	0.0145533	0.00587832	0.000960973	0	5.783459	1.84997	0.4326885	0.5673115	70.78975
4410	11.3864	-22.3943	33.7807	0.417333	0.582667	1.170759	0.548549	0.326793	0.0665988	0.0337451	0.0146205	0.00614315	0.00093691	0	6.326795	1.868564	0.5826669	0.4173331	73.88633
4420	11.6811	-23.9708	35.652	0.610983	0.389017	3.465029	0.559635	0.325125	0.0664084	0.0336503	0.0150737	0.00609325	0.000944115	0	4.455502	1.956457	0.3890175	0.6109825	90.46017
4430	7.19352	-31.4189	38.6124	0.717604	0.282396	5.785866	0.560024	0.328592	0.0653005	0.0340155	0.0151634	0.00602807	0.000962922	0	1.495079	1.916197	0.2823961	0.7176039	82.45116
4440	12.7027	-25.2911	37.9938	0.15917	0.84083	2.253428	0.557533	0.327736	0.0665172	0.0341378	0.0151885	0.00603923	0.000940351	0	2.113651	1.925227	0.8408298	0.1591702	84.1835
4450	11.7428	-24.4322	36.1751	0.681317	0.318683	2.778505	0.556061	0.330429	0.0648862	0.0336625	0.0152044	0.00605489	0.000932851	0	3.932409	1.891421	0.3186832	0.6813168	77.87913
4460	9.84991	-27.4842	37.3342	0.132225	0.867775	5.226489	0.53766	0.334338	0.0663623	0.0337182	0.0149144	0.00610046	0.000935553	0	2.773315	1.900081	0.8677753	0.1322247	79.44769
4470	10.9467	-22.2316	33.1783	0.625351	0.374649	0.3785732	0.538799	0.323005	0.0648322	0.0353276	0.0146757	0.00614509	0.000940019	0	6.929149	1.955818	0.3746494	0.6253506	90.32708
4480	12.0003	-25.4556	37.456	0.605259	0.394741	0.7660591	0.545455	0.325955	0.0663896	0.0353418	0.0145183	0.00609374	0.000953169	0	2.651502	1.929638	0.3947412	0.6052588	85.0428
4490	10.8129	-25.6233	36.4362	0.778926	0.221074	0.1423409	0.555175	0.324094	0.0644071	0.0349575	0.0149005	0.00599379	0.000943629	0	3.671292	1.796035	0.2210735	0.7789265	62.52236
4500	10.8928	-25.9053	36.7981	0.231944	0.768056	0.04134356	0.540982	0.32048	0.0657678	0.0339919	0.0146538	0.0061562	0.000963222	0	3.309344	1.672147	0.7680558	0.2319442	47.00527
4510	11.3461	-25.2442	36.5903	0.540143	0.459857	0.2238217	0.559574	0.322028	0.0642714	0.034703	0.0147895	0.0061521	0.000934562	0	3.517184	1.831371	0.4598567	0.5401433	67.82204
4520	12.3762	-23.8693	36.2455	0.182722	0.817278	0.4557475	0.554488	0.320669	0.0656761	0.0346052	0.0146061	0.00613131	0.000926914	0	3.861953	1.921246	0.8172785	0.1827215	83.41526
4530	11.3578	-23.4046	34.7624	0.827046	0.172954	3.627779	0.547615	0.324296	0.0652915	0.0348356	0.0146489	0.006058	0.000944239	0	5.345058	1.997349	0.1729541	0.8270459	99.39154
4540	10.9356	-25.4024	36.338	0.443172	0.556828	3.636523	0.557707	0.324199	0.066245	0.035003	0.0146998	0.00599525	0.000948326	0	3.769477	1.8579	0.5568276	0.4431724	72.09411
4550	13.0176	-22.7463	35.764	0.181436	0.818564	2.457041	0.553629	0.335177	0.0635014	0.0347467	0.0148229	0.00590277	0.000935584	0	4.343504	1.98032	0.8185637	0.1814363	95.56957
4560	12.8125	-24.7033	37.5158	0.307183	0.692817	1.607692	0.544785	0.335003	0.0637399	0.0349069	0.0151034	0.00590785	0.000942535	0	2.591643	1.933464	0.6928174	0.3071826	85.79544
4570	12.2965	-22.2736	34.5701	0.676087	0.323913	2.426274	0.536834	0.337144	0.0647251	0.0353033	0.0149421	0.00614725	0.000963697	0	5.537355	1.995458	0.3239129	0.6760871	98.95966
4580	6.51609	-20.184	26.7001	0.70927	0.29073	1.428607	0.54615	0.332014	0.0661301	0.0343002	0.0148751	0.00616239	0.000947681	0	13.40739	1.959248	0.2907305	0.7092695	91.04328
4590	13.2178	-22.7995	36.0173	0.178247	0.821753	1.293934	0.560801	0.324643	0.0641691	0.033841	0.0151295	0.00608869	0.000952467	0	4.090206	1.982717	0.8217534	0.1782466	96.0985
4600	12.4944	-22.8245	35.3189	0.100699	0.899301	2.377937	0.555406	0.325559	0.0649555	0.0339893	0.015044	0.006089	0.000952518	0	4.788596	1.900298	0.8993007	0.1006993	79.48729
4610	13.2074	-22.5615	35.7689	0.131815	0.868185	2.044841	0.548031	0.328911	0.0656623	0.0339215	0.0150442	0.00608882	0.000948535	0	4.338563	1.973446	0.8681845	0.1318155	94.06886
4620	12.1318	-24.8572	36.989	0.49391	0.50609	2.294203	0.549756	0.324631	0.065031	0.0351681	0.014895	0.00591021	0.000944038	0	3.11847	1.872791	0.50609	0.49391	74.60904
4630	10.669	-22.749	33.418	0.278491	0.721509	1.049858	0.55331	0.324192	0.0636485	0.0345646	0.0150888	0.00604737	0.000938325	0	6.689434	1.759655	0.7215092	0.2784908	57.49823
4640	12.0451	-24.3379	36.3831	0.0442714	0.955729	0.5596461	0.554011	0.321701	0.0634071	0.0344507	0.0148454	0.00601838	0.000965371	0	3.724414	1.754394	0.9557286	0.04427139	56.80591
4650	11.2033	-23.8966	35.0999	0.0777217	0.922278	3.015349	0.561673	0.321022	0.0654037	0.0340188	0.0152362	0.00610098	0.000967903	0	5.007582	1.795761	0.9222783	0.07772174	62.48282
4660	11.8917	-22.0384	33.9301	0.865223	0.134777	1.086541	0.545121	0.322345	0.0660542	0.0341559	0.0152576	0.00603725	0.000959909	0	6.177356	1.991141	0.134777	0.865223	97.9807
4670	12.2929	-24.5038	36.7966	0.26308	0.73692	1.664652	0.536068	0.327419	0.0662338	0.0347534	0.0151879	0.00593411	0.000935509	0	3.310837	1.81761	0.7369204	0.2630796	65.70681
4680	12.9414	-23.0088	35.9503	0.0610182	0.938982	2.895221	0.561169	0.323782	0.0651491	0.0337558	0.015047	0.0059523	0.000962022	0	4.157194	1.966761	0.9389818	0.06101815	92.63193
4690	12.2597	-21.8884	34.1481	0.619301	0.380699	1.535657	0.547984	0.332306	0.0659095	0.0346806	0.0147195	0.00586125	0.000961028	0	5.959378	1.997517	0.3806993	0.6193007	99.43
4700	12.6113	-23.5662	36.1775	0.429777	0.570223	1.848323	0.55954	0.334675	0.065299	0.034782	0.0151915	0.00590743	0.000959676	0	3.929989	1.905934	0.5702227	0.4297773	80.52562
4710	11.8239	-25.3709	37.1948	0.0804217	0.919578	3.974878	0.535439	0.336461	0.0660075	0.0343414	0.0148665	0.00588944	0.00094836	0	2.912691	1.930335	0.9195783	0.08042171	85.17949
4720	11.9369	-25.0719	37.0088	0.0387771	0.961223	3.758204	0.546126	0.330174	0.0642223	0.0349583	0.0150336	0.0060663	0.000937817	0	3.098647	1.904319	0.9612229	0.03877712	80.22671
4730	11.9733	-23.725	35.6983	0.0347257	0.965274	0.2835666	0.533855	0.33688	0.0651294	0.0338446	0.0147378	0.00599282	0.000927855	0	4.409166	1.834142	0.9652743	0.03472567	68.25622
4740	11.8204	-24.4418	36.2622	0.0634858	0.936514	0.06179588	0.541129	0.327053	0.0651483	0.0337084	0.0151591	0.00595034	0.000952225	0	3.845261	1.831407	0.9365142	0.06348576	67.82771
4750	3.39879	-23.6696	27.0684	0.00484693	0.995153	0.007742255	0.545589	0.320441	0.0636072	0.0339111	0.0147774	0.00593061	0.000959118	0	13.03908	1.292435	0.9951531	0.00484693	19.60809
4760	11.5938	-23.8812	35.475	0.455778	0.544222	0.02369568	0.557842	0.33371	0.0646423	0.0336792	0.014971	0.00588196	0.000956194	0	4.63248	1.939935	0.5442219	0.4557781	87.08331
4770	11.6607	-26.1043	37.7649	0.0722315	0.927769	0.444817	0.549679	0.336104	0.0663826	0.0342956	0.0149246	0.00588262	0.000938721	0	2.342528	1.785619	0.9277685	0.07223146	61.04066
4780	11.8978	-23.2375	35.1353	0.725669	0.274331	2.813714	0.54433	0.334919	0.0663426	0.0342564	0.0146693	0.00594714	0.000926753	0	4.972154	1.956301	0.2743309	0.7256691	90.4277
4790	10.8609	-27.1127	37.9735	0.308615	0.691385	3.654131	0.539854	0.335369	0.0635781	0.0337187	0.0148627	0.00616334	0.000926723	0	2.133919	1.856273	0.6913846	0.3086154	71.82452
4800	12.0458	-22.4153	34.4611	0.618736	0.381264	1.687189	0.547445	0.328058	0.0662278	0.0342202	0.0145247	0.00613088	0.000936559	0	5.646348	1.939894	0.3812644	0.6187356	87.07511
4810	11.8622	-21.6454	33.5076	0.42581	0.57419	1.396227	0.540712	0.336575	0.0640356	0.0353211	0.0145175	0.00608741	0.000950558	0	6.599893	1.976747	0.5741903	0.4258097	94.78654
4820	12.6796	-23.537	36.2166	0.310997	0.689003	0.6524832	0.541954	0.329093	0.0645305	0.0345334	0.015005	0.00615025	0.000921785	0	3.890917	1.987844	0.689003	0.310997	97.23981
4830	11.1499	-27.7555	38.9054	0.267245	0.732755	2.091808	0.548639	0.332942	0.0646939	0.0349583	0.0146945	0.00611976	0.000934757	0	1.202031	1.944329	0.7327548	0.2672452	87.96884
4840	13.229	-22.7311	35.9601	0.0895362	0.910464	2.151417	0.543057	0.321312	0.0637228	0.0349817	0.0146995	0.00614734	0.000937498	0	4.147388	1.966067	0.9104638	0.08953625	92.48404
4850	8.87938	-28.3899	37.2692	0.606963	0.393037	3.980514	0.543697	0.332189	0.0634026	0.0347061	0.0150431	0.00587107	0.000943577	0	2.838227	1.722955	0.3930366	0.6069634	52.839
4860	10.7354	-23.7951	34.5305	0.588782	0.411218	0.6635709	0.540806	0.324219	0.0633866	0.0349771	0.014877	0.00589487	0.000934946	0	5.577002	1.746028	0.4112181	0.5887819	55.72217
4870	12.021	-25.4468	37.4678	0.241747	0.758253	2.390015	0.561381	0.320977	0.064659	0.0337589	0.0147196	0.00591848	0.000952219	0	2.639693	1.825743	0.7582529	0.2417471	66.9489
4880	12.3764	-25.192	37.5684	0.467766	0.532234	2.539078	0.560581	0.321843	0.0633653	0.0345131	0.0151647	0.00595271	0.000932332	0	2.53909	1.934796	0.5322336	0.4677664	86.05893
4890	11.2816	-23.3605	34.6421	0.305036	0.694964	1.014029	0.536408	0.320996	0.0641618	0.0341052	0.0151127	0.00592508	0.000942271	0	5.465396	1.757512	0.6949637	0.3050363	57.21523
4900	11.1483	-26.0582	37.2064	0.288045	0.711955	1.141585	0.535622	0.321354	0.0655316	0.0344221	0.0151655	0.00613737	0.000928628	0	2.901021	1.658473	0.7119554	0.2880446	45.54841
4910	12.4741	-24.0054	36.4795	0.209499	0.790501	1.67506	0.541435	0.320791	0.0645379	0.0339152	0.0149141	0.00600624	0.000942551	0	3.62798	1.835392	0.7905009	0.2094991	68.45294
4920	10.3779	-23.6017	33.9795	0.378374	0.621626	0.1121406	0.536954	0.330172	0.0660313	0.0343799	0.0151205	0.00595449	0.000931278	0	6.127919	1.743199	0.6216264	0.3783736	55.36033
4930	10.9181	-26.768	37.6861	0.169761	0.830239	1.868562	0.540877	0.331619	0.0633888	0.0347649	0.0150311	0.00592742	0.000963706	0	2.421391	1.632458	0.8302393	0.1697607	42.90011
4940	11.8746	-22.2148	34.0894	0.104421	0.895579	2.184904	0.542114	0.333585	0.0646295	0.0346788	0.0152079	0.00588705	0.000962948	0	6.018044	1.891044	0.8955791	0.1044209	77.81146
4950	11.9677	-24.4365	36.4043	0.351088	0.648912	3.886245	0.533796	0.327076	0.0643923	0.0348078	0.0151233	0.00588739	0.000959183	0	3.703197	1.986143	0.6489118	0.3510882	96.85965
4960	12.0157	-24.3123	36.328	0.231367	0.768633	1.194884	0.539487	0.333225	0.0639094	0.0341367	0.0150901	0.00598132	0.000961601	0	3.779435	1.763149	0.7686331	0.2313669	57.96272
4970	12.4639	-23.9228	36.3867	0.226849	0.773151	1.531738	0.541771	0.330443	0.0634627	0.0351038	0.0149636	0.00586612	0.000950534	0	3.720759	1.836724	0.7731506	0.2268494	68.66314
4980	8.96794	-26.4298	35.3978	0.539564	0.460436	2.958403	0.543721	0.331252	0.0641527	0.0347783	0.0150409	0.00601701	0.000959037	0	4.709714	1.61697	0.4604361	0.5395639	41.39716
4990	11.2062	-23.9408	35.147	0.925587	0.0744129	3.216174	0.543283	0.335811	0.0666339	0.0339362	0.0150063	0.00595727	0.000949402	0	4.960435	1.926111	0.07441292	0.9255871	84.35505
5000	11.2728	-23.9385	35.2113	0.506871	0.493129	2.857573	0.541302	0.331431	0.0660247	0.0341833	0.0149271	0.00602249	0.00092924	0	4.896141	1.857581	0.4931295	0.5068705	72.04124
