Iteration	Posterior	Likelihood	Prior	clado_type_probs[1]	clado_type_probs[2]	distance_scale	epoch_times[1]	epoch_times[2]	epoch_times[3]	epoch_times[4]	epoch_times[5]	epoch_times[6]	epoch_times[7]	epoch_times[8]	extirpation_rate	log10_rate_bg	p_allopatry	p_sympatry	rate_bg
0	-62.0389	-95.6124	33.5735	0.274162	0.725838	0.01	0.553596	0.32725	0.171451	0.0483556	0.0376636	0.0203121	0.00708574	0	1.051537	-2	0.725838	0.274162	0.01
10	7.48755	-23.2451	30.7327	0.0710919	0.928908	0.04763602	0.543221	0.328494	0.171895	0.0498168	0.0385743	0.0200857	0.0070337	0	3.892316	1.618741	0.9289081	0.07109193	41.56629
20	4.70752	-20.0194	24.727	0.235619	0.764381	0.01795808	0.54716	0.326753	0.179036	0.0497517	0.0378019	0.0199726	0.007059	0	9.898051	1.927358	0.7643811	0.2356189	84.59763
30	5.38453	-20.8973	26.2818	0.360854	0.639146	0.003660104	0.535525	0.329753	0.179274	0.0494331	0.0380481	0.020246	0.00714582	0	8.343186	1.49889	0.6391459	0.3608541	31.54205
40	6.559	-23.0823	29.6413	0.0383453	0.961655	0.006570842	0.546357	0.329721	0.176109	0.0481804	0.0384842	0.0197479	0.00714687	0	4.983678	1.328506	0.9616547	0.03834532	21.30619
50	4.97393	-20.0299	25.0038	0.53372	0.46628	0.09123296	0.534575	0.326464	0.17681	0.0498256	0.0377822	0.0193266	0.00696388	0	9.621217	1.939585	0.4662795	0.5337205	87.01321
60	7.36698	-24.8917	32.2587	0.363352	0.636648	0.2413474	0.543934	0.322105	0.179404	0.0494288	0.0377431	0.0202296	0.00709259	0	2.366285	1.83233	0.6366482	0.3633518	67.97196
70	7.16491	-21.326	28.4909	0.673053	0.326947	0.06022321	0.534514	0.328393	0.174198	0.049213	0.0377382	0.0199948	0.00715059	0	6.134081	1.848418	0.3269465	0.6730535	70.53715
80	7.09522	-21.9855	29.0807	0.579992	0.420008	0.1013144	0.546667	0.329942	0.174954	0.0502312	0.0384139	0.019809	0.00719746	0	5.544305	1.579036	0.4200079	0.5799921	37.93461
90	5.19872	-20.5097	25.7084	0.850197	0.149803	0.1372088	0.550253	0.330227	0.179367	0.0501068	0.038674	0.0198414	0.00719611	0	8.9166	1.567624	0.1498031	0.8501969	36.95083
100	7.20607	-22.4592	29.6653	0.754561	0.245439	0.01502988	0.549473	0.323311	0.178216	0.0491568	0.037643	0.0196617	0.00724806	0	4.959693	1.583105	0.2454393	0.7545607	38.29173
110	6.91602	-24.3801	31.2961	0.739878	0.260122	0.1326875	0.547548	0.325821	0.176852	0.0481194	0.0388615	0.0194865	0.00727677	0	3.328924	1.471727	0.2601222	0.7398778	29.62971
120	8.39941	-22.6916	31.091	0.00185693	0.998143	2.159849	0.553239	0.326475	0.179897	0.0493936	0.0381952	0.0196939	0.00716097	0	3.533983	1.603399	0.9981431	0.00185693	40.1235
130	7.34208	-25.3883	32.7303	0.345212	0.654788	3.328976	0.528078	0.316704	0.173969	0.049544	0.0380144	0.0194368	0.00726215	0	1.89468	1.647441	0.6547876	0.3452124	44.4059
140	7.28625	-22.2356	29.5218	0.545989	0.454011	6.032262	0.533711	0.327043	0.173495	0.0502058	0.0379041	0.0195583	0.00726588	0	5.103195	1.923364	0.4540106	0.5459894	83.82315
150	8.94012	-22.8693	31.8095	0.567243	0.432757	3.394989	0.528327	0.329496	0.174606	0.0485513	0.0383044	0.0195646	0.00718456	0	2.815541	1.814368	0.432757	0.567243	65.21813
160	8.25758	-23.5622	31.8197	0.796195	0.203805	0.746599	0.53551	0.329014	0.174635	0.0480097	0.0390635	0.0195132	0.00719824	0	2.805265	1.852777	0.2038048	0.7961952	71.24873
170	7.20525	-22.8647	30.07	0.489267	0.510733	5.902865	0.546926	0.322261	0.175299	0.0484341	0.0392728	0.019477	0.00699284	0	4.55505	1.83966	0.5107334	0.4892666	69.12894
180	6.72314	-20.6129	27.336	0.956182	0.0438183	1.467185	0.55402	0.326565	0.174033	0.0494226	0.0387563	0.0198378	0.00693691	0	7.289014	1.586529	0.04381832	0.9561817	38.59482
190	8.9106	-21.9427	30.8533	0.306037	0.693963	4.32338	0.534515	0.329172	0.17985	0.0502154	0.0382905	0.0193425	0.0072675	0	3.771668	1.879846	0.6939629	0.3060371	75.83091
200	8.96291	-21.1111	30.074	0.986801	0.0131987	1.830627	0.53622	0.326501	0.178515	0.0494293	0.0393897	0.0193148	0.00712277	0	4.551018	1.885649	0.01319874	0.9868013	76.85083
210	9.36001	-21.2755	30.6355	0.444901	0.555099	3.722293	0.532548	0.32323	0.176879	0.0489693	0.0393774	0.0198213	0.00721713	0	3.989489	1.959927	0.5550986	0.4449014	91.18579
220	5.45593	-25.7493	31.2052	0.694626	0.305374	8.534038	0.530541	0.320811	0.175503	0.0497616	0.0391209	0.020052	0.00723043	0	3.419774	1.993077	0.3053738	0.6946262	98.41857
230	8.71754	-22.5303	31.2479	0.554642	0.445358	4.072876	0.533356	0.322503	0.171163	0.0478608	0.0379855	0.0197346	0.00722132	0	3.377152	1.803881	0.4453577	0.5546423	63.66217
240	8.27818	-22.6149	30.8931	0.497507	0.502493	4.779916	0.549062	0.318199	0.172826	0.049266	0.0382211	0.0197821	0.00728881	0	3.731942	1.806955	0.5024926	0.4975074	64.11429
250	8.78356	-23.6031	32.3867	0.264591	0.735409	1.632631	0.554155	0.325144	0.173393	0.0485776	0.0376562	0.0197639	0.00703683	0	2.238338	1.974314	0.7354089	0.2645911	94.25715
260	7.90342	-23.4086	31.312	0.514577	0.485423	2.184473	0.548255	0.328674	0.173192	0.0502801	0.038095	0.0194264	0.00698602	0	3.312989	1.548529	0.4854229	0.5145771	35.36139
270	9.12459	-23.3264	32.451	0.641553	0.358447	2.473725	0.541607	0.331509	0.173066	0.0488257	0.038746	0.0193355	0.00698461	0	2.174042	1.982137	0.3584471	0.6415529	95.97026
280	9.24357	-22.6536	31.8972	0.25703	0.74297	2.926452	0.529564	0.328505	0.172021	0.0502767	0.0383489	0.0200707	0.007041	0	2.727843	1.880202	0.7429696	0.2570304	75.89296
290	8.23595	-22.0029	30.2388	0.631916	0.368084	2.210672	0.542251	0.329866	0.172159	0.0498428	0.0386651	0.0199254	0.00705635	0	4.38617	1.6196	0.3680837	0.6319163	41.64854
300	5.34807	-25.274	30.6221	0.634245	0.365755	4.498589	0.54574	0.329499	0.171178	0.0497081	0.0383597	0.0198715	0.00717969	0	4.002933	1.417879	0.365755	0.634245	26.17456
310	9.18987	-21.7752	30.9651	0.235565	0.764435	2.261355	0.535402	0.325471	0.173122	0.0494861	0.0376194	0.020192	0.00716061	0	3.659947	1.841691	0.764435	0.235565	69.45305
320	6.41217	-21.8852	28.2974	0.864934	0.135066	2.332906	0.531959	0.329929	0.177011	0.0499912	0.0377477	0.0203148	0.00720321	0	6.32763	1.435733	0.1350663	0.8649337	27.27301
330	7.16632	-21.08	28.2464	0.756625	0.243375	1.046857	0.534484	0.329207	0.179795	0.0498383	0.0378315	0.0199185	0.00712322	0	6.378646	1.574746	0.2433745	0.7566255	37.56179
340	7.72555	-23.101	30.8266	0.764526	0.235474	0.2272937	0.536007	0.320148	0.179017	0.0495876	0.038407	0.0199233	0.00724301	0	3.79841	1.68216	0.2354743	0.7645257	48.10169
350	6.59726	-21.3193	27.9165	0.0628278	0.937172	0.3351419	0.539568	0.325405	0.179137	0.0489716	0.0383506	0.019628	0.00723649	0	6.708464	1.507676	0.9371722	0.06282784	32.18667
360	7.44492	-23.5448	30.9897	0.343576	0.656424	0.2208522	0.530401	0.330486	0.17188	0.0490004	0.038506	0.0201703	0.00726039	0	3.635276	1.559473	0.6564241	0.3435759	36.26375
370	7.99817	-23.063	31.0611	0.815704	0.184296	0.1359673	0.534832	0.320731	0.171282	0.049783	0.0386875	0.0202905	0.007192	0	3.563861	1.998821	0.1842964	0.8157036	99.72879
380	7.60982	-22.706	30.3158	0.330215	0.669785	0.1561427	0.541564	0.323196	0.171483	0.048942	0.0392196	0.0201688	0.00722059	0	4.309197	1.648493	0.6697849	0.3302151	44.51358
390	8.7679	-22.2055	30.9734	0.316174	0.683826	1.078423	0.549507	0.324626	0.171279	0.0501836	0.037611	0.0198649	0.00724105	0	3.651596	1.877776	0.6838259	0.3161741	75.47023
400	8.54349	-23.083	31.6265	0.403111	0.596889	5.673489	0.547649	0.319284	0.172591	0.0498367	0.0377485	0.0198964	0.00712031	0	2.998489	1.983169	0.5968892	0.4031108	96.1986
410	8.5816	-22.426	31.0076	0.220506	0.779494	5.590255	0.542509	0.315984	0.176311	0.0494521	0.0390661	0.0198259	0.00723446	0	3.617418	1.986292	0.7794943	0.2205057	96.89281
420	7.49077	-24.6939	32.1847	0.441807	0.558193	4.077941	0.54149	0.323861	0.17513	0.0494585	0.0394864	0.0194834	0.00724102	0	2.440349	1.649066	0.5581926	0.4418074	44.57243
430	8.77791	-22.9539	31.7318	0.811632	0.188368	4.124365	0.542816	0.31993	0.171467	0.0497476	0.038501	0.0194549	0.00706142	0	2.893159	1.840756	0.1883678	0.8116322	69.30368
440	7.7871	-23.7624	31.5495	0.0610456	0.938954	4.326091	0.543309	0.319204	0.172264	0.0498466	0.038478	0.0197783	0.0069951	0	3.075556	1.664434	0.9389544	0.06104563	46.17791
450	9.42251	-21.569	30.9915	0.234035	0.765965	2.043894	0.552441	0.319702	0.173646	0.0497302	0.0384993	0.0198599	0.007024	0	3.633517	1.989076	0.7659648	0.2340352	97.51606
460	3.4359	-29.2607	32.6966	0.248262	0.751738	3.848064	0.545357	0.321699	0.17961	0.0479139	0.0377026	0.0202404	0.00697516	0	1.928441	1.238439	0.7517384	0.2482616	17.31566
470	9.35521	-22.7917	32.1469	0.874405	0.125595	2.687313	0.550875	0.328733	0.174073	0.0487119	0.0385648	0.0197481	0.00694872	0	2.47809	1.971216	0.125595	0.874405	93.58711
480	8.88409	-23.7331	32.6172	0.373716	0.626284	2.341722	0.540618	0.320581	0.177466	0.0485115	0.0388	0.0200531	0.00707283	0	2.007823	1.963429	0.626284	0.373716	91.92412
490	7.88064	-21.6948	29.5755	0.715254	0.284746	1.836446	0.539191	0.329369	0.176285	0.0499495	0.0382491	0.0198143	0.0071803	0	5.049542	1.57816	0.2847461	0.7152539	37.8582
500	6.66879	-21.2277	27.8965	0.209357	0.790643	3.338618	0.538746	0.32902	0.171151	0.0495032	0.0391408	0.0199876	0.00709715	0	6.728543	1.585551	0.7906429	0.2093571	38.50796
510	7.73644	-22.2463	29.9827	0.0215308	0.978469	5.124109	0.552874	0.329143	0.179657	0.0493319	0.0393432	0.0201779	0.00695386	0	4.642279	1.804965	0.9784692	0.02153084	63.82115
520	8.79525	-22.7193	31.5146	0.394482	0.605518	1.118887	0.552348	0.327392	0.175789	0.0482791	0.0388132	0.0199717	0.00695358	0	3.110432	1.926834	0.605518	0.394482	84.49553
530	9.1178	-22.0466	31.1644	0.743828	0.256172	3.615811	0.549677	0.331829	0.177201	0.0503093	0.038445	0.020012	0.00728302	0	3.460582	1.850194	0.2561718	0.7438282	70.82622
540	9.50387	-21.8477	31.3515	0.049353	0.950647	2.654691	0.554022	0.321998	0.172859	0.0495012	0.0376827	0.0198046	0.00719752	0	3.273471	1.935659	0.950647	0.04935297	86.23021
550	8.75798	-22.0686	30.8266	0.949427	0.0505735	0.904375	0.553125	0.323502	0.176093	0.0493567	0.0379332	0.0195113	0.00710237	0	3.798412	1.995358	0.05057346	0.9494265	98.93681
560	6.97991	-23.5561	30.536	0.212224	0.787776	5.111867	0.539384	0.320422	0.174961	0.0490068	0.0383296	0.01983	0.00700785	0	4.089015	1.661124	0.7877762	0.2122238	45.82723
570	8.84498	-22.7237	31.5686	0.362066	0.637934	4.449947	0.531892	0.322236	0.171212	0.0484933	0.0380285	0.0198463	0.00713686	0	3.056365	1.871551	0.6379344	0.3620656	74.39622
580	6.12314	-22.9699	29.093	0.880267	0.119733	7.070262	0.53509	0.321658	0.171274	0.049247	0.0376647	0.019569	0.00721587	0	5.532012	1.961497	0.119733	0.880267	91.51603
590	7.23886	-20.9315	28.1704	0.0656721	0.934328	1.660047	0.533527	0.317881	0.173258	0.0493618	0.0383523	0.0193551	0.0069405	0	6.454601	1.572166	0.9343279	0.06567209	37.33932
600	8.99435	-20.7574	29.7518	0.56079	0.43921	2.639528	0.535252	0.315872	0.179535	0.0498048	0.0394513	0.0198315	0.00695178	0	4.873253	1.905137	0.4392103	0.5607897	80.37789
610	8.61129	-22.3624	30.9737	0.332569	0.667431	5.472576	0.528057	0.326251	0.175191	0.0491561	0.0395029	0.0202282	0.00693819	0	3.651286	1.983455	0.6674311	0.3325689	96.26201
620	6.04768	-19.7932	25.8409	0.741369	0.258631	0.9568941	0.528098	0.329155	0.178386	0.0482356	0.0390604	0.0203028	0.00710093	0	8.784099	1.819324	0.2586307	0.7413693	65.96662
630	7.82665	-20.5429	28.3695	0.176628	0.823372	1.507194	0.531557	0.331583	0.176697	0.0495297	0.0388308	0.0194115	0.00704032	0	6.255486	1.752584	0.8233716	0.1766284	56.56966
640	7.8731	-23.4076	31.2808	0.123569	0.876431	0.339388	0.541629	0.322115	0.171221	0.0491911	0.0384302	0.0202583	0.00702747	0	3.344255	1.723185	0.8764307	0.1235693	52.86701
650	8.79828	-21.8075	30.6057	0.464939	0.535061	1.902345	0.541366	0.318971	0.171317	0.0481644	0.0377212	0.0201557	0.00717439	0	4.019266	1.745952	0.5350611	0.4649389	55.71244
660	7.3555	-25.0221	32.3776	0.425669	0.574331	5.315652	0.530563	0.331107	0.17227	0.0488465	0.0376463	0.0202069	0.0072184	0	2.247435	1.780432	0.5743314	0.4256686	60.3159
670	8.65879	-23.8951	32.5539	0.415584	0.584416	2.841591	0.538834	0.323597	0.173717	0.048816	0.0389082	0.0195319	0.00729486	0	2.071098	1.841079	0.584416	0.415584	69.35518
680	9.50103	-21.4372	30.9382	0.53913	0.46087	3.419375	0.536947	0.324934	0.174093	0.0498433	0.0380131	0.0201612	0.00709844	0	3.686764	1.965514	0.4608702	0.5391298	92.36637
690	8.59683	-23.7287	32.3255	0.0150387	0.984961	1.50672	0.54012	0.321094	0.173638	0.0490394	0.0386617	0.0202333	0.00729073	0	2.299468	1.879044	0.9849613	0.0150387	75.69096
700	9.35642	-21.6757	31.0321	0.0377042	0.962296	3.620797	0.537686	0.327244	0.178228	0.0500266	0.0387191	0.0202704	0.00725285	0	3.592868	1.910985	0.9622958	0.0377042	81.46765
710	9.53909	-22.1928	31.7319	0.231927	0.768073	2.954122	0.529405	0.316633	0.179345	0.0496633	0.0392932	0.0199355	0.0071216	0	2.893147	1.959618	0.7680732	0.2319268	91.1209
720	7.37013	-21.2663	28.6364	0.696111	0.303889	0.5999608	0.530673	0.328728	0.176174	0.0488507	0.0393264	0.0201135	0.00699709	0	5.988563	1.650965	0.3038893	0.6961107	44.7677
730	8.12475	-21.8149	29.9396	0.272173	0.727827	2.18374	0.554736	0.322098	0.179418	0.0501117	0.0388982	0.0196728	0.00704429	0	4.685407	1.602669	0.727827	0.272173	40.05614
740	7.73474	-19.9529	27.6876	0.564584	0.435416	3.081671	0.539654	0.319872	0.17938	0.0498328	0.0384138	0.0202569	0.00697312	0	6.937422	1.904643	0.435416	0.564584	80.28654
750	7.28046	-21.3416	28.622	0.546802	0.453198	0.2303298	0.550515	0.328923	0.17856	0.0484213	0.0377828	0.0198749	0.00697023	0	6.002977	1.750729	0.4531983	0.5468017	56.32854
760	6.39473	-22.505	28.8997	0.554815	0.445185	1.395746	0.548046	0.319186	0.173753	0.0495769	0.0379536	0.0195017	0.00714048	0	5.725312	1.344105	0.4451851	0.5548149	22.08541
770	9.28229	-21.8992	31.1815	0.289035	0.710965	3.111683	0.541668	0.320227	0.177115	0.0496494	0.0391422	0.0199324	0.00718549	0	3.443491	1.861498	0.7109654	0.2890346	72.69393
780	7.90786	-21.4447	29.3526	0.0973675	0.902633	0.6124791	0.546262	0.323009	0.178254	0.0499856	0.0390786	0.0197257	0.00702374	0	5.272399	1.762061	0.9026325	0.09736749	57.81766
790	7.13142	-22.3125	29.4439	0.980063	0.0199373	0.2499779	0.554281	0.330255	0.175679	0.0500825	0.0387305	0.0200741	0.00709403	0	5.181104	1.521967	0.01993732	0.9800627	33.26345
800	8.7965	-23.4665	32.263	0.602825	0.397175	5.08804	0.550774	0.322078	0.17158	0.050049	0.0381589	0.0198667	0.00713721	0	2.362028	1.985586	0.397175	0.602825	96.7355
810	8.67735	-24.2359	32.9132	0.562426	0.437574	3.340508	0.540721	0.319841	0.172261	0.0502154	0.0383755	0.019768	0.00718112	0	1.711805	1.971271	0.437574	0.562426	93.599
820	9.10219	-21.8608	30.963	0.98555	0.0144504	2.311421	0.547566	0.317712	0.171831	0.0494885	0.038155	0.0198165	0.0071951	0	3.662056	1.816983	0.01445038	0.9855496	65.61191
830	7.65254	-20.9325	28.5851	0.253376	0.746624	4.60458	0.546405	0.318988	0.172241	0.0487692	0.0392756	0.019753	0.00719069	0	6.039953	1.871161	0.7466241	0.2533759	74.32939
840	8.89287	-23.259	32.1519	0.0143064	0.985694	2.437241	0.542713	0.317178	0.172651	0.0483734	0.0394627	0.0202455	0.0070479	0	2.473094	1.812553	0.9856936	0.01430639	64.94605
850	5.68199	-23.268	28.95	0.412745	0.587255	7.081193	0.541592	0.318906	0.174997	0.0482587	0.0382229	0.019855	0.00696676	0	5.675	1.898184	0.5872552	0.4127448	79.10131
860	8.68533	-22.2188	30.9041	0.83604	0.16396	2.378609	0.534813	0.326448	0.17623	0.0488498	0.0390795	0.020288	0.00702599	0	3.720872	1.70555	0.16396	0.83604	50.76329
870	9.34383	-21.8459	31.1897	0.0550853	0.944915	3.417657	0.527239	0.322638	0.172831	0.0487715	0.0394604	0.0199932	0.00721075	0	3.435294	1.888724	0.9449147	0.05508526	77.39705
880	6.83656	-21.9333	28.7698	0.781857	0.218143	1.692243	0.5367	0.32136	0.173809	0.050269	0.0385702	0.0196418	0.00715195	0	5.855173	1.43734	0.2181426	0.7818574	27.37409
890	9.24079	-22.7322	31.973	0.375724	0.624276	3.519661	0.535027	0.328528	0.172931	0.048664	0.0378439	0.0195248	0.00698294	0	2.65202	1.910357	0.6242763	0.3757237	81.34991
900	7.75961	-25.5372	33.2968	0.287937	0.712063	4.332711	0.538913	0.324488	0.175364	0.0483874	0.0378127	0.019313	0.00715354	0	1.328207	1.979786	0.7120629	0.2879371	95.45223
910	9.30598	-20.7772	30.0831	0.10946	0.89054	2.86261	0.547239	0.319339	0.172126	0.0487	0.0379089	0.0195831	0.00706095	0	4.54186	1.984803	0.8905396	0.1094604	96.5613
920	9.18917	-21.6012	30.7903	0.340992	0.659008	1.716268	0.553948	0.322848	0.177037	0.0487957	0.0380281	0.020272	0.00716245	0	3.83466	1.932783	0.6590084	0.3409916	85.66091
930	8.09171	-24.6683	32.76	0.492868	0.507132	1.502903	0.530185	0.317112	0.172066	0.0480712	0.0380832	0.019606	0.00729291	0	1.864975	1.901581	0.5071321	0.4928679	79.72259
940	9.29007	-20.8791	30.1692	0.451673	0.548327	3.270345	0.532064	0.327377	0.174019	0.0481046	0.037821	0.0196606	0.0071851	0	4.455823	1.965923	0.5483273	0.4516727	92.45339
950	9.03839	-21.3601	30.3985	0.0321872	0.967813	1.544961	0.532754	0.320447	0.172507	0.0488674	0.0379832	0.0202068	0.00723215	0	4.226513	1.933604	0.9678128	0.03218719	85.82302
960	8.0246	-20.1729	28.1975	0.128267	0.871733	1.938632	0.528719	0.318937	0.172399	0.0493844	0.0381641	0.0198531	0.00722102	0	6.427553	1.860572	0.8717327	0.1282673	72.53902
970	9.04321	-21.7211	30.7643	0.239254	0.760746	4.726828	0.532559	0.323784	0.171959	0.0497733	0.0385556	0.0198478	0.00727086	0	3.860663	1.974897	0.7607458	0.2392542	94.38362
980	5.57796	-19.4415	25.0194	0.786661	0.213339	1.434536	0.5373	0.319692	0.177473	0.0494371	0.0384069	0.0199213	0.00721275	0	9.605578	1.817243	0.2133386	0.7866614	65.65132
990	8.09268	-24.9036	32.9962	0.931027	0.0689726	2.499073	0.540163	0.318905	0.173449	0.048923	0.03941	0.0194212	0.00727234	0	1.628773	1.891075	0.06897257	0.9310274	77.81717
1000	8.4964	-24.1057	32.6021	0.831391	0.168609	1.799199	0.54194	0.321095	0.17324	0.0481827	0.0385104	0.0193045	0.00720115	0	2.022881	1.909509	0.1686086	0.8313914	81.19121
1010	9.11626	-22.8473	31.9636	0.583652	0.416348	2.915001	0.536288	0.324991	0.172503	0.0485351	0.0395215	0.0193296	0.00725723	0	2.661444	1.851811	0.4163485	0.5836515	71.09033
1020	8.6344	-20.9259	29.5603	0.377211	0.622789	1.279432	0.549567	0.324156	0.171934	0.0490116	0.0387495	0.0197624	0.00728393	0	5.064718	1.955691	0.6227895	0.3772105	90.3006
1030	7.82999	-20.9454	28.7754	0.130921	0.869079	0.7243035	0.547248	0.318844	0.174116	0.0489987	0.0381125	0.0197712	0.00722423	0	5.849591	1.842924	0.8690789	0.1309211	69.6505
1040	9.06505	-22.7935	31.8585	0.784486	0.215514	4.141845	0.538437	0.318853	0.171709	0.04806	0.0378677	0.0201677	0.00701285	0	2.766485	1.907369	0.2155141	0.7844859	80.79205
1050	8.88472	-22.5751	31.4598	0.975481	0.0245191	2.742266	0.536082	0.331482	0.171376	0.0487398	0.0381945	0.0201433	0.0069943	0	3.165175	1.76841	0.02451909	0.9754809	58.66911
1060	4.99856	-28.6342	33.6328	0.626092	0.373908	5.104464	0.533794	0.330821	0.178558	0.0499962	0.0387602	0.0201208	0.00700692	0	0.9922064	1.818623	0.3739083	0.6260917	65.86014
1070	7.97631	-20.9203	28.8966	0.530407	0.469593	1.633733	0.532271	0.324189	0.172267	0.0495604	0.037641	0.019806	0.0069516	0	5.728435	1.694957	0.4695932	0.5304068	49.54008
1080	8.17213	-21.1614	29.3335	0.00634332	0.993657	3.671647	0.529845	0.325434	0.174393	0.0500358	0.0383437	0.0197748	0.00700083	0	5.291498	1.76546	0.9936567	0.006343323	58.27196
1090	6.62301	-26.7508	33.3738	0.54357	0.45643	3.806272	0.527986	0.326121	0.176276	0.0490904	0.0378606	0.0194239	0.00698385	0	1.251194	1.805967	0.45643	0.54357	63.96856
1100	8.74796	-20.4006	29.1485	0.375489	0.624511	2.10481	0.530731	0.327746	0.178967	0.0495973	0.0380161	0.0198177	0.00697791	0	5.476466	1.974604	0.6245106	0.3754894	94.32011
1110	7.0862	-20.8117	27.8979	0.37344	0.62656	1.172185	0.537549	0.32956	0.176363	0.0494997	0.0379797	0.0202505	0.00710248	0	6.727118	1.59344	0.62656	0.37344	39.2139
1120	7.76767	-19.9976	27.7653	0.93573	0.0642703	2.300447	0.545948	0.326532	0.175158	0.0483698	0.038446	0.0193429	0.00722106	0	6.859696	1.853666	0.06427027	0.9357297	71.39463
1130	8.29875	-20.6317	28.9304	0.0474951	0.952505	4.081685	0.548101	0.329571	0.171785	0.0497534	0.0377242	0.0195041	0.00694315	0	5.694599	1.929241	0.9525049	0.04749513	84.9652
1140	7.08238	-20.9868	28.0692	0.439139	0.560861	5.295692	0.550769	0.327256	0.171039	0.0489781	0.0383061	0.0201693	0.00705506	0	6.555782	1.953837	0.5608609	0.4391391	89.91597
1150	8.73628	-20.3927	29.129	0.388742	0.611258	2.285651	0.532607	0.327312	0.170972	0.0482874	0.0394767	0.0198869	0.00713216	0	5.496017	1.940899	0.6112583	0.3887417	87.27682
1160	8.46531	-20.0759	28.5412	0.886803	0.113197	3.041682	0.552559	0.322915	0.172976	0.0487145	0.0385153	0.0200608	0.00723895	0	6.083765	1.979801	0.1131971	0.8868029	95.45547
1170	8.3027	-23.1065	31.4092	0.321093	0.678907	4.239359	0.535146	0.327572	0.176518	0.0502174	0.0382229	0.0197318	0.00701856	0	3.215789	1.747444	0.6789067	0.3210933	55.90414
1180	9.38663	-20.9734	30.3601	0.45447	0.54553	3.268953	0.536903	0.320436	0.173901	0.0493149	0.0377713	0.0198153	0.00704481	0	4.264951	1.982417	0.5455296	0.4544704	96.03223
1190	9.0436	-22.8205	31.8641	0.603773	0.396227	4.387791	0.534335	0.323529	0.172195	0.0483924	0.0376774	0.0202064	0.00722797	0	2.760925	1.918338	0.396227	0.603773	82.8587
1200	8.79984	-24.0531	32.8529	0.589751	0.410249	2.86062	0.539601	0.326818	0.174847	0.0481324	0.0383584	0.0202939	0.00712756	0	1.772121	1.991482	0.4102488	0.5897512	98.05787
1210	9.27001	-20.8317	30.1017	0.137133	0.862867	3.300323	0.527355	0.331346	0.177815	0.0486679	0.0376202	0.0201693	0.00708904	0	4.523284	1.973879	0.8628668	0.1371332	94.16265
1220	7.63437	-20.0968	27.7312	0.997456	0.0025437	3.951966	0.528798	0.323662	0.172536	0.0485269	0.0376413	0.0194025	0.00696654	0	6.893791	1.968782	0.002543705	0.9974563	93.06398
1230	8.85037	-21.1885	30.0388	0.590094	0.409906	4.58532	0.527795	0.324835	0.175955	0.0492726	0.0384033	0.0197708	0.0069516	0	4.586177	1.996072	0.4099056	0.5900944	99.09955
1240	9.38185	-22.2153	31.5972	0.092583	0.907417	4.231485	0.55477	0.330273	0.179736	0.0502261	0.0386532	0.0193896	0.00700946	0	3.02782	1.979943	0.907417	0.09258301	95.48677
1250	8.67642	-22.8373	31.5137	0.319689	0.680311	1.212664	0.542028	0.328055	0.179809	0.0482892	0.0387066	0.0199589	0.00702992	0	3.111317	1.821625	0.6803108	0.3196892	66.31704
1260	8.03646	-20.3782	28.4146	0.955357	0.0446431	1.687805	0.535217	0.319802	0.175734	0.0480533	0.038003	0.0199739	0.00712743	0	6.210395	1.828592	0.04464311	0.9553569	67.38945
1270	9.20876	-21.7119	30.9206	0.734672	0.265328	2.558203	0.544803	0.321264	0.175459	0.0489462	0.0380435	0.0194727	0.00713503	0	3.704386	1.847632	0.2653276	0.7346724	70.40956
1280	7.75837	-21.4977	29.256	0.235734	0.764266	5.03674	0.534007	0.322359	0.171243	0.049869	0.0381302	0.0193375	0.00709118	0	5.368965	1.876347	0.7642657	0.2357343	75.2223
1290	9.17231	-21.8261	30.9984	0.4162	0.5838	1.522531	0.527214	0.325998	0.171457	0.0481256	0.0393662	0.019681	0.00705661	0	3.626593	1.977895	0.5838002	0.4161998	95.03756
1300	9.50493	-22.0096	31.5145	0.0304415	0.969559	3.136084	0.548672	0.319918	0.177627	0.0486855	0.0392992	0.0200185	0.00703073	0	3.110504	1.936897	0.9695585	0.03044149	86.47619
1310	9.16811	-21.3906	30.5587	0.828715	0.171285	1.819054	0.550356	0.320207	0.17654	0.0501003	0.0392856	0.0203157	0.00727427	0	4.066312	1.91783	0.1712847	0.8287153	82.76172
1320	8.48446	-21.6751	30.1596	0.0904196	0.90958	3.977808	0.55332	0.320579	0.174342	0.0487865	0.0392529	0.020015	0.00701815	0	4.46545	1.787303	0.9095804	0.09041956	61.27771
1330	9.07807	-20.4948	29.5728	0.88354	0.11646	2.913006	0.52994	0.320057	0.17127	0.0485419	0.0382842	0.0195572	0.00693722	0	5.052182	1.998121	0.1164595	0.8835405	99.56834
1340	7.38982	-19.831	27.2208	0.908035	0.091965	1.69365	0.538782	0.32878	0.17955	0.0491188	0.0379735	0.0198258	0.00700337	0	7.404178	1.925796	0.09196504	0.908035	84.29392
1350	8.47301	-23.4467	31.9197	0.287955	0.712045	4.646152	0.543423	0.32878	0.178567	0.0478426	0.0394744	0.0197139	0.00700841	0	2.705349	1.837521	0.7120455	0.2879545	68.78938
1360	7.58437	-23.6188	31.2032	0.945974	0.0540263	5.637114	0.549086	0.331252	0.176652	0.0499623	0.0395386	0.0197596	0.00714599	0	3.421839	1.814514	0.05402631	0.9459737	65.24006
1370	9.14307	-22.9323	32.0753	0.726899	0.273101	3.78626	0.531923	0.322235	0.176894	0.0491037	0.0383891	0.0200536	0.00715428	0	2.549674	1.909577	0.2731006	0.7268994	81.20401
1380	8.60945	-22.9257	31.5352	0.0710671	0.928933	2.231704	0.53997	0.326056	0.178458	0.0485973	0.0378727	0.0202464	0.00695212	0	3.089821	1.678137	0.9289329	0.07106705	47.65818
1390	8.95709	-23.1999	32.157	0.314919	0.685081	4.106701	0.536245	0.317899	0.179081	0.0483381	0.0380639	0.0201265	0.00706122	0	2.468007	1.897131	0.6850814	0.3149186	78.90989
1400	4.38104	-29.2385	33.6195	0.0517124	0.948288	7.492213	0.542664	0.321955	0.171041	0.0484463	0.0387426	0.0196211	0.00700817	0	1.005473	1.983857	0.9482876	0.05171236	96.35126
1410	8.79681	-22.7575	31.5543	0.232624	0.767376	1.411801	0.539429	0.32505	0.173183	0.0485623	0.0388352	0.0195286	0.00712335	0	3.07069	1.822884	0.7673759	0.2326241	66.50958
1420	4.94172	-27.2928	32.2345	0.0862043	0.913796	6.763668	0.54315	0.323466	0.177271	0.0484414	0.0381477	0.0197853	0.00703656	0	2.3905	1.65405	0.9137957	0.08620433	45.08691
1430	7.34354	-21.2462	28.5898	0.35109	0.64891	4.580332	0.537538	0.3194	0.179397	0.0489799	0.0386743	0.019582	0.00712969	0	6.035255	1.794518	0.6489096	0.3510904	62.30427
1440	8.12856	-21.5417	29.6703	0.343917	0.656083	3.057082	0.52893	0.322186	0.17887	0.047978	0.0389267	0.0201374	0.00695759	0	4.954748	1.671738	0.6560825	0.3439175	46.96102
1450	8.87584	-23.6481	32.5239	0.268914	0.731086	2.191789	0.532925	0.315434	0.175295	0.0482443	0.0380936	0.0201147	0.00705933	0	2.101095	1.942611	0.7310864	0.2689136	87.62147
1460	8.84081	-23.2443	32.0851	0.117345	0.882655	4.347807	0.528535	0.328243	0.176475	0.0497689	0.038867	0.0200591	0.0071774	0	2.539928	1.877722	0.8826554	0.1173446	75.46093
1470	9.56996	-22.0501	31.62	0.466446	0.533554	2.541512	0.549452	0.319027	0.177511	0.0500532	0.0393932	0.0200292	0.00705858	0	3.004977	1.991904	0.5335541	0.4664459	98.15317
1480	6.99625	-20.5912	27.5874	0.729713	0.270287	2.253085	0.554261	0.321082	0.173203	0.0500556	0.03883	0.0201029	0.0070347	0	7.03759	1.621643	0.2702874	0.7297126	41.84496
1490	8.5252	-20.967	29.4922	0.183053	0.816947	2.191331	0.547822	0.331534	0.179103	0.0495307	0.0391812	0.0200405	0.00723406	0	5.132779	1.751538	0.8169471	0.1830529	56.43365
1500	7.85403	-23.9901	31.8441	0.0834003	0.9166	5.402162	0.54979	0.317077	0.177839	0.0496977	0.0387237	0.0198431	0.00727562	0	2.780896	1.810529	0.9165997	0.08340026	64.64409
1510	7.84254	-24.7266	32.5692	0.475038	0.524962	5.526528	0.544922	0.323542	0.173002	0.0499203	0.0387935	0.0199726	0.00723767	0	2.055826	1.903906	0.5249619	0.4750381	80.15044
1520	6.94761	-25.9708	32.9184	0.916507	0.083493	1.355036	0.547107	0.330151	0.177338	0.0490139	0.037718	0.0201434	0.00713854	0	1.706568	1.69932	0.08349303	0.916507	50.04034
1530	8.30086	-22.9411	31.242	0.156834	0.843166	5.652118	0.544002	0.326486	0.178131	0.0484451	0.0377626	0.0201549	0.00715782	0	3.383056	1.926262	0.8431662	0.1568338	84.38437
1540	8.03263	-20.8495	28.8821	0.308938	0.691062	2.287259	0.553942	0.317413	0.176973	0.0498254	0.0378339	0.0201109	0.00725733	0	5.742868	1.688739	0.6910619	0.3089381	48.83584
1550	6.98632	-25.09	32.0764	0.710668	0.289332	4.799771	0.544647	0.328926	0.173395	0.0493184	0.0390119	0.0198578	0.00724444	0	2.548655	1.656975	0.2893317	0.7106683	45.39157
1560	5.72842	-19.5259	25.2543	0.44431	0.55569	3.709934	0.537328	0.326578	0.175771	0.0497571	0.0392225	0.019998	0.00695402	0	9.37069	1.938501	0.55569	0.44431	86.79624
1570	8.49198	-22.2441	30.7361	0.375408	0.624592	2.597389	0.550544	0.327125	0.175687	0.049331	0.0389941	0.0194654	0.0069415	0	3.888935	1.665231	0.6245918	0.3754082	46.2627
1580	9.25727	-23.0335	32.2908	0.179127	0.820873	2.515428	0.546614	0.316524	0.17789	0.0483784	0.0388111	0.0196214	0.00702703	0	2.33421	1.971873	0.8208726	0.1791274	93.72879
1590	7.82659	-21.4433	29.2699	0.212736	0.787264	5.45255	0.542712	0.3212	0.174977	0.0488183	0.0395613	0.0198709	0.00711544	0	5.355132	1.970778	0.7872637	0.2127363	93.49286
1600	8.60078	-22.7642	31.365	0.494244	0.505756	1.283322	0.529336	0.320104	0.175397	0.0486373	0.0382967	0.0200084	0.00714151	0	3.26003	1.758253	0.5057565	0.4942435	57.31293
1610	8.14515	-22.4656	30.6108	0.696041	0.303959	0.6216546	0.539638	0.322244	0.171437	0.0496473	0.0376783	0.0201063	0.00694265	0	4.014226	1.734949	0.3039587	0.6960413	54.31871
1620	9.01456	-21.8811	30.8957	0.497666	0.502334	3.100132	0.537575	0.316889	0.17322	0.0499476	0.038139	0.0198707	0.00709491	0	3.72934	1.801477	0.5023343	0.4976657	63.31069
1630	8.20715	-21.7986	30.0057	0.709497	0.290503	1.148478	0.533721	0.319933	0.176217	0.0499424	0.0387102	0.0201485	0.00711081	0	4.619297	1.671068	0.2905029	0.7094971	46.88871
1640	7.94604	-20.9837	28.9298	0.637396	0.362604	1.000413	0.535782	0.319906	0.173828	0.0484016	0.0385098	0.0202506	0.00700635	0	5.695226	1.768154	0.3626038	0.6373962	58.63466
1650	9.06538	-22.6644	31.7298	0.45499	0.54501	2.854506	0.530207	0.318477	0.176152	0.0478253	0.0394406	0.020306	0.00707588	0	2.89521	1.816615	0.5450097	0.4549903	65.55637
1660	8.94041	-21.4394	30.3798	0.489464	0.510536	2.953942	0.535861	0.329233	0.172541	0.0490952	0.0388024	0.0193096	0.00722565	0	4.245174	1.800128	0.5105364	0.4894636	63.11432
1670	8.64007	-24.0465	32.6865	0.899167	0.100833	2.341459	0.529608	0.331019	0.172771	0.0497602	0.0393883	0.019416	0.00710378	0	1.938469	1.918816	0.1008335	0.8991665	82.94989
1680	5.93254	-19.6403	25.5728	0.241475	0.758525	0.9184663	0.542963	0.328047	0.171386	0.0499871	0.0386063	0.0194415	0.00695282	0	9.052196	1.991537	0.7585248	0.2414752	98.07019
1690	8.00173	-24.7134	32.7151	0.910222	0.0897782	2.113385	0.543992	0.331306	0.174454	0.0493166	0.0384227	0.0197802	0.00703283	0	1.909903	1.783744	0.0897782	0.9102218	60.77764
1700	5.22883	-25.2141	30.443	0.515133	0.484867	0.6617317	0.541227	0.331561	0.177739	0.050086	0.0379363	0.0198977	0.00706728	0	4.182036	1.135926	0.4848665	0.5151335	13.67495
1710	8.13968	-23.5102	31.6498	0.645252	0.354748	3.635523	0.547648	0.326695	0.173456	0.0484737	0.0394223	0.0198475	0.00712546	0	2.975162	1.677225	0.3547478	0.6452522	47.55819
1720	7.58996	-23.4801	31.07	0.368327	0.631673	5.572546	0.537243	0.324226	0.171619	0.0492975	0.0388938	0.019792	0.00716146	0	3.554983	1.798739	0.6316734	0.3683266	62.91275
1730	9.17362	-21.7616	30.9353	0.868209	0.131791	2.989037	0.537804	0.323076	0.173079	0.0493133	0.0392537	0.0196334	0.00707943	0	3.689748	1.843178	0.1317906	0.8682094	69.69116
1740	8.50188	-20.6639	29.1658	0.998095	0.001905	2.215075	0.544196	0.318133	0.175951	0.0496492	0.0385487	0.0197651	0.00713812	0	5.459206	1.813828	0.001904996	0.998095	65.13701
1750	5.94051	-19.3722	25.3128	0.0330322	0.966968	1.841049	0.542431	0.321144	0.171998	0.0500418	0.0378338	0.0200874	0.0070886	0	9.312249	1.872697	0.9669678	0.03303215	74.59277
1760	7.78616	-21.0385	28.8247	0.132343	0.867657	4.620382	0.550316	0.326187	0.174563	0.0496763	0.039475	0.0196916	0.0071862	0	5.800324	1.868555	0.8676567	0.1323433	73.88485
1770	7.82308	-19.7565	27.5796	0.43145	0.56855	2.488678	0.543789	0.316549	0.17668	0.0502808	0.0392485	0.01981	0.00720759	0	7.045423	1.976348	0.5685497	0.4314503	94.6996
1780	7.16839	-25.5623	32.7307	0.565285	0.434715	0.6879848	0.551547	0.329884	0.179004	0.0497383	0.0391977	0.0195336	0.00720812	0	1.894312	1.803824	0.4347149	0.5652851	63.65381
1790	8.2617	-24.2464	32.5081	0.163808	0.836192	1.313949	0.542269	0.318005	0.175438	0.0487478	0.0395383	0.0196292	0.00729389	0	2.11687	1.878868	0.8361924	0.1638076	75.66033
1800	8.88751	-22.3196	31.2071	0.872298	0.127702	1.618328	0.552561	0.327121	0.172344	0.0490029	0.0393777	0.0194417	0.00712785	0	3.417933	1.806671	0.1277015	0.8722985	64.07245
1810	9.20212	-21.1657	30.3678	0.963774	0.0362259	2.228075	0.55388	0.321838	0.177554	0.0494309	0.0383878	0.0198475	0.00707963	0	4.257224	1.910315	0.03622589	0.9637741	81.34195
1820	8.4046	-20.4944	28.899	0.684096	0.315904	1.997139	0.537358	0.32288	0.176164	0.0499122	0.0386302	0.0202591	0.00693869	0	5.726037	1.852698	0.3159041	0.6840959	71.23572
1830	6.92422	-22.4964	29.4207	0.645504	0.354496	4.467262	0.529163	0.327756	0.179224	0.0495422	0.0376815	0.0202305	0.00698066	0	5.204354	1.635934	0.3544958	0.6455042	43.24483
1840	7.292	-20.8164	28.1084	0.751848	0.248152	3.111357	0.532502	0.324482	0.178147	0.0496934	0.0381219	0.019772	0.00707806	0	6.516639	1.673791	0.2481519	0.7518481	47.18355
1850	7.40996	-24.2438	31.6538	0.788844	0.211156	0.9025844	0.540567	0.322422	0.17544	0.0493291	0.0386924	0.0196539	0.00693577	0	2.971212	1.525713	0.2111561	0.7888439	33.55158
1860	8.00346	-22.0725	30.0759	0.845317	0.154683	1.092337	0.543923	0.329385	0.172707	0.0479533	0.0377181	0.0194829	0.00720452	0	4.549087	1.608849	0.1546825	0.8453175	40.63025
1870	7.09009	-22.2485	29.3386	0.632107	0.367893	4.902379	0.544711	0.331905	0.177671	0.0501167	0.0376031	0.0194911	0.00720379	0	5.286437	1.720282	0.367893	0.632107	52.5148
1880	8.44468	-22.4501	30.8948	0.163532	0.836468	4.122531	0.535712	0.328749	0.179739	0.0496133	0.0381882	0.0193819	0.00707245	0	3.730223	1.758795	0.836468	0.163532	57.38451
1890	6.81566	-20.5889	27.4045	0.203038	0.796962	1.419937	0.532446	0.325096	0.178146	0.0496669	0.0386282	0.0197901	0.00699076	0	7.220478	1.588543	0.7969625	0.2030375	38.77419
1900	9.32325	-22.3228	31.6461	0.305852	0.694148	3.202432	0.540504	0.330344	0.179395	0.0501458	0.0390759	0.0193728	0.0071509	0	2.978935	1.887612	0.6941478	0.3058522	77.19909
1910	8.29225	-23.0802	31.3724	0.986407	0.0135929	1.767336	0.550467	0.321415	0.17549	0.0498301	0.0385781	0.0201723	0.00711306	0	3.252598	1.635409	0.01359286	0.9864071	43.19255
1920	6.67239	-23.3479	30.0203	0.146515	0.853485	5.077344	0.543972	0.321609	0.177013	0.0497727	0.0376122	0.0199075	0.00728379	0	4.604725	1.626974	0.8534854	0.1465146	42.36174
1930	9.10799	-22.434	31.542	0.33823	0.66177	1.49066	0.55162	0.31957	0.171688	0.0496846	0.0380494	0.0199632	0.00722832	0	3.083006	1.958748	0.66177	0.33823	90.93863
1940	7.84926	-22.5521	30.4014	0.804576	0.195424	4.637199	0.55161	0.318673	0.172491	0.0496757	0.0386002	0.0195766	0.00716621	0	4.223605	1.74268	0.1954242	0.8045758	55.29422
1950	8.84537	-20.7556	29.601	0.396931	0.603069	2.216069	0.541647	0.317748	0.176101	0.04862	0.0393324	0.019522	0.00725892	0	5.02404	1.86774	0.6030688	0.3969312	73.74621
1960	8.57774	-22.4847	31.0624	0.799177	0.200823	0.742073	0.540222	0.324942	0.178709	0.0495814	0.0388069	0.0198762	0.00713349	0	3.562592	1.944124	0.2008234	0.7991766	87.92738
1970	7.04983	-25.2564	32.3063	0.808909	0.191091	0.2677888	0.530177	0.327432	0.172249	0.0494345	0.0385947	0.0194083	0.00729541	0	2.318757	1.702877	0.1910907	0.8089093	50.45188
1980	8.92918	-20.8738	29.803	0.578066	0.421934	2.308364	0.539201	0.317186	0.177997	0.0488448	0.0380041	0.0196048	0.0072716	0	4.821981	1.86135	0.4219341	0.5780659	72.66917
1990	6.73842	-25.1618	31.9002	0.233771	0.766229	1.294252	0.530419	0.325901	0.177924	0.0478726	0.0378544	0.019993	0.00726117	0	2.724828	1.356069	0.7662289	0.2337711	22.70223
2000	8.31255	-22.3209	30.6334	0.150772	0.849228	4.221	0.534474	0.318316	0.179777	0.050263	0.0382869	0.0199532	0.00709259	0	3.991584	1.751076	0.8492281	0.1507719	56.37365
2010	7.63535	-25.054	32.6893	0.0466912	0.953309	3.112162	0.539019	0.324925	0.174763	0.0498459	0.0389612	0.0200002	0.00707553	0	1.93569	1.645903	0.9533088	0.04669115	44.249
2020	7.73577	-23.3541	31.0899	0.179159	0.820841	1.195318	0.544547	0.318433	0.177118	0.0490305	0.0377213	0.0199032	0.00719228	0	3.535122	1.488417	0.820841	0.179159	30.79054
2030	7.97203	-24.7256	32.6977	0.375269	0.624731	5.85089	0.534066	0.318982	0.175483	0.0481408	0.038349	0.0198834	0.00705969	0	1.927331	1.99309	0.6247312	0.3752688	98.42157
2040	9.46537	-22.3151	31.7804	0.232909	0.767091	2.715258	0.531099	0.324761	0.172661	0.0483269	0.0391902	0.0199413	0.00704086	0	2.844583	1.946798	0.7670912	0.2329088	88.47031
2050	9.11327	-21.0601	30.1734	0.892873	0.107127	3.549873	0.543881	0.318977	0.17415	0.0482144	0.0395444	0.0193784	0.00695253	0	4.451602	1.927699	0.1071266	0.8928734	84.66398
2060	8.59444	-22.9503	31.5448	0.328638	0.671362	3.211687	0.529981	0.319288	0.175464	0.0498065	0.0388155	0.0193206	0.00725613	0	3.080252	1.710331	0.6713616	0.3286384	51.32527
2070	7.28979	-21.4462	28.736	0.739072	0.260928	3.644016	0.543973	0.319509	0.175786	0.0493033	0.0392653	0.0193157	0.00725411	0	5.888982	1.649348	0.2609282	0.7390718	44.60131
2080	6.15193	-26.998	33.1499	0.867435	0.132565	1.221566	0.539751	0.317344	0.177712	0.0491381	0.0395269	0.0197755	0.00726972	0	1.475088	1.665202	0.1325651	0.8674349	46.25964
2090	6.92492	-25.3722	32.2971	0.67195	0.32805	3.083334	0.554634	0.326443	0.173596	0.0492007	0.0393599	0.0195275	0.00712777	0	2.327931	1.527354	0.3280496	0.6719504	33.67859
2100	9.14044	-21.4448	30.5852	0.547261	0.452739	4.177212	0.528744	0.324448	0.175217	0.0502463	0.0393724	0.0197916	0.00728264	0	4.03977	1.942544	0.4527392	0.5472608	87.60799
2110	3.99748	-29.902	33.8995	0.287721	0.712279	4.764983	0.541885	0.327893	0.177838	0.0488481	0.0386346	0.0194719	0.00728705	0	0.7254936	1.831046	0.7122791	0.2877209	67.77137
2120	8.21223	-20.7492	28.9614	0.516021	0.483979	1.316486	0.53297	0.325981	0.175146	0.0493875	0.0381313	0.0198732	0.00721904	0	5.663575	1.824863	0.4839789	0.5160211	66.81325
2130	8.68289	-23.7023	32.3852	0.726821	0.273179	2.99689	0.528253	0.323951	0.175514	0.0490939	0.0390605	0.0199954	0.00726313	0	2.23981	1.815997	0.2731795	0.7268205	65.46322
2140	8.50564	-23.3345	31.8401	0.235453	0.764547	3.05381	0.542608	0.320884	0.176686	0.0494406	0.0385123	0.0198865	0.00708488	0	2.784871	1.700293	0.7645466	0.2354534	50.15251
2150	8.28537	-23.1252	31.4106	0.399181	0.600819	0.7675959	0.551001	0.327531	0.177059	0.0496982	0.0381519	0.0198188	0.00713027	0	3.214435	1.770559	0.6008187	0.3991813	58.96027
2160	8.4746	-20.5418	29.0164	0.207709	0.792291	2.953449	0.538685	0.324925	0.179725	0.0493724	0.0385496	0.0203025	0.00699349	0	5.608654	1.845927	0.7922913	0.2077087	70.13374
2170	8.51248	-23.578	32.0905	0.613885	0.386115	1.283651	0.55394	0.32865	0.176173	0.0478317	0.0384534	0.0198578	0.00701245	0	2.534538	1.85353	0.3861154	0.6138846	71.37242
2180	6.15883	-25.0327	31.1915	0.92224	0.07776	2.909895	0.531061	0.325799	0.174172	0.0493195	0.0390211	0.019778	0.00727206	0	3.433462	1.371246	0.07775998	0.92224	23.50963
2190	9.3301	-22.6037	31.9338	0.608258	0.391742	3.868114	0.536221	0.328445	0.172108	0.0484479	0.0393072	0.019911	0.00724509	0	2.691194	1.943379	0.3917421	0.6082579	87.77665
2200	9.49072	-21.3276	30.8183	0.580631	0.419369	3.31584	0.530518	0.329523	0.172683	0.0482174	0.038775	0.0199309	0.00727334	0	3.806695	1.958745	0.4193693	0.5806307	90.93784
2210	9.40128	-21.6657	31.067	0.53057	0.46943	3.304102	0.537123	0.323732	0.174432	0.0491616	0.0390305	0.0202961	0.00705321	0	3.558023	1.917303	0.4694301	0.5305699	82.66153
2220	7.84968	-22.7409	30.5906	0.918762	0.081238	2.813836	0.547741	0.324081	0.174709	0.0492524	0.0385773	0.0193737	0.00713508	0	4.03439	1.571395	0.08123801	0.918762	37.27305
2230	5.78054	-19.4184	25.1989	0.380262	0.619738	3.071585	0.548403	0.320785	0.173546	0.0485253	0.0390051	0.0194409	0.00717763	0	9.42611	1.869992	0.6197385	0.3802615	74.12971
2240	9.07707	-20.7371	29.8141	0.316793	0.683207	3.197398	0.527286	0.317251	0.172718	0.0485267	0.0388933	0.0198721	0.00710403	0	4.810877	1.93768	0.683207	0.316793	86.63242
2250	7.84305	-21.8321	29.6752	0.212477	0.787523	1.200286	0.530067	0.318432	0.172711	0.0496091	0.038484	0.019547	0.00718581	0	4.949827	1.564142	0.7875232	0.2124768	36.65574
2260	8.48774	-24.297	32.7848	0.0892634	0.910737	1.956896	0.530875	0.319283	0.175294	0.0496083	0.0382566	0.0201612	0.00696986	0	1.840243	1.961141	0.9107366	0.08926336	91.44107
2270	7.74256	-22.9827	30.7253	0.875281	0.124719	2.441878	0.542599	0.323347	0.178901	0.0500096	0.0383605	0.019384	0.00696787	0	3.899722	1.53702	0.1247195	0.8752805	34.43658
2280	9.10337	-21.324	30.4274	0.558234	0.441766	2.15188	0.535779	0.326508	0.179908	0.0493117	0.0376878	0.019686	0.00697893	0	4.197618	1.86652	0.4417665	0.5582335	73.5394
2290	5.25528	-19.102	24.3573	0.854185	0.145815	2.508803	0.550278	0.331926	0.177333	0.0495763	0.0385313	0.0196669	0.00700521	0	10.2677	1.948042	0.145815	0.854185	88.72416
2300	8.67137	-20.3843	29.0556	0.0241793	0.975821	3.032229	0.549465	0.323372	0.177181	0.049534	0.0387572	0.0198499	0.00715638	0	5.569383	1.920058	0.9758207	0.02417928	83.18742
2310	8.50969	-23.5285	32.0382	0.795462	0.204538	3.765346	0.538139	0.318713	0.171063	0.0500098	0.0390654	0.0196376	0.00727011	0	2.586778	1.775482	0.2045379	0.7954621	59.63233
2320	8.84136	-21.6526	30.4939	0.590971	0.409029	2.984796	0.546282	0.319435	0.175134	0.0498067	0.0380902	0.0195066	0.00726512	0	4.131071	1.767217	0.4090293	0.5909707	58.50821
2330	7.98313	-23.7675	31.7506	0.167465	0.832535	6.119514	0.537737	0.329853	0.17327	0.0485186	0.037968	0.0195562	0.00716297	0	2.874373	1.945043	0.8325354	0.1674646	88.11365
2340	5.5078	-21.3332	26.841	0.718888	0.281112	5.878361	0.549305	0.322898	0.173659	0.0478171	0.0394032	0.0195325	0.00694826	0	7.784003	1.911286	0.281112	0.718888	81.52419
2350	8.93822	-21.0529	29.9912	0.864208	0.135792	2.372011	0.548611	0.322074	0.171935	0.0494749	0.0392755	0.0194409	0.00703905	0	4.633853	1.842943	0.1357921	0.8642079	69.65358
2360	9.44144	-21.5034	30.9448	0.333964	0.666036	3.269919	0.538591	0.324563	0.173383	0.0489962	0.0394336	0.019509	0.00720353	0	3.680201	1.930159	0.6660356	0.3339644	85.14491
2370	6.12344	-25.6547	31.7781	0.204202	0.795798	3.775518	0.550956	0.327058	0.173722	0.0483949	0.039186	0.0196023	0.00728804	0	2.846876	1.408504	0.795798	0.204202	25.61555
2380	6.33965	-20.3121	26.6517	0.460618	0.539382	0.3603643	0.549862	0.330592	0.17296	0.0481105	0.0395215	0.0198728	0.00709394	0	7.973285	1.893665	0.5393817	0.4606183	78.2826
2390	5.9224	-27.6024	33.5248	0.256239	0.743761	2.566275	0.54357	0.330433	0.175228	0.0491727	0.0393838	0.0196532	0.00726352	0	1.100203	1.720731	0.7437612	0.2562388	52.56921
2400	8.08187	-20.7373	28.8192	0.93023	0.0697704	1.294085	0.552589	0.329118	0.179898	0.0485642	0.0381657	0.020249	0.00724272	0	5.805831	1.795344	0.06977042	0.9302296	62.42291
2410	7.28862	-21.2004	28.489	0.651512	0.348488	0.2619005	0.550514	0.322421	0.17644	0.0491141	0.0384137	0.0202597	0.00723667	0	6.136025	1.786096	0.3484876	0.6515124	61.10768
2420	9.38905	-22.9298	32.3188	0.854412	0.145588	2.83183	0.54295	0.325084	0.173615	0.0487664	0.0379358	0.0198159	0.00727325	0	2.306184	1.999645	0.1455883	0.8544117	99.9183
2430	8.45899	-22.5754	31.0344	0.307637	0.692363	5.23347	0.532452	0.318215	0.177779	0.049032	0.0376933	0.0197264	0.00714443	0	3.590634	1.902868	0.6923627	0.3076373	79.95918
2440	7.82388	-24.9365	32.7604	0.811029	0.188971	4.295821	0.541273	0.322381	0.172036	0.0497033	0.0394616	0.0196345	0.00693748	0	1.864657	1.823365	0.1889707	0.8110293	66.58324
2450	8.69145	-20.9363	29.6278	0.310028	0.689972	2.808778	0.540984	0.328473	0.179473	0.0489296	0.0383437	0.0195473	0.00718311	0	4.997231	1.801683	0.6899716	0.3100284	63.34075
2460	8.92116	-20.7955	29.7167	0.67601	0.32399	2.088885	0.528781	0.331286	0.179377	0.0489688	0.0383284	0.0193927	0.00702927	0	4.908319	1.904994	0.32399	0.67601	80.35149
2470	7.42197	-25.8311	33.2531	0.766951	0.233049	2.259104	0.530973	0.32986	0.174758	0.049654	0.0380166	0.0199411	0.00706101	0	1.371958	1.901766	0.2330493	0.7669507	79.75657
2480	9.20906	-21.4047	30.6137	0.102241	0.897759	3.589314	0.549216	0.315719	0.177351	0.0493929	0.0384282	0.0199918	0.00702597	0	4.011269	1.902593	0.8977589	0.1022411	79.90854
2490	8.73445	-22.4319	31.1663	0.974809	0.0251907	0.9550381	0.532395	0.316121	0.175199	0.0488664	0.0392442	0.0200964	0.00697057	0	3.458683	1.938951	0.02519065	0.9748093	86.88617
2500	6.81741	-21.9876	28.805	0.298362	0.701638	0.07947854	0.542016	0.317715	0.17519	0.049221	0.0395616	0.0203075	0.00699876	0	5.819965	1.507767	0.7016378	0.2983622	32.1934
2510	7.7759	-23.1146	30.8905	0.596358	0.403642	0.1329091	0.527337	0.324498	0.17313	0.049315	0.0381203	0.0202038	0.00712381	0	3.734527	1.76383	0.4036416	0.5963584	58.05369
2520	6.94684	-21.384	28.3309	0.0136463	0.986354	0.3739403	0.528177	0.323773	0.174182	0.0499495	0.0394984	0.0198407	0.00709592	0	6.29415	1.556904	0.9863537	0.01364628	36.04993
2530	8.84488	-23.4709	32.3158	0.599824	0.400176	3.776306	0.52732	0.320569	0.171395	0.0492878	0.0384211	0.0203013	0.00717338	0	2.309216	1.870714	0.4001761	0.5998239	74.25298
2540	9.46744	-21.8379	31.3053	0.460492	0.539508	2.627321	0.540353	0.321656	0.176408	0.0486132	0.0391251	0.0201172	0.00704463	0	3.31969	1.931468	0.5395083	0.4604917	85.40209
2550	8.52255	-22.9551	31.4777	0.71813	0.28187	5.130021	0.554237	0.323475	0.179238	0.0491783	0.039064	0.0198196	0.00701464	0	3.147331	1.901129	0.2818702	0.7181298	79.63962
2560	7.53354	-24.1635	31.697	0.028616	0.971384	5.919263	0.54187	0.318767	0.175503	0.0493496	0.0391277	0.0199836	0.00695322	0	2.928006	1.835546	0.971384	0.028616	68.47713
2570	6.14033	-22.1464	28.2867	0.13506	0.86494	1.102881	0.531349	0.316812	0.173632	0.0502376	0.0392774	0.0202234	0.00701955	0	6.338292	1.313893	0.8649396	0.1350604	20.60122
2580	8.85429	-20.7175	29.5718	0.734688	0.265312	2.001665	0.52788	0.322335	0.172902	0.0500289	0.0389815	0.0201548	0.00698598	0	5.053236	1.916131	0.2653118	0.7346882	82.43859
2590	8.75694	-23.0537	31.8106	0.599965	0.400035	1.155115	0.536277	0.317501	0.176959	0.0484794	0.0391152	0.0198281	0.00717681	0	2.814417	1.939971	0.4000347	0.5999653	87.09044
2600	7.12221	-24.127	31.2493	0.490984	0.509016	5.253688	0.545311	0.322953	0.174113	0.0479735	0.0391135	0.0202195	0.00724497	0	3.375756	1.687979	0.5090161	0.4909839	48.75049
2610	8.66755	-20.5428	29.2104	0.971236	0.0287636	2.148477	0.537421	0.327832	0.175071	0.0499852	0.0393056	0.0200281	0.00722291	0	5.414615	1.881516	0.02876365	0.9712364	76.12298
2620	8.46625	-20.1499	28.6162	0.46501	0.53499	3.308014	0.535035	0.316534	0.174822	0.0496808	0.038438	0.0200237	0.0072496	0	6.008851	1.973477	0.5349897	0.4650103	94.07556
2630	7.16271	-25.2119	32.3746	0.443535	0.556465	4.860188	0.536843	0.330394	0.171115	0.0479066	0.0385852	0.0201181	0.00722791	0	2.250443	1.701994	0.5564646	0.4435354	50.34937
2640	9.01896	-21.0785	30.0975	0.443771	0.556229	2.982554	0.536357	0.330829	0.173296	0.0496715	0.0380587	0.0202222	0.00706273	0	4.527534	1.858944	0.5562289	0.4437711	72.26767
2650	8.83628	-22.4504	31.2867	0.631205	0.368795	1.522158	0.534114	0.323301	0.172645	0.049552	0.038312	0.0200468	0.00728114	0	3.338318	1.796287	0.3687952	0.6312048	62.55859
2660	8.65103	-21.7568	30.4078	0.844397	0.155603	4.203258	0.527713	0.330802	0.17293	0.0494396	0.0385627	0.0196892	0.00724259	0	4.217231	1.837698	0.1556026	0.8443974	68.81729
2670	8.98084	-21.2555	30.2363	0.325965	0.674035	3.956528	0.52857	0.322539	0.173449	0.0494231	0.0390462	0.0196748	0.00726377	0	4.388668	1.90366	0.6740346	0.3259654	80.10509
2680	8.79167	-22.8991	31.6907	0.841586	0.158414	5.027873	0.532543	0.330236	0.177289	0.0479316	0.0378786	0.0193704	0.00714728	0	2.93428	1.942966	0.1584137	0.8415863	87.69324
2690	6.24122	-27.2232	33.4645	0.0521987	0.947801	1.603663	0.537662	0.327249	0.177192	0.0492272	0.0394914	0.0196136	0.00702821	0	1.160546	1.840646	0.9478013	0.05219865	69.28601
2700	7.95663	-23.9415	31.8981	0.928196	0.0718042	4.602236	0.536755	0.318234	0.177467	0.0494615	0.0390701	0.0193731	0.0070345	0	2.726922	1.763631	0.07180425	0.9281958	58.02715
2710	7.88699	-21.4247	29.3117	0.161523	0.838477	3.49549	0.527977	0.321297	0.175554	0.0500908	0.0392593	0.0194236	0.00707371	0	5.313332	1.687077	0.8384771	0.1615229	48.64932
2720	8.38877	-24.3307	32.7195	0.377136	0.622864	1.699232	0.541164	0.324137	0.175805	0.0489444	0.0386722	0.0196802	0.00711393	0	1.90551	1.946763	0.6228641	0.3771359	88.46335
2730	8.97371	-23.2796	32.2533	0.143095	0.856905	4.437985	0.550584	0.322484	0.179455	0.0483517	0.0395631	0.0197417	0.00710759	0	2.371711	1.93756	0.8569049	0.1430951	86.60841
2740	9.11931	-22.2523	31.3717	0.826775	0.173225	3.961038	0.554407	0.327094	0.176899	0.0489668	0.0389799	0.019475	0.00719136	0	3.253358	1.88373	0.1732255	0.8267745	76.51214
2750	6.19708	-24.1631	30.3602	0.363546	0.636454	2.188109	0.546271	0.325201	0.173362	0.0490103	0.0394845	0.019409	0.00722122	0	4.264829	1.29234	0.6364545	0.3635455	19.6038
2760	9.15969	-20.6202	29.7798	0.171932	0.828068	3.286556	0.547119	0.324227	0.174806	0.0482142	0.0392033	0.0203026	0.00708933	0	4.845167	1.991834	0.8280678	0.1719322	98.13727
2770	9.37993	-22.5635	31.9435	0.920336	0.0796639	4.278094	0.527566	0.326704	0.175578	0.0480674	0.0392325	0.0202223	0.00725422	0	2.681548	1.994106	0.07966394	0.9203361	98.65192
2780	7.80111	-24.2693	32.0705	0.614134	0.385866	5.578524	0.535859	0.326747	0.175549	0.0479175	0.0385089	0.0200309	0.00729454	0	2.554554	1.852746	0.3858664	0.6141336	71.24359
2790	9.11022	-20.7669	29.8771	0.543768	0.456232	2.932108	0.528174	0.331961	0.171957	0.0494123	0.0376703	0.0193325	0.00726647	0	4.747926	1.923498	0.4562323	0.5437677	83.84907
2800	8.64375	-20.3827	29.0264	0.983401	0.0165988	3.786482	0.527381	0.329445	0.174441	0.0486082	0.0377618	0.019472	0.00715492	0	5.59858	1.999146	0.01659882	0.9834012	99.80346
2810	7.71642	-24.1462	31.8626	0.695827	0.304173	2.790048	0.537073	0.330758	0.178749	0.0488051	0.0388407	0.0197215	0.00723565	0	2.762438	1.572718	0.3041731	0.6958269	37.38674
2820	9.24953	-23.1245	32.374	0.997991	0.00200887	3.307899	0.530204	0.323987	0.178917	0.0502374	0.0388648	0.0201405	0.00728351	0	2.25102	1.959248	0.002008874	0.9979911	91.04323
2830	9.10446	-21.2581	30.3626	0.91006	0.0899404	2.256852	0.541374	0.331944	0.17388	0.0486769	0.038522	0.0193028	0.00722847	0	4.262441	1.85922	0.08994038	0.9100596	72.31361
2840	9.42386	-21.0845	30.5083	0.315183	0.684817	3.347668	0.527772	0.324218	0.173152	0.0480566	0.0384861	0.0195788	0.00713434	0	4.116686	1.975504	0.6848172	0.3151828	94.51569
2850	7.64444	-20.1589	27.8034	0.666911	0.333089	2.671847	0.531483	0.327067	0.17328	0.0488864	0.0390968	0.0193987	0.00719878	0	6.821655	1.793364	0.333089	0.666911	62.1389
2860	8.4443	-24.2556	32.6999	0.101639	0.898361	3.375463	0.545893	0.324378	0.178766	0.0491865	0.0376337	0.0194041	0.00726547	0	1.925066	1.828026	0.8983607	0.1016393	67.30174
2870	8.2174	-23.9255	32.1429	0.00396557	0.996034	0.896252	0.551161	0.329551	0.17676	0.0493685	0.0387958	0.0200205	0.00701023	0	2.482131	1.857084	0.9960344	0.003965569	71.95875
2880	7.82917	-23.3289	31.158	0.989173	0.0108275	0.2652089	0.547147	0.327995	0.177073	0.0497335	0.0384992	0.0199877	0.00699143	0	3.466971	1.75063	0.01082748	0.9891725	56.31575
2890	8.6827	-23.1261	31.8088	0.37051	0.62949	4.787663	0.537434	0.325887	0.178908	0.0486257	0.0393492	0.0201503	0.00694905	0	2.816187	1.890333	0.6294904	0.3705096	77.6842
2900	9.09818	-23.5652	32.6633	0.685402	0.314598	3.656627	0.538322	0.321988	0.178898	0.0480555	0.0391215	0.0203078	0.00714757	0	1.961668	1.99936	0.3145978	0.6854022	99.85271
2910	7.65193	-23.6368	31.2887	0.576485	0.423515	4.737279	0.542218	0.32542	0.176652	0.0493619	0.0390095	0.0198682	0.00695817	0	3.336281	1.708335	0.4235151	0.5764849	51.08984
2920	8.82833	-23.0344	31.8627	0.749721	0.250279	2.558627	0.531036	0.330909	0.179338	0.0485401	0.0378914	0.0195384	0.00722399	0	2.762259	1.773152	0.250279	0.749721	59.31328
2930	8.29436	-22.8313	31.1256	0.242966	0.757034	5.821048	0.528099	0.326759	0.171845	0.0488675	0.0378676	0.0197834	0.00725959	0	3.499397	1.957952	0.7570339	0.2429661	90.77193
2940	7.9869	-23.918	31.9049	0.197003	0.802997	4.249461	0.532317	0.331591	0.171853	0.0498957	0.0380999	0.0202749	0.00727632	0	2.720144	1.700504	0.8029969	0.1970031	50.17693
2950	8.43765	-21.8745	30.3122	0.37311	0.62689	0.9388606	0.529295	0.328345	0.172223	0.049653	0.0380797	0.0198626	0.00700375	0	4.312858	1.787411	0.6268898	0.3731102	61.29301
2960	8.97059	-22.7173	31.6879	0.352684	0.647316	4.466746	0.539124	0.329836	0.173218	0.0485348	0.0379196	0.0195291	0.00701228	0	2.937125	1.908683	0.6473162	0.3526838	81.0369
2970	8.66869	-20.605	29.2737	0.525316	0.474684	2.305308	0.53162	0.325644	0.175472	0.048416	0.0376006	0.0194139	0.00696458	0	5.351275	1.867043	0.4746845	0.5253155	73.62804
2980	8.06551	-20.388	28.4535	0.790599	0.209401	3.924341	0.527417	0.318598	0.17223	0.0500511	0.0391824	0.0196494	0.00695662	0	6.171504	1.932482	0.2094009	0.7905991	85.60167
2990	6.72655	-20.3012	27.0278	0.329512	0.670488	4.28821	0.544128	0.322009	0.173511	0.0498828	0.038902	0.0199195	0.00707051	0	7.59721	1.869707	0.670488	0.329512	74.08096
3000	7.53029	-21.7552	29.2855	0.521608	0.478392	1.134819	0.540628	0.331539	0.173293	0.0487317	0.0381231	0.0197678	0.00696155	0	5.339509	1.538491	0.4783917	0.5216083	34.55345
3010	8.65075	-20.6055	29.2562	0.548438	0.451562	2.138492	0.553342	0.326359	0.171698	0.048205	0.0377249	0.0196783	0.00700531	0	5.368791	1.870015	0.4515621	0.5484379	74.13363
3020	8.75744	-20.7641	29.5215	0.0905606	0.909439	3.041243	0.554397	0.322659	0.173105	0.0492344	0.0380503	0.0201392	0.00696114	0	5.103494	1.858598	0.9094394	0.09056063	72.2101
3030	7.16932	-23.8675	31.0369	0.344632	0.655368	4.024352	0.551094	0.327396	0.173777	0.0484225	0.0381622	0.0200413	0.00707553	0	3.588153	1.554887	0.6553676	0.3446324	35.88287
3040	8.0624	-20.7345	28.7969	0.0882755	0.911725	4.686786	0.545515	0.326871	0.172316	0.0496054	0.0389667	0.0201873	0.00718407	0	5.828073	1.975009	0.9117245	0.08827548	94.408
3050	9.0704	-20.6734	29.7438	0.516919	0.483081	2.215564	0.542204	0.330852	0.174437	0.0502949	0.0388029	0.0200623	0.00726172	0	4.881201	1.962821	0.4830811	0.5169189	91.7954
3060	8.93673	-21.8329	30.7697	0.457084	0.542916	1.187307	0.535408	0.318539	0.171824	0.0500037	0.0376146	0.019675	0.00709777	0	3.855355	1.969269	0.5429159	0.4570841	93.1684
3070	6.26309	-20.2287	26.4918	0.140363	0.859637	3.743863	0.527295	0.324076	0.170987	0.0491477	0.0376249	0.0196489	0.00727239	0	8.133253	1.754498	0.859637	0.140363	56.81959
3080	8.56598	-21.8321	30.398	0.901775	0.0982254	4.51623	0.552216	0.320947	0.170965	0.0494768	0.0383549	0.0193582	0.00727491	0	4.226964	1.859964	0.09822542	0.9017746	72.43756
3090	8.62835	-23.2438	31.8721	0.703998	0.296002	1.385701	0.548977	0.315877	0.173086	0.0498403	0.0387892	0.019564	0.00698196	0	2.752884	1.824695	0.2960024	0.7039976	66.78742
3100	7.06891	-25.9053	32.9742	0.931525	0.0684748	2.426813	0.548378	0.319411	0.173398	0.0479642	0.0386052	0.0202068	0.00705667	0	1.650831	1.684937	0.06847484	0.9315252	48.41026
3110	9.47558	-22.4141	31.8897	0.831029	0.168971	2.520714	0.548236	0.321429	0.177972	0.0485172	0.037735	0.0194923	0.00702068	0	2.735281	1.984978	0.1689712	0.8310288	96.60025
3120	8.51133	-23.9148	32.4261	0.1476	0.8524	1.416234	0.537151	0.33138	0.178395	0.0496249	0.038272	0.0201354	0.00696638	0	2.198926	1.931062	0.8524004	0.1475996	85.32228
3130	9.32499	-21.905	31.23	0.595221	0.404779	3.560382	0.547997	0.326741	0.174049	0.0495442	0.0377657	0.0200229	0.00706771	0	3.395006	1.906355	0.4047788	0.5952212	80.60365
3140	8.31786	-22.1917	30.5096	0.00154633	0.998454	2.029835	0.544041	0.319976	0.178512	0.0501394	0.0379355	0.0202068	0.00721098	0	4.115431	1.591555	0.9984537	0.001546331	39.04405
3150	8.87454	-20.8775	29.7521	0.256883	0.743117	3.547957	0.546852	0.321105	0.179743	0.0482459	0.0376763	0.0202194	0.00714382	0	4.872929	1.895542	0.7431171	0.2568829	78.62162
3160	7.79455	-21.5601	29.3546	0.611142	0.388858	2.488212	0.552426	0.320866	0.178604	0.0478809	0.0376377	0.0202823	0.00706729	0	5.270371	1.596703	0.388858	0.611142	39.50966
3170	7.07698	-23.9965	31.0735	0.0856108	0.914389	0.483643	0.542391	0.330139	0.17596	0.048155	0.0379495	0.0201927	0.00706724	0	3.551515	1.38349	0.9143892	0.08561077	24.18188
3180	7.20893	-25.0197	32.2287	0.540985	0.459015	0.1171447	0.552347	0.329417	0.172674	0.0490305	0.0380467	0.0200085	0.0070619	0	2.39633	1.81773	0.4590146	0.5409854	65.72488
3190	8.19126	-21.7326	29.9239	0.181178	0.818822	0.4624231	0.549873	0.327821	0.170996	0.0483191	0.0386484	0.0202858	0.00695153	0	4.701101	1.985053	0.818822	0.181178	96.61679
3200	7.48374	-20.8916	28.3753	0.635584	0.364416	0.4366833	0.532491	0.327776	0.171438	0.048303	0.0388799	0.0197329	0.0069704	0	6.249695	1.955401	0.3644164	0.6355836	90.24045
3210	8.4988	-22.6933	31.1921	0.200629	0.799371	1.394556	0.532836	0.32476	0.176627	0.0487152	0.0388075	0.0195209	0.00704479	0	3.432932	1.688895	0.7993707	0.2006293	48.85342
3220	7.43713	-24.7202	32.1573	0.39433	0.60567	0.6048488	0.537426	0.329469	0.175398	0.0491133	0.0376427	0.0200549	0.00719329	0	2.467722	1.651447	0.6056698	0.3943302	44.81744
3230	6.35714	-25.3702	31.7273	0.143913	0.856087	0.8869262	0.544596	0.321523	0.176913	0.0499417	0.0382974	0.0201113	0.00698413	0	2.89766	1.271343	0.8560871	0.1439129	18.67856
3240	6.89795	-22.5254	29.4233	0.224623	0.775377	0.4908405	0.534927	0.331047	0.17505	0.0488564	0.0376691	0.0198425	0.00704425	0	5.201689	1.397835	0.7753772	0.2246228	24.99393
3250	8.89057	-23.6172	32.5078	0.158606	0.841394	2.121298	0.537982	0.328348	0.175274	0.050137	0.0380885	0.0200908	0.00725342	0	2.117238	1.943094	0.8413944	0.1586056	87.719
3260	0.603774	-31.7954	32.3991	0.160094	0.839906	10.4632	0.527373	0.323624	0.174007	0.0492424	0.038577	0.0199543	0.0070922	0	2.225868	1.774272	0.8399059	0.1600941	59.46645
3270	8.5862	-21.1561	29.7423	0.458914	0.541086	3.82858	0.528688	0.321104	0.17301	0.0497147	0.0382807	0.0194864	0.00704672	0	4.88272	1.846102	0.5410858	0.4589142	70.16205
3280	9.30404	-21.3096	30.6137	0.882458	0.117542	3.298108	0.537282	0.320656	0.171295	0.0497417	0.0382092	0.0198778	0.00699053	0	4.011322	1.921753	0.1175425	0.8824575	83.51276
3290	7.87801	-20.6032	28.4812	0.00209173	0.997908	1.035078	0.552923	0.330347	0.174186	0.0499684	0.0379752	0.01957	0.00696716	0	6.14382	1.872232	0.9979083	0.002091725	74.51301
3300	7.22376	-19.8414	27.0652	0.853673	0.146327	2.672282	0.550439	0.32999	0.17512	0.0497723	0.0378781	0.0203005	0.00698173	0	7.559853	1.840624	0.1463269	0.8536731	69.28264
3310	6.37122	-19.7454	26.1167	0.805268	0.194732	2.185695	0.554457	0.325367	0.173414	0.0501273	0.0377946	0.0202936	0.00696362	0	8.508359	1.752626	0.1947323	0.8052677	56.57516
3320	6.53914	-23.2263	29.7655	0.110565	0.889435	4.907704	0.548843	0.326397	0.170982	0.0493964	0.038184	0.0200399	0.00695833	0	4.859554	1.605006	0.8894347	0.1105653	40.2723
3330	8.74877	-23.668	32.4167	0.559563	0.440437	2.175434	0.54295	0.327309	0.173093	0.0501088	0.0379294	0.0201466	0.0070773	0	2.208269	1.869964	0.4404367	0.5595633	74.12496
3340	9.31367	-22.1477	31.4614	0.0629058	0.937094	3.800134	0.549044	0.327149	0.172162	0.0498902	0.0380855	0.0200037	0.0069594	0	3.163653	1.916459	0.9370942	0.06290577	82.50101
3350	9.50582	-21.5369	31.0428	0.94572	0.05428	2.296538	0.532897	0.319104	0.176096	0.0492516	0.0376272	0.0202989	0.0070161	0	3.582244	1.990323	0.05428003	0.94572	97.79637
3360	7.84539	-19.9343	27.7797	0.444434	0.555566	2.13974	0.549173	0.315475	0.171252	0.0500962	0.0388956	0.0202626	0.0071415	0	6.845284	1.907101	0.5555662	0.4444338	80.74227
3370	8.5674	-23.5806	32.148	0.292238	0.707762	1.789907	0.550048	0.318656	0.178185	0.0486722	0.0388318	0.02024	0.00705423	0	2.477013	1.779422	0.7077619	0.2922381	60.17587
3380	7.91695	-20.9955	28.9125	0.339017	0.660983	0.7899139	0.539012	0.317881	0.174689	0.0487851	0.0382762	0.0202008	0.00704124	0	5.712545	1.832269	0.6609829	0.3390171	67.9625
3390	6.55499	-22.2526	28.8076	0.856022	0.143978	1.746054	0.539305	0.317165	0.179305	0.0483705	0.0385475	0.0199271	0.00719321	0	5.817416	1.392571	0.1439779	0.8560221	24.69283
3400	6.14902	-23.2732	29.4223	0.734369	0.265631	0.9881197	0.552626	0.317162	0.178962	0.0481682	0.0382942	0.0196028	0.00713582	0	5.202755	1.284259	0.2656308	0.7343692	19.24241
3410	7.54084	-24.7336	32.2744	0.949938	0.0500619	2.444154	0.543405	0.328446	0.179085	0.0494994	0.0394152	0.0196105	0.00718196	0	2.350568	1.591328	0.05006193	0.9499381	39.02363
3420	8.15881	-23.2672	31.426	0.383895	0.616105	3.768852	0.528803	0.323586	0.178146	0.0497011	0.0389373	0.0200894	0.00729167	0	3.199022	1.67036	0.6161054	0.3838946	46.81232
3430	9.53828	-21.8177	31.356	0.597539	0.402461	3.274983	0.534801	0.322075	0.177382	0.0501672	0.0394505	0.0200125	0.00699387	0	3.269014	1.959327	0.4024612	0.5975388	91.05984
3440	4.86905	-28.2246	33.0937	0.79503	0.20497	3.27221	0.545229	0.318243	0.175516	0.0497905	0.0392474	0.0197929	0.00727428	0	1.531328	1.461916	0.2049698	0.7950302	28.96784
3450	7.64203	-24.5375	32.1795	0.449535	0.550465	1.295668	0.540623	0.318413	0.177754	0.0497834	0.0385852	0.0196975	0.00710483	0	2.445499	1.598483	0.5504648	0.4495352	39.67193
3460	8.66231	-22.6826	31.3449	0.522772	0.477228	4.086843	0.541453	0.319783	0.177049	0.0502345	0.0387717	0.0199283	0.00708076	0	3.280103	1.797647	0.477228	0.522772	62.75483
3470	7.02267	-20.9507	27.9733	0.36333	0.63667	1.01729	0.539371	0.330781	0.179602	0.0488301	0.0392139	0.019974	0.00722771	0	6.651666	1.566446	0.6366704	0.3633296	36.8507
3480	8.50729	-22.5792	31.0865	0.367263	0.632737	4.190509	0.540859	0.323905	0.173975	0.0493488	0.0391086	0.0195224	0.00704478	0	3.538487	1.778967	0.6327373	0.3672627	60.11276
3490	7.95782	-25.2472	33.205	0.834329	0.165671	3.980743	0.530271	0.32858	0.171971	0.0487119	0.0388382	0.0193694	0.00696677	0	1.420035	1.971494	0.165671	0.834329	93.64698
3500	5.89806	-19.4313	25.3294	0.916646	0.0833542	1.272702	0.539883	0.330772	0.173433	0.0498023	0.0384206	0.0198949	0.00704685	0	9.29565	1.992737	0.08335415	0.9166458	98.34146
3510	8.18759	-23.7202	31.9078	0.3256	0.6744	0.7358785	0.53887	0.329382	0.173049	0.049281	0.0392097	0.0198444	0.00698967	0	2.717178	1.844713	0.6744005	0.3255995	69.93797
3520	7.77796	-22.46	30.2379	0.897797	0.102203	0.2180849	0.548882	0.328587	0.174996	0.0493572	0.0392139	0.0202704	0.00716831	0	4.38706	1.732611	0.1022026	0.8977974	54.02696
3530	7.77186	-21.8976	29.6695	0.912298	0.087702	1.727511	0.553747	0.330587	0.17473	0.0478284	0.0394242	0.0200699	0.00710079	0	4.955511	1.552456	0.08770196	0.912298	35.68252
3540	8.35508	-24.3753	32.7304	0.220679	0.779321	1.539155	0.552048	0.327109	0.173925	0.0485827	0.0394615	0.019652	0.00694545	0	1.894647	1.993583	0.7793215	0.2206785	98.53324
3550	7.41327	-24.6702	32.0835	0.6924	0.3076	3.601999	0.550527	0.317382	0.171049	0.0495009	0.0391262	0.0198121	0.00722937	0	2.541496	1.600136	0.3076004	0.6923996	39.82323
3560	7.38583	-23.0996	30.4854	0.999023	0.000976562	2.29438	0.543929	0.316654	0.173586	0.0488872	0.0387244	0.0197653	0.00724621	0	4.139564	1.474269	0.0009765625	0.9990234	29.80361
3570	6.65951	-24.9849	31.6444	0.00741783	0.992582	5.052879	0.528106	0.316523	0.17758	0.049063	0.0386387	0.019545	0.00720336	0	2.980609	1.589712	0.9925822	0.007417827	38.87869
3580	4.56648	-21.4859	26.0524	0.850869	0.149131	5.546773	0.538072	0.317283	0.178381	0.0494989	0.0381126	0.0196176	0.00722091	0	8.572618	1.763594	0.1491308	0.8508692	58.02213
3590	8.06033	-24.2221	32.2824	0.197745	0.802255	3.669938	0.530076	0.317649	0.178543	0.0489669	0.0381709	0.019708	0.00708421	0	2.34261	1.70217	0.8022547	0.1977453	50.36975
3600	8.22261	-22.1144	30.337	0.0233858	0.976614	1.690038	0.543483	0.32437	0.178124	0.0486814	0.0378193	0.0196314	0.00709401	0	4.288046	1.587704	0.9766142	0.02338577	38.69942
3610	9.19244	-22.5518	31.7443	0.21219	0.78781	3.807017	0.541831	0.317611	0.176248	0.0490501	0.0381349	0.0199497	0.00707509	0	2.880727	1.891724	0.7878103	0.2121897	77.93349
3620	7.97964	-22.0738	30.0535	0.2215	0.7785	2.557554	0.535472	0.31616	0.177622	0.0490662	0.0378935	0.0195653	0.00712725	0	4.571519	1.576788	0.7784996	0.2215004	37.7388
3630	8.93055	-20.9947	29.9252	0.870677	0.129323	4.156055	0.552034	0.319946	0.17681	0.049518	0.0385442	0.0194291	0.00718549	0	4.699763	1.965126	0.1293233	0.8706767	92.28389
3640	7.03682	-20.4058	27.4426	0.589135	0.410865	4.608654	0.543561	0.323765	0.175113	0.0497235	0.0387961	0.0197188	0.006948	0	7.182399	1.942493	0.4108653	0.5891347	87.59784
3650	9.3546	-21.8526	31.2071	0.41863	0.58137	2.660395	0.527206	0.319723	0.178739	0.0479094	0.0380738	0.0200426	0.00700745	0	3.41786	1.889402	0.5813703	0.4186297	77.51793
3660	8.12738	-24.5002	32.6276	0.612745	0.387255	4.965996	0.533118	0.322571	0.172933	0.0486347	0.0386477	0.0199651	0.00725922	0	1.997437	1.895464	0.3872549	0.6127451	78.60743
3670	8.54953	-21.6066	30.1562	0.630227	0.369773	3.756839	0.532425	0.31698	0.171732	0.0498001	0.0385287	0.0196803	0.00719588	0	4.468845	1.784026	0.3697728	0.6302272	60.81719
3680	8.1109	-20.881	28.9919	0.359844	0.640156	3.938195	0.548716	0.315788	0.17178	0.0490853	0.0394554	0.0203099	0.00724554	0	5.63308	1.824358	0.6401558	0.3598442	66.73563
3690	8.48447	-22.3239	30.8084	0.492718	0.507282	2.706065	0.55217	0.317418	0.17571	0.0497524	0.0387455	0.0200189	0.0071847	0	3.816628	1.660497	0.5072825	0.4927175	45.76111
3700	9.51735	-21.7025	31.2198	0.203646	0.796354	2.704781	0.545349	0.321261	0.175977	0.048797	0.0385455	0.0201995	0.00729301	0	3.405167	1.936897	0.7963537	0.2036463	86.47636
3710	9.21211	-22.7764	31.9885	0.682276	0.317724	3.209261	0.535029	0.322291	0.178193	0.0480878	0.0385	0.0200716	0.00727289	0	2.636479	1.88401	0.3177242	0.6822758	76.56134
3720	9.55445	-21.7066	31.261	0.293171	0.706829	2.289822	0.532071	0.329725	0.173442	0.0478532	0.038895	0.0199819	0.0072506	0	3.363972	1.998201	0.706829	0.293171	99.58671
3730	8.90037	-23.0926	31.993	0.222131	0.777869	2.005522	0.528904	0.328056	0.177015	0.0490627	0.0388905	0.0203131	0.00728578	0	2.632043	1.819829	0.7778691	0.2221309	66.04339
3740	9.28878	-21.8811	31.1699	0.197617	0.802383	1.798077	0.532877	0.323517	0.179014	0.0489204	0.0384106	0.0200558	0.00701058	0	3.455138	1.958639	0.802383	0.197617	90.91579
3750	8.93679	-20.3397	29.2765	0.493566	0.506434	2.813322	0.54669	0.318917	0.176816	0.0500613	0.0385695	0.0195973	0.00713619	0	5.348523	1.998324	0.5064342	0.4935658	99.61475
3760	9.26775	-21.3275	30.5952	0.121424	0.878576	3.463258	0.549138	0.324155	0.173361	0.0501104	0.0377092	0.0194181	0.00702145	0	4.029791	1.91662	0.8785763	0.1214237	82.53153
3770	7.94956	-20.5265	28.4761	0.581466	0.418534	3.644938	0.541509	0.330509	0.171863	0.0499482	0.0379309	0.0199309	0.00705704	0	6.148907	1.841975	0.4185336	0.5814664	69.49836
3780	8.65174	-21.4054	30.0571	0.245503	0.754497	3.421664	0.529226	0.331884	0.172322	0.0480821	0.0387813	0.020106	0.00720275	0	4.567907	1.776906	0.7544975	0.2455025	59.82828
3790	8.04781	-23.0442	31.092	0.712235	0.287765	3.851001	0.534102	0.323404	0.172412	0.0479882	0.038174	0.0202593	0.00705146	0	3.533023	1.672492	0.2877649	0.7122351	47.04268
3800	6.8656	-25.4538	32.3194	0.0193515	0.980648	3.282584	0.533315	0.331906	0.175769	0.0484477	0.0380362	0.0198616	0.0070237	0	2.305603	1.473869	0.9806485	0.01935153	29.77615
3810	6.22504	-23.5073	29.7323	0.646158	0.353842	1.265548	0.529383	0.330857	0.176611	0.0481637	0.0392925	0.0202729	0.00725413	0	4.89268	1.28015	0.3538424	0.6461576	19.06118
3820	8.84416	-21.3991	30.2432	0.168963	0.831037	4.25457	0.54677	0.33156	0.173395	0.0479872	0.0390524	0.0196363	0.00708958	0	4.381765	1.905175	0.8310373	0.1689627	80.38507
3830	9.40472	-21.0273	30.432	0.74567	0.25433	3.327824	0.552861	0.317436	0.175096	0.0492857	0.038956	0.0196408	0.00720819	0	4.192965	1.975401	0.2543299	0.7456701	94.49327
3840	9.26629	-21.2549	30.5212	0.283022	0.716978	1.963296	0.532221	0.322807	0.173295	0.048351	0.0394713	0.0201864	0.00707481	0	4.10382	1.960443	0.7169781	0.2830219	91.2942
3850	8.45374	-22.5278	30.9815	0.527109	0.472891	4.03315	0.529413	0.320034	0.173235	0.0482498	0.0392837	0.0193172	0.00704713	0	3.643474	1.757944	0.4728914	0.5271086	57.27218
3860	7.18115	-25.7512	32.9324	0.0541564	0.945844	4.373836	0.533471	0.32478	0.179248	0.0483137	0.0386425	0.019323	0.0071033	0	1.692634	1.728647	0.9458436	0.05415639	53.53616
3870	8.41092	-24.643	33.0539	0.630589	0.369411	4.100119	0.539769	0.320821	0.171572	0.0490042	0.0378287	0.0193496	0.00705664	0	1.571119	1.998834	0.3694112	0.6305888	99.73192
3880	6.91744	-19.9214	26.8388	0.977738	0.0222622	2.925812	0.528901	0.321105	0.17343	0.0484073	0.0393214	0.0194008	0.00697463	0	7.786161	1.80033	0.02226223	0.9777378	63.14366
3890	8.12578	-22.7033	30.8291	0.228824	0.771176	2.064181	0.540252	0.320609	0.171378	0.0485974	0.0393987	0.0193061	0.00703424	0	3.795925	1.564636	0.7711759	0.2288241	36.69745
3900	9.45466	-22.2821	31.7368	0.455256	0.544744	2.562882	0.541529	0.315877	0.172495	0.049519	0.0394708	0.0195483	0.00709888	0	2.888204	1.94858	0.544744	0.455256	88.83417
3910	8.04701	-21.1162	29.1632	0.339841	0.660159	3.688808	0.534948	0.324751	0.171035	0.0479837	0.0395153	0.0198668	0.00720452	0	5.461842	1.756595	0.6601593	0.3398407	57.09466
3920	6.52798	-19.4455	25.9735	0.120653	0.879347	2.468828	0.537732	0.328835	0.171049	0.0489538	0.0390565	0.0194834	0.00722009	0	8.651546	1.896818	0.8793473	0.1206527	78.8529
3930	6.33635	-20.4448	26.7812	0.602438	0.397562	1.222433	0.550263	0.33013	0.172021	0.0483426	0.0385876	0.0196074	0.00727032	0	7.843848	1.570943	0.3975622	0.6024378	37.23424
3940	5.79626	-25.9974	31.7937	0.0744324	0.925568	7.698611	0.538715	0.327423	0.173031	0.0480643	0.0379931	0.0195331	0.00720545	0	2.831323	1.87636	0.9255676	0.07443245	75.2247
3950	8.82304	-22.2228	31.0458	0.720798	0.279202	1.296134	0.546567	0.324611	0.171892	0.0494014	0.0377332	0.0194406	0.00705441	0	3.5792	1.844504	0.279202	0.720798	69.90435
3960	7.75728	-21.2104	28.9677	0.0146989	0.985301	1.051556	0.547209	0.323972	0.173914	0.0495101	0.0379766	0.020172	0.00723677	0	5.657315	1.633563	0.9853011	0.01469887	43.00934
3970	9.0652	-23.1068	32.172	0.258777	0.741223	2.782911	0.554383	0.324829	0.178703	0.0485843	0.0384436	0.0198563	0.00727594	0	2.453051	1.859427	0.7412226	0.2587774	72.34814
3980	8.17819	-22.8214	30.9996	0.512306	0.487694	1.299097	0.537683	0.318732	0.179003	0.0486444	0.0378064	0.0199022	0.00703584	0	3.625438	1.612125	0.487694	0.512306	40.93785
3990	9.02198	-22.5333	31.5552	0.266468	0.733532	3.42174	0.549759	0.318235	0.178685	0.0502615	0.0394585	0.0197576	0.00712729	0	3.069761	1.814671	0.7335321	0.2664679	65.2636
4000	8.60912	-22.8424	31.4515	0.955613	0.0443872	1.526456	0.548236	0.316168	0.17894	0.0491947	0.0391828	0.0196496	0.00728883	0	3.173503	1.733755	0.04438725	0.9556128	54.16948
4010	7.62176	-22.4223	30.0441	0.868858	0.131142	5.869244	0.554626	0.318242	0.176099	0.0494673	0.0385562	0.0201074	0.00720498	0	4.580912	1.90806	0.1311421	0.8688579	80.92073
4020	6.92959	-19.5323	26.4619	0.403107	0.596893	1.968178	0.552118	0.31937	0.176871	0.0489603	0.0383918	0.0198424	0.00699613	0	8.163156	1.963257	0.5968934	0.4031066	91.88752
4030	8.19829	-24.5391	32.7374	0.722131	0.277869	2.981945	0.537012	0.315831	0.173466	0.0479753	0.0384057	0.0202645	0.00709114	0	1.887578	1.804821	0.2778689	0.7221311	63.80008
4040	8.62837	-20.2404	28.8688	0.108742	0.891258	3.429095	0.53344	0.321716	0.177385	0.0491813	0.0376382	0.0201774	0.00709484	0	5.756234	1.996242	0.8912579	0.1087421	99.13833
4050	6.75889	-24.9852	31.7441	0.773174	0.226826	5.287934	0.534022	0.316092	0.17453	0.0484025	0.0379671	0.0194171	0.00702472	0	2.880881	1.675842	0.2268259	0.7731741	47.40695
4060	8.66501	-22.9888	31.6538	0.77651	0.22349	4.735269	0.532559	0.330269	0.17609	0.0482986	0.0385129	0.020059	0.00700286	0	2.971183	1.880473	0.2234904	0.7765096	75.94042
4070	9.15669	-21.4629	30.6196	0.75768	0.24232	2.225998	0.552548	0.329469	0.176135	0.0479092	0.0378136	0.0202096	0.00714978	0	4.00538	1.857453	0.2423202	0.7576798	72.01993
4080	7.64115	-21.1774	28.8185	0.549416	0.450584	1.250844	0.55431	0.316914	0.17909	0.0485693	0.0385746	0.0201368	0.00719333	0	5.806469	1.611935	0.4505842	0.5494158	40.9199
4090	5.61427	-23.5867	29.2009	0.137036	0.862964	1.212706	0.528607	0.315908	0.176882	0.0480957	0.0384007	0.019836	0.00723001	0	5.42408	1.183445	0.8629636	0.1370364	15.25616
4100	7.7064	-22.2396	29.946	0.685326	0.314674	1.994219	0.532286	0.326238	0.178211	0.0497422	0.0388882	0.019336	0.00709492	0	4.67901	1.525683	0.3146736	0.6853264	33.54924
4110	8.80677	-22.724	31.5307	0.438627	0.561373	1.433033	0.53452	0.331848	0.171338	0.04967	0.0379573	0.0197087	0.00698098	0	3.094267	1.829808	0.561373	0.438627	67.57839
4120	9.09671	-21.4781	30.5748	0.492292	0.507708	1.864051	0.543749	0.325772	0.174006	0.0480099	0.0381581	0.0198394	0.00694819	0	4.050213	1.88208	0.5077075	0.4922925	76.22196
4130	7.52916	-20.1564	27.6856	0.492581	0.507419	1.726929	0.547086	0.31953	0.174969	0.050232	0.0384198	0.0199989	0.00706908	0	6.939456	1.79032	0.5074189	0.4925811	61.70491
4140	3.19024	-22.9537	26.1439	0.439868	0.560132	2.764802	0.548585	0.325838	0.173699	0.0503153	0.0391598	0.01951	0.00698267	0	8.481088	1.23145	0.5601321	0.4398679	17.03925
4150	8.26359	-20.9436	29.2072	0.166769	0.833231	2.9603	0.553729	0.328214	0.176538	0.0501829	0.0387911	0.0199525	0.00723443	0	5.417852	1.735824	0.833231	0.166769	54.42821
4160	7.68496	-20.3495	28.0345	0.0105234	0.989477	1.397402	0.542029	0.315591	0.171911	0.0492331	0.0387145	0.0194599	0.00701056	0	6.590545	1.801022	0.9894766	0.01052343	63.24432
4170	8.35609	-23.5328	31.8889	0.533738	0.466262	1.460805	0.529848	0.323113	0.174653	0.0501079	0.0376667	0.0199034	0.006988	0	2.736077	1.719138	0.466262	0.533738	52.37665
4180	9.37481	-22.4556	31.8304	0.443218	0.556782	4.230043	0.532273	0.326124	0.172554	0.0500027	0.0383995	0.0199543	0.00707038	0	2.794564	1.986095	0.5567815	0.4432185	96.84887
4190	8.15674	-24.305	32.4617	0.047484	0.952516	5.038907	0.535873	0.331549	0.172074	0.0501518	0.0385282	0.0199817	0.00714603	0	2.16332	1.866686	0.952516	0.04748397	73.56752
4200	8.83559	-21.7346	30.5702	0.376443	0.623557	5.061975	0.528142	0.330958	0.17126	0.0497887	0.0384592	0.0194423	0.00727041	0	4.054852	1.994039	0.6235574	0.3764426	98.63682
4210	9.28173	-22.0542	31.3359	0.927526	0.0724745	2.002028	0.548162	0.32214	0.172776	0.0490689	0.0381069	0.0197101	0.00703596	0	3.289089	1.918126	0.07247446	0.9275255	82.8183
4220	8.46372	-22.1639	30.6276	0.175089	0.824911	4.960173	0.54876	0.317554	0.175649	0.0494539	0.0382376	0.0198384	0.00703441	0	3.997395	1.883181	0.8249105	0.1750895	76.41534
4230	9.02516	-23.1627	32.1878	0.495318	0.504682	4.425887	0.536038	0.317704	0.172898	0.0495521	0.0387869	0.0198205	0.00724182	0	2.43716	1.944044	0.5046819	0.4953181	87.91107
4240	8.71491	-22.5012	31.2161	0.0566754	0.943325	4.604327	0.528471	0.31599	0.176483	0.0490084	0.0380287	0.0201248	0.00717176	0	3.408875	1.853238	0.9433246	0.05667543	71.32443
4250	8.60112	-21.7529	30.354	0.800727	0.199273	1.751544	0.540388	0.319599	0.178063	0.0486374	0.0375871	0.0201364	0.00720136	0	4.270991	1.711986	0.1992731	0.8007269	51.52126
4260	6.80285	-21.5589	28.3618	0.292116	0.707884	0.2849535	0.542107	0.317929	0.17722	0.0488361	0.0379811	0.0199739	0.00728132	0	6.26325	1.520802	0.7078836	0.2921164	33.17432
4270	7.91119	-21.4704	29.3816	0.959551	0.0404485	0.3653772	0.547497	0.315982	0.171944	0.0496522	0.0383512	0.0195167	0.00729145	0	5.243393	1.971347	0.04044854	0.9595515	93.61534
4280	9.30157	-22.7466	32.0482	0.231293	0.768707	4.178523	0.548824	0.318924	0.173846	0.0495218	0.0386607	0.0195958	0.00696626	0	2.576805	1.978984	0.768707	0.231293	95.27604
4290	8.42374	-23.4061	31.8299	0.47397	0.52603	4.1646	0.528075	0.323007	0.172085	0.0487724	0.0390729	0.0196903	0.00699652	0	2.795156	1.779268	0.5260299	0.4739701	60.15443
4300	8.7795	-23.7849	32.5644	0.957563	0.0424366	2.144071	0.549139	0.32982	0.172595	0.0498688	0.0392084	0.0198603	0.00728586	0	2.060617	1.931285	0.0424366	0.9575634	85.36596
4310	8.22189	-21.4306	29.6525	0.32846	0.67154	4.563282	0.548212	0.323414	0.171448	0.050226	0.0392001	0.0196827	0.0071955	0	4.972466	1.854986	0.6715403	0.3284597	71.61199
4320	8.63543	-21.0929	29.7283	0.146753	0.853247	4.497351	0.536079	0.319753	0.175042	0.0496339	0.0388302	0.0200691	0.00719518	0	4.896688	1.946482	0.8532468	0.1467532	88.40602
4330	6.19293	-21.9723	28.1652	0.917172	0.0828282	1.12438	0.52735	0.328174	0.176338	0.0497851	0.0379128	0.0198218	0.0072134	0	6.459781	1.365948	0.08282818	0.9171718	23.22458
4340	8.25751	-24.0118	32.2693	0.337517	0.662483	5.30504	0.542751	0.321071	0.178576	0.0487853	0.0394951	0.019735	0.00721266	0	2.355699	1.903587	0.6624829	0.3375171	80.09153
4350	7.99774	-24.1933	32.191	0.521295	0.478705	0.6891437	0.538529	0.324941	0.179085	0.0483871	0.0381895	0.0199121	0.00727138	0	2.433959	1.87272	0.4787047	0.5212953	74.59683
4360	7.6413	-24.973	32.6143	0.825815	0.174185	1.046082	0.548412	0.321815	0.172377	0.0492595	0.0395601	0.020041	0.00727976	0	2.010709	1.79206	0.1741846	0.8258154	61.95273
4370	7.59574	-20.2985	27.8942	0.738901	0.261099	1.290055	0.539206	0.316314	0.171884	0.0492694	0.0390771	0.0199247	0.00722235	0	6.730764	1.821533	0.2610994	0.7389006	66.30301
4380	8.97524	-23.1467	32.122	0.194163	0.805837	4.201902	0.552389	0.318926	0.179747	0.0501399	0.039169	0.0193725	0.00719658	0	2.503027	1.900584	0.8058367	0.1941633	79.53974
4390	5.90379	-19.5266	25.4304	0.299278	0.700722	1.592371	0.541445	0.330325	0.179642	0.0493966	0.0393911	0.0196539	0.00711784	0	9.194605	1.79799	0.7007224	0.2992776	62.80435
4400	9.25711	-21.0742	30.3313	0.0891671	0.910833	2.507843	0.53638	0.330615	0.177624	0.0495632	0.0393362	0.0198284	0.00716364	0	4.29367	1.913822	0.9108329	0.08916707	82.00155
4410	8.55939	-23.5878	32.1472	0.725568	0.274432	4.387437	0.535408	0.325815	0.177611	0.0497502	0.0393741	0.0195286	0.00721362	0	2.477828	1.848741	0.2744319	0.7255681	70.58964
4420	8.55744	-21.1855	29.7429	0.673627	0.326373	1.025543	0.53661	0.317989	0.173303	0.0496955	0.0382844	0.0199573	0.00729477	0	4.882081	1.956988	0.3263733	0.6736267	90.57075
4430	7.46597	-21.7139	29.1799	0.485208	0.514792	0.33445	0.540264	0.32243	0.172582	0.0502024	0.0384986	0.0201743	0.0071338	0	5.445104	1.657836	0.5147917	0.4852083	45.4816
4440	7.79486	-22.6105	30.4053	0.585652	0.414348	0.1236443	0.547628	0.32867	0.174029	0.0499566	0.0387386	0.0199321	0.0070362	0	4.219701	1.791775	0.414348	0.585652	61.91205
4450	7.80094	-22.485	30.2859	0.61246	0.38754	0.08831317	0.544259	0.331004	0.174343	0.0489771	0.0383225	0.0202932	0.00696448	0	4.339072	1.845705	0.3875396	0.6124604	70.09787
4460	6.18052	-24.0855	30.266	0.00576178	0.994238	0.05110399	0.54874	0.326246	0.177113	0.0497185	0.0385804	0.0197012	0.00711673	0	4.358967	1.205178	0.9942382	0.005761782	16.03904
4470	7.49027	-24.7425	32.2328	0.310471	0.689529	0.410854	0.537386	0.326874	0.173932	0.0502555	0.0387883	0.0202079	0.00713803	0	2.392224	1.775737	0.6895294	0.3104706	59.66741
4480	8.31833	-20.5634	28.8817	0.284868	0.715132	3.788778	0.545498	0.331311	0.17381	0.0499253	0.0379419	0.0196418	0.00710003	0	5.743305	1.898316	0.7151324	0.2848676	79.12538
4490	8.45932	-20.6258	29.0851	0.29943	0.70057	3.900134	0.536876	0.32481	0.17313	0.0497079	0.0382456	0.0193024	0.0072855	0	5.539896	1.914528	0.7005695	0.2994305	82.13496
4500	8.77996	-23.5946	32.3746	0.946919	0.0530813	3.526519	0.534807	0.316253	0.176191	0.049854	0.0380172	0.0193701	0.00726395	0	2.250402	1.859172	0.05308132	0.9469187	72.30567
4510	9.35778	-22.7798	32.1376	0.93091	0.0690904	3.253314	0.54933	0.3188	0.178861	0.05026	0.038577	0.0193106	0.00719887	0	2.487418	1.95209	0.0690904	0.9309096	89.55507
4520	8.49161	-21.1346	29.6262	0.491438	0.508562	2.119207	0.550885	0.318544	0.179525	0.0502959	0.0382178	0.0194238	0.00710555	0	4.998789	1.734382	0.5085616	0.4914384	54.24777
4530	9.09316	-22.5342	31.6274	0.0418674	0.958133	1.662743	0.554123	0.32855	0.176679	0.0500872	0.0379236	0.0195453	0.00711548	0	2.997628	1.906154	0.9581326	0.04186736	80.56634
4540	7.05518	-22.3319	29.3871	0.646504	0.353496	6.218205	0.538298	0.327476	0.173656	0.0491517	0.0378884	0.0193066	0.0069786	0	5.237932	1.93797	0.3534961	0.6465039	86.69015
4550	9.19137	-22.4469	31.6383	0.464337	0.535663	2.02315	0.530362	0.316635	0.17538	0.0490154	0.0383861	0.0198133	0.00710285	0	2.986716	1.889208	0.535663	0.464337	77.48327
4560	8.07473	-21.358	29.4327	0.439935	0.560065	4.269025	0.543244	0.326481	0.177816	0.0501252	0.038848	0.0198974	0.0069475	0	5.192275	1.813114	0.5600653	0.4399347	65.0301
4570	9.23212	-22.6346	31.8667	0.0464178	0.953582	2.630034	0.535467	0.317464	0.173922	0.0502164	0.037626	0.0195608	0.00710128	0	2.758294	1.871539	0.9535822	0.04641775	74.39418
4580	8.6863	-23.5619	32.2482	0.382698	0.617302	1.528036	0.536911	0.315464	0.171807	0.0491169	0.0377585	0.0202664	0.00704766	0	2.376764	1.904515	0.6173018	0.3826982	80.26295
4590	6.97278	-21.9315	28.9043	0.177407	0.822593	5.655213	0.529081	0.320999	0.175744	0.0492692	0.0378566	0.0201933	0.00714846	0	5.720753	1.855517	0.8225935	0.1774065	71.6996
4600	8.91058	-22.3108	31.2213	0.773493	0.226507	4.013903	0.532898	0.32868	0.17575	0.0498355	0.0378103	0.0193005	0.00694043	0	3.403672	1.851867	0.2265075	0.7734925	71.09965
4610	7.3487	-26.1169	33.4656	0.769321	0.230679	3.713453	0.549272	0.329481	0.176694	0.048675	0.0391499	0.0194901	0.00704072	0	1.159396	1.989984	0.2306791	0.7693209	97.72006
4620	9.18538	-21.0484	30.2337	0.12267	0.87733	3.314362	0.553741	0.330356	0.172487	0.047988	0.0378682	0.0196895	0.00704159	0	4.391267	1.918242	0.8773298	0.1226702	82.84043
4630	8.72409	-23.0778	31.8019	0.0857219	0.914278	3.853103	0.530798	0.330196	0.172682	0.0486485	0.0377085	0.0193468	0.00720689	0	2.823104	1.787516	0.9142781	0.08572192	61.3078
4640	8.33336	-20.786	29.1194	0.139399	0.860601	3.530273	0.532615	0.331392	0.178933	0.0499588	0.038569	0.0195289	0.00711067	0	5.505623	1.824596	0.8606008	0.1393992	66.77218
4650	7.24953	-25.8202	33.0697	0.496808	0.503192	1.185471	0.536834	0.330891	0.17642	0.0490562	0.0392185	0.0196827	0.00714855	0	1.55527	1.914115	0.5031919	0.4968081	82.05694
4660	7.51295	-25.6169	33.1298	0.721744	0.278256	2.551862	0.529849	0.319078	0.17475	0.0498424	0.0386217	0.020226	0.00722811	0	1.495205	1.819065	0.2782562	0.7217438	65.9273
4670	6.26382	-21.6182	27.882	0.0504225	0.949578	4.154492	0.52864	0.324476	0.176437	0.0492256	0.0376159	0.0202489	0.0071534	0	6.742996	1.606572	0.9495775	0.05042248	40.41777
4680	8.54605	-22.0332	30.5792	0.19881	0.80119	0.8110472	0.530921	0.325428	0.178087	0.0496617	0.0376146	0.0200546	0.00723826	0	4.045765	1.87754	0.8011904	0.1988096	75.42931
4690	8.77278	-23.3374	32.1102	0.0196927	0.980307	4.804491	0.530027	0.326473	0.178411	0.0497794	0.0384052	0.0199313	0.00712675	0	2.514832	1.916474	0.9803073	0.01969266	82.50374
4700	9.18691	-21.6585	30.8455	0.241295	0.758705	4.085137	0.531374	0.3272	0.178116	0.0499882	0.0393696	0.0197726	0.00701249	0	3.779557	1.930536	0.758705	0.241295	85.21884
4710	8.63355	-22.522	31.1555	0.664042	0.335958	1.028194	0.528432	0.324652	0.179741	0.0481881	0.0392875	0.0198899	0.0071229	0	3.469468	1.831935	0.335958	0.664042	67.91015
4720	7.58154	-24.6359	32.2174	0.0216698	0.97833	1.023333	0.531743	0.331348	0.174645	0.0481292	0.0394758	0.020057	0.00716714	0	2.407575	1.580591	0.9783302	0.02166978	38.07069
4730	8.08008	-23.4637	31.5438	0.755556	0.244444	0.5500017	0.529698	0.324727	0.17588	0.0478114	0.0386872	0.0200845	0.0070312	0	3.081215	1.793053	0.2444438	0.7555562	62.09442
4740	7.82158	-20.8623	28.6839	0.90565	0.0943504	4.463925	0.540829	0.329642	0.178629	0.0482904	0.0388898	0.0198868	0.00718055	0	5.9411	1.880876	0.0943504	0.9056496	76.0109
4750	8.63787	-24.1025	32.7403	0.290901	0.709099	4.506021	0.541644	0.316256	0.17197	0.0483324	0.0383902	0.0199977	0.00720538	0	1.884665	1.961003	0.7090993	0.2909007	91.41198
4760	7.53514	-25.0629	32.5981	0.614435	0.385565	2.266883	0.534477	0.320443	0.171798	0.048171	0.038163	0.0200928	0.00726725	0	2.026922	1.633002	0.3855651	0.6144349	42.95384
4770	6.47707	-23.4147	29.8917	0.1598	0.8402	4.577179	0.532781	0.316884	0.171508	0.0482526	0.0380352	0.0195151	0.00711164	0	4.733268	1.550482	0.8402004	0.1597996	35.52071
4780	8.44606	-20.3714	28.8175	0.447882	0.552118	2.073619	0.553947	0.31848	0.171315	0.049166	0.0392416	0.0195952	0.00698934	0	5.807531	1.892692	0.5521176	0.4478824	78.10728
4790	8.62797	-21.3969	30.0249	0.836869	0.163131	2.590042	0.553427	0.330218	0.177691	0.0479391	0.0394603	0.0198009	0.00721732	0	4.600124	1.733605	0.1631312	0.8368688	54.15084
4800	8.27461	-20.0895	28.3641	0.402309	0.597691	2.202954	0.551467	0.331389	0.173507	0.0479466	0.0393625	0.0197168	0.00710322	0	6.260887	1.941657	0.5976912	0.4023088	87.42921
4810	6.12368	-21.1431	27.2668	0.555401	0.444599	5.033236	0.550489	0.331755	0.174373	0.0489711	0.0386888	0.0193722	0.00709038	0	7.358229	1.801823	0.4445988	0.5554012	63.36113
4820	8.90014	-21.7632	30.6633	0.774446	0.225554	2.58804	0.547116	0.330382	0.173884	0.0496741	0.0380002	0.0202191	0.00723311	0	3.961699	1.761459	0.2255536	0.7744464	57.73764
4830	6.56527	-23.2941	29.8593	0.345899	0.654101	2.659163	0.543487	0.326301	0.176825	0.0488185	0.0392207	0.0203147	0.00714407	0	4.76566	1.377256	0.654101	0.345899	23.83723
4840	8.57889	-20.6019	29.1808	0.830267	0.169733	1.604602	0.538755	0.321757	0.174463	0.0501258	0.0394339	0.0201723	0.00698008	0	5.444249	1.943175	0.169733	0.830267	87.73544
4850	8.30322	-23.2032	31.5064	0.222661	0.777339	1.220599	0.535548	0.329805	0.175048	0.0499121	0.0390698	0.0200913	0.00693698	0	3.11856	1.674337	0.7773386	0.2226614	47.24295
4860	7.91692	-23.1363	31.0532	0.755642	0.244358	4.996587	0.542966	0.321884	0.17262	0.0501384	0.0388208	0.0195074	0.00701682	0	3.571791	1.783291	0.2443581	0.7556419	60.71426
4870	6.6261	-21.0634	27.6895	0.588546	0.411454	3.126427	0.529357	0.321085	0.172193	0.0493961	0.0391541	0.0195089	0.00719493	0	6.935485	1.586931	0.4114538	0.5885462	38.63056
4880	7.86346	-20.5737	28.4371	0.906292	0.093708	1.057098	0.540263	0.321761	0.175091	0.0489723	0.0379439	0.0196123	0.00714319	0	6.18787	1.869047	0.09370804	0.906292	73.96857
4890	8.61574	-22.1698	30.7855	0.408761	0.591239	0.7495776	0.529225	0.318579	0.176552	0.0490908	0.0393967	0.0194426	0.00704136	0	3.83947	1.984655	0.5912389	0.4087611	96.52831
4900	9.01616	-20.5468	29.5629	0.363692	0.636308	3.400525	0.530396	0.316876	0.175506	0.0485487	0.0391485	0.0194103	0.00695741	0	5.06207	1.992685	0.636308	0.363692	98.32979
4910	6.09385	-20.5554	26.6493	0.561482	0.438518	3.573979	0.529351	0.316185	0.177466	0.0480136	0.0394636	0.0195587	0.00701523	0	7.975728	1.673726	0.4385176	0.5614824	47.17648
4920	8.3371	-22.1645	30.5016	0.656362	0.343638	4.071372	0.549191	0.323821	0.177675	0.0488573	0.0383076	0.0196543	0.0072838	0	4.123446	1.750848	0.3436384	0.6563616	56.34409
4930	9.14115	-22.1134	31.2545	0.594917	0.405083	2.446892	0.551212	0.315884	0.173653	0.0481972	0.0390569	0.0199359	0.0072583	0	3.370488	1.816291	0.4050834	0.5949166	65.5075
4940	5.11591	-21.7657	26.8816	0.346158	0.653842	6.326004	0.544894	0.320143	0.171842	0.0485195	0.0392164	0.0197911	0.00696523	0	7.74345	1.911932	0.6538422	0.3461578	81.64554
4950	7.66052	-21.9564	29.6169	0.506295	0.493705	4.685108	0.536922	0.316245	0.175546	0.0478489	0.0389396	0.0200357	0.00704964	0	5.008082	1.763783	0.4937049	0.5062951	58.04739
4960	8.88609	-22.9332	31.8193	0.918085	0.081915	1.58119	0.533835	0.324996	0.177385	0.0498137	0.0380696	0.0199488	0.00694386	0	2.805729	1.878245	0.08191499	0.918085	75.5519
4970	9.0659	-22.2447	31.3106	0.138553	0.861447	2.579073	0.545141	0.317656	0.179205	0.048951	0.0382617	0.0200124	0.00693408	0	3.314391	1.794939	0.861447	0.138553	62.36479
4980	7.68056	-23.275	30.9555	0.120454	0.879546	1.671659	0.554779	0.32196	0.177451	0.0487817	0.0391853	0.0196447	0.00696365	0	3.669466	1.464785	0.8795459	0.1204541	29.1598
4990	8.71434	-21.6578	30.3721	0.0831894	0.916811	4.244399	0.550931	0.319319	0.17349	0.0492728	0.0391176	0.0194499	0.00729634	0	4.252886	1.848991	0.9168106	0.08318941	70.63033
5000	7.46129	-24.8005	32.2618	0.751009	0.248991	2.646271	0.543106	0.324039	0.178306	0.0497055	0.0378005	0.0193286	0.00714863	0	2.363188	1.579185	0.2489911	0.7510089	37.94769
