Iteration	Posterior	Likelihood	Prior	clado_type_probs[1]	clado_type_probs[2]	distance_scale	epoch_times[1]	epoch_times[2]	epoch_times[3]	epoch_times[4]	epoch_times[5]	epoch_times[6]	epoch_times[7]	epoch_times[8]	extirpation_rate	log10_rate_bg	p_allopatry	p_sympatry	rate_bg
0	-59.0647	-92.9719	33.9072	0.745968	0.254032	0.01	0.219597	0.13195	0.124928	0.104344	0.0699713	0.0116517	0.00302528	0	2.944729	-2	0.254032	0.745968	0.01
10	10.2949	-23.0947	33.3896	0.501408	0.498592	0.670182	0.219467	0.134903	0.126111	0.101244	0.0690812	0.0113485	0.00308717	0	3.462374	1.684772	0.4985921	0.5014079	48.39183
20	9.94593	-22.342	32.288	0.102524	0.897476	3.899562	0.216789	0.130409	0.124772	0.099779	0.0687388	0.011621	0.00310739	0	4.563994	1.553021	0.8974758	0.1025242	35.72905
30	6.99456	-22.6523	29.6469	0.676084	0.323916	5.9812	0.210213	0.130165	0.127178	0.100946	0.0683253	0.0114823	0.00311811	0	7.205062	1.662882	0.3239158	0.6760842	46.01321
40	11.6202	-22.248	33.8682	0.267072	0.732928	6.032161	0.218279	0.132825	0.124047	0.104113	0.0682958	0.0117157	0.00307721	0	2.983699	1.996416	0.7329279	0.2670721	99.1781
50	11.0422	-20.8723	31.9145	0.539663	0.460337	4.62737	0.217747	0.129259	0.123053	0.103554	0.0700196	0.0114459	0.00308981	0	4.937411	1.865731	0.4603371	0.5396629	73.40585
60	11.1946	-22.7772	33.9719	0.475339	0.524661	1.601971	0.213856	0.131369	0.123519	0.102774	0.069867	0.011705	0.00309722	0	2.880079	1.775314	0.524661	0.475339	59.60935
70	10.5912	-23.3554	33.9466	0.91493	0.0850704	4.334301	0.213836	0.128573	0.125283	0.104006	0.068775	0.0116861	0.00311131	0	2.905316	1.665806	0.08507044	0.9149296	46.32402
80	11.1489	-24.0326	35.1815	0.879798	0.120202	2.326371	0.216338	0.128719	0.127501	0.103723	0.0684654	0.0111702	0.00301379	0	1.670438	1.948578	0.1202016	0.8797984	88.83374
90	11.2936	-24.1973	35.4909	0.233213	0.766787	3.869545	0.211412	0.130207	0.125811	0.101571	0.0692963	0.0115387	0.00305234	0	1.361063	1.88503	0.7667874	0.2332126	76.74138
100	11.0718	-20.8894	31.9612	0.547997	0.452003	3.21503	0.210856	0.128353	0.123317	0.100574	0.0689428	0.0115396	0.0029923	0	4.890758	1.767973	0.4520026	0.5479974	58.61019
110	12.4058	-22.1968	34.6025	0.71765	0.28235	4.135847	0.217409	0.133234	0.125469	0.10087	0.0715973	0.0114482	0.0029788	0	2.249409	1.994927	0.2823499	0.7176501	98.83872
120	11.0473	-19.6254	30.6727	0.849994	0.150006	3.772797	0.218733	0.131673	0.125348	0.101173	0.0705728	0.0111828	0.0030289	0	6.179295	1.979712	0.150006	0.849994	95.43588
130	11.8978	-22.8579	34.7557	0.928518	0.0714818	3.328327	0.212657	0.129932	0.123439	0.102024	0.0684708	0.0114459	0.00299997	0	2.096211	1.911053	0.07148175	0.9285182	81.48043
140	11.2626	-20.3908	31.6534	0.3414	0.6586	3.669355	0.214675	0.129968	0.123868	0.100205	0.0704148	0.011562	0.00298175	0	5.198498	1.862385	0.6586003	0.3413997	72.84258
150	9.33607	-26.8418	36.1779	0.0304158	0.969584	3.535389	0.212973	0.129547	0.127401	0.100587	0.0688333	0.0114101	0.00300199	0	0.6740267	1.933308	0.9695842	0.0304158	85.76465
160	12.2442	-20.3968	32.641	0.149537	0.850463	2.896708	0.216116	0.131375	0.127103	0.10164	0.0683989	0.0114394	0.00303654	0	4.210918	1.99673	0.8504633	0.1495367	99.24989
170	10.7569	-22.3824	33.1392	0.958729	0.0412712	0.8068301	0.21925	0.131111	0.124479	0.100951	0.0692415	0.0113928	0.00299445	0	3.712703	1.883755	0.04127119	0.9587288	76.5165
180	9.94496	-20.0681	30.013	0.957015	0.0429852	1.918174	0.216172	0.130817	0.122357	0.104446	0.0688782	0.0116788	0.00303112	0	6.838922	1.802756	0.04298516	0.9570148	63.49746
190	11.5005	-23.0081	34.5086	0.803405	0.196595	3.699463	0.21671	0.131865	0.123051	0.099865	0.0689762	0.0116113	0.00307887	0	2.343368	1.788499	0.196595	0.803405	61.44682
200	11.747	-21.3765	33.1235	0.531127	0.468873	2.42126	0.212871	0.132098	0.127959	0.100915	0.0692111	0.0117189	0.00299097	0	3.728454	1.841991	0.468873	0.531127	69.50096
210	11.9703	-21.5172	33.4875	0.898301	0.101699	4.142864	0.215436	0.133709	0.127685	0.103265	0.0701725	0.0117268	0.00302776	0	3.364465	1.887495	0.1016995	0.8983005	77.17835
220	9.74756	-26.2047	35.9523	0.637598	0.362402	4.105089	0.213052	0.133134	0.12558	0.101148	0.0716834	0.0116457	0.00298778	0	0.8996512	1.887979	0.3624024	0.6375976	77.26433
230	7.51359	-23.0765	30.5901	0.56012	0.43988	1.059833	0.216252	0.134665	0.122953	0.0994467	0.0689699	0.0116398	0.00305159	0	6.261881	1.227516	0.4398802	0.5601198	16.88558
240	11.0912	-23.7399	34.8311	0.339273	0.660727	6.179859	0.218845	0.134823	0.123552	0.100295	0.0687846	0.0114117	0.00312064	0	2.020853	1.917859	0.6607274	0.3392726	82.76727
250	10.6302	-22.9609	33.5911	0.306891	0.693109	0.7986763	0.218418	0.132312	0.126596	0.103607	0.0698394	0.0114753	0.00308952	0	3.260865	1.755819	0.6931093	0.3068907	56.99272
260	9.82258	-21.3384	31.161	0.880833	0.119167	5.015187	0.218225	0.13319	0.128679	0.102428	0.0709443	0.0116194	0.0030755	0	5.690931	1.781	0.1191672	0.8808328	60.3949
270	12.1589	-22.106	34.2649	0.820186	0.179814	3.948887	0.212445	0.134759	0.127221	0.102414	0.0702124	0.0116318	0.00311193	0	2.587002	1.905468	0.1798141	0.8201859	80.43928
280	10.0839	-21.9235	32.0074	0.139461	0.860539	0.6615873	0.211679	0.132413	0.123666	0.101082	0.0714735	0.0114047	0.00309878	0	4.844514	1.640366	0.8605393	0.1394607	43.6884
290	11.6994	-22.1933	33.8927	0.612992	0.387008	3.620168	0.210322	0.129374	0.127132	0.0996905	0.0692375	0.0112252	0.00311402	0	2.9592	1.791996	0.3870076	0.6129924	61.9435
300	11.2172	-21.1997	32.4169	0.792776	0.207224	4.239026	0.217512	0.131138	0.126335	0.0995342	0.0709232	0.0112013	0.00310522	0	4.435048	1.818003	0.2072239	0.7927761	65.76623
310	11.2186	-22.0919	33.3105	0.5834	0.4166	4.144094	0.216246	0.132706	0.128058	0.102581	0.0698286	0.0112618	0.00305873	0	3.541457	1.750111	0.4166004	0.5833996	56.24853
320	10.5651	-22.4143	32.9794	0.586923	0.413077	0.5510158	0.220886	0.135026	0.12424	0.100354	0.0703265	0.0116012	0.00304731	0	3.872587	1.897511	0.4130774	0.5869226	78.97888
330	9.65413	-23.3571	33.0112	0.452116	0.547884	2.084341	0.217747	0.1342	0.122548	0.101597	0.0716534	0.0115295	0.00298348	0	3.840759	1.423694	0.5478836	0.4521164	26.52739
340	10.9124	-23.138	34.0504	0.203773	0.796227	1.188853	0.219188	0.133649	0.127262	0.0999961	0.0714735	0.0116838	0.00305598	0	2.801539	1.760632	0.7962274	0.2037726	57.62784
350	10.6886	-22.8733	33.5619	0.845832	0.154168	1.96764	0.21953	0.133194	0.125673	0.101263	0.0707156	0.0113711	0.00304818	0	3.290077	1.626947	0.1541676	0.8458324	42.35914
360	12.0204	-21.9096	33.93	0.920282	0.0797184	2.097262	0.213635	0.131103	0.127334	0.10242	0.0685197	0.0115315	0.0030926	0	2.921944	1.99084	0.07971844	0.9202816	97.9129
370	10.7965	-21.0082	31.8048	0.0195547	0.980445	5.437008	0.219461	0.128338	0.126587	0.101178	0.0699955	0.0115761	0.00312148	0	5.047193	1.92251	0.9804453	0.01955467	83.65844
380	11.7939	-21.7327	33.5266	0.259873	0.740127	1.742562	0.214713	0.133581	0.12642	0.100981	0.071283	0.0115723	0.00308692	0	3.325345	1.944795	0.7401268	0.2598732	88.06328
390	11.8107	-22.7939	34.6046	0.172032	0.827968	2.124699	0.218645	0.133423	0.127539	0.100415	0.0703324	0.0116319	0.00309781	0	2.247312	1.929751	0.8279681	0.1720319	85.06501
400	11.325	-21.7643	33.0894	0.703005	0.296995	1.852433	0.211403	0.134533	0.128312	0.101344	0.0689869	0.0112441	0.00306038	0	3.762578	1.788495	0.2969954	0.7030046	61.44626
410	8.18667	-19.6682	27.8548	0.518985	0.481015	3.350372	0.216335	0.132734	0.127439	0.0995427	0.0689891	0.0114582	0.00309603	0	8.997117	1.751372	0.4810154	0.5189846	56.41212
420	10.8866	-20.1404	31.027	0.198843	0.801157	2.61011	0.215347	0.133146	0.127844	0.101216	0.0681669	0.0116867	0.00308514	0	5.824959	1.827971	0.8011568	0.1988432	67.29318
430	11.5671	-23.5716	35.1387	0.628615	0.371385	2.8321	0.210133	0.133494	0.127633	0.102451	0.069567	0.011682	0.00302526	0	1.713249	1.937993	0.3713845	0.6286155	86.69476
440	8.29911	-24.7641	33.0632	0.212755	0.787245	1.112226	0.217099	0.131939	0.124928	0.102394	0.0712292	0.0113138	0.00302233	0	3.788753	1.178906	0.7872454	0.2127546	15.09752
450	12.4317	-20.6788	33.1105	0.113337	0.886663	3.914221	0.216973	0.132394	0.126782	0.101477	0.0715875	0.011235	0.00298787	0	3.741417	1.987078	0.886663	0.113337	97.06847
460	10.8386	-20.5127	31.3513	0.684631	0.315369	3.467101	0.220588	0.130003	0.127919	0.102089	0.0713351	0.0112895	0.00298509	0	5.500682	1.806917	0.3153689	0.6846311	64.10866
470	9.23353	-24.8024	34.0359	0.603329	0.396671	0.385462	0.219327	0.129634	0.127516	0.10396	0.0712438	0.0113854	0.00302279	0	2.816063	1.522351	0.3966705	0.6033295	33.29288
480	11.7933	-23.0169	34.8102	0.437007	0.562993	2.473642	0.212625	0.130338	0.128683	0.102184	0.0700351	0.0116794	0.00305261	0	2.041752	1.936737	0.5629933	0.4370067	86.44447
490	9.11547	-22.9822	32.0977	0.883833	0.116167	2.336479	0.213107	0.128661	0.123921	0.101755	0.0697046	0.0115793	0.00306884	0	4.754236	1.406831	0.1161665	0.8838335	25.51706
500	11.0092	-20.9008	31.9101	0.624449	0.375551	4.01286	0.212685	0.128535	0.12625	0.102992	0.0687551	0.0117034	0.00311061	0	4.94187	1.7972	0.3755508	0.6244492	62.69021
510	10.8381	-19.4658	30.3039	0.0848193	0.915181	2.854101	0.211303	0.131309	0.125962	0.100199	0.0706836	0.0114149	0.00308912	0	6.547999	1.968206	0.9151807	0.08481929	92.94068
520	11.0685	-21.4434	32.5119	0.551598	0.448402	2.097017	0.212759	0.134314	0.123606	0.101523	0.0712773	0.0114919	0.00301787	0	4.340034	1.725312	0.4484016	0.5515984	53.12661
530	11.3779	-19.6402	31.0182	0.622462	0.377538	3.370309	0.215219	0.132553	0.124116	0.100425	0.070353	0.0116042	0.00296892	0	5.833793	1.9985	0.3775376	0.6224624	99.6552
540	11.2676	-21.0867	32.3542	0.300318	0.699682	1.366897	0.209923	0.132912	0.125506	0.100338	0.0689054	0.0111936	0.00302542	0	4.497706	1.962934	0.6996822	0.3003178	91.81938
550	9.98067	-19.3772	29.3579	0.304732	0.695268	3.614474	0.210327	0.133	0.128397	0.104354	0.0699929	0.0116588	0.00300869	0	7.494054	1.928135	0.695268	0.304732	84.74911
560	9.84835	-19.9819	29.8302	0.287121	0.712879	2.130063	0.210292	0.131346	0.126942	0.10346	0.0703891	0.0114899	0.00299115	0	7.0217	1.783257	0.7128792	0.2871208	60.70952
570	9.77131	-25.6251	35.3964	0.494682	0.505318	1.632237	0.210695	0.133828	0.128574	0.102365	0.0703645	0.0114193	0.00305415	0	1.455543	1.776292	0.5053177	0.4946823	59.74364
580	6.45208	-26.7512	33.2032	0.992466	0.00753383	1.616427	0.217443	0.131075	0.128206	0.103855	0.0705194	0.0115449	0.00311003	0	3.648699	1.081836	0.007533831	0.9924662	12.07359
590	11.9841	-22.5579	34.542	0.929507	0.0704927	4.156753	0.213847	0.132773	0.128639	0.104039	0.071232	0.0115998	0.00307872	0	2.3099	1.901902	0.07049266	0.9295073	79.78152
600	11.8777	-21.0485	32.9261	0.471721	0.528279	5.102767	0.216282	0.131518	0.127891	0.100703	0.0703019	0.0117184	0.00310606	0	3.9258	1.982069	0.528279	0.471721	95.9553
610	11.3722	-23.8686	35.2408	0.702212	0.297788	2.863432	0.219581	0.131675	0.127971	0.101804	0.0709855	0.0113634	0.00297444	0	1.61117	1.935814	0.2977884	0.7022116	86.26095
620	10.6026	-22.4192	33.0218	0.636274	0.363726	3.928163	0.211956	0.134221	0.127654	0.101486	0.0707963	0.0111974	0.00303671	0	3.830181	1.653236	0.3637257	0.6362743	45.00243
630	11.5213	-21.4561	32.9773	0.806642	0.193358	1.706729	0.210548	0.134711	0.12876	0.0999748	0.0715501	0.0111526	0.00302486	0	3.874603	1.905441	0.1933584	0.8066416	80.43421
640	12.3905	-21.5369	33.9273	0.0808655	0.919135	4.730448	0.210764	0.135031	0.123176	0.104254	0.0702932	0.0115234	0.00305104	0	2.924604	1.972825	0.9191345	0.08086548	93.93457
650	11.8251	-22.3641	34.1893	0.488641	0.511359	5.440425	0.211831	0.132182	0.12398	0.102227	0.0687973	0.0117293	0.00297543	0	2.66266	1.957064	0.5113586	0.4886414	90.5867
660	9.87586	-20.6282	30.504	0.531629	0.468371	3.42948	0.215344	0.134686	0.126512	0.0993567	0.0681187	0.0114499	0.00308575	0	6.347906	1.701271	0.4683709	0.5316291	50.26561
670	10.0815	-21.0834	31.1649	0.719751	0.280249	0.6103046	0.218961	0.133359	0.128074	0.100552	0.069624	0.011564	0.00307978	0	5.687067	1.924343	0.2802489	0.7197511	84.01241
680	9.90652	-21.9371	31.8436	0.923882	0.0761179	0.5932958	0.214031	0.133675	0.127606	0.100021	0.069552	0.0114879	0.00301927	0	5.008298	1.689301	0.07611786	0.9238821	48.89909
690	12.1864	-20.8704	33.0568	0.11643	0.88357	2.400323	0.21715	0.1327	0.128086	0.102873	0.0686538	0.0115472	0.0031129	0	3.795144	1.971185	0.8835701	0.1164299	93.58051
700	10.8934	-21.3687	32.2621	0.797248	0.202752	2.846345	0.215918	0.130168	0.12256	0.103669	0.0709895	0.0113975	0.00302673	0	4.589808	1.700861	0.2027519	0.7972481	50.21819
710	10.9132	-22.1846	33.0979	0.546512	0.453488	3.724141	0.215328	0.13044	0.124434	0.103288	0.0701964	0.0112248	0.00297531	0	3.754086	1.685349	0.4534875	0.5465125	48.45618
720	11.5607	-22.7146	34.2753	0.745444	0.254556	2.016408	0.215799	0.129878	0.127102	0.103435	0.0698523	0.0116447	0.00301555	0	2.576598	1.873504	0.2545558	0.7454442	74.73148
730	11.6771	-19.9973	31.6744	0.241367	0.758633	3.698158	0.218619	0.130007	0.127829	0.104134	0.0703446	0.0114699	0.00299392	0	5.177575	1.964189	0.7586329	0.2413671	92.08496
740	12.2607	-22.1862	34.4469	0.464067	0.535933	4.571492	0.21949	0.12843	0.12745	0.10204	0.0688423	0.0113789	0.00311037	0	2.405045	1.953147	0.5359332	0.4640668	89.77332
750	11.601	-20.6965	32.2975	0.121354	0.878646	4.688422	0.215081	0.132218	0.126058	0.0997499	0.0685053	0.011278	0.00309204	0	4.554414	1.932651	0.8786463	0.1213537	85.63501
760	11.3566	-20.7614	32.118	0.0671614	0.932839	2.519778	0.214706	0.129105	0.125365	0.0998932	0.0708209	0.0114105	0.00304344	0	4.733962	1.792178	0.9328386	0.06716139	61.96943
770	10.3091	-24.9943	35.3035	0.0549436	0.945056	4.799548	0.220906	0.131936	0.128238	0.100723	0.0684959	0.0112752	0.00302726	0	1.548455	1.680626	0.9450564	0.05494356	47.9321
780	12.3012	-22.4333	34.7345	0.400632	0.599368	3.678885	0.215844	0.132931	0.122488	0.104214	0.0683613	0.0112578	0.00297376	0	2.117485	1.966947	0.5993683	0.4006317	92.67167
790	11.9198	-20.5251	32.445	0.711293	0.288707	2.538578	0.219974	0.132326	0.124096	0.103611	0.0690139	0.0113824	0.00301939	0	4.406985	1.966894	0.2887068	0.7112932	92.66042
800	9.55495	-20.6851	30.24	0.0935884	0.906412	1.139558	0.21828	0.133121	0.126578	0.104063	0.0689093	0.0114727	0.00299378	0	6.611896	1.68235	0.9064116	0.09358836	48.12273
810	11.2774	-22.0619	33.3393	0.99823	0.0017701	1.875958	0.212792	0.132734	0.128089	0.102209	0.070176	0.0113963	0.00299627	0	3.512668	1.782142	0.001770103	0.9982299	60.55395
820	8.56323	-20.278	28.8412	0.184101	0.815899	4.493874	0.21039	0.133635	0.128767	0.101581	0.069739	0.0112982	0.00297458	0	8.0107	1.79006	0.8158995	0.1841005	61.66803
830	7.98787	-27.3789	35.3668	0.0685948	0.931405	5.692694	0.211379	0.13467	0.127569	0.100353	0.0683124	0.011478	0.00307226	0	1.485139	1.52304	0.9314052	0.06859478	33.34575
840	12.0561	-21.304	33.3601	0.573786	0.426214	2.35595	0.211411	0.128348	0.126072	0.100513	0.069851	0.0116961	0.00298682	0	3.491877	1.943458	0.4262143	0.5737857	87.79255
850	8.60619	-23.813	32.4192	0.508052	0.491948	2.37553	0.217398	0.131002	0.123289	0.100939	0.0681823	0.0116729	0.00309358	0	4.432707	1.303315	0.4919485	0.5080515	20.1055
860	11.3628	-20.4932	31.856	0.0374738	0.962526	2.099868	0.21518	0.134134	0.125332	0.100621	0.0704551	0.0115878	0.00305621	0	4.995941	1.87392	0.9625262	0.03747379	74.80319
870	8.20476	-19.8835	28.0883	0.0347895	0.96521	1.320769	0.220916	0.134109	0.124232	0.103329	0.070967	0.0114542	0.00305489	0	8.763658	1.697912	0.9652105	0.03478953	49.8784
880	11.7093	-20.5925	32.3018	0.264163	0.735837	1.976178	0.210912	0.131215	0.128072	0.103623	0.0695848	0.0113189	0.00303092	0	4.550127	1.999734	0.7358373	0.2641627	99.9387
890	11.5968	-21.4034	33.0001	0.00816051	0.991839	4.565049	0.215153	0.129928	0.122688	0.0999498	0.0711119	0.0113915	0.0029883	0	3.851827	1.847507	0.9918395	0.008160508	70.38939
900	12.2	-22.482	34.682	0.456865	0.543135	3.197672	0.212789	0.133718	0.12369	0.0996908	0.0714805	0.0116337	0.00297811	0	2.169921	1.95241	0.5431354	0.4568646	89.62095
910	11.5517	-20.2214	31.7731	0.413114	0.586886	3.879577	0.212782	0.134983	0.125632	0.10012	0.0700283	0.0116711	0.00299892	0	5.078843	1.926852	0.586886	0.413114	84.49912
920	11.8674	-21.3093	33.1768	0.0901273	0.909873	1.797808	0.21441	0.133055	0.122684	0.101286	0.0706558	0.0117074	0.00300609	0	3.675195	1.985516	0.9098727	0.0901273	96.71987
930	10.5374	-21.7022	32.2397	9.33548e-05	0.999907	1.945707	0.214148	0.133179	0.123764	0.102046	0.0685385	0.0112441	0.00300027	0	4.612266	1.584687	0.9999066	9.335484e-05	38.43145
940	11.0769	-20.8628	31.9397	0.815499	0.184501	5.284255	0.220303	0.134067	0.124109	0.10129	0.0694912	0.0112595	0.0030117	0	4.912237	1.969266	0.1845007	0.8154993	93.1678
950	12.4571	-21.2745	33.7316	0.381152	0.618848	2.941667	0.219026	0.133184	0.127467	0.103818	0.0698608	0.0111503	0.00304958	0	3.12036	1.981974	0.6188484	0.3811516	95.93441
960	10.4861	-21.5999	32.086	0.665482	0.334518	2.996729	0.218256	0.134748	0.127249	0.103352	0.0693274	0.011306	0.00307417	0	4.765976	1.635263	0.3345179	0.6654821	43.178
970	11.652	-21.0668	32.7188	0.385903	0.614097	4.636378	0.218195	0.132284	0.124527	0.102597	0.0704946	0.0115312	0.00298443	0	4.133132	1.908926	0.6140973	0.3859027	81.0823
980	11.5476	-19.9771	31.5247	0.265588	0.734412	2.442541	0.21765	0.131681	0.12721	0.104129	0.0682654	0.0113863	0.00308691	0	5.327292	1.993863	0.7344119	0.2655881	98.59679
990	11.8882	-23.2124	35.1006	0.918637	0.0813631	3.727225	0.220156	0.131916	0.125951	0.104127	0.0700963	0.0111874	0.0029718	0	1.751347	1.972067	0.08136315	0.9186369	93.77075
1000	11.618	-22.0832	33.7013	0.565238	0.434762	2.697943	0.218409	0.13271	0.122386	0.103378	0.0687617	0.0112461	0.00303067	0	3.150685	1.778288	0.4347624	0.5652376	60.01884
1010	10.0632	-20.9904	31.0536	0.54609	0.45391	4.918215	0.217322	0.130788	0.126871	0.102117	0.0682532	0.0111777	0.00311886	0	5.798334	1.819497	0.4539101	0.5460899	65.99292
1020	11.4882	-23.3509	34.8391	0.325163	0.674837	2.331545	0.220238	0.132145	0.125355	0.104048	0.0696426	0.01116	0.00305899	0	2.012817	1.86381	0.6748375	0.3251625	73.08195
1030	11.7161	-21.7608	33.4769	0.956344	0.0436564	1.750946	0.216844	0.129957	0.126768	0.101997	0.069589	0.0113338	0.0030462	0	3.375011	1.957099	0.04365643	0.9563436	90.59382
1040	10.5834	-24.4484	35.0318	0.592529	0.407471	1.536177	0.218174	0.129648	0.128371	0.101497	0.0705705	0.0112501	0.00309848	0	1.820164	1.866708	0.4074709	0.5925291	73.57115
1050	12.1875	-21.3204	33.5079	0.168695	0.831305	5.045705	0.218664	0.13307	0.127888	0.100508	0.0695359	0.0113802	0.00306912	0	3.344028	1.990734	0.831305	0.168695	97.88903
1060	12.5153	-20.5961	33.1114	0.0212909	0.978709	3.674491	0.220629	0.131145	0.12614	0.100528	0.069203	0.0113146	0.00300769	0	3.7405	1.995313	0.9787091	0.02129094	98.92649
1070	12.1605	-21.4952	33.6557	0.954705	0.0452948	3.638367	0.21987	0.13273	0.128454	0.104016	0.0712319	0.0111915	0.00302206	0	3.196205	1.909483	0.04529482	0.9547052	81.18629
1080	11.1703	-20.5969	31.7672	0.715619	0.284381	4.117029	0.220592	0.13471	0.125546	0.103963	0.0687843	0.0113094	0.00301541	0	5.084771	1.868521	0.2843805	0.7156195	73.87906
1090	12.2917	-21.4326	33.7243	0.481968	0.518032	2.515557	0.217359	0.131511	0.12248	0.103357	0.0692832	0.0115406	0.0029678	0	3.127647	1.99409	0.5180317	0.4819683	98.64849
1100	11.2063	-20.3908	31.597	0.538369	0.461631	2.295922	0.219452	0.13276	0.125571	0.102902	0.0707238	0.0115745	0.00298922	0	5.25491	1.873094	0.4616313	0.5383687	74.6611
1110	10.3448	-21.919	32.2638	0.414446	0.585554	6.485331	0.213596	0.132028	0.122969	0.0996446	0.0711188	0.0116276	0.00311168	0	4.588129	1.984657	0.5855543	0.4144457	96.52884
1120	11.5168	-21.8265	33.3434	0.450203	0.549797	2.424037	0.214748	0.132084	0.122858	0.104014	0.0713032	0.0117226	0.00302575	0	3.508581	1.760521	0.5497967	0.4502033	57.61313
1130	11.2583	-22.2686	33.5269	0.764259	0.235741	2.23187	0.214997	0.131156	0.123165	0.102911	0.0711806	0.0115152	0.00300934	0	3.32501	1.729474	0.235741	0.764259	53.63818
1140	6.51222	-22.4885	29.0008	0.675296	0.324704	1.608101	0.210818	0.12829	0.12528	0.102537	0.0716705	0.0114817	0.00308168	0	7.851172	1.237012	0.3247035	0.6752965	17.25886
1150	8.66582	-22.5689	31.2347	0.659575	0.340425	5.231335	0.209885	0.130616	0.124303	0.0994858	0.0701144	0.0111588	0.00311776	0	5.617212	1.63437	0.3404251	0.6595749	43.08932
1160	11.7551	-22.6372	34.3923	0.310218	0.689782	3.95788	0.210902	0.134206	0.125329	0.101084	0.0688482	0.0114448	0.00298595	0	2.459659	1.814271	0.6897815	0.3102185	65.20349
1170	12.2011	-22.3479	34.549	0.209107	0.790893	3.384728	0.213856	0.134134	0.12299	0.100462	0.0694857	0.0113413	0.0030489	0	2.302923	1.899935	0.7908926	0.2091074	79.421
1180	11.4119	-22.1313	33.5433	0.707456	0.292544	1.451785	0.218293	0.129918	0.12748	0.100116	0.0692906	0.0114206	0.00299554	0	3.308652	1.91373	0.2925435	0.7074565	81.98421
1190	9.68838	-24.2872	33.9756	0.174829	0.825171	6.723689	0.219179	0.128575	0.124164	0.100491	0.0702582	0.0111658	0.00301885	0	2.876385	1.802989	0.8251715	0.1748285	63.53148
1200	11.9371	-20.6277	32.5648	0.0258458	0.974154	2.558614	0.220761	0.131246	0.123363	0.0997575	0.0692892	0.011539	0.00304307	0	4.287097	1.914114	0.9741542	0.02584581	82.05663
1210	11.3805	-23.9122	35.2926	0.186958	0.813042	2.335457	0.218925	0.13024	0.124349	0.0995493	0.0702834	0.011634	0.00306725	0	1.559299	1.990334	0.8130423	0.1869577	97.79897
1220	12.2986	-20.4222	32.7208	0.69815	0.30185	3.059998	0.215017	0.128399	0.123395	0.0997571	0.0706602	0.0117336	0.00311693	0	4.131129	1.999981	0.3018496	0.6981504	99.99563
1230	8.52066	-25.7084	34.2291	0.8119	0.1881	3.996584	0.21341	0.130867	0.124808	0.100997	0.070303	0.0115639	0.00310484	0	2.622837	1.414388	0.1881002	0.8118998	25.96498
1240	12.2539	-21.0813	33.3353	0.0223611	0.977639	2.800926	0.213181	0.1316	0.124728	0.102709	0.0701775	0.0117149	0.00310125	0	3.516681	1.904986	0.9776389	0.02236111	80.35009
1250	12.3733	-20.6397	33.0129	0.566352	0.433648	3.080698	0.218673	0.128917	0.124931	0.102268	0.071022	0.0116543	0.00306072	0	3.838998	1.992098	0.4336483	0.5663517	98.19687
1260	11.5338	-20.2734	31.8072	0.0383341	0.961666	2.374501	0.216953	0.130737	0.124691	0.100957	0.0693141	0.0113142	0.00296802	0	5.044757	1.931807	0.9616659	0.03833407	85.46866
1270	10.0411	-21.0245	31.0656	0.167268	0.832732	4.513349	0.220064	0.131945	0.123977	0.103525	0.0686531	0.0116316	0.00297011	0	5.78639	1.757702	0.8327321	0.1672679	57.24037
1280	11.7742	-21.4996	33.2738	0.0337989	0.966201	3.639771	0.215418	0.129118	0.122886	0.100696	0.0695432	0.0111661	0.00297578	0	3.578159	1.799813	0.9662011	0.03379889	63.06855
1290	11.8364	-20.1003	31.9366	0.582766	0.417234	2.775011	0.220098	0.130641	0.127992	0.101031	0.0698855	0.0112638	0.00303883	0	4.915325	1.994103	0.4172343	0.5827657	98.65132
1300	11.723	-22.5587	34.2818	0.489695	0.510305	3.364828	0.219068	0.132073	0.125313	0.102932	0.069995	0.0113002	0.00299223	0	2.570183	1.803771	0.5103052	0.4896948	63.646
1310	12.4384	-21.885	34.3235	0.159157	0.840843	4.673754	0.220734	0.128497	0.126044	0.102196	0.0681938	0.0117093	0.00311126	0	2.528461	1.970744	0.8408435	0.1591565	93.48535
1320	11.3571	-21.1806	32.5377	0.893851	0.106149	4.507075	0.220835	0.131804	0.12823	0.100795	0.069355	0.011427	0.0031192	0	4.314225	1.856627	0.1061491	0.8938509	71.88321
1330	10.9022	-20.2087	31.1109	0.79922	0.20078	3.836234	0.220828	0.132627	0.127217	0.0998136	0.0691561	0.0115124	0.00299483	0	5.741063	1.873928	0.2007805	0.7992195	74.80456
1340	11.6937	-20.7607	32.4544	0.795643	0.204357	4.445557	0.215267	0.129017	0.126583	0.100173	0.070693	0.0114383	0.00301876	0	4.397541	1.931682	0.204357	0.795643	85.44409
1350	11.8393	-20.1748	32.014	0.98274	0.0172603	2.877299	0.216721	0.132572	0.124225	0.100181	0.0710503	0.0115565	0.00300472	0	4.83791	1.979941	0.01726032	0.9827397	95.48619
1360	9.77727	-25.8214	35.5987	0.3454	0.6546	4.150414	0.215349	0.1349	0.125844	0.103567	0.0694518	0.0113307	0.00297791	0	1.253275	1.683877	0.6545996	0.3454004	48.29216
1370	12.0332	-21.9402	33.9733	0.215305	0.784695	2.024816	0.21313	0.133366	0.122359	0.104011	0.070813	0.0114607	0.00299914	0	2.878596	1.987979	0.7846949	0.2153051	97.26997
1380	11.3881	-20.659	32.0471	0.73034	0.26966	2.328507	0.21445	0.133382	0.126399	0.100013	0.0702243	0.0112166	0.00309809	0	4.804808	1.854131	0.2696595	0.7303405	71.47115
1390	8.56456	-26.9896	35.5541	0.00452131	0.995479	3.844453	0.211912	0.129723	0.12601	0.10087	0.0709084	0.0113479	0.00297815	0	1.297797	1.414661	0.9954787	0.004521313	25.9813
1400	10.943	-23.9335	34.8765	0.411166	0.588834	1.424649	0.218037	0.129186	0.12499	0.100093	0.0708032	0.0112252	0.00297559	0	1.97542	1.984014	0.5888345	0.4111655	96.386
1410	12.1615	-21.1205	33.2821	0.184823	0.815177	3.410352	0.219079	0.129746	0.1253	0.101233	0.0710549	0.0114467	0.00301868	0	3.569864	1.888308	0.8151769	0.1848231	77.32287
1420	11.564	-20.654	32.2181	0.762226	0.237774	3.896312	0.218649	0.130768	0.125578	0.0997109	0.0692629	0.0112786	0.00310031	0	4.633887	1.879445	0.2377743	0.7622257	75.76082
1430	11.2753	-23.5383	34.8135	0.122003	0.877997	1.521776	0.216177	0.131665	0.126704	0.0999361	0.0687176	0.011411	0.00309349	0	2.038401	1.998701	0.8779969	0.1220031	99.70138
1440	11.6259	-20.8417	32.4677	0.108076	0.891924	2.375961	0.214264	0.131553	0.128057	0.102723	0.0696902	0.0115471	0.00307913	0	4.384275	1.83673	0.8919242	0.1080758	68.66412
1450	9.67837	-24.6678	34.3462	0.0233853	0.976615	1.23976	0.217149	0.133953	0.127782	0.104166	0.0701917	0.0113065	0.00307937	0	2.505726	1.392595	0.9766147	0.02338534	24.69417
1460	11.6369	-21.9596	33.5965	0.106131	0.893869	1.829187	0.215558	0.128596	0.125189	0.103996	0.0698406	0.011192	0.00307659	0	3.255418	1.830581	0.8938692	0.1061308	67.69873
1470	10.3493	-23.3915	33.7409	0.95082	0.0491801	4.883988	0.218924	0.129884	0.124781	0.0998152	0.0696113	0.0114706	0.00309572	0	3.111057	1.684155	0.04918013	0.9508199	48.32308
1480	12.1105	-20.9254	33.0358	0.00548334	0.994517	3.109712	0.22059	0.130563	0.126786	0.100786	0.0691027	0.0112502	0.00307917	0	3.816097	1.876972	0.9945167	0.005483339	75.33078
1490	12.5298	-21.2811	33.8109	0.499286	0.500714	3.175757	0.216317	0.128706	0.126648	0.102719	0.0698399	0.0111684	0.0031116	0	3.041043	1.984923	0.5007137	0.4992863	96.58798
1500	10.4354	-23.8286	34.264	0.971212	0.0287878	4.854082	0.215804	0.129454	0.126663	0.101103	0.069447	0.0113216	0.00305447	0	2.587979	1.70331	0.02878777	0.9712122	50.50215
1510	12.1166	-22.0069	34.1234	0.963618	0.0363822	5.106926	0.21055	0.129786	0.126253	0.0995405	0.0688188	0.0112193	0.0031134	0	2.728511	1.986372	0.03638218	0.9636178	96.91081
1520	11.7781	-22.4606	34.2387	0.170141	0.829859	5.3785	0.218142	0.130419	0.126484	0.102657	0.0685369	0.0112328	0.0030507	0	2.613239	1.923258	0.8298591	0.1701409	83.80278
1530	10.9715	-23.4338	34.4053	0.772455	0.227545	4.79201	0.217029	0.130191	0.126125	0.104506	0.0687284	0.0112179	0.00301611	0	2.446684	1.770372	0.2275452	0.7724548	58.93487
1540	11.0835	-23.4903	34.5738	0.484209	0.515791	6.048399	0.210109	0.128559	0.126944	0.104146	0.0694587	0.0112522	0.00303085	0	2.278168	1.918141	0.5157907	0.4842093	82.82109
1550	11.1691	-21.8363	33.0053	0.870882	0.129118	1.32865	0.21014	0.129009	0.128307	0.0993921	0.0695388	0.0114445	0.00303652	0	3.846607	1.861413	0.1291181	0.8708819	72.67972
1560	10.7318	-22.4518	33.1836	0.208119	0.791881	2.366534	0.216517	0.128527	0.123917	0.0996336	0.0685705	0.0115962	0.00301012	0	3.66833	1.577636	0.7918815	0.2081185	37.81253
1570	12.0773	-20.9578	33.0351	0.764401	0.235599	4.312246	0.211047	0.130434	0.123109	0.100718	0.0685296	0.0116178	0.00309328	0	3.816814	1.940311	0.2355993	0.7644007	87.15873
1580	9.55883	-19.975	29.5338	0.318856	0.681144	3.355717	0.213726	0.129508	0.126443	0.10026	0.0696622	0.0112962	0.00305993	0	7.318163	1.77108	0.6811436	0.3188564	59.03097
1590	11.2546	-23.049	34.3036	0.109641	0.890359	4.260898	0.220281	0.129169	0.127236	0.101062	0.0713404	0.0117083	0.00305446	0	2.548311	1.709608	0.8903593	0.1096407	51.23992
1600	11.6755	-22.4657	34.1412	0.351496	0.648504	1.744823	0.21667	0.129386	0.128351	0.0994647	0.0701636	0.0114114	0.00310822	0	2.71075	1.927883	0.6485037	0.3514963	84.69983
1610	11.4224	-20.201	31.6234	0.874726	0.125274	3.559279	0.2179	0.129076	0.12628	0.101807	0.0696941	0.0112918	0.00308426	0	5.228521	1.905784	0.1252742	0.8747258	80.49789
1620	11.2324	-21.7854	33.0178	0.486729	0.513271	5.74106	0.218752	0.129825	0.127172	0.10271	0.069433	0.0114136	0.0030066	0	3.834194	1.954206	0.5132705	0.4867295	89.99239
1630	11.5588	-22.686	34.2448	0.834854	0.165146	2.691832	0.219421	0.130095	0.122756	0.10446	0.0688664	0.0114767	0.00297602	0	2.607153	1.802859	0.165146	0.834854	63.51254
1640	11.7691	-20.5356	32.3047	0.0728505	0.92715	3.72641	0.220222	0.13035	0.123532	0.100681	0.0683441	0.0113631	0.00298267	0	4.547266	1.894194	0.9271495	0.07285046	78.37795
1650	11.9025	-22.0567	33.9592	0.279868	0.720132	4.6719	0.218026	0.133101	0.128436	0.0996517	0.0682642	0.011378	0.00309485	0	2.89273	1.874801	0.7201321	0.2798679	74.95511
1660	10.6531	-20.414	31.0671	0.579306	0.420694	5.079955	0.216035	0.134575	0.126825	0.100479	0.0682842	0.0112278	0.00310246	0	5.784882	1.956342	0.4206939	0.5793061	90.43621
1670	10.4777	-24.9175	35.3952	0.207994	0.792006	6.239358	0.21316	0.134795	0.124499	0.100281	0.0707546	0.0112173	0.0030562	0	1.45678	1.887675	0.7920064	0.2079936	77.21025
1680	8.53764	-21.4581	29.9957	0.633718	0.366282	6.547494	0.215303	0.132041	0.12282	0.099659	0.0682812	0.0112646	0.00301579	0	6.856247	1.97549	0.3662823	0.6337177	94.51271
1690	9.20435	-23.1907	32.395	0.266392	0.733608	3.603638	0.220342	0.129739	0.123431	0.100527	0.0699344	0.0113387	0.00311152	0	4.456901	1.438972	0.7336078	0.2663922	27.4772
1700	12.4089	-21.3521	33.761	0.052632	0.947368	2.955858	0.21731	0.129759	0.124661	0.0996093	0.07025	0.0112853	0.00311253	0	3.090994	1.928057	0.947368	0.05263198	84.73394
1710	11.8318	-22.0312	33.863	0.66502	0.33498	2.091044	0.214046	0.130038	0.122785	0.0996823	0.0713891	0.0115833	0.00311919	0	2.988896	1.897119	0.3349805	0.6650195	78.9077
1720	12.4552	-21.7076	34.1627	0.236639	0.763361	4.190497	0.220638	0.128427	0.122953	0.100421	0.0709721	0.0115274	0.00304471	0	2.68921	1.954886	0.7633613	0.2366387	90.13346
1730	10.4808	-23.3947	33.8755	0.141002	0.858998	1.056828	0.217224	0.132112	0.125466	0.0995352	0.0700702	0.0113265	0.00303997	0	2.976428	1.621079	0.858998	0.141002	41.79068
1740	9.92251	-21.6155	31.538	0.768577	0.231423	3.862531	0.217539	0.133606	0.127645	0.100455	0.0706115	0.0115936	0.0030651	0	5.313962	1.638574	0.2314229	0.7685771	43.50848
1750	10.4009	-19.6906	30.0915	0.420407	0.579593	2.497154	0.218515	0.134589	0.127567	0.101641	0.071584	0.0116039	0.00311838	0	6.760445	1.881265	0.5795927	0.4204073	76.07897
1760	12.1107	-21.2553	33.366	0.013401	0.986599	2.643565	0.217322	0.132352	0.127645	0.103635	0.0701617	0.0113915	0.00310577	0	3.48594	1.869623	0.986599	0.01340103	74.06675
1770	10.5671	-22.2109	32.778	0.375152	0.624848	5.240808	0.209964	0.133519	0.128568	0.102504	0.0690095	0.0113511	0.00304568	0	4.073911	1.779036	0.6248478	0.3751522	60.12229
1780	12.3571	-21.1831	33.5402	0.41058	0.58942	3.604536	0.218547	0.13204	0.125496	0.101518	0.0681296	0.0111756	0.00300625	0	3.311764	1.942216	0.5894196	0.4105804	87.54194
1790	10.8428	-21.4177	32.2605	0.0754978	0.924502	5.993421	0.218236	0.129318	0.123866	0.099365	0.0693187	0.0113961	0.0030155	0	4.591454	1.987055	0.9245022	0.07549783	97.06331
1800	10.7855	-20.6432	31.4288	0.364279	0.635721	2.070496	0.220603	0.128526	0.123373	0.0995245	0.070296	0.0115871	0.00297999	0	5.423187	1.775912	0.6357211	0.3642789	59.69148
1810	9.3159	-26.5954	35.9113	0.765113	0.234887	2.86665	0.217757	0.131188	0.124764	0.103881	0.0704577	0.0117299	0.00309781	0	0.9406466	1.863966	0.2348874	0.7651126	73.1082
1820	11.5492	-19.717	31.2662	0.0779982	0.922002	3.09719	0.218476	0.129442	0.127535	0.102787	0.0707103	0.0114611	0.0030372	0	5.58579	1.990845	0.9220018	0.07799823	97.91397
1830	10.8425	-21.4413	32.2838	0.778902	0.221098	2.471694	0.220001	0.130566	0.126189	0.100852	0.0708415	0.0114426	0.00308992	0	4.568128	1.681599	0.2210979	0.7789021	48.03956
1840	11.9031	-23.3293	35.2324	0.719953	0.280047	4.367411	0.21041	0.129806	0.128174	0.101012	0.0715312	0.0114131	0.00311128	0	1.619501	1.984625	0.2800473	0.7199527	96.52164
1850	11.9316	-22.3953	34.3269	0.238078	0.761922	2.561353	0.210426	0.128569	0.128012	0.100612	0.0707606	0.011453	0.00305292	0	2.525022	1.862208	0.7619219	0.2380781	72.81293
1860	10.358	-21.0293	31.3873	0.930297	0.0697034	3.970137	0.215949	0.1297	0.127876	0.102374	0.0708652	0.0116407	0.00309333	0	5.464671	1.735502	0.06970342	0.9302966	54.3879
1870	9.74724	-20.049	29.7963	0.881114	0.118886	2.030616	0.217494	0.129978	0.126953	0.102325	0.0683567	0.011654	0.00307476	0	7.055683	1.768921	0.118886	0.881114	58.73821
1880	11.4183	-22.8523	34.2706	0.537469	0.462531	3.156693	0.219274	0.131628	0.127168	0.10375	0.0681146	0.0114482	0.00303236	0	2.581378	1.741325	0.4625311	0.5374689	55.12197
1890	11.2615	-22.0266	33.288	0.51437	0.48563	1.38093	0.213044	0.130737	0.124389	0.101068	0.0699049	0.0116201	0.00309275	0	3.563903	1.841451	0.4856299	0.5143701	69.41471
1900	11.32	-22.7823	34.1022	0.337144	0.662856	2.477771	0.216525	0.130317	0.125676	0.0996716	0.0688654	0.0117154	0.0030963	0	2.7497	1.700905	0.6628563	0.3371437	50.22325
1910	11.4417	-23.7531	35.1948	0.132918	0.867082	4.882405	0.220368	0.131868	0.123755	0.100152	0.0681322	0.0116044	0.00304881	0	1.657132	1.856121	0.8670822	0.1329178	71.79937
1920	11.9003	-20.896	32.7963	0.86541	0.13459	4.469398	0.217946	0.134242	0.125551	0.102788	0.0689378	0.0111504	0.00311168	0	4.055678	1.942774	0.1345905	0.8654095	87.65436
1930	8.09284	-26.554	34.6468	0.50089	0.49911	3.001412	0.211041	0.134326	0.123666	0.103564	0.0703857	0.011385	0.00312026	0	2.205133	1.295072	0.4991104	0.5008896	19.72751
1940	9.90865	-21.4962	31.4048	0.341762	0.658238	1.737093	0.216482	0.134255	0.124341	0.102649	0.0714201	0.0113134	0.00302826	0	5.447126	1.563564	0.6582377	0.3417623	36.60703
1950	9.60942	-23.5175	33.1269	0.375382	0.624618	4.658648	0.214085	0.132263	0.122422	0.102549	0.0709647	0.0114743	0.00306824	0	3.72504	1.562343	0.6246183	0.3753817	36.50421
1960	10.8704	-23.2059	34.0763	0.339955	0.660045	1.509417	0.217316	0.131923	0.123887	0.104314	0.0690335	0.0117127	0.00308774	0	2.775644	1.689161	0.6600448	0.3399552	48.88338
1970	8.6269	-21.036	29.6629	0.200383	0.799617	5.087526	0.217044	0.132508	0.126946	0.103388	0.068258	0.0116477	0.00304951	0	7.189039	1.755537	0.7996168	0.2003832	56.95573
1980	11.7333	-21.2167	32.95	0.917766	0.0822338	4.327858	0.213652	0.131309	0.126864	0.103263	0.070167	0.0112146	0.00300785	0	3.901903	1.892777	0.0822338	0.9177662	78.12273
1990	11.0399	-22.284	33.3239	0.215123	0.784877	4.672302	0.215585	0.133296	0.125118	0.103823	0.0703223	0.011238	0.0029777	0	3.528092	1.753588	0.784877	0.215123	56.7007
2000	12.1162	-21.4698	33.586	0.782227	0.217773	5.055376	0.219871	0.133176	0.123272	0.101733	0.0713732	0.0115402	0.00304026	0	3.265917	1.992511	0.2177735	0.7822265	98.29046
2010	10.0357	-19.5305	29.5663	0.724334	0.275666	2.447655	0.216227	0.133056	0.128727	0.0996846	0.0695783	0.0116322	0.00305975	0	7.285673	1.898727	0.2756663	0.7243337	79.20025
2020	10.9071	-21.9566	32.8637	0.464055	0.535945	4.439648	0.218184	0.134045	0.127247	0.103824	0.0684378	0.0113334	0.00296608	0	3.988201	1.747537	0.535945	0.464055	55.91614
2030	10.5604	-23.1762	33.7366	0.76399	0.23601	1.361363	0.220305	0.134438	0.126689	0.101228	0.0712667	0.0116146	0.00306993	0	3.115345	1.652134	0.2360098	0.7639902	44.8884
2040	9.86385	-19.8281	29.692	0.621452	0.378548	4.176654	0.219873	0.130723	0.126244	0.100314	0.0709597	0.0116847	0.00297714	0	7.159974	1.888265	0.3785484	0.6214516	77.31522
2050	10.4634	-21.6768	32.1402	0.741717	0.258283	0.9343487	0.210308	0.13059	0.126329	0.101162	0.0705296	0.011609	0.00300436	0	4.711735	1.765385	0.2582832	0.7417168	58.26201
2060	10.0445	-24.0132	34.0577	0.472	0.528	0.26526	0.21003	0.132383	0.124537	0.100145	0.0685279	0.0114883	0.00298903	0	2.794256	1.899243	0.5280004	0.4719996	79.29456
2070	7.81267	-22.2044	30.0171	0.144198	0.855802	3.822322	0.216604	0.134211	0.125137	0.101782	0.0684384	0.011493	0.00298995	0	6.834844	1.452865	0.8558025	0.1441975	28.37038
2080	8.62441	-25.7277	34.3521	0.588685	0.411315	2.126703	0.219491	0.133331	0.124615	0.102248	0.0683341	0.0112231	0.00311414	0	2.499797	1.318933	0.4113149	0.5886851	20.8417
2090	9.64351	-25.1606	34.8042	0.747585	0.252415	0.6614642	0.218683	0.134386	0.125462	0.0994619	0.0692626	0.011379	0.00296902	0	2.047785	1.795109	0.2524148	0.7475852	62.38911
2100	11.5484	-22.5419	34.0903	0.782714	0.217286	1.574043	0.215479	0.130365	0.126823	0.102923	0.0693439	0.0117341	0.00305668	0	2.761629	1.971677	0.2172865	0.7827135	93.68648
2110	9.89571	-21.5599	31.4556	0.924953	0.0750474	0.6867658	0.217189	0.133345	0.125086	0.104035	0.0690044	0.0116084	0.00305384	0	5.396368	1.7109	0.07504741	0.9249526	51.39258
2120	9.5005	-22.8887	32.3892	0.52067	0.47933	0.3665806	0.214679	0.132854	0.122696	0.103142	0.068248	0.0113777	0.00305143	0	4.462759	1.532111	0.4793295	0.5206705	34.04948
2130	8.45727	-24.1281	32.5854	0.450539	0.549461	1.072078	0.216364	0.131153	0.123012	0.100531	0.0711299	0.0115619	0.00309846	0	4.266589	1.245358	0.5494606	0.4505394	17.59372
2140	8.86638	-22.6321	31.4985	0.426736	0.573264	0.2497655	0.215406	0.132682	0.122803	0.104216	0.071316	0.011605	0.00312105	0	5.353458	1.428664	0.5732641	0.4267359	26.83269
2150	9.73574	-21.5487	31.2844	0.86518	0.13482	0.1706112	0.212	0.132174	0.125619	0.10386	0.0698111	0.0115063	0.00305546	0	5.567538	1.95957	0.1348199	0.8651801	91.11091
2160	9.21483	-25.7384	34.9532	0.108373	0.891627	0.8556936	0.214288	0.130027	0.126378	0.104511	0.0683024	0.0114005	0.00311145	0	1.898718	1.487112	0.891627	0.108373	30.69813
2170	9.77742	-22.6385	32.416	0.311754	0.688246	0.4697544	0.211382	0.131903	0.123718	0.10345	0.070647	0.011508	0.00304902	0	4.435983	1.567105	0.6882461	0.3117539	36.90667
2180	10.4251	-23.199	33.6241	0.669068	0.330932	0.8661038	0.209925	0.128691	0.124962	0.103135	0.0706474	0.0111718	0.00302296	0	3.227843	1.709933	0.3309318	0.6690682	51.27818
2190	9.38874	-21.7289	31.1176	0.870436	0.129564	3.488746	0.214457	0.132204	0.127554	0.102865	0.0703546	0.0114314	0.00309605	0	5.734308	1.567702	0.1295643	0.8704357	36.95741
2200	10.8014	-22.2554	33.0568	0.643413	0.356587	1.19613	0.218182	0.12833	0.128424	0.102118	0.0691257	0.0116275	0.00308699	0	3.795131	1.731418	0.3565868	0.6434132	53.87886
2210	11.845	-22.9788	34.8237	0.403013	0.596987	3.443691	0.214318	0.131787	0.127365	0.099549	0.068891	0.0115944	0.00305699	0	2.028197	1.865123	0.5969869	0.4030131	73.30326
2220	11.5054	-20.6561	32.1615	0.0436835	0.956316	5.207603	0.218668	0.131317	0.125397	0.0998004	0.068698	0.0117024	0.00304415	0	4.690431	1.993336	0.9563165	0.0436835	98.47733
2230	12.2526	-21.1235	33.376	0.933733	0.0662665	4.248338	0.2197	0.134526	0.122575	0.104164	0.0699827	0.0116118	0.00298642	0	3.475928	1.963831	0.06626655	0.9337335	92.00909
2240	10.7977	-20.7542	31.5519	0.0795965	0.920403	1.427758	0.213341	0.132288	0.123768	0.100908	0.0693038	0.0112696	0.00309641	0	5.300022	1.828756	0.9204035	0.07959654	67.41494
2250	10.0479	-24.0831	34.131	0.614152	0.385848	6.2648	0.213438	0.131227	0.122793	0.101431	0.0698792	0.0114587	0.00300701	0	2.720942	1.797842	0.3858477	0.6141523	62.78306
2260	11.1317	-21.9785	33.1102	0.89093	0.10907	3.487056	0.220346	0.13136	0.124539	0.104579	0.0687515	0.0116818	0.00304122	0	3.741756	1.711724	0.1090696	0.8909304	51.49008
2270	12.204	-21.0324	33.2364	0.876958	0.123042	3.146783	0.216818	0.13252	0.123937	0.104266	0.0683584	0.0116288	0.00310498	0	3.615526	1.924144	0.123042	0.876958	83.97385
2280	11.5624	-22.6618	34.2241	0.769058	0.230942	3.602853	0.212296	0.131062	0.124288	0.100596	0.0706935	0.0114034	0.00303291	0	2.627832	1.785065	0.230942	0.769058	60.96286
2290	12.0053	-22.2171	34.2224	0.644353	0.355647	4.723159	0.213713	0.132624	0.125121	0.104363	0.0683694	0.0114832	0.00305597	0	2.629546	1.919687	0.3556469	0.6443531	83.11654
2300	10.7413	-22.7313	33.4726	0.108895	0.891105	4.995466	0.212266	0.128656	0.123631	0.101134	0.0687198	0.0115811	0.00306242	0	3.379387	1.715368	0.8911055	0.1088945	51.92403
2310	10.6605	-21.8554	32.5159	0.53865	0.46135	3.693747	0.214884	0.130836	0.123468	0.101806	0.0712895	0.0111705	0.00307473	0	4.336062	1.666783	0.4613496	0.5386504	46.42838
2320	11.5687	-22.5775	34.1462	0.859777	0.140223	3.529667	0.210646	0.130928	0.123161	0.101539	0.0696663	0.0113157	0.00298564	0	2.705709	1.790463	0.1402225	0.8597775	61.72531
2330	10.4149	-21.6411	32.056	0.0699937	0.930006	1.144464	0.211883	0.133256	0.12439	0.0998128	0.0713116	0.0113412	0.00303106	0	4.795902	1.648282	0.9300063	0.06999374	44.49198
2340	12.5957	-20.826	33.4217	0.221719	0.778281	3.369847	0.210555	0.131396	0.12798	0.103807	0.0712599	0.0112983	0.00311008	0	3.430289	1.996886	0.7782807	0.2217193	99.28547
2350	11.3659	-20.689	32.0549	0.474622	0.525378	3.107106	0.212114	0.134175	0.125325	0.103396	0.0711828	0.0114879	0.00305039	0	4.797069	1.815402	0.5253778	0.4746222	65.37361
2360	10.8465	-20.9209	31.7674	0.598694	0.401306	1.744395	0.216913	0.129598	0.128441	0.104368	0.0698838	0.0116231	0.00303507	0	5.084574	1.781316	0.4013063	0.5986937	60.4388
2370	11.7986	-20.1029	31.9015	0.28141	0.71859	2.715926	0.220732	0.133187	0.12807	0.103048	0.0688874	0.0111855	0.00305392	0	4.950484	1.98186	0.7185904	0.2814096	95.90918
2380	11.9492	-22.1236	34.0728	0.914584	0.0854165	3.98314	0.220296	0.133634	0.128675	0.10305	0.0709056	0.0115155	0.00309495	0	2.779131	1.865723	0.08541649	0.9145835	73.40451
2390	11.4393	-19.8835	31.3228	0.163503	0.836497	3.084056	0.219276	0.134789	0.125701	0.103837	0.0688753	0.0116733	0.0030038	0	5.529129	1.943747	0.8364966	0.1635034	87.85099
2400	11.3048	-22.4846	33.7894	0.555043	0.444957	5.713679	0.210672	0.131041	0.123267	0.103879	0.0691648	0.0114997	0.00311416	0	3.062556	1.904997	0.4449571	0.5550429	80.35207
2410	11.6487	-22.6145	34.2631	0.160579	0.839421	5.94394	0.212924	0.128926	0.124999	0.101208	0.0692705	0.0112969	0.00299078	0	2.58882	1.983159	0.8394207	0.1605793	96.19644
2420	11.9369	-20.9107	32.8476	0.0112485	0.988752	3.563252	0.214401	0.129364	0.12426	0.0994738	0.0703109	0.0114336	0.00311672	0	4.004315	1.848893	0.9887515	0.0112485	70.61431
2430	10.936	-22.6377	33.5736	0.703952	0.296048	2.396681	0.220185	0.129642	0.123127	0.100428	0.0711133	0.0117353	0.003099	0	3.278312	1.641383	0.296048	0.703952	43.79083
2440	11.8898	-23.4465	35.3363	0.0351078	0.964892	3.994349	0.218487	0.131058	0.124743	0.0993852	0.0701291	0.0116139	0.00305752	0	1.515596	1.929987	0.9648922	0.03510776	85.11117
2450	10.6172	-21.6994	32.3166	0.986769	0.0132307	2.734728	0.209943	0.129583	0.124279	0.104495	0.0682111	0.0113068	0.00302529	0	4.5353	1.649453	0.01323074	0.9867693	44.61214
2460	12.1755	-21.5219	33.6974	0.26148	0.73852	3.335046	0.211671	0.131522	0.123291	0.103517	0.0683142	0.0112619	0.00306408	0	3.1545	1.874848	0.73852	0.26148	74.9632
2470	12.1172	-21.0025	33.1197	0.940071	0.0599291	2.525515	0.216374	0.129688	0.12428	0.102051	0.069139	0.0114438	0.00301844	0	3.73227	1.967041	0.05992912	0.9400709	92.6918
2480	12.0697	-23.0968	35.1665	0.14903	0.85097	4.221445	0.212499	0.12855	0.124004	0.102183	0.0690982	0.0112531	0.00304208	0	1.685445	1.957109	0.85097	0.14903	90.59607
2490	11.5181	-23.0121	34.5301	0.305258	0.694742	5.568317	0.210111	0.130082	0.123201	0.101122	0.071463	0.0111907	0.00311303	0	2.321814	1.906668	0.6947418	0.3052582	80.66179
2500	10.366	-21.223	31.589	0.510552	0.489448	1.002821	0.210202	0.131362	0.122487	0.100691	0.0706724	0.0113389	0.003018	0	5.262956	1.782216	0.4894476	0.5105524	60.56424
2510	10.2722	-19.3704	29.6426	0.977063	0.0229369	2.529261	0.217565	0.130931	0.128363	0.101763	0.0700973	0.0115907	0.00298285	0	7.209346	1.982484	0.02293687	0.9770631	96.04712
2520	12.3677	-21.5814	33.9492	0.596264	0.403736	4.146216	0.217205	0.133549	0.126982	0.0999772	0.0716904	0.0114233	0.00309497	0	2.902785	1.948609	0.4037365	0.5962635	88.84002
2530	11.8876	-22.1088	33.9964	0.118269	0.881731	3.891921	0.216043	0.134132	0.125868	0.0998293	0.0711214	0.0112747	0.00301541	0	2.855515	1.811913	0.881731	0.118269	64.85052
2540	9.67612	-23.379	33.0551	0.801567	0.198433	1.723223	0.220297	0.12888	0.123926	0.101886	0.071612	0.0115371	0.00304163	0	3.796871	1.451728	0.1984327	0.8015673	28.29622
2550	10.2378	-22.4205	32.6584	0.616725	0.383275	1.232489	0.217281	0.12841	0.123151	0.102413	0.0699327	0.0112959	0.00302011	0	4.193588	1.590179	0.3832751	0.6167249	38.92053
2560	10.6009	-22.9874	33.5883	0.0539576	0.946042	4.671846	0.213356	0.132009	0.125752	0.0997278	0.0702667	0.0112744	0.00300719	0	3.263659	1.658244	0.9460424	0.05395758	45.52438
2570	12.3525	-22.0993	34.4518	0.435378	0.564622	3.744831	0.21873	0.129666	0.123559	0.102346	0.0681523	0.0116884	0.00299306	0	2.400181	1.945744	0.5646224	0.4353776	88.25604
2580	11.2697	-23.0076	34.2772	0.345386	0.654614	3.518046	0.219826	0.133207	0.123266	0.102203	0.0683434	0.0114979	0.00300063	0	2.574742	1.705354	0.6546139	0.3453861	50.74041
2590	12.0137	-20.4901	32.5038	0.000542694	0.999457	4.258361	0.220672	0.129771	0.124125	0.102113	0.0697022	0.0114779	0.00303669	0	4.348095	1.955484	0.9994573	0.0005426938	90.25756
2600	9.84508	-23.7334	33.5785	0.00245382	0.997546	6.907434	0.220831	0.128836	0.125209	0.101826	0.068909	0.0113901	0.00301966	0	3.273444	1.853676	0.9975462	0.002453824	71.39639
2610	11.4004	-21.4596	32.86	0.227117	0.772883	4.179988	0.219376	0.130987	0.123116	0.103152	0.0705586	0.0116003	0.00304218	0	3.991921	1.791073	0.7728831	0.2271169	61.81207
2620	9.6816	-20.0197	29.7013	0.79691	0.20309	1.673662	0.216289	0.131303	0.12442	0.103773	0.0698733	0.0116775	0.00310257	0	7.150667	1.801581	0.2030904	0.7969096	63.32589
2630	9.63497	-22.1841	31.8191	0.584435	0.415565	2.544678	0.219399	0.132656	0.125866	0.102994	0.0694765	0.011592	0.00311532	0	5.032868	1.48713	0.4155654	0.5844346	30.69937
2640	9.24556	-24.6085	33.8541	0.795939	0.204061	2.425805	0.219362	0.131839	0.124455	0.104299	0.0715065	0.0115727	0.00310072	0	2.997845	1.39608	0.2040613	0.7959387	24.89318
2650	12.581	-21.7502	34.3313	0.0549726	0.945027	4.480039	0.213555	0.133787	0.126342	0.1023	0.0711132	0.011729	0.00311247	0	2.520652	1.980021	0.9450274	0.0549726	95.50378
2660	12.0451	-22.4705	34.5156	0.923224	0.0767756	3.719501	0.214167	0.133773	0.125789	0.104021	0.0711829	0.0116021	0.00310561	0	2.336345	1.897932	0.07677556	0.9232244	79.0555
2670	10.7009	-20.2248	30.9257	0.501796	0.498204	2.468065	0.219154	0.13437	0.122874	0.101331	0.0707631	0.0116615	0.00308906	0	5.926262	1.806408	0.4982037	0.5017963	64.03362
2680	10.3242	-20.984	31.3082	0.769573	0.230427	5.878695	0.21893	0.134507	0.125329	0.0993707	0.0692971	0.0116548	0.00304129	0	5.54371	1.990983	0.2304273	0.7695727	97.94509
2690	10.25	-20.937	31.1871	0.228954	0.771046	3.705308	0.215082	0.132359	0.128412	0.101235	0.0691562	0.011674	0.00308826	0	5.664864	1.696335	0.7710456	0.2289544	49.69753
2700	12.2367	-21.101	33.3377	0.538928	0.461072	4.0602	0.211099	0.134949	0.124493	0.100544	0.0696625	0.0115225	0.00309241	0	3.514213	1.933207	0.4610721	0.5389279	85.74464
2710	10.1687	-24.9148	35.0835	0.524005	0.475995	5.094877	0.21544	0.131379	0.126252	0.101371	0.0688699	0.0117211	0.0031127	0	1.768419	1.71057	0.4759955	0.5240045	51.35355
2720	10.9354	-24.0171	34.9525	0.115923	0.884077	1.504133	0.211354	0.134038	0.128092	0.103053	0.0690547	0.0114345	0.00306775	0	1.899487	1.896391	0.8840767	0.1159233	78.77554
2730	9.80431	-22.6405	32.4448	0.087503	0.912497	5.120069	0.212316	0.132256	0.126187	0.101061	0.0686442	0.011733	0.0030256	0	4.407106	1.656025	0.912497	0.08750302	45.29232
2740	11.3797	-21.8308	33.2105	0.106663	0.893337	2.577877	0.215481	0.133364	0.122839	0.100948	0.0698863	0.0111887	0.00301229	0	3.641414	1.704297	0.8933369	0.1066631	50.6171
2750	10.885	-21.8219	32.7069	0.0459308	0.954069	3.062846	0.212089	0.134704	0.128208	0.10277	0.0712541	0.0114232	0.00311384	0	4.144999	1.619231	0.9540692	0.04593085	41.61315
2760	9.39701	-20.6125	30.0095	0.877397	0.122603	3.470922	0.209982	0.13417	0.127983	0.101173	0.0703143	0.0116543	0.00300871	0	6.842473	1.686578	0.1226032	0.8773968	48.5935
2770	10.1547	-25.2169	35.3716	0.0850176	0.914982	2.411583	0.213614	0.134758	0.123998	0.101435	0.0705161	0.0115039	0.0029657	0	1.480378	1.638881	0.9149824	0.0850176	43.53929
2780	10.0294	-24.9122	34.9417	0.555506	0.444494	1.622969	0.210868	0.133208	0.123421	0.100534	0.0706749	0.0113391	0.00299198	0	1.910284	1.664042	0.4444935	0.5555065	46.1362
2790	12.1421	-20.6064	32.7486	0.968837	0.031163	3.496177	0.217992	0.132683	0.125994	0.100467	0.0705178	0.0114248	0.00301594	0	4.10339	1.955757	0.03116301	0.968837	90.31433
2800	11.0959	-23.0432	34.1391	0.0458967	0.954103	5.455024	0.216996	0.131827	0.123942	0.101297	0.0692537	0.0112303	0.00303623	0	2.712839	1.802755	0.9541033	0.04589667	63.49732
2810	11.1426	-22.3963	33.5389	0.858622	0.141378	1.205432	0.218648	0.129293	0.123455	0.10082	0.0686686	0.0111626	0.00296832	0	3.313036	1.897024	0.141378	0.858622	78.89029
2820	11.419	-23.2993	34.7183	0.530394	0.469606	4.137451	0.219702	0.130373	0.125648	0.0995055	0.0715119	0.0114059	0.00296963	0	2.133635	1.801873	0.4696063	0.5303937	63.3685
2830	8.43465	-21.8341	30.2687	0.774196	0.225804	4.188917	0.220101	0.132258	0.128422	0.1015	0.0687809	0.0112905	0.00298577	0	6.583201	1.573785	0.225804	0.774196	37.47872
2840	12.3426	-21.8221	34.1646	0.650121	0.349879	2.761066	0.220914	0.134185	0.128127	0.0997466	0.0696247	0.0114527	0.00309701	0	2.687297	1.980937	0.3498791	0.6501209	95.70546
2850	12.0183	-21.0798	33.0981	0.775881	0.224119	4.977151	0.218535	0.132992	0.124104	0.101022	0.0682376	0.0117169	0.00309678	0	3.753876	1.986609	0.2241193	0.7758807	96.96357
2860	9.07386	-25.7292	34.803	0.367181	0.632819	0.982901	0.220305	0.133261	0.124437	0.104092	0.0683625	0.0113437	0.0031099	0	2.048913	1.46425	0.6328186	0.3671814	29.12393
2870	10.0282	-19.8648	29.8929	0.780581	0.219419	3.070914	0.215981	0.129854	0.124824	0.103487	0.0691488	0.0115419	0.00299297	0	6.958997	1.821124	0.219419	0.780581	66.24057
2880	11.4568	-23.2335	34.6903	0.492524	0.507476	2.908463	0.21383	0.13274	0.127852	0.10285	0.0692907	0.0116312	0.00299258	0	2.161669	1.791964	0.5074759	0.4925241	61.93895
2890	9.96365	-19.6122	29.5758	0.280809	0.719191	1.999061	0.217533	0.133785	0.127066	0.103761	0.0712963	0.0117162	0.00297023	0	7.2761	1.923095	0.7191908	0.2808092	83.77117
2900	11.3762	-20.2223	31.5985	0.405048	0.594952	2.224853	0.218087	0.134383	0.12344	0.100772	0.0705296	0.0115228	0.00304762	0	5.253476	1.940944	0.594952	0.405048	87.28588
2910	11.0645	-22.8539	33.9183	0.354684	0.645316	5.548588	0.220342	0.128348	0.126602	0.101532	0.0711865	0.0112658	0.00299935	0	2.933602	1.841773	0.6453159	0.3546841	69.46613
2920	11.5075	-23.5979	35.1055	0.561369	0.438631	2.956016	0.21988	0.133085	0.128014	0.10111	0.0709522	0.0111867	0.00304703	0	1.746455	1.894576	0.4386314	0.5613686	78.44688
2930	10.904	-21.3739	32.2778	0.0519525	0.948047	2.30658	0.219008	0.133329	0.127766	0.104299	0.0706095	0.0114024	0.00307311	0	4.574105	1.655163	0.9480475	0.05195252	45.20255
2940	11.3082	-24.2535	35.5618	0.1595	0.8405	3.563849	0.218908	0.133744	0.128675	0.102281	0.0710535	0.0114532	0.00307607	0	1.290186	1.914585	0.8404998	0.1595002	82.14569
2950	6.58207	-19.5082	26.0903	0.370857	0.629143	5.108845	0.210448	0.129639	0.123149	0.10268	0.0706678	0.0114781	0.00304707	0	10.76164	1.946445	0.629143	0.370857	88.39852
2960	12.2272	-21.8299	34.0571	0.890921	0.109079	4.607007	0.211181	0.129109	0.125486	0.104258	0.070629	0.0115997	0.00300294	0	2.794866	1.96418	0.1090792	0.8909208	92.08312
2970	11.5107	-21.8324	33.3431	0.552187	0.447813	2.08469	0.217533	0.130654	0.126586	0.104439	0.071445	0.0116365	0.00303516	0	3.50887	1.794753	0.4478132	0.5521868	62.33802
2980	9.14076	-25.3811	34.5219	0.596175	0.403825	0.1734702	0.218464	0.128533	0.122917	0.10407	0.0694146	0.0115288	0.00312086	0	2.330092	1.664209	0.403825	0.596175	46.15401
2990	9.39668	-21.696	31.0927	0.266105	0.733895	0.3176848	0.218983	0.13092	0.122715	0.102508	0.0681375	0.0115439	0.00301149	0	5.759294	1.642615	0.7338952	0.2661048	43.91524
3000	10.6164	-23.718	34.3343	0.517462	0.482538	1.093267	0.210953	0.131223	0.124639	0.100459	0.069522	0.0114579	0.00306132	0	2.517626	1.77924	0.4825382	0.5174618	60.15061
3010	11.062	-24.0125	35.0744	0.311677	0.688323	6.395764	0.212811	0.130975	0.122433	0.10259	0.0704912	0.0113311	0.00301661	0	1.777504	1.974428	0.6883229	0.3116771	94.28191
3020	10.3723	-22.3094	32.6817	0.286978	0.713022	0.4810643	0.217704	0.133553	0.12333	0.103805	0.0701223	0.011477	0.00303272	0	4.170254	1.805321	0.7130223	0.2869777	63.87357
3030	9.92993	-24.6588	34.5888	0.185285	0.814715	1.764491	0.214226	0.133664	0.125018	0.103801	0.0683081	0.0114762	0.00297514	0	2.263175	1.487664	0.8147148	0.1852852	30.73717
3040	11.3457	-22.5451	33.8907	0.0399547	0.960045	2.388159	0.211209	0.13299	0.122699	0.0993636	0.069291	0.0112447	0.00296806	0	2.961202	1.683189	0.9600453	0.03995475	48.21572
3050	11.1555	-21.637	32.7925	0.460995	0.539005	1.716227	0.220865	0.133196	0.123772	0.103283	0.0694002	0.0115989	0.00305261	0	4.059436	1.756955	0.5390048	0.4609952	57.14195
3060	10.7087	-25.0623	35.771	0.310464	0.689536	5.791967	0.217433	0.131659	0.122661	0.104269	0.0691325	0.0116766	0.00297673	0	1.080911	1.980819	0.6895357	0.3104643	95.67963
3070	9.75166	-24.305	34.0567	0.86829	0.13171	4.52432	0.219798	0.133023	0.123399	0.103936	0.0683812	0.0115756	0.00297708	0	2.79527	1.586333	0.1317099	0.8682901	38.57743
3080	11.6892	-22.7505	34.4397	0.639706	0.360294	4.182852	0.219949	0.129229	0.12576	0.103645	0.0684811	0.0116196	0.00298139	0	2.412205	1.835769	0.3602939	0.6397061	68.51231
3090	9.46949	-24.7824	34.2519	0.0262702	0.97373	7.057737	0.220496	0.130944	0.124216	0.102003	0.0692644	0.0115124	0.00298888	0	2.600022	1.809274	0.9737298	0.02627024	64.45753
3100	10.0091	-21.1433	31.1524	0.45966	0.54034	1.62339	0.219456	0.134748	0.123144	0.102021	0.0685517	0.0113781	0.00308364	0	5.699555	1.624462	0.5403403	0.4596597	42.11741
3110	11.8981	-22.0014	33.8996	0.729054	0.270946	2.548292	0.220052	0.132258	0.123721	0.0998017	0.0698531	0.0112228	0.0030761	0	2.952388	1.865488	0.2709459	0.7290541	73.36487
3120	11.3166	-21.1799	32.4965	0.887723	0.112277	1.714549	0.210539	0.129747	0.126177	0.101245	0.069219	0.0114855	0.00312101	0	4.355433	1.858771	0.1122769	0.8877231	72.23889
3130	12.3373	-21.4019	33.7392	0.547355	0.452645	4.273753	0.211875	0.130613	0.124215	0.102885	0.070726	0.0112371	0.00310849	0	3.112783	1.953134	0.4526451	0.5473549	89.77057
3140	11.1944	-22.1579	33.3523	0.504688	0.495312	4.258847	0.216472	0.13162	0.128733	0.102531	0.0704432	0.0115616	0.00304908	0	3.499633	1.746639	0.4953117	0.5046883	55.80064
3150	11.0451	-21.4874	32.5326	0.517329	0.482671	1.63952	0.219872	0.133753	0.127902	0.0997367	0.0706656	0.0112949	0.00304379	0	4.319389	1.763128	0.4826714	0.5173286	57.96
3160	9.13411	-19.2132	28.3473	0.276089	0.723911	3.693042	0.220491	0.133902	0.127597	0.104582	0.0684154	0.0111951	0.00306049	0	8.504659	1.918028	0.7239109	0.2760891	82.79956
3170	10.3735	-21.8163	32.1898	0.0948152	0.905185	6.051227	0.211488	0.133831	0.124918	0.103233	0.0688171	0.0113571	0.00297467	0	4.662113	1.91977	0.9051848	0.09481524	83.13236
3180	12.2245	-20.5331	32.7575	0.623866	0.376134	2.876956	0.211936	0.134233	0.124295	0.0996069	0.0683236	0.0113435	0.00309178	0	4.094399	1.987844	0.3761342	0.6238658	97.2398
3190	10.8835	-22.3802	33.2637	0.931769	0.0682313	3.642771	0.218296	0.131792	0.123955	0.102786	0.0693548	0.0113606	0.00311349	0	3.588229	1.67324	0.06823134	0.9317687	47.12377
3200	9.67598	-24.108	33.784	0.322431	0.677569	6.141186	0.22002	0.133086	0.126581	0.102945	0.0695089	0.0114365	0.00301661	0	3.067958	1.727437	0.6775692	0.3224308	53.38722
3210	11.8298	-20.2146	32.0444	0.503986	0.496014	2.617377	0.218928	0.132891	0.123491	0.104315	0.0708086	0.0114755	0.0031049	0	4.807576	1.975947	0.4960139	0.5039861	94.61221
3220	10.4554	-22.9385	33.3939	0.709176	0.290824	0.4060205	0.219484	0.129854	0.126954	0.103662	0.0689476	0.0112162	0.00308815	0	3.458024	1.946267	0.2908235	0.7091765	88.3624
3230	10.4788	-20.0222	30.501	0.982662	0.0173384	3.88408	0.214449	0.130442	0.123983	0.103038	0.0686454	0.0114551	0.00309239	0	6.350972	1.867538	0.01733836	0.9826616	73.71201
3240	9.97368	-24.8354	34.8091	0.305917	0.694083	5.962752	0.212322	0.133862	0.125195	0.100047	0.0687788	0.0116393	0.00310548	0	2.042825	1.739858	0.6940827	0.3059173	54.93614
3250	10.7661	-20.0524	30.8185	0.836931	0.163069	1.761605	0.2173	0.135009	0.12819	0.0996077	0.0704724	0.0114377	0.00306089	0	6.033452	1.979139	0.1630686	0.8369314	95.31016
3260	12.1294	-21.1251	33.2545	0.316573	0.683427	2.297114	0.218746	0.131051	0.126793	0.100404	0.0714171	0.0113004	0.00310385	0	3.5974	1.965338	0.6834273	0.3165727	92.329
3270	11.3495	-22.8001	34.1496	0.588619	0.411381	4.783359	0.215535	0.132399	0.126985	0.0995667	0.0697102	0.0114026	0.00298825	0	2.702298	1.811405	0.4113814	0.5886186	64.77467
3280	11.267	-23.3186	34.5856	0.00909488	0.990905	5.654051	0.214179	0.128827	0.123145	0.101104	0.0704258	0.011217	0.00303844	0	2.266386	1.852441	0.9909051	0.009094879	71.19363
3290	11.9038	-20.4874	32.3912	0.536382	0.463618	3.633225	0.215706	0.129945	0.124186	0.100268	0.0715616	0.0116022	0.00301317	0	4.460724	1.925239	0.463618	0.536382	84.1859
3300	12.4456	-22.104	34.5496	0.0573495	0.94265	4.023108	0.218044	0.129683	0.128082	0.0994252	0.0681384	0.0115709	0.00303088	0	2.302338	1.943777	0.9426505	0.05734954	87.85703
3310	11.9455	-22.117	34.0625	0.115932	0.884068	1.944344	0.218704	0.129304	0.12875	0.100085	0.0693925	0.0116058	0.00308158	0	2.789466	1.949559	0.884068	0.115932	89.03467
3320	12.1684	-22.4816	34.65	0.0700447	0.929955	3.959074	0.220776	0.128326	0.128407	0.0994089	0.0689534	0.0115648	0.00297457	0	2.201939	1.891392	0.9299553	0.07004469	77.874
3330	9.99698	-23.759	33.756	0.28509	0.71491	4.694637	0.216097	0.129488	0.122975	0.101969	0.0682291	0.0115248	0.00307488	0	3.095957	1.59011	0.7149096	0.2850904	38.91438
3340	10.472	-21.6795	32.1515	0.770126	0.229874	4.428084	0.214087	0.131173	0.123285	0.101732	0.0702553	0.011568	0.00303073	0	4.700492	1.727876	0.2298738	0.7701262	53.44122
3350	10.4067	-21.1575	31.5643	0.745463	0.254537	4.444073	0.21854	0.131542	0.127786	0.102148	0.0692309	0.0113709	0.00304173	0	5.287691	1.774156	0.2545367	0.7454633	59.45051
3360	11.4909	-20.7767	32.2675	0.389431	0.610569	4.913855	0.215726	0.130729	0.128201	0.102699	0.0703923	0.0115491	0.00308985	0	4.584433	1.947155	0.6105689	0.3894311	88.54312
3370	11.2482	-21.4302	32.6784	0.536911	0.463089	2.737838	0.210667	0.129581	0.122498	0.101739	0.0690944	0.0116688	0.00310803	0	4.173588	1.722712	0.4630885	0.5369115	52.80944
3380	11.4891	-20.2739	31.763	0.268425	0.731575	3.146745	0.21075	0.131942	0.122787	0.100212	0.0687565	0.0116153	0.00311267	0	5.088924	1.872455	0.7315751	0.2684249	74.5512
3390	11.3955	-22.7481	34.1435	0.051644	0.948356	3.44229	0.214533	0.129302	0.126949	0.10304	0.0711567	0.0116858	0.00306408	0	2.708426	1.680002	0.948356	0.051644	47.86327
3400	11.4357	-20.3739	31.8096	0.287646	0.712354	2.249194	0.21333	0.13171	0.128238	0.102219	0.069538	0.0117094	0.0029903	0	5.042327	1.915801	0.7123538	0.2876462	82.37598
3410	10.2262	-20.3473	30.5735	0.367679	0.632321	1.116104	0.210493	0.128766	0.128145	0.103534	0.0700434	0.0114225	0.00307972	0	6.278465	1.966584	0.632321	0.367679	92.59423
3420	9.93943	-25.8507	35.7901	0.871669	0.128331	5.660388	0.211597	0.129311	0.124999	0.104079	0.0714754	0.0116166	0.00300191	0	1.061821	1.917068	0.1283307	0.8716693	82.61674
3430	12.5103	-21.1654	33.6758	0.441811	0.558189	2.995616	0.212383	0.13068	0.128309	0.10112	0.0705856	0.0113216	0.00303993	0	3.176181	1.999126	0.5581894	0.4418106	99.79888
3440	12.4094	-22.3424	34.7518	0.118429	0.881571	4.354866	0.21982	0.129791	0.125715	0.101836	0.0685483	0.0114175	0.00300104	0	2.100187	1.9762	0.8815707	0.1184293	94.66739
3450	10.9894	-22.0201	33.0094	0.038118	0.961882	2.96787	0.214153	0.131289	0.12623	0.0998652	0.0709711	0.0112875	0.00306231	0	3.8425	1.621194	0.961882	0.03811801	41.80168
3460	10.8695	-21.1067	31.9761	0.49922	0.50078	5.429153	0.210163	0.129032	0.12333	0.101794	0.0711946	0.0114009	0.00306723	0	4.875828	1.936934	0.5007805	0.4992195	86.48361
3470	11.4888	-22.8353	34.3241	0.474917	0.525083	3.955759	0.213681	0.12868	0.124957	0.103276	0.071647	0.0115961	0.00309972	0	2.527866	1.764426	0.5250831	0.4749169	58.13345
3480	9.61844	-20.9766	30.5951	0.869734	0.130266	5.873159	0.21819	0.133457	0.123191	0.102865	0.0711192	0.0117351	0.00307497	0	6.256894	1.949651	0.1302662	0.8697338	89.05344
3490	11.9821	-22.0494	34.0315	0.441377	0.558623	2.912216	0.216357	0.133485	0.125313	0.101725	0.068862	0.0116357	0.00308308	0	2.820421	1.84428	0.5586233	0.4413767	69.86829
3500	10.9692	-23.6502	34.6194	0.99412	0.00587954	5.39631	0.216386	0.12843	0.122404	0.103552	0.0683193	0.0116116	0.00311482	0	2.232547	1.831019	0.005879542	0.9941205	67.76717
3510	11.2347	-20.1321	31.3668	0.411351	0.588649	2.827852	0.219492	0.129829	0.127304	0.101611	0.0687214	0.0116239	0.00307802	0	5.485186	1.876074	0.588649	0.411351	75.17508
3520	10.0599	-24.7905	34.8504	0.26208	0.73792	2.888988	0.210775	0.133408	0.123004	0.102778	0.0682771	0.0113227	0.00298013	0	2.001504	1.532012	0.73792	0.26208	34.0418
3530	10.2484	-20.2424	30.4908	0.911559	0.0884412	1.31696	0.212244	0.133453	0.125942	0.102946	0.0693043	0.0112944	0.00301515	0	6.361186	1.946718	0.08844119	0.9115588	88.45417
3540	11.5948	-21.8722	33.467	0.529621	0.470379	4.186869	0.213667	0.133763	0.126026	0.1006	0.069212	0.0112827	0.00305928	0	3.384931	1.80981	0.4703786	0.5296214	64.53713
3550	12.1237	-20.7502	32.8738	0.185394	0.814606	4.433699	0.209929	0.134217	0.126382	0.100029	0.0682385	0.0115816	0.00306605	0	3.97811	1.960297	0.8146056	0.1853944	91.26338
3560	12.2634	-22.6114	34.8748	0.550167	0.449833	4.233795	0.211872	0.133372	0.126001	0.101009	0.0683003	0.0115371	0.00311226	0	1.977169	1.975889	0.4498328	0.5501672	94.59953
3570	10.0433	-24.2906	34.3339	0.581238	0.418762	3.101374	0.212855	0.133737	0.123297	0.101499	0.0685836	0.0115555	0.00297363	0	2.518036	1.529161	0.4187619	0.5812381	33.81906
3580	12.1279	-22.309	34.4369	0.629297	0.370703	4.323336	0.211194	0.129151	0.122604	0.100045	0.0688237	0.0116316	0.00296592	0	2.415036	1.926448	0.3707033	0.6292967	84.42044
3590	10.3113	-21.0607	31.372	0.764055	0.235945	4.989218	0.215624	0.130599	0.125093	0.102834	0.0684657	0.011301	0.00301572	0	5.479988	1.846058	0.2359446	0.7640554	70.15484
3600	10.3049	-19.6549	29.9598	0.961652	0.0383476	2.428742	0.214045	0.130678	0.122937	0.100982	0.0684185	0.0113196	0.00300033	0	6.892161	1.909454	0.03834764	0.9616524	81.18092
3610	10.5097	-22.9595	33.4692	0.13554	0.86446	2.776431	0.214566	0.128548	0.122747	0.102839	0.0683023	0.0116927	0.00300625	0	3.382725	1.524119	0.8644595	0.1355405	33.42867
3620	9.93642	-19.7222	29.6587	0.258299	0.741701	2.519366	0.217669	0.129361	0.123634	0.10272	0.0685741	0.011418	0.00306341	0	7.193278	1.825927	0.7417006	0.2582994	66.97727
3630	11.6457	-20.5006	32.1463	0.230239	0.769761	2.627656	0.2113	0.129453	0.125361	0.101244	0.0688442	0.0112114	0.0029729	0	4.705613	1.894261	0.7697609	0.2302391	78.39013
3640	12.25	-21.9207	34.1707	0.570786	0.429214	2.834047	0.210061	0.128914	0.126762	0.103543	0.0690581	0.0113605	0.0029793	0	2.681236	1.952426	0.4292143	0.5707857	89.62434
3650	10.6086	-23.3057	33.9143	0.222374	0.777626	1.559356	0.210563	0.130488	0.127472	0.104097	0.0694666	0.0113106	0.00300832	0	2.937667	1.597987	0.7776257	0.2223743	39.6266
3660	12.2355	-20.739	32.9745	0.0443314	0.955669	4.131224	0.213586	0.131833	0.122828	0.104497	0.0715788	0.0116494	0.00302173	0	3.87744	1.949595	0.9556686	0.04433135	89.04197
3670	10.4367	-21.1265	31.5632	0.605584	0.394416	3.307118	0.21482	0.130774	0.123961	0.102035	0.0703065	0.0115823	0.00302927	0	5.288751	1.684336	0.3944159	0.6055841	48.34326
3680	11.8979	-23.1912	35.0891	0.81558	0.18442	4.484829	0.214547	0.131981	0.125051	0.102757	0.0711166	0.0113865	0.00299829	0	1.762876	1.971329	0.1844203	0.8155797	93.61138
3690	10.901	-22.6612	33.5622	0.997651	0.00234913	4.400933	0.215801	0.129022	0.122945	0.1021	0.0694922	0.011232	0.00301847	0	3.289721	1.729348	0.002349128	0.9976509	53.62266
3700	12.0652	-20.6196	32.6848	0.206549	0.793451	2.372771	0.216975	0.130886	0.126301	0.101098	0.0694234	0.0112579	0.00305293	0	4.167122	1.994731	0.7934513	0.2065487	98.79407
3710	10.143	-25.2933	35.4364	0.571371	0.428629	2.672	0.216211	0.130985	0.127372	0.102553	0.0699314	0.0114809	0.00309434	0	1.415586	1.73141	0.4286288	0.5713712	53.87776
3720	11.5047	-23.1268	34.6315	0.745354	0.254646	2.524245	0.21897	0.132513	0.125753	0.100235	0.0687947	0.0116959	0.00307819	0	2.22042	1.832425	0.2546464	0.7453536	67.98682
3730	11.9468	-21.645	33.5917	0.0842643	0.915736	4.151117	0.213641	0.13049	0.122568	0.101851	0.0693711	0.0116683	0.0031078	0	3.260231	1.834048	0.9157357	0.08426431	68.24139
3740	12.4562	-21.712	34.1682	0.271019	0.728981	3.254835	0.216355	0.134126	0.127584	0.102189	0.0711709	0.0114454	0.0030627	0	2.683719	1.951323	0.7289811	0.2710189	89.39711
3750	12.4929	-21.5655	34.0584	0.705215	0.294785	4.070236	0.219621	0.133985	0.128253	0.101622	0.071368	0.0111644	0.00304453	0	2.793563	1.984995	0.2947846	0.7052154	96.60401
3760	10.3816	-24.0459	34.4275	0.809667	0.190333	4.622354	0.217573	0.129598	0.125332	0.101731	0.0702727	0.0114044	0.00298427	0	2.424492	1.679027	0.1903332	0.8096668	47.75594
3770	11.9367	-21.8846	33.8213	0.318666	0.681334	2.629681	0.210607	0.130032	0.125673	0.100799	0.0708294	0.0114376	0.00299491	0	3.030634	1.847723	0.6813336	0.3186664	70.42434
3780	11.1346	-24.5124	35.647	0.00874271	0.991257	4.536868	0.210818	0.131165	0.128688	0.103777	0.0700612	0.0112464	0.00303156	0	1.204906	1.879139	0.9912573	0.008742713	75.70754
3790	11.08	-21.1127	32.1928	0.612421	0.387579	3.408929	0.211511	0.129348	0.127878	0.103836	0.0687659	0.0114587	0.0029979	0	4.659163	1.757165	0.3875795	0.6124205	57.1696
3800	10.744	-22.6265	33.3706	0.770322	0.229678	3.687336	0.213467	0.12943	0.128561	0.100485	0.069797	0.0116083	0.00300957	0	3.481366	1.650158	0.2296775	0.7703225	44.68462
3810	11.6619	-21.341	33.0029	0.206962	0.793038	2.748892	0.210389	0.130084	0.125432	0.102667	0.0689849	0.0114304	0.00296766	0	3.849072	1.79342	0.7930382	0.2069618	62.14692
3820	11.6615	-22.1553	33.8168	0.899949	0.100051	1.890975	0.212787	0.133832	0.122481	0.100875	0.0712642	0.0111878	0.00305238	0	3.035139	1.900454	0.1000509	0.8999491	79.51593
3830	8.93969	-20.2625	29.2022	0.934042	0.0659584	5.236911	0.211272	0.132832	0.122891	0.101716	0.0712604	0.0113502	0.00300978	0	7.649773	1.923037	0.06595837	0.9340416	83.76012
3840	10.296	-22.1416	32.4375	0.52026	0.47974	3.819984	0.217519	0.133948	0.126142	0.10164	0.0688515	0.0116679	0.00299842	0	4.414397	1.621358	0.4797398	0.5202602	41.81751
3850	11.9013	-20.053	31.9543	0.995921	0.00407885	3.346227	0.211392	0.1339	0.12622	0.0998063	0.0704097	0.0114415	0.00299499	0	4.897635	1.993278	0.004078853	0.9959211	98.46413
3860	11.239	-20.534	31.773	0.1282	0.8718	2.239335	0.21395	0.133745	0.123706	0.10162	0.0711651	0.011329	0.00302366	0	5.078906	1.836669	0.8718005	0.1281995	68.65444
3870	10.4585	-21.3722	31.8307	0.184804	0.815196	2.838619	0.211074	0.134083	0.123869	0.100503	0.0704684	0.0115109	0.00311592	0	5.021218	1.615512	0.8151963	0.1848037	41.25833
3880	12.3319	-21.6547	33.9866	0.679341	0.320659	3.124784	0.21953	0.134276	0.123322	0.101057	0.0701016	0.0116967	0.00310589	0	2.865346	1.934804	0.3206595	0.6793405	86.06055
3890	11.2527	-24.2117	35.4644	0.720731	0.279269	5.370777	0.209931	0.133815	0.122944	0.102765	0.0700143	0.0113156	0.00300746	0	1.387548	1.984049	0.2792691	0.7207309	96.39388
3900	9.5103	-20.272	29.7823	0.461241	0.538759	4.228821	0.212806	0.128969	0.126262	0.0999893	0.0696212	0.0111752	0.00296725	0	7.06968	1.81023	0.5387593	0.4612407	64.59963
3910	8.46827	-23.0722	31.5404	0.063312	0.936688	3.843302	0.212368	0.132373	0.125992	0.102704	0.0702102	0.0112357	0.00301969	0	5.311495	1.412919	0.936688	0.06331205	25.87731
3920	12.2426	-20.6507	32.8933	0.106374	0.893626	2.621129	0.217475	0.132359	0.127581	0.101523	0.0683743	0.0112529	0.00302203	0	3.958646	1.993407	0.8936261	0.1063739	98.49327
3930	7.37517	-23.8168	31.192	0.421085	0.578915	1.276358	0.218186	0.134648	0.127809	0.101017	0.0704306	0.0112048	0.00299235	0	5.659945	1.169223	0.5789153	0.4210847	14.76465
3940	8.64938	-21.1735	29.8229	0.157602	0.842398	5.750088	0.217256	0.134711	0.126338	0.101075	0.0688167	0.0111987	0.00307514	0	7.02908	1.849041	0.8423981	0.1576019	70.63845
3950	10.0043	-21.599	31.6033	0.0607785	0.939222	4.004582	0.213554	0.131065	0.126278	0.104371	0.0713726	0.0113046	0.00306273	0	5.248681	1.633425	0.9392215	0.06077845	42.99569
3960	12.0729	-21.0515	33.1244	0.0565609	0.943439	3.180041	0.212542	0.132444	0.126307	0.102525	0.0706416	0.0112535	0.00300516	0	3.727571	1.870619	0.9434391	0.05656092	74.23674
3970	9.0908	-21.0903	30.1811	0.592704	0.407296	3.094175	0.216227	0.129583	0.123241	0.104347	0.0707732	0.011201	0.00299394	0	6.67086	1.587995	0.407296	0.592704	38.7253
3980	11.1261	-23.1405	34.2667	0.480553	0.519447	1.938213	0.220269	0.130736	0.124811	0.104312	0.0707441	0.0113364	0.00304961	0	2.585265	1.737777	0.5194474	0.4805526	54.67351
3990	12.372	-22.1184	34.4904	0.782751	0.217249	4.195597	0.217374	0.133113	0.126634	0.103646	0.0694481	0.011711	0.00309256	0	2.361515	1.970408	0.2172488	0.7827512	93.41317
4000	11.4348	-22.3668	33.8015	0.0597176	0.940282	4.568427	0.217497	0.133274	0.12351	0.102311	0.0698648	0.0115064	0.00307909	0	3.050395	1.764112	0.9402824	0.05971756	58.09144
4010	11.3825	-21.3686	32.7511	0.228981	0.771019	5.622588	0.211382	0.132188	0.122934	0.102595	0.0698289	0.0112695	0.00304019	0	4.100838	1.981285	0.7710192	0.2289808	95.78224
4020	11.8527	-20.4096	32.2624	0.974912	0.0250877	2.752037	0.214155	0.133244	0.123619	0.100823	0.0688058	0.0113462	0.00302941	0	4.589593	1.952519	0.02508774	0.9749123	89.64356
4030	9.6416	-24.5046	34.1462	0.623077	0.376923	7.032599	0.214789	0.131849	0.127474	0.101004	0.0712352	0.0112258	0.00298033	0	2.705703	1.867078	0.3769227	0.6230773	73.63401
4040	11.2707	-21.5325	32.8032	0.407911	0.592089	4.621965	0.211741	0.134814	0.124632	0.0995325	0.0700471	0.0114427	0.00308219	0	4.048762	1.819069	0.5920891	0.4079109	65.92782
4050	11.9699	-22.3719	34.3418	0.967293	0.0327071	2.888275	0.21341	0.134384	0.125245	0.0994267	0.0690611	0.0112088	0.00300304	0	2.510154	1.901878	0.03270714	0.9672929	79.77706
4060	10.5197	-21.6042	32.1239	0.819438	0.180562	1.114547	0.219148	0.13481	0.126348	0.102843	0.0694458	0.0114074	0.00301681	0	4.728016	1.744621	0.1805622	0.8194378	55.54189
4070	10.7082	-21.5021	32.2103	0.589922	0.410078	5.500673	0.219827	0.12872	0.123316	0.103442	0.0697703	0.0113396	0.0030906	0	4.641657	1.891	0.4100779	0.5899221	77.80371
4080	10.5664	-22.5612	33.1277	0.978748	0.0212522	6.319592	0.21675	0.131749	0.123014	0.101472	0.0700534	0.0113974	0.00300568	0	3.724278	1.928643	0.02125218	0.9787478	84.84835
4090	10.7417	-20.036	30.7776	0.931679	0.0683212	2.238742	0.213164	0.133165	0.125045	0.102454	0.0681211	0.0113371	0.0029853	0	6.074322	1.891718	0.0683212	0.9316788	77.93233
4100	10.6378	-21.2168	31.8545	0.663733	0.336267	2.422095	0.214388	0.13224	0.128668	0.100569	0.068175	0.0112523	0.00302349	0	4.997405	1.680297	0.3362669	0.6637331	47.8958
4110	9.75373	-25.2416	34.9953	0.243437	0.756563	6.949119	0.219109	0.129772	0.123316	0.102071	0.0685513	0.0112212	0.00301911	0	1.856626	1.857543	0.7565632	0.2434368	72.03498
4120	10.5106	-23.7374	34.248	0.635127	0.364873	1.211036	0.220368	0.133622	0.124394	0.0997585	0.0705293	0.0112625	0.00303324	0	2.603928	1.713846	0.364873	0.635127	51.74233
4130	10.888	-22.5767	33.4647	0.133484	0.866516	1.183089	0.212521	0.132228	0.124085	0.100948	0.0701887	0.0113621	0.0030144	0	3.387245	1.713763	0.866516	0.133484	51.73244
4140	11.4883	-23.2126	34.701	0.448134	0.551866	2.209527	0.217264	0.129605	0.126596	0.100864	0.0682997	0.0115948	0.00299289	0	2.150992	1.870079	0.5518659	0.4481341	74.14457
4150	12.1187	-21.9821	34.1009	0.646746	0.353254	4.995933	0.215924	0.130623	0.123826	0.101388	0.0685559	0.011615	0.00306303	0	2.751073	1.963547	0.3532544	0.6467456	91.94904
4160	11.5092	-22.943	34.4522	0.369025	0.630975	3.110292	0.217554	0.128584	0.12512	0.103835	0.0693852	0.0113504	0.00298154	0	2.399746	1.76325	0.6309754	0.3690246	57.97618
4170	12.223	-22.0537	34.2766	0.797154	0.202846	2.578274	0.211191	0.130783	0.124362	0.101088	0.0709514	0.0112967	0.00300101	0	2.575301	1.998321	0.2028463	0.7971537	99.61409
4180	11.5514	-21.546	33.0974	0.563872	0.436128	4.08762	0.220482	0.130151	0.124382	0.101816	0.0699728	0.0113804	0.00300483	0	3.754594	1.817524	0.4361282	0.5638718	65.69368
4190	9.88367	-22.8429	32.7266	0.283292	0.716708	1.805422	0.217004	0.13025	0.128069	0.100453	0.0704771	0.0114398	0.00304576	0	4.125352	1.450049	0.7167081	0.2832919	28.18699
4200	10.187	-24.6625	34.8496	0.0849184	0.915082	0.7003234	0.216245	0.134113	0.128224	0.101053	0.0685906	0.0112303	0.00304362	0	2.00237	1.939572	0.9150816	0.08491842	87.01061
4210	10.2682	-22.7979	33.066	0.194029	0.805971	0.483338	0.219233	0.133849	0.126837	0.10084	0.0707274	0.0112527	0.00310577	0	3.785911	1.693051	0.8059711	0.1940289	49.32317
4220	11.2367	-20.3867	31.6234	0.129949	0.870051	1.818504	0.213109	0.131324	0.128437	0.102978	0.0715858	0.0114995	0.00308889	0	5.228575	1.93851	0.8700512	0.1299488	86.7981
4230	10.4981	-22.188	32.6862	0.83978	0.16022	1.89893	0.211996	0.134985	0.128289	0.103649	0.0706934	0.0115286	0.00307032	0	4.165794	1.603297	0.1602205	0.8397795	40.11413
4240	11.3814	-21.1226	32.504	0.753319	0.246681	2.153482	0.211376	0.134794	0.127639	0.102267	0.0707004	0.0116304	0.00297227	0	4.347987	1.821598	0.2466814	0.7533186	66.31295
4250	11.5163	-22.5121	34.0284	0.141591	0.858409	5.482711	0.211228	0.133597	0.12572	0.102015	0.0714446	0.0116373	0.00306928	0	2.823504	1.883077	0.8584086	0.1415914	76.39706
4260	10.1946	-22.7629	32.9575	0.772864	0.227136	0.4882524	0.211268	0.134569	0.128144	0.10091	0.0715549	0.0116014	0.00304484	0	3.89443	1.737912	0.2271363	0.7728637	54.69047
4270	11.5525	-20.2889	31.8413	0.0702699	0.92973	2.427299	0.212158	0.132059	0.124428	0.100999	0.0715464	0.0117113	0.00303955	0	5.010604	1.913533	0.9297301	0.0702699	81.94693
4280	11.4307	-20.4261	31.8568	0.896864	0.103136	2.572105	0.212355	0.130297	0.12293	0.100791	0.0698098	0.0113645	0.00302631	0	4.99514	1.887234	0.1031362	0.8968638	77.13186
4290	11.499	-21.181	32.68	0.64171	0.35829	2.266007	0.216888	0.13445	0.122662	0.0999542	0.0713176	0.0112074	0.0029939	0	4.171911	1.826315	0.35829	0.64171	67.03711
4300	10.6791	-23.1995	33.8786	0.308084	0.691916	2.883885	0.219478	0.134675	0.122988	0.100178	0.0714925	0.0111929	0.00308403	0	2.97334	1.57162	0.6919164	0.3080836	37.29239
4310	11.3279	-21.2606	32.5885	0.328978	0.671022	1.409799	0.214153	0.134884	0.123281	0.102875	0.0712817	0.0112777	0.00296813	0	4.263452	1.94326	0.6710224	0.3289776	87.75265
4320	10.0709	-22.3822	32.4531	0.571912	0.428088	0.5289801	0.211215	0.13447	0.124816	0.0996806	0.07032	0.011321	0.00298519	0	4.398853	1.691857	0.4280876	0.5719124	49.18775
4330	8.533	-19.9445	28.4775	0.685336	0.314664	1.269295	0.216356	0.128549	0.123409	0.101985	0.0704986	0.0116281	0.00306348	0	8.374467	1.746822	0.3146643	0.6853357	55.82417
4340	12.5922	-21.2251	33.8173	0.124482	0.875518	3.449318	0.214508	0.130951	0.122956	0.0994742	0.070722	0.0116734	0.00304301	0	3.034618	1.970423	0.8755179	0.1244821	93.41641
4350	11.2958	-21.1556	32.4514	0.1751	0.8249	2.944332	0.212229	0.133708	0.123458	0.099455	0.0682872	0.0117245	0.0030584	0	4.400532	1.735659	0.8249004	0.1750996	54.40754
4360	7.22592	-27.1536	34.3795	0.894678	0.105322	1.02825	0.213155	0.133331	0.124531	0.0999445	0.0686221	0.011683	0.00305582	0	2.472471	1.203568	0.105322	0.894678	15.97969
4370	10.7451	-23.9238	34.669	0.95246	0.04754	6.294819	0.215396	0.133256	0.124938	0.100949	0.0693169	0.0112964	0.00310307	0	2.182992	1.909478	0.04753996	0.95246	81.18535
4380	8.91914	-26.5954	35.5146	0.483754	0.516246	3.672888	0.21569	0.130791	0.124476	0.104377	0.0688409	0.0112564	0.0030233	0	1.337394	1.548324	0.5162455	0.4837545	35.34467
4390	10.7201	-23.4899	34.21	0.466392	0.533608	1.034336	0.219657	0.129128	0.124044	0.103374	0.0693132	0.0111881	0.00299801	0	2.641953	1.820279	0.5336079	0.4663921	66.11185
4400	6.45584	-19.8276	26.2835	0.507307	0.492693	1.782283	0.214482	0.130954	0.122941	0.104285	0.07024	0.0115976	0.00296794	0	10.56849	1.592809	0.4926926	0.5073074	39.15696
4410	10.9376	-23.2379	34.1755	0.434264	0.565736	1.000971	0.219526	0.132542	0.122527	0.104054	0.0691786	0.0114811	0.00306575	0	2.676444	1.924616	0.5657362	0.4342638	84.06523
4420	10.4056	-20.8871	31.2927	0.0800392	0.919961	2.064821	0.220131	0.132805	0.126737	0.104434	0.0696771	0.0115109	0.00305511	0	5.559218	1.661763	0.9199608	0.08003919	45.89474
4430	11.5802	-22.8548	34.435	0.554031	0.445969	1.921856	0.218827	0.131923	0.126567	0.102439	0.0698177	0.0114484	0.00310164	0	2.416917	1.905524	0.4459686	0.5540314	80.4497
4440	11.4509	-22.3864	33.8373	0.204321	0.795679	1.679793	0.21514	0.130811	0.128145	0.100427	0.0697629	0.0112955	0.00302672	0	3.014687	1.819035	0.7956792	0.2043208	65.92263
4450	9.8775	-21.3476	31.2251	0.818021	0.181979	3.930866	0.21768	0.134847	0.126594	0.101817	0.0682077	0.0115717	0.00301735	0	5.626857	1.669957	0.1819787	0.8180213	46.7689
4460	9.96398	-25.5113	35.4752	0.969363	0.0306374	2.729495	0.216788	0.132956	0.124466	0.101505	0.0705621	0.0115571	0.00302541	0	1.376712	1.761225	0.03063741	0.9693626	57.70649
4470	11.8737	-21.512	33.3857	0.620599	0.379401	4.646312	0.220202	0.132048	0.127086	0.0994185	0.0687833	0.0116058	0.00300685	0	3.466289	1.907674	0.3794013	0.6205987	80.84885
4480	11.3328	-22.2965	33.6293	0.144254	0.855746	1.166432	0.218684	0.128813	0.127246	0.102061	0.0686518	0.0114845	0.00306953	0	3.222648	1.942531	0.8557463	0.1442537	87.60541
4490	10.9751	-21.6523	32.6274	0.734065	0.265935	3.380262	0.214409	0.128597	0.123298	0.0997997	0.0707377	0.0116937	0.00306261	0	4.224588	1.697495	0.265935	0.734065	49.83042
4500	10.8636	-22.9994	33.863	0.725089	0.274911	3.633985	0.210455	0.130629	0.124697	0.100183	0.0713863	0.0117342	0.00301553	0	2.988949	1.657116	0.2749109	0.7250891	45.40627
4510	10.7768	-20.5685	31.3454	0.600658	0.399342	3.088403	0.21333	0.134283	0.123045	0.100972	0.0706316	0.0114979	0.00307181	0	5.50658	1.766976	0.3993416	0.6006584	58.47576
4520	10.8121	-23.0305	33.8426	0.131052	0.868948	4.534831	0.21479	0.132209	0.12529	0.103152	0.0713796	0.0113837	0.00309606	0	3.00931	1.66846	0.8689482	0.1310518	46.60791
4530	12.3631	-20.7486	33.1116	0.0386667	0.961333	4.0533	0.217459	0.13145	0.12399	0.103186	0.0701183	0.0115872	0.00311928	0	3.740325	1.953766	0.9613333	0.03866673	89.90134
4540	12.1322	-20.6049	32.7371	0.828099	0.171901	2.824872	0.220416	0.13074	0.123048	0.103955	0.0700474	0.0115426	0.00307134	0	4.114844	1.968259	0.1719006	0.8280994	92.95211
4550	10.9433	-23.4964	34.4397	0.210387	0.789613	1.487141	0.220232	0.134881	0.123376	0.102795	0.0697799	0.0116046	0.00310344	0	2.412207	1.744726	0.7896134	0.2103866	55.55536
4560	10.7594	-20.5605	31.3199	0.387226	0.612774	1.446338	0.216318	0.133813	0.124803	0.103821	0.0681175	0.011428	0.00304881	0	5.532025	1.897645	0.6127739	0.3872261	79.00321
4570	10.9167	-20.6236	31.5403	0.880463	0.119537	1.906988	0.211127	0.13112	0.124235	0.101291	0.0700538	0.0112244	0.00298107	0	5.311666	1.84015	0.1195374	0.8804626	69.20702
4580	10.4681	-25.565	36.0331	0.0894506	0.910549	4.414774	0.209883	0.131783	0.128134	0.100956	0.0712675	0.0114983	0.0030446	0	0.8188785	1.987276	0.9105494	0.08945062	97.11268
4590	10.4566	-25.3523	35.8089	0.0652466	0.934753	6.056833	0.212797	0.130643	0.128223	0.100263	0.0711655	0.0116431	0.00305129	0	1.043041	1.9383	0.9347534	0.06524659	86.75613
4600	11.0451	-22.5768	33.6219	0.545378	0.454622	1.270656	0.214793	0.130081	0.127592	0.10184	0.0708143	0.0116656	0.0030827	0	3.23007	1.792677	0.4546219	0.5453781	62.04071
4610	11.0951	-21.9969	33.092	0.850906	0.149094	4.750887	0.213354	0.130031	0.124199	0.100467	0.0704628	0.0113799	0.00301928	0	3.759957	1.802595	0.1490944	0.8509056	63.4739
4620	11.1814	-22.4321	33.6135	0.458978	0.541022	4.480689	0.215501	0.129172	0.124997	0.101719	0.0686233	0.0111886	0.00301425	0	3.238427	1.758718	0.5410219	0.4589781	57.37439
4630	11.487	-23.5298	35.0167	0.0639337	0.936066	4.267374	0.213597	0.132059	0.123074	0.0994706	0.0682983	0.0112572	0.0029908	0	1.835204	1.800408	0.9360663	0.06393371	63.15498
4640	9.42714	-25.4807	34.9079	0.316994	0.683006	7.400848	0.212794	0.130749	0.124237	0.102689	0.0686831	0.0115048	0.00302879	0	1.944092	1.887197	0.6830057	0.3169943	77.1253
4650	9.45407	-23.9669	33.421	0.576695	0.423305	1.364212	0.216232	0.12876	0.123469	0.103375	0.0684091	0.0116822	0.00308121	0	3.430974	1.403016	0.4233046	0.5766954	25.29389
4660	11.4132	-23.1272	34.5404	0.90107	0.09893	1.856081	0.214179	0.132973	0.123016	0.104552	0.0705916	0.0111885	0.00310964	0	2.311594	1.914155	0.09893005	0.90107	82.06447
4670	10.7287	-24.8763	35.605	0.75309	0.24691	5.510208	0.212807	0.132621	0.125066	0.1045	0.0697953	0.0117007	0.00307925	0	1.246959	1.941033	0.2469099	0.7530901	87.30379
4680	10.788	-20.0412	30.8292	0.615661	0.384339	4.272809	0.215618	0.128805	0.12267	0.103037	0.068616	0.0116179	0.00304877	0	6.022711	1.918466	0.3843394	0.6156606	82.88317
4690	11.8972	-19.9694	31.8666	0.0541658	0.945834	3.444257	0.212519	0.129097	0.126575	0.103144	0.0688595	0.0116406	0.00300173	0	4.985318	1.98207	0.9458342	0.05416579	95.95563
4700	9.50994	-22.2722	31.7821	0.37346	0.62654	3.80122	0.220721	0.131666	0.126411	0.104071	0.0687256	0.0115557	0.00300119	0	5.069841	1.544984	0.6265396	0.3734604	35.07391
4710	11.2275	-20.9532	32.1807	0.452713	0.547287	1.97118	0.21893	0.132009	0.126954	0.100655	0.0691835	0.0113262	0.00308642	0	4.671281	1.810074	0.5472871	0.4527129	64.57643
4720	10.076	-23.0018	33.0778	0.823543	0.176457	2.428335	0.21058	0.129941	0.122615	0.100575	0.0681257	0.0112309	0.00308381	0	3.774132	1.513913	0.1764569	0.8235431	32.65223
4730	12.3763	-21.4187	33.795	0.843911	0.156089	2.790228	0.210935	0.130207	0.125696	0.0999399	0.0695286	0.0116702	0.00311966	0	3.056973	1.979483	0.156089	0.843911	95.3856
4740	11.2708	-21.2632	32.534	0.284296	0.715704	1.236503	0.213692	0.129089	0.124318	0.0993722	0.0702482	0.0116638	0.00308925	0	4.317991	1.983296	0.7157044	0.2842956	96.22685
4750	11.3124	-22.2702	33.5826	0.292304	0.707696	3.761165	0.21031	0.134439	0.123281	0.102389	0.0692549	0.0114678	0.00309721	0	3.269353	1.709263	0.7076957	0.2923043	51.19917
4760	11.6241	-22.762	34.386	0.729333	0.270667	1.889628	0.212677	0.131996	0.125954	0.101058	0.0703782	0.0114892	0.00310925	0	2.465918	1.934948	0.2706669	0.7293331	86.08908
4770	2.44704	-21.0135	23.4605	0.248731	0.751269	6.231813	0.217428	0.134048	0.128038	0.102687	0.0702033	0.0115273	0.00311972	0	13.3914	1.813216	0.7512688	0.2487312	65.04533
4780	10.3417	-20.6515	30.9933	0.574818	0.425182	4.83068	0.217534	0.134652	0.125091	0.103065	0.0685419	0.0113837	0.00308029	0	5.858676	1.868029	0.4251818	0.5748182	73.79529
4790	11.7943	-21.9455	33.7398	0.807726	0.192274	4.373425	0.211036	0.131523	0.128219	0.102502	0.0700677	0.0112296	0.00304751	0	3.112167	1.864868	0.1922738	0.8077262	73.26012
4800	10.3765	-22.2217	32.5982	0.0368428	0.963157	1.955826	0.212111	0.129993	0.127339	0.100682	0.0702366	0.0112247	0.00310696	0	4.253729	1.513992	0.9631572	0.03684281	32.65817
4810	11.2116	-22.5	33.7116	0.485912	0.514088	1.437564	0.214161	0.131872	0.127166	0.101799	0.0696725	0.0113428	0.00308838	0	3.140326	1.809013	0.5140877	0.4859123	64.41887
4820	10.8652	-24.2153	35.0805	0.496812	0.503188	3.453858	0.216948	0.130646	0.126101	0.100036	0.0713172	0.011265	0.00308087	0	1.771429	1.728951	0.5031882	0.4968118	53.57366
4830	10.1905	-23.107	33.2976	0.508141	0.491859	2.235596	0.219972	0.131393	0.125362	0.102087	0.0691515	0.0114974	0.00298748	0	3.554383	1.51044	0.4918589	0.5081411	32.39219
4840	10.7288	-22.9807	33.7094	0.696309	0.303691	1.295471	0.217271	0.132605	0.12559	0.103218	0.0705642	0.0114935	0.00298443	0	3.142511	1.711611	0.303691	0.696309	51.47669
4850	9.06925	-26.1069	35.1762	0.355472	0.644528	2.982751	0.218931	0.134139	0.122538	0.103881	0.0711912	0.0112199	0.00298095	0	1.675783	1.453386	0.6445282	0.3554718	28.40441
4860	11.3464	-21.1111	32.4575	0.249924	0.750076	1.406844	0.220763	0.134493	0.126954	0.100874	0.0686146	0.0113222	0.00304277	0	4.394427	1.96434	0.7500762	0.2499238	92.11708
4870	10.3964	-19.8909	30.2873	0.886185	0.113815	4.065797	0.217308	0.133864	0.126645	0.101819	0.0693862	0.011526	0.00296909	0	6.564655	1.905683	0.1138152	0.8861848	80.47901
4880	12.0715	-21.7345	33.806	0.340551	0.659449	2.14975	0.217889	0.134118	0.12607	0.101735	0.0692774	0.0116741	0.00301328	0	3.045953	1.968229	0.6594489	0.3405511	92.94567
4890	11.4822	-23.4663	34.9485	0.350545	0.649455	4.029193	0.214157	0.131775	0.122662	0.103918	0.0695626	0.0115523	0.00299056	0	1.903478	1.816512	0.6494552	0.3505448	65.54088
4900	11.3153	-19.6183	30.9336	0.578086	0.421914	3.281802	0.218155	0.129165	0.125928	0.0996568	0.069909	0.0116097	0.00297562	0	5.918315	1.995146	0.421914	0.578086	98.8886
4910	10.8626	-21.1176	31.9802	0.665856	0.334144	2.077573	0.214589	0.129359	0.126635	0.102631	0.0694839	0.0113056	0.00297471	0	4.871725	1.736511	0.3341436	0.6658564	54.51436
4920	10.8906	-20.085	30.9756	0.626016	0.373984	4.20197	0.220796	0.13203	0.126735	0.103574	0.0702179	0.0112046	0.0030706	0	5.876354	1.916966	0.3739842	0.6260158	82.59731
4930	10.0303	-19.699	29.7294	0.848578	0.151422	2.091204	0.212929	0.132809	0.128081	0.0998332	0.0705402	0.0111579	0.00298722	0	7.122582	1.900317	0.1514221	0.8485779	79.4908
4940	10.4747	-20.0885	30.5632	0.233092	0.766908	1.660957	0.214273	0.129084	0.127118	0.0996913	0.0685512	0.0113647	0.0030851	0	6.288758	1.903245	0.7669076	0.2330924	80.02851
4950	12.3071	-22.709	35.0161	0.185639	0.814361	3.988043	0.212042	0.130229	0.125969	0.0999329	0.0683506	0.0111723	0.0029678	0	1.835856	1.994172	0.8143612	0.1856388	98.66697
4960	11.3173	-22.2648	33.5821	0.467115	0.532885	1.244179	0.215275	0.129037	0.125003	0.102527	0.0684978	0.0117213	0.00298741	0	3.269894	1.941543	0.5328852	0.4671148	87.40626
4970	12.0853	-20.703	32.7882	0.558578	0.441422	2.59005	0.213699	0.131097	0.122443	0.103024	0.0706802	0.01172	0.00298702	0	4.063726	1.97132	0.4414219	0.5585781	93.60949
4980	11.9419	-20.5985	32.5404	0.0404741	0.959526	3.58735	0.210533	0.131629	0.123834	0.100375	0.0716101	0.0114578	0.00297468	0	4.311536	1.901335	0.9595259	0.04047405	79.67738
4990	10.5648	-24.4897	35.0545	0.686227	0.313773	5.71824	0.215751	0.130221	0.125529	0.100616	0.0703604	0.0114404	0.00296796	0	1.797445	1.841264	0.3137735	0.6862265	69.38478
5000	11.6026	-21.8959	33.4985	0.108371	0.891629	4.885897	0.213542	0.129103	0.123238	0.100913	0.0690147	0.0114813	0.00297301	0	3.35342	1.855235	0.8916291	0.1083709	71.65308
