Iteration	Posterior	Likelihood	Prior	clado_type_probs[1]	clado_type_probs[2]	distance_scale	epoch_times[1]	epoch_times[2]	epoch_times[3]	epoch_times[4]	epoch_times[5]	epoch_times[6]	epoch_times[7]	epoch_times[8]	extirpation_rate	log10_rate_bg	p_allopatry	p_sympatry	rate_bg
0	-54.9157	-83.4882	28.5725	0.602428	0.397572	0.01	0.372374	0.351875	0.32998	0.265192	0.146963	0.0852755	0.0239995	0	0.08471288	-2	0.3975718	0.6024282	0.01
10	1.82815	-22.6281	24.4563	0.033696	0.966304	0.02436898	0.369817	0.347481	0.325175	0.266652	0.146623	0.0832874	0.0232288	0	4.200909	1.358545	0.966304	0.03369602	22.83206
20	1.95251	-22.9145	24.867	0.972834	0.0271661	0.03718687	0.371188	0.348642	0.336767	0.264958	0.144714	0.0839018	0.022908	0	3.790209	1.569013	0.02716608	0.9728339	37.0692
30	2.18094	-21.4643	23.6453	0.185012	0.814988	0.4899392	0.382378	0.338419	0.326662	0.256897	0.142497	0.0841105	0.0231699	0	5.011925	1.882938	0.8149876	0.1850124	76.37265
40	5.28575	-20.2958	25.5815	0.020558	0.979442	5.88278	0.383473	0.342907	0.331824	0.258622	0.145301	0.0835618	0.0232441	0	3.07566	1.537548	0.979442	0.02055799	34.47849
50	5.64447	-20.6046	26.2491	0.708842	0.291158	6.887008	0.369707	0.338353	0.334987	0.262665	0.145006	0.0838108	0.0235095	0	2.4081	1.64766	0.2911576	0.7088424	44.42829
60	5.67818	-21.1033	26.7815	0.33496	0.66504	10.55134	0.367464	0.335907	0.324124	0.26197	0.144071	0.0833603	0.0234861	0	1.875728	1.983337	0.6650398	0.3349602	96.23586
70	3.39684	-20.9204	24.3172	0.138366	0.861634	11.6523	0.37452	0.342891	0.335455	0.260016	0.144442	0.083448	0.023107	0	4.339981	1.940991	0.8616336	0.1383664	87.2953
80	5.43001	-21.1172	26.5472	0.393187	0.606813	5.019294	0.384291	0.343786	0.334024	0.257017	0.144809	0.0839625	0.0230224	0	2.109977	1.656162	0.6068127	0.3931873	45.30669
90	5.62863	-20.3	25.9287	0.712365	0.287635	8.857759	0.384779	0.348517	0.336327	0.256302	0.144052	0.0831185	0.02294	0	2.728529	1.808021	0.2876348	0.7123652	64.27183
100	6.18302	-20.9181	27.1012	0.5071	0.4929	7.385518	0.378269	0.351494	0.328011	0.260823	0.139713	0.0826628	0.0239313	0	1.556039	1.923184	0.4929004	0.5070996	83.78848
110	5.2179	-21.505	26.7229	0.150938	0.849062	4.170381	0.368431	0.348499	0.330913	0.261166	0.141348	0.083708	0.0240418	0	1.934291	1.834739	0.8490617	0.1509383	68.35002
120	6.04932	-20.3602	26.4096	0.161184	0.838816	5.553475	0.371604	0.345233	0.326744	0.259764	0.141335	0.0844883	0.0238819	0	2.247645	1.988189	0.8388164	0.1611836	97.31714
130	3.59045	-18.8663	22.4567	0.298715	0.701285	8.130972	0.379005	0.348246	0.335457	0.258985	0.144586	0.0859972	0.0236191	0	6.200462	1.904287	0.7012845	0.2987155	80.22073
140	4.75668	-18.8404	23.5971	0.788699	0.211301	7.069561	0.371163	0.348149	0.33203	0.259166	0.143812	0.0833052	0.023082	0	5.060094	1.993323	0.2113009	0.7886991	98.47436
150	5.29926	-21.3846	26.6839	0.429408	0.570592	10.59026	0.372835	0.345115	0.334076	0.267068	0.145694	0.0851912	0.023083	0	1.973331	1.881039	0.5705916	0.4294084	76.03942
160	4.6937	-21.9257	26.6194	0.6309	0.3691	8.61818	0.373451	0.352046	0.32767	0.26359	0.144995	0.086763	0.0232654	0	2.037784	1.551511	0.3690996	0.6309004	35.60502
170	1.95441	-21.615	23.5694	0.874474	0.125526	0.4422829	0.371862	0.340951	0.324255	0.26595	0.140003	0.086325	0.0235743	0	5.087758	1.315145	0.1255263	0.8744737	20.66071
180	2.66804	-19.2613	21.9293	0.525245	0.474755	2.822842	0.369292	0.340327	0.323242	0.264387	0.142002	0.085874	0.0240217	0	6.72787	1.565931	0.4747546	0.5252454	36.80704
190	5.5368	-21.9212	27.458	0.212061	0.787939	9.140286	0.383628	0.341912	0.32738	0.264085	0.140921	0.0852862	0.0240133	0	1.19925	1.858823	0.787939	0.212061	72.24759
200	5.29039	-19.7149	25.0053	0.164976	0.835024	6.035357	0.371607	0.3436	0.329188	0.257104	0.142242	0.0849167	0.0239969	0	3.651942	1.618131	0.8350245	0.1649755	41.50793
210	5.05649	-19.2157	24.2722	0.184239	0.815761	6.802086	0.370845	0.338848	0.338853	0.261783	0.143343	0.0863862	0.0236561	0	4.38499	1.739272	0.8157609	0.1842391	54.86199
220	3.65348	-20.3661	24.0196	0.315445	0.684555	8.255884	0.379734	0.339214	0.333762	0.265057	0.143698	0.0856106	0.0230165	0	4.637583	1.501017	0.6845548	0.3154452	31.69692
230	4.67369	-21.0325	25.7061	0.763917	0.236083	4.943645	0.381759	0.346046	0.331349	0.260347	0.142648	0.0842659	0.0233621	0	2.951063	1.379739	0.236083	0.763917	23.97394
240	5.51755	-19.5971	25.1147	0.788551	0.211449	6.01884	0.384978	0.351384	0.327332	0.268511	0.143874	0.0839542	0.023001	0	3.542531	1.721521	0.2114488	0.7885512	52.66488
250	5.71823	-20.9275	26.6457	0.174107	0.825893	6.258029	0.38452	0.340067	0.327042	0.264243	0.143917	0.0840728	0.0234191	0	2.01147	1.674832	0.8258931	0.1741069	47.29681
260	5.38065	-19.5882	24.9689	0.908631	0.0913689	6.935402	0.367091	0.337178	0.327148	0.262265	0.144144	0.0860749	0.0228505	0	3.68831	1.712446	0.0913689	0.9086311	51.57583
270	5.75246	-21.0404	26.7929	0.410999	0.589001	6.118234	0.378895	0.342138	0.325673	0.25658	0.140547	0.0864595	0.0228674	0	1.864328	1.728049	0.5890011	0.4109989	53.46252
280	5.28584	-20.4175	25.7033	0.757955	0.242045	4.267471	0.383708	0.344505	0.329747	0.256142	0.140697	0.0848521	0.0231257	0	2.953906	1.693223	0.2420453	0.7579547	49.34269
290	5.51315	-22.0127	27.5258	0.605241	0.394759	8.599355	0.37985	0.337607	0.324984	0.267307	0.143677	0.0855127	0.0229842	0	1.131403	1.868745	0.3947585	0.6052415	73.91718
300	4.26283	-20.3019	24.5647	0.758129	0.241871	2.741219	0.379522	0.34659	0.325822	0.26602	0.139825	0.0845307	0.0235255	0	4.092489	1.83203	0.2418705	0.7581295	67.92511
310	3.91359	-18.7364	22.65	0.605974	0.394026	4.91399	0.378187	0.351205	0.324211	0.264313	0.140747	0.084813	0.022911	0	6.007236	1.950654	0.3940265	0.6059735	89.25942
320	4.70238	-22.3064	27.0088	0.00963531	0.990365	5.983183	0.380994	0.349667	0.333751	0.259173	0.141097	0.0837539	0.0235609	0	1.648415	1.440465	0.9903647	0.009635315	27.57178
330	5.13949	-22.0831	27.2226	0.463909	0.536091	5.605839	0.369777	0.349709	0.333562	0.256559	0.141386	0.0841716	0.0234187	0	1.434625	1.677487	0.5360908	0.4639092	47.5869
340	4.57501	-19.955	24.53	0.876424	0.123576	5.797024	0.377854	0.338162	0.32908	0.257978	0.14367	0.0852287	0.0229064	0	4.12724	1.469766	0.123576	0.876424	29.49619
350	4.292	-22.8785	27.1705	0.182153	0.817847	12.67402	0.374447	0.340464	0.324738	0.260431	0.142083	0.0856999	0.0229474	0	1.486667	1.960855	0.8178468	0.1821532	91.38088
360	2.98928	-20.075	23.0643	0.708804	0.291196	10.67844	0.373918	0.341626	0.323755	0.262787	0.143857	0.0865157	0.0229566	0	5.592909	1.93926	0.2911958	0.7088042	86.9481
370	3.12399	-19.8806	23.0046	0.94713	0.0528701	9.943843	0.372488	0.33885	0.325494	0.259232	0.142163	0.0867917	0.0228982	0	5.652617	1.821773	0.05287015	0.9471299	66.33969
380	4.32098	-19.5169	23.8379	0.604658	0.395342	3.859291	0.37203	0.335767	0.328777	0.268628	0.13994	0.0854872	0.0233925	0	4.819338	1.62195	0.3953424	0.6046576	41.87449
390	4.24705	-20.3097	24.5567	0.517162	0.482838	2.978667	0.377226	0.336693	0.33982	0.264269	0.14112	0.0857481	0.0229048	0	4.100492	1.560241	0.482838	0.517162	36.328
400	5.18407	-19.8055	24.9896	0.447958	0.552042	4.734244	0.383316	0.337342	0.325677	0.267286	0.140193	0.0868274	0.0239327	0	3.667633	1.647672	0.5520422	0.4479578	44.42953
410	1.87041	-21.1712	23.0416	0.566887	0.433113	4.873987	0.380783	0.339157	0.331887	0.261913	0.142089	0.0860864	0.0240469	0	5.615562	1.010703	0.4331128	0.5668872	10.2495
420	6.17213	-19.9779	26.15	0.540936	0.459064	7.2426	0.368773	0.352513	0.323855	0.259573	0.145239	0.0835809	0.0238348	0	2.507217	1.864656	0.4590643	0.5409357	73.22442
430	5.51538	-21.0079	26.5232	0.525725	0.474275	6.393664	0.370977	0.347484	0.324285	0.262797	0.146889	0.0838593	0.0236253	0	2.133965	1.605741	0.4742755	0.5257245	40.34044
440	5.79063	-20.4718	26.2625	0.481008	0.518992	9.867279	0.378096	0.348218	0.326295	0.260937	0.146509	0.0853813	0.0232467	0	2.394733	1.961305	0.5189924	0.4810076	91.47562
450	4.39855	-21.0144	25.413	0.926382	0.0736178	5.184742	0.376763	0.34612	0.325307	0.262615	0.143246	0.0835065	0.0231384	0	3.244214	1.329087	0.07361776	0.9263822	21.3347
460	5.55149	-19.6361	25.1876	0.0866664	0.913334	5.976094	0.374398	0.350947	0.339748	0.255291	0.141995	0.0835434	0.0235761	0	3.469634	1.707842	0.9133336	0.08666636	51.03199
470	5.5137	-21.0729	26.5866	0.547609	0.452391	6.789035	0.369644	0.34458	0.336885	0.261203	0.140432	0.0834371	0.0239939	0	2.07057	1.611925	0.4523906	0.5476094	40.919
480	2.64756	-20.1561	22.8037	0.310014	0.689986	10.40848	0.369344	0.348685	0.331411	0.255899	0.146099	0.0843472	0.0238854	0	5.85352	1.800123	0.6899861	0.3100139	63.11356
490	5.80949	-19.3881	25.1976	0.533275	0.466725	6.192639	0.368649	0.348132	0.330938	0.25805	0.146474	0.0825593	0.0234461	0	3.459613	1.937972	0.4667254	0.5332746	86.69063
500	5.97844	-21.0816	27.0601	0.180248	0.819752	8.662977	0.366834	0.348871	0.338219	0.255639	0.145628	0.0828697	0.0232897	0	1.597131	1.868909	0.8197522	0.1802478	73.94501
510	5.9752	-20.296	26.2712	0.278972	0.721028	5.371208	0.367755	0.353027	0.339411	0.258801	0.140259	0.0863705	0.0239084	0	2.386028	1.959576	0.7210283	0.2789717	91.11209
520	4.30446	-20.3939	24.6983	0.868602	0.131398	10.50446	0.375167	0.349795	0.334309	0.255711	0.14248	0.0860712	0.0240477	0	3.958885	1.86969	0.131398	0.868602	74.07821
530	3.85243	-19.4198	23.2722	0.0205084	0.979492	8.205106	0.375364	0.347483	0.325933	0.257304	0.146948	0.0844045	0.0229656	0	5.385012	1.691063	0.9794916	0.02050843	49.09795
540	3.83833	-21.5514	25.3898	0.463714	0.536286	6.210704	0.377363	0.347158	0.328396	0.257292	0.145839	0.0840749	0.0230018	0	3.267436	1.248742	0.5362865	0.4637135	17.73136
550	4.55764	-19.4235	23.9812	0.335609	0.664391	8.739333	0.37126	0.350795	0.326145	0.256997	0.145988	0.0832508	0.0231887	0	4.676025	1.84107	0.6643907	0.3356093	69.35375
560	5.3004	-21.3304	26.6308	0.559138	0.440862	4.541177	0.370716	0.346405	0.325677	0.257363	0.144063	0.086796	0.0235318	0	2.026403	1.703022	0.4408618	0.5591382	50.46866
570	5.68229	-20.5553	26.2376	0.550546	0.449454	6.927812	0.37527	0.344529	0.32757	0.255452	0.144368	0.0853361	0.0239687	0	2.419625	1.652679	0.449454	0.550546	44.94479
580	4.1601	-19.5834	23.7435	0.956667	0.043333	3.729226	0.366633	0.3524	0.331915	0.261979	0.146814	0.0845948	0.0234266	0	4.913717	1.565351	0.04333299	0.956667	36.75791
590	4.38457	-19.2065	23.5911	0.772808	0.227192	4.328367	0.369014	0.340454	0.331066	0.267317	0.145879	0.0842918	0.0236853	0	5.06613	1.717318	0.2271918	0.7728082	52.15766
600	5.61436	-20.1277	25.742	0.602181	0.397819	7.085357	0.381938	0.337668	0.325466	0.265634	0.141381	0.0853117	0.0230024	0	2.91519	1.677884	0.3978187	0.6021813	47.63032
610	4.60057	-20.7904	25.3909	0.880353	0.119647	9.720622	0.379191	0.337975	0.326842	0.265373	0.141699	0.0858562	0.0231146	0	3.26628	1.705847	0.119647	0.880353	50.79803
620	3.96617	-19.2861	23.2523	0.415439	0.584561	3.627487	0.381036	0.337855	0.331143	0.267457	0.14338	0.0854313	0.0238278	0	5.404942	1.756179	0.5845606	0.4154394	57.03994
630	4.71727	-20.5484	25.2657	0.0763963	0.923604	3.427851	0.384134	0.344679	0.333296	0.266944	0.145231	0.0862565	0.023338	0	3.391538	1.578613	0.9236037	0.07639625	37.89769
640	5.21903	-21.3699	26.589	0.254245	0.745755	9.948742	0.375816	0.35311	0.326691	0.257001	0.140372	0.0830793	0.0233454	0	2.068253	1.773258	0.7457551	0.2542449	59.32774
650	3.13754	-20.2282	23.3658	0.791608	0.208392	1.851848	0.371156	0.3441	0.327671	0.257143	0.143371	0.0843167	0.0230647	0	5.291418	1.95224	0.2083916	0.7916084	89.58593
660	1.69086	-18.3312	20.022	0.470813	0.529187	6.84066	0.375271	0.340936	0.327032	0.257452	0.146512	0.0834708	0.0230022	0	8.635168	1.99422	0.5291866	0.4708134	98.67794
670	4.24733	-19.4992	23.7465	0.870026	0.129974	3.480431	0.375156	0.346859	0.330857	0.260083	0.144629	0.0832072	0.0229015	0	4.91071	1.938117	0.1299738	0.8700262	86.71948
680	5.83499	-19.6541	25.489	0.292251	0.707749	7.850501	0.367762	0.339817	0.332824	0.265426	0.144626	0.0834082	0.02304	0	3.16816	1.857521	0.7077491	0.2922509	72.03118
690	4.78833	-19.8029	24.5913	0.425105	0.574895	9.778542	0.375249	0.345056	0.332408	0.26168	0.146463	0.0861101	0.0231639	0	4.065946	1.953905	0.5748953	0.4251047	89.93003
700	5.6719	-20.96	26.6319	0.563348	0.436652	7.043592	0.38341	0.345016	0.330056	0.26713	0.1443	0.0858299	0.0229834	0	2.025343	1.673459	0.4366522	0.5633478	47.14755
710	3.233	-19.4796	22.7126	0.396697	0.603303	4.607855	0.382055	0.336046	0.323686	0.25698	0.146667	0.0859466	0.022861	0	5.944594	1.366858	0.6033026	0.3966974	23.2733
720	4.66818	-22.1651	26.8333	0.505697	0.494303	6.889624	0.377436	0.343244	0.325889	0.262181	0.146495	0.0850499	0.0228929	0	1.823889	1.460434	0.4943026	0.5056974	28.86918
730	3.83811	-23.3967	27.2349	0.949576	0.0504244	4.999081	0.378195	0.348147	0.334419	0.263713	0.142665	0.0841371	0.0232703	0	1.422347	1.399893	0.05042444	0.9495756	25.11267
740	4.30051	-18.9093	23.2098	0.0292338	0.970766	5.769132	0.370166	0.347876	0.324885	0.267279	0.141636	0.0856236	0.0235037	0	5.447422	1.700263	0.9707662	0.02923379	50.14904
750	5.96755	-19.5428	25.5103	0.135474	0.864526	8.079809	0.368729	0.352157	0.33973	0.267706	0.141298	0.0857254	0.0231113	0	3.146894	1.969539	0.8645256	0.1354744	93.22631
760	5.24047	-19.8845	25.1249	0.167918	0.832082	8.973749	0.376586	0.353135	0.331131	0.267929	0.146887	0.0831243	0.023124	0	3.532278	1.825063	0.8320821	0.1679179	66.84406
770	5.76424	-20.2743	26.0385	0.369808	0.630192	5.383039	0.380056	0.351022	0.330669	0.265395	0.14395	0.0838605	0.0232754	0	2.618662	1.746326	0.6301917	0.3698083	55.76044
780	4.01211	-19.3346	23.3467	0.348089	0.651911	7.223316	0.384324	0.342983	0.325099	0.260607	0.142415	0.0829555	0.0235584	0	5.310532	1.610612	0.6519107	0.3480893	40.79544
790	4.89771	-18.8703	23.768	0.198448	0.801552	6.665661	0.38039	0.346185	0.328011	0.261255	0.144914	0.0851446	0.0239128	0	4.889223	1.953304	0.8015517	0.1984483	89.80572
800	5.32199	-20.1131	25.4351	0.381218	0.618782	6.143068	0.381175	0.344681	0.326512	0.256621	0.144847	0.0838595	0.0237588	0	3.222149	1.57243	0.6187822	0.3812178	37.36195
810	5.76938	-21.2424	27.0118	0.314694	0.685306	9.979105	0.37273	0.337466	0.325027	0.255305	0.146212	0.0842978	0.0239547	0	1.64538	1.923269	0.6853061	0.3146939	83.80483
820	4.31787	-19.3759	23.6938	0.899994	0.100006	6.508958	0.379816	0.337542	0.332017	0.262642	0.142627	0.0836931	0.0235198	0	4.963422	1.577045	0.1000065	0.8999935	37.76116
830	5.35133	-21.7568	27.1081	0.152284	0.847716	4.99091	0.37468	0.344391	0.338304	0.262386	0.139925	0.0828673	0.0239794	0	1.549101	1.82368	0.8477156	0.1522844	66.63156
840	5.16701	-19.2533	24.4203	0.174544	0.825456	5.254068	0.372787	0.344912	0.328826	0.26114	0.140126	0.0833555	0.0235707	0	4.236857	1.806713	0.8254561	0.1745439	64.07853
850	5.86756	-20.0523	25.9199	0.401607	0.598393	7.262963	0.378616	0.35097	0.327944	0.266683	0.143778	0.086861	0.0231562	0	2.737327	1.752905	0.598393	0.401607	56.61155
860	4.76648	-21.3751	26.1415	0.760483	0.239517	3.376142	0.372617	0.345615	0.32893	0.261394	0.14578	0.0863599	0.0239125	0	2.515655	1.639933	0.2395174	0.7604826	43.64488
870	5.10994	-20.6668	25.7767	0.0158706	0.984129	3.588018	0.380589	0.348863	0.325232	0.259707	0.145937	0.0860501	0.0234892	0	2.880456	1.989506	0.9841294	0.01587056	97.61267
880	5.52467	-19.3466	24.8713	0.603495	0.396505	5.473344	0.373774	0.349014	0.324581	0.258084	0.145846	0.0850596	0.0230608	0	3.785906	1.94764	0.3965054	0.6034946	88.64208
890	3.45374	-19.415	22.8688	0.697241	0.302759	4.379377	0.373549	0.34803	0.328624	0.265906	0.143591	0.0866541	0.0231466	0	5.788426	1.412862	0.302759	0.697241	25.87392
900	4.52544	-19.085	23.6105	0.717387	0.282613	7.964043	0.370097	0.344847	0.325214	0.255436	0.144139	0.0868055	0.022911	0	5.046742	1.852418	0.2826128	0.7173872	71.18991
910	5.84769	-20.5588	26.4065	0.131015	0.868985	6.072069	0.371182	0.3399	0.329623	0.257246	0.145407	0.0859442	0.0229588	0	2.250695	1.718462	0.8689849	0.1310151	52.2952
920	4.50803	-19.6115	24.1195	0.450172	0.549828	7.134764	0.366762	0.335706	0.327704	0.255463	0.143982	0.0856324	0.0229005	0	4.537682	1.593388	0.5498278	0.4501722	39.20917
930	4.42677	-21.6131	26.0399	0.269596	0.730404	8.075804	0.369365	0.349219	0.334737	0.25588	0.142883	0.0843346	0.023169	0	2.617307	1.450379	0.7304044	0.2695956	28.20844
940	5.77755	-20.5254	26.3029	0.660086	0.339914	4.850691	0.370495	0.353012	0.335823	0.258658	0.14587	0.0849088	0.0230631	0	2.354265	1.994545	0.3399144	0.6600856	98.75171
950	6.17901	-20.5014	26.6804	0.505791	0.494209	8.716073	0.374645	0.341024	0.339699	0.25828	0.143006	0.0856513	0.023278	0	1.976834	1.92741	0.4942087	0.5057913	84.60772
960	3.93143	-18.9696	22.9011	0.248928	0.751072	5.96989	0.37543	0.345354	0.323282	0.256281	0.140546	0.085761	0.0240238	0	5.756137	1.61536	0.7510718	0.2489282	41.24388
970	2.5347	-18.9092	21.4439	0.220271	0.779729	7.619044	0.368281	0.35312	0.326759	0.255566	0.143163	0.0855258	0.0228513	0	7.213293	1.692398	0.7797286	0.2202714	49.24909
980	3.49083	-23.0761	26.5669	0.156676	0.843324	2.643126	0.369532	0.351824	0.326602	0.259878	0.142231	0.0858344	0.0231531	0	2.090312	1.313393	0.8433238	0.1566762	20.57753
990	3.71579	-18.8165	22.5323	0.0120181	0.987982	5.448079	0.369582	0.347519	0.325358	0.25633	0.145323	0.0841516	0.0234278	0	6.124884	1.647806	0.9879819	0.01201809	44.44329
1000	5.30108	-20.2137	25.5148	0.973016	0.0269835	4.047308	0.369982	0.343553	0.325773	0.255666	0.146878	0.0864757	0.0235437	0	3.142394	1.92698	0.0269835	0.9730165	84.52398
1010	5.8532	-19.5525	25.4057	0.133925	0.866075	7.26941	0.368439	0.349969	0.326782	0.263709	0.143028	0.0850263	0.0235259	0	3.251497	1.841729	0.8660753	0.1339247	69.45915
1020	5.86941	-20.3485	26.2179	0.14337	0.85663	5.088187	0.377743	0.350948	0.336531	0.267097	0.141691	0.0848475	0.023106	0	2.439281	1.960136	0.8566302	0.1433698	91.22969
1030	4.58676	-19.9224	24.5092	0.162725	0.837275	3.741515	0.367437	0.344326	0.336629	0.261405	0.143573	0.0852085	0.0234727	0	4.148033	1.57701	0.8372753	0.1627247	37.75806
1040	4.60353	-21.9795	26.583	0.592111	0.407889	11.0425	0.36663	0.346259	0.327156	0.259773	0.139683	0.086148	0.0230032	0	2.074174	1.786358	0.4078887	0.5921113	61.1446
1050	4.34672	-20.5539	24.9006	0.354637	0.645363	2.714308	0.377933	0.348642	0.330893	0.255941	0.139953	0.0867399	0.0228893	0	3.756586	1.766779	0.6453631	0.3546369	58.44922
1060	5.69152	-20.0967	25.7882	0.460073	0.539927	9.030418	0.38458	0.345008	0.323458	0.261157	0.145249	0.0845447	0.0238514	0	2.868993	1.863366	0.5399266	0.4600734	73.00724
1070	3.60222	-22.044	25.6462	0.838167	0.161833	12.70839	0.376613	0.347161	0.332924	0.261669	0.146274	0.0827377	0.0235322	0	3.011011	1.946402	0.1618327	0.8381673	88.38984
1080	4.48443	-21.0355	25.5199	0.583607	0.416393	6.409005	0.36771	0.352645	0.333757	0.260891	0.143551	0.0831787	0.0240094	0	3.13729	1.368563	0.4163931	0.5836069	23.36486
1090	5.6169	-20.985	26.6019	0.0386544	0.961346	10.55364	0.371525	0.348067	0.338208	0.266753	0.140858	0.0855488	0.0239571	0	2.055259	1.965083	0.9613456	0.03865437	92.27471
1100	5.91442	-20.8011	26.7155	0.02976	0.97024	6.99142	0.367319	0.348759	0.336469	0.263845	0.140056	0.086149	0.023782	0	1.941683	1.732973	0.97024	0.02976004	54.07207
1110	4.90155	-21.3634	26.2649	0.071452	0.928548	4.320292	0.378067	0.34188	0.329003	0.267022	0.146828	0.0850731	0.02319	0	2.392296	1.476721	0.928548	0.07145195	29.97239
1120	4.60979	-21.3368	25.9466	0.428446	0.571554	3.480971	0.370443	0.341878	0.335336	0.25643	0.14614	0.0845361	0.0230265	0	2.710565	1.488182	0.571554	0.428446	30.77384
1130	4.96769	-19.5957	24.5634	0.974814	0.0251857	5.743165	0.373115	0.34934	0.333681	0.264598	0.141022	0.0864523	0.0230538	0	4.093846	1.595662	0.0251857	0.9748143	39.41501
1140	4.52964	-23.1451	27.6747	0.240833	0.759167	7.936412	0.379765	0.350789	0.332137	0.263684	0.142141	0.0849496	0.0229153	0	0.9824939	1.678024	0.7591673	0.2408327	47.64572
1150	5.54588	-20.5475	26.0934	0.238658	0.761342	6.639928	0.384615	0.346644	0.330322	0.267029	0.140225	0.0868666	0.0235507	0	2.563775	1.604419	0.7613419	0.2386581	40.21786
1160	5.27898	-20.6339	25.9129	0.438078	0.561922	4.938657	0.367721	0.343092	0.332834	0.268131	0.144269	0.0840505	0.0238597	0	2.744324	1.55401	0.5619217	0.4380783	35.81048
1170	5.92495	-19.5101	25.435	0.837618	0.162382	6.37871	0.375264	0.340425	0.33124	0.263652	0.139672	0.0860125	0.0231146	0	3.222163	1.905585	0.1623816	0.8376184	80.46091
1180	3.72404	-21.1323	24.8563	0.016607	0.983393	6.82819	0.377236	0.344991	0.334128	0.267716	0.141428	0.0851913	0.0237816	0	3.800863	1.27582	0.983393	0.016607	18.87208
1190	5.72866	-20.8296	26.5583	0.3323	0.6677	5.50657	0.369744	0.347118	0.3347	0.26521	0.142597	0.0848721	0.0239921	0	2.098927	1.72286	0.6677001	0.3322999	52.82754
1200	3.74295	-22.1441	25.8871	0.874963	0.125037	8.354491	0.380439	0.339926	0.338595	0.255256	0.14443	0.0826591	0.0232629	0	2.770134	1.381512	0.1250372	0.8749628	24.07198
1210	6.37071	-20.3523	26.723	0.99934	0.000660192	7.94547	0.383782	0.339383	0.339418	0.255869	0.144357	0.0839652	0.0231553	0	1.934168	1.976486	0.0006601918	0.9993398	94.72969
1220	4.49388	-19.024	23.5178	0.283285	0.716715	4.655452	0.377592	0.351717	0.32605	0.255844	0.14053	0.0865535	0.0233849	0	5.139369	1.935376	0.7167152	0.2832848	86.17389
1230	4.20072	-19.73	23.9307	0.901109	0.0988912	7.506731	0.374064	0.346373	0.322993	0.259436	0.146111	0.08677	0.0234549	0	4.726487	1.571812	0.09889124	0.9011088	37.30886
1240	5.38765	-20.1928	25.5804	0.781471	0.218529	5.237383	0.381943	0.350267	0.327135	0.259714	0.143517	0.0866059	0.0233938	0	3.07677	1.607716	0.2185286	0.7814714	40.5243
1250	5.31758	-21.0297	26.3473	0.0243034	0.975697	4.079564	0.37149	0.343795	0.329703	0.264796	0.144695	0.0837725	0.0234716	0	2.309948	1.837107	0.9756966	0.02430339	68.72383
1260	4.29353	-21.7999	26.0934	0.719728	0.280272	7.490021	0.376407	0.343472	0.338565	0.26506	0.146036	0.082657	0.0239122	0	2.563765	1.389676	0.2802722	0.7197278	24.52878
1270	3.669	-21.5259	25.1949	0.0368972	0.963103	2.262805	0.369494	0.351652	0.337834	0.267623	0.144758	0.0865923	0.0236013	0	3.462293	1.3055	0.9631028	0.03689717	20.20692
1280	5.29788	-20.2333	25.5312	0.0283663	0.971634	5.257068	0.367583	0.353005	0.324816	0.267777	0.146492	0.0868016	0.0239143	0	3.126015	1.551058	0.9716337	0.02836631	35.5679
1290	3.93578	-22.282	26.2178	0.746862	0.253138	2.612217	0.3708	0.348259	0.332356	0.255883	0.146001	0.0845458	0.0239213	0	2.439435	1.443688	0.2531383	0.7468617	27.77719
1300	4.39217	-20.1948	24.587	0.893474	0.106526	9.190891	0.368179	0.350222	0.334211	0.256366	0.142157	0.0830174	0.0236505	0	4.070217	1.698621	0.1065257	0.8934743	49.95978
1310	6.13358	-20.0094	26.143	0.570179	0.429821	8.164552	0.373338	0.349411	0.331867	0.25639	0.143078	0.0827322	0.0232837	0	2.514189	1.901191	0.4298213	0.5701787	79.65103
1320	5.78738	-20.1438	25.9312	0.180975	0.819025	5.411269	0.372598	0.342195	0.329876	0.265065	0.143028	0.0828193	0.0229011	0	2.725994	1.767316	0.8190249	0.1809751	58.52163
1330	4.28419	-19.7289	24.013	0.399193	0.600807	9.560252	0.375678	0.344808	0.330684	0.261299	0.146232	0.0857032	0.0228841	0	4.64416	1.870865	0.6008068	0.3991932	74.27874
1340	4.69143	-19.3787	24.0702	0.125652	0.874348	5.04902	0.371116	0.351923	0.331799	0.260193	0.146453	0.0836545	0.0233436	0	4.587026	1.601968	0.8743476	0.1256524	39.99155
1350	3.07601	-19.0761	22.1521	0.552057	0.447943	5.136021	0.371914	0.35164	0.337794	0.259195	0.14453	0.0830575	0.0229512	0	6.505076	1.470613	0.4479426	0.5520574	29.55377
1360	5.43932	-19.5726	25.0119	0.0600793	0.939921	6.996736	0.369465	0.337318	0.3336	0.259384	0.146562	0.0862965	0.0233113	0	3.645273	1.716408	0.9399207	0.06007935	52.04851
1370	6.08276	-19.5174	25.6002	0.033145	0.966855	7.568665	0.37976	0.340884	0.337993	0.266225	0.145594	0.0866422	0.0231691	0	3.057003	1.980797	0.966855	0.03314498	95.6747
1380	6.2271	-20.5241	26.7512	0.55121	0.44879	8.091742	0.383671	0.343602	0.337698	0.263936	0.140252	0.0868466	0.0228868	0	1.906041	1.907007	0.44879	0.55121	80.72488
1390	2.45446	-21.6184	24.0728	0.352985	0.647015	0.9500136	0.379302	0.341578	0.333648	0.255482	0.143344	0.0864782	0.0234021	0	4.584376	1.249824	0.6470148	0.3529852	17.77557
1400	3.02881	-18.5893	21.6182	0.130202	0.869798	7.500518	0.375136	0.335581	0.329909	0.259371	0.143518	0.0839088	0.0232837	0	7.039041	1.969072	0.8697983	0.1302017	93.12622
1410	4.6787	-19.5135	24.1922	0.863105	0.136895	8.923324	0.376525	0.338737	0.333416	0.257096	0.145557	0.0865054	0.0230081	0	4.46498	1.861167	0.1368947	0.8631053	72.6385
1420	5.1095	-19.3042	24.4137	0.858963	0.141037	6.340466	0.375349	0.340132	0.329591	0.256339	0.144838	0.0853488	0.0229131	0	4.24346	1.710995	0.1410371	0.8589629	51.40376
1430	4.10635	-19.0319	23.1382	0.595435	0.404565	4.436141	0.37158	0.338634	0.338023	0.264847	0.144971	0.0854052	0.0231221	0	5.518983	1.720958	0.4045655	0.5954345	52.59668
1440	3.10294	-18.8816	21.9845	0.779035	0.220965	5.15897	0.368884	0.336627	0.336996	0.257658	0.146921	0.0865874	0.0230039	0	6.672688	1.543961	0.2209653	0.7790347	34.99138
1450	5.74073	-19.8349	25.5756	0.978006	0.0219944	5.691948	0.373848	0.342076	0.325113	0.256202	0.144479	0.0852283	0.0234678	0	3.081565	1.762034	0.02199436	0.9780056	57.81411
1460	5.63061	-19.1777	24.8083	0.592151	0.407849	6.531099	0.366725	0.351518	0.333117	0.260584	0.145126	0.0865222	0.0232233	0	3.848908	1.996405	0.4078486	0.5921514	99.17562
1470	5.07951	-19.3486	24.4281	0.930842	0.0691583	7.260728	0.367529	0.350296	0.334209	0.262762	0.141743	0.0867836	0.0228755	0	4.229126	1.74582	0.06915828	0.9308417	55.69544
1480	5.32718	-20.9042	26.2313	0.904601	0.095399	5.401711	0.367282	0.339565	0.338285	0.267709	0.141975	0.084964	0.0231111	0	2.425864	1.56349	0.09539902	0.904601	36.60076
1490	5.54068	-20.2828	25.8235	0.904012	0.0959878	7.56176	0.37636	0.351197	0.333931	0.261189	0.139896	0.0841062	0.023267	0	2.833735	1.676198	0.09598776	0.9040122	47.44582
1500	5.70176	-20.3484	26.0502	0.880269	0.119731	9.516137	0.36761	0.340229	0.335037	0.258204	0.142681	0.0829205	0.0239585	0	2.606993	1.897133	0.1197313	0.8802687	78.91013
1510	5.88202	-21.0312	26.9132	0.102491	0.897509	8.27454	0.376724	0.346376	0.339565	0.266768	0.143136	0.0844403	0.0232517	0	1.744017	1.79498	0.897509	0.102491	62.37066
1520	2.71259	-23.7756	26.4882	0.469056	0.530944	8.929768	0.371636	0.338311	0.338392	0.261491	0.140979	0.083735	0.0233863	0	2.169043	1.285586	0.5309439	0.4690561	19.30128
1530	3.27922	-18.7403	22.0196	0.162123	0.837877	4.200851	0.374392	0.33938	0.335466	0.262418	0.141509	0.0832262	0.0232175	0	6.637654	1.958806	0.8378766	0.1621234	90.95076
1540	5.99754	-20.0704	26.0679	0.562953	0.437047	8.795841	0.369431	0.347993	0.332755	0.266062	0.140733	0.0827656	0.0233188	0	2.589256	1.91797	0.4370467	0.5629533	82.78851
1550	4.69048	-18.8702	23.5607	0.265419	0.734581	7.1727	0.371574	0.351024	0.327177	0.263025	0.140761	0.0833694	0.0239889	0	5.096485	1.909404	0.7345813	0.2654187	81.17152
1560	4.75048	-21.501	26.2515	0.137695	0.862305	3.596492	0.367562	0.347145	0.32487	0.257683	0.14436	0.0844103	0.0232622	0	2.405682	1.555447	0.8623052	0.1376948	35.92919
1570	4.26251	-18.7435	23.006	0.257006	0.742994	5.470109	0.37813	0.342752	0.335644	0.255608	0.143938	0.0849017	0.023553	0	5.651239	1.94597	0.7429935	0.2570065	88.30197
1580	5.48318	-20.8461	26.3293	0.976552	0.0234478	5.310607	0.384311	0.347571	0.333579	0.258091	0.143297	0.0825536	0.023402	0	2.327949	1.627872	0.02344783	0.9765522	42.44944
1590	5.40937	-19.6631	25.0724	0.124314	0.875686	4.915809	0.375652	0.352452	0.325822	0.262274	0.146131	0.0844535	0.0236035	0	3.584765	1.775391	0.8756859	0.1243141	59.6198
1600	5.00646	-22.6164	27.6229	0.820353	0.179647	5.975252	0.37232	0.344823	0.328571	0.264819	0.146869	0.0868199	0.0232171	0	1.034302	1.876977	0.1796471	0.8203529	75.33158
1610	5.92615	-19.4896	25.4158	0.688189	0.311811	6.511257	0.375891	0.336981	0.324853	0.264728	0.143436	0.0847127	0.0235124	0	3.241423	1.903288	0.3118109	0.6881891	80.03654
1620	2.46281	-21.1174	23.5803	0.9875	0.0124997	9.88392	0.37843	0.342902	0.324482	0.265185	0.139858	0.0862717	0.0239667	0	5.076949	1.521247	0.01249969	0.9875003	33.20833
1630	5.83082	-21.4997	27.3305	0.732696	0.267304	7.46581	0.381249	0.345621	0.323727	0.267554	0.143476	0.0865541	0.0238473	0	1.326667	1.858566	0.2673043	0.7326957	72.20481
1640	4.90924	-22.2715	27.1807	0.136609	0.863391	9.692584	0.384851	0.337055	0.327672	0.268573	0.141839	0.0842166	0.0237765	0	1.476486	1.706069	0.8633908	0.1366092	50.82403
1650	6.03373	-20.9959	27.0296	0.527608	0.472392	6.397446	0.370887	0.345562	0.336369	0.2683	0.14148	0.0860715	0.0238909	0	1.627574	1.897804	0.4723922	0.5276078	79.03212
1660	6.01822	-20.2738	26.292	0.182056	0.817944	5.572144	0.368135	0.345585	0.333889	0.266532	0.140834	0.0856765	0.0236748	0	2.365172	1.914138	0.8179442	0.1820558	82.06117
1670	4.48917	-20.8692	25.3584	0.603418	0.396582	5.160657	0.374169	0.349909	0.338561	0.268015	0.142871	0.0852531	0.0237435	0	3.298792	1.338676	0.3965819	0.6034181	21.81102
1680	6.27346	-20.0143	26.2878	0.983072	0.0169281	8.228289	0.383476	0.342986	0.333661	0.263842	0.143371	0.0867236	0.0236036	0	2.369444	1.966793	0.01692814	0.9830719	92.63891
1690	4.43752	-19.846	24.2836	0.31255	0.68745	5.557765	0.381831	0.337072	0.326892	0.259058	0.145873	0.0837617	0.0235396	0	4.373632	1.445667	0.6874503	0.3125497	27.90401
1700	5.74574	-20.2667	26.0125	0.784231	0.215769	9.499972	0.385195	0.339723	0.328915	0.261647	0.145106	0.0833169	0.0233788	0	2.644722	1.922804	0.2157688	0.7842312	83.71508
1710	5.7646	-20.6524	26.417	0.0797632	0.920237	4.838211	0.376389	0.351517	0.338082	0.257932	0.146974	0.0834467	0.0239584	0	2.24017	1.995314	0.9202368	0.07976321	98.92689
1720	5.44717	-20.2094	25.6566	0.907658	0.0923423	4.985576	0.376162	0.342047	0.331316	0.258377	0.143988	0.0825671	0.0238607	0	3.000614	1.649514	0.0923423	0.9076577	44.61841
1730	5.76362	-19.6201	25.3838	0.31038	0.68962	5.386804	0.379272	0.348365	0.337348	0.260912	0.142668	0.0852458	0.023539	0	3.273452	1.995115	0.6896204	0.3103796	98.88151
1740	4.13768	-19.8102	23.9478	0.357647	0.642353	3.043238	0.381624	0.34685	0.335123	0.267742	0.144481	0.0868527	0.0230532	0	4.709356	1.800091	0.6423531	0.3576469	63.10894
1750	3.9677	-18.9491	22.9168	0.950726	0.0492738	6.118709	0.380203	0.353018	0.334009	0.266456	0.14665	0.0845917	0.0237525	0	5.74037	1.643963	0.04927379	0.9507262	44.05169
1760	3.86746	-20.1367	24.0042	0.0523958	0.947604	2.481237	0.375215	0.346625	0.329229	0.26603	0.144201	0.0864541	0.0235696	0	4.653035	1.937977	0.9476042	0.05239579	86.69165
1770	4.47886	-19.445	23.9239	0.582802	0.417198	6.97283	0.382848	0.340411	0.323176	0.264859	0.146932	0.08637	0.0240047	0	4.733314	1.603906	0.4171982	0.5828018	40.17035
1780	4.43203	-20.266	24.698	0.506896	0.493104	5.147646	0.377157	0.340446	0.327881	0.265429	0.146885	0.0843529	0.0236523	0	3.959181	1.379461	0.493104	0.506896	23.95856
1790	4.92354	-22.8981	27.8216	0.018045	0.981955	7.11314	0.375551	0.340925	0.326902	0.261689	0.143208	0.0851962	0.0239059	0	0.835577	1.884002	0.981955	0.01804502	76.56002
1800	2.99145	-21.6735	24.6649	0.355913	0.644087	11.9201	0.374137	0.340789	0.331984	0.264583	0.143038	0.0867583	0.0229552	0	3.992283	1.787919	0.6440873	0.3559127	61.3648
1810	3.75761	-20.4211	24.1787	0.452612	0.547388	5.764938	0.382802	0.341297	0.333701	0.264299	0.146704	0.085172	0.0231617	0	4.478499	1.300974	0.5473879	0.4526121	19.99744
1820	5.90492	-19.7911	25.696	0.365875	0.634125	8.784767	0.381308	0.347196	0.332871	0.264376	0.143513	0.0865704	0.0232495	0	2.961165	1.960558	0.6341251	0.3658749	91.31831
1830	2.35064	-19.2806	21.6313	0.0745114	0.925489	4.19355	0.371148	0.35011	0.325242	0.261254	0.144179	0.0847267	0.0229387	0	7.025945	1.321445	0.9254886	0.07451139	20.96261
1840	5.32374	-19.5566	24.8803	0.629178	0.370822	4.674787	0.376487	0.346704	0.324532	0.259356	0.144045	0.0825451	0.0237394	0	3.776856	1.993928	0.3708218	0.6291782	98.61171
1850	4.24311	-23.6683	27.9114	0.381778	0.618222	10.77297	0.3698	0.342438	0.331	0.262601	0.143425	0.0840654	0.0235346	0	0.7457878	1.910465	0.618222	0.381778	81.37014
1860	3.81372	-23.8687	27.6824	0.101755	0.898245	9.419852	0.379897	0.348943	0.333348	0.263687	0.143293	0.0827764	0.0230411	0	0.974783	1.615485	0.8982445	0.1017555	41.25582
1870	3.57558	-23.5499	27.1254	0.784463	0.215537	2.615014	0.374552	0.337962	0.337824	0.261348	0.140877	0.0827116	0.0232563	0	1.531776	1.995767	0.215537	0.784463	99.03016
1880	5.9897	-20.7463	26.736	0.823541	0.176459	8.358024	0.371061	0.342231	0.336842	0.261452	0.141208	0.0827996	0.0236378	0	1.921161	1.831199	0.1764593	0.8235407	67.7952
1890	5.54057	-22.0235	27.5641	0.983685	0.0163147	8.901031	0.371925	0.339412	0.327679	0.258629	0.142439	0.0840515	0.0230972	0	1.093109	1.91087	0.01631472	0.9836853	81.44608
1900	4.18573	-19.5904	23.7761	0.990776	0.00922368	7.149616	0.369307	0.351611	0.329089	0.258438	0.141777	0.0846189	0.0237007	0	4.881079	1.564279	0.009223683	0.9907763	36.6673
1910	1.09472	-23.4976	24.5923	0.967706	0.0322937	12.51752	0.373358	0.34907	0.326815	0.257943	0.143914	0.0837476	0.0233123	0	4.064897	1.542041	0.03229368	0.9677063	34.83703
1920	3.96823	-21.2522	25.2205	0.232305	0.767695	11.51175	0.370134	0.349662	0.323662	0.256366	0.146159	0.084481	0.0237638	0	3.436738	1.848603	0.7676946	0.2323054	70.56728
1930	2.99623	-24.7346	27.7309	0.309126	0.690874	3.917559	0.373842	0.348535	0.328285	0.265574	0.146233	0.0845147	0.0238573	0	0.9263493	1.693669	0.690874	0.309126	49.3934
1940	4.86012	-19.3458	24.2059	0.956613	0.0433873	8.207621	0.383399	0.33873	0.327042	0.265051	0.144774	0.0828421	0.0239523	0	4.451272	1.817444	0.04338727	0.9566127	65.68168
1950	4.8015	-19.8079	24.6094	0.43894	0.56106	5.583245	0.371889	0.342108	0.338593	0.265933	0.141739	0.0839766	0.0238013	0	4.047772	1.509148	0.5610601	0.4389399	32.29598
1960	5.03102	-21.4294	26.4604	0.183391	0.816609	4.063716	0.375305	0.339051	0.339678	0.262935	0.146737	0.0846118	0.0238603	0	2.196766	1.618049	0.8166087	0.1833913	41.50007
1970	5.33395	-19.2303	24.5643	0.20748	0.79252	5.553995	0.369049	0.335717	0.335915	0.258668	0.146645	0.0836098	0.0235648	0	4.09293	1.860151	0.7925204	0.2074796	72.46884
1980	4.7953	-18.977	23.7723	0.280811	0.719189	7.070956	0.3775	0.342846	0.331475	0.255872	0.143107	0.0839838	0.0238252	0	4.884915	1.826788	0.7191887	0.2808113	67.11009
1990	5.22307	-19.3045	24.5276	0.028019	0.971981	4.976297	0.368062	0.350681	0.330492	0.256958	0.145581	0.0834843	0.0237418	0	4.129586	1.990652	0.971981	0.02801902	97.87051
2000	5.91886	-21.5458	27.4646	0.322134	0.677866	9.000878	0.36884	0.338792	0.325256	0.259764	0.146214	0.083676	0.0234871	0	1.192586	1.974535	0.6778659	0.3221341	94.30503
2010	4.58821	-22.6644	27.2526	0.0493469	0.950653	9.706322	0.378828	0.336004	0.326943	0.263919	0.146954	0.0828627	0.0240425	0	1.404612	1.648014	0.9506531	0.04934693	44.46453
2020	4.75032	-22.9612	27.7115	0.692134	0.307866	9.016928	0.377546	0.337207	0.327716	0.261731	0.142258	0.0829782	0.0238097	0	0.9456938	1.792992	0.307866	0.692134	62.08576
2030	4.89497	-18.8964	23.7914	0.194457	0.805543	6.253599	0.375273	0.339814	0.325068	0.26671	0.141001	0.0833051	0.0235902	0	4.865835	1.891574	0.8055432	0.1944568	77.90651
2040	3.8838	-20.7226	24.6064	0.0017394	0.998261	2.134505	0.384142	0.345617	0.333368	0.261798	0.14132	0.0842458	0.0238888	0	4.050834	1.925292	0.9982606	0.001739401	84.19612
2050	5.6471	-19.8096	25.4567	0.00617973	0.99382	9.288411	0.384294	0.344486	0.325058	0.260737	0.141178	0.0851163	0.0237557	0	3.200483	1.978764	0.9938203	0.006179728	95.22783
2060	5.82797	-20.5685	26.3964	0.119025	0.880975	6.187151	0.382572	0.348933	0.325831	0.261237	0.143938	0.0864804	0.0238154	0	2.260761	1.694614	0.8809748	0.1190252	49.501
2070	6.24321	-19.9352	26.1784	0.408941	0.591059	6.587955	0.3783	0.340272	0.323529	0.258638	0.140059	0.0868611	0.0234493	0	2.478781	1.948212	0.5910589	0.4089411	88.75888
2080	4.61808	-20.0547	24.6728	0.515118	0.484882	3.267112	0.381873	0.33842	0.327497	0.259777	0.140098	0.0848941	0.0233535	0	3.98445	1.911197	0.4848818	0.5151182	81.50743
2090	5.64928	-20.7785	26.4278	0.136442	0.863558	5.115713	0.367092	0.336289	0.330794	0.256179	0.143287	0.0845687	0.0230982	0	2.229413	1.729713	0.8635584	0.1364416	53.66769
2100	4.44105	-22.4815	26.9225	0.0228734	0.977127	3.348411	0.36705	0.343566	0.336485	0.258516	0.142225	0.0850925	0.0232369	0	1.734659	1.800977	0.9771266	0.02287341	63.23784
2110	0.575493	-27.0762	27.6517	0.262821	0.737179	1.997397	0.368187	0.347793	0.336449	0.257078	0.140146	0.086636	0.02319	0	1.005481	1.313125	0.7371791	0.2628209	20.56483
2120	-4.00788	-23.0057	18.9979	0.944825	0.0551745	3.121319	0.367139	0.348927	0.324387	0.255609	0.146106	0.0866712	0.0228913	0	9.65934	0.5178204	0.0551745	0.9448255	3.294734
2130	5.88654	-20.1144	26.001	0.14845	0.85155	5.235019	0.370036	0.33976	0.325268	0.263642	0.14524	0.0835144	0.0231957	0	2.656239	1.923206	0.8515497	0.1484503	83.79258
2140	4.71083	-20.9168	25.6277	0.998074	0.00192559	3.105709	0.381823	0.338241	0.324297	0.260628	0.142582	0.0827184	0.0233934	0	3.029547	1.725077	0.001925595	0.9980744	53.0979
2150	5.4962	-19.1255	24.6217	0.33065	0.66935	6.366764	0.385353	0.341485	0.324666	0.267551	0.141252	0.0827081	0.0237205	0	4.035461	1.968514	0.6693498	0.3306502	93.00675
2160	6.20818	-20.9532	27.1614	0.0691129	0.930887	7.351463	0.384492	0.341884	0.325804	0.263214	0.142015	0.0839453	0.0234604	0	1.495801	1.955033	0.9308871	0.06911291	90.16387
2170	3.78179	-18.6181	22.3999	0.86323	0.13677	5.623406	0.378188	0.335624	0.324473	0.255305	0.139732	0.0856045	0.0236078	0	6.257325	1.861775	0.1367703	0.8632297	72.74026
2180	5.59094	-20.6782	26.2692	0.109529	0.890471	7.676525	0.366982	0.343946	0.323639	0.260587	0.142665	0.0857476	0.0228994	0	2.38803	1.661671	0.8904706	0.1095294	45.88499
2190	1.50069	-23.6747	25.1754	0.305239	0.694761	2.60302	0.369551	0.336989	0.32299	0.259907	0.139805	0.0859323	0.0231463	0	3.481816	0.7492431	0.694761	0.305239	5.613621
2200	4.33264	-21.1957	25.5284	0.590979	0.409021	5.075489	0.374869	0.338695	0.333285	0.26512	0.14256	0.086246	0.0230142	0	3.128846	1.301264	0.4090214	0.5909786	20.01076
2210	2.08809	-20.0663	22.1544	0.134414	0.865586	2.640912	0.385787	0.337632	0.338771	0.268669	0.14379	0.0827087	0.0235756	0	6.502783	1.137132	0.865586	0.134414	13.71299
2220	3.40622	-20.0165	23.4228	0.748536	0.251464	9.364022	0.37386	0.34396	0.330982	0.255485	0.143844	0.08273	0.0236411	0	5.234451	1.686949	0.2514639	0.7485361	48.63497
2230	6.06621	-19.5736	25.6398	0.938958	0.0610419	7.914538	0.384012	0.337647	0.326712	0.263165	0.144116	0.0845991	0.0237773	0	3.017401	1.985392	0.06104194	0.9389581	96.69234
2240	5.98723	-19.6299	25.6171	0.0526194	0.947381	6.205926	0.382043	0.347458	0.328757	0.26731	0.142459	0.0856121	0.0234765	0	3.040104	1.897168	0.9473806	0.05261943	78.91653
2250	1.85561	-23.5767	25.4323	0.823625	0.176375	1.590585	0.385566	0.347101	0.336919	0.267584	0.145892	0.0855996	0.0239617	0	3.224868	0.8872716	0.1763748	0.8236252	7.713857
2260	4.49577	-21.5318	26.0276	0.254785	0.745215	3.109589	0.37497	0.335632	0.334545	0.264251	0.141892	0.0847079	0.0229721	0	2.629607	1.541227	0.7452148	0.2547852	34.77177
2270	3.20893	-22.1505	25.3594	0.423153	0.576847	1.210156	0.37255	0.33833	0.337547	0.26507	0.141184	0.0868536	0.0229656	0	3.297784	1.772863	0.5768473	0.4231527	59.27384
2280	1.72196	-23.0619	24.7839	0.316599	0.683401	0.9039809	0.381045	0.345654	0.329894	0.259135	0.141389	0.0827065	0.0232656	0	3.873332	0.8842466	0.6834012	0.3165988	7.660315
2290	3.35421	-22.199	25.5532	0.0806084	0.919392	1.407493	0.373027	0.344149	0.335078	0.258336	0.139723	0.0860407	0.0237439	0	3.103963	1.654901	0.9193916	0.08060836	45.1753
2300	3.20994	-22.6033	25.8132	0.810713	0.189287	1.331149	0.380331	0.351071	0.338569	0.264048	0.139902	0.082817	0.0237221	0	2.843971	1.628022	0.1892869	0.8107131	42.46408
2310	2.00607	-20.3371	22.3432	0.300102	0.699898	1.116765	0.379346	0.348058	0.337794	0.266591	0.144572	0.0825646	0.0232393	0	6.314004	1.5339	0.6998976	0.3001024	34.19011
2320	6.34709	-20.363	26.7101	0.467625	0.532375	6.964209	0.382403	0.337333	0.338831	0.267145	0.14696	0.0838193	0.0234349	0	1.947119	1.97761	0.532375	0.467625	94.97519
2330	5.80612	-21.424	27.2301	0.909918	0.0900824	7.553269	0.36657	0.339926	0.339197	0.263715	0.144412	0.0837988	0.0233883	0	1.427133	1.822318	0.09008243	0.9099176	66.42287
2340	1.28483	-26.6254	27.9102	0.887485	0.112515	2.888708	0.375745	0.341171	0.329616	0.261539	0.146764	0.0844932	0.0228757	0	0.746959	1.914189	0.1125151	0.8874849	82.07079
2350	4.97361	-19.4613	24.4349	0.615604	0.384396	4.389413	0.376818	0.339674	0.324596	0.260462	0.139846	0.0853883	0.0231649	0	4.222311	1.854804	0.3843957	0.6156043	71.58204
2360	3.92538	-24.0611	27.9865	0.0188442	0.981156	6.715031	0.366718	0.348555	0.328095	0.262873	0.141553	0.0866616	0.0238771	0	0.6707246	1.81512	0.9811558	0.01884418	65.33115
2370	6.09498	-21.2169	27.3119	0.615078	0.384922	9.113381	0.370976	0.346086	0.324534	0.263872	0.142247	0.0868671	0.0239881	0	1.34535	1.998175	0.3849215	0.6150785	99.58063
2380	5.73599	-20.0448	25.7808	0.581958	0.418042	5.425444	0.385464	0.347784	0.325634	0.26158	0.141607	0.0859755	0.0233754	0	2.876399	1.750446	0.4180424	0.5819576	56.29187
2390	5.82744	-21.739	27.5665	0.845094	0.154906	8.567303	0.371993	0.346434	0.330776	0.256256	0.146475	0.0867062	0.022955	0	1.090744	1.985186	0.1549061	0.8450939	96.6465
2400	5.87181	-20.6447	26.5165	0.674277	0.325723	5.976912	0.37537	0.346381	0.333138	0.257984	0.144675	0.0845115	0.0233242	0	2.140723	1.751129	0.3257232	0.6742768	56.38045
2410	5.54086	-19.2264	24.7673	0.715336	0.284664	6.088245	0.372783	0.350221	0.339932	0.262848	0.145479	0.0854107	0.0240242	0	3.889954	1.903757	0.2846639	0.7153361	80.12304
2420	3.18149	-18.9176	22.0991	0.509725	0.490275	4.868756	0.375615	0.343344	0.328217	0.262014	0.144028	0.0847008	0.0238044	0	6.558087	1.529649	0.4902748	0.5097252	33.85707
2430	3.41118	-22.4222	25.8333	0.56036	0.43964	11.32376	0.378331	0.344387	0.324785	0.263581	0.14481	0.0856425	0.0237738	0	2.823864	1.628664	0.4396402	0.5603598	42.52694
2440	4.45912	-19.193	23.6521	0.513577	0.486423	4.778294	0.383215	0.350551	0.323413	0.258349	0.146854	0.0860873	0.023383	0	5.005082	1.652723	0.4864228	0.5135772	44.94926
2450	5.27756	-20.6115	25.8891	0.965248	0.0347525	3.900099	0.381972	0.351533	0.3304	0.258395	0.143253	0.0849185	0.0231467	0	2.768106	1.905753	0.03475249	0.9652475	80.49201
2460	2.68467	-22.8802	25.5649	0.314599	0.685401	0.7538408	0.382915	0.34749	0.327488	0.261592	0.143781	0.0863086	0.0230305	0	3.09231	1.638223	0.6854008	0.3145992	43.47331
2470	4.22858	-19.3973	23.6259	0.360934	0.639066	6.359052	0.383976	0.341891	0.327389	0.261128	0.14535	0.0847723	0.0228873	0	5.031291	1.553182	0.6390658	0.3609342	35.74226
2480	-0.476476	-27.6422	27.1658	0.872675	0.127325	14.00896	0.380896	0.343853	0.330737	0.265732	0.145454	0.0858593	0.0231941	0	1.491448	1.489508	0.1273254	0.8726746	30.86798
2490	4.31149	-20.9744	25.2859	0.981591	0.0184086	6.019032	0.378382	0.349545	0.323715	0.261848	0.142427	0.0863666	0.0234977	0	3.371303	1.339278	0.01840858	0.9815914	21.84126
2500	4.00229	-21.2335	25.2358	0.437197	0.562803	2.777809	0.375588	0.341708	0.334054	0.261362	0.143774	0.0834122	0.0232317	0	3.421442	1.356526	0.5628031	0.4371969	22.72615
2510	5.38789	-20.9596	26.3475	0.674443	0.325557	8.298552	0.381156	0.349323	0.334675	0.262486	0.142676	0.0865359	0.0239758	0	2.309719	1.655358	0.3255573	0.6744427	45.22287
2520	6.00229	-20.0256	26.0279	0.604756	0.395244	7.838388	0.377354	0.337671	0.339122	0.266895	0.146582	0.0850678	0.0237171	0	2.629287	1.826065	0.3952444	0.6047556	66.99846
2530	3.23376	-20.7114	23.9452	0.580353	0.419647	10.98231	0.378235	0.341639	0.333578	0.267079	0.146479	0.0865317	0.0234896	0	4.712028	1.814681	0.4196466	0.5803534	65.2651
2540	4.221	-19.7686	23.9896	0.0952009	0.904799	4.946132	0.373581	0.348315	0.339037	0.256182	0.146466	0.0828513	0.0234398	0	4.667578	1.415917	0.9047991	0.09520086	26.05654
2550	3.27506	-18.6109	21.8859	0.0687215	0.931278	5.731018	0.374577	0.351538	0.331517	0.260246	0.145217	0.0830414	0.0232841	0	6.771272	1.713928	0.9312785	0.06872153	51.75216
2560	3.78439	-18.6807	22.4651	0.450674	0.549326	5.824242	0.374975	0.346625	0.335166	0.258521	0.143992	0.0853857	0.0228734	0	6.192085	1.762631	0.5493263	0.4506737	57.89363
2570	5.14447	-20.4414	25.5858	0.816966	0.183034	7.740273	0.374226	0.340252	0.335202	0.25748	0.143736	0.0866964	0.0229868	0	3.071356	1.605514	0.1830337	0.8169663	40.31938
2580	3.47032	-21.9177	25.388	0.852196	0.147804	12.06929	0.374814	0.341099	0.335932	0.264598	0.146026	0.0844302	0.0234564	0	3.269214	1.80752	0.1478038	0.8521962	64.19782
2590	4.41544	-22.4421	26.8575	0.0272225	0.972778	5.247943	0.381233	0.341407	0.33205	0.26009	0.146574	0.0826077	0.0238984	0	1.799708	1.347564	0.9727775	0.02722247	22.26198
2600	5.2979	-19.3404	24.6383	0.821819	0.178181	5.049631	0.384358	0.342401	0.334957	0.255924	0.139751	0.0832955	0.0234078	0	4.018916	1.944401	0.1781807	0.8218193	87.98347
2610	5.84648	-20.1207	25.9672	0.233573	0.766427	5.63799	0.377138	0.344178	0.329737	0.256093	0.142948	0.0831009	0.0235267	0	2.689974	1.764946	0.7664269	0.2335731	58.2031
2620	4.31591	-20.5376	24.8535	0.789016	0.210984	10.23049	0.375455	0.345259	0.327051	0.260243	0.14478	0.0826661	0.0234596	0	3.803695	1.787859	0.2109836	0.7890164	61.35634
2630	5.28409	-20.3536	25.6377	0.869973	0.130027	5.725646	0.36779	0.335836	0.337165	0.258859	0.14551	0.0843606	0.0234569	0	3.019474	1.549695	0.1300274	0.8699726	35.45645
2640	4.51855	-22.5882	27.1067	0.738405	0.261595	3.879075	0.381021	0.350385	0.331604	0.255345	0.14247	0.0855466	0.0237806	0	1.550492	1.722074	0.2615952	0.7384048	52.73191
2650	3.49479	-23.3741	26.8689	0.193017	0.806983	2.713838	0.381256	0.346005	0.339033	0.257997	0.144274	0.0867879	0.0232498	0	1.788315	1.439827	0.8069833	0.1930167	27.53132
2660	2.77741	-22.4384	25.2158	0.0313006	0.968699	0.8204444	0.37874	0.339052	0.33148	0.255913	0.146065	0.0866625	0.0230965	0	3.441378	1.569321	0.9686994	0.0313006	37.0955
2670	1.04768	-20.5949	21.6426	0.904926	0.0950742	1.273278	0.378647	0.338324	0.333601	0.256377	0.142603	0.0858287	0.0235071	0	7.014608	1.04148	0.0950742	0.9049258	11.00221
2680	5.24959	-19.7386	24.9882	0.752566	0.247434	8.440104	0.3764	0.344241	0.33396	0.262277	0.142004	0.0839687	0.0230545	0	3.668994	1.793324	0.2474337	0.7525663	62.13327
2690	4.85887	-20.0877	24.9466	0.3175	0.6825	4.073848	0.385628	0.344197	0.335309	0.25689	0.141717	0.0846335	0.0231638	0	3.710614	1.570766	0.6825001	0.3174999	37.21914
2700	4.09402	-21.6309	25.7249	0.284898	0.715102	2.719409	0.375923	0.346371	0.32926	0.257461	0.140444	0.0855449	0.0230825	0	2.932258	1.412419	0.7151018	0.2848982	25.84753
2710	4.25705	-18.8204	23.0774	0.56636	0.43364	7.282702	0.374548	0.339492	0.33459	0.26366	0.140755	0.0858689	0.0228765	0	5.579783	1.865696	0.4336399	0.5663601	73.39999
2720	2.91642	-19.9299	22.8464	0.521144	0.478856	8.503218	0.370883	0.344467	0.339846	0.260776	0.146408	0.0860568	0.0231447	0	5.810853	1.559399	0.4788564	0.5211436	36.25762
2730	5.73236	-19.6407	25.373	0.45672	0.54328	6.221803	0.376511	0.349712	0.337977	0.268413	0.140155	0.085547	0.023736	0	3.284157	1.764484	0.54328	0.45672	58.14127
2740	6.15464	-19.9232	26.0778	0.696571	0.303429	7.300423	0.382883	0.351023	0.33901	0.25819	0.143769	0.0861493	0.0240313	0	2.579359	1.866407	0.303429	0.696571	73.5202
2750	3.7461	-21.2721	25.0182	0.559824	0.440176	10.30941	0.380196	0.352168	0.327683	0.261521	0.142307	0.0861221	0.0236732	0	3.638955	1.635183	0.4401756	0.5598244	43.17009
2760	5.52031	-21.9896	27.5099	0.705649	0.294351	8.311614	0.379383	0.342265	0.3274	0.260802	0.143882	0.0849469	0.0234069	0	1.147347	1.8514	0.294351	0.705649	71.02321
2770	4.11245	-20.6494	24.7618	0.457101	0.542899	5.519883	0.379592	0.348029	0.330586	0.259584	0.144292	0.0830192	0.0230645	0	3.89538	1.308869	0.5428988	0.4571012	20.36428
2780	5.57501	-20.7656	26.3406	0.485347	0.514653	9.823938	0.373706	0.344801	0.33793	0.2573	0.143203	0.0826243	0.0229103	0	2.316596	1.870264	0.5146533	0.4853467	74.17607
2790	5.69479	-21.0414	26.7362	0.692008	0.307992	7.99352	0.371553	0.34344	0.329076	0.258002	0.142321	0.0833589	0.0234843	0	1.920976	1.723569	0.3079915	0.6920085	52.91382
2800	2.71225	-20.5494	23.2616	0.16014	0.83986	2.020203	0.379036	0.352751	0.328283	0.268659	0.140536	0.084918	0.023668	0	5.395567	1.211388	0.8398595	0.1601405	16.27003
2810	5.88602	-19.673	25.559	0.594916	0.405084	6.103624	0.380326	0.346663	0.339486	0.266768	0.139932	0.0865271	0.0237284	0	3.098168	1.831794	0.4050845	0.5949155	67.88816
2820	3.14095	-23.3217	26.4627	0.22441	0.77559	3.472306	0.373335	0.347704	0.33843	0.261556	0.142745	0.0844471	0.0233779	0	2.19453	1.081377	0.7755896	0.2244104	12.06084
2830	4.8095	-18.9002	23.7097	0.942852	0.0571483	6.872734	0.381558	0.348141	0.325828	0.264177	0.144944	0.0846216	0.0240387	0	4.947517	1.880103	0.05714832	0.9428517	75.87576
2840	4.62999	-22.3835	27.0135	0.147655	0.852345	6.451605	0.384198	0.346543	0.334459	0.266077	0.145952	0.0828067	0.0240111	0	1.64368	1.436533	0.8523455	0.1476545	27.32326
2850	5.18807	-20.6537	25.8418	0.166925	0.833075	5.110847	0.37844	0.351245	0.326887	0.260198	0.144014	0.0828786	0.0233635	0	2.815443	1.508008	0.8330751	0.1669249	32.21127
2860	3.99039	-18.6672	22.6576	0.42739	0.57261	6.315234	0.381112	0.336568	0.336651	0.261754	0.14586	0.0830699	0.0237016	0	5.999579	1.839517	0.5726096	0.4273904	69.10621
2870	6.30787	-19.9096	26.2175	0.0205624	0.979438	8.142803	0.379564	0.344984	0.334107	0.266848	0.146176	0.0828494	0.0236047	0	2.439691	1.989937	0.9794376	0.02056241	97.70955
2880	4.83543	-22.5622	27.3976	0.199024	0.800976	5.32134	0.37098	0.337022	0.33325	0.261744	0.142464	0.0836896	0.0233632	0	1.259614	1.695806	0.8009765	0.1990235	49.63711
2890	3.16211	-23.8998	27.0619	0.356075	0.643925	4.973672	0.377855	0.341942	0.327326	0.256835	0.142557	0.0863171	0.0238625	0	1.595326	1.176002	0.6439246	0.3560754	14.99692
2900	4.57975	-21.649	26.2288	0.401422	0.598578	4.177376	0.37934	0.353071	0.324641	0.266975	0.14043	0.0863251	0.0236883	0	2.428436	1.388085	0.5985779	0.4014221	24.43911
2910	6.21919	-19.7911	26.0103	0.318734	0.681266	7.601863	0.384646	0.339982	0.324389	0.265932	0.140523	0.0840412	0.0239657	0	2.646912	1.935664	0.6812661	0.3187339	86.23117
2920	6.00935	-20.4063	26.4156	0.375646	0.624354	9.317125	0.383263	0.336589	0.330082	0.263521	0.140692	0.0847871	0.0231827	0	2.241565	1.943758	0.6243535	0.3756465	87.85319
2930	1.94482	-18.5114	20.4562	0.163639	0.836361	6.138803	0.381474	0.352034	0.337599	0.257136	0.139732	0.0861615	0.0229658	0	8.20103	1.651592	0.8363607	0.1636393	44.83236
2940	5.88247	-21.5537	27.4361	0.868418	0.131582	7.072614	0.378174	0.337244	0.335372	0.255432	0.141575	0.0846923	0.0233393	0	1.221086	1.965506	0.1315818	0.8684182	92.36479
2950	4.44015	-20.9217	25.3618	0.267843	0.732157	2.65584	0.380112	0.33928	0.334503	0.258081	0.142105	0.0836867	0.0228717	0	3.295374	1.901433	0.732157	0.267843	79.69533
2960	4.77641	-18.9884	23.7648	0.112581	0.887419	5.720315	0.384739	0.347854	0.338768	0.266035	0.14203	0.0850334	0.0240343	0	4.89238	1.771227	0.8874191	0.1125809	59.05092
2970	5.67442	-20.2172	25.8916	0.933063	0.066937	7.064531	0.367979	0.347167	0.335742	0.264279	0.146247	0.0846406	0.0239392	0	2.765555	1.677064	0.06693702	0.933063	47.54056
2980	2.95987	-19.4866	22.4465	0.473114	0.526886	8.810933	0.368888	0.347389	0.338314	0.258687	0.143446	0.0846221	0.0230992	0	6.210737	1.711391	0.5268857	0.4731143	51.45066
2990	2.10282	-24.6147	26.7175	0.434181	0.565819	0.9422815	0.370473	0.346411	0.329674	0.257442	0.141572	0.0827416	0.0232701	0	1.939707	1.622554	0.565819	0.434181	41.93282
3000	4.39886	-20.5152	24.914	0.969885	0.030115	3.182497	0.366873	0.33794	0.33298	0.263955	0.140503	0.0832181	0.0232974	0	3.74317	1.511561	0.03011499	0.969885	32.47586
3010	2.54177	-20.9256	23.4674	0.351842	0.648158	0.9883209	0.369524	0.336628	0.333221	0.257623	0.139995	0.085551	0.023357	0	5.189829	1.849992	0.6481584	0.3518416	70.79328
3020	6.15083	-21.2037	27.3545	0.445897	0.554103	8.258188	0.378835	0.346474	0.337343	0.26597	0.139745	0.0858139	0.0234299	0	1.302726	1.99763	0.5541029	0.4458971	99.45566
3030	5.84334	-19.6864	25.5297	0.417643	0.582357	6.263629	0.380366	0.352929	0.332007	0.266957	0.139858	0.0849606	0.0235926	0	3.127487	1.794553	0.5823573	0.4176427	62.30927
3040	3.59678	-20.7087	24.3055	0.266373	0.733627	2.809823	0.376041	0.351765	0.335907	0.268651	0.14098	0.0840679	0.0235401	0	4.351718	1.266612	0.7336267	0.2663733	18.47617
3050	5.63161	-19.4033	25.0349	0.759284	0.240716	7.261756	0.381381	0.352844	0.32395	0.266329	0.14386	0.0839902	0.0236854	0	3.622263	1.834856	0.2407158	0.7592842	68.36854
3060	5.05316	-20.3136	25.3668	0.534021	0.465979	3.757266	0.381891	0.351442	0.326697	0.264243	0.14464	0.0830499	0.023232	0	3.290453	1.753758	0.4659788	0.5340212	56.72283
3070	5.20735	-22.6167	27.824	0.832093	0.167907	8.079072	0.381829	0.352726	0.334233	0.264651	0.139783	0.0834584	0.0234646	0	0.8331639	1.96559	0.1679075	0.8320925	92.38264
3080	4.67835	-20.4081	25.0864	0.148229	0.851771	8.960903	0.375218	0.340808	0.338159	0.261702	0.145917	0.0833953	0.0230109	0	3.570792	1.660325	0.8517709	0.1482291	45.74305
3090	4.92917	-20.5429	25.4721	0.886003	0.113997	5.827345	0.37416	0.340698	0.339383	0.260455	0.140814	0.0837015	0.0229732	0	3.185149	1.465801	0.1139975	0.8860025	29.22811
3100	5.98138	-20.1707	26.1521	0.78833	0.21167	7.857722	0.371211	0.337269	0.333685	0.258807	0.140023	0.0839742	0.0237592	0	2.50515	1.806942	0.2116696	0.7883304	64.11239
3110	4.30044	-18.8224	23.1228	0.416231	0.583769	7.362327	0.375585	0.349234	0.339358	0.258699	0.141603	0.0848899	0.023904	0	5.534361	1.886933	0.5837692	0.4162308	77.07847
3120	4.97877	-19.2235	24.2023	0.989886	0.0101142	4.81822	0.371144	0.348923	0.338365	0.257488	0.146901	0.0856193	0.0240055	0	4.454931	1.928311	0.01011423	0.9898858	84.7835
3130	5.16517	-19.0252	24.1903	0.0708966	0.929103	5.906036	0.369688	0.348691	0.331105	0.266254	0.144183	0.0848522	0.0236118	0	4.466877	1.920624	0.9291034	0.07089663	83.29588
3140	2.84874	-19.8777	22.7264	0.860281	0.139719	1.978697	0.376491	0.351717	0.33507	0.266348	0.141118	0.0857776	0.0234019	0	5.930769	1.964881	0.139719	0.860281	92.23194
3150	4.79755	-21.7639	26.5615	0.408836	0.591164	3.381531	0.38443	0.344476	0.339135	0.266678	0.141176	0.0848994	0.0235278	0	2.095736	1.882082	0.5911645	0.4088355	76.22225
3160	5.45777	-20.801	26.2588	0.525641	0.474359	10.14239	0.378604	0.340411	0.339568	0.265258	0.14175	0.0833798	0.0236437	0	2.398423	1.884404	0.4743588	0.5256412	76.63085
3170	0.827451	-21.1026	21.9301	0.0208282	0.979172	12.0501	0.37154	0.338789	0.332979	0.26185	0.142011	0.0827234	0.0236018	0	6.727142	1.869961	0.9791718	0.02082816	74.12438
3180	3.55398	-23.8452	27.3992	0.475939	0.524061	13.18376	0.382533	0.351266	0.334565	0.255941	0.139988	0.0868492	0.0236368	0	1.257989	1.896073	0.5240611	0.4759389	78.71772
3190	5.58696	-19.2445	24.8315	0.599045	0.400955	7.041981	0.383762	0.349445	0.3355	0.256148	0.146346	0.0863151	0.0230809	0	3.825747	1.885542	0.4009549	0.5990451	76.83198
3200	4.10998	-18.8867	22.9967	0.975836	0.0241642	5.972159	0.374931	0.346822	0.329294	0.259127	0.143151	0.0851977	0.0231135	0	5.660478	1.692392	0.02416421	0.9758358	49.24842
3210	4.59889	-22.1428	26.7417	0.653611	0.346389	6.284245	0.385103	0.34791	0.324371	0.256009	0.14138	0.0853379	0.024006	0	1.915505	1.413526	0.3463889	0.6536111	25.91352
3220	5.09898	-22.2776	27.3766	0.886104	0.113896	7.362353	0.385588	0.346445	0.332843	0.256731	0.146175	0.0864105	0.024037	0	1.280578	1.67498	0.1138956	0.8861044	47.31296
3230	3.67483	-18.8695	22.5443	0.492356	0.507644	7.246472	0.380393	0.348501	0.33263	0.257917	0.146097	0.082579	0.023805	0	6.112909	1.742082	0.5076436	0.4923564	55.21815
3240	4.9182	-19.0625	23.9807	0.936654	0.0633462	6.131126	0.380142	0.338754	0.338477	0.261091	0.144447	0.0833803	0.0237176	0	4.676516	1.762127	0.06334625	0.9366538	57.82654
3250	3.10374	-22.5431	25.6469	0.965785	0.0342153	1.257195	0.384189	0.351995	0.337844	0.260172	0.140738	0.0827787	0.0237309	0	3.010317	1.512992	0.03421528	0.9657847	32.58306
3260	2.87971	-18.5881	21.4678	0.010727	0.989273	4.392172	0.384147	0.352109	0.332617	0.257629	0.144409	0.0841006	0.0238768	0	7.189363	1.941429	0.989273	0.01072699	87.38345
3270	2.48649	-20.1177	22.6042	0.0705408	0.929459	6.294917	0.381929	0.351279	0.337418	0.257407	0.144493	0.0835693	0.0239459	0	6.053039	1.263019	0.9294592	0.07054078	18.32395
3280	5.7508	-20.9628	26.7136	0.872977	0.127023	9.001148	0.384759	0.338678	0.331439	0.256918	0.141396	0.0832234	0.0237705	0	1.943569	1.811354	0.1270231	0.8729769	64.76709
3290	5.55378	-21.4585	27.0123	0.90702	0.0929797	6.891931	0.376463	0.339936	0.328587	0.256337	0.140804	0.0834374	0.0239696	0	1.644873	1.686568	0.0929797	0.9070203	48.59236
3300	4.82572	-19.1196	23.9453	0.500217	0.499783	7.842926	0.370992	0.350366	0.325586	0.260248	0.145701	0.0828237	0.0238669	0	4.711855	1.855321	0.4997826	0.5002174	71.66723
3310	5.66837	-19.4034	25.0718	0.161957	0.838043	8.29028	0.38502	0.343856	0.333692	0.256252	0.144657	0.0851909	0.0236547	0	3.585429	1.977338	0.8380431	0.1619569	94.91579
3320	4.84769	-19.5635	24.4112	0.981773	0.018227	4.194902	0.382945	0.33874	0.326173	0.255841	0.14626	0.0844567	0.0228643	0	4.24605	1.754054	0.018227	0.981773	56.76149
3330	2.54139	-22.4943	25.0357	0.60138	0.39862	7.471704	0.3707	0.339637	0.339625	0.256693	0.142353	0.0848613	0.0233271	0	3.62147	1.163805	0.3986195	0.6013805	14.58161
3340	5.46757	-19.235	24.7026	0.95729	0.0427098	6.97938	0.370108	0.339433	0.336603	0.264886	0.145779	0.0866811	0.0230347	0	3.954589	1.849599	0.04270981	0.9572902	70.72918
3350	3.0122	-21.535	24.5472	0.500393	0.499607	6.538922	0.373738	0.33762	0.334551	0.25991	0.142819	0.082584	0.0233367	0	4.109959	1.182975	0.4996067	0.5003933	15.23963
3360	2.47545	-24.2209	26.6964	0.699521	0.300479	1.133217	0.37624	0.351213	0.331962	0.255519	0.14359	0.0834251	0.0232291	0	1.960849	1.945173	0.300479	0.699521	88.13996
3370	5.11583	-19.8409	24.9567	0.89126	0.10874	4.097212	0.370934	0.341878	0.335227	0.261767	0.144578	0.0838403	0.0231625	0	3.700503	1.851798	0.1087404	0.8912596	71.08824
3380	4.30703	-19.1417	23.4488	0.713266	0.286734	4.943915	0.381305	0.349531	0.333581	0.26773	0.141784	0.0840086	0.0231078	0	5.208425	1.62715	0.286734	0.713266	42.3789
3390	3.70828	-20.6255	24.3338	0.758143	0.241857	6.022905	0.379806	0.347609	0.339132	0.268537	0.140906	0.0850915	0.0233544	0	4.323449	1.293496	0.2418575	0.7581425	19.65604
3400	4.74567	-20.201	24.9467	0.510153	0.489847	6.389807	0.375264	0.335741	0.326152	0.264286	0.140635	0.0864734	0.0232033	0	3.710516	1.478333	0.4898473	0.5101527	30.08385
3410	6.16398	-19.7227	25.8867	0.857196	0.142804	7.396596	0.370806	0.341098	0.331016	0.263716	0.141004	0.084698	0.0230407	0	2.770517	1.92925	0.1428042	0.8571958	84.96686
3420	4.24286	-19.8755	24.1184	0.553139	0.446861	3.843094	0.367371	0.342088	0.331539	0.260255	0.146204	0.0856391	0.0231351	0	4.538818	1.468161	0.4468611	0.5531389	29.38742
3430	3.03755	-19.6605	22.6981	0.204185	0.795815	2.711442	0.368516	0.346543	0.335884	0.268009	0.144945	0.0859091	0.0231586	0	5.959117	1.447614	0.7958153	0.2041847	28.02941
3440	4.66776	-19.0266	23.6944	0.0677356	0.932264	5.076943	0.367799	0.350711	0.335335	0.264185	0.143807	0.0845779	0.0239023	0	4.962835	1.796327	0.9322644	0.06773564	62.56431
3450	4.10249	-19.868	23.9705	0.493913	0.506087	3.954787	0.377528	0.33747	0.324901	0.266407	0.145239	0.0860528	0.0235803	0	4.68673	1.419615	0.5060869	0.4939131	26.27939
3460	4.37407	-20.2407	24.6148	0.106244	0.893756	3.123877	0.38348	0.338243	0.33118	0.261316	0.144481	0.0855635	0.023428	0	4.042443	1.57999	0.8937561	0.1062439	38.01807
3470	2.53239	-18.6363	21.1687	0.406267	0.593733	4.184398	0.378241	0.352789	0.336042	0.267993	0.146923	0.0840148	0.0236188	0	7.488482	1.675949	0.5937335	0.4062665	47.41866
3480	5.78114	-21.1541	26.9352	0.768305	0.231695	5.977492	0.372629	0.343067	0.328764	0.26674	0.146028	0.0861007	0.0236413	0	1.721982	1.785748	0.2316948	0.7683052	61.05878
3490	5.39397	-21.717	27.111	0.452326	0.547674	4.839814	0.366911	0.34857	0.337713	0.257183	0.14395	0.0848187	0.0236966	0	1.546252	1.972574	0.5476743	0.4523257	93.88013
3500	5.68924	-20.2457	25.9349	0.513846	0.486154	7.543823	0.369885	0.348486	0.329642	0.256281	0.145853	0.0859122	0.023425	0	2.722279	1.703145	0.4861542	0.5138458	50.48296
3510	5.85758	-20.7901	26.6477	0.546811	0.453189	10.15324	0.378742	0.335833	0.331477	0.256819	0.145353	0.0860489	0.0232172	0	2.00951	1.994879	0.4531891	0.5468109	98.82787
3520	1.51599	-26.2749	27.7909	0.970955	0.0290453	2.746855	0.378177	0.337094	0.334084	0.255442	0.145569	0.0858886	0.0229321	0	0.866353	1.723299	0.0290453	0.9709547	52.88097
3530	3.28363	-20.8218	24.1054	0.479829	0.520171	1.58516	0.374948	0.339893	0.333992	0.263088	0.146537	0.0852744	0.0229747	0	4.551767	1.794169	0.520171	0.479829	62.25419
3540	2.5267	-24.7789	27.3056	0.465145	0.534855	2.034252	0.377117	0.336266	0.332911	0.265187	0.143738	0.0867719	0.0238759	0	1.351638	1.879486	0.5348549	0.4651451	75.768
3550	5.35176	-19.5305	24.8823	0.898622	0.101378	5.3729	0.385214	0.340116	0.328575	0.268168	0.145906	0.0851682	0.0238644	0	3.774937	1.720686	0.1013777	0.8986223	52.5637
3560	5.50817	-19.8305	25.3387	0.430308	0.569692	7.284057	0.382675	0.35141	0.327501	0.265783	0.146371	0.0830314	0.0237466	0	3.318514	1.69783	0.5696917	0.4303083	49.86892
3570	6.27983	-20.0645	26.3444	0.770169	0.229831	7.583171	0.371975	0.351842	0.326339	0.260405	0.144331	0.0839645	0.0232111	0	2.312836	1.921752	0.2298308	0.7701692	83.51263
3580	6.1787	-20.5102	26.6889	0.729105	0.270895	6.317153	0.367929	0.345757	0.334861	0.267767	0.142546	0.0848359	0.0230311	0	1.968275	1.925057	0.2708951	0.7291049	84.15047
3590	6.02918	-21.3856	27.4148	0.957142	0.0428581	7.620451	0.370208	0.348684	0.331556	0.259812	0.145664	0.0856263	0.0231037	0	1.242399	1.987955	0.04285814	0.9571419	97.26469
3600	5.08119	-20.059	25.1402	0.166147	0.833853	8.7611	0.38536	0.336824	0.323761	0.257065	0.144688	0.0861131	0.0230673	0	3.516989	1.737852	0.8338531	0.1661469	54.68294
3610	2.8756	-22.4246	25.3002	0.135529	0.864471	1.116968	0.374047	0.339154	0.331082	0.26391	0.144055	0.0856912	0.0233189	0	3.356959	1.346751	0.8644713	0.1355287	22.22035
3620	3.93247	-21.5973	25.5298	0.0963989	0.903601	2.55188	0.37012	0.341122	0.329956	0.261786	0.145561	0.0863871	0.0231624	0	3.127414	1.360684	0.9036011	0.09639891	22.94477
3630	3.75964	-20.5582	24.3179	0.65433	0.34567	10.56024	0.368387	0.345071	0.332206	0.262144	0.146645	0.0829902	0.02304	0	4.33933	1.801661	0.3456698	0.6543302	63.33757
3640	5.64804	-19.769	25.417	0.308862	0.691138	7.858294	0.368485	0.342243	0.337492	0.26453	0.146013	0.0835223	0.0235605	0	3.240202	1.782431	0.6911379	0.3088621	60.59416
3650	4.12009	-22.2943	26.4144	0.69187	0.30813	4.089035	0.36764	0.337568	0.33537	0.266787	0.140434	0.0827404	0.0231872	0	2.242825	1.306348	0.3081303	0.6918697	20.2464
3660	4.74258	-19.8874	24.63	0.676872	0.323128	3.589169	0.370235	0.336833	0.328083	0.26496	0.140389	0.0829293	0.0236962	0	4.027211	1.817474	0.3231283	0.6768717	65.68625
3670	6.14616	-20.5353	26.6814	0.604765	0.395235	9.039197	0.381904	0.350915	0.337205	0.265688	0.14386	0.0828883	0.0235855	0	1.97576	1.946203	0.3952346	0.6047654	88.3493
3680	5.04878	-19.9766	25.0254	0.746365	0.253635	8.07858	0.373582	0.347045	0.334786	0.260648	0.14409	0.0830695	0.0236031	0	3.631799	1.673454	0.2536346	0.7463654	47.14704
3690	4.39642	-22.1021	26.4985	0.269047	0.730953	3.951045	0.371988	0.34289	0.32682	0.257369	0.146463	0.0852769	0.0237158	0	2.158718	1.3821	0.730953	0.269047	24.10458
3700	4.96948	-19.4258	24.3953	0.148306	0.851694	6.140209	0.369201	0.34194	0.326512	0.256305	0.143694	0.085124	0.0239108	0	4.261898	1.624969	0.8516937	0.1483063	42.16667
3710	4.38036	-22.4364	26.8167	0.689765	0.310235	3.082534	0.384535	0.340979	0.325256	0.259845	0.144654	0.0833884	0.0239869	0	1.840481	1.902081	0.3102346	0.6897654	79.81444
3720	5.47364	-20.3893	25.8629	0.423768	0.576232	7.229436	0.376577	0.346664	0.32854	0.26607	0.143289	0.0860332	0.0237552	0	2.794268	1.621918	0.5762319	0.4237681	41.87143
3730	3.72267	-20.5937	24.3164	0.375797	0.624203	8.06357	0.382682	0.34366	0.323751	0.266974	0.14287	0.0846069	0.0232832	0	4.340842	1.454959	0.6242032	0.3757968	28.50751
3740	6.05212	-19.5877	25.6398	0.0786872	0.921313	6.652469	0.378845	0.351173	0.323543	0.26485	0.145541	0.0852178	0.0231078	0	3.017427	1.91582	0.9213128	0.07868716	82.37957
3750	3.55737	-23.7031	27.2605	0.398524	0.601476	10.37484	0.372025	0.346618	0.325689	0.262168	0.14574	0.0866282	0.0231294	0	1.396725	1.572029	0.601476	0.398524	37.32753
3760	5.36638	-20.4666	25.833	0.1697	0.8303	4.725088	0.385669	0.340584	0.323307	0.268439	0.142554	0.0852811	0.0235303	0	2.824178	1.618026	0.8303004	0.1696996	41.49793
3770	4.75774	-20.4795	25.2372	0.745959	0.254041	7.010549	0.380119	0.346051	0.327663	0.266012	0.141834	0.0827367	0.0236071	0	3.420003	1.488193	0.2540413	0.7459587	30.77463
3780	5.78868	-19.6567	25.4454	0.419546	0.580454	5.889575	0.384644	0.34257	0.332478	0.263149	0.144923	0.084433	0.0237766	0	3.211835	1.806552	0.5804536	0.4195464	64.05491
3790	2.90716	-23.4211	26.3282	0.152658	0.847342	1.714851	0.367702	0.345968	0.327116	0.264099	0.144839	0.082983	0.0233805	0	2.328956	1.278447	0.8473418	0.1526582	18.9866
3800	4.71131	-18.8795	23.5908	0.371057	0.628943	5.962094	0.382228	0.338188	0.333661	0.26449	0.144592	0.0834208	0.0233267	0	5.066404	1.842096	0.6289426	0.3710574	69.51781
3810	3.45331	-21.7042	25.1575	0.8919	0.1081	1.642201	0.382985	0.343259	0.335663	0.262491	0.141423	0.085943	0.0239602	0	3.499662	1.48237	0.1080999	0.8919001	30.36478
3820	1.93559	-21.1977	23.1332	0.134593	0.865407	0.7064483	0.383582	0.341059	0.334529	0.26382	0.143128	0.0841768	0.0240443	0	5.523955	1.24109	0.8654067	0.1345933	17.42169
3830	3.25741	-21.5171	24.7745	0.587565	0.412435	9.157408	0.384856	0.351242	0.337876	0.258153	0.143328	0.0857491	0.0240395	0	3.882711	1.432595	0.4124354	0.5875646	27.07663
3840	5.17367	-19.7616	24.9352	0.384319	0.615681	4.243757	0.384633	0.345717	0.328694	0.266143	0.144151	0.0866772	0.0238657	0	3.72196	1.869656	0.6156812	0.3843188	74.0723
3850	4.80935	-19.0327	23.8421	0.490107	0.509893	7.06198	0.366797	0.336159	0.331768	0.263609	0.140224	0.0862278	0.0230923	0	4.81514	1.802505	0.5098929	0.4901071	63.46077
3860	2.28316	-18.4796	20.7627	0.362252	0.637748	7.345817	0.372958	0.341673	0.328241	0.26488	0.144907	0.0865467	0.0233944	0	7.894476	1.9394	0.6377475	0.3622525	86.97602
3870	5.26587	-20.0019	25.2677	0.741596	0.258404	4.469773	0.374239	0.341745	0.327848	0.265394	0.141869	0.0865389	0.0234305	0	3.389477	1.697591	0.2584038	0.7415962	49.84146
3880	4.21392	-20.1946	24.4085	0.584971	0.415029	2.91579	0.37996	0.340807	0.335934	0.266598	0.140446	0.0850109	0.0236173	0	4.248699	1.618492	0.415029	0.584971	41.54245
3890	5.64028	-20.5402	26.1805	0.970237	0.0297634	5.701167	0.374023	0.342355	0.334112	0.267156	0.140359	0.0862022	0.0228689	0	2.476676	1.662621	0.02976345	0.9702366	45.98552
3900	5.48868	-22.0616	27.5503	0.305706	0.694294	6.560152	0.372297	0.337435	0.332724	0.266641	0.143691	0.0868635	0.0232755	0	1.106876	1.916995	0.694294	0.305706	82.60282
3910	3.69743	-22.0582	25.7557	0.737548	0.262452	2.531756	0.372039	0.345269	0.32527	0.26791	0.143349	0.086232	0.0236525	0	2.901532	1.293519	0.2624517	0.7375483	19.65707
3920	4.06242	-20.2397	24.3021	0.309637	0.690363	9.751718	0.373739	0.350656	0.339431	0.265284	0.140655	0.0844863	0.023626	0	4.355106	1.743361	0.6903629	0.3096371	55.38097
3930	6.25479	-19.8768	26.1316	0.0939919	0.906008	7.133315	0.375813	0.349852	0.3353	0.259979	0.139877	0.0830984	0.023083	0	2.525568	1.926145	0.9060081	0.09399186	84.36167
3940	4.75916	-20.1877	24.9469	0.326042	0.673958	10.40991	0.369442	0.35099	0.337033	0.264573	0.141265	0.0861637	0.0238356	0	3.710326	1.966901	0.6739582	0.3260418	92.66179
3950	5.17098	-22.1487	27.3196	0.999018	0.000982007	10.24116	0.370753	0.352538	0.332666	0.267741	0.143714	0.0857792	0.0231837	0	1.337555	1.858319	0.000982007	0.999018	72.1637
3960	2.16931	-18.8896	21.0589	0.522568	0.477432	3.129361	0.368763	0.342396	0.33929	0.257891	0.145378	0.0825451	0.0238553	0	7.598268	1.661241	0.477432	0.522568	45.83963
3970	5.93889	-20.4346	26.3735	0.894181	0.105819	8.437054	0.369035	0.346	0.334929	0.264958	0.142101	0.0857771	0.0238342	0	2.283717	1.821211	0.1058189	0.8941811	66.25377
3980	3.88696	-23.1208	27.0077	0.247195	0.752805	12.55253	0.370142	0.343178	0.329344	0.267307	0.144565	0.085636	0.0239206	0	1.649494	1.835172	0.752805	0.247195	68.41826
3990	5.11081	-21.169	26.2798	0.639587	0.360413	3.836497	0.384878	0.345403	0.325296	0.267578	0.14062	0.0845885	0.0235104	0	2.377389	1.739734	0.3604131	0.6395869	54.92043
4000	6.13317	-19.8247	25.9578	0.450898	0.549102	6.950617	0.383454	0.349696	0.324231	0.262165	0.140899	0.0838999	0.0232129	0	2.699363	1.876238	0.549102	0.450898	75.20356
4010	5.94435	-20.8373	26.7817	0.402139	0.597861	7.20007	0.378394	0.346268	0.327011	0.255267	0.14486	0.0844862	0.0234236	0	1.875551	1.766565	0.5978612	0.4021388	58.42052
4020	3.46377	-23.7408	27.2046	0.914233	0.0857669	2.727193	0.378753	0.352359	0.329112	0.260956	0.144753	0.0850521	0.0233712	0	1.452588	1.811758	0.0857669	0.9142331	64.82726
4030	5.26844	-21.9813	27.2498	0.720901	0.279099	4.908825	0.371333	0.351066	0.327238	0.25639	0.144503	0.0842609	0.0232789	0	1.407434	1.974565	0.2790994	0.7209006	94.31157
4040	-1.10661	-23.8537	22.7471	0.525784	0.474216	6.271933	0.372895	0.348403	0.328112	0.258143	0.144116	0.0833136	0.0237746	0	5.910088	0.7727262	0.4742156	0.5257844	5.925516
4050	5.96717	-19.7821	25.7493	0.104964	0.895036	8.055851	0.384296	0.345777	0.324974	0.263926	0.145367	0.0853292	0.023588	0	2.907888	1.874	0.895036	0.104964	74.81688
4060	5.79733	-21.2819	27.0792	0.491139	0.508861	5.806203	0.38409	0.343308	0.325037	0.260043	0.139904	0.0848816	0.0229577	0	1.578025	1.889684	0.5088607	0.4911393	77.5683
4070	4.00896	-18.9058	22.9148	0.644874	0.355126	8.01031	0.378794	0.352974	0.336991	0.258995	0.143879	0.0829615	0.0229444	0	5.742419	1.902253	0.3551256	0.6448744	79.84588
4080	5.646	-20.5175	26.1635	0.271947	0.728053	9.576074	0.368631	0.348606	0.339154	0.258105	0.143255	0.0849236	0.0229584	0	2.493745	1.872851	0.7280533	0.2719467	74.61933
4090	4.65167	-20.3648	25.0165	0.826223	0.173777	6.503721	0.371841	0.348167	0.339322	0.26802	0.143258	0.0849611	0.0236797	0	3.640754	1.453649	0.1737774	0.8262226	28.42165
4100	3.52219	-21.3584	24.8806	0.103187	0.896813	3.769676	0.3708	0.338016	0.337158	0.263317	0.141256	0.0868225	0.0235979	0	3.776638	1.112711	0.8968134	0.1031866	12.96317
4110	6.28077	-20.8781	27.1588	0.777108	0.222892	7.793142	0.369871	0.335528	0.325113	0.259339	0.140136	0.086365	0.0233586	0	1.498379	1.993977	0.2228922	0.7771078	98.62262
4120	5.23792	-19.1403	24.3782	0.782021	0.217979	6.203103	0.367204	0.33617	0.32494	0.256674	0.140513	0.0827544	0.0232017	0	4.278977	1.813511	0.2179786	0.7820214	65.08957
4130	4.26136	-23.2158	27.4772	0.28841	0.71159	7.251585	0.378244	0.341129	0.329743	0.267548	0.14215	0.0838907	0.0237415	0	1.180024	1.518408	0.71159	0.28841	32.99197
4140	3.5125	-20.4579	23.9704	0.709054	0.290946	11.2314	0.369098	0.341308	0.329662	0.266989	0.141568	0.0829769	0.0238499	0	4.686759	1.997554	0.2909459	0.7090541	99.43827
4150	5.91224	-20.3445	26.2567	0.91015	0.0898503	5.396536	0.374385	0.345945	0.32489	0.264796	0.141502	0.082722	0.0235851	0	2.400457	1.859867	0.08985029	0.9101497	72.42133
4160	4.64817	-19.2028	23.851	0.530393	0.469607	7.840189	0.383651	0.350398	0.323423	0.260181	0.142125	0.0866544	0.0236732	0	4.806208	1.789997	0.4696066	0.5303934	61.65908
4170	4.54635	-19.2247	23.7711	0.20871	0.79129	8.159516	0.382396	0.343864	0.334839	0.261713	0.143873	0.0847817	0.0236684	0	4.886109	1.813254	0.7912899	0.2087101	65.05094
4180	3.76267	-20.4831	24.2457	0.575967	0.424033	2.258867	0.375051	0.348748	0.337164	0.259246	0.143169	0.0855196	0.022952	0	4.411479	1.613751	0.424033	0.575967	41.09143
4190	4.79258	-22.6199	27.4125	0.958526	0.0414741	11.88323	0.367831	0.352238	0.326744	0.259521	0.142054	0.0865493	0.0230412	0	1.244717	1.991226	0.04147411	0.9585259	97.99994
4200	3.9341	-18.7267	22.6608	0.52377	0.47623	5.00152	0.367253	0.349527	0.325235	0.258573	0.140274	0.0857975	0.0233697	0	5.996382	1.938903	0.4762296	0.5237704	86.87672
4210	4.69506	-22.5172	27.2123	0.511333	0.488667	4.057348	0.373304	0.35304	0.333979	0.258565	0.14312	0.0851329	0.0232604	0	1.444909	1.905327	0.4886671	0.5113329	80.41307
4220	5.11723	-21.1468	26.264	0.675558	0.324442	7.916511	0.368442	0.346455	0.324181	0.263491	0.142389	0.0850368	0.0234337	0	2.393185	1.57456	0.3244416	0.6755584	37.54566
4230	2.69815	-22.3662	25.0644	0.287357	0.712643	4.603266	0.383092	0.347122	0.326361	0.266906	0.140966	0.0866417	0.0229068	0	3.592842	0.9845687	0.7126431	0.2873569	9.65092
4240	5.62138	-20.6549	26.2763	0.567546	0.432454	7.452196	0.37736	0.339151	0.335121	0.264574	0.139902	0.0848349	0.0239875	0	2.380879	1.657554	0.4324536	0.5675464	45.45211
4250	4.87525	-19.0085	23.8837	0.696633	0.303367	5.381038	0.380015	0.352398	0.334347	0.262343	0.141661	0.0832013	0.0236147	0	4.773492	1.876348	0.3033673	0.6966327	75.22248
4260	4.9751	-20.5063	25.4814	0.888126	0.111874	4.61448	0.373684	0.344921	0.328242	0.258062	0.140922	0.0852058	0.024011	0	3.17576	1.488499	0.1118744	0.8881256	30.79632
4270	3.15713	-22.0921	25.2492	0.815893	0.184107	9.18921	0.374207	0.342778	0.32419	0.257308	0.14583	0.084787	0.023374	0	3.408012	1.394992	0.1841074	0.8158926	24.83085
4280	4.80991	-22.638	27.448	0.28228	0.71772	6.620117	0.37089	0.351807	0.328598	0.257535	0.143815	0.0838294	0.0232393	0	1.20925	1.623516	0.7177195	0.2822805	42.02579
4290	6.00871	-19.4325	25.4412	0.24036	0.75964	6.914803	0.369058	0.343202	0.327577	0.264426	0.142196	0.0836792	0.0234741	0	3.215972	1.982254	0.7596404	0.2403596	95.99612
4300	2.96311	-24.9593	27.9224	0.935806	0.0641938	6.29679	0.367682	0.335782	0.328657	0.263543	0.139866	0.0859957	0.023286	0	0.734794	1.596958	0.0641938	0.9358062	39.53287
4310	5.22875	-19.1328	24.3615	0.158629	0.841371	6.284333	0.369307	0.340478	0.325141	0.265676	0.142511	0.084811	0.0233018	0	4.295667	1.806354	0.8413708	0.1586292	64.02572
4320	3.81765	-22.5837	26.4014	0.791497	0.208503	3.727719	0.366781	0.350781	0.330533	0.261215	0.143807	0.0853945	0.0238026	0	2.2558	1.250794	0.2085026	0.7914974	17.81532
4330	4.25581	-22.2977	26.5535	0.736109	0.263891	7.733489	0.372152	0.343539	0.335134	0.261968	0.145433	0.0835589	0.0229132	0	2.103696	1.419619	0.2638913	0.7361087	26.27964
4340	5.95878	-20.8479	26.8066	0.0269264	0.973074	9.999625	0.37746	0.339583	0.333714	0.262219	0.144961	0.0834015	0.0228923	0	1.850558	1.994977	0.9730736	0.02692635	98.85015
4350	5.06589	-20.6337	25.6996	0.726149	0.273851	9.479844	0.378366	0.337543	0.335832	0.260998	0.143358	0.0848564	0.0230032	0	2.957636	1.750659	0.2738506	0.7261494	56.31955
4360	6.24125	-20.2456	26.4869	0.780112	0.219888	7.851244	0.370485	0.337115	0.323898	0.256777	0.141473	0.0834374	0.0228773	0	2.170332	1.903058	0.2198884	0.7801116	79.99403
4370	5.13966	-20.0771	25.2168	0.476417	0.523583	4.162952	0.370368	0.345632	0.326475	0.255784	0.141188	0.0860919	0.0229107	0	3.440409	1.698104	0.523583	0.476417	49.90038
4380	1.94968	-23.9473	25.897	0.668633	0.331367	14.86165	0.369847	0.335916	0.330772	0.258178	0.141844	0.0865272	0.0232518	0	2.760239	1.963977	0.3313671	0.6686329	92.04011
4390	4.77434	-18.8416	23.616	0.0235036	0.976496	6.864674	0.383043	0.339223	0.339127	0.258161	0.143761	0.0862117	0.0231441	0	5.041236	1.937466	0.9764964	0.02350363	86.58973
4400	5.92287	-20.7247	26.6476	0.182697	0.817303	5.638915	0.38264	0.336724	0.32417	0.261996	0.145899	0.0868589	0.023528	0	2.009593	1.838391	0.8173029	0.1826971	68.92726
4410	5.30082	-19.1501	24.4509	0.57104	0.42896	7.714057	0.385722	0.337958	0.333744	0.266915	0.142174	0.0867148	0.0235592	0	4.206289	1.93086	0.4289598	0.5710402	85.2825
4420	2.51028	-24.1483	26.6585	0.779708	0.220292	4.821728	0.378204	0.337674	0.329828	0.263722	0.141601	0.0864982	0.023117	0	1.998673	1.048375	0.2202919	0.7797081	11.17827
4430	5.12313	-22.1327	27.2559	0.633026	0.366974	10.56588	0.385721	0.335797	0.337598	0.26559	0.142326	0.0849122	0.0230414	0	1.401333	1.868636	0.366974	0.633026	73.89862
4440	3.32831	-24.7636	28.0919	0.0175944	0.982406	7.272546	0.384473	0.341531	0.336449	0.265794	0.142115	0.0840939	0.0231283	0	0.5652874	1.779575	0.9824056	0.01759438	60.19708
4450	5.25804	-21.6104	26.8684	0.103354	0.896646	6.040653	0.378293	0.340217	0.3374	0.265568	0.144838	0.0845571	0.0229772	0	1.788771	1.569272	0.8966463	0.1033537	37.0913
4460	4.89591	-21.842	26.7379	0.829	0.171	6.622893	0.384958	0.340755	0.332375	0.266063	0.142583	0.0846083	0.0231739	0	1.919255	1.493754	0.1710005	0.8289995	31.17126
4470	5.27842	-21.3032	26.5817	0.466318	0.533682	11.23896	0.367087	0.350513	0.324821	0.26787	0.140902	0.0858836	0.023556	0	2.075554	1.997445	0.5336819	0.4663181	99.41345
4480	6.3297	-20.1073	26.437	0.59654	0.40346	7.772735	0.377039	0.34472	0.324697	0.263102	0.146063	0.0868318	0.0233491	0	2.22025	1.949066	0.40346	0.59654	88.93371
4490	5.41654	-21.2457	26.6623	0.398739	0.601261	10.84798	0.37249	0.336319	0.330571	0.267446	0.14633	0.086797	0.0234251	0	1.994936	1.956194	0.6012605	0.3987395	90.40524
4500	2.85916	-23.1134	25.9726	0.651757	0.348243	5.734748	0.374042	0.340663	0.330217	0.258201	0.14456	0.0866366	0.0235108	0	2.684617	1.071457	0.3482427	0.6517573	11.78844
4510	5.36859	-19.9762	25.3448	0.888683	0.111317	6.660833	0.380076	0.336774	0.32462	0.256741	0.145662	0.0860807	0.0232153	0	3.312381	1.625701	0.1113172	0.8886828	42.23777
4520	5.21497	-21.5226	26.7376	0.449314	0.550686	10.80277	0.385692	0.337459	0.328258	0.260166	0.144386	0.085916	0.0230442	0	1.919604	1.888215	0.5506859	0.4493141	77.30639
4530	4.60526	-21.2542	25.8594	0.917335	0.0826645	8.726631	0.380609	0.335769	0.324595	0.25948	0.145577	0.08552	0.023948	0	2.797779	1.549732	0.08266452	0.9173355	35.45946
4540	4.15909	-20.3021	24.4612	0.0832108	0.916789	6.846646	0.378373	0.345626	0.326395	0.260803	0.141271	0.0846869	0.0238704	0	4.196038	1.408047	0.9167892	0.08321085	25.58864
4550	5.67282	-19.6214	25.2942	0.83541	0.16459	5.192961	0.381339	0.344497	0.338016	0.260254	0.144565	0.084681	0.0233449	0	3.363015	1.999489	0.1645902	0.8354098	99.8824
4560	5.91958	-20.3603	26.2799	0.683916	0.316084	6.278366	0.370337	0.341915	0.331877	0.260145	0.145617	0.083729	0.0235843	0	2.377349	1.743885	0.3160837	0.6839163	55.44784
4570	0.686322	-23.6407	24.3271	0.306196	0.693804	6.872144	0.368717	0.338995	0.336734	0.261232	0.140895	0.0828024	0.0233386	0	4.330154	0.9161356	0.693804	0.306196	8.243955
4580	5.93017	-19.7929	25.7231	0.966236	0.0337637	5.663701	0.381689	0.345732	0.339353	0.261386	0.143386	0.0850453	0.0239054	0	2.934124	1.91243	0.03376367	0.9662363	81.7392
4590	0.691079	-21.1931	21.8842	0.704182	0.295818	11.9729	0.384396	0.351044	0.323117	0.258677	0.141833	0.0830085	0.0237557	0	6.773054	1.810568	0.2958176	0.7041824	64.64998
4600	5.88579	-19.6369	25.5227	0.281066	0.718934	5.835899	0.378174	0.351546	0.327809	0.259682	0.143078	0.083109	0.0237701	0	3.134535	1.891674	0.7189343	0.2810657	77.92451
4610	4.73485	-22.5143	27.2491	0.929532	0.0704683	4.852285	0.380256	0.349018	0.333736	0.268101	0.14684	0.0827671	0.0231084	0	1.408066	1.66387	0.07046832	0.9295317	46.11793
4620	4.46207	-19.1275	23.5896	0.825081	0.174919	5.279247	0.385129	0.339472	0.327876	0.261291	0.145757	0.0827224	0.0233164	0	5.067588	1.64685	0.1749194	0.8250806	44.34558
4630	5.154	-19.496	24.65	0.334296	0.665704	5.518278	0.384474	0.341493	0.328747	0.258397	0.14357	0.0830447	0.0236793	0	4.007215	1.654414	0.6657044	0.3342956	45.12464
4640	2.20084	-21.6439	23.8448	0.0340291	0.965971	5.836851	0.377749	0.33605	0.332154	0.25606	0.145423	0.0852913	0.0239504	0	4.81242	1.029164	0.9659709	0.03402909	10.6946
4650	5.2697	-22.0081	27.2778	0.366389	0.633611	10.86926	0.368823	0.337689	0.33646	0.258622	0.145545	0.0839193	0.023752	0	1.379373	1.928211	0.6336112	0.3663888	84.76397
4660	5.15594	-22.2977	27.4536	0.463763	0.536237	9.979809	0.369085	0.339696	0.338378	0.260344	0.142149	0.0836353	0.0230304	0	1.203602	1.851202	0.536237	0.463763	70.99077
4670	4.88493	-19.269	24.1539	0.79599	0.20401	4.572919	0.374919	0.338546	0.339358	0.261874	0.143881	0.0837271	0.0236069	0	4.50328	1.939937	0.2040097	0.7959903	87.08377
4680	5.54338	-19.899	25.4424	0.330428	0.669572	9.317295	0.380794	0.33989	0.324388	0.268243	0.142662	0.0852571	0.0232457	0	3.21485	1.934992	0.669572	0.330428	86.09786
4690	5.57921	-20.4832	26.0624	0.908582	0.0914175	9.063121	0.382316	0.341294	0.325319	0.257063	0.145847	0.0843638	0.0239577	0	2.594779	1.793609	0.09141754	0.9085825	62.17401
4700	4.37521	-20.0473	24.4225	0.962776	0.0372244	7.698703	0.383962	0.340534	0.324856	0.256196	0.14209	0.0838531	0.0232929	0	4.234721	1.555514	0.03722437	0.9627756	35.93469
4710	5.79847	-20.4654	26.2639	0.860803	0.139197	5.001376	0.377248	0.342141	0.324029	0.262283	0.141069	0.0833035	0.0232217	0	2.393301	1.895342	0.1391967	0.8608033	78.58549
4720	3.10559	-20.0508	23.1564	0.675145	0.324855	7.717212	0.373916	0.351731	0.331223	0.26842	0.142871	0.0852031	0.0235795	0	5.50079	1.456111	0.3248545	0.6751455	28.58319
4730	5.42047	-20.0617	25.4821	0.730037	0.269963	5.791361	0.368908	0.345125	0.331981	0.259886	0.140821	0.0842397	0.0233859	0	3.17506	1.610781	0.2699626	0.7300374	40.81138
4740	5.95858	-20.3558	26.3144	0.905701	0.0942985	8.92583	0.369605	0.338855	0.328567	0.257063	0.144731	0.0844007	0.0237333	0	2.342844	1.882356	0.0942985	0.9057015	76.27048
4750	3.91665	-23.3148	27.2314	0.184148	0.815852	10.6202	0.367635	0.341538	0.326203	0.256997	0.14373	0.0852206	0.0239114	0	1.425759	1.6279	0.8158525	0.1841475	42.45213
4760	5.0031	-21.6864	26.6895	0.398591	0.601409	6.159635	0.371951	0.337522	0.333962	0.258713	0.146262	0.0839703	0.02369	0	1.96767	1.483934	0.6014094	0.3985906	30.47431
4770	-0.13926	-20.7734	20.6342	0.556283	0.443717	7.192909	0.374855	0.34275	0.335896	0.255447	0.144801	0.0831198	0.0238668	0	8.023015	1.158995	0.4437166	0.5562834	14.42099
4780	5.3923	-19.3408	24.7331	0.927379	0.0726212	5.394111	0.367002	0.351008	0.324502	0.263414	0.146326	0.0840134	0.0238339	0	3.924146	1.846469	0.07262122	0.9273788	70.22133
4790	5.52469	-19.44	24.9647	0.877193	0.122807	5.868597	0.371881	0.348925	0.323644	0.260333	0.141578	0.0841542	0.0239259	0	3.692512	1.776523	0.1228068	0.8771932	59.77553
4800	5.05411	-20.7957	25.8498	0.955742	0.0442581	6.988856	0.371333	0.344515	0.323173	0.268441	0.143223	0.0826159	0.0239755	0	2.807411	1.512257	0.04425814	0.9557419	32.52794
4810	5.67423	-21.6903	27.3645	0.227737	0.772263	9.024021	0.381427	0.343272	0.331063	0.265384	0.140978	0.0826849	0.0231622	0	1.292713	1.869998	0.7722629	0.2277371	74.13072
4820	4.74478	-19.1091	23.8539	0.66388	0.33612	5.739889	0.379953	0.343443	0.337084	0.263247	0.141244	0.0832152	0.0228808	0	4.8033	1.705266	0.3361204	0.6638796	50.73015
4830	4.73822	-21.0478	25.786	0.728312	0.271688	3.573909	0.382262	0.343543	0.325412	0.260716	0.141726	0.0833652	0.0228933	0	2.871228	1.532651	0.2716876	0.7283124	34.0919
4840	5.51879	-21.2335	26.7523	0.547947	0.452053	8.784336	0.379212	0.339207	0.337185	0.262876	0.1404	0.0842694	0.0230208	0	1.90494	1.738966	0.4520527	0.5479473	54.82346
4850	4.44072	-21.2885	25.7292	0.444923	0.555077	5.468926	0.378888	0.348449	0.335263	0.261828	0.141955	0.0849248	0.0229294	0	2.928022	1.323207	0.5550772	0.4449228	21.04782
4860	4.33091	-21.3575	25.6884	0.415285	0.584715	4.652789	0.371978	0.352654	0.323263	0.259419	0.142266	0.086331	0.023659	0	2.968776	1.283544	0.5847153	0.4152847	19.21072
4870	5.35237	-21.0357	26.3881	0.408898	0.591102	4.094542	0.381979	0.348941	0.332443	0.265788	0.146064	0.0860022	0.0236962	0	2.269147	1.915923	0.5911022	0.4088978	82.3992
4880	5.98944	-19.5026	25.492	0.274519	0.725481	7.908645	0.368488	0.351008	0.323362	0.266153	0.140878	0.0854889	0.0236272	0	3.165195	1.980895	0.7254808	0.2745192	95.69633
4890	2.84733	-19.4037	22.251	0.59323	0.40677	2.59893	0.379791	0.343332	0.327556	0.259834	0.140737	0.0836943	0.0239194	0	6.406217	1.689222	0.4067696	0.5932304	48.89017
4900	3.1798	-20.927	24.1068	0.950183	0.0498173	1.516307	0.378648	0.336486	0.339904	0.25538	0.14332	0.0844293	0.0238335	0	4.550387	1.571214	0.04981731	0.9501827	37.25755
4910	6.11196	-19.9152	26.0271	0.704225	0.295775	8.415923	0.373303	0.342773	0.33767	0.261552	0.142599	0.0826702	0.0235842	0	2.630074	1.938218	0.2957754	0.7042246	86.73964
4920	3.76767	-19.3542	23.1219	0.619897	0.380103	6.569509	0.370705	0.336596	0.333507	0.256691	0.141976	0.0852641	0.0231488	0	5.535308	1.533589	0.3801035	0.6198965	34.16563
4930	5.55107	-19.8977	25.4488	0.158749	0.841251	9.419891	0.372202	0.342723	0.336657	0.267169	0.144469	0.0864798	0.023935	0	3.208419	1.952204	0.8412513	0.1587487	89.57854
4940	2.96942	-19.7055	22.6749	0.916484	0.083516	9.340527	0.378138	0.343011	0.332017	0.255252	0.143373	0.0860104	0.0236373	0	5.982272	1.738199	0.08351604	0.916484	54.72664
4950	3.41475	-22.0232	25.438	0.279818	0.720182	1.420092	0.378799	0.348487	0.33075	0.256795	0.14576	0.0861946	0.0238895	0	3.219237	1.831074	0.7201815	0.2798185	67.77563
4960	1.97701	-25.8414	27.8184	0.559583	0.440417	4.344435	0.369305	0.337178	0.332072	0.260619	0.141814	0.0860628	0.0237261	0	0.8387638	1.405057	0.4404165	0.5595835	25.41307
4970	3.18872	-18.7886	21.9773	0.219877	0.780123	5.006091	0.369539	0.336526	0.337546	0.258938	0.143926	0.086416	0.0239445	0	6.679921	1.585594	0.7801232	0.2198768	38.51178
4980	2.78777	-18.7844	21.5722	0.689298	0.310702	3.672932	0.370136	0.33908	0.331462	0.256549	0.144279	0.0840532	0.023926	0	7.08501	1.974691	0.3107016	0.6892984	94.33902
4990	5.49481	-19.8754	25.3702	0.212096	0.787904	8.055979	0.368145	0.337782	0.327715	0.256922	0.146603	0.0826245	0.0239444	0	3.286987	1.745728	0.7879037	0.2120963	55.68363
5000	3.96125	-22.9002	26.8614	0.19519	0.80481	2.70975	0.376468	0.337344	0.32401	0.263723	0.144416	0.0867741	0.0236117	0	1.79576	1.81501	0.8048097	0.1951903	65.31455
