Iteration	Posterior	Likelihood	Prior	clado_type_probs[1]	clado_type_probs[2]	distance_scale	epoch_times[1]	epoch_times[2]	epoch_times[3]	epoch_times[4]	epoch_times[5]	epoch_times[6]	epoch_times[7]	epoch_times[8]	extirpation_rate	log10_rate_bg	p_allopatry	p_sympatry	rate_bg
0	-54.8888	-87.6329	32.7441	0.397406	0.602594	0.01	0.778992	0.364923	0.23609	0.092162	0.0828399	0.00836432	0.00711224	0	0.5662646	-2	0.6025939	0.3974061	0.01
10	5.09952	-22.238	27.3375	0.164571	0.835429	0.1550382	0.774632	0.358732	0.240743	0.091628	0.0819357	0.00834024	0.00708089	0	5.972863	1.383195	0.8354289	0.1645711	24.16546
20	6.86986	-22.3714	29.2413	0.437615	0.562385	0.4051704	0.800779	0.364736	0.235089	0.0890612	0.0851718	0.00841622	0.00693705	0	4.069095	1.771885	0.5623855	0.4376145	59.14046
30	6.23842	-21.6539	27.8923	0.622087	0.377913	0.1427289	0.807311	0.360029	0.238922	0.0890713	0.0840531	0.00846955	0.00685231	0	5.418022	1.812506	0.3779134	0.6220866	64.93911
40	5.98043	-21.4529	27.4334	0.820951	0.179049	0.05346905	0.802116	0.356732	0.241676	0.0888531	0.0840051	0.00835214	0.00702809	0	5.877	1.863862	0.179049	0.820951	73.09063
50	6.31868	-24.0327	30.3514	0.643814	0.356186	0.1895688	0.770994	0.353933	0.240738	0.0888155	0.0826644	0.00833292	0.0069089	0	2.95898	1.751476	0.3561865	0.6438135	56.42557
60	8.47656	-20.0291	28.5056	0.16109	0.83891	2.304369	0.784815	0.360406	0.237334	0.0908305	0.0817	0.00844433	0.00698867	0	4.804725	1.95223	0.8389099	0.1610901	89.58393
70	8.2696	-20.1236	28.3932	0.675841	0.324159	4.249275	0.797675	0.36159	0.233605	0.0901832	0.0854263	0.00859438	0.00710234	0	4.917198	1.954489	0.3241588	0.6758412	90.05105
80	6.97774	-21.0933	28.071	0.81567	0.18433	5.742723	0.795803	0.358808	0.233787	0.0899886	0.0852013	0.00863623	0.00701161	0	5.239336	1.968735	0.1843301	0.8156699	93.05403
90	8.18246	-20.3516	28.534	0.417229	0.582771	4.371253	0.803929	0.353835	0.237432	0.0892117	0.0842494	0.00856031	0.0070901	0	4.776349	1.92775	0.5827707	0.4172293	84.674
100	6.71994	-20.604	27.3239	0.415647	0.584353	4.04987	0.798809	0.367735	0.242813	0.0905974	0.0847349	0.00867728	0.00705347	0	5.986431	1.709656	0.5843525	0.4156475	51.24555
110	6.15457	-25.0652	31.2198	0.725926	0.274074	6.465473	0.799736	0.367138	0.244101	0.0892843	0.0852262	0.00837951	0.00708132	0	2.090551	1.786499	0.2740736	0.7259264	61.16441
120	7.78912	-21.119	28.9081	0.769285	0.230715	5.440081	0.801726	0.368621	0.240623	0.0896801	0.0849615	0.00831533	0.00681415	0	4.402226	1.992641	0.2307148	0.7692852	98.31982
130	6.02264	-24.4109	30.4336	0.447308	0.552692	6.831422	0.76831	0.35979	0.244885	0.091563	0.0844974	0.00848547	0.00681074	0	2.876775	1.814359	0.5526921	0.4473079	65.21666
140	8.4377	-22.5782	31.0159	0.125085	0.874915	2.306901	0.777047	0.364146	0.235969	0.0920099	0.0849918	0.00836276	0.00701683	0	2.294418	1.829794	0.8749153	0.1250847	67.57626
150	5.83594	-26.1862	32.0222	0.951334	0.0486661	6.056393	0.770348	0.354346	0.239902	0.0913586	0.0853259	0.00850593	0.00709038	0	1.288186	1.80552	0.04866612	0.9513339	63.90279
160	7.22079	-25.0432	32.264	0.540532	0.459468	3.444209	0.768099	0.366409	0.238359	0.0916684	0.083836	0.00849591	0.00698727	0	1.046352	1.952416	0.4594677	0.5405323	89.62221
170	9.1596	-20.7658	29.9254	0.320913	0.679087	3.196231	0.773706	0.370275	0.237645	0.0917194	0.0828562	0.00853837	0.0071165	0	3.384937	1.948105	0.6790867	0.3209133	88.73703
180	8.18255	-23.3989	31.5815	0.633576	0.366424	3.948837	0.786528	0.367108	0.244846	0.092446	0.0816647	0.008477	0.00696566	0	1.728906	1.860361	0.3664241	0.6335759	72.50392
190	7.63655	-23.7695	31.4061	0.794764	0.205236	1.590841	0.778013	0.368378	0.238188	0.0913084	0.0823318	0.00867039	0.00697676	0	1.90427	1.891856	0.2052361	0.7947639	77.95721
200	7.58819	-19.9329	27.5211	0.164655	0.835345	2.311229	0.786146	0.370893	0.233244	0.0905877	0.0829204	0.00866952	0.00686218	0	5.789296	1.778655	0.8353451	0.1646549	60.06957
210	8.3173	-22.4773	30.7946	0.428373	0.571627	5.151075	0.799013	0.366724	0.234025	0.0897782	0.0832433	0.00863716	0.00708737	0	2.515792	1.922631	0.5716274	0.4283726	83.68184
220	7.80234	-20.3521	28.1544	0.883666	0.116334	2.008718	0.799631	0.357999	0.239649	0.0887909	0.0844606	0.00833021	0.00697548	0	5.155927	1.769583	0.1163343	0.8836657	58.8278
230	8.78901	-20.3543	29.1434	0.197933	0.802067	2.306334	0.786965	0.356775	0.239539	0.0885155	0.0829763	0.00844571	0.00687315	0	4.167004	1.980383	0.8020673	0.1979327	95.58352
240	6.82484	-22.5064	29.3313	0.435192	0.564808	2.941544	0.790693	0.360849	0.244855	0.0890259	0.0829782	0.00866431	0.00695973	0	3.979068	1.462278	0.564808	0.435192	28.992
250	7.44483	-21.7675	29.2123	0.901157	0.0988434	1.273739	0.801698	0.37012	0.239318	0.0889596	0.0816675	0.00864724	0.00697307	0	4.098049	1.656787	0.09884337	0.9011566	45.37192
260	7.54471	-19.8643	27.409	0.381665	0.618335	4.453794	0.785653	0.357288	0.243357	0.088213	0.0823449	0.00863531	0.00708192	0	5.90133	1.958386	0.6183349	0.3816651	90.86278
270	7.4173	-21.9074	29.3247	0.887736	0.112264	5.20219	0.776872	0.357766	0.24111	0.0892973	0.0833166	0.00859134	0.00686701	0	3.985661	1.820259	0.1122641	0.8877359	66.10878
280	8.58943	-19.8437	28.4331	0.403294	0.596706	2.757931	0.78173	0.362953	0.239732	0.0910194	0.0855399	0.00842753	0.00690176	0	4.877236	1.968882	0.5967061	0.4032939	93.08544
290	8.63648	-22.3081	30.9446	0.00583679	0.994163	2.178101	0.768675	0.357207	0.239765	0.0925026	0.0848679	0.00845464	0.0069933	0	2.365753	1.920545	0.9941632	0.005836788	83.28085
300	8.45652	-20.5053	28.9618	0.255559	0.744441	2.387063	0.783986	0.365254	0.244903	0.0906268	0.0847466	0.00864798	0.00712653	0	4.348575	1.823684	0.7444413	0.2555587	66.63213
310	7.26914	-22.8283	30.0974	0.208126	0.791874	6.327244	0.791823	0.354859	0.235545	0.0911429	0.0848667	0.00848509	0.00703848	0	3.212969	1.943321	0.7918745	0.2081255	87.76498
320	8.80063	-20.2238	29.0244	0.955417	0.0445826	4.02083	0.799289	0.366439	0.235774	0.0923214	0.0839502	0.00840221	0.00703164	0	4.285961	1.993221	0.04458259	0.9554174	98.45118
330	5.28302	-21.3075	26.5905	0.691293	0.308707	4.816599	0.804892	0.355016	0.244211	0.0923944	0.0849895	0.00845801	0.00683748	0	6.719823	1.666892	0.3087074	0.6912926	46.43994
340	6.33738	-19.1497	25.4871	0.756173	0.243827	4.068063	0.793984	0.353548	0.239811	0.0893604	0.0835316	0.00869129	0.00686159	0	7.823249	1.964166	0.2438274	0.7561726	92.08016
350	8.26555	-20.9156	29.1812	0.912348	0.0876524	4.174217	0.792749	0.355456	0.241105	0.0899446	0.0846775	0.00855199	0.006822	0	4.129195	1.851237	0.08765238	0.9123476	70.99657
360	7.52367	-22.3737	29.8974	0.057945	0.942055	0.857118	0.798896	0.358983	0.243464	0.0885046	0.0853639	0.00862815	0.00685465	0	3.41299	1.813223	0.942055	0.05794503	65.04636
370	6.66256	-23.6291	30.2917	0.822208	0.177792	0.2090214	0.797277	0.357575	0.238697	0.0926168	0.0825056	0.00847046	0.00685079	0	3.018678	1.933081	0.177792	0.822208	85.71972
380	5.67284	-23.3769	29.0497	0.47928	0.52072	0.3415786	0.807968	0.367498	0.233909	0.0912475	0.0833361	0.00831462	0.00703361	0	4.260617	1.386746	0.5207201	0.4792799	24.36383
390	7.5236	-23.3035	30.8271	0.0325736	0.967426	5.641631	0.805958	0.361549	0.233401	0.0906691	0.0845401	0.00848242	0.00686058	0	2.483246	1.836938	0.9674264	0.03257358	68.69701
400	7.36737	-20.5719	27.9392	0.496905	0.503095	3.469395	0.808151	0.361305	0.236325	0.090381	0.085402	0.00837687	0.00704335	0	5.37112	1.705881	0.5030946	0.4969054	50.80201
410	6.78289	-21.3525	28.1354	0.936334	0.0636662	4.337795	0.807462	0.362854	0.235397	0.0911986	0.0854749	0.00847193	0.00711088	0	5.174978	1.678498	0.06366622	0.9363338	47.69775
420	6.69105	-20.6481	27.3392	0.179166	0.820834	3.782367	0.80566	0.360829	0.241234	0.089318	0.0847945	0.00850066	0.0070226	0	5.971184	1.667949	0.8208338	0.1791662	46.55314
430	6.7183	-22.9288	29.6471	0.387325	0.612675	1.51961	0.778532	0.364573	0.244552	0.0886373	0.0823508	0.00849754	0.00692093	0	3.66323	1.425366	0.6126753	0.3873247	26.62965
440	8.49115	-21.3206	29.8117	0.128435	0.871565	2.134393	0.781712	0.363358	0.244105	0.0882013	0.0835012	0.00859632	0.0069871	0	3.498608	1.791749	0.8715651	0.1284349	61.90828
450	7.66072	-22.5028	30.1635	0.173554	0.826446	5.314066	0.794153	0.36744	0.243815	0.090635	0.0834864	0.00863341	0.0071174	0	3.146853	1.814683	0.826446	0.173554	65.26537
460	7.22497	-23.5733	30.7983	0.470917	0.529083	1.931299	0.792696	0.357003	0.243257	0.0900614	0.0815547	0.00850541	0.00711324	0	2.512078	1.540927	0.5290834	0.4709166	34.74774
470	8.91712	-20.5655	29.4826	0.0594297	0.94057	2.562111	0.797974	0.355813	0.238147	0.0920604	0.0819361	0.00848405	0.00708907	0	3.827739	1.932881	0.9405703	0.05942969	85.68038
480	5.2637	-20.9027	26.1664	0.309586	0.690414	5.690016	0.775862	0.354894	0.245162	0.0922185	0.0819648	0.00834275	0.00713583	0	7.143961	1.883582	0.6904142	0.3095858	76.48602
490	7.20115	-20.1689	27.3701	0.332262	0.667738	1.758839	0.807588	0.353348	0.239434	0.0918885	0.0839678	0.00848555	0.00694839	0	5.940271	1.728517	0.667738	0.332262	53.52017
500	6.82488	-23.667	30.4919	0.624827	0.375173	4.36149	0.806802	0.353449	0.236778	0.0926343	0.0835397	0.00861568	0.00689834	0	2.81843	1.575968	0.3751731	0.6248269	37.66765
510	8.35668	-23.0498	31.4065	0.739447	0.260553	3.159321	0.795274	0.357682	0.234874	0.0911634	0.0851921	0.00841711	0.00682206	0	1.903871	1.846248	0.2605525	0.7394475	70.18559
520	6.48397	-19.3557	25.8397	0.68213	0.31787	2.06152	0.769597	0.358715	0.238832	0.091753	0.083597	0.00841471	0.00711382	0	7.47067	1.806677	0.3178705	0.6821295	64.07334
530	8.24056	-22.5948	30.8354	0.974328	0.0256721	4.608339	0.769232	0.361682	0.239331	0.0918177	0.0848417	0.0083158	0.00710193	0	2.474985	1.84817	0.02567213	0.9743279	70.49685
540	6.47222	-19.3576	25.8298	0.63658	0.36342	1.89091	0.776074	0.361695	0.241028	0.090984	0.0853478	0.0083574	0.00709284	0	7.480574	1.835543	0.3634201	0.6365799	68.4768
550	4.99049	-18.9186	23.9091	0.494665	0.505335	4.007118	0.790339	0.369231	0.242171	0.0910566	0.0834802	0.00844196	0.00706184	0	9.401273	1.947695	0.5053355	0.4946645	88.65334
560	6.96152	-24.4769	31.4384	0.648158	0.351842	4.550683	0.790523	0.368985	0.239346	0.0907785	0.0852233	0.00842505	0.00712631	0	1.87196	1.667064	0.3518415	0.6481585	46.45842
570	7.7833	-20.5699	28.3532	0.770028	0.229972	2.891894	0.801081	0.370689	0.237881	0.0904478	0.0830236	0.00838355	0.00712904	0	4.957121	1.710882	0.2299722	0.7700278	51.39041
580	7.47728	-23.632	31.1093	0.26547	0.73453	1.141553	0.802239	0.354279	0.233413	0.0907305	0.0827397	0.00845063	0.00681522	0	2.201101	1.906969	0.7345299	0.2654701	80.7178
590	6.11253	-20.4764	26.5889	0.966862	0.033138	3.627096	0.780215	0.356497	0.235558	0.0893525	0.0824931	0.00843293	0.00711085	0	6.721461	1.644435	0.03313798	0.966862	44.09967
600	9.31081	-20.931	30.2418	0.733743	0.266257	3.647453	0.778103	0.358921	0.242988	0.0925242	0.0829746	0.00857147	0.00712989	0	3.068547	1.996906	0.2662566	0.7337434	99.29022
610	8.69075	-21.1233	29.814	0.776396	0.223604	1.954608	0.770086	0.359674	0.241108	0.0926467	0.0821062	0.00846769	0.0070615	0	3.496332	1.923673	0.2236036	0.7763964	83.88274
620	7.47968	-22.2424	29.7221	0.655371	0.344629	4.421144	0.7937	0.354627	0.238912	0.0926679	0.0843753	0.00831405	0.0071251	0	3.588229	1.691565	0.3446286	0.6553714	49.15466
630	8.95911	-21.8645	30.8237	0.90312	0.0968804	3.977503	0.792796	0.356834	0.236972	0.0924701	0.0850735	0.00854439	0.00705192	0	2.486703	1.933229	0.09688037	0.9031196	85.74906
640	7.9	-20.6561	28.5561	0.896673	0.103327	4.927849	0.767797	0.370065	0.237622	0.0900367	0.0831633	0.00851906	0.00706435	0	4.754215	1.951661	0.1033273	0.8966727	89.46664
650	7.88686	-19.7482	27.6351	0.249838	0.750162	2.616509	0.798759	0.354086	0.240623	0.091188	0.0830191	0.00833762	0.00710187	0	5.675266	1.857148	0.7501621	0.2498379	71.96943
660	8.5938	-21.317	29.9109	0.423233	0.576767	2.836533	0.786332	0.365026	0.236559	0.0896801	0.0819729	0.00852123	0.00694336	0	3.399506	1.781144	0.5767672	0.4232328	60.41485
670	7.73229	-23.9572	31.6895	0.798031	0.201969	2.750884	0.807523	0.356838	0.235232	0.09106	0.0836664	0.00863457	0.00710449	0	1.62085	1.793717	0.2019695	0.7980305	62.18953
680	8.55085	-20.6221	29.1729	0.618606	0.381394	1.906553	0.786557	0.366901	0.236956	0.0890413	0.0853075	0.00871755	0.00685081	0	4.137438	1.939791	0.3813939	0.6186061	87.05447
690	7.3748	-19.1882	26.563	0.275596	0.724404	2.569022	0.785513	0.365588	0.234729	0.0907673	0.0831292	0.00847797	0.00700847	0	6.747361	1.963752	0.7244037	0.2755963	91.99238
700	7.3227	-19.693	27.0157	0.10066	0.89934	3.713572	0.798047	0.354914	0.237276	0.0897296	0.0818628	0.00847268	0.00712304	0	6.294681	1.862125	0.8993396	0.1006604	72.79894
710	8.80134	-21.6654	30.4667	0.32537	0.67463	3.715353	0.789236	0.358526	0.241159	0.0905595	0.0835484	0.00832789	0.00704128	0	2.843651	1.858657	0.6746295	0.3253705	72.21986
720	9.09795	-21.0689	30.1669	0.148377	0.851623	2.431802	0.786142	0.355489	0.236511	0.0888796	0.0838868	0.00866296	0.00699132	0	3.143484	1.988938	0.8516234	0.1483766	97.48504
730	8.81478	-22.2651	31.0798	0.73623	0.26377	4.427839	0.800583	0.354629	0.237216	0.0893233	0.0855095	0.00863044	0.00711834	0	2.230518	1.956628	0.2637702	0.7362298	90.49567
740	8.47886	-22.5871	31.0659	0.469183	0.530817	2.617363	0.799643	0.36169	0.242409	0.0918977	0.0841941	0.00863252	0.00688442	0	2.244422	1.821563	0.530817	0.469183	66.3075
750	8.83006	-20.2471	29.0772	0.0903124	0.909688	2.599547	0.798547	0.367933	0.241553	0.0914567	0.0843101	0.00860786	0.00699754	0	4.233191	1.950436	0.9096876	0.0903124	89.21455
760	6.51777	-19.4976	26.0154	0.861196	0.138804	2.562475	0.799128	0.366469	0.244771	0.0893543	0.0852968	0.00852568	0.0071325	0	7.294957	1.746372	0.1388041	0.8611959	55.76631
770	8.23445	-19.9834	28.2179	0.811488	0.188512	2.343778	0.806633	0.371482	0.244569	0.0907191	0.0847422	0.00836292	0.00705385	0	5.092502	1.887563	0.1885117	0.8114883	77.19033
780	8.98449	-21.4323	30.4167	0.537982	0.462018	4.156482	0.806164	0.370763	0.243326	0.0890652	0.0845803	0.00847094	0.00696209	0	2.893615	1.946888	0.4620181	0.5379819	88.48875
790	8.92228	-22.0307	30.953	0.194499	0.805501	4.523747	0.795717	0.368157	0.237896	0.0905373	0.0820337	0.00858647	0.00709883	0	2.357366	1.979105	0.8055013	0.1944987	95.30267
800	8.32814	-20.2729	28.601	0.191814	0.808186	3.122151	0.79141	0.36192	0.241506	0.0925915	0.0824421	0.00866783	0.00696827	0	4.709359	1.82385	0.8081864	0.1918136	66.65767
810	7.16373	-19.1024	26.2661	0.202078	0.797922	2.629495	0.803088	0.355528	0.242077	0.0923651	0.0834007	0.00851466	0.00698675	0	7.04427	1.959328	0.7979218	0.2020782	91.06009
820	6.15809	-25.0251	31.1832	0.634818	0.365182	1.582097	0.803247	0.363254	0.241727	0.0884837	0.0818027	0.00858593	0.00681212	0	2.127145	1.4442	0.3651815	0.6348185	27.80991
830	7.7224	-22.6799	30.4023	0.514467	0.485533	3.17033	0.790517	0.355766	0.234889	0.0906277	0.0819152	0.00864554	0.00682884	0	2.908051	1.610455	0.485533	0.514467	40.78076
840	8.03064	-20.2044	28.235	0.914005	0.0859952	4.312682	0.768965	0.361765	0.236486	0.0883518	0.0820754	0.00855812	0.00680563	0	5.07532	1.930477	0.08599516	0.9140048	85.20739
850	7.70311	-23.7411	31.4442	0.398832	0.601168	1.634449	0.77059	0.365345	0.234842	0.090168	0.0838329	0.0086938	0.00694134	0	1.866115	1.914596	0.6011677	0.3988323	82.14781
860	6.77161	-23.137	29.9086	0.916235	0.0837652	0.9876202	0.773516	0.371119	0.243745	0.0924131	0.0851071	0.00847746	0.00687087	0	3.401766	1.54002	0.08376525	0.9162348	34.67532
870	7.70274	-24.1401	31.8428	0.764585	0.235415	4.91197	0.780227	0.364936	0.241931	0.0903993	0.0838658	0.00854095	0.00703409	0	1.467551	1.917169	0.2354149	0.7645851	82.63588
880	8.53158	-19.5854	28.1169	0.746697	0.253303	3.107734	0.774797	0.370418	0.239222	0.0918228	0.0843207	0.00868259	0.00710416	0	5.193423	1.993904	0.2533026	0.7466974	98.60612
890	7.85462	-21.3759	29.2305	0.997552	0.00244825	1.165918	0.76836	0.368079	0.239746	0.0924557	0.0853916	0.00855471	0.00710263	0	4.079829	1.855302	0.002448251	0.9975517	71.66414
900	7.42401	-24.0944	31.5184	0.0778678	0.922132	1.586796	0.776442	0.369172	0.23807	0.0925838	0.0852687	0.00860747	0.00689942	0	1.791949	1.84395	0.9221322	0.07786783	69.81513
910	8.49518	-21.0601	29.5552	0.369501	0.630499	3.466712	0.798998	0.37158	0.234016	0.0899503	0.0854913	0.00855172	0.00692542	0	3.755112	1.794891	0.630499	0.369501	62.35779
920	5.97841	-18.8694	24.8478	0.909552	0.0904476	3.059038	0.783899	0.355181	0.234826	0.0907395	0.0826648	0.00830231	0.00703652	0	8.46258	1.911467	0.09044759	0.9095524	81.55813
930	9.19153	-21.6672	30.8587	0.69959	0.30041	3.425249	0.807934	0.357786	0.238093	0.0921299	0.08201	0.00829012	0.00691278	0	2.451676	1.984044	0.3004102	0.6995898	96.39272
940	6.00804	-21.6146	27.6227	0.0503949	0.949605	1.707768	0.796371	0.356789	0.238939	0.0926906	0.0824447	0.00858485	0.00708183	0	5.687679	1.375797	0.9496051	0.05039487	23.75731
950	9.06853	-20.9006	29.9691	0.391977	0.608023	3.010798	0.803024	0.356123	0.242578	0.0917707	0.0828668	0.00870524	0.00684002	0	3.341235	1.916716	0.6080234	0.3919766	82.54974
960	7.43175	-23.3691	30.8009	0.452609	0.547391	4.094204	0.796995	0.36031	0.241271	0.0903578	0.0826988	0.00863354	0.00696162	0	2.509507	1.634796	0.5473909	0.4526091	43.13168
970	4.79962	-19.6047	24.4043	0.464918	0.535082	3.112051	0.798246	0.366498	0.240913	0.0886582	0.0853302	0.00864375	0.00699244	0	8.906031	1.648344	0.5350824	0.4649176	44.49839
980	6.55973	-20.3578	26.9175	0.965967	0.0340327	4.808992	0.804188	0.368672	0.240151	0.0885194	0.0844961	0.00864391	0.00704639	0	6.392859	1.859047	0.0340327	0.9659673	72.28489
990	7.23517	-21.2298	28.465	0.237103	0.762897	1.465629	0.797511	0.367613	0.241103	0.0924341	0.084731	0.00848979	0.00705492	0	4.845383	1.603425	0.7628968	0.2371032	40.12594
1000	7.25846	-20.8622	28.1207	0.600957	0.399043	3.279952	0.784418	0.357724	0.238818	0.0917879	0.0841214	0.00846428	0.00709797	0	5.189693	1.645893	0.3990432	0.6009568	44.24795
1010	8.03109	-20.5487	28.5798	0.195241	0.804759	3.998362	0.806317	0.369895	0.241052	0.0889149	0.0852395	0.00865647	0.00692846	0	4.730599	1.82798	0.8047589	0.1952411	67.29464
1020	6.71022	-24.175	30.8852	0.897217	0.102783	5.294643	0.808025	0.363631	0.240524	0.0898617	0.0825104	0.00870956	0.00696777	0	2.425157	1.686119	0.1027829	0.8972171	48.5422
1030	7.33161	-22.3013	29.6329	0.45412	0.54588	4.86499	0.799121	0.363137	0.236348	0.0899518	0.081666	0.00830016	0.00694834	0	3.677484	1.730476	0.5458802	0.4541198	53.76213
1040	8.05303	-20.9166	28.9696	0.870611	0.129389	1.547847	0.79181	0.355315	0.237227	0.0910001	0.0842849	0.00830823	0.00697775	0	4.340769	1.837099	0.1293889	0.8706111	68.72246
1050	4.98191	-23.2334	28.2153	0.563984	0.436016	5.695361	0.775183	0.356558	0.239358	0.092369	0.0835191	0.00853387	0.00704976	0	5.095091	1.595166	0.4360158	0.5639842	39.37009
1060	5.78121	-25.4387	31.2199	0.453357	0.546643	4.351724	0.768905	0.365724	0.234281	0.0900304	0.0817148	0.00868746	0.00694496	0	2.090429	1.457797	0.5466432	0.4533568	28.69441
1070	8.40858	-19.8041	28.2127	0.733157	0.266843	2.908918	0.774014	0.368713	0.238431	0.0899988	0.0840075	0.00844714	0.00692542	0	5.097675	1.928027	0.2668434	0.7331566	84.72805
1080	7.9855	-20.084	28.0695	0.755902	0.244098	4.470544	0.770146	0.368907	0.243077	0.0912615	0.084265	0.00845612	0.00701141	0	5.240897	1.971938	0.2440981	0.7559019	93.74272
1090	6.8682	-23.6259	30.4941	0.7166	0.2834	3.101694	0.7818	0.369852	0.238118	0.0882632	0.0850222	0.00858562	0.00700762	0	2.816259	1.482616	0.2834005	0.7165995	30.38196
1100	7.16443	-21.2315	28.396	0.492887	0.507113	2.094156	0.798191	0.366135	0.239337	0.0888592	0.0825158	0.00849684	0.00698769	0	4.914388	1.558771	0.507113	0.492887	36.2052
1110	9.14319	-20.3866	29.5298	0.737846	0.262154	2.841362	0.792223	0.353391	0.238171	0.0886057	0.0854814	0.00866994	0.00708015	0	3.780594	1.989482	0.2621541	0.7378459	97.6072
1120	5.66764	-19.0965	24.7641	0.784554	0.215446	1.663686	0.785275	0.353325	0.234555	0.088994	0.0831833	0.00854421	0.00697669	0	8.546237	1.904863	0.2154464	0.7845536	80.32734
1130	5.32133	-21.4258	26.7471	0.66332	0.33668	3.503697	0.788371	0.361436	0.235063	0.0901901	0.0842094	0.00866238	0.00707434	0	6.563263	1.477816	0.3366798	0.6633202	30.04806
1140	8.40957	-22.3567	30.7663	0.793791	0.206209	3.570729	0.803545	0.363995	0.239106	0.0915757	0.0827698	0.0085261	0.00713628	0	2.54409	1.775811	0.2062085	0.7937915	59.67756
1150	8.92983	-20.1015	29.0313	0.0138131	0.986187	2.931712	0.798013	0.36782	0.24439	0.0896033	0.0821294	0.00869526	0.00698989	0	4.279008	1.977032	0.9861869	0.01381306	94.84888
1160	7.74893	-21.8403	29.5892	0.328534	0.671466	2.659938	0.779696	0.364447	0.24261	0.0888677	0.0825876	0.00857983	0.00705567	0	3.721146	1.592103	0.6714659	0.3285341	39.09333
1170	7.78151	-19.8713	27.6528	0.620766	0.379234	3.545384	0.805412	0.360394	0.242816	0.0889146	0.0817086	0.00857504	0.00710759	0	5.657523	1.851853	0.3792341	0.6207659	71.09734
1180	9.07945	-21.3835	30.463	0.389425	0.610575	3.593101	0.805856	0.357503	0.241326	0.0883384	0.0821389	0.00870052	0.00703898	0	2.84739	1.917125	0.6105754	0.3894246	82.62761
1190	3.95053	-24.7514	28.7019	0.412373	0.587627	3.014962	0.793175	0.36133	0.236574	0.0889681	0.0823561	0.00860902	0.00703234	0	4.608413	1.13378	0.5876273	0.4123727	13.60755
1200	7.1483	-25.0689	32.2172	0.33631	0.66369	3.573679	0.776125	0.35643	0.233004	0.0900276	0.0829887	0.00855296	0.00706951	0	1.0932	1.866292	0.6636897	0.3363103	73.50076
1210	7.49332	-20.081	27.5743	0.780368	0.219632	1.669971	0.777162	0.370521	0.237158	0.0916829	0.085393	0.00871365	0.00712116	0	5.73608	1.816361	0.2196322	0.7803678	65.51804
1220	8.3194	-20.3155	28.6349	0.682455	0.317545	1.754213	0.778676	0.368712	0.244448	0.0927517	0.0825135	0.00868253	0.00702376	0	4.675454	1.993024	0.3175447	0.6824553	98.40662
1230	7.31156	-19.4689	26.7804	0.396176	0.603824	1.999671	0.770047	0.364053	0.243163	0.0910084	0.0813121	0.00850352	0.00709982	0	6.529936	1.924268	0.6038238	0.3961762	83.99774
1240	9.0476	-21.7265	30.7741	0.0873944	0.912606	2.956669	0.774926	0.360775	0.241127	0.0895474	0.0846261	0.00839534	0.00702302	0	2.53629	1.929332	0.9126056	0.08739435	84.98307
1250	8.55948	-21.2343	29.7937	0.0122145	0.987786	1.69068	0.80026	0.358096	0.235287	0.0919671	0.0813331	0.00840401	0.00683857	0	3.516615	1.976227	0.9877855	0.01221445	94.67317
1260	8.31161	-22.0421	30.3537	0.621349	0.378651	2.290222	0.787282	0.355675	0.241521	0.0915829	0.0816545	0.00839025	0.00680289	0	2.956608	1.743834	0.3786512	0.6213488	55.4414
1270	7.79231	-21.8905	29.6829	0.00210443	0.997896	4.041434	0.795888	0.367838	0.244226	0.0912752	0.0833995	0.00838852	0.00685402	0	3.627497	1.685149	0.9978956	0.002104432	48.4338
1280	8.11484	-22.4509	30.5657	0.709884	0.290116	4.855214	0.775311	0.362414	0.239066	0.0917694	0.0814253	0.00843166	0.00702938	0	2.744624	1.845079	0.2901162	0.7098838	69.99688
1290	8.77891	-21.7749	30.5538	0.896067	0.103933	2.463753	0.789745	0.361856	0.235059	0.0903394	0.0841474	0.00858784	0.00708573	0	2.756509	1.865884	0.1039325	0.8960675	73.43176
1300	8.01174	-20.4323	28.4441	0.566491	0.433509	3.490438	0.768059	0.365589	0.240418	0.0896223	0.0853811	0.0087187	0.00694262	0	4.86628	1.787895	0.4335088	0.5664912	61.36132
1310	8.44202	-22.0342	30.4762	0.283605	0.716395	4.837256	0.786008	0.370872	0.240147	0.0921554	0.0852816	0.00829437	0.00701941	0	2.834137	1.905519	0.716395	0.283605	80.44874
1320	8.64309	-21.3556	29.9987	0.888759	0.111241	4.849377	0.781649	0.364104	0.235355	0.0897491	0.0854695	0.00841145	0.00700634	0	3.311616	1.974501	0.1112412	0.8887588	94.29767
1330	6.92187	-23.551	30.4729	0.223206	0.776794	2.633225	0.782789	0.358822	0.235307	0.0923619	0.0842424	0.00848172	0.00684727	0	2.837445	1.435329	0.7767943	0.2232057	27.24767
1340	6.48004	-19.9567	26.4367	0.550561	0.449439	3.799538	0.771714	0.360677	0.23728	0.0912709	0.0838434	0.00844565	0.00685368	0	6.873657	1.767289	0.449439	0.550561	58.51789
1350	5.80876	-22.753	28.5617	0.0474209	0.952579	2.567707	0.791924	0.367636	0.239052	0.0927032	0.0852429	0.00837194	0.0069197	0	4.748641	1.301346	0.9525791	0.04742087	20.01455
1360	4.27236	-18.7576	23.0299	0.0285799	0.97142	2.678361	0.798594	0.369105	0.235277	0.0907757	0.0848288	0.00841615	0.00694999	0	10.28042	1.801073	0.9714201	0.02857994	63.25176
1370	6.60532	-21.9706	28.5759	0.0113275	0.988673	4.339185	0.77018	0.366892	0.239273	0.0895338	0.0846264	0.00859978	0.00685953	0	4.734414	1.590136	0.9886725	0.01132749	38.91666
1380	7.15243	-22.6394	29.7918	0.422127	0.577873	4.045547	0.778583	0.359966	0.236945	0.0885234	0.0839302	0.0085025	0.00689131	0	3.518559	1.58997	0.5778728	0.4221272	38.90179
1390	7.29569	-19.2208	26.5165	0.645854	0.354146	2.268204	0.797516	0.361125	0.238593	0.0894855	0.08216	0.00869928	0.00697899	0	6.793897	1.970182	0.354146	0.645854	93.36464
1400	8.74985	-21.9942	30.744	0.574729	0.425271	3.422557	0.771502	0.357988	0.240129	0.0925568	0.0837564	0.0087084	0.00680674	0	2.566348	1.842118	0.4252712	0.5747288	69.52131
1410	5.92606	-22.681	28.6071	0.306212	0.693788	6.358114	0.784143	0.366529	0.24494	0.0907455	0.0843818	0.00863182	0.00679956	0	4.703277	1.823384	0.6937881	0.3062119	66.58619
1420	8.2932	-21.7019	29.9951	0.91196	0.08804	3.88379	0.787729	0.366089	0.241759	0.0896083	0.084691	0.00869345	0.00704498	0	3.315265	1.768885	0.08804002	0.91196	58.73334
1430	7.35374	-24.5059	31.8596	0.669252	0.330748	3.977844	0.779256	0.369354	0.234867	0.0909448	0.0815058	0.00858884	0.00700955	0	1.450717	1.773531	0.3307477	0.6692523	59.36504
1440	8.77359	-22.2928	31.0664	0.508841	0.491159	3.082348	0.79452	0.368202	0.234327	0.0888211	0.0831844	0.00869075	0.00691149	0	2.244006	1.876368	0.4911595	0.5088405	75.22603
1450	8.88314	-21.393	30.2761	0.179234	0.820766	4.166503	0.792103	0.363628	0.233466	0.0920578	0.081824	0.00856307	0.00682251	0	3.034219	1.920225	0.8207661	0.1792339	83.2195
1460	7.64808	-23.4228	31.0709	0.0147869	0.985213	5.091283	0.807825	0.366717	0.242489	0.0910981	0.0848281	0.00850172	0.00681731	0	2.23947	1.777234	0.9852131	0.01478689	59.87343
1470	6.58953	-25.8439	32.4335	0.148878	0.851122	3.348024	0.782812	0.353954	0.235265	0.0884738	0.0831746	0.0083095	0.00678586	0	0.876896	1.943151	0.8511222	0.1488778	87.73055
1480	7.51089	-23.6538	31.1647	0.0633155	0.936685	3.052536	0.793705	0.354628	0.23737	0.090389	0.0850009	0.00850033	0.00687504	0	2.145659	1.568665	0.9366845	0.06331548	37.03947
1490	7.07587	-24.2981	31.374	0.631517	0.368483	2.680941	0.794404	0.371239	0.240151	0.0899879	0.0823063	0.0083847	0.00684885	0	1.936395	1.58448	0.3684834	0.6315166	38.41318
1500	8.41259	-22.4172	30.8298	0.613412	0.386588	2.050779	0.805954	0.367747	0.239158	0.0920989	0.0821869	0.00840872	0.007032	0	2.480541	1.849126	0.3865881	0.6134119	70.65223
1510	7.89625	-22.1116	30.0078	0.755723	0.244277	4.136752	0.780415	0.364743	0.23464	0.0927379	0.0814568	0.008412	0.00690262	0	3.302552	1.727179	0.2442774	0.7557226	53.3555
1520	5.80083	-24.0535	29.8543	0.486239	0.513761	0.3210648	0.768956	0.367794	0.234668	0.092045	0.0838092	0.0083233	0.00698813	0	3.456013	1.433967	0.5137611	0.4862389	27.16233
1530	7.22936	-22.8866	30.1159	0.125242	0.874758	0.9680327	0.782208	0.370562	0.237494	0.0927254	0.0850325	0.00829439	0.00697326	0	3.194415	1.642976	0.8747578	0.1252422	43.95172
1540	7.53915	-23.2584	30.7975	0.816726	0.183274	1.064469	0.787927	0.362897	0.2351	0.0927369	0.0839806	0.00831182	0.00682083	0	2.512821	1.875531	0.1832741	0.8167259	75.08108
1550	8.14837	-22.4045	30.5528	0.959399	0.0406009	2.55113	0.786244	0.365413	0.235399	0.092457	0.0838158	0.00831033	0.0070534	0	2.757513	1.702891	0.04060087	0.9593991	50.45345
1560	7.4441	-19.6154	27.0595	0.706341	0.293659	2.01819	0.772502	0.359723	0.23834	0.0925986	0.0839259	0.00844879	0.0069064	0	6.250818	1.888024	0.2936592	0.7063408	77.27241
1570	7.44765	-19.2165	26.6641	0.635362	0.364638	2.48637	0.807467	0.356364	0.236057	0.090205	0.0815681	0.00860726	0.00688338	0	6.646236	1.967144	0.3646381	0.6353619	92.71373
1580	7.70993	-24.0907	31.8006	0.0640163	0.935984	2.705804	0.804536	0.365236	0.241943	0.0915508	0.0822212	0.0085102	0.00695206	0	1.509779	1.794688	0.9359837	0.06401626	62.32865
1590	6.18489	-19.8617	26.0466	0.380302	0.619698	4.50185	0.803652	0.37063	0.237287	0.0915527	0.0831152	0.0083889	0.00706753	0	7.263746	1.874263	0.6196981	0.3803019	74.86226
1600	8.3667	-22.9586	31.3253	0.671734	0.328266	3.554768	0.779598	0.363199	0.238664	0.0883631	0.0836971	0.00861038	0.00699101	0	1.985012	1.82605	0.3282659	0.6717341	66.9962
1610	8.6782	-22.4129	31.0911	0.856975	0.143025	2.181795	0.773011	0.355595	0.236768	0.0905253	0.0848218	0.00835101	0.00713656	0	2.219271	1.984311	0.1430254	0.8569746	96.45185
1620	5.5473	-24.9447	30.492	0.915492	0.0845085	2.638507	0.794354	0.355521	0.237675	0.0888307	0.0849029	0.00858406	0.00706235	0	2.818325	1.307354	0.08450849	0.9154915	20.29335
1630	8.22733	-23.024	31.2513	0.445615	0.554385	5.259161	0.77817	0.354489	0.233818	0.0901247	0.0835287	0.00850762	0.00711443	0	2.059036	1.951783	0.5543847	0.4456153	89.49165
1640	4.44404	-18.7874	23.2314	0.961254	0.038746	1.65704	0.771306	0.364668	0.233375	0.0885362	0.0841202	0.00864624	0.00684998	0	10.07895	1.92337	0.03874602	0.961254	83.82438
1650	7.12232	-19.4758	26.5981	0.631947	0.368053	2.144332	0.776408	0.356901	0.234023	0.0906937	0.0845819	0.00868187	0.00702887	0	6.712271	1.842069	0.3680532	0.6319468	69.51342
1660	6.05588	-20.2395	26.2954	0.848901	0.151099	1.379382	0.798676	0.365039	0.233581	0.0905749	0.0847894	0.00865795	0.00709681	0	7.014961	1.611054	0.1510991	0.8489009	40.83698
1670	6.63983	-23.4926	30.1324	0.433546	0.566454	0.5569625	0.790067	0.36168	0.237327	0.0894842	0.0849534	0.00871979	0.0069112	0	3.177967	1.62038	0.5664543	0.4335457	41.72346
1680	4.66221	-21.3355	25.9977	0.679476	0.320524	0.1457673	0.806844	0.353906	0.242668	0.0898726	0.0826157	0.00856584	0.00707558	0	7.312674	1.48856	0.3205236	0.6794764	30.80068
1690	7.72901	-22.6787	30.4077	0.0863581	0.913642	1.525659	0.772577	0.358377	0.234662	0.0898733	0.0840487	0.00865537	0.00684608	0	2.902632	1.66346	0.9136419	0.08635811	46.07445
1700	6.62279	-23.0326	29.6554	0.665592	0.334408	6.302807	0.775494	0.353903	0.233227	0.0892855	0.0845188	0.00850006	0.00706617	0	3.654987	1.847702	0.3344084	0.6655916	70.42098
1710	9.12817	-20.5622	29.6903	0.128042	0.871958	2.839602	0.780605	0.367115	0.240893	0.0901432	0.0851104	0.0087123	0.00700888	0	3.620034	1.968027	0.8719581	0.1280419	92.90251
1720	7.60686	-19.7562	27.3631	0.164438	0.835562	2.118579	0.768351	0.364746	0.244466	0.0891901	0.085556	0.00836119	0.00699852	0	5.947289	1.854603	0.8355615	0.1644385	71.54891
1730	9.06291	-20.3454	29.4083	0.950616	0.0493835	3.180767	0.806254	0.363493	0.242992	0.0913392	0.0836331	0.00832329	0.00697925	0	3.902078	1.973336	0.04938355	0.9506165	94.04516
1740	8.68224	-22.7443	31.4265	0.750583	0.249417	2.806963	0.77972	0.369416	0.241795	0.0912483	0.0820147	0.00831239	0.00700174	0	1.88381	1.967857	0.2494169	0.7505831	92.86601
1750	5.31974	-20.142	25.4617	0.641869	0.358131	0.640167	0.781096	0.362066	0.243612	0.0906165	0.0822558	0.00855722	0.00703953	0	7.848618	1.736379	0.3581315	0.6418685	54.49785
1760	6.52784	-22.0866	28.6145	0.0793632	0.920637	5.314228	0.774629	0.356037	0.24402	0.089971	0.0833477	0.00836031	0.00706226	0	4.695871	1.724982	0.9206368	0.07936324	53.08621
1770	8.70166	-20.2332	28.9348	0.980476	0.0195243	3.837754	0.781093	0.354515	0.242942	0.0896098	0.0839803	0.00845533	0.00709525	0	4.375522	1.949649	0.01952435	0.9804757	89.05309
1780	8.23788	-23.137	31.3749	0.521195	0.478805	4.621258	0.807401	0.365149	0.243634	0.0900048	0.0848107	0.00849141	0.00704379	0	1.935472	1.885229	0.4788052	0.5211948	76.77664
1790	8.95714	-21.7038	30.6609	0.500291	0.499709	2.343768	0.8075	0.363033	0.245193	0.0920848	0.0837563	0.00852287	0.00685014	0	2.64944	1.974311	0.4997088	0.5002912	94.25654
1800	7.223	-24.4568	31.6798	0.0423884	0.957612	1.427407	0.771417	0.367428	0.243829	0.0902221	0.0830708	0.00852267	0.00680062	0	1.63057	1.982117	0.9576116	0.04238839	95.96586
1810	8.10922	-22.2951	30.4043	0.545498	0.454502	4.58085	0.780783	0.357452	0.237551	0.0898365	0.0826866	0.00847277	0.00696822	0	2.906072	1.803967	0.4545024	0.5454976	63.67466
1820	7.53062	-24.4449	31.9755	0.683745	0.316255	5.158736	0.774861	0.361548	0.23359	0.0913215	0.0829368	0.00836543	0.00702087	0	1.334812	1.957562	0.316255	0.683745	90.69064
1830	6.97982	-21.5877	28.5676	0.798964	0.201036	2.17501	0.80171	0.365805	0.233705	0.0916234	0.0848817	0.00846369	0.00685659	0	4.742791	1.52064	0.2010355	0.7989645	33.16197
1840	7.31992	-19.9972	27.3171	0.860488	0.139512	2.924507	0.790678	0.366401	0.233365	0.0924493	0.085331	0.00866467	0.00682477	0	5.993237	1.742963	0.1395117	0.8604883	55.33032
1850	6.43972	-25.7	32.1398	0.411964	0.588036	4.32832	0.79242	0.356785	0.237241	0.0915187	0.0852269	0.00867694	0.00685105	0	1.170598	1.709689	0.588036	0.411964	51.24943
1860	7.83174	-22.8812	30.713	0.653128	0.346872	3.468653	0.780029	0.368047	0.234111	0.0921058	0.0851352	0.00863318	0.00682385	0	2.597372	1.660314	0.3468719	0.6531281	45.74193
1870	6.87535	-22.6165	29.4918	0.62247	0.37753	2.074071	0.77392	0.358633	0.245135	0.0919916	0.0852611	0.00849191	0.00692275	0	3.818556	1.451631	0.3775304	0.6224696	28.28988
1880	7.53343	-23.7776	31.3111	0.636478	0.363522	5.503697	0.807789	0.357036	0.243777	0.0884871	0.084913	0.00869139	0.00681442	0	1.999278	1.865026	0.3635218	0.6364782	73.2868
1890	8.39814	-20.8678	29.266	0.706429	0.293571	1.720971	0.80372	0.363059	0.2439	0.0887415	0.0851527	0.00859754	0.00692723	0	4.044387	1.905643	0.2935707	0.7064293	80.47169
1900	7.1231	-22.3569	29.48	0.625907	0.374093	4.174808	0.787712	0.371712	0.243698	0.0893361	0.0814789	0.00867579	0.00713265	0	3.830311	1.611081	0.3740931	0.6259069	40.83953
1910	6.45879	-19.1787	25.6375	0.221961	0.778039	4.090072	0.795485	0.367823	0.243254	0.0912898	0.0816242	0.00860563	0.00694809	0	7.672825	1.974999	0.7780385	0.2219615	94.40584
1920	8.73529	-20.2434	28.9787	0.0145229	0.985477	4.181386	0.804646	0.364685	0.243764	0.0904022	0.08215	0.00867347	0.00680629	0	4.331703	1.998128	0.9854771	0.0145229	99.56979
1930	9.14686	-21.4823	30.6292	0.803498	0.196502	3.62707	0.77751	0.364463	0.243074	0.0896321	0.0826556	0.00862232	0.00704311	0	2.681199	1.947875	0.1965017	0.8034983	88.69005
1940	7.27387	-20.3571	27.631	0.272639	0.727361	1.64558	0.773745	0.368498	0.242651	0.0923584	0.0825512	0.00867621	0.00689437	0	5.679386	1.716586	0.7273612	0.2726388	52.0698
1950	6.8257	-21.7742	28.5999	0.2985	0.7015	5.081354	0.77581	0.366726	0.242788	0.0907219	0.0825236	0.00870391	0.00686488	0	4.710493	1.744582	0.7014999	0.2985001	55.53695
1960	7.86386	-22.8638	30.7277	0.252787	0.747213	1.371935	0.776801	0.368704	0.238706	0.0918467	0.083472	0.00868906	0.00697717	0	2.58268	1.822153	0.7472131	0.2527869	66.39772
1970	7.01837	-19.7224	26.7407	0.356378	0.643622	1.883698	0.799333	0.364492	0.237212	0.0923521	0.0819291	0.00845755	0.00694404	0	6.569608	1.795379	0.6436216	0.3563784	62.42788
1980	6.98872	-20.0497	27.0384	0.763203	0.236797	2.445863	0.796405	0.361557	0.242539	0.0917372	0.0844437	0.00842	0.00686474	0	6.27196	1.692099	0.2367968	0.7632032	49.21522
1990	6.42096	-20.4623	26.8833	0.0964364	0.903564	1.53396	0.786563	0.36113	0.237368	0.0916544	0.0842041	0.00834927	0.00687311	0	6.427096	1.591105	0.9035636	0.0964364	39.00362
2000	8.10032	-21.1654	29.2657	0.186025	0.813975	1.94187	0.788892	0.353344	0.235553	0.0894742	0.0843895	0.00829822	0.00690671	0	4.044652	1.730733	0.8139746	0.1860254	53.79388
2010	7.91019	-22.5129	30.4231	0.426193	0.573807	2.780997	0.779167	0.354683	0.235462	0.0892941	0.0830131	0.00860525	0.00713469	0	2.88727	1.621039	0.5738074	0.4261926	41.78681
2020	7.59982	-20.289	27.8888	0.859106	0.140894	3.914577	0.790063	0.355169	0.235533	0.0904337	0.0849759	0.00837092	0.00713121	0	5.421521	1.814841	0.1408937	0.8591063	65.28919
2030	7.92912	-20.7569	28.686	0.106555	0.893445	3.824324	0.781447	0.35436	0.24159	0.0915786	0.082557	0.00846208	0.00711764	0	4.624378	1.7686	0.893445	0.106555	58.69487
2040	7.47469	-23.5168	30.9915	0.0872205	0.91278	1.007735	0.79517	0.360016	0.241355	0.0909146	0.0851626	0.00854192	0.00712658	0	2.318889	1.929816	0.9127795	0.08722049	85.07772
2050	7.6937	-19.4059	27.0996	0.102109	0.897891	2.973748	0.795815	0.357514	0.243958	0.0910197	0.0845596	0.00869523	0.00686357	0	6.210757	1.911873	0.8978908	0.1021092	81.63427
2060	7.80671	-23.4541	31.2609	0.770789	0.229211	5.148708	0.771052	0.356441	0.24268	0.0898489	0.0816059	0.00868733	0.00684932	0	2.049507	1.862737	0.2292109	0.7707891	72.90157
2070	7.19791	-23.9613	31.1592	0.604664	0.395336	0.8984445	0.775247	0.360017	0.23864	0.0899241	0.0831198	0.00850796	0.00710221	0	2.151166	1.966753	0.395336	0.604664	92.63033
2080	8.96503	-21.9229	30.8879	0.363902	0.636098	3.830151	0.78781	0.36955	0.237964	0.0898363	0.0833494	0.00866713	0.00703828	0	2.422449	1.918782	0.6360985	0.3639015	82.94349
2090	4.25943	-26.6408	30.9003	0.396808	0.603192	8.539983	0.786451	0.366116	0.235029	0.0904414	0.0819221	0.00868869	0.00706776	0	2.410082	1.859458	0.603192	0.396808	72.35322
2100	6.70503	-23.5727	30.2778	0.145967	0.854033	6.751603	0.780789	0.370189	0.241946	0.0916334	0.0825398	0.0087146	0.00705163	0	3.03259	1.905063	0.8540331	0.1459669	80.36435
2110	8.78744	-21.575	30.3624	0.729647	0.270353	4.846913	0.778508	0.367841	0.236058	0.0926105	0.0853929	0.00855736	0.00696134	0	2.947936	1.990246	0.2703531	0.7296469	97.77914
2120	8.68183	-21.3571	30.0389	0.206564	0.793436	2.854997	0.785266	0.368551	0.243392	0.0909897	0.0841802	0.00836125	0.0068031	0	3.271427	1.804057	0.7934359	0.2065641	63.68798
2130	8.08575	-21.6613	29.747	0.415292	0.584708	4.499506	0.787675	0.367158	0.244208	0.0896035	0.08195	0.00851835	0.00692056	0	3.563328	1.807446	0.584708	0.415292	64.18691
2140	7.68465	-23.2304	30.9151	0.126099	0.873901	1.648604	0.794282	0.371577	0.237222	0.0884395	0.0834901	0.00836124	0.00686425	0	2.395271	1.699258	0.8739015	0.1260985	50.03314
2150	7.41163	-20.1656	27.5772	0.457562	0.542438	3.462983	0.773707	0.369999	0.236048	0.0881591	0.0832588	0.00832724	0.00680254	0	5.733112	1.771485	0.5424378	0.4575622	59.08607
2160	8.29234	-21.7321	30.0244	0.737784	0.262216	1.641907	0.775549	0.370796	0.236813	0.0888302	0.0824093	0.00829407	0.00681716	0	3.285964	1.846303	0.262216	0.737784	70.19443
2170	5.64357	-25.5428	31.1864	0.75479	0.24521	2.204916	0.793068	0.358837	0.236073	0.0887557	0.0846868	0.00851137	0.00691788	0	2.123952	1.350511	0.2452097	0.7547903	22.41355
2180	9.11937	-21.4512	30.5706	0.559288	0.440712	3.325532	0.799976	0.353598	0.233935	0.0898909	0.083891	0.00859378	0.00707705	0	2.739792	1.926905	0.4407124	0.5592876	84.50936
2190	8.19802	-23.2503	31.4483	0.973858	0.0261423	4.631001	0.793185	0.367427	0.237429	0.0914297	0.0831509	0.00859341	0.00703705	0	1.862058	1.899638	0.02614227	0.9738577	79.36658
2200	6.68462	-22.6186	29.3032	0.0537069	0.946293	5.520346	0.768882	0.35328	0.235613	0.0889628	0.0833999	0.00837292	0.00710245	0	4.007136	1.72544	0.9462931	0.05370691	53.14222
2210	8.14539	-23.1496	31.295	0.185915	0.814085	4.399829	0.795994	0.353772	0.243158	0.0900172	0.0854785	0.0083995	0.00700846	0	2.015343	1.816983	0.8140849	0.1859151	65.61193
2220	6.87327	-22.7241	29.5974	0.0807031	0.919297	6.759948	0.796517	0.357881	0.236857	0.0895215	0.0821309	0.00849423	0.006963	0	3.712954	1.999939	0.9192969	0.08070306	99.98606
2230	4.90556	-26.9153	31.8209	0.803496	0.196504	5.575226	0.806869	0.360575	0.242984	0.0903328	0.0828719	0.0084221	0.00681398	0	1.489453	1.589664	0.1965036	0.8034964	38.8744
2240	7.61236	-22.8912	30.5036	0.534028	0.465972	5.308972	0.790523	0.361823	0.24072	0.0905471	0.0825448	0.00832087	0.00686749	0	2.806781	1.821087	0.4659723	0.5340277	66.23486
2250	7.65483	-22.7576	30.4125	0.723199	0.276801	2.321192	0.788271	0.359929	0.242019	0.0906137	0.0817238	0.00829773	0.00680662	0	2.897882	1.60291	0.2768012	0.7231988	40.07839
2260	8.60665	-20.6432	29.2498	0.51496	0.48504	3.113188	0.804103	0.355866	0.241528	0.0908677	0.0833462	0.00830579	0.00687517	0	4.060508	1.840117	0.48504	0.51496	69.20172
2270	7.67534	-22.3844	30.0598	0.76807	0.23193	1.292877	0.798845	0.370474	0.241495	0.090712	0.0836412	0.00859243	0.00686922	0	3.25058	1.717964	0.2319302	0.7680698	52.23524
2280	4.70115	-22.3608	27.0619	0.557916	0.442084	4.843289	0.777741	0.364574	0.244842	0.0904111	0.0830913	0.00867041	0.00692467	0	6.248451	1.52878	0.4420844	0.5579156	33.78934
2290	6.15328	-24.5114	30.6646	0.11189	0.88811	2.907348	0.774873	0.359625	0.238288	0.0904439	0.0823886	0.0086007	0.0070928	0	2.645728	1.309796	0.8881095	0.1118905	20.40781
2300	5.08811	-24.7327	29.8208	0.913243	0.0867571	4.151361	0.783668	0.361679	0.238351	0.0918784	0.0836566	0.0085408	0.0071178	0	3.489579	1.359622	0.08675707	0.9132429	22.88873
2310	6.66889	-21.4077	28.0766	0.471499	0.528501	2.957465	0.769989	0.356268	0.238452	0.0901325	0.081722	0.00852429	0.00712999	0	5.233787	1.516487	0.5285006	0.4714994	32.84637
2320	8.8119	-21.3566	30.1685	0.2158	0.7842	1.942375	0.779044	0.364763	0.243496	0.0884709	0.084915	0.00871934	0.0070576	0	3.141839	1.987417	0.7841997	0.2158003	97.14416
2330	7.11536	-19.7503	26.8657	0.876228	0.123772	2.527495	0.785537	0.37131	0.236576	0.0898491	0.0850468	0.00835824	0.00685747	0	6.444684	1.762385	0.1237715	0.8762285	57.86094
2340	8.32136	-19.6065	27.9278	0.906656	0.0933438	3.10945	0.770824	0.370608	0.241336	0.0884596	0.0843263	0.00834745	0.00694913	0	5.382509	1.966087	0.09334377	0.9066562	92.48834
2350	6.02016	-24.2886	30.3088	0.34775	0.65225	7.480876	0.77437	0.366086	0.237928	0.088581	0.0840561	0.00851393	0.00690261	0	3.00158	1.95068	0.6522503	0.3477497	89.26478
2360	6.50496	-25.7475	32.2525	0.47299	0.52701	4.324283	0.769008	0.358566	0.24035	0.091309	0.0844996	0.00841435	0.00691721	0	1.057885	1.787543	0.5270096	0.4729904	61.31171
2370	5.34876	-26.6918	32.0406	0.302416	0.697584	2.302766	0.770275	0.359872	0.240729	0.0902437	0.0854653	0.00850332	0.00698698	0	1.269773	1.415281	0.6975844	0.3024156	26.01844
2380	7.63741	-20.2246	27.862	0.0898485	0.910152	3.761022	0.770057	0.369796	0.23484	0.0912376	0.0852513	0.00870175	0.00708387	0	5.448383	1.795334	0.9101515	0.08984846	62.42146
2390	5.33734	-19.1226	24.4599	0.104868	0.895132	4.261141	0.773685	0.37136	0.233791	0.0917517	0.0828675	0.00855453	0.00708731	0	8.850448	1.95127	0.8951321	0.1048679	89.38619
2400	8.9452	-20.8879	29.8331	0.607271	0.392729	2.292902	0.787251	0.366298	0.233976	0.0905341	0.0820145	0.00847723	0.00711056	0	3.477257	1.95643	0.3927293	0.6072707	90.45449
2410	7.16792	-22.1122	29.2802	0.519381	0.480619	2.082337	0.769663	0.366596	0.235735	0.090795	0.0821013	0.00843172	0.00702183	0	4.03019	1.50428	0.4806191	0.5193809	31.93594
2420	6.97846	-20.6971	27.6755	0.515686	0.484314	2.05843	0.795255	0.371145	0.234077	0.0922616	0.0823295	0.0084585	0.00686698	0	5.634846	1.598721	0.4843139	0.5156861	39.69369
2430	7.53529	-24.6365	32.1718	0.0791724	0.920828	4.758213	0.801925	0.369562	0.234601	0.0909548	0.084321	0.00848562	0.00702712	0	1.138599	1.965865	0.9208276	0.07917243	92.44104
2440	7.75538	-23.7995	31.5549	0.760808	0.239192	2.255159	0.783418	0.35506	0.237458	0.0913363	0.0853983	0.00854462	0.00690757	0	1.755449	1.812124	0.2391924	0.7608076	64.88199
2450	6.00151	-20.7199	26.7214	0.596852	0.403148	5.63372	0.796456	0.368179	0.240227	0.092281	0.0854903	0.00858591	0.00692368	0	6.58899	1.93986	0.4031477	0.5968523	87.06831
2460	8.45753	-22.4819	30.9395	0.804898	0.195102	2.675606	0.778508	0.369943	0.241648	0.0925988	0.0840467	0.00839268	0.00699972	0	2.370881	1.802026	0.1951022	0.8048978	63.39073
2470	8.79812	-20.9358	29.734	0.913341	0.0866589	4.307655	0.769582	0.36294	0.239418	0.088906	0.084182	0.00870548	0.00710371	0	3.576384	1.938763	0.08665887	0.9133411	86.84856
2480	5.84705	-22.491	28.338	0.708241	0.291759	0.6859805	0.788574	0.367833	0.237465	0.0922894	0.0833491	0.00834753	0.0069191	0	4.972313	1.411285	0.2917592	0.7082408	25.78011
2490	8.50062	-23.0102	31.5108	0.376628	0.623372	4.525088	0.804456	0.361072	0.233915	0.0903195	0.084569	0.00843977	0.00688605	0	1.79954	1.959304	0.6233722	0.3766278	91.0551
2500	6.63594	-21.3612	27.9972	0.301093	0.698907	0.8429643	0.792942	0.364951	0.233709	0.0882239	0.0830877	0.008451	0.00679105	0	5.31319	1.612434	0.6989068	0.3010932	40.96696
2510	7.47466	-23.5175	30.9922	0.367532	0.632468	3.533053	0.79002	0.353276	0.233855	0.0895287	0.0824204	0.00858345	0.00701163	0	2.318175	1.601524	0.6324676	0.3675324	39.9507
2520	8.59876	-21.3153	29.914	0.0823745	0.917625	4.133382	0.800702	0.362071	0.241991	0.0900812	0.0825808	0.00854707	0.00701679	0	3.396348	1.853037	0.9176255	0.08237453	71.29143
2530	8.68355	-22.321	31.0046	0.293858	0.706142	2.484291	0.791962	0.364126	0.243676	0.0925471	0.0832629	0.00864266	0.00698702	0	2.305771	1.884166	0.7061418	0.2938582	76.58894
2540	8.13391	-21.9791	30.113	0.549002	0.450998	1.714141	0.789865	0.36885	0.241329	0.0924466	0.0813172	0.00828626	0.00692779	0	3.197347	1.763897	0.4509979	0.5490021	58.06267
2550	8.42905	-20.3633	28.7924	0.343104	0.656896	2.677197	0.801487	0.359789	0.235044	0.0923803	0.0824359	0.0084968	0.006868	0	4.518	1.832698	0.6568959	0.3431041	68.02964
2560	6.31049	-21.4835	27.794	0.330924	0.669076	2.718314	0.808087	0.35476	0.236403	0.0908946	0.0820961	0.00835969	0.00683833	0	5.516361	1.471572	0.6690764	0.3309236	29.61912
2570	8.83908	-21.2976	30.1367	0.617679	0.382321	2.211341	0.768412	0.363696	0.233564	0.0921351	0.0832592	0.00839021	0.00690837	0	3.173673	1.922147	0.3823207	0.6176793	83.58866
2580	8.43412	-21.6746	30.1088	0.258566	0.741434	2.213999	0.789156	0.357665	0.235708	0.0908024	0.0846943	0.0086482	0.00679254	0	3.201593	1.765338	0.7414341	0.2585659	58.25558
2590	6.87344	-21.0861	27.9595	0.744862	0.255138	0.6454092	0.772023	0.370633	0.235934	0.0918933	0.0832956	0.00828795	0.00692522	0	5.350818	1.833861	0.2551379	0.7448621	68.21203
2600	8.41623	-20.9902	29.4064	0.075971	0.924029	3.763231	0.804732	0.362969	0.235989	0.0921031	0.0822983	0.00832319	0.00709776	0	3.903961	1.807919	0.924029	0.07597099	64.25673
2610	8.79998	-21.4366	30.2366	0.214006	0.785994	3.524012	0.806535	0.369189	0.235396	0.0882269	0.0824947	0.0083617	0.00690794	0	3.07377	1.846458	0.7859941	0.2140059	70.21952
2620	7.98695	-20.0118	27.9988	0.46839	0.53161	1.741645	0.806802	0.371446	0.235377	0.0886387	0.0813186	0.00844211	0.0069422	0	5.311605	1.998818	0.5316101	0.4683899	99.72822
2630	5.38463	-25.7313	31.1159	0.487748	0.512252	7.173803	0.76981	0.360736	0.239869	0.090644	0.0843205	0.00838718	0.00710781	0	2.19445	1.77793	0.5122524	0.4877476	59.96939
2640	7.53043	-19.7188	27.2493	0.702494	0.297506	3.150589	0.772455	0.359365	0.244614	0.089075	0.0853185	0.00844237	0.00698146	0	6.06108	1.827973	0.2975057	0.7024943	67.29345
2650	8.47657	-21.2714	29.748	0.103097	0.896903	3.113297	0.780403	0.368608	0.233149	0.0886849	0.0850599	0.0085228	0.00707259	0	3.562379	1.749025	0.896903	0.103097	56.10805
2660	8.35103	-21.0452	29.3963	0.758438	0.241562	3.109623	0.803347	0.366235	0.236763	0.0906852	0.0845724	0.00841326	0.00713759	0	3.914095	1.755119	0.2415622	0.7584378	56.90089
2670	4.65742	-26.9436	31.601	0.662811	0.337189	6.314575	0.797039	0.369695	0.242016	0.0912839	0.0846018	0.00836765	0.00711046	0	1.709313	1.601837	0.3371892	0.6628108	39.97945
2680	8.61911	-21.5565	30.1756	0.821707	0.178293	4.767017	0.775597	0.367537	0.244513	0.0927773	0.0825439	0.00828503	0.00710347	0	3.134746	1.948128	0.1782927	0.8217073	88.74172
2690	8.62176	-20.3502	28.9719	0.717582	0.282418	3.241611	0.770103	0.368512	0.238676	0.0921202	0.0839851	0.00856311	0.00699601	0	4.338446	1.872055	0.2824179	0.7175821	74.48257
2700	3.91906	-20.0399	23.959	0.282674	0.717326	0.8728523	0.795533	0.369721	0.236645	0.0917235	0.0824828	0.00848703	0.00703868	0	9.351363	1.51598	0.7173259	0.2826741	32.80799
2710	8.35946	-19.6637	28.0231	0.860831	0.139169	2.525131	0.791731	0.364825	0.237115	0.0922149	0.0842157	0.00859703	0.0070434	0	5.287241	1.978575	0.1391692	0.8608308	95.18645
2720	8.70532	-21.8251	30.5304	0.794223	0.205777	3.268062	0.805486	0.362701	0.240915	0.0903049	0.0853232	0.00845019	0.00712962	0	2.779958	1.817591	0.2057767	0.7942233	65.70387
2730	5.52832	-26.5298	32.0582	0.506543	0.493457	4.956423	0.799341	0.364766	0.24383	0.0897497	0.0849314	0.00851753	0.00710095	0	1.252193	1.611084	0.4934574	0.5065426	40.83985
2740	9.31036	-21.0605	30.3709	0.166585	0.833415	3.22065	0.802444	0.364017	0.238738	0.0912344	0.0829745	0.00843022	0.00702828	0	2.939465	1.996962	0.8334155	0.1665845	99.30299
2750	8.32037	-20.2195	28.5399	0.703967	0.296033	3.773115	0.777028	0.359288	0.239389	0.0912524	0.08417	0.00843593	0.00694602	0	4.770495	1.891576	0.2960331	0.7039669	77.90683
2760	8.4592	-22.1681	30.6273	0.264248	0.735752	5.208196	0.790069	0.365642	0.242187	0.0907036	0.081856	0.00846042	0.00698723	0	2.683085	1.966493	0.7357516	0.2642484	92.57484
2770	7.9065	-23.1796	31.0861	0.515361	0.484639	2.507123	0.767979	0.36339	0.238642	0.0901483	0.0819345	0.00867703	0.00711784	0	2.224207	1.68422	0.4846386	0.5153614	48.3303
2780	9.13508	-21.0869	30.222	0.139855	0.860145	2.680017	0.769965	0.366922	0.235095	0.0921672	0.0824853	0.00867315	0.00711973	0	3.088356	1.954349	0.8601453	0.1398547	90.02209
2790	7.28978	-20.477	27.7668	0.808128	0.191872	3.759805	0.800512	0.360332	0.237078	0.0913596	0.0822605	0.00866343	0.00708655	0	5.54355	1.737661	0.1918718	0.8081282	54.65887
2800	7.32674	-19.2445	26.5712	0.489604	0.510396	2.641802	0.795839	0.364033	0.240201	0.0927375	0.0816737	0.00846729	0.00711498	0	6.73914	1.917456	0.5103958	0.4896042	82.69058
2810	8.53878	-21.0985	29.6373	0.311054	0.688946	3.225104	0.778672	0.367904	0.244134	0.0900675	0.0825973	0.00862482	0.00690839	0	3.673055	1.784071	0.688946	0.311054	60.82351
2820	7.8884	-23.9967	31.8851	0.28694	0.71306	4.791135	0.770269	0.36588	0.242381	0.0888222	0.0849283	0.00830637	0.00681877	0	1.42522	1.947091	0.7130597	0.2869403	88.53009
2830	6.56821	-21.2959	27.8641	0.50083	0.49917	3.322111	0.787238	0.363366	0.244995	0.088251	0.0831133	0.00859517	0.00690765	0	5.446274	1.552063	0.49917	0.50083	35.65029
2840	5.93684	-24.3613	30.2981	0.653559	0.346441	0.4250924	0.784266	0.360314	0.240076	0.0891158	0.0828311	0.00870324	0.00689034	0	3.012263	1.490289	0.3464409	0.6535591	30.9235
2850	7.92157	-19.7293	27.6509	0.37791	0.62209	2.253729	0.769404	0.358293	0.237598	0.0882301	0.0824176	0.00850437	0.0069665	0	5.659499	1.902837	0.6220896	0.3779104	79.95336
2860	7.86392	-22.6477	30.5117	0.604002	0.395998	5.352808	0.79384	0.370462	0.235131	0.0888201	0.0843445	0.00845574	0.00703229	0	2.798705	1.869309	0.3959975	0.6040025	74.01309
2870	6.64872	-20.4946	27.1433	0.315924	0.684076	0.9226115	0.790897	0.362963	0.245145	0.0892369	0.0816682	0.00829929	0.00706545	0	6.167027	1.769429	0.6840762	0.3159238	58.80695
2880	5.13563	-23.0735	28.2091	0.554413	0.445587	3.936246	0.799986	0.358775	0.235099	0.0923624	0.081772	0.00868158	0.00686773	0	5.101208	1.391059	0.4455869	0.5544131	24.607
2890	6.80564	-25.1586	31.9643	0.538607	0.461393	2.448864	0.806148	0.353879	0.238292	0.0906563	0.0820678	0.00857	0.00685718	0	1.346077	1.723775	0.4613934	0.5386066	52.93892
2900	7.72891	-22.0461	29.775	0.854971	0.145029	3.313592	0.796331	0.354433	0.243068	0.0917608	0.0832003	0.00863878	0.00681966	0	3.535377	1.634057	0.1450293	0.8549707	43.05832
2910	6.1237	-25.4082	31.5319	0.856528	0.143472	0.9124254	0.776186	0.355802	0.238783	0.0922406	0.0847907	0.00850814	0.0069533	0	1.778419	1.728569	0.143472	0.856528	53.52647
2920	7.47977	-20.5093	27.9891	0.35731	0.64269	4.616189	0.771917	0.356703	0.233779	0.0924458	0.0823822	0.00854199	0.00689483	0	5.321283	1.875857	0.6426898	0.3573102	75.13751
2930	8.46449	-23.1546	31.619	0.279599	0.720401	2.890433	0.77617	0.355418	0.234798	0.0924697	0.0838245	0.00849803	0.0069263	0	1.691312	1.949722	0.7204015	0.2795985	89.06813
2940	5.46812	-24.8691	30.3372	0.471686	0.528314	3.201213	0.779038	0.353618	0.233832	0.0904178	0.0843892	0.00840736	0.00696088	0	2.973166	1.293004	0.5283145	0.4716855	19.63376
2950	4.16464	-20.5918	24.7565	0.628658	0.371342	1.638721	0.773346	0.356787	0.235674	0.090001	0.0843977	0.00839763	0.00712254	0	8.553878	1.39766	0.3713416	0.6286584	24.98391
2960	6.09857	-20.7322	26.8308	0.745042	0.254958	2.886911	0.771352	0.355958	0.24473	0.0907959	0.0845638	0.00861236	0.00714066	0	6.479577	1.539639	0.2549577	0.7450423	34.64491
2970	6.99258	-23.8934	30.886	0.152725	0.847275	2.087032	0.779242	0.359634	0.237334	0.0914232	0.0836952	0.00854421	0.00702665	0	2.424382	1.452777	0.8472748	0.1527252	28.36462
2980	7.15824	-23.0997	30.2579	0.634894	0.365106	4.959781	0.794417	0.35746	0.236936	0.0885548	0.0839903	0.00840004	0.006919	0	3.052454	1.697376	0.3651061	0.6348939	49.8168
2990	7.70903	-22.9157	30.6247	0.106634	0.893366	4.620163	0.807188	0.362583	0.233311	0.091489	0.0842512	0.00831774	0.00691962	0	2.685609	1.720726	0.8933658	0.1066342	52.56853
3000	8.39728	-20.276	28.6733	0.0175403	0.98246	2.52017	0.80211	0.356207	0.238978	0.0902149	0.0854977	0.00840626	0.00695193	0	4.637026	1.846679	0.9824597	0.01754032	70.25536
3010	7.01362	-19.8541	26.8678	0.549009	0.450991	4.364539	0.794592	0.365261	0.239347	0.0913234	0.0845842	0.00830398	0.00695998	0	6.442592	1.913567	0.450991	0.549009	81.95336
3020	7.87258	-19.3546	27.2272	0.41851	0.58149	3.167888	0.804573	0.371359	0.241616	0.0925762	0.0823823	0.00843325	0.00709836	0	6.083207	1.964311	0.5814898	0.4185102	92.1109
3030	3.12716	-21.977	25.1041	0.138035	0.861965	0.5719976	0.79839	0.36826	0.243277	0.0884465	0.0813507	0.00861527	0.0069832	0	8.206229	1.165372	0.8619646	0.1380354	14.63429
3040	7.68662	-23.9507	31.6373	0.677879	0.322121	2.200973	0.808066	0.358738	0.240812	0.0892004	0.0830641	0.00867411	0.00710473	0	1.673032	1.829142	0.3221211	0.6778789	67.47491
3050	8.43996	-20.5489	28.9888	0.985864	0.0141361	3.612511	0.783915	0.370619	0.238694	0.0906217	0.0854286	0.00869671	0.00710473	0	4.321546	1.84038	0.01413609	0.9858639	69.24359
3060	6.32365	-23.7415	30.0652	0.33321	0.66679	0.3362728	0.780373	0.35544	0.233675	0.0887642	0.0855463	0.00857978	0.00689407	0	3.245175	1.595297	0.6667895	0.3332105	39.38194
3070	5.08843	-23.6785	28.767	0.445273	0.554727	4.452674	0.78336	0.359171	0.234354	0.0914636	0.0840833	0.00836455	0.00713865	0	4.543377	1.402996	0.5547273	0.4452727	25.29276
3080	8.3859	-22.0253	30.4112	0.108312	0.891688	4.399892	0.768252	0.354472	0.236818	0.0890087	0.0848581	0.00832017	0.0068873	0	2.899147	1.828945	0.8916879	0.1083121	67.44427
3090	8.65388	-21.8715	30.5253	0.0553203	0.94468	2.405222	0.781946	0.355777	0.23384	0.0885164	0.0855344	0.00828943	0.00682966	0	2.78503	1.829189	0.9446797	0.05532033	67.48221
3100	8.50696	-20.2087	28.7156	0.475309	0.524691	4.122189	0.768871	0.356703	0.234509	0.0926892	0.0845671	0.00853923	0.00679603	0	4.594742	1.962802	0.5246908	0.4753092	91.79149
3110	8.13416	-22.9761	31.1102	0.194857	0.805143	2.589332	0.769166	0.355366	0.236489	0.0908263	0.0833048	0.00846708	0.00680637	0	2.200108	1.72933	0.8051431	0.1948569	53.62044
3120	7.37588	-20.1801	27.556	0.895571	0.104429	4.090863	0.784775	0.361267	0.237132	0.0912403	0.0825863	0.00837216	0.00705133	0	5.754374	1.836971	0.1044289	0.8955711	68.70226
3130	6.23894	-23.4195	29.6585	0.734512	0.265488	0.8111629	0.783071	0.365377	0.237271	0.0889519	0.0840172	0.00852532	0.00699504	0	3.651891	1.434092	0.2654879	0.7345121	27.17014
3140	7.75292	-24.332	32.0849	0.479392	0.520608	3.953497	0.798941	0.371093	0.233514	0.0912455	0.0816362	0.00840226	0.00711073	0	1.225409	1.94825	0.5206081	0.4793919	88.76674
3150	5.87034	-25.5858	31.4562	0.061539	0.938461	4.654455	0.803582	0.366368	0.236893	0.0923803	0.082496	0.00847041	0.00701566	0	1.854193	1.465773	0.938461	0.06153903	29.22626
3160	7.60333	-22.9538	30.5571	0.68626	0.31374	3.041958	0.776712	0.358516	0.235618	0.0923593	0.0844924	0.0084711	0.00702738	0	2.753225	1.593852	0.3137403	0.6862597	39.25115
3170	8.91971	-20.7521	29.6718	0.698157	0.301843	2.401527	0.779085	0.363138	0.235557	0.0889572	0.0837372	0.00869116	0.00682046	0	3.63852	1.934338	0.3018428	0.6981572	85.96825
3180	8.56815	-22.2213	30.7894	0.0486606	0.951339	2.358494	0.776103	0.365994	0.242107	0.0922254	0.0842005	0.00831706	0.0068616	0	2.520939	1.830617	0.9513394	0.04866062	67.70438
3190	8.33405	-21.6087	29.9428	0.450969	0.549031	3.11895	0.79024	0.368306	0.238921	0.0919875	0.0831664	0.00862698	0.00684397	0	3.36758	1.724182	0.5490313	0.4509687	52.98858
3200	7.21537	-20.7265	27.9418	0.53744	0.46256	1.464593	0.795897	0.364849	0.233938	0.0906662	0.082696	0.00854506	0.00683773	0	5.368514	1.680506	0.4625597	0.5374403	47.91877
3210	7.76116	-21.8724	29.6336	0.685282	0.314718	1.486676	0.787361	0.36368	0.237772	0.0896661	0.084078	0.00844919	0.00713529	0	3.676783	1.68576	0.3147182	0.6852818	48.50199
3220	7.64716	-19.7155	27.3627	0.0247446	0.975255	1.944288	0.789416	0.370094	0.23527	0.0895278	0.0855462	0.00857025	0.00696868	0	5.947657	1.919592	0.9752554	0.02474459	83.09827
3230	7.98286	-20.2666	28.2494	0.192933	0.807067	2.456988	0.781961	0.36848	0.235188	0.0885302	0.0841667	0.00864127	0.00682925	0	5.060931	1.771734	0.8070675	0.1929325	59.1199
3240	8.29694	-21.0246	29.3215	0.392213	0.607787	1.793049	0.788984	0.368512	0.238027	0.089747	0.0850361	0.00841365	0.00684665	0	3.988858	1.8308	0.6077873	0.3922127	67.73294
3250	7.35076	-20.2452	27.596	0.0518438	0.948156	2.853767	0.792078	0.365334	0.234661	0.0882994	0.0827946	0.00834196	0.00684793	0	5.714399	1.701422	0.9481562	0.0518438	50.28313
3260	8.39587	-23.412	31.8078	0.363922	0.636078	4.075471	0.800424	0.367106	0.23634	0.0885848	0.0827138	0.00847591	0.00710379	0	1.502516	1.978559	0.636078	0.363922	95.18298
3270	7.10239	-21.5332	28.6356	0.612262	0.387738	5.725762	0.799566	0.35428	0.234961	0.0903766	0.0822093	0.00834317	0.00685583	0	4.674728	1.928015	0.3877381	0.6122619	84.72559
3280	5.44305	-24.6754	30.1184	0.291299	0.708701	2.589028	0.805247	0.367539	0.240051	0.0907052	0.0827554	0.00839542	0.00691927	0	3.191957	1.229187	0.7087015	0.2912985	16.95069
3290	8.94126	-21.1882	30.1295	0.45025	0.54975	3.68665	0.800262	0.369879	0.240629	0.0926249	0.0833493	0.008358	0.00682429	0	3.180884	1.903516	0.5497499	0.4502501	80.07843
3300	6.82502	-25.3247	32.1497	0.62085	0.37915	5.443052	0.779444	0.368622	0.236823	0.0927285	0.0854224	0.00838509	0.00683411	0	1.160666	1.921849	0.3791502	0.6208498	83.53119
3310	8.30435	-20.7611	29.0654	0.970247	0.0297528	3.786908	0.777374	0.361003	0.235782	0.0903871	0.0846671	0.00830363	0.0068148	0	4.244925	1.833021	0.02975282	0.9702472	68.0802
3320	8.09462	-21.6155	29.7102	0.502119	0.497881	4.599809	0.782904	0.35463	0.238217	0.0890451	0.0842086	0.0084976	0.0068347	0	3.600196	1.829202	0.4978805	0.5021195	67.48411
3330	8.30657	-19.9616	28.2681	0.163419	0.836581	3.3445	0.769256	0.361733	0.243517	0.0907407	0.0854981	0.00849526	0.0069576	0	5.042216	1.890503	0.8365805	0.1634195	77.71461
3340	8.76933	-21.592	30.3613	0.378207	0.621793	3.812463	0.793506	0.370419	0.237392	0.0901764	0.0854022	0.00856168	0.00693359	0	2.949057	1.855616	0.6217926	0.3782074	71.71594
3350	6.29871	-23.9598	30.2585	0.281375	0.718625	7.286015	0.806647	0.354149	0.236089	0.0901462	0.0848003	0.00849609	0.00692345	0	3.051865	1.960906	0.7186248	0.2813752	91.3915
3360	7.34733	-19.2359	26.5832	0.402844	0.597156	2.298146	0.785976	0.367045	0.234699	0.0922045	0.085402	0.00843958	0.00689059	0	6.727147	1.989913	0.5971555	0.4028445	97.70404
3370	5.43512	-24.7581	30.1932	0.362547	0.637453	4.257151	0.777971	0.355345	0.244015	0.0903872	0.0819139	0.00849165	0.00713601	0	3.117176	1.370803	0.6374534	0.3625466	23.48566
3380	7.17551	-21.9043	29.0798	0.714438	0.285562	5.647567	0.783079	0.355906	0.241853	0.0888631	0.0818034	0.0086478	0.00683601	0	4.230589	1.87214	0.2855616	0.7144384	74.49722
3390	9.05812	-20.288	29.3461	0.0373071	0.962693	3.086609	0.802795	0.354715	0.244434	0.0901627	0.0817208	0.00867612	0.00691589	0	3.964275	1.975018	0.9626929	0.03730715	94.41
3400	6.68596	-21.1656	27.8516	0.738795	0.261205	0.4182977	0.791141	0.355965	0.243067	0.0887347	0.0814261	0.00845198	0.00702667	0	5.458779	1.960867	0.2612049	0.7387951	91.38338
3410	9.03916	-21.5515	30.5907	0.404686	0.595314	4.443154	0.803303	0.357344	0.244421	0.088528	0.0813663	0.00839947	0.00704621	0	2.719672	1.996256	0.5953144	0.4046856	99.14151
3420	6.07822	-24.9023	30.9805	0.748986	0.251014	5.648826	0.804003	0.365696	0.24158	0.0890191	0.0818569	0.00829003	0.00691056	0	2.329828	1.653594	0.2510142	0.7489858	45.03953
3430	8.40432	-21.1002	29.5045	0.298059	0.701941	1.555469	0.778152	0.364597	0.240782	0.088847	0.0833823	0.00851866	0.00679587	0	3.805821	1.968569	0.7019411	0.2980589	93.01834
3440	5.57671	-25.5514	31.1281	0.137609	0.862391	4.314923	0.795717	0.35443	0.242307	0.0887238	0.0839819	0.00857423	0.00693034	0	2.18222	1.37975	0.8623913	0.1376087	23.97452
3450	8.64902	-21.5628	30.2118	0.498106	0.501894	3.860567	0.770579	0.356515	0.239222	0.0898916	0.0817254	0.00850879	0.00695683	0	3.098547	1.836493	0.5018941	0.4981059	68.62666
3460	7.77384	-24.0437	31.8175	0.838424	0.161576	4.95985	0.774607	0.358971	0.237938	0.0896325	0.0825685	0.008619	0.007081	0	1.49285	1.929789	0.1615765	0.8384235	85.07246
3470	7.29292	-20.3989	27.6918	0.944653	0.0553468	2.43882	0.792125	0.364549	0.23596	0.0915839	0.0847589	0.00868939	0.0069696	0	5.61854	1.665847	0.05534681	0.9446532	46.32832
3480	8.11076	-19.725	27.8357	0.113146	0.886854	2.384013	0.804837	0.369997	0.245014	0.0912914	0.0851894	0.00870534	0.00688797	0	5.474642	1.923954	0.8868544	0.1131456	83.93706
3490	8.04355	-19.6161	27.6596	0.468835	0.531165	2.264655	0.784388	0.363725	0.243299	0.0908112	0.0827767	0.0085326	0.0068509	0	5.650713	1.981008	0.5311651	0.4688349	95.72119
3500	7.05448	-22.5613	29.6158	0.673571	0.326429	1.599549	0.782054	0.371092	0.243703	0.0900305	0.0844369	0.00843687	0.00680988	0	3.694546	1.507358	0.3264286	0.6735714	32.1631
3510	6.32908	-20.1894	26.5185	0.638281	0.361719	0.7763178	0.778361	0.356996	0.242462	0.091601	0.084985	0.00852117	0.00696571	0	6.791846	1.952705	0.3617194	0.6382806	89.68195
3520	8.40293	-22.6349	31.0378	0.949857	0.0501431	2.002406	0.776204	0.35336	0.243219	0.0915583	0.0846826	0.00865193	0.00678806	0	2.272513	1.909238	0.05014309	0.9498569	81.14057
3530	7.94773	-20.9882	28.9359	0.639465	0.360535	5.221089	0.782516	0.356674	0.239394	0.0916303	0.0848419	0.00855136	0.00700753	0	4.374421	1.969872	0.3605347	0.6394653	93.29803
3540	8.02865	-23.7269	31.7555	0.635485	0.364515	3.682965	0.791593	0.355634	0.234937	0.0894631	0.0841951	0.00846579	0.00711416	0	1.554823	1.860984	0.3645152	0.6354848	72.60788
3550	7.9793	-21.4164	29.3957	0.368809	0.631191	2.72096	0.771559	0.353719	0.237946	0.0905545	0.0813228	0.00859129	0.00691329	0	3.914681	1.655717	0.6311909	0.3688091	45.26024
3560	8.87123	-20.5548	29.4261	0.303357	0.696643	3.240869	0.786146	0.364224	0.234011	0.09069	0.0844654	0.00841329	0.00685701	0	3.884291	1.903555	0.6966432	0.3033568	80.08572
3570	7.05801	-22.3655	29.4235	0.542686	0.457314	0.701091	0.804695	0.365508	0.241926	0.0882795	0.0833272	0.00845095	0.00713582	0	3.886853	1.685531	0.457314	0.542686	48.47647
3580	7.59844	-20.8625	28.4609	0.830275	0.169725	1.067893	0.799618	0.36282	0.243265	0.088301	0.0833586	0.00844973	0.00708971	0	4.84943	1.90986	0.1697246	0.8302754	81.25688
3590	8.10156	-22.4822	30.5838	0.058892	0.941108	1.590357	0.796069	0.360076	0.241384	0.0883326	0.0820657	0.00829717	0.00680989	0	2.726574	1.81466	0.941108	0.05889202	65.26193
3600	7.12018	-20.7962	27.9164	0.996951	0.00304921	2.684037	0.801544	0.370803	0.245012	0.0885884	0.0817017	0.00839215	0.00700017	0	5.394002	1.613255	0.003049208	0.9969508	41.04451
3610	6.78425	-25.5604	32.3446	0.267857	0.732143	2.935993	0.769232	0.358579	0.240862	0.089437	0.0839964	0.00854405	0.00703921	0	0.9657079	1.952348	0.732143	0.267857	89.60832
3620	7.55493	-19.8441	27.399	0.409762	0.590238	4.537343	0.777215	0.36386	0.239105	0.0892166	0.0813822	0.00855588	0.0070676	0	5.91136	1.983299	0.5902379	0.4097621	96.22744
3630	9.12798	-21.9642	31.0922	0.878045	0.121955	3.372877	0.788004	0.365393	0.240111	0.0900909	0.0815842	0.00845059	0.0071007	0	2.218159	1.986362	0.1219547	0.8780453	96.90851
3640	7.60387	-22.1362	29.7401	0.748257	0.251743	1.385806	0.770737	0.359855	0.243862	0.0895882	0.0816701	0.00832314	0.00706622	0	3.570304	1.664177	0.2517429	0.7482571	46.15061
3650	8.71585	-22.4719	31.1878	0.899435	0.100565	3.055272	0.771431	0.364675	0.240958	0.0925666	0.0817762	0.00839829	0.00693996	0	2.122606	1.895245	0.1005648	0.8994352	78.56788
3660	7.36893	-19.0856	26.4546	0.423358	0.576642	3.053413	0.770784	0.365513	0.23476	0.0910681	0.082384	0.00837241	0.00699817	0	6.855787	1.991169	0.5766424	0.4233576	97.98702
3670	7.0558	-23.8695	30.9253	0.61266	0.38734	2.214128	0.772909	0.361438	0.234421	0.0884219	0.0825029	0.00837467	0.00693115	0	2.385045	1.524306	0.3873396	0.6126604	33.44307
3680	7.54106	-21.2576	28.7987	0.363074	0.636926	1.898534	0.771801	0.356879	0.235976	0.0897522	0.0829072	0.00854631	0.00681943	0	4.511703	1.61837	0.6369262	0.3630738	41.53074
3690	6.56025	-21.1038	27.6641	0.055213	0.944787	3.883703	0.777102	0.359158	0.235129	0.0899067	0.0823323	0.00866339	0.00683694	0	5.646302	1.615718	0.944787	0.05521302	41.27794
3700	7.38296	-21.1412	28.5242	0.455944	0.544056	2.970926	0.768426	0.356027	0.239395	0.0908735	0.0854953	0.00857563	0.00697228	0	4.786163	1.608756	0.5440562	0.4559438	40.62146
3710	8.89264	-21.1658	30.0584	0.0539575	0.946042	2.408735	0.768884	0.366946	0.23853	0.0902079	0.0853111	0.00866773	0.00703345	0	3.251948	1.893799	0.9460425	0.05395752	78.3068
3720	7.23162	-23.4619	30.6936	0.45026	0.54974	3.877319	0.781634	0.369033	0.244075	0.0921526	0.0823599	0.0086509	0.00706085	0	2.616796	1.5781	0.5497401	0.4502599	37.853
3730	8.47566	-19.8553	28.331	0.909722	0.0902778	2.627426	0.774935	0.363492	0.243859	0.090335	0.0820203	0.00862339	0.00690506	0	4.979391	1.936756	0.09027777	0.9097222	86.44819
3740	8.52245	-20.6196	29.1421	0.214633	0.785367	2.493161	0.781747	0.360669	0.24406	0.0895814	0.0814414	0.00837332	0.00678677	0	4.168265	1.832311	0.7853674	0.2146326	67.96897
3750	5.20081	-24.5394	29.7402	0.303564	0.696436	1.451862	0.788548	0.354938	0.237966	0.0909751	0.0825981	0.00834939	0.00680547	0	3.570121	1.168147	0.6964358	0.3035642	14.7281
3760	5.42553	-20.9036	26.3291	0.258911	0.741089	0.1144646	0.777549	0.358357	0.241185	0.0899499	0.0822218	0.00850604	0.00710629	0	6.981272	1.788883	0.741089	0.258911	61.5011
3770	6.95284	-22.9895	29.9423	0.626264	0.373736	0.3078086	0.773545	0.367742	0.241812	0.0909787	0.0828623	0.00851102	0.00700395	0	3.368046	1.959775	0.3737363	0.6262637	91.15382
3780	7.15629	-22.6478	29.8041	0.801101	0.198899	0.5541358	0.78855	0.370108	0.244102	0.0908167	0.0844482	0.00868914	0.00698064	0	3.506282	1.831824	0.1988995	0.8011005	67.89289
3790	7.08472	-20.8297	27.9145	0.0620554	0.937945	3.121432	0.794345	0.369848	0.237606	0.0910278	0.0840666	0.00869761	0.00692843	0	5.395889	1.606651	0.9379446	0.06205541	40.42506
3800	4.15374	-23.4535	27.6072	0.524728	0.475272	7.369279	0.784353	0.362393	0.238158	0.0927307	0.0820658	0.00855257	0.00680691	0	5.703138	1.848035	0.4752719	0.5247281	70.475
3810	6.14935	-21.5161	27.6655	0.0537867	0.946213	6.155085	0.78781	0.370124	0.239939	0.0919898	0.0813551	0.0083458	0.00701222	0	5.64488	1.946073	0.9462133	0.05378674	88.3228
3820	6.5005	-25.5727	32.0732	0.634613	0.365387	1.667257	0.774046	0.368341	0.242569	0.092341	0.0820016	0.0084669	0.00699127	0	1.237157	1.953758	0.3653875	0.6346125	89.89966
3830	8.29234	-20.5008	28.7932	0.774088	0.225912	3.113657	0.783658	0.370395	0.242004	0.0908451	0.0813802	0.00854867	0.00712549	0	4.517179	1.792772	0.2259122	0.7740878	62.05435
3840	8.17228	-20.9813	29.1536	0.124233	0.875767	4.83709	0.792178	0.363532	0.232992	0.092346	0.0818416	0.00850773	0.0070866	0	4.156794	1.922613	0.8757671	0.1242329	83.67837
3850	7.74035	-20.7186	28.4589	0.429959	0.570041	5.143684	0.796342	0.363523	0.234342	0.0918527	0.0837378	0.00863679	0.00696504	0	4.851425	1.965529	0.5700414	0.4299586	92.36968
3860	7.28361	-20.4478	27.7314	0.691689	0.308311	4.709717	0.783286	0.354802	0.235927	0.0909262	0.0852611	0.00869217	0.00699361	0	5.57899	1.879023	0.3083108	0.6916892	75.68726
3870	8.55327	-21.9548	30.5081	0.867554	0.132446	1.739391	0.779112	0.359902	0.23517	0.0899632	0.0852717	0.00868267	0.00684685	0	2.802254	1.959775	0.1324465	0.8675535	91.15379
3880	6.7807	-24.6024	31.3831	0.761611	0.238389	2.854381	0.768172	0.367249	0.239375	0.0887838	0.0851315	0.00869138	0.00683278	0	1.927233	1.542074	0.2383894	0.7616106	34.83968
3890	7.17625	-21.2682	28.4444	0.380628	0.619372	5.223352	0.771374	0.363532	0.235679	0.0896674	0.0839536	0.00865133	0.00679519	0	4.86593	1.857172	0.6193722	0.3806278	71.97337
3900	5.41864	-25.2729	30.6916	0.409809	0.590191	1.447351	0.777026	0.36131	0.236839	0.0887626	0.0838322	0.00865621	0.00704061	0	2.618801	1.227263	0.5901911	0.4098089	16.87574
3910	6.62708	-24.3621	30.9892	0.703009	0.296991	0.9482287	0.784037	0.354646	0.245184	0.090297	0.082268	0.00870454	0.00702971	0	2.321206	1.634663	0.2969906	0.7030094	43.11845
3920	6.75491	-20.6408	27.3957	0.00386092	0.996139	0.8695594	0.782243	0.360307	0.237857	0.0885339	0.0819804	0.00855433	0.00685085	0	5.914659	1.775572	0.9961391	0.003860922	59.64467
3930	7.14951	-23.286	30.4355	0.381218	0.618782	5.913201	0.793049	0.359552	0.234834	0.0886165	0.0816205	0.0085392	0.00709253	0	2.874878	1.826291	0.6187817	0.3812183	67.03336
3940	6.75224	-23.0748	29.8271	0.48633	0.51367	0.2376688	0.781689	0.357692	0.235798	0.089824	0.0848755	0.00863559	0.00682292	0	3.483273	1.860253	0.5136701	0.4863299	72.48582
3950	8.24273	-21.205	29.4477	0.630884	0.369116	1.348869	0.772702	0.361382	0.237713	0.0888011	0.084975	0.00848962	0.00703188	0	3.86267	1.988541	0.3691155	0.6308845	97.39607
3960	7.77375	-21.5793	29.3531	0.0763483	0.923652	5.367826	0.787976	0.366747	0.238867	0.0906478	0.0851584	0.00836088	0.0070596	0	3.957272	1.911311	0.9236517	0.07634833	81.52884
3970	7.97529	-21.9635	29.9388	0.906313	0.0936873	4.913711	0.796578	0.359313	0.241554	0.0924322	0.0848138	0.00849031	0.00705503	0	3.371584	1.84007	0.09368732	0.9063127	69.19424
3980	5.47226	-26.8592	32.3314	0.199418	0.800582	6.755284	0.772437	0.35528	0.238885	0.0927455	0.0843749	0.0086293	0.00706244	0	0.9789116	1.905298	0.8005815	0.1994185	80.40772
3990	8.23695	-19.8271	28.064	0.587431	0.412569	2.404912	0.787006	0.366355	0.243228	0.0892265	0.0835609	0.00834398	0.0070317	0	5.246317	1.92503	0.412569	0.587431	84.14525
4000	7.45693	-23.2058	30.6627	0.227865	0.772135	4.580602	0.774057	0.358017	0.24183	0.0897813	0.0817088	0.00854509	0.00695895	0	2.647617	1.675739	0.772135	0.227865	47.39572
4010	7.256	-23.6513	30.9073	0.456357	0.543643	6.161313	0.803587	0.359178	0.242522	0.0881764	0.083586	0.00835039	0.00687691	0	2.403054	1.902215	0.5436432	0.4563568	79.83901
4020	8.87493	-22.1388	31.0138	0.441274	0.558726	2.989838	0.791358	0.359066	0.244107	0.0911379	0.0846207	0.00836422	0.00678908	0	2.296581	1.912139	0.5587261	0.4412739	81.68447
4030	6.8125	-24.1526	30.965	0.549639	0.450361	3.426757	0.773585	0.363605	0.243945	0.0903836	0.0846574	0.00849622	0.00679667	0	2.34531	1.511373	0.4503607	0.5496393	32.46182
4040	7.89473	-21.3952	29.2899	0.611924	0.388076	5.311492	0.787197	0.371663	0.238616	0.090855	0.084459	0.00834656	0.00682939	0	4.02047	1.94512	0.3880758	0.6119242	88.12919
4050	8.20796	-21.2229	29.4309	0.830286	0.169714	4.379546	0.783241	0.36493	0.234747	0.0920644	0.0837758	0.00833463	0.00690796	0	3.879487	1.847224	0.1697138	0.8302862	70.34357
4060	4.25723	-22.2857	26.5429	0.196998	0.803002	6.942697	0.801249	0.368369	0.233695	0.0924571	0.0833903	0.00858964	0.00685725	0	6.767476	1.910726	0.8030021	0.1969979	81.41898
4070	8.19038	-19.918	28.1084	0.446293	0.553707	2.342531	0.782095	0.359315	0.239412	0.0924253	0.0824308	0.00851645	0.00685119	0	5.201992	1.895915	0.5537065	0.4462935	78.68922
4080	6.134	-19.3986	25.5326	0.87941	0.12059	3.540303	0.787306	0.364529	0.23393	0.0922375	0.0836688	0.00838304	0.00683297	0	7.777782	1.82233	0.1205896	0.8794104	66.42472
4090	3.91913	-26.0442	29.9634	0.565513	0.434487	8.72707	0.774931	0.366404	0.236427	0.0927336	0.0850569	0.00834394	0.00696662	0	3.347005	1.890429	0.4344866	0.5655134	77.70138
4100	8.90087	-20.932	29.8329	0.790926	0.209074	2.144298	0.783894	0.368919	0.23343	0.0917342	0.0844707	0.00828707	0.00679074	0	3.477461	1.99134	0.2090739	0.7909261	98.02563
4110	6.53878	-19.8125	26.3512	0.922075	0.0779253	3.088367	0.800851	0.360893	0.242716	0.0920772	0.0850955	0.0083658	0.00687191	0	6.959109	1.723885	0.07792534	0.9220747	52.95233
4120	5.98119	-20.5045	26.4857	0.355575	0.644425	2.071746	0.799789	0.368516	0.241167	0.0927516	0.0837842	0.00869845	0.00694681	0	6.824677	1.521771	0.6444246	0.3555754	33.2484
4130	8.45995	-20.2821	28.742	0.5425	0.4575	2.379116	0.800545	0.365894	0.233156	0.0922228	0.0828992	0.00864408	0.00688936	0	4.568313	1.868321	0.4575003	0.5424997	73.84507
4140	8.72932	-21.629	30.3584	0.440108	0.559892	4.528979	0.80615	0.353673	0.238977	0.088818	0.0827493	0.00844899	0.00692669	0	2.951998	1.9301	0.5598921	0.4401079	85.13343
4150	7.17557	-20.1265	27.302	0.809779	0.190221	4.682718	0.799971	0.363657	0.241036	0.0913433	0.0853644	0.00840962	0.00708533	0	6.008336	1.926503	0.1902211	0.8097789	84.4313
4160	8.65577	-20.9153	29.5711	0.157001	0.842999	4.380269	0.798781	0.369823	0.241448	0.0918592	0.083958	0.00839254	0.00695216	0	3.739237	1.934724	0.8429993	0.1570007	86.04465
4170	2.1	-23.8567	25.9567	0.221037	0.778963	6.750036	0.777872	0.354013	0.233707	0.0896482	0.0849227	0.00831286	0.00694729	0	7.35367	1.586505	0.7789633	0.2210367	38.59266
4180	8.19466	-21.4502	29.6448	0.253365	0.746635	3.161523	0.805117	0.35604	0.237962	0.0890919	0.0821607	0.00828836	0.0070877	0	3.665542	1.701366	0.7466351	0.2533649	50.2766
4190	4.99558	-27.6031	32.5987	0.0878963	0.912104	3.303984	0.797397	0.362492	0.239966	0.0907568	0.0818543	0.00849221	0.00708138	0	0.7116916	1.643901	0.9121037	0.08789626	44.0454
4200	6.83044	-19.516	26.3464	0.935365	0.0646347	3.239262	0.785057	0.361406	0.238673	0.0911996	0.081801	0.00865531	0.00706289	0	6.963937	1.80265	0.06463471	0.9353653	63.4819
4210	2.05778	-24.2761	26.3339	0.417221	0.582779	6.809484	0.771428	0.355852	0.243037	0.0919804	0.0821871	0.00871075	0.0069181	0	6.976485	1.555933	0.5827788	0.4172212	35.96935
4220	8.24992	-23.5232	31.7731	0.441221	0.558779	4.183616	0.779705	0.355214	0.244776	0.0915299	0.0826131	0.00855821	0.00680085	0	1.537262	1.940907	0.5587794	0.4412206	87.27851
4230	7.82779	-23.795	31.6228	0.0459655	0.954034	2.575998	0.779221	0.360572	0.238897	0.0917883	0.0842874	0.00842819	0.00682395	0	1.687594	1.767604	0.9540345	0.04596552	58.56035
4240	7.45911	-22.8177	30.2768	0.980108	0.019892	3.662218	0.784619	0.353752	0.23456	0.0908686	0.0850114	0.00837425	0.00682561	0	3.033579	1.617185	0.01989202	0.980108	41.41765
4250	8.35965	-23.1072	31.4669	0.787211	0.212789	2.46224	0.806195	0.364072	0.234926	0.0904984	0.0852636	0.00852535	0.00681885	0	1.843468	1.928075	0.2127894	0.7872106	84.73736
4260	7.21293	-21.5761	28.789	0.238261	0.761739	2.323664	0.782344	0.361927	0.233975	0.091695	0.0850515	0.00855932	0.00684693	0	4.521336	1.528085	0.7617392	0.2382608	33.73532
4270	7.96619	-20.9609	28.9271	0.766301	0.233699	1.251956	0.785699	0.369168	0.24311	0.0925868	0.0827575	0.00833159	0.00686957	0	4.383253	1.948636	0.2336991	0.7663009	88.84568
4280	6.32608	-22.4171	28.7432	0.925137	0.0748628	0.2832959	0.791338	0.370549	0.239092	0.0925734	0.0823018	0.00844602	0.00692655	0	4.567148	1.637193	0.07486281	0.9251372	43.37033
4290	6.83326	-22.3008	29.1341	0.018402	0.981598	0.2634488	0.775696	0.36505	0.234256	0.0890672	0.0824139	0.00846947	0.00710477	0	4.176281	1.870648	0.981598	0.01840201	74.24179
4300	7.84307	-20.2	28.0431	0.716926	0.283074	2.128308	0.783957	0.364893	0.240982	0.0926219	0.0830861	0.0085023	0.00714019	0	5.267302	1.781331	0.2830744	0.7169256	60.44086
4310	8.3087	-20.0459	28.3546	0.0198594	0.980141	3.548763	0.781714	0.365638	0.241908	0.091005	0.0829407	0.00869013	0.00694437	0	4.95572	1.885202	0.9801406	0.01985941	76.77178
4320	7.38115	-23.4387	30.8198	0.951443	0.0485566	6.48004	0.807095	0.354866	0.235667	0.0889231	0.0854042	0.00848752	0.00712205	0	2.490548	1.988485	0.04855659	0.9514434	97.38333
4330	7.40016	-24.0669	31.4671	0.789102	0.210898	6.231982	0.792303	0.356243	0.244547	0.0897351	0.0832787	0.00858338	0.0071042	0	1.843274	1.980961	0.2108981	0.7891019	95.71074
4340	7.72874	-23.7182	31.4469	0.78675	0.21325	1.66283	0.780834	0.361935	0.244202	0.0885911	0.0832728	0.00860033	0.00703084	0	1.863423	1.920177	0.2132495	0.7867505	83.21027
4350	7.64187	-20.8906	28.5325	0.325017	0.674983	2.276492	0.797768	0.366948	0.239625	0.0891828	0.0845226	0.00841754	0.00691821	0	4.777889	1.649117	0.6749834	0.3250166	44.57767
4360	8.99799	-21.9537	30.9517	0.649595	0.350405	4.120399	0.807269	0.356768	0.244154	0.0883649	0.0842824	0.00835223	0.00686031	0	2.358643	1.972239	0.3504051	0.6495949	93.80773
4370	5.57991	-19.9405	25.5204	0.0460105	0.95399	0.9742756	0.796809	0.357767	0.244411	0.0891653	0.0852742	0.00854318	0.00688128	0	7.789944	1.714996	0.9539895	0.04601047	51.87947
4380	6.261	-23.8082	30.0692	0.944898	0.0551023	3.204463	0.805948	0.358817	0.238093	0.0884604	0.0849783	0.00855057	0.00694026	0	3.241177	1.416459	0.05510234	0.9448977	26.0891
4390	3.86526	-26.7594	30.6246	0.528393	0.471607	2.874938	0.786824	0.370581	0.234394	0.0911573	0.0830751	0.00868287	0.00688375	0	2.68575	1.106344	0.4716065	0.5283935	12.77449
4400	6.23392	-20.1987	26.4326	0.981	0.0190004	1.298855	0.774991	0.370293	0.234952	0.0896954	0.0852625	0.00848458	0.00705439	0	6.877763	1.659332	0.0190004	0.9809996	45.63858
4410	7.67943	-19.7656	27.4451	0.567586	0.432414	2.972465	0.782087	0.368017	0.234378	0.0899087	0.0838689	0.00869627	0.00711537	0	5.865306	1.814807	0.4324141	0.5675859	65.28404
4420	8.12342	-19.8476	27.9711	0.224686	0.775314	3.218555	0.791703	0.365736	0.240844	0.092646	0.0841979	0.00866393	0.00682669	0	5.339305	1.875385	0.7753136	0.2246864	75.0559
4430	7.49702	-22.1775	29.6745	0.477638	0.522362	5.70528	0.778729	0.367377	0.237711	0.0917417	0.0832641	0.0084734	0.00690685	0	3.63586	1.897015	0.5223616	0.4776384	78.88877
4440	6.11192	-20.6821	26.7941	0.946911	0.053089	4.56099	0.793949	0.363347	0.234513	0.0895442	0.0824596	0.00839099	0.0070363	0	6.516288	1.747355	0.05308903	0.946911	55.89263
4450	6.72476	-23.8734	30.5981	0.501351	0.498649	5.627777	0.77243	0.358714	0.237825	0.0882444	0.0844716	0.00828704	0.0069678	0	2.712239	1.719687	0.4986489	0.5013511	52.44293
4460	8.46515	-23.1257	31.5908	0.677311	0.322689	3.450992	0.767776	0.365295	0.233802	0.0894349	0.0823579	0.00833112	0.00698789	0	1.719555	1.918356	0.3226891	0.6773109	82.86208
4470	5.88694	-24.5305	30.4174	0.783605	0.216395	6.014732	0.771299	0.359433	0.240773	0.0888132	0.0818111	0.00864728	0.00691942	0	2.892943	1.666263	0.216395	0.783605	46.37272
4480	8.17566	-23.2387	31.4144	0.976003	0.0239972	3.419858	0.786633	0.357378	0.243312	0.0907621	0.0835234	0.00851726	0.00702873	0	1.895989	1.808113	0.02399722	0.9760028	64.28553
4490	7.66955	-23.7755	31.445	0.932787	0.0672125	2.765272	0.773309	0.360469	0.240454	0.0909301	0.0826787	0.00851472	0.00702635	0	1.865347	1.716127	0.06721251	0.9327875	52.01477
4500	6.75615	-21.7334	28.4896	0.567211	0.432789	1.5924	0.805895	0.363702	0.236327	0.0915487	0.0832421	0.00869341	0.00687729	0	4.820774	1.488276	0.4327886	0.5672114	30.78055
4510	8.47243	-21.7281	30.2005	0.570499	0.429501	3.937482	0.76846	0.369886	0.242172	0.0891938	0.0830083	0.00845111	0.0068275	0	3.109823	1.810488	0.4295006	0.5704994	64.63803
4520	8.07481	-23.7143	31.7892	0.185232	0.814768	2.50558	0.777006	0.360353	0.242727	0.090032	0.0828448	0.00841839	0.00693634	0	1.521201	1.980097	0.8147679	0.1852321	95.52057
4530	9.03044	-21.187	30.2174	0.231068	0.768932	3.423686	0.781451	0.354802	0.235952	0.0905883	0.0830751	0.00860504	0.00707589	0	3.09296	1.896017	0.7689315	0.2310685	78.70769
4540	7.53466	-21.3254	28.86	0.787919	0.212081	0.9251226	0.782102	0.359744	0.241777	0.0891743	0.0828909	0.00870583	0.00708532	0	4.450321	1.857798	0.2120813	0.7879187	72.07729
4550	8.13497	-21.2038	29.3388	0.839739	0.160261	3.899903	0.798108	0.356797	0.243876	0.0915785	0.0821688	0.00867722	0.00706316	0	3.971591	1.770498	0.1602606	0.8397394	58.95195
4560	6.47177	-18.9216	25.3934	0.848872	0.151128	3.431948	0.804702	0.364731	0.237038	0.0900914	0.0814271	0.0083222	0.00688616	0	7.916939	1.974772	0.1511278	0.8488722	94.35651
4570	9.12904	-20.8221	29.9511	0.794752	0.205248	3.41808	0.797042	0.371346	0.240217	0.0903419	0.081577	0.00838721	0.00709978	0	3.359253	1.945953	0.205248	0.794752	88.29841
4580	7.85619	-21.2717	29.1279	0.0234959	0.976504	1.259004	0.800443	0.360004	0.24164	0.0912284	0.0827419	0.00856751	0.00697527	0	4.182438	1.813977	0.9765041	0.02349589	65.15933
4590	8.70694	-21.4519	30.1588	0.817072	0.182928	1.879568	0.805073	0.365349	0.235899	0.0924749	0.0842211	0.00862845	0.00694909	0	3.15154	1.952098	0.1829276	0.8170724	89.55672
4600	8.8252	-20.4612	29.2864	0.694822	0.305178	2.597365	0.800431	0.353603	0.233103	0.0908582	0.0848612	0.00867031	0.00694523	0	4.023914	1.908605	0.3051783	0.6948217	81.0224
4610	6.76799	-23.3879	30.1559	0.462685	0.537315	5.005019	0.807004	0.354418	0.24002	0.0914749	0.0846605	0.00828451	0.00705562	0	3.154448	1.638939	0.5373148	0.4626852	43.54505
4620	7.07448	-20.7642	27.8387	0.0286095	0.97139	4.708871	0.788616	0.355891	0.235312	0.0903256	0.0821781	0.00832743	0.00705612	0	5.471699	1.818649	0.9713905	0.02860953	65.86411
4630	7.29457	-20.9657	28.2602	0.164501	0.835499	2.567123	0.773594	0.365871	0.237633	0.0900549	0.0813459	0.00829013	0.00696097	0	5.05012	1.595208	0.8354995	0.1645005	39.3739
4640	7.19383	-23.1329	30.3267	0.234671	0.765329	3.353195	0.776263	0.353713	0.243404	0.0925622	0.0834805	0.00859957	0.00680774	0	2.983682	1.515041	0.7653294	0.2346706	32.73714
4650	6.66775	-22.7089	29.3766	0.819058	0.180942	0.1179316	0.796775	0.355055	0.240487	0.0885854	0.0821838	0.00848409	0.00691816	0	3.933708	1.934142	0.1809424	0.8190576	85.9295
4660	6.54251	-21.4406	27.9831	0.0846334	0.915367	0.2601725	0.80691	0.361812	0.242411	0.088573	0.0817795	0.00841363	0.00683374	0	5.327238	1.942863	0.9153666	0.08463336	87.67244
4670	5.32149	-19.9868	25.3083	0.557225	0.442775	0.6116974	0.793699	0.361238	0.242307	0.0916955	0.0814524	0.00845469	0.00680502	0	8.002027	1.869671	0.4427745	0.5572255	74.07486
4680	7.67619	-23.5294	31.2056	0.711136	0.288864	4.294545	0.802163	0.359893	0.236459	0.0921973	0.0817861	0.00863446	0.00687318	0	2.104796	1.735477	0.2888641	0.7111359	54.38475
4690	5.54894	-21.3982	26.9471	0.81999	0.18001	1.697607	0.803378	0.35527	0.235524	0.092775	0.0818926	0.00863813	0.00687847	0	6.363261	1.402236	0.1800099	0.8199901	25.2485
4700	7.11059	-22.9825	30.0931	0.686484	0.313516	0.84585	0.780541	0.360786	0.239585	0.0915935	0.0836112	0.0083383	0.00685141	0	3.217227	1.680408	0.3135165	0.6864835	47.90803
4710	7.12546	-23.4652	30.5906	0.714651	0.285349	0.7829471	0.776044	0.365984	0.235237	0.0898802	0.0837198	0.00838313	0.00699415	0	2.719726	1.785257	0.2853486	0.7146514	60.98979
4720	7.72737	-20.5207	28.248	0.0911144	0.908886	4.669812	0.771774	0.369307	0.238925	0.0892573	0.0818848	0.00841578	0.00709225	0	5.062317	1.905606	0.9088856	0.09111436	80.46485
4730	3.30122	-23.9518	27.253	0.0934561	0.906544	0.9377033	0.781023	0.369896	0.238338	0.0897981	0.0825742	0.00830412	0.0071366	0	6.05732	0.9703934	0.9065439	0.09345612	9.341
4740	7.02238	-21.1658	28.1881	0.103187	0.896813	2.638709	0.791506	0.36646	0.239892	0.0895056	0.0838076	0.00835224	0.00691193	0	5.122216	1.545827	0.8968126	0.1031874	35.14204
4750	7.87246	-22.6813	30.5537	0.127144	0.872856	1.722333	0.807372	0.367148	0.233106	0.0884291	0.0850627	0.00834805	0.00696607	0	2.756608	1.685669	0.8728563	0.1271437	48.4919
4760	7.81527	-24.0258	31.8411	0.375886	0.624114	3.517102	0.806745	0.36995	0.234577	0.0902811	0.0842807	0.00838351	0.00681528	0	1.469279	1.835411	0.6241142	0.3758858	68.45593
4770	7.94299	-23.4954	31.4384	0.0699282	0.930072	2.480073	0.807521	0.365368	0.241003	0.0903143	0.083742	0.00835081	0.00684979	0	1.871933	1.753487	0.9300718	0.06992821	56.68749
4780	8.55868	-22.5297	31.0884	0.481183	0.518817	3.693253	0.790529	0.371317	0.243838	0.0916993	0.0837417	0.00839459	0.00701333	0	2.221933	1.839089	0.518817	0.481183	69.03815
4790	3.39357	-26.5779	29.9714	0.784519	0.215481	6.203175	0.787146	0.368492	0.234324	0.0882826	0.084424	0.00865823	0.00704371	0	3.338942	1.414571	0.2154807	0.7845193	25.97595
4800	7.44659	-23.6134	31.06	0.468427	0.531573	3.044772	0.779604	0.365261	0.241402	0.0886671	0.0833821	0.00863077	0.00709619	0	2.250329	1.584287	0.5315734	0.4684266	38.39609
4810	7.88467	-23.5935	31.4782	0.120418	0.879582	4.962561	0.774645	0.367663	0.236488	0.0898199	0.0826867	0.00857387	0.00708098	0	1.832164	1.846567	0.8795824	0.1204176	70.23725
4820	8.48346	-22.5893	31.0727	0.0332188	0.966781	3.402267	0.794343	0.366015	0.23648	0.0927694	0.0814195	0.00853016	0.00706504	0	2.237614	1.779676	0.9667812	0.03321882	60.21102
4830	8.99768	-21.643	30.6407	0.844779	0.155221	2.851794	0.790676	0.370638	0.239132	0.0922777	0.0830308	0.00866121	0.00705567	0	2.669688	1.905639	0.1552212	0.8447788	80.47091
4840	9.03153	-20.3005	29.3321	0.886559	0.113441	2.718849	0.789964	0.371747	0.244698	0.0926935	0.0854804	0.00839094	0.00681968	0	3.978287	1.996995	0.1134408	0.8865592	99.31047
4850	8.30889	-20.384	28.6928	0.266364	0.733636	3.733883	0.779358	0.36824	0.245049	0.092109	0.0836219	0.0086589	0.00678464	0	4.617509	1.857859	0.7336361	0.2663639	72.08729
4860	6.31511	-22.258	28.5731	0.0139638	0.986036	5.723826	0.769068	0.35913	0.238132	0.092632	0.0830652	0.00849496	0.00686082	0	4.737267	1.765949	0.9860362	0.01396384	58.33772
4870	7.94158	-23.1	31.0415	0.707435	0.292565	4.648177	0.795052	0.355937	0.244556	0.0890932	0.08471	0.00857272	0.00691339	0	2.268812	1.802981	0.292565	0.707435	63.53032
4880	8.40667	-23.1739	31.5806	0.119958	0.880042	3.40113	0.795282	0.36842	0.243702	0.0899528	0.084656	0.00865992	0.00714019	0	1.729792	1.863326	0.8800419	0.1199581	73.0005
4890	6.74815	-21.3343	28.0824	0.505814	0.494186	2.51446	0.775278	0.356375	0.244351	0.0899208	0.0814762	0.00832053	0.00689965	0	5.227949	1.516679	0.4941863	0.5058137	32.86086
4900	7.40628	-23.9782	31.3845	0.87698	0.12302	3.655591	0.792251	0.358029	0.239661	0.091247	0.081972	0.00871764	0.00684684	0	1.9259	1.673374	0.12302	0.87698	47.13835
4910	7.94099	-21.5677	29.5087	0.428806	0.571194	2.555637	0.785772	0.356599	0.236435	0.0908381	0.0826932	0.00865603	0.00687584	0	3.801645	1.64195	0.5711936	0.4288064	43.84806
4920	8.90259	-21.5674	30.47	0.0308313	0.969169	4.267437	0.799882	0.354068	0.233216	0.092734	0.0822789	0.00867861	0.00697557	0	2.840325	1.924019	0.9691687	0.03083127	83.94974
4930	8.86105	-21.5645	30.4255	0.425825	0.574175	4.111536	0.792713	0.359016	0.23853	0.0889694	0.0832823	0.00849389	0.00696486	0	2.884848	1.908255	0.5741752	0.4258248	80.95716
4940	7.12462	-23.8583	30.9829	0.832017	0.167983	0.8416641	0.789539	0.361992	0.245213	0.0890615	0.0835056	0.00858541	0.00698506	0	2.327431	1.879887	0.1679833	0.8320167	75.83794
4950	8.44328	-19.6181	28.0614	0.631626	0.368374	3.270613	0.800282	0.358836	0.243914	0.0909192	0.0815853	0.00865914	0.00703216	0	5.248926	1.97431	0.3683738	0.6316262	94.25626
4960	8.24599	-23.4845	31.7305	0.681364	0.318636	4.33166	0.805656	0.35639	0.234074	0.0883151	0.0832204	0.00868913	0.00702952	0	1.579906	1.936616	0.3186359	0.6813641	86.42032
4970	8.86112	-21.0509	29.912	0.345952	0.654048	3.409841	0.779135	0.365635	0.240634	0.0885993	0.0814854	0.00838415	0.00697157	0	3.398349	1.86771	0.6540484	0.3459516	73.74108
4980	7.18669	-19.8853	27.072	0.843082	0.156918	4.272234	0.791095	0.355534	0.235138	0.0900224	0.0852008	0.00830073	0.00703154	0	6.238368	1.903668	0.1569181	0.8430819	80.1066
4990	5.8715	-23.4737	29.3452	0.338495	0.661505	2.655295	0.772557	0.370631	0.240223	0.0896153	0.0841343	0.00846573	0.00685449	0	3.965188	1.307806	0.661505	0.338495	20.31451
5000	6.85304	-23.1587	30.0117	0.501445	0.498555	2.01777	0.779851	0.37097	0.237634	0.0908088	0.0837269	0.00857577	0.00707024	0	3.298626	1.431911	0.498555	0.501445	27.03406
