Iteration	Posterior	Likelihood	Prior	clado_type_probs[1]	clado_type_probs[2]	distance_scale	epoch_times[1]	epoch_times[2]	epoch_times[3]	epoch_times[4]	epoch_times[5]	epoch_times[6]	epoch_times[7]	epoch_times[8]	extirpation_rate	log10_rate_bg	p_allopatry	p_sympatry	rate_bg
0	-59.806	-88.0758	28.2699	0.515563	0.484437	0.01	0.778223	0.702108	0.66214	0.305574	0.170008	0.160537	0.00117884	0	0.2847714	-2	0.484437	0.515563	0.01
10	0.451325	-24.9293	25.3806	0.770636	0.229364	0.2932597	0.778602	0.702251	0.67057	0.305982	0.167442	0.160282	0.00118222	0	3.174045	1.971244	0.2293642	0.7706358	93.59324
20	0.909824	-21.625	22.5349	0.0541039	0.945896	2.402576	0.776567	0.690629	0.667847	0.311905	0.170409	0.160192	0.00120292	0	6.019775	1.992328	0.9458961	0.05410389	98.24893
30	0.651524	-24.4709	25.1224	0.993855	0.00614531	0.7198935	0.782067	0.688798	0.659683	0.305769	0.170925	0.159136	0.00118168	0	3.432217	1.964323	0.006145308	0.9938547	92.11341
40	1.60336	-22.6021	24.2054	0.29212	0.70788	2.097011	0.79108	0.680889	0.66292	0.308872	0.173149	0.161646	0.00117371	0	4.349228	1.994774	0.7078797	0.2921203	98.80378
50	1.84676	-23.5923	25.4391	0.224793	0.775207	3.080913	0.794208	0.691553	0.6619	0.309987	0.168639	0.160613	0.00115183	0	3.115528	1.935305	0.7752071	0.2247929	86.15992
60	1.10617	-23.5587	24.6649	0.762875	0.237125	3.114676	0.79928	0.670609	0.65491	0.308033	0.169938	0.159699	0.00115509	0	3.889722	1.931274	0.2371247	0.7628753	85.36388
70	1.54417	-23.3421	24.8863	0.0127413	0.987259	2.953533	0.80888	0.684454	0.675239	0.307881	0.167425	0.157552	0.00119329	0	3.668336	1.810519	0.9872587	0.01274129	64.64266
80	-0.0920302	-27.8823	27.7902	0.00214654	0.997853	4.360063	0.805483	0.699349	0.678212	0.30042	0.169372	0.162421	0.00119284	0	0.7644093	1.802984	0.9978535	0.002146539	63.53074
90	-0.803307	-22.8027	21.9994	0.0483866	0.951613	3.185384	0.784451	0.702176	0.674608	0.302657	0.168336	0.16385	0.00118604	0	6.555244	1.700053	0.9516134	0.04838663	50.12485
100	-1.82561	-29.0582	27.2326	0.668019	0.331981	3.613769	0.806044	0.702865	0.682483	0.306507	0.164915	0.163932	0.00119605	0	1.322005	1.407941	0.3319814	0.6680186	25.5824
110	-0.557528	-28.1602	27.6026	0.671339	0.328661	4.956257	0.799375	0.703181	0.679833	0.297441	0.172103	0.162235	0.00120122	0	0.9519905	1.875778	0.328661	0.671339	75.12384
120	-0.41712	-22.0595	21.6423	0.916011	0.0839886	1.577805	0.808352	0.685356	0.684111	0.300025	0.171178	0.157848	0.00117086	0	6.912292	1.921058	0.08398858	0.9160114	83.37927
130	-0.456413	-24.5779	24.1215	0.975742	0.024258	2.352172	0.797989	0.676279	0.672747	0.298463	0.172299	0.160976	0.00117472	0	4.433142	1.695665	0.02425797	0.975742	49.62091
140	1.11684	-23.0314	24.1482	0.0429627	0.957037	1.308114	0.799499	0.684259	0.675036	0.304786	0.17139	0.161727	0.00115767	0	4.406446	1.839782	0.9570373	0.04296274	69.14842
150	-0.917184	-26.5329	25.6157	0.12107	0.87893	1.71877	0.809299	0.671665	0.667213	0.310126	0.171814	0.158592	0.00115367	0	2.93897	1.215142	0.8789298	0.1210702	16.41128
160	0.28624	-21.8262	22.1124	0.50373	0.49627	1.828633	0.808352	0.688022	0.682825	0.306141	0.172409	0.161591	0.00116476	0	6.442231	1.977792	0.4962704	0.5037296	95.01502
170	1.53777	-24.7902	26.3279	0.323507	0.676493	3.392878	0.787754	0.67758	0.682786	0.301409	0.170359	0.162945	0.00120209	0	2.226718	1.872694	0.6764931	0.3235069	74.59236
180	0.892684	-23.5398	24.4325	0.710028	0.289972	0.6442237	0.782438	0.67008	0.681574	0.303723	0.169563	0.1589	0.00120126	0	4.12213	1.993372	0.2899721	0.7100279	98.48545
190	0.526007	-26.2211	26.7472	0.935884	0.0641164	1.918022	0.777054	0.677842	0.670608	0.298811	0.17137	0.158335	0.00119341	0	1.807484	1.99753	0.06411643	0.9358836	99.43292
200	-1.46559	-26.0778	24.6122	0.42371	0.57629	6.171516	0.792467	0.695105	0.652237	0.302249	0.170134	0.159024	0.00116766	0	3.942426	1.638239	0.5762901	0.4237099	43.47492
210	0.0107745	-25.7158	25.7266	0.859114	0.140886	1.675503	0.797487	0.679836	0.656183	0.297805	0.172933	0.161639	0.00118545	0	2.828041	1.7334	0.1408857	0.8591143	54.12531
220	-0.102757	-26.2424	26.1397	0.629659	0.370341	5.797401	0.792983	0.683583	0.669464	0.299478	0.173116	0.161571	0.00120314	0	2.414945	1.796256	0.3703406	0.6296594	62.55418
230	0.859814	-23.9539	24.8137	0.258538	0.741462	0.6524947	0.801595	0.690029	0.678372	0.300885	0.16872	0.163136	0.00116642	0	3.740903	1.866138	0.7414622	0.2585378	73.47476
240	0.182785	-25.7963	25.9791	0.299587	0.700413	0.6887993	0.787513	0.684392	0.659133	0.298198	0.165937	0.160804	0.00114679	0	2.57555	1.698474	0.7004128	0.2995872	49.94288
250	1.34558	-25.1923	26.5378	0.224451	0.775549	5.009858	0.776866	0.702038	0.66589	0.310712	0.171011	0.16268	0.00116744	0	2.016795	1.896755	0.7755492	0.2244508	78.84157
260	0.641502	-26.6983	27.3398	0.449504	0.550496	5.135662	0.77417	0.701126	0.683594	0.311804	0.167224	0.160749	0.00117545	0	1.214865	1.948528	0.5504958	0.4495042	88.8235
270	1.99823	-24.4766	26.4749	0.0881334	0.911867	3.999561	0.796892	0.686823	0.663712	0.304879	0.168724	0.160013	0.00115362	0	2.079764	1.943116	0.9118666	0.08813342	87.72341
280	1.29925	-22.1148	23.4141	0.0266151	0.973385	1.639926	0.792439	0.697258	0.654102	0.301041	0.168363	0.16375	0.00114541	0	5.14057	1.984089	0.9733849	0.02661514	96.4027
290	0.171158	-26.6435	26.8146	0.585101	0.414899	6.523355	0.807446	0.693738	0.652575	0.31219	0.171592	0.16131	0.00115251	0	1.739999	1.970866	0.4148989	0.5851011	93.51172
300	1.04929	-25.8183	26.8676	0.323057	0.676943	3.946562	0.804874	0.697613	0.667415	0.311635	0.170012	0.162986	0.0011557	0	1.686995	1.837499	0.6769435	0.3230565	68.78579
310	1.23891	-23.5868	24.8257	0.913698	0.0863021	3.889663	0.796531	0.676104	0.654529	0.302964	0.167902	0.158462	0.00117728	0	3.728888	1.993738	0.08630213	0.9136979	98.56853
320	-2.11238	-22.3985	20.2862	0.240754	0.759246	1.841	0.802583	0.688106	0.672058	0.301695	0.169615	0.16187	0.0011543	0	8.268468	1.676546	0.7592459	0.2407541	47.48386
330	0.431838	-24.992	25.4238	0.618955	0.381045	1.501003	0.799191	0.683882	0.670275	0.308434	0.166698	0.159718	0.00117553	0	3.130789	1.748537	0.3810446	0.6189554	56.04496
340	1.19142	-24.2836	25.475	0.105465	0.894535	0.7830258	0.779355	0.685274	0.669957	0.306271	0.173037	0.157929	0.00117898	0	3.079628	1.884479	0.894535	0.105465	76.64421
350	-0.463733	-27.411	26.9472	0.350328	0.649672	1.044643	0.790986	0.687844	0.676666	0.304564	0.166705	0.159725	0.00119118	0	1.607419	1.694394	0.6496716	0.3503284	49.47591
360	0.0257899	-24.8817	24.9075	0.356779	0.643221	1.761306	0.80822	0.686469	0.678626	0.300787	0.166598	0.158785	0.00118313	0	3.647135	1.554393	0.6432214	0.3567786	35.84207
370	-0.797818	-24.5889	23.791	0.324751	0.675249	5.431354	0.805015	0.687063	0.675465	0.29896	0.16864	0.159564	0.0011928	0	4.763594	1.751014	0.6752493	0.3247507	56.36552
380	1.40549	-23.0148	24.4203	0.232534	0.767466	2.728241	0.810544	0.672068	0.668024	0.29823	0.17189	0.163957	0.00116119	0	4.134369	1.902467	0.767466	0.232534	79.88537
390	0.161338	-22.7504	22.9118	0.752427	0.247573	1.394759	0.79331	0.679624	0.65571	0.308434	0.168015	0.159845	0.00115982	0	5.642861	1.884091	0.2475732	0.7524268	76.57568
400	1.61043	-23.3131	24.9235	0.0160466	0.983953	0.8818283	0.810271	0.679878	0.664914	0.310596	0.166913	0.163791	0.00119788	0	3.631135	1.996161	0.9839534	0.01604661	99.12004
410	0.132785	-26.6986	26.8314	0.278103	0.721897	0.7727388	0.8022	0.67372	0.658614	0.304424	0.172855	0.164885	0.00120004	0	1.723208	1.88404	0.7218972	0.2781028	76.5667
420	-1.02877	-25.77	24.7413	0.919664	0.0803361	6.80075	0.7828	0.683996	0.678026	0.305379	0.165676	0.161195	0.00118597	0	3.813382	1.944547	0.08033613	0.9196639	88.01312
430	2.05974	-23.1745	25.2342	0.0732777	0.926722	1.972552	0.797474	0.696107	0.684904	0.30729	0.169809	0.157134	0.00119667	0	3.320447	1.981495	0.9267223	0.07327768	95.82856
440	0.893686	-26.5881	27.4818	0.114253	0.885747	3.610636	0.806067	0.699644	0.654253	0.307307	0.169141	0.15772	0.00119126	0	1.072845	1.912411	0.885747	0.114253	81.73562
450	-3.02235	-29.2092	26.1868	0.733638	0.266362	8.927416	0.780162	0.697045	0.65555	0.311339	0.166184	0.161286	0.00118292	0	2.367803	1.542079	0.2663625	0.7336375	34.8401
460	0.221276	-22.5719	22.7932	0.0200612	0.979939	2.851607	0.790882	0.69844	0.662007	0.3124	0.165833	0.164853	0.00116761	0	5.761459	1.784457	0.9799388	0.0200612	60.87751
470	0.544437	-23.5093	24.0538	0.484236	0.515764	4.778639	0.773545	0.702513	0.652208	0.312533	0.16855	0.160798	0.00117877	0	4.500879	1.938353	0.5157636	0.4842364	86.76664
480	0.29635	-23.6742	23.9705	0.784131	0.215869	1.656004	0.792117	0.694046	0.666888	0.310302	0.171862	0.157752	0.00117589	0	4.584118	1.809053	0.2158688	0.7841312	64.42476
490	-2.75253	-28.331	25.5784	0.214475	0.785525	9.184529	0.795788	0.692495	0.666214	0.304982	0.173293	0.158045	0.00117763	0	2.976202	1.953304	0.7855247	0.2144753	89.80582
500	-1.07889	-27.4204	26.3415	0.154758	0.845242	4.430286	0.783833	0.700484	0.67677	0.310911	0.169375	0.161026	0.00120013	0	2.213131	1.178722	0.8452419	0.1547581	15.09113
510	-1.76694	-27.2707	25.5038	0.475934	0.524066	2.648914	0.771672	0.689992	0.679948	0.299004	0.170319	0.163306	0.00116747	0	3.050883	1.171886	0.5240656	0.4759344	14.85544
520	1.17299	-24.2734	25.4463	0.477547	0.522453	2.751213	0.786156	0.704119	0.676193	0.299331	0.170054	0.161087	0.00115157	0	3.108291	1.842223	0.5224534	0.4775466	69.53817
530	1.80898	-24.8113	26.6203	0.0349817	0.965018	3.307565	0.801467	0.703046	0.682852	0.299171	0.169238	0.15785	0.00116061	0	1.934341	1.872161	0.9650183	0.03498175	74.50086
540	-2.30168	-28.7876	26.4859	0.615884	0.384116	2.556783	0.801957	0.704025	0.66636	0.312025	0.167859	0.161654	0.00117751	0	2.068687	1.143646	0.3841164	0.6158836	13.92021
550	2.2263	-23.8907	26.117	0.0987095	0.90129	3.67805	0.79681	0.689762	0.657634	0.311077	0.173106	0.160549	0.00117041	0	2.437597	1.980379	0.9012905	0.09870954	95.58264
560	-0.891973	-26.79	25.8981	0.0726933	0.927307	1.86535	0.784612	0.690284	0.658908	0.307045	0.171644	0.163123	0.00114752	0	2.656578	1.198918	0.9273067	0.07269326	15.80949
570	-0.725649	-27.0136	26.2879	0.512491	0.487509	6.538917	0.776723	0.700173	0.665489	0.29804	0.166543	0.157347	0.00116258	0	2.266692	1.697983	0.4875094	0.5124906	49.88649
580	-0.669304	-27.8102	27.1409	0.76592	0.23408	4.225763	0.811028	0.703676	0.684001	0.299867	0.167319	0.161315	0.0011634	0	1.413777	1.715697	0.2340801	0.7659199	51.96337
590	0.0616684	-24.341	24.4027	0.0673362	0.932664	3.10393	0.807652	0.678	0.681008	0.299626	0.168661	0.1585	0.00117753	0	4.151975	1.528553	0.9326638	0.06733624	33.77169
600	-3.72329	-21.8177	18.0944	0.307472	0.692528	4.576102	0.807574	0.674416	0.679126	0.304793	0.169048	0.163147	0.00119726	0	10.46026	1.949185	0.6925277	0.3074723	88.95808
610	1.14006	-23.3765	24.5165	0.0521651	0.947835	1.461591	0.798292	0.672412	0.681849	0.309402	0.172583	0.159802	0.00117089	0	4.038124	1.788138	0.9478349	0.05216508	61.3957
620	0.769154	-23.494	24.2632	0.448864	0.551136	3.269017	0.777886	0.684368	0.673394	0.310427	0.170681	0.160903	0.00115959	0	4.291474	1.840394	0.5511365	0.4488635	69.24591
630	1.72617	-24.5701	26.2962	0.0609114	0.939089	1.980648	0.783719	0.676368	0.67835	0.305127	0.172612	0.156914	0.00117213	0	2.25841	1.900038	0.9390886	0.06091135	79.43976
640	0.589668	-22.7148	23.3044	0.474045	0.525955	2.178388	0.784365	0.671035	0.679355	0.307371	0.165573	0.15881	0.00115895	0	5.250209	1.883445	0.5259548	0.4740452	76.46196
650	1.66103	-23.2339	24.8949	0.283107	0.716893	3.333069	0.792306	0.682284	0.666843	0.301368	0.165845	0.161195	0.00117759	0	3.659726	1.941138	0.7168931	0.2831069	87.32481
660	-0.224576	-23.2453	23.0207	0.427328	0.572672	3.599933	0.783398	0.670151	0.654532	0.300735	0.16581	0.15696	0.00119002	0	5.533899	1.789067	0.5726716	0.4273284	61.52715
670	1.76431	-24.128	25.8923	0.172763	0.827237	2.219116	0.80298	0.685035	0.662057	0.297802	0.164874	0.157186	0.00118209	0	2.662314	1.900885	0.8272373	0.1727627	79.59488
680	0.440088	-25.6121	26.0522	0.36148	0.63852	2.605176	0.801093	0.695832	0.664777	0.306861	0.166575	0.163409	0.00118289	0	2.502448	1.616562	0.6385195	0.3614805	41.35823
690	2.12321	-24.1897	26.3129	0.124514	0.875486	3.462195	0.792454	0.691162	0.658232	0.307464	0.165814	0.164471	0.0011876	0	2.241766	1.957882	0.8754857	0.1245143	90.75729
700	-1.31721	-27.1489	25.8317	0.960058	0.0399419	1.691967	0.791038	0.688492	0.656078	0.299886	0.171564	0.163852	0.00118931	0	2.722967	1.536838	0.03994188	0.9600581	34.42213
710	0.884618	-25.0386	25.9232	0.711502	0.288498	5.116269	0.785062	0.698489	0.659587	0.304564	0.173278	0.164099	0.00116885	0	2.631445	1.947594	0.2884982	0.7115018	88.63262
720	0.836929	-24.1315	24.9684	0.848426	0.151574	1.270245	0.794517	0.674995	0.656231	0.305613	0.171601	0.158741	0.00114907	0	3.586203	1.924198	0.1515739	0.8484261	83.98431
730	1.44031	-23.3606	24.8009	0.586982	0.413018	3.118434	0.783132	0.676669	0.663208	0.303749	0.172715	0.157845	0.0011713	0	3.753749	1.957435	0.4130183	0.5869817	90.66401
740	1.01434	-24.5337	25.548	0.27327	0.72673	2.983416	0.794572	0.685808	0.658746	0.310863	0.171435	0.161883	0.00116494	0	3.006624	1.731585	0.7267303	0.2732697	53.89954
750	0.314297	-25.4252	25.7394	0.10551	0.89449	4.339246	0.81011	0.69484	0.659934	0.302755	0.165255	0.161408	0.00116784	0	2.81519	1.563622	0.8944902	0.1055098	36.61185
760	2.35161	-23.7362	26.0878	0.0578564	0.942144	3.475439	0.776232	0.691441	0.652244	0.301585	0.170707	0.161118	0.00116998	0	2.466814	1.996854	0.9421436	0.05785639	99.27816
770	-0.0126586	-25.7492	25.7365	0.0775052	0.922495	1.508251	0.776446	0.695641	0.663258	0.312244	0.171556	0.164072	0.00114721	0	2.818123	1.427666	0.9224948	0.07750524	26.7711
780	1.43882	-22.9462	24.3851	0.0316979	0.968302	2.071424	0.775559	0.699844	0.676571	0.30573	0.168968	0.161574	0.00115767	0	4.169578	1.859652	0.9683021	0.03169787	72.38565
790	1.22366	-24.2305	25.4541	0.0103394	0.989661	0.7970681	0.787706	0.682335	0.659297	0.306772	0.166313	0.164989	0.00117384	0	3.100505	1.843814	0.9896606	0.01033936	69.79328
800	1.35875	-24.7222	26.081	0.0974462	0.902554	2.640196	0.779634	0.681975	0.68216	0.309798	0.165048	0.16178	0.00116592	0	2.473683	1.746041	0.9025538	0.09744617	55.72382
810	-0.715527	-25.2979	24.5823	0.223547	0.776453	2.435612	0.796893	0.68473	0.682808	0.303971	0.168707	0.161344	0.00115008	0	3.972314	1.369477	0.7764526	0.2235474	23.41405
820	0.382863	-24.831	25.2139	0.493016	0.506984	3.499246	0.7856	0.701124	0.682815	0.307665	0.16965	0.163702	0.00119608	0	3.340726	1.688087	0.5069836	0.4930164	48.76257
830	1.6055	-24.0699	25.6755	0.0626531	0.937347	3.172994	0.807601	0.695397	0.665677	0.306316	0.172679	0.163787	0.00119199	0	2.879186	1.789743	0.9373469	0.0626531	61.62297
840	-2.73945	-27.6625	24.9231	0.755496	0.244504	6.303136	0.80286	0.704988	0.678451	0.30275	0.171789	0.160602	0.00116468	0	3.631584	1.384661	0.244504	0.755496	24.24718
850	0.406848	-22.2459	22.6527	0.171626	0.828374	0.6840718	0.803994	0.704095	0.682892	0.299744	0.171216	0.160155	0.00119704	0	5.901895	1.938972	0.8283735	0.1716265	86.89053
860	1.26757	-25.2969	26.5645	0.293267	0.706733	5.359326	0.791593	0.677706	0.662517	0.30077	0.169267	0.158274	0.001203	0	1.990141	1.926325	0.7067326	0.2932674	84.3966
870	0.0690018	-26.0089	26.0779	0.187233	0.812767	4.085179	0.787167	0.683455	0.667335	0.303168	0.168914	0.16484	0.00119068	0	2.476735	1.495028	0.8127667	0.1872333	31.26283
880	1.76451	-24.2081	25.9726	0.312044	0.687956	4.439972	0.78366	0.674741	0.674628	0.306221	0.17059	0.164715	0.00118211	0	2.582053	1.968186	0.6879565	0.3120435	92.93648
890	1.28878	-24.48	25.7687	0.100414	0.899586	5.65979	0.804461	0.672451	0.677761	0.311172	0.166422	0.162329	0.00115971	0	2.785897	1.951551	0.8995861	0.1004139	89.444
900	1.54391	-23.6718	25.2157	0.000329691	0.99967	4.064808	0.79122	0.682781	0.66758	0.300513	0.168583	0.158796	0.00115821	0	3.338937	1.845579	0.9996703	0.0003296915	70.07758
910	1.50515	-22.4924	23.9975	0.0672822	0.932718	3.585681	0.79192	0.676693	0.660911	0.302004	0.169783	0.15972	0.00115811	0	4.557123	1.975847	0.9327178	0.06728225	94.59045
920	1.02028	-25.7931	26.8134	0.175655	0.824345	3.466145	0.779389	0.701259	0.668514	0.307009	0.172231	0.163981	0.0011505	0	1.741217	1.757151	0.8243446	0.1756554	57.16768
930	-1.62124	-23.5429	21.9216	0.0720693	0.927931	4.813072	0.789024	0.692386	0.685126	0.300307	0.172342	0.157375	0.00116757	0	6.633024	1.729748	0.9279307	0.07206929	53.67197
940	1.4499	-24.3864	25.8363	0.0326033	0.967397	2.033143	0.804808	0.672139	0.677665	0.299188	0.173278	0.161314	0.00116097	0	2.718346	1.766593	0.9673967	0.03260334	58.42426
950	-0.490568	-28.0712	27.5806	0.762553	0.237447	3.150347	0.808503	0.689666	0.67476	0.304796	0.169126	0.163995	0.00116209	0	0.9740251	1.986838	0.2374469	0.7625531	97.01478
960	0.537153	-24.671	25.2081	0.694227	0.305773	0.4448712	0.788924	0.688151	0.684137	0.306376	0.172068	0.162048	0.00120254	0	3.346497	1.92565	0.3057732	0.6942268	84.26555
970	0.947177	-24.5803	25.5275	0.944543	0.0554569	1.69139	0.793154	0.70437	0.654804	0.306897	0.172927	0.164525	0.00120294	0	3.027133	1.929938	0.05545692	0.9445431	85.10159
980	-1.60545	-27.6151	26.0097	0.78069	0.21931	4.502362	0.79835	0.695333	0.657602	0.309381	0.168136	0.161787	0.00120357	0	2.54496	1.422124	0.2193096	0.7806904	26.43161
990	1.82303	-24.375	26.1981	0.229081	0.770919	3.993047	0.806925	0.693144	0.684322	0.304584	0.166763	0.163509	0.00117644	0	2.356566	1.930627	0.7709194	0.2290806	85.2368
1000	-3.89916	-31.7324	27.8333	0.377629	0.622371	7.267781	0.804133	0.699841	0.678141	0.303747	0.169078	0.162045	0.00119618	0	0.7213547	1.31713	0.6223711	0.3776289	20.75536
1010	2.33249	-23.5037	25.8362	0.0830815	0.916919	3.381212	0.7924	0.672884	0.680035	0.302563	0.165842	0.15952	0.00118789	0	2.718447	1.994953	0.9169185	0.08308146	98.84466
1020	-1.84093	-29.3419	27.501	0.71595	0.28405	2.163808	0.810791	0.687132	0.684983	0.298176	0.165814	0.164529	0.00115243	0	1.053633	1.688735	0.28405	0.71595	48.83541
1030	0.885178	-22.0592	22.9444	0.451449	0.548551	2.592961	0.789319	0.69817	0.653834	0.299457	0.166161	0.160745	0.0011952	0	5.610221	1.989611	0.5485511	0.4514489	97.63624
1040	1.43595	-24.1514	25.5873	0.589365	0.410635	2.957713	0.800465	0.691064	0.656469	0.299366	0.169498	0.157832	0.00114892	0	2.96733	1.929773	0.4106347	0.5893653	85.06927
1050	0.961519	-24.6621	25.6236	0.140081	0.859919	0.431257	0.80774	0.684533	0.679787	0.299333	0.166448	0.158232	0.00116484	0	2.931039	1.938874	0.8599195	0.1400805	86.87075
1060	-1.49693	-25.0637	23.5668	0.814293	0.185707	0.1816693	0.801485	0.685109	0.682171	0.297709	0.167067	0.159412	0.00115541	0	4.987831	1.552117	0.1857072	0.8142928	35.65473
1070	-0.639379	-22.6351	21.9957	0.789363	0.210637	0.3760317	0.807122	0.676887	0.682547	0.311119	0.164769	0.160315	0.00117184	0	6.5589	1.871348	0.2106367	0.7893633	74.36154
1080	0.621548	-23.7521	24.3736	0.885495	0.114505	1.482078	0.805516	0.671863	0.673757	0.304874	0.173277	0.162311	0.00115311	0	4.180991	1.882912	0.1145048	0.8854952	76.36803
1090	0.985824	-25.1212	26.1071	0.651293	0.348707	3.231389	0.806741	0.704771	0.665813	0.307032	0.168463	0.159391	0.0011496	0	2.447579	1.859078	0.3487068	0.6512932	72.28998
1100	1.21907	-24.2199	25.439	0.661412	0.338588	1.3997	0.809651	0.699666	0.675696	0.301397	0.16698	0.159982	0.0011526	0	3.115637	1.973329	0.3385885	0.6614115	94.04349
1110	0.159208	-27.2134	27.3726	0.0132073	0.986793	7.012763	0.808259	0.69412	0.673268	0.301671	0.170012	0.16013	0.00116395	0	1.182006	1.761093	0.9867927	0.01320731	57.68895
1120	-0.366366	-25.6605	25.2941	0.63569	0.36431	6.694797	0.78849	0.696537	0.665107	0.306286	0.167316	0.15947	0.00115579	0	3.260516	1.957465	0.3643101	0.6356899	90.67039
1130	1.2287	-22.9306	24.1593	0.00279439	0.997206	2.544042	0.804828	0.674771	0.673241	0.310613	0.165618	0.161952	0.00115149	0	4.395348	1.81926	0.9972056	0.002794388	65.95684
1140	-0.861294	-27.2175	26.3562	0.22538	0.77462	4.550329	0.802654	0.675418	0.674516	0.304739	0.165898	0.158881	0.00116372	0	2.198397	1.294158	0.7746203	0.2253797	19.68604
1150	-0.357401	-23.0515	22.6941	0.780266	0.219734	3.027226	0.785688	0.686181	0.682188	0.300911	0.165273	0.161053	0.00114968	0	5.860524	1.833567	0.2197342	0.7802658	68.16586
1160	0.287837	-22.805	23.0929	0.397579	0.602421	2.05739	0.778604	0.675216	0.66029	0.303186	0.166284	0.165131	0.00116633	0	5.461773	1.822965	0.6024213	0.3975787	66.52201
1170	-2.60268	-23.1804	20.5777	0.662917	0.337083	0.9949326	0.775752	0.674182	0.653728	0.300671	0.167322	0.163948	0.00115236	0	7.976888	1.589615	0.3370832	0.6629168	38.87005
1180	0.982115	-24.3359	25.318	0.747052	0.252948	0.9129018	0.773236	0.690622	0.671082	0.298204	0.166611	0.163377	0.00116332	0	3.236622	1.989749	0.2529483	0.7470517	97.66715
1190	-1.16619	-26.0632	24.897	0.802851	0.197149	1.215087	0.804764	0.683243	0.682096	0.30369	0.167169	0.159528	0.00115074	0	3.657631	1.498497	0.197149	0.802851	31.5135
1200	-1.60708	-24.4728	22.8657	0.947896	0.0521038	0.3441695	0.796797	0.689131	0.682036	0.304868	0.171727	0.161288	0.00116681	0	5.688923	1.600696	0.05210382	0.9478962	39.87456
1210	0.826552	-23.8374	24.664	0.371513	0.628487	0.3308581	0.801575	0.694477	0.670483	0.304383	0.165072	0.159176	0.00117313	0	3.890666	1.974819	0.6284874	0.3715126	94.3667
1220	1.42098	-24.157	25.578	0.66166	0.33834	2.287342	0.802505	0.684904	0.68371	0.311184	0.165914	0.157124	0.00118148	0	2.976669	1.947454	0.3383396	0.6616604	88.60405
1230	1.51672	-24.3476	25.8643	0.274467	0.725533	1.64134	0.792812	0.679	0.668178	0.3062	0.167042	0.159374	0.00114921	0	2.690359	1.937819	0.725533	0.274467	86.66005
1240	0.400861	-24.0858	24.4867	0.0657438	0.934256	1.024023	0.785401	0.686714	0.680073	0.311265	0.172653	0.164449	0.00118506	0	4.067927	1.60254	0.9342562	0.06574377	40.04425
1250	-1.3624	-25.2528	23.8904	0.844538	0.155462	5.711227	0.807749	0.695799	0.673877	0.298531	0.165483	0.161325	0.00119682	0	4.664267	1.781194	0.1554624	0.8445376	60.42191
1260	-0.159373	-23.1743	23.0149	0.941816	0.0581844	3.767075	0.803669	0.69499	0.661501	0.299122	0.168283	0.158908	0.00119363	0	5.539719	1.886375	0.05818437	0.9418156	76.97943
1270	1.12419	-22.7802	23.9044	0.47619	0.52381	1.896302	0.790868	0.686828	0.665223	0.308658	0.170536	0.158159	0.00115872	0	4.650229	1.947596	0.52381	0.47619	88.63304
1280	1.21405	-23.1333	24.3473	0.981998	0.0180023	3.14685	0.779463	0.692317	0.676757	0.310796	0.171373	0.160382	0.00117471	0	4.207315	1.995149	0.01800233	0.9819977	98.8893
1290	1.44181	-25.0479	26.4898	0.104631	0.895369	3.645887	0.778356	0.701622	0.66095	0.301752	0.169334	0.158583	0.00114713	0	2.064877	1.79872	0.8953687	0.1046313	62.91008
1300	1.28226	-24.4051	25.6874	0.505537	0.494463	1.762097	0.788727	0.690161	0.651169	0.30261	0.166433	0.15843	0.00115094	0	2.867254	1.920954	0.4944628	0.5055372	83.3592
1310	0.862429	-23.0951	23.9575	0.196292	0.803708	3.742002	0.784863	0.678609	0.658928	0.311676	0.166794	0.161796	0.00119192	0	4.59715	1.85852	0.8037078	0.1962922	72.19707
1320	-1.17884	-24.1179	22.9391	0.502432	0.497568	1.41083	0.772152	0.700111	0.659703	0.311437	0.172539	0.162081	0.0011811	0	5.615566	1.527758	0.497568	0.502432	33.70997
1330	-0.833819	-28.5419	27.708	0.754544	0.245456	5.086989	0.776881	0.702231	0.668134	0.303097	0.173053	0.162539	0.0011969	0	0.8465963	1.933914	0.2454565	0.7545435	85.8843
1340	2.28359	-23.4054	25.689	0.0171387	0.982861	3.766646	0.783151	0.699357	0.667017	0.298154	0.171934	0.163135	0.00117551	0	2.865642	1.979463	0.9828613	0.01713873	95.38117
1350	0.22033	-22.7353	22.9557	0.93576	0.0642398	0.6817248	0.803777	0.700543	0.673847	0.299333	0.171608	0.162006	0.00118091	0	5.598964	1.95384	0.06423982	0.9357602	89.91671
1360	1.82332	-23.1825	25.0058	0.0883189	0.911681	4.398113	0.809576	0.671065	0.669016	0.299597	0.172894	0.164962	0.00116931	0	3.54881	1.990399	0.9116811	0.08831888	97.81343
1370	0.611373	-24.5309	25.1423	0.0261629	0.973837	4.050497	0.786896	0.67872	0.65494	0.300178	0.166631	0.163948	0.00114864	0	3.412369	1.638084	0.9738371	0.02616293	43.45938
1380	-1.63526	-28.7756	27.1404	0.406095	0.593905	9.809093	0.808122	0.693518	0.658862	0.303108	0.171542	0.162265	0.00115434	0	1.414273	1.959822	0.5939048	0.4060952	91.16375
1390	0.494113	-24.2547	24.7488	0.0822498	0.91775	5.631511	0.797428	0.693504	0.684412	0.297452	0.169905	0.161403	0.00115958	0	3.80583	1.875404	0.9177502	0.08224976	75.05913
1400	1.32571	-23.6387	24.9645	0.584925	0.415075	2.025922	0.782622	0.672702	0.66868	0.299491	0.166183	0.162571	0.00116607	0	3.590183	1.932234	0.415075	0.584925	85.55282
1410	1.18605	-22.0304	23.2164	0.274053	0.725947	2.230149	0.781907	0.677301	0.672454	0.310437	0.169387	0.16253	0.00118915	0	5.338195	1.999494	0.7259465	0.2740535	99.88358
1420	1.87429	-24.1887	26.063	0.452705	0.547295	3.745169	0.781162	0.671469	0.671121	0.308485	0.173185	0.164417	0.00118422	0	2.491631	1.996687	0.5472953	0.4527047	99.23999
1430	-0.129469	-21.7049	21.5755	0.328046	0.671954	1.184586	0.778653	0.682897	0.651104	0.309221	0.172741	0.160803	0.00119363	0	6.979177	1.949552	0.6719543	0.3280457	89.03329
1440	-2.18072	-26.0026	23.8219	0.229461	0.770539	0.6767717	0.804495	0.690112	0.67548	0.309658	0.170547	0.159756	0.00114658	0	4.732753	1.114654	0.7705392	0.2294608	13.0213
1450	1.74622	-23.4532	25.1994	0.141362	0.858638	4.567991	0.808523	0.672133	0.683949	0.300477	0.172122	0.162216	0.00115918	0	3.355206	1.985582	0.8586379	0.1413621	96.73469
1460	0.594982	-25.3072	25.9022	0.27969	0.72031	6.275391	0.800518	0.688335	0.680475	0.304109	0.165003	0.162207	0.00118125	0	2.652442	1.933215	0.7203102	0.2796898	85.7462
1470	0.0661539	-24.0691	24.1352	0.833988	0.166012	4.474918	0.794493	0.674286	0.659349	0.302037	0.165832	0.159621	0.00118311	0	4.419421	1.864829	0.1660121	0.8339879	73.2536
1480	0.846259	-22.3882	23.2345	0.190953	0.809047	1.43878	0.786019	0.675004	0.667129	0.297896	0.169351	0.161558	0.00118887	0	5.320162	1.912544	0.8090475	0.1909525	81.76065
1490	1.38285	-24.3299	25.7127	0.095683	0.904317	4.014869	0.777121	0.686252	0.655302	0.308112	0.167368	0.158022	0.00117868	0	2.841915	1.787775	0.904317	0.09568298	61.34445
1500	1.10999	-23.6946	24.8046	0.102993	0.897007	1.780887	0.80463	0.681863	0.65208	0.30037	0.165001	0.163674	0.00118741	0	3.750018	1.745131	0.8970069	0.1029931	55.60718
1510	0.890129	-22.6113	23.5014	0.888925	0.111075	2.672512	0.803469	0.675886	0.656639	0.303562	0.166638	0.160435	0.00120082	0	5.053223	1.973719	0.1110748	0.8889252	94.12805
1520	0.696672	-26.2329	26.9296	0.455189	0.544811	5.305309	0.797581	0.698066	0.663549	0.307519	0.172209	0.159232	0.0012028	0	1.62506	1.876779	0.5448114	0.4551886	75.29729
1530	0.051095	-26.2151	26.2662	0.933504	0.0664957	6.272239	0.791101	0.699877	0.672875	0.312966	0.166077	0.161688	0.00119165	0	2.288428	1.976821	0.06649565	0.9335043	94.80281
1540	-1.94657	-27.5448	25.5982	0.181055	0.818945	7.556007	0.784767	0.684373	0.67675	0.31182	0.16493	0.157233	0.00116757	0	2.956394	1.375247	0.8189453	0.1810547	23.72723
1550	0.211879	-25.7453	25.9572	0.31476	0.68524	1.760023	0.806528	0.671596	0.669328	0.305631	0.170312	0.159057	0.00114622	0	2.597446	1.582125	0.6852401	0.3147599	38.2054
1560	1.29974	-23.8191	25.1188	0.490045	0.509955	2.243736	0.79972	0.689655	0.667248	0.311672	0.168097	0.160236	0.00114903	0	3.435823	1.895199	0.5099548	0.4900452	78.55955
1570	1.32942	-24.6372	25.9666	0.257443	0.742557	1.304297	0.808751	0.687178	0.669063	0.307148	0.171	0.161298	0.00114781	0	2.588017	1.93635	0.7425572	0.2574428	86.3675
1580	0.487616	-23.7485	24.2361	0.710205	0.289795	0.4099429	0.803017	0.679901	0.669225	0.308727	0.170336	0.161452	0.00116606	0	4.318501	1.935847	0.2897945	0.7102055	86.26746
1590	-2.07395	-29.3738	27.2998	0.21337	0.78663	1.983414	0.809022	0.689322	0.67095	0.311193	0.172973	0.161429	0.00117294	0	1.254816	1.234258	0.7866299	0.2133701	17.14977
1600	1.46038	-24.0841	25.5445	0.136062	0.863938	1.413717	0.784183	0.693895	0.654354	0.311773	0.168754	0.160118	0.00119647	0	3.010152	1.863953	0.8639378	0.1360622	73.10592
1610	0.366208	-21.8409	22.2071	0.0820641	0.917936	3.579475	0.791798	0.691633	0.679367	0.309307	0.168299	0.15922	0.00115759	0	6.347578	1.988986	0.9179359	0.08206411	97.49574
1620	-2.71715	-25.6347	22.9175	0.0501563	0.949844	6.716251	0.787601	0.695342	0.683805	0.311081	0.170777	0.158465	0.00117932	0	5.637115	1.620629	0.9498437	0.05015633	41.74732
1630	0.555102	-26.3998	26.9549	0.272192	0.727808	5.524359	0.79305	0.680646	0.676668	0.308925	0.170422	0.157749	0.00116318	0	1.599779	1.809647	0.7278075	0.2721925	64.51299
1640	1.84157	-24.735	26.5765	0.0734092	0.926591	4.951289	0.771912	0.684408	0.664042	0.312531	0.170504	0.158962	0.00114565	0	1.978114	1.966852	0.9265908	0.0734092	92.65149
1650	-1.46004	-28.5145	27.0544	0.533131	0.466869	8.23665	0.786749	0.687819	0.653008	0.304478	0.169608	0.157637	0.00114426	0	1.500224	1.660584	0.4668688	0.5331312	45.77034
1660	1.48299	-23.3022	24.7852	0.285906	0.714094	1.642257	0.791558	0.680996	0.66636	0.309429	0.166333	0.1619	0.00116499	0	3.769426	1.937265	0.714094	0.285906	86.54967
1670	1.01082	-24.8733	25.8841	0.453743	0.546257	2.129989	0.794422	0.68943	0.664282	0.308208	0.169294	0.162469	0.00116625	0	2.670569	1.808301	0.5462571	0.4537429	64.31327
1680	-2.39475	-29.4076	27.0129	0.582071	0.417929	6.503024	0.800254	0.703465	0.659153	0.305163	0.16682	0.163892	0.0011637	0	1.541749	1.300424	0.4179289	0.5820711	19.97209
1690	0.562225	-24.5551	25.1173	0.368969	0.631031	5.314626	0.783336	0.696783	0.65992	0.306873	0.171458	0.162825	0.00117374	0	3.43731	1.871287	0.6310309	0.3689691	74.351
1700	0.610559	-22.0334	22.6439	0.349196	0.650804	2.016735	0.796155	0.698614	0.6552	0.301289	0.168073	0.157392	0.00116948	0	5.910707	1.955606	0.6508042	0.3491958	90.2831
1710	-2.37907	-26.0716	23.6925	0.79082	0.20918	5.473925	0.771919	0.700761	0.655563	0.298216	0.166798	0.161726	0.00117202	0	4.862099	1.584623	0.2091802	0.7908198	38.42578
1720	0.80987	-23.0552	23.8651	0.351931	0.648069	2.606361	0.780835	0.677028	0.673944	0.308768	0.16807	0.163467	0.00116541	0	4.689526	1.846271	0.6480692	0.3519308	70.18938
1730	-2.60705	-26.1503	23.5432	0.932913	0.0670866	2.437795	0.776884	0.677096	0.660713	0.304059	0.170117	0.162297	0.00117142	0	5.011411	1.367674	0.06708664	0.9329134	23.31706
1740	-1.13408	-28.0921	26.958	0.52544	0.47456	7.856935	0.782185	0.673314	0.655325	0.299692	0.169381	0.161766	0.00115919	0	1.596662	1.681981	0.47456	0.52544	48.08184
1750	1.41612	-24.115	25.5311	0.299424	0.700576	4.237871	0.799489	0.705073	0.675471	0.298578	0.16906	0.163576	0.00119239	0	3.023549	1.885426	0.7005763	0.2994237	76.81142
1760	0.919512	-24.2993	25.2188	0.348664	0.651336	0.7589434	0.799147	0.689632	0.675678	0.300134	0.16656	0.162967	0.00119587	0	3.335816	1.879778	0.6513362	0.3486638	75.81899
1770	-0.141307	-26.6888	26.5475	0.187136	0.812864	6.652052	0.787413	0.694315	0.668833	0.301804	0.170508	0.163491	0.00118059	0	2.007106	1.689416	0.8128637	0.1871363	48.91204
1780	-1.67686	-27.876	26.1992	0.242692	0.757308	3.663184	0.790856	0.689488	0.666244	0.299792	0.173242	0.162122	0.00114437	0	2.355452	1.076796	0.7573084	0.2426916	11.93428
1790	0.197129	-23.3334	23.5305	0.254244	0.745756	3.361714	0.779101	0.697157	0.677678	0.297863	0.169423	0.160562	0.00114849	0	5.024127	1.766541	0.7457559	0.2542441	58.41727
1800	0.650164	-24.467	25.1171	0.548526	0.451474	3.107197	0.79129	0.699729	0.662822	0.299118	0.171444	0.162	0.00119305	0	3.43749	1.752943	0.4514738	0.5485262	56.61648
1810	-0.562479	-26.1736	25.6112	0.131856	0.868144	0.7397231	0.776523	0.683277	0.671935	0.300045	0.17296	0.157272	0.00118492	0	2.943472	1.35671	0.8681445	0.1318555	22.73581
1820	0.492261	-25.6011	26.0933	0.113614	0.886386	0.7890765	0.806195	0.673025	0.676243	0.308196	0.17296	0.160635	0.00117116	0	2.461323	1.687812	0.8863863	0.1136137	48.73176
1830	1.82154	-23.7841	25.6056	0.187142	0.812858	3.417286	0.802202	0.675239	0.67246	0.3053	0.165452	0.164756	0.00115676	0	2.948995	1.91356	0.8128585	0.1871415	81.952
1840	0.717465	-23.8221	24.5396	0.98331	0.0166901	2.737406	0.783579	0.689747	0.680639	0.303505	0.168554	0.162265	0.00115293	0	4.015025	1.890939	0.01669011	0.9833099	77.79273
1850	0.33292	-24.5063	24.8392	0.702349	0.297651	3.693915	0.779596	0.703558	0.671176	0.297953	0.168467	0.164767	0.00115621	0	3.715431	1.784245	0.2976513	0.7023487	60.8478
1860	0.362203	-25.7067	26.0689	0.43996	0.56004	3.244741	0.809302	0.694862	0.657856	0.299604	0.166859	0.163776	0.00117683	0	2.485716	1.636016	0.5600403	0.4399597	43.25294
1870	1.13548	-22.6419	23.7774	0.412609	0.587391	2.935174	0.790376	0.689222	0.675257	0.299055	0.166376	0.161101	0.00117282	0	4.777244	1.950605	0.5873912	0.4126088	89.24924
1880	-1.69773	-27.1401	25.4424	0.658002	0.341998	2.69921	0.778895	0.681421	0.654363	0.299899	0.16808	0.157903	0.00115962	0	3.112222	1.289212	0.3419977	0.6580023	19.46312
1890	0.772229	-23.4771	24.2494	0.584733	0.415267	0.5436393	0.790988	0.70158	0.673803	0.309072	0.167995	0.161802	0.00114718	0	4.305274	1.979291	0.415267	0.584733	95.34356
1900	1.44393	-25.5526	26.9965	0.168782	0.831218	4.69453	0.773443	0.684771	0.683189	0.300025	0.168563	0.159973	0.00116521	0	1.558119	1.921036	0.8312184	0.1687816	83.37509
1910	-0.131182	-23.0995	22.9684	0.737522	0.262478	5.052795	0.778202	0.671105	0.651129	0.306594	0.171836	0.158327	0.00118035	0	5.586285	1.998377	0.262478	0.737522	99.62688
1920	0.34835	-25.0861	25.4345	0.973769	0.0262312	4.042453	0.774088	0.689306	0.666033	0.297704	0.171156	0.157637	0.00117348	0	3.12018	1.839712	0.02623122	0.9737688	69.1372
1930	2.2038	-23.3962	25.6	0.0271083	0.972892	4.156607	0.780369	0.676233	0.653751	0.303339	0.167565	0.157473	0.00119333	0	2.954679	1.983215	0.9728917	0.02710829	96.20887
1940	1.66949	-24.4376	26.1071	0.286453	0.713547	2.103851	0.773633	0.693174	0.674262	0.298802	0.167393	0.158019	0.00119915	0	2.447499	1.933366	0.713547	0.286453	85.77608
1950	0.38989	-24.6025	24.9924	0.48116	0.51884	4.645223	0.777867	0.682634	0.676086	0.299547	0.165581	0.161639	0.00118778	0	3.562242	1.793477	0.5188399	0.4811601	62.15519
1960	1.00065	-25.2274	26.228	0.638497	0.361503	5.36931	0.804483	0.686399	0.660151	0.298478	0.167108	0.158356	0.00119153	0	2.326601	1.96976	0.3615026	0.6384974	93.2738
1970	-0.545892	-26.0163	25.4704	0.409902	0.590098	4.949064	0.805371	0.67757	0.651329	0.304131	0.164979	0.160367	0.00118882	0	3.084263	1.556998	0.590098	0.409902	36.0577
1980	0.464037	-25.3511	25.8151	0.0449016	0.955098	3.702138	0.797129	0.671142	0.664592	0.299681	0.166578	0.163838	0.00118137	0	2.739543	1.519539	0.9550984	0.04490156	33.07801
1990	-1.69826	-25.8333	24.1351	0.639713	0.360287	1.105073	0.801474	0.691693	0.65857	0.301701	0.166107	0.16441	0.00118805	0	4.419575	1.346689	0.3602871	0.6397129	22.21719
2000	0.469491	-24.2161	24.6856	0.645575	0.354425	0.1556132	0.808173	0.699176	0.658564	0.298776	0.166884	0.164533	0.00119739	0	3.869035	1.952773	0.3544248	0.6455752	89.69589
2010	-0.590849	-22.6665	22.0756	0.520553	0.479447	0.439145	0.794746	0.699868	0.659794	0.304522	0.168835	0.16329	0.00119825	0	6.479029	1.824028	0.4794475	0.5205525	66.68503
2020	-2.56529	-20.743	18.1777	0.112776	0.887224	2.888809	0.794121	0.688289	0.657793	0.309606	0.169134	0.162315	0.00119668	0	10.3769	1.992081	0.8872245	0.1127755	98.19321
2030	0.716327	-25.1012	25.8176	0.00676533	0.993235	6.74238	0.777341	0.702357	0.661505	0.311386	0.170428	0.158614	0.00116949	0	2.737062	1.986136	0.9932347	0.006765331	96.8581
2040	-1.78781	-25.6298	23.842	0.705356	0.294644	3.669792	0.805466	0.691078	0.654759	0.311553	0.169435	0.164495	0.00116791	0	4.712624	1.46699	0.2946439	0.7053561	29.30825
2050	2.18689	-23.7373	25.9242	0.0375429	0.962457	2.414438	0.806254	0.680439	0.65375	0.30522	0.170939	0.161066	0.00117937	0	2.630416	1.965173	0.9624571	0.03754292	92.29381
2060	1.67929	-22.7	24.3793	0.331763	0.668237	2.520238	0.802498	0.700197	0.675809	0.311455	0.165443	0.162546	0.00115931	0	4.175331	1.999268	0.6682372	0.3317628	99.83154
2070	-0.152572	-27.2511	27.0985	0.392575	0.607425	2.226743	0.784154	0.697435	0.670482	0.307609	0.165259	0.164316	0.00114832	0	1.456149	1.699041	0.6074254	0.3925746	50.00816
2080	-1.18671	-28.4576	27.2708	0.635993	0.364007	6.582324	0.785978	0.679265	0.674428	0.307895	0.165211	0.164111	0.00115586	0	1.2838	1.653598	0.3640072	0.6359928	45.03996
2090	-1.06539	-23.3914	22.326	0.266413	0.733587	4.959428	0.810921	0.691652	0.668325	0.301975	0.166828	0.160693	0.00115079	0	6.22866	1.847051	0.7335867	0.2664133	70.31556
2100	0.630881	-25.9183	26.5491	0.816697	0.183303	3.392679	0.807852	0.670192	0.653448	0.31222	0.166448	0.159419	0.00114705	0	2.005501	1.878988	0.1833029	0.8166971	75.68118
2110	-1.50049	-24.8853	23.3849	0.386942	0.613058	4.226793	0.79782	0.676775	0.667225	0.305222	0.171048	0.158224	0.001186	0	5.169786	1.52401	0.6130581	0.3869419	33.42028
2120	0.176905	-26.295	26.4719	0.295409	0.704591	5.439612	0.809229	0.692027	0.659358	0.3061	0.170724	0.158751	0.00117552	0	2.082708	1.686277	0.7045911	0.2954089	48.55981
2130	-0.167692	-27.9998	27.8321	0.246386	0.753614	4.418333	0.807128	0.672838	0.663152	0.306129	0.171972	0.157341	0.00119189	0	0.7225585	1.948988	0.753614	0.246386	88.91775
2140	-0.874443	-26.4099	25.5355	0.544403	0.455597	0.8677492	0.791436	0.673334	0.652337	0.298962	0.16985	0.159178	0.00114986	0	3.019132	1.46952	0.4555966	0.5444034	29.47948
2150	0.199916	-22.2344	22.4343	0.58184	0.41816	1.259903	0.791498	0.69594	0.653138	0.302546	0.167982	0.160547	0.00116503	0	6.120336	1.93626	0.4181597	0.5818403	86.3495
2160	0.780334	-24.8418	25.6221	0.416791	0.583209	2.411021	0.778347	0.684625	0.65888	0.31171	0.166291	0.158452	0.00118302	0	2.932538	1.718272	0.5832091	0.4167909	52.2724
2170	0.258362	-23.2965	23.5549	0.316878	0.683122	3.074663	0.798336	0.690267	0.655908	0.300723	0.16554	0.159135	0.00119353	0	4.999781	1.759965	0.6831225	0.3168775	57.5394
2180	2.02715	-23.4496	25.4767	0.0508822	0.949118	4.292723	0.8088	0.697091	0.659717	0.308461	0.165711	0.161211	0.00115541	0	3.077906	1.97946	0.9491178	0.05088219	95.38064
2190	1.32711	-23.1648	24.4919	0.0441192	0.955881	5.065172	0.807257	0.696046	0.660226	0.306667	0.164833	0.165114	0.00117806	0	4.062778	1.998605	0.9558808	0.04411916	99.67924
2200	-0.841206	-22.6721	21.8309	0.478506	0.521494	2.177443	0.799728	0.678959	0.653727	0.30279	0.166334	0.164211	0.00115022	0	6.723733	1.7682	0.5214941	0.4785059	58.64077
2210	-0.467929	-22.4806	22.0126	0.78707	0.21293	2.625668	0.804579	0.680691	0.653854	0.309194	0.170564	0.165104	0.00116005	0	6.542012	1.873028	0.2129297	0.7870703	74.64974
2220	-0.0147755	-24.3082	24.2934	0.67914	0.32086	0.9123799	0.791761	0.674018	0.656709	0.310225	0.171956	0.163635	0.00115827	0	4.261222	1.739383	0.3208595	0.6791405	54.87602
2230	1.71794	-23.4726	25.1905	0.20111	0.79889	3.411091	0.785955	0.670142	0.674675	0.305909	0.17095	0.163873	0.00116677	0	3.364117	1.914526	0.7988901	0.2011099	82.1346
2240	-0.600845	-24.9949	24.3941	0.645352	0.354648	6.306829	0.783608	0.680829	0.674654	0.30922	0.165898	0.161899	0.0011925	0	4.160585	1.921897	0.354648	0.645352	83.54053
2250	1.49526	-24.3068	25.8021	0.411246	0.588754	1.552949	0.782865	0.675923	0.663053	0.309496	0.165124	0.162212	0.0011654	0	2.752548	1.981046	0.5887535	0.4112465	95.72955
2260	1.84839	-23.9972	25.8456	0.401732	0.598268	2.919065	0.79893	0.679548	0.656915	0.312642	0.171504	0.164495	0.00115249	0	2.709002	1.979031	0.5982681	0.4017319	95.28648
2270	0.958177	-26.462	27.4201	0.188942	0.811058	3.685588	0.795542	0.680476	0.667189	0.307531	0.169092	0.157523	0.00118976	0	1.134495	1.925958	0.8110585	0.1889415	84.32537
2280	1.07857	-23.9705	25.049	0.446111	0.553889	1.021128	0.804376	0.691335	0.674297	0.302531	0.170786	0.158227	0.00117136	0	3.505611	1.92292	0.5538887	0.4461113	83.73745
2290	-0.766064	-24.3945	23.6285	0.0967073	0.903293	4.967093	0.799207	0.697602	0.665028	0.303252	0.165136	0.157908	0.00115058	0	4.926152	1.662958	0.9032927	0.09670728	46.02119
2300	0.755361	-26.5009	27.2562	0.184958	0.815042	5.557296	0.80184	0.687986	0.658887	0.302471	0.166323	0.159467	0.00115384	0	1.298419	1.882386	0.8150416	0.1849584	76.27572
2310	-0.402972	-24.8618	24.4589	0.150602	0.849398	0.7296092	0.791526	0.689657	0.678958	0.309966	0.171119	0.158284	0.00114897	0	4.095775	1.457179	0.8493985	0.1506015	28.65356
2320	-0.892656	-24.4264	23.5338	0.228176	0.771824	0.329634	0.772393	0.680557	0.662523	0.3115	0.171232	0.163282	0.00116565	0	5.020845	1.476535	0.7718238	0.2281762	29.95956
2330	0.0850159	-26.4302	26.5152	0.33011	0.66989	0.7169066	0.772189	0.693768	0.669679	0.302245	0.169679	0.158122	0.00117301	0	2.039423	1.781775	0.6698896	0.3301104	60.5027
2340	1.20145	-25.4612	26.6626	0.312635	0.687365	3.891025	0.780826	0.693618	0.658349	0.301402	0.169985	0.158366	0.00116232	0	1.891997	1.837521	0.6873649	0.3126351	68.78934
2350	0.992522	-24.2276	25.2201	0.0741531	0.925847	1.522555	0.804561	0.688489	0.655429	0.298122	0.168649	0.163109	0.00116025	0	3.334493	1.698087	0.9258469	0.07415307	49.89847
2360	1.43695	-25.3094	26.7464	0.44762	0.55238	4.94484	0.808161	0.675958	0.680335	0.298479	0.166019	0.160822	0.00119682	0	1.808267	1.990946	0.5523796	0.4476204	97.93678
2370	0.123522	-24.8997	25.0233	0.0395701	0.96043	6.277455	0.796685	0.67729	0.674527	0.304265	0.164773	0.158099	0.00120195	0	3.531374	1.843269	0.9604299	0.03957012	69.70581
2380	0.588385	-26.0479	26.6362	0.290039	0.709961	4.257438	0.778829	0.679554	0.682199	0.307849	0.165331	0.158284	0.00115229	0	1.918392	1.699118	0.7099609	0.2900391	50.01702
2390	1.22758	-22.4971	23.7246	0.44696	0.55304	3.151913	0.773063	0.678238	0.668338	0.308222	0.167768	0.159457	0.00116939	0	4.829987	1.991552	0.5530403	0.4469597	98.07367
2400	-1.01388	-23.3343	22.3204	0.466659	0.533341	1.471798	0.784809	0.68952	0.667616	0.302588	0.169441	0.158888	0.00114985	0	6.234247	1.646219	0.533341	0.466659	44.28116
2410	1.03588	-24.3469	25.3827	0.16707	0.83293	3.82171	0.780148	0.700435	0.659674	0.305878	0.17057	0.159544	0.00116506	0	3.171888	1.744713	0.8329298	0.1670702	55.55376
2420	-0.41849	-24.3138	23.8953	0.246001	0.753999	3.353075	0.78809	0.702922	0.656704	0.30389	0.166307	0.160304	0.00119793	0	4.659331	1.55726	0.753999	0.246001	36.07944
2430	1.6501	-24.2772	25.9273	0.191628	0.808372	1.366137	0.791244	0.694646	0.668601	0.306556	0.167791	0.157725	0.00117937	0	2.627351	1.996522	0.8083717	0.1916283	99.20247
2440	0.446563	-23.3025	23.7491	0.0439701	0.95603	0.6686479	0.785192	0.702004	0.685134	0.301887	0.171957	0.164728	0.00116568	0	4.805554	1.740012	0.9560299	0.04397013	54.95565
2450	0.576876	-23.59	24.1669	0.382833	0.617167	1.73672	0.811251	0.698258	0.659833	0.304976	0.168579	0.164549	0.00116947	0	4.387732	1.764759	0.6171672	0.3828328	58.17804
2460	1.10808	-25.6669	26.7749	0.213031	0.786969	1.84784	0.802493	0.705092	0.65688	0.303675	0.171238	0.16446	0.00116009	0	1.779704	1.905886	0.7869687	0.2130313	80.5167
2470	0.574865	-24.4247	24.9996	0.610816	0.389184	1.212261	0.788676	0.690321	0.67823	0.309525	0.170707	0.162567	0.00115098	0	3.555053	1.813443	0.3891835	0.6108165	65.07931
2480	-3.09756	-29.5827	26.4852	0.469616	0.530384	11.40024	0.783723	0.679533	0.674344	0.308037	0.167364	0.161193	0.00119786	0	2.069455	1.830935	0.530384	0.469616	67.75403
2490	-0.25298	-25.2054	24.9524	0.908299	0.0917014	3.3858	0.789728	0.689086	0.654302	0.308868	0.169459	0.162919	0.00120247	0	3.602251	1.696891	0.09170145	0.9082986	49.76121
2500	0.407328	-26.4872	26.8945	0.915463	0.0845373	4.19009	0.777262	0.686967	0.660485	0.31191	0.168864	0.163847	0.0011835	0	1.660119	1.926833	0.0845373	0.9154627	84.49535
2510	1.64003	-25.254	26.8941	0.27875	0.72125	4.002543	0.791497	0.703555	0.667074	0.305076	0.166284	0.161391	0.00118977	0	1.660572	1.960144	0.7212501	0.2787499	91.2314
2520	-1.13014	-25.932	24.8018	0.00261894	0.997381	2.250207	0.782061	0.699792	0.668898	0.309026	0.164995	0.164075	0.00114984	0	3.75282	1.153699	0.9973811	0.002618939	14.24619
2530	-0.667643	-26.054	25.3863	0.572507	0.427493	3.305952	0.79916	0.697759	0.677653	0.302748	0.165093	0.16301	0.00115019	0	3.168287	1.491425	0.4274932	0.5725068	31.00451
2540	-2.45121	-27.8717	25.4205	0.392853	0.607147	9.25522	0.78682	0.693958	0.663196	0.298161	0.167636	0.162727	0.00115234	0	3.134095	1.770205	0.6071469	0.3928531	58.9122
2550	0.298034	-22.3356	22.6337	0.310718	0.689282	1.741799	0.785919	0.685695	0.679395	0.312042	0.165262	0.161769	0.00119999	0	5.920977	1.865104	0.6892818	0.3107182	73.29997
2560	-0.504329	-24.3514	23.8471	0.0327494	0.967251	1.881856	0.793511	0.670219	0.662856	0.311593	0.16643	0.162608	0.00119686	0	4.707565	1.396087	0.9672506	0.03274944	24.89357
2570	-0.359826	-26.9283	26.5684	0.514627	0.485373	3.657982	0.798582	0.683083	0.665588	0.307727	0.167406	0.160095	0.00119339	0	1.986203	1.534556	0.4853734	0.5146266	34.24172
2580	-2.97668	-28.0337	25.0571	0.85498	0.14502	3.337492	0.789807	0.67425	0.667618	0.306497	0.170682	0.157011	0.0012001	0	3.497565	1.174331	0.1450201	0.8549799	14.93931
2590	0.993348	-25.4691	26.4625	0.0568752	0.943125	4.371828	0.785102	0.672149	0.678749	0.307322	0.169755	0.157515	0.00120316	0	2.092163	1.677434	0.9431248	0.05687522	47.58108
2600	-0.0428363	-27.0267	26.9838	0.919118	0.0808815	2.047629	0.798481	0.679544	0.675437	0.306463	0.171454	0.157628	0.00115857	0	1.570814	1.945047	0.08088151	0.9191185	88.11447
2610	0.127512	-25.3745	25.502	0.853613	0.146387	1.415441	0.801053	0.69491	0.677275	0.303678	0.172884	0.157797	0.00115239	0	3.052595	1.770052	0.1463871	0.8536129	58.89141
2620	0.420717	-23.1473	23.568	0.756096	0.243904	4.272585	0.785204	0.695609	0.680497	0.310608	0.17223	0.161356	0.00116953	0	4.986624	1.957703	0.2439045	0.7560955	90.72004
2630	1.12515	-22.9197	24.0448	0.120122	0.879878	1.978873	0.792636	0.702634	0.660131	0.307907	0.170995	0.162664	0.00116964	0	4.509836	1.840477	0.8798784	0.1201216	69.25917
2640	0.399894	-25.7072	26.1071	0.220905	0.779095	3.586915	0.798355	0.70469	0.661789	0.300796	0.171935	0.161848	0.00116833	0	2.447526	1.570313	0.7790953	0.2209047	37.1803
2650	0.717874	-24.326	25.0439	0.698696	0.301304	1.559726	0.79775	0.670065	0.654003	0.299494	0.168354	0.164713	0.00118849	0	3.510753	1.8316	0.3013044	0.6986956	67.85789
2660	0.267062	-25.6256	25.8927	0.468015	0.531985	4.477491	0.783139	0.672101	0.653626	0.298863	0.17256	0.162413	0.00119771	0	2.661957	1.685358	0.5319851	0.4680149	48.45719
2670	-0.13188	-27.5944	27.4625	0.498806	0.501194	4.383372	0.780176	0.69301	0.66475	0.301237	0.170476	0.163876	0.00119919	0	1.09213	1.801977	0.5011938	0.4988062	63.38369
2680	1.55304	-24.0914	25.6444	0.71315	0.28685	2.151128	0.793473	0.702276	0.658203	0.302742	0.169091	0.164178	0.00119788	0	2.910246	1.993801	0.2868497	0.7131503	98.58283
2690	-3.17006	-27.1324	23.9624	0.329946	0.670054	8.159747	0.792325	0.689287	0.674852	0.297598	0.169797	0.163551	0.00116827	0	4.592276	1.762077	0.6700539	0.3299461	57.8199
2700	-1.06814	-24.4147	23.3466	0.253091	0.746909	1.780585	0.781979	0.696787	0.678283	0.304224	0.170206	0.161246	0.00116644	0	5.208044	1.423379	0.7469086	0.2530914	26.50811
2710	-0.130631	-25.2214	25.0908	0.131213	0.868787	0.2379873	0.777732	0.69578	0.678669	0.299364	0.167913	0.157676	0.00114407	0	3.463881	1.557119	0.8687875	0.1312125	36.06773
2720	-0.663787	-27.4783	26.8145	0.414061	0.585939	0.6647809	0.781141	0.695245	0.675367	0.300745	0.168522	0.161202	0.00115356	0	1.740132	1.717239	0.585939	0.414061	52.14817
2730	0.888427	-24.0454	24.9339	0.0660421	0.933958	0.1849157	0.784743	0.68884	0.678597	0.30821	0.172917	0.157834	0.00114721	0	3.620761	1.94179	0.9339579	0.06604214	87.45613
2740	0.632021	-24.7969	25.4289	0.252852	0.747148	5.414538	0.809004	0.675105	0.654942	0.303623	0.170203	0.16406	0.0011566	0	3.125706	1.844263	0.7471478	0.2528522	69.86553
2750	-0.278073	-26.3604	26.0823	0.498648	0.501352	7.232463	0.793746	0.692416	0.656912	0.300382	0.167788	0.16443	0.00116663	0	2.472349	1.994728	0.5013517	0.4986483	98.79332
2760	1.01809	-24.8232	25.8413	0.299937	0.700063	1.947324	0.788437	0.686609	0.653143	0.299865	0.168786	0.163249	0.00117391	0	2.713301	1.75893	0.700063	0.299937	57.4024
2770	0.410094	-26.7252	27.1353	0.161037	0.838963	1.408493	0.812018	0.681337	0.673378	0.299731	0.169308	0.160956	0.00114437	0	1.419366	1.927427	0.8389629	0.1610371	84.61105
2780	1.69201	-25.4645	27.1565	0.0317465	0.968254	3.549309	0.808046	0.683528	0.683199	0.301695	0.170579	0.158009	0.00116754	0	1.398126	1.95367	0.9682535	0.03174646	89.88148
2790	0.323614	-26.8147	27.1383	0.126588	0.873412	6.817399	0.782774	0.670221	0.668699	0.303797	0.170611	0.159477	0.00120021	0	1.416297	1.854472	0.8734118	0.1265882	71.52736
2800	-0.0994564	-26.1338	26.0344	0.492796	0.507204	6.753213	0.789131	0.680547	0.651622	0.305423	0.172514	0.163404	0.00117803	0	2.520277	1.926968	0.5072043	0.4927957	84.52168
2810	1.196	-23.0799	24.2759	0.205753	0.794247	1.856085	0.784448	0.689104	0.65369	0.30558	0.171124	0.162236	0.0011902	0	4.278729	1.855364	0.7942469	0.2057531	71.67434
2820	0.0290439	-23.7549	23.7839	0.132301	0.867699	0.4542915	0.782577	0.701277	0.678886	0.305668	0.170287	0.160815	0.00119898	0	4.770688	1.650015	0.8676988	0.1323012	44.66993
2830	0.672139	-24.6634	25.3356	0.990822	0.00917779	0.87569	0.78119	0.691248	0.652051	0.311516	0.166592	0.157317	0.00118477	0	3.219061	1.955682	0.009177791	0.9908222	90.2988
2840	1.415	-24.618	26.033	0.17035	0.82965	1.273354	0.775908	0.670599	0.65237	0.301708	0.169348	0.159549	0.00117276	0	2.521637	1.933359	0.8296503	0.1703497	85.7747
2850	0.840877	-23.8085	24.6494	0.09718	0.90282	1.799472	0.789283	0.681249	0.664221	0.306567	0.165506	0.160541	0.00115046	0	3.905223	1.695142	0.90282	0.09718005	49.56121
2860	1.76203	-24.785	26.5471	0.095395	0.904605	2.995903	0.799687	0.676469	0.655347	0.305195	0.166992	0.160869	0.00116715	0	2.007582	1.881188	0.904605	0.09539498	76.06555
2870	1.95847	-24.3045	26.263	0.0485381	0.951462	4.430855	0.800527	0.677947	0.667785	0.300151	0.169152	0.161317	0.00117761	0	2.291618	1.9257	0.9514619	0.0485381	84.2752
2880	-1.76096	-28.7427	26.9817	0.841535	0.158465	1.430944	0.811651	0.680506	0.671367	0.309302	0.166649	0.15736	0.00116909	0	1.572921	1.605983	0.1584648	0.8415352	40.36298
2890	0.367119	-24.4386	24.8057	0.35075	0.64925	3.086051	0.804519	0.687911	0.671032	0.299802	0.165576	0.164707	0.00117135	0	3.748923	1.65867	0.6492498	0.3507502	45.56903
2900	1.10256	-24.1989	25.3014	0.131483	0.868517	5.789779	0.809706	0.694715	0.682553	0.304994	0.167431	0.16376	0.00119951	0	3.253209	1.970275	0.8685167	0.1314833	93.38445
2910	1.59526	-23.7551	25.3503	0.166151	0.833849	3.876207	0.800304	0.698493	0.657204	0.301941	0.165648	0.159014	0.00118968	0	3.204298	1.876336	0.8338495	0.1661505	75.22038
2920	0.592709	-25.2699	25.8626	0.404798	0.595202	5.204077	0.78985	0.703037	0.661384	0.308861	0.172048	0.162518	0.00116294	0	2.691991	1.820122	0.595202	0.404798	66.08793
2930	1.64872	-24.2941	25.9428	0.51784	0.48216	2.614239	0.793537	0.694962	0.656006	0.305043	0.172371	0.162574	0.00116275	0	2.611865	1.969075	0.4821602	0.5178398	93.12686
2940	0.667182	-24.7964	25.4636	0.949104	0.0508962	0.8274588	0.805873	0.702721	0.659579	0.308177	0.170587	0.160514	0.00114652	0	3.091066	1.972429	0.05089625	0.9491038	93.84886
2950	0.342967	-23.3586	23.7015	0.416343	0.583657	3.873491	0.780536	0.700213	0.663654	0.308156	0.170142	0.15798	0.00118778	0	4.853099	1.838552	0.583657	0.416343	68.95277
2960	0.245279	-23.586	23.8313	0.751143	0.248857	2.912252	0.783377	0.670786	0.685263	0.300948	0.167263	0.15817	0.00119392	0	4.723364	1.809469	0.248857	0.751143	64.48657
2970	1.47836	-24.5665	26.0449	0.446442	0.553558	1.75798	0.77505	0.680184	0.655931	0.29788	0.170353	0.158918	0.00117713	0	2.509732	1.975858	0.5535576	0.4464424	94.59283
2980	-0.284862	-25.1199	24.835	0.0594398	0.94056	2.698217	0.81087	0.676583	0.652965	0.297869	0.170945	0.163097	0.00115357	0	3.719592	1.385422	0.9405602	0.05943976	24.28967
2990	-2.38859	-27.0819	24.6933	0.69477	0.30523	4.419043	0.811464	0.681282	0.651971	0.29908	0.169622	0.163363	0.00118652	0	3.86132	1.294133	0.3052299	0.6947701	19.6849
3000	1.7975	-24.409	26.2065	0.235513	0.764487	4.421549	0.811046	0.68805	0.680476	0.303336	0.168743	0.161101	0.00118734	0	2.348111	1.946898	0.7644867	0.2355133	88.49069
3010	-2.43867	-28.6954	26.2567	0.441336	0.558664	3.231538	0.801958	0.69748	0.682103	0.308724	0.168559	0.158622	0.00116021	0	2.297948	0.9894668	0.5586636	0.4413364	9.760382
3020	1.23987	-24.3342	25.574	0.0750565	0.924943	0.9479961	0.805579	0.698544	0.679136	0.312047	0.165678	0.162466	0.00118801	0	2.980593	1.84594	0.9249435	0.07505654	70.13592
3030	0.344581	-23.9757	24.3203	0.280981	0.719019	2.230232	0.799328	0.705042	0.681149	0.306436	0.166383	0.164416	0.00116909	0	4.23431	1.655775	0.719019	0.280981	45.26627
3040	1.11635	-24.9836	26.1	0.163157	0.836843	4.407229	0.797366	0.693874	0.670112	0.300576	0.169408	0.160268	0.00119296	0	2.454662	1.75621	0.8368431	0.1631569	57.04402
3050	0.580917	-25.4747	26.0556	0.601549	0.398451	5.823751	0.796133	0.676565	0.674347	0.304308	0.172292	0.159145	0.00117622	0	2.499028	1.939095	0.3984511	0.6015489	86.91512
3060	-1.17781	-27.7378	26.56	0.380509	0.619491	3.854696	0.789252	0.678279	0.682544	0.301633	0.16926	0.159345	0.00120221	0	1.99463	1.264124	0.6194911	0.3805089	18.37063
3070	0.158562	-24.7825	24.9411	0.126509	0.873491	5.675594	0.79133	0.697914	0.677903	0.297451	0.168468	0.161034	0.00115284	0	3.613581	1.796586	0.8734912	0.1265088	62.60162
3080	-3.0522	-21.7136	18.6614	0.782614	0.217386	3.54055	0.812151	0.702499	0.674058	0.306354	0.168248	0.160155	0.00120371	0	9.893242	1.905121	0.2173858	0.7826142	80.37495
3090	-2.18397	-25.9974	23.8134	0.875601	0.124399	3.933906	0.801634	0.67498	0.668715	0.303552	0.166367	0.157005	0.00119487	0	4.741253	1.470648	0.1243993	0.8756007	29.55619
3100	0.860111	-22.8118	23.6719	0.187002	0.812998	2.386681	0.803992	0.670274	0.662645	0.305175	0.172697	0.161246	0.00119203	0	4.882733	1.830125	0.8129981	0.1870019	67.62781
3110	-2.351	-30.2242	27.8732	0.656368	0.343632	10.04303	0.81019	0.68252	0.663658	0.307309	0.166493	0.164314	0.00116662	0	0.6814457	1.999338	0.3436319	0.6563681	99.84758
3120	-1.10384	-25.0071	23.9033	0.188119	0.811881	2.019472	0.800426	0.69424	0.659523	0.304927	0.167576	0.160856	0.00115483	0	4.651331	1.328141	0.8118815	0.1881185	21.2883
3130	0.915792	-24.9173	25.8331	0.529531	0.470469	3.461328	0.80445	0.689063	0.677986	0.297511	0.166943	0.161017	0.00115632	0	2.721535	1.803078	0.4704695	0.5295305	63.5445
3140	1.91805	-23.5866	25.5047	0.265369	0.734631	2.913584	0.780712	0.679172	0.677116	0.302625	0.165855	0.164473	0.00116291	0	3.049977	1.958946	0.7346311	0.2653689	90.97999
3150	-1.00884	-27.0137	26.0048	0.587252	0.412748	0.8363837	0.78468	0.690404	0.676974	0.297841	0.165324	0.164182	0.00117194	0	2.549818	1.483652	0.412748	0.587252	30.45455
3160	1.2604	-23.1957	24.456	0.721623	0.278377	1.837662	0.773434	0.69505	0.681137	0.298491	0.165309	0.16161	0.00119599	0	4.09859	1.966574	0.2783768	0.7216232	92.59211
3170	0.821189	-26.5986	27.4197	0.224789	0.775211	3.72371	0.793312	0.699203	0.662215	0.3093	0.166724	0.159552	0.00115585	0	1.134894	1.917621	0.7752114	0.2247886	82.72206
3180	-0.604738	-26.1737	25.5689	0.776089	0.223911	3.035627	0.803128	0.686056	0.654184	0.310547	0.167612	0.160618	0.00114944	0	2.985709	1.57405	0.2239113	0.7760887	37.5016
3190	1.22731	-24.8691	26.0964	0.685242	0.314758	1.770546	0.791746	0.686817	0.655488	0.310826	0.171583	0.164852	0.00114617	0	2.458258	1.990182	0.3147582	0.6852418	97.76477
3200	-0.116069	-24.8832	24.7671	0.660122	0.339878	1.134066	0.782665	0.670187	0.667124	0.310553	0.172981	0.162831	0.00117188	0	3.787505	1.669311	0.3398776	0.6601224	46.6994
3210	1.30636	-24.6881	25.9944	0.142253	0.857747	0.9736779	0.772666	0.686124	0.662283	0.300234	0.17157	0.164397	0.00118295	0	2.560215	1.946401	0.8577469	0.1422531	88.38962
3220	-0.300049	-24.2143	23.9142	0.31631	0.68369	2.781885	0.789541	0.680782	0.669728	0.302668	0.170308	0.163932	0.00118949	0	4.640395	1.57314	0.6836895	0.3163105	37.42315
3230	1.68717	-23.7243	25.4115	0.127148	0.872852	1.716067	0.781688	0.682248	0.652945	0.308415	0.167844	0.164579	0.00118007	0	3.143179	1.904231	0.8728522	0.1271478	80.21038
3240	-4.03649	-26.8266	22.7902	0.59007	0.40993	2.003343	0.785696	0.696511	0.680446	0.304591	0.169558	0.15887	0.00119876	0	5.764482	0.9802169	0.4099301	0.5900699	9.554696
3250	0.170282	-26.7345	26.9047	0.253626	0.746374	5.782378	0.783241	0.688693	0.664051	0.298392	0.171208	0.157976	0.00117808	0	1.649899	1.712175	0.7463736	0.2536264	51.54361
3260	-0.746734	-25.8465	25.0998	0.844858	0.155142	2.69608	0.802587	0.683005	0.665065	0.303752	0.1724	0.163076	0.00117217	0	3.454877	1.570612	0.1551425	0.8448575	37.20595
3270	1.00811	-24.6941	25.7022	0.625304	0.374696	3.03219	0.806082	0.684411	0.652757	0.311944	0.171137	0.159502	0.00116137	0	2.852429	1.841982	0.3746959	0.6253041	69.49955
3280	1.39154	-25.1391	26.5306	0.546475	0.453525	4.586977	0.806347	0.694128	0.666562	0.31111	0.169313	0.159391	0.00117489	0	2.023992	1.975689	0.453525	0.546475	94.55605
3290	0.681632	-23.6348	24.3164	0.641584	0.358416	4.207548	0.800104	0.703496	0.669728	0.308208	0.169137	0.160382	0.00119257	0	4.238202	1.905703	0.3584155	0.6415845	80.48271
3300	-1.22086	-26.1732	24.9523	0.733367	0.266633	0.5340037	0.801222	0.692119	0.680032	0.303683	0.171994	0.161816	0.00119946	0	3.602307	1.484376	0.2666329	0.7333671	30.50535
3310	1.66773	-24.2471	25.9148	0.529436	0.470564	3.59602	0.788517	0.69694	0.682702	0.301159	0.165485	0.164448	0.00118015	0	2.639798	1.964821	0.4705636	0.5294364	92.21918
3320	-0.413953	-26.1662	25.7523	0.213974	0.786026	4.342399	0.785698	0.686031	0.667667	0.297423	0.164731	0.159962	0.00118126	0	2.802344	1.423439	0.7860264	0.2139736	26.5118
3330	0.844883	-24.9157	25.7606	0.287434	0.712566	4.64085	0.808742	0.687308	0.659887	0.298617	0.169701	0.160764	0.00117294	0	2.794033	1.779645	0.7125662	0.2874338	60.20669
3340	-1.83101	-22.3656	20.5346	0.265544	0.734456	1.084854	0.805028	0.697003	0.652814	0.304734	0.170237	0.16148	0.00115037	0	8.020065	1.693356	0.7344557	0.2655443	49.35787
3350	0.82094	-24.8178	25.6387	0.658871	0.341129	0.7889176	0.79947	0.674292	0.683442	0.30865	0.166499	0.157916	0.00116602	0	2.915944	1.970007	0.3411291	0.6588709	93.32685
3360	-0.174505	-25.3149	25.1403	0.48521	0.51479	1.017331	0.804457	0.679218	0.684227	0.308526	0.164929	0.157358	0.00118567	0	3.414292	1.58585	0.5147895	0.4852105	38.53454
3370	2.03674	-23.3425	25.3792	0.0504588	0.949541	4.290525	0.797234	0.687324	0.678598	0.302583	0.170367	0.157676	0.00119799	0	3.175432	1.974725	0.9495412	0.05045882	94.34642
3380	-1.18985	-26.4068	25.2169	0.760784	0.239216	3.21522	0.778317	0.690826	0.653992	0.311772	0.169453	0.159052	0.00116491	0	3.337729	1.466621	0.2392158	0.7607842	29.2834
3390	0.962143	-25.1447	26.1068	0.963861	0.0361394	4.47199	0.794915	0.686078	0.673576	0.311987	0.172144	0.161488	0.00115018	0	2.447823	1.975202	0.03613936	0.9638606	94.45008
3400	0.159495	-24.9322	25.0917	0.10091	0.89909	2.867402	0.774299	0.675622	0.66497	0.303279	0.169507	0.163059	0.00119906	0	3.46291	1.472917	0.8990901	0.1009099	29.71095
3410	-0.172512	-25.3551	25.1826	0.954631	0.0453691	1.737899	0.778438	0.674416	0.665411	0.309177	0.172681	0.16322	0.00119925	0	3.372017	1.707284	0.04536912	0.9546309	50.96641
3420	0.110785	-24.3884	24.4992	0.757518	0.242482	0.6349985	0.788067	0.671666	0.685086	0.310512	0.167414	0.164067	0.0011866	0	4.055445	1.798259	0.2424825	0.7575175	62.84335
3430	1.17427	-23.586	24.7603	0.365705	0.634295	0.857944	0.795981	0.684071	0.682863	0.308392	0.166539	0.164232	0.00115606	0	3.79432	1.973851	0.6342949	0.3657051	94.15672
3440	1.05777	-24.6924	25.7502	0.516048	0.483952	2.470729	0.777413	0.700715	0.673181	0.306791	0.170876	0.164838	0.00117311	0	2.804438	1.821061	0.483952	0.516048	66.23099
3450	-0.180855	-24.5697	24.3888	0.420712	0.579288	1.673707	0.77542	0.704227	0.672122	0.306937	0.170657	0.164608	0.00115043	0	4.165819	1.580998	0.5792879	0.4207121	38.10642
3460	1.4663	-23.7602	25.2265	0.816622	0.183378	1.974672	0.795522	0.698136	0.672346	0.312715	0.172162	0.163594	0.00120226	0	3.328104	1.995337	0.1833782	0.8166218	98.932
3470	0.892027	-25.397	26.289	0.0698101	0.93019	1.739684	0.784988	0.671013	0.656591	0.312367	0.172806	0.161316	0.00115046	0	2.26559	1.68116	0.9301899	0.06981011	47.99099
3480	-1.62252	-26.7091	25.0865	0.22798	0.77202	8.120222	0.784237	0.693688	0.65559	0.308968	0.167628	0.158442	0.0011949	0	3.46811	1.979381	0.7720202	0.2279798	95.36316
3490	1.67868	-24.687	26.3657	0.0663661	0.933634	5.44703	0.776809	0.700487	0.666285	0.305927	0.16554	0.158967	0.00119472	0	2.188953	1.957607	0.9336339	0.06636608	90.69993
3500	1.31081	-24.8297	26.1405	0.245922	0.754078	3.705051	0.810635	0.690039	0.675139	0.299587	0.167032	0.159339	0.00119035	0	2.414176	1.793227	0.7540784	0.2459216	62.11943
3510	-1.81324	-27.0111	25.1978	0.844886	0.155114	4.531741	0.799174	0.672243	0.677704	0.305808	0.164814	0.1603	0.00120382	0	3.356791	1.457068	0.1551141	0.8448859	28.64625
3520	1.66329	-24.409	26.0723	0.446619	0.553381	3.79431	0.780591	0.67234	0.660812	0.302905	0.165929	0.157192	0.00119027	0	2.482299	1.945775	0.553381	0.446619	88.26233
3530	-0.662056	-28.1606	27.4985	0.298934	0.701066	2.238928	0.775747	0.669978	0.659547	0.303965	0.165076	0.158294	0.00116884	0	1.056141	1.734736	0.7010664	0.2989336	54.29202
3540	0.963779	-23.3954	24.3592	0.0506752	0.949325	1.001856	0.805146	0.670125	0.66289	0.298402	0.168235	0.15855	0.00116491	0	4.195418	1.797094	0.9493248	0.05067517	62.67496
3550	-1.10311	-27.1506	26.0474	0.404178	0.595822	2.148303	0.778878	0.678845	0.668572	0.311018	0.168008	0.158954	0.00117339	0	2.507193	1.287118	0.5958219	0.4041781	19.36946
3560	1.30621	-24.4338	25.74	0.0471587	0.952841	5.088521	0.809733	0.67109	0.677698	0.312434	0.165933	0.158518	0.00119917	0	2.814669	1.845797	0.9528413	0.04715871	70.11279
3570	-3.13838	-30.7393	27.6009	0.454319	0.545681	1.758629	0.809808	0.682073	0.68019	0.308682	0.170938	0.162688	0.00114454	0	0.953739	1.344888	0.5456805	0.4543195	22.12523
3580	0.856153	-24.2663	25.1225	0.774916	0.225084	2.875975	0.806401	0.695788	0.684911	0.309766	0.171183	0.161238	0.00119497	0	3.432136	1.847153	0.2250839	0.7749161	70.33203
3590	1.02182	-24.733	25.7548	0.822949	0.177051	2.970279	0.77668	0.694565	0.655119	0.312405	0.172508	0.162603	0.00116556	0	2.799797	1.895173	0.1770508	0.8229492	78.5549
3600	0.0563898	-26.7141	26.7704	0.480441	0.519559	2.587248	0.793647	0.704036	0.65463	0.299127	0.168239	0.159732	0.00115023	0	1.784194	1.668127	0.5195595	0.4804405	46.57226
3610	0.428567	-23.9818	24.4103	0.246483	0.753517	4.360615	0.791794	0.7032	0.651051	0.298768	0.167891	0.157574	0.00114612	0	4.144297	1.786429	0.7535171	0.2464829	61.15452
3620	0.386248	-23.6709	24.0571	0.0539949	0.946005	0.9445382	0.801863	0.683127	0.67759	0.304568	0.165277	0.159056	0.00117345	0	4.497526	1.650763	0.9460051	0.05399488	44.74686
3630	1.10678	-24.2975	25.4043	0.687981	0.312019	1.296065	0.799539	0.671452	0.680639	0.300088	0.170487	0.160288	0.00114827	0	3.150312	1.962529	0.3120192	0.6879808	91.73361
3640	-1.01679	-28.3294	27.3126	0.0600265	0.939974	9.889891	0.779733	0.68648	0.665841	0.29813	0.170069	0.160683	0.00117503	0	1.242015	1.839581	0.9399735	0.06002648	69.11638
3650	1.24254	-23.8636	25.1061	0.116981	0.883019	0.7625693	0.777954	0.681979	0.664361	0.307708	0.167264	0.15884	0.0011922	0	3.448498	1.908725	0.8830187	0.1169813	81.04481
3660	-0.768047	-24.4132	23.6452	0.452714	0.547286	0.6039223	0.793183	0.672392	0.655244	0.306017	0.167566	0.163047	0.00117456	0	4.90944	1.557052	0.5472862	0.4527138	36.06215
3670	-1.85837	-25.6434	23.785	0.265751	0.734249	0.1222375	0.793084	0.694175	0.65645	0.310844	0.170581	0.162981	0.00119917	0	4.769608	1.221245	0.7342486	0.2657514	16.64353
3680	0.338868	-22.7425	23.0813	0.584764	0.415236	0.6714417	0.799216	0.690364	0.667683	0.30958	0.167099	0.159805	0.00117253	0	5.473301	1.935575	0.4152364	0.5847636	86.21341
3690	1.19833	-23.6128	24.8111	0.893138	0.106862	2.274196	0.778682	0.698529	0.665033	0.312232	0.170468	0.16206	0.00117198	0	3.743523	1.953764	0.106862	0.893138	89.90088
3700	0.617366	-26.5619	27.1793	0.581978	0.418022	4.211671	0.780339	0.695502	0.659569	0.299998	0.171823	0.164849	0.00117305	0	1.375377	1.912116	0.4180219	0.5819781	81.68003
3710	2.14218	-24.0315	26.1737	0.229636	0.770364	3.611557	0.786826	0.695442	0.668047	0.306741	0.172784	0.163818	0.00119454	0	2.380954	1.993698	0.7703639	0.2296361	98.55941
3720	0.504646	-25.8203	26.3249	0.288908	0.711092	3.36128	0.777041	0.701607	0.662347	0.312691	0.172964	0.161859	0.0011797	0	2.229701	1.61678	0.7110919	0.2889081	41.379
3730	0.569675	-22.3819	22.9515	0.0485477	0.951452	4.470242	0.803602	0.701882	0.674942	0.311861	0.169128	0.160468	0.00117169	0	5.603094	1.988098	0.9514523	0.04854768	97.29657
3740	0.0522771	-26.8331	26.8854	0.258163	0.741837	6.282029	0.79277	0.699355	0.676968	0.310406	0.171731	0.158455	0.00115113	0	1.669227	1.76014	0.7418366	0.2581634	57.56256
3750	0.604613	-21.9376	22.5422	0.0942085	0.905791	2.136144	0.801791	0.699208	0.672975	0.307504	0.169704	0.16287	0.00114783	0	6.012406	1.931086	0.9057915	0.09420851	85.32692
3760	0.208663	-26.3001	26.5088	0.737029	0.262971	4.039996	0.805733	0.679121	0.656344	0.300635	0.17302	0.159512	0.00115219	0	2.045887	1.774659	0.2629709	0.7370291	59.51945
3770	0.127241	-23.3754	23.5026	0.162202	0.837798	4.97655	0.804902	0.670126	0.660603	0.302445	0.169279	0.157535	0.00115459	0	5.051988	1.896963	0.8377976	0.1622024	78.87922
3780	1.2997	-22.5598	23.8595	0.162167	0.837833	1.135514	0.785443	0.69226	0.674835	0.298924	0.173343	0.161178	0.00119848	0	4.695151	1.986233	0.8378335	0.1621665	96.87983
3790	-1.57971	-25.0738	23.4941	0.367282	0.632718	6.503567	0.78364	0.693757	0.656214	0.298457	0.17226	0.164187	0.00118639	0	5.060534	1.840267	0.6327181	0.3672819	69.22569
3800	0.0174218	-26.0363	26.0537	0.0400946	0.959905	6.673634	0.772317	0.695486	0.673925	0.309396	0.17143	0.15713	0.00119972	0	2.500926	1.735934	0.9599054	0.04009459	54.44194
3810	0.692433	-25.0587	25.7511	0.661189	0.338811	4.734045	0.78358	0.702344	0.665865	0.309017	0.166449	0.158187	0.0012031	0	2.803491	1.857792	0.3388111	0.6611889	72.07628
3820	0.747167	-23.7492	24.4964	0.457746	0.542254	2.217933	0.798205	0.693259	0.659568	0.308889	0.172913	0.160325	0.00120254	0	4.058264	1.777678	0.5422539	0.4577461	59.93467
3830	1.4743	-23.648	25.1223	0.564841	0.435159	2.349866	0.799028	0.692407	0.654291	0.307452	0.167625	0.162483	0.00119904	0	3.43238	1.936036	0.4351586	0.5648414	86.3051
3840	0.734261	-26.152	26.8862	0.568892	0.431108	3.667278	0.811222	0.684511	0.668228	0.299784	0.173245	0.163525	0.00119716	0	1.668424	1.847225	0.4311084	0.5688916	70.34374
3850	1.1582	-24.8166	25.9748	0.728596	0.271404	1.872049	0.804573	0.692317	0.676944	0.30103	0.169379	0.162498	0.00119599	0	2.579849	1.945661	0.2714039	0.7285961	88.23903
3860	0.680239	-24.2708	24.9511	0.848398	0.151602	4.699228	0.807569	0.697582	0.665295	0.298737	0.167881	0.164196	0.00117804	0	3.603551	1.93488	0.1516015	0.8483985	86.07557
3870	1.24676	-23.3029	24.5496	0.0983886	0.901611	1.20308	0.772137	0.696673	0.66122	0.303792	0.167372	0.162547	0.001203	0	4.005023	1.852372	0.9016114	0.09838859	71.18232
3880	0.0490099	-26.3549	26.4039	0.305128	0.694872	6.951271	0.782007	0.703094	0.669941	0.299363	0.168648	0.164568	0.00119739	0	2.150777	1.911626	0.6948725	0.3051275	81.58785
3890	1.29909	-24.2724	25.5715	0.267868	0.732132	4.825176	0.772043	0.700512	0.680797	0.308752	0.165112	0.161546	0.001152	0	2.98316	1.913968	0.7321319	0.2678681	82.02918
3900	-0.564016	-21.9776	21.4136	0.545625	0.454375	2.7707	0.777878	0.697259	0.672373	0.299069	0.166611	0.163667	0.00116185	0	7.141005	1.917079	0.4543746	0.5456254	82.61892
3910	0.0521452	-26.5056	26.5577	0.201382	0.798618	2.498188	0.773117	0.683377	0.681949	0.299785	0.166164	0.159004	0.00116534	0	1.996922	1.501681	0.7986184	0.2013816	31.74542
3920	2.23206	-23.1424	25.3745	0.0354981	0.964502	3.43383	0.773738	0.693311	0.668064	0.298347	0.168387	0.159375	0.001157	0	3.180133	1.98781	0.9645019	0.03549806	97.23211
3930	-0.766602	-21.5262	20.7596	0.463532	0.536468	2.623904	0.773762	0.683623	0.683595	0.298835	0.165948	0.163938	0.00114646	0	7.795	1.96418	0.5364679	0.4635321	92.08307
3940	0.59547	-24.3415	24.9369	0.912557	0.0874431	2.186114	0.785775	0.683058	0.684342	0.300059	0.167976	0.159355	0.00117459	0	3.617704	1.836642	0.08744309	0.9125569	68.65016
3950	1.70511	-23.5249	25.23	0.00440472	0.995595	3.299412	0.773243	0.694488	0.680389	0.301287	0.170578	0.163236	0.00114622	0	3.324593	1.845698	0.9955953	0.004404722	70.09671
3960	0.262222	-25.8133	26.0755	0.470093	0.529907	2.868788	0.778323	0.672931	0.656287	0.298326	0.164784	0.162513	0.00117945	0	2.479127	1.620359	0.529907	0.470093	41.72142
3970	-0.831309	-23.0099	22.1786	0.768058	0.231942	4.07478	0.772046	0.679504	0.654053	0.301776	0.16732	0.161918	0.00118745	0	6.376056	1.870547	0.2319418	0.7680582	74.2245
3980	-0.590202	-23.9477	23.3575	0.259209	0.740791	1.931009	0.792359	0.692041	0.660144	0.306629	0.166227	0.160326	0.00119914	0	5.197141	1.527521	0.7407908	0.2592092	33.69157
3990	1.16015	-25.7463	26.9064	0.165942	0.834058	5.873467	0.78421	0.699475	0.670352	0.310786	0.169632	0.16328	0.00117387	0	1.648212	1.950061	0.8340581	0.1659419	89.1377
4000	1.29931	-25.1742	26.4735	0.112618	0.887382	3.735141	0.805902	0.686903	0.675227	0.308598	0.16513	0.165017	0.0012006	0	2.081149	1.746018	0.8873816	0.1126184	55.72091
4010	2.05922	-22.6622	24.7214	0.0594022	0.940598	3.182377	0.808524	0.672147	0.676545	0.306523	0.166493	0.157778	0.00120176	0	3.833209	1.989107	0.9405978	0.05940219	97.52304
4020	0.144705	-24.1273	24.272	0.506501	0.493499	3.299615	0.805166	0.677324	0.683266	0.309489	0.170941	0.157013	0.00115656	0	4.282659	1.72339	0.4934991	0.5065009	52.89195
4030	0.156655	-26.338	26.4947	0.385414	0.614586	5.168472	0.799969	0.678574	0.677799	0.30665	0.172303	0.157624	0.00118185	0	2.059935	1.688956	0.6145865	0.3854135	48.86024
4040	0.700264	-24.0579	24.7582	0.0796396	0.92036	5.69497	0.791426	0.673153	0.668607	0.308063	0.168798	0.164821	0.00116042	0	3.796424	1.930236	0.9203604	0.07963956	85.16015
4050	-1.6701	-29.1578	27.4877	0.643083	0.356917	4.379564	0.775262	0.683041	0.683313	0.298894	0.173347	0.160552	0.00115147	0	1.066943	1.54129	0.3569167	0.6430833	34.7768
4060	1.79082	-23.6769	25.4677	0.17859	0.82141	3.807277	0.772342	0.689866	0.676937	0.298306	0.170338	0.161635	0.00114849	0	3.086892	1.930322	0.8214098	0.1785902	85.17703
4070	-0.360676	-23.0726	22.7119	0.302926	0.697074	4.806631	0.772998	0.695826	0.676604	0.307317	0.172816	0.163001	0.00118212	0	5.842747	1.907812	0.697074	0.302926	80.87464
4080	-0.304771	-24.6488	24.344	0.46959	0.53041	4.190383	0.780326	0.703254	0.674822	0.302131	0.170073	0.159358	0.00118825	0	4.210635	1.669165	0.5304101	0.4695899	46.68368
4090	0.16852	-22.1144	22.2829	0.0188649	0.981135	2.147117	0.799876	0.694512	0.676928	0.307692	0.173351	0.162205	0.00117883	0	6.271738	1.830183	0.9811351	0.0188649	67.63677
4100	0.567655	-24.9952	25.5628	0.471025	0.528975	0.6324641	0.801389	0.68115	0.654812	0.312456	0.166618	0.162512	0.00116772	0	2.991828	1.859459	0.5289747	0.4710253	72.35342
4110	0.702963	-22.2824	22.9854	0.269753	0.730247	3.447953	0.783733	0.700524	0.66213	0.304569	0.167217	0.164778	0.00120084	0	5.569241	1.951515	0.7302469	0.2697531	89.43658
4120	-2.3175	-29.2331	26.9156	0.0176269	0.982373	2.044094	0.782668	0.699476	0.660576	0.301031	0.173326	0.16166	0.00117631	0	1.639014	0.9413986	0.9823731	0.01762693	8.73773
4130	0.402386	-23.2357	23.6381	0.635729	0.364271	1.164458	0.778191	0.683458	0.66854	0.299399	0.170402	0.160258	0.00117672	0	4.916551	1.854995	0.3642705	0.6357295	71.61349
4140	1.23851	-22.7572	23.9958	0.146268	0.853732	3.888426	0.775852	0.674985	0.675744	0.299503	0.168731	0.163001	0.00115868	0	4.558882	1.951718	0.8537321	0.1462679	89.47835
4150	-0.0262763	-21.5202	21.4939	0.0348112	0.965189	2.057317	0.772021	0.676605	0.658144	0.304545	0.166401	0.164942	0.00119186	0	7.060714	1.926588	0.9651888	0.03481123	84.44783
4160	-0.352567	-25.8014	25.4488	0.277994	0.722006	6.53531	0.77627	0.68261	0.656478	0.299157	0.167122	0.162579	0.00117305	0	3.105788	1.815206	0.7220056	0.2779944	65.34401
4170	0.923761	-26.4104	27.3341	0.0100369	0.989963	3.639706	0.786601	0.70496	0.65448	0.306536	0.169292	0.163057	0.0011796	0	1.220521	1.793825	0.9899631	0.01003692	62.20498
4180	-0.950994	-28.1961	27.2451	0.105315	0.894685	4.07741	0.779549	0.699181	0.664664	0.298367	0.166495	0.162906	0.00118986	0	1.309505	1.302221	0.8946848	0.1053152	20.05493
4190	0.77754	-24.8911	25.6687	0.607151	0.392849	4.152454	0.773906	0.697898	0.666487	0.300281	0.165039	0.158396	0.00119215	0	2.885982	1.822072	0.3928491	0.6071509	66.38528
4200	-1.5433	-27.1463	25.603	0.244557	0.755443	8.11511	0.782455	0.684455	0.682937	0.303272	0.165273	0.162675	0.001182	0	2.951601	1.568429	0.7554431	0.2445569	37.01939
4210	0.871592	-23.1478	24.0193	0.227122	0.772878	1.085289	0.781986	0.699218	0.669375	0.299063	0.166485	0.16417	0.00116887	0	4.53529	1.858985	0.7728778	0.2271222	72.27454
4220	-0.694535	-24.114	23.4194	0.643417	0.356583	5.36608	0.779467	0.670769	0.664847	0.300026	0.16663	0.162987	0.00119586	0	5.135219	1.870086	0.3565827	0.6434173	74.14569
4230	1.33955	-24.2134	25.553	0.0998672	0.900133	3.312286	0.783898	0.676753	0.664133	0.303563	0.169671	0.160107	0.00115528	0	3.001644	1.760263	0.9001328	0.09986724	57.5789
4240	-0.379992	-26.0742	25.6943	0.410409	0.589591	4.736654	0.794073	0.687581	0.654353	0.310432	0.169409	0.161097	0.0011622	0	2.860385	1.566536	0.5895906	0.4104094	36.8584
4250	0.142323	-24.1512	24.2935	0.323446	0.676554	3.252446	0.793404	0.690435	0.670315	0.30903	0.170617	0.162942	0.00116902	0	4.261109	1.661691	0.6765544	0.3234456	45.88711
4260	0.227746	-25.1645	25.3922	0.769109	0.230891	4.550845	0.806657	0.690799	0.655153	0.298002	0.171381	0.158083	0.00119262	0	3.162395	1.799555	0.2308911	0.7691089	63.03115
4270	-1.79485	-23.0274	21.2325	0.0402474	0.959753	4.163251	0.771886	0.698231	0.654675	0.300578	0.173117	0.160467	0.0012034	0	7.32213	1.70713	0.9597526	0.04024738	50.94838
4280	-0.781401	-22.2358	21.4544	0.96949	0.0305103	3.764581	0.779171	0.691059	0.661524	0.300996	0.168334	0.157321	0.00119481	0	7.100212	1.957029	0.0305103	0.9694897	90.57936
4290	0.9506	-26.174	27.1246	0.129094	0.870906	2.783745	0.785246	0.672392	0.671232	0.301205	0.16799	0.1611	0.00119362	0	1.430017	1.810698	0.8709062	0.1290938	64.66928
4300	0.204732	-23.8309	24.0357	0.87561	0.12439	3.905505	0.772546	0.68629	0.674503	0.303716	0.165235	0.162838	0.00119521	0	4.518967	1.856447	0.1243899	0.8756101	71.85329
4310	0.109317	-24.7591	24.8684	0.847362	0.152638	5.003999	0.780586	0.681959	0.668528	0.298414	0.167173	0.163122	0.00119755	0	3.686239	1.864526	0.1526381	0.8473619	73.20254
4320	0.198954	-25.608	25.8069	0.413684	0.586316	1.481105	0.783223	0.68502	0.652011	0.300217	0.168094	0.161944	0.00120166	0	2.747706	1.613433	0.5863157	0.4136843	41.06131
4330	-0.536964	-21.5507	21.0138	0.0900899	0.90991	1.131564	0.77198	0.696847	0.654351	0.30803	0.169299	0.16401	0.00120119	0	7.540874	1.901575	0.9099101	0.09008993	79.72136
4340	0.218803	-24.9224	25.1412	0.200079	0.799921	2.718646	0.774918	0.689283	0.655041	0.30896	0.165122	0.163877	0.00117606	0	3.413475	1.527067	0.799921	0.200079	33.65635
4350	1.01824	-23.3029	24.3211	0.652448	0.347552	2.586458	0.801764	0.697653	0.662766	0.307625	0.166798	0.158359	0.00116971	0	4.233523	1.905352	0.3475515	0.6524485	80.41783
4360	-1.06806	-25.7144	24.6463	0.424642	0.575358	0.6701554	0.798355	0.670386	0.654205	0.308918	0.169548	0.158291	0.00118462	0	3.908347	1.385155	0.5753579	0.4246421	24.27477
4370	0.883418	-23.2628	24.1462	0.237123	0.762877	5.018338	0.790158	0.677767	0.66259	0.310254	0.169738	0.156976	0.00117041	0	4.408432	1.98425	0.7628771	0.2371229	96.43834
4380	-0.0069405	-21.5809	21.574	0.432777	0.567223	1.964682	0.777083	0.67001	0.676364	0.305886	0.166781	0.160992	0.00115585	0	6.980681	1.985038	0.5672225	0.4327775	96.61349
4390	-1.20334	-28.4973	27.294	0.67262	0.32738	2.827778	0.782622	0.682448	0.66504	0.301167	0.165125	0.156907	0.00114756	0	1.260652	1.627645	0.3273804	0.6726196	42.42727
4400	0.266941	-22.2293	22.4962	0.114756	0.885244	2.358326	0.786192	0.695285	0.674401	0.306058	0.168048	0.1622	0.00114495	0	6.058409	1.859106	0.8852437	0.1147563	72.29468
4410	0.627138	-22.7094	23.3366	0.529095	0.470905	1.440164	0.795974	0.70228	0.652128	0.308811	0.167194	0.163543	0.00119521	0	5.218069	1.903275	0.4709046	0.5290954	80.03408
4420	1.56493	-23.6547	25.2196	0.179262	0.820738	4.810292	0.793802	0.69838	0.66343	0.301588	0.16826	0.159938	0.00116965	0	3.335044	1.97269	0.8207377	0.1792623	93.90529
4430	1.389	-23.58	24.969	0.724813	0.275187	2.176676	0.798269	0.688466	0.661622	0.303671	0.168135	0.161271	0.00115874	0	3.585599	1.969159	0.2751865	0.7248135	93.14496
4440	0.456168	-23.9621	24.4183	0.161879	0.838121	4.858962	0.80003	0.683315	0.656278	0.301439	0.172679	0.162956	0.00120226	0	4.136326	1.806215	0.838121	0.161879	64.00513
4450	-0.327369	-23.9578	23.6304	0.687315	0.312685	3.005469	0.807248	0.697657	0.660236	0.303056	0.167484	0.16196	0.00116207	0	4.924227	1.719407	0.3126854	0.6873146	52.40909
4460	0.161709	-24.32	24.4817	0.795676	0.204324	0.8807103	0.792248	0.691282	0.659291	0.300484	0.16746	0.162561	0.00118352	0	4.072918	1.794975	0.2043237	0.7956763	62.3699
4470	2.02765	-23.5125	25.5401	0.254466	0.745534	3.818415	0.80584	0.671682	0.660854	0.300759	0.171095	0.162371	0.0011804	0	3.014507	1.995195	0.7455337	0.2544663	98.89972
4480	1.99713	-23.415	25.4121	0.219592	0.780408	2.767508	0.807148	0.700533	0.662603	0.300297	0.167003	0.158315	0.00118368	0	3.142504	1.964889	0.7804079	0.2195921	92.23352
4490	-0.315479	-26.5302	26.2147	0.56994	0.43006	7.098862	0.780316	0.692143	0.682773	0.308989	0.168189	0.16015	0.00117597	0	2.339891	1.964352	0.4300603	0.5699397	92.11963
4500	1.25293	-24.6455	25.8984	0.175759	0.824241	5.285164	0.803206	0.682878	0.677467	0.305748	0.165723	0.158361	0.00118478	0	2.656236	1.895525	0.8242412	0.1757588	78.61847
4510	0.502977	-23.7983	24.3012	0.225966	0.774034	1.82698	0.793974	0.68941	0.675324	0.310287	0.165872	0.15693	0.00118581	0	4.253397	1.674191	0.7740345	0.2259655	47.22704
4520	1.54151	-23.3145	24.856	0.746562	0.253438	2.466837	0.795132	0.704244	0.669202	0.298212	0.16651	0.15839	0.00117865	0	3.698639	1.997661	0.2534383	0.7465617	99.46296
4530	0.690998	-25.5344	26.2254	0.501177	0.498823	1.543036	0.809089	0.695884	0.65762	0.311633	0.16732	0.157524	0.00119261	0	2.329272	1.815438	0.4988235	0.5011765	65.37889
4540	1.56168	-24.224	25.7857	0.163484	0.836516	5.42157	0.799344	0.705133	0.659221	0.298037	0.168927	0.160673	0.00117798	0	2.768963	1.991085	0.8365162	0.1634838	97.96814
4550	0.802451	-25.4553	26.2577	0.531612	0.468388	3.119108	0.795572	0.6991	0.666651	0.312638	0.168599	0.163854	0.00117059	0	2.296889	1.77906	0.4683879	0.5316121	60.12561
4560	1.76168	-24.156	25.9177	0.418424	0.581576	2.762161	0.80125	0.698031	0.672124	0.308598	0.170925	0.164971	0.00115655	0	2.636911	1.965633	0.5815763	0.4184237	92.39178
4570	-4.67717	-23.4786	18.8014	0.295448	0.704552	2.78861	0.810295	0.700615	0.672884	0.308985	0.171853	0.165042	0.00120294	0	9.753219	1.440989	0.7045517	0.2954483	27.60509
4580	1.51519	-22.538	24.0531	0.244208	0.755792	3.005174	0.802144	0.671204	0.651278	0.30929	0.169044	0.161631	0.00117986	0	4.501488	1.97605	0.755792	0.244208	94.63456
4590	-2.81123	-26.2402	23.429	0.662761	0.337239	7.65781	0.795821	0.683848	0.672787	0.302662	0.165844	0.161617	0.0011688	0	5.12568	1.931417	0.3372395	0.6627605	85.39191
4600	-0.292173	-27.1973	26.9051	0.541159	0.458841	3.583217	0.808686	0.705059	0.655238	0.301273	0.170399	0.157206	0.0011993	0	1.649545	1.605081	0.4588414	0.5411586	40.2792
4610	-2.289	-29.3161	27.0271	0.381581	0.618419	6.316923	0.78074	0.704071	0.666272	0.303036	0.168141	0.157038	0.0011773	0	1.527526	1.225623	0.618419	0.381581	16.81212
4620	-1.00568	-25.8064	24.8007	0.976357	0.0236432	6.546765	0.789297	0.689652	0.654605	0.307878	0.169832	0.157996	0.00117594	0	3.753927	1.911607	0.0236432	0.9763568	81.58446
4630	1.00403	-25.5475	26.5515	0.20133	0.79867	1.071379	0.780153	0.693533	0.675669	0.305397	0.169345	0.157601	0.00117926	0	2.003123	1.971415	0.7986702	0.2013298	93.62994
4640	-2.8161	-29.3547	26.5386	0.451469	0.548531	6.143922	0.797025	0.697463	0.681248	0.304159	0.170449	0.15974	0.00119799	0	2.016066	1.115997	0.5485313	0.4514687	13.06163
4650	-0.212261	-26.8064	26.5942	0.132979	0.867021	3.180903	0.804499	0.691201	0.683527	0.301339	0.170428	0.162536	0.00119449	0	1.960476	1.388474	0.8670215	0.1329785	24.46099
4660	-0.344104	-24.1371	23.793	0.299572	0.700428	0.2624848	0.782028	0.682769	0.663406	0.299324	0.170157	0.16111	0.00119249	0	4.761645	1.629395	0.7004281	0.2995719	42.59859
4670	-1.06066	-27.9574	26.8967	0.714886	0.285114	0.5183138	0.787207	0.702735	0.670948	0.306899	0.167039	0.158522	0.00118669	0	1.657913	1.836314	0.2851136	0.7148864	68.59833
4680	-1.45089	-28.9939	27.543	0.847547	0.152453	4.782939	0.800527	0.694321	0.679579	0.305847	0.169108	0.159087	0.0011881	0	1.011616	1.759641	0.152453	0.847547	57.49647
4690	0.385626	-24.1591	24.5448	0.229202	0.770798	0.7617487	0.788108	0.699216	0.676185	0.311505	0.173314	0.164032	0.00120363	0	4.009878	1.682881	0.770798	0.229202	48.18153
4700	1.20574	-24.9309	26.1367	0.00442414	0.995576	1.928239	0.780161	0.680006	0.683075	0.306951	0.172787	0.160208	0.00117762	0	2.417944	1.69599	0.9955759	0.004424135	49.6581
4710	1.07938	-24.963	26.0424	0.544558	0.455442	3.367127	0.77235	0.673948	0.67129	0.298595	0.168239	0.161756	0.0011642	0	2.512215	1.840691	0.4554419	0.5445581	69.29319
4720	-3.37502	-27.7968	24.4217	0.417714	0.582286	7.35478	0.778307	0.69039	0.683868	0.300846	0.167203	0.160333	0.00117528	0	4.1329	1.294293	0.5822855	0.4177145	19.69214
4730	-0.128432	-26.1159	25.9875	0.263278	0.736722	4.98913	0.773454	0.682016	0.662904	0.298003	0.170891	0.160027	0.00117287	0	2.567125	1.564097	0.7367225	0.2632775	36.65192
4740	1.59578	-23.4386	25.0344	0.235422	0.764578	2.490013	0.777513	0.696997	0.656741	0.308184	0.165131	0.163362	0.00114496	0	3.520259	1.901599	0.7645782	0.2354218	79.72576
4750	0.788245	-25.8552	26.6435	0.356976	0.643024	2.682008	0.775724	0.674676	0.664222	0.300076	0.164724	0.161878	0.00116907	0	1.911173	1.75822	0.6430244	0.3569756	57.30861
4760	0.91515	-24.0582	24.9733	0.00540792	0.994592	2.82317	0.794075	0.674388	0.657131	0.301656	0.167991	0.162999	0.00117657	0	3.58131	1.636916	0.9945921	0.005407922	43.34269
4770	-2.73148	-28.8416	26.1102	0.811223	0.188777	3.980614	0.807098	0.682555	0.669574	0.308481	0.170317	0.157571	0.0011652	0	2.444478	1.178295	0.1887767	0.8112233	15.0763
4780	-1.4327	-27.6315	26.1988	0.309513	0.690487	3.935508	0.79404	0.691855	0.659737	0.299985	0.171617	0.157698	0.00115593	0	2.355804	1.172206	0.6904873	0.3095127	14.86641
4790	-0.360666	-23.5369	23.1763	0.177015	0.822985	5.590785	0.811274	0.673752	0.651384	0.301864	0.170127	0.157423	0.00118842	0	5.378361	1.927462	0.8229847	0.1770153	84.61794
4800	-0.442123	-27.9756	27.5334	0.407183	0.592817	2.348281	0.801927	0.688251	0.660147	0.310808	0.165803	0.160038	0.00119706	0	1.021208	1.858103	0.5928166	0.4071834	72.12788
4810	1.08182	-22.4642	23.546	0.193441	0.806559	3.31602	0.787415	0.673255	0.67452	0.309122	0.165146	0.159213	0.00115965	0	5.008634	1.948516	0.8065595	0.1934405	88.82105
4820	2.30509	-23.7616	26.0666	0.00262014	0.99738	3.617855	0.776562	0.690411	0.664504	0.304287	0.17331	0.162274	0.00115605	0	2.488001	1.970066	0.9973799	0.002620137	93.33954
4830	-3.46053	-28.734	25.2734	0.216531	0.783469	9.664132	0.794713	0.704073	0.674955	0.310206	0.172663	0.164145	0.00116515	0	3.281203	1.88928	0.7834694	0.2165306	77.49619
4840	-1.66192	-26.7259	25.0639	0.88852	0.11148	5.01327	0.787825	0.70085	0.670506	0.306842	0.166988	0.162481	0.00115272	0	3.490705	1.572531	0.11148	0.88852	37.37066
4850	0.481524	-25.8475	26.329	0.909052	0.090948	5.37226	0.774899	0.698087	0.667421	0.31225	0.170583	0.162794	0.0011592	0	2.225658	1.953493	0.09094799	0.909052	89.84473
4860	2.09041	-23.6689	25.7593	0.0274864	0.972514	3.691739	0.796179	0.702283	0.664205	0.309554	0.169216	0.163098	0.00118397	0	2.795322	1.920661	0.9725136	0.0274864	83.30307
4870	0.394034	-25.3192	25.7133	0.00168798	0.998312	1.982764	0.776605	0.697913	0.665059	0.309251	0.171094	0.159369	0.00119431	0	2.841366	1.455361	0.998312	0.001687977	28.53386
4880	1.01045	-25.0187	26.0292	0.540665	0.459335	3.523232	0.796405	0.693375	0.656191	0.308132	0.171376	0.15947	0.0011775	0	2.525465	1.823041	0.4593352	0.5406648	66.53353
4890	1.20392	-22.9737	24.1776	0.257801	0.742199	1.129925	0.801603	0.676265	0.652473	0.305269	0.171953	0.158436	0.00117455	0	4.377009	1.948952	0.7421986	0.2578014	88.91038
4900	-3.55683	-29.2305	25.6736	0.533786	0.466214	7.797671	0.806243	0.67417	0.652056	0.3083	0.165768	0.15724	0.00115961	0	2.881011	1.277819	0.4662139	0.5337861	18.95915
4910	1.86746	-24.7604	26.6278	0.086418	0.913582	3.236987	0.783918	0.673672	0.679421	0.304282	0.168611	0.159864	0.00115675	0	1.926801	1.915317	0.913582	0.08641801	82.28427
4920	-0.0829752	-25.6367	25.5538	0.34323	0.65677	5.06653	0.796046	0.674614	0.680349	0.298452	0.170364	0.159257	0.00114607	0	3.000873	1.661216	0.6567702	0.3432298	45.83697
4930	0.47617	-27.1089	27.5851	0.343542	0.656458	4.963495	0.795436	0.673567	0.67753	0.307128	0.169409	0.160662	0.00114924	0	0.9695592	1.975657	0.6564576	0.3435424	94.54893
4940	0.483951	-23.44	23.9239	0.663586	0.336414	4.774851	0.811827	0.68786	0.668961	0.306593	0.172728	0.162626	0.00117952	0	4.630727	1.965736	0.3364136	0.6635864	92.41363
4950	1.50568	-23.3358	24.8415	0.550989	0.449011	3.229899	0.780443	0.675965	0.681166	0.305794	0.171624	0.162712	0.00114502	0	3.713113	1.972959	0.4490109	0.5509891	93.96346
4960	0.713064	-25.5126	26.2256	0.590279	0.409721	1.09018	0.786068	0.684514	0.666132	0.305703	0.171571	0.161291	0.00119322	0	2.329007	1.932328	0.4097207	0.5902793	85.57128
4970	-4.36163	-29.6209	25.2593	0.0421449	0.957855	8.895995	0.783145	0.681858	0.655994	0.306357	0.17042	0.161477	0.00116772	0	3.295319	1.256557	0.9578551	0.04214495	18.05333
4980	1.45594	-24.4825	25.9384	0.54324	0.45676	2.317432	0.788378	0.701443	0.671229	0.31055	0.16643	0.161011	0.00116803	0	2.616241	1.940815	0.4567604	0.5432396	87.25992
4990	-0.753911	-26.6979	25.944	0.888426	0.111574	6.730233	0.790488	0.695549	0.660587	0.310821	0.165934	0.15984	0.00117767	0	2.610625	1.903065	0.1115743	0.8884257	79.99537
5000	-2.15933	-27.6091	25.4497	0.77777	0.22223	4.399916	0.79264	0.696929	0.657251	0.311643	0.172223	0.157894	0.0011513	0	3.104903	1.336559	0.2222304	0.7777696	21.70497
