Iteration	Posterior	Likelihood	Prior	clado_type_probs[1]	clado_type_probs[2]	distance_scale	epoch_times[1]	epoch_times[2]	epoch_times[3]	epoch_times[4]	epoch_times[5]	epoch_times[6]	epoch_times[7]	epoch_times[8]	extirpation_rate	log10_rate_bg	p_allopatry	p_sympatry	rate_bg
0	-63.3332	-103.094	39.7612	0.295932	0.704068	0.01	0.291493	0.213359	0.147746	0.142245	0.138083	0.000621602	0.000322265	0	0.2755563	-2	0.7040676	0.2959324	0.01
10	7.02757	-26.3024	33.3299	0.121826	0.878174	0.007070445	0.284434	0.210367	0.145692	0.139234	0.137158	0.000615655	0.000328242	0	6.706857	1.95408	0.8781738	0.1218262	89.96642
20	6.51023	-31.1518	37.662	0.0645487	0.935451	0.04055188	0.281945	0.21241	0.144947	0.141424	0.137648	0.000612734	0.000324573	0	2.374784	1.657992	0.9354513	0.06454872	45.49796
30	5.83682	-25.4499	31.2867	0.0434695	0.95653	0.1584165	0.287313	0.209907	0.146171	0.141227	0.143788	0.000625495	0.000326385	0	8.750054	1.975454	0.9565305	0.04346955	94.50473
40	6.82472	-27.3367	34.1614	0.226586	0.773414	0.2448601	0.286636	0.213944	0.14565	0.14446	0.139502	0.000616747	0.000321844	0	5.875339	1.919165	0.773414	0.226586	83.0166
50	8.10402	-29.1502	37.2542	0.233475	0.766525	0.8323523	0.293366	0.212269	0.144967	0.142496	0.140749	0.000610623	0.000329458	0	2.782552	1.995701	0.7665252	0.2334748	99.01496
60	8.32794	-29.9349	38.2628	0.00371484	0.996285	0.3334401	0.291259	0.211783	0.145019	0.1432	0.14375	0.000624241	0.000328486	0	1.773963	1.9439	0.9962852	0.003714845	87.88195
70	6.76816	-30.9613	37.7294	0.208167	0.791833	0.9645878	0.288269	0.213395	0.144903	0.145329	0.142343	0.000606665	0.000335786	0	2.307357	1.823665	0.7918328	0.2081672	66.62921
80	7.15727	-30.8037	37.9609	0.0810535	0.918947	1.204716	0.283726	0.220921	0.142517	0.143067	0.139444	0.000622156	0.000337187	0	2.07585	1.837871	0.9189465	0.08105346	68.84484
90	5.95059	-31.4533	37.4039	0.390838	0.609162	2.585803	0.282673	0.216073	0.142533	0.138943	0.137707	0.000614657	0.000334688	0	2.632883	1.964487	0.6091615	0.3908385	92.14823
100	8.44279	-29.1306	37.5734	0.091561	0.908439	0.2258374	0.284212	0.211394	0.146071	0.139497	0.139733	0.000625463	0.000322053	0	2.463399	1.94699	0.908439	0.09156104	88.50944
110	7.06918	-31.1777	38.2469	0.0551839	0.944816	0.5859578	0.284733	0.212083	0.143241	0.139993	0.140616	0.000611173	0.000323302	0	1.789901	1.8085	0.9448161	0.05518392	64.34286
120	4.41711	-32.4882	36.9053	0.524858	0.475142	1.567246	0.283892	0.210483	0.143038	0.138182	0.142321	0.00062484	0.000330539	0	3.131522	1.737738	0.4751424	0.5248576	54.66859
130	7.74172	-29.0741	36.8158	0.410606	0.589394	0.1949932	0.282934	0.216609	0.142095	0.139231	0.139312	0.000615741	0.000332771	0	3.220989	1.979813	0.5893936	0.4106064	95.4582
140	8.20255	-28.3504	36.553	0.113133	0.886867	0.07983892	0.288678	0.21953	0.146724	0.139347	0.139337	0.000617992	0.000334313	0	3.4838	1.901859	0.8868674	0.1131326	79.77354
150	7.31808	-28.9537	36.2718	0.249999	0.750001	0.1810453	0.282123	0.211799	0.143521	0.138163	0.137457	0.000620551	0.00032194	0	3.764993	1.863548	0.7500013	0.2499987	73.03787
160	3.73457	-34.3026	38.0372	0.569194	0.430806	0.7456575	0.282461	0.212618	0.144405	0.14366	0.138693	0.000605132	0.000328215	0	1.999586	1.644126	0.4308061	0.5691939	44.0683
170	8.14441	-27.1197	35.2641	0.117794	0.882206	0.2342034	0.284748	0.215016	0.145273	0.140299	0.14361	0.000610459	0.000335159	0	4.772699	1.971677	0.8822058	0.1177942	93.68649
180	4.45326	-27.3848	31.838	0.651387	0.348613	0.507188	0.28502	0.217968	0.146625	0.141327	0.141198	0.00060306	0.000334047	0	8.198772	1.951601	0.3486127	0.6513873	89.45415
190	7.0079	-28.0196	35.0275	0.119444	0.880556	0.02420125	0.282446	0.219818	0.147466	0.143096	0.137151	0.000608409	0.000325112	0	5.009314	1.818397	0.8805561	0.1194439	65.82599
200	2.28143	-28.3137	30.5951	0.0637025	0.936297	0.1605974	0.285052	0.219178	0.14383	0.139908	0.137673	0.000610028	0.00032907	0	9.441686	1.594072	0.9362975	0.06370255	39.27103
210	8.01128	-29.7104	37.7217	0.0373206	0.962679	0.9039227	0.283268	0.218251	0.143941	0.144334	0.138429	0.00061256	0.000335892	0	2.315116	1.899571	0.9626794	0.03732056	79.35431
220	5.66187	-31.4551	37.1169	0.0579703	0.94203	2.774468	0.29272	0.218133	0.14601	0.140397	0.142692	0.00060346	0.00033307	0	2.919839	1.82556	0.9420297	0.05797031	66.9207
230	4.2859	-33.1255	37.4114	0.764169	0.235831	2.881214	0.296381	0.211051	0.14726	0.14268	0.141133	0.000613785	0.000337357	0	2.6254	1.978869	0.2358307	0.7641693	95.25084
240	6.86858	-31.699	38.5676	0.0209578	0.979042	2.610108	0.295953	0.211797	0.146006	0.143863	0.140673	0.000598529	0.000334094	0	1.469155	1.974899	0.9790422	0.02095784	94.3841
250	6.1054	-30.2908	36.3962	0.386242	0.613758	1.410488	0.294494	0.210682	0.144647	0.138482	0.137399	0.000601775	0.000335068	0	3.640548	1.87325	0.6137575	0.3862425	74.68792
260	5.38802	-32.1329	37.5209	0.502051	0.497949	1.50781	0.289549	0.211463	0.143283	0.13914	0.140759	0.000601295	0.000333295	0	2.51585	1.839194	0.497949	0.502051	69.05488
270	7.43792	-27.8169	35.2548	0.195135	0.804865	0.2402345	0.287238	0.211773	0.142947	0.138268	0.14186	0.000604645	0.000329866	0	4.781949	1.910957	0.8048648	0.1951352	81.46235
280	5.75645	-30.1643	35.9207	0.379964	0.620036	1.306479	0.288348	0.218791	0.149291	0.139462	0.137199	0.000604681	0.000331645	0	4.116084	1.839004	0.6200359	0.3799641	69.02467
290	6.97393	-29.7708	36.7447	0.302804	0.697196	0.03783882	0.289139	0.220848	0.14443	0.139961	0.14032	0.000606661	0.000326988	0	3.292091	1.823138	0.6971962	0.3028038	66.54839
300	7.62199	-29.1084	36.7303	0.42323	0.57677	0.03582277	0.292378	0.220032	0.145265	0.14207	0.140905	0.000625609	0.000330513	0	3.306442	1.959227	0.5767704	0.4232296	91.03899
310	8.12203	-28.7149	36.8369	0.281688	0.718312	0.2008291	0.289848	0.218579	0.14699	0.142279	0.141044	0.000609662	0.000335152	0	3.199891	1.97579	0.7183116	0.2816884	94.57807
320	7.64994	-29.4108	37.0607	0.365158	0.634842	0.1984938	0.283569	0.213494	0.14771	0.139678	0.14349	0.000610132	0.000320802	0	2.976037	1.958492	0.6348416	0.3651584	90.88505
330	7.08304	-27.4955	34.5786	0.206881	0.793119	0.2934856	0.282033	0.214374	0.142687	0.142732	0.139291	0.000614563	0.000327388	0	5.458202	1.916253	0.7931189	0.2068811	82.46184
340	8.22343	-28.5233	36.7467	0.214526	0.785474	0.02801593	0.282873	0.217429	0.144888	0.143254	0.139033	0.000621867	0.000321448	0	3.290103	1.956339	0.7854736	0.2145264	90.43558
350	6.64294	-26.314	32.957	0.213057	0.786943	0.2033804	0.284986	0.21519	0.147271	0.140185	0.140994	0.000626277	0.000332285	0	7.079803	1.976635	0.7869434	0.2130566	94.76225
360	4.55361	-30.5315	35.0851	0.896614	0.103386	0.5314811	0.286211	0.210938	0.146335	0.139948	0.142061	0.000621247	0.000328234	0	4.95167	1.869387	0.1033861	0.8966139	74.02653
370	7.46492	-29.5018	36.9667	0.321384	0.678616	1.326276	0.294036	0.210923	0.145663	0.14056	0.14381	0.000599734	0.00032488	0	3.07009	1.998493	0.6786155	0.3213845	99.6536
380	6.12925	-29.6215	35.7508	0.362391	0.637609	1.672492	0.282647	0.211817	0.145704	0.141884	0.143873	0.000613565	0.00032461	0	4.286	1.926704	0.6376086	0.3623914	84.47022
390	5.52147	-31.1051	36.6266	0.171338	0.828662	1.235595	0.282798	0.215915	0.147043	0.138507	0.138098	0.000614426	0.000326575	0	3.410176	1.684825	0.8286621	0.1713379	48.39775
400	7.08241	-31.2322	38.3146	0.0489981	0.951002	1.441982	0.285155	0.216696	0.144118	0.138225	0.139713	0.000613825	0.000337204	0	1.722187	1.864621	0.9510019	0.04899805	73.21857
410	6.57834	-28.3275	34.9059	0.247466	0.752534	1.283166	0.289227	0.211069	0.147526	0.141446	0.138635	0.000613435	0.000334938	0	5.130921	1.939796	0.7525336	0.2474664	87.05543
420	5.92786	-29.4127	35.3405	0.546211	0.453789	0.6700279	0.2823	0.216777	0.146735	0.139462	0.141017	0.000617849	0.000330194	0	4.696262	1.884151	0.4537893	0.5462107	76.58633
430	7.60716	-27.5484	35.1555	0.0564931	0.943507	0.1377569	0.285415	0.220781	0.146467	0.140615	0.137882	0.000621265	0.000324536	0	4.881264	1.870514	0.9435069	0.0564931	74.2188
440	7.66801	-29.891	37.559	0.122671	0.877329	0.5195538	0.284713	0.215662	0.148372	0.139367	0.140004	0.00061833	0.000330639	0	2.47782	1.862295	0.8773288	0.1226712	72.82748
450	6.0325	-30.8873	36.9198	0.374617	0.625383	1.494066	0.28312	0.212349	0.146987	0.13995	0.141143	0.00062545	0.000327115	0	3.117026	1.851272	0.6253834	0.3746166	71.00231
460	6.1616	-30.4935	36.6551	0.0860966	0.913903	2.392871	0.286102	0.214575	0.144907	0.14124	0.143984	0.000609951	0.000323591	0	3.381666	1.868251	0.9139034	0.08609655	73.83306
470	7.66578	-29.4503	37.1161	0.155485	0.844515	0.1237907	0.283489	0.21631	0.142525	0.141528	0.13901	0.000606785	0.000322905	0	2.920725	1.855206	0.8445154	0.1554846	71.64834
480	6.31421	-27.811	34.1253	0.261952	0.738048	0.09358472	0.288344	0.213247	0.142844	0.140973	0.141587	0.00062591	0.000321875	0	5.911534	1.851322	0.7380476	0.2619524	71.01047
490	7.40262	-30.2266	37.6292	0.314296	0.685704	0.9636689	0.289946	0.210249	0.142674	0.144873	0.142159	0.000614645	0.00032963	0	2.40758	1.954719	0.6857039	0.3142961	90.09874
500	5.88863	-30.1341	36.0227	0.345455	0.654545	0.8229455	0.28213	0.212708	0.142626	0.143116	0.14295	0.000624939	0.000326523	0	4.014083	1.782169	0.6545445	0.3454555	60.55768
510	7.35384	-29.159	36.5128	0.268474	0.731526	1.078659	0.295488	0.213693	0.14762	0.141476	0.140808	0.000614142	0.000325381	0	3.523969	1.943587	0.7315264	0.2684736	87.81866
520	7.43439	-29.6064	37.0408	0.0603154	0.939685	1.605231	0.29658	0.214579	0.14513	0.141899	0.142963	0.000607575	0.000323724	0	2.996029	1.907516	0.9396846	0.06031537	80.81938
530	3.29433	-35.9654	39.2597	0.0857823	0.914218	0.4103481	0.284958	0.215915	0.146126	0.140782	0.143821	0.000610482	0.000336781	0	0.7770723	1.605745	0.9142177	0.08578231	40.34088
540	6.51519	-31.1486	37.6638	0.438109	0.561891	1.023732	0.29173	0.219472	0.143205	0.142306	0.144117	0.000618634	0.000332829	0	2.373002	1.901226	0.5618912	0.4381088	79.65729
550	6.34042	-28.0172	34.3576	0.330492	0.669508	1.296887	0.287718	0.220568	0.142899	0.143526	0.143575	0.000602513	0.000335741	0	5.679193	1.981518	0.6695083	0.3304917	95.83358
560	4.88919	-27.1542	32.0434	0.0377711	0.962229	1.817998	0.29006	0.214415	0.14202	0.140353	0.141423	0.000618388	0.000334814	0	7.993367	1.976575	0.9622289	0.03777112	94.74903
570	6.782	-30.8759	37.6579	0.141313	0.858687	2.301605	0.285618	0.21509	0.142126	0.140155	0.143773	0.000621072	0.000333433	0	2.378892	1.923496	0.8586871	0.1413129	83.84871
580	5.91086	-32.0582	37.9691	0.113154	0.886846	2.795751	0.283964	0.213256	0.14565	0.141938	0.13756	0.000623227	0.000333503	0	2.067729	1.869495	0.8868463	0.1131537	74.04484
590	6.70646	-28.2422	34.9486	0.166723	0.833277	0.9707257	0.283471	0.212879	0.14508	0.144773	0.141663	0.000621222	0.000334325	0	5.088152	1.885565	0.8332774	0.1667226	76.83606
600	6.38768	-30.1934	36.5811	0.0580464	0.941954	0.2211492	0.283239	0.21029	0.143653	0.143956	0.138432	0.000627615	0.000330662	0	3.455726	1.635833	0.9419536	0.05804645	43.23477
610	7.46149	-28.4441	35.9056	0.432714	0.567286	0.6431112	0.287301	0.215905	0.145307	0.143708	0.138541	0.00062399	0.00033647	0	4.131163	1.994834	0.5672858	0.4327142	98.81744
620	5.83202	-33.1567	38.9887	0.172478	0.827522	2.212073	0.281927	0.216437	0.143732	0.144285	0.142629	0.000623027	0.000335202	0	1.04808	1.951565	0.8275224	0.1724776	89.44685
630	5.33437	-29.6178	34.9522	0.0787405	0.921259	1.990945	0.283667	0.213759	0.142237	0.14231	0.142306	0.000625704	0.000333584	0	5.084611	1.807251	0.9212595	0.07874053	64.15796
640	7.83026	-29.0593	36.8895	0.161734	0.838266	0.5493367	0.287211	0.210304	0.143115	0.144548	0.141049	0.000620771	0.000322365	0	3.147275	1.905526	0.8382663	0.1617337	80.44991
650	6.29593	-28.2103	34.5062	0.355012	0.644988	0.4492443	0.284585	0.212541	0.145099	0.140138	0.142269	0.000619639	0.000320778	0	5.530559	1.891183	0.6449883	0.3550117	77.83637
660	4.97054	-30.5982	35.5687	0.137145	0.862855	0.518443	0.292833	0.220161	0.143576	0.140223	0.141075	0.000616567	0.000336281	0	4.468062	1.567485	0.8628545	0.1371455	36.93902
670	4.56576	-31.5715	36.1373	0.168604	0.831396	2.161252	0.287417	0.214954	0.146865	0.144914	0.140355	0.000606778	0.000336254	0	3.899521	1.700937	0.8313962	0.1686038	50.22697
680	6.13565	-31.8648	38.0005	0.121865	0.878135	3.481466	0.282466	0.212863	0.148534	0.142054	0.143057	0.000613235	0.000334479	0	2.036319	1.993469	0.8781354	0.1218646	98.50734
690	5.4974	-31.8005	37.2979	0.323316	0.676684	1.898243	0.284816	0.218398	0.147246	0.13886	0.143519	0.000626735	0.000330954	0	2.738841	1.801042	0.6766842	0.3233158	63.24726
700	4.48679	-31.371	35.8578	0.359354	0.640646	1.161541	0.290706	0.215815	0.144461	0.139246	0.141524	0.000615169	0.000329436	0	4.178994	1.666448	0.6406463	0.3593537	46.39252
710	5.19513	-26.0377	31.2328	0.011877	0.988123	0.6815208	0.2829	0.219497	0.145597	0.141368	0.140543	0.000614702	0.000321274	0	8.803985	1.949345	0.988123	0.01187698	88.99072
720	7.78844	-30.1549	37.9433	0.0149482	0.985052	1.402294	0.284661	0.218093	0.144592	0.140853	0.138142	0.000616552	0.000336533	0	2.093463	1.908169	0.9850518	0.01494821	80.94115
730	7.05403	-28.1805	35.2345	0.361415	0.638585	0.646626	0.289479	0.211046	0.145863	0.140461	0.141327	0.000615584	0.000335057	0	4.802244	1.953256	0.6385851	0.3614149	89.79574
740	8.43005	-28.0741	36.5042	0.0131113	0.986889	0.9533972	0.291673	0.214569	0.145794	0.138163	0.137543	0.000623038	0.000328484	0	3.532594	1.959959	0.9868887	0.0131113	91.19244
750	7.02677	-30.6023	37.6291	0.159679	0.840321	2.239542	0.293496	0.216404	0.142004	0.144964	0.137255	0.00061935	0.000332428	0	2.407694	1.955801	0.8403212	0.1596788	90.32349
760	4.56329	-26.4276	30.9909	0.1585	0.8415	1.061986	0.295711	0.216256	0.145783	0.145199	0.138681	0.000622136	0.00032219	0	9.045917	1.9799	0.8415	0.1585	95.47736
770	5.58817	-30.1963	35.7845	0.180682	0.819318	2.427173	0.291958	0.215227	0.148437	0.144343	0.13742	0.000608068	0.000335984	0	4.252272	1.882566	0.8193176	0.1806824	76.3072
780	6.68696	-26.5265	33.2134	0.0201237	0.979876	1.108696	0.289482	0.219374	0.146166	0.141393	0.139162	0.000629819	0.000336818	0	6.823347	1.986872	0.9798763	0.02012365	97.02231
790	5.74758	-30.5552	36.3028	0.134306	0.865694	0.2706604	0.293697	0.214167	0.149406	0.14271	0.143006	0.000606614	0.000333451	0	3.733974	1.609048	0.8656945	0.1343055	40.64884
800	8.22693	-28.1836	36.4105	0.225844	0.774156	0.06221461	0.289089	0.215045	0.145839	0.140097	0.141025	0.000602504	0.000332024	0	3.626273	1.969559	0.774156	0.225844	93.23082
810	8.97717	-28.4508	37.4279	0.00308593	0.996914	0.05501081	0.283131	0.212957	0.146426	0.138163	0.139285	0.000612212	0.000331365	0	2.608847	1.968614	0.9969141	0.003085934	93.02812
820	5.83152	-28.7841	34.6156	0.545815	0.454185	0.3042869	0.285659	0.212359	0.144155	0.141039	0.138329	0.000598685	0.000336511	0	5.421136	1.880333	0.4541846	0.5458154	75.91587
830	5.18206	-29.8907	35.0728	0.6972	0.3028	1.956591	0.286296	0.213759	0.142129	0.139813	0.14136	0.000609857	0.000335247	0	4.96403	1.992589	0.3027996	0.6972004	98.30809
840	8.42372	-29.4388	37.8626	0.0670364	0.932964	1.102897	0.296646	0.219791	0.142562	0.138235	0.137277	0.000599512	0.000336188	0	2.174215	1.999124	0.9329636	0.06703643	99.79841
850	4.76494	-29.0426	33.8076	0.516974	0.483026	1.642575	0.294053	0.217945	0.144861	0.13946	0.138262	0.000620477	0.000335766	0	6.229231	1.930951	0.4830263	0.5169737	85.30041
860	6.82796	-30.7282	37.5561	0.267279	0.732721	0.5092937	0.288977	0.212286	0.144644	0.139132	0.138001	0.000618805	0.000328979	0	2.480675	1.819638	0.7327208	0.2672792	66.01426
870	6.71552	-31.4171	38.1326	0.226528	0.773472	0.6814512	0.284426	0.213097	0.145833	0.142876	0.138333	0.00061922	0.000332958	0	1.904144	1.829906	0.7734724	0.2265276	67.59373
880	5.69323	-29.4664	35.1596	0.461602	0.538398	0.1887281	0.285485	0.21109	0.144909	0.13899	0.141288	0.000606519	0.000330685	0	4.877156	1.794393	0.5383984	0.4616016	62.28632
890	4.33172	-27.0526	31.3843	0.285733	0.714267	0.8809008	0.285191	0.214809	0.148731	0.138575	0.143117	0.000602639	0.000336434	0	8.6525	1.925961	0.7142667	0.2857333	84.32592
900	3.24444	-28.4976	31.742	0.149812	0.850188	2.080732	0.28398	0.212156	0.148901	0.138258	0.14058	0.000601418	0.000330351	0	8.294756	1.890519	0.8501881	0.1498119	77.71752
910	7.0042	-30.459	37.4632	0.507262	0.492738	0.1625907	0.289226	0.218543	0.14448	0.143424	0.137137	0.000623339	0.000331354	0	2.57362	1.937326	0.4927376	0.5072624	86.56173
920	3.15476	-33.3264	36.4811	0.840055	0.159945	0.2522724	0.295913	0.220056	0.144942	0.14343	0.13837	0.00060108	0.000321399	0	3.555674	1.677507	0.1599448	0.8400552	47.58909
930	8.78731	-28.6892	37.4765	0.0330353	0.966965	0.150272	0.295527	0.216086	0.142555	0.143784	0.140679	0.000616104	0.000321057	0	2.560322	1.966762	0.9669647	0.03303534	92.63222
940	8.77443	-27.1664	35.9408	0.0337384	0.966262	0.0862572	0.290443	0.219561	0.142593	0.143957	0.14135	0.000606105	0.000320911	0	4.095938	1.989987	0.9662616	0.0337384	97.72079
950	5.20418	-33.2496	38.4538	0.474338	0.525662	0.118475	0.292768	0.219589	0.146547	0.143657	0.139626	0.00061682	0.000325726	0	1.58303	1.788456	0.5256623	0.4743377	61.44063
960	7.61745	-30.7597	38.3772	0.149802	0.850198	0.1080921	0.287011	0.215625	0.145872	0.141626	0.139743	0.000618783	0.000331737	0	1.659618	1.930189	0.8501984	0.1498016	85.15085
970	6.69827	-25.7884	32.4866	0.0854339	0.914566	0.1855661	0.29468	0.216529	0.142463	0.143294	0.142741	0.000598527	0.000336462	0	7.550142	1.99176	0.9145661	0.08543387	98.12055
980	3.65495	-27.6465	31.3014	0.609086	0.390914	0.307918	0.289024	0.219919	0.143028	0.141118	0.137275	0.000611039	0.000333037	0	8.735361	1.876727	0.3909144	0.6090856	75.28817
990	6.93381	-28.0759	35.0097	0.346619	0.653381	0.6905305	0.284456	0.217375	0.146294	0.14317	0.138337	0.000624361	0.000330071	0	5.027063	1.950255	0.6533813	0.3466187	89.1774
1000	4.57315	-28.4906	33.0638	0.0489544	0.951046	1.341927	0.292978	0.219523	0.147258	0.141178	0.139034	0.000628413	0.000329375	0	6.973034	1.778484	0.9510456	0.04895437	60.04604
1010	8.00092	-27.7489	35.7499	0.0488674	0.951133	0.1808443	0.296691	0.219807	0.147626	0.142023	0.139692	0.000627367	0.000324532	0	4.286929	1.886633	0.9511326	0.04886738	77.02528
1020	7.75096	-27.8259	35.5768	0.0835775	0.916422	0.4364748	0.291676	0.213999	0.147454	0.14084	0.137242	0.000616523	0.000328918	0	4.459959	1.899645	0.9164225	0.08357754	79.36785
1030	7.45301	-29.0705	36.5235	0.177682	0.822318	0.1396938	0.285316	0.212887	0.148884	0.141826	0.13751	0.000629622	0.000331763	0	3.513257	1.827767	0.822318	0.177682	67.26154
1040	6.37917	-28.3185	34.6976	0.559719	0.440281	0.4204076	0.283547	0.212845	0.14577	0.144808	0.139462	0.000625678	0.000325131	0	5.339146	1.951525	0.4402806	0.5597194	89.43869
1050	3.68962	-29.5132	33.2028	0.777617	0.222383	0.590916	0.287882	0.214578	0.144835	0.14412	0.138644	0.000610104	0.000337247	0	6.83398	1.827407	0.2223833	0.7776167	67.2058
1060	5.0236	-34.1209	39.1445	0.0366118	0.963388	0.9233076	0.282492	0.211167	0.145301	0.141779	0.140689	0.000617956	0.000332549	0	0.8922742	1.75911	0.9633882	0.0366118	57.42617
1070	5.73197	-30.8365	36.5685	0.162049	0.837951	0.3841583	0.285967	0.219993	0.142931	0.142078	0.143232	0.000627164	0.000334739	0	3.468306	1.613085	0.8379512	0.1620488	41.02844
1080	8.16522	-28.5198	36.685	0.0686257	0.931374	1.500294	0.286171	0.211301	0.143174	0.14342	0.143738	0.000624595	0.000326499	0	3.351788	1.9979	0.9313743	0.06862572	99.51753
1090	8.82304	-27.9673	36.7903	0.00551074	0.994489	0.6328058	0.290295	0.213738	0.142051	0.142225	0.141807	0.000604437	0.000334131	0	3.246472	1.979014	0.9944893	0.005510738	95.28269
1100	7.18342	-28.1652	35.3486	0.263205	0.736795	1.083164	0.289441	0.215333	0.143329	0.143853	0.143552	0.000599933	0.000333847	0	4.688155	1.975587	0.7367946	0.2632054	94.53386
1110	5.30189	-33.7629	39.0648	0.231935	0.768065	2.064799	0.29119	0.210217	0.145323	0.139157	0.143874	0.000604467	0.000335596	0	0.972026	1.933037	0.7680649	0.2319351	85.71118
1120	8.44356	-28.3094	36.753	0.0421584	0.957842	0.5685636	0.289978	0.213867	0.146584	0.139481	0.143189	0.000611883	0.000328496	0	3.283835	1.938474	0.9578416	0.04215836	86.79089
1130	5.98915	-28.6776	34.6668	0.027639	0.972361	1.236039	0.293564	0.216218	0.145148	0.141937	0.141141	0.000626362	0.000335492	0	5.370008	1.78875	0.972361	0.02763898	61.48229
1140	7.89747	-29.8323	37.7298	0.0607486	0.939251	1.777941	0.294401	0.217889	0.146249	0.140958	0.137751	0.000601148	0.000322172	0	2.306964	1.988889	0.9392514	0.06074863	97.47396
1150	7.10994	-29.7569	36.8669	0.259145	0.740855	0.1189252	0.287866	0.216447	0.144414	0.141447	0.137287	0.000627613	0.000323367	0	3.169935	1.81952	0.7408551	0.2591449	65.9963
1160	4.05304	-31.0542	35.1073	0.908095	0.0919045	1.911625	0.289733	0.210776	0.14335	0.142336	0.14012	0.000621419	0.000331833	0	4.929526	1.94366	0.0919045	0.9080955	87.83355
1170	7.74323	-30.4876	38.2308	0.224177	0.775823	0.6880498	0.288185	0.219876	0.143784	0.144155	0.140894	0.000604074	0.000320899	0	1.805968	1.999158	0.7758226	0.2241774	99.80631
1180	8.06733	-30.3966	38.464	0.060016	0.939984	0.2543207	0.295129	0.220831	0.148446	0.144548	0.14306	0.000603887	0.000327506	0	1.572805	1.979729	0.939984	0.06001598	95.43964
1190	6.69763	-29.4174	36.115	0.57496	0.42504	0.1454789	0.296611	0.218047	0.147406	0.144694	0.137593	0.000625529	0.000334454	0	3.921748	1.915369	0.4250399	0.5749601	82.29419
1200	7.96134	-29.1455	37.1068	0.215023	0.784977	1.074764	0.296444	0.218793	0.14851	0.142724	0.143785	0.000613195	0.000336897	0	2.929971	1.980781	0.7849768	0.2150232	95.6711
1210	7.71869	-30.7292	38.4478	0.074576	0.925424	1.210661	0.291423	0.212696	0.14593	0.145015	0.137437	0.000614739	0.000333695	0	1.588949	1.964623	0.925424	0.07457598	92.177
1220	6.5922	-30.1485	36.7407	0.470233	0.529767	0.9210632	0.288082	0.211813	0.142175	0.142863	0.138376	0.000602112	0.000335753	0	3.296042	1.911298	0.5297668	0.4702332	81.5264
1230	5.72176	-26.6199	32.3417	0.0759363	0.924064	1.193753	0.28247	0.22078	0.144003	0.144513	0.142103	0.000610582	0.000333005	0	7.695077	1.983527	0.9240637	0.07593627	96.27809
1240	8.17007	-28.7001	36.8701	0.207875	0.792125	0.8241386	0.28706	0.219227	0.145198	0.143603	0.14097	0.000605374	0.00032857	0	3.166665	1.99658	0.792125	0.207875	99.21562
1250	3.45451	-34.846	38.3005	0.338137	0.661863	0.3667833	0.292169	0.211333	0.14418	0.140095	0.142098	0.000599348	0.00032383	0	1.736238	1.489897	0.6618635	0.3381365	30.89564
1260	7.62009	-27.7555	35.3755	0.190156	0.809844	1.009238	0.288999	0.211995	0.143426	0.139736	0.143609	0.000619759	0.000324108	0	4.661242	1.995147	0.8098443	0.1901557	98.8887
1270	6.90356	-30.3421	37.2457	0.209665	0.790335	0.7377335	0.293316	0.213722	0.14326	0.140074	0.143999	0.000626425	0.000322833	0	2.79109	1.81472	0.7903347	0.2096653	65.2709
1280	6.48934	-28.7557	35.245	0.317647	0.682353	0.4956311	0.286132	0.211566	0.144467	0.139518	0.140709	0.000625503	0.000322521	0	4.791784	1.856065	0.6823527	0.3176473	71.79018
1290	3.20882	-32.1722	35.381	0.678923	0.321077	0.3401404	0.283829	0.211669	0.142743	0.142437	0.139791	0.000603175	0.000326217	0	4.655745	1.616794	0.3210771	0.6789229	41.38031
1300	6.20851	-31.8864	38.095	0.51118	0.48882	0.6427823	0.285503	0.21766	0.145835	0.144394	0.138569	0.000611449	0.000336222	0	1.941825	1.906217	0.4888195	0.5111805	80.57805
1310	4.67346	-32.9136	37.5871	0.517509	0.482491	3.572234	0.289391	0.218328	0.14684	0.14251	0.14382	0.000612029	0.0003332	0	2.449735	1.998738	0.4824912	0.5175088	99.70993
1320	3.84847	-32.2399	36.0884	0.113455	0.886545	2.549573	0.285974	0.210498	0.14621	0.144742	0.143277	0.000629974	0.000329164	0	3.948408	1.646673	0.886545	0.113455	44.32747
1330	5.41248	-30.0279	35.4404	0.383229	0.616771	1.03094	0.28724	0.212511	0.142968	0.1435	0.140214	0.000624932	0.000330399	0	4.596407	1.788612	0.6167708	0.3832292	61.46274
1340	6.68728	-27.7305	34.4178	0.0994156	0.900584	1.438799	0.290871	0.210189	0.143687	0.142396	0.140416	0.000627602	0.000326791	0	5.61903	1.956299	0.9005844	0.0994156	90.42719
1350	7.95046	-28.617	36.5675	0.0197002	0.9803	0.7078805	0.293797	0.214409	0.145957	0.142095	0.137758	0.000616524	0.000328667	0	3.469278	1.873624	0.9802998	0.01970021	74.75219
1360	5.74032	-28.1983	33.9386	0.0233963	0.976604	2.123717	0.291277	0.220289	0.14619	0.143926	0.138488	0.000603046	0.000321843	0	6.098209	1.955012	0.9766037	0.02339627	90.15952
1370	2.96876	-33.442	36.4108	0.109095	0.890905	1.255183	0.282181	0.219831	0.145292	0.140441	0.140176	0.000599471	0.000327173	0	3.626003	1.37236	0.8909046	0.1090954	23.57005
1380	5.51037	-27.2271	32.7375	0.19489	0.80511	0.5160327	0.290547	0.218737	0.143834	0.138729	0.139365	0.000627682	0.000323001	0	7.29927	1.880223	0.80511	0.19489	75.89667
1390	5.44446	-32.1098	37.5542	0.380898	0.619102	1.97391	0.289317	0.216613	0.146637	0.143858	0.137407	0.000609123	0.000323827	0	2.482565	1.840661	0.6191024	0.3808976	69.28854
1400	5.50437	-29.5093	35.0137	0.399444	0.600556	1.612119	0.285097	0.217437	0.149285	0.141873	0.138393	0.000613444	0.000330963	0	5.023135	1.899091	0.6005562	0.3994438	79.26678
1410	6.97388	-27.3698	34.3437	0.390976	0.609024	0.2615706	0.289241	0.219633	0.146718	0.13897	0.139606	0.000623563	0.000321665	0	5.693116	1.980947	0.609024	0.390976	95.70766
1420	6.83531	-31.3474	38.1827	0.0517089	0.948291	0.5388818	0.295812	0.21523	0.14218	0.141264	0.143088	0.000615568	0.000329297	0	1.854128	1.758937	0.9482911	0.05170885	57.40332
1430	5.3133	-30.0814	35.3947	0.197642	0.802358	1.882516	0.291119	0.216668	0.143096	0.144292	0.142201	0.000615997	0.000334084	0	4.6421	1.808059	0.8023578	0.1976422	64.27754
1440	6.51119	-31.4286	37.9398	0.180483	0.819517	1.144583	0.291889	0.213302	0.146451	0.139908	0.142821	0.00061919	0.000333131	0	2.097008	1.799699	0.8195175	0.1804825	63.05207
1450	6.18059	-31.4674	37.648	0.226862	0.773138	2.866263	0.289244	0.210114	0.146277	0.138681	0.14106	0.000614038	0.000327156	0	2.388805	1.962846	0.7731381	0.2268619	91.80081
1460	7.45231	-30.4347	37.887	0.289285	0.710715	1.394976	0.285054	0.213625	0.141969	0.138666	0.140273	0.000620449	0.000331609	0	2.149789	1.991924	0.7107147	0.2892853	98.1576
1470	5.46702	-32.4495	37.9165	0.165709	0.834291	3.761512	0.284835	0.215048	0.143909	0.140581	0.139692	0.000615459	0.000335868	0	2.120249	1.96816	0.8342905	0.1657095	92.9309
1480	4.6599	-30.6466	35.3065	0.0396469	0.960353	2.258637	0.285038	0.210303	0.142004	0.138353	0.143189	0.000609556	0.000333581	0	4.730274	1.726865	0.9603531	0.03964688	53.31688
1490	8.63129	-28.2237	36.855	0.0105536	0.989446	0.9231849	0.289021	0.215513	0.148277	0.141492	0.138795	0.000611176	0.000327973	0	3.181833	1.977922	0.9894464	0.01055364	95.04339
1500	1.50158	-32.6767	34.1783	0.361493	0.638507	1.768207	0.288328	0.209932	0.146578	0.141348	0.13986	0.000600484	0.00032709	0	5.858515	1.519728	0.6385073	0.3614927	33.0924
1510	5.35896	-32.0766	37.4356	0.394374	0.605626	2.187357	0.290934	0.215355	0.149247	0.143944	0.142592	0.000604398	0.000336506	0	2.601212	1.853092	0.6056256	0.3943744	71.30037
1520	7.48402	-29.6633	37.1473	0.125267	0.874733	0.5632154	0.290305	0.211848	0.146116	0.142043	0.140586	0.000607907	0.000323313	0	2.889504	1.844533	0.8747334	0.1252666	69.90893
1530	7.29979	-27.7044	35.0042	0.317407	0.682593	0.7549121	0.290329	0.213744	0.144613	0.141021	0.138098	0.000621141	0.000320931	0	5.032557	1.999454	0.6825933	0.3174067	99.87444
1540	7.97225	-26.6956	34.6678	0.120305	0.879695	0.09175583	0.295001	0.215362	0.146254	0.142735	0.139199	0.000626182	0.000320776	0	5.368943	1.984292	0.8796953	0.1203047	96.44769
1550	5.74059	-32.3112	38.0517	0.143978	0.856022	0.06552822	0.293259	0.218577	0.146751	0.139529	0.141577	0.000613753	0.00033032	0	1.985043	1.621527	0.8560218	0.1439782	41.83374
1560	4.39986	-27.9718	32.3717	0.872221	0.127779	0.6364519	0.288666	0.215688	0.145689	0.143656	0.144043	0.000613212	0.000321754	0	7.665113	1.97244	0.1277785	0.8722215	93.8513
1570	7.9639	-26.6548	34.6187	0.0609895	0.93901	0.3212992	0.287359	0.217131	0.143898	0.144866	0.141488	0.000615636	0.000327903	0	5.418081	1.980151	0.9390105	0.06098953	95.53244
1580	6.93969	-30.7736	37.7133	0.202376	0.797624	2.059041	0.292316	0.21833	0.147026	0.139882	0.138343	0.000608332	0.000320792	0	2.32349	1.956859	0.7976243	0.2023757	90.54378
1590	7.48441	-27.0671	34.5515	0.189056	0.810944	0.6434906	0.284021	0.212618	0.147845	0.142686	0.139919	0.000624292	0.000320962	0	5.485306	1.998609	0.8109442	0.1890558	99.68028
1600	3.71538	-34.7175	38.4329	0.585099	0.414901	1.641173	0.283178	0.216996	0.147391	0.14512	0.14338	0.000619574	0.000334225	0	1.603877	1.753358	0.4149006	0.5850994	56.67057
1610	5.01322	-28.619	33.6322	0.374481	0.625519	2.057611	0.282283	0.213574	0.144637	0.144682	0.143344	0.000607781	0.000332877	0	6.404596	1.986436	0.6255192	0.3744808	96.92512
1620	4.13221	-33.2453	37.3775	0.340726	0.659274	3.423879	0.288285	0.210056	0.145669	0.142156	0.138603	0.000626342	0.000321161	0	2.659241	1.849003	0.6592737	0.3407263	70.63228
1630	6.62878	-29.9412	36.5699	0.318382	0.681618	0.9088627	0.288236	0.213653	0.145083	0.143799	0.13779	0.000620542	0.000324945	0	3.466855	1.853163	0.6816181	0.3183819	71.31206
1640	6.53406	-27.4377	33.9718	0.131191	0.868809	1.22923	0.282153	0.213576	0.143338	0.140451	0.1378	0.000607431	0.000324369	0	6.065008	1.968048	0.8688086	0.1311914	92.90701
1650	6.22254	-27.8294	34.052	0.4235	0.5765	0.508274	0.283674	0.211062	0.145514	0.139449	0.144166	0.000600572	0.000329853	0	5.984833	1.941464	0.5765001	0.4234999	87.39055
1660	3.79856	-32.8559	36.6545	0.111697	0.888303	1.775464	0.29258	0.215268	0.142087	0.142769	0.144086	0.000616609	0.000332267	0	3.382316	1.512383	0.8883035	0.1116965	32.53742
1670	4.94397	-32.9495	37.8935	0.282741	0.717259	2.980534	0.291999	0.214932	0.146758	0.144741	0.143583	0.000619671	0.000322913	0	2.143318	1.859287	0.7172592	0.2827408	72.32475
1680	7.51455	-27.9069	35.4214	0.166814	0.833186	0.6997525	0.291999	0.211837	0.146171	0.14261	0.142338	0.000603352	0.000325024	0	4.615336	1.944038	0.8331862	0.1668138	87.90988
1690	7.74623	-28.4694	36.2157	0.260393	0.739607	0.8454704	0.294319	0.211112	0.147422	0.142211	0.143347	0.000629427	0.000328196	0	3.821111	1.973253	0.7396068	0.2603932	94.02718
1700	5.55058	-29.1454	34.696	0.0398711	0.960129	2.794355	0.283039	0.210576	0.147854	0.142664	0.137469	0.000623111	0.000323093	0	5.340757	1.962437	0.9601289	0.03987114	91.71438
1710	4.3637	-34.9129	39.2766	0.397389	0.602611	0.3070883	0.290825	0.217532	0.146938	0.14434	0.137711	0.000626219	0.000334092	0	0.7601851	1.932575	0.6026115	0.3973885	85.62003
1720	5.9647	-32.7397	38.7044	0.00502606	0.994974	0.3452683	0.289378	0.214753	0.146041	0.144908	0.140839	0.000598881	0.000330168	0	1.332386	1.703761	0.9949739	0.005026059	50.55466
1730	5.50117	-29.2309	34.7321	0.0361667	0.963833	1.125378	0.293879	0.218722	0.145711	0.139891	0.143593	0.00060153	0.000337266	0	5.304713	1.720211	0.9638333	0.03616675	52.50629
1740	5.13148	-29.3574	34.4888	0.130335	0.869665	2.558188	0.291608	0.218885	0.14514	0.139191	0.143876	0.000602262	0.000335358	0	5.547943	1.926191	0.8696652	0.1303348	84.37064
1750	5.09555	-32.1158	37.2114	0.757547	0.242453	1.407872	0.284662	0.218779	0.142326	0.141034	0.143562	0.00060758	0.000328438	0	2.825412	1.918245	0.2424531	0.7575469	82.84089
1760	7.48908	-29.4605	36.9496	0.271274	0.728726	1.433468	0.286776	0.216911	0.144916	0.140654	0.141958	0.00060536	0.000337297	0	3.087196	1.980865	0.7287264	0.2712736	95.68968
1770	6.20064	-29.3853	35.5859	0.418844	0.581156	0.6031499	0.294242	0.216592	0.147535	0.14189	0.143503	0.00060108	0.000336208	0	4.450851	1.85178	0.5811564	0.4188436	71.08529
1780	6.78883	-26.7554	33.5442	0.22453	0.77547	0.197771	0.291781	0.210365	0.146306	0.138507	0.138614	0.000621689	0.000332499	0	6.492545	1.950311	0.7754704	0.2245296	89.18889
1790	6.15419	-31.7176	37.8718	0.75206	0.24794	0.1446785	0.289174	0.209921	0.144116	0.142094	0.139946	0.000614394	0.000334618	0	2.164977	1.993474	0.2479404	0.7520596	98.50849
1800	5.61514	-29.4263	35.0414	0.105715	0.894285	0.1790638	0.288711	0.210313	0.143331	0.141892	0.140235	0.000628649	0.000329376	0	4.995354	1.631629	0.8942849	0.1057151	42.81821
1810	7.27604	-29.422	36.698	0.258218	0.741782	0.407445	0.28604	0.211867	0.147326	0.143696	0.142337	0.000616583	0.000324401	0	3.338756	1.866918	0.7417821	0.2582179	73.60683
1820	7.23691	-30.9678	38.2047	0.229694	0.770306	1.02066	0.285034	0.218867	0.145225	0.14401	0.144047	0.00062432	0.000321069	0	1.832041	1.937894	0.7703056	0.2296944	86.67512
1830	8.13617	-28.8837	37.0199	0.138059	0.861941	0.372598	0.29479	0.216277	0.148081	0.138695	0.137116	0.000627228	0.000325957	0	3.016892	1.918705	0.8619409	0.1380591	82.92877
1840	3.45698	-35.0586	38.5156	0.0577177	0.942282	2.410827	0.293636	0.216751	0.146519	0.140058	0.141649	0.000629945	0.00032977	0	1.521223	1.546774	0.9422823	0.05771773	35.21878
1850	6.9165	-30.9692	37.8857	0.0469953	0.953005	2.387926	0.292648	0.219693	0.149104	0.143493	0.142125	0.000614995	0.000328381	0	2.15107	1.918108	0.9530047	0.04699534	82.8148
1860	7.06317	-26.2867	33.3499	0.0296635	0.970337	0.4536008	0.284539	0.212635	0.149255	0.140523	0.142271	0.000620102	0.000334128	0	6.686922	1.959378	0.9703365	0.02966348	91.07052
1870	4.58031	-32.4445	37.0248	0.574206	0.425794	2.118869	0.28228	0.210268	0.149103	0.139645	0.142374	0.000606031	0.000335048	0	3.012004	1.840913	0.4257937	0.5742063	69.32867
1880	8.09098	-27.9705	36.0615	0.0313462	0.968654	0.9584166	0.293168	0.214197	0.148335	0.142056	0.142312	0.000629749	0.000320556	0	3.975293	1.946219	0.9686538	0.03134618	88.35249
1890	10.1542	-26.9754	37.1296	0.276453	0.723547	3.044655	0.295261	0.212551	0.149296	0.139426	0.143759	0.000627131	0.00033322	0	2.907213	1.704915	0.7235474	0.2764526	50.68919
1900	8.40371	-28.7259	37.1296	0.698021	0.301979	3.044655	0.293943	0.216669	0.148369	0.139426	0.143759	0.000613809	0.000326697	0	2.907213	1.704915	0.3019788	0.6980212	50.68919
1910	8.16433	-29.3713	37.5357	0.169288	0.830712	0.7835181	0.295069	0.219013	0.147859	0.139582	0.143026	0.000603397	0.000321233	0	2.501107	1.985002	0.8307124	0.1692876	96.60546
1920	7.645	-29.461	37.106	0.230332	0.769668	1.365561	0.287155	0.214043	0.144629	0.140535	0.137811	0.000615074	0.000324072	0	2.930765	1.980361	0.7696685	0.2303315	95.57858
1930	7.609	-26.8764	34.4854	0.100115	0.899885	0.4800986	0.283201	0.216208	0.146528	0.143659	0.140173	0.000600439	0.000331542	0	5.551361	1.97357	0.8998848	0.1001152	94.09577
1940	7.16763	-28.3366	35.5042	0.404669	0.595331	0.9657377	0.288295	0.217617	0.144507	0.144881	0.141741	0.000629997	0.000331515	0	4.532564	1.994742	0.5953308	0.4046692	98.79668
1950	7.34816	-28.4768	35.825	0.20492	0.79508	1.264708	0.28869	0.219307	0.145865	0.138295	0.14396	0.000614058	0.000335536	0	4.211819	1.959914	0.7950799	0.2049201	91.18304
1960	7.25941	-29.948	37.2074	0.115125	0.884875	2.483133	0.283082	0.220572	0.144733	0.144887	0.141601	0.000623898	0.000332449	0	2.829391	1.996692	0.8848747	0.1151253	99.24116
1970	6.25727	-28.6428	34.9001	0.0624964	0.937504	1.537184	0.293628	0.213458	0.143627	0.142199	0.140176	0.000619482	0.00033147	0	5.136664	1.861581	0.9375036	0.06249642	72.70781
1980	7.53175	-30.1326	37.6644	0.184722	0.815278	1.762346	0.281923	0.220038	0.144171	0.145015	0.142713	0.000604474	0.00032711	0	2.372402	1.989215	0.8152781	0.1847219	97.54733
1990	8.11548	-29.7089	37.8244	0.0637962	0.936204	1.609331	0.282059	0.212127	0.14753	0.140416	0.143548	0.000605434	0.000332559	0	2.212431	1.996478	0.9362038	0.06379619	99.19238
2000	7.21886	-28.0957	35.3145	0.1705	0.8295	0.64947	0.288621	0.210492	0.147459	0.14061	0.139056	0.000603033	0.000328616	0	4.722254	1.905756	0.8294996	0.1705004	80.49262
2010	5.83553	-31.3549	37.1904	0.0197215	0.980279	0.5927477	0.29322	0.215752	0.146703	0.141523	0.141545	0.000611441	0.000323361	0	2.846345	1.583296	0.9802785	0.01972148	38.30859
2020	6.26982	-30.2206	36.4904	0.160994	0.839006	0.9050648	0.293783	0.211054	0.146022	0.140722	0.142841	0.000615872	0.000330801	0	3.546349	1.738689	0.8390063	0.1609937	54.78841
2030	6.83555	-30.5186	37.3542	0.230156	0.769844	2.032738	0.295315	0.214131	0.146073	0.141483	0.141521	0.000620401	0.000330937	0	2.682614	1.939194	0.7698438	0.2301562	86.93495
2040	7.87837	-27.5617	35.4401	0.0542025	0.945797	0.4713447	0.294234	0.217342	0.145728	0.142901	0.141307	0.000623773	0.000321801	0	4.596725	1.918933	0.9457975	0.05420251	82.97227
2050	3.72599	-33.3154	37.0413	0.376342	0.623658	1.671601	0.283487	0.218051	0.149218	0.145079	0.140492	0.00059911	0.000335238	0	2.995445	1.603812	0.623658	0.376342	40.16171
2060	6.24131	-31.6536	37.8949	0.0546539	0.945346	3.222233	0.288182	0.218852	0.148989	0.143598	0.143598	0.000607392	0.000332167	0	2.141915	1.944212	0.9453461	0.0546539	87.94518
2070	4.72518	-29.3731	34.0983	0.520474	0.479526	1.166775	0.283474	0.219429	0.145581	0.14174	0.144011	0.000607646	0.000328191	0	5.938474	1.863717	0.4795262	0.5204738	73.06635
2080	7.19161	-30.1397	37.3313	0.0520882	0.947912	1.332151	0.288289	0.215112	0.143664	0.144427	0.139736	0.000626515	0.000328183	0	2.705472	1.829702	0.9479118	0.05208819	67.56196
2090	4.34983	-34.543	38.8928	0.163627	0.836373	3.258075	0.293236	0.215753	0.142447	0.143363	0.140164	0.00062182	0.000328304	0	1.14397	1.854658	0.8363731	0.1636269	71.55801
2100	5.52214	-28.8097	34.3318	0.490572	0.509428	1.288695	0.295151	0.217422	0.143581	0.142757	0.142177	0.000602407	0.000324754	0	5.704987	1.94377	0.5094279	0.4905721	87.85571
2110	5.8859	-30.3674	36.2533	0.103051	0.896949	1.171142	0.289483	0.215139	0.14396	0.144668	0.14268	0.000617695	0.00032176	0	3.783479	1.709305	0.8969487	0.1030513	51.20408
2120	6.71729	-30.7378	37.4551	0.214417	0.785583	2.121414	0.287268	0.214914	0.143697	0.144818	0.139468	0.000617848	0.000333546	0	2.581695	1.926767	0.7855826	0.2144174	84.48253
2130	5.0387	-30.9695	36.0082	0.87979	0.12021	0.5666506	0.284401	0.21574	0.144098	0.142194	0.143045	0.000629447	0.000328153	0	4.028553	1.894076	0.1202102	0.8797898	78.35669
2140	2.93926	-29.2131	32.1523	0.0122739	0.987726	3.310248	0.285131	0.217179	0.142067	0.141635	0.142829	0.00060885	0.000325453	0	7.884471	1.963016	0.9877261	0.01227392	91.83654
2150	5.18292	-29.8676	35.0506	0.442995	0.557005	2.165672	0.292984	0.219616	0.143115	0.14064	0.143553	0.000628527	0.000335482	0	4.986231	1.934707	0.5570049	0.4429951	86.04121
2160	7.7367	-28.9564	36.6931	0.0083074	0.991693	0.6082583	0.288196	0.218032	0.145546	0.141951	0.141551	0.00062873	0.000336274	0	3.343691	1.815912	0.9916926	0.008307403	65.45038
2170	4.75087	-30.8777	35.6285	0.40581	0.59419	1.988936	0.286293	0.213615	0.143069	0.141904	0.14028	0.000622432	0.000334474	0	4.408262	1.820172	0.5941897	0.4058103	66.09555
2180	7.04682	-30.9648	38.0117	0.42927	0.57073	0.4661732	0.282877	0.212636	0.144719	0.140474	0.138789	0.000620707	0.000332117	0	2.02512	1.956624	0.5707304	0.4292696	90.49478
2190	4.05296	-32.3889	36.4419	0.331811	0.668189	2.63502	0.292272	0.210428	0.146275	0.138837	0.137268	0.00061536	0.000336009	0	3.594878	1.754478	0.6681885	0.3318115	56.81701
2200	7.69325	-29.9769	37.6702	0.1728	0.8272	1.532482	0.294211	0.212163	0.144726	0.144077	0.141698	0.000598938	0.000332039	0	2.366623	1.98139	0.8271995	0.1728005	95.80548
2210	6.40481	-31.157	37.5618	0.0281452	0.971855	2.398412	0.284666	0.212064	0.145409	0.144174	0.143523	0.000605564	0.000332635	0	2.475024	1.844977	0.9718548	0.02814518	69.98045
2220	7.31236	-28.552	35.8644	0.189308	0.810692	0.8818356	0.287251	0.211881	0.144983	0.145186	0.142423	0.000611846	0.000336015	0	4.172421	1.907884	0.8106921	0.1893079	80.88794
2230	6.08985	-30.0638	36.1536	0.397786	0.602214	2.275044	0.283197	0.2142	0.146419	0.145356	0.14212	0.00060159	0.000334832	0	3.88316	1.984022	0.6022139	0.3977861	96.38788
2240	6.79989	-30.8127	37.6126	0.0854626	0.914537	2.833605	0.290313	0.212346	0.144188	0.143505	0.143878	0.000610914	0.00033679	0	2.424191	1.968518	0.9145374	0.08546259	93.00754
2250	3.06556	-29.5561	32.6217	0.802189	0.197811	1.026304	0.288382	0.213	0.145695	0.143974	0.142219	0.000621237	0.000335621	0	7.415107	1.846347	0.1978115	0.8021885	70.20164
2260	6.11069	-31.7886	37.8993	0.0742219	0.925778	1.678272	0.293091	0.214462	0.142013	0.141423	0.143797	0.000619932	0.000330142	0	2.137471	1.7501	0.9257781	0.07422192	56.24703
2270	8.42475	-28.4641	36.8889	0.0641503	0.93585	1.101793	0.286716	0.210855	0.14236	0.143834	0.140359	0.000605257	0.000328851	0	3.147885	1.990842	0.9358497	0.06415033	97.91339
2280	6.38231	-29.3482	35.7305	0.47292	0.52708	0.9747206	0.289711	0.213855	0.146714	0.142356	0.142313	0.000605585	0.000328598	0	4.306263	1.925222	0.52708	0.47292	84.18258
2290	6.46096	-26.6743	33.1353	0.0907838	0.909216	0.310717	0.29008	0.217324	0.149261	0.143344	0.142461	0.000626987	0.000334518	0	6.901515	1.902328	0.9092162	0.09078377	79.8597
2300	3.34074	-25.7001	29.0408	0.643579	0.356421	0.1231562	0.293729	0.219314	0.145315	0.14409	0.142482	0.000629437	0.000334595	0	10.99596	1.998552	0.3564208	0.6435792	99.66722
2310	7.35582	-27.7532	35.109	0.164094	0.835906	0.2415196	0.292272	0.218801	0.146972	0.141226	0.138799	0.00062791	0.000335907	0	4.927804	1.883621	0.8359058	0.1640942	76.49282
2320	5.7875	-30.2778	36.0653	0.555945	0.444055	0.5933304	0.294758	0.215238	0.148449	0.140288	0.139067	0.000605876	0.000333207	0	3.971535	1.83988	0.4440548	0.5559452	69.16401
2330	2.36585	-35.2437	37.6096	0.173018	0.826982	2.166653	0.294192	0.216794	0.147967	0.138646	0.140896	0.000609665	0.000328643	0	2.427224	1.410255	0.8269817	0.1730183	25.71903
2340	5.53726	-28.8021	34.3394	0.662018	0.337982	0.9743239	0.282181	0.215715	0.146756	0.14418	0.141623	0.000621592	0.000327187	0	5.697392	1.956293	0.3379817	0.6620183	90.42592
2350	7.21358	-27.5637	34.7773	0.134055	0.865945	0.1886078	0.284283	0.218772	0.147299	0.144539	0.137998	0.000601338	0.000330237	0	5.259478	1.883967	0.8659453	0.1340547	76.55392
2360	8.0276	-28.1562	36.1838	0.216552	0.783448	0.09758327	0.285216	0.218241	0.143748	0.145055	0.140486	0.000608209	0.000332822	0	3.853021	1.942341	0.7834481	0.2165519	87.56718
2370	4.15214	-29.324	33.4761	0.407166	0.592834	0.1714498	0.283341	0.211228	0.14335	0.143658	0.142311	0.000618576	0.000333829	0	6.560687	1.690434	0.5928342	0.4071658	49.02681
2380	7.78433	-27.9221	35.7064	0.202166	0.797834	0.1026291	0.282221	0.21402	0.142054	0.142184	0.141271	0.000606882	0.000332221	0	4.330397	1.923422	0.7978343	0.2021657	83.8343
2390	7.26739	-30.5168	37.7842	0.506858	0.493142	0.04431949	0.292731	0.216786	0.144043	0.144836	0.142993	0.000611889	0.000335761	0	2.252629	1.994266	0.4931416	0.5068584	98.68848
2400	4.78258	-31.25	36.0326	0.46288	0.53712	0.1329304	0.296288	0.216564	0.146211	0.144878	0.138612	0.000622193	0.000328651	0	4.004173	1.63845	0.5371195	0.4628805	43.49609
2410	7.35825	-29.3131	36.6713	0.377346	0.622654	0.2871177	0.295172	0.212476	0.149344	0.138451	0.139391	0.000629058	0.000333172	0	3.365458	1.913511	0.6226538	0.3773462	81.94288
2420	7.50515	-30.6307	38.1359	0.287428	0.712572	0.5740842	0.295953	0.211012	0.148348	0.138761	0.13788	0.000625491	0.000329116	0	1.900935	1.96555	0.7125719	0.2874281	92.37405
2430	5.63977	-32.5349	38.1747	0.265329	0.734671	1.783671	0.289657	0.215706	0.146783	0.141537	0.137668	0.000611997	0.000334215	0	1.862098	1.806863	0.7346713	0.2653287	64.10074
2440	5.09033	-30.1771	35.2675	0.293726	0.706274	0.8906177	0.292592	0.211439	0.148901	0.141268	0.138286	0.000601065	0.00033214	0	4.769317	1.715828	0.7062743	0.2937257	51.97906
2450	2.7242	-35.0621	37.7863	0.148531	0.851469	2.788056	0.285269	0.211058	0.148995	0.14062	0.141048	0.00062116	0.00033503	0	2.25048	1.510433	0.851469	0.148531	32.39168
2460	7.02713	-28.5207	35.5478	0.162716	0.837284	1.172726	0.28255	0.212665	0.143238	0.141675	0.142942	0.000614898	0.000328961	0	4.488996	1.912761	0.8372844	0.1627156	81.80141
2470	7.13833	-28.1362	35.2746	0.337437	0.662563	0.5708635	0.286608	0.219792	0.142568	0.142652	0.142013	0.000605172	0.000326063	0	4.762213	1.955631	0.6625633	0.3374367	90.28814
2480	4.30427	-34.3911	38.6953	0.51568	0.48432	1.235091	0.282053	0.216694	0.146294	0.143869	0.139231	0.000599786	0.000327456	0	1.341438	1.807032	0.4843201	0.5156799	64.12564
2490	0.422224	-30.9094	31.3316	0.309171	0.690829	1.481904	0.282892	0.216308	0.14538	0.144722	0.143851	0.000599306	0.000322438	0	8.705176	1.582763	0.6908287	0.3091713	38.26155
2500	4.25968	-34.9858	39.2454	0.440522	0.559478	1.142645	0.29028	0.212977	0.148679	0.144829	0.137227	0.000603951	0.000321549	0	0.7913419	1.951742	0.5594781	0.4405219	89.48333
2510	1.84682	-34.721	36.5678	0.683909	0.316091	4.297033	0.284819	0.214799	0.147699	0.145248	0.137252	0.00060284	0.000326921	0	3.468968	1.89795	0.3160914	0.6839086	79.05867
2520	6.76468	-31.2249	37.9896	0.127328	0.872672	2.782762	0.287639	0.21452	0.147142	0.141479	0.137775	0.000598641	0.000321628	0	2.047164	1.996179	0.8726718	0.1273282	99.12394
2530	7.28767	-29.9252	37.2128	0.415905	0.584095	0.7720113	0.284976	0.218408	0.149192	0.141955	0.138332	0.000598535	0.000327038	0	2.823964	1.969907	0.5840946	0.4159054	93.30555
2540	6.31045	-31.0036	37.3141	0.45045	0.54955	0.5658637	0.285921	0.212598	0.148429	0.143463	0.138597	0.000626323	0.000325233	0	2.722717	1.839372	0.5495503	0.4504497	69.08312
2550	8.2721	-29.2921	37.5642	0.0425064	0.957494	0.3748162	0.284771	0.210789	0.14693	0.143164	0.139536	0.000613187	0.000322858	0	2.472559	1.907155	0.9574936	0.04250644	80.75229
2560	7.25487	-29.4436	36.6984	0.362411	0.637589	0.1801363	0.29215	0.210784	0.148866	0.142502	0.137598	0.000626351	0.000328473	0	3.338359	1.889988	0.6375891	0.3624109	77.62259
2570	7.93548	-29.8583	37.7938	0.0924112	0.907589	0.1340002	0.295522	0.213274	0.149232	0.144274	0.138582	0.000604965	0.000323041	0	2.243011	1.887623	0.9075888	0.09241121	77.20095
2580	7.00666	-28.6534	35.6601	0.101391	0.898609	0.1860845	0.28684	0.216645	0.145515	0.144424	0.139604	0.000599356	0.000330841	0	4.376678	1.783897	0.8986089	0.1013911	60.79914
2590	6.39938	-30.3248	36.7241	0.757454	0.242546	0.08669275	0.285651	0.215454	0.146535	0.144139	0.142733	0.000616547	0.00033411	0	3.312647	1.957429	0.2425464	0.7574536	90.66271
2600	7.62003	-28.2417	35.8618	0.0440424	0.955958	0.6777547	0.282056	0.217702	0.147401	0.143141	0.143528	0.000626433	0.000333834	0	4.175019	1.86241	0.9559576	0.0440424	72.84664
2610	6.49685	-29.5622	36.059	0.217244	0.782756	0.06912055	0.292364	0.216824	0.14346	0.145166	0.141514	0.000628183	0.000330791	0	3.977743	1.729053	0.7827563	0.2172437	53.58618
2620	6.8961	-31.2828	38.1789	0.465995	0.534005	0.2031988	0.284082	0.213464	0.147301	0.139957	0.141869	0.000618099	0.000334897	0	1.857905	1.967038	0.5340046	0.4659954	92.69118
2630	8.80744	-27.7574	36.5648	0.0917159	0.908284	0.09804541	0.284616	0.210761	0.149247	0.139591	0.142847	0.000606755	0.000336131	0	3.471961	1.987577	0.9082841	0.09171592	97.17999
2640	6.69875	-27.8591	34.5578	0.265391	0.734609	0.08812834	0.284671	0.218894	0.14921	0.13971	0.139735	0.000611133	0.00033099	0	5.478957	1.870183	0.7346091	0.2653909	74.1622
2650	7.76894	-29.657	37.426	0.181377	0.818623	1.271287	0.290301	0.21147	0.148598	0.13915	0.141743	0.000600464	0.000324486	0	2.610796	1.971631	0.8186231	0.1813769	93.67664
2660	7.69124	-27.9152	35.6065	0.101593	0.898407	0.723054	0.288108	0.213541	0.145005	0.14007	0.143423	0.000613676	0.000334624	0	4.430331	1.921205	0.8984069	0.1015931	83.40757
2670	7.48888	-29.3365	36.8254	0.121573	0.878427	1.300004	0.285078	0.211645	0.144592	0.141591	0.14017	0.000620778	0.000329426	0	3.211408	1.905512	0.878427	0.121573	80.44738
2680	5.98452	-28.9001	34.8846	0.573914	0.426086	1.308294	0.29159	0.217598	0.144719	0.140462	0.138285	0.000606018	0.000330895	0	5.152198	1.985089	0.4260858	0.5739142	96.6249
2690	6.01671	-30.4332	36.4499	0.121671	0.878329	1.263489	0.284127	0.217661	0.146661	0.138964	0.138012	0.00062188	0.000334579	0	3.586869	1.72483	0.8783295	0.1216705	53.06764
2700	5.41875	-30.4743	35.893	0.074772	0.925228	0.8999717	0.282605	0.216165	0.142821	0.140102	0.137869	0.000609452	0.000331392	0	4.143772	1.623836	0.925228	0.07477196	42.05675
2710	8.03193	-27.2203	35.2522	0.06157	0.93843	0.9312547	0.283771	0.220924	0.146857	0.140688	0.140757	0.000610851	0.000330343	0	4.784538	1.99994	0.93843	0.06157002	99.98627
2720	6.68622	-31.5335	38.2197	0.329252	0.670748	0.8537876	0.284142	0.215454	0.146986	0.138883	0.138518	0.000623168	0.000327205	0	1.817073	1.900951	0.6707482	0.3292518	79.60698
2730	8.16146	-28.2905	36.452	0.0774557	0.922544	1.235885	0.286417	0.21271	0.144138	0.142493	0.140349	0.000606251	0.000330252	0	3.58478	1.986951	0.9225443	0.07745569	97.03994
2740	5.82871	-29.9981	35.8268	0.251112	0.748888	2.347793	0.285391	0.211349	0.148253	0.145355	0.1426	0.000616386	0.000336199	0	4.209943	1.921189	0.7488877	0.2511123	83.40448
2750	4.91303	-33.9711	38.8841	0.144449	0.855551	2.287301	0.283842	0.214905	0.14731	0.140473	0.138582	0.000621455	0.000335443	0	1.15266	1.803764	0.8555506	0.1444494	63.64497
2760	7.23356	-28.4746	35.7081	0.191418	0.808582	0.3536989	0.282215	0.219172	0.144709	0.143149	0.138781	0.000616022	0.000336934	0	4.328653	1.855622	0.8085822	0.1914178	71.71691
2770	7.10565	-28.5717	35.6774	0.511431	0.488569	0.5534033	0.286128	0.211964	0.14674	0.142682	0.139017	0.000626632	0.000332358	0	4.359411	1.98258	0.4885692	0.5114308	96.06819
2780	6.12823	-26.6488	32.777	0.200447	0.799553	0.8353597	0.286997	0.212762	0.148666	0.144649	0.141837	0.00060911	0.000336408	0	7.259751	1.988571	0.7995533	0.2004467	97.40259
2790	6.24592	-31.5524	37.7983	0.317129	0.682871	1.696895	0.290954	0.214972	0.149118	0.141774	0.140198	0.00061176	0.00033162	0	2.238484	1.87848	0.6828712	0.3171288	75.59269
2800	7.19349	-29.0729	36.2664	0.0361587	0.963841	0.5208691	0.28842	0.210982	0.147534	0.139603	0.139061	0.00060583	0.000322488	0	3.770347	1.782383	0.9638413	0.03615874	60.58753
2810	7.3798	-29.1272	36.507	0.448097	0.551903	0.6662269	0.295888	0.2125	0.149255	0.138261	0.143164	0.000604824	0.000328162	0	3.529757	1.987075	0.5519033	0.4480967	97.06772
2820	6.8767	-28.7958	35.6725	0.359053	0.640947	0.1494948	0.295567	0.210523	0.148267	0.140791	0.138498	0.000602107	0.000332969	0	4.364266	1.872596	0.6409474	0.3590526	74.57552
2830	8.75763	-28.5068	37.2645	0.0368985	0.963102	0.6303447	0.288147	0.211785	0.147838	0.139919	0.138664	0.000600201	0.000325724	0	2.772316	1.988564	0.9631015	0.03689848	97.40106
2840	8.57412	-28.9847	37.5589	0.0999476	0.900052	0.6684829	0.287522	0.213269	0.146995	0.143778	0.140336	0.00060615	0.000325616	0	2.477928	1.999179	0.9000524	0.09994758	99.81118
2850	4.71669	-33.0911	37.8078	0.00156348	0.998437	0.7206835	0.288824	0.214412	0.147647	0.142825	0.137506	0.00061943	0.000327431	0	2.228952	1.456763	0.9984365	0.001563481	28.62617
2860	3.53085	-35.0407	38.5715	0.205921	0.794079	2.812959	0.291445	0.219876	0.149005	0.140257	0.139098	0.000622459	0.000320679	0	1.465256	1.682459	0.7940785	0.2059215	48.1348
2870	5.27501	-28.7485	34.0235	0.0870063	0.912994	1.319859	0.282746	0.215317	0.14561	0.141544	0.138569	0.000620925	0.000330786	0	6.013273	1.792715	0.9129937	0.08700626	62.0461
2880	4.5895	-26.9961	31.5856	0.825945	0.174055	0.2508526	0.28414	0.220784	0.143608	0.141779	0.142466	0.000625242	0.000326515	0	8.451209	1.990506	0.1740549	0.8259451	97.83761
2890	8.0943	-29.8146	37.9089	0.0258579	0.974142	0.268298	0.28377	0.215819	0.142947	0.143792	0.140318	0.000625185	0.000321789	0	2.127901	1.882944	0.9741421	0.02585787	76.3738
2900	7.93701	-30.6632	38.6002	0.0866741	0.913326	0.3492982	0.285797	0.219019	0.144372	0.143193	0.140805	0.000620308	0.000335252	0	1.436568	1.994555	0.9133259	0.08667408	98.75405
2910	5.98209	-31.3128	37.2949	0.53058	0.46942	0.5174111	0.285839	0.220528	0.143848	0.144255	0.143036	0.000611089	0.000326798	0	2.741867	1.838855	0.4694196	0.5305804	69.00091
2920	7.72848	-26.6854	34.4139	0.0978123	0.902188	0.08134505	0.286903	0.216654	0.145905	0.144187	0.141709	0.000600389	0.00033227	0	5.622871	1.960118	0.9021877	0.09781225	91.22589
2930	8.66945	-26.806	35.4754	0.0107737	0.989226	0.2667348	0.2927	0.212294	0.146438	0.141526	0.143293	0.000612298	0.000331843	0	4.561374	1.992765	0.9892263	0.01077373	98.34788
2940	4.91136	-31.7722	36.6836	0.13571	0.86429	1.462753	0.283521	0.216136	0.148028	0.140166	0.143891	0.00061316	0.000336339	0	3.353202	1.613463	0.8642899	0.1357101	41.0642
2950	5.6248	-29.8581	35.4829	0.923728	0.0762722	0.6165086	0.284023	0.218959	0.148158	0.144804	0.140248	0.000600939	0.000334454	0	4.553875	1.978374	0.07627219	0.9237278	95.14236
2960	8.58243	-28.3172	36.8997	0.0398325	0.960168	0.6405316	0.294633	0.215744	0.148493	0.144395	0.141073	0.000605316	0.000331963	0	3.137123	1.960065	0.9601675	0.03983248	91.21469
2970	3.85797	-34.8736	38.7316	0.157405	0.842595	4.821036	0.292227	0.216316	0.148802	0.144106	0.141544	0.000603283	0.000334177	0	1.305233	1.979623	0.8425949	0.1574051	95.41629
2980	4.57406	-30.6845	35.2586	0.75579	0.24421	1.93676	0.289814	0.212007	0.143477	0.142701	0.141957	0.000607929	0.000325328	0	4.778184	1.947049	0.2442099	0.7557901	88.52157
2990	4.92549	-32.2033	37.1288	0.442677	0.557323	2.338023	0.295707	0.213083	0.144422	0.140067	0.142011	0.000604851	0.000324966	0	2.907946	1.851524	0.5573233	0.4426767	71.04346
3000	5.13107	-28.8998	34.0309	0.0286979	0.971302	1.655206	0.294768	0.215476	0.143572	0.144479	0.143965	0.000611042	0.000337254	0	6.005929	1.795432	0.9713021	0.02869787	62.43563
3010	6.09784	-30.1452	36.243	0.801679	0.198321	0.6980388	0.295553	0.217277	0.14237	0.141513	0.143438	0.000604773	0.000326819	0	3.793793	1.982448	0.1983207	0.8016793	96.03905
3020	7.20811	-28.2438	35.4519	0.299847	0.700153	0.8402628	0.2867	0.217246	0.14834	0.139922	0.143285	0.000626709	0.000321614	0	4.584901	1.960838	0.7001531	0.2998469	91.37729
3030	8.0263	-29.689	37.7153	0.266979	0.733021	0.1818778	0.282478	0.217205	0.147347	0.138853	0.139192	0.000622473	0.000332881	0	2.321501	1.975238	0.7330208	0.2669792	94.45783
3040	4.27017	-27.7845	32.0546	0.444413	0.555587	1.292419	0.284431	0.218962	0.147533	0.139709	0.140742	0.000611903	0.000332206	0	7.982149	1.949969	0.555587	0.444413	89.11871
3050	6.72975	-31.0034	37.7331	0.0669596	0.93304	2.381038	0.284701	0.220699	0.144201	0.14189	0.144067	0.000620713	0.000330172	0	2.303656	1.896791	0.9330404	0.06695957	78.84808
3060	4.53089	-29.2536	33.7845	0.314428	0.685572	0.9292365	0.286818	0.215359	0.142424	0.143009	0.144297	0.000627851	0.000334107	0	6.252281	1.755761	0.6855723	0.3144277	56.98501
3070	5.34853	-32.9073	38.2558	0.271827	0.728173	2.552189	0.293213	0.209991	0.143969	0.140886	0.141225	0.000628047	0.000334155	0	1.780936	1.855731	0.7281731	0.2718269	71.73505
3080	4.97792	-31.9717	36.9496	0.00516815	0.994832	0.5972488	0.293198	0.215028	0.147009	0.14272	0.141096	0.000616689	0.000336644	0	3.087192	1.463311	0.9948318	0.005168154	29.06105
3090	5.06438	-27.9856	33.0499	0.681696	0.318304	0.7416508	0.29387	0.217965	0.149161	0.142098	0.137537	0.000602549	0.000335803	0	6.986857	1.964042	0.3183043	0.6816957	92.05392
3100	6.14617	-30.0899	36.236	0.253947	0.746053	0.2142709	0.289927	0.217853	0.149249	0.139285	0.137678	0.000602722	0.0003349	0	3.800767	1.712362	0.7460527	0.2539473	51.56586
3110	5.59401	-28.3369	33.9309	0.435466	0.564534	0.5801587	0.293702	0.220079	0.147212	0.140697	0.142959	0.000622911	0.00032966	0	6.105838	1.878967	0.5645337	0.4354663	75.67746
3120	6.62135	-32.3866	39.0079	0.172588	0.827412	0.6859182	0.291022	0.210588	0.145268	0.140836	0.141496	0.000624211	0.000326602	0	1.028849	1.988784	0.8274117	0.1725883	97.45047
3130	7.50333	-29.7019	37.2052	0.0306907	0.969309	2.14717	0.289084	0.213127	0.143255	0.138733	0.138612	0.000626893	0.000336263	0	2.831603	1.946162	0.9693093	0.03069071	88.34088
3140	7.53558	-29.0702	36.6057	0.124598	0.875402	1.854682	0.287876	0.211874	0.143406	0.13813	0.141225	0.000620465	0.000333255	0	3.431057	1.97908	0.8754016	0.1245984	95.29712
3150	6.84454	-30.8837	37.7282	0.292659	0.707341	0.6309426	0.296048	0.213805	0.1421	0.138342	0.138341	0.000622225	0.000335736	0	2.308597	1.843779	0.7073412	0.2926588	69.78771
3160	4.52084	-31.2693	35.7901	0.0168207	0.983179	4.004766	0.285312	0.210785	0.145678	0.142519	0.139972	0.000625523	0.00033681	0	4.246694	1.923705	0.9831793	0.01682072	83.88904
3170	7.37458	-28.4087	35.7833	0.0825431	0.917457	1.292158	0.295953	0.213438	0.148152	0.139143	0.138653	0.000616369	0.000330332	0	4.253487	1.922329	0.9174569	0.08254307	83.62371
3180	7.46998	-29.0875	36.5575	0.0331116	0.966888	0.5378102	0.289277	0.215392	0.149144	0.13899	0.142957	0.000607112	0.00033015	0	3.479289	1.80238	0.9668884	0.03311163	63.44241
3190	8.47706	-28.028	36.5051	0.150637	0.849363	0.4268634	0.282514	0.216896	0.146032	0.139184	0.142543	0.000626703	0.000336959	0	3.5317	1.978781	0.8493629	0.1506371	95.23161
3200	3.98847	-34.9857	38.9742	0.162148	0.837852	1.663058	0.286884	0.212797	0.143424	0.141226	0.143861	0.000626976	0.000325036	0	1.062594	1.675792	0.837852	0.162148	47.40146
3210	6.99709	-30.1379	37.135	0.314396	0.685604	0.3131652	0.28827	0.211903	0.145819	0.141377	0.141219	0.000612253	0.000321031	0	2.901777	1.851238	0.685604	0.314396	70.99663
3220	7.38177	-26.7527	34.1345	0.104247	0.895753	0.7659497	0.283732	0.212714	0.148859	0.138573	0.143318	0.000623877	0.000322086	0	5.902269	1.999403	0.895753	0.104247	99.8626
3230	5.44392	-32.4294	37.8734	0.0353493	0.964651	3.867248	0.290418	0.212464	0.147834	0.138907	0.139766	0.000607333	0.000321092	0	2.163425	1.938249	0.9646507	0.03534932	86.74588
3240	6.70566	-30.7959	37.5015	0.150878	0.849122	1.475847	0.287686	0.211665	0.144277	0.140887	0.139431	0.000625064	0.00032401	0	2.535274	1.83169	0.8491217	0.1508783	67.87183
3250	7.46793	-28.2211	35.689	0.0115619	0.988438	1.537757	0.295692	0.21256	0.146615	0.143099	0.139372	0.000618354	0.000330196	0	4.347748	1.939206	0.9884381	0.01156191	86.93732
3260	5.73753	-32.1108	37.8483	0.449454	0.550546	1.59339	0.29074	0.212473	0.147467	0.138346	0.143085	0.000600308	0.00032954	0	2.188498	1.876815	0.5505459	0.4494541	75.30346
3270	6.02114	-30.8571	36.8783	0.312295	0.687705	2.073676	0.28897	0.210451	0.147927	0.139193	0.143021	0.000600793	0.000322016	0	3.158509	1.900974	0.6877053	0.3122947	79.61108
3280	4.22093	-29.1985	33.4194	0.686942	0.313058	1.736687	0.293365	0.210546	0.145806	0.138865	0.142227	0.000606406	0.000322595	0	6.617364	1.965147	0.3130585	0.6869415	92.28833
3290	7.22615	-29.2227	36.4489	0.269818	0.730182	0.5016681	0.290302	0.21261	0.143473	0.140119	0.137204	0.000611235	0.000323953	0	3.587923	1.88093	0.7301818	0.2698182	76.0204
3300	6.53934	-31.0683	37.6076	0.369542	0.630458	1.720373	0.294255	0.215212	0.143133	0.143401	0.139649	0.000600014	0.000322887	0	2.42915	1.945478	0.6304575	0.3695425	88.20192
3310	4.30841	-31.8478	36.1563	0.096156	0.903844	3.90699	0.294507	0.210147	0.143975	0.14073	0.139194	0.000604861	0.000322004	0	3.880535	1.904943	0.903844	0.09615603	80.34214
3320	5.29104	-33.0535	38.3446	0.286372	0.713628	3.461377	0.29448	0.212731	0.144276	0.140554	0.138286	0.000600127	0.000322341	0	1.692236	1.989611	0.7136285	0.2863715	97.63625
3330	6.56437	-30.2061	36.7705	0.266414	0.733586	2.322486	0.296549	0.212831	0.148679	0.144323	0.141308	0.000600671	0.000323231	0	3.266316	1.979632	0.7335862	0.2664138	95.41843
3340	6.82721	-30.5883	37.4155	0.214987	0.785013	0.4297986	0.289996	0.21443	0.144501	0.143424	0.137164	0.000600359	0.000334741	0	2.621263	1.787598	0.7850133	0.2149867	61.31943
3350	4.62032	-28.5764	33.1967	0.358798	0.641202	1.292849	0.292608	0.212199	0.147078	0.141004	0.13847	0.000605555	0.000322685	0	6.840112	1.884143	0.6412023	0.3587977	76.58487
3360	3.7457	-32.1119	35.8576	0.486316	0.513684	2.585925	0.291331	0.21143	0.145585	0.142952	0.138224	0.000625923	0.000322866	0	4.179169	1.810211	0.5136841	0.4863159	64.59679
3370	3.92407	-33.6539	37.578	0.248586	0.751414	1.026559	0.294247	0.217383	0.142707	0.138488	0.139573	0.000628604	0.000327977	0	2.458815	1.493366	0.7514142	0.2485858	31.14341
3380	7.23479	-29.6041	36.8389	0.194539	0.805461	0.3411141	0.293345	0.21456	0.145368	0.144393	0.143962	0.00061572	0.000329828	0	3.197862	1.821079	0.8054615	0.1945385	66.23366
3390	8.27058	-27.5916	35.8622	0.0232863	0.976714	0.1697315	0.283673	0.217353	0.148706	0.144962	0.143331	0.000620855	0.000329742	0	4.174618	1.905353	0.9767137	0.02328629	80.41798
3400	6.06388	-32.4669	38.5308	0.443711	0.556289	0.4785078	0.287993	0.218179	0.144579	0.140653	0.142654	0.000619177	0.000336548	0	1.505972	1.905487	0.5562888	0.4437112	80.44286
3410	6.49523	-28.5566	35.0518	0.0687209	0.931279	2.196355	0.290711	0.21385	0.147368	0.145096	0.14098	0.000605322	0.000325227	0	4.984977	1.978212	0.9312791	0.0687209	95.10685
3420	7.08157	-28.2958	35.3773	0.108473	0.891527	1.764457	0.290392	0.21354	0.147442	0.139833	0.142243	0.00059935	0.000325514	0	4.65945	1.987482	0.8915267	0.1084733	97.15872
3430	6.30278	-30.9047	37.2075	0.0382161	0.961784	3.410019	0.294844	0.214706	0.145466	0.139276	0.139998	0.000598958	0.000328522	0	2.829272	1.985045	0.9617839	0.03821614	96.61501
3440	7.08196	-30.7588	37.8408	0.191751	0.808249	1.465581	0.294628	0.217117	0.148733	0.139327	0.140706	0.000610982	0.000321147	0	2.195988	1.91318	0.8082495	0.1917505	81.88048
3450	6.90412	-30.3563	37.2604	0.393441	0.606559	1.594637	0.291867	0.215616	0.147302	0.138096	0.138696	0.00060299	0.00032191	0	2.776345	1.983629	0.6065586	0.3934414	96.30052
3460	8.08165	-28.6221	36.7038	0.203478	0.796522	0.8701789	0.29451	0.216712	0.143162	0.14129	0.139038	0.000612099	0.000324843	0	3.333012	1.98956	0.7965222	0.2034778	97.62484
3470	7.28365	-28.9921	36.2757	0.245675	0.754325	0.570661	0.287277	0.220757	0.142761	0.141682	0.138779	0.000605553	0.000326042	0	3.761051	1.889963	0.7543253	0.2456747	77.61804
3480	8.21154	-27.8583	36.0699	0.121169	0.878831	0.865022	0.289939	0.217704	0.14724	0.140216	0.140164	0.000606561	0.000335798	0	3.966922	1.990081	0.8788306	0.1211694	97.74192
3490	6.79645	-30.1755	36.972	0.0594672	0.940533	2.041558	0.295075	0.216819	0.14873	0.142211	0.138463	0.000611269	0.000337028	0	3.064797	1.868368	0.9405328	0.05946717	73.85294
3500	8.07953	-29.8183	37.8978	0.0694418	0.930558	1.569449	0.294935	0.213538	0.146201	0.143331	0.137206	0.000609251	0.000329521	0	2.138962	1.99436	0.9305582	0.06944182	98.70981
3510	4.86948	-30.4885	35.358	0.135588	0.864412	2.376044	0.293149	0.218539	0.145421	0.143337	0.138775	0.00062842	0.00032098	0	4.678789	1.804863	0.8644116	0.1355884	63.80626
3520	5.91789	-26.4203	32.3381	0.00925044	0.99075	0.2861427	0.291425	0.213797	0.144934	0.143401	0.138554	0.000624734	0.00032497	0	7.69864	1.879862	0.9907496	0.009250436	75.83358
3530	6.42285	-32.1077	38.5305	0.262251	0.737749	1.690305	0.295459	0.216914	0.146104	0.143594	0.143069	0.000628709	0.000325754	0	1.50629	1.933462	0.7377492	0.2622508	85.7951
3540	8.32298	-27.8271	36.15	0.0427539	0.957246	0.6126965	0.296383	0.220808	0.142958	0.144424	0.14136	0.000614052	0.000325068	0	3.886745	1.949333	0.9572461	0.04275392	88.9884
3550	6.11991	-28.6554	34.7753	0.0386632	0.961337	1.528241	0.295726	0.214251	0.142093	0.138482	0.138554	0.000617764	0.00032244	0	5.261438	1.850289	0.9613368	0.03866323	70.84166
3560	6.18321	-30.1632	36.3464	0.30441	0.69559	2.595637	0.294947	0.215479	0.144336	0.138349	0.139988	0.00062921	0.000321598	0	3.690368	1.991744	0.6955904	0.3044096	98.11687
3570	5.75823	-31.9834	37.7417	0.506554	0.493446	1.286952	0.289538	0.22027	0.143773	0.141216	0.144238	0.00062224	0.000322165	0	2.295133	1.872399	0.4934457	0.5065543	74.5416
3580	6.40213	-27.2233	33.6254	0.022325	0.977675	1.263911	0.286882	0.219459	0.144819	0.142842	0.13986	0.000617984	0.000324322	0	6.411399	1.943564	0.977675	0.022325	87.81401
3590	4.66822	-31.3899	36.0582	0.629936	0.370064	2.153876	0.285219	0.214762	0.148035	0.143902	0.139586	0.000616103	0.000320861	0	3.978631	1.906755	0.3700637	0.6299363	80.67792
3600	6.75373	-28.0671	34.8208	0.00249342	0.997507	1.125623	0.287613	0.217851	0.14929	0.139275	0.138595	0.000618644	0.000321812	0	5.215967	1.862488	0.9975066	0.002493422	72.85983
3610	6.60147	-30.9205	37.5219	0.0699363	0.930064	2.335909	0.287701	0.21778	0.147927	0.14101	0.137123	0.000624937	0.000321295	0	2.514859	1.880689	0.9300637	0.06993629	75.97818
3620	4.48383	-34.7476	39.2314	0.452367	0.547633	0.3862231	0.286292	0.220735	0.144188	0.13851	0.13907	0.000620693	0.000323011	0	0.8053871	1.965614	0.5476331	0.4523669	92.38765
3630	7.89034	-28.9571	36.8474	0.000519393	0.999481	0.1017616	0.287316	0.219621	0.1474	0.138834	0.141776	0.000620024	0.000323578	0	3.189343	1.803431	0.9994806	0.000519393	63.59617
3640	6.80309	-31.4078	38.2109	0.0592343	0.940766	2.470867	0.285722	0.217627	0.149134	0.143329	0.140652	0.000621721	0.000329751	0	1.825875	1.929725	0.9407657	0.05923434	85.05985
3650	4.79285	-31.1631	35.9559	0.998615	0.00138474	1.028829	0.292451	0.213248	0.147734	0.14424	0.137596	0.000628573	0.000334299	0	4.080881	1.950837	0.001384743	0.9986153	89.29701
3660	6.63327	-28.7805	35.4138	0.010589	0.989411	0.4500153	0.290383	0.212782	0.148632	0.140337	0.139013	0.000602536	0.000324411	0	4.623024	1.736263	0.989411	0.01058901	54.48321
3670	4.2464	-33.147	37.3934	0.771635	0.228365	1.888545	0.286461	0.217807	0.146475	0.141821	0.138258	0.000601866	0.000325508	0	2.643351	1.888163	0.2283653	0.7716347	77.29714
3680	5.18206	-29.8132	34.9953	0.789065	0.210935	1.35762	0.296419	0.21904	0.148235	0.138978	0.138274	0.000627578	0.000325415	0	5.041533	1.963363	0.2109355	0.7890645	91.91014
3690	7.23912	-31.0446	38.2838	0.339777	0.660223	0.3720342	0.29662	0.220795	0.146725	0.1427	0.141214	0.000618654	0.000323443	0	1.753016	1.975361	0.6602232	0.3397768	94.48469
3700	6.20156	-26.7834	32.9849	0.20811	0.79189	0.307788	0.288657	0.211281	0.14507	0.142955	0.142489	0.000623685	0.000326764	0	7.051854	1.928577	0.7918904	0.2081096	84.83536
3710	3.78677	-35.0178	38.8045	0.48389	0.51611	1.390207	0.286857	0.212203	0.145702	0.144135	0.141396	0.000628681	0.000327335	0	1.232253	1.74996	0.5161095	0.4838905	56.22889
3720	4.31701	-32.7082	37.0252	0.201319	0.798681	4.220037	0.288601	0.211192	0.146623	0.14487	0.140093	0.000627459	0.000334318	0	3.011555	1.931504	0.7986809	0.2013191	85.40911
3730	8.58053	-28.5312	37.1117	0.0952781	0.904722	0.5052481	0.289956	0.216252	0.142645	0.142128	0.143257	0.000623622	0.000335621	0	2.92505	1.965333	0.9047219	0.09527811	92.32797
3740	7.52862	-30.6163	38.1449	0.328347	0.671653	0.1999826	0.283311	0.217287	0.14769	0.139187	0.138581	0.000629728	0.000331943	0	1.891905	1.975958	0.671653	0.328347	94.6146
3750	6.88531	-29.356	36.2413	0.650035	0.349965	0.252921	0.292107	0.21776	0.145795	0.139135	0.139921	0.000619912	0.000327109	0	3.795497	1.978811	0.3499645	0.6500355	95.23821
3760	8.10142	-28.6236	36.725	0.14085	0.85915	0.3598555	0.289367	0.210208	0.146202	0.140172	0.139408	0.000624231	0.000333051	0	3.311792	1.913482	0.8591504	0.1408496	81.93732
3770	7.18219	-30.9664	38.1486	0.01384	0.98616	2.297835	0.289632	0.21515	0.145994	0.141792	0.141274	0.000627507	0.000336189	0	1.88818	1.926641	0.98616	0.01383999	84.45812
3780	4.10505	-32.5104	36.6154	0.176614	0.823386	2.137475	0.293352	0.21717	0.148488	0.142068	0.142593	0.000626458	0.000331266	0	3.421375	1.620499	0.8233856	0.1766144	41.73482
3790	1.75226	-27.4634	29.2157	0.269062	0.730938	0.1788198	0.290032	0.219512	0.144812	0.145011	0.142233	0.000620232	0.000328866	0	10.82112	1.737953	0.7309377	0.2690623	54.69572
3800	6.93214	-27.8076	34.7397	0.0204125	0.979588	0.2458224	0.29256	0.219731	0.147724	0.144517	0.141085	0.000613358	0.000324251	0	5.297077	1.80411	0.9795875	0.02041248	63.69569
3810	7.1397	-27.6218	34.7616	0.0327483	0.967252	0.5340341	0.285739	0.220413	0.145882	0.14049	0.142975	0.000618719	0.000323253	0	5.275234	1.863786	0.9672517	0.03274825	73.07796
3820	7.11978	-28.0764	35.1962	0.136128	0.863872	1.274011	0.286669	0.213423	0.148471	0.141136	0.141628	0.000601145	0.000321006	0	4.840568	1.959291	0.8638721	0.1361279	91.05226
3830	8.26304	-28.5547	36.8177	0.102756	0.897244	0.8940575	0.284006	0.211879	0.149266	0.140172	0.140773	0.000603953	0.000329584	0	3.219096	1.968937	0.8972435	0.1027565	93.09732
3840	5.43997	-27.9648	33.4048	0.584811	0.415189	0.4897015	0.292352	0.211532	0.146221	0.140957	0.139281	0.0006018	0.000322385	0	6.632034	1.942636	0.4151893	0.5848107	87.62665
3850	8.17745	-29.7249	37.9024	0.0439534	0.956047	0.3438668	0.293111	0.214568	0.146206	0.141146	0.143533	0.000599716	0.000332723	0	2.134423	1.909934	0.9560466	0.04395344	81.27062
3860	6.3941	-31.7074	38.1015	0.0964953	0.903505	0.190066	0.292863	0.21981	0.147651	0.141948	0.142101	0.000602157	0.000325701	0	1.935255	1.702721	0.9035047	0.09649526	50.4337
3870	7.99785	-28.1325	36.1304	0.176739	0.823261	1.087223	0.28964	0.215734	0.142124	0.142403	0.13958	0.000629091	0.000329448	0	3.906409	1.998327	0.8232606	0.1767394	99.61553
3880	8.19378	-29.4962	37.69	0.0743384	0.925662	0.9907038	0.288961	0.211814	0.143862	0.141117	0.138626	0.000617142	0.000329039	0	2.346826	1.951897	0.9256616	0.07433842	89.51524
3890	7.05506	-29.9038	36.9589	0.291684	0.708316	0.6536878	0.285565	0.215349	0.147243	0.14509	0.143409	0.000601163	0.000331473	0	3.077905	1.86949	0.7083156	0.2916844	74.04409
3900	4.86775	-32.7319	37.5996	0.556208	0.443792	0.5834467	0.283569	0.219281	0.144681	0.143583	0.142979	0.000602912	0.000334324	0	2.437158	1.729692	0.4437916	0.5562084	53.66511
3910	5.60462	-28.9845	34.5891	0.467927	0.532073	0.7537357	0.288635	0.215449	0.144988	0.138676	0.142795	0.000614855	0.000331089	0	5.447689	1.867199	0.5320733	0.4679267	73.65446
3920	4.59983	-33.9441	38.5439	0.00710523	0.992895	3.631121	0.283443	0.216196	0.144442	0.140532	0.139679	0.000617672	0.000335893	0	1.492883	1.807578	0.9928948	0.007105226	64.2064
3930	3.51838	-32.5845	36.1029	0.284932	0.715068	4.406323	0.285005	0.211532	0.148317	0.139621	0.140875	0.000615961	0.000331896	0	3.933929	1.95621	0.7150676	0.2849324	90.4086
3940	7.19322	-27.5042	34.6974	0.082266	0.917734	1.124122	0.294814	0.217604	0.149209	0.143153	0.142105	0.000605825	0.000329159	0	5.339348	1.961098	0.917734	0.08226601	91.43197
3950	6.56792	-31.2352	37.8031	0.243244	0.756756	2.191778	0.283841	0.220553	0.145344	0.143959	0.141177	0.000606033	0.000322626	0	2.233677	1.944947	0.7567564	0.2432436	88.09417
3960	0.775514	-27.7829	28.5584	0.568163	0.431837	2.133054	0.285933	0.219332	0.145115	0.139949	0.144166	0.0006106	0.000321172	0	11.47835	1.999175	0.4318368	0.5681632	99.81025
3970	6.50028	-28.6712	35.1714	0.407381	0.592619	0.8246507	0.292848	0.217526	0.144516	0.144935	0.140373	0.000606262	0.000326946	0	4.865345	1.929705	0.5926193	0.4073807	85.05607
3980	7.19316	-29.3865	36.5796	0.0449507	0.955049	1.483607	0.287239	0.21642	0.148055	0.143759	0.137858	0.000612578	0.000322692	0	3.457164	1.86984	0.9550493	0.04495069	74.10368
3990	6.88402	-30.1921	37.0762	0.270859	0.729141	1.570862	0.288904	0.213342	0.146353	0.142493	0.141527	0.00062789	0.000337078	0	2.960621	1.908431	0.7291409	0.2708591	80.9899
4000	7.52579	-29.7982	37.3239	0.163856	0.836144	1.877299	0.292328	0.219181	0.144356	0.145038	0.138632	0.000620927	0.000336972	0	2.71284	1.976025	0.8361438	0.1638562	94.62917
4010	7.70873	-28.8495	36.5583	0.365136	0.634864	0.7666772	0.28774	0.217866	0.144473	0.138406	0.14379	0.000607878	0.000330662	0	3.478533	1.999829	0.634864	0.365136	99.96053
4020	7.78608	-29.4348	37.2209	0.0901435	0.909856	0.6923734	0.285512	0.217526	0.14563	0.138934	0.143383	0.00059926	0.000330528	0	2.81589	1.877209	0.9098565	0.09014355	75.37185
4030	7.43946	-28.8502	36.2896	0.304237	0.695763	0.8256833	0.29249	0.212183	0.148961	0.140143	0.13761	0.00061094	0.000330639	0	3.747177	1.951326	0.6957626	0.3042374	89.39756
4040	6.37088	-27.7955	34.1663	0.544441	0.455559	0.2204972	0.294213	0.21147	0.149014	0.138993	0.13882	0.000608272	0.000321204	0	5.870457	1.966993	0.4555592	0.5444408	92.68147
4050	8.36942	-28.7752	37.1446	0.0169538	0.983046	0.5084225	0.290192	0.210417	0.14803	0.138811	0.138793	0.000606346	0.000334632	0	2.892204	1.9034	0.9830462	0.01695375	80.05719
4060	6.49669	-27.9189	34.4156	0.072655	0.927345	1.581671	0.28769	0.213619	0.142434	0.142119	0.139207	0.000608668	0.000334906	0	5.621181	1.941822	0.927345	0.07265496	87.46256
4070	6.07018	-32.0618	38.132	0.209184	0.790816	2.63037	0.291089	0.21955	0.143213	0.13966	0.139078	0.000627169	0.000332612	0	1.904809	1.91688	0.7908156	0.2091844	82.5809
4080	4.84549	-32.3333	37.1788	0.269699	0.730301	0.5759157	0.288955	0.217172	0.143584	0.141414	0.137984	0.000598517	0.000334769	0	2.858027	1.57408	0.7303012	0.2696988	37.5042
4090	4.73413	-26.7593	31.4934	0.313261	0.686739	0.5597037	0.292592	0.210346	0.144104	0.142812	0.14312	0.000609033	0.000332362	0	8.543368	1.93548	0.6867389	0.3132611	86.19462
4100	8.25404	-29.7889	38.0429	0.175902	0.824098	0.1431289	0.290604	0.217608	0.146693	0.14351	0.144076	0.000620352	0.000335642	0	1.993864	1.990542	0.8240984	0.1759016	97.84566
4110	3.73554	-35.5505	39.2861	0.57788	0.42212	0.1462041	0.288161	0.214694	0.143845	0.141699	0.142885	0.000604016	0.000325585	0	0.7506969	1.995622	0.4221204	0.5778796	98.99701
4120	7.77942	-26.7631	34.5425	0.184798	0.815202	0.1462037	0.285446	0.211359	0.143679	0.143991	0.142184	0.000610684	0.000327196	0	5.494271	1.996067	0.815202	0.184798	99.09838
4130	5.14084	-31.962	37.1029	0.0354062	0.964594	0.09557053	0.286509	0.209991	0.143562	0.144666	0.140999	0.000618304	0.000323567	0	2.933911	1.460904	0.9645938	0.03540617	28.90038
4140	4.99278	-31.7668	36.7595	0.62831	0.37169	0.07378311	0.285735	0.211473	0.144982	0.13844	0.141944	0.000624341	0.000321336	0	3.277241	1.734051	0.3716905	0.6283095	54.2065
4150	7.34748	-27.0835	34.4309	0.000346382	0.999654	0.1584182	0.283942	0.217717	0.142713	0.142672	0.138665	0.00061183	0.000327535	0	5.605854	1.86781	0.9996536	0.0003463821	73.75821
4160	7.91835	-27.0941	35.0124	0.053829	0.946171	0.7270231	0.285397	0.209952	0.145417	0.140281	0.138664	0.000606305	0.000322128	0	5.024366	1.985507	0.946171	0.05382898	96.718
4170	5.65234	-29.0475	34.6998	0.522625	0.477375	0.6492462	0.291882	0.213058	0.14532	0.142404	0.137472	0.000615541	0.00032228	0	5.336987	1.880331	0.4773755	0.5226245	75.91555
4180	5.15169	-30.223	35.3747	0.722713	0.277287	0.2280465	0.294257	0.21176	0.146657	0.143445	0.138593	0.000601088	0.000323383	0	4.662052	1.838678	0.2772867	0.7227133	68.97275
4190	5.08707	-27.2094	32.2964	0.310446	0.689554	0.8510468	0.294611	0.210774	0.142042	0.14484	0.144238	0.000615946	0.000324946	0	7.740352	1.941339	0.6895539	0.3104461	87.36537
4200	8.01944	-29.0233	37.0427	0.0739785	0.926022	0.6062451	0.287689	0.213412	0.143595	0.139108	0.140989	0.000624531	0.000325325	0	2.994089	1.889308	0.9260215	0.07397849	77.50109
4210	6.71231	-26.7482	33.4605	0.00606614	0.993934	1.202867	0.286046	0.21007	0.143164	0.143919	0.143833	0.000623819	0.000324663	0	6.576245	1.983449	0.9939339	0.006066144	96.26061
4220	4.82791	-31.627	36.4549	0.597364	0.402636	1.627804	0.282418	0.210163	0.145025	0.143335	0.14021	0.000624081	0.00033065	0	3.581886	1.832756	0.4026356	0.5973644	68.0387
4230	2.09142	-33.6023	35.6938	0.638746	0.361254	2.087982	0.29041	0.219159	0.142743	0.142702	0.137566	0.000603372	0.000321182	0	4.343017	1.654123	0.3612537	0.6387463	45.09445
4240	8.0922	-28.0506	36.1428	0.118768	0.881232	0.6708644	0.292569	0.213576	0.144643	0.13888	0.139904	0.000608416	0.000323703	0	3.894012	1.959369	0.8812317	0.1187683	91.0686
4250	5.1962	-28.8969	34.0931	0.673722	0.326278	0.9802039	0.289802	0.210637	0.147403	0.138513	0.14157	0.000601011	0.000323262	0	5.943721	1.945536	0.3262783	0.6737217	88.21361
4260	7.10391	-29.0418	36.1457	0.56176	0.43824	0.4743064	0.29068	0.210264	0.144782	0.141407	0.141396	0.000601242	0.000331495	0	3.89105	1.989785	0.4382403	0.5617597	97.6753
4270	7.22915	-29.6541	36.8832	0.161441	0.838559	2.060705	0.294803	0.211373	0.148124	0.143592	0.143748	0.000614083	0.00033489	0	3.15355	1.971054	0.838559	0.161441	93.55217
4280	3.8453	-35.1418	38.9871	0.406266	0.593734	0.8438509	0.290955	0.212571	0.147404	0.142903	0.142989	0.00062681	0.000337169	0	1.049692	1.727755	0.5937345	0.4062655	53.42635
4290	4.4337	-33.0121	37.4458	0.81627	0.18373	1.560797	0.295572	0.220738	0.145825	0.14256	0.142395	0.000617843	0.000328451	0	2.591031	1.89796	0.1837302	0.8162698	79.06057
4300	5.43036	-33.0578	38.4882	0.12212	0.87788	2.439141	0.291137	0.219279	0.145154	0.139758	0.143632	0.000629097	0.000334756	0	1.54863	1.804267	0.87788	0.12212	63.71874
4310	5.82699	-32.9588	38.7858	0.304904	0.695096	1.16982	0.286129	0.220896	0.148372	0.139328	0.143327	0.000613522	0.000334293	0	1.250983	1.891708	0.6950963	0.3049037	77.93064
4320	2.15978	-33.5922	35.752	0.576399	0.423601	0.3978886	0.286103	0.217382	0.145528	0.141875	0.143515	0.000599225	0.000324845	0	4.284812	1.439663	0.423601	0.576399	27.52092
4330	7.75086	-28.4783	36.2291	0.00621787	0.993782	1.341613	0.290273	0.213092	0.141971	0.140222	0.144161	0.000617622	0.000325342	0	3.807643	1.92208	0.9937821	0.006217871	83.57576
4340	5.88918	-31.632	37.5212	0.0643169	0.935683	2.372196	0.291299	0.213856	0.143642	0.138868	0.139693	0.000607942	0.000328953	0	2.515557	1.796955	0.9356831	0.0643169	62.65495
4350	4.97146	-33.7828	38.7543	0.503763	0.496237	1.600187	0.286349	0.220257	0.142222	0.141368	0.139973	0.00060318	0.000328834	0	1.282529	1.918165	0.4962372	0.5037628	82.82576
4360	6.61266	-31.2318	37.8444	0.364656	0.635344	0.5815345	0.296616	0.219808	0.147165	0.142859	0.141378	0.000613377	0.000327076	0	2.192339	1.86243	0.6353439	0.3646561	72.8501
4370	6.58077	-29.3523	35.9331	0.144307	0.855693	2.473019	0.285107	0.21712	0.144218	0.139116	0.143016	0.000614768	0.000320573	0	4.103694	1.992233	0.8556932	0.1443068	98.22748
4380	8.43691	-29.2071	37.644	0.0457117	0.954288	1.239882	0.285402	0.220823	0.145446	0.142546	0.144013	0.000625672	0.000320835	0	2.392813	1.993649	0.9542883	0.04571167	98.54831
4390	5.72265	-29.716	35.4386	0.463559	0.536441	2.16287	0.293796	0.220806	0.145266	0.141703	0.142867	0.000623866	0.000321931	0	4.598175	1.98744	0.5364409	0.4635591	97.14935
4400	7.47173	-29.5709	37.0427	0.151434	0.848566	0.2576752	0.291021	0.215938	0.145134	0.143216	0.142253	0.000608014	0.000328727	0	2.994126	1.829324	0.8485665	0.1514335	67.50309
4410	4.31271	-27.7784	32.0911	0.0751418	0.924858	1.198331	0.282188	0.217455	0.145328	0.142016	0.137353	0.000600473	0.000333821	0	7.945671	1.835769	0.9248582	0.07514178	68.51233
4420	5.98661	-29.0062	34.9928	0.120923	0.879077	1.520862	0.285719	0.215894	0.143518	0.14435	0.140418	0.000603488	0.000335797	0	5.044012	1.844815	0.8790774	0.1209226	69.95432
4430	7.02607	-28.8135	35.8396	0.0866975	0.913303	1.752732	0.288038	0.215355	0.142535	0.143887	0.140962	0.000602223	0.000333995	0	4.197167	1.933226	0.9133025	0.08669746	85.74832
4440	4.62953	-28.269	32.8985	0.0291845	0.970815	2.430308	0.291342	0.21705	0.145655	0.143741	0.137371	0.000609081	0.000325463	0	7.138276	1.9583	0.9708155	0.02918453	90.84473
4450	6.01016	-30.455	36.4651	0.570281	0.429719	1.401953	0.285274	0.210393	0.145697	0.145062	0.137455	0.000606272	0.000328792	0	3.571675	1.936011	0.4297191	0.5702809	86.30009
4460	6.52122	-29.1034	35.6246	0.390306	0.609694	1.626755	0.283087	0.214263	0.149092	0.138645	0.141006	0.000604323	0.000327345	0	4.412196	1.98508	0.6096942	0.3903058	96.62294
4470	2.92602	-35.5744	38.5004	0.154184	0.845816	1.202926	0.285587	0.216197	0.143759	0.13913	0.142124	0.000600854	0.000322427	0	1.536338	1.426332	0.8458155	0.1541845	26.68901
4480	6.40527	-30.397	36.8023	0.63254	0.36746	1.211109	0.282228	0.215951	0.147291	0.13948	0.142158	0.000602434	0.000323081	0	3.234516	1.988738	0.3674599	0.6325401	97.44013
4490	6.61056	-31.7806	38.3911	0.171717	0.828283	2.248794	0.286247	0.217731	0.145006	0.141007	0.139492	0.000605112	0.00032419	0	1.64566	1.958384	0.8282833	0.1717167	90.86244
4500	7.85671	-30.72	38.5767	0.0781826	0.921817	1.096677	0.293618	0.214327	0.146898	0.140622	0.140338	0.000628735	0.000331908	0	1.460065	1.997464	0.9218174	0.07818257	99.41766
4510	5.4703	-30.9486	36.4189	0.111491	0.888509	2.634261	0.286464	0.220555	0.143037	0.13971	0.13962	0.000623359	0.000327742	0	3.617881	1.832342	0.8885085	0.1114915	67.97382
4520	7.17252	-28.976	36.1485	0.0789514	0.921049	1.663839	0.283549	0.216315	0.148563	0.144765	0.141464	0.000622352	0.00033154	0	3.888239	1.913907	0.9210486	0.07895142	82.01763
4530	4.63905	-30.5354	35.1745	0.267103	0.732897	2.55102	0.287753	0.214172	0.146144	0.143727	0.144153	0.000624168	0.000325652	0	4.862291	1.863294	0.7328969	0.2671031	72.99518
4540	7.48228	-29.0729	36.5552	0.190723	0.809277	1.430075	0.288047	0.220838	0.147453	0.142409	0.141338	0.000625349	0.00032803	0	3.481565	1.955876	0.8092771	0.1907229	90.33925
4550	6.25733	-28.3081	34.5654	0.325907	0.674093	0.6149101	0.294588	0.220636	0.147583	0.14419	0.142397	0.000618891	0.000329943	0	5.471384	1.882115	0.6740928	0.3259072	76.22808
4560	6.75916	-28.7272	35.4864	0.120512	0.879488	1.402012	0.284047	0.213684	0.149138	0.143852	0.142813	0.000619765	0.000328118	0	4.550414	1.89096	0.8794878	0.1205122	77.79643
4570	5.40767	-30.8414	36.2491	0.683245	0.316755	0.6004071	0.294846	0.216212	0.148799	0.141053	0.143665	0.000622458	0.00033606	0	3.78772	1.84201	0.3167546	0.6832454	69.50402
4580	5.38238	-27.1494	32.5318	0.12226	0.87774	0.4890052	0.287948	0.210283	0.145208	0.142966	0.144019	0.000616371	0.000333217	0	7.505033	1.851748	0.8777402	0.1222598	71.08014
4590	4.38195	-34.2376	38.6196	0.394704	0.605296	1.239252	0.289185	0.214258	0.144433	0.140883	0.143106	0.000605543	0.000328716	0	1.417211	1.731962	0.605296	0.394704	53.94637
4600	5.92934	-32.9933	38.9226	0.209342	0.790658	2.471564	0.288978	0.218295	0.145349	0.139563	0.140767	0.000604466	0.000330853	0	1.114188	1.997022	0.790658	0.209342	99.31655
4610	7.99977	-27.9533	35.953	0.260006	0.739994	0.2545005	0.293592	0.211537	0.148223	0.139439	0.143316	0.000600596	0.000327628	0	4.083746	1.982926	0.7399941	0.2600059	96.14477
4620	6.94675	-28.2596	35.2064	0.2763	0.7237	0.2122523	0.29608	0.211558	0.149011	0.142214	0.141168	0.000612777	0.000325792	0	4.830425	1.878357	0.7236997	0.2763003	75.57132
4630	6.7778	-31.2657	38.0435	0.226508	0.773492	2.072263	0.291358	0.213191	0.144734	0.14481	0.14394	0.00060882	0.000324629	0	1.993291	1.957889	0.7734916	0.2265084	90.75878
4640	8.18765	-29.1146	37.3022	0.126747	0.873253	0.3980935	0.295545	0.218123	0.142688	0.138218	0.138635	0.00061032	0.00032864	0	2.734573	1.928665	0.8732532	0.1267468	84.8526
4650	1.79156	-36.2751	38.0667	0.264114	0.735886	1.756262	0.292529	0.220742	0.143215	0.140462	0.142451	0.000624489	0.000330292	0	1.970136	1.347088	0.7358857	0.2641143	22.2376
4660	7.06615	-30.7417	37.8078	0.241356	0.758644	0.3990726	0.282747	0.21155	0.145158	0.138482	0.143435	0.000618678	0.000333057	0	2.228965	1.84147	0.7586445	0.2413555	69.41765
4670	7.17822	-31.5933	38.7715	0.154752	0.845248	0.984199	0.296472	0.21097	0.14768	0.144981	0.137142	0.000601887	0.000329704	0	1.265304	1.993588	0.8452478	0.1547522	98.53447
4680	3.09587	-33.6356	36.7315	0.444819	0.555181	1.297156	0.291782	0.214139	0.14271	0.141164	0.139616	0.000611428	0.000334211	0	3.305315	1.526032	0.5551807	0.4448193	33.57624
4690	8.16812	-29.8884	38.0565	0.00643315	0.993567	0.4718168	0.288752	0.218227	0.143068	0.139369	0.138363	0.000601676	0.000335662	0	1.980307	1.905389	0.9935669	0.006433147	80.42456
4700	5.33286	-30.1788	35.5117	0.090213	0.909787	0.2075029	0.283901	0.213398	0.146544	0.141067	0.138685	0.000612107	0.000330273	0	4.525087	1.568572	0.909787	0.09021304	37.03158
4710	3.20588	-27.9156	31.1215	0.404002	0.595998	0.3468558	0.284007	0.212036	0.146568	0.140371	0.142218	0.000629121	0.000327265	0	8.915309	1.789541	0.5959981	0.4040019	61.5944
4720	8.11293	-28.2074	36.3203	0.0719164	0.928084	0.1561243	0.28383	0.211982	0.149181	0.140652	0.142059	0.000627835	0.000330013	0	3.716475	1.880352	0.9280836	0.07191643	75.91918
4730	6.44279	-31.9235	38.3663	0.124726	0.875274	0.3544962	0.292311	0.218682	0.146874	0.139854	0.140115	0.000629996	0.000336664	0	1.670482	1.746037	0.8752743	0.1247257	55.72332
4740	4.25953	-28.8875	33.1471	0.138448	0.861552	0.2518957	0.288991	0.216128	0.148308	0.139312	0.142741	0.000628227	0.000330433	0	6.889707	1.630916	0.8615516	0.1384484	42.74799
4750	5.79569	-27.9978	33.7935	0.112898	0.887102	0.2970248	0.295593	0.215342	0.146777	0.140188	0.142946	0.000603672	0.000326627	0	6.243251	1.776245	0.8871017	0.1128983	59.7372
4760	6.75258	-28.41	35.1625	0.525128	0.474872	0.796791	0.292675	0.215532	0.141967	0.139725	0.143829	0.000608263	0.000334801	0	4.87424	1.991598	0.4748717	0.5251283	98.08386
4770	6.3928	-31.4131	37.8059	0.398273	0.601727	0.9881984	0.2896	0.217606	0.145862	0.145049	0.138574	0.000614543	0.00032537	0	2.230916	1.877032	0.6017266	0.3982734	75.34115
4780	6.61454	-28.4823	35.0968	0.528368	0.471632	0.4908231	0.286838	0.219351	0.147404	0.138915	0.139759	0.000613853	0.000323395	0	4.939996	1.959194	0.4716324	0.5283676	91.03199
4790	7.21972	-31.2502	38.4699	0.22917	0.77083	0.8364104	0.282878	0.2193	0.147169	0.139154	0.140366	0.000627567	0.000322716	0	1.566902	1.959529	0.7708301	0.2291699	91.10228
4800	6.46486	-32.1134	38.5782	0.139662	0.860338	2.411579	0.281882	0.21134	0.143647	0.141059	0.13788	0.000622929	0.000321219	0	1.458568	1.95952	0.8603382	0.1396618	91.10034
4810	7.21762	-30.2888	37.5064	0.216204	0.783796	1.913253	0.283431	0.210692	0.147213	0.142637	0.140394	0.00061694	0.000321061	0	2.530342	1.975945	0.7837964	0.2162036	94.6117
4820	7.91154	-29.8176	37.7291	0.0899111	0.910089	1.090404	0.287493	0.210879	0.147991	0.138574	0.13709	0.000604727	0.000326931	0	2.307674	1.936339	0.9100889	0.08991111	86.36522
4830	8.56672	-28.7151	37.2818	0.00221962	0.99778	0.4741415	0.294059	0.213522	0.145918	0.142411	0.141038	0.000614372	0.000324499	0	2.754981	1.927376	0.9977804	0.002219624	84.60116
4840	5.69993	-30.3739	36.0738	0.298357	0.701643	0.2319001	0.284651	0.215491	0.14267	0.143089	0.141286	0.000615428	0.000321835	0	3.962978	1.688046	0.7016434	0.2983566	48.75796
4850	7.11367	-30.2599	37.3736	0.0142792	0.985721	2.078175	0.287869	0.213425	0.144594	0.141307	0.142165	0.000602272	0.000322177	0	2.663198	1.897766	0.9857208	0.01427915	79.02531
4860	7.48426	-28.9189	36.4031	0.28795	0.71205	1.276268	0.291212	0.220212	0.145394	0.142633	0.140037	0.000600532	0.000324453	0	3.63367	1.996418	0.7120503	0.2879497	99.17853
4870	5.61252	-30.158	35.7705	0.218059	0.781941	1.194082	0.295339	0.219574	0.147455	0.142781	0.141148	0.000599071	0.000329245	0	4.266294	1.754334	0.7819407	0.2180593	56.79808
4880	3.19347	-28.0991	31.2926	0.161756	0.838244	0.463226	0.295959	0.213101	0.142709	0.139033	0.138875	0.00059971	0.000337131	0	8.744214	1.710407	0.838244	0.161756	51.33424
4890	6.73289	-31.1662	37.8991	0.533197	0.466803	0.9745823	0.29599	0.219499	0.142845	0.140253	0.139897	0.000612204	0.000329512	0	2.137678	1.990616	0.4668027	0.5331973	97.86254
4900	5.80128	-30.1407	35.942	0.576937	0.423063	0.201614	0.283116	0.216891	0.142138	0.142165	0.138576	0.000607235	0.000329636	0	4.094809	1.82546	0.4230633	0.5769367	66.90516
4910	1.69582	-29.7294	31.4253	0.233779	0.766221	2.195126	0.282842	0.220713	0.148043	0.145323	0.138473	0.000603807	0.000335077	0	8.611519	1.783271	0.7662212	0.2337788	60.71154
4920	6.57867	-29.6342	36.2129	0.099615	0.900385	1.555141	0.28266	0.218749	0.14494	0.144068	0.140378	0.000615715	0.000328101	0	3.823893	1.836175	0.900385	0.09961502	68.5764
4930	7.62806	-29.3707	36.9988	0.0895371	0.910463	1.78691	0.284488	0.217992	0.146207	0.138481	0.143958	0.000619851	0.000334333	0	3.037998	1.954491	0.9104629	0.08953707	90.0515
4940	2.74456	-32.1454	34.8899	0.0731227	0.926877	2.519052	0.290427	0.220276	0.142323	0.138638	0.141833	0.000603943	0.000334497	0	5.146854	1.587543	0.9268773	0.07312271	38.68502
4950	6.23435	-30.6733	36.9076	0.358762	0.641238	0.5862852	0.284093	0.215816	0.144361	0.140485	0.142981	0.00060543	0.000322649	0	3.129171	1.794777	0.6412375	0.3587625	62.34147
4960	8.41848	-28.1755	36.594	0.04227	0.95773	0.9997375	0.288882	0.211106	0.146539	0.141652	0.141325	0.000601038	0.000336928	0	3.442767	1.975133	0.95773	0.04227004	94.43509
4970	7.37483	-29.759	37.1338	0.317961	0.682039	1.572715	0.290886	0.213935	0.145971	0.144608	0.140103	0.000607332	0.000336905	0	2.902949	1.99696	0.682039	0.317961	99.30237
4980	6.68456	-29.3176	36.0021	0.125715	0.874285	0.5606861	0.285296	0.218652	0.14695	0.143848	0.140431	0.000600485	0.000330151	0	4.034673	1.768712	0.8742845	0.1257155	58.71005
4990	6.87055	-29.768	36.6385	0.418927	0.581073	1.161425	0.290232	0.219484	0.142111	0.139801	0.138316	0.00060317	0.000335144	0	3.398249	1.94669	0.581073	0.418927	88.44846
5000	5.45436	-32.0976	37.5519	0.32751	0.67249	3.314462	0.294498	0.210805	0.142107	0.141206	0.139043	0.000612305	0.000333164	0	2.484876	1.974364	0.6724895	0.3275105	94.26803
