Iteration	Posterior	Likelihood	Prior	clado_type_probs[1]	clado_type_probs[2]	distance_scale	epoch_times[1]	epoch_times[2]	epoch_times[3]	epoch_times[4]	epoch_times[5]	epoch_times[6]	epoch_times[7]	epoch_times[8]	extirpation_rate	log10_rate_bg	p_allopatry	p_sympatry	rate_bg
0	-60.1954	-92.9594	32.764	0.216181	0.783819	0.01	0.268468	0.228579	0.15876	0.124691	0.0780532	0.0401997	0.00967815	0	0.3014507	-2	0.7838186	0.2161814	0.01
10	5.60172	-21.8239	27.4256	0.379042	0.620958	0.00991327	0.276987	0.234357	0.160348	0.12459	0.0783381	0.0403207	0.0093621	0	5.63987	1.532792	0.6209578	0.3790422	34.10293
20	3.81862	-20.5597	24.3783	0.290565	0.709435	0.04506727	0.268736	0.228293	0.157045	0.123475	0.079342	0.0401337	0.0096272	0	8.68721	1.460813	0.7094348	0.2905652	28.89433
30	8.58449	-20.0685	28.6529	0.634154	0.365846	3.58162	0.268512	0.234329	0.160132	0.123951	0.0784431	0.0403016	0.00958272	0	4.41253	1.753326	0.3658462	0.6341538	56.6664
40	9.71441	-20.5805	30.2949	0.0491825	0.950817	6.08227	0.271577	0.236823	0.160464	0.128284	0.0796691	0.0403187	0.00961481	0	2.770605	1.885231	0.9508175	0.04918253	76.77692
50	9.75067	-20.9326	30.6832	0.914974	0.0850256	7.180665	0.269067	0.232693	0.157588	0.12783	0.0817838	0.0393228	0.00948845	0	2.382253	1.986146	0.08502556	0.9149744	96.86036
60	7.83466	-19.4109	27.2456	0.70885	0.29115	4.427198	0.272596	0.229862	0.157729	0.127066	0.0800739	0.0397879	0.00945696	0	5.819889	1.772646	0.29115	0.70885	59.24422
70	8.19515	-19.8179	28.0131	0.43007	0.56993	2.759433	0.269316	0.237389	0.159186	0.125235	0.081425	0.0401568	0.00945589	0	5.052393	1.853441	0.5699301	0.4300699	71.35766
80	8.82346	-20.2082	29.0317	0.191357	0.808643	2.738667	0.275892	0.235793	0.153929	0.123579	0.0810931	0.0403454	0.00949328	0	4.03381	1.987731	0.8086427	0.1913573	97.2145
90	8.48049	-19.9323	28.4127	0.361469	0.638531	4.780507	0.275282	0.237507	0.153993	0.124145	0.0810718	0.039843	0.00944807	0	4.652736	1.73615	0.6385309	0.3614691	54.46902
100	8.68135	-21.3477	30.029	0.251098	0.748902	2.713432	0.275427	0.233138	0.156523	0.127328	0.0794981	0.0404065	0.00937686	0	3.036438	1.754279	0.7489016	0.2510984	56.79096
110	8.82422	-21.1384	29.9626	0.595597	0.404403	4.036056	0.277187	0.232399	0.159987	0.12835	0.0806875	0.040816	0.00946266	0	3.102887	1.667378	0.4044027	0.5955973	46.49192
120	7.95638	-23.7305	31.6869	0.303818	0.696182	3.275162	0.277755	0.230645	0.157218	0.125762	0.0781538	0.0401982	0.00940296	0	1.378578	1.765351	0.6961818	0.3038182	58.25738
130	9.73838	-21.501	31.2394	0.746196	0.253804	6.254118	0.27718	0.227267	0.158711	0.123418	0.0786293	0.0394899	0.00954385	0	1.826067	1.951725	0.2538043	0.7461957	89.47988
140	8.97379	-21.8448	30.8186	0.545261	0.454739	4.394998	0.274185	0.229485	0.158301	0.123388	0.078009	0.0401794	0.0097645	0	2.246843	1.7032	0.4547388	0.5452612	50.48939
150	3.99488	-20.5884	24.5833	0.448662	0.551338	0.803781	0.271591	0.232686	0.156163	0.125489	0.0778589	0.0401271	0.00953542	0	8.482171	1.279882	0.5513384	0.4486616	19.04942
160	6.43307	-23.5866	30.0197	0.600456	0.399544	0.1639792	0.272973	0.231409	0.153417	0.127322	0.0792693	0.0398692	0.00962849	0	3.045777	1.999606	0.3995436	0.6004564	99.9094
170	6.38947	-23.4065	29.7959	0.769751	0.230249	0.1201212	0.269555	0.226894	0.157611	0.125408	0.0778978	0.0406724	0.00970634	0	3.269534	1.880589	0.2302491	0.7697509	75.96076
180	7.10658	-23.7963	30.9029	0.546542	0.453458	1.191395	0.273887	0.232333	0.153663	0.128045	0.0814468	0.0402105	0.0098342	0	2.162609	1.833424	0.4534577	0.5465423	68.14347
190	6.76909	-21.2111	27.9802	0.74	0.26	0.6655408	0.271082	0.233975	0.156165	0.129063	0.0805581	0.0403191	0.00980804	0	5.085247	1.902191	0.2599997	0.7400003	79.8346
200	7.6726	-19.4869	27.1595	0.789653	0.210347	4.129915	0.278735	0.232615	0.155518	0.129404	0.0806532	0.0412191	0.00950352	0	5.905944	1.732294	0.2103471	0.7896529	53.98757
210	8.01851	-20.3058	28.3243	0.00622151	0.993778	2.621735	0.272547	0.235567	0.157735	0.12892	0.0782294	0.0407017	0.00960351	0	4.741191	1.665514	0.9937785	0.006221514	46.29289
220	8.88947	-21.1039	29.9934	0.150904	0.849096	2.614111	0.272368	0.232845	0.153025	0.126959	0.0813888	0.04063	0.00944997	0	3.072086	1.911181	0.8490961	0.1509039	81.50437
230	8.01839	-18.9843	27.0027	0.308434	0.691566	5.707251	0.267461	0.23515	0.154535	0.126227	0.0786371	0.0402636	0.00941962	0	6.062806	1.986988	0.6915658	0.3084342	97.0484
240	8.61895	-23.2877	31.9067	0.584759	0.415241	7.979097	0.268507	0.23586	0.156252	0.126113	0.0815743	0.0405774	0.00949772	0	1.158799	1.980569	0.4152409	0.5847591	95.62454
250	8.13439	-20.3526	28.487	0.0707806	0.929219	4.159535	0.273453	0.231841	0.15397	0.125815	0.081732	0.0406577	0.00947108	0	4.578508	1.599302	0.9292194	0.07078063	39.74675
260	7.16527	-18.8028	25.9681	0.825355	0.174645	4.586719	0.277924	0.232365	0.154857	0.124624	0.0790085	0.0395875	0.00957288	0	7.097421	1.906174	0.1746454	0.8253546	80.5702
270	9.2555	-21.3998	30.6553	0.874883	0.125117	6.664758	0.279168	0.233224	0.154973	0.127895	0.0779839	0.0409489	0.0097022	0	2.41022	1.842599	0.1251172	0.8748828	69.5983
280	7.55093	-22.0023	29.5532	0.966027	0.033973	1.074028	0.271513	0.227565	0.155914	0.125417	0.0787883	0.0410511	0.00980738	0	3.51225	1.898762	0.03397296	0.966027	79.20666
290	6.87634	-23.9346	30.811	0.929973	0.0700273	0.8801386	0.272111	0.229956	0.15596	0.128178	0.0784662	0.0400083	0.00983156	0	2.254502	1.912158	0.07002731	0.9299727	81.68787
300	8.72113	-21.7696	30.4907	0.250598	0.749402	4.119945	0.27273	0.22847	0.156242	0.126388	0.0779253	0.0394312	0.00978387	0	2.57477	1.61029	0.7494017	0.2505983	40.76521
310	8.52073	-21.942	30.4627	0.622587	0.377413	2.673119	0.267638	0.231788	0.15917	0.126161	0.0801035	0.0396558	0.00981319	0	2.602788	1.729801	0.3774133	0.6225867	53.67856
320	9.2918	-21.1932	30.4849	0.813409	0.186591	6.879742	0.271054	0.235707	0.155129	0.125135	0.08141	0.0403736	0.00978451	0	2.580528	1.862669	0.1865914	0.8134086	72.89014
330	9.17484	-20.4113	29.5861	0.306685	0.693315	6.618976	0.27206	0.23191	0.158516	0.124589	0.0819056	0.0412863	0.00951567	0	3.479351	1.858685	0.6933146	0.3066854	72.22461
340	8.52277	-21.1664	29.6892	0.546972	0.453028	7.352511	0.26949	0.231516	0.156789	0.128899	0.080262	0.0402169	0.00980768	0	3.376303	1.808355	0.4530283	0.5469717	64.32127
350	9.10523	-19.3554	28.4607	0.978767	0.021233	5.180169	0.274044	0.230954	0.153502	0.126706	0.0795828	0.0409039	0.00976085	0	4.604806	1.981622	0.02123298	0.978767	95.85656
360	7.38082	-20.286	27.6669	0.842286	0.157714	8.679654	0.269989	0.229647	0.156071	0.128698	0.0792097	0.0396605	0.00979935	0	5.398615	1.978608	0.1577145	0.8422855	95.19367
370	9.5132	-19.7557	29.2689	0.0605489	0.939451	4.200451	0.271635	0.236521	0.157604	0.128964	0.0806972	0.0397405	0.00954876	0	3.796547	1.996148	0.9394511	0.0605489	99.117
380	9.02408	-21.429	30.4531	0.899435	0.100565	5.073246	0.268459	0.233528	0.160608	0.129318	0.0782883	0.0407063	0.00958011	0	2.612361	1.719237	0.1005648	0.8994352	52.38864
390	7.20513	-18.7285	25.9336	0.796403	0.203597	3.916632	0.270612	0.230076	0.16017	0.129171	0.0791561	0.0397656	0.00942873	0	7.131886	1.97368	0.2035967	0.7964033	94.11958
400	8.55156	-19.3771	27.9286	0.164756	0.835244	5.349077	0.276793	0.234447	0.160673	0.127653	0.0813924	0.0407234	0.00958392	0	5.13684	1.877742	0.8352443	0.1647557	75.46439
410	7.60111	-23.0532	30.6543	0.366838	0.633162	3.473261	0.27605	0.234791	0.156054	0.12532	0.0808315	0.0409983	0.00949094	0	2.411213	1.397526	0.6331623	0.3668377	24.97618
420	9.48074	-20.5347	30.0154	0.0201121	0.979888	4.09566	0.275621	0.234006	0.157503	0.128105	0.0818539	0.0406865	0.00940681	0	3.05008	1.854305	0.9798879	0.02011211	71.49975
430	6.29137	-24.5691	30.8605	0.818817	0.181183	5.215888	0.277328	0.236117	0.158372	0.127843	0.078302	0.0409608	0.0096287	0	2.205023	1.366969	0.181183	0.818817	23.27923
440	5.59279	-25.9335	31.5263	0.364814	0.635186	10.94815	0.271787	0.235705	0.160012	0.12958	0.0783255	0.0402924	0.00966211	0	1.539148	1.947267	0.6351859	0.3648141	88.56609
450	8.19152	-19.9332	28.1248	0.392722	0.607278	7.573346	0.26698	0.237982	0.160222	0.126207	0.0800204	0.040289	0.00961154	0	4.940711	1.933783	0.6072777	0.3927223	85.85835
460	8.36254	-21.746	30.1086	0.220172	0.779828	5.729534	0.266994	0.230604	0.15872	0.128384	0.0810778	0.0402986	0.00959229	0	2.956901	1.612792	0.7798283	0.2201717	41.00081
470	9.03527	-20.9509	29.9862	0.497267	0.502733	5.350222	0.275353	0.234193	0.154677	0.128499	0.0783776	0.0398907	0.00941416	0	3.079291	1.731781	0.5027327	0.4972673	53.92391
480	7.09773	-25.0589	32.1566	0.710409	0.289591	3.535054	0.277914	0.228836	0.157524	0.126987	0.0794367	0.0399144	0.00952106	0	0.908873	1.919349	0.2895911	0.7104089	83.05179
490	9.60618	-20.8867	30.4929	0.155175	0.844825	7.607931	0.274403	0.22884	0.16044	0.125985	0.081611	0.0408498	0.0096015	0	2.572588	1.970191	0.8448251	0.1551749	93.36649
500	9.50248	-19.6144	29.1169	0.267343	0.732657	5.027456	0.274699	0.230748	0.156368	0.125565	0.0799309	0.0400414	0.00973707	0	3.948606	1.974131	0.7326567	0.2673433	94.21727
510	9.26483	-19.5576	28.8224	0.789675	0.210325	4.324457	0.276841	0.228577	0.159227	0.125048	0.0801016	0.0402409	0.00965571	0	4.243047	1.981155	0.2103253	0.7896747	95.75349
520	9.40163	-20.6204	30.022	0.238616	0.761384	3.912565	0.276528	0.233962	0.153827	0.125325	0.0793551	0.04025	0.00937356	0	3.043491	1.856841	0.7613843	0.2386157	71.91853
530	8.79285	-21.0047	29.7975	0.529248	0.470752	7.142671	0.279635	0.233997	0.158482	0.126225	0.0785442	0.039854	0.00951378	0	3.267945	1.8295	0.4707521	0.5292479	67.53046
540	8.43345	-22.0371	30.4706	0.698312	0.301688	2.977042	0.275213	0.237021	0.158411	0.126282	0.0802052	0.04033	0.0095596	0	2.594881	1.646908	0.3016879	0.6983121	44.35149
550	8.47206	-21.7319	30.204	0.995857	0.00414257	7.551786	0.270228	0.230866	0.153649	0.127281	0.0810158	0.0406729	0.00979592	0	2.861485	1.808275	0.004142574	0.9958574	64.30941
560	9.71576	-20.842	30.5577	0.764506	0.235494	5.036951	0.267113	0.229941	0.153369	0.127678	0.0805434	0.0408286	0.00959779	0	2.507734	1.89615	0.2354943	0.7645057	78.73181
570	5.23351	-20.4702	25.7037	0.0210035	0.978997	7.85489	0.271288	0.235528	0.155371	0.128922	0.078283	0.0402125	0.00978907	0	7.361781	1.76712	0.9789965	0.0210035	58.49521
580	8.68313	-19.9903	28.6734	0.415396	0.584604	2.975521	0.271885	0.230077	0.154529	0.127255	0.0813753	0.0393837	0.00943093	0	4.392094	1.898633	0.5846036	0.4153964	79.18322
590	9.50281	-20.403	29.9058	0.951293	0.0487066	4.581892	0.278135	0.230793	0.155649	0.128327	0.0785042	0.0400096	0.00947616	0	3.159675	1.874845	0.04870662	0.9512934	74.96271
600	8.75965	-22.3913	31.1509	0.709531	0.290469	4.0307	0.27952	0.232068	0.157445	0.126226	0.0814974	0.0411745	0.00948258	0	1.91456	1.724428	0.2904693	0.7095307	53.0186
610	9.7207	-20.2969	30.0176	0.0616686	0.938331	7.042876	0.271153	0.235878	0.156186	0.124929	0.0786532	0.0399802	0.00981227	0	3.047908	1.972048	0.9383314	0.06166858	93.76656
620	9.26686	-22.521	31.7879	0.0641812	0.935819	5.054367	0.266737	0.238812	0.156582	0.123537	0.0786789	0.0396104	0.00955953	0	1.277578	1.955967	0.9358188	0.0641812	90.35805
630	9.68228	-20.7455	30.4278	0.965071	0.0349293	4.415842	0.267451	0.235247	0.156029	0.125055	0.0791116	0.0393703	0.00935597	0	2.637673	1.934917	0.03492928	0.9650707	86.08302
640	9.13261	-21.6644	30.797	0.695566	0.304434	3.330122	0.267681	0.233977	0.157596	0.125057	0.0788276	0.0401537	0.00940253	0	2.268487	1.901524	0.3044338	0.6955662	79.71206
650	9.10773	-21.0413	30.1491	0.104882	0.895118	3.924485	0.269467	0.236142	0.158178	0.124764	0.0792397	0.0405113	0.00939862	0	2.916425	1.722059	0.8951175	0.1048825	52.7302
660	8.8411	-21.6896	30.5307	0.714401	0.285599	3.444308	0.274267	0.230283	0.159386	0.128325	0.0783203	0.040737	0.00964233	0	2.534745	1.721049	0.285599	0.714401	52.60765
670	7.70623	-20.8919	28.5981	0.131802	0.868198	7.078274	0.27029	0.227867	0.159229	0.127691	0.0804084	0.0409381	0.00967787	0	4.467375	1.728994	0.8681984	0.1318016	53.57889
680	8.73304	-20.6392	29.3722	0.379252	0.620748	5.393234	0.266733	0.234003	0.157821	0.128805	0.0802708	0.0393206	0.00973385	0	3.693274	1.701906	0.6207484	0.3792516	50.33921
690	6.96303	-19.9052	26.8682	0.875814	0.124186	6.98191	0.267132	0.232703	0.158134	0.124037	0.0783204	0.0402386	0.00982472	0	6.197258	1.802985	0.1241857	0.8758143	63.53085
700	7.65824	-21.3016	28.9598	0.339957	0.660043	2.913733	0.278923	0.228422	0.156447	0.126541	0.0790225	0.0398988	0.00953789	0	4.105672	1.451564	0.6600429	0.3399571	28.2855
710	8.7324	-19.7306	28.463	0.754432	0.245568	4.244101	0.268346	0.230172	0.156945	0.126589	0.079214	0.0403269	0.00983179	0	4.602449	1.813034	0.2455684	0.7544316	65.01802
720	7.61538	-22.3283	29.9437	0.226878	0.773122	2.28638	0.271064	0.23001	0.157424	0.12566	0.0788504	0.0401426	0.00975014	0	3.121782	1.416786	0.7731223	0.2268777	26.10874
730	7.06023	-20.5661	27.6264	0.2052	0.7948	1.179262	0.274998	0.230233	0.154852	0.128026	0.0784563	0.0406315	0.00968776	0	5.439107	1.886249	0.7947997	0.2052003	76.95719
740	6.90968	-21.7191	28.6288	0.861581	0.138419	1.22539	0.271871	0.226954	0.159584	0.127552	0.077924	0.0408859	0.00972317	0	4.436701	1.487061	0.138419	0.861581	30.69453
750	7.84842	-24.0861	31.9345	0.0976527	0.902347	4.412609	0.269576	0.235012	0.15981	0.128789	0.0790063	0.0402406	0.00980785	0	1.13094	1.65788	0.9023473	0.09765268	45.48626
760	9.37426	-20.2039	29.5782	0.712782	0.287218	5.515024	0.274062	0.232462	0.160033	0.123581	0.0783124	0.040648	0.00951133	0	3.487303	1.857209	0.2872185	0.7127815	71.97947
770	7.6763	-20.3512	28.0275	0.858663	0.141337	8.641686	0.273697	0.236063	0.157294	0.123181	0.0795034	0.0413461	0.00943873	0	5.037933	1.982143	0.1413368	0.8586632	95.97165
780	9.77317	-21.2603	31.0335	0.362215	0.637785	6.775685	0.275704	0.233737	0.158341	0.126245	0.080982	0.041306	0.00941609	0	2.031964	1.950308	0.6377854	0.3622146	89.18836
790	8.19241	-20.2151	28.4075	0.0271644	0.972836	3.857503	0.276746	0.235461	0.157409	0.127178	0.0798728	0.0406679	0.00962656	0	4.658007	1.619812	0.9728356	0.02716444	41.66888
800	9.16252	-22.4933	31.6558	0.274801	0.725199	6.091988	0.27024	0.232201	0.155747	0.129049	0.0781526	0.0401887	0.00936507	0	1.409687	1.873136	0.7251989	0.2748011	74.66833
810	7.55088	-18.9035	26.4544	0.734431	0.265569	4.801846	0.276142	0.23432	0.154919	0.128061	0.0784738	0.0405752	0.00940889	0	6.611111	1.915509	0.2655685	0.7344315	82.32067
820	8.34066	-20.6264	28.9671	0.427419	0.572581	6.746264	0.269829	0.236664	0.153729	0.1282	0.0778834	0.0405919	0.00954881	0	4.09842	1.77393	0.5725805	0.4274195	59.4196
830	8.91693	-22.5288	31.4458	0.201869	0.798131	3.880487	0.266584	0.233962	0.153412	0.124629	0.0780406	0.0411248	0.00976111	0	1.619707	1.83798	0.7981313	0.2018687	68.86201
840	8.76161	-22.6428	31.4044	0.393117	0.606883	8.116488	0.26895	0.233904	0.153444	0.124371	0.0791289	0.0397073	0.00972766	0	1.661034	1.925233	0.6068826	0.3931174	84.1847
850	8.03352	-23.8587	31.8922	0.679898	0.320102	8.934002	0.270986	0.235326	0.157578	0.123653	0.0809006	0.0398493	0.00973674	0	1.173228	1.999814	0.3201017	0.6798983	99.95708
860	5.62503	-21.7882	27.4132	0.237361	0.762639	0.9991333	0.277398	0.238621	0.160077	0.12402	0.0815901	0.0395316	0.0095444	0	5.652245	1.210539	0.7626387	0.2373613	16.23824
870	7.89758	-19.6227	27.5203	0.669213	0.330787	4.137455	0.277445	0.234094	0.159783	0.128306	0.0802803	0.0404125	0.00943606	0	5.545169	1.72617	0.3307872	0.6692128	53.23172
880	9.51561	-20.6092	30.1248	0.120139	0.879861	5.601965	0.27601	0.233505	0.15901	0.126346	0.0779639	0.0403794	0.00980281	0	2.940671	1.820981	0.8798609	0.1201391	66.21881
890	8.85692	-19.2456	28.1025	0.396733	0.603267	5.640642	0.276499	0.233981	0.1594	0.12685	0.0779872	0.0404129	0.00972546	0	4.962933	1.983888	0.6032666	0.3967334	96.35808
900	7.66024	-22.206	29.8663	0.671498	0.328502	1.311727	0.273338	0.233875	0.156553	0.128993	0.0779069	0.0412984	0.00979161	0	3.199225	1.779714	0.3285024	0.6714976	60.21632
910	7.60853	-18.809	26.4175	0.206649	0.793351	4.220123	0.267315	0.237344	0.157409	0.128778	0.0795507	0.0405402	0.00968436	0	6.647957	1.955494	0.7933507	0.2066493	90.25966
920	8.06018	-20.2026	28.2628	0.640774	0.359226	2.585327	0.275349	0.238742	0.153753	0.128104	0.0794239	0.0409305	0.00963285	0	4.802649	1.736738	0.3592263	0.6407737	54.54292
930	9.28503	-19.985	29.27	0.586465	0.413535	3.542462	0.279292	0.227385	0.159279	0.127339	0.0805521	0.0400272	0.00981446	0	3.795469	1.987687	0.4135352	0.5864648	97.20464
940	7.80853	-24.278	32.0865	0.840568	0.159432	5.031797	0.272386	0.233234	0.159504	0.126603	0.0803777	0.0394791	0.00936246	0	0.9789511	1.825094	0.1594316	0.8405684	66.84886
950	8.14698	-20.8191	28.966	0.592312	0.407688	2.769843	0.276539	0.230593	0.15343	0.127076	0.0816897	0.0394774	0.0094994	0	4.099446	1.622956	0.4076882	0.5923118	41.97165
960	6.23816	-19.5602	25.7984	0.319017	0.680983	7.67878	0.275672	0.238232	0.154752	0.123958	0.0818892	0.0396751	0.00938276	0	7.267083	1.923192	0.6809826	0.3190174	83.79003
970	9.59894	-21.5307	31.1296	0.734435	0.265565	5.383281	0.277583	0.233713	0.157163	0.123679	0.0815071	0.0406571	0.00947262	0	1.935886	1.892249	0.2655647	0.7344353	78.02781
980	8.07458	-23.5867	31.6613	0.280039	0.719961	4.866979	0.27605	0.229474	0.153855	0.126388	0.0790704	0.0403208	0.00947867	0	1.404149	1.63185	0.7199607	0.2800393	42.84001
990	9.35877	-21.0509	30.4096	0.575392	0.424608	7.701091	0.279893	0.235619	0.155294	0.124747	0.0792938	0.0398577	0.00946352	0	2.655844	1.952151	0.424608	0.575392	89.56764
1000	9.1779	-19.9449	29.1228	0.121887	0.878113	3.992788	0.276545	0.236546	0.159989	0.126986	0.0778693	0.0408966	0.00946063	0	3.942673	1.867146	0.8781133	0.1218867	73.64538
1010	9.86008	-21.6558	31.5158	0.0611931	0.938807	6.174723	0.276537	0.233532	0.155511	0.124439	0.0809247	0.0403259	0.00941015	0	1.549629	1.99296	0.9388069	0.06119314	98.39202
1020	9.20089	-20.0178	29.2187	0.741356	0.258644	4.448792	0.275832	0.230349	0.159471	0.125422	0.0815684	0.0406991	0.00940393	0	3.846825	1.852283	0.2586437	0.7413563	71.16773
1030	9.87645	-20.8752	30.7517	0.217174	0.782826	4.515296	0.268321	0.232671	0.160478	0.12746	0.0784084	0.0407098	0.00948883	0	2.313783	1.9923	0.7828259	0.2171741	98.24258
1040	6.88492	-20.4402	27.3251	0.826919	0.173081	6.770611	0.275576	0.234492	0.159942	0.128096	0.0806291	0.0397073	0.00967916	0	5.740398	1.711653	0.1730807	0.8269193	51.48177
1050	5.40183	-22.5191	27.921	0.147078	0.852922	4.472154	0.270172	0.234904	0.160902	0.126814	0.0818915	0.0401093	0.0093533	0	5.144493	1.22854	0.8529222	0.1470778	16.92546
1060	9.29007	-19.9002	29.1903	0.920529	0.0794708	3.728005	0.279385	0.238342	0.158686	0.129425	0.0803291	0.0399058	0.00963769	0	3.87521	1.977356	0.0794708	0.9205292	94.91973
1070	8.42177	-20.6446	29.0664	0.539231	0.460769	2.989541	0.27938	0.232119	0.154743	0.129059	0.0811989	0.0412508	0.00941502	0	3.999101	1.683016	0.4607687	0.5392313	48.19651
1080	8.89224	-19.4445	28.3367	0.555885	0.444115	4.52821	0.279672	0.228229	0.158364	0.129445	0.0788761	0.0408302	0.00967906	0	4.728779	1.90987	0.444115	0.555885	81.25868
1090	7.57991	-23.8388	31.4188	0.640486	0.359514	2.531254	0.276189	0.228083	0.153304	0.128379	0.0781023	0.0410032	0.0096909	0	1.646722	1.693899	0.3595145	0.6404855	49.41955
1100	8.25605	-21.406	29.662	0.477358	0.522642	7.173984	0.274158	0.227739	0.156637	0.127378	0.0804353	0.0403939	0.00968073	0	3.403462	1.753309	0.5226416	0.4773584	56.66418
1110	8.62577	-19.8632	28.489	0.406212	0.593788	7.267524	0.266098	0.227021	0.160649	0.129618	0.0807434	0.0401579	0.00970296	0	4.576507	1.945855	0.5937883	0.4062117	88.27859
1120	9.90318	-20.5661	30.4692	0.44408	0.55592	4.885276	0.267624	0.227424	0.157175	0.128807	0.0808916	0.0400099	0.00970373	0	2.596235	1.966363	0.5559195	0.4440805	92.54718
1130	8.65259	-19.6538	28.3064	0.198223	0.801777	6.346873	0.272926	0.22783	0.15409	0.129489	0.081791	0.0401818	0.00964367	0	4.759119	1.890905	0.8017768	0.1982232	77.7866
1140	8.12286	-20.2995	28.4223	0.877446	0.122554	8.137051	0.26993	0.229464	0.153807	0.128709	0.0815611	0.0405923	0.00951049	0	4.643127	1.949526	0.1225539	0.8774461	89.02787
1150	9.12804	-22.1205	31.2485	0.873325	0.126675	8.049397	0.27405	0.237583	0.15454	0.129536	0.0814019	0.0396214	0.00982183	0	1.816967	1.963451	0.1266751	0.8733249	91.92867
1160	8.83696	-21.4168	30.2537	0.151331	0.848669	6.913494	0.271841	0.237055	0.156346	0.128033	0.0811176	0.039925	0.00976448	0	2.811749	1.777733	0.8486688	0.1513312	59.94227
1170	7.99471	-20.3067	28.3014	0.550717	0.449283	8.374723	0.266892	0.229489	0.160382	0.125497	0.0819258	0.0397819	0.0097227	0	4.764077	1.964708	0.4492835	0.5507165	92.19515
1180	7.96423	-22.2932	30.2574	0.401525	0.598475	3.555945	0.270082	0.227754	0.158426	0.123448	0.0785567	0.0399349	0.00971349	0	2.808043	1.457958	0.5984753	0.4015247	28.70505
1190	5.54734	-25.3095	30.8568	0.00390807	0.996092	1.470865	0.266413	0.236641	0.159677	0.124416	0.0781373	0.0395397	0.00979002	0	2.208674	0.9887834	0.9960919	0.003908065	9.745034
1200	6.89582	-21.3883	28.2841	0.410689	0.589311	1.946664	0.26768	0.237598	0.15885	0.123704	0.0803401	0.0410685	0.00962282	0	4.781356	1.376858	0.5893109	0.4106891	23.81541
1210	6.84428	-19.7978	26.6421	0.928993	0.0710067	1.757557	0.27248	0.230533	0.157217	0.12694	0.080325	0.0408513	0.0094172	0	6.423375	1.833679	0.07100669	0.9289933	68.18344
1220	9.31345	-21.5573	30.8708	0.903584	0.0964158	3.700299	0.273524	0.227079	0.153532	0.12463	0.0794094	0.0411586	0.00948327	0	2.194681	1.916376	0.0964158	0.9035842	82.4852
1230	6.37907	-21.058	27.4371	0.713095	0.286905	3.299637	0.274055	0.232117	0.153918	0.12349	0.0794113	0.03985	0.00937571	0	5.628366	1.358164	0.2869055	0.7130945	22.81203
1240	9.39861	-20.2939	29.6925	0.925297	0.0747033	3.868215	0.276576	0.235765	0.155418	0.124416	0.0808009	0.0396187	0.00935648	0	3.373012	1.919745	0.07470334	0.9252967	83.12755
1250	9.10275	-20.2171	29.3199	0.981053	0.0189473	6.687611	0.276369	0.236434	0.157523	0.126939	0.0801542	0.0408312	0.0094257	0	3.745585	1.895064	0.0189473	0.9810527	78.5352
1260	9.82796	-20.4431	30.271	0.2641	0.7359	6.041521	0.274479	0.232724	0.159502	0.124779	0.0809396	0.0399498	0.00946695	0	2.794445	1.934413	0.7358997	0.2641003	85.98303
1270	8.75942	-22.157	30.9164	0.697451	0.302549	5.583778	0.277395	0.227973	0.159448	0.123305	0.0780102	0.0404682	0.00958671	0	2.149051	1.699353	0.3025486	0.6974514	50.04412
1280	7.03496	-24.6001	31.6351	0.583701	0.416299	3.257632	0.268355	0.230969	0.159456	0.125234	0.0810756	0.0395106	0.00974049	0	1.430415	1.502312	0.4162986	0.5837014	31.79158
1290	9.53537	-19.7302	29.2655	0.219987	0.780013	6.106969	0.266809	0.228987	0.159273	0.124502	0.0804573	0.0404664	0.00939101	0	3.799947	1.986434	0.7800126	0.2199874	96.92467
1300	9.8671	-21.3537	31.2208	0.925691	0.0743086	6.261969	0.273214	0.230026	0.160885	0.125644	0.0801464	0.0395066	0.00967015	0	1.844692	1.986868	0.07430857	0.9256914	97.02155
1310	8.94151	-22.6318	31.5733	0.820383	0.179617	7.015942	0.266543	0.227166	0.158325	0.127635	0.0814866	0.0396588	0.00977261	0	1.492186	1.887028	0.1796171	0.8203829	77.09527
1320	9.41775	-22.1018	31.5195	0.0180263	0.981974	6.009135	0.276907	0.227432	0.160563	0.124344	0.0785968	0.0399767	0.00957858	0	1.545952	1.867069	0.9819737	0.01802633	73.63239
1330	8.93708	-20.7882	29.7253	0.673246	0.326754	3.3377	0.273837	0.231674	0.158336	0.127051	0.0802427	0.0395945	0.00947797	0	3.340209	1.775202	0.3267543	0.6732457	59.59393
1340	8.71586	-20.6673	29.3831	0.772714	0.227286	7.817006	0.267068	0.232111	0.156108	0.128584	0.079351	0.0400073	0.00959594	0	3.68235	1.916827	0.2272864	0.7727136	82.57081
1350	9.37261	-20.2524	29.625	0.523858	0.476142	4.838764	0.268237	0.229584	0.155996	0.126709	0.0787477	0.0402015	0.00945633	0	3.440469	1.839862	0.4761416	0.5238584	69.16117
1360	8.61326	-23.335	31.9483	0.922525	0.0774746	6.549739	0.272056	0.235608	0.159025	0.125044	0.0780236	0.0399505	0.00940622	0	1.117225	1.915888	0.07747461	0.9225254	82.39249
1370	7.62779	-24.0002	31.628	0.719329	0.280671	3.276806	0.271587	0.237735	0.156771	0.12565	0.0785751	0.0413529	0.00943323	0	1.437518	1.661673	0.2806715	0.7193285	45.88523
1380	7.5381	-18.8076	26.3457	0.656453	0.343547	4.856782	0.276778	0.234578	0.160527	0.127292	0.0792891	0.0410173	0.00937643	0	6.719798	1.959781	0.3435471	0.6564529	91.15515
1390	5.28196	-26.1917	31.4737	0.518794	0.481206	7.769425	0.278643	0.23653	0.156057	0.126171	0.0802703	0.0412279	0.00972255	0	1.591815	1.536081	0.4812059	0.5187941	34.36221
1400	9.59449	-19.8958	29.4903	0.00128766	0.998712	5.974441	0.267568	0.231059	0.156377	0.126576	0.0798915	0.0401758	0.00983503	0	3.575171	1.929741	0.9987123	0.001287655	85.06311
1410	4.69153	-19.4476	24.1391	0.135345	0.864655	1.339774	0.267654	0.229851	0.159101	0.129187	0.0793309	0.0396156	0.00940069	0	8.926364	1.668191	0.8646549	0.1353451	46.57904
1420	6.11821	-23.263	29.3812	0.804744	0.195256	0.2614354	0.270378	0.236303	0.156721	0.129285	0.0796862	0.0411593	0.00949177	0	3.684256	1.474887	0.1952559	0.8047441	29.84604
1430	3.9245	-26.0651	29.9896	0.468957	0.531043	0.03198062	0.268639	0.235843	0.154134	0.128686	0.0795659	0.0401264	0.00945259	0	3.075848	0.8611904	0.5310431	0.4689569	7.264243
1440	6.76103	-20.0027	26.7638	0.837135	0.162865	1.424691	0.274902	0.235567	0.152936	0.127775	0.0778579	0.0412476	0.00944237	0	6.301708	1.912003	0.1628651	0.8371349	81.65888
1450	7.21614	-19.4967	26.7128	0.058247	0.941753	2.332745	0.276603	0.23285	0.154531	0.126412	0.0779473	0.040323	0.00935991	0	6.352661	1.850297	0.941753	0.058247	70.84301
1460	9.21307	-19.6516	28.8646	0.975184	0.0248157	6.514885	0.272262	0.230086	0.154398	0.127842	0.0784838	0.0406041	0.00957626	0	4.200832	1.996316	0.02481568	0.9751843	99.15538
1470	5.41575	-22.7978	28.2136	0.650812	0.349188	4.96279	0.271663	0.232585	0.15491	0.126348	0.0802929	0.0398949	0.00973341	0	4.851919	1.281838	0.3491883	0.6508117	19.1354
1480	7.01263	-19.6564	26.669	0.512339	0.487661	4.007043	0.279034	0.231667	0.157707	0.125587	0.0794821	0.0407019	0.00982841	0	6.396435	1.615423	0.4876615	0.5123385	41.24989
1490	2.26624	-21.8846	24.1508	0.791967	0.208033	4.646503	0.278905	0.229397	0.158761	0.128756	0.078024	0.0410836	0.00957731	0	8.914676	1.206749	0.2080329	0.7919671	16.09716
1500	7.78252	-22.3721	30.1547	0.931704	0.0682957	6.671047	0.276967	0.235343	0.160371	0.127946	0.0788137	0.0400741	0.00944539	0	2.910824	1.646251	0.06829566	0.9317043	44.28438
1510	8.69449	-19.2667	27.9612	0.930555	0.0694447	3.928247	0.276093	0.23519	0.159475	0.124912	0.0789396	0.0394073	0.00970839	0	5.104324	1.986746	0.0694447	0.9305553	96.99415
1520	6.84148	-20.4112	27.2527	0.590985	0.409015	1.742192	0.272062	0.231475	0.157523	0.127951	0.0795926	0.0396997	0.00966894	0	5.812806	1.577609	0.4090153	0.5909847	37.81023
1530	7.39356	-22.8836	30.2772	0.0180409	0.981959	2.573653	0.267594	0.231196	0.157663	0.128235	0.0789325	0.0397116	0.00978406	0	2.788307	1.293915	0.9819591	0.01804088	19.67501
1540	9.16395	-21.3703	30.5343	0.84232	0.15768	7.720996	0.276324	0.230055	0.155044	0.129302	0.0779798	0.0400421	0.00977325	0	2.531201	1.918487	0.1576803	0.8423197	82.8872
1550	8.30541	-19.6533	27.9587	0.519367	0.480633	5.091959	0.27344	0.232935	0.154921	0.127707	0.0779132	0.0410383	0.0097509	0	5.106765	1.774786	0.4806327	0.5193673	59.53692
1560	8.56847	-19.4052	27.9737	0.734432	0.265568	3.672776	0.274026	0.238568	0.15684	0.126233	0.0778526	0.0393956	0.00966128	0	5.091814	1.927384	0.2655684	0.7344316	84.60262
1570	8.13213	-21.6568	29.789	0.696446	0.303554	6.752816	0.27642	0.237247	0.159718	0.129473	0.0808696	0.0394659	0.00980449	0	3.276506	1.695218	0.3035539	0.6964461	49.56994
1580	8.36234	-19.7185	28.0809	0.584507	0.415493	5.672367	0.271506	0.235462	0.160846	0.125826	0.0807063	0.041162	0.00944665	0	4.9846	1.808613	0.4154933	0.5845067	64.35954
1590	9.74094	-20.0658	29.8067	0.0634011	0.936599	6.181449	0.271238	0.230781	0.158067	0.125544	0.080879	0.0399013	0.00940186	0	3.25877	1.957053	0.9365989	0.06340109	90.58433
1600	9.15396	-19.8836	29.0376	0.551358	0.448642	3.837442	0.279155	0.231383	0.156743	0.124164	0.0795364	0.0394602	0.00937729	0	4.027877	1.91249	0.4486417	0.5513583	81.75045
1610	8.72234	-22.6274	31.3498	0.880936	0.119064	3.411468	0.272767	0.230914	0.156837	0.123605	0.0780967	0.0395494	0.00944175	0	1.715716	1.885428	0.1190635	0.8809365	76.81178
1620	8.49819	-21.8786	30.3767	0.85028	0.14972	6.855677	0.273607	0.233139	0.160719	0.125548	0.0795827	0.0394073	0.00979246	0	2.68873	1.745265	0.1497201	0.8502799	55.62442
1630	3.18506	-20.3286	23.5136	0.653634	0.346366	2.191233	0.275331	0.228726	0.154051	0.125466	0.0817627	0.0396853	0.00980943	0	9.551842	1.224363	0.3463656	0.6536344	16.76342
1640	9.08724	-20.1409	29.2281	0.86779	0.13221	5.096689	0.279598	0.2289	0.157011	0.129057	0.0812473	0.0400556	0.00966031	0	3.837328	1.806887	0.1322097	0.8677903	64.10422
1650	8.07927	-22.9788	31.058	0.18308	0.81692	8.314086	0.279145	0.236535	0.153658	0.128174	0.0779207	0.0402394	0.00983716	0	2.007456	1.830285	0.8169196	0.1830804	67.65262
1660	9.86013	-20.4909	30.351	0.273188	0.726812	5.498492	0.273795	0.237822	0.158315	0.126997	0.0791204	0.0402517	0.00968362	0	2.714452	1.923844	0.7268116	0.2731884	83.91588
1670	9.68538	-20.0368	29.7221	0.866453	0.133547	4.653357	0.272288	0.238136	0.160242	0.125754	0.0816347	0.0412506	0.00960106	0	3.343342	1.968312	0.1335471	0.8664529	92.96342
1680	7.97451	-20.8294	28.8039	0.940863	0.0591371	2.251825	0.273991	0.237694	0.155961	0.129499	0.0797029	0.0410632	0.0096075	0	4.261593	1.66781	0.05913712	0.9408629	46.53823
1690	8.07195	-19.2678	27.3397	0.824514	0.175486	3.633571	0.271157	0.235964	0.153499	0.129273	0.0807699	0.0401485	0.00972644	0	5.725757	1.876017	0.1754855	0.8245145	75.16524
1700	9.05881	-22.5906	31.6494	0.822635	0.177365	5.17421	0.276769	0.230711	0.158971	0.1294	0.0792462	0.0401606	0.00973876	0	1.416038	1.877549	0.1773653	0.8226347	75.43091
1710	9.28171	-21.3346	30.6163	0.122748	0.877252	3.344162	0.278885	0.227658	0.155748	0.123526	0.0788605	0.0394836	0.00950395	0	2.449158	1.913272	0.8772525	0.1227475	81.89769
1720	9.1984	-22.4353	31.6337	0.0351317	0.964868	5.060797	0.276471	0.229095	0.154038	0.125234	0.0798914	0.0394755	0.00948908	0	1.431737	1.853908	0.9648683	0.03513171	71.43447
1730	7.47599	-20.0307	27.5067	0.47731	0.52269	3.395661	0.278342	0.229102	0.155838	0.127836	0.0793622	0.0394133	0.00953573	0	5.558823	1.594567	0.5226897	0.4773103	39.31583
1740	7.58442	-22.6222	30.2067	0.551567	0.448433	2.029567	0.267379	0.232287	0.157996	0.126792	0.0789094	0.0395444	0.00969847	0	2.858821	1.498939	0.4484333	0.5515667	31.54564
1750	9.69334	-21.0834	30.7767	0.505072	0.494928	5.969585	0.269527	0.238263	0.15612	0.127861	0.0808825	0.0398904	0.00959881	0	2.288756	1.889098	0.4949278	0.5050722	77.46371
1760	7.46078	-19.4333	26.8941	0.47814	0.52186	2.43588	0.272613	0.229727	0.154459	0.125869	0.0813746	0.0404578	0.00958204	0	6.171363	1.953573	0.5218598	0.4781402	89.86129
1770	7.15236	-18.7045	25.8569	0.518582	0.481418	3.803464	0.26694	0.227706	0.153361	0.127787	0.0800764	0.0404279	0.00950226	0	7.208608	1.991473	0.481418	0.518582	98.05573
1780	7.98299	-22.8355	30.8185	0.331075	0.668925	5.454279	0.278568	0.229319	0.1535	0.128076	0.0796255	0.0413554	0.00940024	0	2.246985	1.54684	0.6689254	0.3310746	35.22412
1790	6.50117	-18.7722	25.2733	0.482315	0.517685	5.211418	0.278511	0.237116	0.157026	0.127954	0.0804986	0.0410013	0.00955196	0	7.792131	1.887649	0.5176854	0.4823146	77.20558
1800	9.22917	-19.5298	28.7589	0.624318	0.375682	4.974435	0.269896	0.231524	0.159259	0.127594	0.0780983	0.0410738	0.00972601	0	4.30655	1.945088	0.3756815	0.6243185	88.12266
1810	6.68408	-23.2524	29.9365	0.255738	0.744262	2.637522	0.271859	0.231646	0.158373	0.12429	0.0799963	0.0410059	0.0098069	0	3.128992	1.189477	0.744262	0.255738	15.46953
1820	9.13306	-19.5682	28.7012	0.594739	0.405261	5.46876	0.272046	0.236069	0.155033	0.129276	0.0801345	0.039612	0.00963293	0	4.364256	1.929061	0.4052614	0.5947386	84.92993
1830	8.13951	-23.7098	31.8493	0.846414	0.153586	4.469047	0.277769	0.238732	0.154685	0.12833	0.0812207	0.0412973	0.00983528	0	1.21613	1.775369	0.1535856	0.8464144	59.61681
1840	9.32736	-20.6039	29.9312	0.529313	0.470687	4.28644	0.276025	0.236355	0.156225	0.128895	0.080992	0.0413209	0.00965451	0	3.134231	1.805882	0.4706865	0.5293135	63.95615
1850	6.86942	-21.0362	27.9056	0.786853	0.213147	1.5193	0.278617	0.236393	0.156486	0.126793	0.0791482	0.0410147	0.00962018	0	5.159833	1.503864	0.2131467	0.7868533	31.90535
1860	9.5384	-22.1276	31.666	0.459745	0.540255	6.40092	0.274656	0.229582	0.155636	0.126858	0.0809878	0.041287	0.0093893	0	1.399456	1.975733	0.5402547	0.4597453	94.56562
1870	8.85485	-21.6347	30.4895	0.596896	0.403104	3.015232	0.267643	0.2312	0.15774	0.125568	0.0818409	0.0400504	0.0094087	0	2.575954	1.80087	0.4031035	0.5968965	63.22228
1880	7.40267	-19.8328	27.2354	0.345707	0.654293	1.992978	0.266811	0.233521	0.155559	0.123228	0.0818048	0.0396598	0.00971667	0	5.830043	1.885594	0.6542933	0.3457067	76.84111
1890	9.35525	-21.4947	30.85	0.696744	0.303256	7.294731	0.269851	0.228509	0.156592	0.124691	0.0800336	0.0394326	0.00983906	0	2.215514	1.908557	0.3032561	0.6967439	81.01351
1900	7.61261	-22.4175	30.0301	0.306104	0.693896	4.238874	0.272185	0.227841	0.155934	0.12391	0.0815943	0.0399096	0.00978385	0	3.035374	1.404159	0.6938959	0.3061041	25.36059
1910	7.8436	-22.6179	30.4615	0.467815	0.532185	1.792428	0.270169	0.229925	0.153565	0.128683	0.0796262	0.0401823	0.00974871	0	2.603972	1.708209	0.5321847	0.4678153	51.07511
1920	9.12109	-21.6644	30.7855	0.32058	0.67942	4.035254	0.266197	0.227965	0.158214	0.123205	0.0814884	0.0397862	0.00967931	0	2.279981	1.748601	0.6794202	0.3205798	56.0533
1930	8.17379	-21.9053	30.0791	0.985689	0.014311	5.753674	0.276811	0.231803	0.159893	0.125115	0.0792862	0.0402246	0.0094573	0	2.986368	1.620156	0.01431103	0.985689	41.70189
1940	9.06115	-21.2635	30.3246	0.0182401	0.98176	5.057323	0.279542	0.229042	0.160584	0.123384	0.08122	0.0395552	0.00937041	0	2.740853	1.685647	0.9817599	0.0182401	48.48941
1950	9.77012	-21.6243	31.3945	0.917332	0.0826684	6.37745	0.276016	0.227088	0.157283	0.12908	0.0807975	0.0398593	0.00936911	0	1.67101	1.996033	0.08266838	0.9173316	99.09078
1960	9.7729	-20.9962	30.7691	0.663619	0.336381	7.359618	0.275223	0.2269	0.159895	0.128378	0.0792287	0.0397579	0.00949507	0	2.296413	1.999707	0.3363807	0.6636193	99.93245
1970	8.36911	-19.2281	27.5973	0.69064	0.30936	4.688683	0.274174	0.237647	0.157307	0.124268	0.0813791	0.0396531	0.00956002	0	5.468222	1.894343	0.3093596	0.6906404	78.40483
1980	8.25054	-23.1731	31.4237	0.799739	0.200261	5.502236	0.266074	0.228142	0.159016	0.124342	0.0797657	0.0394685	0.00965267	0	1.641825	1.675311	0.2002606	0.7997394	47.34905
1990	9.90079	-20.8932	30.794	0.406886	0.593114	5.679737	0.270535	0.230609	0.157248	0.123741	0.0790085	0.0409101	0.00973869	0	2.27146	1.933007	0.5931137	0.4068863	85.70517
2000	7.75415	-23.0222	30.7763	0.0637873	0.936213	1.713405	0.273521	0.230751	0.160407	0.127904	0.078321	0.04014	0.00967179	0	2.289137	1.772297	0.9362127	0.06378725	59.19667
2010	4.34324	-23.2843	27.6276	0.335827	0.664173	7.424379	0.272517	0.231517	0.160497	0.125597	0.0780017	0.0396404	0.00982265	0	5.437897	1.469027	0.6641727	0.3358273	29.44607
2020	9.26871	-19.9346	29.2033	0.0725936	0.927406	3.835087	0.274138	0.237451	0.160891	0.123313	0.0781772	0.0408338	0.00956933	0	3.862164	1.913883	0.9274064	0.07259357	82.01315
2030	9.69786	-21.6537	31.3516	0.965457	0.0345434	5.170455	0.27985	0.234868	0.156763	0.125355	0.0785785	0.0411316	0.00977558	0	1.713894	1.97705	0.03454335	0.9654566	94.85281
2040	8.95357	-22.3397	31.2933	0.631624	0.368376	7.46395	0.274418	0.23505	0.157281	0.127352	0.0786064	0.0412329	0.00965412	0	1.772214	1.884409	0.3683758	0.6316242	76.63177
2050	8.11086	-22.0503	30.1611	0.662492	0.337508	6.320802	0.27482	0.234686	0.154434	0.12483	0.0791403	0.0401269	0.00970524	0	2.904368	1.644169	0.337508	0.662492	44.07263
2060	8.53446	-22.233	30.7675	0.0418469	0.958153	3.619492	0.270666	0.236975	0.157268	0.124227	0.0809088	0.0412378	0.00949693	0	2.297968	1.565849	0.9581531	0.04184688	36.80007
2070	7.92282	-22.2352	30.158	0.261697	0.738303	2.971545	0.271214	0.234871	0.1591	0.124087	0.0782725	0.0405809	0.00959055	0	2.907468	1.449486	0.738303	0.261697	28.15048
2080	8.3754	-20.3093	28.6847	0.653732	0.346268	5.796568	0.274942	0.233046	0.159195	0.126705	0.0798235	0.0405448	0.00940592	0	4.38073	1.734956	0.3462679	0.6537321	54.31951
2090	6.11418	-24.3982	30.5124	0.102129	0.897871	1.4038	0.273588	0.227156	0.154179	0.128873	0.0817558	0.0401575	0.0095843	0	2.55311	1.107184	0.8978706	0.1021294	12.79925
2100	8.22275	-21.2076	29.4303	0.457034	0.542966	2.498496	0.275806	0.228525	0.154296	0.124269	0.0813091	0.0402311	0.00945903	0	3.635165	1.638861	0.5429656	0.4570344	43.53721
2110	9.20557	-21.9336	31.1391	0.588881	0.411119	5.505517	0.279309	0.231255	0.158756	0.124294	0.0815133	0.0408767	0.00945925	0	1.926335	1.792196	0.4111194	0.5888806	61.97203
2120	9.57974	-20.5559	30.1357	0.564692	0.435308	6.347411	0.273287	0.236545	0.15756	0.125031	0.08049	0.0403045	0.00960178	0	2.929824	1.896072	0.4353082	0.5646918	78.71758
2130	8.41069	-20.052	28.4627	0.476338	0.523662	6.455651	0.274373	0.237639	0.160061	0.124195	0.0811072	0.0394657	0.0097123	0	4.602805	1.81497	0.5236617	0.4763383	65.30848
2140	9.79869	-21.0268	30.8255	0.667936	0.332064	6.403084	0.279832	0.235338	0.15909	0.123626	0.0814522	0.0409776	0.00961647	0	2.239958	1.936048	0.3320637	0.6679363	86.30737
2150	7.01038	-23.8744	30.8848	0.000132156	0.999868	8.41572	0.279671	0.232873	0.156051	0.124963	0.0809138	0.0410446	0.00970171	0	2.180722	1.709624	0.9998678	0.0001321561	51.24175
2160	8.8617	-21.2776	30.1393	0.571744	0.428256	2.468802	0.270627	0.230691	0.153786	0.128465	0.0798558	0.0410657	0.00975422	0	2.926219	1.993646	0.4282556	0.5717444	98.5477
2170	9.29852	-21.1441	30.4426	0.994681	0.00531867	4.566425	0.272607	0.233036	0.156418	0.125382	0.0815709	0.0413321	0.0094656	0	2.622857	1.788442	0.00531867	0.9946813	61.43867
2180	9.40843	-21.0262	30.4346	0.749235	0.250765	7.280941	0.270455	0.237369	0.160292	0.124462	0.0794822	0.0407474	0.00965916	0	2.63089	1.920508	0.2507654	0.7492346	83.27378
2190	9.44356	-19.5067	28.9502	0.253266	0.746734	5.266012	0.267239	0.233103	0.156794	0.123334	0.080858	0.0398049	0.00975056	0	4.115231	1.989711	0.7467345	0.2532655	97.65867
2200	3.52731	-24.2499	27.7772	0.21208	0.78792	2.447534	0.266432	0.233823	0.159739	0.127259	0.0780697	0.0396803	0.00952632	0	5.288294	0.8619184	0.7879203	0.2120797	7.27643
2210	9.79552	-21.6147	31.4102	0.548059	0.451941	6.221786	0.275769	0.234878	0.159085	0.128386	0.0799769	0.039511	0.00964696	0	1.655304	1.984339	0.4519415	0.5480585	96.45827
2220	8.96128	-22.2692	31.2305	0.61097	0.38903	4.01925	0.274892	0.233243	0.153002	0.126733	0.0786246	0.0404879	0.00958322	0	1.834969	1.797968	0.3890302	0.6109698	62.80114
2230	5.89709	-22.9821	28.8792	0.0217651	0.978235	1.784176	0.276986	0.229373	0.152945	0.126546	0.0793733	0.0409539	0.00964541	0	4.186252	1.0373	0.9782349	0.0217651	10.89683
2240	7.19483	-21.3589	28.5538	0.138854	0.861146	2.532537	0.274653	0.227649	0.154908	0.129252	0.0805272	0.0404619	0.009837	0	4.511724	1.35922	0.861146	0.138854	22.86757
2250	6.24637	-20.9196	27.166	0.373322	0.626678	0.7968558	0.277927	0.228885	0.155502	0.125324	0.077976	0.040947	0.00937123	0	5.899488	1.592426	0.626678	0.373322	39.12248
2260	4.68739	-27.115	31.8024	0.809768	0.190232	0.6290161	0.279133	0.230815	0.154576	0.123613	0.0802192	0.0394339	0.00961442	0	1.2631	1.951529	0.1902324	0.8097676	89.43932
2270	8.33365	-21.2843	29.618	0.175052	0.824948	2.176621	0.275513	0.235255	0.159144	0.124216	0.0809878	0.0402866	0.00964398	0	3.447524	1.744646	0.8249476	0.1750524	55.54518
2280	7.61169	-20.312	27.9237	0.918533	0.0814668	3.076498	0.267834	0.22932	0.157687	0.123248	0.0804071	0.0408904	0.00952658	0	5.141802	1.583224	0.08146684	0.9185332	38.30226
2290	5.97811	-23.3563	29.3344	0.145553	0.854447	0.6684092	0.266331	0.226971	0.159559	0.126767	0.0799452	0.041096	0.00964059	0	3.731052	1.161846	0.854447	0.145553	14.51597
2300	7.61804	-23.8333	31.4514	0.898859	0.101141	8.382282	0.2719	0.234809	0.15641	0.124818	0.0797208	0.0408555	0.00942285	0	1.61411	1.841062	0.1011407	0.8988593	69.35256
2310	8.33697	-23.1047	31.4416	0.00917914	0.990821	5.062878	0.276275	0.227638	0.157108	0.125668	0.0817833	0.0410349	0.00953149	0	1.623853	1.591571	0.9908209	0.009179136	39.04548
2320	9.21717	-21.3818	30.599	0.258645	0.741355	3.62082	0.266402	0.235707	0.153928	0.126233	0.0808117	0.0410612	0.00952403	0	2.466498	1.818546	0.7413548	0.2586452	65.84856
2330	7.52908	-21.1582	28.6873	0.379941	0.620059	4.467163	0.271217	0.237812	0.15728	0.128162	0.0790939	0.0412651	0.00978366	0	4.378189	1.474736	0.6200592	0.3799408	29.83568
2340	9.12105	-22.0098	31.1309	0.746507	0.253493	3.382531	0.269555	0.228928	0.154312	0.128486	0.0780073	0.0404849	0.00962963	0	1.934609	1.979808	0.2534929	0.7465071	95.45714
2350	9.09764	-20.807	29.9047	0.469423	0.530577	3.885644	0.273347	0.227853	0.156481	0.128956	0.078004	0.0401332	0.00949695	0	3.160788	1.755763	0.530577	0.469423	56.98535
2360	8.72194	-23.1288	31.8508	0.97517	0.0248301	7.371192	0.275759	0.236264	0.160207	0.125275	0.0793735	0.0399814	0.00955728	0	1.214684	1.94778	0.0248301	0.9751699	88.6706
2370	8.52155	-21.4399	29.9614	0.808127	0.191873	2.830372	0.27495	0.236118	0.159322	0.129044	0.0789525	0.0402842	0.00935811	0	3.104062	1.690043	0.1918728	0.8081272	48.98268
2380	8.33888	-19.4811	27.82	0.638057	0.361943	4.90251	0.270221	0.237211	0.156978	0.128464	0.0794093	0.0405365	0.00977613	0	5.245494	1.813662	0.3619434	0.6380566	65.11209
2390	6.79133	-24.3213	31.1127	0.787678	0.212322	1.042	0.271965	0.237031	0.158819	0.126748	0.0808106	0.0408349	0.00981983	0	1.952825	1.942593	0.2123216	0.7876784	87.61789
2400	6.33418	-22.4767	28.8109	0.600278	0.399722	1.114397	0.275539	0.234508	0.153648	0.126465	0.0793382	0.0411501	0.00951885	0	4.254542	1.288578	0.399722	0.600278	19.43472
2410	9.22502	-20.0142	29.2392	0.1474	0.8526	7.198497	0.2764	0.238248	0.160383	0.128073	0.0796554	0.041316	0.00963811	0	3.826277	1.964596	0.8525996	0.1474004	92.17146
2420	9.2396	-21.0255	30.2651	0.586409	0.413591	3.239662	0.271854	0.237136	0.160942	0.129549	0.0791491	0.0400892	0.00949393	0	2.800354	1.918506	0.413591	0.586409	82.89066
2430	6.91617	-24.6183	31.5345	0.647504	0.352496	2.665739	0.270044	0.235517	0.160908	0.127388	0.0812874	0.0403241	0.00940709	0	1.530994	1.516166	0.3524962	0.6475038	32.82209
2440	4.66	-25.295	29.955	0.984694	0.0153058	1.207004	0.277141	0.231842	0.158931	0.12344	0.0795174	0.0407368	0.00960634	0	3.110448	0.9993829	0.01530582	0.9846942	9.985801
2450	8.97796	-22.0698	31.0478	0.687634	0.312366	4.277801	0.273028	0.232149	0.158214	0.124352	0.0803217	0.0397192	0.00966211	0	2.017709	1.746885	0.3123657	0.6876343	55.83224
2460	9.82646	-20.3127	30.1392	0.107267	0.892733	4.860361	0.274066	0.234731	0.153348	0.124985	0.0810877	0.0402793	0.00965577	0	2.926296	1.935616	0.8927327	0.1072673	86.22162
2470	9.28843	-20.1028	29.3913	0.817065	0.182935	7.30985	0.275723	0.229291	0.15714	0.123784	0.0784056	0.0402611	0.00980635	0	3.67422	1.979309	0.1829354	0.8170646	95.34747
2480	9.74074	-21.1208	30.8615	0.970269	0.0297308	5.694077	0.275647	0.227193	0.158241	0.124221	0.0793306	0.0411092	0.00960253	0	2.203944	1.910679	0.02973078	0.9702692	81.41025
2490	8.89188	-21.6145	30.5064	0.360689	0.639311	5.598589	0.271694	0.227388	0.155466	0.126968	0.0787537	0.0411197	0.00939275	0	2.559077	1.695876	0.6393112	0.3606888	49.64504
2500	9.28403	-19.5603	28.8443	0.456501	0.543499	5.861493	0.271031	0.230453	0.159981	0.123804	0.0789903	0.0409178	0.00944121	0	4.221141	1.974315	0.5434985	0.4565015	94.25728
2510	6.20396	-19.294	25.4979	0.452686	0.547314	2.864972	0.269783	0.227959	0.159635	0.12389	0.0810679	0.0401747	0.00960729	0	7.567527	1.657757	0.5473143	0.4526857	45.47335
2520	8.36364	-22.6005	30.9642	0.740451	0.259549	4.381921	0.271177	0.227239	0.15571	0.127198	0.0818533	0.0403662	0.00945306	0	2.101287	1.601292	0.2595488	0.7404512	39.9293
2530	8.49481	-19.8173	28.3121	0.991082	0.0089181	3.627406	0.275269	0.227663	0.15462	0.127083	0.0807353	0.0404549	0.00964839	0	4.753417	1.791324	0.008918099	0.9910819	61.84779
2540	7.33368	-21.267	28.6006	0.676844	0.323156	6.616295	0.278488	0.228723	0.153907	0.123646	0.0804476	0.0407247	0.00943352	0	4.464826	1.645215	0.3231561	0.6768439	44.17889
2550	8.09903	-23.3433	31.4423	0.115933	0.884067	7.991916	0.268613	0.227568	0.155421	0.124454	0.0802651	0.0408709	0.00938602	0	1.623164	1.8204	0.8840673	0.1159327	66.13026
2560	10.0312	-20.5909	30.6221	0.0923976	0.907602	5.122465	0.270416	0.229523	0.156681	0.126388	0.0817233	0.040447	0.00935899	0	2.44341	1.993955	0.9076024	0.09239759	98.61773
2570	8.70401	-22.1069	30.811	0.128961	0.871039	2.88136	0.270812	0.23021	0.154054	0.125369	0.0808734	0.0409223	0.00938905	0	2.254525	1.786443	0.871039	0.128961	61.15655
2580	7.21149	-23.0014	30.2128	0.612949	0.387051	1.813716	0.27177	0.229874	0.160902	0.123287	0.080336	0.0407041	0.00982308	0	2.852632	1.421303	0.387051	0.612949	26.38168
2590	9.41699	-21.0307	30.4477	0.930881	0.0691193	5.551421	0.268249	0.229062	0.154567	0.123551	0.0804077	0.0406738	0.00977378	0	2.617733	1.813368	0.06911929	0.9308807	65.06807
2600	8.30816	-20.168	28.4761	0.732908	0.267092	7.215901	0.273673	0.233304	0.153676	0.125455	0.0807787	0.040095	0.00972108	0	4.589365	1.867951	0.2670923	0.7329077	73.78203
2610	8.64046	-23.2842	31.9247	0.30484	0.69516	5.470002	0.276541	0.23823	0.155058	0.123387	0.0809963	0.0393755	0.00955195	0	1.140811	1.849297	0.69516	0.30484	70.68001
2620	8.82183	-20.5385	29.3603	0.168904	0.831096	4.064872	0.279696	0.233854	0.152982	0.126446	0.0815886	0.0408261	0.009634	0	3.705181	1.683534	0.8310959	0.1689041	48.25408
2630	6.67656	-25.6865	32.3631	0.739351	0.260649	6.851102	0.277371	0.229472	0.155702	0.123999	0.0806603	0.0412787	0.00981609	0	0.7024121	1.835273	0.260649	0.739351	68.43417
2640	8.52183	-21.7474	30.2693	0.808281	0.191719	7.199148	0.272903	0.234154	0.154237	0.126739	0.0806864	0.0402437	0.00965903	0	2.796219	1.779478	0.1917191	0.8082809	60.18362
2650	7.43863	-20.8656	28.3042	0.558207	0.441793	1.222611	0.266236	0.231257	0.156543	0.124832	0.0779833	0.0393535	0.00952253	0	4.761294	1.981142	0.4417927	0.5582073	95.75077
2660	8.31116	-23.8626	32.1738	0.681935	0.318065	6.724777	0.270468	0.229516	0.160361	0.126845	0.0780549	0.0395926	0.00946376	0	0.8917207	1.963152	0.3180651	0.6819349	91.86538
2670	6.50958	-22.7713	29.2808	0.00713892	0.992861	9.048031	0.274479	0.232935	0.155987	0.126888	0.0778414	0.0404171	0.00956335	0	3.784632	1.78343	0.9928611	0.007138916	60.73375
2680	9.25867	-21.7064	30.9651	0.97534	0.0246595	5.064747	0.27701	0.227569	0.155566	0.126684	0.0785967	0.0405454	0.00967496	0	2.100365	1.794755	0.02465953	0.9753405	62.33826
2690	8.94546	-21.0076	29.9531	0.109075	0.890925	7.328242	0.277009	0.230014	0.158223	0.128098	0.0788539	0.0394844	0.00935237	0	3.112396	1.85493	0.8909254	0.1090746	71.60277
2700	8.97756	-19.7208	28.6984	0.166065	0.833935	4.297337	0.266841	0.23524	0.156163	0.127655	0.0782545	0.040626	0.00954238	0	4.367112	1.849709	0.8339347	0.1660653	70.74723
2710	8.84842	-19.7586	28.6071	0.422079	0.577921	3.222655	0.273419	0.229285	0.154674	0.129168	0.0789517	0.0407819	0.00935858	0	4.458414	1.97895	0.5779209	0.4220791	95.26872
2720	6.60845	-25.4468	32.0553	0.769049	0.230951	7.188754	0.27471	0.228247	0.156841	0.128688	0.078351	0.0412571	0.00940313	0	1.010225	1.723526	0.2309508	0.7690492	52.90861
2730	6.08863	-24.6379	30.7265	0.620089	0.379911	1.601194	0.278668	0.229351	0.159129	0.129567	0.0792995	0.0400701	0.0098205	0	2.338979	1.22762	0.3799113	0.6200887	16.88962
2740	7.52131	-23.4686	30.9899	0.494478	0.505522	1.676433	0.273444	0.230195	0.155587	0.126827	0.0791508	0.0403765	0.00940562	0	2.075602	1.8045	0.5055224	0.4944776	63.7529
2750	9.76923	-21.3154	31.0846	0.776788	0.223212	7.022126	0.277764	0.23666	0.155144	0.127231	0.0782792	0.0394052	0.0097276	0	1.980842	1.980366	0.2232118	0.7767882	95.57981
2760	6.43467	-20.9844	27.419	0.549267	0.450733	2.120508	0.266182	0.228084	0.153825	0.123731	0.0796731	0.0405246	0.00966718	0	5.646437	1.359568	0.4507325	0.5492675	22.88591
2770	9.55487	-21.929	31.4838	0.158359	0.841641	6.741066	0.275454	0.228119	0.160802	0.124243	0.0817909	0.0397946	0.00959093	0	1.581653	1.934203	0.841641	0.158359	85.94148
2780	8.24939	-22.3249	30.5742	0.190975	0.809025	6.091448	0.275972	0.231591	0.155702	0.127463	0.0792324	0.0396277	0.00959139	0	2.491226	1.621753	0.8090252	0.1909748	41.85555
2790	8.13445	-21.7742	29.9087	0.477078	0.522922	9.140694	0.277434	0.235564	0.153144	0.124627	0.0793342	0.0393539	0.00981578	0	3.15679	1.95063	0.5229224	0.4770776	89.2544
2800	7.23737	-23.6205	30.8579	0.640932	0.359068	4.971505	0.270881	0.228611	0.154108	0.125646	0.0805546	0.0396345	0.00983638	0	2.207609	1.439916	0.3590683	0.6409317	27.53695
2810	9.31697	-20.1302	29.4471	0.328224	0.671776	3.507311	0.266479	0.227232	0.153104	0.128101	0.0790629	0.0399118	0.00940329	0	3.618331	1.973266	0.6717761	0.3282239	94.02999
2820	7.64582	-21.5232	29.169	0.897096	0.102904	4.570883	0.271006	0.232694	0.160401	0.124947	0.0792293	0.0401345	0.00946987	0	3.896464	1.495145	0.1029037	0.8970963	31.2712
2830	9.13505	-22.041	31.176	0.192337	0.807663	3.669839	0.274416	0.233767	0.159691	0.125145	0.0811907	0.0393792	0.00954412	0	1.889457	1.884805	0.8076632	0.1923368	76.70178
2840	8.34071	-21.2965	29.6372	0.78129	0.21871	5.585165	0.275129	0.234851	0.156892	0.123977	0.0782827	0.0393527	0.00961318	0	3.428243	1.64132	0.2187104	0.7812896	43.78443
2850	8.8955	-21.3442	30.2397	0.491477	0.508523	8.633494	0.270594	0.231503	0.160567	0.128387	0.0802761	0.0401012	0.00941594	0	2.825778	1.982847	0.508523	0.491477	96.12746
2860	9.14939	-21.5373	30.6867	0.793989	0.206011	3.749825	0.269661	0.228295	0.155514	0.124679	0.0816015	0.0401628	0.00941006	0	2.37879	1.812459	0.2060108	0.7939892	64.93207
2870	7.18834	-21.7409	28.9292	0.560664	0.439336	9.124736	0.276193	0.230793	0.153106	0.124965	0.081791	0.039902	0.00947871	0	4.136247	1.891053	0.4393356	0.5606644	77.81309
2880	7.50917	-24.3497	31.8589	0.0643752	0.935625	3.147458	0.279146	0.231126	0.158121	0.129384	0.0787628	0.0403535	0.00979233	0	1.20658	1.699247	0.9356248	0.06437517	50.03184
2890	8.38475	-19.7473	28.1321	0.590537	0.409463	5.955548	0.276905	0.231176	0.155028	0.128645	0.080074	0.0407055	0.00982941	0	4.933404	1.817246	0.4094626	0.5905374	65.65174
2900	8.6874	-22.7509	31.4383	0.654058	0.345942	6.425043	0.269015	0.238733	0.159252	0.128941	0.0782857	0.0396713	0.00956525	0	1.627185	1.788808	0.3459416	0.6540584	61.49052
2910	8.88352	-21.2055	30.0891	0.55199	0.44801	4.482801	0.269831	0.228148	0.156843	0.127723	0.0781616	0.0393901	0.00961548	0	2.976424	1.67137	0.4480103	0.5519897	46.92133
2920	7.86953	-19.5272	27.3967	0.301036	0.698964	4.533411	0.270716	0.22804	0.158258	0.12356	0.0787621	0.0398689	0.00949929	0	5.668771	1.738611	0.6989636	0.3010364	54.77861
2930	8.15965	-20.7676	28.9273	0.584812	0.415188	1.868265	0.267608	0.22872	0.158901	0.125011	0.0785898	0.0410518	0.00953753	0	4.138193	1.924701	0.4151881	0.5848119	84.08156
2940	9.65906	-20.4609	30.12	0.0511601	0.94884	6.59703	0.267513	0.230007	0.157798	0.124063	0.0811291	0.0393821	0.00954907	0	2.945508	1.916484	0.9488399	0.0511601	82.50565
2950	6.87555	-24.6258	31.5013	0.891223	0.108777	2.82463	0.268289	0.228385	0.160498	0.123798	0.0813165	0.0397131	0.00956055	0	1.564151	1.499571	0.1087771	0.8912229	31.59152
2960	8.41028	-23.2743	31.6846	0.75952	0.24048	4.776122	0.272739	0.228483	0.159158	0.12425	0.0810176	0.0400379	0.00964253	0	1.380919	1.750237	0.2404799	0.7595201	56.26478
2970	7.64392	-19.2232	26.8672	0.101036	0.898964	3.518643	0.279727	0.228094	0.160493	0.1251	0.0816561	0.0411375	0.00955775	0	6.198309	1.814229	0.8989638	0.1010362	65.19725
2980	9.43716	-21.998	31.4352	0.0866183	0.913382	4.794725	0.266506	0.235065	0.15689	0.125953	0.0814359	0.0413471	0.00976298	0	1.63029	1.881396	0.9133817	0.08661834	76.10194
2990	9.62373	-21.394	31.0177	0.646499	0.353501	4.59089	0.268706	0.235948	0.154077	0.123391	0.0792017	0.0408196	0.00946096	0	2.047787	1.924588	0.3535008	0.6464992	84.05973
3000	6.15167	-19.5602	25.7118	0.46621	0.53379	5.581762	0.274599	0.229262	0.158666	0.125116	0.0788814	0.0399216	0.00964727	0	7.35363	1.681148	0.5337898	0.4662102	47.98972
3010	8.33743	-20.9283	29.2657	0.228422	0.771578	5.235007	0.279361	0.229389	0.160213	0.127464	0.0787972	0.0398011	0.00944231	0	3.799781	1.622336	0.7715778	0.2284222	41.91179
3020	9.14533	-21.1336	30.2789	0.390738	0.609262	3.385552	0.274293	0.231629	0.160075	0.129086	0.0807314	0.0408361	0.00957095	0	2.786584	1.822866	0.6092619	0.3907381	66.50677
3030	8.86395	-19.254	28.1179	0.603389	0.396611	4.551276	0.268057	0.238117	0.160798	0.128612	0.0792127	0.0403652	0.00935771	0	4.947534	1.979056	0.3966106	0.6033894	95.29201
3040	6.28824	-24.2023	30.4905	0.186057	0.813943	10.56066	0.273147	0.233608	0.153868	0.126967	0.0815416	0.0392961	0.00945235	0	2.574976	1.925314	0.8139425	0.1860575	84.20036
3050	8.77031	-19.5073	28.2776	0.110558	0.889442	6.634983	0.275008	0.227371	0.155339	0.125905	0.0810599	0.0402462	0.00947871	0	4.787835	1.970597	0.8894419	0.1105581	93.45383
3060	9.79076	-20.6155	30.4063	0.191218	0.808782	4.310077	0.269155	0.228069	0.155024	0.125432	0.0814828	0.0408132	0.00953336	0	2.659217	1.966688	0.8087819	0.1912181	92.61648
3070	8.51368	-20.3415	28.8552	0.288376	0.711624	7.150257	0.276576	0.232493	0.152987	0.123589	0.0808701	0.040634	0.00973887	0	4.210254	1.84634	0.7116241	0.2883759	70.20041
3080	8.5145	-22.7164	31.2309	0.394421	0.605579	6.768146	0.276867	0.228118	0.154221	0.126102	0.0792261	0.0408829	0.00968376	0	1.834562	1.747195	0.6055792	0.3944208	55.8721
3090	6.81948	-18.888	25.7075	0.429908	0.570092	5.141235	0.269924	0.227196	0.156769	0.126972	0.0815337	0.0408777	0.00965528	0	7.357973	1.857589	0.5700915	0.4299085	72.04255
3100	7.74605	-19.9891	27.7352	0.982599	0.0174009	5.686046	0.274776	0.231492	0.159492	0.126997	0.0788563	0.0402495	0.00948218	0	5.330288	1.72123	0.01740093	0.9825991	52.62964
3110	8.6336	-19.4734	28.107	0.0785963	0.921404	5.324756	0.274311	0.232655	0.157045	0.123749	0.0783865	0.0398618	0.00949013	0	4.958505	1.857725	0.9214037	0.07859627	72.06511
3120	9.49167	-21.5007	30.9924	0.640761	0.359239	6.893288	0.266235	0.230006	0.156838	0.123487	0.0797512	0.0403623	0.00941064	0	2.073117	1.910228	0.3592386	0.6407614	81.32578
3130	9.78926	-21.1446	30.9339	0.202275	0.797725	4.759727	0.268201	0.227881	0.160594	0.12529	0.0814259	0.0405196	0.00943836	0	2.131577	1.938638	0.7977246	0.2022754	86.82374
3140	9.35883	-22.294	31.6528	0.947482	0.0525178	6.877844	0.272614	0.227488	0.156822	0.126522	0.0789676	0.0406753	0.00955986	0	1.412693	1.970865	0.05251783	0.9474822	93.51153
3150	7.34408	-24.7547	32.0988	0.938717	0.0612827	6.620511	0.27108	0.228723	0.155448	0.127675	0.0781557	0.0412723	0.00957217	0	0.9667213	1.789951	0.06128266	0.9387173	61.65257
3160	7.95779	-22.5592	30.517	0.601669	0.398331	3.333515	0.271536	0.235097	0.160197	0.125921	0.0800953	0.0401341	0.009685	0	2.548479	1.486209	0.3983313	0.6016687	30.63438
3170	7.67533	-23.0169	30.6922	0.871683	0.128317	1.813845	0.272365	0.22804	0.154511	0.124155	0.0808023	0.0396065	0.00954177	0	2.373275	1.702196	0.128317	0.871683	50.37283
3180	7.89486	-19.0577	26.9526	0.964243	0.035757	5.245837	0.27798	0.228476	0.157336	0.126095	0.0815917	0.0411807	0.00948936	0	6.11288	1.916879	0.03575699	0.964243	82.58071
3190	9.54539	-20.0739	29.6193	0.464956	0.535044	6.793625	0.277342	0.229447	0.15489	0.128532	0.0803808	0.0402029	0.00978465	0	3.446202	1.969616	0.5350441	0.4649559	93.24288
3200	9.82926	-21.0363	30.8655	0.211642	0.788358	4.509253	0.272576	0.227592	0.155286	0.126969	0.0801524	0.0401624	0.00981676	0	2.199942	1.973364	0.7883582	0.2116418	94.05116
3210	8.14451	-24.0696	32.2141	0.651276	0.348724	5.827089	0.26956	0.230708	0.153633	0.123298	0.0791312	0.0401588	0.0096557	0	0.8514089	1.941608	0.3487238	0.6512762	87.41935
3220	9.70516	-20.7795	30.4847	0.438551	0.561449	4.684474	0.267678	0.234521	0.1587	0.12759	0.0806239	0.0398179	0.00966904	0	2.580809	1.897076	0.5614495	0.4385505	78.8998
3230	9.4952	-21.6259	31.1211	0.305551	0.694449	6.464984	0.273333	0.233728	0.159193	0.127822	0.080886	0.0407963	0.00962468	0	1.944357	1.872542	0.6944492	0.3055508	74.56625
3240	8.92826	-19.3694	28.2977	0.710628	0.289372	6.066284	0.279882	0.234885	0.159791	0.124313	0.081882	0.0410638	0.00957148	0	4.76778	1.996117	0.2893723	0.7106277	99.10984
3250	8.26787	-19.6179	27.8858	0.535063	0.464937	4.57493	0.268188	0.237589	0.159092	0.123532	0.0808209	0.0411012	0.00952943	0	5.179724	1.768569	0.4649368	0.5350632	58.69073
3260	8.81287	-20.1654	28.9782	0.0291359	0.970864	3.614398	0.269638	0.237456	0.156049	0.126692	0.0812187	0.040844	0.00940099	0	4.087236	1.760217	0.9708641	0.0291359	57.57271
3270	8.14723	-21.6682	29.8155	0.93555	0.0644501	3.193196	0.273694	0.23434	0.15304	0.129234	0.0801925	0.0411203	0.00966503	0	3.250019	1.539674	0.06445011	0.9355499	34.6477
3280	9.20106	-20.3815	29.5826	0.70207	0.29793	3.513761	0.268431	0.229883	0.15308	0.129034	0.0794768	0.0411526	0.00955352	0	3.482917	1.881992	0.2979298	0.7020702	76.20656
3290	9.65656	-19.989	29.6455	0.11592	0.88408	4.452912	0.270742	0.232339	0.155039	0.127091	0.0801035	0.0397571	0.00954491	0	3.419966	1.960511	0.8840803	0.1159197	91.3085
3300	7.96981	-19.4745	27.4443	0.932021	0.0679791	3.203185	0.277173	0.231059	0.153297	0.124391	0.0793772	0.0409205	0.00963232	0	5.621206	1.834633	0.06797905	0.9320209	68.33343
3310	8.5906	-21.4059	29.9965	0.785171	0.214829	2.194102	0.275532	0.234965	0.153318	0.124826	0.0801224	0.0397939	0.00971704	0	3.069013	1.933115	0.2148288	0.7851712	85.72649
3320	7.44409	-19.3647	26.8088	0.535046	0.464954	5.643087	0.275013	0.238161	0.153923	0.127418	0.0799941	0.0395513	0.00969546	0	6.256699	1.800173	0.464954	0.535046	63.1208
3330	7.26121	-20.8289	28.0901	0.279094	0.720906	7.5222	0.269917	0.23648	0.158837	0.129199	0.0786183	0.0410804	0.00943518	0	4.97539	1.769692	0.7209056	0.2790944	58.84258
3340	8.48651	-22.6689	31.1554	0.282003	0.717997	3.369007	0.268077	0.237958	0.158452	0.129262	0.0780316	0.0408781	0.00940748	0	1.910039	1.685328	0.7179972	0.2820028	48.45377
3350	9.33756	-21.4411	30.7787	0.633361	0.366639	4.963426	0.266402	0.228849	0.15454	0.126081	0.0805207	0.0406178	0.00949537	0	2.286793	1.790774	0.366639	0.633361	61.76943
3360	9.64429	-21.1994	30.8437	0.368003	0.631997	6.732911	0.268081	0.230848	0.16031	0.12591	0.0804125	0.0412613	0.0095834	0	2.221775	1.910155	0.6319972	0.3680028	81.31205
3370	9.28559	-20.5556	29.8412	0.856376	0.143624	3.283748	0.270383	0.235544	0.153839	0.129093	0.0803488	0.0396423	0.00945406	0	3.224251	1.960959	0.1436243	0.8563757	91.40269
3380	9.36764	-20.156	29.5237	0.281485	0.718515	7.228626	0.268873	0.238582	0.15727	0.123647	0.0783238	0.0398607	0.00960516	0	3.541814	1.96795	0.718515	0.281485	92.88588
3390	8.58276	-20.1952	28.7779	0.00152289	0.998477	3.546562	0.26885	0.232474	0.157169	0.125266	0.0783679	0.0406009	0.00963402	0	4.287546	1.700141	0.9984771	0.001522891	50.13495
3400	9.36581	-20.5133	29.8791	0.400491	0.599509	6.972998	0.267066	0.238398	0.157806	0.128979	0.0788324	0.0410554	0.00940332	0	3.186418	1.912499	0.5995087	0.4004913	81.75214
3410	8.37702	-23.388	31.765	0.194312	0.805688	3.658192	0.26603	0.238584	0.159366	0.127094	0.0794951	0.0412413	0.00959278	0	1.300464	1.874154	0.8056879	0.1943121	74.84356
3420	7.25743	-20.4798	27.7372	0.579244	0.420756	7.710465	0.272169	0.234905	0.158135	0.127738	0.0809075	0.0402833	0.00943263	0	5.328234	1.829939	0.4207561	0.5792439	67.59878
3430	9.36393	-19.588	28.9519	0.395847	0.604153	5.836133	0.2736	0.23691	0.154119	0.128312	0.080677	0.0412119	0.00935359	0	4.11353	1.98472	0.6041534	0.3958466	96.54291
3440	8.87147	-20.0138	28.8853	0.0272875	0.972713	6.459412	0.268307	0.237045	0.156347	0.123862	0.0805301	0.0409275	0.00947939	0	4.180186	1.851	0.9727125	0.02728747	70.95771
3450	9.90199	-20.7274	30.6293	0.283771	0.716229	4.682724	0.275882	0.229119	0.158066	0.126871	0.0795957	0.0393629	0.00946082	0	2.436137	1.982448	0.7162294	0.2837706	96.03904
3460	4.43071	-27.5329	31.9636	0.876882	0.123118	3.63056	0.27067	0.23356	0.155495	0.126853	0.080402	0.039922	0.00943011	0	1.101847	1.284565	0.1231182	0.8768818	19.25597
3470	6.34693	-23.3977	29.7446	0.472779	0.527221	4.079105	0.276802	0.231874	0.158019	0.12367	0.0798893	0.0408347	0.00960903	0	3.320836	1.243874	0.527221	0.472779	17.53371
3480	8.3115	-19.3147	27.6262	0.177922	0.822078	3.248674	0.278893	0.238514	0.159113	0.124869	0.0809102	0.0399006	0.00970116	0	5.439295	1.990025	0.8220785	0.1779215	97.72935
3490	9.93607	-21.0385	30.9745	0.127617	0.872383	4.988478	0.276143	0.236758	0.154026	0.125453	0.081623	0.0400012	0.00944389	0	2.090953	1.98046	0.8723828	0.1276172	95.60049
3500	7.90317	-20.7928	28.6959	0.0151659	0.984834	2.750933	0.276916	0.231765	0.156379	0.128562	0.0811024	0.0397615	0.00962013	0	4.369543	1.534213	0.9848341	0.01516588	34.21473
3510	9.20626	-22.0683	31.2746	0.236473	0.763527	5.340906	0.27646	0.227338	0.157083	0.129321	0.0799303	0.0407876	0.00957691	0	1.790911	1.781989	0.7635273	0.2364727	60.53249
3520	7.4833	-23.1255	30.6088	0.404191	0.595809	2.937293	0.271642	0.230917	0.159742	0.125193	0.0792938	0.0411854	0.0096842	0	2.456651	1.381318	0.5958093	0.4041907	24.06122
3530	9.70331	-20.4516	30.1549	0.830684	0.169316	6.970185	0.272283	0.233286	0.153812	0.128327	0.0786858	0.041272	0.00976129	0	2.910586	1.971835	0.1693161	0.8306839	93.72059
3540	9.57043	-20.3457	29.9161	0.424747	0.575253	6.109267	0.278961	0.231967	0.160102	0.124065	0.0784766	0.0406257	0.00984071	0	3.149359	1.887431	0.5752533	0.4247467	77.16684
3550	8.24788	-22.7283	30.9762	0.569808	0.430192	8.927092	0.269282	0.235405	0.15739	0.128764	0.0813024	0.0395495	0.0096917	0	2.089299	1.929503	0.4301922	0.5698078	85.0164
3560	8.31325	-20.7635	29.0767	0.781446	0.218554	3.632364	0.279102	0.233864	0.16053	0.128888	0.080847	0.0410949	0.00942144	0	3.988732	1.610885	0.2185543	0.7814457	40.82117
3570	8.13142	-21.2539	29.3853	0.271299	0.728701	5.510111	0.277614	0.235251	0.159992	0.129596	0.0799697	0.0400775	0.00960176	0	3.680164	1.595856	0.7287011	0.2712989	39.43269
3580	7.52464	-20.0014	27.526	0.65336	0.34664	4.632282	0.275825	0.233632	0.156038	0.128253	0.0784113	0.0407506	0.0097348	0	5.539466	1.624477	0.3466397	0.6533603	42.11891
3590	9.8129	-21.0075	30.8204	0.0857435	0.914256	4.475269	0.276996	0.231633	0.159374	0.129003	0.0807679	0.0408035	0.00967541	0	2.245039	1.957657	0.9142565	0.08574354	90.71041
3600	9.2197	-21.0461	30.2658	0.536679	0.463321	3.611182	0.273597	0.227172	0.158628	0.128794	0.0803429	0.0410537	0.00981886	0	2.7997	1.816426	0.4633212	0.5366788	65.52793
3610	6.76776	-19.8798	26.6476	0.990514	0.00948639	2.864507	0.268829	0.228329	0.153522	0.125602	0.0798724	0.0404647	0.0095423	0	6.417914	1.572003	0.009486388	0.9905136	37.32524
3620	8.82026	-22.0176	30.8379	0.963217	0.036783	5.155979	0.278626	0.231891	0.155323	0.12829	0.0798487	0.0398609	0.00954286	0	2.227625	1.699107	0.03678301	0.963217	50.01577
3630	3.68712	-29.0286	32.7157	0.600202	0.399798	8.023197	0.2711	0.227306	0.159583	0.126141	0.0804447	0.040064	0.00953902	0	0.3497887	1.907709	0.3997984	0.6002016	80.85537
3640	7.69524	-22.4898	30.185	0.857544	0.142456	4.221889	0.270783	0.235407	0.15704	0.129426	0.0793306	0.0394722	0.00948087	0	2.880483	1.459479	0.1424557	0.8575443	28.80575
3650	8.91922	-19.8339	28.7531	0.304376	0.695624	3.886054	0.275893	0.232823	0.155982	0.125423	0.0785277	0.0406454	0.00953933	0	4.312398	1.843178	0.6956237	0.3043763	69.69115
3660	9.56104	-20.294	29.855	0.0760426	0.923957	6.326636	0.272403	0.234398	0.159526	0.127179	0.0799659	0.0396628	0.00962019	0	3.210431	1.897682	0.9239574	0.0760426	79.00993
3670	9.43937	-21.4433	30.8827	0.496063	0.503937	4.076431	0.273123	0.233651	0.155152	0.127118	0.0818042	0.0399129	0.0093779	0	2.182784	1.892184	0.5039372	0.4960628	78.01608
3680	7.35315	-21.1288	28.482	0.268265	0.731735	1.373461	0.270144	0.238273	0.155485	0.123863	0.0799605	0.0402198	0.00946616	0	4.583503	1.661462	0.7317346	0.2682654	45.86298
3690	7.27533	-22.0452	29.3206	0.0343703	0.96563	1.651347	0.268634	0.236469	0.158065	0.12796	0.07879	0.0396869	0.00956804	0	3.744907	1.40354	0.9656297	0.03437033	25.32447
3700	9.17794	-21.3955	30.5734	0.829127	0.170873	4.367728	0.269873	0.228444	0.15331	0.129107	0.0788873	0.0409593	0.00947131	0	2.49203	1.760725	0.1708729	0.8291271	57.64008
3710	7.79673	-22.1424	29.9391	0.641754	0.358246	2.427397	0.274281	0.228684	0.15365	0.126594	0.0791732	0.0400654	0.00972311	0	3.12636	1.495364	0.3582459	0.6417541	31.28702
3720	9.50952	-20.7236	30.2332	0.432833	0.567167	4.807132	0.278374	0.227298	0.155929	0.125126	0.0798731	0.0400093	0.00958542	0	2.832304	1.828647	0.5671669	0.4328331	67.39799
3730	8.78342	-19.7201	28.5035	0.118509	0.881491	5.144263	0.279856	0.23324	0.153852	0.125205	0.0788588	0.0395289	0.00981821	0	4.561948	1.807343	0.8814915	0.1185085	64.17157
3740	3.06346	-20.9906	24.054	0.0304889	0.969511	0.1048906	0.277358	0.231854	0.157708	0.127231	0.0813816	0.0397846	0.00979637	0	9.011454	1.151324	0.9695111	0.03048886	14.1685
3750	6.22939	-22.7757	29.0051	0.498629	0.501371	0.4780729	0.276348	0.22897	0.160287	0.127735	0.0817961	0.0410074	0.00970541	0	4.060357	1.400923	0.5013712	0.4986288	25.17231
3760	9.45354	-21.2835	30.7371	0.995018	0.00498197	5.927104	0.26779	0.22713	0.160956	0.128998	0.0819091	0.0408385	0.00977847	0	2.328395	1.840082	0.004981966	0.995018	69.19619
3770	7.45835	-21.4302	28.8886	0.0297603	0.97024	5.23027	0.275005	0.229691	0.160307	0.12961	0.0808052	0.0412293	0.00981615	0	4.176912	1.480331	0.9702397	0.02976028	30.22252
3780	8.68593	-22.2937	30.9796	0.42057	0.57943	2.698953	0.269613	0.233229	0.157976	0.129608	0.0802879	0.040924	0.00967622	0	2.085883	1.930245	0.5794297	0.4205703	85.16175
3790	9.62275	-21.2836	30.9063	0.521249	0.478751	6.364375	0.271308	0.23788	0.154504	0.127802	0.0794335	0.0399573	0.0095998	0	2.159155	1.894117	0.4787506	0.5212494	78.36414
3800	6.07402	-18.8267	24.9007	0.94165	0.05835	5.472229	0.274674	0.238667	0.15811	0.126832	0.0808734	0.0402299	0.00935806	0	8.164775	1.86973	0.05835005	0.94165	74.08497
3810	6.42975	-20.9458	27.3755	0.666115	0.333885	3.376774	0.272673	0.233373	0.155805	0.128888	0.0807145	0.0399883	0.00965706	0	5.689946	1.368467	0.333885	0.666115	23.35968
3820	4.92366	-23.2507	28.1744	0.341306	0.658694	0.911544	0.269555	0.237561	0.154283	0.128998	0.0797727	0.0394489	0.00967755	0	4.891118	0.9780375	0.6586944	0.3413056	9.506869
3830	8.02072	-21.2526	29.2733	0.678221	0.321779	2.631505	0.278102	0.236962	0.155116	0.128141	0.0805963	0.0396491	0.00957378	0	3.792188	1.567838	0.321779	0.678221	36.96902
3840	7.47739	-22.2417	29.7191	0.251989	0.748011	2.52354	0.278719	0.238228	0.159317	0.125006	0.0796165	0.0401154	0.00941042	0	3.346422	1.372072	0.7480107	0.2519893	23.55437
3850	7.50086	-20.0736	27.5745	0.492307	0.507693	2.331568	0.277201	0.23507	0.156039	0.128707	0.0790545	0.0393842	0.00969871	0	5.490997	1.682938	0.5076934	0.4923066	48.18793
3860	7.57656	-19.4964	27.0729	0.53104	0.46896	5.108481	0.279589	0.238174	0.157069	0.128119	0.0798873	0.0408118	0.00971305	0	5.992552	1.742474	0.4689596	0.5310404	55.26798
3870	9.8002	-20.1972	29.9974	0.59831	0.40169	4.94727	0.278022	0.235917	0.154176	0.126405	0.0815045	0.0410667	0.00963149	0	3.068112	1.958368	0.4016905	0.5983095	90.85898
3880	8.08018	-21.7276	29.8077	0.384214	0.615786	2.332152	0.268665	0.237463	0.153055	0.123515	0.0818677	0.0404321	0.00950936	0	3.257741	1.591802	0.6157863	0.3842137	39.0663
3890	7.72494	-22.3605	30.0854	0.443945	0.556055	2.609811	0.268572	0.230465	0.157033	0.123819	0.0808607	0.0397836	0.00944612	0	2.980058	1.449056	0.5560547	0.4439453	28.12266
3900	9.22406	-21.7244	30.9485	0.865704	0.134296	5.071324	0.275519	0.228749	0.159408	0.129158	0.0797792	0.0396899	0.00938081	0	2.116971	1.789628	0.1342955	0.8657045	61.60674
3910	10.0043	-20.4803	30.4846	0.0821895	0.917811	5.481478	0.279591	0.229913	0.158083	0.128986	0.0782987	0.0395069	0.00968114	0	2.58088	1.962604	0.9178105	0.08218948	91.74955
3920	8.90865	-20.5893	29.498	0.393278	0.606722	4.550923	0.268787	0.230792	0.153159	0.129054	0.0810314	0.0403106	0.00951652	0	3.567513	1.706354	0.6067216	0.3932784	50.85739
3930	6.5367	-24.9573	31.494	0.188938	0.811062	4.913918	0.266816	0.235091	0.154162	0.1285	0.0787591	0.0405178	0.00940269	0	1.57152	1.368306	0.8110625	0.1889375	23.35105
3940	8.09918	-19.5182	27.6173	0.924253	0.0757466	6.918352	0.265977	0.23391	0.15459	0.125829	0.0781815	0.040436	0.00957162	0	5.448145	1.94277	0.07574665	0.9242534	87.6537
3950	9.13116	-21.1255	30.2566	0.384169	0.615831	3.92953	0.277527	0.237887	0.153401	0.125936	0.0781903	0.0406099	0.0095392	0	2.808831	1.744886	0.6158309	0.3841691	55.57587
3960	8.61463	-20.9525	29.5671	0.715162	0.284838	2.612462	0.271113	0.235537	0.153513	0.123729	0.0799743	0.0413195	0.00941893	0	3.498396	1.789079	0.2848383	0.7151617	61.52882
3970	8.86565	-20.837	29.7027	0.952492	0.047508	2.731453	0.268914	0.233878	0.153566	0.125244	0.0785614	0.0408928	0.00946092	0	3.362818	1.888934	0.04750801	0.952492	77.43441
3980	9.19102	-21.4655	30.6566	0.836032	0.163968	5.032258	0.279934	0.229735	0.154863	0.12347	0.081182	0.0410784	0.00946702	0	2.408921	1.756751	0.1639675	0.8360325	57.11507
3990	7.51165	-19.9141	27.4257	0.353426	0.646574	8.198384	0.269731	0.228753	0.158334	0.128529	0.0812069	0.0395537	0.00983166	0	5.639752	1.975072	0.6465742	0.3534258	94.42182
4000	3.9342	-25.7928	29.727	0.170007	0.829993	9.736289	0.278209	0.227114	0.156053	0.127152	0.0781192	0.0401652	0.00969271	0	3.338454	1.620237	0.8299926	0.1700074	41.70974
4010	7.06073	-19.165	26.2257	0.313067	0.686933	2.805838	0.277775	0.23155	0.157988	0.128233	0.0793042	0.0408961	0.00954708	0	6.839743	1.857278	0.6869334	0.3130666	71.99101
4020	9.44152	-20.3079	29.7495	0.584157	0.415843	6.453298	0.276209	0.228535	0.159188	0.129429	0.0778799	0.0394683	0.00977422	0	3.316012	1.901724	0.4158426	0.5841574	79.74875
4030	6.86847	-22.4549	29.3234	0.859364	0.140636	9.473845	0.278857	0.228991	0.158152	0.125085	0.0785002	0.0400022	0.00951659	0	3.74206	1.883782	0.1406364	0.8593636	76.52122
4040	8.38722	-23.4831	31.8703	0.82343	0.17657	5.641909	0.269197	0.228733	0.159507	0.1258	0.0791206	0.040229	0.00970678	0	1.195136	1.811143	0.1765705	0.8234295	64.73559
4050	8.95747	-22.6849	31.6424	0.397311	0.602689	5.398759	0.266111	0.229029	0.160703	0.125034	0.0779784	0.0401168	0.00954638	0	1.423093	1.822296	0.6026894	0.3973106	66.41958
4060	7.2862	-23.1832	30.4694	0.538074	0.461926	9.172739	0.266111	0.230933	0.158378	0.125676	0.0799151	0.0393702	0.00937346	0	2.596097	1.858443	0.4619259	0.5380741	72.18426
4070	9.68596	-20.5814	30.2673	0.409325	0.590675	6.537137	0.269863	0.232734	0.153089	0.128964	0.0812945	0.0396925	0.00937594	0	2.798132	1.928701	0.5906749	0.4093251	84.85954
4080	8.37357	-20.5023	28.8759	0.302513	0.697487	8.401112	0.274926	0.234424	0.15531	0.128904	0.0814374	0.0400107	0.00949367	0	4.189621	1.968666	0.6974866	0.3025134	93.03912
4090	9.20489	-20.0594	29.2643	0.791226	0.208774	3.825694	0.278465	0.231682	0.156199	0.12723	0.0813469	0.0396486	0.0094824	0	3.801165	1.89408	0.2087738	0.7912262	78.35739
4100	7.08521	-22.5155	29.6007	0.0253452	0.974655	0.6147385	0.275422	0.231234	0.158537	0.129497	0.0806613	0.0402402	0.00935603	0	3.464734	1.972525	0.9746548	0.02534523	93.86957
4110	8.44185	-20.8774	29.3192	0.844809	0.155191	2.129711	0.27626	0.229531	0.156735	0.126968	0.0795657	0.0410329	0.00936787	0	3.746242	1.915048	0.1551906	0.8448094	82.2334
4120	8.73869	-19.5221	28.2608	0.516105	0.483895	4.02702	0.273981	0.230131	0.157983	0.127579	0.0799053	0.041134	0.00960748	0	4.804669	1.881753	0.483895	0.516105	76.1645
4130	6.64125	-21.2415	27.8828	0.839822	0.160178	0.7045402	0.274183	0.232426	0.156427	0.12854	0.0798793	0.0413	0.00949615	0	5.1827	1.716929	0.1601777	0.8398223	52.11091
4140	6.18323	-25.5471	31.7303	0.122212	0.877788	1.634539	0.274147	0.232837	0.157389	0.128179	0.0782106	0.0405213	0.00981451	0	1.335135	1.695478	0.8777876	0.1222124	49.59962
4150	8.93983	-20.6274	29.5672	0.296118	0.703882	3.620626	0.268568	0.237536	0.157738	0.129387	0.0787915	0.0400888	0.00958838	0	3.498233	1.737741	0.7038816	0.2961184	54.66895
4160	7.6675	-20.5454	28.2129	0.905405	0.0945953	2.576187	0.268432	0.237694	0.15848	0.125896	0.0784363	0.0412676	0.00960833	0	4.852622	1.58915	0.09459529	0.9054047	38.82848
4170	8.65768	-20.3491	29.0068	0.211719	0.788281	8.318249	0.273999	0.231647	0.158623	0.125201	0.0797652	0.0408196	0.00977694	0	4.058681	1.989589	0.7882806	0.2117194	97.63117
4180	9.0947	-19.9959	29.0906	0.914857	0.0851431	5.963772	0.271017	0.227484	0.15682	0.126405	0.0803872	0.0407697	0.00963778	0	3.974897	1.865226	0.08514309	0.9148569	73.32053
4190	8.83983	-21.8961	30.7359	0.136479	0.863521	3.204931	0.269178	0.235783	0.158543	0.127268	0.0811641	0.0394647	0.00963208	0	2.329581	1.744149	0.8635214	0.1364786	55.48164
4200	9.62316	-20.6616	30.2848	0.868091	0.131909	4.542531	0.270916	0.229975	0.159242	0.125661	0.0810516	0.0405038	0.00980507	0	2.780694	1.889055	0.1319086	0.8680914	77.45598
4210	7.9554	-20.7959	28.7513	0.309624	0.690376	5.639852	0.279838	0.23057	0.160836	0.129111	0.079167	0.0402342	0.00960633	0	4.314144	1.62615	0.6903763	0.3096237	42.28143
4220	9.63699	-21.3795	31.0165	0.169592	0.830408	5.372249	0.267241	0.236646	0.160089	0.12491	0.0790354	0.0401315	0.00959691	0	2.048946	1.8576	0.8304082	0.1695918	72.04442
4230	9.86758	-20.7006	30.5682	0.644066	0.355934	6.717682	0.268577	0.235694	0.154388	0.125604	0.0786978	0.040631	0.0097789	0	2.497298	1.968788	0.3559344	0.6440656	93.06524
4240	6.1315	-21.4886	27.6201	0.300357	0.699643	0.4561406	0.273816	0.232199	0.154619	0.127362	0.0789075	0.040624	0.00958176	0	5.445351	1.551093	0.6996431	0.3003569	35.57075
4250	6.73182	-23.3814	30.1132	0.749922	0.250078	0.42678	0.271028	0.229175	0.15684	0.127295	0.0784659	0.0411233	0.00983919	0	2.952293	1.939885	0.2500783	0.7499217	87.07329
4260	7.79946	-20.901	28.7005	0.50641	0.49359	1.711841	0.273302	0.226956	0.157788	0.125925	0.0781713	0.0413265	0.00979526	0	4.365005	1.753217	0.4935899	0.5064101	56.65223
4270	6.73619	-24.4413	31.1775	0.971274	0.0287261	1.288241	0.269599	0.236993	0.159064	0.126892	0.0792439	0.0408382	0.00944341	0	1.887975	1.752535	0.02872613	0.9712739	56.56334
4280	7.69301	-22.4828	30.1758	0.160657	0.839343	2.704224	0.266239	0.229967	0.157489	0.127774	0.0791484	0.0411997	0.00935558	0	2.889632	1.395324	0.8393434	0.1606566	24.84988
4290	7.49128	-20.2264	27.7177	0.365217	0.634783	3.995884	0.270045	0.227417	0.153069	0.125955	0.0787522	0.040761	0.00981676	0	5.347782	1.55309	0.6347834	0.3652166	35.73471
4300	7.75554	-20.0009	27.7564	0.970018	0.029982	7.566202	0.270027	0.232855	0.155467	0.124053	0.079326	0.0401255	0.00966276	0	5.30905	1.898807	0.02998201	0.970018	79.21497
4310	7.39438	-18.8661	26.2604	0.362227	0.637773	5.732967	0.271644	0.235821	0.15303	0.123287	0.0779555	0.0395985	0.0098224	0	6.805048	1.960191	0.6377734	0.3622266	91.24118
4320	8.94371	-20.986	29.9297	0.252015	0.747985	5.976522	0.275208	0.230666	0.153266	0.124819	0.0782333	0.0404575	0.00976883	0	3.13577	1.734006	0.7479846	0.2520154	54.2008
4330	7.15328	-19.8521	27.0054	0.0868595	0.91314	2.24918	0.279541	0.23615	0.154973	0.127765	0.0783792	0.0393695	0.00970419	0	6.060049	1.680417	0.9131405	0.08685953	47.90895
4340	8.38725	-23.7157	32.1029	0.600535	0.399465	5.086488	0.276663	0.229489	0.157062	0.125376	0.0803903	0.0405884	0.00944332	0	0.9625578	1.953483	0.3994646	0.6005354	89.84278
4350	9.00344	-21.5175	30.5209	0.261871	0.738129	3.938427	0.279061	0.230753	0.153095	0.128356	0.0782381	0.0401894	0.00941022	0	2.544575	1.702496	0.7381288	0.2618712	50.40761
4360	8.60555	-22.4268	31.0324	0.887497	0.112503	3.938205	0.273297	0.23032	0.15466	0.127671	0.0818912	0.0405052	0.00940575	0	2.033099	1.682196	0.1125032	0.8874968	48.10564
4370	8.22211	-22.4398	30.6619	0.49973	0.50027	2.335023	0.271599	0.227043	0.153357	0.12475	0.0798019	0.0403947	0.00953425	0	2.403548	1.730727	0.5002696	0.4997304	53.79312
4380	9.9311	-20.5129	30.444	0.386603	0.613397	5.918195	0.278152	0.233596	0.153228	0.123711	0.0814919	0.0413078	0.00943728	0	2.621462	1.956724	0.6133973	0.3866027	90.51561
4390	8.19751	-21.7359	29.9334	0.120854	0.879146	2.484006	0.273306	0.231836	0.153678	0.129148	0.0790873	0.0404577	0.0097562	0	3.132088	1.572704	0.8791461	0.1208539	37.38556
4400	9.15483	-21.8934	31.0483	0.28806	0.71194	4.575935	0.277486	0.234118	0.154458	0.126726	0.0795616	0.040453	0.00959438	0	2.017219	1.752705	0.7119395	0.2880605	56.58542
4410	8.34724	-20.8784	29.2257	0.468531	0.531469	3.236538	0.277189	0.231019	0.160125	0.126217	0.0783704	0.0411744	0.00941789	0	3.839801	1.611784	0.5314689	0.4685311	40.90574
4420	6.99975	-19.7903	26.7901	0.847944	0.152056	4.315062	0.270293	0.233802	0.155265	0.127091	0.0813905	0.0410373	0.00948394	0	6.275407	1.612899	0.1520563	0.8479437	41.01089
4430	9.12688	-20.4275	29.5544	0.819654	0.180346	4.071714	0.266189	0.237604	0.15614	0.127256	0.0805229	0.04096	0.00944547	0	3.511097	1.795718	0.1803457	0.8196543	62.47669
4440	8.67128	-21.5242	30.1955	0.963635	0.0363649	2.77473	0.267368	0.238779	0.156663	0.126367	0.0812791	0.0409231	0.00960947	0	2.870008	1.763646	0.03636487	0.9636351	58.02913
4450	8.93277	-22.12	31.0527	0.6421	0.3579	6.266461	0.265946	0.232316	0.158351	0.128284	0.0812943	0.0411974	0.00982052	0	2.012726	1.766148	0.3579001	0.6420999	58.36441
4460	8.97157	-21.1632	30.1348	0.276864	0.723136	5.840145	0.266358	0.230834	0.156027	0.12593	0.0812076	0.0409624	0.00975486	0	2.930665	1.719999	0.7231359	0.2768641	52.48063
4470	9.30753	-20.9706	30.2781	0.901062	0.0989378	3.661928	0.270977	0.228686	0.155427	0.125931	0.0811993	0.0399661	0.0097937	0	2.787347	1.860586	0.09893784	0.9010622	72.5414
4480	9.09199	-19.69	28.7819	0.934956	0.0650443	4.919204	0.267222	0.233679	0.153337	0.127237	0.0812137	0.0397993	0.00970409	0	4.28353	1.885023	0.06504432	0.9349557	76.74017
4490	7.75839	-21.6681	29.4265	0.240011	0.759989	1.266392	0.269649	0.236605	0.156333	0.127201	0.0817811	0.041252	0.00973812	0	3.638981	1.920926	0.7599893	0.2400107	83.35391
4500	7.7058	-19.6633	27.3691	0.0544731	0.945527	2.473813	0.276042	0.229746	0.156419	0.123343	0.080835	0.0394037	0.0094952	0	5.696343	1.849682	0.9455269	0.05447306	70.74276
4510	7.87938	-20.8388	28.7182	0.0240859	0.975914	8.922397	0.272342	0.233356	0.15581	0.124133	0.0817101	0.0395162	0.00972628	0	4.347279	1.960625	0.9759141	0.0240859	91.3325
4520	8.48068	-20.005	28.4857	0.945514	0.0544857	7.82318	0.271661	0.227356	0.155994	0.123586	0.0805732	0.0393003	0.00963862	0	4.579822	1.979535	0.0544857	0.9455143	95.39703
4530	5.96176	-19.1825	25.1442	0.451946	0.548054	2.641897	0.279096	0.231165	0.154095	0.126209	0.0800285	0.0393368	0.00952265	0	7.921237	1.695149	0.5480544	0.4519456	49.56197
4540	6.96422	-21.5385	28.5027	0.316213	0.683787	2.015586	0.27502	0.234895	0.157296	0.124542	0.0812845	0.0395469	0.0095646	0	4.562792	1.362108	0.6837871	0.3162129	23.02014
4550	7.79881	-20.4646	28.2634	0.277254	0.722746	6.236398	0.277184	0.232525	0.1537	0.129543	0.0814124	0.0395696	0.00980546	0	4.802044	1.692951	0.7227459	0.2772541	49.31185
4560	5.94554	-19.8962	25.8417	0.64237	0.35763	7.231492	0.279646	0.229136	0.155577	0.126886	0.0791829	0.0413115	0.00970509	0	7.223781	1.790777	0.3576303	0.6423697	61.76993
4570	7.62593	-19.4263	27.0522	0.696957	0.303043	7.016355	0.269122	0.233344	0.154477	0.124987	0.0794872	0.0412397	0.00967966	0	6.013232	1.935582	0.3030435	0.6969565	86.21474
4580	9.00762	-19.4284	28.4361	0.573055	0.426945	5.124913	0.270652	0.23078	0.158905	0.129082	0.0780527	0.040342	0.00975559	0	4.629419	1.931188	0.4269447	0.5730553	85.3469
4590	7.80405	-19.0527	26.8568	0.916625	0.0833753	6.092211	0.268507	0.229792	0.158899	0.126765	0.0801284	0.039838	0.00937507	0	6.208701	1.989304	0.08337531	0.9166247	97.56717
4600	9.61158	-20.5384	30.15	0.145737	0.854263	4.29949	0.276491	0.230641	0.155991	0.123376	0.0814278	0.0394505	0.00955628	0	2.915472	1.888347	0.8542627	0.1457373	77.32988
4610	7.19805	-23.1094	30.3074	0.0676349	0.932365	2.307706	0.275243	0.237904	0.154644	0.125266	0.0799971	0.0393112	0.00981276	0	2.758055	1.274763	0.9323651	0.06763488	18.8262
4620	9.6133	-20.9167	30.53	0.790215	0.209785	5.527084	0.278994	0.232237	0.155183	0.125753	0.080547	0.0400319	0.00981895	0	2.535432	1.85868	0.2097848	0.7902152	72.2237
4630	7.34534	-20.579	27.9244	0.974219	0.0257812	8.226773	0.27982	0.234187	0.15354	0.1239	0.0802055	0.0411217	0.00948546	0	5.141121	1.885626	0.02578124	0.9742188	76.84682
4640	8.45057	-19.8362	28.2867	0.034223	0.965777	2.766902	0.279205	0.232793	0.155057	0.124755	0.0812338	0.041242	0.0097177	0	4.778739	1.925318	0.965777	0.03422296	84.20117
4650	7.96115	-19.9446	27.9057	0.874618	0.125382	3.301487	0.266769	0.237257	0.15565	0.12552	0.080648	0.0410434	0.00975628	0	5.159764	1.685769	0.1253823	0.8746177	48.50306
4660	5.8532	-21.1314	26.9846	0.464634	0.535366	2.169889	0.267612	0.23672	0.156759	0.127104	0.0778682	0.0403342	0.00962461	0	6.080862	1.272777	0.5353659	0.4646341	18.74033
4670	7.6894	-22.2793	29.9687	0.398411	0.601589	4.584376	0.273515	0.231803	0.159651	0.123567	0.0806913	0.0393091	0.00973205	0	3.096749	1.447333	0.601589	0.398411	28.01127
4680	2.7421	-24.7238	27.4659	0.619865	0.380135	0.958579	0.274792	0.235678	0.157542	0.125252	0.0807814	0.0410937	0.00973967	0	5.599539	0.7409642	0.3801347	0.6198653	5.507622
4690	4.85351	-26.6726	31.5261	0.386879	0.613121	0.7161746	0.276314	0.234089	0.158148	0.127104	0.0783367	0.0405279	0.00971183	0	1.539405	1.39684	0.6131208	0.3868792	24.93676
4700	7.83928	-19.0013	26.8405	0.968628	0.031372	4.270244	0.279011	0.235408	0.156567	0.12789	0.0778676	0.0395705	0.0094381	0	6.224942	1.911775	0.03137196	0.968628	81.61599
4710	9.05142	-21.9734	31.0248	0.524317	0.475683	5.873827	0.279746	0.237118	0.156471	0.123499	0.079107	0.0396413	0.00965913	0	2.040678	1.76391	0.4756834	0.5243166	58.06435
4720	9.5778	-21.8626	31.4404	0.547973	0.452027	4.835175	0.278044	0.228574	0.157148	0.124166	0.0817369	0.0395352	0.00949368	0	1.625106	1.985483	0.4520272	0.5479728	96.71262
4730	8.95498	-19.6099	28.5649	0.0881895	0.91181	4.756174	0.274433	0.229014	0.156044	0.123777	0.081811	0.0404082	0.00954593	0	4.500567	1.858172	0.9118105	0.08818953	72.13936
4740	8.53625	-20.165	28.7012	0.419111	0.580889	5.372689	0.278244	0.227127	0.156029	0.125012	0.0794771	0.0411431	0.00982183	0	4.364242	1.724384	0.5808892	0.4191108	53.01324
4750	8.39333	-21.066	29.4593	0.00108327	0.998917	5.678737	0.277034	0.228557	0.16087	0.12542	0.080921	0.0404674	0.00981854	0	3.606188	1.626345	0.9989167	0.001083272	42.30041
4760	9.4747	-20.4487	29.9234	0.814797	0.185203	6.782261	0.273066	0.229339	0.159767	0.123589	0.0798607	0.0398285	0.00981998	0	3.142093	1.918684	0.1852026	0.8147974	82.92471
4770	7.47286	-21.471	28.9438	0.390054	0.609946	6.439071	0.268434	0.229868	0.158976	0.126074	0.0784947	0.0400952	0.00970419	0	4.121639	1.616412	0.6099461	0.3900539	41.34396
4780	8.31523	-22.6799	30.9952	0.671433	0.328567	2.943988	0.272834	0.227225	0.159033	0.12405	0.0787399	0.0412502	0.00945112	0	2.070317	1.696511	0.3285675	0.6714325	49.71767
4790	9.09319	-19.4378	28.531	0.373336	0.626664	5.365476	0.271462	0.227968	0.160945	0.125246	0.0782601	0.040742	0.00950944	0	4.53452	1.949956	0.6266639	0.3733361	89.11604
4800	8.71796	-20.9724	29.6903	0.871191	0.128809	6.8834	0.266798	0.232719	0.156123	0.128605	0.0782948	0.0403883	0.00939608	0	3.375145	1.806632	0.1288093	0.8711907	64.06663
4810	3.96333	-18.2318	22.1951	0.539481	0.460519	3.426873	0.270398	0.238769	0.155446	0.12898	0.0778888	0.041127	0.00947097	0	10.87038	1.962148	0.4605186	0.5394814	91.65328
4820	7.48015	-22.1693	29.6495	0.0425809	0.957419	0.9748788	0.278751	0.234098	0.154971	0.128156	0.0795745	0.0396314	0.00957736	0	3.416019	1.938274	0.9574191	0.04258085	86.75087
4830	8.08436	-23.1997	31.2841	0.346158	0.653842	2.612936	0.27601	0.227921	0.153509	0.12649	0.0809121	0.041015	0.00976594	0	1.781377	1.778493	0.6538419	0.3461581	60.04727
4840	9.05481	-22.6655	31.7203	0.387017	0.612983	4.727684	0.271907	0.229632	0.156003	0.126652	0.0806413	0.0404895	0.00949499	0	1.345153	1.917479	0.6129832	0.3870168	82.69502
4850	9.00002	-21.0628	30.0629	0.942091	0.0579086	3.096792	0.270323	0.229862	0.155901	0.128032	0.0799913	0.0403788	0.00941788	0	3.002609	1.839811	0.05790859	0.9420914	69.15297
4860	9.34534	-22.3106	31.6559	0.418287	0.581713	5.38803	0.272861	0.227273	0.154388	0.129224	0.0797884	0.0410185	0.00954664	0	1.409539	1.925927	0.5817134	0.4182866	84.31927
4870	7.29532	-23.2535	30.5488	0.920187	0.0798129	3.274797	0.266091	0.228857	0.159525	0.127698	0.0802047	0.041154	0.0096879	0	2.51665	1.385342	0.07981287	0.9201871	24.2852
4880	5.74352	-24.056	29.7996	0.269336	0.730664	4.465003	0.268918	0.227545	0.159623	0.127581	0.0815355	0.0408571	0.0097026	0	3.265921	1.185847	0.7306644	0.2693356	15.34078
4890	7.22511	-20.7263	27.9514	0.56085	0.43915	6.499304	0.273218	0.23465	0.159407	0.124897	0.0782951	0.0404529	0.0095038	0	5.114043	1.671926	0.4391498	0.5608502	46.98143
4900	9.28802	-22.1935	31.4815	0.771078	0.228922	6.064998	0.268449	0.237716	0.158889	0.124513	0.0779927	0.0398749	0.00982008	0	1.583941	1.88063	0.2289219	0.7710781	75.96783
4910	8.55901	-23.5322	32.0912	0.880503	0.119497	7.295546	0.269427	0.232983	0.160835	0.124224	0.0791377	0.0399942	0.0095807	0	0.9743025	1.996404	0.1194971	0.8805029	99.17542
4920	6.27211	-21.95	28.2221	0.125578	0.874422	1.084657	0.268689	0.230956	0.154744	0.123207	0.0787817	0.0395952	0.00964957	0	4.843384	1.275904	0.8744222	0.1255778	18.87575
4930	9.2493	-20.3683	29.6177	0.456331	0.543669	3.595618	0.265964	0.232355	0.154863	0.124428	0.079016	0.040172	0.00938111	0	3.447825	1.884053	0.5436688	0.4563312	76.56909
4940	8.22036	-20.7592	28.9796	0.520223	0.479777	3.529053	0.278973	0.229135	0.153658	0.125101	0.0780414	0.0403495	0.0095708	0	4.085904	1.586401	0.4797772	0.5202228	38.58347
4950	9.47536	-20.3155	29.7908	0.68258	0.31742	5.660732	0.271747	0.228348	0.155016	0.126212	0.0788692	0.0400315	0.00973548	0	3.27464	1.863841	0.3174199	0.6825801	73.08721
4960	8.35831	-21.6577	30.016	0.218328	0.781672	6.807165	0.278993	0.235186	0.155933	0.125935	0.0784204	0.0395396	0.00965282	0	3.049479	1.712802	0.7816723	0.2183277	51.61807
4970	5.76497	-21.0378	26.8028	0.971706	0.0282943	8.793799	0.279214	0.231967	0.158499	0.127928	0.0789069	0.0395167	0.00973298	0	6.262679	1.852136	0.02829428	0.9717057	71.14363
4980	8.92123	-20.9735	29.8947	0.424214	0.575786	2.875334	0.26677	0.228678	0.159163	0.127609	0.079959	0.0394004	0.00974589	0	3.170762	1.839706	0.5757864	0.4242136	69.13622
4990	8.76776	-21.8428	30.6106	0.230651	0.769349	2.991906	0.273005	0.232022	0.154488	0.129393	0.0783317	0.0393986	0.00967017	0	2.454907	1.753297	0.7693493	0.2306507	56.66266
5000	9.84043	-20.4472	30.2876	0.0228533	0.977147	5.901874	0.274874	0.233556	0.155585	0.129159	0.0789792	0.0396324	0.0098271	0	2.777838	1.910426	0.9771467	0.0228533	81.36277
