Iteration	Posterior	Likelihood	Prior	clado_type_probs[1]	clado_type_probs[2]	distance_scale	epoch_times[1]	epoch_times[2]	epoch_times[3]	epoch_times[4]	epoch_times[5]	epoch_times[6]	epoch_times[7]	epoch_times[8]	extirpation_rate	log10_rate_bg	p_allopatry	p_sympatry	rate_bg
0	-55.6292	-87.4957	31.8665	0.12428	0.87572	0.01	0.339775	0.206857	0.115484	0.105712	0.0546967	0.0423522	0.0353081	0	0.6791601	-2	0.8757195	0.1242805	0.01
10	4.38454	-26.0419	30.4265	0.570825	0.429175	0.3933797	0.34554	0.204929	0.114111	0.102578	0.0558159	0.0416817	0.0353159	0	2.119159	0.9822737	0.4291751	0.5708249	9.600054
20	5.39378	-25.2335	30.6272	0.787256	0.212744	0.4643989	0.350417	0.198978	0.115757	0.104099	0.0541077	0.0416585	0.0347204	0	1.9184	1.630692	0.2127435	0.7872565	42.72602
30	6.07327	-23.1318	29.205	0.881734	0.118266	0.23989	0.339952	0.201838	0.115337	0.105362	0.0540964	0.0425446	0.0337622	0	3.34061	1.664455	0.1182658	0.8817342	46.18008
40	7.71643	-22.08	29.7965	0.360982	0.639018	2.67507	0.343095	0.20741	0.115419	0.104289	0.0551272	0.0426833	0.0339625	0	2.749184	1.348477	0.6390182	0.3609818	22.30883
50	7.8652	-20.4017	28.2669	0.64816	0.35184	3.141082	0.34012	0.205545	0.115405	0.103691	0.0538265	0.0418683	0.0345126	0	4.278727	1.468196	0.3518397	0.6481603	29.38973
60	8.75493	-20.9152	29.6702	0.715796	0.284204	5.679001	0.338762	0.207809	0.114262	0.102136	0.0558365	0.0409965	0.034786	0	2.875492	1.497224	0.2842041	0.7157959	31.42131
70	8.99886	-21.8938	30.8927	0.348836	0.651164	6.319602	0.346899	0.204055	0.113289	0.105011	0.0554666	0.0406587	0.0346057	0	1.652975	1.871265	0.6511641	0.3488359	74.34721
80	8.90412	-22.1284	31.0325	0.607903	0.392097	8.290916	0.349319	0.20723	0.11253	0.102056	0.0537581	0.0411512	0.0348062	0	1.513147	1.790863	0.3920966	0.6079034	61.78218
90	6.16278	-22.5757	28.7385	0.294065	0.705935	1.743352	0.348583	0.204528	0.113151	0.10546	0.0541998	0.0407492	0.035248	0	3.807182	0.9603285	0.7059348	0.2940652	9.127009
100	8.07323	-21.5634	29.6366	0.520823	0.479177	8.34727	0.35115	0.207826	0.112832	0.106609	0.0561003	0.041756	0.0342475	0	2.909061	1.446533	0.4791765	0.5208235	27.95974
110	7.08242	-21.4837	28.5661	0.00527138	0.994729	2.309965	0.35164	0.205337	0.112242	0.10565	0.0553662	0.0418388	0.0349062	0	3.979528	1.137156	0.9947286	0.005271378	13.71373
120	7.74698	-20.0218	27.7688	0.454997	0.545003	3.181042	0.352029	0.20551	0.111925	0.103502	0.0542841	0.0417034	0.0349246	0	4.776826	1.781845	0.5450028	0.4549972	60.51251
130	5.5905	-26.1013	31.6918	0.279425	0.720575	7.109731	0.352823	0.204932	0.110834	0.105807	0.0539729	0.0414986	0.0347675	0	0.8538568	1.326369	0.7205747	0.2794253	21.2016
140	9.03142	-20.9867	30.0181	0.813458	0.186542	8.503677	0.353391	0.206813	0.111559	0.106452	0.0538518	0.0408919	0.0341066	0	2.52753	1.836243	0.186542	0.813458	68.58726
150	9.1876	-20.9576	30.1452	0.400878	0.599122	6.610093	0.350347	0.20253	0.110469	0.10519	0.0545885	0.0410526	0.0351369	0	2.400428	1.867221	0.5991222	0.4008778	73.65821
160	5.70627	-19.4285	25.1348	0.901065	0.0989345	7.531048	0.343318	0.204349	0.110278	0.10321	0.0535728	0.0417646	0.0341181	0	7.410851	1.734358	0.09893452	0.9010655	54.24481
170	7.92447	-20.5129	28.4374	0.20894	0.79106	9.559714	0.349226	0.20711	0.112729	0.102782	0.0542265	0.0409675	0.0343674	0	4.108239	1.81854	0.7910601	0.2089399	65.84764
180	6.9522	-20.9068	27.859	0.256185	0.743815	2.721338	0.348585	0.204356	0.11412	0.103954	0.0553931	0.041035	0.0343259	0	4.686659	1.136061	0.7438152	0.2561848	13.6792
190	8.97436	-21.028	30.0023	0.534873	0.465127	8.777327	0.344569	0.201137	0.110957	0.103178	0.0561181	0.0425526	0.0342027	0	2.543332	1.808101	0.4651273	0.5348727	64.28365
200	6.54057	-21.8928	28.4334	0.384037	0.615963	10.98999	0.347401	0.199788	0.110855	0.105226	0.0538393	0.0414389	0.0339875	0	4.112257	1.55535	0.6159635	0.3840365	35.92113
210	7.34675	-22.1971	29.5438	0.822723	0.177277	2.033221	0.352163	0.199872	0.113146	0.103712	0.0540879	0.0416047	0.0337333	0	3.001825	1.314924	0.1772769	0.8227231	20.65019
220	6.0136	-23.6343	29.6479	0.456527	0.543473	3.843395	0.353316	0.203461	0.111395	0.10246	0.0550862	0.04265	0.0341141	0	2.89773	0.9416784	0.5434734	0.4565266	8.74336
230	5.63072	-24.4195	30.0503	0.55165	0.44835	5.4732	0.355545	0.206908	0.112329	0.102641	0.0536261	0.0414461	0.0350343	0	2.495395	0.9836568	0.4483502	0.5516498	9.630677
240	7.94297	-20.9343	28.8773	0.553994	0.446006	2.5656	0.347623	0.207179	0.115348	0.105874	0.0546917	0.0409074	0.0353485	0	3.668359	1.673302	0.446006	0.553994	47.13046
250	6.71924	-22.6787	29.3979	0.0456125	0.954387	3.712513	0.33806	0.208528	0.113813	0.105531	0.055481	0.0408925	0.0344641	0	3.1477	1.001896	0.9543875	0.0456125	10.04375
260	8.32843	-20.6307	28.9592	0.492833	0.507167	6.71902	0.33898	0.205233	0.112181	0.10465	0.0549697	0.0423058	0.0345094	0	3.58648	1.439773	0.507167	0.492833	27.52788
270	8.56809	-20.0428	28.6109	0.00593865	0.994061	5.992688	0.341625	0.206849	0.113323	0.106383	0.0554664	0.0415167	0.0347975	0	3.934726	1.814456	0.9940613	0.005938653	65.23127
280	7.02738	-19.9961	27.0235	0.933459	0.0665407	4.618534	0.34274	0.208486	0.113269	0.106601	0.056144	0.0420516	0.0343361	0	5.52212	1.254582	0.0665407	0.9334593	17.97141
290	8.80883	-20.3137	29.1225	0.00070392	0.999296	5.269718	0.346086	0.201884	0.113777	0.106726	0.0548605	0.0425584	0.0347689	0	3.423159	1.965135	0.9992961	0.0007039201	92.28576
300	8.33235	-19.9824	28.3147	0.529798	0.470202	6.111995	0.340349	0.204999	0.111967	0.107098	0.0540581	0.0424137	0.0339931	0	4.230939	1.62385	0.4702017	0.5297983	42.05809
310	7.71507	-19.6699	27.385	0.940329	0.0596709	6.494816	0.355284	0.205082	0.111236	0.10675	0.0540822	0.0422704	0.0351035	0	5.160637	1.681555	0.05967087	0.9403291	48.03473
320	8.11084	-20.7885	28.8993	0.162646	0.837354	8.427657	0.353606	0.206339	0.115344	0.106485	0.0545476	0.0421463	0.0351478	0	3.646354	1.524596	0.8373537	0.1626463	33.4654
330	8.99851	-20.9316	29.9301	0.480372	0.519628	5.292235	0.353737	0.199855	0.115761	0.106488	0.0551997	0.0413498	0.0342855	0	2.615585	1.746605	0.5196281	0.4803719	55.79626
340	7.41246	-23.9667	31.3792	0.0358221	0.964178	7.210629	0.352047	0.198386	0.115387	0.105417	0.0554072	0.0409961	0.0353726	0	1.166455	1.453261	0.9641779	0.0358221	28.39627
350	7.56357	-21.3099	28.8734	0.557277	0.442723	2.816231	0.346433	0.198356	0.115018	0.106545	0.0550658	0.0410351	0.0351408	0	3.672218	1.23421	0.4427226	0.5572774	17.14785
360	8.88468	-20.533	29.4177	0.0401746	0.959825	5.644714	0.342762	0.202609	0.11389	0.104423	0.0547099	0.0411173	0.035142	0	3.127978	1.662593	0.9598254	0.04017457	45.98256
370	6.67979	-19.745	26.4248	0.423338	0.576662	8.099659	0.349261	0.204977	0.112388	0.101928	0.0558898	0.0416447	0.03488	0	6.120843	1.673307	0.5766623	0.4233377	47.13105
380	9.08908	-20.7961	29.8852	0.56089	0.43911	6.798802	0.345358	0.207537	0.112036	0.104651	0.0559611	0.040565	0.0336831	0	2.660456	1.759562	0.4391102	0.5608898	57.48599
390	9.05262	-20.7569	29.8095	0.767423	0.232577	7.271081	0.340592	0.206971	0.112704	0.106384	0.0561195	0.0425548	0.0337487	0	2.736147	1.753081	0.2325774	0.7674226	56.6345
400	7.92288	-22.7432	30.6661	0.836367	0.163633	12.23157	0.338278	0.202092	0.110658	0.106833	0.0561772	0.0415627	0.0345581	0	1.879553	1.819025	0.1636328	0.8363672	65.92122
410	2.00317	-21.9761	23.9792	0.439289	0.560711	12.66987	0.346028	0.199784	0.111527	0.105384	0.0555524	0.0419285	0.0347616	0	8.566419	1.625998	0.560711	0.439289	42.26667
420	7.7949	-19.9626	27.7575	0.564215	0.435785	4.238724	0.355236	0.208185	0.113459	0.105299	0.0554093	0.0409895	0.0347616	0	4.788165	1.424213	0.4357848	0.5642152	26.55905
430	7.49506	-23.0414	30.5364	0.341358	0.658642	3.755064	0.351842	0.207838	0.1148	0.106694	0.0546258	0.0406699	0.0352056	0	2.009236	1.261809	0.6586424	0.3413576	18.27297
440	8.70244	-22.3317	31.0341	0.66017	0.33983	8.288153	0.350384	0.204286	0.112386	0.105717	0.0538926	0.0406932	0.0350911	0	1.511502	1.688763	0.3398299	0.6601701	48.83859
450	6.99925	-22.062	29.0612	0.888715	0.111285	7.596359	0.354983	0.199564	0.111353	0.102439	0.0538924	0.041727	0.0349006	0	3.484439	1.246735	0.111285	0.888715	17.64962
460	7.76096	-19.922	27.683	0.171261	0.828739	7.676027	0.342712	0.200932	0.113129	0.10229	0.0556509	0.0422228	0.0353437	0	4.862693	1.979245	0.8287386	0.1712614	95.33331
470	5.78231	-20.3377	26.12	0.42814	0.57186	1.231916	0.343583	0.198849	0.110806	0.103512	0.0560424	0.0421901	0.0338967	0	6.425641	1.286244	0.5718599	0.4281401	19.33053
480	8.03494	-21.7408	29.7758	0.830476	0.169524	2.624025	0.34813	0.202445	0.113843	0.103945	0.0552197	0.0409741	0.0351274	0	2.769896	1.655404	0.1695235	0.8304765	45.2276
490	8.068	-20.6591	28.7271	0.960572	0.0394277	5.138002	0.350188	0.206008	0.115176	0.102193	0.0546109	0.0414805	0.0338713	0	3.818524	1.328641	0.03942771	0.9605723	21.31284
500	6.60266	-19.9286	26.5313	0.687201	0.312799	2.396744	0.355565	0.208015	0.113367	0.105597	0.0557973	0.0415495	0.0337996	0	6.014344	1.364419	0.3127993	0.6872007	23.14294
510	6.13638	-21.2258	27.3622	0.332698	0.667302	0.9395041	0.349061	0.202952	0.11247	0.106206	0.0558267	0.040759	0.034174	0	5.183428	1.199926	0.6673023	0.3326977	15.84622
520	8.69336	-22.275	30.9684	0.47605	0.52395	8.241416	0.343997	0.201156	0.112914	0.102258	0.0559395	0.0425699	0.0348742	0	1.577286	1.660419	0.5239502	0.4760498	45.75289
530	8.25551	-21.0725	29.328	0.0904044	0.909596	4.886123	0.347672	0.199937	0.115393	0.1042	0.0554704	0.0422974	0.0347938	0	3.217673	1.326046	0.9095956	0.09040443	21.18585
540	8.86631	-21.63	30.4963	0.24612	0.75388	8.453341	0.340057	0.198622	0.113916	0.106357	0.0552873	0.0416242	0.0353076	0	2.049355	1.65448	0.7538801	0.2461199	45.13149
550	8.71779	-21.8755	30.5933	0.98923	0.0107698	6.401487	0.339714	0.202393	0.113557	0.102946	0.055714	0.0407738	0.034962	0	1.952389	1.532596	0.0107698	0.9892302	34.08757
560	7.18555	-21.6829	28.8685	0.76565	0.23435	1.701643	0.340373	0.19879	0.115245	0.105511	0.0554858	0.042001	0.034646	0	3.677167	1.31146	0.2343504	0.7656496	20.48615
570	8.82128	-21.1643	29.9856	0.703009	0.296991	4.323153	0.342007	0.208139	0.114328	0.106989	0.0553585	0.0424329	0.0345163	0	2.560083	1.859556	0.2969914	0.7030086	72.36958
580	9.14156	-21.6503	30.7919	0.914877	0.0851229	8.527347	0.340492	0.206579	0.111594	0.104102	0.0555099	0.0421657	0.0345008	0	1.753763	1.931376	0.0851229	0.9148771	85.38381
590	6.44272	-25.4727	31.9154	0.813557	0.186443	8.76875	0.339155	0.19867	0.1104	0.102019	0.0545687	0.0412032	0.0349137	0	0.6302541	1.725675	0.186443	0.813557	53.17097
600	5.73758	-25.1474	30.885	0.43275	0.56725	2.729984	0.34275	0.201134	0.114271	0.103473	0.0542699	0.0417336	0.0349331	0	1.66068	1.063355	0.5672501	0.4327499	11.57059
610	9.14404	-20.7233	29.8673	0.768926	0.231074	6.53585	0.339801	0.199948	0.1123	0.104221	0.0543636	0.0422179	0.0352617	0	2.67833	1.908659	0.2310743	0.7689257	81.03245
620	3.35182	-20.3553	23.7072	0.692811	0.307189	8.982547	0.337998	0.199107	0.11082	0.105233	0.0550481	0.0414193	0.033979	0	8.838492	1.391688	0.3071889	0.6928111	24.64267
630	6.71984	-19.3704	26.0903	0.109197	0.890803	4.814816	0.349323	0.203948	0.113215	0.107007	0.0550886	0.0412922	0.034918	0	6.455397	1.449952	0.8908027	0.1091973	28.18069
640	8.47102	-20.0639	28.5349	0.61343	0.38657	6.262117	0.354865	0.20356	0.110149	0.104608	0.0539308	0.0414714	0.0345653	0	4.010717	1.639439	0.3865697	0.6134303	43.59526
650	8.83764	-20.3266	29.1643	0.342058	0.657942	5.981521	0.354397	0.20561	0.111506	0.106933	0.0551686	0.0409075	0.0346101	0	3.381359	1.742561	0.6579417	0.3420583	55.27911
660	8.84242	-20.3841	29.2265	0.891877	0.108123	6.951528	0.352222	0.207128	0.110189	0.103193	0.0542341	0.0407323	0.0342177	0	3.319146	1.737323	0.1081232	0.8918768	54.6164
670	8.51152	-20.7101	29.2216	0.811315	0.188685	4.26997	0.347018	0.206832	0.113662	0.102027	0.0541351	0.0421391	0.0341671	0	3.324049	1.504004	0.1886849	0.8113151	31.91569
680	8.85557	-20.3115	29.1671	0.184908	0.815092	6.569837	0.349575	0.205567	0.114302	0.105791	0.0550399	0.0422483	0.034359	0	3.378548	1.973892	0.8150917	0.1849083	94.16543
690	9.00975	-21.9979	31.0076	0.438541	0.561459	7.198149	0.340073	0.205945	0.111986	0.105009	0.0542595	0.0421259	0.033816	0	1.538032	1.884825	0.5614589	0.4385411	76.70526
700	9.15459	-20.7705	29.9251	0.44378	0.55622	6.801141	0.342926	0.207977	0.112528	0.104996	0.0541611	0.0417878	0.0338558	0	2.620511	1.965101	0.5562199	0.4437801	92.27858
710	8.59946	-22.5584	31.1579	0.0562673	0.943733	8.811954	0.339841	0.208458	0.110714	0.104388	0.0549079	0.0414572	0.0344695	0	1.387743	1.741073	0.9437327	0.05626728	55.09001
720	6.47191	-21.1374	27.6093	0.967309	0.0326912	11.83556	0.345682	0.204962	0.111415	0.106028	0.0541038	0.0407566	0.0343294	0	4.936368	1.841636	0.0326912	0.9673088	69.4442
730	8.63063	-21.0097	29.6403	0.454843	0.545157	3.75638	0.338939	0.207539	0.114329	0.10548	0.0535229	0.0411793	0.0344428	0	2.905339	1.891337	0.5451567	0.4548433	77.86413
740	8.10246	-20.7329	28.8354	0.897082	0.102918	3.294884	0.340791	0.202716	0.11474	0.106914	0.0545176	0.0423688	0.03459	0	3.710282	1.44983	0.1029183	0.8970817	28.17278
750	6.90939	-19.601	26.5104	0.670989	0.329011	2.956822	0.34076	0.203838	0.112541	0.107022	0.0549339	0.0424972	0.0351027	0	6.035292	1.817695	0.3290114	0.6709886	65.71959
760	8.50482	-20.9527	29.4576	0.405813	0.594187	5.243655	0.353065	0.208634	0.111952	0.105002	0.0551192	0.0419667	0.0351421	0	3.08809	1.404594	0.5941866	0.4058134	25.38596
770	8.64473	-21.7241	30.3689	0.685019	0.314981	7.820405	0.353498	0.202532	0.115499	0.103303	0.0561847	0.0410613	0.0336257	0	2.176793	1.543617	0.3149812	0.6850188	34.96364
780	7.51762	-20.1251	27.6427	0.262758	0.737242	7.255504	0.343992	0.208401	0.111209	0.103733	0.0560563	0.0415459	0.0345906	0	4.902964	1.457679	0.7372418	0.2627582	28.68659
790	8.5382	-22.6087	31.1469	0.97825	0.0217501	6.641444	0.340606	0.205182	0.112861	0.106496	0.0556914	0.0424508	0.0346188	0	1.398714	1.657155	0.02175011	0.9782499	45.41032
800	6.64262	-24.5154	31.158	0.243408	0.756592	3.981126	0.339922	0.203395	0.114827	0.104991	0.0550465	0.0418289	0.034808	0	1.387621	1.252927	0.7565922	0.2434078	17.90305
810	8.22838	-22.8648	31.0932	0.760169	0.239831	8.822215	0.33831	0.206626	0.115251	0.104024	0.055657	0.0423736	0.0342237	0	1.452463	1.603932	0.2398311	0.7601689	40.17278
820	7.17768	-19.9526	27.1303	0.230655	0.769345	8.123432	0.345826	0.208725	0.113211	0.104337	0.0552059	0.0422605	0.0347663	0	5.415352	1.601323	0.7693453	0.2306547	39.93219
830	7.56091	-24.0712	31.6321	0.293323	0.706677	6.475646	0.338672	0.206515	0.114005	0.102284	0.0550085	0.0421582	0.0353744	0	0.9135269	1.722663	0.7066771	0.2933229	52.80355
840	6.0544	-22.2084	28.2628	0.618138	0.381862	0.8800634	0.338003	0.201862	0.115777	0.102703	0.0556639	0.0416504	0.0350051	0	4.282861	1.065335	0.3818615	0.6181385	11.62345
850	5.82205	-23.1359	28.9579	0.527522	0.472478	0.08171908	0.342633	0.198735	0.113678	0.102452	0.0555726	0.0424907	0.034446	0	3.587714	1.333794	0.4724785	0.5275215	21.5672
860	5.57843	-24.5195	30.0979	0.969418	0.0305817	0.1618605	0.342902	0.199737	0.110305	0.104462	0.0553602	0.0421845	0.0351455	0	2.447712	1.629757	0.03058172	0.9694183	42.6341
870	2.69224	-20.2022	22.8945	0.322318	0.677682	0.2767089	0.34148	0.204394	0.110117	0.104462	0.055388	0.0414136	0.0339208	0	9.651178	0.9883023	0.677682	0.322318	9.734246
880	4.97622	-26.1566	31.1329	0.316711	0.683289	0.8374007	0.350315	0.202908	0.112906	0.103147	0.055842	0.041755	0.0338873	0	1.412787	1.838315	0.6832888	0.3167112	68.91526
890	5.59915	-19.4828	25.0819	0.957031	0.0429688	2.039246	0.349388	0.200174	0.110125	0.103453	0.0554045	0.041897	0.0353706	0	7.463719	1.963847	0.04296879	0.9570312	92.01251
900	8.8213	-20.4884	29.3098	0.672665	0.327335	4.811212	0.343048	0.198401	0.110135	0.106963	0.0562019	0.0421749	0.0348569	0	3.235897	1.883284	0.3273352	0.6726648	76.43355
910	8.18653	-22.2092	30.3958	0.438121	0.561879	12.06309	0.342279	0.199861	0.112228	0.105731	0.0560733	0.0415601	0.0353019	0	2.149894	1.874951	0.5618789	0.4381211	74.98096
920	8.05703	-21.7419	29.7989	0.77574	0.22426	10.6717	0.346826	0.199084	0.112127	0.104363	0.0553578	0.0413211	0.0346846	0	2.746698	1.679459	0.22426	0.77574	47.80347
930	8.87091	-20.9563	29.8272	0.505344	0.494656	5.787691	0.3417	0.199602	0.110608	0.103737	0.0536375	0.0421056	0.035337	0	2.718452	1.546405	0.4946558	0.5053442	35.18883
940	7.55718	-19.8731	27.4303	0.801736	0.198264	6.109502	0.338641	0.204279	0.112465	0.102425	0.0541978	0.0419005	0.0348822	0	5.115386	1.426525	0.1982642	0.8017358	26.70085
950	8.73145	-21.8285	30.5599	0.794993	0.205007	5.231829	0.346316	0.202901	0.111255	0.105734	0.0539906	0.0418603	0.0340527	0	1.9857	1.599171	0.2050067	0.7949933	39.73482
960	8.55738	-20.088	28.6454	0.806823	0.193177	4.967529	0.344225	0.202629	0.11394	0.104562	0.0535412	0.0410838	0.0340106	0	3.900233	1.966894	0.1931771	0.8068229	92.66033
970	8.93252	-21.1529	30.0855	0.533418	0.466582	4.693665	0.348869	0.201861	0.11158	0.103594	0.0539078	0.0406051	0.0345531	0	2.46019	1.921769	0.4665816	0.5334184	83.51593
980	8.53331	-20.1402	28.6735	0.677669	0.322331	4.826764	0.354897	0.200352	0.111042	0.103509	0.0546403	0.0407464	0.0339352	0	3.872126	1.745093	0.3223309	0.6776691	55.60236
990	8.75128	-20.6372	29.3884	0.949103	0.0508968	8.583414	0.350186	0.20078	0.113601	0.104301	0.0556884	0.0412606	0.0345761	0	3.157215	1.776627	0.05089678	0.9491032	59.78976
1000	8.00429	-19.7078	27.7121	0.361675	0.638325	5.740714	0.338366	0.200504	0.110398	0.104131	0.0548697	0.0425515	0.0346536	0	4.833581	1.821512	0.6383247	0.3616753	66.29979
1010	8.33517	-20.958	29.2932	0.304474	0.695526	6.756938	0.343806	0.201374	0.113814	0.104634	0.0544079	0.0420146	0.0341733	0	3.252463	1.412287	0.6955256	0.3044744	25.83965
1020	8.50097	-21.8443	30.3453	0.261429	0.738571	7.864157	0.338123	0.199857	0.114148	0.105584	0.0537941	0.042307	0.0344709	0	2.200376	1.502026	0.7385709	0.2614291	31.77062
1030	8.6964	-20.5711	29.2675	0.515363	0.484637	4.296207	0.344462	0.20061	0.113877	0.10268	0.0537963	0.0411165	0.0348624	0	3.27815	1.795246	0.4846366	0.5153634	62.40889
1040	8.93907	-20.601	29.5401	0.559799	0.440201	7.993681	0.343713	0.203852	0.113995	0.102002	0.0545172	0.0407729	0.0346129	0	3.005578	1.999184	0.4402011	0.5597989	99.81236
1050	7.65255	-19.6612	27.3137	0.557778	0.442222	4.420378	0.347993	0.200506	0.114095	0.103808	0.0545277	0.0408759	0.0337983	0	5.23191	1.591102	0.4422221	0.5577779	39.00338
1060	7.40156	-22.7568	30.1583	0.881008	0.118992	3.601058	0.344025	0.201264	0.111839	0.102003	0.0538085	0.0416786	0.0338055	0	2.387333	1.20286	0.1189918	0.8810082	15.95364
1070	8.39207	-21.7122	30.1043	0.340615	0.659385	8.41115	0.338423	0.207184	0.113115	0.104325	0.0538005	0.0422899	0.0345535	0	2.441397	1.510743	0.6593846	0.3406154	32.41476
1080	8.76677	-20.3658	29.1326	0.747632	0.252368	4.850635	0.342958	0.203811	0.114281	0.106209	0.0549678	0.0413081	0.0341466	0	3.413071	1.949537	0.2523678	0.7476322	89.03017
1090	8.76384	-20.5159	29.2797	0.381085	0.618915	4.509509	0.339049	0.207122	0.114112	0.106306	0.0557643	0.0415491	0.0337345	0	3.265912	1.976876	0.6189148	0.3810852	94.81473
1100	7.32872	-20.5558	27.8845	0.951131	0.0488694	9.120149	0.352038	0.201824	0.113775	0.105868	0.0556515	0.0416192	0.0336638	0	4.661117	1.565958	0.04886944	0.9511306	36.80937
1110	8.93783	-21.1576	30.0954	0.324971	0.675029	7.474523	0.348309	0.199481	0.113256	0.105339	0.0534926	0.0413184	0.0353604	0	2.450236	1.611311	0.675029	0.324971	40.86123
1120	8.10555	-22.7841	30.8896	0.240235	0.759765	4.83276	0.353284	0.199117	0.110187	0.103921	0.0551094	0.0409107	0.0350806	0	1.656013	1.47895	0.7597647	0.2402353	30.12663
1130	7.27855	-21.6298	28.9083	0.849959	0.150041	4.362799	0.354343	0.19903	0.110236	0.106213	0.0560252	0.0405853	0.0352953	0	3.637339	1.121837	0.1500406	0.8499594	13.23844
1140	8.3391	-20.8517	29.1908	0.835071	0.164929	8.875478	0.342312	0.206258	0.112005	0.104894	0.0547371	0.0412425	0.0345159	0	3.354893	1.612439	0.1649291	0.8350709	40.96746
1150	8.84852	-20.3798	29.2283	0.019423	0.980577	7.304624	0.349938	0.208574	0.113108	0.102933	0.0561603	0.0413785	0.0350431	0	3.317321	1.881707	0.980577	0.019423	76.15652
1160	6.22119	-22.5765	28.7977	0.641583	0.358417	9.772241	0.354729	0.201481	0.115206	0.106962	0.0537573	0.0422677	0.0353368	0	3.747998	1.343637	0.3584167	0.6415833	22.0616
1170	8.83626	-20.6954	29.5316	0.517075	0.482925	4.538672	0.341332	0.200051	0.114813	0.104945	0.0557544	0.0414987	0.0351817	0	3.014035	1.898853	0.4829246	0.5170754	79.22337
1180	8.80549	-20.5347	29.3402	0.26066	0.73934	6.941317	0.34471	0.201177	0.114106	0.106121	0.0551548	0.0409625	0.034878	0	3.205496	1.615605	0.7393398	0.2606602	41.26718
1190	8.44751	-20.5969	29.0444	0.110814	0.889186	8.664165	0.341083	0.198603	0.113164	0.104413	0.053469	0.0421907	0.034178	0	3.501281	1.686793	0.8891857	0.1108143	48.61755
1200	7.10222	-22.7809	29.8831	0.24326	0.75674	13.50266	0.346228	0.199311	0.113476	0.106947	0.0536816	0.0412029	0.0347195	0	2.66256	1.864716	0.7567402	0.2432598	73.23458
1210	8.86305	-21.0886	29.9517	0.55227	0.44773	9.635912	0.342607	0.198673	0.113681	0.104912	0.0558744	0.0416421	0.0349621	0	2.593997	1.902981	0.44773	0.55227	79.98002
1220	8.90992	-20.6123	29.5223	0.532211	0.467789	5.954538	0.339248	0.199843	0.114075	0.104334	0.0551571	0.0410426	0.0345783	0	3.02339	1.626066	0.4677894	0.5322106	42.27331
1230	2.97983	-21.6001	24.5799	0.835955	0.164045	0.7380916	0.342634	0.199809	0.115521	0.101772	0.0534651	0.0414805	0.0337232	0	7.965713	0.7511244	0.1640451	0.8359549	5.637991
1240	3.98332	-21.6476	25.631	0.626011	0.373989	0.9185721	0.34874	0.198757	0.114852	0.102275	0.0544401	0.0408949	0.0337364	0	6.914687	0.809979	0.3739888	0.6260112	6.45623
1250	6.44193	-22.1754	28.6173	0.0161092	0.983891	0.771094	0.346252	0.199834	0.113417	0.104807	0.0551797	0.0413688	0.0348479	0	3.928347	1.272528	0.9838908	0.01610916	18.72957
1260	8.90114	-21.0856	29.9867	0.84509	0.15491	4.567542	0.351648	0.201179	0.115154	0.103685	0.0560384	0.041602	0.0345198	0	2.558919	1.920918	0.1549098	0.8450902	83.35237
1270	8.11155	-20.2611	28.3727	0.358144	0.641856	7.771637	0.352478	0.202733	0.114803	0.103	0.053475	0.0426478	0.0340854	0	4.172962	1.582244	0.641856	0.358144	38.21593
1280	7.23113	-20.2276	27.4587	0.777749	0.222251	2.257105	0.342644	0.205009	0.110178	0.104742	0.0559796	0.0417336	0.0343783	0	5.086907	1.808	0.222251	0.777749	64.26878
1290	7.45965	-24.1462	31.6059	0.0138002	0.9862	5.604013	0.348013	0.20265	0.113015	0.106433	0.0557993	0.041793	0.0338286	0	0.9397937	1.786612	0.9861998	0.01380021	61.18038
1300	7.88419	-20.1597	28.0439	0.0873098	0.91269	3.895137	0.3497	0.203645	0.114888	0.106766	0.0558565	0.0422142	0.0343932	0	4.501796	1.418562	0.9126902	0.08730976	26.21575
1310	5.0515	-22.3932	27.4447	0.791233	0.208767	6.554472	0.346153	0.200865	0.113087	0.105997	0.0560029	0.0419481	0.0340192	0	5.100899	1.025061	0.2087665	0.7912335	10.59404
1320	6.93346	-21.3388	28.2723	0.71509	0.28491	7.888997	0.343938	0.203238	0.112349	0.104724	0.055471	0.0410528	0.0336687	0	4.273384	1.305289	0.2849097	0.7150903	20.19708
1330	8.05146	-20.2729	28.3244	0.233992	0.766008	8.608661	0.33818	0.207867	0.114781	0.103173	0.0543247	0.0406396	0.0336415	0	4.221291	1.748031	0.7660076	0.2339924	55.97969
1340	4.69491	-19.7938	24.4887	0.959152	0.0408482	6.429038	0.338321	0.204867	0.112813	0.102075	0.0562261	0.0426191	0.0338861	0	8.056914	1.244476	0.0408482	0.9591518	17.55802
1350	8.86842	-20.3071	29.1755	0.436596	0.563404	6.344945	0.341825	0.202576	0.112477	0.103647	0.0548382	0.0421167	0.0347745	0	3.370166	1.9626	0.5634039	0.4365961	91.74867
1360	6.3605	-21.299	27.6595	0.539592	0.460408	7.526282	0.342751	0.206057	0.114356	0.103618	0.054123	0.0426854	0.0342406	0	4.886154	1.233854	0.460408	0.539592	17.1338
1370	8.50439	-22.7265	31.2309	0.0288164	0.971184	11.08122	0.344833	0.204966	0.114925	0.10292	0.053581	0.0411627	0.0348932	0	1.314722	1.94455	0.9711836	0.02881639	88.0136
1380	8.14209	-20.443	28.5851	0.278013	0.721987	3.931113	0.34341	0.198994	0.113914	0.102988	0.0540605	0.0410863	0.0353443	0	3.960525	1.414524	0.721987	0.278013	25.97314
1390	7.94124	-20.3839	28.3252	0.804275	0.195725	6.772133	0.354685	0.19901	0.113842	0.102778	0.0559711	0.0414086	0.0347849	0	4.220483	1.411878	0.1957252	0.8042748	25.81535
1400	8.78279	-21.7638	30.5466	0.619328	0.380672	4.810217	0.35002	0.206199	0.113458	0.102093	0.0560964	0.0415116	0.0341144	0	1.99908	1.737095	0.3806718	0.6193282	54.58767
1410	9.09106	-21.5704	30.6615	0.175891	0.824109	6.26849	0.341509	0.206449	0.111054	0.104265	0.0560855	0.0408097	0.0345579	0	1.884158	1.851031	0.8241088	0.1758912	70.9629
1420	8.66787	-20.4111	29.0789	0.0983077	0.901692	4.748545	0.338847	0.205594	0.110132	0.101828	0.0556863	0.0405666	0.0351812	0	3.466705	1.652155	0.9016923	0.09830772	44.8906
1430	8.83081	-20.9653	29.7961	0.914061	0.0859392	4.37903	0.348816	0.2087	0.114786	0.104172	0.0557549	0.0408113	0.0337426	0	2.749522	1.873924	0.08593916	0.9140608	74.80391
1440	6.29137	-22.4587	28.7501	0.23091	0.76909	6.575062	0.34736	0.200512	0.115032	0.106368	0.0559672	0.041365	0.0350694	0	3.795585	1.091786	0.7690898	0.2309102	12.3534
1450	8.79041	-20.6552	29.4456	0.803118	0.196882	8.51837	0.355438	0.204912	0.112339	0.104768	0.0535047	0.0408919	0.0352371	0	3.100005	1.787152	0.1968816	0.8031184	61.25651
1460	8.50259	-20.3814	28.884	0.0176073	0.982393	4.130603	0.354342	0.206521	0.112695	0.105823	0.0540144	0.0412286	0.0351308	0	3.661668	1.704755	0.9823927	0.0176073	50.67045
1470	8.96323	-21.9633	30.9265	0.26043	0.73957	6.67818	0.352658	0.206841	0.111914	0.105013	0.0556867	0.0413317	0.0351819	0	1.619105	1.795146	0.7395697	0.2604303	62.39445
1480	8.36683	-22.3588	30.7256	0.487786	0.512214	7.566048	0.345152	0.202396	0.110817	0.107053	0.0557694	0.0408409	0.0352169	0	1.820024	1.488015	0.5122144	0.4877856	30.76201
1490	7.73059	-20.1401	27.8707	0.214437	0.785563	8.361149	0.346399	0.204928	0.11191	0.106837	0.0559067	0.0414507	0.0353702	0	4.674998	1.647733	0.7855633	0.2144367	44.43582
1500	8.93215	-21.6171	30.5492	0.981538	0.0184623	5.178614	0.354329	0.203966	0.110613	0.10452	0.0553864	0.041986	0.0347773	0	1.996414	1.808508	0.01846232	0.9815377	64.34395
1510	7.71215	-20.0159	27.7281	0.950845	0.0491546	3.175052	0.35043	0.207054	0.112314	0.106141	0.0540418	0.0421757	0.0347394	0	4.817568	1.713478	0.04915456	0.9508454	51.69847
1520	7.80725	-19.819	27.6263	0.968742	0.0312575	3.692682	0.343728	0.203994	0.115384	0.105566	0.05381	0.0418941	0.0346509	0	4.919365	1.960505	0.03125751	0.9687425	91.30724
1530	8.80815	-22.017	30.8252	0.503571	0.496429	6.365581	0.34249	0.206174	0.114472	0.107031	0.0544287	0.040776	0.0342409	0	1.720498	1.650285	0.4964288	0.5035712	44.69764
1540	7.42058	-19.8728	27.2934	0.937437	0.0625628	3.451681	0.343804	0.201306	0.112034	0.105599	0.0545906	0.0405645	0.0346667	0	5.252261	1.439837	0.06256282	0.9374372	27.53193
1550	9.18574	-21.1061	30.2919	0.537678	0.462322	6.445385	0.3382	0.198991	0.113047	0.105916	0.055281	0.0407095	0.0344577	0	2.253785	1.865236	0.4623219	0.5376781	73.32228
1560	8.42346	-21.5448	29.9683	0.675366	0.324634	10.83741	0.345607	0.198943	0.114545	0.106595	0.0543194	0.0426066	0.034448	0	2.577375	1.805408	0.3246336	0.6753664	63.88631
1570	6.66853	-19.6981	26.3666	0.847967	0.152033	7.929333	0.350179	0.201287	0.110791	0.104737	0.0544175	0.041519	0.0352864	0	6.179063	1.899038	0.1520335	0.8479665	79.25705
1580	6.64672	-19.8168	26.4635	0.772527	0.227473	8.538618	0.343591	0.198421	0.115215	0.103915	0.0542864	0.0417773	0.035032	0	6.082113	1.806265	0.2274731	0.7725269	64.01257
1590	7.24315	-19.8379	27.081	0.951978	0.0480223	2.981888	0.355507	0.203301	0.111059	0.104169	0.0555348	0.0415091	0.0353144	0	5.464624	1.559222	0.04802233	0.9519777	36.2428
1600	8.53341	-20.717	29.2505	0.950469	0.0495307	3.678196	0.350447	0.199751	0.110361	0.106223	0.0540758	0.0420717	0.0351612	0	3.295194	1.860346	0.04953075	0.9504693	72.50132
1610	8.93168	-21.5732	30.5049	0.713265	0.286735	8.63204	0.342218	0.202905	0.115267	0.106296	0.0544119	0.0420732	0.034754	0	2.04078	1.698739	0.2867346	0.7132654	49.9734
1620	9.1086	-21.2111	30.3197	0.629933	0.370067	8.615655	0.342723	0.207458	0.113124	0.106012	0.0534534	0.0406503	0.034453	0	2.225969	1.871448	0.3700672	0.6299328	74.37862
1630	6.92013	-24.6109	31.531	0.0550063	0.944994	4.011188	0.354428	0.206168	0.113567	0.105358	0.0553485	0.0408503	0.0341643	0	1.014653	1.780667	0.9449937	0.05500633	60.3486
1640	7.87404	-22.0894	29.9634	0.685587	0.314413	2.838112	0.353055	0.205491	0.112896	0.104304	0.0560085	0.0410964	0.0338996	0	2.582233	1.422147	0.3144132	0.6855868	26.433
1650	8.72678	-20.1693	28.8961	0.72684	0.27316	5.719848	0.350277	0.203947	0.110133	0.102043	0.0536551	0.0406393	0.0346109	0	3.649546	1.960438	0.2731596	0.7268404	91.29318
1660	7.67539	-19.5755	27.2509	0.34766	0.65234	5.676619	0.351159	0.207514	0.110627	0.101813	0.0546451	0.0405722	0.0347871	0	5.294751	1.722756	0.6523397	0.3476603	52.81483
1670	8.66223	-22.196	30.8583	0.240747	0.759253	5.161364	0.351891	0.207501	0.111841	0.101948	0.0549443	0.0413185	0.0353551	0	1.687372	1.716465	0.7592527	0.2407473	52.05532
1680	8.63537	-21.8459	30.4812	0.449128	0.550872	11.23499	0.343334	0.207108	0.115556	0.102043	0.0553679	0.0407175	0.0353581	0	2.064413	1.955648	0.5508716	0.4491284	90.29179
1690	8.77353	-20.9537	29.7273	0.668455	0.331545	8.847601	0.341381	0.203299	0.114791	0.104207	0.0558903	0.0416106	0.0338958	0	2.818377	1.713335	0.3315446	0.6684554	51.68146
1700	8.92678	-20.5867	29.5135	0.458276	0.541724	5.718087	0.342776	0.205443	0.110651	0.105922	0.0554229	0.0414041	0.0337759	0	3.032152	1.694606	0.5417238	0.4582762	49.50011
1710	8.32931	-19.8929	28.2222	0.671932	0.328068	5.151673	0.343281	0.207402	0.112305	0.105999	0.0551347	0.0417405	0.0341295	0	4.323412	1.861159	0.3280676	0.6719324	72.63726
1720	8.2319	-20.5642	28.7961	0.922962	0.0770382	9.44825	0.352715	0.20798	0.115534	0.106569	0.0553558	0.0419513	0.0341654	0	3.74953	1.997437	0.07703824	0.9229618	99.41168
1730	8.97967	-21.3422	30.3218	0.806087	0.193913	9.561551	0.342187	0.207365	0.113176	0.102308	0.0550888	0.0413774	0.0336824	0	2.223831	1.928482	0.193913	0.806087	84.81676
1740	9.0743	-20.5984	29.6727	0.731095	0.268905	6.473837	0.354522	0.207588	0.112561	0.102158	0.0552288	0.0406191	0.0336425	0	2.872977	1.981766	0.2689045	0.7310955	95.88831
1750	3.68584	-19.6424	23.3283	0.359549	0.640451	1.182011	0.344845	0.205375	0.111104	0.102811	0.0534786	0.0406954	0.0337879	0	9.217386	1.146037	0.6404508	0.3595492	13.99707
1760	6.20609	-24.351	30.557	0.655852	0.344148	1.177544	0.346562	0.208435	0.110488	0.103967	0.0544029	0.04062	0.034275	0	1.988607	1.460089	0.3441477	0.6558523	28.8462
1770	5.9573	-21.1225	27.0798	0.652263	0.347737	0.5860121	0.355169	0.207614	0.110923	0.104816	0.0537891	0.0411155	0.033778	0	5.465891	1.653901	0.3477373	0.6522627	45.07135
1780	8.3422	-20.9847	29.3269	0.343214	0.656786	4.179682	0.352616	0.204643	0.112211	0.105842	0.0538758	0.0408464	0.0339449	0	3.218778	1.403723	0.6567859	0.3432141	25.33515
1790	7.51725	-20.1252	27.6425	0.319952	0.680048	8.789604	0.352151	0.204653	0.11231	0.102509	0.0560436	0.0408878	0.0340061	0	4.903159	1.769385	0.6800484	0.3199516	58.80109
1800	7.13891	-19.3696	26.5086	0.445081	0.554919	5.153358	0.351941	0.202205	0.110357	0.104463	0.0559059	0.0418389	0.0340088	0	6.037093	1.883843	0.5549189	0.4450811	76.53204
1810	4.59563	-18.934	23.5296	0.422592	0.577408	3.188576	0.352297	0.198914	0.110424	0.104806	0.0560238	0.0426301	0.0346477	0	9.016046	1.45309	0.5774081	0.4225919	28.38506
1820	8.00519	-23.3081	31.3133	0.652228	0.347772	5.947753	0.338985	0.198739	0.11176	0.103797	0.0547823	0.0424904	0.0338092	0	1.232372	1.609126	0.3477721	0.6522279	40.65614
1830	8.99147	-20.9624	29.9538	0.17693	0.82307	5.102546	0.348508	0.202992	0.111376	0.105105	0.0548036	0.0418451	0.0350429	0	2.591824	1.804863	0.8230699	0.1769301	63.8062
1840	8.72537	-22.3674	31.0928	0.266309	0.733691	10.56295	0.35138	0.199972	0.114341	0.103855	0.0554706	0.0414749	0.0347963	0	1.452887	1.927523	0.7336912	0.2663088	84.62969
1850	7.79191	-21.9982	29.7901	0.114015	0.885985	9.778214	0.35347	0.202215	0.113774	0.105833	0.0553245	0.0419955	0.0344988	0	2.755563	1.523566	0.885985	0.114015	33.38616
1860	8.80277	-21.2157	30.0185	0.0405264	0.959474	4.757236	0.354396	0.203422	0.113177	0.103225	0.0556002	0.0421784	0.0344173	0	2.527132	1.623976	0.9594736	0.04052643	42.0703
1870	7.78524	-19.7395	27.5247	0.727098	0.272902	4.263547	0.353017	0.202504	0.112643	0.105075	0.0549702	0.0418615	0.0344334	0	5.02096	1.612728	0.2729016	0.7270984	40.9947
1880	8.15125	-20.5715	28.7227	0.446356	0.553644	8.527461	0.339765	0.201438	0.111305	0.105124	0.0555236	0.0411062	0.0351081	0	3.822911	1.586934	0.5536442	0.4463558	38.63083
1890	6.80712	-19.4319	26.239	0.829289	0.170711	3.369076	0.341887	0.207129	0.113199	0.103299	0.0536298	0.0419112	0.0349793	0	6.306663	1.734853	0.1707109	0.8292891	54.30661
1900	7.02004	-21.805	28.8251	0.174326	0.825674	3.015626	0.347254	0.199106	0.11519	0.102853	0.0537006	0.0420436	0.0353011	0	3.720597	1.065164	0.8256743	0.1743257	11.61886
1910	8.40758	-22.3847	30.7923	0.202262	0.797738	4.277235	0.349148	0.204961	0.115662	0.102287	0.0548957	0.0419241	0.034344	0	1.753327	1.719419	0.7977383	0.2022617	52.41055
1920	8.85202	-20.6192	29.4712	0.42566	0.57434	5.6008	0.347252	0.206029	0.115871	0.103854	0.0539147	0.0412034	0.0339307	0	3.074472	1.610626	0.5743404	0.4256596	40.79681
1930	7.87123	-21.5414	29.4126	0.271346	0.728654	9.246494	0.349909	0.202097	0.115209	0.102062	0.0539791	0.0416455	0.0348473	0	3.133002	1.50578	0.7286535	0.2713465	32.04647
1940	6.71219	-21.9557	28.6679	0.0120213	0.987979	4.267845	0.342939	0.203555	0.112575	0.103364	0.0536442	0.0406167	0.035099	0	3.877759	1.023222	0.9879787	0.01202127	10.54926
1950	8.90919	-20.5657	29.4749	0.700181	0.299819	8.013528	0.343485	0.204486	0.110829	0.103125	0.0541532	0.0410869	0.0353009	0	3.070781	1.932539	0.2998185	0.7001815	85.61291
1960	7.32777	-20.7504	28.0782	0.686124	0.313876	1.919703	0.340141	0.206367	0.112231	0.104577	0.0538496	0.0414801	0.0336149	0	4.467445	1.672297	0.313876	0.686124	47.02159
1970	8.75617	-21.5749	30.3311	0.504051	0.495949	4.276216	0.343324	0.201749	0.1101	0.106939	0.0535726	0.0426005	0.0346454	0	2.214525	1.868942	0.4959489	0.5040511	73.95073
1980	7.71865	-22.4528	30.1714	0.540657	0.459343	12.9416	0.351752	0.20428	0.110286	0.104985	0.0537426	0.0420966	0.0336794	0	2.374199	1.905594	0.4593429	0.5406571	80.46252
1990	7.9919	-20.4591	28.451	0.909536	0.0904641	3.011403	0.349781	0.20385	0.11053	0.103037	0.0537196	0.0417024	0.035111	0	4.094695	1.651396	0.09046409	0.9095359	44.81221
2000	8.5887	-20.2713	28.86	0.900154	0.0998464	7.776207	0.341338	0.206538	0.113522	0.105881	0.0547818	0.0424821	0.0349621	0	3.68567	1.796678	0.09984642	0.9001536	62.61497
2010	6.92839	-22.6349	29.5633	0.625388	0.374612	9.75933	0.341225	0.204752	0.110639	0.106518	0.0543666	0.0424096	0.0352128	0	2.98232	1.398296	0.3746123	0.6253877	25.02048
2020	7.49027	-21.4031	28.8934	0.800492	0.199508	1.758859	0.341436	0.204506	0.112155	0.102789	0.0541497	0.0420839	0.0352632	0	3.65225	1.989986	0.1995081	0.8004919	97.72067
2030	7.77264	-20.7404	28.513	0.0124007	0.987599	2.817737	0.342112	0.20165	0.111488	0.107066	0.0536025	0.0425944	0.0348659	0	4.032624	1.396741	0.9875993	0.01240074	24.93106
2040	7.05405	-20.3304	27.3844	0.160954	0.839046	2.090526	0.343268	0.20616	0.111587	0.10428	0.0536235	0.0418819	0.0352538	0	5.161231	1.494386	0.8390458	0.1609542	31.21664
2050	8.70938	-20.2222	28.9316	0.168521	0.831479	6.109305	0.34631	0.207715	0.111356	0.105246	0.0541604	0.0420819	0.0343435	0	3.614075	1.702389	0.8314787	0.1685213	50.39524
2060	7.71175	-21.0701	28.7819	0.254721	0.745279	7.71886	0.349386	0.203504	0.114347	0.10218	0.0541419	0.0418286	0.0339496	0	3.763747	1.383998	0.745279	0.254721	24.21016
2070	9.12664	-21.7715	30.8981	0.559371	0.440629	7.255684	0.348731	0.206122	0.11075	0.102902	0.0537286	0.0425884	0.033629	0	1.647525	1.969961	0.4406289	0.5593711	93.31697
2080	9.00977	-21.447	30.4568	0.119951	0.880049	6.435363	0.339929	0.208422	0.110189	0.102645	0.0538845	0.0425782	0.0348904	0	2.088873	1.669642	0.8800486	0.1199514	46.73492
2090	6.20663	-22.3883	28.5949	0.552816	0.447184	0.4945032	0.340274	0.201605	0.112927	0.102336	0.0539773	0.0425875	0.0343505	0	3.950733	1.288696	0.4471841	0.5528159	19.44
2100	5.9622	-23.0499	29.0121	0.041725	0.958275	0.1252659	0.343182	0.204291	0.114501	0.102654	0.0541455	0.0424728	0.0348256	0	3.533535	1.676426	0.958275	0.04172502	47.47076
2110	6.20787	-21.2174	27.4252	0.0238733	0.976127	1.445875	0.33888	0.200132	0.111382	0.104706	0.054755	0.0426787	0.0346054	0	5.120431	1.074241	0.9761267	0.02387328	11.86427
2120	8.60527	-20.7494	29.3547	0.811054	0.188946	8.894837	0.348012	0.199362	0.110856	0.102074	0.0549451	0.0419068	0.0345414	0	3.190948	1.714253	0.1889459	0.8110541	51.79086
2130	8.38996	-22.0238	30.4138	0.522952	0.477048	10.75666	0.338382	0.198314	0.113298	0.103744	0.0547113	0.0423811	0.0338898	0	2.131856	1.753308	0.4770481	0.5229519	56.66414
2140	8.56044	-22.3409	30.9013	0.6325	0.3675	5.971116	0.339513	0.200981	0.110466	0.102532	0.0544732	0.0420539	0.0347716	0	1.644334	1.576385	0.3675003	0.6324997	37.70376
2150	8.8594	-21.362	30.2214	0.609555	0.390445	6.180963	0.350915	0.200148	0.111063	0.102269	0.0538047	0.042195	0.0347845	0	2.324269	1.54524	0.3904454	0.6095546	35.09456
2160	6.04733	-19.9168	25.9642	0.764618	0.235382	1.663375	0.341859	0.200058	0.112573	0.1043	0.0543122	0.0424156	0.034056	0	6.581491	1.987092	0.2353822	0.7646178	97.07167
2170	9.05048	-21.5996	30.6501	0.111147	0.888853	6.709455	0.343223	0.204997	0.114814	0.102746	0.0552574	0.0415742	0.0342161	0	1.895556	1.743987	0.8888532	0.1111468	55.46089
2180	8.03947	-20.9415	28.981	0.0726542	0.927346	2.931916	0.341751	0.201555	0.112869	0.10267	0.0558916	0.0407919	0.0338901	0	3.564668	1.507279	0.9273458	0.07265425	32.15724
2190	5.64676	-21.0086	26.6554	0.832389	0.167611	0.4600353	0.347933	0.204018	0.110229	0.105241	0.0539565	0.0414188	0.0346874	0	5.890259	1.774899	0.1676113	0.8323887	59.55239
2200	7.4506	-20.3353	27.7859	0.533293	0.466707	2.491604	0.348837	0.203494	0.112693	0.105957	0.054042	0.041617	0.0350359	0	4.759733	1.537757	0.4667068	0.5332932	34.49509
2210	7.54082	-21.3713	28.9122	0.0119882	0.988012	9.93758	0.355324	0.20825	0.114905	0.103367	0.05413	0.0418173	0.0342781	0	3.633474	1.561297	0.9880118	0.01198819	36.41643
2220	8.72115	-20.7782	29.4994	0.0760447	0.923955	8.780763	0.3476	0.208059	0.114238	0.10399	0.053722	0.0413842	0.0344633	0	3.046269	1.755358	0.9239553	0.0760447	56.93216
2230	6.71656	-19.7518	26.4684	0.449665	0.550335	4.337839	0.355128	0.206862	0.114941	0.101849	0.0546839	0.0414763	0.0336181	0	6.077295	1.276892	0.5503354	0.4496646	18.91875
2240	8.97443	-21.8256	30.8001	0.701065	0.298935	8.512654	0.35498	0.205091	0.115324	0.104495	0.0537411	0.0421233	0.0346756	0	1.745582	1.757075	0.2989351	0.7010649	57.15775
2250	7.92405	-20.2208	28.1448	0.20443	0.79557	5.140165	0.355128	0.19972	0.11193	0.10458	0.0552664	0.0411227	0.0349867	0	4.400827	1.360036	0.7955697	0.2044303	22.91059
2260	8.13201	-21.9294	30.0614	0.372653	0.627347	11.93634	0.353493	0.198299	0.111733	0.103926	0.0561514	0.0412853	0.0344711	0	2.484221	1.876327	0.6273472	0.3726528	75.21893
2270	8.51675	-21.9169	30.4337	0.918925	0.0810752	4.537123	0.352064	0.199124	0.115583	0.104657	0.0556482	0.0407497	0.0353378	0	2.111995	1.512493	0.08107515	0.9189248	32.54569
2280	7.62097	-21.9304	29.5514	0.205042	0.794958	1.975682	0.347717	0.199364	0.114894	0.105897	0.0544897	0.0406584	0.0349822	0	2.99425	1.610356	0.7949575	0.2050425	40.77144
2290	8.3222	-22.9197	31.2419	0.0992802	0.90072	7.408677	0.345683	0.200256	0.114021	0.102304	0.0537856	0.0411271	0.035371	0	1.303768	1.624152	0.9007198	0.09928022	42.08736
2300	8.31189	-23.2428	31.5547	0.121053	0.878947	7.052763	0.347134	0.202458	0.113611	0.102257	0.054315	0.0419288	0.0351106	0	0.9909587	1.994262	0.8789469	0.1210531	98.68751
2310	8.17807	-22.8759	31.0539	0.162315	0.837685	10.72912	0.353772	0.207531	0.112518	0.104245	0.0537558	0.0407893	0.0348462	0	1.491709	1.74487	0.8376846	0.1623154	55.57379
2320	9.08278	-21.0609	30.1436	0.991839	0.00816097	7.536407	0.350554	0.205965	0.111013	0.10237	0.0542086	0.0406024	0.0346097	0	2.402014	1.716019	0.008160973	0.991839	52.00184
2330	8.76499	-20.9107	29.6757	0.722654	0.277346	6.719885	0.353026	0.206043	0.111458	0.105405	0.0558266	0.0405858	0.0353518	0	2.86995	1.517364	0.2773456	0.7226544	32.91277
2340	7.99609	-19.9197	27.9158	0.221608	0.778392	5.093346	0.344683	0.206163	0.110207	0.102483	0.0539931	0.0414222	0.0347177	0	4.629864	1.482667	0.7783916	0.2216084	30.38556
2350	8.63121	-21.8278	30.459	0.081198	0.918802	4.310693	0.345194	0.198544	0.110428	0.102425	0.0544649	0.0417733	0.0352443	0	2.086644	1.691842	0.918802	0.08119803	49.18604
2360	8.94743	-21.9761	30.9235	0.0770401	0.92296	6.401363	0.34405	0.199156	0.112842	0.10438	0.0536238	0.0416156	0.0344583	0	1.622144	1.825642	0.9229599	0.0770401	66.93333
2370	8.30126	-22.1045	30.4057	0.0774759	0.922524	4.527064	0.354462	0.203598	0.111539	0.104185	0.0545566	0.042268	0.0348012	0	2.139912	1.421353	0.9225241	0.07747587	26.38478
2380	8.5852	-20.7211	29.3063	0.381504	0.618496	3.776371	0.351133	0.20647	0.110763	0.101941	0.0556676	0.0416092	0.0345788	0	3.239352	1.934087	0.6184959	0.3815041	85.9185
2390	8.99103	-21.4875	30.4785	0.170409	0.829591	5.161508	0.350243	0.198821	0.112158	0.104285	0.0560937	0.0421625	0.0349581	0	2.067108	1.953423	0.8295913	0.1704087	89.83041
2400	5.70267	-22.3866	28.0893	0.134983	0.865017	11.08626	0.352913	0.207167	0.111693	0.103581	0.0547081	0.0420058	0.0344842	0	4.456333	1.467611	0.8650166	0.1349834	29.3502
2410	5.24	-20.9683	26.2083	0.164929	0.835071	4.446028	0.341488	0.201403	0.111698	0.103687	0.0558588	0.0413306	0.0341616	0	6.337314	0.9865572	0.8350713	0.1649287	9.695209
2420	8.04492	-21.5553	29.6002	0.0890034	0.910997	2.556173	0.350746	0.20071	0.110361	0.103155	0.0548845	0.0407974	0.0348639	0	2.945461	1.775761	0.9109966	0.08900343	59.67075
2430	8.26011	-21.7145	29.9746	0.687861	0.312139	7.576674	0.343205	0.199281	0.110528	0.103437	0.0545594	0.0413422	0.0351298	0	2.571012	1.420135	0.3121393	0.6878607	26.31084
2440	8.3599	-21.5749	29.9348	0.747978	0.252022	7.663228	0.343579	0.198991	0.113064	0.106448	0.0552948	0.0420573	0.0350988	0	2.610819	1.442109	0.2520217	0.7479783	27.67635
2450	7.87723	-20.5575	28.4348	0.52243	0.47757	6.881356	0.351963	0.200194	0.115626	0.1051	0.0538108	0.0420342	0.0350978	0	4.110876	1.382186	0.4775702	0.5224298	24.10939
2460	6.5024	-19.6732	26.1756	0.16532	0.83468	2.486902	0.348569	0.205394	0.115558	0.104853	0.0544862	0.0423766	0.034841	0	6.370083	1.562812	0.8346797	0.1653203	36.54362
2470	6.51313	-24.4086	30.9217	0.0449423	0.955058	2.488201	0.349991	0.208728	0.115409	0.106911	0.0554976	0.0422657	0.0345793	0	1.623937	1.296914	0.9550577	0.04494235	19.81133
2480	7.50018	-20.1145	27.6147	0.0604553	0.939545	8.830308	0.347751	0.203548	0.114713	0.104082	0.0562257	0.0417263	0.0342252	0	4.930971	1.904228	0.9395447	0.06045526	80.20987
2490	7.24779	-20.9124	28.1601	0.383505	0.616495	1.902917	0.339758	0.203414	0.114223	0.10182	0.0562425	0.0410726	0.0336656	0	4.385502	1.420399	0.6164954	0.3835046	26.32688
2500	8.74543	-20.4553	29.2007	0.951152	0.0488484	6.118602	0.350238	0.203922	0.111875	0.102479	0.0555787	0.0414463	0.0340358	0	3.344928	1.577899	0.04884836	0.9511516	37.83547
2510	6.88028	-21.146	28.0263	0.929041	0.0709593	1.261391	0.355665	0.206495	0.111474	0.102164	0.0562369	0.0406576	0.033907	0	4.519376	1.696207	0.07095925	0.9290407	49.68285
2520	8.74027	-20.596	29.3363	0.958074	0.0419259	4.320313	0.346629	0.202586	0.113154	0.106108	0.0559378	0.0425748	0.0342993	0	3.20937	1.944833	0.0419259	0.9580741	88.07098
2530	6.62677	-24.2204	30.8471	0.581158	0.418842	3.385548	0.345212	0.200333	0.111125	0.10618	0.0554868	0.0419492	0.0337887	0	1.698506	1.193445	0.4188416	0.5811584	15.6115
2540	8.6463	-20.3966	29.0429	0.891637	0.108363	4.904133	0.342032	0.205564	0.111575	0.104243	0.0548676	0.0413559	0.0353428	0	3.502756	1.579706	0.108363	0.891637	37.99322
2550	8.53446	-20.4164	28.9509	0.934274	0.0657264	4.005474	0.344947	0.198371	0.110653	0.102938	0.0555424	0.041136	0.0340233	0	3.594751	1.898127	0.06572639	0.9342736	79.09094
2560	9.06022	-21.0252	30.0854	0.384198	0.615802	5.511427	0.338503	0.20133	0.110329	0.105868	0.0561133	0.0420232	0.0348174	0	2.460272	1.794868	0.6158018	0.3841982	62.35451
2570	7.4369	-21.2906	28.7275	0.378152	0.621848	2.028353	0.339969	0.207838	0.110584	0.105319	0.0551721	0.0416422	0.035275	0	3.818139	1.367781	0.6218477	0.3781523	23.32283
2580	7.68154	-19.8028	27.4843	0.353035	0.646965	3.589048	0.355335	0.205053	0.111954	0.106892	0.05488	0.0415734	0.0344253	0	5.0613	1.758148	0.646965	0.353035	57.29911
2590	4.98458	-22.2195	27.2041	0.115125	0.884875	2.216988	0.346662	0.201642	0.112848	0.106755	0.0550518	0.0415543	0.0339285	0	5.341553	0.8095551	0.8848753	0.1151247	6.449932
2600	7.24841	-23.3884	30.6368	0.275708	0.724292	7.61548	0.339123	0.199527	0.11507	0.105485	0.0537372	0.0408652	0.0347256	0	1.90888	1.302485	0.7242923	0.2757077	20.0671
2610	7.96639	-23.0446	31.011	0.675689	0.324311	11.84141	0.346392	0.199356	0.114498	0.106236	0.0556366	0.0407698	0.0343548	0	1.534669	1.809039	0.3243114	0.6756886	64.42267
2620	7.34455	-19.654	26.9985	0.463905	0.536095	3.37089	0.343304	0.203763	0.112747	0.104353	0.054891	0.0420253	0.0346336	0	5.547101	1.999975	0.5360952	0.4639048	99.99432
2630	7.62823	-21.1786	28.8069	0.333913	0.666087	3.34647	0.340507	0.200624	0.115871	0.106125	0.0552945	0.0420585	0.0351671	0	3.738787	1.207731	0.6660869	0.3339131	16.13358
2640	7.21773	-20.1584	27.3761	0.901552	0.0984482	9.239645	0.340621	0.206019	0.114504	0.106207	0.0549002	0.0413868	0.035142	0	5.169499	1.840951	0.09844819	0.9015518	69.33483
2650	7.76015	-19.728	27.4882	0.372052	0.627948	3.96528	0.339556	0.204991	0.114116	0.104855	0.0545184	0.0412559	0.0350316	0	5.057475	1.795604	0.6279483	0.3720517	62.46034
2660	8.43723	-20.4879	28.9251	0.489143	0.510857	8.954344	0.345507	0.200991	0.115185	0.104296	0.0534411	0.0420767	0.0340619	0	3.620509	1.874166	0.5108566	0.4891434	74.84559
2670	8.32028	-20.7975	29.1178	0.679608	0.320392	4.891206	0.340873	0.203255	0.111018	0.106771	0.0536152	0.0420742	0.0349831	0	3.427835	1.364066	0.3203925	0.6796075	23.12418
2680	7.92347	-22.4081	30.3315	0.847541	0.152459	4.871564	0.339377	0.208165	0.114481	0.106982	0.0545072	0.0420043	0.034794	0	2.214124	1.287811	0.1524594	0.8475406	19.40043
2690	7.53603	-19.8582	27.3942	0.0560878	0.943912	5.792682	0.338532	0.206009	0.115197	0.105004	0.0559032	0.0423287	0.0347618	0	5.151411	1.409346	0.9439122	0.05608777	25.66531
2700	9.11268	-20.8546	29.9673	0.576919	0.423081	7.632054	0.349647	0.20464	0.112936	0.10275	0.0546648	0.0414428	0.0337441	0	2.578386	1.828743	0.4230805	0.5769195	67.41284
2710	8.109	-23.3426	31.4516	0.666391	0.333609	5.67819	0.347445	0.202043	0.110614	0.103804	0.0556108	0.0418083	0.0343187	0	1.094056	1.894639	0.333609	0.666391	78.4583
2720	8.9295	-20.8403	29.7698	0.162041	0.837959	8.597125	0.339969	0.199005	0.110176	0.104722	0.0552662	0.042151	0.0339141	0	2.775808	1.843053	0.837959	0.162041	69.67121
2730	7.97671	-20.9086	28.8854	0.497735	0.502265	8.312931	0.346461	0.199799	0.112632	0.106045	0.0539178	0.0422649	0.034511	0	3.660293	1.481028	0.5022647	0.4977353	30.27106
2740	8.99613	-21.804	30.8001	0.983982	0.016018	8.434908	0.355	0.201003	0.110144	0.105606	0.053561	0.0424586	0.0346497	0	1.74552	1.767056	0.01601802	0.983982	58.4866
2750	7.42658	-23.5771	31.0037	0.528891	0.471109	2.937961	0.351809	0.205594	0.11448	0.105321	0.0544277	0.0418381	0.0352112	0	1.541952	1.764576	0.4711087	0.5288913	58.15357
2760	6.37772	-21.6584	28.0361	0.230246	0.769754	10.03398	0.343351	0.205292	0.113456	0.106686	0.0551489	0.0424617	0.0338634	0	4.509505	1.449832	0.7697539	0.2302461	28.17291
2770	7.41858	-21.4072	28.8258	0.696009	0.303991	1.700483	0.341094	0.207514	0.111916	0.104988	0.0542234	0.0419598	0.0346284	0	3.719842	1.716923	0.3039909	0.6960091	52.1102
2780	8.05189	-20.1428	28.1946	0.880018	0.119982	8.315791	0.340768	0.208314	0.112192	0.106613	0.0545145	0.0405952	0.0350976	0	4.350999	1.877143	0.119982	0.880018	75.36044
2790	9.05614	-21.2338	30.2899	0.517237	0.482763	9.224861	0.352772	0.205406	0.113914	0.105226	0.0549312	0.0413135	0.0351463	0	2.25572	1.964354	0.4827635	0.5172365	92.12003
2800	7.34564	-20.4204	27.766	0.22761	0.77239	8.316829	0.346462	0.207417	0.113656	0.105217	0.0547004	0.0418187	0.0349711	0	4.77966	1.4865	0.7723898	0.2276102	30.65494
2810	7.03892	-20.245	27.2839	0.344501	0.655499	2.098994	0.344458	0.208206	0.115498	0.101938	0.0534701	0.0424631	0.0352033	0	5.261774	1.610399	0.6554986	0.3445014	40.77547
2820	8.63878	-20.7087	29.3475	0.348527	0.651473	9.240017	0.338526	0.203151	0.114869	0.104894	0.0547713	0.0414101	0.0345085	0	3.198122	1.980436	0.6514732	0.3485268	95.59526
2830	8.39327	-20.1913	28.5845	0.422023	0.577977	7.842502	0.345153	0.198456	0.113794	0.102994	0.0554495	0.0415258	0.03493	0	3.961118	1.734146	0.5779766	0.4220234	54.21835
2840	8.91693	-21.2209	30.1379	0.329751	0.670249	7.077557	0.353573	0.203523	0.114785	0.104948	0.0548902	0.0419166	0.0349855	0	2.407793	1.582853	0.6702495	0.3297505	38.26954
2850	8.57972	-20.5233	29.1031	0.448811	0.551189	5.797291	0.350533	0.207222	0.114004	0.104362	0.0560922	0.0415709	0.0341912	0	3.44258	1.488321	0.5511891	0.4488109	30.78372
2860	5.22592	-20.6123	25.8382	0.747278	0.252722	0.577305	0.340528	0.20863	0.111254	0.104067	0.0545808	0.041108	0.0353199	0	6.707431	1.307803	0.2527219	0.7472781	20.31437
2870	7.33978	-20.4956	27.8354	0.688274	0.311726	2.181094	0.343201	0.20824	0.113602	0.10532	0.0535306	0.0415715	0.0340281	0	4.710235	1.569246	0.3117262	0.6882738	37.0891
2880	7.52423	-21.437	28.9612	0.0477822	0.952218	2.333633	0.340446	0.203448	0.114571	0.103721	0.0548355	0.0406124	0.03471	0	3.584465	1.300631	0.9522178	0.0477822	19.98162
2890	6.68872	-20.6443	27.333	0.0965954	0.903405	1.426483	0.33861	0.204903	0.115246	0.104515	0.0542127	0.0425575	0.0336721	0	5.212656	1.610878	0.9034046	0.09659545	40.82043
2900	5.78829	-19.425	25.2133	0.281226	0.718774	2.898037	0.34218	0.204663	0.113944	0.106526	0.0539648	0.0411854	0.0342354	0	7.332327	1.317761	0.7187744	0.2812256	20.78554
2910	8.28407	-21.8963	30.1804	0.826418	0.173582	6.295758	0.344872	0.206926	0.112896	0.10551	0.0536247	0.0412857	0.0351877	0	2.365264	1.367163	0.1735822	0.8264178	23.28964
2920	7.63592	-20.2217	27.8576	0.589125	0.410875	9.029464	0.34273	0.208194	0.110647	0.105226	0.053952	0.0408268	0.0353033	0	4.688027	1.910662	0.4108747	0.5891253	81.40709
2930	7.33712	-19.5886	26.9257	0.153747	0.846253	3.605305	0.346621	0.206552	0.113683	0.106691	0.053554	0.0409241	0.0352353	0	5.619931	1.832674	0.8462534	0.1537466	68.02587
2940	7.85325	-23.4368	31.29	0.524395	0.475605	12.29947	0.348415	0.200069	0.115353	0.10423	0.0555054	0.0412402	0.0348098	0	1.255643	1.885861	0.4756051	0.5243949	76.88851
2950	6.33039	-22.1696	28.5	0.555641	0.444359	7.874215	0.343095	0.204268	0.114428	0.105869	0.0537631	0.0407463	0.0350233	0	4.045625	1.206646	0.4443589	0.5556411	16.09335
2960	5.25969	-18.927	24.1867	0.541781	0.458219	4.352039	0.351548	0.201657	0.110339	0.106978	0.0542027	0.0426715	0.0340159	0	8.358998	1.669661	0.4582194	0.5417806	46.73703
2970	7.91444	-21.5886	29.503	0.839913	0.160087	7.641107	0.353323	0.205589	0.11065	0.104464	0.0540006	0.0424642	0.0338628	0	3.042631	1.372043	0.1600867	0.8399133	23.55282
2980	8.54951	-20.5482	29.0978	0.76106	0.23894	7.86225	0.355051	0.206657	0.110774	0.103601	0.0537501	0.0421579	0.034233	0	3.447894	1.61571	0.2389404	0.7610596	41.2772
2990	8.87734	-20.7125	29.5899	0.706298	0.293702	8.555982	0.348241	0.202967	0.110252	0.104494	0.0552918	0.0414721	0.0337984	0	2.955772	1.905717	0.2937018	0.7062982	80.48543
3000	6.61218	-19.4077	26.0199	0.631482	0.368518	6.722135	0.342326	0.205801	0.111095	0.104071	0.0542948	0.0418414	0.0352073	0	6.525749	1.682001	0.368518	0.631482	48.08404
3010	8.86999	-20.7179	29.5879	0.944984	0.0550159	5.728546	0.342973	0.205785	0.1104	0.105348	0.0540254	0.0416713	0.035167	0	2.957721	1.573565	0.05501591	0.9449841	37.45978
3020	6.81839	-20.8606	27.679	0.177126	0.822874	4.630558	0.344148	0.205496	0.110468	0.105594	0.0534464	0.0407806	0.0345364	0	4.866662	1.117588	0.8228741	0.1771259	13.10957
3030	8.56863	-21.2341	29.8027	0.617304	0.382696	10.50312	0.350326	0.201087	0.114029	0.105749	0.0537004	0.0424803	0.0345427	0	2.742943	1.899951	0.3826957	0.6173043	79.42395
3040	8.43623	-21.9977	30.434	0.590489	0.409511	10.96196	0.35397	0.20358	0.110413	0.105632	0.0542032	0.0416442	0.0349138	0	2.111692	1.791512	0.4095112	0.5904888	61.87454
3050	9.00379	-21.6605	30.6642	0.421909	0.578091	9.559383	0.345982	0.198485	0.112085	0.106269	0.0554695	0.0412104	0.034542	0	1.881405	1.892445	0.5780913	0.4219087	78.06297
3060	8.65942	-20.261	28.9204	0.805563	0.194437	4.780088	0.352173	0.203107	0.111697	0.105254	0.0539416	0.0420525	0.0348731	0	3.625209	1.807576	0.1944374	0.8055626	64.20602
3070	7.91303	-23.3373	31.2504	0.265632	0.734368	4.695755	0.341475	0.20537	0.11333	0.104599	0.0547971	0.042091	0.0344584	0	1.295294	1.691278	0.734368	0.265632	49.12219
3080	7.17989	-19.5031	26.6829	0.710976	0.289024	3.904332	0.339928	0.202703	0.113126	0.107077	0.0546467	0.042547	0.0344778	0	5.862709	1.611568	0.2890241	0.7109759	40.8854
3090	8.78094	-20.459	29.2399	0.716967	0.283033	6.243846	0.34601	0.204076	0.112649	0.105334	0.0543323	0.0420842	0.0342553	0	3.305729	1.597268	0.2830325	0.7169675	39.5611
3100	8.40181	-20.3441	28.7459	0.75483	0.24517	7.895041	0.339827	0.20719	0.113465	0.102818	0.0534454	0.0415024	0.0339473	0	3.799708	1.650341	0.2451702	0.7548298	44.70344
3110	6.39881	-20.5549	26.9537	0.0882442	0.911756	10.32602	0.338331	0.205923	0.114599	0.102625	0.0544758	0.0409486	0.0350407	0	5.591973	1.693403	0.9117558	0.08824416	49.36313
3120	8.36697	-21.8973	30.2643	0.449598	0.550402	5.433395	0.353056	0.2072	0.11465	0.102203	0.0538129	0.0417933	0.0342909	0	2.281393	1.387871	0.5504022	0.4495978	24.42703
3130	8.18766	-20.8092	28.9969	0.179304	0.820696	3.367135	0.348333	0.205096	0.11559	0.105347	0.0535779	0.0407638	0.0351285	0	3.548783	1.470032	0.8206958	0.1793042	29.51425
3140	8.50103	-21.8557	30.3567	0.250261	0.749739	4.370268	0.348248	0.207601	0.115589	0.104157	0.0541985	0.0413227	0.0338676	0	2.188931	1.53314	0.7497392	0.2502608	34.13031
3150	9.05367	-21.6406	30.6942	0.921268	0.0787318	5.876541	0.343564	0.207649	0.114724	0.10187	0.0552265	0.0412954	0.033775	0	1.851401	1.916216	0.07873183	0.9212682	82.45473
3160	7.43889	-24.0758	31.5147	0.87457	0.12543	8.139202	0.338203	0.203516	0.115495	0.106202	0.0553346	0.0419957	0.0343733	0	1.030929	1.569654	0.1254301	0.8745699	37.12397
3170	8.40265	-20.7025	29.1051	0.0674227	0.932577	8.885794	0.352081	0.203539	0.114008	0.102296	0.0555222	0.0408926	0.0351182	0	3.440541	1.66633	0.9325773	0.06742274	46.37989
3180	6.95931	-20.4705	27.4299	0.345614	0.654386	3.141975	0.345696	0.208018	0.114595	0.104383	0.0561762	0.0421455	0.0351705	0	5.115797	1.165637	0.6543861	0.3456139	14.64322
3190	8.91233	-20.7979	29.7102	0.709671	0.290329	4.801109	0.34916	0.208408	0.11503	0.105047	0.0550059	0.0412833	0.0342949	0	2.83545	1.833314	0.2903285	0.7096715	68.12613
3200	5.78439	-20.4416	26.226	0.406833	0.593167	1.012026	0.34867	0.200126	0.115766	0.10438	0.0559672	0.0423413	0.033816	0	6.319676	1.415394	0.5931674	0.4068326	26.0252
3210	5.7922	-25.8469	31.6391	0.833891	0.166109	3.010776	0.351989	0.199547	0.115832	0.103417	0.0538654	0.0417825	0.0353329	0	0.906513	1.818412	0.1661094	0.8338906	65.82822
3220	7.80169	-20.6543	28.4559	0.27474	0.72526	9.508814	0.354521	0.201131	0.110182	0.104777	0.0535972	0.0424724	0.0352949	0	4.08971	1.66088	0.72526	0.27474	45.80156
3230	8.40238	-22.716	31.1183	0.597411	0.402589	9.052295	0.346644	0.208685	0.111584	0.103123	0.0535935	0.0417878	0.0344834	0	1.427304	1.671489	0.4025891	0.5974109	46.93418
3240	8.76471	-21.1749	29.9396	0.652313	0.347687	4.09089	0.350399	0.198328	0.111719	0.10449	0.0544314	0.0416472	0.0343125	0	2.606051	1.947296	0.3476873	0.6523127	88.57192
3250	8.40858	-20.4347	28.8433	0.795316	0.204684	8.808468	0.345655	0.200847	0.110174	0.105299	0.0540281	0.0414322	0.0352973	0	3.702385	1.914919	0.2046844	0.7953156	82.20887
3260	5.66103	-20.6788	26.3398	0.859161	0.140839	2.04304	0.344874	0.205682	0.11514	0.105294	0.056154	0.0409858	0.0344296	0	6.205838	1.022588	0.1408386	0.8591614	10.53387
3270	8.98573	-21.8571	30.8428	0.526402	0.473598	8.268009	0.353678	0.205877	0.113037	0.106232	0.0549014	0.0413381	0.0346429	0	1.702855	1.767702	0.4735983	0.5264017	58.57364
3280	7.45147	-22.1839	29.6353	0.758364	0.241636	1.903584	0.34898	0.205547	0.113881	0.1062	0.0536955	0.0419625	0.0342203	0	2.910306	1.454191	0.2416362	0.7583638	28.45713
3290	6.86219	-19.732	26.5941	0.772677	0.227323	5.218067	0.354524	0.204715	0.1147	0.104858	0.0551105	0.0409816	0.0343074	0	5.9515	1.321148	0.2273227	0.7726773	20.94826
3300	8.91692	-21.9282	30.8451	0.442131	0.557869	7.794029	0.349087	0.204189	0.111698	0.106099	0.0562432	0.0408958	0.0349285	0	1.700529	1.704053	0.5578694	0.4421306	50.58861
3310	6.16383	-20.2584	26.4222	0.58875	0.41125	9.986729	0.351655	0.205908	0.111058	0.103727	0.0535575	0.0418614	0.0346485	0	6.123462	1.964801	0.4112501	0.5887499	92.21493
3320	9.12425	-21.2058	30.3301	0.912057	0.0879429	8.508831	0.346658	0.208525	0.110742	0.10344	0.054571	0.0407883	0.0336388	0	2.215598	1.893943	0.0879429	0.9120571	78.33262
3330	8.3344	-21.9616	30.296	0.744376	0.255624	10.31167	0.341619	0.206292	0.112644	0.104515	0.055671	0.0416233	0.0344259	0	2.249696	1.678869	0.2556243	0.7443757	47.73849
3340	8.28736	-22.2426	30.5299	0.744343	0.255657	5.31826	0.352943	0.198699	0.11501	0.104537	0.0557381	0.0419431	0.0346738	0	2.015728	1.400406	0.2556567	0.7443433	25.14237
3350	7.98323	-21.3652	29.3484	0.962859	0.0371407	2.535136	0.347869	0.202241	0.112011	0.105611	0.0540663	0.0409724	0.0339449	0	3.19726	1.632	0.03714066	0.9628593	42.85482
3360	8.59537	-22.0941	30.6895	0.41439	0.58561	4.724616	0.354644	0.206718	0.111389	0.104708	0.05533	0.0414605	0.0349444	0	1.856194	1.650287	0.5856103	0.4143897	44.69793
3370	8.03754	-22.9697	31.0073	0.472959	0.527041	11.20348	0.352286	0.205238	0.113299	0.102171	0.0557713	0.0406339	0.0342012	0	1.538394	1.75541	0.5270413	0.4729587	56.93907
3380	9.10592	-21.7026	30.8085	0.43343	0.56657	7.430765	0.35067	0.200536	0.11236	0.101782	0.0560476	0.0406625	0.0343703	0	1.737136	1.832545	0.5665697	0.4334303	68.00562
3390	7.22861	-19.7748	27.0034	0.173814	0.826186	7.635169	0.346732	0.198728	0.113698	0.103516	0.0554946	0.0423011	0.0343014	0	5.542235	1.981561	0.8261859	0.1738141	95.84324
3400	6.83148	-21.6146	28.4461	0.437748	0.562252	12.56083	0.343486	0.20338	0.115492	0.10376	0.0554108	0.0425583	0.0338315	0	4.099553	1.867934	0.562252	0.437748	73.77913
3410	8.21734	-20.8092	29.0266	0.555614	0.444386	3.142121	0.341128	0.201112	0.114754	0.105753	0.0551881	0.0412857	0.0340668	0	3.519075	1.633474	0.4443862	0.5556138	43.00052
3420	9.01738	-21.7339	30.7513	0.832667	0.167333	9.590968	0.353706	0.198716	0.114413	0.107019	0.0546436	0.0408371	0.0340072	0	1.794347	1.919306	0.1673332	0.8326668	83.04354
3430	8.01206	-23.0061	31.0182	0.56592	0.43408	6.029235	0.353509	0.203996	0.111169	0.106685	0.0556817	0.0413042	0.0340905	0	1.527473	1.45212	0.4340798	0.5659202	28.32175
3440	5.56988	-20.2715	25.8414	0.203145	0.796855	1.314934	0.345236	0.208067	0.110923	0.105862	0.0546598	0.0421939	0.0345442	0	6.704277	1.198012	0.7968549	0.2031451	15.77655
3450	7.6128	-21.2863	28.8991	0.975556	0.0244436	3.460848	0.342185	0.203495	0.112539	0.10691	0.0545088	0.0408427	0.0337224	0	3.646582	1.21199	0.02444364	0.9755564	16.29257
3460	7.72969	-22.0167	29.7464	0.167547	0.832453	3.576208	0.33905	0.20584	0.112105	0.103552	0.0561472	0.0410309	0.0345868	0	2.79926	1.22631	0.832453	0.167547	16.83877
3470	5.76457	-21.0634	26.828	0.615899	0.384101	0.4967596	0.346108	0.205814	0.112359	0.103022	0.0557773	0.0413281	0.034581	0	5.717691	1.794768	0.3841006	0.6158994	62.34024
3480	5.81167	-24.5998	30.4115	0.717425	0.282575	0.5445692	0.354961	0.204004	0.111992	0.103148	0.0550156	0.0412121	0.034128	0	2.134164	1.903621	0.2825745	0.7174255	80.09782
3490	8.15147	-21.306	29.4575	0.580411	0.419589	9.39215	0.346687	0.200533	0.113243	0.104274	0.0537398	0.0415973	0.0348623	0	3.088128	1.578486	0.4195891	0.5804109	37.88661
3500	8.77957	-20.4897	29.2693	0.827153	0.172847	4.677871	0.34609	0.204701	0.112636	0.105002	0.0561185	0.0410264	0.0339952	0	3.276387	1.857653	0.1728471	0.8271529	72.05324
3510	8.78205	-22.199	30.9811	0.932427	0.0675731	6.554802	0.350873	0.200983	0.115581	0.106783	0.054703	0.0425857	0.0336154	0	1.564568	1.697296	0.06757306	0.9324269	49.80768
3520	6.01702	-25.804	31.821	0.295102	0.704898	8.316242	0.34958	0.202706	0.113386	0.104201	0.0554024	0.0415046	0.0349431	0	0.7246564	1.523286	0.7048978	0.2951022	33.3646
3530	8.84189	-21.0214	29.8633	0.350608	0.649392	6.177448	0.345115	0.201467	0.114543	0.102344	0.055076	0.0410728	0.0344305	0	2.682334	1.535405	0.6493921	0.3506079	34.30875
3540	8.63753	-21.5644	30.2019	0.654442	0.345558	4.178447	0.344279	0.20338	0.11381	0.103908	0.0559591	0.0422576	0.0351203	0	2.343727	1.623669	0.3455583	0.6544417	42.04063
3550	6.04859	-24.1826	30.2312	0.772209	0.227791	15.63294	0.355461	0.203601	0.111748	0.103358	0.0562097	0.0419003	0.0351118	0	2.314483	1.950019	0.2277914	0.7722086	89.12894
3560	8.4242	-20.2309	28.6551	0.961636	0.0383642	7.477727	0.348117	0.206617	0.1106	0.105346	0.0558134	0.0413885	0.0337926	0	3.890524	1.659438	0.03836416	0.9616358	45.64972
3570	9.23008	-21.1928	30.4229	0.0938205	0.90618	7.420162	0.34318	0.204962	0.113664	0.10334	0.0554307	0.0424487	0.0339505	0	2.122738	1.996262	0.9061795	0.09382049	99.1429
3580	5.0498	-19.088	24.1378	0.851719	0.148281	2.621471	0.340949	0.205104	0.112028	0.105328	0.0542628	0.0424881	0.0346823	0	8.407887	1.778178	0.1482812	0.8517188	60.00363
3590	7.10515	-22.5743	29.6795	0.0397121	0.960288	1.363593	0.352217	0.20592	0.114407	0.103158	0.0555805	0.0419961	0.0349004	0	2.866154	1.601389	0.9602879	0.03971212	39.93822
3600	8.04426	-20.9729	29.0171	0.303901	0.696099	2.91587	0.351852	0.198366	0.115766	0.103153	0.053975	0.0425952	0.0352718	0	3.528516	1.487195	0.696099	0.303901	30.70402
3610	8.32669	-20.8453	29.172	0.0143875	0.985613	8.989305	0.339222	0.200195	0.112251	0.105781	0.0558518	0.04105	0.0353601	0	3.373626	1.623296	0.9856125	0.0143875	42.00454
3620	8.18527	-19.9706	28.1559	0.625048	0.374952	7.299201	0.349336	0.204439	0.112838	0.105796	0.0555175	0.0426347	0.0348472	0	4.389771	1.760578	0.3749521	0.6250479	57.62069
3630	8.6571	-20.5095	29.1666	0.253567	0.746433	8.475085	0.352339	0.198577	0.111104	0.10663	0.0550885	0.0415967	0.0348194	0	3.379073	1.823219	0.7464328	0.2535672	66.56082
3640	8.55202	-20.0628	28.6148	0.337297	0.662703	5.230688	0.345473	0.202501	0.112347	0.104906	0.0552928	0.0406103	0.0336834	0	3.930805	1.847176	0.662703	0.337297	70.33566
3650	7.54813	-19.8711	27.4193	0.252066	0.747934	3.196887	0.350094	0.200381	0.110838	0.103021	0.055888	0.0410031	0.0336572	0	5.126383	1.779603	0.7479339	0.2520661	60.20094
3660	8.18631	-20.2207	28.407	0.294405	0.705595	8.317445	0.352016	0.19861	0.11027	0.103351	0.0559745	0.0410082	0.0340773	0	4.1386	1.775696	0.7055951	0.2944049	59.6618
3670	8.89702	-21.9741	30.8712	0.680901	0.319099	9.237724	0.344327	0.206778	0.110976	0.10439	0.0543058	0.0408787	0.0350785	0	1.674485	1.800585	0.3190992	0.6809008	63.18072
3680	8.81632	-20.7204	29.5367	0.232243	0.767757	8.376521	0.340072	0.19852	0.110912	0.105092	0.0553218	0.0409184	0.0338631	0	3.008945	1.75277	0.7677573	0.2322427	56.5939
3690	9.04807	-20.8113	29.8593	0.711047	0.288953	8.006202	0.346502	0.202005	0.110479	0.104612	0.0550534	0.0417134	0.0351906	0	2.686315	1.806196	0.2889527	0.7110473	64.0024
3700	8.88949	-20.5679	29.4574	0.694913	0.305087	6.639197	0.346618	0.201326	0.111179	0.105244	0.0557341	0.0408044	0.0346732	0	3.088284	1.633194	0.3050866	0.6949134	42.97281
3710	8.83842	-20.3372	29.1756	0.369106	0.630894	6.145567	0.348024	0.204212	0.11205	0.104329	0.054798	0.0423079	0.034529	0	3.370054	1.720909	0.6308935	0.3691065	52.59069
3720	8.42853	-20.5147	28.9432	0.426052	0.573948	4.767991	0.342821	0.208631	0.113854	0.106785	0.0544956	0.0424843	0.0348781	0	3.602417	1.44463	0.573948	0.426052	27.83746
3730	7.75113	-19.7702	27.5213	0.636553	0.363447	3.763974	0.341209	0.203929	0.111509	0.106889	0.0539691	0.0423357	0.0348203	0	5.0243	1.849142	0.3634468	0.6365532	70.65479
3740	8.20591	-21.328	29.5339	0.136149	0.863851	3.319631	0.344763	0.208176	0.110386	0.10278	0.0561585	0.0424984	0.0345012	0	3.011726	1.452266	0.863851	0.136149	28.33129
3750	8.71068	-20.2089	28.9196	0.92399	0.0760104	5.272055	0.342045	0.201947	0.114295	0.105575	0.055774	0.0423089	0.0339963	0	3.626085	1.844829	0.07601043	0.9239896	69.95672
3760	7.52625	-19.6192	27.1455	0.525202	0.474798	4.321774	0.34137	0.202842	0.111368	0.106132	0.054565	0.0413718	0.0345292	0	5.400169	1.564487	0.474798	0.525202	36.68484
3770	8.86122	-21.7131	30.5744	0.0783571	0.921643	4.941963	0.339592	0.204918	0.115319	0.104104	0.0554461	0.0414441	0.0347668	0	1.971293	1.83516	0.9216429	0.07835712	68.41631
3780	8.65834	-21.7861	30.4445	0.808528	0.191472	4.61883	0.342013	0.208512	0.113098	0.105923	0.0560184	0.0422766	0.0340956	0	2.101194	1.610551	0.1914716	0.8085284	40.78974
3790	8.58863	-22.6841	31.2728	0.106734	0.893266	7.132248	0.341831	0.208334	0.114193	0.106194	0.0550909	0.0424576	0.0343918	0	1.272882	1.779467	0.8932659	0.1067341	60.18201
3800	9.05715	-21.2528	30.31	0.406731	0.593269	5.313051	0.339176	0.204868	0.11375	0.10514	0.0552788	0.0412712	0.033926	0	2.235654	1.977478	0.5932693	0.4067307	94.94629
3810	8.43435	-21.6798	30.1141	0.550649	0.449351	3.857167	0.341191	0.198529	0.115571	0.10311	0.0540645	0.0417035	0.0337206	0	2.431524	1.53558	0.4493511	0.5506489	34.3226
3820	8.60408	-20.2457	28.8498	0.879769	0.120231	5.388467	0.345554	0.202486	0.11246	0.103109	0.0548387	0.0405806	0.0343996	0	3.695847	1.590095	0.1202313	0.8797687	38.91304
3830	9.10677	-21.7263	30.8331	0.385928	0.614072	6.562753	0.339106	0.204227	0.111314	0.102787	0.0550285	0.0416338	0.0346435	0	1.712594	1.970673	0.6140719	0.3859281	93.47008
3840	8.24286	-21.6871	29.93	0.407804	0.592196	2.986194	0.3411	0.20453	0.114737	0.101946	0.0559785	0.0406789	0.034858	0	2.615671	1.742003	0.5921959	0.4078041	55.20809
3850	5.45906	-25.7266	31.1857	0.824616	0.175384	8.553875	0.348748	0.207009	0.114998	0.102714	0.0558681	0.0410979	0.035014	0	1.359994	1.257776	0.1753845	0.8246155	18.10407
3860	9.19925	-21.3437	30.5429	0.609788	0.390212	8.163221	0.344663	0.200127	0.110127	0.102719	0.055994	0.0413647	0.0336242	0	2.002714	1.964224	0.3902118	0.6097882	92.09254
3870	8.08097	-22.5299	30.6109	0.555459	0.444541	8.607335	0.347049	0.198616	0.110594	0.101861	0.0551317	0.0417813	0.0344805	0	1.934773	1.490553	0.4445412	0.5554588	30.94233
3880	7.54043	-20.0946	27.635	0.0535301	0.94647	2.868732	0.355259	0.200385	0.112651	0.103145	0.0535932	0.0425369	0.034269	0	4.910651	1.628373	0.9464699	0.05353005	42.4984
3890	8.92946	-20.6433	29.5727	0.141095	0.858905	5.059783	0.355548	0.199391	0.115067	0.102508	0.0537693	0.0411961	0.034303	0	2.972911	1.845383	0.8589051	0.1410949	70.04592
3900	8.1997	-20.2362	28.4359	0.731688	0.268312	7.43584	0.355192	0.201558	0.111722	0.107063	0.053838	0.042422	0.0350065	0	4.10977	1.556485	0.2683125	0.7316875	36.01511
3910	5.76802	-26.1645	31.9325	0.431768	0.568232	6.259524	0.341361	0.204129	0.11295	0.106826	0.0555473	0.0425787	0.0344133	0	0.6131246	1.657973	0.5682325	0.4317675	45.49596
3920	7.06883	-20.6044	27.6732	0.924334	0.0756664	1.76268	0.340458	0.202243	0.11196	0.105567	0.056191	0.040912	0.0340396	0	4.87244	1.70863	0.07566643	0.9243336	51.12462
3930	7.55956	-23.3999	30.9595	0.654964	0.345036	4.604673	0.345618	0.207642	0.110592	0.105489	0.0546367	0.0407639	0.0338579	0	1.586139	1.372199	0.3450358	0.6549642	23.56129
3940	9.04773	-21.4091	30.4568	0.430911	0.569089	8.546645	0.35049	0.204049	0.115307	0.105911	0.0547624	0.0413465	0.0340887	0	2.088839	1.774174	0.5690888	0.4309112	59.45309
3950	8.88451	-21.1469	30.0314	0.47469	0.52531	8.910316	0.345185	0.205576	0.112087	0.106541	0.0544173	0.0419881	0.0341573	0	2.514232	1.74512	0.52531	0.47469	55.60585
3960	8.63747	-22.5416	31.179	0.259323	0.740677	7.126458	0.348481	0.204296	0.114407	0.106221	0.0543015	0.0417687	0.0344831	0	1.366613	1.722687	0.740677	0.259323	52.80648
3970	8.68203	-21.4342	30.1163	0.257544	0.742456	5.304531	0.346826	0.203736	0.114088	0.106932	0.0556815	0.0412799	0.0343861	0	2.429391	1.484578	0.7424557	0.2575443	30.51953
3980	8.36983	-19.9091	28.2789	0.848143	0.151857	5.230076	0.350149	0.202566	0.1135	0.102573	0.0546499	0.040987	0.0352845	0	4.266745	1.812896	0.1518571	0.8481429	64.99738
3990	7.56127	-20.7986	28.3598	0.0636796	0.93632	2.558582	0.339597	0.205615	0.114812	0.10223	0.0558216	0.041146	0.0348319	0	4.185806	1.347114	0.9363204	0.06367962	22.23892
4000	8.57106	-20.7059	29.277	0.684181	0.315819	6.671481	0.338754	0.208349	0.113184	0.103071	0.055412	0.0422064	0.0346874	0	3.268667	1.481306	0.3158192	0.6841808	30.29047
4010	7.6961	-20.4853	28.1814	0.712328	0.287672	9.579152	0.341495	0.203965	0.115182	0.102935	0.0539936	0.0407774	0.0343446	0	4.364219	1.732219	0.2876723	0.7123277	53.97826
4020	9.2341	-21.1023	30.3364	0.793289	0.206711	7.422871	0.34089	0.20191	0.114801	0.103367	0.0553165	0.0410096	0.0342988	0	2.209274	1.979348	0.2067107	0.7932893	95.35589
4030	7.72124	-22.694	30.4152	0.380222	0.619778	9.501927	0.345033	0.206007	0.11516	0.103687	0.0545011	0.0410269	0.0341562	0	2.130436	1.492459	0.6197781	0.3802219	31.0784
4040	8.47621	-22.4936	30.9698	0.29217	0.70783	4.62124	0.344527	0.20624	0.112557	0.106175	0.0538633	0.0413498	0.0350471	0	1.575836	1.861999	0.70783	0.29217	72.77783
4050	7.75374	-22.8584	30.6121	0.116882	0.883118	7.464471	0.338757	0.206855	0.114542	0.105169	0.055448	0.0407527	0.0352371	0	1.933528	1.353535	0.8831183	0.1168817	22.57016
4060	7.63904	-22.2808	29.9199	0.181404	0.818596	12.45594	0.350211	0.200627	0.114559	0.106913	0.0558767	0.041552	0.0350192	0	2.625789	1.817335	0.8185962	0.1814038	65.66519
4070	4.44201	-25.7761	30.2181	0.85526	0.14474	16.18245	0.34433	0.203223	0.112627	0.105604	0.0541568	0.0414367	0.0338827	0	2.327525	1.817143	0.14474	0.85526	65.63611
4080	9.01121	-20.7761	29.7874	0.755118	0.244882	5.253368	0.352642	0.208066	0.111643	0.104163	0.0556357	0.0409049	0.0345831	0	2.758293	1.868212	0.2448824	0.7551176	73.82647
4090	7.91279	-20.1397	28.0525	0.728136	0.271864	3.262685	0.355372	0.205958	0.111446	0.101776	0.0554331	0.0413928	0.03522	0	4.493195	1.726344	0.2718638	0.7281362	53.25298
4100	7.91243	-20.3994	28.3119	0.323948	0.676052	3.878966	0.352688	0.208157	0.112301	0.105888	0.0552591	0.0422361	0.0348987	0	4.233788	1.350493	0.6760519	0.3239481	22.41266
4110	8.01191	-21.9691	29.981	0.347452	0.652548	8.819462	0.343107	0.206153	0.113558	0.105349	0.0557001	0.0419039	0.0347919	0	2.564658	1.465962	0.6525479	0.3474521	29.23899
4120	8.23717	-19.8644	28.1016	0.0194111	0.980589	6.247364	0.350546	0.20715	0.114492	0.103023	0.0553747	0.0414122	0.0353118	0	4.44407	1.715321	0.9805889	0.01941107	51.91833
4130	8.15489	-23.4326	31.5875	0.0270917	0.972908	9.181527	0.339786	0.204167	0.114697	0.106736	0.0560681	0.0406459	0.034278	0	0.9581477	1.865834	0.9729083	0.02709173	73.4234
4140	9.09525	-21.0085	30.1038	0.844678	0.155322	7.372016	0.344463	0.19878	0.113888	0.106098	0.0554175	0.0417803	0.0344713	0	2.441894	1.709691	0.1553224	0.8446776	51.24961
4150	9.04859	-21.7478	30.7964	0.300265	0.699735	8.296407	0.345429	0.199407	0.1137	0.105938	0.0558151	0.041945	0.0350447	0	1.749264	1.790244	0.6997351	0.3002649	61.69412
4160	8.57731	-22.8021	31.3794	0.43352	0.56648	7.619218	0.355371	0.20211	0.114652	0.106255	0.0551264	0.0426409	0.0341273	0	1.16623	1.848102	0.5664804	0.4335196	70.48591
4170	7.43089	-20.0901	27.521	0.760071	0.239929	8.833378	0.352253	0.199683	0.114675	0.107114	0.0548365	0.0416823	0.0349913	0	5.024682	1.749798	0.2399294	0.7600706	56.208
4180	8.91663	-21.8129	30.7295	0.902189	0.0978111	10.2077	0.34597	0.198661	0.110629	0.106301	0.0553493	0.0413392	0.0351595	0	1.816101	1.938714	0.09781106	0.9021889	86.83883
4190	9.02334	-20.564	29.5873	0.215468	0.784532	6.354636	0.339924	0.199255	0.111186	0.106959	0.0553601	0.0421934	0.0347963	0	2.958329	1.787607	0.7845317	0.2154683	61.32064
4200	8.85168	-21.5098	30.3615	0.376094	0.623906	9.701205	0.346325	0.203804	0.11123	0.102239	0.0553349	0.0418569	0.0338609	0	2.184149	1.811456	0.6239059	0.3760941	64.78229
4210	8.43581	-22.8367	31.2725	0.366983	0.633017	5.90118	0.346124	0.200931	0.110378	0.102227	0.055419	0.041421	0.0337939	0	1.273176	1.819552	0.6330171	0.3669829	66.00116
4220	7.3901	-21.1403	28.5304	0.701085	0.298915	11.55456	0.353846	0.206478	0.112744	0.101784	0.0561433	0.0406312	0.0345961	0	4.015211	1.952616	0.2989151	0.7010849	89.6636
4230	7.56511	-23.9079	31.4731	0.769375	0.230625	5.381555	0.338073	0.201176	0.11483	0.104255	0.0546595	0.0412815	0.0341081	0	1.072591	1.647606	0.2306254	0.7693746	44.42283
4240	8.55867	-20.3961	28.9548	0.680995	0.319005	8.041302	0.343372	0.200296	0.114488	0.104501	0.0538711	0.042648	0.0344191	0	3.590869	1.698585	0.3190047	0.6809953	49.95573
4250	7.76336	-22.2825	30.0458	0.764864	0.235136	2.225732	0.351958	0.205838	0.112664	0.106809	0.0551841	0.041646	0.035227	0	2.499823	1.910114	0.2351361	0.7648639	81.3044
4260	8.06766	-21.6112	29.6788	0.0307123	0.969288	2.607603	0.348343	0.203278	0.115328	0.104516	0.0552379	0.0412211	0.0350934	0	2.86681	1.761574	0.9692877	0.03071234	57.75294
4270	7.40066	-19.7217	27.1224	0.359944	0.640056	3.272771	0.343171	0.20231	0.114697	0.102269	0.0549164	0.0406339	0.0337696	0	5.423281	1.98505	0.6400555	0.3599445	96.6163
4280	8.31447	-20.2432	28.5577	0.699105	0.300895	4.245056	0.350378	0.203561	0.115877	0.103591	0.0535198	0.0406803	0.0337293	0	3.987991	1.555743	0.3008946	0.6991054	35.95364
4290	7.90834	-20.5773	28.4857	0.951826	0.0481743	9.4044	0.340516	0.202987	0.112835	0.102687	0.0538015	0.0410211	0.0341495	0	4.059982	1.693662	0.04817431	0.9518257	49.39256
4300	8.8453	-21.4578	30.3031	0.505723	0.494277	4.477256	0.345719	0.206813	0.112275	0.104656	0.0544345	0.0418151	0.0345178	0	2.242572	1.9363	0.4942772	0.5057228	86.35748
4310	8.80488	-20.6631	29.468	0.411279	0.588721	7.86615	0.338645	0.206868	0.115342	0.10294	0.055129	0.0411373	0.0347893	0	3.077627	1.666071	0.5887208	0.4112792	46.35229
4320	7.01213	-20.8485	27.8606	0.976605	0.023395	10.09611	0.339133	0.200396	0.114393	0.102203	0.0547878	0.041195	0.0348053	0	4.685045	1.61351	0.02339501	0.976605	41.06859
4330	8.48556	-20.1522	28.6377	0.446464	0.553536	4.450669	0.346567	0.202739	0.113576	0.106546	0.0555406	0.0414748	0.0351932	0	3.907901	1.836981	0.5535361	0.4464639	68.70382
4340	7.09248	-24.5677	31.6601	0.0469416	0.953058	5.861444	0.352783	0.207298	0.110148	0.105534	0.0561076	0.0406957	0.0344928	0	0.8855104	1.66591	0.9530584	0.04694164	46.33506
4350	4.85417	-26.7114	31.5655	0.225131	0.774869	12.10235	0.348167	0.201012	0.112121	0.103237	0.0546933	0.041078	0.0352641	0	0.9801179	1.534452	0.7748695	0.2251305	34.23354
4360	8.26078	-21.196	29.4568	0.241542	0.758458	4.440696	0.338925	0.202215	0.111947	0.103696	0.0543403	0.0408555	0.0342172	0	3.08889	1.344762	0.7584577	0.2415423	22.1188
4370	7.71794	-21.6933	29.4113	0.468492	0.531508	2.162913	0.347812	0.206551	0.110728	0.104553	0.0536184	0.0412956	0.0339114	0	3.134364	1.545651	0.5315084	0.4684916	35.12777
4380	8.9182	-20.8498	29.768	0.0624301	0.93757	8.773758	0.35373	0.208633	0.114119	0.104614	0.0541795	0.0423995	0.0343733	0	2.777688	1.893053	0.9375699	0.06243014	78.17239
4390	8.86913	-22.0859	30.9551	0.983311	0.0166888	5.866964	0.34893	0.208422	0.114659	0.107001	0.0549994	0.0426791	0.0344535	0	1.590579	1.853145	0.01668876	0.9833112	71.30904
4400	7.40899	-19.5016	26.9106	0.443731	0.556269	5.925856	0.343836	0.20864	0.113983	0.103206	0.055932	0.0424687	0.0342685	0	5.635018	1.83098	0.5562694	0.4437306	67.76095
4410	8.3117	-21.0241	29.3358	0.528496	0.471504	10.52575	0.341388	0.202854	0.114544	0.102763	0.0557558	0.0406735	0.0339507	0	3.209849	1.938101	0.4715039	0.5284961	86.71626
4420	9.03793	-21.4324	30.4703	0.320931	0.679069	5.407387	0.34716	0.204611	0.112345	0.107013	0.0557454	0.0405652	0.0348424	0	2.075315	1.909502	0.6790692	0.3209308	81.18982
4430	8.34015	-23.1466	31.4867	0.845786	0.154214	7.538884	0.343561	0.204635	0.111591	0.102138	0.0558726	0.0411896	0.0340194	0	1.058916	1.832118	0.1542144	0.8457856	67.93882
4440	7.93198	-20.4959	28.4279	0.0891329	0.910867	3.115514	0.345825	0.206937	0.115762	0.10588	0.0560109	0.0409779	0.0336729	0	4.117756	1.502237	0.9108671	0.08913288	31.78607
4450	5.8796	-24.461	30.3406	0.990615	0.00938495	0.8621011	0.3548	0.207912	0.112261	0.10291	0.0545022	0.0415837	0.0350644	0	2.205058	1.297672	0.009384947	0.9906151	19.84598
4460	8.38429	-20.5203	28.9046	0.562931	0.437069	3.51054	0.346463	0.204306	0.114502	0.101868	0.0548378	0.0416027	0.0342817	0	3.641067	1.96744	0.4370688	0.5629312	92.77696
4470	7.47032	-20.9731	28.4434	0.776578	0.223422	8.772777	0.347459	0.201141	0.112698	0.102148	0.0556616	0.041353	0.0345808	0	4.102219	1.464717	0.2234222	0.7765778	29.15526
4480	4.69266	-20.4124	25.1051	0.815389	0.184611	5.910149	0.352071	0.20105	0.115312	0.103206	0.0541835	0.0411482	0.0349264	0	7.440567	1.108797	0.184611	0.815389	12.84686
4490	7.77369	-20.2945	28.0682	0.865088	0.134912	7.009568	0.346378	0.204574	0.113249	0.102952	0.053968	0.0408672	0.0348575	0	4.477482	1.426663	0.1349116	0.8650884	26.7093
4500	8.95595	-20.7082	29.6642	0.988359	0.0116412	7.389409	0.33845	0.205751	0.11481	0.102386	0.0561475	0.0410744	0.0338558	0	2.881495	1.685757	0.01164122	0.9883588	48.50174
4510	6.32	-19.2022	25.5222	0.570159	0.429841	5.656476	0.33818	0.203192	0.113346	0.102105	0.0559672	0.040571	0.0339663	0	7.023474	1.784917	0.4298407	0.5701593	60.9421
4520	8.72525	-22.6048	31.33	0.0171559	0.982844	7.324509	0.348851	0.202595	0.114157	0.102514	0.0541319	0.0410355	0.0337633	0	1.215601	1.963066	0.9828441	0.01715586	91.84731
4530	8.64928	-20.3998	29.0491	0.37845	0.62155	7.049162	0.355115	0.202999	0.11358	0.103265	0.0546007	0.042211	0.0336673	0	3.496583	1.617193	0.6215497	0.3784503	41.41835
4540	8.95351	-21.165	30.1186	0.542756	0.457244	7.414598	0.353453	0.199736	0.111215	0.103137	0.0556993	0.0426841	0.0344157	0	2.427098	1.621686	0.4572437	0.5427563	41.84908
4550	7.40366	-23.9671	31.3707	0.580947	0.419053	7.158293	0.351301	0.201444	0.114892	0.106547	0.0553402	0.0419083	0.0338215	0	1.174914	1.467643	0.4190526	0.5809474	29.35237
4560	8.71842	-21.9994	30.7178	0.464851	0.535149	5.034415	0.354464	0.198793	0.115495	0.103051	0.0551385	0.0418071	0.0342142	0	1.827863	1.702155	0.5351488	0.4648512	50.36807
4570	7.89208	-19.6462	27.5382	0.59036	0.40964	5.295642	0.351244	0.199739	0.11286	0.103695	0.0539098	0.0415748	0.0346565	0	5.007405	1.914166	0.4096396	0.5903604	82.06651
4580	8.96424	-21.4777	30.442	0.306574	0.693426	8.515217	0.349126	0.201548	0.114403	0.101922	0.0537731	0.0413583	0.0353118	0	2.103698	1.706049	0.6934258	0.3065742	50.82171
4590	6.28335	-19.7151	25.9984	0.282717	0.717283	7.627039	0.343539	0.204829	0.114214	0.102403	0.0556104	0.040992	0.0349267	0	6.547239	1.504267	0.7172833	0.2827167	31.93503
4600	8.51161	-20.8521	29.3637	0.0158397	0.98416	9.602912	0.346883	0.202526	0.114344	0.103003	0.0559585	0.0417215	0.0349743	0	3.18193	1.795317	0.9841603	0.01583967	62.41903
4610	6.16494	-19.3883	25.5532	0.540486	0.459514	6.356259	0.344387	0.208142	0.110754	0.106514	0.0548658	0.0419072	0.0346218	0	6.992456	1.474808	0.4595136	0.5404864	29.84061
4620	5.10013	-23.2152	28.3153	0.555165	0.444835	6.702497	0.343661	0.202127	0.112986	0.107004	0.053507	0.0426567	0.0342611	0	4.230328	1.004745	0.4448346	0.5551654	10.10986
4630	7.82212	-20.3492	28.1714	0.318163	0.681837	7.871074	0.348215	0.20429	0.112487	0.103201	0.0546929	0.0413252	0.0350116	0	4.37429	1.50883	0.6818371	0.3181629	32.27227
4640	9.20549	-21.2632	30.4687	0.960392	0.0396076	7.264121	0.340455	0.203627	0.115679	0.103203	0.0547449	0.0406603	0.0352155	0	2.076949	1.818955	0.03960764	0.9603924	65.91052
4650	7.41076	-19.488	26.8988	0.709409	0.290591	4.528174	0.344193	0.202703	0.112437	0.10636	0.0556029	0.0412665	0.0345763	0	5.646866	1.709019	0.2905914	0.7094086	51.1704
4660	8.83579	-20.3076	29.1434	0.952925	0.0470748	6.099906	0.347498	0.200856	0.112851	0.107046	0.055923	0.041667	0.0351591	0	3.402221	1.718462	0.04707484	0.9529252	52.29523
4670	7.15319	-19.5769	26.7301	0.117021	0.882979	3.571445	0.343389	0.205786	0.11029	0.103016	0.0555448	0.0412375	0.0337964	0	5.815506	1.604662	0.8829789	0.1170211	40.24034
4680	8.78247	-22.0268	30.8093	0.25925	0.74075	7.464349	0.345765	0.203712	0.112923	0.103879	0.0536639	0.0419372	0.0336574	0	1.736353	1.638644	0.7407505	0.2592495	43.51554
4690	8.71028	-21.0337	29.744	0.00535439	0.994646	8.008508	0.339065	0.201354	0.111884	0.102619	0.0550587	0.0409187	0.0338298	0	2.801618	1.596823	0.9946456	0.005354387	39.52052
4700	8.5051	-20.4038	28.9089	0.430848	0.569152	8.517671	0.340802	0.19831	0.11192	0.106451	0.0560018	0.0406138	0.0349739	0	3.636771	1.845655	0.569152	0.430848	70.08987
4710	9.11302	-21.2993	30.4124	0.6811	0.3189	5.959137	0.348657	0.198439	0.113192	0.107055	0.0552059	0.0411019	0.0347983	0	2.133283	1.808289	0.3189004	0.6810996	64.3116
4720	8.92506	-22.2021	31.1271	0.213397	0.786603	8.334788	0.347889	0.203287	0.113201	0.106754	0.0544926	0.0424262	0.035296	0	1.418509	1.865154	0.7866027	0.2133973	73.30844
4730	4.42432	-20.1424	24.5667	0.200417	0.799583	3.563936	0.338042	0.199159	0.112556	0.105476	0.0556359	0.0418759	0.034952	0	7.978903	0.9875222	0.7995834	0.2004166	9.716776
4740	8.80536	-20.746	29.5513	0.577483	0.422517	4.414106	0.342779	0.198368	0.113052	0.104713	0.0535674	0.0425244	0.035149	0	2.994308	1.843843	0.4225169	0.5774831	69.79798
4750	7.65234	-20.1918	27.8441	0.321677	0.678323	8.434833	0.339233	0.205429	0.111284	0.103791	0.0545519	0.0415878	0.033828	0	4.70151	1.633679	0.6783229	0.3216771	43.02081
4760	8.39436	-21.1368	29.5311	0.620264	0.379736	5.769585	0.339461	0.204563	0.114633	0.10242	0.0548088	0.0420645	0.0343564	0	3.014514	1.373454	0.3797365	0.6202635	23.62948
4770	8.93203	-20.4816	29.4136	0.900216	0.0997836	5.393081	0.347733	0.207084	0.115394	0.104607	0.0550283	0.041129	0.0343087	0	3.132041	1.903984	0.09978361	0.9002164	80.16476
4780	6.68999	-19.4836	26.1736	0.984978	0.0150221	6.771903	0.354146	0.20558	0.114358	0.105568	0.0535771	0.040692	0.0349816	0	6.372075	1.563353	0.01502212	0.9849779	36.58924
4790	6.06894	-19.5633	25.6323	0.349073	0.650927	7.731376	0.354171	0.208032	0.115365	0.106586	0.0550253	0.0408793	0.0351497	0	6.91337	1.921645	0.6509267	0.3490733	83.49201
4800	8.65695	-20.2027	28.8597	0.229716	0.770284	5.000285	0.353814	0.207504	0.112952	0.103441	0.0545881	0.0414795	0.0349826	0	3.685975	1.807273	0.7702835	0.2297165	64.16124
4810	7.14086	-19.4179	26.5588	0.798403	0.201597	5.782753	0.350589	0.206698	0.115004	0.103166	0.0543175	0.0414361	0.0342652	0	5.986876	1.923128	0.2015974	0.7984026	83.7776
4820	8.80861	-21.8772	30.6858	0.845798	0.154202	6.703449	0.340919	0.207685	0.115427	0.106151	0.0549902	0.0420779	0.0338566	0	1.859874	1.59616	0.1542023	0.8457977	39.46029
4830	9.19464	-21.0266	30.2213	0.0166674	0.983333	7.708425	0.350232	0.204533	0.115645	0.103941	0.0536894	0.0419919	0.0345284	0	2.324366	1.922986	0.9833326	0.01666742	83.75031
4840	7.84856	-23.4389	31.2874	0.290003	0.709997	10.85913	0.349003	0.202903	0.114844	0.103394	0.0534446	0.0417156	0.0350057	0	1.258208	1.736414	0.7099966	0.2900034	54.50223
4850	6.62728	-25.3942	32.0215	0.98403	0.0159699	8.735433	0.350473	0.199007	0.115346	0.107079	0.0537417	0.0413904	0.0348856	0	0.524172	1.983267	0.01596987	0.9840301	96.22026
4860	7.98505	-22.8765	30.8615	0.0282605	0.971739	12.00476	0.35246	0.205413	0.11411	0.105477	0.0535627	0.0417454	0.0346064	0	1.684099	1.82224	0.9717395	0.02826054	66.41098
4870	8.72533	-21.1253	29.8507	0.535716	0.464284	4.993915	0.353591	0.20452	0.114096	0.105551	0.0543706	0.0422027	0.0347358	0	2.694989	1.506843	0.4642844	0.5357156	32.12499
4880	7.96676	-23.4056	31.3723	0.851736	0.148264	8.324766	0.35382	0.208013	0.115521	0.10551	0.0538076	0.0425094	0.0348954	0	1.173324	1.612375	0.1482644	0.8517356	40.96143
4890	7.22948	-20.7314	27.9609	0.296279	0.703721	1.808107	0.34924	0.207031	0.113033	0.102805	0.0561811	0.0425874	0.0344728	0	4.584776	1.790072	0.7037207	0.2962793	61.6697
4900	7.89125	-23.3688	31.2601	0.332115	0.667885	12.01457	0.354142	0.201097	0.114701	0.106765	0.0540382	0.0408685	0.0349817	0	1.285587	1.855562	0.6678854	0.3321146	71.70708
4910	8.9287	-20.5034	29.4321	0.761473	0.238527	7.624219	0.340615	0.201102	0.11377	0.102976	0.0553731	0.0412461	0.0343024	0	3.11351	1.866428	0.2385272	0.7614728	73.52384
4920	8.81409	-21.5218	30.3359	0.987709	0.0122912	4.621089	0.341834	0.203266	0.114934	0.102527	0.056037	0.0415661	0.0347334	0	2.209712	1.727668	0.01229119	0.9877088	53.41553
4930	8.05994	-22.3567	30.4166	0.522226	0.477774	10.86423	0.340684	0.204768	0.114386	0.103082	0.0540255	0.0406895	0.0340946	0	2.129023	1.686662	0.4777741	0.5222259	48.60283
4940	8.874	-22.2682	31.1422	0.254782	0.745218	7.954443	0.34123	0.201646	0.115239	0.103618	0.0540112	0.0417001	0.0342875	0	1.403486	1.831001	0.7452179	0.2547821	67.76434
4950	8.1343	-20.5856	28.7199	0.043765	0.956235	7.930799	0.340022	0.202578	0.11405	0.104444	0.0548624	0.0422825	0.0341956	0	3.825729	1.519124	0.956235	0.04376503	33.04638
4960	7.67081	-23.7621	31.4329	0.564767	0.435233	5.261262	0.352438	0.201786	0.110722	0.102994	0.0540386	0.0417184	0.0347456	0	1.112789	1.66217	0.4352329	0.5647671	45.93775
4970	5.61314	-21.0641	26.6772	0.199957	0.800043	10.0292	0.353547	0.206432	0.111572	0.105846	0.054388	0.0418483	0.0339127	0	5.868436	1.48448	0.8000432	0.1999568	30.51265
4980	9.09137	-20.6702	29.7616	0.365414	0.634586	7.296905	0.346602	0.201233	0.110385	0.105821	0.0538811	0.0426795	0.0352953	0	2.784084	1.98646	0.6345855	0.3654145	96.93037
4990	8.84034	-20.3201	29.1604	0.0696657	0.930334	6.893765	0.349129	0.203764	0.113	0.106954	0.0534598	0.0425027	0.0349486	0	3.385248	1.842029	0.9303343	0.06966571	69.50711
5000	7.80367	-22.4298	30.2335	0.547922	0.452078	4.253536	0.341795	0.204852	0.111382	0.10466	0.054666	0.0422482	0.0352579	0	2.312181	1.257629	0.4520779	0.5479221	18.09795
