Iteration	Posterior	Likelihood	Prior	clado_type_probs[1]	clado_type_probs[2]	distance_scale	epoch_times[1]	epoch_times[2]	epoch_times[3]	epoch_times[4]	epoch_times[5]	epoch_times[6]	epoch_times[7]	epoch_times[8]	extirpation_rate	log10_rate_bg	p_allopatry	p_sympatry	rate_bg
0	-50.828	-79.6264	28.7985	0.104224	0.895776	0.01	0.347901	0.346708	0.337577	0.136676	0.110382	0.0388753	0.0217051	0	1.671841	-2	0.8957755	0.1042245	0.01
10	3.24812	-22.1126	25.3607	0.150548	0.849452	0.07084832	0.342388	0.344103	0.336295	0.137947	0.110337	0.0392446	0.0217331	0	5.109587	1.154102	0.849452	0.150548	14.25941
20	5.82194	-19.827	25.6489	0.75315	0.24685	2.750459	0.351441	0.333334	0.332852	0.138319	0.108563	0.0395413	0.0219777	0	4.821383	1.468868	0.2468499	0.7531501	29.43528
30	7.61403	-19.3107	26.9247	0.638476	0.361524	8.765456	0.344178	0.331319	0.330158	0.135357	0.108842	0.0387469	0.0223568	0	3.545569	1.805626	0.3615242	0.6384758	63.9184
40	4.27007	-24.0261	28.2962	0.0158953	0.984105	1.804617	0.339907	0.331307	0.331402	0.136062	0.109714	0.0392292	0.0220436	0	2.17409	1.042709	0.9841047	0.01589529	11.0334
50	7.24538	-20.7815	28.0268	0.00285783	0.997142	3.565153	0.340044	0.330273	0.333649	0.135709	0.11196	0.0394472	0.0216433	0	2.443459	1.785198	0.9971422	0.00285783	60.98151
60	6.93298	-20.6435	27.5765	0.194723	0.805277	3.166883	0.340163	0.334358	0.345196	0.13884	0.108975	0.0401038	0.0218625	0	2.893822	1.689856	0.8052767	0.1947233	48.96167
70	3.43514	-26.135	29.5701	0.823612	0.176388	12.20658	0.342102	0.336918	0.340647	0.135931	0.109376	0.0403237	0.02181	0	0.9001804	1.842311	0.1763881	0.8236119	69.55227
80	8.20603	-20.9926	29.1987	0.672629	0.327371	6.471936	0.341103	0.338244	0.331353	0.135176	0.111327	0.0400409	0.0218192	0	1.271615	1.982715	0.3273708	0.6726292	96.0981
90	6.81719	-20.071	26.8882	0.415794	0.584206	8.048663	0.341065	0.333797	0.338962	0.136761	0.112117	0.0403688	0.0219427	0	3.58214	1.587775	0.5842064	0.4157936	38.70567
100	4.35695	-18.458	22.815	0.496544	0.503456	3.618027	0.342908	0.339827	0.342511	0.136827	0.112669	0.0405439	0.0217335	0	7.655314	1.652351	0.5034564	0.4965436	44.91077
110	6.77389	-20.9905	27.7644	0.235576	0.764424	2.859209	0.341026	0.345931	0.345228	0.13761	0.112634	0.0395747	0.0218946	0	2.705909	1.847537	0.7644243	0.2355757	70.39427
120	8.20464	-19.0031	27.2077	0.0151925	0.984807	8.634349	0.346425	0.339244	0.334708	0.139963	0.109079	0.0388893	0.0226877	0	3.262579	1.95371	0.9848075	0.01519251	89.88966
130	5.55176	-20.7324	26.2842	0.461658	0.538342	3.686856	0.348557	0.346137	0.336947	0.140987	0.108947	0.0394033	0.0226918	0	4.186106	1.170067	0.5383424	0.4616576	14.79335
140	6.98004	-19.8626	26.8427	0.469053	0.530947	8.586669	0.347784	0.34558	0.335214	0.137363	0.107342	0.0388798	0.0217473	0	3.627619	1.677136	0.530947	0.469053	47.54846
150	7.61681	-18.9844	26.6012	0.631992	0.368008	9.138862	0.335253	0.345479	0.334994	0.138905	0.109915	0.0393683	0.0218324	0	3.869067	1.917443	0.3680078	0.6319922	82.68803
160	6.09039	-20.6098	26.7002	0.532992	0.467008	4.853407	0.338625	0.347245	0.331998	0.139841	0.107973	0.0390827	0.0222873	0	3.770081	1.262422	0.4670078	0.5329922	18.29878
170	7.56621	-19.5795	27.1457	0.676224	0.323776	7.038235	0.347276	0.333148	0.333561	0.140302	0.108026	0.0404314	0.022196	0	3.324586	1.620704	0.3237755	0.6762245	41.75453
180	7.69411	-19.3666	27.0607	0.957691	0.0423095	4.735322	0.350655	0.333908	0.332072	0.141278	0.109714	0.0387568	0.022711	0	3.409626	1.802124	0.04230948	0.9576905	63.40501
190	7.68941	-20.8151	28.5046	0.650731	0.349269	4.413206	0.345361	0.337227	0.343621	0.13864	0.112099	0.0397778	0.0220979	0	1.965736	1.840986	0.3492685	0.6507315	69.34028
200	7.83871	-19.2022	27.0409	0.707756	0.292244	5.096548	0.346719	0.342687	0.342888	0.136833	0.112074	0.0392162	0.0217147	0	3.429386	1.893273	0.2922439	0.7077561	78.21185
210	7.85358	-21.2076	29.0612	0.498838	0.501162	5.599807	0.347235	0.33562	0.345286	0.137167	0.110779	0.0395709	0.0219981	0	1.409102	1.848508	0.5011623	0.4988377	70.55181
220	6.58892	-18.4057	24.9946	0.404312	0.595688	5.912892	0.339615	0.344776	0.345308	0.137251	0.109667	0.0391429	0.0220238	0	5.475655	1.79648	0.5956885	0.4043115	62.58645
230	5.89746	-20.8658	26.7633	0.901216	0.0987844	10.83822	0.334368	0.3331	0.34449	0.134542	0.109374	0.0391738	0.0218552	0	3.707021	1.797377	0.09878441	0.9012156	62.71581
240	6.06632	-21.9483	28.0146	0.753498	0.246502	2.423259	0.337228	0.335889	0.339085	0.137172	0.107467	0.0406153	0.0221139	0	2.455666	1.507792	0.2465021	0.7534979	32.19527
250	6.27565	-19.4085	25.6841	0.435075	0.564925	3.166474	0.338878	0.332918	0.339587	0.13451	0.109521	0.0393047	0.0220226	0	4.786186	1.776939	0.5649249	0.4350751	59.8328
260	2.80938	-17.8874	20.6968	0.697042	0.302958	6.954263	0.340485	0.330487	0.331898	0.137208	0.110197	0.0390176	0.0226216	0	9.773477	1.980406	0.3029584	0.6970416	95.58855
270	8.1319	-19.3717	27.5036	0.882995	0.117005	8.661531	0.339638	0.333083	0.334778	0.13732	0.112517	0.0389916	0.0223002	0	2.966684	1.860413	0.1170047	0.8829953	72.5126
280	7.38477	-18.882	26.2668	0.072248	0.927752	8.334523	0.338583	0.332437	0.334514	0.135854	0.108491	0.0393858	0.0225393	0	4.203481	1.805057	0.927752	0.072248	63.83477
290	7.03766	-18.4658	25.5034	0.700441	0.299559	6.864167	0.341982	0.334533	0.33816	0.138815	0.110979	0.0389061	0.0215935	0	4.966879	1.887115	0.2995595	0.7004405	77.11085
300	6.80308	-19.5639	26.367	0.315297	0.684703	9.313005	0.34028	0.342619	0.331848	0.139814	0.112484	0.0388961	0.0217797	0	4.103338	1.767667	0.6847034	0.3152966	58.56888
310	6.26422	-20.4561	26.7203	0.746688	0.253312	2.916917	0.342534	0.330085	0.336032	0.137278	0.110944	0.0400601	0.0222683	0	3.749982	1.422679	0.2533116	0.7466884	26.46545
320	6.25188	-21.249	27.5009	0.301887	0.698113	2.961543	0.339117	0.343132	0.340942	0.13921	0.111027	0.0404151	0.0226052	0	2.96944	1.351074	0.698113	0.301887	22.44262
330	8.54528	-19.8041	28.3494	0.346862	0.653138	6.207107	0.337905	0.33755	0.329642	0.139166	0.110742	0.0396008	0.0227124	0	2.120918	1.962637	0.6531376	0.3468624	91.75659
340	7.40878	-19.9548	27.3636	0.541347	0.458653	10.20181	0.337033	0.34473	0.331736	0.138474	0.112544	0.0394027	0.0225055	0	3.106737	1.876397	0.4586528	0.5413472	75.23105
350	8.00936	-20.1459	28.1553	0.642423	0.357577	5.005389	0.344723	0.336931	0.336408	0.14091	0.109635	0.0391592	0.022179	0	2.315037	1.797929	0.357577	0.642423	62.79564
360	7.89079	-20.7127	28.6035	0.614201	0.385799	10.06145	0.338114	0.33428	0.342746	0.139992	0.111842	0.0395372	0.0225243	0	1.86676	1.905475	0.3857988	0.6142012	80.44058
370	7.83966	-20.6158	28.4555	0.277283	0.722717	5.201583	0.344541	0.340579	0.345518	0.136855	0.110767	0.0393754	0.0219708	0	2.014781	1.690781	0.7227171	0.2772829	49.06603
380	7.00237	-20.9883	27.9907	0.0196687	0.980331	9.233115	0.348084	0.330775	0.336698	0.14084	0.110876	0.0390349	0.0219852	0	2.479636	1.685861	0.9803313	0.01966865	48.51337
390	8.40649	-19.1637	27.5702	0.33298	0.66702	6.443136	0.345996	0.341436	0.342136	0.136784	0.110202	0.0397145	0.0221668	0	2.900091	1.987768	0.6670195	0.3329805	97.22272
400	8.1096	-20.7168	28.8264	0.25483	0.74517	7.717742	0.346095	0.346654	0.345144	0.137781	0.110803	0.0388138	0.0216781	0	1.643873	1.773012	0.7451703	0.2548297	59.29422
410	8.33191	-19.4735	27.8054	0.195321	0.804679	9.408301	0.342757	0.332032	0.337971	0.135691	0.111208	0.0390225	0.0220217	0	2.664866	1.959448	0.8046792	0.1953208	91.08528
420	8.21875	-19.2371	27.4559	0.757885	0.242115	9.080501	0.347772	0.339139	0.334249	0.134789	0.111007	0.038691	0.0225545	0	3.0144	1.94462	0.2421152	0.7578848	88.02793
430	7.1243	-19.1875	26.3118	0.409861	0.590139	7.782266	0.339817	0.331649	0.329365	0.135048	0.108584	0.039303	0.022702	0	4.158502	1.673527	0.5901387	0.4098613	47.15488
440	8.36402	-19.06	27.424	0.840665	0.159335	7.621033	0.337984	0.335374	0.329813	0.135155	0.109921	0.0402365	0.0222411	0	3.046278	1.913598	0.1593354	0.8406646	81.95918
450	7.3277	-20.4337	27.7614	0.536899	0.463101	9.711262	0.342198	0.3402	0.330579	0.136007	0.112713	0.0404322	0.0223846	0	2.708858	1.788759	0.4631014	0.5368986	61.48359
460	8.43088	-19.2822	27.7131	0.407993	0.592007	6.229103	0.348906	0.33125	0.340476	0.134515	0.110597	0.0404521	0.022639	0	2.757186	1.966413	0.5920074	0.4079926	92.55779
470	8.24592	-20.4677	28.7136	0.447479	0.552521	6.306878	0.347158	0.331004	0.344633	0.13626	0.110543	0.040597	0.0222108	0	1.756699	1.790278	0.552521	0.447479	61.69897
480	8.19784	-19.6584	27.8562	0.216155	0.783845	8.953317	0.344026	0.336456	0.342232	0.13898	0.112091	0.0398688	0.0225704	0	2.614073	1.855647	0.7838454	0.2161546	71.72111
490	7.39392	-19.4156	26.8095	0.211984	0.788016	9.821247	0.346276	0.335015	0.331193	0.140413	0.111785	0.0404709	0.0223315	0	3.660807	1.880022	0.7880165	0.2119835	75.86153
500	8.10746	-19.5368	27.6443	0.0835694	0.916431	5.615389	0.345439	0.342741	0.33084	0.139448	0.112129	0.0392825	0.0218074	0	2.826014	1.785503	0.9164306	0.08356941	61.02428
510	6.78739	-18.4152	25.2026	0.368795	0.631205	7.156209	0.351458	0.336397	0.335357	0.134739	0.111393	0.0400447	0.0218873	0	5.267724	1.858402	0.6312046	0.3687954	72.1776
520	5.06785	-19.6833	24.7512	0.638116	0.361884	5.257088	0.348987	0.330046	0.330179	0.137615	0.108491	0.0396647	0.0216362	0	5.719123	1.287698	0.361884	0.638116	19.39539
530	4.54375	-18.0811	22.6248	0.932585	0.0674152	5.336162	0.348353	0.336883	0.342276	0.141296	0.107248	0.0403938	0.0222835	0	7.845482	1.709345	0.06741518	0.9325848	51.20884
540	7.50651	-18.6229	26.1294	0.318624	0.681376	6.760687	0.350856	0.342094	0.345812	0.138975	0.108137	0.039891	0.0216182	0	4.340866	1.862631	0.6813765	0.3186235	72.88386
550	7.86013	-18.9101	26.7702	0.0784388	0.921561	5.870258	0.350755	0.345971	0.343794	0.140494	0.112316	0.0404138	0.0225048	0	3.700103	1.860523	0.9215612	0.07843876	72.53092
560	5.78494	-18.143	23.928	0.880101	0.119899	6.242686	0.348417	0.340332	0.341049	0.137461	0.111605	0.0392476	0.0224529	0	6.542306	1.945989	0.1198991	0.8801009	88.30577
570	4.67376	-19.5038	24.1776	0.880235	0.119765	5.995314	0.344134	0.334611	0.339926	0.141	0.109403	0.0389651	0.022347	0	6.292691	1.332785	0.1197651	0.8802349	21.51718
580	7.99798	-18.9071	26.9051	0.389752	0.610248	6.293895	0.348795	0.334961	0.34481	0.140456	0.109614	0.0398378	0.0216559	0	3.565173	1.89283	0.6102476	0.3897524	78.13216
590	8.68627	-19.6218	28.308	0.687035	0.312965	6.963358	0.345107	0.346887	0.329318	0.137916	0.111548	0.0397027	0.022153	0	2.162252	1.998013	0.3129651	0.6870349	99.54356
600	7.29401	-20.0269	27.321	0.910844	0.089156	8.976444	0.348076	0.336095	0.339037	0.140443	0.111046	0.040619	0.0221892	0	3.149342	1.727163	0.08915603	0.910844	53.3535
610	6.82339	-22.1364	28.9598	0.147849	0.852151	4.890914	0.347369	0.341206	0.336056	0.141108	0.108825	0.0392924	0.0224964	0	1.510535	1.493282	0.852151	0.147849	31.13736
620	7.25666	-18.6302	25.8869	0.432051	0.567949	6.454223	0.343146	0.335442	0.337411	0.141403	0.111755	0.0391179	0.0226451	0	4.583397	1.777995	0.5679491	0.4320509	59.97842
630	5.49575	-18.1209	23.6167	0.42159	0.57841	5.972623	0.338619	0.331955	0.333095	0.140852	0.112331	0.0386915	0.0226354	0	6.853634	1.848747	0.5784105	0.4215895	70.59062
640	8.63754	-19.4206	28.0581	0.512463	0.487537	7.67088	0.351345	0.341192	0.329993	0.139956	0.110404	0.0390951	0.022343	0	2.412151	1.937178	0.4875372	0.5124628	86.53234
650	5.05806	-23.8486	28.9066	0.206686	0.793314	3.323894	0.350217	0.337022	0.330878	0.134785	0.110385	0.0400941	0.0223306	0	1.563657	1.204127	0.7933142	0.2066858	16.00026
660	8.50862	-19.7495	28.2581	0.758547	0.241453	7.378212	0.342071	0.339909	0.332151	0.137544	0.111913	0.040466	0.02268	0	2.212158	1.830138	0.2414526	0.7585474	67.62971
670	8.30191	-20.4316	28.7335	0.627873	0.372127	5.924053	0.343691	0.340312	0.336438	0.138117	0.112257	0.0403895	0.0226537	0	1.736821	1.884797	0.3721265	0.6278735	76.70034
680	7.17274	-22.495	29.6678	0.950811	0.0491888	7.566848	0.347564	0.339901	0.344671	0.138026	0.109438	0.0393922	0.0225037	0	0.8025174	1.890739	0.04918878	0.9508112	77.75692
690	8.26612	-19.6247	27.8909	0.307738	0.692262	8.647283	0.342418	0.337162	0.341943	0.137579	0.110014	0.0406044	0.0219466	0	2.579434	1.845773	0.6922618	0.3077382	70.10882
700	8.35015	-20.0337	28.3839	0.323413	0.676587	5.518733	0.335226	0.335095	0.3416	0.139473	0.111002	0.0400857	0.0226458	0	2.086401	1.984249	0.6765868	0.3234132	96.43823
710	2.54162	-24.2979	26.8396	0.0183856	0.981614	8.684203	0.334855	0.344608	0.343313	0.141386	0.111357	0.0391684	0.0217859	0	3.630741	1.226107	0.9816144	0.01838564	16.83087
720	7.60874	-19.8984	27.5071	0.762957	0.237043	8.076342	0.3416	0.34108	0.330519	0.139366	0.112597	0.039207	0.0218759	0	2.963163	1.68793	0.2370428	0.7629572	48.74497
730	4.06618	-18.5367	22.6029	0.150925	0.849075	4.894979	0.348765	0.338902	0.329142	0.140733	0.112202	0.0392415	0.0221093	0	7.867387	1.431287	0.8490749	0.1509251	26.99525
740	6.35993	-19.2426	25.6025	0.498594	0.501406	7.525519	0.349593	0.344854	0.331005	0.139804	0.112701	0.040009	0.0220547	0	4.867749	1.587354	0.5014059	0.4985941	38.66818
750	7.70804	-21.4881	29.1961	0.627109	0.372891	5.989761	0.348762	0.347113	0.339737	0.137294	0.112411	0.0395331	0.0218458	0	1.274192	1.801628	0.3728906	0.6271094	63.33271
760	6.89391	-19.771	26.6649	0.570906	0.429094	3.531298	0.35017	0.34383	0.332849	0.135015	0.107876	0.0396265	0.0219877	0	3.805348	1.649853	0.4290938	0.5709062	44.65319
770	8.11537	-19.7764	27.8918	0.969523	0.0304771	5.473337	0.347508	0.343514	0.33584	0.137449	0.111634	0.0388419	0.0224802	0	2.578529	1.774206	0.03047711	0.9695229	59.45742
780	8.3481	-19.2349	27.583	0.307908	0.692092	9.056826	0.343757	0.335945	0.333923	0.136444	0.112473	0.0387554	0.0223064	0	2.887332	1.996665	0.6920915	0.3079085	99.23502
790	7.86668	-19.3475	27.2142	0.829814	0.170186	5.361398	0.350984	0.337055	0.333676	0.138723	0.111759	0.0405076	0.0221645	0	3.25614	1.748872	0.1701861	0.8298139	56.08823
800	8.07932	-20.5763	28.6556	0.9376	0.0624004	6.218555	0.335529	0.337463	0.33714	0.136213	0.112495	0.0402317	0.0224837	0	1.814684	1.726314	0.06240038	0.9375996	53.2493
810	6.54837	-19.0244	25.5728	0.606545	0.393455	5.969015	0.340865	0.331812	0.345054	0.135564	0.110815	0.040605	0.0225497	0	4.897498	1.527068	0.3934548	0.6065452	33.65642
820	2.99525	-21.3412	24.3364	0.300513	0.699487	5.014469	0.343666	0.333724	0.34519	0.135551	0.112386	0.0403309	0.0216535	0	6.133875	1.018186	0.6994872	0.3005128	10.42765
830	6.74147	-19.1421	25.8835	0.777783	0.222217	6.981209	0.339906	0.330243	0.338473	0.136126	0.111008	0.0391422	0.0217061	0	4.586772	1.594519	0.2222168	0.7777832	39.31141
840	8.47112	-20.2762	28.7473	0.907196	0.0928041	6.156197	0.343351	0.33402	0.339385	0.135279	0.110694	0.0394696	0.0220583	0	1.723006	1.99537	0.0928041	0.9071959	98.93966
850	8.26532	-20.1814	28.4467	0.359021	0.640979	8.19945	0.343584	0.33413	0.342793	0.135314	0.108084	0.0391223	0.0219412	0	2.023612	1.804614	0.6409787	0.3590213	63.76958
860	8.26355	-20.4361	28.6997	0.00249216	0.997508	5.961083	0.350405	0.330027	0.337428	0.140461	0.109886	0.0393417	0.0222974	0	1.770634	1.835438	0.9975078	0.002492163	68.4601
870	6.80736	-21.6352	28.4426	0.369051	0.630949	3.251693	0.343446	0.335874	0.339818	0.139449	0.111972	0.0387001	0.0218904	0	2.027743	1.71866	0.630949	0.369051	52.3191
880	4.41417	-23.6244	28.0386	0.592163	0.407837	13.39486	0.34189	0.340131	0.338442	0.135763	0.111889	0.0403873	0.0216609	0	2.431726	1.92072	0.407837	0.592163	83.31432
890	8.17765	-21.1476	29.3252	0.49267	0.50733	8.861692	0.345218	0.347106	0.334018	0.138822	0.110801	0.0398969	0.021931	0	1.145074	1.961851	0.5073305	0.4926695	91.59052
900	7.1913	-22.5802	29.7714	0.449236	0.550764	8.632372	0.348247	0.342016	0.343031	0.135877	0.109499	0.0398534	0.0225869	0	0.6988431	1.992477	0.550764	0.449236	98.28276
910	8.23892	-20.665	28.9039	0.227676	0.772324	6.992078	0.34618	0.332982	0.340249	0.14081	0.109255	0.0388625	0.0218782	0	1.566405	1.801875	0.7723236	0.2276764	63.3687
920	6.69265	-21.7338	28.4265	0.470518	0.529482	9.911923	0.334573	0.339759	0.345967	0.139706	0.110657	0.040323	0.0221293	0	2.043829	1.73769	0.5294817	0.4705183	54.66261
930	5.37654	-21.036	26.4126	0.608878	0.391122	1.609496	0.335597	0.338801	0.342893	0.141259	0.108147	0.0396661	0.0222446	0	4.05772	1.480512	0.391122	0.608878	30.23515
940	7.54783	-20.4229	27.9707	0.0779969	0.922003	4.09668	0.336702	0.330898	0.344488	0.140879	0.108458	0.0387163	0.021976	0	2.499551	1.746011	0.9220031	0.07799692	55.71992
950	6.96926	-18.9251	25.8944	0.014254	0.985746	4.419535	0.33441	0.33711	0.346162	0.14058	0.109655	0.0393724	0.0217205	0	4.575898	1.965195	0.985746	0.01425401	92.29851
960	6.64137	-18.4347	25.0761	0.421302	0.578698	5.393271	0.337591	0.342964	0.337597	0.137141	0.111703	0.0394096	0.0216171	0	5.394179	1.964908	0.5786979	0.4213021	92.23761
970	8.74822	-19.6051	28.3534	0.322891	0.677109	7.610168	0.341955	0.346575	0.332232	0.136932	0.110421	0.0403008	0.022058	0	2.116935	1.976898	0.6771091	0.3228909	94.81955
980	6.91791	-20.89	27.8079	0.53148	0.46852	9.92426	0.336982	0.338494	0.336727	0.137807	0.111347	0.0397814	0.0218085	0	2.66241	1.762863	0.4685203	0.5314797	57.92456
990	7.71474	-19.1422	26.8569	0.0793993	0.920601	4.9503	0.33916	0.334168	0.336249	0.138858	0.110494	0.0403358	0.0216749	0	3.61337	1.963123	0.9206007	0.07939935	91.85927
1000	7.8353	-19.5918	27.4271	0.936348	0.0636515	10.13521	0.334115	0.335338	0.330937	0.140238	0.111654	0.0386552	0.0224464	0	3.043164	1.9526	0.0636515	0.9363485	89.66024
1010	6.92954	-20.4197	27.3492	0.0489766	0.951023	4.308729	0.334563	0.342328	0.337366	0.137789	0.111515	0.0392411	0.0226874	0	3.121065	1.399579	0.9510234	0.04897662	25.09452
1020	8.34591	-20.3525	28.6985	0.21522	0.78478	8.517989	0.336748	0.331247	0.339257	0.136571	0.108423	0.0392399	0.0224668	0	1.771836	1.850917	0.7847805	0.2152195	70.94426
1030	8.30819	-19.3105	27.6187	0.0465485	0.953451	8.697276	0.336993	0.339971	0.34353	0.135428	0.108878	0.0393336	0.0223473	0	2.851561	1.891894	0.9534515	0.04654854	77.9639
1040	6.92343	-19.6963	26.6197	0.491723	0.508277	3.438119	0.339991	0.340743	0.336644	0.134807	0.110618	0.0403668	0.0225993	0	3.850576	1.876719	0.5082767	0.4917233	75.28682
1050	5.78164	-23.7194	29.5011	0.121443	0.878557	4.594509	0.339923	0.340076	0.33881	0.136708	0.112456	0.0400766	0.0224376	0	0.9692039	1.565712	0.8785573	0.1214427	36.78848
1060	8.36315	-19.011	27.3742	0.946781	0.0532189	7.856825	0.334765	0.334368	0.339367	0.139073	0.109815	0.0400459	0.0223129	0	3.096099	1.971923	0.05321885	0.9467811	93.73951
1070	7.51242	-20.6619	28.1744	0.706932	0.293068	8.616964	0.33562	0.342625	0.339176	0.136517	0.107486	0.0405648	0.0224807	0	2.29594	1.700293	0.2930678	0.7069322	50.15256
1080	8.38703	-20.1833	28.5704	0.132084	0.867916	6.735969	0.347293	0.339929	0.337622	0.137403	0.108134	0.0405533	0.0223231	0	1.899941	1.789842	0.8679159	0.1320841	61.63713
1090	7.5318	-21.8136	29.3454	0.271925	0.728075	8.413804	0.3433	0.333481	0.336135	0.135667	0.111271	0.0395313	0.0224003	0	1.124907	1.812989	0.7280752	0.2719248	65.01134
1100	8.34307	-19.2389	27.582	0.964619	0.0353813	6.037338	0.343031	0.338162	0.338845	0.136371	0.112117	0.0405243	0.0217873	0	2.888293	1.990664	0.03538134	0.9646187	97.8733
1110	6.85327	-22.2065	29.0598	0.223656	0.776344	5.443143	0.351204	0.331931	0.335031	0.139268	0.111011	0.0389724	0.0219001	0	1.410541	1.516166	0.7763437	0.2236563	32.82206
1120	8.52132	-20.297	28.8183	0.216103	0.783897	7.313308	0.340794	0.333995	0.333599	0.141504	0.110413	0.0390819	0.0223401	0	1.652003	1.878084	0.7838971	0.2161029	75.52379
1130	7.17587	-19.9585	27.1344	0.263925	0.736075	3.841165	0.351338	0.3452	0.329021	0.139566	0.109884	0.0392441	0.0223058	0	3.335927	1.623272	0.736075	0.263925	42.00216
1140	6.95293	-21.3126	28.2656	0.58401	0.41599	11.38783	0.344434	0.344657	0.344593	0.141431	0.109447	0.0404543	0.021757	0	2.204731	1.925436	0.41599	0.58401	84.22398
1150	6.71094	-22.1444	28.8553	0.298896	0.701104	4.004715	0.346348	0.345738	0.336316	0.139191	0.107979	0.0397954	0.0216605	0	1.614965	1.571499	0.7011039	0.2988961	37.28194
1160	7.67113	-21.093	28.7641	0.840802	0.159198	5.725171	0.341861	0.343761	0.332876	0.139897	0.107422	0.0395104	0.0219408	0	1.706164	1.648216	0.1591981	0.8408019	44.48528
1170	7.70404	-19.8128	27.5169	0.82437	0.17563	4.458405	0.350605	0.345225	0.33307	0.138047	0.108351	0.0406328	0.0220937	0	2.953442	1.768286	0.1756304	0.8243696	58.65246
1180	4.45999	-19.7355	24.1955	0.553727	0.446273	6.189086	0.334713	0.342469	0.33485	0.13971	0.107224	0.0405598	0.0218902	0	6.274811	1.311336	0.4462731	0.5537269	20.4803
1190	5.10809	-21.126	26.2341	0.879331	0.120669	7.25252	0.338231	0.343362	0.336077	0.135715	0.110753	0.039558	0.0217948	0	4.236233	1.340618	0.1206693	0.8793307	21.90876
1200	8.18789	-19.68	27.8679	0.782726	0.217274	5.418436	0.337657	0.334189	0.332674	0.134998	0.111219	0.0400095	0.0221484	0	2.60241	1.847571	0.2172737	0.7827263	70.39969
1210	7.31894	-19.0203	26.3392	0.0275683	0.972432	5.097835	0.348272	0.336041	0.341902	0.135715	0.110089	0.0388632	0.0224695	0	4.131081	1.693447	0.9724317	0.02756831	49.36813
1220	7.52135	-18.6078	26.1291	0.169064	0.830936	6.217969	0.339288	0.340546	0.342392	0.136483	0.108302	0.0392798	0.0222435	0	4.341148	1.922002	0.8309365	0.1690635	83.56074
1230	7.05604	-22.4496	29.5056	0.216775	0.783225	10.04627	0.342991	0.346101	0.343233	0.138793	0.109367	0.0390163	0.0224426	0	0.9646679	1.927669	0.7832245	0.2167755	84.65819
1240	8.60258	-19.5268	28.1294	0.1803	0.8197	7.115455	0.346219	0.335255	0.333252	0.137225	0.109858	0.0394046	0.0219534	0	2.340877	1.90769	0.8197004	0.1802996	80.85182
1250	7.163	-21.667	28.83	0.60738	0.39262	9.594045	0.338644	0.331598	0.337904	0.141011	0.112576	0.0389982	0.0218928	0	1.640302	1.78182	0.3926202	0.6073798	60.50899
1260	8.15235	-20.607	28.7594	0.000431157	0.999569	5.399072	0.335339	0.337775	0.344922	0.135876	0.110491	0.0391904	0.0222296	0	1.710931	1.947129	0.9995688	0.0004311572	88.5378
1270	8.59121	-20.1846	28.7759	0.890489	0.109511	9.038249	0.336572	0.338035	0.335223	0.138352	0.109168	0.0391213	0.0217655	0	1.694442	1.971669	0.1095112	0.8904888	93.68479
1280	7.94721	-19.6651	27.6123	0.305599	0.694401	4.800777	0.33742	0.335642	0.333196	0.138051	0.112729	0.0386681	0.0217798	0	2.857966	1.899755	0.694401	0.305599	79.38797
1290	8.21637	-19.467	27.6833	0.537706	0.462294	5.433181	0.340418	0.342947	0.346102	0.135067	0.10975	0.0392692	0.0219375	0	2.786961	1.951271	0.4622941	0.5377059	89.38622
1300	5.2446	-21.9083	27.1529	0.531247	0.468753	6.463466	0.334453	0.342681	0.330907	0.135218	0.111746	0.0387903	0.0220838	0	3.317406	1.244587	0.4687533	0.5312467	17.56251
1310	7.18408	-19.5335	26.7176	0.0751737	0.924826	4.002722	0.343408	0.344387	0.336472	0.135133	0.110729	0.0397098	0.0219353	0	3.752721	1.709941	0.9248263	0.07517373	51.27912
1320	7.12598	-20.3298	27.4557	0.898085	0.101915	6.97706	0.33498	0.343658	0.329413	0.134534	0.111063	0.0398731	0.0220392	0	3.014547	1.520036	0.1019148	0.8980852	33.11583
1330	7.98185	-19.741	27.7229	0.0256979	0.974302	5.469479	0.339207	0.338876	0.330666	0.138648	0.107272	0.0404228	0.0222844	0	2.747434	1.692608	0.9743021	0.0256979	49.27288
1340	6.82198	-20.7447	27.5666	0.294269	0.705731	4.127421	0.338723	0.337965	0.339834	0.138476	0.107646	0.0394551	0.0216876	0	2.903664	1.394483	0.7057313	0.2942687	24.80177
1350	2.48305	-21.2004	23.6835	0.745299	0.254701	0.9592781	0.336946	0.333175	0.33379	0.136247	0.107902	0.039304	0.0220264	0	6.786818	0.936845	0.2547011	0.7452989	8.646592
1360	8.48442	-19.3787	27.8632	0.2599	0.7401	9.177993	0.336096	0.345246	0.344433	0.136241	0.10932	0.0405614	0.0222618	0	2.607127	1.968378	0.7401005	0.2598995	92.97742
1370	8.74126	-19.6162	28.3574	0.505798	0.494202	7.595124	0.34754	0.339292	0.33901	0.13939	0.110614	0.0392702	0.0222862	0	2.112866	1.982005	0.4942022	0.5057978	95.94125
1380	5.86827	-20.872	26.7403	0.595168	0.404832	2.45721	0.338521	0.346072	0.341172	0.13809	0.107691	0.0398186	0.0217748	0	3.73	1.358037	0.4048324	0.5951676	22.80534
1390	7.71844	-18.9047	26.6232	0.85984	0.14016	5.547433	0.335137	0.344834	0.336233	0.137424	0.109754	0.0387931	0.0220664	0	3.847108	1.863934	0.1401597	0.8598403	73.10272
1400	7.3635	-19.6732	27.0367	0.334606	0.665394	6.347529	0.342736	0.338178	0.343507	0.139141	0.109458	0.0391905	0.0223736	0	3.433641	1.544915	0.6653941	0.3346059	35.06834
1410	6.08092	-21.8398	27.9207	0.0127497	0.98725	7.21879	0.346225	0.347003	0.33839	0.14023	0.107977	0.0397557	0.0226961	0	2.549581	1.369948	0.9872503	0.01274973	23.43948
1420	7.30556	-18.8987	26.2042	0.950541	0.0494586	9.176312	0.347714	0.347275	0.342475	0.135449	0.107994	0.04027	0.0216371	0	4.266077	1.902618	0.04945859	0.9505414	79.91311
1430	8.34459	-19.2103	27.5549	0.370426	0.629574	7.720255	0.345238	0.344223	0.345986	0.135949	0.112033	0.0400625	0.0224651	0	2.915377	1.85514	0.629574	0.370426	71.63743
1440	7.82423	-19.1055	26.9297	0.441681	0.558319	5.167305	0.340436	0.334417	0.338045	0.13593	0.109591	0.0406576	0.0226596	0	3.540586	1.911524	0.5583192	0.4416808	81.5688
1450	6.55675	-20.1594	26.7162	0.270429	0.729571	3.820703	0.338347	0.342378	0.345668	0.136449	0.108111	0.0403805	0.0223255	0	3.754101	1.383744	0.7295707	0.2704293	24.19603
1460	6.48853	-19.489	25.9776	0.18778	0.81222	3.261519	0.334813	0.337695	0.340169	0.134957	0.109603	0.0404115	0.0225153	0	4.492711	1.754699	0.8122201	0.1877799	56.84593
1470	8.02632	-20.3364	28.3627	0.526724	0.473276	5.934913	0.33856	0.332062	0.34093	0.134863	0.112461	0.040115	0.0226449	0	2.107567	1.678644	0.4732759	0.5267241	47.71383
1480	8.13213	-20.2864	28.4185	0.458252	0.541748	10.04959	0.343996	0.330525	0.336922	0.141101	0.112461	0.0401157	0.0223872	0	2.05181	1.937302	0.5417478	0.4582522	86.55698
1490	8.15304	-20.3397	28.4928	0.564	0.436	8.453842	0.348459	0.334801	0.338786	0.141279	0.111847	0.0400701	0.0222675	0	1.97751	1.797107	0.4359997	0.5640003	62.67676
1500	8.29555	-20.0775	28.373	0.196173	0.803827	8.329407	0.33883	0.341003	0.337655	0.138817	0.109185	0.0393746	0.0224268	0	2.097288	1.810171	0.8038272	0.1961728	64.59086
1510	7.87692	-20.8737	28.7506	0.416779	0.583221	4.809527	0.341082	0.347276	0.330014	0.138465	0.110567	0.0388351	0.0222793	0	1.719667	1.96424	0.583221	0.416779	92.09573
1520	7.25731	-19.694	26.9513	0.16317	0.83683	6.13156	0.335827	0.339442	0.33081	0.139701	0.10791	0.038963	0.0226132	0	3.519006	1.512689	0.83683	0.16317	32.56037
1530	6.49814	-19.7347	26.2329	0.958477	0.0415234	3.066736	0.335706	0.335406	0.331587	0.139642	0.107779	0.0405077	0.0226131	0	4.237438	1.706948	0.04152335	0.9584766	50.92696
1540	8.30442	-19.8127	28.1171	0.504842	0.495158	5.505525	0.340591	0.341846	0.33296	0.14079	0.110232	0.0401515	0.0221587	0	2.35317	1.917046	0.4951585	0.5048415	82.61252
1550	8.29392	-20.0949	28.3888	0.994273	0.00572691	9.477743	0.334406	0.344992	0.331006	0.140505	0.109603	0.0391892	0.0222564	0	2.081502	1.917963	0.005726912	0.9942731	82.78707
1560	8.69997	-19.9965	28.6965	0.379124	0.620876	7.384199	0.334607	0.340459	0.331426	0.140512	0.10757	0.0405908	0.021963	0	1.773798	1.947264	0.6208757	0.3791243	88.56545
1570	6.99181	-18.9057	25.8975	0.473309	0.526691	5.150784	0.338468	0.34661	0.329361	0.137676	0.107735	0.0400705	0.0219122	0	4.572786	1.651107	0.5266906	0.4733094	44.78239
1580	6.93954	-20.3447	27.2843	0.42834	0.57166	9.012634	0.343933	0.338646	0.330861	0.14143	0.108042	0.0397913	0.0217908	0	3.186014	1.683562	0.5716603	0.4283397	48.2572
1590	8.41164	-19.4807	27.8923	0.591482	0.408518	6.398549	0.34765	0.340946	0.332579	0.139269	0.110292	0.0394556	0.0223755	0	2.577951	1.855455	0.4085176	0.5914824	71.68933
1600	8.33836	-20.1976	28.5359	0.980724	0.0192755	6.755577	0.348044	0.346587	0.338024	0.141481	0.112077	0.0390419	0.0227075	0	1.934364	1.785144	0.01927553	0.9807245	60.97386
1610	3.79235	-23.0241	26.8164	0.487692	0.512308	2.951015	0.33651	0.346927	0.331276	0.141073	0.112325	0.0389855	0.0224638	0	3.653845	0.8869494	0.5123083	0.4876917	7.708136
1620	5.85771	-22.6575	28.5152	0.433384	0.566616	9.155115	0.33554	0.339363	0.331168	0.13971	0.108629	0.0395647	0.0222477	0	1.955112	1.572326	0.5666161	0.4333839	37.35305
1630	4.8801	-21.0746	25.9547	0.740621	0.259379	1.120287	0.337977	0.341282	0.333819	0.138911	0.10887	0.0390685	0.0224679	0	4.515625	1.702711	0.2593794	0.7406206	50.43253
1640	7.36834	-20.3651	27.7334	0.748738	0.251262	3.780799	0.338144	0.339676	0.344458	0.135814	0.112626	0.039202	0.0218386	0	2.736858	1.74379	0.2512616	0.7487384	55.4357
1650	5.10289	-18.7439	23.8468	0.250631	0.749369	3.51005	0.335055	0.34118	0.335646	0.134937	0.109346	0.0386461	0.0218914	0	6.623456	1.599027	0.7493691	0.2506309	39.72167
1660	6.59051	-19.8697	26.4602	0.359357	0.640643	5.212111	0.338303	0.342238	0.340436	0.136162	0.10756	0.0387585	0.021701	0	4.010123	1.393469	0.6406431	0.3593569	24.74393
1670	7.62797	-20.6556	28.2835	0.789921	0.210079	4.925292	0.335446	0.34677	0.33866	0.134869	0.11095	0.0397826	0.0217128	0	2.186762	1.626269	0.2100794	0.7899206	42.29307
1680	6.59487	-18.4185	25.0134	0.934743	0.0652573	5.403355	0.338083	0.347178	0.330166	0.137417	0.112688	0.0394327	0.0217122	0	5.456907	1.907409	0.06525734	0.9347427	80.7996
1690	8.2298	-19.2414	27.4712	0.308038	0.691962	7.708187	0.339577	0.34508	0.337042	0.138018	0.112463	0.0389602	0.0217127	0	2.999121	1.833856	0.6919623	0.3080377	68.21129
1700	8.05215	-20.7245	28.7766	0.712102	0.287898	5.274291	0.341677	0.346691	0.342399	0.138458	0.111862	0.0393028	0.0225799	0	1.693654	1.905601	0.2878984	0.7121016	80.46391
1710	7.48876	-20.5613	28.05	0.969051	0.0309495	3.823003	0.348333	0.337239	0.329873	0.136539	0.112509	0.040237	0.0223298	0	2.42025	1.928469	0.03094945	0.9690505	84.81431
1720	6.9355	-20.3059	27.2414	0.996398	0.00360189	3.769525	0.351219	0.341605	0.335179	0.137769	0.11278	0.039635	0.0215865	0	3.22892	1.509918	0.003601885	0.9963981	32.35329
1730	8.19533	-21.0249	29.2202	0.267045	0.732955	7.181394	0.349939	0.331713	0.332053	0.13508	0.111381	0.0403599	0.0216214	0	1.250081	1.893822	0.7329554	0.2670446	78.31095
1740	7.84725	-21.2426	29.0898	0.534743	0.465257	6.051945	0.345888	0.332423	0.332508	0.141331	0.111762	0.0387838	0.0224351	0	1.380454	1.783535	0.4652574	0.5347426	60.74844
1750	8.39851	-19.8074	28.2059	0.41663	0.58337	5.807708	0.347736	0.331205	0.339057	0.139089	0.110839	0.0391028	0.0217324	0	2.264409	1.931039	0.5833702	0.4166298	85.31761
1760	7.15047	-22.2618	29.4122	0.186748	0.813252	6.962769	0.345093	0.333291	0.33603	0.14152	0.107233	0.0395514	0.0217489	0	1.058052	1.705612	0.8132522	0.1867478	50.77054
1770	7.25106	-18.789	26.0401	0.931517	0.0684828	8.356375	0.347668	0.336616	0.343719	0.137941	0.108396	0.0390922	0.0225409	0	4.430209	1.82478	0.0684828	0.9315172	66.80055
1780	7.36144	-18.5572	25.9186	0.119715	0.880285	7.679353	0.344559	0.343193	0.343182	0.13972	0.108225	0.0393543	0.0221059	0	4.551686	1.937882	0.8802852	0.1197148	86.67264
1790	8.27903	-19.8521	28.1312	0.590486	0.409514	7.371968	0.334686	0.341287	0.345361	0.138748	0.111251	0.0400729	0.021723	0	2.339139	1.763227	0.4095145	0.5904855	57.97312
1800	8.30145	-20.6885	28.9899	0.428846	0.571154	6.250413	0.339506	0.332573	0.33396	0.139271	0.111897	0.0399922	0.0221341	0	1.480385	1.9418	0.5711541	0.4288459	87.45808
1810	8.01744	-18.7867	26.8042	0.116481	0.883519	7.121881	0.340222	0.330572	0.335119	0.1345	0.112674	0.0393189	0.0224601	0	3.666121	1.996217	0.8835194	0.1164806	99.13266
1820	6.82375	-19.0053	25.829	0.427564	0.572436	6.870366	0.342194	0.338172	0.341652	0.135642	0.11114	0.0386705	0.0220257	0	4.641248	1.614455	0.5724355	0.4275645	41.15803
1830	8.24004	-19.7232	27.9632	0.210276	0.789724	5.430144	0.342016	0.346123	0.345666	0.139062	0.110717	0.0398867	0.0218477	0	2.507053	1.892701	0.7897241	0.2102759	78.10897
1840	5.44899	-22.5101	27.9591	0.254477	0.745523	6.524932	0.341848	0.33867	0.342132	0.140445	0.10833	0.0402322	0.0220851	0	2.511201	1.256413	0.745523	0.254477	18.04734
1850	7.90173	-18.7755	26.6772	0.945496	0.0545041	6.453719	0.34231	0.333291	0.341769	0.139682	0.108998	0.0398509	0.0219283	0	3.793083	1.929831	0.05450414	0.9454959	85.0806
1860	6.38469	-19.6186	26.0033	0.592391	0.407609	5.096265	0.33719	0.345473	0.342575	0.140069	0.110658	0.0405948	0.0217455	0	4.466996	1.397339	0.4076093	0.5923907	24.96542
1870	8.26087	-19.3296	27.5905	0.0412437	0.958756	6.70465	0.334528	0.338617	0.334952	0.136726	0.108432	0.0402422	0.02208	0	2.879837	1.783041	0.9587563	0.0412437	60.67935
1880	7.51291	-20.4294	27.9423	0.0400712	0.959929	3.868154	0.337017	0.338589	0.336101	0.137144	0.108693	0.0404992	0.0217217	0	2.528009	1.935661	0.9599288	0.04007125	86.23042
1890	7.83999	-19.2151	27.0551	0.457828	0.542172	9.912738	0.338148	0.33909	0.332143	0.136565	0.10818	0.0388016	0.0221548	0	3.415181	1.992991	0.542172	0.457828	98.39917
1900	7.39571	-18.9767	26.3724	0.502581	0.497419	6.042153	0.337133	0.344275	0.329669	0.136974	0.108663	0.0399098	0.0216075	0	4.097893	1.67507	0.4974192	0.5025808	47.32271
1910	7.01126	-21.3722	28.3834	0.535198	0.464802	3.642983	0.339224	0.342783	0.336304	0.139862	0.112092	0.0399285	0.0222205	0	2.086854	1.634003	0.464802	0.535198	43.05294
1920	5.77011	-20.7919	26.562	0.142532	0.857468	8.682833	0.336103	0.345452	0.336249	0.140817	0.1121	0.0406048	0.0224279	0	3.908268	1.528857	0.8574679	0.1425321	33.79535
1930	8.11727	-20.8946	29.0118	0.521151	0.478849	6.117448	0.338028	0.347152	0.331455	0.135961	0.109862	0.0395052	0.0222377	0	1.458449	1.857829	0.4788489	0.5211511	72.0824
1940	7.60095	-21.6219	29.2228	0.971578	0.0284225	9.254999	0.334383	0.346422	0.333101	0.13523	0.111318	0.0404711	0.0215925	0	1.247449	1.870057	0.02842246	0.9715775	74.1407
1950	5.93381	-18.768	24.7018	0.169816	0.830184	3.934958	0.345039	0.345302	0.329755	0.139318	0.108734	0.0395475	0.0216802	0	5.768447	1.697139	0.8301843	0.1698157	49.78968
1960	6.38052	-19.8742	26.2547	0.853868	0.146132	3.28472	0.334901	0.341711	0.331973	0.139133	0.107664	0.0389055	0.0215904	0	4.215565	1.489563	0.1461322	0.8538678	30.87188
1970	7.91608	-20.9705	28.8866	0.855934	0.144066	5.049389	0.345698	0.333354	0.338389	0.136543	0.111008	0.0388596	0.022538	0	1.583735	1.965332	0.1440659	0.8559341	92.32764
1980	6.9158	-21.1817	28.0975	0.450297	0.549703	7.521429	0.3359	0.330015	0.332599	0.14033	0.112698	0.0397377	0.0224403	0	2.37278	1.515604	0.5497026	0.4502974	32.77964
1990	7.10191	-19.2073	26.3092	0.583737	0.416263	5.770211	0.34251	0.337901	0.345255	0.138734	0.108318	0.0389307	0.0226347	0	4.161072	1.558961	0.416263	0.583737	36.22101
2000	8.07156	-18.971	27.0425	0.324155	0.675845	7.550536	0.338356	0.335938	0.336091	0.137949	0.107439	0.0387264	0.0224623	0	3.427765	1.838263	0.675845	0.324155	68.90694
2010	7.42423	-20.9175	28.3418	0.201773	0.798227	5.541173	0.346349	0.336033	0.332589	0.136947	0.110493	0.0398108	0.0223091	0	2.128525	1.506769	0.7982268	0.2017732	32.11952
2020	7.76177	-21.6908	29.4526	0.463717	0.536283	6.543093	0.335556	0.331938	0.337352	0.141387	0.108303	0.0398089	0.0225937	0	1.017736	1.935999	0.5362829	0.4637171	86.29774
2030	8.13564	-19.1009	27.2365	0.168713	0.831287	6.793757	0.343081	0.333985	0.341607	0.135855	0.108732	0.0386974	0.0217104	0	3.233785	1.816865	0.8312868	0.1687132	65.59411
2040	5.5852	-22.0245	27.6097	0.7636	0.2364	1.577771	0.346621	0.338248	0.342513	0.139259	0.110563	0.0400049	0.0217213	0	2.860604	1.901793	0.2363998	0.7636002	79.76139
2050	8.66956	-20.0308	28.7004	0.532967	0.467033	7.832913	0.338607	0.345622	0.344036	0.138771	0.111641	0.0400496	0.0216295	0	1.769929	1.936883	0.4670328	0.5329672	86.47355
2060	4.4631	-23.2271	27.6902	0.0108242	0.989176	3.519779	0.344838	0.340635	0.34134	0.138375	0.112536	0.040557	0.0223202	0	2.780052	0.9357718	0.9891758	0.01082421	8.625252
2070	7.72532	-20.4607	28.186	0.831504	0.168496	8.897004	0.340478	0.345068	0.34132	0.140265	0.112209	0.0400762	0.0221479	0	2.284293	1.759257	0.1684958	0.8315042	57.4456
2080	6.74252	-18.5253	25.2678	0.408021	0.591979	5.266988	0.34611	0.339891	0.344012	0.141369	0.110112	0.0400524	0.0224642	0	5.202523	1.809259	0.5919792	0.4080208	64.45541
2090	7.71809	-20.5105	28.2286	0.329793	0.670207	5.629581	0.343802	0.33797	0.339274	0.140921	0.111554	0.0397461	0.022468	0	2.241685	1.579823	0.6702073	0.3297927	38.00344
2100	7.1892	-19.5685	26.7577	0.0612283	0.938772	4.198385	0.341344	0.333935	0.331573	0.140523	0.110269	0.0399493	0.0226245	0	3.712592	1.616794	0.9387717	0.06122831	41.3803
2110	7.56035	-19.2394	26.7997	0.127505	0.872495	8.291565	0.335993	0.346276	0.330808	0.140628	0.109192	0.0398304	0.0226395	0	3.670557	1.749105	0.8724946	0.1275054	56.11831
2120	6.90874	-21.4245	28.3332	0.916717	0.0832831	4.312778	0.336235	0.346241	0.330985	0.139604	0.110585	0.0392104	0.0222151	0	2.137059	1.45826	0.08328309	0.9167169	28.72498
2130	7.46685	-18.7992	26.266	0.688462	0.311538	6.329122	0.343762	0.336861	0.338948	0.141326	0.109488	0.0394052	0.0225223	0	4.20427	1.740661	0.3115385	0.6884615	55.0378
2140	7.37259	-18.8704	26.243	0.417861	0.582139	4.970015	0.335517	0.330868	0.330758	0.139902	0.108464	0.0389641	0.0224758	0	4.227335	1.896387	0.5821393	0.4178607	78.77473
2150	8.29755	-19.3672	27.6648	0.985831	0.0141694	6.595862	0.33411	0.333353	0.329242	0.136953	0.111194	0.0394475	0.0224369	0	2.805512	1.808501	0.01416941	0.9858306	64.34288
2160	8.30454	-19.1353	27.4399	0.928252	0.0717485	8.181038	0.337365	0.333648	0.343875	0.138257	0.111608	0.0394048	0.0220772	0	3.030436	1.909837	0.07174847	0.9282515	81.25261
2170	8.08872	-19.5853	27.674	0.762361	0.237639	6.018798	0.345062	0.332486	0.344553	0.138684	0.108798	0.0392829	0.0219266	0	2.79628	1.727425	0.237639	0.762361	53.38577
2180	6.7664	-19.2679	26.0343	0.717354	0.282646	4.920553	0.344264	0.332233	0.335373	0.139438	0.110288	0.0405579	0.0217078	0	4.435977	1.517322	0.2826462	0.7173538	32.90955
2190	7.84077	-19.1388	26.9796	0.367908	0.632092	5.14136	0.341284	0.334197	0.334768	0.138042	0.108744	0.0400939	0.0221878	0	3.490682	1.93084	0.6320925	0.3679075	85.2786
2200	6.33396	-18.5445	24.8785	0.0618896	0.93811	9.005849	0.343184	0.335138	0.334478	0.13759	0.108958	0.0404302	0.0223534	0	5.591795	1.991844	0.9381104	0.06188961	98.13948
2210	7.30436	-18.8748	26.1791	0.0619274	0.938073	5.418117	0.334465	0.339848	0.332667	0.134758	0.108056	0.0397409	0.0217937	0	4.291171	1.721504	0.9380726	0.06192735	52.66287
2220	8.39863	-20.508	28.9066	0.967426	0.0325742	6.330908	0.350492	0.340362	0.329233	0.139083	0.107656	0.0398409	0.0222481	0	1.563703	1.945646	0.03257422	0.9674258	88.23595
2230	7.3493	-19.5075	26.8568	0.783643	0.216357	4.03411	0.343565	0.3459	0.332393	0.135601	0.11261	0.0388551	0.0226584	0	3.613458	1.965651	0.2163575	0.7836425	92.3955
2240	7.92658	-19.8403	27.7668	0.968829	0.031171	5.145574	0.339948	0.344089	0.336468	0.137043	0.110138	0.039613	0.0225057	0	2.703457	1.716837	0.03117102	0.968829	52.09996
2250	8.33908	-19.1312	27.4703	0.536849	0.463151	6.294212	0.338867	0.335774	0.340032	0.138489	0.109999	0.0400073	0.0224005	0	2.999965	1.966195	0.463151	0.536849	92.51138
2260	7.99403	-19.7212	27.7153	0.572881	0.427119	5.17266	0.334836	0.338643	0.336148	0.134904	0.107509	0.0399228	0.022556	0	2.755024	1.755395	0.4271186	0.5728814	56.93709
2270	7.99255	-19.8218	27.8143	0.19679	0.80321	7.239092	0.335972	0.337758	0.3423	0.136488	0.112574	0.0400858	0.0225745	0	2.655987	1.676958	0.80321	0.19679	47.52897
2280	8.0946	-20.0869	28.1815	0.776794	0.223206	6.31971	0.340887	0.345664	0.3344	0.137851	0.112351	0.0399703	0.0224053	0	2.288841	1.687999	0.2232065	0.7767935	48.75274
2290	7.64543	-18.6911	26.3365	0.401311	0.598689	6.084198	0.336638	0.344442	0.341379	0.138297	0.11174	0.0404743	0.021659	0	4.133786	1.937903	0.5986888	0.4013112	86.67674
2300	7.74819	-18.7188	26.467	0.804993	0.195007	8.006769	0.351	0.333047	0.341885	0.139807	0.108935	0.0398223	0.0222097	0	4.00327	1.935519	0.1950067	0.8049933	86.2023
2310	5.55639	-22.0474	27.6038	0.587002	0.412998	4.013392	0.34068	0.34416	0.341429	0.137721	0.111564	0.0405543	0.0225285	0	2.866534	1.138574	0.4129982	0.5870018	13.75859
2320	3.27339	-19.1063	22.3797	0.653232	0.346768	1.896285	0.341456	0.338317	0.341888	0.1403	0.110724	0.0401758	0.0224948	0	8.090637	1.96181	0.3467678	0.6532322	91.58207
2330	7.60279	-18.733	26.3358	0.44469	0.55531	7.249897	0.338538	0.34631	0.340363	0.138081	0.111559	0.0405142	0.0223546	0	4.134486	1.812473	0.5553098	0.4446902	64.93407
2340	8.05479	-19.0714	27.1262	0.458311	0.541689	8.769585	0.338719	0.332728	0.343894	0.139386	0.11007	0.0387518	0.0225101	0	3.344053	1.912196	0.5416891	0.4583109	81.69515
2350	7.96872	-19.9722	27.9409	0.491746	0.508254	6.979906	0.335494	0.334087	0.32898	0.135944	0.108267	0.0400089	0.0225669	0	2.529407	1.658101	0.5082541	0.4917459	45.5094
2360	7.91797	-21.5182	29.4362	0.496564	0.503436	6.814462	0.336338	0.346834	0.332944	0.137498	0.108023	0.040212	0.0226326	0	1.034085	1.950679	0.5034365	0.4965635	89.26461
2370	7.33364	-21.0462	28.3799	0.820289	0.179711	3.697286	0.350488	0.340433	0.335474	0.137371	0.110381	0.039033	0.0225847	0	2.090427	1.967919	0.1797107	0.8202893	92.8794
2380	4.29561	-19.1595	23.4551	0.523404	0.476596	3.814529	0.350859	0.345711	0.334566	0.13462	0.112449	0.039695	0.0219604	0	7.015157	1.285101	0.4765961	0.5234039	19.27972
2390	7.47181	-18.6233	26.0951	0.712451	0.287549	7.111288	0.340701	0.343419	0.33235	0.136821	0.112619	0.039226	0.0218178	0	4.375156	1.883382	0.287549	0.712451	76.45071
2400	7.91203	-19.9747	27.8867	0.66007	0.33993	6.032447	0.337642	0.344579	0.333847	0.139785	0.109941	0.0394197	0.0217137	0	2.583548	1.642643	0.3399301	0.6600699	43.91806
2410	8.20818	-20.002	28.2102	0.580516	0.419484	6.569221	0.337584	0.345785	0.336781	0.139188	0.109144	0.0389432	0.0226229	0	2.26012	1.718926	0.4194838	0.5805162	52.3511
2420	8.51039	-20.1868	28.6972	0.875714	0.124286	7.367819	0.345054	0.342677	0.339978	0.139226	0.109877	0.0386474	0.0223124	0	1.77308	1.86356	0.1242864	0.8757136	73.03988
2430	6.70086	-20.0657	26.7666	0.0236627	0.976337	11.34937	0.343936	0.340635	0.342188	0.136752	0.109472	0.0392952	0.0224217	0	3.703741	1.954369	0.9763373	0.02366266	90.02624
2440	7.55651	-19.4821	27.0386	0.136287	0.863713	6.21659	0.336408	0.337586	0.343267	0.140435	0.110151	0.0400679	0.0221786	0	3.431671	1.589231	0.8637132	0.1362868	38.83565
2450	6.7804	-20.0727	26.8531	0.778932	0.221068	3.06403	0.337972	0.341333	0.343061	0.13708	0.112347	0.0398692	0.0222488	0	3.61715	1.840086	0.2210676	0.7789324	69.19678
2460	8.20537	-20.8126	29.018	0.628598	0.371402	7.486256	0.342566	0.34588	0.343886	0.141433	0.111785	0.0392153	0.0217924	0	1.452314	1.829538	0.3714021	0.6285979	67.53646
2470	5.7862	-19.416	25.2022	0.954165	0.0458353	3.361675	0.343722	0.339141	0.330281	0.136354	0.112004	0.0402163	0.0216707	0	5.268059	1.44989	0.04583531	0.9541647	28.17671
2480	8.11613	-19.3965	27.5126	0.446216	0.553784	5.817584	0.33783	0.336037	0.332547	0.139703	0.112667	0.0400848	0.0217004	0	2.957682	1.796505	0.5537839	0.4462161	62.58995
2490	3.54167	-19.9406	23.4823	0.814264	0.185736	1.109534	0.345244	0.331752	0.331339	0.138231	0.110853	0.0399837	0.0215838	0	6.98804	1.72281	0.1857356	0.8142644	52.82136
2500	4.93872	-19.9401	24.8789	0.551492	0.448508	10.19048	0.346448	0.330431	0.338935	0.137024	0.110633	0.0401875	0.0223203	0	5.591438	1.745548	0.4485079	0.5514921	55.6606
2510	8.0272	-19.127	27.1542	0.879233	0.120767	5.957353	0.339453	0.336163	0.346104	0.136054	0.110065	0.039956	0.0220656	0	3.316099	1.815306	0.1207674	0.8792326	65.35907
2520	7.80289	-19.4671	27.27	0.401748	0.598252	4.680838	0.344404	0.334109	0.345566	0.136995	0.11268	0.0397939	0.0218345	0	3.20033	1.940499	0.5982517	0.4017483	87.19645
2530	8.46881	-19.6265	28.0953	0.996802	0.00319769	6.169236	0.350681	0.330197	0.331666	0.13583	0.111887	0.0404675	0.0225553	0	2.374998	1.903335	0.003197693	0.9968023	80.04519
2540	6.49602	-19.2249	25.7209	0.911085	0.0889153	3.532863	0.338853	0.334141	0.336021	0.135722	0.111269	0.038944	0.022238	0	4.74935	1.937298	0.08891528	0.9110847	86.55608
2550	8.29592	-19.47	27.766	0.401467	0.598533	9.741519	0.334592	0.332764	0.329559	0.140205	0.10906	0.0390876	0.0220527	0	2.704326	1.988875	0.5985329	0.4014671	97.47091
2560	4.54374	-23.2468	27.7905	0.744286	0.255714	9.395659	0.336879	0.342318	0.333814	0.141086	0.107961	0.0391106	0.0222172	0	2.679773	1.469401	0.2557142	0.7442858	29.47138
2570	4.42673	-21.1707	25.5975	0.445948	0.554052	2.84653	0.342876	0.344764	0.336928	0.139358	0.110408	0.0393088	0.0222228	0	4.872825	1.024237	0.5540525	0.4459475	10.57395
2580	6.13607	-18.7053	24.8414	0.765078	0.234922	8.595738	0.337547	0.338741	0.329572	0.13602	0.112401	0.0397535	0.022238	0	5.628935	1.787265	0.2349219	0.7650781	61.2724
2590	8.44172	-19.755	28.1967	0.443548	0.556452	6.052772	0.335614	0.338884	0.331235	0.134965	0.111799	0.03876	0.0224527	0	2.273623	1.898473	0.5564523	0.4435477	79.15403
2600	7.86212	-18.9238	26.7859	0.729848	0.270152	6.754662	0.337869	0.336292	0.328944	0.136147	0.108155	0.0389859	0.0225546	0	3.684416	1.783656	0.2701521	0.7298479	60.76528
2610	7.40279	-21.5767	28.9795	0.00673041	0.99327	5.351575	0.336951	0.336216	0.332165	0.135521	0.109966	0.0389117	0.0226936	0	1.490813	1.622115	0.9932696	0.006730407	41.89041
2620	7.44157	-19.0826	26.5242	0.351544	0.648456	4.947126	0.33777	0.336864	0.331121	0.141477	0.110716	0.0406183	0.0223733	0	3.946091	1.740216	0.6484564	0.3515436	54.98137
2630	6.5951	-18.5377	25.1328	0.775447	0.224553	4.970352	0.341527	0.340914	0.331325	0.141095	0.109828	0.0400893	0.0221686	0	5.337504	1.834158	0.2245528	0.7754472	68.25867
2640	7.7736	-18.6764	26.4499	0.815924	0.184076	7.456883	0.344702	0.332318	0.329998	0.139064	0.111195	0.0406418	0.0225315	0	4.020344	1.960022	0.1840765	0.8159235	91.20561
2650	7.57927	-21.1902	28.7695	0.895956	0.104044	9.187733	0.340709	0.330288	0.334407	0.140229	0.108102	0.0387988	0.022391	0	1.700786	1.792826	0.1040443	0.8959557	62.06204
2660	7.80557	-19.1344	26.94	0.455778	0.544222	6.577463	0.344813	0.332771	0.345194	0.141306	0.109153	0.0391646	0.0226456	0	3.530316	1.705465	0.5442216	0.4557784	50.75342
2670	6.6652	-18.5186	25.1838	0.275672	0.724328	5.088716	0.346927	0.342304	0.33116	0.135608	0.109908	0.0392385	0.0216122	0	5.286542	1.942463	0.7243276	0.2756724	87.59166
2680	8.13668	-19.3516	27.4883	0.587279	0.412721	6.053774	0.345979	0.338591	0.340363	0.137939	0.112163	0.0390316	0.022036	0	2.98202	1.789058	0.412721	0.587279	61.52588
2690	8.64029	-19.916	28.5563	0.641282	0.358718	8.178021	0.348093	0.340889	0.333931	0.138842	0.110744	0.039245	0.0220154	0	1.913952	1.918709	0.3587185	0.6412815	82.92941
2700	5.09065	-19.3914	24.4821	0.660453	0.339547	3.330199	0.351234	0.336382	0.338681	0.13667	0.112111	0.0386573	0.0223478	0	5.988241	1.335556	0.3395466	0.6604534	21.65488
2710	7.27746	-19.9143	27.1918	0.704909	0.295091	5.092477	0.335958	0.335302	0.341043	0.139751	0.107823	0.0398	0.0226914	0	3.278506	1.495966	0.2950911	0.7049089	31.33043
2720	4.94757	-19.0878	24.0354	0.393994	0.606006	11.02083	0.349308	0.342108	0.329217	0.137544	0.109893	0.0399171	0.0225552	0	6.434903	1.998552	0.6060059	0.3939941	99.66709
2730	7.59273	-20.817	28.4097	0.866846	0.133154	4.073441	0.351411	0.344331	0.329552	0.13452	0.109904	0.040106	0.0222948	0	2.06055	1.987952	0.1331542	0.8668458	97.26391
2740	7.89461	-19.5234	27.418	0.630373	0.369627	4.781213	0.345165	0.347022	0.328974	0.135771	0.110094	0.039831	0.0225745	0	3.052305	1.897969	0.3696266	0.6303734	79.06214
2750	7.55662	-19.1565	26.7131	0.47416	0.52584	5.568313	0.350406	0.343849	0.336314	0.135741	0.109289	0.0403121	0.022197	0	3.757213	1.668804	0.5258402	0.4741598	46.64485
2760	8.04743	-20.5323	28.5797	0.789989	0.210011	7.525183	0.347846	0.345253	0.329944	0.136845	0.11052	0.0406413	0.022368	0	1.890551	1.721623	0.2100106	0.7899894	52.6773
2770	8.63597	-19.8032	28.4392	0.54374	0.45626	7.365311	0.346914	0.342441	0.331099	0.13619	0.112049	0.0405073	0.0227058	0	2.031088	1.887642	0.4562598	0.5437402	77.20445
2780	8.56362	-19.3177	27.8813	0.257981	0.742019	7.765476	0.339303	0.345718	0.337773	0.135669	0.112769	0.0398988	0.0227026	0	2.58895	1.913646	0.7420193	0.2579807	81.96822
2790	8.03104	-21.3546	29.3857	0.0259228	0.974077	9.126804	0.336865	0.343533	0.334184	0.135514	0.109153	0.0395517	0.0226108	0	1.084636	1.955143	0.9740772	0.02592275	90.1868
2800	7.81733	-20.9286	28.7459	0.750341	0.249659	7.967224	0.343427	0.337999	0.341535	0.134785	0.108547	0.0406242	0.0226957	0	1.724354	1.719656	0.2496593	0.7503407	52.43915
2810	7.27288	-21.1362	28.4091	0.613908	0.386092	3.672198	0.34604	0.346098	0.340657	0.138168	0.109646	0.040085	0.0224213	0	2.061205	1.875076	0.3860924	0.6139076	75.00253
2820	7.17062	-20.6428	27.8135	0.314386	0.685614	3.854186	0.336986	0.344258	0.333657	0.137749	0.108933	0.0401194	0.0225744	0	2.656841	1.559245	0.6856139	0.3143861	36.24471
2830	6.47349	-20.305	26.7785	0.0279974	0.972003	2.717142	0.337306	0.346634	0.336651	0.139774	0.111001	0.0403712	0.0223023	0	3.691797	1.684201	0.9720026	0.02799735	48.32824
2840	6.79761	-22.2889	29.0865	0.316147	0.683853	4.114938	0.341832	0.338837	0.333561	0.1383	0.109714	0.0403026	0.0224897	0	1.383767	1.725111	0.6838533	0.3161467	53.10206
2850	7.43274	-20.7622	28.1949	0.636808	0.363192	3.82887	0.338726	0.339849	0.340147	0.141049	0.108734	0.0398806	0.0225203	0	2.27535	1.83023	0.3631924	0.6368076	67.64406
2860	8.23362	-20.4831	28.7167	0.123286	0.876714	7.982073	0.339442	0.344408	0.33009	0.136217	0.111899	0.039581	0.0216697	0	1.753569	1.797562	0.8767144	0.1232856	62.74251
2870	7.00864	-20.8922	27.9009	0.134493	0.865507	3.228834	0.337157	0.346838	0.341514	0.136484	0.111603	0.0399847	0.0221204	0	2.569431	1.747886	0.865507	0.134493	55.96109
2880	8.01737	-18.884	26.9014	0.255008	0.744992	6.681597	0.337119	0.347147	0.34224	0.137192	0.108543	0.040592	0.0216578	0	3.568934	1.869042	0.7449917	0.2550083	73.9677
2890	7.03967	-21.8145	28.8542	0.54082	0.45918	4.720069	0.337778	0.33866	0.334655	0.138078	0.109279	0.0404134	0.0226329	0	1.616084	1.554837	0.4591799	0.5408201	35.87871
2900	6.7915	-21.0555	27.847	0.563872	0.436128	5.039773	0.347097	0.334635	0.33618	0.136656	0.109621	0.0396243	0.02259	0	2.623287	1.360154	0.4361283	0.5638717	22.91682
2910	7.33254	-21.6607	28.9932	0.147588	0.852412	5.172097	0.347282	0.330377	0.340074	0.135692	0.112228	0.0394207	0.0223783	0	1.47708	1.639299	0.8524117	0.1475883	43.58116
2920	5.58946	-20.4841	26.0736	0.193353	0.806647	10.09523	0.350376	0.331359	0.33561	0.137522	0.112548	0.0400652	0.0222266	0	4.396709	1.709491	0.8066467	0.1933533	51.22605
2930	7.77927	-18.9484	26.7276	0.171811	0.828189	7.121121	0.335414	0.338563	0.333047	0.135569	0.112278	0.0400867	0.0219047	0	3.742649	1.76868	0.8281889	0.1718111	58.70571
2940	8.75489	-19.5504	28.3053	0.279538	0.720462	7.714098	0.344141	0.330318	0.330942	0.135014	0.109141	0.0402776	0.021903	0	2.164985	1.981708	0.720462	0.279538	95.87558
2950	7.78161	-20.0353	27.8169	0.0463818	0.953618	5.257893	0.343996	0.336019	0.334403	0.136058	0.111688	0.0388507	0.021589	0	2.65337	1.628583	0.9536182	0.04638178	42.51899
2960	7.99635	-18.881	26.8773	0.896147	0.103853	7.866907	0.342863	0.338444	0.345446	0.13617	0.111866	0.0390449	0.0219886	0	3.592954	1.91293	0.1038528	0.8961472	81.83329
2970	8.00396	-19.0983	27.1022	0.138262	0.861738	7.092656	0.342143	0.344526	0.342909	0.134533	0.107781	0.0403003	0.0217576	0	3.368053	1.767895	0.861738	0.138262	58.59965
2980	5.95664	-22.2457	28.2023	0.281059	0.718941	2.140211	0.339418	0.343398	0.336214	0.13861	0.107807	0.0394468	0.0226525	0	2.267943	1.7585	0.7189406	0.2810594	57.34556
2990	5.17775	-23.8863	29.064	0.177444	0.822556	3.728152	0.337318	0.347065	0.330224	0.139178	0.110739	0.0392145	0.0220628	0	1.406246	1.246364	0.8225558	0.1774442	17.63455
3000	8.32324	-19.4838	27.807	0.631194	0.368806	5.862999	0.334421	0.342866	0.336544	0.138157	0.112149	0.0400167	0.0223316	0	2.66325	1.88439	0.3688058	0.6311942	76.6284
3010	8.05125	-19.1134	27.1647	0.27757	0.72243	5.569772	0.341443	0.335632	0.337988	0.139768	0.111774	0.039397	0.0217516	0	3.305641	1.981831	0.7224303	0.2775697	95.90272
3020	5.79475	-20.2802	26.075	0.897099	0.102901	3.181219	0.334829	0.339821	0.337335	0.136504	0.111132	0.0405308	0.0225376	0	4.395321	1.286154	0.1029014	0.8970986	19.32655
3030	7.44276	-20.0161	27.4589	0.818029	0.181971	6.279808	0.338593	0.346061	0.333667	0.13964	0.111141	0.0394428	0.0222878	0	3.011441	1.535905	0.1819705	0.8180295	34.3483
3040	7.91428	-19.4597	27.374	0.322166	0.677834	4.836411	0.339101	0.341495	0.334511	0.137809	0.10893	0.0393623	0.0224197	0	3.096288	1.983606	0.6778341	0.3221659	96.2954
3050	5.28169	-18.4942	23.7759	0.36887	0.63113	5.330971	0.340717	0.333158	0.338827	0.136309	0.111575	0.038995	0.0225759	0	6.694416	1.546191	0.6311296	0.3688704	35.17148
3060	8.17141	-19.033	27.2044	0.266564	0.733436	6.524563	0.349163	0.333018	0.343686	0.136044	0.110798	0.0404791	0.0216826	0	3.265917	1.875962	0.7334358	0.2665642	75.15569
3070	7.94333	-18.7593	26.7026	0.812307	0.187693	7.020442	0.345826	0.33888	0.338065	0.139159	0.111957	0.0386828	0.0220267	0	3.767659	1.992262	0.1876935	0.8123065	98.23393
3080	7.89907	-20.6284	28.5275	0.333911	0.666089	6.059608	0.341905	0.345319	0.332546	0.135347	0.11193	0.0386805	0.0223508	0	1.94279	1.650392	0.6660894	0.3339106	44.70865
3090	7.93617	-18.8798	26.816	0.241233	0.758767	6.817264	0.342956	0.337458	0.337658	0.134996	0.111402	0.0389873	0.0218153	0	3.654311	1.847975	0.7587673	0.2412327	70.46527
3100	5.94347	-19.7098	25.6532	0.282501	0.717499	6.690818	0.338422	0.340847	0.340808	0.136051	0.10904	0.0395489	0.0225567	0	4.817073	1.427269	0.7174988	0.2825012	26.74666
3110	7.85177	-19.742	27.5938	0.723293	0.276707	10.41107	0.337702	0.342028	0.343431	0.136182	0.111148	0.0402341	0.0224487	0	2.876511	1.966623	0.2767071	0.7232929	92.60258
3120	8.40275	-19.0831	27.4859	0.266666	0.733334	7.727412	0.350267	0.337283	0.341443	0.136273	0.111817	0.0400901	0.0216809	0	2.984394	1.958286	0.733334	0.266666	90.84193
3130	8.51937	-20.405	28.9244	0.773205	0.226795	8.442472	0.339507	0.338467	0.335363	0.137721	0.109991	0.0405697	0.0215948	0	1.545938	1.928295	0.2267951	0.7732049	84.78027
3140	7.36119	-19.3898	26.751	0.589823	0.410177	10.58841	0.336298	0.331401	0.344501	0.137384	0.109127	0.0403341	0.0216036	0	3.71928	1.993165	0.4101765	0.5898235	98.43845
3150	7.20491	-21.8065	29.0114	0.435996	0.564004	4.300921	0.346578	0.340963	0.331173	0.136263	0.108408	0.040309	0.0218666	0	1.458846	1.850166	0.5640037	0.4359963	70.82162
3160	7.07144	-20.8715	27.943	0.637105	0.362895	11.00857	0.348589	0.334629	0.329793	0.13792	0.109349	0.0388049	0.0216405	0	2.527325	1.90485	0.3628949	0.6371051	80.32492
3170	6.1183	-20.7071	26.8254	0.436377	0.563623	2.182222	0.334563	0.34444	0.341053	0.141497	0.107891	0.0395264	0.021586	0	3.644913	1.977698	0.563623	0.436377	94.99434
3180	7.90408	-19.0106	26.9147	0.466453	0.533547	7.823606	0.339875	0.339701	0.342147	0.140658	0.109871	0.0387685	0.0220675	0	3.555595	1.81713	0.5335467	0.4664533	65.63423
3190	8.39654	-19.1574	27.5539	0.975581	0.0244193	7.408624	0.344611	0.336094	0.341424	0.138401	0.112789	0.0397499	0.0223975	0	2.916347	1.901039	0.02441932	0.9755807	79.62308
3200	7.48038	-20.355	27.8354	0.424775	0.575225	9.242471	0.337638	0.334327	0.338725	0.141151	0.112463	0.0395142	0.0218502	0	2.634907	1.761222	0.5752247	0.4247753	57.70612
3210	8.01522	-18.8198	26.835	0.573548	0.426452	7.359489	0.346509	0.344575	0.329285	0.139967	0.110488	0.0390682	0.0215961	0	3.635247	1.959752	0.4264521	0.5735479	91.14894
3220	5.99646	-19.9855	25.982	0.283265	0.716735	6.541694	0.345199	0.337689	0.334866	0.138763	0.108712	0.038688	0.0226488	0	4.488291	1.392543	0.7167354	0.2832646	24.69126
3230	6.9306	-20.3607	27.2913	0.626149	0.373851	3.16952	0.344541	0.331234	0.330833	0.141289	0.111332	0.0406131	0.0225034	0	3.178961	1.719192	0.373851	0.626149	52.3832
3240	7.68077	-19.4763	27.1571	0.235367	0.764633	7.411234	0.336159	0.33008	0.338065	0.140596	0.108986	0.0404463	0.0225003	0	3.313191	1.662312	0.7646326	0.2353674	45.95276
3250	3.93917	-18.2203	22.1595	0.722226	0.277774	5.82351	0.340013	0.339931	0.3301	0.138535	0.109192	0.0406084	0.0218348	0	8.310836	1.567555	0.277774	0.722226	36.94491
3260	7.33431	-20.2385	27.5728	0.012179	0.987821	4.324932	0.340079	0.333686	0.344329	0.135301	0.109239	0.040192	0.0220988	0	2.897458	1.544479	0.987821	0.012179	35.03311
3270	7.76071	-21.1813	28.942	0.492747	0.507253	10.84651	0.33732	0.335269	0.342741	0.136692	0.108769	0.0399607	0.0220333	0	1.528284	1.996565	0.507253	0.492747	99.21224
3280	7.2351	-22.1186	29.3537	0.675317	0.324683	5.375454	0.339559	0.336337	0.344092	0.13533	0.111279	0.0402731	0.022442	0	1.116595	1.822749	0.3246833	0.6753167	66.48882
3290	7.64293	-19.2337	26.8766	0.120804	0.879196	9.949647	0.344651	0.334663	0.345286	0.137755	0.110654	0.0397897	0.0225859	0	3.593704	1.954615	0.8791962	0.1208038	90.07713
3300	7.07682	-19.2264	26.3032	0.746644	0.253356	4.054186	0.345963	0.344518	0.342688	0.135006	0.110373	0.0388547	0.0220039	0	4.167045	1.928081	0.2533557	0.7466443	84.73853
3310	8.3996	-20.0969	28.4965	0.176697	0.823303	7.682579	0.351271	0.34097	0.342385	0.140175	0.10891	0.0388799	0.0215877	0	1.973775	1.811621	0.8233035	0.1766965	64.80683
3320	8.45717	-20.3647	28.8218	0.387013	0.612987	7.522932	0.34344	0.330255	0.338881	0.139167	0.109621	0.0389255	0.0223618	0	1.648464	1.854493	0.6129869	0.3870131	71.53079
3330	5.10504	-19.9233	25.0284	0.327697	0.672303	10.80259	0.340886	0.33115	0.343825	0.140341	0.110194	0.0398482	0.0222407	0	5.441923	1.825948	0.6723028	0.3276972	66.98042
3340	8.02217	-19.4342	27.4564	0.14824	0.85176	6.7445	0.342747	0.341271	0.338706	0.140901	0.110886	0.0391589	0.0223769	0	3.013891	1.702172	0.8517602	0.1482398	50.37003
3350	7.29139	-22.2223	29.5137	0.826313	0.173687	7.864437	0.341877	0.344012	0.330896	0.138178	0.111422	0.0397202	0.0217053	0	0.9566233	1.825559	0.1736869	0.8263131	66.92046
3360	7.9357	-21.152	29.0877	0.494872	0.505128	5.691819	0.34409	0.343342	0.345227	0.135489	0.110684	0.0389513	0.0224562	0	1.382592	1.888642	0.5051284	0.4948716	77.38233
3370	6.81681	-22.9636	29.7804	0.684063	0.315937	7.769114	0.343378	0.335098	0.336359	0.140227	0.110485	0.0401165	0.0219369	0	0.6899264	1.916064	0.3159366	0.6840634	82.42603
3380	7.60945	-21.838	29.4475	0.0676571	0.932343	8.788061	0.349001	0.329948	0.345752	0.135879	0.108853	0.0398174	0.0218485	0	1.022839	1.8831	0.9323429	0.06765712	76.40109
3390	7.8307	-21.362	29.1927	0.319056	0.680944	8.027639	0.347697	0.337798	0.334641	0.134851	0.10729	0.0402582	0.022268	0	1.277637	1.799221	0.6809438	0.3190562	62.98271
3400	7.50272	-19.7171	27.2198	0.293932	0.706068	4.063669	0.346723	0.334392	0.344537	0.13892	0.110755	0.0397609	0.0224352	0	3.250515	1.93942	0.7060676	0.2939324	86.98022
3410	6.8186	-21.2299	28.0485	0.851991	0.148009	9.222973	0.349179	0.331727	0.340607	0.138817	0.110219	0.0397179	0.0225512	0	2.421814	1.670843	0.1480092	0.8519908	46.86444
3420	7.98104	-18.8272	26.8082	0.291892	0.708108	6.5101	0.351498	0.337414	0.331463	0.138727	0.112452	0.0401116	0.0223298	0	3.662093	1.920415	0.7081076	0.2918924	83.25598
3430	7.70573	-21.0233	28.729	0.880738	0.119262	4.541837	0.345369	0.339397	0.32965	0.134992	0.111673	0.0404666	0.0219139	0	1.741259	1.923603	0.1192619	0.8807381	83.86923
3440	7.86965	-19.1566	27.0262	0.587235	0.412765	5.204551	0.340403	0.339977	0.344943	0.138982	0.110447	0.0394339	0.0226868	0	3.444045	1.879744	0.4127653	0.5872347	75.81312
3450	6.65976	-20.279	26.9388	0.0148747	0.985125	2.895044	0.340872	0.346609	0.344769	0.13928	0.107815	0.0396869	0.0226427	0	3.531482	1.715026	0.9851253	0.01487467	51.88306
3460	8.68114	-19.5843	28.2654	0.78082	0.21918	7.564201	0.344356	0.336373	0.343996	0.137861	0.111812	0.0399621	0.0226715	0	2.204882	1.928774	0.2191801	0.7808199	84.87382
3470	6.84178	-19.9582	26.8	0.821693	0.178307	3.19501	0.346918	0.337149	0.345517	0.134646	0.110675	0.0395059	0.0221391	0	3.670289	1.81442	0.1783075	0.8216925	65.22594
3480	6.64856	-22.4893	29.1378	0.0221787	0.977821	4.00245	0.336419	0.343412	0.344339	0.136325	0.111468	0.03889	0.0220263	0	1.332471	1.737608	0.9778213	0.02217869	54.6523
3490	8.288	-19.2623	27.5503	0.265412	0.734588	5.844439	0.335276	0.338994	0.341897	0.136568	0.112332	0.0403166	0.0217329	0	2.920003	1.995003	0.734588	0.265412	98.85593
3500	7.98369	-19.6034	27.587	0.125434	0.874566	4.857609	0.335764	0.346133	0.328912	0.139314	0.108949	0.0405231	0.0216158	0	2.883248	1.980634	0.8745655	0.1254345	95.63878
3510	5.70456	-19.0614	24.7659	0.231452	0.768548	3.448678	0.348663	0.345622	0.344196	0.134902	0.110954	0.0399687	0.0217727	0	5.704377	1.55962	0.7685481	0.2314519	36.27604
3520	4.50435	-18.9207	23.425	0.985937	0.0140631	3.319243	0.348505	0.334288	0.339727	0.136054	0.108826	0.0402381	0.0218959	0	7.045271	1.416131	0.01406305	0.9859369	26.06938
3530	7.97824	-19.5619	27.5401	0.047387	0.952613	5.419005	0.349786	0.340271	0.33836	0.134919	0.108094	0.0389148	0.0222097	0	2.930194	1.732095	0.952613	0.04738696	53.96284
3540	8.35996	-19.5415	27.9014	0.999401	0.000598897	9.161987	0.342436	0.340682	0.345002	0.137367	0.108189	0.0388198	0.0221014	0	2.568879	1.929678	0.0005988968	0.9994011	85.05079
3550	8.33596	-19.6176	27.9536	0.590001	0.409999	8.09263	0.346043	0.336651	0.332573	0.135726	0.112383	0.0394636	0.0218151	0	2.516718	1.829838	0.4099986	0.5900014	67.58314
3560	5.64013	-19.3835	25.0237	0.554024	0.445976	4.479273	0.343147	0.333347	0.342418	0.136394	0.109938	0.0405066	0.022144	0	5.446642	1.346994	0.4459758	0.5540242	22.23278
3570	8.80559	-19.6695	28.4751	0.277354	0.722646	7.84173	0.348983	0.331696	0.332085	0.140973	0.107228	0.0405533	0.0220912	0	1.995175	1.991298	0.7226456	0.2773544	98.0162
3580	6.00834	-21.3328	27.3412	0.287314	0.712686	3.870318	0.345531	0.335374	0.336059	0.139861	0.110244	0.0402912	0.0226323	0	3.129122	1.200339	0.7126859	0.2873141	15.86131
3590	7.05912	-19.4931	26.5522	0.646542	0.353458	4.170144	0.350497	0.344848	0.341334	0.140885	0.109449	0.0400263	0.0226713	0	3.91808	1.599999	0.3534576	0.6465424	39.81063
3600	6.78665	-21.2702	28.0568	0.8116	0.1884	4.44454	0.348207	0.34471	0.333498	0.136395	0.108038	0.0388027	0.0216173	0	2.413469	1.39464	0.1884002	0.8115998	24.81073
3610	8.61478	-19.611	28.2258	0.869554	0.130446	6.661999	0.339508	0.345833	0.34023	0.137268	0.107866	0.0392213	0.0224008	0	2.244533	1.949714	0.1304456	0.8695544	89.06639
3620	6.15981	-19.2142	25.374	0.575942	0.424058	3.289936	0.337521	0.341846	0.338614	0.135504	0.108215	0.0402556	0.0222253	0	5.096262	1.860384	0.4240584	0.5759416	72.50764
3630	7.43832	-19.2423	26.6806	0.383792	0.616208	8.167007	0.334591	0.331728	0.334631	0.134906	0.108732	0.0389418	0.0224261	0	3.789693	1.734474	0.6162076	0.3837924	54.25928
3640	6.56273	-21.1414	27.7041	0.00096681	0.999033	5.82452	0.339509	0.340643	0.345908	0.136317	0.108798	0.0388898	0.0223472	0	2.766169	1.327905	0.9990332	0.0009668102	21.27676
3650	8.00738	-19.0845	27.0919	0.375993	0.624007	7.206664	0.347708	0.340743	0.342492	0.14049	0.109643	0.0394742	0.0225947	0	3.378438	1.774123	0.6240069	0.3759931	59.446
3660	7.70465	-18.6678	26.3724	0.567999	0.432001	6.389968	0.344394	0.336739	0.342662	0.139749	0.11054	0.0403572	0.0226907	0	4.097865	1.919696	0.4320012	0.5679988	83.11814
3670	5.56087	-23.6499	29.2108	0.293277	0.706723	12.21737	0.346568	0.335497	0.344314	0.137052	0.109669	0.0399772	0.0219322	0	1.259477	1.940547	0.7067231	0.2932769	87.20603
3680	7.89291	-20.1652	28.0581	0.5225	0.4775	9.272438	0.344762	0.33243	0.345702	0.136598	0.112565	0.0397144	0.0219546	0	2.412208	1.82501	0.4775004	0.5224996	66.83587
3690	7.11465	-19.4774	26.592	0.0163039	0.983696	4.326682	0.33925	0.336397	0.333356	0.135849	0.111893	0.0403711	0.0218399	0	3.878246	1.597625	0.9836961	0.01630395	39.59357
3700	8.42577	-19.621	28.0467	0.858322	0.141678	7.648525	0.335911	0.331828	0.329362	0.137408	0.111833	0.0405695	0.0220044	0	2.42357	1.824084	0.1416784	0.8583216	66.69365
3710	7.34122	-19.9803	27.3215	0.63405	0.36595	5.742984	0.346689	0.333741	0.337834	0.139306	0.110697	0.0406443	0.0216629	0	3.148802	1.507781	0.3659498	0.6340502	32.19446
3720	5.06338	-18.9125	23.9759	0.317395	0.682605	7.339371	0.348223	0.333417	0.338407	0.140796	0.110237	0.040195	0.0216992	0	6.494377	1.553007	0.6826052	0.3173948	35.72789
3730	8.21042	-19.5703	27.7808	0.267081	0.732919	5.519705	0.343041	0.345017	0.340315	0.139532	0.109172	0.038812	0.0221078	0	2.689524	1.86231	0.732919	0.267081	72.82998
3740	7.57115	-19.8845	27.4556	0.0694562	0.930544	5.222267	0.335023	0.339605	0.335023	0.140046	0.107265	0.0387337	0.0220073	0	3.014644	1.563935	0.9305438	0.06945621	36.63826
3750	7.53291	-19.8674	27.4003	0.45922	0.54078	4.018814	0.348139	0.337986	0.337263	0.141078	0.107507	0.0389836	0.0220766	0	3.069962	1.930775	0.5407804	0.4592196	85.26589
3760	5.25739	-21.3631	26.6205	0.338341	0.661659	11.04448	0.336953	0.345154	0.339166	0.138316	0.107786	0.0389174	0.021642	0	3.849767	1.762966	0.6616593	0.3383407	57.93828
3770	6.40114	-23.267	29.6681	0.653411	0.346589	7.11575	0.339462	0.344272	0.344333	0.138761	0.108044	0.0386858	0.0220698	0	0.8021451	1.735184	0.3465891	0.6534109	54.348
3780	7.95364	-19.1157	27.0694	0.627962	0.372038	6.245235	0.3407	0.345866	0.33741	0.135448	0.109863	0.0387774	0.0217845	0	3.400941	1.774234	0.3720378	0.6279622	59.46119
3790	7.5099	-21.6518	29.1617	0.324966	0.675034	10.84774	0.337393	0.333286	0.338271	0.138225	0.10797	0.0402023	0.0220225	0	1.30859	1.989101	0.6750336	0.3249664	97.52172
3800	7.66734	-19.7992	27.4666	0.987605	0.0123955	5.630765	0.340173	0.332827	0.332063	0.141032	0.108261	0.0403976	0.0225087	0	3.003719	1.585536	0.01239548	0.9876045	38.5067
3810	7.08213	-20.7268	27.809	0.626879	0.373121	4.218349	0.342714	0.330023	0.337198	0.140332	0.109101	0.0405503	0.0223792	0	2.661315	1.469086	0.3731211	0.6268789	29.45003
3820	3.80506	-23.7928	27.5979	0.219494	0.780506	3.509847	0.336295	0.343567	0.33625	0.140166	0.111905	0.0395392	0.0223877	0	2.872442	0.8857722	0.780506	0.219494	7.687272
3830	6.69928	-20.0915	26.7908	0.94256	0.0574398	9.647804	0.336642	0.342544	0.342157	0.138834	0.108498	0.0398628	0.022105	0	3.67949	1.753063	0.05743979	0.9425602	56.63208
3840	8.01586	-18.8015	26.8173	0.0761053	0.923895	6.87375	0.344817	0.339645	0.345858	0.136711	0.108864	0.038886	0.0217356	0	3.652972	1.959582	0.9238947	0.07610533	91.11328
3850	6.55226	-18.5052	25.0575	0.119055	0.880945	7.536918	0.336432	0.331907	0.343012	0.137132	0.109089	0.0390907	0.0224371	0	5.412822	1.765604	0.8809453	0.1190547	58.29139
3860	7.47471	-18.9791	26.4538	0.3081	0.6919	4.935038	0.351483	0.342196	0.336475	0.136898	0.110466	0.0391982	0.0220643	0	4.016484	1.864159	0.6918999	0.3081001	73.14075
3870	8.44934	-19.7683	28.2176	0.323717	0.676283	5.777043	0.345513	0.341345	0.341814	0.135062	0.108946	0.0404	0.0226667	0	2.252671	1.997038	0.6762833	0.3237167	99.32025
3880	4.5291	-19.1795	23.7086	0.53328	0.46672	11.23498	0.334658	0.332713	0.337233	0.136795	0.109121	0.0396065	0.0226726	0	6.761697	1.992179	0.4667205	0.5332795	98.21523
3890	8.34495	-19.5535	27.8984	0.781093	0.218907	6.016669	0.341327	0.331028	0.340031	0.138303	0.112593	0.0405266	0.0217338	0	2.571885	1.864754	0.2189075	0.7810925	73.24092
3900	8.31123	-20.3314	28.6426	0.231251	0.768749	5.682854	0.348788	0.34151	0.343632	0.13943	0.11243	0.0400887	0.0221187	0	1.827684	1.941573	0.7687492	0.2312508	87.41246
3910	2.12987	-19.0328	21.1627	0.649288	0.350712	4.33215	0.348275	0.34416	0.336702	0.136042	0.112318	0.0406246	0.0217223	0	9.307633	1.200676	0.3507118	0.6492882	15.87362
3920	7.2949	-20.9619	28.2568	0.479078	0.520922	4.145363	0.33675	0.341742	0.330316	0.134478	0.108828	0.0400498	0.0221414	0	2.213514	1.60217	0.5209217	0.4790783	40.01018
3930	6.8779	-19.6475	26.5254	0.0950466	0.904953	3.632668	0.334424	0.333902	0.341051	0.139018	0.109019	0.039816	0.0215895	0	3.944866	1.64946	0.9049534	0.0950466	44.61282
3940	6.63651	-22.1038	28.7403	0.961003	0.0389973	3.790893	0.336381	0.335514	0.345549	0.138181	0.109484	0.0405749	0.0216299	0	1.730017	1.559773	0.03899727	0.9610027	36.28879
3950	7.29368	-19.5227	26.8164	0.610515	0.389485	7.91083	0.340824	0.341801	0.335041	0.136117	0.108706	0.0395372	0.0218684	0	3.653907	1.66777	0.3894845	0.6105155	46.53396
3960	5.91257	-20.082	25.9946	0.512588	0.487412	2.314147	0.343783	0.343886	0.338095	0.138922	0.107359	0.0405235	0.0218716	0	4.475723	1.935615	0.4874124	0.5125876	86.22139
3970	7.29153	-19.4657	26.7572	0.551939	0.448061	10.42627	0.342912	0.337698	0.343367	0.14022	0.107189	0.0400916	0.0223288	0	3.713115	1.942981	0.4480607	0.5519393	87.69615
3980	8.31832	-20.7297	29.0481	0.117513	0.882487	7.726643	0.35046	0.340873	0.344133	0.141279	0.10772	0.0396759	0.0226463	0	1.422238	1.848983	0.8824874	0.1175126	70.62897
3990	8.16725	-20.7571	28.9243	0.292726	0.707274	5.566608	0.341609	0.340184	0.342327	0.137281	0.108267	0.0388476	0.0227146	0	1.545965	1.999613	0.7072742	0.2927258	99.91091
4000	8.41651	-19.6229	28.0394	0.394871	0.605129	6.786366	0.345674	0.340779	0.343241	0.140078	0.111339	0.0401766	0.0222688	0	2.430919	1.808359	0.6051288	0.3948712	64.32197
4010	5.64306	-18.267	23.9101	0.083728	0.916272	7.86785	0.34997	0.332986	0.34208	0.140748	0.109737	0.0393339	0.022193	0	6.560215	1.909806	0.916272	0.08372804	81.24666
4020	6.9215	-20.503	27.4245	0.120294	0.879706	3.225203	0.349607	0.33251	0.343564	0.141141	0.107702	0.040445	0.0222118	0	3.045771	1.640196	0.8797064	0.1202936	43.67129
4030	8.43552	-19.551	27.9865	0.0522978	0.947702	6.666438	0.34806	0.32997	0.342956	0.141491	0.11001	0.0397651	0.0217529	0	2.483779	1.835324	0.9477022	0.05229775	68.44228
4040	6.04752	-18.8363	24.8838	0.928512	0.0714876	3.879704	0.349562	0.341258	0.345201	0.137606	0.110662	0.0405976	0.0222168	0	5.586518	1.68665	0.07148759	0.9285124	48.60157
4050	7.29312	-20.3245	27.6176	0.942515	0.0574854	3.6617	0.342879	0.332078	0.333468	0.134531	0.10789	0.0400765	0.0223122	0	2.852707	1.734874	0.0574854	0.9425146	54.30926
4060	7.68759	-21.0416	28.7291	0.411003	0.588997	5.300372	0.343428	0.330827	0.336862	0.13831	0.107248	0.0391395	0.0224741	0	1.741144	1.667984	0.5889971	0.4110029	46.55693
4070	6.81447	-22.3652	29.1797	0.622763	0.377237	7.977433	0.344126	0.335372	0.329124	0.137357	0.109269	0.0388191	0.0218478	0	1.290594	1.649542	0.3772366	0.6227634	44.62123
4080	7.86355	-20.5286	28.3921	0.288961	0.711039	4.730599	0.349158	0.346302	0.335022	0.135972	0.108909	0.0392534	0.0218638	0	2.078159	1.810976	0.7110389	0.2889611	64.71075
4090	6.6495	-20.3973	27.0468	0.848189	0.151811	6.703233	0.346931	0.339073	0.330681	0.139413	0.108189	0.0387139	0.0226878	0	3.423462	1.438729	0.1518112	0.8481888	27.46183
4100	7.71129	-18.9215	26.6328	0.547267	0.452733	5.483704	0.348097	0.341397	0.329008	0.134792	0.111954	0.0398773	0.0226426	0	3.837477	1.849347	0.4527332	0.5472668	70.68824
4110	7.472	-19.8243	27.2963	0.501113	0.498887	3.966537	0.351172	0.339875	0.329623	0.138309	0.111068	0.039999	0.0223621	0	3.173955	1.895173	0.4988871	0.5011129	78.55492
4120	8.42513	-19.5659	27.9911	0.566	0.434	7.020952	0.349004	0.34105	0.338096	0.135465	0.112358	0.0403058	0.0223539	0	2.479234	1.81298	0.4340001	0.5659999	65.00992
4130	6.82817	-20.726	27.5541	0.76522	0.23478	4.028576	0.348587	0.342616	0.331799	0.134479	0.11064	0.0401304	0.0218869	0	2.916151	1.415263	0.2347799	0.7652201	26.01736
4140	7.9891	-20.006	27.9951	0.88871	0.11129	9.233146	0.346542	0.344879	0.33586	0.134805	0.110211	0.0393882	0.0223947	0	2.475192	1.841863	0.11129	0.88871	69.48048
4150	8.12229	-19.1811	27.3034	0.0535162	0.946484	8.330144	0.345003	0.33034	0.338266	0.138084	0.111552	0.040004	0.022243	0	3.166942	1.846719	0.9464838	0.05351624	70.26182
4160	7.12412	-22.0011	29.1252	0.70513	0.29487	11.27368	0.341454	0.340578	0.338217	0.136353	0.110598	0.0397974	0.0221028	0	1.345108	1.984346	0.2948703	0.7051297	96.45975
4170	8.28722	-20.8691	29.1564	0.242074	0.757926	6.693548	0.334605	0.344314	0.334353	0.134842	0.11097	0.0392061	0.0226862	0	1.313935	1.93847	0.7579263	0.2420737	86.79015
4180	4.82519	-23.2269	28.0521	0.460925	0.539075	1.835627	0.33781	0.341149	0.336133	0.138854	0.109363	0.0398994	0.0224577	0	2.41821	1.198182	0.5390746	0.4609254	15.78272
4190	6.61066	-20.4071	27.0177	0.710583	0.289417	10.81911	0.342298	0.337019	0.340109	0.139107	0.109754	0.0395177	0.0225391	0	3.452577	1.858883	0.2894171	0.7105829	72.25745
4200	5.27992	-21.8618	27.1417	0.20315	0.79685	12.70312	0.344032	0.334384	0.346108	0.135265	0.107255	0.0394972	0.0219818	0	3.328556	1.935288	0.7968503	0.2031497	86.15645
4210	7.85412	-21.3947	29.2488	0.925044	0.0749562	5.936789	0.345166	0.337598	0.335144	0.135737	0.110827	0.0389528	0.0222392	0	1.22147	1.920448	0.07495624	0.9250438	83.26215
4220	5.16292	-18.4988	23.6617	0.354458	0.645542	9.139623	0.337847	0.33901	0.341946	0.139445	0.111903	0.0393102	0.0217603	0	6.8086	1.941882	0.6455416	0.3544584	87.47461
4230	6.1676	-21.5852	27.7528	0.0927552	0.907245	2.965972	0.350463	0.342721	0.341396	0.13898	0.109444	0.038824	0.0216165	0	2.717486	1.33096	0.9072448	0.09275524	21.42695
4240	6.78442	-21.7959	28.5803	0.959248	0.0407524	4.464477	0.349588	0.342768	0.339915	0.139777	0.111293	0.0392876	0.022033	0	1.889952	1.456308	0.04075241	0.9592476	28.59618
4250	5.96294	-22.4301	28.3931	0.905268	0.0947325	2.253508	0.344545	0.345167	0.333412	0.139204	0.108242	0.03967	0.0216921	0	2.077222	1.793477	0.09473245	0.9052675	62.15508
4260	7.4866	-19.7617	27.2483	0.58595	0.41405	10.96806	0.339014	0.340374	0.336641	0.136044	0.110029	0.0403381	0.0220505	0	3.222021	1.99894	0.41405	0.58595	99.75614
4270	8.13463	-20.2774	28.412	0.917954	0.0820462	5.750761	0.336912	0.339553	0.333969	0.137185	0.112552	0.0403589	0.022276	0	2.0583	1.754626	0.08204617	0.9179538	56.83634
4280	7.33944	-21.2024	28.5418	0.272031	0.727969	3.820332	0.338773	0.342921	0.345639	0.135267	0.11262	0.0406429	0.0223699	0	1.92845	1.945587	0.7279691	0.2720309	88.22412
4290	6.42206	-19.6132	26.0352	0.892586	0.107414	9.183369	0.339507	0.341968	0.344696	0.13703	0.112691	0.0392488	0.022472	0	4.435068	1.722923	0.1074138	0.8925862	52.8351
4300	5.08434	-23.7816	28.8659	0.792627	0.207373	1.936806	0.347	0.336138	0.339007	0.135083	0.109539	0.0405455	0.0224466	0	1.604346	1.846048	0.2073728	0.7926272	70.15325
4310	4.65701	-18.1078	22.7648	0.746624	0.253376	7.535775	0.345808	0.333465	0.342224	0.13508	0.111193	0.0396968	0.0226014	0	7.705486	1.865112	0.2533762	0.7466238	73.30139
4320	6.45535	-18.4583	24.9137	0.0185553	0.981445	5.645021	0.33685	0.336863	0.345986	0.137241	0.112643	0.0396366	0.0226482	0	5.556625	1.7249	0.9814447	0.01855532	53.07617
4330	5.70732	-18.2324	23.9398	0.624516	0.375484	7.219348	0.340949	0.338594	0.34263	0.140362	0.111796	0.039246	0.0218521	0	6.530529	1.852503	0.3754843	0.6245157	71.20379
4340	4.70707	-20.7237	25.4307	0.137785	0.862215	9.622419	0.348873	0.330821	0.334516	0.137309	0.112561	0.0387796	0.021869	0	5.039551	1.602786	0.862215	0.137785	40.06692
4350	7.45174	-18.9511	26.4029	0.754972	0.245028	5.567184	0.335924	0.334193	0.341123	0.137191	0.112436	0.0388891	0.021601	0	4.067437	1.732544	0.2450282	0.7549718	54.01863
4360	7.68544	-19.7596	27.445	0.39707	0.60293	6.150405	0.338487	0.333212	0.344336	0.134658	0.111262	0.0386937	0.0221247	0	3.025264	1.593266	0.6029301	0.3970699	39.19815
4370	6.21292	-20.9298	27.1428	0.60123	0.39877	2.609973	0.34157	0.338368	0.332825	0.136253	0.110111	0.0391447	0.0221063	0	3.327533	1.446077	0.3987697	0.6012303	27.9304
4380	6.38566	-22.3651	28.7508	0.0878308	0.912169	5.3746	0.348146	0.331713	0.339799	0.137631	0.111835	0.0386617	0.021842	0	1.719535	1.347511	0.9121692	0.08783078	22.25926
4390	6.0083	-18.9526	24.9609	0.365782	0.634218	3.770909	0.339622	0.331386	0.331819	0.137561	0.111048	0.0387133	0.0216792	0	5.50936	1.62486	0.6342176	0.3657824	42.15605
4400	-1.51469	-20.6661	19.1514	0.421449	0.578551	1.882075	0.346105	0.33636	0.344051	0.139756	0.110301	0.0394077	0.0217157	0	11.31891	0.7606674	0.5785506	0.4214494	5.763249
4410	7.00195	-21.2375	28.2395	0.756858	0.243142	3.83012	0.338635	0.3427	0.342431	0.141338	0.110606	0.0388081	0.0221683	0	2.2308	1.547061	0.243142	0.756858	35.24203
4420	8.05177	-19.7966	27.8483	0.23254	0.76746	5.704949	0.340495	0.345086	0.329396	0.135614	0.107906	0.0399648	0.0218388	0	2.621969	1.705707	0.7674596	0.2325404	50.78168
4430	6.80244	-20.2666	27.069	0.311971	0.688029	4.955854	0.33813	0.34702	0.333665	0.13795	0.107961	0.0394842	0.0221418	0	3.401306	1.378499	0.6880286	0.3119714	23.90556
4440	6.41736	-20.5946	27.0119	0.984984	0.0150159	6.519932	0.342087	0.341482	0.335262	0.13859	0.109486	0.0391538	0.0226376	0	3.45837	1.394144	0.0150159	0.9849841	24.78242
4450	7.94122	-20.262	28.2032	0.690236	0.309764	7.344619	0.335282	0.347003	0.331766	0.139364	0.107374	0.039299	0.0226692	0	2.267064	1.671443	0.3097638	0.6902362	46.9292
4460	7.48925	-19.542	27.0312	0.741589	0.258411	7.94121	0.351253	0.343384	0.330887	0.139447	0.111381	0.0404641	0.0225768	0	3.439088	1.679781	0.2584106	0.7415894	47.83889
4470	7.96203	-19.0466	27.0086	0.0658803	0.93412	7.485758	0.348588	0.340124	0.330497	0.140732	0.109729	0.0397865	0.0225499	0	3.461716	1.779982	0.9341197	0.06588026	60.25348
4480	7.31545	-18.6323	25.9477	0.518436	0.481564	5.76274	0.344855	0.338682	0.33717	0.138718	0.111727	0.0386984	0.0220681	0	4.52256	1.86136	0.4815641	0.5184359	72.67079
4490	5.55388	-20.681	26.2349	0.0045817	0.995418	9.891449	0.346162	0.34052	0.336888	0.141355	0.107269	0.0397449	0.0219872	0	4.235423	1.671244	0.9954183	0.004581696	46.90767
4500	8.1613	-19.0634	27.2247	0.24061	0.75939	7.215765	0.347192	0.347274	0.334812	0.136471	0.109864	0.0404031	0.0226438	0	3.245559	1.812083	0.75939	0.24061	64.87586
4510	8.10731	-20.169	28.2763	0.5467	0.4533	6.973211	0.345938	0.339397	0.334892	0.137713	0.108692	0.0398455	0.021824	0	2.19403	1.700415	0.4532998	0.5467002	50.16665
4520	7.21086	-19.3532	26.5641	0.408884	0.591116	4.052741	0.346641	0.342932	0.338981	0.136679	0.110296	0.0399645	0.0218161	0	3.906206	1.994144	0.591116	0.408884	98.66077
4530	6.40593	-19.1686	25.5745	0.267496	0.732504	3.541682	0.350687	0.344166	0.333996	0.135562	0.111571	0.0388183	0.021821	0	4.895764	1.971023	0.7325041	0.2674959	93.54562
4540	4.27629	-23.4163	27.6925	0.0219568	0.978043	0.5448629	0.340389	0.333505	0.32923	0.138995	0.110391	0.0388025	0.0225336	0	2.777749	1.685515	0.9780432	0.02195676	48.47466
4550	4.08775	-23.6924	27.7801	0.969499	0.0305011	0.4806299	0.349227	0.331678	0.340781	0.141091	0.109551	0.0389266	0.0216644	0	2.690148	1.560562	0.03050114	0.9694989	36.35486
4560	4.80043	-21.9877	26.7881	0.0212406	0.978759	0.9531704	0.343315	0.332163	0.343776	0.140246	0.110934	0.0387538	0.0223407	0	3.682196	1.444728	0.9787594	0.0212406	27.84376
4570	5.3614	-20.0468	25.4082	0.686278	0.313722	1.960734	0.335548	0.332926	0.340683	0.141157	0.111054	0.0388522	0.0221068	0	5.062127	1.943323	0.3137223	0.6862777	87.7654
4580	7.93473	-20.3804	28.3151	0.553654	0.446346	4.755322	0.339518	0.337223	0.330952	0.140522	0.107748	0.0393546	0.0216204	0	2.155193	1.854299	0.4463456	0.5536544	71.49886
4590	7.66647	-19.146	26.8125	0.559639	0.440361	7.609492	0.34169	0.337459	0.331368	0.141343	0.109396	0.0387873	0.0224252	0	3.657794	1.729819	0.4403607	0.5596393	53.6808
4600	8.36679	-20.4089	28.7757	0.759192	0.240808	6.126587	0.334615	0.331233	0.336405	0.139853	0.108651	0.0403522	0.0219112	0	1.694554	1.912734	0.2408075	0.7591925	81.79645
4610	7.87821	-19.2056	27.0838	0.0158522	0.984148	6.630273	0.335261	0.332559	0.330701	0.137284	0.109223	0.0396936	0.0215898	0	3.386446	1.711654	0.9841478	0.01585217	51.4818
4620	6.57306	-20.3379	26.911	0.670857	0.329143	2.73354	0.342425	0.333979	0.333018	0.139231	0.112179	0.0401928	0.0219913	0	3.559336	1.93807	0.3291428	0.6708572	86.71015
4630	6.39714	-18.3464	24.7435	0.483802	0.516198	7.472283	0.337543	0.343322	0.334074	0.135697	0.111261	0.0403072	0.0218577	0	5.726791	1.877744	0.516198	0.483802	75.46474
4640	7.05877	-21.1072	28.1659	0.0909749	0.909025	4.455511	0.349807	0.342196	0.333986	0.13843	0.111804	0.0390095	0.0217341	0	2.304374	1.44777	0.9090251	0.09097493	28.03949
4650	8.25096	-20.2954	28.5463	0.00562368	0.994376	5.393155	0.34242	0.332171	0.343329	0.136767	0.111035	0.0403343	0.0217513	0	1.923947	1.975819	0.9943763	0.005623684	94.58428
4660	7.57366	-21.5071	29.0808	0.255733	0.744267	6.029217	0.350567	0.339527	0.345939	0.134506	0.111627	0.0397448	0.0219258	0	1.389504	1.683628	0.7442671	0.2557329	48.2645
4670	7.86802	-19.267	27.135	0.0446615	0.955338	5.043937	0.344346	0.336871	0.340118	0.137981	0.107425	0.0397735	0.02178	0	3.335315	1.902198	0.9553385	0.04466153	79.83592
4680	6.13373	-18.4042	24.5379	0.723624	0.276376	6.157863	0.338948	0.331594	0.338597	0.141042	0.108998	0.0404079	0.0219307	0	5.932397	1.696839	0.2763757	0.7236243	49.75522
4690	6.23137	-19.0891	25.3205	0.23453	0.76547	3.513458	0.339721	0.344744	0.343672	0.141165	0.109451	0.0394304	0.0223026	0	5.149805	1.958835	0.7654696	0.2345304	90.95686
4700	8.29502	-19.7983	28.0933	0.271654	0.728346	10.06445	0.342302	0.345812	0.341508	0.139019	0.109303	0.0396182	0.0217644	0	2.376972	1.989043	0.7283459	0.2716541	97.5087
4710	3.47213	-18.2484	21.7206	0.42888	0.57112	3.658354	0.347936	0.345294	0.331277	0.136552	0.107583	0.0394106	0.0217569	0	8.749739	1.715413	0.5711199	0.4288801	51.92934
4720	7.74417	-21.7341	29.4782	0.648796	0.351204	8.222417	0.350975	0.34341	0.330167	0.137585	0.112252	0.0400509	0.0220432	0	0.9920684	1.903138	0.3512038	0.6487962	80.0089
4730	6.83869	-20.8444	27.6831	0.901091	0.0989094	6.645437	0.341864	0.346046	0.335739	0.140785	0.112213	0.0399137	0.0221817	0	2.787195	1.444459	0.0989094	0.9010906	27.82654
4740	8.46959	-19.7234	28.193	0.387281	0.612719	8.219827	0.335617	0.340354	0.337869	0.139897	0.112338	0.0403921	0.0217541	0	2.277274	1.859675	0.6127186	0.3872814	72.38935
4750	8.46042	-19.6277	28.0882	0.288664	0.711336	5.944321	0.336743	0.343087	0.331556	0.139842	0.111413	0.039434	0.0216159	0	2.382134	1.993221	0.7113362	0.2886638	98.45114
4760	8.22454	-19.8894	28.114	0.188244	0.811756	8.065703	0.34236	0.330379	0.336524	0.140342	0.112184	0.0390869	0.0216945	0	2.356316	1.784614	0.8117562	0.1882438	60.8995
4770	6.43629	-23.0395	29.4758	0.329743	0.670257	5.18007	0.337415	0.333392	0.341448	0.140919	0.108609	0.0389541	0.0221648	0	0.9945024	1.668036	0.6702569	0.3297431	46.56252
4780	8.51764	-19.8605	28.3781	0.0693154	0.930685	7.478165	0.342101	0.346727	0.339831	0.139636	0.107365	0.0394382	0.0223052	0	2.092177	1.827056	0.9306846	0.06931543	67.15149
4790	4.28696	-19.824	24.1109	0.513278	0.486722	4.288517	0.341846	0.344923	0.341337	0.140632	0.109197	0.0391988	0.0220879	0	6.359368	1.17265	0.4867225	0.5132775	14.88163
4800	8.23085	-19.3928	27.6237	0.470127	0.529873	7.022914	0.342384	0.344602	0.340859	0.141363	0.107447	0.0395606	0.0218955	0	2.846596	1.77278	0.5298731	0.4701269	59.26246
4810	8.71478	-19.5899	28.3047	0.638062	0.361938	8.510127	0.344198	0.338208	0.329282	0.138345	0.110357	0.0393216	0.0220942	0	2.165641	1.979758	0.3619383	0.6380617	95.44602
4820	7.69872	-21.4248	29.1235	0.380824	0.619176	5.414451	0.33684	0.331377	0.333311	0.137146	0.109381	0.0394094	0.022288	0	1.346817	1.843687	0.6191756	0.3808244	69.77291
4830	7.73449	-18.7456	26.4801	0.659125	0.340875	7.078568	0.337136	0.333486	0.3346	0.139234	0.109055	0.0388845	0.0219745	0	3.990187	1.853805	0.3408746	0.6591254	71.4175
4840	7.76623	-21.4412	29.2074	0.0207019	0.979298	5.442261	0.33661	0.332971	0.333512	0.141412	0.112117	0.0399052	0.0218565	0	1.262909	1.982721	0.9792981	0.02070195	96.0994
4850	6.22521	-20.3126	26.5378	0.87798	0.12202	10.90365	0.334374	0.334377	0.338183	0.138476	0.111393	0.0406394	0.0215918	0	3.932463	1.855418	0.1220199	0.8779801	71.68328
4860	6.31369	-18.833	25.1467	0.796291	0.203709	4.048326	0.339526	0.339701	0.343568	0.137838	0.111416	0.0403581	0.0220522	0	5.323642	1.743564	0.2037095	0.7962905	55.40695
4870	6.7772	-22.6192	29.3964	0.920167	0.0798333	8.016406	0.344918	0.335626	0.341051	0.137675	0.108508	0.0405924	0.0221581	0	1.073897	1.705322	0.07983333	0.9201667	50.73665
4880	8.70174	-19.4026	28.1044	0.370148	0.629852	7.691584	0.344623	0.344019	0.338744	0.136602	0.109178	0.0403917	0.0220384	0	2.365916	1.974626	0.629852	0.370148	94.32492
4890	8.32743	-20.819	29.1465	0.876133	0.123867	7.709448	0.347097	0.335168	0.341835	0.140308	0.109611	0.039114	0.0221622	0	1.323822	1.903971	0.1238675	0.8761325	80.16249
4900	6.41741	-22.7316	29.149	0.4442	0.5558	3.506327	0.345385	0.330396	0.33777	0.138752	0.109682	0.0403706	0.022616	0	1.321281	1.958904	0.5557998	0.4442002	90.97112
4910	7.81368	-18.7984	26.6121	0.687964	0.312036	8.317049	0.345538	0.334689	0.332942	0.139975	0.10888	0.0391935	0.0221888	0	3.858192	1.93219	0.3120359	0.6879641	85.54415
4920	6.31192	-22.5221	28.834	0.0591716	0.940828	2.95033	0.344897	0.333169	0.34499	0.141445	0.109734	0.0390279	0.0218311	0	1.636301	1.923917	0.9408284	0.05917157	83.92987
4930	7.96492	-20.902	28.8669	0.316671	0.683329	6.794845	0.349167	0.332699	0.341815	0.139094	0.107585	0.0394558	0.021634	0	1.603357	1.717859	0.6833287	0.3166713	52.2227
4940	7.38222	-19.6661	27.0483	0.0689563	0.931044	5.958283	0.340699	0.338821	0.336867	0.140816	0.108842	0.0396056	0.022143	0	3.421977	1.530765	0.9310437	0.06895626	33.94413
4950	7.01388	-20.476	27.4899	0.0522519	0.947748	4.883538	0.340172	0.345306	0.343711	0.140171	0.107714	0.0402516	0.0227049	0	2.980396	1.388557	0.9477481	0.05225195	24.46565
4960	6.92635	-20.4192	27.3456	0.574106	0.425894	3.170124	0.338677	0.343035	0.345031	0.137434	0.108027	0.0406547	0.0222447	0	3.124706	1.701483	0.4258942	0.5741058	50.29014
4970	8.58947	-19.4908	28.0802	0.0465215	0.953479	6.573272	0.344075	0.330032	0.339847	0.135958	0.109642	0.0396102	0.0217622	0	2.390044	1.988718	0.9534785	0.04652148	97.4356
4980	6.82697	-20.228	27.055	0.301433	0.698567	4.920458	0.349673	0.338645	0.337825	0.136883	0.108165	0.0388451	0.021836	0	3.415309	1.389886	0.6985675	0.3014325	24.54066
4990	7.34961	-18.6516	26.0012	0.761523	0.238477	6.540816	0.34349	0.343968	0.334661	0.136062	0.10929	0.0388844	0.0223866	0	4.469096	1.786886	0.2384772	0.7615228	61.21894
5000	6.66505	-21.9205	28.5856	0.208935	0.791065	11.7735	0.342298	0.333695	0.336414	0.137082	0.108068	0.039028	0.0226892	0	1.884707	1.943807	0.7910645	0.2089355	87.86322
