Iteration	Posterior	Likelihood	Prior	clado_type_probs[1]	clado_type_probs[2]	distance_scale	epoch_times[1]	epoch_times[2]	epoch_times[3]	epoch_times[4]	epoch_times[5]	epoch_times[6]	epoch_times[7]	epoch_times[8]	extirpation_rate	log10_rate_bg	p_allopatry	p_sympatry	rate_bg
0	-47.8134	-75.0435	27.2302	0.479452	0.520548	0.01	0.559195	0.507073	0.499602	0.222233	0.20062	0.0341915	0.0115206	0	1.638527	-2	0.5205485	0.4794515	0.01
10	1.93332	-21.6006	23.5339	0.626061	0.373939	0.1135238	0.550649	0.516083	0.49826	0.219035	0.203209	0.034848	0.0117019	0	5.334808	1.938809	0.3739388	0.6260612	86.85774
20	2.20879	-23.6219	25.8307	0.986704	0.0132957	0.2477246	0.550583	0.514255	0.504412	0.224188	0.193309	0.0346459	0.0116079	0	3.038025	1.428179	0.01329575	0.9867043	26.80271
30	2.89407	-21.6191	24.5132	0.402351	0.597649	0.8863633	0.553249	0.514767	0.516751	0.218938	0.196691	0.0346462	0.0116191	0	4.355502	1.298078	0.5976494	0.4023506	19.86452
40	3.28582	-22.3286	25.6145	0.446024	0.553976	0.8781641	0.560023	0.509501	0.508038	0.225147	0.203091	0.0348339	0.0116145	0	3.254236	1.832671	0.5539755	0.4460245	68.02543
50	6.36638	-19.157	25.5234	0.238655	0.761345	10.15802	0.57195	0.509705	0.501126	0.220396	0.200428	0.035154	0.0117453	0	3.345275	1.532276	0.7613453	0.2386547	34.06245
60	6.05066	-21.3776	27.4282	0.52956	0.47044	6.185537	0.565657	0.505785	0.51515	0.21572	0.198085	0.0346712	0.011796	0	1.440477	1.343298	0.4704402	0.5295598	22.04437
70	7.52703	-19.8938	27.4208	0.504902	0.495098	10.49308	0.57158	0.524995	0.51163	0.222554	0.202318	0.0348015	0.0116588	0	1.447873	1.871909	0.4950979	0.5049021	74.45757
80	5.3581	-18.8612	24.2193	0.727171	0.272829	4.635642	0.568647	0.51542	0.512153	0.221737	0.201278	0.0353371	0.0114491	0	4.649369	1.363391	0.2728291	0.7271709	23.08827
90	6.01074	-20.1474	26.1581	0.311516	0.688484	13.00136	0.570654	0.522175	0.504439	0.215886	0.202212	0.0348157	0.0115824	0	2.710596	1.88004	0.6884836	0.3115164	75.86475
100	5.1696	-21.5249	26.6945	0.78277	0.21723	3.47144	0.574092	0.517983	0.511893	0.215129	0.200585	0.0341667	0.0116728	0	2.17416	1.314327	0.2172303	0.7827697	20.62181
110	5.5499	-18.0649	23.6148	0.789539	0.210461	6.480791	0.551078	0.528491	0.516157	0.21514	0.200103	0.0350673	0.0116501	0	5.253856	1.691889	0.2104605	0.7895395	49.19136
120	6.47272	-19.8588	26.3315	0.660441	0.339559	12.70208	0.548238	0.505904	0.508323	0.221332	0.202601	0.0354908	0.0115751	0	2.537201	1.745945	0.3395595	0.6604405	55.71155
130	6.97417	-19.3857	26.3599	0.173358	0.826642	8.008818	0.559655	0.510575	0.510173	0.222907	0.201404	0.0356367	0.0116674	0	2.508835	1.999762	0.8266416	0.1733584	99.94525
140	7.31368	-20.5486	27.8623	0.597198	0.402802	12.07205	0.57207	0.507315	0.500553	0.223398	0.197142	0.0350969	0.01172	0	1.006412	1.912114	0.4028019	0.5971981	81.67959
150	7.17218	-19.0562	26.2284	0.921601	0.0783985	7.26363	0.567153	0.513492	0.511125	0.224307	0.20276	0.0345654	0.0116089	0	2.640263	1.849049	0.07839852	0.9216015	70.6397
160	6.23303	-18.9109	25.144	0.340042	0.659958	8.30325	0.562566	0.503422	0.499317	0.223549	0.202453	0.0348622	0.0114766	0	3.72474	1.788909	0.6599577	0.3400423	61.50486
170	6.09696	-19.8366	25.9335	0.354267	0.645733	12.63805	0.549127	0.504018	0.50328	0.221854	0.200315	0.0355088	0.0112924	0	2.935158	1.709126	0.6457331	0.3542669	51.18309
180	6.66928	-18.5584	25.2276	0.981656	0.0183443	9.428725	0.555342	0.506196	0.519565	0.221585	0.200683	0.0339566	0.0117015	0	3.641052	1.619194	0.0183443	0.9816557	41.6096
190	7.3511	-18.9452	26.2963	0.557464	0.442536	7.826012	0.570343	0.508218	0.520277	0.223847	0.199367	0.0347353	0.0118048	0	2.572414	1.691812	0.442536	0.557464	49.18266
200	7.27647	-20.4227	27.6992	0.99286	0.00714023	7.193501	0.569043	0.522927	0.516872	0.21907	0.19874	0.0350865	0.0116112	0	1.169478	1.846039	0.007140228	0.9928598	70.1518
210	5.96458	-19.9027	25.8673	0.00926025	0.99074	8.837549	0.564493	0.50651	0.518688	0.214672	0.198129	0.0352817	0.0114159	0	3.001382	1.366777	0.9907397	0.009260255	23.26897
220	5.42145	-18.1279	23.5493	0.0920889	0.907911	6.678934	0.570115	0.513591	0.521123	0.216044	0.200507	0.0354848	0.0112313	0	5.319381	1.712408	0.9079111	0.09208894	51.57132
230	6.64911	-19.2183	25.8675	0.742628	0.257372	11.27272	0.566946	0.51729	0.518494	0.222064	0.202785	0.0355345	0.0113019	0	3.001242	1.78261	0.2573724	0.7426276	60.61922
240	6.6361	-18.6732	25.3093	0.301541	0.698459	7.103026	0.563472	0.505809	0.523683	0.225562	0.198052	0.0343591	0.01124	0	3.559362	1.777091	0.6984594	0.3015406	59.85376
250	5.84061	-21.7144	27.555	0.984837	0.0151635	5.385572	0.56364	0.503292	0.520139	0.221033	0.196248	0.0350548	0.0113529	0	1.313669	1.390275	0.01516346	0.9848365	24.56262
260	5.79467	-18.1076	23.9023	0.42468	0.57532	5.848185	0.563961	0.521669	0.517316	0.215319	0.194459	0.0342957	0.0113219	0	4.966399	1.860222	0.5753197	0.4246803	72.4807
270	7.3533	-19.5586	26.9119	0.321641	0.678359	6.951262	0.552091	0.507621	0.51748	0.215072	0.196744	0.0343383	0.0113685	0	1.956804	1.881463	0.6783587	0.3216413	76.11371
280	4.5944	-20.0807	24.6751	0.575535	0.424465	13.88006	0.559446	0.503899	0.498861	0.216068	0.199266	0.0342721	0.0112236	0	4.19356	1.753715	0.4244649	0.5755351	56.71718
290	7.72228	-19.6672	27.3895	0.166945	0.833055	9.199405	0.566379	0.522489	0.508527	0.214717	0.193497	0.0348605	0.0115048	0	1.4792	1.810935	0.8330554	0.1669446	64.70462
300	7.37324	-19.349	26.7222	0.619479	0.380521	6.311302	0.574423	0.510196	0.51257	0.217237	0.196736	0.0356536	0.0116141	0	2.146499	1.839491	0.3805205	0.6194795	69.10203
310	7.48309	-19.7995	27.2825	0.779275	0.220725	8.221513	0.558992	0.516406	0.498782	0.220653	0.19755	0.0345134	0.0117894	0	1.58615	1.864004	0.2207251	0.7792749	73.11466
320	6.15977	-21.7281	27.8879	0.959383	0.0406175	11.55129	0.548565	0.526601	0.51322	0.219763	0.194266	0.035705	0.0114726	0	0.9808354	1.679967	0.04061749	0.9593825	47.85937
330	5.94333	-19.2868	25.2301	0.297222	0.702778	5.616903	0.551555	0.519505	0.50516	0.221932	0.199984	0.035326	0.011742	0	3.638563	1.299972	0.7027778	0.2972222	19.95133
340	6.79499	-18.7209	25.5159	0.938987	0.0610132	10.50491	0.556484	0.529001	0.512942	0.221992	0.193336	0.0348294	0.0115487	0	3.35281	1.715217	0.06101321	0.9389868	51.90596
350	7.0554	-19.9618	27.0172	0.227734	0.772266	8.554149	0.552266	0.514003	0.516316	0.220525	0.196547	0.0355123	0.0116429	0	1.851527	1.980817	0.7722658	0.2277342	95.67919
360	6.81348	-21.179	27.9925	0.462834	0.537166	11.04438	0.55475	0.515741	0.519628	0.223664	0.197926	0.0351257	0.0113203	0	0.8762286	1.764985	0.537166	0.462834	58.20825
370	6.86478	-19.7497	26.6145	0.805079	0.194921	10.32536	0.548069	0.516235	0.506738	0.221925	0.194619	0.0341841	0.0114983	0	2.254172	1.572767	0.1949208	0.8050792	37.39103
380	5.92951	-20.0452	25.9747	0.759611	0.240389	5.294201	0.548711	0.517489	0.500106	0.214942	0.19412	0.034151	0.011363	0	2.893955	1.270078	0.2403888	0.7596112	18.62423
390	6.94976	-19.4949	26.4447	0.593432	0.406568	8.839074	0.553414	0.525361	0.499887	0.218853	0.197239	0.034739	0.011546	0	2.424021	1.874775	0.4065675	0.5934325	74.9505
400	6.27529	-18.4981	24.7734	0.332042	0.667958	7.856667	0.56258	0.515968	0.505567	0.223479	0.200763	0.0340552	0.0116332	0	4.095302	1.648432	0.6679581	0.3320419	44.50741
410	6.32607	-20.3086	26.6347	0.141593	0.858407	4.275535	0.548338	0.511319	0.51202	0.222673	0.199263	0.0345194	0.0117808	0	2.233983	1.595055	0.8584069	0.1415931	39.36
420	4.59931	-23.3101	27.9094	0.2011	0.7989	10.57936	0.552399	0.515857	0.505584	0.22043	0.195095	0.0343204	0.0115859	0	0.9592705	1.466865	0.7988998	0.2011002	29.29981
430	7.41334	-19.3757	26.789	0.872745	0.127255	6.960159	0.5528	0.519406	0.499719	0.21894	0.194427	0.0351117	0.0112705	0	2.079678	1.907287	0.1272545	0.8727455	80.77693
440	5.23957	-18.1295	23.3691	0.147471	0.852529	7.009481	0.547837	0.506767	0.497956	0.218671	0.195841	0.0354395	0.0112596	0	5.4996	1.825627	0.8525286	0.1474714	66.93093
450	7.02191	-20.4407	27.4626	0.852159	0.147841	13.10682	0.572838	0.50434	0.509311	0.217718	0.197237	0.0346916	0.0116536	0	1.40608	1.939188	0.1478414	0.8521586	86.93376
460	6.25209	-20.57	26.8221	0.143567	0.856433	14.13821	0.560782	0.514783	0.502057	0.215198	0.197807	0.0347878	0.0117599	0	2.046574	1.895252	0.8564332	0.1435668	78.56914
470	5.77938	-19.6245	25.4039	0.170961	0.829039	12.42458	0.554468	0.505551	0.506979	0.21795	0.19618	0.0349966	0.0118003	0	3.464789	1.841198	0.8290386	0.1709614	69.37419
480	6.80924	-20.3014	27.1107	0.566008	0.433992	5.906798	0.568142	0.514932	0.513139	0.225216	0.196538	0.0346299	0.0118119	0	1.758011	1.477322	0.4339924	0.5660076	30.01387
490	6.35269	-18.8619	25.2146	0.0504998	0.9495	4.719151	0.552291	0.513454	0.51683	0.221798	0.194072	0.0350188	0.0115221	0	3.65411	1.748685	0.9495002	0.05049979	56.06414
500	4.77628	-18.2411	23.0174	0.1867	0.8133	7.513146	0.562121	0.526156	0.521436	0.217131	0.195829	0.035078	0.0113067	0	5.851301	1.908638	0.8133001	0.1866999	81.02847
510	5.01331	-21.8709	26.8843	0.654902	0.345098	2.706914	0.573244	0.519443	0.511257	0.21609	0.195729	0.034927	0.0116046	0	1.984441	1.829242	0.3450979	0.6549021	67.49036
520	6.06657	-20.7935	26.86	0.201175	0.798825	11.96125	0.568996	0.520669	0.510843	0.21714	0.201279	0.0356316	0.011267	0	2.008645	1.972863	0.7988255	0.2011745	93.94263
530	7.30998	-20.3137	27.6237	0.94999	0.0500103	7.165247	0.547099	0.506056	0.524051	0.219154	0.201611	0.0353737	0.011392	0	1.245004	1.663678	0.05001031	0.9499897	46.09754
540	7.28193	-20.7076	27.9895	0.659211	0.340789	8.37661	0.548967	0.513474	0.519534	0.220437	0.195933	0.0348987	0.0113746	0	0.8792126	1.817359	0.340789	0.659211	65.66872
550	6.92009	-18.6491	25.5692	0.550975	0.449025	6.334699	0.553217	0.515206	0.510985	0.215732	0.194725	0.0349401	0.0117301	0	3.2995	1.729181	0.4490246	0.5509754	53.60202
560	5.41785	-19.9306	25.3485	0.128478	0.871522	5.835366	0.560802	0.516	0.517255	0.219227	0.194995	0.0355007	0.0115349	0	3.52023	1.186553	0.8715218	0.1284782	15.36572
570	7.2287	-19.667	26.8957	0.682391	0.317609	5.719265	0.559277	0.518846	0.50875	0.219184	0.19683	0.0350911	0.011225	0	1.972997	1.911633	0.317609	0.682391	81.58918
580	5.8738	-21.2387	27.1125	0.553745	0.446255	12.46678	0.574841	0.510752	0.508486	0.214633	0.197878	0.0355154	0.0117032	0	1.756196	1.644436	0.4462547	0.5537453	44.0997
590	7.55741	-19.5354	27.0928	0.348464	0.651536	9.133273	0.557367	0.519961	0.500525	0.221374	0.203173	0.035532	0.0113837	0	1.775858	1.621453	0.6515355	0.3484645	41.82666
600	6.82667	-19.7258	26.5525	0.652021	0.347979	6.01139	0.57254	0.521004	0.502439	0.223606	0.20069	0.0344629	0.0115673	0	2.31619	1.441318	0.3479786	0.6520214	27.62599
610	7.38214	-19.8641	27.2462	0.571031	0.428969	10.16178	0.570448	0.509505	0.510329	0.216285	0.203238	0.0342206	0.0115509	0	1.622468	1.660034	0.4289691	0.5710309	45.71237
620	6.53094	-20.4589	26.9899	0.757169	0.242831	5.979921	0.572696	0.509022	0.520771	0.214666	0.197098	0.0351936	0.0115971	0	1.878835	1.371419	0.2428308	0.7571692	23.51899
630	5.82637	-19.252	25.0784	0.950942	0.0490578	10.54627	0.573289	0.527043	0.521725	0.219325	0.201371	0.0345234	0.0116022	0	3.790338	1.794999	0.04905776	0.9509422	62.37331
640	6.45576	-19.7096	26.1654	0.351719	0.648281	4.230043	0.564204	0.526963	0.519986	0.218437	0.203137	0.0341753	0.0115738	0	2.703312	1.81029	0.6482806	0.3517194	64.60848
650	6.61277	-20.513	27.1258	0.0996978	0.900302	13.48566	0.562904	0.50956	0.51349	0.21503	0.200829	0.0344354	0.0115122	0	1.742924	1.905212	0.9003022	0.09969779	80.3919
660	7.41517	-19.459	26.8742	0.210702	0.789298	7.272718	0.552111	0.52578	0.504103	0.220228	0.196234	0.0340658	0.011668	0	1.994535	1.738848	0.7892982	0.2107018	54.80847
670	7.75388	-19.017	26.7709	0.958159	0.0418408	8.928495	0.556111	0.52081	0.521869	0.223536	0.194154	0.0352314	0.011571	0	2.097804	1.706061	0.04184082	0.9581592	50.82307
680	5.2205	-19.1673	24.3878	0.202598	0.797402	3.465384	0.552324	0.513121	0.511989	0.223866	0.195655	0.0355312	0.0116418	0	4.480923	1.880779	0.7974017	0.2025983	75.99397
690	7.22064	-19.0146	26.2352	0.760174	0.239826	5.927653	0.569356	0.507501	0.50358	0.225398	0.194208	0.0351204	0.0116634	0	2.63349	1.88442	0.2398264	0.7601736	76.6337
700	2.885	-19.709	22.594	0.826234	0.173766	1.650402	0.550006	0.514433	0.510935	0.22442	0.197941	0.0352686	0.0118027	0	6.274651	1.739825	0.1737655	0.8262345	54.93194
710	6.76051	-19.853	26.6135	0.771419	0.228581	8.805284	0.547778	0.510137	0.523362	0.222027	0.200719	0.0342787	0.0114189	0	2.255204	1.962796	0.2285807	0.7714193	91.79012
720	7.29408	-19.8011	27.0952	0.399693	0.600307	7.357845	0.549165	0.510272	0.509811	0.219548	0.20202	0.0346636	0.0116166	0	1.773542	1.533913	0.6003069	0.3996931	34.19108
730	4.77164	-21.8544	26.6261	0.827108	0.172892	16.77745	0.561018	0.503563	0.507086	0.221457	0.196242	0.035357	0.0114728	0	2.242629	1.991667	0.1728922	0.8271078	98.09965
740	7.56995	-19.5604	27.1303	0.446858	0.553142	9.816177	0.568707	0.503276	0.507758	0.225735	0.195491	0.0355961	0.0116607	0	1.738362	1.64989	0.5531416	0.4468584	44.65702
750	7.26649	-20.708	27.9745	0.549577	0.450423	9.345727	0.57315	0.527664	0.514853	0.216572	0.197088	0.035322	0.0114225	0	0.8941652	1.740616	0.4504225	0.5495775	55.03213
760	6.87751	-21.2003	28.0778	0.243007	0.756993	11.25325	0.567607	0.527356	0.508715	0.215972	0.194601	0.035601	0.011427	0	0.7908836	1.829475	0.7569934	0.2430066	67.52657
770	6.17232	-19.7632	25.9355	0.0812447	0.918755	12.87116	0.572729	0.524608	0.520944	0.216649	0.197008	0.0356185	0.0115694	0	2.933185	1.851687	0.9187553	0.08124472	71.07016
780	6.69102	-21.1306	27.8216	0.738315	0.261685	11.41308	0.569208	0.516187	0.501975	0.220973	0.195613	0.0342219	0.0113875	0	1.047075	1.730011	0.2616854	0.7383146	53.7045
790	6.49267	-19.0123	25.5049	0.624582	0.375418	4.98278	0.565992	0.52042	0.502523	0.224793	0.197004	0.0356321	0.0113637	0	3.363757	1.557739	0.3754178	0.6245822	36.11931
800	7.55526	-19.9772	27.5325	0.820003	0.179997	11.19286	0.565487	0.528135	0.507947	0.225382	0.196606	0.0351986	0.0113049	0	1.336198	1.799917	0.1799973	0.8200027	63.08372
810	7.51609	-19.1996	26.7156	0.454249	0.545751	10.56922	0.549712	0.523437	0.500457	0.219325	0.19746	0.0355899	0.0112824	0	2.153052	1.764266	0.5457509	0.4542491	58.11196
820	7.23368	-19.1362	26.3699	0.812597	0.187403	6.76036	0.562891	0.528022	0.501168	0.215074	0.196454	0.0346704	0.0112467	0	2.498833	1.548688	0.1874027	0.8125973	35.37431
830	7.27141	-19.9171	27.1885	0.239331	0.760669	8.412522	0.548747	0.522871	0.50814	0.218446	0.196436	0.0348077	0.0112253	0	1.680188	1.546936	0.7606693	0.2393307	35.2319
840	4.87441	-18.8349	23.7093	0.000312364	0.999688	3.535151	0.549716	0.523961	0.505195	0.217684	0.197333	0.0352814	0.0113852	0	5.159412	1.735601	0.9996876	0.0003123637	54.40028
850	7.57601	-18.9734	26.5494	0.639141	0.360859	8.486477	0.556247	0.517639	0.505813	0.21594	0.195841	0.0355243	0.0115066	0	2.31926	1.597005	0.3608594	0.6391406	39.53716
860	7.25125	-19.2233	26.4745	0.215207	0.784793	6.449917	0.568054	0.519736	0.503442	0.217302	0.199715	0.0354152	0.0115176	0	2.39418	1.704484	0.7847934	0.2152066	50.63885
870	5.09757	-18.5598	23.6573	0.311969	0.688031	9.608306	0.55151	0.522725	0.50703	0.223409	0.195525	0.0350082	0.0114844	0	5.211347	1.715361	0.6880307	0.3119693	51.9232
880	4.9465	-21.7852	26.7317	0.327937	0.672063	5.974851	0.549363	0.507476	0.501522	0.215953	0.197008	0.0344747	0.0116098	0	2.13701	1.124905	0.6720626	0.3279374	13.33231
890	5.70474	-21.0317	26.7365	0.165472	0.834528	5.804077	0.550074	0.517891	0.507769	0.220571	0.196374	0.0344298	0.0115832	0	2.13221	1.223886	0.8345278	0.1654722	16.74502
900	6.52029	-18.8929	25.4132	0.648207	0.351793	10.59924	0.563954	0.507408	0.501297	0.223839	0.20325	0.0340574	0.011541	0	3.455478	1.646985	0.3517927	0.6482073	44.35929
910	6.28299	-22.0301	28.3131	0.723093	0.276907	8.421213	0.559888	0.523653	0.510345	0.223332	0.203299	0.0342999	0.0114535	0	0.555594	1.985167	0.2769066	0.7230934	96.64216
920	6.21414	-22.1959	28.41	0.346608	0.653392	10.87705	0.567308	0.522084	0.51652	0.225889	0.202395	0.0340809	0.0116886	0	0.4586978	1.994678	0.6533917	0.3466083	98.78212
930	6.89521	-18.4635	25.3587	0.887234	0.112766	8.268472	0.57259	0.518377	0.519608	0.222313	0.199177	0.0354111	0.0114633	0	3.509966	1.617061	0.1127661	0.8872339	41.40575
940	6.51001	-19.4744	25.9845	0.577481	0.422519	4.700058	0.566864	0.529218	0.521808	0.22442	0.202241	0.0350099	0.0114464	0	2.884244	1.550839	0.4225193	0.5774807	35.54997
950	7.27424	-19.771	27.0452	0.620436	0.379564	6.873966	0.572972	0.525778	0.514993	0.221489	0.201005	0.0350731	0.0114859	0	1.823464	1.538841	0.3795639	0.6204361	34.58128
960	6.37799	-18.3979	24.7759	0.772911	0.227089	6.862586	0.570273	0.525945	0.514929	0.22136	0.197454	0.0344364	0.0116159	0	4.09283	1.529986	0.2270887	0.7729113	33.88336
970	7.44304	-20.0655	27.5086	0.377492	0.622508	7.741124	0.570315	0.521104	0.521262	0.215017	0.195209	0.034099	0.0116624	0	1.36014	1.64959	0.6225083	0.3774917	44.6262
980	7.40979	-18.9702	26.38	0.998792	0.00120769	10.12561	0.571449	0.520289	0.512656	0.22396	0.202855	0.0354461	0.0115909	0	2.488684	1.696373	0.001207686	0.9987923	49.70193
990	3.72659	-24.0074	27.734	0.00324447	0.996756	16.80178	0.574777	0.508445	0.499953	0.225375	0.20253	0.0355185	0.0117193	0	1.134704	1.914932	0.9967555	0.00324447	82.21132
1000	7.72633	-19.7967	27.5231	0.464843	0.535157	9.168853	0.561302	0.506115	0.508622	0.219056	0.200957	0.0355487	0.0117876	0	1.34562	1.819222	0.5351574	0.4648426	65.95106
1010	6.56279	-20.8056	27.3684	0.319546	0.680454	10.81815	0.552756	0.504625	0.513912	0.217211	0.20095	0.0341553	0.0113962	0	1.500314	1.606685	0.6804541	0.3195459	40.42824
1020	6.63788	-21.386	28.0239	0.170435	0.829565	10.78368	0.572995	0.527466	0.512671	0.218735	0.202542	0.0340333	0.0116095	0	0.8447641	1.748525	0.8295654	0.1704346	56.0435
1030	6.49611	-18.5266	25.0227	0.601295	0.398705	6.884352	0.574163	0.526706	0.500006	0.216646	0.202218	0.0341082	0.0114209	0	3.845989	1.739958	0.3987054	0.6012946	54.94872
1040	7.03738	-20.0455	27.0829	0.0796757	0.920324	5.58278	0.572539	0.518927	0.501352	0.216073	0.202205	0.0349255	0.0116865	0	1.785823	1.830157	0.9203243	0.07967571	67.63279
1050	6.63066	-18.4253	25.056	0.5991	0.4009	7.898713	0.556735	0.51402	0.51877	0.215407	0.203304	0.0351586	0.011375	0	3.812732	1.566912	0.4009005	0.5990995	36.8903
1060	7.18462	-18.7058	25.8904	0.285897	0.714103	8.777204	0.554563	0.528952	0.499283	0.222232	0.199852	0.0348766	0.0116919	0	2.978297	1.622805	0.7141025	0.2858975	41.95701
1070	7.50295	-19.6234	27.1264	0.275031	0.724969	11.03406	0.560881	0.526422	0.500931	0.219369	0.194448	0.0348021	0.0115542	0	1.742326	1.852129	0.7249685	0.2750315	71.14243
1080	5.02603	-19.5594	24.5854	0.935628	0.0643722	2.956632	0.548274	0.528546	0.50918	0.225218	0.193446	0.0347159	0.0114636	0	4.283312	1.815422	0.06437216	0.9356278	65.37652
1090	5.78675	-19.3997	25.1864	0.339767	0.660233	10.77738	0.553725	0.527674	0.518263	0.224251	0.196031	0.0343165	0.0112759	0	3.682253	1.540188	0.6602329	0.3397671	34.68869
1100	6.6817	-18.6207	25.3024	0.869025	0.130975	6.042522	0.552662	0.521503	0.513458	0.225809	0.19484	0.0342382	0.0114226	0	3.566294	1.636951	0.1309747	0.8690253	43.34624
1110	7.5599	-19.2789	26.8388	0.94499	0.0550099	10.26516	0.564363	0.518729	0.503355	0.225886	0.19654	0.0347737	0.0112593	0	2.029919	1.697702	0.05500986	0.9449901	49.85423
1120	6.16552	-18.4279	24.5934	0.0153761	0.984624	8.774161	0.55928	0.526123	0.514338	0.225269	0.20154	0.0345926	0.0115832	0	4.275311	1.547349	0.9846239	0.01537613	35.26541
1130	6.40034	-19.3334	25.7337	0.353393	0.646607	11.39408	0.563341	0.519536	0.520822	0.224644	0.201857	0.0341113	0.0117427	0	3.135003	1.652041	0.6466066	0.3533934	44.87881
1140	7.01968	-19.0024	26.0221	0.533047	0.466953	5.629285	0.558525	0.525616	0.517978	0.218312	0.201596	0.0343305	0.0117422	0	2.846594	1.753794	0.466953	0.533047	56.72756
1150	6.22795	-19.087	25.315	0.388494	0.611506	4.405697	0.568373	0.525469	0.504231	0.224093	0.199104	0.0350162	0.011614	0	3.55371	1.947684	0.6115059	0.3884941	88.65098
1160	7.09198	-20.2015	27.2935	0.910097	0.0899026	7.814191	0.570341	0.509313	0.517953	0.221377	0.198469	0.0340663	0.0115889	0	1.575222	1.496737	0.08990262	0.9100974	31.3861
1170	7.05732	-18.9114	25.9687	0.136151	0.863849	6.2197	0.561507	0.52145	0.518119	0.224326	0.198918	0.0346166	0.011678	0	2.899962	1.791356	0.8638494	0.1361506	61.85231
1180	6.68618	-19.1019	25.788	0.491855	0.508145	11.56554	0.560798	0.527081	0.50403	0.22012	0.194576	0.0349594	0.0116811	0	3.080648	1.764831	0.5081449	0.4918551	58.18767
1190	5.42782	-20.2614	25.6892	0.264598	0.735402	14.30289	0.557264	0.510406	0.51278	0.224076	0.194691	0.0348918	0.0117071	0	3.179479	1.848691	0.7354025	0.2645975	70.58158
1200	7.53828	-19.5382	27.0765	0.31163	0.68837	8.057025	0.551675	0.512293	0.514497	0.21999	0.197997	0.0342765	0.0116194	0	1.792207	1.772019	0.6883701	0.3116299	59.15876
1210	6.54412	-20.6324	27.1765	0.802189	0.197811	13.90765	0.551428	0.505751	0.499224	0.221928	0.198458	0.0348219	0.011446	0	1.692228	1.943963	0.1978111	0.8021889	87.89486
1220	7.33006	-20.1611	27.4912	0.19098	0.80902	11.82756	0.550601	0.522896	0.504121	0.22469	0.199404	0.0350573	0.0114335	0	1.377542	1.834685	0.8090202	0.1909798	68.34159
1230	7.2596	-18.6904	25.95	0.615096	0.384904	8.371669	0.550024	0.507329	0.519791	0.224068	0.195647	0.0352098	0.0112907	0	2.918664	1.65838	0.3849036	0.6150964	45.53865
1240	7.41858	-18.831	26.2495	0.992338	0.00766248	8.512439	0.546952	0.511348	0.510853	0.225037	0.20166	0.0346141	0.0116782	0	2.619153	1.628744	0.007662484	0.9923375	42.53481
1250	5.15338	-18.8016	23.955	0.596227	0.403773	3.899888	0.550068	0.517316	0.520313	0.221979	0.198824	0.0347687	0.0114137	0	4.913721	1.956407	0.4037735	0.5962265	90.44969
1260	6.33696	-19.5982	25.9352	0.893333	0.106667	9.333187	0.551614	0.513498	0.522603	0.222324	0.198139	0.0347754	0.0113978	0	2.933527	1.88864	0.1066675	0.8933325	77.38193
1270	5.36076	-19.7707	25.1314	0.170795	0.829205	13.39496	0.556742	0.507608	0.512767	0.219759	0.196912	0.0344628	0.0117082	0	3.737285	1.791848	0.8292053	0.1707947	61.92248
1280	6.23688	-20.5294	26.7663	0.686841	0.313159	12.77571	0.569956	0.521794	0.505654	0.222786	0.193672	0.0355223	0.0116645	0	2.102411	1.707265	0.313159	0.686841	50.96415
1290	7.30659	-19.9282	27.2348	0.649027	0.350973	6.291322	0.547422	0.512482	0.497962	0.22332	0.19541	0.0352934	0.0115266	0	1.633942	1.923777	0.3509725	0.6490275	83.90283
1300	7.282	-19.2169	26.4989	0.117276	0.882724	7.014346	0.55616	0.515805	0.498769	0.22581	0.194062	0.035194	0.0118073	0	2.369753	1.947407	0.8827238	0.1172762	88.59452
1310	6.87514	-18.699	25.5742	0.443009	0.556991	5.814673	0.553736	0.504169	0.508662	0.223725	0.199474	0.0355374	0.0116436	0	3.294543	1.740209	0.5569908	0.4430092	54.98053
1320	7.30252	-19.1716	26.4741	0.0550264	0.944974	8.02938	0.559992	0.510695	0.503669	0.220989	0.202217	0.0345566	0.0117558	0	2.39458	1.552602	0.9449736	0.05502639	35.69456
1330	7.26639	-19.4752	26.7416	0.827526	0.172474	5.82192	0.564865	0.528518	0.510621	0.220829	0.199106	0.0342464	0.011427	0	2.127131	1.916262	0.1724744	0.8275256	82.46353
1340	7.31743	-20.2216	27.539	0.483134	0.516866	10.29556	0.56073	0.514146	0.510392	0.222804	0.197702	0.0340085	0.0116092	0	1.329659	1.691141	0.5168656	0.4831344	49.1067
1350	6.77748	-21.3287	28.1062	0.28466	0.71534	11.44063	0.557069	0.523868	0.523499	0.220878	0.193372	0.0345656	0.011474	0	0.7625402	1.850406	0.7153399	0.2846601	70.86077
1360	7.03546	-20.9362	27.9717	0.401692	0.598308	9.586463	0.566331	0.526646	0.519727	0.217628	0.202393	0.0340607	0.0115058	0	0.896999	1.99352	0.598308	0.401692	98.51898
1370	3.49215	-21.5924	25.0846	0.840556	0.159444	4.571283	0.567109	0.528889	0.519453	0.222632	0.202842	0.0353385	0.0117417	0	3.784102	0.9346754	0.159444	0.840556	8.603504
1380	6.89077	-19.0195	25.9102	0.968275	0.0317253	5.140708	0.568684	0.523388	0.52312	0.221935	0.201405	0.0350331	0.0112907	0	2.958457	1.837376	0.03172527	0.9682747	68.76635
1390	7.71168	-19.4896	27.2013	0.247121	0.752879	9.404696	0.559351	0.518475	0.520171	0.219196	0.200037	0.0350846	0.0112898	0	1.66737	1.750586	0.7528788	0.2471212	56.31004
1400	6.28819	-18.6079	24.8961	0.0831026	0.916897	7.539614	0.552741	0.513427	0.511154	0.216359	0.200365	0.0350212	0.0113679	0	3.972585	1.743793	0.9168974	0.08310261	55.43613
1410	5.65265	-20.118	25.7706	0.921188	0.0788123	13.88081	0.552838	0.521476	0.509699	0.224765	0.201895	0.0356796	0.0112546	0	3.098077	1.850565	0.07881231	0.9211877	70.88673
1420	7.06151	-19.465	26.5265	0.83908	0.16092	5.207597	0.570457	0.5253	0.503244	0.22096	0.20162	0.0353579	0.0114147	0	2.342205	1.866597	0.1609201	0.8390799	73.55244
1430	7.03043	-19.0639	26.0943	0.737874	0.262126	5.948053	0.565392	0.521408	0.509268	0.21993	0.203162	0.0348656	0.0114833	0	2.774397	1.627329	0.2621265	0.7378735	42.3964
1440	6.7159	-20.7438	27.4597	0.989049	0.0109508	5.188506	0.574667	0.526527	0.5054	0.223553	0.203236	0.0348809	0.0113712	0	1.409037	1.929483	0.01095084	0.9890492	85.01251
1450	6.84242	-19.2453	26.0877	0.518352	0.481648	11.25214	0.56983	0.518815	0.522344	0.219526	0.203414	0.0351585	0.0113782	0	2.780975	1.686596	0.4816483	0.5183517	48.59554
1460	6.00411	-20.9735	26.9776	0.554036	0.445964	7.527184	0.565635	0.51002	0.515922	0.220104	0.201282	0.034646	0.0112721	0	1.891105	1.307171	0.4459645	0.5540355	20.28483
1470	7.46216	-20.2635	27.7257	0.904802	0.0951975	10.28591	0.555072	0.509167	0.514588	0.217271	0.199804	0.0344923	0.0113219	0	1.143007	1.745614	0.09519752	0.9048025	55.66904
1480	6.57019	-18.4483	25.0185	0.89002	0.10998	8.43867	0.559547	0.527698	0.521067	0.221992	0.200079	0.0349531	0.0112803	0	3.850188	1.526462	0.1099804	0.8900196	33.60951
1490	6.55189	-20.534	27.0858	0.715003	0.284997	12.26841	0.570861	0.515777	0.499751	0.220897	0.202157	0.0348394	0.0112333	0	1.782847	1.704525	0.2849972	0.7150028	50.64366
1500	5.28904	-23.0613	28.3503	0.748033	0.251967	6.745277	0.57431	0.519743	0.501636	0.215456	0.199451	0.0348207	0.011346	0	0.5183919	1.879816	0.2519667	0.7480333	75.82566
1510	7.32311	-19.4232	26.7463	0.515303	0.484697	6.316289	0.565435	0.526203	0.513972	0.218873	0.195478	0.0349885	0.0115362	0	2.122423	1.740533	0.4846974	0.5153026	55.02158
1520	7.51022	-19.9989	27.5091	0.519252	0.480748	10.5708	0.552596	0.507607	0.516149	0.224353	0.194395	0.0347116	0.0115941	0	1.359585	1.917747	0.4807477	0.5192523	82.74599
1530	6.43789	-20.6852	27.123	0.8856	0.1144	4.548922	0.55505	0.512462	0.502979	0.22264	0.198189	0.0342326	0.011654	0	1.745653	1.661724	0.1143998	0.8856002	45.89067
1540	4.93508	-20.3126	25.2477	0.156141	0.843859	9.26934	0.56874	0.517888	0.498634	0.216382	0.198707	0.0344214	0.011692	0	3.621004	1.308626	0.8438589	0.1561411	20.3529
1550	7.03475	-18.8373	25.872	0.724956	0.275044	7.063627	0.553636	0.506863	0.504625	0.22162	0.198226	0.0342467	0.0116497	0	2.99665	1.922614	0.2750436	0.7249564	83.67861
1560	6.45155	-19.5596	26.0111	0.976858	0.0231418	4.291772	0.568876	0.514402	0.515508	0.216158	0.197389	0.0346502	0.0115248	0	2.857591	1.642708	0.02314185	0.9768582	43.92467
1570	6.22899	-19.4545	25.6834	0.73431	0.26569	4.068358	0.564768	0.510384	0.51075	0.218201	0.200975	0.0343469	0.0117923	0	3.185246	1.630649	0.2656902	0.7343098	42.72174
1580	7.66549	-19.8493	27.5148	0.243299	0.756701	9.296579	0.553051	0.510284	0.501656	0.225411	0.19447	0.0351683	0.0114406	0	1.353866	1.847377	0.7567007	0.2432993	70.36835
1590	5.90146	-19.3514	25.2528	0.785705	0.214295	8.827379	0.549005	0.518146	0.505701	0.223135	0.19558	0.0354813	0.0113506	0	3.615858	1.969402	0.2142948	0.7857052	93.19699
1600	6.52143	-19.3659	25.8874	0.96982	0.0301797	9.099336	0.552264	0.526676	0.50059	0.215871	0.198103	0.0354349	0.0112664	0	2.981319	1.864432	0.03017968	0.9698203	73.18663
1610	3.37261	-22.3632	25.7358	0.808685	0.191315	17.43178	0.552584	0.516685	0.509487	0.214931	0.193453	0.0345351	0.0117749	0	3.132868	1.911142	0.1913146	0.8086854	81.49715
1620	6.54388	-19.4588	26.0027	0.00844212	0.991558	4.680358	0.546572	0.507504	0.515291	0.215019	0.201364	0.0342739	0.0117061	0	2.865971	1.643136	0.9915579	0.008442118	43.96795
1630	6.42287	-18.3869	24.8098	0.596456	0.403544	5.835713	0.552746	0.51778	0.523523	0.217141	0.202003	0.0343891	0.0113791	0	4.058893	1.755131	0.4035443	0.5964557	56.90249
1640	7.21858	-19.1716	26.3901	0.00681545	0.993185	6.742178	0.567352	0.515264	0.520828	0.217315	0.197748	0.0347981	0.0117858	0	2.478559	1.639174	0.9931846	0.006815447	43.5686
1650	7.3377	-19.7099	27.0476	0.764197	0.235803	6.138737	0.571964	0.527814	0.518626	0.217035	0.202005	0.0351049	0.0117282	0	1.821071	1.968411	0.2358029	0.7641971	92.98449
1660	7.78343	-19.2829	27.0663	0.503999	0.496001	8.625055	0.568263	0.525201	0.522102	0.220807	0.19619	0.0354685	0.0117466	0	1.802413	1.726801	0.4960005	0.5039995	53.30905
1670	5.22121	-21.973	27.1942	0.782233	0.217767	13.36557	0.569716	0.526895	0.515283	0.221225	0.198274	0.0354453	0.011298	0	1.674451	1.67	0.2177674	0.7822326	46.77349
1680	7.35844	-20.0157	27.3741	0.633608	0.366392	12.26869	0.573961	0.529325	0.501623	0.216684	0.193433	0.0350888	0.0113635	0	1.494575	1.898351	0.366392	0.633608	79.13171
1690	7.29861	-20.1283	27.4269	0.489677	0.510323	9.303551	0.547555	0.525577	0.502922	0.216564	0.201513	0.0356934	0.0112568	0	1.441829	1.597522	0.5103233	0.4896767	39.58423
1700	5.33518	-18.4597	23.7949	0.729243	0.270757	4.449702	0.55671	0.516446	0.519163	0.219398	0.201086	0.0353827	0.0114348	0	5.073815	1.919076	0.2707572	0.7292428	82.99961
1710	6.10553	-18.2253	24.3308	0.5586	0.4414	5.714999	0.559048	0.51316	0.510985	0.216281	0.196475	0.0347998	0.0113942	0	4.537861	1.886472	0.4414002	0.5585998	76.99671
1720	6.11594	-18.5604	24.6763	0.982018	0.0179818	4.748945	0.556581	0.520367	0.512253	0.216693	0.202435	0.0342941	0.011483	0	4.192377	1.804788	0.01798178	0.9820182	63.79523
1730	7.00068	-19.0191	26.0198	0.624471	0.375529	5.44047	0.568379	0.52339	0.513323	0.216729	0.200815	0.034466	0.0116168	0	2.848877	1.799514	0.3755294	0.6244706	63.02516
1740	6.87303	-18.9261	25.7991	0.642133	0.357867	9.486233	0.562361	0.507612	0.499128	0.21747	0.201841	0.0352318	0.0116261	0	3.069608	1.540423	0.3578673	0.6421327	34.70747
1750	7.44027	-19.9659	27.4062	0.734506	0.265494	7.62069	0.554752	0.516392	0.503332	0.21741	0.203341	0.0341394	0.0117598	0	1.462519	1.82233	0.2654939	0.7345061	66.4248
1760	7.19074	-18.9802	26.1709	0.494957	0.505043	6.022437	0.552722	0.520851	0.506098	0.217327	0.20224	0.0352936	0.0116093	0	2.697789	1.962547	0.5050433	0.4949567	91.73752
1770	7.49489	-20.3356	27.8305	0.640202	0.359798	11.01022	0.549182	0.516905	0.50833	0.22418	0.20219	0.0354727	0.0115743	0	1.038157	1.929354	0.3597981	0.6402019	84.98727
1780	7.28675	-20.6389	27.9256	0.658051	0.341949	8.826828	0.567974	0.516664	0.501946	0.220455	0.197409	0.0339881	0.0117998	0	0.9430806	1.925381	0.3419493	0.6580507	84.21335
1790	7.04637	-21.065	28.1113	0.797153	0.202847	11.55312	0.571433	0.513441	0.508879	0.217882	0.199254	0.0349612	0.0116762	0	0.7573718	1.892887	0.2028472	0.7971528	78.14238
1800	5.64425	-18.3369	23.9812	0.752563	0.247437	7.541642	0.557363	0.520146	0.507222	0.21462	0.199474	0.0352202	0.0117438	0	4.887536	1.742212	0.2474374	0.7525626	55.23471
1810	6.86822	-20.8606	27.7288	0.0823599	0.91764	12.92965	0.55601	0.522268	0.516517	0.223265	0.202743	0.0354678	0.0117761	0	1.139912	1.993385	0.9176401	0.08235994	98.48837
1820	1.44473	-21.3063	22.7511	0.869149	0.130851	12.01277	0.548346	0.509129	0.51275	0.224117	0.199092	0.0353734	0.0116814	0	6.117622	1.936808	0.1308511	0.8691489	86.45857
1830	4.91049	-22.2561	27.1666	0.631843	0.368157	10.64377	0.572832	0.510986	0.517441	0.225045	0.201483	0.0349086	0.0118042	0	1.702096	1.395514	0.3681569	0.6318431	24.86071
1840	7.1206	-19.2691	26.3897	0.574871	0.425129	7.78572	0.567806	0.509518	0.518922	0.223254	0.199154	0.0341572	0.0115951	0	2.479003	1.859171	0.4251294	0.5748706	72.3055
1850	5.61598	-19.4609	25.0769	0.990981	0.00901918	12.6483	0.570274	0.507921	0.523378	0.220181	0.194001	0.03439	0.0114793	0	3.791799	1.813393	0.009019176	0.9909808	65.07187
1860	7.30156	-19.0549	26.3565	0.676338	0.323662	6.493193	0.560289	0.513718	0.513209	0.218296	0.201584	0.0347534	0.0116582	0	2.51219	1.930369	0.3236621	0.6763379	85.18622
1870	3.77133	-18.0456	21.8169	0.928396	0.071604	4.085969	0.569869	0.507765	0.522988	0.215553	0.198102	0.0353304	0.0113938	0	7.05177	1.596004	0.07160399	0.928396	39.44609
1880	7.20229	-20.3778	27.5801	0.756516	0.243484	11.42451	0.555279	0.519788	0.520212	0.217391	0.194058	0.0348573	0.0116902	0	1.288639	1.753699	0.2434837	0.7565163	56.71519
1890	6.70456	-19.3885	26.093	0.203793	0.796207	6.961803	0.548676	0.518524	0.522062	0.216667	0.197997	0.034888	0.0114432	0	2.775676	1.393956	0.7962073	0.2037927	24.77173
1900	5.09293	-18.8057	23.8986	0.961899	0.0381005	8.985428	0.551543	0.513033	0.516754	0.216382	0.195049	0.034384	0.0113683	0	4.970056	1.779409	0.03810052	0.9618995	60.17405
1910	5.76189	-18.804	24.5659	0.123979	0.876021	8.590257	0.547137	0.5099	0.517569	0.223956	0.194975	0.0347298	0.0114438	0	4.302801	1.776777	0.8760214	0.1239786	59.81045
1920	4.81157	-23.1382	27.9497	0.0440241	0.955976	7.572109	0.559177	0.513432	0.500342	0.220258	0.200177	0.0343491	0.011397	0	0.9189637	1.328139	0.9559759	0.04402413	21.28822
1930	5.68586	-22.0611	27.7469	0.352683	0.647317	14.77165	0.569264	0.518197	0.518331	0.215284	0.201645	0.0343876	0.0112662	0	1.121784	1.910786	0.6473169	0.3526831	81.43025
1940	7.01968	-18.7288	25.7485	0.86334	0.13666	6.842089	0.568355	0.522019	0.518615	0.214984	0.195765	0.0344042	0.0115148	0	3.120212	1.968609	0.1366595	0.8633405	93.0271
1950	6.10287	-21.1775	27.2804	0.758027	0.241973	4.239015	0.566063	0.524649	0.524019	0.220857	0.196318	0.0344356	0.0114018	0	1.588294	1.695846	0.2419731	0.7580269	49.64167
1960	7.37921	-19.7984	27.1776	0.124301	0.875699	8.695395	0.546538	0.504163	0.519638	0.215608	0.199346	0.0340068	0.0113727	0	1.691051	1.594218	0.8756994	0.1243006	39.28425
1970	4.31685	-18.0223	22.3392	0.393019	0.606981	8.326666	0.550824	0.523793	0.512798	0.216026	0.194803	0.0340961	0.0114288	0	6.529532	1.595807	0.6069808	0.3930192	39.4282
1980	6.07776	-19.9944	26.0721	0.761781	0.238219	5.102594	0.570094	0.51963	0.519173	0.215502	0.19605	0.0349101	0.0112793	0	2.796568	1.307137	0.2382192	0.7617808	20.28325
1990	4.19692	-22.6759	26.8728	0.775454	0.224546	9.711595	0.563975	0.511069	0.515178	0.215774	0.20149	0.0354362	0.0115339	0	1.995914	1.250223	0.2245456	0.7754544	17.79193
2000	6.10821	-21.9796	28.0878	0.855641	0.144359	13.59242	0.56346	0.52239	0.518936	0.224711	0.193469	0.0353987	0.0114783	0	0.7809275	1.919424	0.1443588	0.8556412	83.06616
2010	6.77959	-19.1005	25.8801	0.274133	0.725867	11.29784	0.565067	0.5148	0.507868	0.216765	0.196772	0.0355172	0.0113115	0	2.988592	1.770346	0.725867	0.274133	58.93129
2020	6.83265	-19.5848	26.4174	0.690003	0.309997	7.567219	0.550123	0.522518	0.51907	0.217448	0.202438	0.0341153	0.0117231	0	2.45129	1.410257	0.3099968	0.6900032	25.71919
2030	6.04785	-21.3145	27.3623	0.111899	0.888101	6.766985	0.570173	0.504971	0.519804	0.218508	0.20271	0.034144	0.0115922	0	1.50638	1.336479	0.8881009	0.1118991	21.70095
2040	6.79799	-20.4774	27.2754	0.538375	0.461625	6.187502	0.574634	0.524164	0.500073	0.22045	0.199261	0.0342729	0.0115446	0	1.593329	1.487344	0.461625	0.538375	30.71456
2050	6.78565	-18.6241	25.4098	0.323679	0.676321	6.402713	0.560588	0.520736	0.502343	0.220737	0.193477	0.0343762	0.0115754	0	3.458897	1.729371	0.6763208	0.3236792	53.62545
2060	6.60234	-19.6028	26.2051	0.389083	0.610917	8.275367	0.555983	0.521638	0.49881	0.221624	0.198364	0.0344507	0.0115752	0	2.663597	1.40722	0.6109167	0.3890833	25.53997
2070	6.90585	-19.5625	26.4684	0.0598436	0.940156	6.023797	0.547698	0.516716	0.509428	0.218075	0.193842	0.0341951	0.0116732	0	2.400321	1.501953	0.9401564	0.05984361	31.76528
2080	7.21682	-19.2619	26.4787	0.118339	0.881661	7.196904	0.558527	0.512195	0.503771	0.219891	0.194921	0.0339356	0.0116789	0	2.389947	1.855728	0.881661	0.118339	71.73452
2090	7.5612	-19.3347	26.8959	0.179575	0.820425	9.390701	0.570932	0.509079	0.517835	0.223948	0.1986	0.0339975	0.0112811	0	1.972788	1.732269	0.8204246	0.1795754	53.98448
2100	7.05433	-20.0025	27.0568	0.843005	0.156995	5.432101	0.54734	0.509455	0.510614	0.225839	0.200729	0.0343201	0.0114872	0	1.811866	1.810021	0.1569951	0.8430049	64.56854
2110	5.48068	-21.0911	26.5718	0.17346	0.82654	6.77997	0.546391	0.517151	0.500826	0.222562	0.197956	0.0339476	0.0112314	0	2.296883	1.211789	0.8265399	0.1734601	16.28505
2120	6.2649	-20.457	26.7219	0.905603	0.094397	3.955069	0.566931	0.528555	0.510097	0.219092	0.198915	0.0342215	0.0117518	0	2.146795	1.904374	0.094397	0.905603	80.2369
2130	6.03876	-19.816	25.8548	0.514761	0.485239	3.863492	0.557956	0.529435	0.512005	0.220863	0.195891	0.0348981	0.0116996	0	3.013927	1.531675	0.4852387	0.5147613	34.01535
2140	6.34441	-19.9304	26.2748	0.491893	0.508107	5.667322	0.563521	0.508019	0.51309	0.222242	0.194912	0.0341635	0.0117938	0	2.593913	1.331282	0.5081072	0.4918928	21.44284
2150	6.69582	-18.9484	25.6442	0.888978	0.111022	8.282677	0.563948	0.50448	0.514926	0.219926	0.194025	0.034011	0.011764	0	3.22448	1.804553	0.1110223	0.8889777	63.76071
2160	3.45405	-20.0125	23.4666	0.0709996	0.929	4.088462	0.554154	0.515963	0.514322	0.220745	0.196115	0.0342335	0.0116039	0	5.402102	1.039003	0.9290004	0.0709996	10.93965
2170	5.91085	-18.6481	24.5589	0.432399	0.567601	7.987074	0.552822	0.51061	0.516622	0.222564	0.20017	0.0342551	0.0117963	0	4.30976	1.759909	0.5676014	0.4323986	57.53187
2180	6.65156	-20.3864	27.038	0.919391	0.0806089	10.16237	0.563439	0.517483	0.517312	0.225908	0.200116	0.0350932	0.0115529	0	1.830698	1.527621	0.08060885	0.9193911	33.6993
2190	6.18939	-19.2778	25.4672	0.909443	0.0905574	4.224381	0.572724	0.509767	0.523043	0.222168	0.199104	0.0340668	0.0116984	0	3.401467	1.575782	0.09055741	0.9094426	37.65151
2200	5.1626	-21.0956	26.2582	0.737559	0.262441	10.66965	0.561013	0.519152	0.515347	0.216402	0.196597	0.0354474	0.0112328	0	2.610514	1.40872	0.2624411	0.7375589	25.62832
2210	5.52198	-20.9605	26.4825	0.683808	0.316192	3.049008	0.553668	0.507101	0.523906	0.222071	0.195331	0.03565	0.0113838	0	2.386176	1.877967	0.3161924	0.6838076	75.50353
2220	7.23282	-20.7838	28.0166	0.876445	0.123555	8.490291	0.563248	0.512076	0.50723	0.220362	0.198041	0.0348555	0.0114599	0	0.8521032	1.771962	0.1235547	0.8764453	59.15094
2230	4.33692	-20.8257	25.1626	0.755356	0.244644	11.68138	0.57419	0.511692	0.50224	0.218723	0.19599	0.0346345	0.0115599	0	3.706111	1.944259	0.2446442	0.7553558	87.95471
2240	6.65099	-18.4901	25.1411	0.487105	0.512895	6.605517	0.5495	0.515236	0.510446	0.219539	0.193415	0.0351028	0.0116672	0	3.727569	1.579034	0.5128947	0.4871053	37.93448
2250	6.53126	-20.995	27.5263	0.831141	0.168859	10.67122	0.560378	0.508977	0.517398	0.223719	0.196867	0.0343084	0.0116272	0	1.342398	1.597109	0.1688587	0.8311413	39.5466
2260	5.62261	-19.2305	24.8531	0.585858	0.414142	7.63033	0.574429	0.521401	0.517909	0.217027	0.197492	0.0340015	0.011339	0	4.015608	1.31024	0.414142	0.585858	20.42868
2270	4.25628	-20.8014	25.0577	0.0372711	0.962729	3.390641	0.561192	0.520845	0.519753	0.225093	0.193826	0.0344732	0.011266	0	3.811033	1.090638	0.9627289	0.03727113	12.32079
2280	6.69138	-20.0524	26.7438	0.232353	0.767647	9.065293	0.564446	0.514146	0.51627	0.217133	0.201734	0.034752	0.01146	0	2.124895	1.461807	0.7676468	0.2323532	28.96059
2290	6.90298	-18.7749	25.6778	0.845189	0.154811	5.699156	0.549406	0.507759	0.521272	0.217919	0.194103	0.0348277	0.0114473	0	3.190857	1.712237	0.1548114	0.8451886	51.55103
2300	5.92201	-20.7051	26.6271	0.742199	0.257801	14.59152	0.550973	0.519827	0.514036	0.215021	0.193426	0.0340986	0.0114118	0	2.241604	1.931729	0.2578007	0.7421993	85.45327
2310	6.15842	-18.9879	25.1463	0.831987	0.168013	8.229217	0.558602	0.513682	0.519462	0.225559	0.199245	0.0347194	0.0114986	0	3.722351	1.900362	0.1680131	0.8319869	79.49906
2320	5.84876	-18.2339	24.0826	0.415152	0.584848	6.64887	0.561211	0.521666	0.503725	0.225124	0.195331	0.0345833	0.0114759	0	4.786052	1.594834	0.584848	0.415152	39.33996
2330	7.57152	-19.9701	27.5416	0.803733	0.196267	8.792443	0.561701	0.527029	0.501993	0.222474	0.193471	0.034205	0.011532	0	1.327072	1.875429	0.1962666	0.8037334	75.06349
2340	6.4188	-20.2668	26.6856	0.661369	0.338631	4.728109	0.562105	0.524317	0.499523	0.222987	0.194087	0.034736	0.011322	0	2.183093	1.484253	0.3386307	0.6613693	30.49672
2350	5.42314	-19.3972	24.8203	0.689455	0.310545	11.4547	0.547196	0.505542	0.498018	0.223872	0.195567	0.0356544	0.0117349	0	4.048349	1.829818	0.3105447	0.6894553	67.57997
2360	6.23128	-19.6851	25.9164	0.483348	0.516652	12.84989	0.553998	0.503835	0.515513	0.223851	0.20148	0.0352121	0.0114919	0	2.9523	1.803689	0.5166516	0.4833484	63.63394
2370	7.10578	-19.2946	26.4004	0.489792	0.510208	8.965184	0.562546	0.506565	0.523148	0.223972	0.198363	0.0344849	0.0116491	0	2.468328	1.812079	0.5102084	0.4897916	64.87525
2380	5.75552	-19.1277	24.8832	0.753069	0.246931	10.98735	0.560743	0.504066	0.509374	0.224748	0.198684	0.0353256	0.011625	0	3.98545	1.788018	0.2469308	0.7530692	61.37877
2390	6.35195	-18.4758	24.8278	0.0829795	0.91702	7.408211	0.558038	0.514117	0.518377	0.223985	0.201563	0.0355602	0.0115323	0	4.040932	1.652111	0.9170205	0.08297955	44.88601
2400	4.89991	-20.891	25.7909	0.135968	0.864032	15.39176	0.562485	0.513419	0.510633	0.225736	0.197388	0.0353047	0.0115104	0	3.077797	1.889591	0.8640322	0.1359678	77.55164
2410	7.49858	-19.9356	27.4341	0.488891	0.511109	10.82593	0.546312	0.507118	0.512511	0.223283	0.193371	0.0353796	0.0113716	0	1.434556	1.741113	0.5111087	0.4888913	55.09515
2420	5.71337	-18.4325	24.1459	0.787359	0.212641	6.434841	0.567626	0.51758	0.51016	0.224823	0.199866	0.0339381	0.0115048	0	4.722815	1.419275	0.2126408	0.7873592	26.2588
2430	7.01128	-20.6459	27.6572	0.587413	0.412587	6.804969	0.54881	0.522331	0.522969	0.223222	0.202498	0.0346193	0.01144	0	1.211473	1.628861	0.4125875	0.5874125	42.54623
2440	2.48758	-19.7842	22.2717	0.326993	0.673007	10.75837	0.554332	0.522053	0.50386	0.214853	0.201601	0.034248	0.0112945	0	6.596953	1.384628	0.6730073	0.3269927	24.24533
2450	6.30868	-19.259	25.5677	0.914336	0.0856637	7.578522	0.548138	0.521653	0.508167	0.215524	0.200954	0.0353742	0.0113213	0	3.300977	1.349301	0.08566367	0.9143363	22.35123
2460	5.53787	-20.4296	25.9675	0.577496	0.422504	4.882546	0.546866	0.513507	0.50497	0.216851	0.202522	0.0356531	0.0112269	0	2.901236	1.203866	0.4225041	0.5774959	15.99064
2470	6.67307	-19.7871	26.4602	0.0450434	0.954957	9.007989	0.562333	0.505199	0.513077	0.219916	0.202295	0.0353213	0.0115579	0	2.408498	1.454107	0.9549566	0.0450434	28.45161
2480	7.60262	-19.3579	26.9606	0.351021	0.648979	7.866928	0.563073	0.526039	0.518319	0.225064	0.20113	0.035389	0.0115353	0	1.908131	1.660903	0.6489794	0.3510206	45.80391
2490	6.75889	-18.5139	25.2728	0.604227	0.395773	5.956937	0.546378	0.520905	0.511786	0.218146	0.202284	0.0351733	0.0112919	0	3.59591	1.882626	0.3957729	0.6042271	76.31781
2500	6.43745	-18.8009	25.2383	0.170334	0.829666	6.194842	0.550797	0.518887	0.499586	0.217732	0.199294	0.0345748	0.0114788	0	3.630345	1.464802	0.8296659	0.1703341	29.16094
2510	4.71474	-21.0377	25.7524	0.504731	0.495269	3.209793	0.571823	0.518151	0.498076	0.224869	0.201747	0.0356284	0.011268	0	3.116275	1.184929	0.4952694	0.5047306	15.30835
2520	4.50627	-19.8619	24.3682	0.0910399	0.90896	4.689728	0.572769	0.512411	0.523653	0.219114	0.200989	0.0343037	0.011581	0	4.500533	1.125479	0.9089601	0.09103993	13.34994
2530	7.35345	-19.3749	26.7284	0.483852	0.516148	6.374928	0.573349	0.505518	0.509392	0.220091	0.20326	0.0345378	0.0117682	0	2.140325	1.939866	0.5161475	0.4838525	87.06953
2540	5.47801	-22.1963	27.6743	0.741896	0.258104	4.204552	0.574173	0.511187	0.511188	0.215225	0.198253	0.0339789	0.0114581	0	1.194356	1.687382	0.258104	0.741896	48.68351
2550	4.60104	-20.3149	24.9159	0.220689	0.779311	2.24541	0.554299	0.526911	0.512338	0.217174	0.19749	0.0352747	0.011557	0	3.952776	1.759569	0.7793111	0.2206889	57.48686
2560	5.28297	-18.325	23.608	0.30926	0.69074	10.06616	0.561712	0.521712	0.504339	0.221372	0.19395	0.0347044	0.0113076	0	5.260709	1.6108	0.6907398	0.3092602	40.81311
2570	6.93843	-19.4965	26.435	0.289803	0.710197	6.241183	0.572463	0.5174	0.501983	0.221641	0.197754	0.0352499	0.0117328	0	2.43372	1.455267	0.7101969	0.2898031	28.52769
2580	7.29519	-20.6633	27.9585	0.254252	0.745748	8.656365	0.570333	0.51225	0.516103	0.223855	0.197086	0.0356744	0.0116349	0	0.9102282	1.893864	0.7457475	0.2542525	78.31837
2590	7.19435	-19.3913	26.5856	0.615679	0.384321	7.925702	0.55307	0.506226	0.49995	0.224387	0.194167	0.0343774	0.0114642	0	2.283064	1.885513	0.3843208	0.6156792	76.82689
2600	3.00284	-19.2147	22.2176	0.368764	0.631236	7.298549	0.556174	0.514335	0.507352	0.220592	0.195389	0.0340653	0.0116128	0	6.651107	1.167956	0.631236	0.368764	14.72165
2610	5.67357	-20.8218	26.4954	0.559247	0.440753	3.250606	0.5506	0.515638	0.508233	0.215046	0.196679	0.0341227	0.0114677	0	2.373291	1.952731	0.4407527	0.5592473	89.68734
2620	7.02818	-19.9537	26.9819	0.593526	0.406474	7.621695	0.553674	0.50905	0.499005	0.219861	0.196968	0.03501	0.0117124	0	1.886782	1.447303	0.4064744	0.5935256	28.00937
2630	6.64882	-19.2345	25.8833	0.969227	0.0307729	8.535215	0.557638	0.527034	0.50803	0.221659	0.203025	0.0345418	0.0117873	0	2.985396	1.843452	0.03077287	0.9692271	69.7352
2640	5.91956	-18.7394	24.659	0.208752	0.791248	8.245322	0.550669	0.528541	0.507049	0.224642	0.197366	0.0340444	0.0117455	0	4.209711	1.411846	0.7912481	0.2087519	25.81344
2650	7.61254	-19.5023	27.1149	0.332678	0.667322	9.978021	0.568286	0.524287	0.506082	0.221463	0.197333	0.0347587	0.0117214	0	1.753835	1.81973	0.6673218	0.3326782	66.02826
2660	6.94997	-18.9239	25.8738	0.0649296	0.93507	8.090285	0.552951	0.526807	0.49964	0.222	0.195216	0.034559	0.0117969	0	2.994852	1.753136	0.9350704	0.0649296	56.64173
2670	5.3443	-23.0554	28.3997	0.0348981	0.965102	12.49792	0.548354	0.520305	0.504873	0.219565	0.193418	0.0341199	0.0116592	0	0.4690277	1.944024	0.9651019	0.03489811	87.9071
2680	6.73816	-20.2771	27.0153	0.737152	0.262848	10.62759	0.547853	0.503561	0.504326	0.217338	0.194572	0.0350594	0.0115575	0	1.853401	1.964508	0.262848	0.737152	92.15273
2690	5.34764	-21.1891	26.5367	0.377944	0.622056	13.42904	0.547472	0.514437	0.503803	0.22031	0.196409	0.0354656	0.0114071	0	2.332008	1.68184	0.6220556	0.3779444	48.06627
2700	6.81609	-18.9455	25.7616	0.31944	0.68056	5.234027	0.572734	0.513159	0.511291	0.221186	0.19674	0.0347761	0.0113407	0	3.107129	1.901178	0.6805603	0.3194397	79.64856
2710	7.48629	-19.1522	26.6385	0.219298	0.780702	9.566375	0.573204	0.51662	0.514507	0.22265	0.199649	0.0350594	0.0113023	0	2.230224	1.65558	0.7807025	0.2192975	45.24594
2720	6.17989	-18.1875	24.3674	0.978842	0.0211581	6.316117	0.551696	0.511308	0.522942	0.219069	0.195073	0.0353482	0.011497	0	4.501274	1.782844	0.02115813	0.9788419	60.65179
2730	6.93584	-18.8867	25.8225	0.209055	0.790945	10.7488	0.54723	0.513041	0.518352	0.216653	0.194141	0.0351499	0.0116929	0	3.046199	1.696949	0.7909452	0.2090548	49.76782
2740	6.52066	-19.1345	25.6551	0.119919	0.880081	11.05437	0.561533	0.518989	0.522102	0.221542	0.199826	0.0349861	0.0116828	0	3.213553	1.771681	0.8800809	0.1199191	59.11267
2750	7.16637	-20.3575	27.5239	0.090204	0.909796	8.402772	0.570615	0.518746	0.517927	0.224348	0.200425	0.0342108	0.0114613	0	1.344782	1.930335	0.909796	0.09020397	85.17953
2760	6.62773	-19.8601	26.4878	0.638002	0.361998	4.751552	0.548682	0.516091	0.515224	0.221979	0.202216	0.0346554	0.0115012	0	2.380903	1.580864	0.3619976	0.6380024	38.09462
2770	6.89522	-21.0556	27.9508	0.296973	0.703027	8.008394	0.550014	0.509397	0.505999	0.220801	0.200777	0.0341522	0.0114862	0	0.9178572	1.66947	0.703027	0.296973	46.71651
2780	6.09377	-18.9516	25.0453	0.768494	0.231506	8.162547	0.552403	0.506229	0.500305	0.217677	0.203078	0.0344483	0.0114218	0	3.823366	1.390137	0.231506	0.768494	24.55482
2790	4.2389	-22.87	27.1089	0.52272	0.47728	17.56571	0.56898	0.510487	0.518146	0.220457	0.197725	0.0342887	0.0116243	0	1.759828	1.981011	0.4772795	0.5227205	95.72193
2800	7.71075	-19.585	27.2957	0.959655	0.0403445	8.386277	0.572344	0.523145	0.509885	0.217253	0.196117	0.0339849	0.0115438	0	1.572983	1.765575	0.04034451	0.9596555	58.28744
2810	6.98347	-19.8867	26.8702	0.587976	0.412024	12.53181	0.564022	0.515118	0.519592	0.215407	0.193776	0.0342548	0.0117532	0	1.998485	1.880988	0.4120238	0.5879762	76.03052
2820	5.50283	-22.4241	27.927	0.763811	0.236189	12.4201	0.564436	0.528273	0.518297	0.223285	0.198439	0.0340063	0.0115477	0	0.9417218	1.703545	0.2361891	0.7638109	50.5295
2830	6.45603	-19.9261	26.3821	0.0940079	0.905992	12.14202	0.552074	0.513968	0.515895	0.22106	0.201927	0.0355285	0.0113768	0	2.486549	1.688199	0.9059921	0.0940079	48.77524
2840	6.93485	-20.4981	27.4329	0.620885	0.379115	6.923288	0.571017	0.509308	0.516746	0.220085	0.203031	0.0351737	0.0114755	0	1.43575	1.49413	0.3791146	0.6208854	31.19826
2850	6.2909	-21.4622	27.7531	0.376429	0.623571	13.32294	0.557995	0.515044	0.513971	0.223556	0.194123	0.0344168	0.0114248	0	1.115645	1.845047	0.6235711	0.3764289	69.99171
2860	4.19406	-21.3145	25.5086	0.92252	0.0774796	4.6275	0.553882	0.523516	0.523552	0.215846	0.196381	0.0344935	0.0114078	0	3.360126	1.020368	0.07747961	0.9225204	10.48016
2870	4.1577	-19.823	23.9808	0.455432	0.544568	2.269888	0.558584	0.520391	0.517217	0.221015	0.202246	0.0353247	0.011503	0	4.887943	1.910655	0.5445682	0.4554318	81.40564
2880	5.95162	-18.7376	24.6892	0.397603	0.602397	4.984502	0.56094	0.524772	0.517668	0.220451	0.200056	0.0346067	0.0113647	0	4.179505	1.500939	0.6023971	0.3976029	31.69122
2890	7.22459	-20.7126	27.9372	0.259455	0.740545	11.36259	0.550638	0.524425	0.520979	0.225791	0.20017	0.0344934	0.0113656	0	0.9315011	1.973919	0.7405447	0.2594553	94.17138
2900	7.0354	-19.8419	26.8773	0.796148	0.203852	7.129475	0.555163	0.504989	0.521818	0.221178	0.199681	0.0339911	0.0113595	0	1.991444	1.457923	0.2038525	0.7961475	28.70273
2910	5.59381	-19.4225	25.0163	0.738355	0.261645	12.40823	0.55047	0.510559	0.509224	0.221424	0.200312	0.0350798	0.0114265	0	3.852406	1.796255	0.2616453	0.7383547	62.55403
2920	6.95824	-18.6193	25.5775	0.68973	0.31027	6.135362	0.552537	0.507221	0.499254	0.225444	0.200191	0.0352624	0.01177	0	3.291159	1.859071	0.3102697	0.6897303	72.28872
2930	7.39868	-19.6994	27.098	0.610637	0.389363	11.1935	0.546537	0.504797	0.509433	0.224047	0.202594	0.0341522	0.0116299	0	1.770648	1.764412	0.3893633	0.6106367	58.13162
2940	7.32019	-19.1075	26.4277	0.64463	0.35537	10.1114	0.548874	0.508363	0.503857	0.215457	0.200659	0.0342256	0.0117907	0	2.440964	1.656179	0.3553699	0.6446301	45.30846
2950	5.69491	-19.0969	24.7918	0.614568	0.385432	8.820389	0.567641	0.507842	0.523522	0.223305	0.200855	0.0354854	0.0114911	0	4.076892	1.839952	0.3854321	0.6145679	69.17548
2960	7.01729	-18.6618	25.6791	0.268325	0.731675	9.023678	0.561159	0.520667	0.50245	0.224011	0.200146	0.0350478	0.0114521	0	3.189601	1.644689	0.7316753	0.2683247	44.12546
2970	7.05853	-20.1549	27.2134	0.267512	0.732488	10.22123	0.559529	0.528244	0.508653	0.215177	0.200881	0.0350979	0.0112445	0	1.655277	1.608992	0.7324878	0.2675122	40.64361
2980	6.79924	-18.6767	25.4759	0.69056	0.30944	6.618764	0.566729	0.51029	0.50599	0.217679	0.201229	0.0340719	0.0113825	0	3.392798	1.665109	0.3094396	0.6905604	46.24972
2990	4.55659	-19.3522	23.9088	0.561238	0.438762	5.515306	0.550263	0.516085	0.512756	0.217746	0.19657	0.0349646	0.0113751	0	4.959905	1.162442	0.4387625	0.5612375	14.5359
3000	7.76529	-19.6527	27.418	0.742719	0.257281	10.55059	0.563518	0.50774	0.522741	0.219711	0.194847	0.0356427	0.0112811	0	1.450667	1.78428	0.2572808	0.7427192	60.85278
3010	7.43278	-19.211	26.6438	0.227528	0.772472	9.923686	0.558746	0.506867	0.523847	0.225162	0.199793	0.0347169	0.0112968	0	2.224941	1.75127	0.7724717	0.2275283	56.39877
3020	5.95816	-18.4875	24.4456	0.203273	0.796727	7.231323	0.572898	0.512496	0.518434	0.217493	0.200813	0.034705	0.0113371	0	4.423049	1.426947	0.7967266	0.2032734	26.72677
3030	4.36284	-21.5402	25.9031	0.0267245	0.973276	2.811968	0.564782	0.527193	0.516816	0.220957	0.194793	0.0349862	0.0117114	0	2.965603	1.134756	0.9732755	0.02672447	13.63817
3040	7.8506	-19.2987	27.1493	0.666442	0.333558	8.868885	0.560972	0.527261	0.519378	0.216925	0.195279	0.0356933	0.0117875	0	1.719387	1.69	0.3335576	0.6664424	48.97785
3050	6.29328	-19.3835	25.6768	0.922699	0.0773014	7.565765	0.547064	0.520301	0.515878	0.224723	0.193766	0.0354623	0.0117427	0	3.191939	1.332471	0.07730139	0.9226986	21.50163
3060	5.5965	-21.4749	27.0714	0.173378	0.826622	10.97196	0.561764	0.521828	0.520836	0.223389	0.193374	0.0352795	0.0117252	0	1.797316	1.488246	0.8266217	0.1733783	30.77842
3070	7.02776	-18.8529	25.8806	0.816333	0.183667	10.80414	0.554195	0.52347	0.510507	0.219535	0.19382	0.0354302	0.0114869	0	2.988077	1.728569	0.1836671	0.8163329	53.52652
3080	7.04963	-19.5751	26.6247	0.216123	0.783877	8.210471	0.555068	0.51621	0.523838	0.214955	0.193818	0.0356548	0.0114212	0	2.244002	1.976093	0.7838771	0.2161229	94.64401
3090	7.07227	-19.3588	26.4311	0.555967	0.444033	8.452859	0.548788	0.507748	0.519374	0.220282	0.199631	0.0354533	0.0115379	0	2.437644	1.856222	0.4440331	0.5559669	71.81607
3100	7.41047	-19.3119	26.7224	0.976193	0.0238075	6.791932	0.5497	0.523192	0.513416	0.215237	0.20322	0.0353447	0.0112889	0	2.146332	1.964849	0.02380748	0.9761925	92.22511
3110	7.14248	-19.4056	26.548	0.604333	0.395667	5.493371	0.56285	0.510109	0.499728	0.219049	0.195163	0.0354209	0.0114407	0	2.320652	1.976721	0.3956673	0.6043327	94.781
3120	6.1415	-21.1381	27.2796	0.435772	0.564228	4.202995	0.560058	0.507018	0.518382	0.215504	0.200023	0.0350133	0.0115284	0	1.589087	1.857902	0.564228	0.435772	72.09449
3130	5.79465	-18.6509	24.4456	0.623429	0.376571	4.653706	0.567149	0.508431	0.509124	0.216839	0.20008	0.0351811	0.0117028	0	4.423141	1.516444	0.3765712	0.6234288	32.84311
3140	6.88088	-18.7405	25.6214	0.765126	0.234874	9.685361	0.563975	0.512132	0.505434	0.225048	0.197774	0.0352927	0.0115071	0	3.247341	1.579501	0.2348737	0.7651263	37.97527
3150	7.37532	-18.9066	26.2819	0.293338	0.706662	7.697777	0.574601	0.51234	0.507308	0.216109	0.19377	0.0351586	0.0115478	0	2.586825	1.690728	0.7066623	0.2933377	49.06008
3160	6.38374	-21.6572	28.041	0.106059	0.893941	6.760955	0.546994	0.519571	0.512125	0.216342	0.194025	0.0339286	0.0117386	0	0.8277181	1.826882	0.8939409	0.1060591	67.12462
3170	7.45421	-19.1333	26.5875	0.553614	0.446386	9.623848	0.548845	0.514483	0.503553	0.215518	0.198804	0.0345287	0.0117179	0	2.281152	1.765462	0.4463855	0.5536145	58.27225
3180	6.22144	-19.9767	26.1981	0.918416	0.0815836	4.054771	0.569067	0.521796	0.515757	0.223037	0.198508	0.0353644	0.0115343	0	2.67055	1.534208	0.08158356	0.9184164	34.21431
3190	4.92187	-17.9971	22.9189	0.887843	0.112157	7.016871	0.565493	0.523781	0.507596	0.222663	0.20231	0.035545	0.0114614	0	5.949751	1.45848	0.1121565	0.8878435	28.73957
3200	7.22134	-19.1635	26.3849	0.468141	0.531859	8.544493	0.566273	0.527297	0.510848	0.225486	0.203333	0.0355245	0.0114534	0	2.483832	1.77312	0.5318591	0.4681409	59.30885
3210	6.23973	-18.2038	24.4436	0.70554	0.29446	6.01478	0.571762	0.527557	0.518494	0.221755	0.200243	0.0356857	0.0115408	0	4.425125	1.853569	0.2944599	0.7055401	71.3788
3220	7.14473	-19.4349	26.5796	0.207999	0.792001	5.570918	0.55333	0.529279	0.520849	0.223581	0.200403	0.0353013	0.0114709	0	2.289051	1.883666	0.7920005	0.2079995	76.50075
3230	7.66093	-19.1395	26.8004	0.722601	0.277399	8.741405	0.554535	0.525208	0.507786	0.222783	0.20061	0.0348113	0.0116946	0	2.068252	1.648926	0.2773994	0.7226006	44.55798
3240	6.00225	-19.1542	25.1564	0.355066	0.644934	9.659909	0.547502	0.514662	0.4992	0.224215	0.194396	0.034243	0.0113925	0	3.712247	1.474849	0.6449338	0.3550662	29.84342
3250	6.80746	-20.0164	26.8238	0.867671	0.132329	9.766674	0.548111	0.527036	0.522076	0.225043	0.194132	0.0349441	0.0113691	0	2.044867	1.942176	0.132329	0.867671	87.53391
3260	6.82399	-20.1813	27.0053	0.99821	0.00178952	4.840676	0.550443	0.509226	0.517528	0.222765	0.193798	0.0355507	0.0114494	0	1.86343	1.871953	0.001789524	0.9982105	74.46521
3270	6.66933	-20.928	27.5973	0.846246	0.153754	10.421	0.563478	0.506549	0.51035	0.21711	0.194342	0.0352244	0.0115995	0	1.271409	1.59863	0.1537542	0.8462458	39.68529
3280	7.01534	-19.6246	26.64	0.346021	0.653979	11.236	0.555382	0.514756	0.50254	0.215836	0.198559	0.0341825	0.0117033	0	2.228735	1.684356	0.653979	0.346021	48.34549
3290	5.77786	-20.7139	26.4918	0.995293	0.00470699	3.305977	0.552434	0.523238	0.506714	0.221756	0.198752	0.033996	0.0115394	0	2.376943	1.766566	0.00470699	0.995293	58.42055
3300	5.52808	-18.8764	24.4045	0.157627	0.842373	4.013589	0.550007	0.512108	0.505589	0.217608	0.200648	0.0339403	0.0112619	0	4.464221	1.885671	0.8423729	0.1576271	76.85485
3310	5.27355	-18.3275	23.6011	0.327762	0.672238	5.078991	0.55903	0.525154	0.516694	0.215706	0.198371	0.0348654	0.0113113	0	5.267642	1.503325	0.6722377	0.3277623	31.8658
3320	6.96547	-20.4827	27.4482	0.846005	0.153995	8.147112	0.556276	0.522728	0.521602	0.221724	0.203323	0.0346773	0.0116129	0	1.420512	1.497633	0.153995	0.846005	31.45092
3330	6.77759	-19.7708	26.5484	0.550934	0.449066	6.876244	0.554467	0.513971	0.514385	0.220471	0.202282	0.0345141	0.0115784	0	2.320284	1.392171	0.4490663	0.5509337	24.6701
3340	4.30906	-18.5074	22.8165	0.30528	0.69472	8.171386	0.557549	0.506278	0.51417	0.219998	0.202171	0.0354379	0.0117881	0	6.052196	1.798988	0.6947202	0.3052798	62.94889
3350	7.11749	-19.3856	26.5031	0.818331	0.181669	5.405675	0.565218	0.506587	0.51261	0.223312	0.197045	0.0346607	0.0116018	0	2.365624	1.8078	0.1816692	0.8183308	64.23923
3360	7.44836	-19.5995	27.0478	0.784583	0.215417	8.81842	0.573342	0.514035	0.523238	0.220961	0.198965	0.0352869	0.0116938	0	1.820852	1.561644	0.2154167	0.7845833	36.44552
3370	5.91703	-21.9711	27.8881	0.793595	0.206405	5.928384	0.569341	0.519575	0.523108	0.221449	0.199731	0.0352704	0.0116226	0	0.9805946	1.501479	0.2064048	0.7935952	31.73062
3380	7.18379	-19.7482	26.932	0.341219	0.658781	7.136659	0.559092	0.528387	0.513245	0.225193	0.201782	0.035521	0.0117397	0	1.936721	1.483175	0.6587813	0.3412187	30.42108
3390	6.19476	-21.1344	27.3291	0.522638	0.477362	9.242922	0.562606	0.523063	0.510416	0.22076	0.202227	0.0353293	0.0115292	0	1.539561	1.434057	0.4773615	0.5226385	27.16797
3400	7.64229	-20.1382	27.7805	0.468889	0.531111	9.384542	0.549613	0.516436	0.501701	0.224735	0.199109	0.0351981	0.01162	0	1.088188	1.794712	0.5311107	0.4688893	62.33208
3410	5.97743	-19.947	25.9244	0.677077	0.322923	13.54672	0.555354	0.524114	0.512592	0.225714	0.195137	0.0354109	0.011494	0	2.944263	1.801399	0.3229228	0.6770772	63.29928
3420	6.31808	-19.8393	26.1574	0.00521103	0.994789	9.084631	0.55846	0.527942	0.517726	0.223562	0.193728	0.0352721	0.0116719	0	2.711343	1.989415	0.994789	0.005211033	97.5922
3430	7.31105	-20.2537	27.5647	0.97328	0.0267197	10.65768	0.551393	0.524586	0.521646	0.214919	0.199496	0.0341362	0.01161	0	1.303961	1.7107	0.02671971	0.9732803	51.36887
3440	7.12492	-18.9194	26.0443	0.243394	0.756606	10.37363	0.569404	0.526844	0.52005	0.218286	0.197363	0.0354225	0.0114627	0	2.824349	1.732132	0.7566055	0.2433945	53.96746
3450	6.71567	-20.2766	26.9922	0.497704	0.502296	11.44092	0.549681	0.505737	0.515924	0.218382	0.195224	0.0352704	0.0113802	0	1.87645	1.645953	0.5022961	0.4977039	44.25403
3460	5.66418	-18.2356	23.8998	0.699903	0.300097	4.936375	0.546686	0.526574	0.52023	0.220016	0.200319	0.034992	0.0114596	0	4.968915	1.760447	0.3000974	0.6999026	57.60322
3470	7.62948	-20.0688	27.6983	0.959911	0.0400887	10.66737	0.5483	0.518377	0.52321	0.224715	0.199267	0.0346327	0.0113067	0	1.170443	1.823349	0.04008869	0.9599113	66.58082
3480	3.20468	-19.5003	22.705	0.189881	0.810119	11.06339	0.55565	0.511253	0.516838	0.220396	0.20174	0.0347027	0.0115178	0	6.163679	1.795649	0.8101187	0.1898813	62.4667
3490	5.4526	-19.944	25.3966	0.197127	0.802873	3.696712	0.546924	0.50893	0.505573	0.216785	0.201609	0.0341813	0.0118042	0	3.472107	1.351345	0.8028735	0.1971265	22.45665
3500	6.01589	-19.5294	25.5453	0.948577	0.0514226	3.814821	0.561901	0.520712	0.515128	0.217108	0.201317	0.0342644	0.0115618	0	3.323431	1.903393	0.05142257	0.9485774	80.05582
3510	7.59614	-19.7817	27.3779	0.0755028	0.924497	9.731993	0.571866	0.509163	0.519291	0.215011	0.197381	0.0348395	0.0114126	0	1.490813	1.845027	0.9244972	0.07550278	69.98855
3520	5.61662	-20.7223	26.3389	0.0544481	0.945552	7.710274	0.572354	0.507042	0.516857	0.219693	0.195686	0.0343806	0.011539	0	2.529781	1.25692	0.9455519	0.05444813	18.06842
3530	7.20901	-20.8682	28.0772	0.0544951	0.945505	11.13456	0.56474	0.513204	0.520712	0.217481	0.193807	0.0350743	0.0116977	0	0.7915039	1.928546	0.9455049	0.05449509	84.82941
3540	7.04144	-19.5432	26.5846	0.171424	0.828576	7.836927	0.565877	0.506723	0.513021	0.224223	0.195832	0.0355523	0.0118116	0	2.284083	1.447024	0.8285762	0.1714238	27.99134
3550	6.60134	-18.3256	24.9269	0.770599	0.229401	8.746131	0.566675	0.522287	0.514923	0.216794	0.193899	0.0356172	0.0118088	0	3.941785	1.656474	0.229401	0.770599	45.33918
3560	3.81206	-19.99	23.802	0.833189	0.166811	7.11889	0.559452	0.529095	0.522053	0.21956	0.194534	0.0344994	0.0115259	0	5.066672	1.122819	0.1668111	0.8331889	13.26841
3570	6.97681	-20.1607	27.1375	0.336414	0.663586	10.01236	0.548428	0.524272	0.514913	0.220477	0.197356	0.0355933	0.0117491	0	1.73122	1.94896	0.663586	0.336414	88.91184
3580	5.13228	-18.2106	23.3429	0.149515	0.850485	7.950471	0.546545	0.52797	0.516917	0.223079	0.203121	0.0353556	0.0115923	0	5.525803	1.426984	0.8504846	0.1495154	26.7291
3590	6.64338	-20.0063	26.6497	0.0998875	0.900113	9.003631	0.561775	0.52513	0.515572	0.215415	0.201629	0.035215	0.0114142	0	2.219009	1.974624	0.9001125	0.0998875	94.3244
3600	7.15779	-20.9529	28.1107	0.0593031	0.940697	9.825344	0.562725	0.525652	0.519614	0.216345	0.19695	0.0347636	0.011607	0	0.7579916	1.924283	0.9406969	0.05930309	84.00073
3610	5.89989	-18.3861	24.286	0.290686	0.709314	9.483185	0.546657	0.523713	0.515791	0.215814	0.19922	0.034084	0.0118105	0	4.582718	1.621167	0.7093141	0.2906859	41.79906
3620	7.5165	-19.6593	27.1758	0.563538	0.436462	7.271203	0.550475	0.513141	0.518707	0.216696	0.198265	0.0350404	0.0116415	0	1.692928	1.763461	0.4364621	0.5635379	58.00446
3630	7.21377	-19.1038	26.3176	0.230163	0.769837	6.934294	0.565804	0.507393	0.512404	0.21689	0.194844	0.0342603	0.0115459	0	2.551139	1.809997	0.7698366	0.2301634	64.56501
3640	5.85059	-19.0261	24.8767	0.384173	0.615827	10.19476	0.55597	0.5245	0.509961	0.218538	0.201808	0.0356171	0.0117307	0	3.992001	1.504857	0.6158265	0.3841735	31.97842
3650	6.42373	-18.3351	24.7589	0.180001	0.819999	6.306389	0.559211	0.525842	0.519724	0.220776	0.199039	0.0352041	0.0117811	0	4.109831	1.892165	0.8199987	0.1800013	78.01271
3660	7.12067	-20.3916	27.5122	0.611558	0.388442	7.460161	0.572818	0.527987	0.522372	0.225453	0.196864	0.0339628	0.011612	0	1.356449	1.550723	0.3884423	0.6115577	35.54044
3670	4.98218	-18.594	23.5762	0.486129	0.513871	10.22664	0.554141	0.524894	0.513277	0.22211	0.193829	0.0349311	0.0113911	0	5.292475	1.525559	0.5138715	0.4861285	33.53966
3680	7.45242	-20.3613	27.8138	0.402648	0.597352	8.929043	0.548996	0.503243	0.499778	0.224819	0.197464	0.0355362	0.0117607	0	1.054945	1.905581	0.5973521	0.4026479	80.4602
3690	7.28234	-20.3725	27.6549	0.753988	0.246012	8.621256	0.554739	0.512171	0.50239	0.220959	0.199079	0.0356182	0.0117475	0	1.213817	1.962535	0.2460118	0.7539882	91.73508
3700	5.33036	-21.2062	26.5366	0.0216014	0.978399	11.7129	0.571686	0.528229	0.520727	0.225002	0.197095	0.0345074	0.0117795	0	2.332101	1.523126	0.9783986	0.02160141	33.35234
3710	5.6374	-18.1464	23.7838	0.355176	0.644824	5.65649	0.573057	0.525946	0.509407	0.225495	0.201629	0.0350876	0.0115496	0	5.084861	1.64315	0.6448242	0.3551758	43.96937
3720	5.84065	-18.7357	24.5763	0.323947	0.676053	4.514695	0.568281	0.516491	0.501158	0.223681	0.194664	0.034383	0.011613	0	4.292355	1.966945	0.676053	0.323947	92.67123
3730	7.25159	-20.0452	27.2968	0.291958	0.708042	7.319404	0.562146	0.524244	0.522367	0.221866	0.201532	0.0339364	0.01131	0	1.571911	1.983255	0.7080422	0.2919578	96.21777
3740	7.39965	-20.3571	27.7567	0.468041	0.531959	8.13152	0.549099	0.513142	0.523224	0.221077	0.198286	0.035685	0.0116449	0	1.111984	1.876127	0.5319589	0.4680411	75.18428
3750	7.66618	-19.4777	27.1438	0.0975183	0.902482	8.603808	0.563151	0.508145	0.509375	0.215495	0.194702	0.0354323	0.0117995	0	1.724853	1.788607	0.9024817	0.09751831	61.46205
3760	7.70356	-19.4355	27.1391	0.00106136	0.998939	8.979062	0.567961	0.511293	0.512527	0.214842	0.195572	0.0348988	0.0117794	0	1.729602	1.738342	0.9989386	0.001061358	54.74465
3770	6.55703	-18.5395	25.0966	0.010279	0.989721	6.713994	0.558524	0.508278	0.499353	0.222699	0.198103	0.0346691	0.0114463	0	3.772137	1.826518	0.989721	0.01027895	67.06838
3780	7.02747	-19.8965	26.924	0.744474	0.255526	10.66597	0.567452	0.516254	0.499689	0.224119	0.195891	0.03499	0.0113914	0	1.944686	1.618709	0.255526	0.744474	41.56322
3790	5.62558	-19.7172	25.3428	0.0469802	0.95302	4.376978	0.572948	0.519185	0.507088	0.224428	0.194087	0.0343719	0.0113294	0	3.52589	1.328152	0.9530198	0.04698018	21.28884
3800	6.63679	-20.7563	27.3931	0.845886	0.154114	6.165573	0.552824	0.512019	0.508981	0.225426	0.193258	0.034432	0.0113707	0	1.475594	1.462899	0.1541144	0.8458856	29.0335
3810	6.55826	-20.6177	27.1759	0.771626	0.228374	10.1265	0.547985	0.504062	0.522774	0.223483	0.193932	0.0349786	0.0112222	0	1.692752	1.527022	0.2283741	0.7716259	33.65288
3820	7.66399	-19.9691	27.6331	0.738053	0.261947	8.533105	0.546259	0.503412	0.518409	0.221145	0.195238	0.0345041	0.0113652	0	1.235619	1.755754	0.2619468	0.7380532	56.98411
3830	7.45618	-19.4331	26.8893	0.526395	0.473605	7.068982	0.556825	0.505424	0.518491	0.21834	0.195966	0.0345125	0.0113307	0	1.979388	1.66032	0.4736047	0.5263953	45.7425
3840	5.16474	-18.0799	23.2447	0.445406	0.554594	7.696109	0.547755	0.504088	0.52173	0.218589	0.194798	0.0345772	0.0114007	0	5.624027	1.594396	0.5545936	0.4454064	39.30028
3850	4.77007	-18.6729	23.4429	0.855246	0.144754	7.677865	0.552905	0.517857	0.517377	0.221863	0.195599	0.0343394	0.0116057	0	5.425764	1.308767	0.1447538	0.8552462	20.3595
3860	6.945	-18.6589	25.6039	0.438766	0.561234	6.129399	0.548321	0.527882	0.508288	0.220295	0.201335	0.0345924	0.0117419	0	3.264833	1.890493	0.5612343	0.4387657	77.71292
3870	5.03193	-18.9037	23.9356	0.747339	0.252661	3.690557	0.548932	0.512141	0.50834	0.219141	0.20072	0.0348069	0.0114657	0	4.933101	1.957057	0.2526614	0.7473386	90.58506
3880	1.32821	-20.1328	21.461	0.612072	0.387928	0.8958463	0.551866	0.506706	0.514192	0.220399	0.200164	0.0344583	0.0117991	0	7.4077	1.277554	0.3879275	0.6120725	18.9476
3890	5.30629	-20.6969	26.0032	0.828783	0.171217	6.737626	0.549341	0.508527	0.503819	0.215508	0.20265	0.0347948	0.0115239	0	2.865483	1.174008	0.1712172	0.8287828	14.92822
3900	6.13942	-21.4762	27.6157	0.81718	0.18282	6.575881	0.551448	0.50618	0.510152	0.216492	0.20009	0.0349292	0.0114107	0	1.253039	1.395222	0.1828196	0.8171804	24.84404
3910	7.12779	-20	27.1277	0.65113	0.34887	5.59081	0.550189	0.506158	0.508335	0.215235	0.198555	0.034917	0.011691	0	1.740945	1.890376	0.3488701	0.6511299	77.69187
3920	7.18632	-19.34	26.5263	0.492473	0.507527	7.821871	0.565079	0.506716	0.509377	0.219766	0.195351	0.0345818	0.0114639	0	2.342416	1.884626	0.5075271	0.4924729	76.67006
3930	7.219	-19.646	26.865	0.408613	0.591387	6.424312	0.557455	0.506159	0.507566	0.215795	0.195608	0.0354026	0.0112395	0	2.003692	1.560271	0.5913873	0.4086127	36.33045
3940	7.10284	-20.7096	27.8124	0.231198	0.768802	7.864389	0.55721	0.528401	0.515851	0.214667	0.196	0.0349101	0.0113821	0	1.056267	1.948575	0.7688017	0.2311983	88.8331
3950	5.94104	-19.0635	25.0046	0.277791	0.722209	4.066426	0.557273	0.527208	0.509003	0.220212	0.203103	0.0348964	0.0114086	0	3.864124	1.673779	0.7222085	0.2777915	47.18231
3960	7.35262	-19.2911	26.6438	0.181249	0.818751	8.574605	0.549917	0.520961	0.513937	0.225005	0.20035	0.0342005	0.0116207	0	2.224936	1.567107	0.8187511	0.1812489	36.90686
3970	7.16487	-19.7226	26.8875	0.815325	0.184675	5.95966	0.55194	0.528743	0.504641	0.219371	0.198104	0.0351058	0.0115974	0	1.981225	1.604782	0.1846748	0.8153252	40.25145
3980	7.33528	-19.74	27.0753	0.631226	0.368774	6.300665	0.548686	0.520292	0.49857	0.221087	0.199894	0.0347805	0.0117001	0	1.793397	1.878449	0.3687738	0.6312262	75.58736
3990	6.71637	-18.7366	25.4529	0.895695	0.104305	6.982388	0.556707	0.52429	0.505523	0.224501	0.196233	0.034676	0.0117042	0	3.415748	1.44765	0.1043054	0.8956946	28.03175
4000	6.73827	-21.4647	28.2029	0.794344	0.205656	9.455857	0.561664	0.524241	0.505007	0.21572	0.19993	0.0344801	0.0116941	0	0.6657611	1.775294	0.2056559	0.7943441	59.60656
4010	7.30757	-20.0907	27.3983	0.452063	0.547937	6.994711	0.555793	0.52893	0.497886	0.220749	0.200962	0.034032	0.0113167	0	1.470407	1.761216	0.5479369	0.4520631	57.70538
4020	6.71738	-19.2659	25.9833	0.752246	0.247754	6.425598	0.574888	0.523338	0.498857	0.22249	0.195329	0.0346608	0.0114384	0	2.88544	1.402947	0.2477538	0.7522462	25.28991
4030	7.65028	-19.1719	26.8221	0.933871	0.0661293	8.307398	0.574084	0.508316	0.499096	0.224119	0.198839	0.0353112	0.0114605	0	2.046553	1.61142	0.06612928	0.9338707	40.87143
4040	2.4818	-24.4002	26.882	0.165998	0.834002	3.66247	0.564113	0.518425	0.523498	0.215491	0.200085	0.0355256	0.011764	0	1.986678	0.8115583	0.8340022	0.1659978	6.479751
4050	7.04132	-19.0324	26.0737	0.999062	0.000937505	5.525198	0.573134	0.523139	0.51301	0.217272	0.201826	0.0345351	0.0115742	0	2.794964	1.979437	0.0009375052	0.9990625	95.37564
4060	6.54843	-21.7489	28.2974	0.0745144	0.925486	11.50917	0.57253	0.528357	0.500693	0.219152	0.201998	0.0345721	0.0113876	0	0.5713217	1.982232	0.9254856	0.07451444	95.99125
4070	7.21649	-19.8651	27.0816	0.0167399	0.98326	9.490242	0.568032	0.512498	0.498313	0.223739	0.196292	0.0352353	0.0116675	0	1.787135	1.577959	0.9832601	0.01673991	37.84071
4080	1.7379	-23.4622	25.2001	0.33586	0.66414	3.70511	0.571254	0.50604	0.513153	0.220518	0.198657	0.034881	0.011762	0	3.668592	0.7254678	0.6641399	0.3358601	5.314566
4090	2.89387	-23.9748	26.8687	0.17996	0.82004	5.569724	0.573754	0.515755	0.505021	0.216792	0.203197	0.0354067	0.0117618	0	2.000008	0.8936458	0.8200397	0.1799603	7.827909
4100	6.21674	-20.0438	26.2605	0.3025	0.6975	4.246608	0.556244	0.511146	0.501259	0.217389	0.203157	0.0351321	0.011453	0	2.608177	1.500712	0.6975001	0.3024999	31.67466
4110	6.93527	-19.6498	26.5851	0.737785	0.262215	6.646574	0.55913	0.528464	0.510699	0.216547	0.203246	0.0343275	0.0117283	0	2.283599	1.429179	0.2622148	0.7377852	26.86452
4120	6.94761	-19.4751	26.4227	0.187557	0.812443	7.449054	0.565141	0.527737	0.514613	0.223848	0.201523	0.0350284	0.0112554	0	2.445963	1.442471	0.8124431	0.1875569	27.69945
4130	6.90467	-20.5328	27.4375	0.851046	0.148954	12.69079	0.562022	0.528588	0.509774	0.22479	0.197627	0.0355291	0.0113887	0	1.431193	1.984622	0.1489541	0.8510459	96.52102
4140	6.39869	-19.3276	25.7263	0.840472	0.159528	9.391203	0.567101	0.508745	0.522422	0.223195	0.199374	0.0342485	0.0116086	0	3.142388	1.826856	0.1595278	0.8404722	67.12061
4150	5.93086	-21.1057	27.0365	0.45222	0.54778	3.798196	0.56752	0.506162	0.502302	0.218292	0.202048	0.0342104	0.0117626	0	1.83216	1.686293	0.5477797	0.4522203	48.56155
4160	7.53533	-19.8282	27.3635	0.432833	0.567167	7.795374	0.568886	0.515027	0.50089	0.220428	0.201654	0.0345473	0.0115443	0	1.505178	1.752741	0.5671668	0.4328332	56.59013
4170	6.09194	-20.5955	26.6874	0.545784	0.454216	14.20072	0.56748	0.510893	0.499859	0.217536	0.200579	0.0342461	0.0115834	0	2.181255	1.869846	0.4542163	0.5457837	74.1048
4180	6.13159	-19.672	25.8036	0.84957	0.15043	3.894285	0.555611	0.508909	0.498509	0.220242	0.199376	0.0339431	0.0113274	0	3.065092	1.629462	0.1504298	0.8495702	42.60514
4190	5.38795	-19.4322	24.8201	0.99878	0.00122001	9.9898	0.546899	0.515375	0.513018	0.221364	0.201719	0.0345481	0.011396	0	4.048556	1.434723	0.001220009	0.99878	27.20968
4200	6.59354	-19.3427	25.9362	0.270179	0.729821	5.749978	0.549348	0.503352	0.512444	0.21652	0.203242	0.0341775	0.0114294	0	2.932504	1.447801	0.7298214	0.2701786	28.04151
4210	6.8549	-20.9341	27.789	0.406292	0.593708	10.77201	0.566963	0.511605	0.521603	0.217629	0.195723	0.0341474	0.0113613	0	1.079706	1.702525	0.5937075	0.4062925	50.41095
4220	4.02146	-22.1502	26.1716	0.0161864	0.983814	5.119616	0.573713	0.515741	0.5219	0.220781	0.199771	0.0349369	0.0115804	0	2.697063	0.974396	0.9838136	0.01618638	9.427488
4230	4.76998	-20.6838	25.4537	0.432673	0.567327	11.80821	0.567308	0.509459	0.520887	0.221108	0.195681	0.0344211	0.0113306	0	3.414952	1.503358	0.5673273	0.4326727	31.8682
4240	3.43644	-19.8002	23.2367	0.531848	0.468152	4.381998	0.559276	0.504636	0.521595	0.225353	0.199423	0.0345759	0.0114431	0	5.632033	1.05393	0.468152	0.531848	11.32217
4250	6.61451	-18.4851	25.0996	0.738166	0.261834	6.689682	0.559713	0.503602	0.509617	0.217754	0.199258	0.0347613	0.0116373	0	3.769051	1.67789	0.2618343	0.7381657	47.63104
4260	7.23838	-19.4666	26.705	0.896792	0.103208	11.26353	0.550603	0.510413	0.517401	0.217512	0.196852	0.0345059	0.0115575	0	2.163722	1.719048	0.1032077	0.8967923	52.3658
4270	7.68363	-19.5382	27.2219	0.22704	0.77296	9.993357	0.546787	0.521157	0.503364	0.217443	0.196393	0.034665	0.0116839	0	1.646824	1.734597	0.7729599	0.2270401	54.27465
4280	6.45482	-21.0608	27.5156	0.0233145	0.976686	9.863653	0.556884	0.512793	0.506051	0.219341	0.19341	0.0353713	0.0116107	0	1.353066	1.536216	0.9766855	0.02331447	34.37286
4290	7.0406	-18.6902	25.7308	0.856418	0.143582	6.485952	0.560949	0.518755	0.505283	0.218306	0.194865	0.0348833	0.0117873	0	3.13792	1.801398	0.1435823	0.8564177	63.29914
4300	7.23931	-20.4614	27.7007	0.959042	0.0409576	12.17876	0.56749	0.509498	0.512291	0.221264	0.197634	0.0342141	0.0116891	0	1.16797	1.863478	0.04095757	0.9590424	73.02607
4310	3.32836	-20.5032	23.8316	0.232734	0.767266	7.727081	0.561521	0.512169	0.523381	0.221626	0.202045	0.0346097	0.011333	0	5.037092	1.108955	0.7672662	0.2327338	12.85155
4320	5.91264	-21.7868	27.6994	0.0941199	0.90588	5.157618	0.566555	0.512576	0.522344	0.224319	0.203223	0.0344805	0.0115471	0	1.169249	1.575253	0.9058801	0.09411989	37.60567
4330	6.74821	-21.4659	28.2141	0.993109	0.00689077	10.75732	0.567244	0.523879	0.522502	0.223179	0.195063	0.0342321	0.0117013	0	0.6546171	1.841175	0.006890765	0.9931092	69.37053
4340	0.275392	-23.5609	23.8363	0.755281	0.244719	5.921453	0.559886	0.522819	0.523018	0.223325	0.198769	0.0339964	0.0115683	0	5.032442	0.7464918	0.2447191	0.7552809	5.578171
4350	6.99645	-19.2137	26.2102	0.536954	0.463046	5.866332	0.558	0.510755	0.518355	0.222688	0.194202	0.0343416	0.011231	0	2.658539	1.605641	0.4630459	0.5369541	40.33118
4360	7.60552	-19.4667	27.0723	0.665024	0.334976	9.807944	0.566565	0.503728	0.49984	0.225231	0.199447	0.0341132	0.0112517	0	1.796424	1.790713	0.3349759	0.6650241	61.76078
4370	5.76326	-18.1742	23.9374	0.888646	0.111354	6.197933	0.55708	0.512959	0.501141	0.221135	0.19954	0.0346637	0.0112723	0	4.931269	1.628681	0.1113542	0.8886458	42.52858
4380	7.09662	-20.3039	27.4006	0.973945	0.0260551	5.874369	0.572685	0.503773	0.509339	0.223311	0.198918	0.0347851	0.0116986	0	1.468138	1.866404	0.0260551	0.9739449	73.51975
4390	4.09714	-19.1149	23.2121	0.694928	0.305072	11.41424	0.572193	0.505149	0.518075	0.220385	0.202821	0.0347472	0.0117293	0	5.656622	1.754953	0.305072	0.694928	56.87909
4400	6.96531	-18.7309	25.6962	0.495705	0.504295	10.07467	0.567965	0.515171	0.52183	0.220601	0.195386	0.0350491	0.0116341	0	3.172494	1.712302	0.5042954	0.4957046	51.55874
4410	1.61142	-25.9708	27.5822	0.266345	0.733655	9.362392	0.561624	0.526926	0.503712	0.215692	0.195004	0.0346646	0.0115471	0	1.286455	1.076753	0.7336546	0.2663454	11.9331
4420	7.63793	-19.0792	26.7171	0.885112	0.114888	8.988734	0.57188	0.52803	0.49945	0.214705	0.193802	0.0355972	0.0114052	0	2.151562	1.77547	0.1148884	0.8851116	59.63068
4430	5.58177	-19.0972	24.679	0.741794	0.258206	9.230029	0.565378	0.527333	0.503281	0.21712	0.198856	0.0339651	0.0114611	0	4.189717	1.800282	0.2582059	0.7417941	63.13669
4440	7.45781	-19.7305	27.1883	0.727912	0.272088	7.44355	0.571781	0.518434	0.507755	0.219511	0.19499	0.0344999	0.0115107	0	1.680371	1.849658	0.2720882	0.7279118	70.73881
4450	6.55847	-19.1943	25.7528	0.84384	0.15616	10.68292	0.563829	0.526389	0.519778	0.221207	0.193363	0.034009	0.0112218	0	3.11589	1.807664	0.15616	0.84384	64.21909
4460	5.44536	-18.0237	23.469	0.958049	0.0419509	6.15049	0.564262	0.518979	0.505469	0.2226	0.196983	0.0342014	0.0112269	0	5.39968	1.723481	0.04195089	0.9580491	52.90304
4470	6.68344	-20.3713	27.0547	0.607231	0.392769	6.594065	0.562996	0.525782	0.498165	0.220285	0.195245	0.0347173	0.0112534	0	1.813969	1.400767	0.3927688	0.6072312	25.16329
4480	6.40647	-19.279	25.6855	0.974677	0.0253229	6.026879	0.572974	0.516912	0.508808	0.225264	0.199242	0.0348921	0.0114872	0	3.183219	1.355869	0.02532291	0.9746771	22.69181
4490	2.40037	-21.0661	23.4664	0.810474	0.189526	15.94343	0.566929	0.521151	0.501411	0.224107	0.199888	0.0353616	0.0113409	0	5.402248	1.889074	0.1895263	0.8104737	77.45931
4500	6.67614	-19.4094	26.0855	0.863946	0.136054	10.65628	0.574338	0.524126	0.520571	0.22483	0.201898	0.034412	0.0112961	0	2.783195	1.590764	0.1360541	0.8639459	38.97306
4510	7.15728	-19.3638	26.5211	0.0375847	0.962415	8.382411	0.569389	0.507074	0.510641	0.217491	0.200937	0.0348457	0.0112309	0	2.347592	1.805629	0.9624153	0.0375847	63.91885
4520	7.56092	-19.5205	27.0814	0.836592	0.163408	7.293818	0.572608	0.508125	0.517833	0.219226	0.19932	0.0356072	0.0112239	0	1.787269	1.642373	0.163408	0.836592	43.8907
4530	5.83866	-22.0529	27.8915	0.841168	0.158832	5.802676	0.553221	0.50902	0.521943	0.2164	0.200015	0.0349268	0.0114481	0	0.9771619	1.508023	0.1588315	0.8411685	32.21242
4540	5.88643	-18.3515	24.238	0.73811	0.26189	8.352506	0.561048	0.512387	0.517282	0.224598	0.197119	0.0350869	0.0117102	0	4.630726	1.453268	0.2618903	0.7381097	28.39672
4550	7.00949	-20.2534	27.2629	0.0567634	0.943237	9.6019	0.550913	0.506277	0.516642	0.223097	0.193254	0.0344486	0.0113532	0	1.605815	1.956785	0.9432366	0.05676338	90.52838
4560	7.45087	-19.4354	26.8863	0.852353	0.147647	6.948151	0.550572	0.51223	0.516369	0.214667	0.194411	0.0352605	0.0112665	0	1.98238	1.842122	0.1476473	0.8523527	69.522
4570	7.17552	-18.8784	26.0539	0.733451	0.266549	6.337841	0.559368	0.526162	0.509729	0.215999	0.194927	0.0355903	0.0114429	0	2.814746	1.725843	0.2665487	0.7334513	53.19158
4580	5.81951	-18.7659	24.5854	0.848823	0.151177	10.76188	0.548248	0.52672	0.501408	0.218318	0.200662	0.0355178	0.0112589	0	4.283265	1.724999	0.1511773	0.8488227	53.08833
4590	4.93929	-21.7176	26.6569	0.801521	0.198479	14.96882	0.550923	0.523454	0.50016	0.217101	0.203346	0.0352793	0.0113364	0	2.211835	1.783009	0.1984793	0.8015207	60.67487
4600	5.38855	-17.9958	23.3844	0.764784	0.235216	6.272237	0.546867	0.516639	0.513567	0.220766	0.198135	0.0352604	0.011399	0	5.484296	1.708584	0.2352165	0.7647835	51.11922
4610	7.32233	-19.6669	26.9893	0.459689	0.540311	6.47605	0.547771	0.50968	0.506578	0.218675	0.193275	0.0354776	0.0115697	0	1.879438	1.606693	0.5403108	0.4596892	40.42904
4620	4.03634	-20.6699	24.7062	0.180223	0.819777	11.69805	0.56148	0.515385	0.521359	0.222927	0.195478	0.0356639	0.0112732	0	4.162486	1.451145	0.8197775	0.1802225	28.25824
4630	4.61349	-18.4635	23.077	0.677542	0.322458	7.830963	0.55506	0.528193	0.514667	0.22226	0.195415	0.0356082	0.0115376	0	5.791708	1.326908	0.3224579	0.6775421	21.22796
4640	7.16125	-19.2789	26.4402	0.456698	0.543302	7.595483	0.548715	0.517174	0.523712	0.222071	0.198584	0.0345705	0.0117824	0	2.428534	1.974924	0.5433016	0.4566984	94.38946
4650	7.46347	-19.2992	26.7627	0.411149	0.588851	8.258008	0.558232	0.506044	0.51309	0.222743	0.200667	0.0339671	0.0115465	0	2.105987	1.739553	0.5888511	0.4111489	54.89761
4660	7.50782	-20.3944	27.9022	0.883134	0.116866	10.60905	0.565845	0.506069	0.500442	0.216779	0.200746	0.0341454	0.0117195	0	0.9664743	1.857951	0.1168661	0.8831339	72.10268
4670	6.33826	-18.6013	24.9396	0.474862	0.525138	5.168567	0.572476	0.506725	0.51307	0.219806	0.201034	0.0342444	0.0115185	0	3.929109	1.667303	0.5251379	0.4748621	46.48392
4680	6.97193	-19.8311	26.803	0.858501	0.141499	9.49019	0.557686	0.50658	0.513119	0.220602	0.196918	0.0344703	0.0114208	0	2.065683	1.907364	0.1414989	0.8585011	80.79115
4690	4.89626	-20.161	25.0573	0.153884	0.846116	14.30783	0.574796	0.513431	0.515982	0.222558	0.195834	0.0353236	0.0113214	0	3.811402	1.832177	0.8461159	0.1538841	67.94806
4700	6.50457	-19.7701	26.2747	0.68081	0.31919	4.260077	0.552795	0.527043	0.521769	0.219448	0.193544	0.0346186	0.01142	0	2.594036	1.862754	0.3191903	0.6808097	72.90449
4710	6.80203	-18.8808	25.6828	0.653678	0.346322	10.30741	0.558449	0.516294	0.515652	0.224068	0.202241	0.0349078	0.0114486	0	3.185885	1.718987	0.3463224	0.6536776	52.35844
4720	6.30423	-18.6907	24.995	0.842523	0.157477	8.816403	0.564677	0.527117	0.50792	0.220962	0.200645	0.0340192	0.0112445	0	3.873734	1.484374	0.1574767	0.8425233	30.50523
4730	7.10725	-20.2623	27.3695	0.70661	0.29339	6.162835	0.565064	0.521491	0.499247	0.215265	0.202049	0.0348792	0.0114732	0	1.499189	1.676697	0.2933903	0.7066097	47.50042
4740	3.07446	-17.6801	20.7546	0.533017	0.466983	6.272772	0.562475	0.524868	0.50804	0.215836	0.201946	0.034714	0.0115866	0	8.114099	1.605361	0.4669834	0.5330166	40.30517
4750	6.95034	-18.9962	25.9465	0.53889	0.46111	5.43686	0.565673	0.510565	0.506244	0.224895	0.197842	0.0350162	0.0117042	0	2.922187	1.728613	0.4611096	0.5388904	53.53192
4760	4.57313	-17.9164	22.4896	0.611491	0.388509	5.962107	0.561975	0.51329	0.509725	0.215028	0.196519	0.0357077	0.0118076	0	6.379133	1.475248	0.3885085	0.6114915	29.87089
4770	5.71137	-18.8656	24.5769	0.494208	0.505792	4.150181	0.563632	0.510219	0.510671	0.217324	0.194171	0.035472	0.0115316	0	4.291749	1.918581	0.5057924	0.4942076	82.905
4780	5.31309	-21.8075	27.1206	0.249567	0.750433	3.170948	0.568306	0.506649	0.518791	0.215166	0.194973	0.0355197	0.0117098	0	1.748121	1.878031	0.7504328	0.2495672	75.51468
4790	7.47172	-19.3433	26.815	0.0927701	0.90723	7.50888	0.551423	0.504598	0.516963	0.215646	0.1951	0.0344481	0.0114451	0	2.053662	1.67314	0.9072299	0.09277007	47.11294
4800	3.3957	-18.2489	21.6446	0.675424	0.324576	3.806938	0.550338	0.505994	0.519453	0.220587	0.196169	0.0346746	0.011568	0	7.224092	1.894028	0.3245755	0.6754245	78.34803
4810	6.01631	-22.2653	28.2816	0.854426	0.145574	11.24498	0.556191	0.505886	0.522375	0.224866	0.198142	0.0346904	0.0117656	0	0.5871394	1.839702	0.1455741	0.8544259	69.13566
4820	5.03101	-22.2529	27.2839	0.535851	0.464149	4.5124	0.552847	0.503634	0.518857	0.222536	0.198634	0.0346041	0.0115402	0	1.584833	1.23662	0.4641486	0.5358514	17.24329
4830	2.45024	-18.3818	20.832	0.725712	0.274288	2.961877	0.571052	0.50879	0.516622	0.22245	0.201643	0.035636	0.0116267	0	8.036664	1.615792	0.274288	0.725712	41.28493
4840	7.42102	-19.4557	26.8767	0.928604	0.0713956	6.525928	0.566228	0.522447	0.505986	0.216187	0.193705	0.0350848	0.0114318	0	1.992023	1.957214	0.07139559	0.9286044	90.61782
4850	6.74609	-19.6448	26.3909	0.561559	0.438441	9.361659	0.570601	0.509389	0.506351	0.217938	0.193516	0.0348189	0.0114008	0	2.477814	1.484991	0.4384413	0.5615587	30.54856
4860	5.18131	-21.4075	26.5888	0.0948375	0.905162	15.49939	0.573767	0.517478	0.501276	0.217255	0.198249	0.0344059	0.011504	0	2.279854	1.881306	0.9051625	0.0948375	76.0863
4870	6.7931	-20.3924	27.1855	0.271122	0.728878	5.131825	0.560402	0.522028	0.504549	0.218636	0.199746	0.0353457	0.0116759	0	1.68316	1.762748	0.7288778	0.2711222	57.90932
4880	6.25869	-18.9492	25.2079	0.520083	0.479917	4.436098	0.551883	0.506747	0.503969	0.215297	0.193809	0.034894	0.0115311	0	3.660774	1.825774	0.4799171	0.5200829	66.95364
4890	5.18406	-17.9816	23.1656	0.571211	0.428789	6.659672	0.549338	0.51933	0.505524	0.217677	0.19344	0.0351805	0.0117634	0	5.70307	1.601536	0.4287892	0.5712108	39.95177
4900	5.89275	-18.1615	24.0542	0.0447069	0.955293	7.829181	0.566001	0.514041	0.516944	0.220381	0.193866	0.0353424	0.0115474	0	4.814461	1.549918	0.9552931	0.04470691	35.47464
4910	6.83733	-19.9924	26.8298	0.138223	0.861777	12.77233	0.560701	0.508984	0.511924	0.223172	0.198703	0.0348925	0.0116782	0	2.038945	1.857615	0.8617772	0.1382228	72.04693
4920	6.33924	-20.402	26.7412	0.315847	0.684153	4.236264	0.550401	0.514293	0.506775	0.219887	0.201147	0.0352976	0.0115843	0	2.127464	1.62386	0.684153	0.315847	42.05914
4930	6.21064	-20.6689	26.8795	0.843843	0.156157	3.986241	0.548244	0.518933	0.517295	0.222964	0.200573	0.035544	0.0114292	0	1.989182	1.68987	0.1561571	0.8438429	48.96327
4940	6.58784	-18.8936	25.4815	0.0714082	0.928592	7.695941	0.567341	0.524404	0.515493	0.220761	0.202352	0.0354954	0.0114282	0	3.387216	1.872158	0.9285918	0.07140819	74.50024
4950	5.90038	-18.8788	24.7791	0.227066	0.772934	4.415408	0.569072	0.503237	0.51962	0.224612	0.202717	0.0349878	0.0113464	0	4.089569	1.988392	0.7729337	0.2270663	97.36245
4960	6.69847	-18.5813	25.2798	0.519742	0.480258	7.052238	0.570908	0.520045	0.513506	0.222497	0.202376	0.0349861	0.0114366	0	3.588872	1.644959	0.4802581	0.5197419	44.15286
4970	6.75971	-18.6422	25.4019	0.483645	0.516355	7.144684	0.569947	0.511284	0.510213	0.225188	0.202201	0.035363	0.0114889	0	3.466764	1.707663	0.5163551	0.4836449	51.01089
4980	4.12901	-20.4904	24.6194	0.113432	0.886568	12.43077	0.569468	0.524062	0.500236	0.219999	0.199218	0.0346094	0.011437	0	4.24932	1.890758	0.8865677	0.1134323	77.76026
4990	0.018894	-21.8136	21.8325	0.887207	0.112793	13.05342	0.548457	0.524698	0.5049	0.222067	0.203199	0.0341147	0.0117657	0	7.036226	1.921013	0.1127927	0.8872073	83.37054
5000	7.70732	-19.4653	27.1726	0.799931	0.200069	9.88641	0.560085	0.525064	0.519749	0.221922	0.200842	0.0342065	0.0115978	0	1.696122	1.755576	0.2000691	0.7999309	56.96083
