Iteration	Posterior	Likelihood	Prior	clado_type_probs[1]	clado_type_probs[2]	distance_scale	epoch_times[1]	epoch_times[2]	epoch_times[3]	epoch_times[4]	epoch_times[5]	epoch_times[6]	epoch_times[7]	epoch_times[8]	extirpation_rate	log10_rate_bg	p_allopatry	p_sympatry	rate_bg
0	-62.9952	-90.0339	27.0387	0.942577	0.0574232	0.01	0.559612	0.515303	0.299545	0.195895	0.115017	0.0688697	0.0533081	0	0.8614681	-2	0.0574232	0.9425768	0.01
10	-0.691744	-25.9216	25.2298	0.44067	0.55933	0.1044373	0.562236	0.513814	0.294851	0.197549	0.11377	0.0693915	0.0516303	0	2.670352	0.6183217	0.5593299	0.4406701	4.152616
20	0.482438	-21.1845	21.6669	0.760432	0.239568	0.06221426	0.559149	0.517358	0.296051	0.190791	0.113026	0.071152	0.0522283	0	6.233267	1.410575	0.2395682	0.7604318	25.73799
30	1.11971	-23.5932	24.7129	0.108175	0.891825	0.01251887	0.573895	0.519091	0.2969	0.194096	0.111991	0.0710888	0.0519788	0	3.187239	1.321851	0.8918246	0.1081754	20.98218
40	0.949278	-23.4492	24.3985	0.616264	0.383736	0.04734046	0.561131	0.517285	0.294342	0.193636	0.112956	0.0709062	0.0510053	0	3.501717	0.9476334	0.3837361	0.6162639	8.864075
50	-1.34878	-28.0058	26.657	0.691438	0.308562	0.05135089	0.55847	0.513026	0.294127	0.193959	0.114819	0.0696781	0.0530142	0	1.243162	1.970901	0.3085625	0.6914375	93.51916
60	1.19799	-21.9311	23.1291	0.219965	0.780035	0.1425868	0.571348	0.506438	0.285393	0.190736	0.112192	0.0685313	0.0531304	0	4.77105	1.992248	0.7800349	0.2199651	98.23084
70	2.10405	-22.8278	24.9318	0.517223	0.482777	0.7625511	0.547227	0.513741	0.297875	0.190883	0.116095	0.0713589	0.0525646	0	2.968342	1.685702	0.4827771	0.5172229	48.49554
80	2.37925	-19.4502	21.8294	0.410374	0.589626	6.510384	0.559244	0.51944	0.291216	0.197274	0.114237	0.0706776	0.0527622	0	6.070765	1.240679	0.5896262	0.4103738	17.40522
90	3.37514	-23.608	26.9831	0.0691937	0.930806	6.852203	0.545974	0.506717	0.291157	0.194708	0.117195	0.0685881	0.0526499	0	0.9170629	1.493271	0.9308063	0.0691937	31.13659
100	4.99006	-20.3208	25.3108	0.305314	0.694686	5.947177	0.552158	0.507327	0.298563	0.188368	0.117376	0.0684392	0.052413	0	2.589332	1.40009	0.6946856	0.3053144	25.12409
110	2.49019	-19.404	21.8942	0.759241	0.240759	6.472794	0.550607	0.504596	0.292823	0.195398	0.115612	0.0692127	0.0512305	0	6.005995	1.2515	0.240759	0.759241	17.84432
120	4.89403	-20.3091	25.2031	0.363804	0.636196	6.839612	0.566565	0.504884	0.286553	0.197879	0.11548	0.0700002	0.0514858	0	2.697079	1.457378	0.6361956	0.3638044	28.6667
130	4.44109	-19.0408	23.4819	0.937507	0.0624928	6.211257	0.572653	0.508453	0.293991	0.19576	0.112304	0.06997	0.0523885	0	4.418303	1.708977	0.06249282	0.9375072	51.16546
140	4.10977	-18.9426	23.0524	0.100551	0.899449	5.701497	0.557977	0.505829	0.287317	0.197722	0.116184	0.0688769	0.0510768	0	4.847791	1.905054	0.899449	0.100551	80.36263
150	3.94558	-19.6558	23.6014	0.792233	0.207767	4.621764	0.551729	0.505633	0.285605	0.193289	0.116199	0.0703022	0.0515509	0	4.29882	1.178806	0.2077674	0.7922326	15.09405
160	4.80399	-19.7388	24.5428	0.711011	0.288989	4.73493	0.552485	0.513532	0.289427	0.190518	0.116332	0.0719265	0.0510218	0	3.357414	1.344262	0.2889888	0.7110112	22.09335
170	3.9486	-20.0373	23.9859	0.792983	0.207017	7.835277	0.564643	0.517472	0.288704	0.189365	0.115891	0.0702276	0.0513329	0	3.914327	1.4608	0.2070173	0.7929827	28.89347
180	4.63198	-20.6583	25.2903	0.595286	0.404714	7.677846	0.547007	0.509841	0.291422	0.188659	0.114084	0.0693424	0.0520672	0	2.609889	1.487293	0.4047138	0.5952862	30.71092
190	3.03176	-22.7401	25.7719	0.101193	0.898807	1.858087	0.569676	0.514497	0.285856	0.192664	0.112418	0.0695198	0.0521647	0	2.128302	1.497536	0.8988074	0.1011926	31.44384
200	0.216199	-19.4316	19.6478	0.788166	0.211834	1.298018	0.552664	0.515154	0.285777	0.195192	0.11434	0.0688034	0.0516232	0	8.252343	1.476032	0.2118344	0.7881656	29.92486
210	5.1644	-20.6953	25.8597	0.413073	0.586927	4.766135	0.559005	0.527776	0.288792	0.189063	0.114145	0.0691168	0.0513199	0	2.040458	1.85792	0.5869265	0.4130735	72.09745
220	5.34515	-20.0755	25.4206	0.41994	0.58006	5.382311	0.569812	0.513065	0.289991	0.191904	0.113716	0.0684339	0.0513408	0	2.479557	1.706409	0.58006	0.41994	50.86381
230	4.98276	-19.5274	24.5102	0.76465	0.23535	7.051258	0.573706	0.525935	0.286529	0.191576	0.117234	0.0708113	0.0511934	0	3.390017	1.651239	0.2353501	0.7646499	44.79593
240	3.54126	-22.1137	25.655	0.0112842	0.988716	6.881613	0.56161	0.527465	0.288994	0.192802	0.117451	0.0713324	0.0517237	0	2.245192	1.220505	0.9887158	0.01128424	16.6152
250	4.99607	-21.7433	26.7393	0.537569	0.462431	7.018678	0.555214	0.527238	0.296282	0.194069	0.113196	0.0697592	0.0526783	0	1.160834	1.867035	0.4624309	0.5375691	73.62658
260	4.71748	-20.5612	25.2787	0.432369	0.567631	6.270331	0.547332	0.517374	0.296917	0.191788	0.113852	0.0685615	0.0520133	0	2.621504	1.357474	0.5676305	0.4323695	22.77582
270	3.68456	-21.9242	25.6088	0.152837	0.847163	10.9007	0.545433	0.524966	0.295691	0.190054	0.114246	0.0711312	0.0522901	0	2.291418	1.994786	0.847163	0.152837	98.80651
280	4.62976	-21.8772	26.507	0.138933	0.861067	7.242087	0.551609	0.50326	0.290337	0.193425	0.115042	0.0711107	0.0529692	0	1.39319	1.553259	0.8610674	0.1389326	35.74862
290	3.86663	-21.0835	24.9501	0.746745	0.253255	3.669033	0.555472	0.52569	0.293841	0.193974	0.114116	0.069129	0.0529269	0	2.950034	1.087838	0.253255	0.746745	12.24159
300	5.0762	-19.4808	24.557	0.324197	0.675803	6.276363	0.564367	0.520382	0.296757	0.19715	0.113388	0.0695149	0.0524426	0	3.343219	1.650467	0.6758031	0.3241969	44.71645
310	2.66248	-19.0074	21.6699	0.17664	0.82336	3.11532	0.560623	0.512068	0.291901	0.195547	0.112437	0.068976	0.0511507	0	6.230258	1.630301	0.8233595	0.1766405	42.68754
320	3.75718	-19.3785	23.1357	0.109601	0.890399	7.738061	0.567129	0.508905	0.29927	0.198044	0.112102	0.0691311	0.0513285	0	4.764511	1.683245	0.8903992	0.1096008	48.22195
330	2.79972	-21.5393	24.339	0.537911	0.462089	1.343833	0.559867	0.50826	0.29669	0.193944	0.111995	0.0703286	0.0526523	0	3.561137	1.53031	0.4620887	0.5379113	33.90862
340	3.22809	-22.5416	25.7697	0.8724	0.1276	2.064126	0.571957	0.516338	0.289474	0.194498	0.115159	0.0692546	0.051415	0	2.130523	1.387906	0.1275996	0.8724004	24.429
350	1.82759	-22.5179	24.3455	0.0161022	0.983898	12.09112	0.570345	0.507416	0.291545	0.19721	0.115134	0.0700648	0.0525942	0	3.554691	1.922226	0.9838978	0.01610222	83.60375
360	3.52556	-18.7881	22.3136	0.275365	0.724635	4.632442	0.572728	0.525247	0.289123	0.194274	0.116876	0.0709824	0.0521213	0	5.586564	1.88631	0.7246353	0.2753647	76.9679
370	2.4455	-20.3076	22.7531	0.162929	0.837071	3.809803	0.557823	0.51311	0.287873	0.195582	0.112483	0.0709014	0.0531926	0	5.147075	0.9363983	0.8370713	0.1629287	8.637704
380	4.65949	-21.1057	25.7652	0.317338	0.682662	9.38204	0.55372	0.517049	0.288818	0.19816	0.113408	0.0715303	0.0520487	0	2.135008	1.87305	0.682662	0.317338	74.65343
390	4.35668	-19.2474	23.6041	0.331659	0.668341	6.788084	0.55443	0.507219	0.288086	0.190744	0.112988	0.0690343	0.0514988	0	4.296119	1.994628	0.6683413	0.3316587	98.77076
400	3.09034	-19.1142	22.2046	0.508585	0.491415	7.465968	0.545935	0.503373	0.292291	0.191689	0.113295	0.0698579	0.0515844	0	5.695623	1.909817	0.4914147	0.5085853	81.24883
410	3.83734	-22.2024	26.0398	0.331915	0.668085	4.491319	0.556212	0.503425	0.289685	0.193927	0.115981	0.0688072	0.0508235	0	1.860405	1.17893	0.6680854	0.3319146	15.09836
420	2.37448	-20.8758	23.2503	0.818715	0.181285	5.646155	0.550312	0.509982	0.285271	0.196127	0.113713	0.069159	0.0523327	0	4.649856	1.01928	0.1812855	0.8187145	10.45393
430	4.93713	-19.8924	24.8295	0.454086	0.545914	7.028076	0.555979	0.526871	0.295622	0.193674	0.113882	0.070536	0.0513372	0	3.070647	1.530479	0.5459138	0.4540862	33.92182
440	4.74479	-19.3557	24.1004	0.116172	0.883828	4.786189	0.564693	0.50684	0.292068	0.197829	0.114837	0.0690518	0.0508456	0	3.799743	1.626382	0.8838278	0.1161722	42.30409
450	3.25659	-19.9788	23.2354	0.515173	0.484827	2.646651	0.561833	0.507742	0.299493	0.195237	0.114267	0.0685202	0.0509955	0	4.664812	1.127792	0.4848267	0.5151733	13.42122
460	3.61678	-22.4719	26.0887	0.338409	0.661591	3.651209	0.554108	0.506749	0.294743	0.192672	0.115716	0.0697524	0.0514762	0	1.811511	1.171126	0.6615908	0.3384092	14.82949
470	5.05902	-19.487	24.546	0.581892	0.418108	5.660159	0.573713	0.502079	0.293624	0.190272	0.115555	0.0691961	0.0516504	0	3.354183	1.964262	0.4181076	0.5818924	92.10061
480	5.27311	-19.7116	24.9847	0.117482	0.882518	6.128553	0.552548	0.507812	0.286021	0.190674	0.112462	0.068789	0.052558	0	2.915507	1.727997	0.8825185	0.1174815	53.45609
490	5.06561	-20.4245	25.4901	0.848378	0.151622	6.818482	0.545589	0.503642	0.296125	0.191918	0.113569	0.0696199	0.0528095	0	2.410116	1.491758	0.1516222	0.8483778	31.0283
500	3.35657	-21.3295	24.6861	0.467512	0.532488	1.885935	0.565226	0.504958	0.296057	0.194172	0.112164	0.0715122	0.0523149	0	3.214089	1.427355	0.5324879	0.4675121	26.7519
510	5.09288	-21.4168	26.5096	0.296782	0.703218	7.822066	0.573302	0.523414	0.290392	0.190465	0.113324	0.0712452	0.0508417	0	1.390549	1.792966	0.7032177	0.2967823	62.08208
520	4.83935	-19.3309	24.1702	0.60049	0.39951	5.968256	0.5604	0.520862	0.297992	0.189996	0.114425	0.0701763	0.0513898	0	3.729947	1.502616	0.39951	0.60049	31.8138
530	4.58349	-20.0506	24.6341	0.116815	0.883185	8.457081	0.569229	0.521319	0.299746	0.189693	0.115526	0.0702794	0.0509326	0	3.266105	1.876395	0.8831851	0.1168149	75.23067
540	2.72591	-19.21	21.9359	0.563395	0.436605	3.65315	0.55685	0.507012	0.288273	0.188505	0.115845	0.0702069	0.0515853	0	5.964261	1.096089	0.4366048	0.5633952	12.47641
550	4.2585	-22.5454	26.8039	0.782874	0.217126	5.225855	0.552546	0.527825	0.28639	0.194876	0.115764	0.069351	0.0514805	0	1.096312	1.59131	0.2171265	0.7828735	39.02202
560	5.25697	-19.842	25.0989	0.545464	0.454536	5.567051	0.546067	0.50617	0.285391	0.191181	0.116985	0.0690793	0.0517836	0	2.801238	1.539929	0.4545362	0.5454638	34.66805
570	4.18028	-22.1661	26.3463	0.847006	0.152994	9.023742	0.565461	0.50338	0.288658	0.190215	0.117491	0.0684431	0.0510331	0	1.553849	1.623831	0.152994	0.847006	42.05625
580	2.99471	-23.1179	26.1127	0.0198288	0.980171	11.87274	0.566217	0.525293	0.287613	0.190685	0.113356	0.0718338	0.0513197	0	1.787529	1.935587	0.9801712	0.01982876	86.21588
590	4.93013	-20.9588	25.8889	0.360418	0.639582	4.261341	0.550484	0.524682	0.288787	0.188507	0.112942	0.0708912	0.0528986	0	2.011285	1.638445	0.6395816	0.3604184	43.49552
600	4.7464	-21.1153	25.8617	0.449344	0.550656	4.676856	0.549288	0.516701	0.296385	0.191299	0.115406	0.0717575	0.0523655	0	2.038519	1.343958	0.5506556	0.4493444	22.07789
610	5.44813	-20.517	25.9651	0.0737222	0.926278	5.859663	0.54713	0.519148	0.298935	0.192778	0.115683	0.0719848	0.0525284	0	1.935052	1.825523	0.9262778	0.0737222	66.91488
620	2.11354	-23.8468	25.9603	0.797884	0.202116	2.884117	0.54891	0.518445	0.297425	0.197416	0.112722	0.0710952	0.0519968	0	1.939837	0.9290848	0.2021157	0.7978843	8.493462
630	5.08354	-20.5411	25.6246	0.739611	0.260389	4.466372	0.571884	0.510204	0.297373	0.195487	0.116824	0.0687443	0.050724	0	2.27556	1.81658	0.260389	0.739611	65.55105
640	3.79158	-19.0045	22.7961	0.763244	0.236756	4.174244	0.553962	0.503883	0.291143	0.19603	0.115443	0.0697959	0.0509734	0	5.104067	1.999177	0.2367558	0.7632442	99.81061
650	2.2268	-20.2524	22.4792	0.262689	0.737311	4.768362	0.564899	0.51648	0.299755	0.193561	0.116965	0.0704545	0.0512479	0	5.420945	0.9748216	0.7373107	0.2626893	9.436732
660	2.38941	-24.1792	26.5686	0.545768	0.454232	9.361038	0.573353	0.50641	0.289567	0.194917	0.117228	0.0686604	0.051445	0	1.331618	1.431465	0.4542319	0.5457681	27.0063
670	4.34002	-20.4086	24.7486	0.972141	0.0278589	3.477966	0.571571	0.517453	0.297647	0.192079	0.111746	0.0685265	0.0528299	0	3.151559	1.258445	0.02785891	0.9721411	18.13195
680	-1.21968	-20.0093	18.7896	0.227791	0.772209	9.254056	0.56661	0.511273	0.295671	0.196961	0.1132	0.0688686	0.0515817	0	9.110536	1.517964	0.7722093	0.2277907	32.95824
690	3.72514	-19.6798	23.4049	0.143897	0.856103	8.06456	0.561934	0.50318	0.28942	0.197534	0.112971	0.0696517	0.0508639	0	4.495287	1.598374	0.8561029	0.1438971	39.66193
700	2.17636	-19.4545	21.6308	0.247097	0.752903	2.15947	0.553358	0.514475	0.287204	0.19749	0.112332	0.0686521	0.0524294	0	6.269339	1.47566	0.7529028	0.2470972	29.89923
710	2.19376	-20.2018	22.3955	0.740904	0.259096	7.469413	0.554008	0.522982	0.290505	0.196289	0.112104	0.069503	0.0527697	0	5.504666	1.264969	0.2590963	0.7409037	18.4064
720	5.04673	-21.4565	26.5032	0.197208	0.802792	7.359887	0.564312	0.503434	0.296364	0.19333	0.112694	0.0715091	0.0524083	0	1.396939	1.70836	0.8027924	0.1972076	51.0928
730	5.39635	-20.9622	26.3586	0.650076	0.349924	6.792784	0.573849	0.505246	0.293029	0.195965	0.115041	0.0714418	0.0514713	0	1.541625	1.844164	0.3499243	0.6500757	69.84957
740	2.95973	-21.6977	24.6574	0.890453	0.109547	1.520217	0.559396	0.508988	0.285887	0.19273	0.111933	0.0718367	0.0511296	0	3.242785	1.258581	0.1095471	0.8904529	18.13767
750	2.93815	-21.3364	24.2746	0.737671	0.262329	7.705265	0.550529	0.507015	0.291265	0.19609	0.112077	0.070642	0.0527998	0	3.625621	1.243711	0.2623289	0.7376711	17.52714
760	3.98887	-19.2323	23.2211	0.453078	0.546922	4.091054	0.555227	0.511833	0.292366	0.197835	0.113748	0.0714911	0.0526852	0	4.679059	1.296921	0.5469219	0.4530781	19.81166
770	5.01866	-19.4605	24.4791	0.895723	0.104277	5.61406	0.550406	0.507721	0.299558	0.194546	0.114932	0.0707482	0.0515421	0	3.421056	1.492884	0.104277	0.895723	31.10882
780	4.67951	-21.3429	26.0224	0.115465	0.884535	7.091599	0.545599	0.505172	0.292621	0.189583	0.1176	0.0696431	0.0519578	0	1.877741	1.452255	0.8845347	0.1154653	28.33056
790	2.29832	-19.0274	21.3257	0.875703	0.124297	2.827345	0.547152	0.501777	0.294795	0.193115	0.117518	0.068688	0.0518709	0	6.574492	1.517378	0.1242966	0.8757034	32.91377
800	4.09618	-19.8862	23.9824	0.967999	0.0320012	5.052895	0.558479	0.507141	0.298627	0.197234	0.116838	0.0710871	0.051853	0	3.9178	1.185656	0.03200117	0.9679988	15.33402
810	4.39002	-21.7714	26.1615	0.65784	0.34216	3.630915	0.571325	0.516557	0.294446	0.197339	0.113929	0.0694023	0.0528441	0	1.738724	1.779204	0.3421604	0.6578396	60.14564
820	4.84834	-20.2779	25.1262	0.276483	0.723517	4.528363	0.566059	0.521187	0.288726	0.195097	0.113317	0.0690741	0.0532784	0	2.773952	1.356968	0.7235167	0.2764833	22.7493
830	5.1927	-20.1914	25.3841	0.032309	0.967691	5.175477	0.55328	0.523436	0.290409	0.193099	0.114685	0.069503	0.0528689	0	2.516043	1.511529	0.967691	0.03230898	32.47346
840	3.76134	-19.219	22.9803	0.772306	0.227694	3.585004	0.550105	0.514014	0.291295	0.191611	0.114686	0.0702014	0.0507417	0	4.91989	1.448809	0.227694	0.772306	28.10666
850	3.47121	-19.451	22.9222	0.0197732	0.980227	3.63477	0.552444	0.520579	0.285336	0.195105	0.114323	0.0706511	0.0516985	0	4.977944	1.163921	0.9802268	0.01977318	14.58548
860	5.14199	-19.5529	24.6948	0.702156	0.297844	5.497707	0.546579	0.523145	0.291699	0.19303	0.116319	0.0720053	0.0532266	0	3.205338	1.511126	0.2978445	0.7021555	32.44335
870	1.25706	-20.7769	22.034	0.0410622	0.958938	8.997749	0.5613	0.516959	0.287704	0.196159	0.114237	0.0706507	0.0531107	0	5.866196	1.385278	0.9589378	0.04106215	24.28162
880	4.15782	-20.7826	24.9404	0.899772	0.100228	2.843746	0.551033	0.515157	0.28626	0.19513	0.116545	0.069542	0.05287	0	2.95974	1.727001	0.1002276	0.8997724	53.33361
890	2.02304	-18.7952	20.8182	0.183625	0.816375	6.838868	0.557167	0.505677	0.294916	0.188403	0.116545	0.0684343	0.0533638	0	7.081944	1.445568	0.8163747	0.1836253	27.89768
900	3.95472	-18.9153	22.87	0.561829	0.438171	4.820376	0.562191	0.507903	0.289569	0.189325	0.115812	0.0685135	0.0532595	0	5.030177	1.762249	0.4381708	0.5618292	57.8427
910	4.59894	-20.9849	25.5839	0.896377	0.103623	7.942011	0.565541	0.507107	0.29961	0.192165	0.117088	0.0689877	0.0522394	0	2.31632	1.501644	0.1036229	0.8963771	31.74273
920	4.21375	-22.4553	26.669	0.0924048	0.907595	4.618476	0.566202	0.520337	0.291062	0.196555	0.116353	0.0694339	0.0511593	0	1.231159	1.57363	0.9075952	0.09240481	37.46539
930	3.67375	-18.7491	22.4228	0.68805	0.31195	6.01661	0.560272	0.503206	0.287867	0.190561	0.115799	0.0688819	0.0513317	0	5.47735	1.626075	0.3119497	0.6880503	42.27417
940	2.48001	-22.2247	24.7047	0.157239	0.842761	1.496311	0.570558	0.503896	0.290581	0.193627	0.115883	0.0715491	0.0508754	0	3.195497	0.9710857	0.842761	0.157239	9.355903
950	5.22087	-19.7806	25.0015	0.76937	0.23063	5.122042	0.573336	0.509633	0.293475	0.188553	0.11564	0.070514	0.0515434	0	2.898694	1.754366	0.2306297	0.7693703	56.80236
960	4.20647	-20.7365	24.943	0.487515	0.512485	4.062076	0.553202	0.507283	0.292906	0.194527	0.113616	0.0718511	0.0518607	0	2.957179	1.153974	0.512485	0.487515	14.25521
970	3.97652	-21.1065	25.083	0.453616	0.546384	7.172834	0.546579	0.502106	0.296391	0.194398	0.112896	0.0699152	0.0514742	0	2.817188	1.306887	0.5463837	0.4536163	20.27153
980	5.10826	-19.8831	24.9914	0.391155	0.608845	4.770436	0.562124	0.518334	0.293062	0.189109	0.113294	0.0689581	0.0509683	0	2.908803	1.81875	0.6088449	0.3911551	65.87946
990	2.85616	-18.9517	21.8078	0.455644	0.544356	3.658145	0.558345	0.520782	0.292137	0.193711	0.112541	0.0701342	0.0528793	0	6.092368	1.205813	0.5443556	0.4556444	16.06251
1000	4.10825	-19.6865	23.7948	0.893554	0.106446	3.38147	0.556996	0.518548	0.293102	0.195312	0.114883	0.0685485	0.0532399	0	4.105389	1.764579	0.1064457	0.8935543	58.15388
1010	3.62261	-22.5099	26.1325	0.407831	0.592169	9.616108	0.550552	0.519823	0.2975	0.193243	0.115493	0.0703078	0.0533277	0	1.7677	1.580457	0.5921686	0.4078314	38.05895
1020	4.53583	-19.7248	24.2606	0.666348	0.333652	7.843537	0.550409	0.526981	0.290315	0.189353	0.11714	0.0711503	0.0518757	0	3.639559	1.618132	0.3336518	0.6663482	41.50799
1030	3.00731	-20.9736	23.9809	0.86923	0.13077	4.798415	0.561518	0.5228	0.287742	0.189204	0.1155	0.0686591	0.0530975	0	3.91929	0.9976123	0.1307703	0.8692297	9.945173
1040	5.43306	-20.099	25.5321	0.0776838	0.922316	5.931425	0.550388	0.510538	0.287425	0.188644	0.117089	0.0697691	0.0527184	0	2.368078	1.886064	0.9223162	0.07768384	76.92446
1050	4.50843	-20.7445	25.2529	0.856085	0.143915	3.334825	0.555196	0.506913	0.285198	0.189138	0.117214	0.0688118	0.0526443	0	2.647241	1.632193	0.1439146	0.8560854	42.87387
1060	3.44514	-22.4785	25.9236	0.422553	0.577447	8.23176	0.551628	0.511918	0.286241	0.198235	0.112633	0.0690135	0.0511591	0	1.976587	1.372203	0.5774475	0.4225525	23.56148
1070	4.37775	-19.1101	23.4879	0.669332	0.330668	6.150819	0.549035	0.504696	0.287884	0.194999	0.113232	0.0684693	0.0519867	0	4.412285	1.986614	0.330668	0.669332	96.96481
1080	4.16871	-18.9731	23.1418	0.386584	0.613416	5.158344	0.5485	0.525894	0.288364	0.188644	0.113792	0.0692266	0.0525607	0	4.758418	1.942656	0.6134159	0.3865841	87.63063
1090	4.53787	-19.5268	24.0646	0.274081	0.725919	5.472733	0.552128	0.527917	0.286682	0.1943	0.113165	0.070974	0.052838	0	3.835541	1.342823	0.7259187	0.2740813	22.02031
1100	2.73841	-18.5445	21.2829	0.296041	0.703959	4.876804	0.552151	0.510531	0.286482	0.193339	0.114105	0.070523	0.0523173	0	6.617263	1.816975	0.7039586	0.2960414	65.61071
1110	1.78028	-19.9129	21.6932	0.987445	0.0125552	1.490559	0.553826	0.514007	0.297546	0.198125	0.113695	0.0709198	0.0528771	0	6.207005	1.495586	0.01255521	0.9874448	31.30301
1120	4.38191	-22.3352	26.7171	0.247276	0.752724	8.131924	0.547126	0.503053	0.299005	0.192434	0.116352	0.0711743	0.0530988	0	1.183095	1.647172	0.7527244	0.2472756	44.37839
1130	4.54547	-21.0591	25.6046	0.229744	0.770256	4.135946	0.549833	0.503751	0.288678	0.196561	0.114826	0.0717173	0.0528917	0	2.295583	1.284289	0.7702562	0.2297438	19.2437
1140	4.89934	-21.2372	26.1365	0.986925	0.0130754	9.008689	0.553255	0.516031	0.29055	0.193263	0.117349	0.069981	0.0521798	0	1.763638	1.871668	0.01307541	0.9869246	74.41624
1150	2.08799	-18.5337	20.6217	0.415035	0.584965	3.950028	0.572904	0.501667	0.297833	0.196251	0.116241	0.0698213	0.0527972	0	7.278498	1.736972	0.5849648	0.4150352	54.57232
1160	4.11359	-20.0727	24.1863	0.193911	0.806089	3.046243	0.557561	0.525287	0.294114	0.194839	0.11687	0.0713233	0.0524781	0	3.71391	1.573455	0.8060888	0.1939112	37.4503
1170	1.61665	-18.486	20.1026	0.223496	0.776504	3.723841	0.547388	0.520412	0.292105	0.189699	0.114456	0.0712841	0.0531797	0	7.797557	1.890841	0.776504	0.223496	77.77523
1180	4.35218	-19.9199	24.2721	0.0703138	0.929686	8.181813	0.563704	0.518785	0.294409	0.1903	0.113777	0.0715811	0.0523993	0	3.628065	1.629906	0.9296862	0.07031384	42.6487
1190	4.44903	-20.4757	24.9247	0.144904	0.855096	3.733051	0.572201	0.526183	0.292191	0.190008	0.117202	0.0705616	0.0533594	0	2.975457	1.253749	0.8550962	0.1449038	17.93696
1200	0.204873	-19.4786	19.6835	0.646992	0.353008	2.017792	0.557166	0.515379	0.293444	0.19326	0.113764	0.0714878	0.0520336	0	8.216702	0.8708776	0.3530079	0.6469921	7.428097
1210	4.24961	-20.4639	24.7135	0.318654	0.681346	4.615937	0.54769	0.519949	0.2894	0.197985	0.114057	0.071343	0.0507497	0	3.186722	1.173995	0.6813462	0.3186538	14.92778
1220	2.8994	-20.8117	23.7111	0.99325	0.00674979	10.30161	0.548939	0.520766	0.298863	0.1946	0.116609	0.07135	0.0513094	0	4.189097	1.865413	0.006749786	0.9932502	73.35212
1230	4.46069	-21.9408	26.4015	0.346579	0.653421	5.539203	0.55408	0.526601	0.294089	0.19688	0.114446	0.0718233	0.0512047	0	1.498705	1.393718	0.6534209	0.3465791	24.75811
1240	3.32017	-22.4922	25.8124	0.538378	0.461622	6.395703	0.550026	0.508656	0.297832	0.189293	0.117308	0.0716046	0.0513408	0	2.087802	1.158027	0.4616217	0.5383783	14.38889
1250	5.27495	-19.9174	25.1923	0.597569	0.402431	5.140771	0.572044	0.526502	0.296713	0.189919	0.11403	0.0708101	0.0511454	0	2.707863	1.780367	0.4024308	0.5975692	60.3069
1260	5.27315	-20.8054	26.0786	0.293446	0.706554	5.297489	0.568316	0.524828	0.287154	0.195195	0.113232	0.0700146	0.0516407	0	1.821601	1.761736	0.7065536	0.2934464	57.7745
1270	5.06648	-19.9652	25.0316	0.331111	0.668889	4.558545	0.560857	0.527601	0.286548	0.195258	0.113802	0.0706629	0.0512343	0	2.868547	1.571681	0.6688887	0.3311113	37.29762
1280	5.47675	-20.547	26.0238	0.67074	0.32926	6.285024	0.564614	0.526485	0.285197	0.188802	0.113098	0.0696998	0.0519088	0	1.87643	1.827729	0.3292596	0.6707404	67.25567
1290	4.74919	-19.6231	24.3723	0.581794	0.418206	4.336721	0.567249	0.518786	0.284977	0.188747	0.113585	0.0687392	0.0532636	0	3.527898	1.794261	0.418206	0.581794	62.2675
1300	5.07492	-19.4216	24.4965	0.585044	0.414956	6.453872	0.566131	0.524597	0.294331	0.194825	0.115405	0.0711043	0.0519982	0	3.403707	1.763051	0.4149559	0.5850441	57.94971
1310	3.21831	-20.2357	23.454	0.405741	0.594259	2.328119	0.569312	0.519658	0.291088	0.192616	0.113707	0.0699118	0.0513893	0	4.446149	1.144784	0.5942586	0.4057414	13.95674
1320	0.978508	-20.2214	21.1999	0.346539	0.653461	0.8642659	0.554488	0.523166	0.298348	0.192534	0.11298	0.0693326	0.0511244	0	6.700258	1.950746	0.6534609	0.3465391	89.27829
1330	2.53008	-22.1972	24.7273	0.663782	0.336218	1.086267	0.561841	0.527041	0.29642	0.193847	0.113642	0.0716712	0.0510122	0	3.172916	1.976459	0.3362181	0.6637819	94.72371
1340	3.54268	-22.8405	26.3831	0.888717	0.111283	10.51853	0.556081	0.525094	0.296122	0.195493	0.11247	0.0694509	0.0508178	0	1.517045	1.762036	0.1112827	0.8887173	57.8144
1350	1.50886	-18.4929	20.0017	0.822422	0.177578	3.551601	0.562318	0.515819	0.293743	0.195395	0.113113	0.0686063	0.0522194	0	7.898463	1.298514	0.1775777	0.8224223	19.88448
1360	2.87071	-18.6565	21.5272	0.33372	0.66628	6.163353	0.553682	0.502101	0.292107	0.197104	0.112802	0.0698871	0.0515514	0	6.373003	1.832435	0.6662804	0.3337196	67.98841
1370	4.36809	-18.9842	23.3523	0.714239	0.285761	5.602362	0.55268	0.5065	0.289527	0.193786	0.113514	0.0713432	0.0522114	0	4.547869	1.483604	0.2857606	0.7142394	30.45114
1380	3.20059	-21.32	24.5206	0.531267	0.468733	2.699126	0.54858	0.505622	0.293642	0.195565	0.115357	0.0706469	0.0519174	0	3.379556	0.9841978	0.4687327	0.5312673	9.642681
1390	5.08545	-19.8492	24.9346	0.530871	0.469129	4.733468	0.552197	0.514074	0.296148	0.197786	0.117094	0.0693285	0.0510931	0	2.965568	1.541491	0.4691286	0.5308714	34.79292
1400	3.07418	-19.7209	22.7951	0.904923	0.0950766	6.400738	0.558967	0.51064	0.291857	0.19575	0.114916	0.0714148	0.0520802	0	5.105118	1.22585	0.09507663	0.9049234	16.82093
1410	3.87392	-20.3054	24.1794	0.316572	0.683428	7.186318	0.551258	0.501905	0.294274	0.196213	0.115412	0.0717041	0.0518541	0	3.720814	1.327974	0.6834278	0.3165722	21.28013
1420	5.10745	-21.287	26.3944	0.264634	0.735366	5.774269	0.572067	0.510511	0.291993	0.194446	0.112201	0.0691865	0.0515834	0	1.50578	1.672586	0.7353657	0.2646343	47.0528
1430	3.66281	-19.9622	23.625	0.967091	0.0329089	7.138486	0.546782	0.510549	0.294434	0.191306	0.113527	0.0689125	0.0529914	0	4.275185	1.344284	0.03290893	0.9670911	22.09449
1440	4.29928	-19.9377	24.237	0.455809	0.544191	8.504174	0.559721	0.501935	0.289664	0.191233	0.114701	0.0709861	0.0519104	0	3.66322	1.918852	0.5441907	0.4558093	82.95672
1450	4.80544	-19.863	24.6685	0.985732	0.0142675	4.187441	0.573946	0.522089	0.286721	0.196017	0.115673	0.0709611	0.0519649	0	3.231729	1.412024	0.0142675	0.9857325	25.82403
1460	4.56726	-20.0199	24.5872	0.314533	0.685467	8.034598	0.559974	0.507165	0.291505	0.198089	0.117343	0.0705491	0.0528989	0	3.313022	1.61414	0.6854667	0.3145333	41.12822
1470	3.93488	-19.0526	22.9874	0.671757	0.328243	7.099262	0.554352	0.503417	0.290332	0.196407	0.113189	0.07194	0.0531524	0	4.912747	1.661718	0.3282428	0.6717572	45.88999
1480	4.21216	-18.9813	23.1935	0.575254	0.424746	5.158553	0.554164	0.505996	0.287793	0.191372	0.112169	0.0712221	0.0521886	0	4.706706	1.916567	0.4247455	0.5752545	82.52152
1490	3.23081	-19.1066	22.3374	0.639191	0.360809	7.50122	0.545897	0.513601	0.292616	0.191583	0.112288	0.0703376	0.0510268	0	5.562763	1.857568	0.360809	0.639191	72.03897
1500	4.36981	-21.7599	26.1297	0.0323916	0.967608	9.721161	0.551362	0.514323	0.293427	0.190916	0.114553	0.0691134	0.0522997	0	1.770451	1.834296	0.9676084	0.03239158	68.28042
1510	4.87458	-21.6222	26.4967	0.904274	0.0957258	4.991332	0.547796	0.50192	0.289386	0.190177	0.11575	0.0689863	0.0527386	0	1.403444	1.879432	0.09572576	0.9042742	75.75855
1520	2.32276	-22.2712	24.594	0.399327	0.600673	11.84483	0.559595	0.519084	0.295236	0.190295	0.115456	0.0708529	0.0524674	0	3.306198	1.942868	0.6006734	0.3993266	87.67338
1530	5.19064	-20.8296	26.0203	0.0208833	0.979117	7.436127	0.567016	0.518073	0.29527	0.192059	0.112072	0.0719699	0.0530883	0	1.879922	1.656782	0.9791167	0.02088329	45.3714
1540	3.22947	-19.716	22.9454	0.536237	0.463763	2.677442	0.57225	0.514823	0.295476	0.193206	0.115515	0.0712273	0.0529429	0	4.954748	1.182158	0.4637629	0.5362371	15.211
1550	3.9024	-18.8657	22.7681	0.125325	0.874675	6.355346	0.563053	0.524696	0.289169	0.189701	0.116279	0.0700591	0.051442	0	5.132075	1.666309	0.8746746	0.1253254	46.37763
1560	4.52978	-21.8087	26.3384	0.851839	0.148161	9.895996	0.570769	0.526088	0.286741	0.188383	0.116885	0.0717105	0.0521771	0	1.561754	1.972137	0.1481607	0.8518393	93.78587
1570	5.07669	-20.0202	25.0969	0.244263	0.755737	4.514815	0.569401	0.520204	0.288048	0.188818	0.113552	0.0718443	0.0531489	0	2.803284	1.595471	0.7557368	0.2442632	39.39775
1580	5.22979	-20.1211	25.3509	0.983215	0.016785	7.482441	0.572261	0.513589	0.287504	0.189306	0.115378	0.0719243	0.051005	0	2.549318	1.643826	0.01678496	0.983215	44.03786
1590	3.95015	-21.8857	25.8359	0.55299	0.44701	10.63595	0.573765	0.502789	0.297731	0.1919	0.113674	0.0708577	0.0521236	0	2.064303	1.962868	0.4470098	0.5529902	91.80525
1600	4.96287	-19.8171	24.7799	0.290532	0.709468	4.614847	0.565031	0.503017	0.290414	0.192223	0.111963	0.0694507	0.0513103	0	3.120247	1.485008	0.7094685	0.2905315	30.5498
1610	4.94557	-19.8448	24.7903	0.465355	0.534645	4.444898	0.547011	0.515958	0.295213	0.190256	0.113448	0.0684301	0.0525627	0	3.109848	1.800731	0.5346452	0.4653548	63.20199
1620	2.47828	-20.1845	22.6628	0.7271	0.2729	1.666453	0.548234	0.516667	0.292445	0.189761	0.115604	0.0701187	0.0519508	0	5.237358	1.799445	0.2728996	0.7271004	63.01519
1630	3.9709	-20.6118	24.5827	0.756821	0.243179	2.737527	0.55254	0.520013	0.290133	0.18882	0.116644	0.0686843	0.0509906	0	3.317437	1.292122	0.2431789	0.7568211	19.59397
1640	5.45853	-20.0243	25.4829	0.970148	0.0298521	5.902224	0.56654	0.526978	0.28729	0.189435	0.115751	0.0711374	0.052693	0	2.417316	1.842694	0.02985208	0.9701479	69.61359
1650	4.72757	-19.7096	24.4371	0.631056	0.368944	7.417021	0.557838	0.523564	0.293101	0.193703	0.116023	0.0716679	0.0526316	0	3.463057	1.567258	0.3689437	0.6310563	36.91971
1660	4.29743	-19.0406	23.338	0.0678404	0.93216	6.434462	0.545629	0.522735	0.293129	0.192634	0.117331	0.0712917	0.0511366	0	4.562183	1.551712	0.9321596	0.06784041	35.6215
1670	4.05828	-19.6577	23.716	0.954989	0.0450106	3.758436	0.549928	0.518447	0.294489	0.189876	0.112283	0.0689808	0.0516384	0	4.184206	1.231003	0.04501057	0.9549894	17.0217
1680	5.49897	-20.2543	25.7533	0.130576	0.869424	6.408889	0.546557	0.508192	0.299066	0.194151	0.111889	0.0714704	0.0515153	0	2.146874	1.895692	0.8694239	0.1305761	78.64885
1690	-0.669518	-19.2572	18.5876	0.361393	0.638607	1.197496	0.561631	0.503759	0.291279	0.194828	0.112462	0.0713761	0.0529496	0	9.312534	1.989253	0.638607	0.361393	97.55579
1700	4.38772	-19.1623	23.55	0.024928	0.975072	4.690992	0.570128	0.502484	0.297314	0.195217	0.114465	0.0702161	0.0531225	0	4.350139	1.886478	0.975072	0.02492801	76.99773
1710	3.84266	-19.1004	22.943	0.556148	0.443852	5.864586	0.560796	0.509138	0.296815	0.197046	0.112009	0.0702233	0.053327	0	4.957166	1.360265	0.4438522	0.5561478	22.92265
1720	5.14734	-19.5728	24.7201	0.253172	0.746828	5.661788	0.550326	0.511133	0.296063	0.195596	0.11423	0.0708859	0.0531636	0	3.180075	1.978173	0.7468276	0.2531724	95.09836
1730	1.96066	-18.4124	20.3731	0.780137	0.219863	4.537455	0.569075	0.518177	0.287044	0.193115	0.112048	0.0717193	0.0527427	0	7.527073	1.917499	0.2198634	0.7801366	82.69867
1740	3.70692	-21.7979	25.5048	0.222228	0.777772	5.678413	0.572944	0.524081	0.286984	0.191268	0.11184	0.071092	0.0533703	0	2.395373	1.147643	0.7777719	0.2222281	14.04893
1750	3.66657	-23.2632	26.9298	0.987877	0.0121227	6.740452	0.571247	0.517833	0.287944	0.191398	0.113104	0.0709939	0.0528992	0	0.9703653	1.491533	0.01212271	0.9878773	31.01225
1760	2.48685	-21.5157	24.0025	0.651033	0.348967	7.586375	0.564831	0.508874	0.297229	0.189363	0.11359	0.0718098	0.0533538	0	3.897671	1.177737	0.348967	0.651033	15.05694
1770	4.6645	-19.866	24.5305	0.633922	0.366078	6.703341	0.56062	0.508805	0.292948	0.191113	0.113178	0.0690958	0.05125	0	3.369663	1.434924	0.3660783	0.6339217	27.22226
1780	3.25836	-18.6993	21.9576	0.673968	0.326032	5.881489	0.570111	0.508861	0.296314	0.196494	0.114226	0.0702924	0.0522365	0	5.942539	1.433766	0.326032	0.673968	27.14976
1790	3.86029	-21.5593	25.4196	0.945291	0.0547089	4.089786	0.572805	0.512774	0.296194	0.195458	0.112105	0.0688063	0.0521508	0	2.480578	1.108131	0.05470893	0.9452911	12.82718
1800	4.86996	-19.5297	24.3997	0.93379	0.06621	7.013008	0.563369	0.504328	0.29814	0.194361	0.1122	0.0698713	0.0531399	0	3.500488	1.918557	0.06620999	0.93379	82.90041
1810	4.26722	-19.7574	24.0246	0.673298	0.326702	8.026351	0.545744	0.522313	0.290028	0.197479	0.114212	0.0684736	0.0517377	0	3.875562	1.972752	0.3267017	0.6732983	93.91859
1820	5.44878	-20.089	25.5378	0.255216	0.744784	6.313882	0.56337	0.521919	0.291059	0.197804	0.11621	0.0688578	0.0513239	0	2.362362	1.818172	0.744784	0.255216	65.79185
1830	2.24532	-19.5778	21.8232	0.304509	0.695491	2.779653	0.563303	0.512305	0.298161	0.195084	0.114334	0.069279	0.0507427	0	6.07702	1.008331	0.6954907	0.3045093	10.19367
1840	5.20376	-21.1445	26.3483	0.350301	0.649699	5.97129	0.552629	0.522614	0.286955	0.194744	0.115453	0.0714669	0.0519843	0	1.551886	1.650245	0.6496991	0.3503009	44.69358
1850	4.3774	-19.1314	23.5088	0.968952	0.0310479	4.492809	0.565154	0.511359	0.291611	0.196988	0.116185	0.0711064	0.0511835	0	4.391415	1.486374	0.0310479	0.9689521	30.646
1860	3.80728	-19.1222	22.9295	0.231697	0.768303	3.913919	0.569248	0.509813	0.298592	0.19002	0.112059	0.0691435	0.0516921	0	4.970678	1.807561	0.7683027	0.2316973	64.2038
1870	5.10408	-19.6913	24.7954	0.712888	0.287112	4.949029	0.561891	0.51545	0.29777	0.192486	0.113817	0.0688043	0.0513384	0	3.10481	1.673335	0.2871117	0.7128883	47.1341
1880	2.38335	-20.5978	22.9812	0.960071	0.0399292	10.04382	0.546883	0.515238	0.295053	0.192312	0.11297	0.0694324	0.0509685	0	4.918995	1.773885	0.03992923	0.9600708	59.41342
1890	5.27386	-19.8258	25.0997	0.541424	0.458576	5.302537	0.570098	0.508982	0.292706	0.191593	0.112995	0.0714633	0.0523799	0	2.800517	1.842264	0.4585764	0.5414236	69.54463
1900	2.49155	-18.4258	20.9173	0.412913	0.587087	4.796962	0.560069	0.501725	0.291956	0.190617	0.113777	0.0712715	0.0528866	0	6.982873	1.418554	0.5870874	0.4129126	26.21523
1910	1.16944	-23.7645	24.9339	0.345668	0.654332	12.5586	0.561082	0.521324	0.288806	0.197584	0.113758	0.0709746	0.0520152	0	2.966268	1.728949	0.6543322	0.3456678	53.57343
1920	4.9085	-21.3151	26.2236	0.10652	0.89348	4.646456	0.545457	0.520928	0.294992	0.193842	0.11212	0.0703098	0.0521237	0	1.676545	1.665714	0.8934798	0.1065202	46.31413
1930	3.31357	-21.2939	24.6075	0.392042	0.607958	2.890972	0.550625	0.515913	0.289577	0.196733	0.1144	0.0714602	0.0511906	0	3.292706	0.999042	0.607958	0.392042	9.977965
1940	4.99972	-21.4725	26.4722	0.153821	0.846179	5.849988	0.573899	0.507874	0.287835	0.196822	0.114589	0.0714379	0.0511388	0	1.427938	1.626381	0.8461792	0.1538208	42.30395
1950	3.89434	-21.8385	25.7328	0.172602	0.827398	2.68953	0.570175	0.52162	0.286772	0.196451	0.112315	0.0703029	0.0529968	0	2.16736	1.540991	0.8273979	0.1726021	34.7529
1960	2.99868	-22.5224	25.5211	0.307806	0.692194	1.686473	0.553112	0.526644	0.297868	0.188813	0.113305	0.0718671	0.0523785	0	2.379072	1.996855	0.6921938	0.3078062	99.27847
1970	5.14569	-21.434	26.5797	0.62665	0.37335	6.324015	0.557258	0.52776	0.297362	0.190595	0.116485	0.0709865	0.0513546	0	1.320529	1.763399	0.3733501	0.6266499	57.99619
1980	4.17888	-21.2873	25.4662	0.485573	0.514427	2.911771	0.571897	0.523499	0.287838	0.191097	0.115698	0.0711877	0.0526334	0	2.433984	1.909161	0.5144272	0.4855728	81.12621
1990	3.61354	-19.1994	22.813	0.537775	0.462225	4.707293	0.565107	0.510689	0.289581	0.196162	0.115127	0.0715594	0.0524082	0	5.08723	1.211069	0.4622254	0.5377746	16.25806
2000	2.40788	-22.8919	25.2998	0.23393	0.76607	11.08473	0.559077	0.508543	0.291154	0.197404	0.113472	0.0714595	0.0512613	0	2.600374	1.622823	0.76607	0.23393	41.95876
2010	5.40083	-20.3352	25.736	0.626911	0.373089	7.14333	0.55181	0.525051	0.288365	0.194831	0.115343	0.0719199	0.0513465	0	2.164148	1.678376	0.3730894	0.6269106	47.68437
2020	5.15239	-20.3668	25.5192	0.749531	0.250469	4.588744	0.563669	0.520991	0.294556	0.189704	0.116826	0.0702229	0.0507474	0	2.380999	1.739169	0.2504695	0.7495305	54.84904
2030	5.07924	-20.6933	25.7726	0.903978	0.0960224	4.457226	0.565638	0.502029	0.293936	0.190711	0.112974	0.071434	0.0508339	0	2.127601	1.682819	0.09602235	0.9039776	48.1747
2040	5.29534	-19.8189	25.1142	0.385071	0.614929	6.625502	0.550198	0.509578	0.292428	0.195658	0.112089	0.0687197	0.0510763	0	2.785952	1.915042	0.6149291	0.3850709	82.23231
2050	5.46863	-20.4113	25.8799	0.781505	0.218495	6.171335	0.55438	0.502092	0.299042	0.195242	0.113347	0.0695304	0.0509374	0	2.020287	1.720896	0.2184945	0.7815055	52.58908
2060	5.40731	-20.4036	25.8109	0.403146	0.596854	7.379782	0.552498	0.511978	0.298926	0.19664	0.114445	0.0704467	0.0513849	0	2.089272	1.819666	0.5968537	0.4031463	66.01853
2070	4.95319	-19.5657	24.5189	0.459741	0.540259	7.023577	0.564652	0.502345	0.292563	0.195466	0.114394	0.0699227	0.0519265	0	3.381248	1.888929	0.5402592	0.4597408	77.4336
2080	4.24673	-20.8727	25.1194	0.31052	0.68948	2.957946	0.572797	0.512285	0.291221	0.197496	0.113837	0.0699224	0.0515241	0	2.780764	1.907588	0.6894801	0.3105199	80.83292
2090	4.54994	-20.8256	25.3755	0.135626	0.864374	5.315318	0.563175	0.504279	0.294203	0.195355	0.115155	0.0715881	0.0533013	0	2.524673	1.255423	0.8643741	0.1356259	18.00624
2100	4.79603	-22.0315	26.8275	0.0851874	0.914813	6.19339	0.573825	0.514056	0.29643	0.197887	0.11483	0.0707919	0.0513445	0	1.072661	1.952104	0.9148126	0.0851874	89.55798
2110	4.63119	-19.3359	23.9671	0.572833	0.427167	4.55317	0.561194	0.527521	0.287949	0.197148	0.114867	0.0717744	0.0507209	0	3.933131	1.450328	0.4271668	0.5728332	28.20513
2120	5.20804	-20.1132	25.3212	0.298694	0.701306	7.341169	0.565116	0.502563	0.297966	0.196762	0.115097	0.068482	0.0510545	0	2.578952	1.698813	0.701306	0.298694	49.98194
2130	1.99872	-20.6675	22.6662	0.53323	0.46677	1.084987	0.563425	0.504102	0.296158	0.198125	0.115257	0.069223	0.0523218	0	5.23398	1.797396	0.4667704	0.5332296	62.71855
2140	4.41082	-19.4111	23.8219	0.306603	0.693397	4.224163	0.568775	0.50337	0.295383	0.194604	0.112203	0.0713772	0.0510976	0	4.078288	1.374591	0.6933968	0.3066032	23.69141
2150	-0.229564	-25.3301	25.1006	0.149304	0.850696	6.231219	0.572234	0.508392	0.299568	0.192082	0.112682	0.0692374	0.0513809	0	2.799619	0.8084094	0.8506955	0.1493045	6.432938
2160	3.8133	-21.5008	25.3141	0.810112	0.189888	2.431399	0.558627	0.524133	0.29479	0.195191	0.113697	0.0699939	0.0517928	0	2.586098	1.708014	0.1898879	0.8101121	51.05215
2170	5.13241	-21.2197	26.3521	0.69485	0.30515	8.301315	0.556641	0.501647	0.289124	0.191075	0.116349	0.0716963	0.0518063	0	1.548098	1.820201	0.3051503	0.6948497	66.1
2180	3.97069	-22.5525	26.5232	0.839202	0.160798	5.868244	0.548928	0.5086	0.290246	0.189132	0.115322	0.0708972	0.0513628	0	1.376956	1.333005	0.1607975	0.8392025	21.52806
2190	2.8913	-19.8869	22.7782	0.873496	0.126504	8.936023	0.554554	0.518925	0.291475	0.190148	0.117224	0.0694958	0.051259	0	5.122018	1.954904	0.1265039	0.8734961	90.1372
2200	3.24763	-20.2742	23.5218	0.926153	0.0738474	7.039261	0.555043	0.521184	0.291355	0.197121	0.117061	0.0691681	0.052114	0	4.3784	1.258015	0.07384742	0.9261526	18.11404
2210	4.75283	-19.2718	24.0246	0.618664	0.381336	5.260347	0.555246	0.520346	0.287269	0.196657	0.115997	0.069954	0.0512119	0	3.875546	1.928727	0.3813358	0.6186642	84.86474
2220	4.98325	-19.9305	24.9137	0.44707	0.55293	4.549049	0.559366	0.518817	0.292779	0.195041	0.114666	0.0700058	0.0523899	0	2.986435	1.457628	0.5529301	0.4470699	28.68324
2230	5.27813	-20.9443	26.2225	0.416831	0.583169	5.531278	0.545928	0.524645	0.294437	0.195856	0.113504	0.0711435	0.0531537	0	1.677717	1.752698	0.5831691	0.4168309	56.58455
2240	5.45882	-20.2885	25.7473	0.395479	0.604521	6.713377	0.558372	0.520523	0.297387	0.196111	0.116014	0.0693509	0.0532172	0	2.152869	1.772232	0.6045208	0.3954792	59.18775
2250	4.27609	-20.7323	25.0084	0.552126	0.447874	9.471961	0.557771	0.505489	0.295599	0.195279	0.116311	0.0705256	0.0515266	0	2.891752	1.987718	0.4478744	0.5521256	97.21154
2260	4.08015	-18.8958	22.9759	0.19205	0.80795	5.070425	0.563692	0.519053	0.287593	0.197795	0.117062	0.0694402	0.0509553	0	4.92426	1.48721	0.8079502	0.1920498	30.70508
2270	4.88418	-19.9216	24.8057	0.509444	0.490556	4.210287	0.567538	0.516027	0.291978	0.196344	0.114389	0.0691634	0.0508151	0	3.094438	1.619174	0.4905562	0.5094438	41.60775
2280	0.501533	-19.6383	20.1399	0.411123	0.588877	8.982781	0.559133	0.516024	0.289096	0.195024	0.114378	0.0684979	0.0512941	0	7.760327	1.644603	0.5888769	0.4111231	44.11675
2290	2.56656	-24.0496	26.6161	0.247776	0.752224	12.25362	0.565919	0.513372	0.291351	0.192074	0.113436	0.0686187	0.0509226	0	1.28404	1.990624	0.7522235	0.2477765	97.86422
2300	2.11229	-19.7476	21.8599	0.594706	0.405294	6.376191	0.566961	0.513294	0.293188	0.190722	0.113247	0.0699586	0.0529364	0	6.040317	1.170093	0.4052944	0.5947056	14.79424
2310	3.13746	-19.1445	22.282	0.273513	0.726487	3.22262	0.560251	0.520925	0.291655	0.193489	0.115617	0.0711721	0.0519596	0	5.618194	1.979081	0.7264871	0.2735129	95.29735
2320	5.15502	-19.6065	24.7616	0.0855612	0.914439	6.666178	0.571841	0.502851	0.291819	0.192246	0.116888	0.0716366	0.0508437	0	3.138622	1.937248	0.9144388	0.08556124	86.54626
2330	2.73512	-20.9802	23.7153	0.832282	0.167718	9.390366	0.561367	0.513009	0.290976	0.191651	0.114512	0.0712041	0.0513702	0	4.18488	1.500788	0.167718	0.832282	31.68023
2340	4.13202	-19.0274	23.1594	0.0738469	0.926153	6.729258	0.554775	0.505091	0.292353	0.196415	0.114436	0.0715544	0.0515136	0	4.740737	1.614827	0.9261531	0.07384692	41.19338
2350	0.585955	-19.5634	20.1494	0.477693	0.522307	1.294154	0.571498	0.521359	0.28955	0.191738	0.114407	0.0685472	0.0520483	0	7.75083	1.881098	0.5223075	0.4776925	76.04978
2360	3.45221	-19.3504	22.8026	0.948415	0.0515851	3.24334	0.562447	0.519754	0.297153	0.189154	0.113517	0.0706751	0.0520494	0	5.097548	1.244798	0.05158508	0.9484149	17.57106
2370	5.36482	-19.898	25.2628	0.688761	0.311239	5.631607	0.565403	0.516902	0.297365	0.194605	0.113904	0.0690585	0.0515671	0	2.637359	1.762671	0.3112395	0.6887605	57.89906
2380	4.01441	-21.7938	25.8082	0.217697	0.782303	9.54054	0.55221	0.526556	0.295498	0.189784	0.113092	0.0712799	0.0514224	0	2.091956	1.637862	0.7823029	0.2176971	43.43725
2390	2.69632	-18.5985	21.2948	0.568948	0.431052	4.342722	0.547778	0.526247	0.298891	0.197269	0.113309	0.0698532	0.0517923	0	6.60538	1.854031	0.4310516	0.5689484	71.45478
2400	3.93018	-19.9154	23.8456	0.630538	0.369462	3.257316	0.553539	0.517185	0.295384	0.194241	0.113244	0.0715594	0.0519816	0	4.054632	1.205506	0.3694618	0.6305382	16.05115
2410	4.8664	-19.6423	24.5088	0.678811	0.321189	5.434306	0.555998	0.507938	0.295094	0.18992	0.114417	0.0708683	0.052775	0	3.391428	1.384043	0.3211886	0.6788114	24.21266
2420	5.4759	-20.2861	25.762	0.526255	0.473745	6.200045	0.566054	0.511947	0.29903	0.192083	0.113215	0.0699287	0.0532281	0	2.138197	1.73485	0.4737448	0.5262552	54.30624
2430	4.15655	-21.9105	26.0671	0.615931	0.384069	5.028877	0.557973	0.525208	0.292838	0.191869	0.112783	0.0697584	0.0522882	0	1.833122	1.243541	0.384069	0.615931	17.52029
2440	4.21199	-21.7961	26.0081	0.0911718	0.908828	9.889828	0.560243	0.525151	0.297325	0.195255	0.115322	0.0705269	0.0527978	0	1.892095	1.788681	0.9088282	0.09117184	61.47253
2450	4.93148	-21.9123	26.8438	0.408563	0.591437	7.203392	0.549938	0.509253	0.28776	0.189228	0.115711	0.0716369	0.0512028	0	1.056418	1.994799	0.5914367	0.4085633	98.80952
2460	3.36675	-21.2128	24.5795	0.85612	0.14388	2.114597	0.546774	0.503521	0.286914	0.18981	0.113225	0.0699758	0.0509892	0	3.32065	1.152306	0.1438795	0.8561205	14.20057
2470	5.03236	-21.7194	26.7518	0.349288	0.650712	7.027551	0.564266	0.525522	0.297137	0.194189	0.112871	0.0708163	0.0512325	0	1.14839	1.954493	0.650712	0.349288	90.05201
2480	2.33259	-18.6764	21.009	0.755206	0.244794	3.63202	0.568218	0.51338	0.29177	0.189924	0.113732	0.0698856	0.0522406	0	6.89121	1.632382	0.2447942	0.7552058	42.89256
2490	4.47683	-20.4609	24.9377	0.959904	0.0400962	8.930965	0.572538	0.516199	0.286777	0.191841	0.114755	0.071408	0.0526142	0	2.962462	1.717966	0.04009621	0.9599038	52.23559
2500	1.30959	-20.803	22.1126	0.718828	0.281172	5.560202	0.572832	0.50452	0.293541	0.192141	0.113296	0.0697064	0.0528809	0	5.787579	0.9546881	0.2811723	0.7188277	9.009238
2510	4.87223	-21.335	26.2072	0.318299	0.681701	7.772899	0.567371	0.510653	0.294731	0.1912	0.111829	0.0684798	0.0525967	0	1.692984	1.621805	0.6817013	0.3182987	41.86059
2520	4.76203	-21.9393	26.7014	0.267683	0.732317	5.75948	0.547776	0.518129	0.293275	0.195966	0.113111	0.0696139	0.0531297	0	1.198814	1.715772	0.7323168	0.2676832	51.97227
2530	4.14515	-20.7277	24.8728	0.837842	0.162158	7.997146	0.55857	0.524225	0.289591	0.19242	0.113141	0.0706072	0.0533686	0	3.027339	1.440545	0.1621584	0.8378416	27.57684
2540	4.19786	-19.6876	23.8855	0.650339	0.349661	6.033707	0.555373	0.509982	0.293824	0.188773	0.117282	0.0708356	0.0518922	0	4.014706	1.292326	0.3496609	0.6503391	19.60316
2550	5.20959	-20.7243	25.9339	0.526694	0.473306	5.126487	0.566013	0.52203	0.298295	0.190439	0.113653	0.0687643	0.0512996	0	1.966309	1.593103	0.4733059	0.5266941	39.18347
2560	1.17871	-24.2929	25.4716	0.815749	0.184251	13.66333	0.562259	0.509311	0.289105	0.188742	0.113539	0.0712424	0.0524771	0	2.428596	1.988465	0.184251	0.815749	97.37885
2570	4.15929	-21.0022	25.1615	0.57262	0.42738	3.340319	0.568791	0.521032	0.287421	0.190713	0.117601	0.0698191	0.0511192	0	2.738652	1.198167	0.4273797	0.5726203	15.78216
2580	3.64941	-19.4134	23.0628	0.105811	0.894189	3.24341	0.565104	0.515884	0.285433	0.191484	0.113854	0.0692635	0.0515446	0	4.837341	1.603637	0.8941887	0.1058113	40.14554
2590	4.42339	-20.5091	24.9325	0.0644496	0.93555	7.654787	0.569095	0.516783	0.290046	0.189097	0.114569	0.0696168	0.0519867	0	2.967693	1.461542	0.9355504	0.06444955	28.94289
2600	4.6145	-21.628	26.2425	0.556706	0.443294	9.22417	0.5696	0.523765	0.289705	0.195461	0.117176	0.0687284	0.053003	0	1.657649	1.797683	0.4432939	0.5567061	62.76004
2610	5.10695	-21.274	26.3809	0.737383	0.262617	5.503508	0.564955	0.522287	0.298316	0.192382	0.113937	0.0698998	0.0523305	0	1.519241	1.661071	0.2626165	0.7373835	45.8217
2620	4.83366	-20.6178	25.4515	0.581495	0.418505	3.904865	0.549028	0.526636	0.297144	0.192353	0.111781	0.0711581	0.0533402	0	2.448695	1.553578	0.4185052	0.5814948	35.77485
2630	3.993	-19.1002	23.0932	0.232958	0.767042	4.167304	0.562975	0.519404	0.28777	0.1929	0.113406	0.0692031	0.0508296	0	4.806948	1.680006	0.7670415	0.2329585	47.86366
2640	2.69647	-24.3248	27.0212	0.937743	0.0622572	10.86568	0.56455	0.514977	0.289781	0.193293	0.11443	0.0700288	0.0526471	0	0.8789369	1.816929	0.06225717	0.9377428	65.60376
2650	5.24503	-20.1989	25.444	0.300467	0.699533	7.614397	0.54682	0.50989	0.285338	0.188536	0.11327	0.0698887	0.0517017	0	2.45621	1.758675	0.6995329	0.3004671	57.36871
2660	5.03822	-19.5977	24.6359	0.47994	0.52006	6.077622	0.56312	0.509739	0.288848	0.192012	0.116984	0.0717501	0.0513181	0	3.264308	1.477269	0.5200602	0.4799398	30.0102
2670	4.3784	-19.1067	23.4851	0.381578	0.618422	6.156091	0.560775	0.506337	0.293288	0.195819	0.117595	0.0696666	0.0532208	0	4.415066	1.999644	0.6184222	0.3815778	99.91816
2680	4.8444	-21.1723	26.0167	0.0509026	0.949097	6.225776	0.56703	0.514192	0.297742	0.195086	0.115711	0.068984	0.0521035	0	1.883445	1.434586	0.9490974	0.05090261	27.20105
2690	1.99378	-23.8862	25.88	0.105001	0.894999	1.104612	0.547567	0.510582	0.295972	0.192122	0.116254	0.0685194	0.0508124	0	2.020217	1.494955	0.8949987	0.1050013	31.25753
2700	4.85662	-21.2266	26.0833	0.887509	0.112491	8.98664	0.565083	0.513643	0.290765	0.189054	0.11202	0.0701567	0.0511203	0	1.816931	1.819108	0.1124909	0.8875091	65.93377
2710	5.26068	-19.8111	25.0718	0.55699	0.44301	5.479344	0.560502	0.514859	0.299147	0.192347	0.116334	0.0694749	0.0509789	0	2.828401	1.555274	0.4430095	0.5569905	35.91483
2720	5.0494	-20.1579	25.2073	0.813426	0.186574	5.861165	0.567923	0.502679	0.291262	0.190921	0.114702	0.069505	0.0526006	0	2.692915	1.411425	0.1865742	0.8134258	25.78844
2730	4.19509	-21.309	25.5041	0.352929	0.647071	4.176848	0.568829	0.518531	0.285319	0.192701	0.116396	0.0686191	0.0525399	0	2.396102	1.177483	0.6470709	0.3529291	15.04814
2740	5.411	-20.4612	25.8722	0.916075	0.0839246	6.493008	0.569399	0.518049	0.297938	0.19659	0.114715	0.0718162	0.0527057	0	2.027964	1.611264	0.08392459	0.9160754	40.85673
2750	2.61613	-23.3774	25.9935	0.146829	0.853171	6.082712	0.557914	0.520404	0.293326	0.19627	0.112383	0.0719107	0.0525583	0	1.906688	1.081969	0.8531714	0.1468286	12.07728
2760	5.40757	-19.8239	25.2315	0.662197	0.337803	6.552935	0.566097	0.510173	0.289734	0.190856	0.112849	0.0717784	0.0518305	0	2.668704	1.709753	0.3378025	0.6621975	51.25701
2770	4.8939	-20.1178	25.0117	0.169059	0.830941	4.634063	0.567184	0.506343	0.292014	0.193219	0.11182	0.070616	0.0509319	0	2.888485	1.381306	0.8309408	0.1690592	24.06059
2780	4.35837	-19.3022	23.6606	0.43153	0.56847	4.251766	0.546943	0.51058	0.299774	0.194715	0.11215	0.0718127	0.0531774	0	4.23958	1.39112	0.5684697	0.4315303	24.61048
2790	4.44463	-19.5341	23.9787	0.941193	0.0588065	4.564737	0.558066	0.506245	0.295413	0.197482	0.112615	0.0695898	0.0530501	0	3.921442	1.299952	0.05880653	0.9411935	19.95042
2800	1.47923	-19.1714	20.6506	0.681733	0.318267	4.871164	0.570415	0.524255	0.288426	0.197575	0.113893	0.0719567	0.0531359	0	7.249593	1.060103	0.3182672	0.6817328	11.48426
2810	4.86104	-20.5669	25.428	0.124873	0.875127	3.96383	0.553488	0.509517	0.295133	0.192125	0.114505	0.0710112	0.0528764	0	2.472209	1.801055	0.8751267	0.1248733	63.24917
2820	4.81741	-19.8473	24.6647	0.914728	0.0852722	4.190636	0.545772	0.50712	0.29164	0.192885	0.115426	0.0694407	0.0532306	0	3.235448	1.449471	0.08527222	0.9147278	28.14954
2830	4.82612	-19.5737	24.3998	0.950733	0.0492666	5.587739	0.550751	0.511905	0.297077	0.190413	0.116003	0.0685145	0.0509206	0	3.50035	1.402323	0.04926659	0.9507334	25.25357
2840	3.00507	-22.6611	25.6661	0.919815	0.0801851	6.795397	0.566938	0.515537	0.2983	0.189119	0.114305	0.070675	0.0524369	0	2.234045	1.149652	0.08018512	0.9198149	14.11407
2850	4.58619	-19.6565	24.2427	0.0164474	0.983553	4.021569	0.564787	0.520223	0.290962	0.193957	0.112637	0.0710461	0.0522089	0	3.657458	1.878901	0.9835526	0.01644744	75.66597
2860	4.32708	-19.2242	23.5513	0.286496	0.713504	4.391516	0.570674	0.527807	0.29574	0.196902	0.114679	0.0698532	0.0530536	0	4.348895	1.915531	0.713504	0.286496	82.32495
2870	0.136386	-18.2305	18.3669	0.365507	0.634493	3.756303	0.559786	0.520845	0.294959	0.196728	0.113006	0.0708647	0.0531224	0	9.533273	1.926503	0.6344927	0.3655073	84.43116
2880	2.77833	-18.5973	21.3756	0.0283559	0.971644	4.455715	0.56479	0.511387	0.284855	0.196907	0.112946	0.0704446	0.0526706	0	6.52459	1.977512	0.9716441	0.02835591	94.95368
2890	4.74473	-19.7946	24.5394	0.478074	0.521926	4.116872	0.567309	0.525295	0.285108	0.194252	0.112139	0.07046	0.0514394	0	3.360805	1.855903	0.521926	0.478074	71.76345
2900	4.42177	-19.1298	23.5515	0.141066	0.858934	6.556378	0.559705	0.522579	0.298704	0.188456	0.116245	0.0705905	0.0521805	0	4.348634	1.818133	0.8589341	0.1410659	65.78585
2910	5.26636	-20.6514	25.9178	0.999679	0.000321098	5.018586	0.54794	0.508594	0.296059	0.193089	0.115993	0.070895	0.0528097	0	1.982392	1.68904	0.0003210977	0.9996789	48.86969
2920	3.57054	-19.0962	22.6668	0.610719	0.389281	3.709799	0.550071	0.518675	0.288988	0.193466	0.113597	0.0697713	0.0529726	0	5.233417	1.838954	0.3892806	0.6107194	69.01671
2930	4.74012	-20.4428	25.1829	0.660363	0.339637	3.73931	0.558561	0.505388	0.290289	0.192877	0.115129	0.0685796	0.0532609	0	2.717248	1.660229	0.3396371	0.6603629	45.7329
2940	5.16602	-21.356	26.522	0.464931	0.535069	6.763174	0.549639	0.526279	0.286342	0.192165	0.113971	0.069504	0.0524182	0	1.378174	1.754883	0.5350694	0.4649306	56.86992
2950	4.61872	-22.1019	26.7206	0.854404	0.145596	8.232028	0.554345	0.524033	0.293949	0.190521	0.112636	0.0687308	0.0528318	0	1.179589	1.747969	0.1455956	0.8544044	55.9718
2960	4.49807	-20.2479	24.7459	0.166973	0.833027	3.419654	0.546349	0.51432	0.29092	0.19825	0.116911	0.0720115	0.0519547	0	3.154244	1.628527	0.8330269	0.1669731	42.51352
2970	4.41172	-21.275	25.6867	0.885	0.115	3.439074	0.550242	0.51471	0.295776	0.197134	0.115215	0.0693061	0.0513182	0	2.213488	1.388753	0.1149996	0.8850004	24.47673
2980	4.75412	-20.6043	25.3584	0.941455	0.0585446	3.759813	0.548452	0.522297	0.293635	0.192107	0.115955	0.0716553	0.0518997	0	2.541808	1.846372	0.05854459	0.9414554	70.20562
2990	3.1764	-21.2464	24.4228	0.574466	0.425534	1.718532	0.554878	0.502057	0.287084	0.195924	0.117438	0.0718633	0.0517872	0	3.477372	1.502568	0.4255341	0.5744659	31.81028
3000	1.70832	-21.7241	23.4325	0.418636	0.581364	0.504086	0.551863	0.505771	0.285491	0.196384	0.113325	0.0715893	0.05091	0	4.467728	1.535211	0.5813641	0.4186359	34.29347
3010	5.02515	-21.2557	26.2809	0.554796	0.445204	8.53616	0.558539	0.512299	0.285069	0.196088	0.112742	0.0712693	0.0508775	0	1.619304	1.822936	0.4452035	0.5547965	66.51755
3020	4.25745	-20.0553	24.3127	0.242603	0.757397	3.218328	0.573054	0.521949	0.293239	0.196846	0.114762	0.0702436	0.0526596	0	3.587477	1.4873	0.7573966	0.2426034	30.71144
3030	4.73347	-21.8407	26.5741	0.574107	0.425893	6.115942	0.561208	0.52359	0.299021	0.198001	0.115121	0.0707018	0.0522112	0	1.326056	1.540668	0.4258934	0.5741066	34.72703
3040	3.34633	-22.4208	25.7671	0.163345	0.836655	10.22539	0.555344	0.52754	0.298761	0.195433	0.114976	0.0711516	0.0525687	0	2.133051	1.620756	0.8366548	0.1633452	41.75953
3050	3.86533	-19.2566	23.1219	0.598269	0.401731	3.789148	0.552874	0.520416	0.295655	0.197032	0.11449	0.0707431	0.0524086	0	4.778273	1.301509	0.4017312	0.5982688	20.02207
3060	2.55092	-18.6379	21.1888	0.943911	0.0560885	3.981784	0.556061	0.527446	0.291653	0.198065	0.117508	0.0701719	0.0516086	0	6.711345	1.804599	0.0560885	0.9439115	63.76744
3070	4.71457	-20.6054	25.3199	0.388698	0.611302	8.8994	0.566308	0.519775	0.295739	0.196394	0.114285	0.0694145	0.0510543	0	2.580241	1.970762	0.611302	0.388698	93.48921
3080	5.21903	-20.085	25.304	0.229212	0.770788	7.514535	0.552792	0.519899	0.293699	0.195887	0.111944	0.0707639	0.051434	0	2.596177	1.74272	0.770788	0.229212	55.29934
3090	4.76198	-20.1456	24.9075	0.0893143	0.910686	3.885761	0.549849	0.509989	0.298837	0.195311	0.114294	0.071046	0.0529577	0	2.992637	1.927826	0.9106857	0.08931429	84.68881
3100	4.17921	-18.9411	23.1203	0.911844	0.0881564	5.741283	0.561941	0.514885	0.296778	0.19635	0.117113	0.0696368	0.053141	0	4.779839	1.803411	0.08815642	0.9118436	63.5933
3110	5.03974	-20.3761	25.4159	0.294207	0.705793	4.438194	0.562377	0.51501	0.298188	0.197432	0.112916	0.0702378	0.0507447	0	2.484297	1.526369	0.7057932	0.2942068	33.60226
3120	4.5326	-20.2474	24.78	0.788331	0.211669	6.602635	0.552068	0.503217	0.289031	0.198238	0.114903	0.0717125	0.0510972	0	3.120184	1.350522	0.2116689	0.7883311	22.41413
3130	5.08131	-19.9478	25.0292	0.262717	0.737283	7.724652	0.570742	0.501993	0.292705	0.191935	0.116134	0.0715182	0.051152	0	2.87103	1.936908	0.7372834	0.2627166	86.47843
3140	4.49213	-19.6867	24.1788	0.537133	0.462867	7.959738	0.569579	0.508328	0.298081	0.189922	0.114161	0.0707779	0.0519098	0	3.721343	1.881825	0.4628669	0.5371331	76.17719
3150	4.88691	-20.4588	25.3457	0.547615	0.452385	7.481814	0.552704	0.512579	0.288663	0.18854	0.111978	0.0693797	0.051679	0	2.554437	1.535758	0.4523847	0.5476153	34.33668
3160	4.85219	-20.8639	25.7161	0.354983	0.645017	8.803022	0.55043	0.508375	0.289872	0.188833	0.112533	0.0716109	0.0509831	0	2.1841	1.751625	0.6450169	0.3549831	56.44488
3170	2.72037	-19.735	22.4553	0.802518	0.197482	2.176665	0.549913	0.526571	0.292488	0.194998	0.115285	0.0714201	0.0513434	0	5.444849	1.422191	0.1974818	0.8025182	26.4357
3180	5.28663	-20.5454	25.832	0.255155	0.744845	7.94324	0.555172	0.515673	0.288709	0.194255	0.117559	0.0708283	0.0521248	0	2.068164	1.893153	0.7448449	0.2551551	78.19026
3190	5.46439	-20.4535	25.9179	0.204573	0.795427	6.147206	0.554274	0.503264	0.290211	0.198154	0.115419	0.0707945	0.0523482	0	1.982271	1.746692	0.7954265	0.2045735	55.80739
3200	4.49349	-19.9395	24.433	0.39508	0.60492	3.752748	0.549223	0.507876	0.299432	0.196771	0.112503	0.0687467	0.0518165	0	3.467173	1.360953	0.6049196	0.3950804	22.95901
3210	2.25336	-22.49	24.7434	0.853485	0.146515	11.9857	0.564036	0.506414	0.29104	0.194608	0.114392	0.0694386	0.0508762	0	3.15682	1.944399	0.1465149	0.8534851	87.98299
3220	5.25104	-20.8118	26.0628	0.52555	0.47445	5.535048	0.560165	0.52517	0.285344	0.197111	0.114713	0.0698208	0.0511423	0	1.837345	1.595401	0.4744496	0.5255504	39.39132
3230	5.06046	-21.0026	26.063	0.462463	0.537537	5.446193	0.551728	0.507442	0.28485	0.197263	0.113366	0.0713615	0.0531008	0	1.837158	1.481268	0.5375371	0.4624629	30.28782
3240	5.17709	-19.7828	24.9599	0.703499	0.296501	5.970824	0.548234	0.517204	0.298659	0.197038	0.112363	0.0699785	0.0523605	0	2.940271	1.515976	0.2965008	0.7034992	32.80772
3250	3.86519	-22.7569	26.622	0.196697	0.803303	3.771431	0.553474	0.515823	0.292185	0.192519	0.112072	0.0710597	0.0513351	0	1.278137	1.651761	0.8033026	0.1966974	44.84983
3260	5.44912	-20.5424	25.9915	0.911819	0.0881815	6.990881	0.568396	0.505945	0.286767	0.190421	0.112384	0.0717481	0.0533719	0	1.908637	1.720426	0.08818146	0.9118185	52.53227
3270	4.12005	-22.4067	26.5267	0.363012	0.636988	7.483805	0.569975	0.514723	0.295045	0.189806	0.113066	0.0716354	0.0511572	0	1.373442	1.469413	0.6369881	0.3630119	29.47224
3280	4.63126	-22.203	26.8343	0.608729	0.391271	5.654023	0.55723	0.518127	0.292818	0.19418	0.11423	0.0717559	0.0512142	0	1.065913	1.848877	0.3912707	0.6087293	70.61169
3290	4.32492	-20.9723	25.2973	0.113391	0.886609	5.507019	0.548014	0.527309	0.285762	0.189056	0.112281	0.0709541	0.0516737	0	2.602912	1.229991	0.8866086	0.1133914	16.98208
3300	5.08235	-20.7523	25.8347	0.212154	0.787846	4.557821	0.561521	0.513598	0.28704	0.189654	0.11646	0.0694304	0.0515221	0	2.065485	1.695845	0.787846	0.212154	49.64156
3310	2.88181	-19.8352	22.717	0.181267	0.818733	7.2685	0.547709	0.5094	0.288139	0.193035	0.114151	0.0695571	0.051513	0	5.183167	1.325565	0.818733	0.181267	21.1624
3320	4.30355	-21.41	25.7136	0.983293	0.0167072	9.591852	0.561252	0.51534	0.285008	0.19388	0.114459	0.0701627	0.0527727	0	2.18661	1.733721	0.01670719	0.9832928	54.16523
3330	4.18872	-20.4552	24.6439	0.461878	0.538122	4.446916	0.553387	0.519291	0.299724	0.193165	0.116692	0.0717817	0.0523971	0	3.256312	1.145377	0.5381217	0.4618783	13.97582
3340	4.11779	-20.8989	25.0167	0.182178	0.817822	9.786449	0.572239	0.505676	0.29961	0.189711	0.117084	0.0713994	0.0527702	0	2.883508	1.842917	0.8178221	0.1821779	69.6493
3350	4.23705	-20.5017	24.7388	0.768984	0.231016	5.481187	0.556053	0.506465	0.289661	0.191931	0.116268	0.0704148	0.0514528	0	3.161429	1.200446	0.231016	0.768984	15.8652
3360	4.18483	-22.1767	26.3615	0.309248	0.690752	3.70347	0.566692	0.506127	0.298034	0.197101	0.116948	0.0704364	0.0516541	0	1.538664	1.560174	0.6907518	0.3092482	36.32232
3370	3.67001	-22.659	26.329	0.0318457	0.968154	4.497847	0.566707	0.509436	0.297747	0.190469	0.116459	0.0716005	0.0515794	0	1.571174	1.210311	0.9681543	0.03184574	16.22971
3380	2.96115	-20.5871	23.5483	0.720634	0.279366	7.267227	0.571392	0.522302	0.290781	0.19227	0.116308	0.0717921	0.0525252	0	4.351898	1.230354	0.279366	0.720634	16.99627
3390	4.93192	-19.374	24.3059	0.366918	0.633082	6.05631	0.563555	0.514583	0.290949	0.190309	0.115212	0.0704917	0.0522385	0	3.5943	1.974159	0.6330823	0.3669177	94.22355
3400	5.45642	-20.47	25.9265	0.321449	0.678551	7.233464	0.564348	0.520142	0.288145	0.18997	0.115918	0.0705867	0.0508648	0	1.973721	1.87158	0.678551	0.321449	74.40119
3410	4.39575	-19.2314	23.6272	0.81164	0.18836	4.355497	0.556231	0.510437	0.285146	0.196724	0.115304	0.0697831	0.0521627	0	4.27301	1.466674	0.1883601	0.8116399	29.28696
3420	4.98717	-19.995	24.9821	0.409832	0.590168	6.309499	0.562585	0.514041	0.290033	0.197813	0.11249	0.0719977	0.0508665	0	2.918038	1.443437	0.5901679	0.4098321	27.76111
3430	3.69107	-20.1333	23.8244	0.655391	0.344609	2.743869	0.548775	0.521549	0.287021	0.196649	0.113251	0.0708317	0.0507946	0	4.075781	1.217068	0.3446092	0.6553908	16.4842
3440	3.08	-21.8202	24.9002	0.160497	0.839503	1.979838	0.548096	0.52505	0.296889	0.197811	0.112148	0.0714174	0.0523877	0	2.999946	1.068952	0.8395025	0.1604975	11.72067
3450	4.52816	-19.5798	24.108	0.610338	0.389662	7.790341	0.561739	0.525575	0.297985	0.195015	0.113587	0.0710473	0.0521251	0	3.792224	1.779472	0.3896624	0.6103376	60.18274
3460	4.82472	-20.5043	25.3291	0.547559	0.452441	6.317653	0.561958	0.522563	0.293026	0.194465	0.112311	0.0720208	0.0515625	0	2.571127	1.377588	0.452441	0.547559	23.85546
3470	2.70786	-19.6458	22.3537	0.932941	0.0670589	2.268848	0.55522	0.513308	0.292139	0.190519	0.112796	0.071312	0.0519508	0	5.546469	1.681965	0.06705887	0.9329411	48.08
3480	2.55557	-18.5765	21.132	0.689822	0.310178	6.337095	0.55931	0.505032	0.293858	0.194384	0.112271	0.0715744	0.0508148	0	6.768144	1.762949	0.3101783	0.6898217	57.93612
3490	2.90237	-19.794	22.6964	0.265119	0.734881	4.939038	0.545981	0.50372	0.287909	0.192481	0.112236	0.0712422	0.0510439	0	5.203763	1.083514	0.734881	0.265119	12.12031
3500	1.3344	-19.6276	20.962	0.189164	0.810836	1.778342	0.548368	0.521792	0.295757	0.197615	0.114105	0.0714363	0.0510907	0	6.938178	1.014341	0.8108356	0.1891644	10.33572
3510	4.60371	-19.8032	24.4069	0.886713	0.113287	3.856267	0.56286	0.51427	0.294042	0.198036	0.114749	0.0707779	0.0519594	0	3.493306	1.681744	0.1132873	0.8867127	48.05555
3520	4.99282	-19.3682	24.361	0.333147	0.666853	6.43687	0.570537	0.507753	0.292788	0.189773	0.114651	0.0706652	0.0521929	0	3.539135	1.683339	0.6668529	0.3331471	48.23246
3530	4.49545	-19.9909	24.4863	0.100296	0.899704	8.003838	0.558055	0.51999	0.291286	0.191643	0.114676	0.0703678	0.0521674	0	3.413875	1.606125	0.8997041	0.1002959	40.37619
3540	5.22979	-20.8004	26.0302	0.166712	0.833288	5.11739	0.548938	0.524129	0.296681	0.193372	0.114087	0.0712206	0.0512217	0	1.870001	1.697292	0.8332881	0.1667119	49.80716
3550	4.63004	-20.7996	25.4296	0.16953	0.83047	7.350044	0.548988	0.501777	0.297294	0.196006	0.11381	0.0696567	0.0507242	0	2.470547	1.451532	0.8304702	0.1695298	28.28343
3560	5.34029	-20.1286	25.4689	0.679082	0.320918	5.241017	0.552619	0.503901	0.293482	0.188446	0.11638	0.0689488	0.0509901	0	2.431321	1.69196	0.3209178	0.6790822	49.19937
3570	5.30539	-20.5241	25.8295	0.365543	0.634457	7.724942	0.549169	0.504515	0.294718	0.189348	0.116411	0.068432	0.0507403	0	2.070675	1.933858	0.6344566	0.3655434	85.87327
3580	4.64467	-19.8776	24.5223	0.270549	0.729451	7.029467	0.567407	0.50507	0.295965	0.193086	0.117028	0.0687079	0.0515863	0	3.377879	1.474029	0.7294506	0.2705494	29.78719
3590	5.24705	-19.7177	24.9648	0.980905	0.019095	5.435721	0.571587	0.523081	0.294727	0.191121	0.11662	0.0690381	0.0512864	0	2.93541	1.800455	0.019095	0.980905	63.1619
3600	2.69995	-20.7011	23.401	0.544741	0.455259	1.511307	0.56632	0.525917	0.294745	0.196877	0.11631	0.0691266	0.0524626	0	4.499149	1.633806	0.4552592	0.5447408	43.03348
3610	2.41725	-22.8348	25.252	0.511805	0.488195	2.797507	0.5569	0.514227	0.299024	0.196671	0.112827	0.0698082	0.0517773	0	2.648144	0.8816379	0.4881946	0.5118054	7.614439
3620	4.16792	-19.4829	23.6508	0.735311	0.264689	3.666647	0.573104	0.508393	0.294309	0.197264	0.114171	0.0699443	0.0508497	0	4.24936	1.395175	0.2646889	0.7353111	24.84133
3630	4.99735	-19.4239	24.4213	0.487675	0.512325	6.302683	0.573402	0.502932	0.294278	0.196734	0.112462	0.0692715	0.0516427	0	3.478892	1.85003	0.5123247	0.4876753	70.79954
3640	4.1966	-21.6695	25.8661	0.736119	0.263881	4.465797	0.568982	0.501919	0.284867	0.19642	0.113064	0.0691425	0.052239	0	2.034108	1.219232	0.2638811	0.7361189	16.56653
3650	4.82989	-20.1649	24.9948	0.341341	0.658659	6.265671	0.554494	0.508773	0.296307	0.192607	0.112135	0.06848	0.0519735	0	2.905378	1.403813	0.6586587	0.3413413	25.34035
3660	2.47472	-24.4291	26.9038	0.00482658	0.995173	10.22939	0.545824	0.503083	0.295313	0.190841	0.115152	0.0706088	0.0518393	0	0.9963362	1.642463	0.9951734	0.004826585	43.89989
3670	5.32983	-20.1334	25.4632	0.182724	0.817276	5.190264	0.566575	0.516296	0.294195	0.188752	0.114676	0.070912	0.0511878	0	2.436982	1.747731	0.8172759	0.1827241	55.9411
3680	3.53327	-21.6774	25.2106	0.854021	0.145979	2.100916	0.560834	0.507586	0.2918	0.193887	0.113255	0.0697241	0.0527238	0	2.689544	1.505843	0.1459788	0.8540212	32.05111
3690	1.98238	-18.3629	20.3453	0.959931	0.0400691	4.533479	0.547786	0.517241	0.296622	0.196313	0.115743	0.0686419	0.053027	0	7.554873	1.430525	0.0400691	0.9599309	26.94792
3700	5.07399	-21.0993	26.1733	0.280678	0.719322	4.859759	0.565394	0.516366	0.29891	0.192808	0.115242	0.0685777	0.0531272	0	1.726846	1.895301	0.7193216	0.2806784	78.57805
3710	2.59792	-19.8518	22.4497	0.0429116	0.957088	8.182557	0.562136	0.515906	0.298958	0.188349	0.112332	0.0685643	0.0513571	0	5.450476	1.46879	0.9570884	0.04291157	29.42998
3720	4.93989	-21.1571	26.097	0.0656493	0.934351	4.472801	0.552426	0.524238	0.287495	0.190592	0.113488	0.0684303	0.0513671	0	1.803196	1.941991	0.9343507	0.0656493	87.49649
3730	4.66416	-20.4452	25.1094	0.249054	0.750946	3.937404	0.554051	0.502214	0.294845	0.192356	0.113413	0.0694171	0.0525066	0	2.79081	1.341071	0.7509457	0.2490543	21.93162
3740	5.06672	-20.9665	26.0332	0.479534	0.520466	8.318266	0.559779	0.51779	0.295541	0.189114	0.113136	0.0718163	0.0513401	0	1.86697	1.729919	0.5204658	0.4795342	53.69316
3750	5.34902	-20.0316	25.3806	0.919461	0.0805395	5.615839	0.554352	0.527953	0.289222	0.188348	0.114629	0.0700519	0.0515925	0	2.519547	1.556698	0.08053949	0.9194605	36.03276
3760	4.53349	-22.0737	26.6072	0.541345	0.458655	6.323803	0.553049	0.519375	0.291871	0.193892	0.116376	0.069448	0.0525719	0	1.292945	1.502591	0.4586552	0.5413448	31.81199
3770	4.981	-21.1176	26.0986	0.558529	0.441471	5.647736	0.573979	0.502918	0.293421	0.189446	0.11579	0.0709363	0.0520189	0	1.801553	1.444644	0.441471	0.558529	27.83841
3780	2.95902	-19.82	22.7791	0.67142	0.32858	9.004689	0.555983	0.513351	0.293256	0.188634	0.115885	0.0708093	0.0517372	0	5.121121	1.834637	0.3285796	0.6714204	68.33407
3790	4.69292	-19.7951	24.4881	0.879651	0.120349	4.02889	0.551462	0.523985	0.296634	0.190536	0.113159	0.0713006	0.0513093	0	3.412116	1.968429	0.1203494	0.8796506	92.98849
3800	3.57716	-20.7327	24.3099	0.501712	0.498288	9.932891	0.554765	0.525212	0.285781	0.191974	0.112003	0.0711477	0.050724	0	3.590278	1.96756	0.4982881	0.5017119	92.80259
3810	5.10269	-19.9164	25.0191	0.488162	0.511838	4.676479	0.56333	0.508818	0.286282	0.189707	0.116022	0.0695093	0.0515411	0	2.881059	1.721441	0.5118375	0.4881625	52.65517
3820	4.83421	-20.9937	25.8279	0.966975	0.0330255	4.886398	0.547363	0.514281	0.286131	0.190722	0.117222	0.0709379	0.0529251	0	2.072304	1.347136	0.03302547	0.9669745	22.24008
3830	4.26402	-19.8956	24.1596	0.526465	0.473535	3.35863	0.556086	0.513063	0.288158	0.188706	0.116116	0.0715784	0.0517086	0	3.740606	1.917706	0.473535	0.526465	82.73818
3840	4.30769	-21.7721	26.0798	0.507043	0.492957	5.464532	0.57278	0.505118	0.288882	0.196897	0.11436	0.0702414	0.0510426	0	1.820366	1.285222	0.4929571	0.5070429	19.28511
3850	4.00423	-20.3615	24.3657	0.196785	0.803215	2.785563	0.568985	0.524915	0.291906	0.194453	0.116219	0.0709521	0.0508368	0	3.53447	1.42047	0.803215	0.196785	26.33117
3860	4.12645	-19.0869	23.2133	0.21262	0.78738	6.958043	0.569272	0.510002	0.2871	0.196033	0.115191	0.0704276	0.0507993	0	4.686842	1.703477	0.7873799	0.2126201	50.52155
3870	4.99827	-21.7053	26.7036	0.205534	0.794466	6.760849	0.568548	0.506432	0.29311	0.190719	0.115489	0.0718607	0.05254	0	1.19659	1.782004	0.7944663	0.2055337	60.53465
3880	4.12017	-18.8711	22.9912	0.790364	0.209636	6.035812	0.561802	0.501664	0.296884	0.191853	0.114096	0.0710754	0.0511419	0	4.908964	1.711516	0.2096359	0.7903641	51.46553
3890	2.10711	-21.0158	23.123	0.805605	0.194395	2.943773	0.569276	0.506885	0.287374	0.196987	0.113217	0.0713284	0.0519404	0	4.777232	0.8414033	0.1943946	0.8056054	6.940701
3900	5.12016	-20.4558	25.576	0.235863	0.764137	4.551415	0.572593	0.525953	0.295131	0.193527	0.11461	0.0695849	0.050826	0	2.324207	1.684693	0.7641369	0.2358631	48.383
3910	4.05891	-19.0404	23.0993	0.167277	0.832723	4.418664	0.557414	0.524349	0.296041	0.196423	0.116639	0.0697443	0.0512882	0	4.800856	1.691142	0.8327233	0.1672767	49.10687
3920	2.57503	-24.0063	26.5813	0.15237	0.84763	5.88384	0.566456	0.521423	0.296103	0.197438	0.114536	0.0695583	0.05169	0	1.318887	1.16317	0.8476305	0.1523695	14.56028
3930	5.38818	-19.9993	25.3874	0.0944449	0.905555	5.634915	0.559008	0.526493	0.292754	0.198064	0.117577	0.070231	0.0514127	0	2.512744	1.827859	0.9055551	0.09444495	67.27579
3940	4.36549	-19.571	23.9365	0.707705	0.292295	5.542361	0.551768	0.519656	0.294079	0.193145	0.117136	0.0711504	0.0519426	0	3.96373	1.290286	0.292295	0.707705	19.51129
3950	3.64594	-20.7355	24.3814	0.0726289	0.927371	7.532244	0.573241	0.520198	0.293334	0.195027	0.112159	0.0707031	0.050822	0	3.51874	1.330733	0.9273711	0.07262886	21.41572
3960	1.22812	-18.5199	19.748	0.339093	0.660907	6.877893	0.563747	0.527761	0.294666	0.197473	0.112564	0.0708606	0.0512046	0	8.152173	1.653231	0.6609067	0.3390933	45.00191
3970	4.94394	-21.1401	26.084	0.116065	0.883935	4.476632	0.562404	0.520308	0.293397	0.197517	0.112453	0.0693284	0.0509231	0	1.816147	1.772649	0.8839351	0.1160649	59.2446
3980	5.47813	-20.0618	25.54	0.79097	0.20903	6.046027	0.570283	0.510661	0.298921	0.195246	0.116431	0.0706872	0.0511552	0	2.36023	1.842598	0.20903	0.79097	69.5982
3990	4.1808	-20.528	24.7088	0.700965	0.299035	9.056031	0.566798	0.507844	0.299605	0.189433	0.11482	0.0712371	0.051363	0	3.191376	1.664106	0.2990354	0.7009646	46.14299
4000	5.23709	-20.3214	25.5585	0.228514	0.771486	4.854327	0.551293	0.501961	0.290455	0.18949	0.112118	0.070939	0.0515772	0	2.341645	1.771223	0.771486	0.228514	59.05049
4010	4.71283	-21.4876	26.2005	0.447185	0.552815	9.449844	0.561659	0.50404	0.28898	0.188347	0.115778	0.070371	0.0524935	0	1.699708	1.993894	0.5528154	0.4471846	98.6039
4020	3.68834	-19.9264	23.6148	0.567482	0.432518	4.390139	0.548015	0.524238	0.288629	0.189045	0.112638	0.0714422	0.0532838	0	4.285395	1.108791	0.4325176	0.5674824	12.84669
4030	5.19818	-19.6229	24.8211	0.502383	0.497617	5.707905	0.545792	0.522984	0.286687	0.190221	0.113885	0.0696232	0.0526932	0	3.079092	1.894395	0.4976172	0.5023828	78.41421
4040	5.32313	-20.0957	25.4188	0.256254	0.743746	7.302949	0.550103	0.505607	0.28742	0.189821	0.112996	0.0701696	0.0533744	0	2.481393	1.815296	0.7437458	0.2562542	65.35753
4050	3.30805	-21.7995	25.1076	0.0349981	0.965002	1.871941	0.545773	0.514234	0.290435	0.191075	0.113496	0.069342	0.0519637	0	2.792589	1.390427	0.9650019	0.03499807	24.57125
4060	4.05916	-20.13	24.1891	0.132242	0.867758	2.957506	0.566834	0.506163	0.289155	0.19638	0.11271	0.0702649	0.0513989	0	3.711058	1.545421	0.8677585	0.1322415	35.10922
4070	4.10085	-19.7323	23.8331	0.381588	0.618412	8.306599	0.557158	0.503089	0.288009	0.193336	0.116705	0.070549	0.0515752	0	4.067057	1.711123	0.6184123	0.3815877	51.41898
4080	4.00948	-21.7726	25.7821	0.226458	0.773542	3.795373	0.558063	0.51548	0.299611	0.192023	0.115634	0.0713691	0.0524302	0	2.118068	1.180345	0.7735416	0.2264584	15.14764
4090	4.52758	-21.3792	25.9068	0.0441912	0.955809	3.594752	0.546791	0.507802	0.29714	0.188927	0.116587	0.071258	0.0524186	0	1.993403	1.983715	0.9558088	0.04419123	96.31972
4100	4.31725	-21.154	25.4712	0.796017	0.203983	3.124372	0.557862	0.511734	0.289542	0.188893	0.117088	0.071465	0.0529891	0	2.428966	1.412684	0.2039834	0.7960166	25.86332
4110	4.57681	-20.1617	24.7385	0.181673	0.818327	3.588332	0.557759	0.503565	0.292604	0.188374	0.115933	0.0702101	0.0515826	0	3.161671	1.766084	0.8183269	0.1816731	58.35573
4120	4.02521	-21.7062	25.7314	0.87876	0.12124	8.912537	0.551046	0.505143	0.294885	0.190957	0.117449	0.0699434	0.0523436	0	2.168791	1.521264	0.12124	0.87876	33.20964
4130	4.55302	-20.7241	25.2771	0.202299	0.797701	8.441463	0.562596	0.504118	0.285899	0.195533	0.113351	0.0701843	0.0527064	0	2.623035	1.604325	0.7977013	0.2022987	40.2092
4140	4.91539	-21.5753	26.4907	0.0750211	0.924979	8.650612	0.566948	0.518093	0.285231	0.189328	0.113678	0.0697156	0.0531883	0	1.4095	1.942433	0.9249789	0.07502109	87.58573
4150	4.19199	-19.1424	23.3344	0.48987	0.51013	4.583409	0.563536	0.520569	0.287312	0.188511	0.112767	0.0695034	0.0531105	0	4.565747	1.364618	0.5101301	0.4898699	23.15358
4160	5.17267	-19.5991	24.7717	0.253533	0.746467	6.301646	0.549307	0.524317	0.299471	0.192582	0.113386	0.068691	0.0531537	0	3.128436	1.692125	0.7464672	0.2535328	49.21809
4170	3.97563	-21.2813	25.257	0.35067	0.64933	3.093266	0.560091	0.521939	0.292512	0.192913	0.111969	0.0684796	0.0527631	0	2.643217	1.190503	0.6493303	0.3506697	15.50612
4180	3.36265	-23.0784	26.4411	0.289565	0.710435	11.31511	0.567112	0.518509	0.292983	0.190515	0.113325	0.0702401	0.0512654	0	1.459094	1.921016	0.7104349	0.2895651	83.37119
4190	1.54744	-18.3994	19.9468	0.523523	0.476477	4.059976	0.563315	0.517365	0.287175	0.189237	0.1162	0.0716923	0.0526312	0	7.953343	1.913898	0.4764769	0.5235231	82.01589
4200	4.97021	-19.3252	24.2954	0.612005	0.387995	6.005057	0.551626	0.52158	0.285466	0.19283	0.112114	0.0707954	0.0521495	0	3.604749	1.786359	0.3879945	0.6120055	61.14474
4210	3.68089	-20.9855	24.6663	0.169881	0.830119	7.061321	0.554132	0.524834	0.286036	0.18838	0.112915	0.0699388	0.0515822	0	3.233835	1.264771	0.8301194	0.1698806	18.39802
4220	3.49044	-20.8448	24.3353	0.34741	0.65259	2.115784	0.570586	0.515213	0.287488	0.189914	0.116514	0.0712586	0.0510551	0	3.564903	1.329974	0.6525896	0.3474104	21.37834
4230	2.5153	-19.8463	22.3616	0.281573	0.718427	1.957166	0.56362	0.516038	0.29319	0.197572	0.116261	0.0696552	0.0509735	0	5.538616	1.813624	0.7184269	0.2815731	65.10646
4240	4.9973	-21.6796	26.6769	0.884861	0.115139	7.028817	0.547458	0.503775	0.295469	0.197828	0.117406	0.0699543	0.0512482	0	1.223268	1.742993	0.1151387	0.8848613	55.3341
4250	3.7123	-22.3837	26.096	0.269148	0.730852	3.632288	0.551704	0.519265	0.290854	0.197964	0.116489	0.068562	0.0516995	0	1.804201	1.200466	0.7308522	0.2691478	15.86594
4260	5.2087	-20.4661	25.6748	0.462254	0.537746	4.828076	0.552851	0.517151	0.294406	0.192408	0.113662	0.0684977	0.0519569	0	2.225418	1.67725	0.5377456	0.4622544	47.56086
4270	5.27616	-19.9547	25.2308	0.35969	0.64031	6.155519	0.565617	0.513736	0.295541	0.196115	0.115929	0.0698736	0.0514701	0	2.66935	1.547957	0.6403097	0.3596903	35.31482
4280	4.14173	-21.8587	26.0004	0.165811	0.834189	3.19997	0.559835	0.526569	0.287793	0.197014	0.11631	0.0713302	0.0507503	0	1.899789	1.521016	0.8341892	0.1658108	33.19068
4290	1.59044	-21.0302	22.6207	0.479735	0.520265	10.08431	0.568854	0.510951	0.284838	0.196225	0.116641	0.0704403	0.0512159	0	5.2795	1.573811	0.5202647	0.4797353	37.48101
4300	4.67394	-19.6172	24.2912	0.0381085	0.961891	4.180589	0.55573	0.517592	0.291972	0.193182	0.117521	0.0714504	0.0512769	0	3.608998	1.476597	0.9618915	0.03810855	29.96381
4310	3.11657	-23.8111	26.9277	0.32389	0.67611	5.091582	0.563034	0.522361	0.284933	0.191023	0.11754	0.0717444	0.051932	0	0.9725197	1.372067	0.6761101	0.3238899	23.55414
4320	4.36367	-21.3915	25.7552	0.696064	0.303936	7.34222	0.555789	0.507791	0.289076	0.19049	0.115965	0.0719004	0.0530522	0	2.144966	1.380886	0.3039363	0.6960637	24.03731
4330	1.44373	-25.2077	26.6514	0.00859393	0.991406	1.649092	0.56073	0.512561	0.294657	0.190375	0.117215	0.0716581	0.0523833	0	1.24877	1.826275	0.9914061	0.008593935	67.03082
4340	5.44719	-20.2947	25.7419	0.620598	0.379402	5.794449	0.568995	0.50456	0.29098	0.188995	0.115199	0.0694279	0.0532788	0	2.158289	1.843101	0.3794018	0.6205982	69.67891
4350	5.40541	-20.872	26.2774	0.392729	0.607271	6.906324	0.548671	0.504859	0.299364	0.192465	0.113253	0.0702464	0.0532547	0	1.622785	1.913756	0.6072714	0.3927286	81.98915
4360	4.73679	-19.6466	24.3834	0.212016	0.787984	4.421453	0.562052	0.516806	0.285915	0.195051	0.115144	0.0695613	0.0512971	0	3.516831	1.420564	0.787984	0.212016	26.33684
4370	2.66379	-24.0136	26.6774	0.54773	0.45227	3.689946	0.567997	0.515921	0.296819	0.192297	0.1118	0.0697865	0.0508227	0	1.222824	1.212648	0.4522704	0.5477296	16.3173
4380	4.42168	-22.4025	26.8242	0.558324	0.441676	8.900487	0.563795	0.508677	0.293526	0.191979	0.114553	0.0696958	0.0519803	0	1.075962	1.843663	0.4416761	0.5583239	69.76912
4390	3.53909	-20.0862	23.6253	0.910557	0.0894426	2.498938	0.573923	0.525518	0.298949	0.191847	0.116379	0.0701643	0.0523249	0	4.274877	1.81326	0.08944263	0.9105574	65.05192
4400	5.31611	-19.7794	25.0955	0.0147626	0.985237	6.072256	0.54832	0.523597	0.298459	0.193852	0.116782	0.0706825	0.0525712	0	2.804699	1.633999	0.9852374	0.0147626	43.05253
4410	5.26625	-20.1802	25.4465	0.447272	0.552728	4.984157	0.551366	0.520563	0.298885	0.19198	0.115671	0.0694252	0.0532741	0	2.453692	1.77113	0.5527278	0.4472722	59.0378
4420	3.07961	-23.2526	26.3322	0.825935	0.174065	2.413896	0.555157	0.520193	0.296801	0.189712	0.112206	0.0687153	0.0533621	0	1.567965	1.725222	0.1740648	0.8259352	53.11553
4430	4.33892	-19.039	23.3779	0.688229	0.311771	6.04665	0.548157	0.522496	0.290712	0.188761	0.116908	0.0697085	0.0522653	0	4.52225	1.857522	0.3117714	0.6882286	72.03141
4440	-1.13413	-23.2044	22.0703	0.361174	0.638826	10.90099	0.549727	0.527224	0.296789	0.190157	0.113909	0.0715771	0.0511068	0	5.829883	1.346183	0.6388257	0.3611743	22.19133
4450	4.64726	-19.7094	24.3566	0.82984	0.17016	4.122928	0.553659	0.518827	0.28606	0.188784	0.1131	0.0704074	0.0512746	0	3.543562	1.3883	0.1701597	0.8298403	24.45117
4460	4.76705	-21.8703	26.6373	0.387773	0.612227	5.701319	0.556783	0.518423	0.289935	0.191752	0.115009	0.0710239	0.0507647	0	1.262866	1.622057	0.6122273	0.3877727	41.88484
4470	4.83018	-20.3226	25.1528	0.760311	0.239689	4.133047	0.557351	0.508368	0.288993	0.188767	0.114497	0.0712129	0.0515384	0	2.747382	1.377628	0.2396891	0.7603109	23.85766
4480	5.05157	-20.0563	25.1079	0.933029	0.0669707	7.155337	0.558887	0.51813	0.286582	0.192938	0.112227	0.0696312	0.0516404	0	2.792268	1.56548	0.06697072	0.9330293	36.76887
4490	0.225895	-18.6763	18.9022	0.544125	0.455875	2.444535	0.560055	0.504437	0.285515	0.193477	0.117463	0.0717246	0.0515636	0	8.997967	1.985913	0.4558754	0.5441246	96.80845
4500	4.7245	-21.6791	26.4036	0.460246	0.539754	4.671505	0.558906	0.506576	0.295564	0.192516	0.116039	0.0715665	0.0518463	0	1.496624	1.575518	0.5397544	0.4602456	37.62862
4510	4.7225	-21.5925	26.315	0.638637	0.361363	6.163091	0.548388	0.511	0.298858	0.194987	0.116275	0.0717023	0.0526167	0	1.585169	1.431667	0.3613626	0.6386374	27.01885
4520	4.10241	-20.9495	25.052	0.218115	0.781885	2.802648	0.552376	0.524184	0.291646	0.19261	0.114937	0.0717167	0.0523524	0	2.848229	1.375327	0.781885	0.218115	23.73162
4530	1.3602	-20.7089	22.0691	0.303648	0.696352	7.665083	0.561956	0.522808	0.29917	0.197375	0.111779	0.0692267	0.0518129	0	5.831038	1.201752	0.6963517	0.3036483	15.913
4540	4.72058	-19.2261	23.9467	0.83291	0.16709	5.719916	0.573905	0.527259	0.298251	0.196605	0.117086	0.069788	0.0533395	0	3.953497	1.93674	0.1670899	0.8329101	86.44496
4550	5.04524	-19.7419	24.7871	0.969382	0.0306183	4.794526	0.569257	0.518592	0.295236	0.191767	0.115535	0.0703508	0.0520165	0	3.113065	1.974233	0.03061826	0.9693817	94.23941
4560	3.01656	-19.0673	22.0839	0.0462287	0.953771	3.268612	0.572035	0.523362	0.296137	0.189832	0.11533	0.0714834	0.0533089	0	5.816282	1.776797	0.9537713	0.0462287	59.81325
4570	3.472	-20.5472	24.0192	0.560015	0.439985	2.775669	0.550803	0.526911	0.288399	0.197129	0.114391	0.0707469	0.0527669	0	3.881027	1.065248	0.4399851	0.5600149	11.62112
4580	4.05538	-22.1815	26.2369	0.653633	0.346367	3.290933	0.55348	0.521538	0.295062	0.194353	0.113275	0.0713463	0.0527297	0	1.663326	1.82124	0.3463665	0.6536335	66.25819
4590	3.31588	-18.5937	21.9095	0.771073	0.228927	5.376159	0.569987	0.523219	0.294319	0.196688	0.114415	0.0716984	0.0526017	0	5.99064	1.633755	0.2289267	0.7710733	43.02839
4600	4.58574	-20.3481	24.9339	0.451149	0.548851	7.870869	0.551526	0.504467	0.288966	0.195445	0.116494	0.0713404	0.0520692	0	2.966313	1.518807	0.548851	0.451149	33.02226
4610	5.19996	-20.037	25.2369	0.337291	0.662709	5.828698	0.563197	0.510498	0.293769	0.197325	0.114595	0.0712399	0.0529496	0	2.663258	1.477002	0.6627089	0.3372911	29.99174
4620	4.32093	-20.4705	24.7915	0.566961	0.433039	5.279769	0.568668	0.504291	0.29954	0.194874	0.114667	0.0718621	0.0517881	0	3.108713	1.201813	0.4330389	0.5669611	15.91523
4630	4.46335	-20.0989	24.5623	0.727113	0.272887	3.469132	0.55172	0.515349	0.297606	0.195642	0.112224	0.0691546	0.0520812	0	3.33792	1.835782	0.272887	0.727113	68.51435
4640	5.14643	-20.1503	25.2967	0.493214	0.506786	7.688848	0.561874	0.516413	0.298261	0.194277	0.113415	0.0692269	0.0525059	0	2.603479	1.997158	0.5067855	0.4932145	99.34765
4650	5.06789	-21.5624	26.6302	0.636571	0.363429	6.257749	0.563846	0.50934	0.296567	0.192515	0.113391	0.0701506	0.052091	0	1.269937	1.791295	0.3634293	0.6365707	61.84363
4660	2.07805	-24.8863	26.9643	0.152751	0.847249	11.32485	0.549668	0.506799	0.296748	0.189683	0.113823	0.0691595	0.0510352	0	0.9358351	1.767976	0.8472492	0.1527508	58.61059
4670	3.37147	-21.1401	24.5116	0.653854	0.346146	9.738707	0.546318	0.508145	0.297154	0.197289	0.115079	0.0711491	0.0527345	0	3.388571	1.613907	0.3461459	0.6538541	41.10613
4680	2.82788	-18.9348	21.7627	0.764339	0.235661	3.36826	0.550479	0.514549	0.299454	0.189166	0.116467	0.0719542	0.0519548	0	6.137466	1.63563	0.2356606	0.7643394	43.21456
4690	4.51644	-19.0353	23.5518	0.158623	0.841377	5.344668	0.548217	0.511505	0.294993	0.193075	0.1174	0.0714629	0.0529002	0	4.348423	1.645422	0.8413772	0.1586228	44.2
4700	4.47236	-20.1577	24.6301	0.423009	0.576991	3.437045	0.567622	0.526939	0.291892	0.197246	0.116408	0.0712366	0.0530079	0	3.270087	1.715906	0.5769907	0.4230093	51.98836
4710	-1.63958	-28.8917	27.2521	0.295445	0.704555	14.46695	0.566924	0.527452	0.28751	0.196537	0.113345	0.0717373	0.0518085	0	0.6480586	1.854078	0.7045548	0.2954452	71.4624
4720	4.30176	-20.4777	24.7795	0.628641	0.371359	5.118551	0.548048	0.527764	0.291178	0.195571	0.116007	0.0716834	0.0517824	0	3.120682	1.189648	0.3713588	0.6286412	15.47562
4730	5.1646	-19.5316	24.6962	0.2447	0.7553	5.507013	0.553157	0.520315	0.296688	0.191063	0.117596	0.0708216	0.051947	0	3.203981	1.613041	0.7552998	0.2447002	41.02428
4740	4.94551	-19.8976	24.8431	0.605666	0.394334	7.394362	0.549624	0.510974	0.298077	0.190697	0.113254	0.0713125	0.0522974	0	3.057085	1.585414	0.3943338	0.6056662	38.49588
4750	4.42308	-19.6391	24.0621	0.435977	0.564023	7.893353	0.55246	0.523567	0.28964	0.18986	0.112461	0.0692596	0.0507431	0	3.838045	1.745107	0.5640228	0.4359772	55.60419
4760	5.44252	-20.4471	25.8896	0.472445	0.527555	7.303289	0.557096	0.512911	0.294807	0.191017	0.112112	0.0710767	0.0513863	0	2.010566	1.967654	0.5275545	0.4724455	92.82256
4770	4.94673	-21.6934	26.6401	0.535322	0.464678	8.251248	0.570908	0.513728	0.296568	0.188569	0.1141	0.0702609	0.0519615	0	1.260084	1.866013	0.4646783	0.5353217	73.45357
4780	1.39765	-18.3816	19.7793	0.195132	0.804868	4.012982	0.565465	0.517098	0.285543	0.190819	0.111808	0.0691549	0.0516516	0	8.120917	1.902157	0.804868	0.195132	79.82833
4790	2.13359	-20.3145	22.4481	0.985093	0.0149067	1.373736	0.573592	0.508338	0.292957	0.190144	0.112021	0.069912	0.0515434	0	5.452061	1.820777	0.01490672	0.9850933	66.18771
4800	2.69544	-21.5743	24.2697	0.706212	0.293788	1.252818	0.553669	0.527124	0.290174	0.190794	0.113511	0.0704512	0.0520762	0	3.630447	1.400978	0.2937879	0.7062121	25.17551
4810	4.97734	-20.4582	25.4355	0.666448	0.333552	4.196156	0.551999	0.514375	0.297773	0.189503	0.112321	0.072007	0.0517544	0	2.464637	1.83329	0.3335519	0.6664481	68.12235
4820	4.3881	-20.3721	24.7602	0.379587	0.620413	4.137058	0.556649	0.516004	0.299217	0.192147	0.1163	0.0718529	0.0510245	0	3.139955	1.19898	0.6204128	0.3795872	15.81174
4830	2.26313	-22.954	25.2171	0.937012	0.0629884	1.002444	0.572931	0.506796	0.295616	0.198185	0.117173	0.0719258	0.0508767	0	2.683092	1.260646	0.06298844	0.9370116	18.22408
4840	2.53681	-18.5668	21.1036	0.0752967	0.924703	5.894668	0.563543	0.508451	0.292206	0.195152	0.116968	0.0711922	0.0521757	0	6.796534	1.921913	0.9247033	0.07529669	83.54365
4850	5.29673	-20.9401	26.2369	0.0676593	0.932341	5.848664	0.56727	0.510388	0.293575	0.188556	0.117157	0.0713827	0.0520035	0	1.663313	1.69444	0.9323407	0.0676593	49.48118
4860	4.76991	-21.971	26.7409	0.0451582	0.954842	7.111492	0.571834	0.504899	0.299076	0.189953	0.117332	0.0707044	0.0513552	0	1.159296	1.706437	0.9548418	0.04515817	50.86715
4870	4.87318	-20.7946	25.6678	0.790039	0.209961	4.295569	0.56596	0.508148	0.296121	0.197967	0.115863	0.0706813	0.0520423	0	2.232363	1.410605	0.2099612	0.7900388	25.7398
4880	-0.0990273	-19.3193	19.2203	0.194245	0.805755	2.933348	0.571435	0.513588	0.296768	0.196216	0.117407	0.0708666	0.0513928	0	8.679868	0.8622285	0.8057551	0.1942449	7.281628
4890	3.0214	-21.3768	24.3982	0.922603	0.0773972	1.558864	0.558991	0.507147	0.299291	0.196066	0.116765	0.0689345	0.0528794	0	3.501974	1.49917	0.07739718	0.9226028	31.56243
4900	5.01095	-20.8791	25.8901	0.383424	0.616576	7.131317	0.571183	0.504193	0.294396	0.192557	0.116162	0.0685229	0.0522705	0	2.010107	1.531704	0.616576	0.383424	34.0176
4910	4.79073	-19.6882	24.4789	0.544588	0.455412	5.977515	0.557818	0.510884	0.286807	0.19571	0.112912	0.0716741	0.0507324	0	3.421275	1.400281	0.4554116	0.5445884	25.13515
4920	4.63819	-19.1276	23.7658	0.271266	0.728734	5.265811	0.558788	0.514816	0.286114	0.193453	0.113793	0.0709948	0.0532542	0	4.134375	1.657474	0.7287339	0.2712661	45.44373
4930	4.34266	-20.2019	24.5446	0.190456	0.809544	3.566833	0.552623	0.517116	0.29482	0.190583	0.115799	0.0700631	0.053131	0	3.355627	1.260035	0.8095445	0.1904555	18.19848
4940	4.08271	-22.8766	26.9593	0.747296	0.252704	9.715494	0.551329	0.516041	0.298495	0.192158	0.117156	0.0707876	0.0530677	0	0.9409031	1.973731	0.2527042	0.7472958	94.13055
4950	4.40609	-21.1384	25.5445	0.921085	0.0789153	3.782473	0.546641	0.511154	0.29927	0.188775	0.117292	0.0718379	0.0520249	0	2.355676	1.246857	0.07891535	0.9210847	17.65456
4960	4.13086	-20.4879	24.6188	0.576688	0.423312	2.877385	0.549065	0.523051	0.291718	0.196177	0.117499	0.0707537	0.051987	0	3.281381	1.74804	0.423312	0.576688	55.98089
4970	5.3074	-19.8839	25.1913	0.61403	0.38597	5.366762	0.559914	0.523561	0.290237	0.19809	0.115403	0.0694177	0.0522432	0	2.708887	1.779659	0.3859698	0.6140302	60.2087
4980	4.8569	-20.6605	25.5174	0.669736	0.330264	3.972256	0.568255	0.517707	0.296424	0.191199	0.115248	0.0694748	0.0524878	0	2.382737	1.956236	0.330264	0.669736	90.41415
4990	4.62367	-20.6131	25.2367	0.913597	0.0864033	3.535633	0.556996	0.508986	0.297411	0.191495	0.114227	0.0707996	0.0522221	0	2.663434	1.980343	0.08640335	0.9135967	95.57473
5000	4.95874	-20.517	25.4758	0.490236	0.509764	4.159306	0.561392	0.516959	0.297647	0.191571	0.113524	0.071431	0.0508945	0	2.424408	1.562189	0.5097644	0.4902356	36.49126
