Iteration	Posterior	Likelihood	Prior	clado_type_probs[1]	clado_type_probs[2]	distance_scale	epoch_times[1]	epoch_times[2]	epoch_times[3]	epoch_times[4]	epoch_times[5]	epoch_times[6]	epoch_times[7]	epoch_times[8]	extirpation_rate	log10_rate_bg	p_allopatry	p_sympatry	rate_bg
0	-65.8219	-94.7193	28.8974	0.861909	0.138091	0.01	0.609705	0.581667	0.558016	0.189749	0.11583	0.0550028	0.00692291	0	0.4004753	-2	0.1380909	0.8619091	0.01
10	2.34799	-23.2768	25.6248	0.153375	0.846625	0.03743423	0.60821	0.60435	0.559516	0.194833	0.114154	0.0550153	0.00703016	0	3.673057	1.736774	0.846625	0.153375	54.54735
20	1.23291	-26.1359	27.3688	0.782107	0.217893	0.01614877	0.60985	0.595315	0.542092	0.19031	0.114772	0.0553377	0.00704605	0	1.929086	1.876438	0.2178935	0.7821065	75.23812
30	2.07351	-23.9192	25.9927	0.296007	0.703993	0.01909444	0.608877	0.584863	0.542738	0.193893	0.117871	0.0551071	0.00697861	0	3.305193	1.620541	0.703993	0.296007	41.73893
40	1.7342	-21.3628	23.097	0.302785	0.697215	0.04838959	0.592704	0.574911	0.546183	0.191199	0.1188	0.0551801	0.00702317	0	6.200874	1.76533	0.6972155	0.3027845	58.25453
50	1.95851	-24.5226	26.4811	0.728616	0.271384	0.496611	0.583822	0.583326	0.564553	0.189429	0.115425	0.0549385	0.00689579	0	2.816786	1.440139	0.2713844	0.7286156	27.5511
60	2.62741	-21.6725	24.2999	0.845539	0.154461	0.6256357	0.593314	0.576978	0.554709	0.193477	0.117109	0.0556772	0.00679665	0	4.997976	1.683575	0.1544612	0.8455388	48.25864
70	3.35148	-22.8356	26.187	0.841252	0.158748	1.409141	0.582223	0.603211	0.552877	0.192564	0.117908	0.0570601	0.00679193	0	3.110827	1.632241	0.1587481	0.8412519	42.87861
80	2.71062	-22.2999	25.0105	0.674557	0.325443	7.793941	0.588654	0.586776	0.559185	0.192397	0.118709	0.0571025	0.00694688	0	4.287344	1.91033	0.325443	0.674557	81.34481
90	3.62222	-21.7977	25.42	0.483524	0.516476	1.437409	0.590775	0.580102	0.545038	0.198413	0.116429	0.0565139	0.00698712	0	3.877904	1.712916	0.5164755	0.4835245	51.63169
100	4.14967	-20.2708	24.4205	0.602	0.398	3.861068	0.582253	0.604332	0.539109	0.198258	0.115544	0.0569248	0.00688225	0	4.877413	1.792887	0.3980001	0.6019999	62.07076
110	3.79042	-20.0975	23.8879	0.0971429	0.902857	4.658809	0.58538	0.588289	0.559531	0.197072	0.1138	0.0566737	0.00677364	0	5.409963	1.831146	0.9028571	0.09714295	67.7869
120	0.771555	-19.046	19.8175	0.1165	0.8835	1.744273	0.584348	0.588162	0.543319	0.190474	0.116692	0.0563744	0.00681316	0	9.480358	1.986858	0.8835002	0.1164998	97.01936
130	3.63026	-20.5526	24.1829	0.273741	0.726259	1.953242	0.586397	0.602763	0.547525	0.190033	0.115699	0.0545484	0.0069567	0	5.114993	1.765907	0.7262591	0.2737409	58.33205
140	3.21293	-19.6922	22.9052	0.442259	0.557741	4.77611	0.587291	0.594391	0.539567	0.190629	0.11928	0.0548865	0.00695983	0	6.392696	1.881939	0.5577407	0.4422593	76.19714
150	4.42289	-22.8178	27.2407	0.0248792	0.975121	2.688319	0.604664	0.593118	0.553716	0.19824	0.118195	0.055737	0.00676896	0	2.057126	1.893272	0.9751208	0.02487921	78.21175
160	2.0218	-20.3403	22.3621	0.609306	0.390694	1.47614	0.598655	0.575959	0.5611	0.19634	0.115048	0.0570468	0.00672795	0	6.935731	1.60384	0.3906939	0.6093061	40.16432
170	4.39981	-20.694	25.0938	0.741642	0.258358	4.368964	0.608146	0.586408	0.545813	0.193986	0.114855	0.0552819	0.00690426	0	4.204016	1.791797	0.2583584	0.7416416	61.91516
180	4.90395	-21.9673	26.8713	0.946527	0.0534726	5.4012	0.59302	0.581411	0.540424	0.188907	0.11642	0.0546586	0.00684476	0	2.426589	1.915569	0.05347263	0.9465274	82.33205
190	2.91147	-19.1327	22.0442	0.0176782	0.982322	3.141032	0.587477	0.595983	0.544902	0.192154	0.115578	0.0551269	0.00691167	0	7.253712	1.972023	0.9823218	0.01767823	93.76106
200	4.95837	-21.0379	25.9963	0.805788	0.194212	4.466493	0.597084	0.601168	0.540258	0.193488	0.118984	0.0561374	0.00681947	0	3.301591	1.880913	0.194212	0.805788	76.01731
210	3.42928	-23.2806	26.7099	0.769114	0.230886	5.12461	0.603986	0.584131	0.543222	0.193561	0.117121	0.0568557	0.00678569	0	2.587992	1.573229	0.2308857	0.7691143	37.43075
220	3.52851	-23.8856	27.4141	0.744423	0.255577	5.948223	0.609413	0.585216	0.543387	0.195325	0.117704	0.0572883	0.00673867	0	1.883736	1.719913	0.2555765	0.7444235	52.47018
230	4.35042	-21.8391	26.1896	0.403186	0.596814	5.978504	0.610905	0.593877	0.541523	0.193872	0.119051	0.0568641	0.00705456	0	3.108313	1.827328	0.5968142	0.4031858	67.19365
240	5.06651	-21.4463	26.5128	0.234544	0.765456	3.615487	0.606314	0.598733	0.542723	0.195569	0.115553	0.0551395	0.00703584	0	2.785032	1.885324	0.7654562	0.2345438	76.79346
250	3.28966	-20.3829	23.6726	0.262592	0.737408	1.858808	0.605926	0.602351	0.549285	0.193102	0.114858	0.0545654	0.00701516	0	5.62526	1.7418	0.7374084	0.2625916	55.18234
260	4.55059	-22.9512	27.5017	0.896594	0.103406	5.451089	0.60382	0.581059	0.557599	0.196753	0.115412	0.0546267	0.00702899	0	1.796116	1.89209	0.1034055	0.8965945	77.99923
270	4.5043	-19.9646	24.4689	0.568909	0.431091	4.453519	0.604811	0.592182	0.550226	0.18942	0.117811	0.0555817	0.00700349	0	4.82895	1.945824	0.4310908	0.5689092	88.27212
280	3.90804	-20.7193	24.6273	0.13074	0.86926	2.862808	0.608619	0.594011	0.537415	0.193068	0.118623	0.0560594	0.00699823	0	4.670556	1.660728	0.8692598	0.1307402	45.78554
290	3.66396	-19.7538	23.4178	0.779844	0.220156	4.579364	0.593806	0.590835	0.55425	0.190295	0.114105	0.0567238	0.00704258	0	5.880054	1.889748	0.2201561	0.7798439	77.57972
300	5.02842	-22.4348	27.4633	0.695031	0.304969	5.093026	0.59952	0.575566	0.561599	0.194684	0.11494	0.0566559	0.00698968	0	1.834601	1.991603	0.3049689	0.6950311	98.08518
310	5.13512	-20.831	25.9661	0.576958	0.423042	5.092489	0.59106	0.597761	0.561059	0.19472	0.114173	0.0562312	0.00702712	0	3.331793	1.976998	0.423042	0.576958	94.84138
320	4.22212	-20.6546	24.8767	0.670474	0.329526	4.527863	0.596909	0.59604	0.552375	0.190109	0.116812	0.0559897	0.00704073	0	4.421175	1.772762	0.3295257	0.6704743	59.2601
330	4.72829	-22.0106	26.7389	0.00847974	0.99152	4.807407	0.607403	0.583877	0.541229	0.191054	0.113798	0.0568518	0.0069359	0	2.558949	1.767729	0.9915203	0.008479742	58.57724
340	4.04364	-22.104	26.1477	0.799523	0.200477	2.592164	0.611599	0.604174	0.555891	0.190757	0.115298	0.0569272	0.00675876	0	3.150182	1.646328	0.2004774	0.7995226	44.29223
350	3.27248	-20.0354	23.3079	0.470339	0.529661	2.029914	0.605815	0.602509	0.554212	0.19	0.118369	0.0548207	0.00675869	0	5.989984	1.827616	0.529661	0.470339	67.23825
360	2.80331	-20.4416	23.2449	0.342035	0.657965	1.599278	0.588296	0.586646	0.558684	0.189954	0.114949	0.055265	0.0068332	0	6.05298	1.683704	0.6579647	0.3420353	48.27295
370	3.89862	-20.6793	24.5779	0.22544	0.77456	4.3769	0.585465	0.583294	0.561325	0.193382	0.113937	0.0568155	0.00687211	0	4.719955	1.707663	0.7745596	0.2254404	51.01087
380	4.79741	-21.0229	25.8203	0.180229	0.819771	4.340151	0.611887	0.593932	0.547603	0.190978	0.114947	0.0564264	0.00675368	0	3.477557	1.8229	0.8197712	0.1802288	66.51206
390	2.24709	-21.4726	23.7197	0.934801	0.0651995	5.447349	0.598847	0.580758	0.544147	0.190975	0.115077	0.055026	0.00676442	0	5.578175	1.588783	0.06519947	0.9348005	38.79562
400	3.07466	-22.5753	25.6499	0.743363	0.256637	1.917994	0.601801	0.600208	0.540525	0.197477	0.114994	0.0546818	0.00684055	0	3.647938	1.435217	0.2566369	0.7433631	27.24065
410	3.33631	-21.2154	24.5517	0.331574	0.668426	1.683207	0.595089	0.599276	0.538642	0.190773	0.115096	0.0554752	0.00688286	0	4.746157	1.617996	0.6684256	0.3315744	41.49506
420	4.75197	-20.0267	24.7787	0.600307	0.399693	3.891163	0.588983	0.599955	0.545078	0.19784	0.116738	0.0555661	0.00677924	0	4.519214	1.971842	0.3996926	0.6003074	93.72214
430	3.31867	-19.4995	22.8182	0.136363	0.863637	3.06068	0.588846	0.586454	0.550418	0.193824	0.117978	0.0556177	0.00675626	0	6.479695	1.87434	0.863637	0.136363	74.87556
440	3.31553	-20.3299	23.6455	0.213175	0.786825	4.888305	0.59769	0.577872	0.55717	0.189713	0.114124	0.0550386	0.0070261	0	5.652414	1.746576	0.7868249	0.2131751	55.79253
450	-0.385704	-21.8853	21.4996	0.543233	0.456767	7.870181	0.596427	0.595233	0.561059	0.192665	0.116017	0.0553944	0.00704815	0	7.798311	1.809262	0.4567669	0.5432331	64.45585
460	1.49396	-19.0783	20.5723	0.828066	0.171934	3.24456	0.604849	0.596111	0.559581	0.18867	0.117931	0.0545924	0.00701362	0	8.7256	1.796846	0.1719341	0.8280659	62.63917
470	5.21171	-20.9653	26.177	0.571113	0.428887	3.685983	0.588383	0.59542	0.564428	0.196671	0.117454	0.0545645	0.00706467	0	3.12083	1.954773	0.428887	0.571113	90.10997
480	4.02275	-20.9212	24.944	0.539106	0.460894	2.646005	0.584759	0.599876	0.563311	0.194053	0.113842	0.0553411	0.00687876	0	4.353905	1.695454	0.4608937	0.5391063	49.5968
490	3.8785	-21.9562	25.8347	0.701475	0.298525	1.726448	0.595276	0.601518	0.559972	0.189052	0.119395	0.0556614	0.00699498	0	3.463161	1.731801	0.2985254	0.7014746	53.92629
500	3.08269	-23.3218	26.4045	0.787373	0.212627	3.485992	0.585414	0.584639	0.55116	0.188721	0.118136	0.0558599	0.00703802	0	2.893341	1.398691	0.2126267	0.7873733	25.04326
510	4.34869	-20.851	25.1997	0.520259	0.479741	4.595558	0.584203	0.604453	0.548285	0.195103	0.11356	0.0571797	0.00695311	0	4.098181	1.772552	0.479741	0.520259	59.23141
520	0.234777	-28.0846	28.3193	0.0753341	0.924666	5.47046	0.587626	0.596474	0.544994	0.196491	0.113574	0.0566276	0.0068613	0	0.9785206	1.288484	0.9246659	0.07533407	19.43049
530	4.50585	-22.6222	27.128	0.100504	0.899496	4.372089	0.603785	0.592881	0.547624	0.197003	0.119149	0.0571709	0.00681132	0	2.169833	1.722181	0.8994956	0.1005044	52.74495
540	4.93946	-21.746	26.6855	0.660583	0.339417	5.634782	0.608617	0.584743	0.549788	0.191127	0.118296	0.0557563	0.00696732	0	2.61237	1.93422	0.3394171	0.6605829	85.94481
550	5.09292	-21.0005	26.0934	0.842181	0.157819	3.099138	0.600838	0.588119	0.550427	0.19259	0.117236	0.0570007	0.00694374	0	3.204491	1.98828	0.157819	0.842181	97.33748
560	4.71357	-21.7606	26.4742	0.373287	0.626713	6.515153	0.596042	0.601334	0.550753	0.194302	0.113683	0.0546072	0.00691843	0	2.823694	1.999582	0.6267131	0.3732869	99.90371
570	2.56984	-23.3073	25.8771	0.876415	0.123585	7.656648	0.594628	0.603861	0.55804	0.191012	0.114266	0.0562873	0.00688641	0	3.420765	1.775628	0.1235849	0.8764151	59.6524
580	3.9064	-22.9327	26.8391	0.627695	0.372305	7.285281	0.593047	0.598345	0.552272	0.191709	0.113547	0.0568916	0.0067414	0	2.458773	1.934163	0.3723053	0.6276947	85.93358
590	3.73839	-24.2989	28.0373	0.243659	0.756341	4.563479	0.601511	0.599597	0.546877	0.196355	0.117935	0.0559217	0.00675668	0	1.260527	1.805057	0.7563407	0.2436593	63.83473
600	2.87143	-23.1396	26.011	0.191269	0.808731	6.784258	0.583684	0.598507	0.547536	0.195509	0.118093	0.0564584	0.00681224	0	3.286867	1.65533	0.8087313	0.1912687	45.21995
610	3.31126	-24.8278	28.139	0.0520704	0.94793	3.148748	0.588959	0.598176	0.54013	0.197535	0.11718	0.0545693	0.00674487	0	1.158828	1.907626	0.9479296	0.05207044	80.83996
620	4.5214	-22.0682	26.5896	0.157006	0.842994	6.111079	0.600823	0.578134	0.556723	0.193981	0.117523	0.0547196	0.00703752	0	2.708301	1.860863	0.8429939	0.1570061	72.58774
630	2.45204	-25.7697	28.2218	0.849567	0.150433	5.428774	0.60074	0.58758	0.563361	0.193149	0.115339	0.0547196	0.00676162	0	1.076102	1.730098	0.1504329	0.8495671	53.71531
640	4.86629	-21.2913	26.1576	0.216572	0.783428	2.545391	0.603052	0.594156	0.543846	0.193703	0.116473	0.0560476	0.0069307	0	3.14028	1.999211	0.7834284	0.2165716	99.8186
650	3.56764	-22.8136	26.3813	0.223792	0.776208	4.446708	0.586521	0.586635	0.546207	0.19156	0.114688	0.057164	0.00702834	0	2.916582	1.480982	0.7762081	0.2237919	30.26791
660	4.59225	-21.5165	26.1088	0.886376	0.113624	5.432731	0.603706	0.598048	0.542269	0.198184	0.118458	0.0564884	0.00694135	0	3.1891	1.842696	0.1136239	0.8863761	69.61394
670	3.23128	-23.0861	26.3174	0.948337	0.0516629	4.908761	0.596408	0.583848	0.551249	0.195077	0.115741	0.0546158	0.00677979	0	2.980478	1.528852	0.0516629	0.9483371	33.795
680	4.814	-21.9656	26.7796	0.942676	0.0573239	6.303517	0.598546	0.581273	0.556845	0.189737	0.113472	0.0549032	0.00694308	0	2.518254	1.992617	0.05732391	0.9426761	98.31443
690	5.10743	-21.4076	26.515	0.461622	0.538378	4.240275	0.588415	0.603765	0.546472	0.191109	0.114757	0.055644	0.00703771	0	2.782827	1.887441	0.5383784	0.4616216	77.16862
700	2.11801	-23.5778	25.6958	0.0574052	0.942595	6.604697	0.601769	0.604625	0.537953	0.189777	0.113484	0.0570133	0.00706458	0	3.60207	1.500512	0.9425948	0.05740516	31.66009
710	4.12124	-22.673	26.7942	0.225867	0.774133	5.7513	0.594004	0.598022	0.537266	0.189333	0.114212	0.0555245	0.00702826	0	2.50366	1.725564	0.7741331	0.2258669	53.15746
720	4.91255	-20.8784	25.791	0.965291	0.0347092	4.495582	0.611991	0.586316	0.55305	0.198213	0.117445	0.0557734	0.00689298	0	3.506903	1.883141	0.03470916	0.9652908	76.40832
730	4.1337	-22.0426	26.1763	0.353409	0.646591	1.972006	0.593768	0.593998	0.55896	0.193399	0.119305	0.0552595	0.00678851	0	3.121615	1.780029	0.646591	0.353409	60.25995
740	4.37549	-20.4762	24.8517	0.452238	0.547762	2.729297	0.602532	0.59527	0.542227	0.192909	0.118106	0.0552796	0.00688558	0	4.4462	1.849261	0.5477622	0.4522378	70.67416
750	4.84311	-20.5664	25.4095	0.905012	0.0949883	4.455665	0.600422	0.591406	0.559546	0.192845	0.116593	0.055288	0.00680378	0	3.888348	1.906514	0.09498829	0.9050117	80.63329
760	3.8991	-20.7745	24.6736	0.800623	0.199377	2.031433	0.601866	0.576555	0.55887	0.19636	0.116989	0.0551151	0.00682506	0	4.624242	1.792587	0.1993771	0.8006229	62.02793
770	3.29307	-24.9396	28.2327	0.792685	0.207315	6.114061	0.611738	0.577756	0.562224	0.19745	0.11399	0.0568177	0.00695134	0	1.065185	1.921391	0.2073147	0.7926853	83.44318
780	3.43182	-19.2385	22.6703	0.249443	0.750557	3.567715	0.596651	0.58719	0.558672	0.194974	0.11428	0.0561147	0.00673302	0	6.627531	1.998141	0.7505567	0.2494433	99.57294
790	2.10813	-19.9565	22.0646	0.424609	0.575391	1.828923	0.598121	0.584176	0.561661	0.189947	0.114747	0.0554812	0.00688517	0	7.233248	1.659514	0.5753911	0.4246089	45.65766
800	4.32445	-20.4199	24.7444	0.423365	0.576635	2.3622	0.598845	0.587828	0.548029	0.188829	0.115469	0.0552035	0.00678755	0	4.553491	1.938634	0.5766349	0.4233651	86.82286
810	4.96068	-20.4073	25.368	0.157734	0.842266	4.727052	0.596114	0.574722	0.540638	0.191236	0.118008	0.0556095	0.00688238	0	3.929896	1.963511	0.8422664	0.1577336	91.94132
820	4.71304	-20.0551	24.7681	0.701908	0.298092	3.475072	0.602494	0.593521	0.550462	0.189559	0.118938	0.0553121	0.00689424	0	4.529773	1.964476	0.2980925	0.7019075	92.1459
830	3.44519	-20.9699	24.4151	0.676699	0.323301	4.904758	0.59027	0.591623	0.554483	0.194565	0.117643	0.0572936	0.00682816	0	4.882787	1.679517	0.3233015	0.6766985	47.80983
840	3.83722	-20.5632	24.4004	0.195168	0.804832	2.947876	0.582684	0.600172	0.56443	0.195919	0.11716	0.0557142	0.00702115	0	4.897448	1.672524	0.8048318	0.1951682	47.0461
850	4.19126	-21.98	26.1712	0.682889	0.317111	6.869998	0.600969	0.58986	0.561678	0.197485	0.117435	0.0562268	0.00676524	0	3.126618	1.956359	0.317111	0.682889	90.43968
860	5.09166	-21.4563	26.5479	0.810871	0.189129	3.11049	0.586458	0.599693	0.558201	0.195267	0.117273	0.0553992	0.006835	0	2.749924	1.994007	0.1891294	0.8108706	98.62946
870	4.23682	-22.3888	26.6257	0.552966	0.447034	1.875852	0.607875	0.601497	0.558829	0.192228	0.114862	0.0572571	0.00703629	0	2.672204	1.931177	0.447034	0.552966	85.3447
880	1.77615	-19.9455	21.7216	0.404956	0.595044	2.682601	0.604194	0.598631	0.556487	0.190876	0.115198	0.0547535	0.00699587	0	7.57626	1.56051	0.595044	0.404956	36.35047
890	3.28857	-20.7112	23.9998	0.438943	0.561057	2.772483	0.607228	0.600234	0.541652	0.196929	0.117522	0.0548652	0.00689583	0	5.298088	1.581905	0.5610573	0.4389427	38.18606
900	4.74672	-21.4945	26.2412	0.65275	0.34725	5.627743	0.609984	0.601051	0.544228	0.193063	0.117965	0.0557122	0.00674847	0	3.056647	1.904382	0.3472495	0.6527505	80.23829
910	4.41989	-21.9829	26.4028	0.46341	0.53659	5.445025	0.605593	0.601217	0.562684	0.197572	0.117027	0.0553637	0.0068165	0	2.895029	1.783318	0.5365899	0.4634101	60.71811
920	5.0469	-20.4672	25.5141	0.458612	0.541388	3.782667	0.59646	0.598658	0.564104	0.196323	0.117063	0.0570309	0.00704593	0	3.783758	1.945472	0.5413876	0.4586124	88.20059
930	0.284162	-26.1323	26.4165	0.0358824	0.964118	10.60162	0.582484	0.579125	0.538068	0.19388	0.114858	0.0566055	0.00703494	0	2.88141	1.928554	0.9641176	0.03588238	84.83087
940	1.95978	-24.1941	26.1539	0.340775	0.659225	8.318532	0.593284	0.581403	0.557113	0.193383	0.115837	0.0549127	0.00696129	0	3.143968	1.759802	0.6592246	0.3407754	57.51776
950	1.34522	-25.0623	26.4075	0.217917	0.782083	8.619124	0.60408	0.5805	0.55726	0.197716	0.116938	0.0554444	0.0069679	0	2.890387	1.703356	0.7820835	0.2179165	50.50749
960	3.69565	-23.0589	26.7546	0.356208	0.643792	1.430709	0.586039	0.591846	0.552659	0.189704	0.1153	0.0571162	0.00684504	0	2.543288	1.87729	0.6437923	0.3562077	75.38588
970	4.23469	-22.5196	26.7543	0.394529	0.605471	3.635606	0.591166	0.59129	0.548878	0.195046	0.113824	0.0568945	0.00679222	0	2.543606	1.641329	0.6054714	0.3945286	43.78532
980	4.47635	-21.0219	25.4982	0.251766	0.748234	6.083025	0.601528	0.587137	0.554717	0.194131	0.116587	0.056443	0.0067351	0	3.799652	1.968883	0.7482345	0.2517655	93.0857
990	1.84358	-19.2999	21.1435	0.514359	0.485641	3.500104	0.596239	0.592175	0.544964	0.198106	0.116989	0.054964	0.00702856	0	8.154339	1.753428	0.4856412	0.5143588	56.67979
1000	3.12064	-19.7726	22.8932	0.339508	0.660492	2.028545	0.612216	0.595109	0.544647	0.196469	0.115091	0.0556737	0.00702748	0	6.404622	1.897189	0.6604923	0.3395077	78.9203
1010	4.59809	-21.1446	25.7427	0.118341	0.881659	2.834309	0.602829	0.591652	0.543683	0.193573	0.114246	0.0560297	0.0068623	0	3.555138	1.797769	0.8816592	0.1183408	62.77246
1020	4.57721	-22.4908	27.068	0.225656	0.774344	4.106416	0.591161	0.602347	0.563915	0.191961	0.11443	0.0571504	0.00707824	0	2.229901	1.735162	0.7743437	0.2256563	54.34526
1030	1.17027	-23.8364	25.0067	0.597159	0.402841	0.9818174	0.588529	0.58702	0.561225	0.197977	0.113795	0.0570552	0.00676602	0	4.291192	1.064071	0.4028408	0.5971592	11.58966
1040	4.76953	-20.7092	25.4787	0.383219	0.616781	5.237252	0.594241	0.595456	0.560859	0.191824	0.116719	0.0572503	0.00680231	0	3.819157	1.937199	0.6167809	0.3832191	86.53639
1050	3.43869	-23.5927	27.0314	0.450681	0.549319	2.1564	0.599845	0.578276	0.550139	0.19706	0.114904	0.0564554	0.00680357	0	2.266478	1.578822	0.5493187	0.4506813	37.91596
1060	3.96748	-23.1555	27.123	0.822174	0.177826	7.567745	0.592354	0.586709	0.554628	0.197029	0.116943	0.0561832	0.00694972	0	2.174861	1.997277	0.1778258	0.8221742	99.37486
1070	3.30942	-19.6523	22.9617	0.0592805	0.94072	2.695939	0.588333	0.582001	0.561777	0.195174	0.114824	0.0558265	0.00695263	0	6.336122	1.836808	0.9407195	0.05928049	68.67654
1080	2.77139	-19.4807	22.2521	0.786706	0.213294	2.064804	0.597153	0.596078	0.559322	0.194507	0.114947	0.0565199	0.0067303	0	7.045783	1.997027	0.2132938	0.7867062	99.31779
1090	1.68298	-19.3728	21.0558	0.514893	0.485107	3.612765	0.594049	0.592487	0.554663	0.19043	0.115123	0.0573512	0.00687023	0	8.242074	1.731906	0.4851069	0.5148931	53.93937
1100	1.65523	-20.9034	22.5586	0.517442	0.482558	1.820279	0.583271	0.588202	0.555223	0.197963	0.118291	0.0571396	0.00679374	0	6.739272	1.395388	0.4825581	0.5174419	24.85355
1110	4.55366	-21.7202	26.2738	0.621141	0.378859	5.382256	0.609793	0.594526	0.549207	0.193424	0.11561	0.0570723	0.00681766	0	3.024048	1.819269	0.3788594	0.6211406	65.95828
1120	4.02297	-23.1172	27.1401	0.921154	0.0788463	1.941725	0.591424	0.575157	0.540329	0.197016	0.116061	0.0556916	0.00685001	0	2.157725	1.968244	0.07884625	0.9211537	92.9489
1130	2.68051	-20.6228	23.3033	0.673419	0.326581	0.9364855	0.584259	0.600153	0.561051	0.197874	0.117353	0.0563407	0.00680118	0	5.994525	1.872212	0.3265812	0.6734188	74.50956
1140	3.22942	-21.3151	24.5445	0.652886	0.347114	0.8706862	0.591531	0.597228	0.546288	0.189488	0.114849	0.0566039	0.00687109	0	4.753346	1.922008	0.3471138	0.6528862	83.56189
1150	2.62836	-22.8907	25.5191	0.184034	0.815966	0.5296379	0.596221	0.600287	0.53945	0.190538	0.119021	0.055562	0.00695393	0	3.778773	1.566029	0.8159661	0.1840339	36.81539
1160	2.0987	-25.2427	27.3414	0.162856	0.837144	0.6343067	0.592411	0.602057	0.541621	0.191738	0.118661	0.0555523	0.00701874	0	1.956444	1.774394	0.8371439	0.1628561	59.48312
1170	2.48067	-23.3636	25.8443	0.218791	0.781209	0.1586962	0.593062	0.603178	0.550708	0.196887	0.118359	0.0564595	0.00680678	0	3.453591	1.762981	0.7812092	0.2187908	57.94032
1180	2.55142	-22.966	25.5174	0.381271	0.618729	0.07367977	0.582684	0.603511	0.543076	0.193827	0.116806	0.0570582	0.00703486	0	3.780472	1.899832	0.6187293	0.3812707	79.40209
1190	1.94682	-24.9833	26.9301	0.0195997	0.9804	0.02319263	0.597584	0.585719	0.542971	0.190457	0.114333	0.0573407	0.00687534	0	2.367744	1.969945	0.9804003	0.01959971	93.31356
1200	2.90615	-22.4468	25.353	0.422929	0.577071	0.6933425	0.61074	0.575283	0.553187	0.197396	0.115348	0.0562736	0.0068474	0	3.944895	1.662742	0.5770711	0.4229289	45.99836
1210	4.34671	-22.6923	27.0391	0.603165	0.396835	2.750989	0.593587	0.590362	0.541975	0.197862	0.117137	0.0550637	0.00692173	0	2.258811	1.804539	0.3968349	0.6031651	63.75871
1220	3.82901	-22.5231	26.3521	0.669377	0.330623	2.891349	0.582555	0.590742	0.543146	0.197781	0.115463	0.0557502	0.00707715	0	2.945757	1.547611	0.3306228	0.6693772	35.28666
1230	5.15412	-21.0065	26.1606	0.546486	0.453514	3.280652	0.588528	0.597659	0.544171	0.198081	0.114969	0.0558641	0.00694687	0	3.137278	1.981707	0.4535144	0.5464856	95.87528
1240	5.17871	-20.6826	25.8614	0.58051	0.41949	3.444999	0.589452	0.601813	0.539905	0.19412	0.115368	0.0569069	0.00706995	0	3.436513	1.990748	0.4194899	0.5805101	97.89215
1250	4.66493	-20.7441	25.4091	0.509768	0.490232	3.449754	0.60475	0.585181	0.554458	0.193182	0.113992	0.0560511	0.0070418	0	3.888793	1.811659	0.4902321	0.5097679	64.81257
1260	3.45591	-23.1654	26.6213	0.767346	0.232654	7.105185	0.590739	0.589332	0.552536	0.192501	0.114631	0.0548507	0.00700584	0	2.676566	1.807484	0.2326544	0.7673456	64.19239
1270	2.98536	-22.1836	25.1689	0.59382	0.40618	6.689663	0.611375	0.585264	0.556547	0.194491	0.116801	0.0557335	0.00703601	0	4.128928	1.731619	0.40618	0.59382	53.90376
1280	2.98267	-25.08	28.0627	0.0944269	0.905573	3.754845	0.603234	0.577356	0.563315	0.190515	0.119364	0.0572404	0.00697804	0	1.235202	1.556951	0.9055731	0.09442694	36.05382
1290	3.8937	-19.6625	23.5562	0.853621	0.146379	3.369859	0.606071	0.576136	0.553004	0.190063	0.114657	0.057304	0.0070223	0	5.741687	1.895892	0.1463789	0.8536211	78.68498
1300	4.06197	-22.5272	26.5892	0.435752	0.564248	7.24945	0.589103	0.590526	0.553518	0.193914	0.115656	0.0571074	0.00694939	0	2.708693	1.954619	0.5642483	0.4357517	90.07796
1310	2.2356	-19.8665	22.1021	0.0380635	0.961937	2.288963	0.605669	0.601498	0.545774	0.19294	0.114788	0.0571122	0.00689177	0	7.195754	1.636754	0.9619365	0.0380635	43.32655
1320	5.16885	-20.4497	25.6185	0.59622	0.40378	4.339293	0.609099	0.598915	0.542781	0.192541	0.11574	0.0545593	0.00677696	0	3.679336	1.999346	0.4037802	0.5962198	99.84956
1330	3.00474	-24.9853	27.99	0.432728	0.567272	6.61969	0.607722	0.58982	0.538059	0.192717	0.11504	0.0558313	0.00695829	0	1.307837	1.790464	0.5672721	0.4327279	61.72539
1340	3.70678	-22.9491	26.6559	0.944878	0.0551225	3.739355	0.607413	0.604227	0.545221	0.194814	0.114987	0.0564106	0.00685739	0	2.641977	1.550827	0.05512248	0.9448775	35.549
1350	4.59742	-21.2341	25.8315	0.572563	0.427437	6.188112	0.606485	0.597071	0.562439	0.189233	0.115294	0.0562816	0.00703008	0	3.466335	1.967682	0.4274374	0.5725626	92.82861
1360	4.76266	-20.2297	24.9923	0.8146	0.1854	3.13719	0.596262	0.593915	0.545071	0.193475	0.114123	0.0558888	0.00707858	0	4.305533	1.963098	0.1854002	0.8145998	91.85404
1370	1.93378	-25.0795	27.0132	0.778504	0.221496	5.484736	0.589414	0.57728	0.541173	0.19291	0.114851	0.0558205	0.00697443	0	2.284637	1.4	0.2214963	0.7785037	25.11888
1380	3.53025	-21.3933	24.9235	0.719167	0.280833	3.767742	0.588766	0.590989	0.537486	0.194767	0.115635	0.0567675	0.00683474	0	4.374363	1.556929	0.2808331	0.7191669	36.052
1390	3.62261	-23.4093	27.0319	0.821417	0.178583	5.45036	0.598199	0.583058	0.542025	0.191089	0.11432	0.0556638	0.00707605	0	2.265928	1.645118	0.1785833	0.8214167	44.16902
1400	4.58466	-19.9498	24.5345	0.51889	0.48111	4.832253	0.582418	0.576685	0.537187	0.193013	0.113627	0.0551739	0.00706924	0	4.763396	1.999567	0.4811102	0.5188898	99.90024
1410	3.84253	-24.2124	28.055	0.890058	0.109942	3.598939	0.603567	0.587137	0.539066	0.19612	0.113533	0.0562581	0.00700509	0	1.242896	1.97855	0.1099424	0.8900576	95.18089
1420	4.91574	-22.3816	27.2973	0.168478	0.831522	5.07466	0.594602	0.578811	0.552428	0.192116	0.118621	0.0560582	0.00682247	0	2.000516	1.907032	0.8315225	0.1684775	80.72949
1430	3.78486	-21.6922	25.4771	0.899641	0.100359	4.478806	0.601071	0.587953	0.538549	0.192938	0.119156	0.056757	0.00702009	0	3.820779	1.608142	0.1003595	0.8996405	40.56412
1440	4.89259	-21.7722	26.6648	0.390794	0.609206	4.563855	0.589109	0.594933	0.543817	0.191877	0.116717	0.056414	0.00680382	0	2.633065	1.836315	0.6092062	0.3907938	68.59859
1450	4.57325	-20.7858	25.3591	0.00865588	0.991344	3.100419	0.598102	0.582544	0.549097	0.19006	0.115231	0.0561236	0.00693402	0	3.938788	1.789751	0.9913441	0.008655885	61.62417
1460	1.83179	-25.1656	26.9974	0.0630869	0.936913	0.1091917	0.586562	0.58993	0.563848	0.197551	0.113653	0.0556306	0.00680443	0	2.300492	1.803228	0.9369131	0.06308694	63.56643
1470	-0.727252	-22.1147	21.3874	0.344811	0.655189	0.442079	0.583021	0.590015	0.561076	0.194544	0.114727	0.0561807	0.0069398	0	7.91046	1.029555	0.6551887	0.3448113	10.70421
1480	4.7766	-20.8653	25.6419	0.854959	0.145041	5.366126	0.597028	0.588625	0.553887	0.193738	0.115713	0.0571319	0.00705076	0	3.655961	1.926333	0.1450408	0.8549592	84.39825
1490	4.56456	-21.0266	25.5911	0.664045	0.335955	3.027779	0.590762	0.589539	0.556754	0.19682	0.114435	0.0564545	0.00704146	0	3.706738	1.784756	0.3359551	0.6640449	60.91946
1500	3.94153	-20.4199	24.3614	0.38264	0.61736	2.437473	0.594147	0.597496	0.56345	0.193255	0.116926	0.0568335	0.00706817	0	4.936449	1.778561	0.6173603	0.3826397	60.0566
1510	2.93187	-22.5723	25.5042	0.970374	0.0296257	2.958704	0.608198	0.5871	0.545875	0.193463	0.117075	0.0569203	0.00704514	0	3.793691	1.378243	0.02962568	0.9703743	23.89145
1520	4.93326	-21.5534	26.4867	0.13203	0.86797	4.100506	0.588943	0.583966	0.552376	0.195725	0.116836	0.0561758	0.00692131	0	2.811203	1.816459	0.8679701	0.1320299	65.5328
1530	1.92617	-20.971	22.8972	0.455943	0.544057	7.269801	0.593153	0.577282	0.539086	0.189373	0.117045	0.0553622	0.00684818	0	6.400709	1.999054	0.5440571	0.4559429	99.78245
1540	2.52686	-23.6347	26.1616	0.831448	0.168552	4.199182	0.586558	0.581536	0.536478	0.191945	0.118116	0.056956	0.00686932	0	3.136264	1.351684	0.1685524	0.8314476	22.47419
1550	4.8646	-21.1159	25.9805	0.956575	0.0434253	5.152615	0.603577	0.575313	0.553956	0.193711	0.118939	0.05615	0.00697681	0	3.317358	1.897814	0.04342528	0.9565747	79.03402
1560	4.59858	-20.1392	24.7378	0.626173	0.373827	4.177233	0.592478	0.575202	0.563484	0.190591	0.117779	0.0567301	0.00692786	0	4.560071	1.909565	0.3738265	0.6261735	81.20168
1570	4.64151	-22.7021	27.3436	0.959312	0.0406877	4.313624	0.586993	0.588658	0.555031	0.190226	0.113611	0.0554537	0.00707903	0	1.954262	1.842009	0.04068772	0.9593123	69.50389
1580	3.73281	-22.5862	26.319	0.952512	0.0474881	1.167836	0.583803	0.594191	0.551098	0.189502	0.11423	0.0546504	0.00700218	0	2.97887	1.975168	0.04748808	0.9525119	94.4426
1590	2.36712	-21.0302	23.3973	0.639984	0.360016	6.3963	0.582824	0.597421	0.563255	0.190756	0.115119	0.0549977	0.00692342	0	5.900594	1.793793	0.3600162	0.6399838	62.20042
1600	4.38517	-21.2855	25.6707	0.980007	0.0199926	5.200958	0.600335	0.587119	0.549683	0.19393	0.11743	0.0571737	0.00692268	0	3.627206	1.799735	0.0199926	0.9800074	63.05729
1610	3.88335	-21.3445	25.2278	0.0537246	0.946275	4.87703	0.599057	0.594954	0.54582	0.194685	0.116434	0.0569836	0.00694334	0	4.070021	1.650023	0.9462754	0.05372463	44.67073
1620	2.98916	-20.9845	23.9737	0.753449	0.246551	6.615237	0.58717	0.600897	0.550059	0.193477	0.117509	0.0563863	0.00699238	0	5.324202	1.896477	0.246551	0.753449	78.79107
1630	4.83693	-20.858	25.6949	0.00263382	0.997366	4.847739	0.591654	0.596756	0.536696	0.191477	0.118939	0.0571168	0.00686024	0	3.602944	1.871076	0.9973662	0.002633823	74.31484
1640	4.63941	-22.5799	27.2193	0.32295	0.67705	4.079185	0.612046	0.594065	0.562489	0.194496	0.117911	0.0558083	0.00679739	0	2.078516	1.801243	0.6770504	0.3229496	63.27662
1650	4.29116	-23.2402	27.5313	0.0544036	0.945596	6.635826	0.596855	0.590423	0.560271	0.19552	0.119166	0.0558613	0.00680008	0	1.766529	1.928854	0.9455964	0.0544036	84.88956
1660	1.14919	-20.3513	21.5005	0.8602	0.1398	2.939241	0.594046	0.593438	0.541565	0.19645	0.118611	0.0564334	0.00697656	0	7.797392	1.448624	0.1397999	0.8602001	28.09467
1670	3.0283	-23.2133	26.2416	0.982692	0.0173076	3.258654	0.586603	0.60016	0.546918	0.19457	0.116766	0.0551666	0.00696386	0	3.0563	1.399996	0.0173076	0.9826924	25.11865
1680	3.80388	-20.34	24.1439	0.877215	0.122785	4.643459	0.596636	0.595306	0.549117	0.193849	0.113501	0.0555911	0.00703253	0	5.154001	1.782509	0.1227852	0.8772148	60.60514
1690	4.37946	-20.1131	24.4925	0.450892	0.549108	2.890929	0.609893	0.597595	0.546444	0.18909	0.116431	0.0548114	0.0070073	0	4.805326	1.911174	0.5491079	0.4508921	81.503
1700	2.6023	-22.135	24.7373	0.628283	0.371717	3.104635	0.589357	0.598917	0.55787	0.197525	0.116795	0.0558254	0.00706633	0	4.560525	1.339451	0.3717171	0.6282829	21.84999
1710	4.73026	-22.0844	26.8147	0.484337	0.515663	5.386253	0.590967	0.596877	0.55886	0.194032	0.115579	0.0565718	0.0070787	0	2.483171	1.842622	0.5156635	0.4843365	69.60208
1720	4.79125	-20.2898	25.0811	0.215099	0.784901	3.199754	0.60964	0.604018	0.562232	0.197128	0.114027	0.055318	0.00698653	0	4.216779	1.946799	0.7849015	0.2150985	88.4706
1730	2.66405	-20.1204	22.7845	0.834702	0.165298	5.018283	0.611084	0.598343	0.552703	0.193446	0.114912	0.0556892	0.00691841	0	6.513391	1.767191	0.1652979	0.8347021	58.50467
1740	-0.878897	-23.0512	22.1723	0.141404	0.858596	3.582589	0.597952	0.593635	0.554081	0.195942	0.114072	0.0560254	0.00689778	0	7.125565	1.00724	0.8585958	0.1414042	10.1681
1750	4.44881	-20.0784	24.5272	0.317677	0.682323	3.066388	0.583719	0.600036	0.557942	0.196183	0.117637	0.0569916	0.00678708	0	4.770676	1.925721	0.6823234	0.3176766	84.27935
1760	2.21476	-22.5253	24.7401	0.768009	0.231991	0.3006336	0.588652	0.595556	0.561574	0.197866	0.115533	0.0570601	0.00695884	0	4.557793	1.551118	0.2319906	0.7680094	35.57281
1770	3.09345	-22.9495	26.043	0.414526	0.585474	0.7103655	0.598033	0.575692	0.564474	0.189377	0.118898	0.0549515	0.00696195	0	3.254903	1.785595	0.5854744	0.4145256	61.03732
1780	3.22201	-22.5073	25.7293	0.399297	0.600703	2.696941	0.582589	0.604047	0.545218	0.190049	0.115826	0.0547063	0.00690711	0	3.568595	1.389714	0.6007033	0.3992967	24.53091
1790	5.11647	-21.3158	26.4323	0.799432	0.200568	3.190376	0.588237	0.599361	0.544511	0.190604	0.118153	0.0549896	0.00698136	0	2.865558	1.976835	0.2005677	0.7994323	94.80586
1800	3.31213	-21.4795	24.7916	0.243338	0.756662	1.434162	0.598061	0.601654	0.549593	0.18981	0.118894	0.0545366	0.00696698	0	4.506251	1.622656	0.7566616	0.2433384	41.9427
1810	4.50272	-22.9893	27.492	0.229098	0.770902	4.217295	0.603234	0.597606	0.543873	0.192065	0.119119	0.0556829	0.00687862	0	1.805873	1.804745	0.7709021	0.2290979	63.78887
1820	3.55114	-23.2176	26.7687	0.257941	0.742059	5.293832	0.589245	0.583051	0.543127	0.194829	0.117939	0.0545407	0.00704023	0	2.529149	1.563857	0.7420591	0.2579409	36.63165
1830	4.90621	-21.3883	26.2945	0.863333	0.136667	5.067246	0.58624	0.595229	0.545384	0.197825	0.116041	0.0559967	0.00683276	0	3.003388	1.888301	0.136667	0.863333	77.32162
1840	1.73558	-22.1741	23.9097	0.397391	0.602609	5.30238	0.605451	0.581339	0.540379	0.191089	0.11884	0.0549927	0.00701437	0	5.388183	1.434676	0.6026086	0.3973914	27.20674
1850	5.28637	-20.909	26.1954	0.863451	0.136549	4.776677	0.590083	0.582309	0.548568	0.193301	0.117856	0.0550288	0.00701375	0	3.102494	1.990133	0.136549	0.863451	97.75359
1860	4.09608	-22.4211	26.5172	0.589289	0.410711	2.83774	0.600847	0.58698	0.550162	0.196177	0.116346	0.0563465	0.00702423	0	2.780708	1.629347	0.4107112	0.5892888	42.59387
1870	3.63255	-20.6959	24.3284	0.713733	0.286267	2.327539	0.589585	0.574638	0.561045	0.190792	0.118456	0.0571168	0.00681198	0	4.969427	1.686065	0.2862671	0.7137329	48.53615
1880	2.85722	-23.0568	25.914	0.827628	0.172372	4.952112	0.588756	0.582004	0.550249	0.190833	0.117369	0.0562509	0.00691039	0	3.383881	1.465132	0.1723722	0.8276278	29.18314
1890	2.94296	-24.0558	26.9987	0.113263	0.886737	5.140298	0.584822	0.600486	0.53888	0.194054	0.113929	0.0572005	0.0068904	0	2.29915	1.426826	0.8867366	0.1132634	26.71934
1900	4.32942	-22.0619	26.3914	0.0682158	0.931784	2.054038	0.58828	0.594496	0.563651	0.198033	0.114052	0.055685	0.00684007	0	2.906506	1.856608	0.9317842	0.06821579	71.88001
1910	3.5731	-19.556	23.1291	0.860817	0.139183	4.062672	0.595498	0.598866	0.558267	0.197755	0.114201	0.0563811	0.00697712	0	6.168791	1.893616	0.1391827	0.8608173	78.27373
1920	1.78779	-21.425	23.2128	0.3374	0.6626	5.575056	0.586612	0.5877	0.557975	0.192381	0.114644	0.056578	0.00673112	0	6.085051	1.568042	0.6626001	0.3373999	36.98642
1930	2.85631	-25.1196	27.9759	0.561772	0.438228	7.170825	0.590229	0.577478	0.563445	0.198235	0.115586	0.056712	0.006728	0	1.321999	1.848597	0.4382279	0.5617721	70.5662
1940	4.05697	-22.9981	27.0551	0.116701	0.883299	5.373646	0.59409	0.58141	0.541697	0.195822	0.115101	0.0572197	0.00682491	0	2.242813	1.675796	0.8832989	0.1167011	47.40195
1950	4.12823	-21.9828	26.111	0.671528	0.328472	1.632106	0.598182	0.601179	0.557967	0.196939	0.115221	0.0572457	0.00695435	0	3.186846	1.920327	0.3284718	0.6715282	83.23904
1960	3.30205	-21.5708	24.8729	0.366749	0.633251	0.8533834	0.600019	0.584964	0.55653	0.189858	0.115033	0.0552093	0.00701447	0	4.424983	1.898833	0.6332505	0.3667495	79.21962
1970	2.35572	-22.9805	25.3362	0.00291224	0.997088	1.319307	0.60146	0.604503	0.561457	0.191658	0.115667	0.0566604	0.00692416	0	3.961629	1.160518	0.9970878	0.002912242	14.47164
1980	3.88507	-20.4313	24.3164	0.179047	0.820953	4.220579	0.610865	0.600408	0.56137	0.192815	0.116261	0.0564289	0.00679729	0	4.981496	1.737018	0.8209525	0.1790475	54.57808
1990	4.29046	-23.1348	27.4253	0.43503	0.56497	6.267695	0.608858	0.601148	0.557237	0.190367	0.11636	0.0567808	0.00691658	0	1.872588	1.884415	0.56497	0.43503	76.63279
2000	2.51692	-25.7517	28.2686	0.871818	0.128182	3.800436	0.583945	0.603117	0.559348	0.191635	0.114899	0.0568891	0.00695761	0	1.029252	1.751683	0.1281822	0.8718178	56.45253
2010	4.71429	-20.1606	24.8748	0.409557	0.590443	3.037552	0.604141	0.576573	0.56079	0.198186	0.118151	0.0556639	0.00689904	0	4.423025	1.991285	0.5904428	0.4095572	98.01322
2020	3.00462	-21.1534	24.158	0.578923	0.421077	1.078681	0.607833	0.586938	0.54193	0.197352	0.115333	0.0551875	0.00687861	0	5.13987	1.720342	0.421077	0.578923	52.52206
2030	4.93702	-20.347	25.284	0.137277	0.862723	4.515312	0.608913	0.58321	0.54693	0.195286	0.11794	0.0560342	0.00682404	0	4.013865	1.956179	0.8627233	0.1372767	90.40222
2040	4.55642	-20.3963	24.9528	0.86163	0.13837	3.966418	0.606708	0.590099	0.548593	0.197809	0.118406	0.0565728	0.00679859	0	4.345094	1.853464	0.13837	0.86163	71.36146
2050	0.92198	-21.3294	22.2514	0.187526	0.812474	2.558999	0.612294	0.597827	0.550623	0.197348	0.118883	0.0573177	0.00701181	0	7.046439	1.22663	0.8124736	0.1875264	16.85116
2060	3.6515	-23.3548	27.0063	0.293956	0.706044	4.662387	0.599843	0.585276	0.552276	0.192739	0.119017	0.0568372	0.00697659	0	2.291586	1.538671	0.7060445	0.2939555	34.56775
2070	5.03034	-21.4183	26.4486	0.944859	0.0551406	4.35039	0.606595	0.574862	0.545712	0.190364	0.118121	0.0566136	0.00701102	0	2.849236	1.875278	0.05514058	0.9448594	75.03747
2080	5.03449	-21.7506	26.7851	0.442094	0.557906	5.994069	0.601379	0.598561	0.539229	0.188964	0.118897	0.0566296	0.00707758	0	2.51276	1.998582	0.557906	0.442094	99.67391
2090	5.27717	-21.172	26.4492	0.391947	0.608053	4.42743	0.591658	0.581247	0.561451	0.192558	0.115843	0.0555712	0.00686565	0	2.848694	1.960548	0.6080531	0.3919469	91.31626
2100	3.5932	-22.4109	26.0041	0.0138233	0.986177	1.387464	0.583162	0.602655	0.560639	0.195847	0.114033	0.0545114	0.00707613	0	3.293747	1.665459	0.9861767	0.01382327	46.28703
2110	3.84823	-23.6285	27.4767	0.309871	0.690129	4.560091	0.598422	0.579746	0.553208	0.195129	0.114422	0.0547541	0.00701912	0	1.821146	1.637181	0.690129	0.309871	43.3692
2120	4.45726	-22.0587	26.516	0.0401236	0.959876	5.885928	0.612169	0.578431	0.553884	0.19289	0.114145	0.0549168	0.00698294	0	2.78186	1.810911	0.9598764	0.0401236	64.70097
2130	5.1765	-21.6122	26.7887	0.309904	0.690096	3.873309	0.606223	0.583805	0.564354	0.197892	0.115341	0.0552029	0.00705436	0	2.509191	1.92996	0.6900957	0.3099043	85.10602
2140	4.60239	-19.992	24.5944	0.903714	0.0962859	4.536482	0.610983	0.577357	0.561324	0.195161	0.117828	0.0563428	0.00678762	0	4.703426	1.978928	0.09628592	0.9037141	95.26384
2150	4.37282	-22.419	26.7918	0.269002	0.730998	2.865558	0.603004	0.58006	0.553418	0.198463	0.118504	0.0563745	0.00694442	0	2.506044	1.724392	0.7309984	0.2690016	53.01414
2160	4.39342	-22.7259	27.1193	0.158827	0.841173	4.173056	0.605477	0.588445	0.562983	0.193992	0.115839	0.055996	0.00677596	0	2.178585	1.695923	0.8411733	0.1588267	49.65048
2170	4.94287	-22.4212	27.3641	0.0960328	0.903967	4.049127	0.607638	0.601248	0.544882	0.193935	0.116449	0.0573449	0.00683058	0	1.9338	1.925911	0.9039672	0.09603285	84.31619
2180	3.96951	-21.1461	25.1156	0.675368	0.324632	1.66708	0.585172	0.602538	0.536487	0.189368	0.118036	0.0545819	0.0068999	0	4.182277	1.868651	0.3246321	0.6753679	73.90113
2190	3.69051	-23.9211	27.6117	0.666507	0.333493	7.354213	0.604882	0.592384	0.542048	0.194764	0.117206	0.054946	0.00691331	0	1.686213	1.945409	0.3334934	0.6665066	88.18798
2200	5.16176	-20.9197	26.0814	0.826378	0.173622	3.612781	0.607973	0.575481	0.5492	0.188809	0.11739	0.0548058	0.00681828	0	3.216446	1.958972	0.1736223	0.8263777	90.98553
2210	1.39172	-21.7659	23.1577	0.040164	0.959836	1.757146	0.610475	0.585006	0.55871	0.195822	0.118716	0.0553235	0.00687471	0	6.140199	1.171159	0.959836	0.04016402	14.83061
2220	3.74139	-23.161	26.9024	0.62304	0.37696	2.988809	0.583894	0.587374	0.558839	0.19058	0.116016	0.0561627	0.00679877	0	2.395453	1.567503	0.3769596	0.6230404	36.94051
2230	5.22103	-21.5573	26.7783	0.204969	0.795031	5.289215	0.608134	0.586902	0.559644	0.190199	0.115689	0.0566114	0.00683752	0	2.519547	1.983868	0.795031	0.204969	96.35368
2240	2.78939	-21.7896	24.579	0.860597	0.139403	7.215328	0.594252	0.593237	0.555833	0.1888	0.115171	0.0554829	0.00675047	0	4.718857	1.876018	0.1394034	0.8605966	75.16544
2250	3.69601	-20.5341	24.2301	0.959767	0.0402331	3.439411	0.602935	0.590416	0.552819	0.194933	0.115929	0.0559677	0.00678138	0	5.067753	1.681595	0.0402331	0.9597669	48.03913
2260	4.39774	-20.5382	24.9359	0.183995	0.816005	2.467926	0.584687	0.602178	0.542369	0.190022	0.118195	0.0546581	0.00679587	0	4.361939	1.898222	0.8160053	0.1839947	79.10831
2270	4.37568	-20.3208	24.6964	0.564875	0.435125	5.348898	0.584263	0.576349	0.544217	0.190777	0.115708	0.0554972	0.00678112	0	4.601432	1.961338	0.4351248	0.5648752	91.48253
2280	4.53829	-20.5232	25.0615	0.310871	0.689129	3.160414	0.597136	0.57977	0.548812	0.191486	0.118128	0.054655	0.00679459	0	4.236347	1.836439	0.6891292	0.3108708	68.61819
2290	4.04213	-20.6405	24.6826	0.861492	0.138508	4.765163	0.610198	0.587159	0.54916	0.190801	0.117222	0.055279	0.00674252	0	4.615222	1.788264	0.1385077	0.8614923	61.41347
2300	4.36588	-22.5219	26.8878	0.360026	0.639974	5.135594	0.60789	0.592104	0.539266	0.196861	0.11752	0.0548081	0.00682792	0	2.410087	1.739351	0.6399741	0.3600259	54.87208
2310	4.51915	-21.828	26.3471	0.64951	0.35049	5.340632	0.594697	0.599518	0.54473	0.197061	0.115836	0.0563417	0.00676653	0	2.950728	1.806957	0.3504901	0.6495099	64.11464
2320	4.74986	-20.5806	25.3304	0.526356	0.473644	3.341634	0.583139	0.600527	0.536924	0.197336	0.117076	0.056575	0.00675923	0	3.967441	1.878213	0.4736438	0.5263562	75.54624
2330	5.00694	-21.6307	26.6377	0.471015	0.528985	4.286828	0.598855	0.599453	0.53909	0.195746	0.118594	0.0552869	0.00674194	0	2.660177	1.870715	0.5289847	0.4710153	74.25316
2340	4.18456	-20.7288	24.9134	0.083912	0.916088	6.127276	0.602872	0.603907	0.544192	0.194871	0.117686	0.0563421	0.00688048	0	4.384486	1.975719	0.916088	0.08391204	94.56256
2350	4.71893	-22.7255	27.4444	0.601656	0.398344	6.229521	0.60955	0.600814	0.553606	0.195808	0.117806	0.0562112	0.00699721	0	1.853477	1.991322	0.3983439	0.6016561	98.02157
2360	4.58497	-20.4099	24.9949	0.678642	0.321358	3.709788	0.605215	0.593473	0.56178	0.19362	0.116997	0.054539	0.00687583	0	4.303	1.847768	0.3213585	0.6786415	70.43174
2370	4.74326	-20.9379	25.6811	0.785399	0.214601	3.629516	0.604357	0.583269	0.547783	0.191702	0.114819	0.0550971	0.00703289	0	3.616724	1.811802	0.2146006	0.7853994	64.83385
2380	3.37778	-21.5985	24.9763	0.563037	0.436963	5.005765	0.602117	0.578151	0.543666	0.194149	0.117587	0.0551908	0.00681527	0	4.321573	1.609928	0.4369629	0.5630371	40.73123
2390	3.55815	-20.1719	23.7301	0.996191	0.00380883	2.249735	0.601074	0.576699	0.536835	0.194592	0.114023	0.0556706	0.00684688	0	5.567799	1.802505	0.003808827	0.9961912	63.46067
2400	4.67299	-19.92	24.5929	0.940457	0.0595434	4.035036	0.58698	0.591823	0.548422	0.188821	0.116666	0.0569515	0.00679643	0	4.704919	1.984984	0.05954338	0.9404566	96.60149
2410	3.46824	-21.5024	24.9707	0.578661	0.421339	4.815673	0.600043	0.585994	0.550645	0.197789	0.11781	0.056465	0.00673122	0	4.327192	1.613881	0.4213394	0.5786606	41.10366
2420	4.83579	-21.2554	26.0912	0.199627	0.800373	3.858872	0.605824	0.582304	0.553422	0.192018	0.118356	0.0571478	0.00679559	0	3.20669	1.804559	0.8003732	0.1996268	63.76159
2430	4.82954	-22.1093	26.9389	0.759982	0.240018	4.38981	0.604531	0.601286	0.560507	0.189033	0.116564	0.0572921	0.00692954	0	2.358975	1.835723	0.2400182	0.7599818	68.50509
2440	4.1041	-20.9638	25.0679	0.661374	0.338626	4.230488	0.607071	0.602207	0.563621	0.193513	0.118339	0.0545286	0.00694418	0	4.229977	1.699388	0.3386259	0.6613741	50.04819
2450	4.00982	-21.8787	25.8885	0.295382	0.704618	6.011983	0.594652	0.604177	0.550163	0.195716	0.1172	0.0558744	0.00691874	0	3.409384	1.774374	0.704618	0.295382	59.48045
2460	1.39346	-20.4098	21.8032	0.88885	0.11115	4.428753	0.59146	0.60449	0.541649	0.196604	0.118334	0.0566522	0.00699428	0	7.494631	1.557914	0.11115	0.88885	36.13383
2470	2.35566	-21.3432	23.6988	0.0531247	0.946875	1.386938	0.606164	0.595087	0.563344	0.190178	0.117579	0.0565579	0.00690713	0	5.599052	1.407051	0.9468753	0.05312474	25.53004
2480	3.76612	-20.7641	24.5303	0.0519388	0.948061	3.720087	0.609963	0.603938	0.564101	0.196024	0.117815	0.0569235	0.00684885	0	4.767607	1.628022	0.9480612	0.0519388	42.46411
2490	4.4012	-22.3783	26.7795	0.875767	0.124233	4.834753	0.589187	0.600947	0.553388	0.189987	0.119074	0.0571118	0.00694263	0	2.518323	1.739177	0.1242328	0.8757672	54.85001
2500	4.79462	-22.9095	27.7041	0.0768894	0.923111	4.915403	0.588973	0.603829	0.555312	0.189215	0.118008	0.0559073	0.00705663	0	1.593736	1.945798	0.9231106	0.07688941	88.26699
2510	4.79903	-21.5742	26.3732	0.782389	0.217611	4.947295	0.593135	0.595604	0.555961	0.18977	0.113819	0.0566655	0.00684931	0	2.924684	1.843468	0.2176107	0.7823893	69.73777
2520	3.29385	-20.7057	23.9995	0.0448128	0.955187	1.53442	0.600558	0.58377	0.554309	0.190263	0.116369	0.0561504	0.00707339	0	5.298318	1.734286	0.9551872	0.04481284	54.23585
2530	3.82796	-20.6155	24.4435	0.724563	0.275437	4.796922	0.602726	0.581326	0.554679	0.19439	0.11507	0.0573674	0.00704524	0	4.854403	1.752283	0.2754374	0.7245626	56.53055
2540	4.92491	-20.6175	25.5424	0.221395	0.778605	4.512315	0.584032	0.596674	0.552841	0.195102	0.116474	0.0573727	0.00702248	0	3.755493	1.898324	0.7786054	0.2213946	79.12695
2550	5.02794	-20.1877	25.2157	0.0306978	0.969302	3.938034	0.59522	0.595413	0.562261	0.196638	0.118922	0.0564882	0.00698733	0	4.082181	1.988505	0.9693022	0.03069778	97.38779
2560	2.81194	-23.6017	26.4137	0.286486	0.713514	3.952641	0.592913	0.583069	0.557773	0.19548	0.116298	0.0564542	0.00691884	0	2.884177	1.315628	0.7135141	0.2864859	20.68367
2570	1.91075	-21.0195	22.9303	0.979294	0.0207055	0.4805522	0.592733	0.584761	0.54013	0.198514	0.11682	0.0571687	0.00689049	0	6.367589	1.685303	0.02070552	0.9792945	48.45106
2580	1.21245	-26.1893	27.4018	0.826915	0.173085	0.04684113	0.592915	0.579698	0.547112	0.19541	0.118169	0.0564302	0.0068965	0	1.896078	1.873603	0.1730846	0.8269154	74.74859
2590	0.334262	-24.6749	25.0092	0.759947	0.240053	0.2603378	0.599088	0.589326	0.561292	0.197275	0.119113	0.0570082	0.0069481	0	4.288685	0.9759791	0.2400534	0.7599466	9.461915
2600	0.726993	-20.952	21.679	0.373214	0.626786	0.7067929	0.604668	0.599979	0.559049	0.193346	0.117517	0.0571278	0.00684049	0	7.618846	1.389549	0.6267862	0.3732138	24.52162
2610	2.04493	-22.3377	24.3826	0.084936	0.915064	0.1797668	0.61103	0.599831	0.558977	0.195317	0.117775	0.0558933	0.00706759	0	4.915245	1.511586	0.915064	0.08493596	32.47773
2620	3.02884	-22.0372	25.0661	0.665751	0.334249	0.9928771	0.598146	0.597592	0.562172	0.196024	0.115954	0.0549293	0.00707031	0	4.231807	1.617185	0.3342487	0.6657513	41.4176
2630	-0.783094	-19.5645	18.7814	0.107352	0.892648	0.4602418	0.607914	0.587291	0.543262	0.196691	0.11549	0.0556222	0.00695226	0	10.51646	1.905776	0.8926479	0.1073521	80.49628
2640	3.71949	-19.4117	23.1312	0.445037	0.554963	3.389458	0.60253	0.602364	0.537398	0.19524	0.118877	0.0560102	0.00694688	0	6.166653	1.964218	0.5549626	0.4450374	92.09127
2650	4.42145	-19.8924	24.3138	0.071195	0.928805	3.397027	0.601892	0.58132	0.543749	0.190232	0.11567	0.0572623	0.00684896	0	4.984041	1.935577	0.928805	0.07119496	86.21389
2660	3.92891	-19.6544	23.5833	0.0665624	0.933438	3.820419	0.587953	0.579526	0.537559	0.190339	0.118534	0.0573474	0.00699224	0	5.714547	1.894733	0.9334376	0.06656236	78.47525
2670	5.12828	-21.1994	26.3277	0.701539	0.298461	5.301275	0.610527	0.578786	0.555316	0.191843	0.114771	0.0567057	0.00704611	0	2.970165	1.965724	0.298461	0.701539	92.4111
2680	3.66429	-20.3911	24.0554	0.380138	0.619862	2.802311	0.602134	0.575311	0.542782	0.197635	0.114276	0.0562433	0.00691207	0	5.242463	1.694388	0.6198624	0.3801376	49.47519
2690	4.48271	-21.7417	26.2244	0.884504	0.115496	4.68524	0.58367	0.60184	0.545567	0.196241	0.113701	0.0565286	0.00698786	0	3.073485	1.74368	0.1154961	0.8845039	55.42178
2700	4.61866	-20.511	25.1296	0.687767	0.312233	3.949449	0.595498	0.588651	0.548966	0.196711	0.114241	0.0564421	0.00682471	0	4.168218	1.843545	0.3122328	0.6877672	69.75018
2710	4.00109	-22.2453	26.2464	0.322469	0.677531	7.033865	0.582726	0.594878	0.546295	0.197025	0.115012	0.0566881	0.00686011	0	3.051484	1.919355	0.6775311	0.3224689	83.05302
2720	4.51104	-21.914	26.4251	0.768054	0.231946	5.235511	0.593441	0.593784	0.540812	0.198377	0.114841	0.0565055	0.00686137	0	2.872794	1.7922	0.2319455	0.7680545	61.97263
2730	3.67219	-22.2028	25.875	0.519295	0.480705	7.464157	0.601511	0.604442	0.545652	0.19439	0.114501	0.0558648	0.00673746	0	3.422904	1.970557	0.4807047	0.5192953	93.44514
2740	3.80124	-22.7214	26.5226	0.573034	0.426966	1.292158	0.611968	0.589676	0.562564	0.192135	0.117157	0.0546794	0.00676663	0	2.775229	1.988252	0.4269664	0.5730336	97.33122
2750	5.19712	-21.5577	26.7548	0.954898	0.0451017	4.553289	0.603458	0.593575	0.552125	0.191985	0.118971	0.0550506	0.00683299	0	2.543041	1.949471	0.04510169	0.9548983	89.0167
2760	2.49461	-22.1561	24.6507	0.777648	0.222352	7.848157	0.587809	0.587789	0.538251	0.190413	0.118097	0.0559681	0.00686844	0	4.647167	1.930554	0.2223515	0.7776485	85.22249
2770	3.29417	-21.0441	24.3383	0.194781	0.805219	3.750887	0.604755	0.584026	0.5441	0.192234	0.116934	0.0550862	0.00689451	0	4.959562	1.537685	0.8052195	0.1947805	34.48933
2780	3.35745	-20.9675	24.325	0.988386	0.0116137	6.232806	0.606191	0.587536	0.549837	0.198213	0.11631	0.0546195	0.00680612	0	4.972875	1.865676	0.01161373	0.9883863	73.39658
2790	3.37653	-21.7461	25.1226	0.705266	0.294734	5.679521	0.584645	0.59395	0.54928	0.192787	0.114145	0.0550644	0.00695297	0	4.175284	1.673217	0.2947344	0.7052656	47.12124
2800	2.32795	-23.5939	25.9219	0.33015	0.66985	1.765023	0.585305	0.603616	0.543021	0.189813	0.113618	0.0547506	0.00707526	0	3.37598	1.182689	0.6698497	0.3301503	15.22963
2810	1.90129	-19.6285	21.5298	0.720653	0.279347	2.545341	0.586704	0.604686	0.548054	0.195467	0.113569	0.0567093	0.00699416	0	7.768081	1.663436	0.2793467	0.7206533	46.07191
2820	3.81279	-23.9911	27.8038	0.612387	0.387613	4.245631	0.58224	0.59882	0.538869	0.197794	0.116635	0.0564139	0.00691267	0	1.49402	1.750684	0.3876126	0.6123874	56.32275
2830	4.84606	-20.6399	25.486	0.00969732	0.990303	3.087757	0.586693	0.579937	0.550578	0.194214	0.118584	0.0557124	0.00689847	0	3.8119	1.909438	0.9903027	0.009697324	81.17786
2840	4.32999	-21.9455	26.2755	0.620436	0.379564	5.232441	0.587522	0.601246	0.562144	0.191027	0.118249	0.055954	0.00696218	0	3.022399	1.743323	0.3795635	0.6204365	55.3762
2850	4.90666	-22.5762	27.4828	0.409117	0.590883	5.129033	0.60714	0.596641	0.558733	0.190881	0.117295	0.0545593	0.00693277	0	1.815027	1.951496	0.5908834	0.4091166	89.43264
2860	3.93961	-20.0802	24.0198	0.065532	0.934468	4.737521	0.610206	0.590439	0.552876	0.193079	0.116172	0.0573034	0.0070055	0	5.278015	1.849878	0.934468	0.06553197	70.77472
2870	4.46665	-22.6647	27.1313	0.308258	0.691742	6.034531	0.598946	0.596064	0.562517	0.190793	0.117567	0.0573145	0.00682109	0	2.166523	1.865395	0.691742	0.308258	73.34913
2880	4.67616	-21.9522	26.6284	0.338313	0.661687	3.064208	0.609938	0.58514	0.5469	0.191035	0.117789	0.0572925	0.00690537	0	2.669487	1.803589	0.6616869	0.3383131	63.61939
2890	2.59763	-24.4215	27.0191	0.237638	0.762362	5.700516	0.610684	0.582454	0.545579	0.192864	0.114454	0.0567112	0.00677729	0	2.278739	1.459755	0.7623617	0.2376383	28.82406
2900	4.78308	-22.4056	27.1887	0.300862	0.699138	3.246619	0.594432	0.583309	0.543359	0.19041	0.117852	0.0546107	0.00676629	0	2.109152	1.92649	0.6991384	0.3008616	84.42873
2910	4.11264	-20.9997	25.1123	0.016991	0.983009	4.856158	0.60508	0.583225	0.563569	0.195923	0.117728	0.0550895	0.00677243	0	4.18554	1.728504	0.983009	0.01699096	53.51846
2920	2.35067	-21.3706	23.7212	0.787733	0.212267	2.022705	0.599082	0.584332	0.553554	0.192572	0.118632	0.0550124	0.0067489	0	5.576638	1.410256	0.212267	0.787733	25.71909
2930	3.04685	-23.1622	26.209	0.228438	0.771562	4.40099	0.598277	0.577336	0.556955	0.19553	0.115516	0.0555881	0.00679572	0	3.088843	1.393501	0.771562	0.228438	24.74574
2940	3.77886	-21.7542	25.5331	0.312323	0.687677	4.885986	0.601663	0.583072	0.563777	0.191837	0.115377	0.0554427	0.00675757	0	3.764782	1.624676	0.6876774	0.3123226	42.13822
2950	3.01248	-23.7629	26.7754	0.0954558	0.904544	2.601613	0.602335	0.576323	0.553809	0.194985	0.118292	0.0561913	0.00683906	0	2.522487	1.280732	0.9045442	0.09545581	19.08675
2960	3.26027	-21.2781	24.5384	0.760722	0.239278	1.564216	0.610343	0.593122	0.553518	0.197834	0.118756	0.0552966	0.00680697	0	4.759476	1.633776	0.2392778	0.7607222	43.03045
2970	2.54492	-21.7059	24.2508	0.170936	0.829064	6.610232	0.58524	0.5924	0.553022	0.197801	0.119141	0.0555127	0.00684211	0	5.047091	1.732181	0.8290641	0.1709359	53.97358
2980	3.67179	-22.3956	26.0674	0.979258	0.0207419	3.551046	0.605374	0.595442	0.550621	0.198386	0.119078	0.0568615	0.00693838	0	3.230449	1.52529	0.02074194	0.9792581	33.51889
2990	3.99016	-21.0206	25.0108	0.536148	0.463852	5.732657	0.587009	0.600633	0.558798	0.195269	0.117573	0.0550919	0.00691509	0	4.287083	1.832103	0.4638521	0.5361479	67.93643
3000	4.36609	-20.6332	24.9993	0.161349	0.838651	5.661333	0.588771	0.584003	0.55465	0.195008	0.118167	0.0552592	0.00692091	0	4.298608	1.930323	0.8386507	0.1613493	85.1772
3010	4.00396	-21.8773	25.8812	0.293888	0.706112	7.103726	0.602972	0.578977	0.553521	0.195429	0.117565	0.05583	0.00696652	0	3.416624	1.963775	0.7061124	0.2938876	91.99723
3020	3.12869	-19.9211	23.0498	0.336174	0.663826	4.228356	0.603059	0.581873	0.54329	0.190209	0.117889	0.0559018	0.00692711	0	6.248066	1.753633	0.663826	0.336174	56.70655
3030	2.18175	-23.5662	25.748	0.119493	0.880507	7.517608	0.601196	0.587997	0.54067	0.19364	0.118787	0.0561511	0.00705152	0	3.549884	1.659684	0.8805065	0.1194935	45.67553
3040	1.38375	-23.0131	24.3969	0.742546	0.257454	2.327505	0.600691	0.578709	0.538593	0.190657	0.117999	0.0571984	0.00707222	0	4.900981	1.129514	0.2574545	0.7425455	13.47455
3050	4.3352	-21.9536	26.2888	0.233619	0.766381	6.870189	0.598271	0.580024	0.538566	0.189824	0.116183	0.0572411	0.00683509	0	3.009093	1.973258	0.7663814	0.2336186	94.02817
3060	4.38056	-21.6448	26.0253	0.223286	0.776714	2.488546	0.594451	0.602609	0.539561	0.19098	0.113828	0.0573387	0.00694801	0	3.272553	1.74624	0.7767138	0.2232862	55.74943
3070	5.17715	-21.5768	26.7539	0.153383	0.846617	4.689727	0.586714	0.599157	0.540027	0.189466	0.114658	0.0557541	0.00692763	0	2.543953	1.920142	0.8466169	0.1533831	83.20358
3080	5.03556	-21.2056	26.2411	0.718621	0.281379	5.309244	0.585638	0.603738	0.545072	0.196807	0.116088	0.0552465	0.00675333	0	3.056735	1.956035	0.281379	0.718621	90.37227
3090	4.00623	-20.1954	24.2016	0.402776	0.597224	3.117576	0.598047	0.594148	0.556048	0.195375	0.11875	0.0546248	0.00682403	0	5.09625	1.785977	0.5972237	0.4027763	61.09093
3100	4.84512	-21.3877	26.2328	0.660893	0.339107	3.720467	0.602403	0.594171	0.546085	0.198117	0.119143	0.0550682	0.00695939	0	3.065019	1.814555	0.3391074	0.6608926	65.2461
3110	4.47162	-22.045	26.5166	0.669251	0.330749	5.064133	0.598318	0.585864	0.547258	0.194143	0.119216	0.0546309	0.00698469	0	2.781239	1.75812	0.3307494	0.6692506	57.29546
3120	5.11783	-21.1557	26.2735	0.537072	0.462928	3.240862	0.586798	0.584633	0.5409	0.196508	0.117361	0.055256	0.00705981	0	3.024363	1.959511	0.4629277	0.5370723	91.09848
3130	4.27912	-23.4582	27.7373	0.568537	0.431463	3.217586	0.584018	0.597097	0.536479	0.189371	0.115799	0.0567966	0.00707791	0	1.560585	1.965434	0.4314631	0.5685369	92.34934
3140	2.58704	-24.1399	26.727	0.342627	0.657373	1.335644	0.597679	0.601158	0.547312	0.188912	0.115365	0.056845	0.00691693	0	2.570887	1.366934	0.6573734	0.3426266	23.27738
3150	3.71547	-20.9888	24.7043	0.193932	0.806068	2.13937	0.592908	0.586637	0.538643	0.190619	0.114354	0.0558816	0.00705658	0	4.593575	1.651518	0.8060676	0.1939324	44.82471
3160	4.26592	-21.6948	25.9607	0.810653	0.189347	6.712886	0.590184	0.601524	0.547256	0.196252	0.118305	0.0568578	0.00698239	0	3.337131	1.958228	0.1893468	0.8106532	90.82978
3170	3.31238	-23.408	26.7203	0.770688	0.229312	6.237801	0.599045	0.601791	0.547791	0.195771	0.114987	0.0567695	0.00704902	0	2.577517	1.662866	0.2293116	0.7706884	46.01148
3180	3.2937	-20.708	24.0017	0.685146	0.314854	1.583701	0.608223	0.60129	0.547558	0.195014	0.118927	0.0569773	0.0070287	0	5.296208	1.73761	0.3148538	0.6851462	54.65245
3190	1.73839	-26.1516	27.89	0.0409214	0.959079	1.544764	0.611238	0.575431	0.550976	0.192761	0.11714	0.056647	0.0069232	0	1.407869	1.317562	0.9590786	0.04092136	20.77599
3200	4.38629	-21.1241	25.5104	0.95171	0.0482896	6.136156	0.607575	0.59025	0.544929	0.194293	0.119354	0.0551563	0.00698223	0	3.787428	1.94248	0.04828961	0.9517104	87.59513
3210	1.85716	-26.482	28.3392	0.0333199	0.96668	4.815293	0.608725	0.58061	0.544832	0.192207	0.119247	0.0570492	0.00707823	0	0.9586648	1.463594	0.9666801	0.03331994	29.08
3220	4.75452	-20.1102	24.8647	0.755789	0.244211	4.279157	0.607662	0.579549	0.548815	0.191991	0.118316	0.0566951	0.007035	0	4.43316	1.949023	0.2442109	0.7557891	88.92488
3230	4.07042	-20.7792	24.8497	0.688289	0.311711	4.399005	0.604679	0.578582	0.554765	0.189724	0.115913	0.0565742	0.00690929	0	4.448211	1.73061	0.3117109	0.6882891	53.77868
3240	4.15335	-20.9007	25.0541	0.576107	0.423893	4.70735	0.609463	0.582786	0.561053	0.195464	0.114606	0.0568082	0.00685794	0	4.243774	1.751806	0.4238934	0.5761066	56.46847
3250	0.585544	-26.5434	27.129	0.443148	0.556852	10.55048	0.606089	0.582312	0.5614	0.196246	0.114794	0.0555955	0.00693734	0	2.168881	1.97091	0.556852	0.443148	93.52116
3260	4.72644	-21.4881	26.2145	0.387449	0.612551	5.625966	0.599702	0.592366	0.563134	0.195915	0.115634	0.054907	0.00691414	0	3.083323	1.884374	0.6125511	0.3874489	76.62558
3270	3.33813	-24.1648	27.503	0.148036	0.851964	4.816384	0.606068	0.597115	0.556558	0.195885	0.119171	0.0561325	0.00690055	0	1.794914	1.520847	0.8519642	0.1480358	33.17773
3280	3.97883	-23.2037	27.1825	0.117725	0.882275	2.702927	0.598677	0.602498	0.541442	0.19273	0.118341	0.0555706	0.00679006	0	2.115355	1.662837	0.8822752	0.1177248	46.00838
3290	3.09908	-25.189	28.2881	0.0540255	0.945975	5.418732	0.605899	0.601165	0.540331	0.190023	0.117202	0.0547849	0.00677846	0	1.009814	1.782468	0.9459745	0.05402548	60.59929
3300	3.04172	-19.8106	22.8524	0.534167	0.465833	2.002362	0.610364	0.59244	0.540215	0.193747	0.119025	0.0548048	0.00674152	0	6.445498	1.876454	0.4658335	0.5341665	75.24091
3310	4.83784	-21.8671	26.7049	0.974651	0.0253486	2.767611	0.611626	0.58727	0.548535	0.196574	0.117726	0.0550779	0.00684825	0	2.592957	1.963356	0.02534859	0.9746514	91.90857
3320	1.20788	-25.3974	26.6053	0.795419	0.204581	1.424548	0.603227	0.590916	0.548622	0.196199	0.119384	0.0552304	0.00696163	0	2.692559	1.103545	0.2045815	0.7954185	12.69244
3330	1.23392	-26.4069	27.6408	0.405454	0.594546	0.9655285	0.607728	0.598721	0.538146	0.197794	0.115357	0.0550954	0.00707684	0	1.657049	1.332496	0.5945459	0.4054541	21.50283
3340	1.75335	-24.9195	26.6729	0.56523	0.43477	6.356235	0.585278	0.589933	0.545138	0.190958	0.116599	0.0548469	0.00695471	0	2.625008	1.442738	0.4347702	0.5652298	27.71645
3350	3.84576	-23.288	27.1337	0.332468	0.667532	2.201839	0.598864	0.597922	0.562195	0.195884	0.118006	0.0563626	0.00701205	0	2.164129	1.737448	0.667532	0.332468	54.63206
3360	3.25888	-21.8975	25.1564	0.438838	0.561162	2.14544	0.58653	0.59518	0.562631	0.193601	0.119408	0.0568299	0.00699946	0	4.141458	1.457953	0.5611622	0.4388378	28.70468
3370	3.57345	-22.66	26.2334	0.620756	0.379244	6.903997	0.582431	0.585867	0.545392	0.191043	0.118987	0.0564937	0.00702448	0	3.06443	1.802458	0.379244	0.620756	63.45379
3380	4.19928	-22.2556	26.4549	0.668117	0.331883	3.402262	0.584197	0.578597	0.541924	0.189395	0.118882	0.0571048	0.00695881	0	2.842961	1.633062	0.3318827	0.6681173	42.95979
3390	3.95218	-22.8004	26.7525	0.70441	0.29559	2.731655	0.58305	0.574583	0.557911	0.191498	0.117935	0.0554341	0.00694704	0	2.545318	1.628885	0.2955898	0.7044102	42.5486
3400	1.37484	-20.7592	22.134	0.00877779	0.991222	5.207793	0.590576	0.574604	0.536641	0.190892	0.11576	0.0550804	0.00688717	0	7.16385	1.573582	0.9912222	0.008777786	37.4612
3410	3.64382	-20.9048	24.5486	0.985206	0.0147944	5.9087	0.598504	0.57886	0.547902	0.191621	0.114818	0.0567779	0.00685571	0	4.749256	1.848173	0.01479437	0.9852056	70.49733
3420	2.3206	-24.3735	26.6941	0.305832	0.694168	2.666357	0.605183	0.577021	0.563502	0.190744	0.116317	0.0571565	0.00685266	0	2.603744	1.179009	0.6941681	0.3058319	15.1011
3430	2.90861	-19.8189	22.7276	0.580677	0.419323	1.808529	0.5936	0.591375	0.55951	0.189126	0.116893	0.0558291	0.00695241	0	6.570306	1.900385	0.4193233	0.5806767	79.50331
3440	4.65319	-20.5295	25.1827	0.262337	0.737663	4.367981	0.584163	0.580552	0.561967	0.192439	0.115447	0.054811	0.00683756	0	4.115147	1.854532	0.7376634	0.2623366	71.53727
3450	3.5397	-20.65	24.1897	0.499454	0.500546	2.014906	0.588081	0.582037	0.537998	0.193739	0.119318	0.0564592	0.00673649	0	5.108157	1.720752	0.5005458	0.4994542	52.57169
3460	4.81342	-20.469	25.2824	0.140969	0.859031	3.602837	0.583607	0.579615	0.542607	0.190197	0.117685	0.0556048	0.00674298	0	4.015418	1.892186	0.859031	0.140969	78.01634
3470	5.07016	-21.8796	26.9498	0.730626	0.269374	3.739067	0.587826	0.599578	0.54413	0.190864	0.117872	0.0571144	0.00674302	0	2.348056	1.943538	0.2693741	0.7306259	87.80872
3480	2.96937	-23.7862	26.7556	0.812249	0.187751	5.408244	0.604063	0.588801	0.536445	0.191881	0.113686	0.0545709	0.00682082	0	2.542267	1.532794	0.1877515	0.8122485	34.10312
3490	3.95244	-20.8176	24.77	0.960877	0.0391231	3.092687	0.602242	0.594174	0.552773	0.189005	0.115353	0.0549435	0.00677155	0	4.527832	1.684168	0.03912305	0.9608769	48.32453
3500	5.04891	-20.8911	25.94	0.333442	0.666558	5.129381	0.60342	0.580648	0.563382	0.190917	0.116788	0.0550367	0.00684684	0	3.35782	1.956299	0.6665579	0.3334421	90.42711
3510	1.75228	-20.885	22.6373	0.949666	0.0503343	0.365123	0.612553	0.586882	0.559606	0.192463	0.116967	0.054609	0.00674235	0	6.660615	1.763718	0.05033429	0.9496657	58.03869
3520	1.15211	-22.1084	23.2605	0.376367	0.623633	0.02213311	0.611729	0.592604	0.545004	0.192185	0.115723	0.0557214	0.00678665	0	6.03738	1.389074	0.6236335	0.3763665	24.49483
3530	0.792999	-25.9911	26.7841	0.348555	0.651445	0.07405629	0.609896	0.596178	0.550788	0.195844	0.114397	0.0569713	0.00675696	0	2.513793	1.109149	0.6514455	0.3485545	12.85727
3540	1.2472	-23.0435	24.2906	0.12687	0.87313	0.3002803	0.60459	0.586356	0.549384	0.191404	0.116593	0.0561202	0.00683618	0	5.007216	1.120895	0.8731295	0.1268705	13.20975
3550	0.776267	-20.671	21.4473	0.109696	0.890304	0.3417992	0.590901	0.59193	0.548598	0.188903	0.116435	0.0565354	0.00685997	0	7.850549	1.566194	0.8903044	0.1096956	36.82937
3560	3.56247	-23.846	27.4085	0.136747	0.863253	2.446247	0.593338	0.587728	0.54968	0.191383	0.114947	0.0568723	0.00674165	0	1.889356	1.629124	0.8632528	0.1367472	42.57201
3570	3.05593	-20.648	23.7039	0.260875	0.739125	1.151464	0.606252	0.602533	0.546163	0.190289	0.115936	0.056979	0.00678868	0	5.593965	1.87772	0.7391254	0.2608746	75.46061
3580	4.42312	-20.8096	25.2327	0.87195	0.12805	2.646931	0.582077	0.57979	0.541114	0.196374	0.116854	0.0564194	0.00701079	0	4.065135	1.818653	0.1280496	0.8719504	65.86468
3590	5.02717	-22.1411	27.1683	0.792523	0.207477	4.819551	0.606468	0.578595	0.544274	0.191438	0.116571	0.054923	0.00707464	0	2.129607	1.924761	0.2074772	0.7925228	84.0932
3600	3.54163	-19.9584	23.5	0.248103	0.751897	2.826327	0.598069	0.590287	0.55581	0.192012	0.117718	0.0560228	0.00686454	0	5.797816	1.772647	0.7518966	0.2481034	59.24441
3610	3.55971	-23.4999	27.0596	0.155926	0.844074	1.490789	0.587725	0.593425	0.563686	0.191594	0.116399	0.0566098	0.00679477	0	2.238253	1.880933	0.8440744	0.1559256	76.02098
3620	4.07574	-22.5248	26.6005	0.157375	0.842625	4.490671	0.599727	0.577778	0.551236	0.19075	0.119345	0.0563273	0.0069466	0	2.69736	1.588748	0.8426252	0.1573748	38.79256
3630	2.27036	-23.5692	25.8396	0.329262	0.670738	2.451094	0.600112	0.585261	0.558525	0.188944	0.118979	0.057067	0.00686264	0	3.458274	1.163326	0.6707381	0.3292619	14.56551
3640	4.1681	-21.1703	25.3384	0.290396	0.709604	5.671239	0.594936	0.594867	0.55142	0.193573	0.119181	0.0567376	0.00705978	0	3.959421	1.813756	0.7096036	0.2903964	65.1263
3650	3.80673	-22.082	25.8887	0.198884	0.801116	4.906252	0.601708	0.599424	0.550095	0.193675	0.116816	0.0565834	0.00700489	0	3.409167	1.587971	0.8011157	0.1988843	38.72321
3660	5.10513	-21.5607	26.6658	0.343378	0.656622	4.327712	0.583897	0.598727	0.543919	0.198077	0.115325	0.0572769	0.0068582	0	2.632031	1.89528	0.6566216	0.3433784	78.5742
3670	2.47355	-21.1945	23.668	0.985841	0.0141585	4.046836	0.592919	0.594524	0.551032	0.190466	0.113856	0.0551815	0.00696063	0	5.629815	1.489842	0.01415851	0.9858415	30.89173
3680	3.29716	-23.0969	26.394	0.268242	0.731758	3.19711	0.595346	0.594755	0.540332	0.190139	0.118019	0.0555499	0.00700009	0	2.90385	1.370124	0.7317579	0.2682421	23.44897
3690	1.60613	-26.0299	27.636	0.557828	0.442172	0.8882437	0.586978	0.585079	0.537025	0.198463	0.115202	0.0549813	0.00705679	0	1.661878	1.622117	0.4421717	0.5578283	41.89067
3700	4.98502	-21.5497	26.5347	0.0766709	0.923329	4.506539	0.590106	0.588984	0.544739	0.197211	0.116946	0.0553477	0.00684727	0	2.763145	1.842662	0.9233291	0.07667086	69.60849
3710	4.36752	-20.4468	24.8143	0.742039	0.257961	4.886722	0.599743	0.583461	0.547272	0.197492	0.118292	0.0558187	0.00693282	0	4.483583	1.867591	0.2579611	0.7420389	73.721
3720	0.841369	-18.8093	19.6506	0.16106	0.83894	2.517394	0.602395	0.602455	0.540791	0.195248	0.117936	0.055046	0.0068105	0	9.647243	1.928294	0.8389399	0.1610601	84.78013
3730	3.34042	-24.1508	27.4912	0.511222	0.488778	1.613974	0.595825	0.594859	0.541337	0.19234	0.116878	0.0550738	0.00677835	0	1.806675	1.99017	0.4887779	0.5112221	97.76207
3740	1.81268	-24.737	26.5496	0.924371	0.0756292	3.546942	0.600242	0.604341	0.544906	0.193333	0.117411	0.0552266	0.00686734	0	2.748218	1.233136	0.07562918	0.9243708	17.10551
3750	4.11095	-23.1078	27.2188	0.214467	0.785533	6.837151	0.595804	0.595823	0.555994	0.196306	0.116406	0.0545877	0.00702745	0	2.079068	1.886538	0.7855334	0.2144666	77.00846
3760	5.23616	-21.5683	26.8044	0.286448	0.713552	5.271829	0.591554	0.585688	0.541435	0.198436	0.118251	0.0547317	0.00706222	0	2.493441	1.97706	0.7135518	0.2864482	94.855
3770	4.39116	-21.601	25.9922	0.0433743	0.956626	2.377823	0.595406	0.581347	0.546922	0.196496	0.119059	0.0551253	0.00700434	0	3.30567	1.760937	0.9566257	0.04337427	57.66826
3780	4.9048	-20.9718	25.8766	0.868387	0.131613	5.257398	0.582457	0.58201	0.544709	0.196736	0.117257	0.0552597	0.00681817	0	3.421306	1.938248	0.1316127	0.8683873	86.74569
3790	3.83594	-22.0154	25.8514	0.328599	0.671401	1.399203	0.592173	0.591909	0.539818	0.196363	0.119136	0.057085	0.00689583	0	3.446494	1.835798	0.6714006	0.3285994	68.51689
3800	4.36109	-22.6615	27.0226	0.932234	0.0677656	4.092247	0.589164	0.593569	0.546052	0.197391	0.119387	0.0570602	0.00697631	0	2.275235	1.721379	0.06776559	0.9322344	52.64763
3810	2.61597	-23.3983	26.0143	0.640576	0.359424	5.630108	0.608332	0.581795	0.557415	0.190812	0.117134	0.0545459	0.0070495	0	3.283591	1.482155	0.3594239	0.6405761	30.34973
3820	4.0145	-21.6564	25.6709	0.415446	0.584554	2.795404	0.601472	0.595968	0.548684	0.190305	0.117751	0.0551754	0.00681734	0	3.626986	1.609487	0.5845541	0.4154459	40.68994
3830	3.85195	-22.7332	26.5851	0.532944	0.467056	1.461248	0.609456	0.589584	0.556881	0.19531	0.117906	0.0548341	0.00685852	0	2.712753	1.912876	0.4670563	0.5329437	81.82315
3840	4.48033	-22.9934	27.4737	0.487629	0.512371	3.889592	0.588531	0.58924	0.537978	0.198043	0.117919	0.0548815	0.00685953	0	1.824116	1.828968	0.5123713	0.4876287	67.44787
3850	0.510101	-23.4811	23.9912	0.47839	0.52161	1.054989	0.582359	0.597614	0.541124	0.195727	0.113644	0.0556583	0.00673567	0	5.306616	0.9766457	0.5216096	0.4783904	9.476451
3860	4.83904	-21.4173	26.2564	0.187335	0.812665	3.170822	0.599211	0.574936	0.545295	0.197049	0.116996	0.0566423	0.00675232	0	3.041514	1.843617	0.8126648	0.1873352	69.76173
3870	4.73228	-21.094	25.8263	0.964293	0.035707	5.577983	0.593026	0.589048	0.563834	0.191893	0.116552	0.0565125	0.00685064	0	3.471602	1.929351	0.03570702	0.964293	84.98669
3880	4.12987	-21.2357	25.3656	0.159541	0.840459	2.917417	0.603503	0.602768	0.563327	0.191049	0.115977	0.0555165	0.00672802	0	3.932262	1.650868	0.8404594	0.1595406	44.75773
3890	3.27436	-20.0906	23.365	0.265902	0.734098	4.853334	0.590819	0.588668	0.540766	0.191179	0.118874	0.0568261	0.00674711	0	5.932876	1.805524	0.7340977	0.2659023	63.90348
3900	4.25837	-21.5911	25.8494	0.665271	0.334729	5.899844	0.606955	0.577675	0.536692	0.193168	0.116261	0.0558484	0.00674651	0	3.448433	1.840668	0.3347286	0.6652714	69.28955
3910	4.40831	-22.3065	26.7148	0.549225	0.450775	3.51712	0.59876	0.585701	0.539222	0.194331	0.113691	0.0566943	0.00683088	0	2.583056	1.700015	0.4507748	0.5492252	50.12048
3920	2.4709	-22.2142	24.6851	0.734015	0.265985	3.603453	0.594028	0.581032	0.542051	0.188607	0.115395	0.0571386	0.00677402	0	4.612766	1.359706	0.2659849	0.7340151	22.8932
3930	2.3674	-26.0604	28.4278	0.301593	0.698407	3.198022	0.582342	0.580715	0.544543	0.191207	0.115698	0.0572128	0.00679145	0	0.8700936	1.982885	0.6984073	0.3015927	96.13567
3940	3.81523	-22.9619	26.7771	0.0351534	0.964847	7.112948	0.594008	0.586645	0.539679	0.191192	0.118498	0.0572935	0.00686806	0	2.520774	1.850762	0.9648466	0.03515341	70.91895
3950	4.28865	-21.7315	26.0201	0.997977	0.00202325	4.03015	0.584003	0.599341	0.555724	0.195341	0.118297	0.0557829	0.00680838	0	3.277731	1.681284	0.002023252	0.9979767	48.00478
3960	4.52164	-21.5645	26.0861	0.4261	0.5739	5.687942	0.590836	0.60289	0.559883	0.194283	0.115981	0.0550873	0.00673868	0	3.211738	1.854985	0.5739003	0.4260997	71.6118
3970	0.985528	-22.0138	22.9993	0.954327	0.0456734	2.821765	0.61057	0.590766	0.559238	0.193411	0.113525	0.0549713	0.00683915	0	6.298552	1.225155	0.04567345	0.9543266	16.79405
3980	3.66813	-21.5766	25.2447	0.287503	0.712497	1.112471	0.608638	0.582322	0.548746	0.195612	0.119183	0.0552662	0.0067999	0	4.053173	1.960666	0.7124975	0.2875025	91.34109
3990	3.7484	-24.2367	27.9851	0.10367	0.89633	5.636026	0.603824	0.583824	0.546078	0.19837	0.117531	0.0548261	0.00673798	0	1.312748	1.808983	0.8963301	0.1036699	64.41443
4000	3.96621	-23.8379	27.8041	0.995884	0.00411554	3.106881	0.597366	0.580757	0.554573	0.196537	0.117442	0.0549615	0.00700369	0	1.493736	1.927777	0.004115539	0.9958845	84.67916
4010	3.92814	-22.6572	26.5853	0.719817	0.280183	1.833859	0.606781	0.576224	0.542775	0.195171	0.118802	0.0554434	0.0068196	0	2.712563	1.785599	0.2801828	0.7198172	61.03782
4020	4.86271	-21.1274	25.9901	0.750508	0.249492	4.800078	0.594876	0.579565	0.55278	0.197824	0.117353	0.0572136	0.00694339	0	3.30772	1.864582	0.249492	0.750508	73.21187
4030	4.79218	-21.6575	26.4497	0.64109	0.35891	5.411725	0.599742	0.585235	0.552964	0.195909	0.118564	0.056127	0.00692622	0	2.848175	1.873854	0.3589097	0.6410903	74.79186
4040	3.11566	-22.964	26.0797	0.247861	0.752139	6.807044	0.602621	0.604573	0.547436	0.195822	0.119383	0.0569673	0.00702671	0	3.218169	1.692824	0.7521388	0.2478612	49.2974
4050	5.32123	-20.7797	26.1009	0.800874	0.199126	4.036285	0.602659	0.603579	0.545675	0.197299	0.118205	0.0545778	0.00704021	0	3.196928	1.995904	0.1991263	0.8008737	99.06123
4060	4.66602	-20.4598	25.1258	0.215216	0.784784	3.171146	0.610793	0.592495	0.539242	0.191194	0.117227	0.0552869	0.00675587	0	4.172056	1.883435	0.7847837	0.2152163	76.46017
4070	4.61575	-20.6688	25.2846	0.444981	0.555019	5.255776	0.585739	0.577015	0.552323	0.195875	0.113704	0.0549739	0.00674573	0	4.013278	1.919807	0.5550193	0.4449807	83.13939
4080	3.30402	-19.467	22.771	0.45369	0.54631	2.513067	0.591884	0.576229	0.540888	0.194808	0.113986	0.0547969	0.00676168	0	6.526861	1.994019	0.5463095	0.4536905	98.63219
4090	4.82391	-20.3486	25.1725	0.412588	0.587412	3.297204	0.591284	0.593235	0.539333	0.195026	0.113468	0.0565481	0.00694499	0	4.125356	1.936692	0.5874122	0.4125878	86.4355
4100	3.7127	-22.4992	26.2119	0.228822	0.771178	6.430821	0.59248	0.597182	0.54817	0.196896	0.117614	0.0554698	0.00693731	0	3.085978	1.747378	0.7711784	0.2288216	55.89569
4110	3.81473	-21.9193	25.734	0.523385	0.476615	1.949229	0.595196	0.598486	0.558575	0.195551	0.113579	0.0572154	0.00695793	0	3.563817	1.644691	0.4766146	0.5233854	44.12568
4120	4.23285	-21.8988	26.1317	0.674966	0.325034	3.441659	0.612074	0.599746	0.557941	0.191313	0.114744	0.0554607	0.00680985	0	3.166207	1.647112	0.3250341	0.6749659	44.37232
4130	4.51445	-20.8355	25.3499	0.878544	0.121456	4.851874	0.609469	0.60245	0.545935	0.189456	0.114772	0.0571245	0.00694615	0	3.94795	1.831462	0.1214559	0.8785441	67.83624
4140	3.61232	-20.4228	24.0351	0.188106	0.811894	2.069217	0.592027	0.599825	0.552558	0.188953	0.113865	0.0553552	0.0070711	0	5.262788	1.75914	0.8118936	0.1881064	57.43009
4150	4.659	-20.4398	25.0988	0.544166	0.455834	2.835585	0.586987	0.60362	0.561366	0.192368	0.114794	0.0554468	0.00680739	0	4.199065	1.939548	0.4558341	0.5441659	87.00574
4160	3.22152	-21.2055	24.427	0.448144	0.551856	1.226714	0.601579	0.581813	0.562928	0.191698	0.113536	0.0557187	0.00677294	0	4.870856	1.726842	0.5518562	0.4481438	53.31406
4170	5.28318	-20.7673	26.0505	0.963316	0.0366841	4.295686	0.602671	0.574955	0.557985	0.193849	0.113523	0.0573043	0.00672724	0	3.247335	1.999821	0.03668405	0.9633159	99.95884
4180	4.83914	-22.5232	27.3623	0.248704	0.751296	5.640522	0.599766	0.586015	0.544872	0.192872	0.117602	0.055846	0.00677282	0	1.93556	1.944894	0.7512956	0.2487044	88.08337
4190	3.861	-21.9941	25.8551	0.531666	0.468334	4.7053	0.606977	0.577004	0.539408	0.191859	0.11756	0.0573052	0.00679144	0	3.442793	1.61426	0.4683337	0.5316663	41.13955
4200	4.3549	-22.5029	26.8578	0.928801	0.0711989	3.175793	0.611991	0.575803	0.543041	0.190949	0.113795	0.0553512	0.00695316	0	2.44011	1.730988	0.07119886	0.9288011	53.82553
4210	4.8406	-21.8721	26.7127	0.922227	0.077773	2.726281	0.602156	0.577691	0.549532	0.195703	0.117269	0.0545294	0.0069165	0	2.585191	1.974276	0.07777297	0.922227	94.24874
4220	4.5171	-23.2943	27.8114	0.581276	0.418724	5.053855	0.596091	0.598082	0.541783	0.192095	0.117853	0.0556466	0.0067371	0	1.486462	1.952911	0.4187236	0.5812764	89.72453
4230	3.60279	-19.319	22.9218	0.736829	0.263171	3.94865	0.606546	0.603721	0.547331	0.189619	0.11464	0.0546514	0.00686456	0	6.376115	1.987852	0.2631707	0.7368293	97.24154
4240	2.18468	-20.6425	22.8272	0.246516	0.753484	1.729348	0.5865	0.584578	0.539071	0.1939	0.116555	0.0558352	0.00681608	0	6.470703	1.502051	0.7534838	0.2465162	31.77249
4250	4.19593	-19.9447	24.1406	0.550805	0.449195	4.821304	0.582847	0.590825	0.539282	0.189331	0.114676	0.055545	0.00681543	0	5.15725	1.948444	0.4491953	0.5508047	88.80633
4260	2.71435	-19.2738	21.9882	0.433349	0.566651	4.56347	0.593061	0.575208	0.551781	0.195315	0.119241	0.0548016	0.00707644	0	7.309714	1.937648	0.5666505	0.4333495	86.62587
4270	5.18487	-21.353	26.5379	0.468381	0.531619	3.543669	0.608048	0.576705	0.552787	0.196083	0.116234	0.0555303	0.0069072	0	2.759965	1.959719	0.5316194	0.4683806	91.14201
4280	4.82116	-21.595	26.4161	0.79996	0.20004	4.009064	0.60954	0.583699	0.563295	0.197457	0.117223	0.0561881	0.00704237	0	2.881722	1.801936	0.20004	0.79996	63.37766
4290	4.11151	-22.1082	26.2197	0.577201	0.422799	2.115149	0.606742	0.59461	0.540739	0.191817	0.114645	0.0568061	0.00700021	0	3.078143	1.731055	0.422799	0.577201	53.83374
4300	4.4768	-22.8521	27.3289	0.697339	0.302661	6.079046	0.609404	0.604364	0.559821	0.189572	0.113478	0.0565916	0.00674019	0	1.968981	1.912846	0.3026611	0.6973389	81.81751
4310	2.43338	-22.2447	24.6781	0.0708703	0.92913	6.10262	0.611978	0.590535	0.542685	0.191238	0.115073	0.0566828	0.00674445	0	4.61976	1.575841	0.9291297	0.07087033	37.6566
4320	2.1746	-23.3714	25.546	0.574957	0.425043	1.560406	0.602782	0.59481	0.544714	0.194497	0.11374	0.0549537	0.00677645	0	3.751835	1.227415	0.425043	0.574957	16.88167
4330	3.90358	-22.9565	26.8601	0.489708	0.510292	1.679084	0.596603	0.603568	0.540413	0.19755	0.115911	0.0547065	0.00672806	0	2.437771	1.911591	0.5102922	0.4897078	81.58135
4340	4.60491	-21.5091	26.114	0.322903	0.677097	4.869405	0.600135	0.599183	0.554225	0.19694	0.116603	0.0561734	0.00704433	0	3.183851	1.769863	0.6770972	0.3229028	58.86584
4350	4.3111	-21.0452	25.3563	0.239062	0.760938	4.689531	0.582698	0.579606	0.545727	0.194514	0.119103	0.0557313	0.00703477	0	3.941544	1.736436	0.7609385	0.2390615	54.50497
4360	4.38714	-20.3545	24.7417	0.110347	0.889653	2.530385	0.583293	0.596175	0.544253	0.190072	0.117602	0.0559619	0.00677063	0	4.556179	1.928309	0.8896527	0.1103473	84.78304
4370	4.89054	-21.9275	26.818	0.64129	0.35871	4.204054	0.602654	0.600617	0.557725	0.191602	0.114309	0.0571151	0.00676192	0	2.479868	1.846878	0.35871	0.64129	70.28754
4380	3.08152	-23.5914	26.6729	0.489491	0.510509	7.589565	0.589974	0.592993	0.54586	0.197037	0.116651	0.0570439	0.00689902	0	2.624991	1.813104	0.5105092	0.4894908	65.02849
4390	5.22129	-21.4385	26.6597	0.812224	0.187776	4.252941	0.593717	0.600432	0.546872	0.190789	0.113571	0.0549572	0.00681512	0	2.638123	1.950567	0.1877764	0.8122236	89.24159
4400	3.52669	-21.2253	24.752	0.281593	0.718407	5.980746	0.582785	0.575483	0.54092	0.189508	0.114041	0.0556494	0.00685313	0	4.545892	1.784442	0.7184068	0.2815932	60.87536
4410	4.62905	-21.7174	26.3464	0.870973	0.129027	5.625207	0.597505	0.577063	0.546515	0.18939	0.113757	0.0564154	0.00685092	0	2.951418	1.866787	0.1290271	0.8709729	73.58461
4420	3.66326	-20.6848	24.3481	0.562646	0.437354	2.521287	0.589216	0.586489	0.537276	0.194057	0.115798	0.0573292	0.00686814	0	4.949764	1.667744	0.4373545	0.5626455	46.5312
4430	2.70521	-23.0523	25.7575	0.86589	0.13411	5.987116	0.602874	0.595724	0.548619	0.195686	0.117368	0.0563613	0.00691457	0	3.540372	1.559776	0.1341098	0.8658902	36.28912
4440	2.72672	-22.85	25.5767	0.986975	0.0130248	0.2712854	0.582258	0.603543	0.551836	0.197684	0.113735	0.0566263	0.0069421	0	3.721171	1.849987	0.01302485	0.9869752	70.79247
4450	2.72876	-22.1398	24.8686	0.307613	0.692387	0.733875	0.594238	0.60459	0.550273	0.19683	0.117844	0.0556025	0.00673389	0	4.429255	1.587372	0.6923867	0.3076133	38.66979
4460	4.35135	-21.5349	25.8862	0.926995	0.0730053	3.156184	0.611726	0.602227	0.538103	0.19647	0.117307	0.0560041	0.00697298	0	3.411638	1.69588	0.07300527	0.9269947	49.64551
4470	2.93976	-24.1536	27.0933	0.488926	0.511074	4.717437	0.612483	0.601946	0.544458	0.192926	0.119422	0.0547936	0.00706996	0	2.204556	1.444887	0.5110741	0.4889259	27.85394
4480	3.7247	-23.1894	26.9141	0.968011	0.0319889	6.860974	0.592483	0.594675	0.559732	0.189328	0.114858	0.0572705	0.00702651	0	2.38373	1.826479	0.03198886	0.9680111	67.06235
4490	3.50435	-21.6107	25.115	0.428129	0.571871	2.862344	0.596908	0.593955	0.547635	0.18968	0.115915	0.0549878	0.00688956	0	4.182857	1.501057	0.5718713	0.4281287	31.69987
4500	4.76285	-22.5132	27.2761	0.973826	0.0261741	5.68118	0.603216	0.594456	0.560018	0.189134	0.114555	0.0559011	0.0070511	0	2.021781	1.927872	0.02617406	0.9738259	84.69771
4510	4.88292	-21.2437	26.1266	0.820195	0.179805	5.224115	0.612136	0.590941	0.559173	0.194539	0.117838	0.0546266	0.00704544	0	3.17122	1.89312	0.1798046	0.8201954	78.18433
4520	4.90662	-22.5976	27.5042	0.560319	0.439681	5.296725	0.611497	0.604204	0.563205	0.18938	0.11932	0.0546761	0.00687213	0	1.793671	1.973982	0.4396809	0.5603191	94.18497
4530	4.45125	-22.6152	27.0664	0.889505	0.110495	6.293382	0.602507	0.598213	0.552762	0.188787	0.117965	0.0573015	0.00683249	0	2.231418	1.910962	0.1104945	0.8895055	81.46321
4540	3.7301	-21.9805	25.7106	0.256008	0.743992	6.077309	0.602801	0.600551	0.560548	0.191573	0.114796	0.0548345	0.0070151	0	3.587266	1.730025	0.7439918	0.2560082	53.7063
4550	3.11767	-20.3766	23.4942	0.895784	0.104216	2.599813	0.590495	0.589187	0.552703	0.194506	0.114048	0.0546543	0.0070056	0	5.803626	1.630441	0.1042164	0.8957836	42.70128
4560	3.57673	-21.1815	24.7582	0.758915	0.241085	2.255963	0.58565	0.589433	0.555913	0.192352	0.114353	0.0550966	0.00707548	0	4.539659	1.600878	0.2410851	0.7589149	39.89125
4570	5.26179	-21.3178	26.5796	0.485053	0.514947	5.30137	0.585338	0.575396	0.555823	0.191006	0.117085	0.0549899	0.00701933	0	2.718252	1.997557	0.5149471	0.4850529	99.43913
4580	3.02141	-24.0998	27.1212	0.859986	0.140014	7.68662	0.594014	0.581144	0.55969	0.197535	0.114248	0.0549844	0.00700476	0	2.17668	1.83568	0.1400137	0.8599863	68.4984
4590	2.48348	-23.0652	25.5486	0.0395746	0.960425	1.943107	0.582879	0.58965	0.558988	0.197586	0.113578	0.0551077	0.00706241	0	3.749231	1.150561	0.9604254	0.03957457	14.14364
4600	3.45301	-20.6083	24.0613	0.955849	0.0441511	6.376025	0.59299	0.590525	0.560352	0.192323	0.116969	0.0555291	0.00674827	0	5.236571	1.988665	0.04415106	0.9558489	97.42389
4610	5.12553	-21.2442	26.3697	0.556269	0.443731	4.084204	0.590621	0.603637	0.54895	0.192209	0.1194	0.054929	0.00679739	0	2.928119	1.909847	0.4437314	0.5562686	81.2545
4620	0.625308	-25.7005	26.3258	0.908886	0.0911137	5.223258	0.588151	0.601536	0.54109	0.198381	0.118673	0.0557902	0.00681309	0	2.972083	1.21547	0.09111368	0.9088863	16.42364
4630	5.00058	-21.6025	26.6031	0.837381	0.162619	4.510772	0.589724	0.596504	0.563709	0.191939	0.113595	0.0555544	0.00674765	0	2.694749	1.882493	0.1626185	0.8373815	76.29448
4640	1.22325	-23.3942	24.6174	0.190754	0.809246	6.068243	0.588087	0.592934	0.552893	0.191592	0.115277	0.0559839	0.00676314	0	4.680428	1.389616	0.8092462	0.1907538	24.52541
4650	5.21238	-21.8456	27.058	0.251629	0.748371	5.093081	0.588769	0.599387	0.561012	0.198188	0.117455	0.0550171	0.00681407	0	2.239908	1.982173	0.7483707	0.2516293	95.97823
4660	4.48381	-21.564	26.0478	0.523921	0.476079	6.549768	0.607159	0.60074	0.555239	0.197452	0.115748	0.0571644	0.00686752	0	3.250053	1.983624	0.4760786	0.5239214	96.29945
4670	4.76377	-21.3738	26.1376	0.194348	0.805652	5.717679	0.612294	0.59379	0.561795	0.192496	0.114218	0.0559988	0.00700407	0	3.160285	1.902719	0.8056517	0.1943483	79.93161
4680	4.29913	-20.557	24.8561	0.842658	0.157342	3.659908	0.596985	0.595818	0.550981	0.192755	0.114019	0.0565008	0.00686493	0	4.441768	1.770774	0.1573415	0.8426585	58.98937
4690	4.76787	-21.6247	26.3926	0.202539	0.797461	6.227235	0.608032	0.58967	0.545971	0.195818	0.115523	0.0558922	0.00677208	0	2.905307	1.976057	0.7974613	0.2025387	94.63606
4700	-0.330462	-18.6043	18.2739	0.572695	0.427305	4.215939	0.602032	0.58529	0.564216	0.191212	0.113598	0.055701	0.00694329	0	11.02398	1.967865	0.4273055	0.5726945	92.86777
4710	4.04326	-19.8968	23.94	0.78616	0.21384	4.347358	0.611002	0.591412	0.552942	0.191886	0.114987	0.0566347	0.00696766	0	5.357817	1.883435	0.2138399	0.7861601	76.46015
4720	3.48915	-19.7128	23.2019	0.592211	0.407789	3.781585	0.594022	0.597331	0.562746	0.189445	0.114429	0.0561678	0.00690704	0	6.095966	1.822351	0.4077888	0.5922112	66.42805
4730	4.18246	-23.2778	27.4603	0.281437	0.718563	5.579294	0.606003	0.598397	0.551212	0.190834	0.117378	0.0561589	0.00698001	0	1.837581	1.776979	0.7185627	0.2814373	59.83823
4740	4.42084	-20.326	24.7468	0.580336	0.419664	4.66956	0.602537	0.590115	0.538063	0.19028	0.117549	0.0554788	0.00690764	0	4.551034	1.875098	0.4196636	0.5803364	75.00629
4750	4.71645	-20.7153	25.4317	0.247564	0.752436	3.055074	0.592078	0.603831	0.537713	0.194722	0.118336	0.0558011	0.0070055	0	3.866151	1.856894	0.7524358	0.2475642	71.92736
4760	4.31651	-22.8575	27.174	0.183089	0.816911	3.686629	0.586455	0.598821	0.544508	0.191655	0.117151	0.0573067	0.00698296	0	2.123896	1.676003	0.8169105	0.1830895	47.42453
4770	2.64759	-25.7464	28.394	0.851799	0.148201	4.959762	0.595694	0.600156	0.536982	0.197898	0.118494	0.0568224	0.00703509	0	0.9038816	1.848312	0.148201	0.851799	70.51999
4780	4.53782	-20.5101	25.0479	0.772159	0.227841	3.279911	0.58794	0.593605	0.537804	0.191837	0.114583	0.0564268	0.00689311	0	4.249932	1.833914	0.227841	0.772159	68.22031
4790	3.26815	-24.7282	27.9964	0.504305	0.495695	4.389406	0.607327	0.591734	0.541844	0.191444	0.11501	0.057074	0.00684002	0	1.301464	1.693008	0.4956951	0.5043049	49.31832
4800	3.94062	-23.6477	27.5883	0.805427	0.194573	7.291232	0.609131	0.589977	0.54023	0.190702	0.116811	0.0552248	0.00696034	0	1.709542	1.985032	0.1945726	0.8054274	96.61225
4810	4.39458	-22.0417	26.4363	0.275876	0.724124	2.587336	0.61136	0.575499	0.560151	0.192469	0.116497	0.0560875	0.00707302	0	2.861561	1.739756	0.7241235	0.2758765	54.92319
4820	4.66705	-20.5866	25.2536	0.022906	0.977094	3.249966	0.606048	0.577517	0.553302	0.193575	0.115315	0.05698	0.00692415	0	4.044245	1.837385	0.977094	0.022906	68.76773
4830	5.00121	-20.8998	25.901	0.657346	0.342654	4.369654	0.600403	0.575109	0.562777	0.189122	0.119134	0.057366	0.00693525	0	3.39683	1.891105	0.3426537	0.6573463	77.8225
4840	2.777	-25.0139	27.7909	0.798023	0.201977	7.25311	0.612197	0.575515	0.562153	0.189544	0.116771	0.0568558	0.00700984	0	1.506998	1.803828	0.2019768	0.7980232	63.65437
4850	4.60114	-20.8339	25.4351	0.724943	0.275057	4.415491	0.607158	0.582043	0.551553	0.19128	0.11777	0.056779	0.00695463	0	3.862795	1.810699	0.275057	0.724943	64.66936
4860	2.97762	-22.8776	25.8552	0.61293	0.38707	5.688126	0.583821	0.598622	0.547838	0.190316	0.117683	0.0567453	0.00688569	0	3.442632	1.552084	0.3870704	0.6129296	35.65202
4870	4.5252	-20.576	25.1012	0.696647	0.303353	4.768057	0.583944	0.581985	0.546219	0.190155	0.116322	0.0558012	0.00689278	0	4.196693	1.861059	0.3033532	0.6966468	72.62049
4880	3.0705	-24.6748	27.7453	0.56764	0.43236	3.064717	0.606469	0.575559	0.544197	0.191109	0.1141	0.0552424	0.00706406	0	1.552578	1.582523	0.4323602	0.5676398	38.24047
4890	4.3969	-21.6182	26.0151	0.473052	0.526948	3.386401	0.588448	0.580963	0.563326	0.190299	0.114076	0.0549032	0.00698974	0	3.282742	1.67933	0.526948	0.473052	47.78924
4900	2.51353	-25.6609	28.1744	0.489511	0.510489	7.407729	0.601639	0.59705	0.557534	0.19316	0.116434	0.0568932	0.00684716	0	1.123415	1.875361	0.510489	0.489511	75.05174
4910	4.66682	-21.3669	26.0337	0.441896	0.558104	2.845183	0.60947	0.601928	0.563955	0.194828	0.117192	0.0570755	0.00678162	0	3.264193	1.82693	0.5581039	0.4418961	67.13207
4920	4.70768	-20.4847	25.1923	0.890323	0.109677	3.905211	0.603798	0.601689	0.5456	0.192854	0.113619	0.0556918	0.00696674	0	4.105529	1.861452	0.1096775	0.8903225	72.68627
4930	2.60892	-25.212	27.821	0.079838	0.920162	3.038262	0.591317	0.599495	0.549342	0.190997	0.114407	0.0566147	0.00704065	0	1.476914	1.354872	0.920162	0.079838	22.63975
4940	3.42713	-20.5646	23.9917	0.145007	0.854993	2.208418	0.59817	0.599699	0.557245	0.18982	0.114102	0.0560904	0.00703504	0	5.306128	1.654837	0.8549931	0.1450069	45.1686
4950	2.71542	-24.7951	27.5105	0.911202	0.0887976	2.554388	0.598845	0.603522	0.558048	0.190004	0.117128	0.0565848	0.00701744	0	1.787343	1.50107	0.08879764	0.9112024	31.70077
4960	4.83251	-22.0019	26.8344	0.183197	0.816803	3.959625	0.612164	0.593369	0.560972	0.194014	0.117012	0.0565341	0.00700544	0	2.463478	1.795406	0.8168033	0.1831967	62.43176
4970	3.27587	-21.7907	25.0666	0.713882	0.286118	4.695631	0.606795	0.602944	0.545547	0.197941	0.119363	0.0570457	0.00703356	0	4.231246	1.547344	0.2861182	0.7138818	35.265
4980	4.72435	-21.655	26.3794	0.97959	0.0204103	3.173516	0.599211	0.592652	0.550913	0.194998	0.117389	0.0554393	0.00700932	0	2.918461	1.811643	0.02041034	0.9795897	64.81013
4990	2.4656	-22.1155	24.5811	0.859955	0.140045	7.670583	0.594355	0.602887	0.560064	0.191407	0.118582	0.0558783	0.00699866	0	4.716765	1.885708	0.1400451	0.8599549	76.86139
5000	4.71284	-19.975	24.6878	0.228256	0.771744	3.427696	0.595656	0.582344	0.557229	0.194321	0.118438	0.0551785	0.00679536	0	4.610024	1.995621	0.771744	0.228256	98.99668
