Iteration	Posterior	Likelihood	Prior	clado_type_probs[1]	clado_type_probs[2]	distance_scale	epoch_times[1]	epoch_times[2]	epoch_times[3]	epoch_times[4]	epoch_times[5]	epoch_times[6]	epoch_times[7]	epoch_times[8]	extirpation_rate	log10_rate_bg	p_allopatry	p_sympatry	rate_bg
0	-62.1831	-100.035	37.8521	0.851649	0.148351	0.01	0.201987	0.118242	0.0571636	0.0473405	0.0411058	0.0184417	0.00344124	0	0.6454321	-2	0.1483508	0.8516492	0.01
10	10.1907	-21.2803	31.471	0.501768	0.498232	0.004364285	0.204957	0.119088	0.0561541	0.0467017	0.0411342	0.0185352	0.00337475	0	7.026539	1.872769	0.4982321	0.5017679	74.60514
20	10.9368	-21.7886	32.7253	0.15478	0.84522	0.01091764	0.195989	0.119805	0.0578608	0.0484216	0.0413347	0.0185322	0.00348331	0	5.772164	1.924437	0.8452202	0.1547798	84.03057
30	10.358	-25.815	36.1729	0.292825	0.707175	0.007142711	0.19729	0.116602	0.0572112	0.0469303	0.0418419	0.0187642	0.00349	0	2.324587	1.703592	0.7071752	0.2928248	50.53502
40	10.7819	-23.0122	33.7941	0.873544	0.126456	0.02639954	0.196106	0.117135	0.0575442	0.0476985	0.0420032	0.0187876	0.00344195	0	4.703398	1.714187	0.126456	0.873544	51.78295
50	10.776	-24.3873	35.1634	0.853453	0.146547	0.2861499	0.198451	0.117444	0.0565277	0.0483977	0.0421985	0.0187023	0.00348909	0	3.334157	1.611297	0.1465473	0.8534527	40.85987
60	11.6694	-24.3938	36.0632	0.643456	0.356544	3.055848	0.196199	0.120027	0.0565927	0.0485568	0.0415098	0.0185807	0.00340409	0	2.434323	1.663111	0.3565443	0.6434557	46.03743
70	12.2293	-20.9326	33.1619	0.769368	0.230632	2.039557	0.195978	0.118083	0.0566316	0.0489325	0.0418516	0.0185477	0.00335444	0	5.335646	1.834825	0.2306315	0.7693685	68.36358
80	11.7501	-25.4996	37.2497	0.075505	0.924495	3.681855	0.201964	0.119163	0.0560443	0.0480959	0.0413667	0.0185695	0.00335943	0	1.24782	1.871719	0.924495	0.07550505	74.42501
90	12.0258	-22.8343	34.8601	0.806227	0.193773	3.998046	0.202992	0.118901	0.0560346	0.0488923	0.042089	0.0185868	0.00341152	0	3.637359	1.769825	0.1937733	0.8062267	58.86063
100	10.7902	-21.0362	31.8265	0.0930816	0.906918	3.78978	0.205747	0.122159	0.0560163	0.0486367	0.0416708	0.0185589	0.00343487	0	6.671024	1.752195	0.9069184	0.09308158	56.51904
110	11.0684	-19.8561	30.9244	0.574105	0.425895	2.825623	0.202281	0.11851	0.0571829	0.0486136	0.0408439	0.0184781	0.00341726	0	7.573062	1.884801	0.4258954	0.5741046	76.70095
120	12.2275	-20.6429	32.8705	0.652226	0.347774	2.185468	0.197783	0.119423	0.0575782	0.0473595	0.0405966	0.0186729	0.00345371	0	5.627056	1.85821	0.3477741	0.6522259	72.14561
130	11.0462	-21.8019	32.8481	0.943577	0.0564231	3.816348	0.197191	0.121761	0.0577509	0.0475205	0.0421543	0.0184029	0.00337802	0	5.649429	1.731627	0.05642312	0.9435769	53.90474
140	12.35	-20.9875	33.3375	0.983717	0.0162829	4.13408	0.196428	0.120962	0.0584431	0.0469537	0.0418909	0.0179822	0.00336408	0	5.160027	1.935194	0.01628288	0.9837171	86.13794
150	13.0136	-21.4814	34.495	0.249829	0.750171	2.037696	0.199312	0.122551	0.0576637	0.0473722	0.040934	0.01801	0.00342381	0	4.002482	1.886776	0.7501714	0.2498286	77.05066
160	11.456	-22.9051	34.3611	0.0270852	0.972915	3.299608	0.200401	0.120179	0.0560605	0.0473349	0.0419159	0.018708	0.00343134	0	4.136441	1.58223	0.9729148	0.02708522	38.21464
170	12.9207	-23.8076	36.7284	0.445448	0.554552	3.820988	0.202306	0.121297	0.0564677	0.0474384	0.0417671	0.0187124	0.00348605	0	1.769151	1.97211	0.5545522	0.4454478	93.77985
180	11.9025	-21.4484	33.3509	0.896797	0.103203	2.687571	0.201025	0.122574	0.0574182	0.0488968	0.0415592	0.0185362	0.00348527	0	5.146635	1.732502	0.1032031	0.8967969	54.0134
190	13.4072	-21.6595	35.0666	0.747222	0.252778	2.883268	0.197147	0.119225	0.0584505	0.047562	0.0405947	0.0182809	0.00341264	0	3.430878	1.945706	0.2527776	0.7472224	88.2483
200	13.0298	-22.1708	35.2006	0.258217	0.741783	2.602469	0.198434	0.11804	0.0586093	0.0470675	0.0412965	0.01812	0.0034209	0	3.296877	1.824779	0.7417834	0.2582166	66.80039
210	11.6807	-24.2176	35.8982	0.267939	0.732061	4.369778	0.201829	0.117649	0.0580457	0.0468478	0.0406537	0.0182228	0.00339056	0	2.599291	1.746612	0.7320611	0.2679389	55.79721
220	12.337	-20.9686	33.3056	0.190278	0.809722	2.032471	0.19841	0.121015	0.0571586	0.0481046	0.0403479	0.0186678	0.00337366	0	5.191928	1.816405	0.809722	0.190278	65.52476
230	11.5417	-21.248	32.7898	0.242515	0.757485	2.140575	0.200094	0.119924	0.056018	0.0468339	0.0408683	0.0185124	0.00335213	0	5.707732	1.682945	0.7574853	0.2425147	48.18866
240	11.8645	-20.0078	31.8722	0.0945307	0.905469	1.850631	0.196113	0.120235	0.0559294	0.0471484	0.0401801	0.0182562	0.00340138	0	6.625278	1.955367	0.9054693	0.0945307	90.23329
250	10.8309	-20.0809	30.9118	0.723614	0.276386	0.9718149	0.197116	0.118677	0.0575709	0.0484482	0.0416243	0.018354	0.00339432	0	7.585707	1.992406	0.2763857	0.7236143	98.26651
260	12.8826	-20.6348	33.5174	0.718464	0.281536	2.698917	0.198946	0.119101	0.057982	0.0480717	0.0416631	0.0180836	0.00337001	0	4.980105	1.943179	0.2815362	0.7184638	87.73629
270	12.7674	-21.9946	34.762	0.353887	0.646113	2.310736	0.2039	0.119781	0.0566921	0.0481303	0.0413016	0.0180216	0.00336553	0	3.735481	1.792758	0.6461135	0.3538865	62.05227
280	10.9351	-22.5256	33.4607	0.935434	0.0645661	3.500514	0.203119	0.120328	0.0576276	0.0468118	0.0408188	0.0183386	0.00337099	0	5.036775	1.648953	0.06456612	0.9354339	44.56082
290	9.84056	-23.4662	33.3068	0.814914	0.185086	6.056843	0.202869	0.11672	0.057404	0.0469316	0.0407708	0.0181268	0.00340074	0	5.190752	1.84702	0.1850861	0.8149139	70.31053
300	13.0206	-22.6246	35.6452	0.104757	0.895243	3.359601	0.204961	0.116922	0.0576939	0.0467932	0.0420502	0.018196	0.00335013	0	2.852309	1.833876	0.8952433	0.1047567	68.21438
310	11.0109	-24.5116	35.5225	0.273507	0.726493	3.482949	0.205263	0.118046	0.0586986	0.0468966	0.0409415	0.0183302	0.00338162	0	2.975053	1.559026	0.7264934	0.2735066	36.22646
320	11.9457	-21.2407	33.1863	0.374979	0.625021	2.131174	0.204779	0.117246	0.0577576	0.0486509	0.0416926	0.01872	0.00339197	0	5.311162	1.732539	0.6250215	0.3749785	54.01808
330	12.8422	-23.568	36.4102	0.728328	0.271672	3.53237	0.199234	0.117732	0.0574332	0.0489493	0.0417911	0.0181573	0.0034506	0	2.087272	1.909224	0.2716715	0.7283285	81.13804
340	10.9086	-23.0516	33.9603	0.433562	0.566438	5.459947	0.197344	0.117557	0.0564875	0.0483382	0.0421729	0.0183184	0.00346659	0	4.537227	1.828923	0.5664377	0.4335623	67.44081
350	12.8798	-21.2569	34.1367	0.193016	0.806984	4.02021	0.202223	0.119572	0.057367	0.0468722	0.042187	0.0183956	0.00348195	0	4.36078	1.920628	0.8069838	0.1930162	83.29666
360	11.9334	-20.6021	32.5355	0.789842	0.210158	3.381631	0.197384	0.120223	0.0561582	0.0481023	0.0420678	0.0180641	0.00340261	0	5.96203	1.868264	0.2101583	0.7898417	73.83537
370	11.4947	-21.7779	33.2726	0.820814	0.179186	4.874131	0.198119	0.116896	0.0560562	0.0472512	0.0405761	0.0181372	0.0034713	0	5.224904	1.883649	0.1791864	0.8208136	76.49776
380	9.68705	-24.4676	34.1546	0.364493	0.635507	5.684448	0.202727	0.120489	0.056162	0.0466612	0.0406755	0.0184541	0.0033815	0	4.342895	1.721439	0.635507	0.364493	52.65498
390	11.4453	-22.717	34.1623	0.02938	0.97062	3.899272	0.202902	0.122258	0.0570669	0.0474286	0.0422344	0.0182805	0.00334788	0	4.335232	1.665675	0.97062	0.02937996	46.30998
400	11.9433	-19.9947	31.938	0.863908	0.136092	1.877795	0.198001	0.122325	0.0570746	0.0476539	0.0421472	0.0180134	0.00337433	0	6.559531	1.987707	0.1360925	0.8639075	97.20904
410	10.3662	-20.4734	30.8395	0.252687	0.747313	3.293509	0.204134	0.1223	0.0568031	0.0477379	0.0415578	0.0184486	0.0033693	0	7.657981	1.764842	0.747313	0.252687	58.18909
420	12.7232	-22.3874	35.1106	0.0884004	0.9116	1.183955	0.204767	0.120124	0.0569667	0.0476702	0.040636	0.018783	0.00347885	0	3.386919	1.927343	0.9115996	0.08840039	84.59475
430	12.7265	-21.249	33.9755	0.274273	0.725727	2.118378	0.20185	0.121948	0.0565962	0.0467058	0.0415718	0.0185342	0.00340955	0	4.522056	1.842794	0.7257274	0.2742726	69.62964
440	12.444	-23.5978	36.0418	0.509475	0.490525	3.846094	0.202917	0.116657	0.0561204	0.0466667	0.041485	0.0187064	0.00338472	0	2.455683	1.822234	0.490525	0.509475	66.41008
450	12.0813	-23.4208	35.5021	0.326669	0.673331	5.897992	0.20303	0.117621	0.0580576	0.048756	0.0422385	0.0184092	0.00350258	0	2.995375	1.983142	0.6733313	0.3266687	96.19267
460	12.8282	-23.6941	36.5223	0.415575	0.584425	3.487591	0.203836	0.119805	0.0580322	0.0483762	0.0416473	0.0186397	0.00350434	0	1.975163	1.892771	0.5844252	0.4155748	78.12156
470	11.7952	-21.2484	33.0436	0.929121	0.0708791	0.9423577	0.202978	0.119471	0.0581933	0.0481139	0.0419994	0.0183783	0.00340553	0	5.453952	1.881114	0.07087909	0.9291209	76.05261
480	10.6784	-21.3508	32.0292	0.0253494	0.974651	2.881205	0.195999	0.119718	0.0569999	0.0470959	0.0416884	0.0187822	0.00334721	0	6.468268	1.620514	0.9746506	0.02534936	41.7363
490	9.68377	-22.2296	31.9134	0.537232	0.462768	4.479585	0.19698	0.119352	0.0568976	0.0484564	0.041969	0.017966	0.00335225	0	6.584132	1.694254	0.462768	0.537232	49.46002
500	12.2736	-20.1894	32.463	0.468003	0.531997	3.586224	0.204743	0.122028	0.0569371	0.0470787	0.0418315	0.0180787	0.00337075	0	6.03454	1.968295	0.5319971	0.4680029	92.9597
510	11.34	-19.9575	31.2975	0.194493	0.805507	2.600868	0.205725	0.117424	0.057049	0.0470057	0.0409689	0.0179749	0.00339223	0	7.199992	1.873744	0.8055069	0.1944931	74.77285
520	12.7868	-22.0498	34.8366	0.67147	0.32853	1.452236	0.201676	0.120063	0.0559464	0.0488875	0.0416015	0.0185615	0.00338047	0	3.660901	1.9221	0.3285304	0.6714696	83.57953
530	12.6788	-22.924	35.6028	0.95507	0.0449301	1.835139	0.199311	0.117579	0.0561556	0.0489496	0.0403262	0.018654	0.00339187	0	2.894687	1.8504	0.0449301	0.9550699	70.85986
540	12.5621	-21.411	33.973	0.210539	0.789461	2.326729	0.205649	0.120308	0.056563	0.0474214	0.0408016	0.0187916	0.00344739	0	4.52447	1.778712	0.7894612	0.2105388	60.07749
550	11.8917	-22.0246	33.9162	0.670583	0.329417	0.8789783	0.20564	0.122121	0.0583431	0.047702	0.0417945	0.0184067	0.00339227	0	4.581268	1.807861	0.3294166	0.6705834	64.24823
560	11.3367	-22.1881	33.5248	0.724693	0.275307	3.836254	0.202828	0.121266	0.0575776	0.0472679	0.0421764	0.0184466	0.00345265	0	4.972693	1.716676	0.2753075	0.7246925	52.08057
570	11.7375	-24.2437	35.9812	0.773164	0.226836	1.592114	0.204288	0.117674	0.0579017	0.0471733	0.0414936	0.0186566	0.00348385	0	2.516335	1.675315	0.2268357	0.7731643	47.34947
580	11.7451	-23.7236	35.4687	0.667653	0.332347	6.104545	0.203663	0.12249	0.0580412	0.0483872	0.040617	0.0186774	0.00350873	0	3.028812	1.983348	0.3323473	0.6676527	96.23837
590	12.3803	-23.3337	35.714	0.00244138	0.997559	4.337447	0.199973	0.120244	0.0569619	0.0479641	0.0404688	0.0186888	0.00345805	0	2.783522	1.797944	0.9975586	0.002441378	62.7978
600	12.3778	-20.6852	33.063	0.0492312	0.950769	2.804166	0.200188	0.118775	0.056556	0.0488426	0.0406897	0.0185605	0.00348969	0	5.434499	1.831784	0.9507688	0.04923122	67.88651
610	12.349	-23.2725	35.6215	0.830876	0.169124	1.660731	0.200951	0.122332	0.0571154	0.0480619	0.0418633	0.0186367	0.0033939	0	2.875995	1.781442	0.1691243	0.8308757	60.45635
620	9.03793	-21.1141	30.152	0.121659	0.878341	2.972968	0.196891	0.121469	0.0576174	0.0489639	0.0417475	0.0185776	0.00339473	0	8.345458	1.578613	0.8783408	0.1216592	37.89768
630	11.9169	-23.5129	35.4298	0.569182	0.430818	1.329485	0.201699	0.120338	0.0568898	0.0485369	0.0422156	0.0187748	0.00341037	0	3.067709	1.673884	0.4308181	0.5691819	47.19374
640	12.4693	-23.1104	35.5798	0.318676	0.681324	1.414647	0.205664	0.118139	0.0572691	0.0478051	0.0413951	0.0183265	0.00339057	0	2.917725	1.805536	0.6813242	0.3186758	63.90517
650	9.61043	-22.8954	32.5059	0.242346	0.757654	1.734408	0.204932	0.119918	0.0570649	0.047034	0.0409007	0.0185187	0.00342015	0	5.99164	1.343034	0.7576536	0.2423464	22.03099
660	11.6415	-20.175	31.8165	0.772448	0.227552	2.22348	0.203532	0.119304	0.0577385	0.0472019	0.0414448	0.0183029	0.00336589	0	6.680962	1.880333	0.2275517	0.7724483	75.91587
670	12.2733	-23.7489	36.0222	0.114587	0.885413	3.375585	0.199594	0.117903	0.0566321	0.0474971	0.0413002	0.0183423	0.00336078	0	2.475262	1.715643	0.8854129	0.1145871	51.95687
680	12.8723	-22.7171	35.5894	0.658552	0.341448	2.436353	0.20544	0.117833	0.0582908	0.0468887	0.0405761	0.0187105	0.00346517	0	2.908152	1.825976	0.3414481	0.6585519	66.98478
690	12.6098	-22.2158	34.8256	0.457695	0.542305	2.401764	0.198387	0.117174	0.0579576	0.0475467	0.0414056	0.018543	0.00341174	0	3.67192	1.755461	0.542305	0.457695	56.94574
700	12.8316	-22.9721	35.8037	0.277104	0.722896	4.902731	0.202158	0.117543	0.057767	0.0471147	0.0410839	0.0181011	0.0033825	0	2.693855	1.968185	0.7228963	0.2771037	92.93616
710	12.0559	-23.3542	35.4102	0.981752	0.0182482	5.061204	0.198615	0.122223	0.0583775	0.0472889	0.0421669	0.0180702	0.00336881	0	3.087348	1.900276	0.01824822	0.9817518	79.48327
720	10.8673	-25.3809	36.2482	0.875126	0.124874	2.343524	0.205867	0.119296	0.057866	0.0474578	0.0409461	0.0179223	0.00339501	0	2.24932	1.57829	0.124874	0.875126	37.86954
730	12.9799	-23.7815	36.7613	0.609624	0.390376	3.485921	0.203875	0.119215	0.0569041	0.0468064	0.0418264	0.018712	0.00340907	0	1.73616	1.999586	0.390376	0.609624	99.90475
740	13.3908	-21.642	35.0329	0.780316	0.219684	2.892876	0.205358	0.120502	0.0580192	0.0471746	0.0405778	0.0183939	0.00342905	0	3.464655	1.942494	0.2196836	0.7803164	87.59796
750	13.032	-21.2902	34.3222	0.19128	0.80872	1.70047	0.203645	0.119613	0.0577157	0.0468692	0.0404964	0.0180022	0.00346124	0	4.175346	1.963505	0.8087202	0.1912798	91.94007
760	12.8241	-21.6232	34.4473	0.0846972	0.915303	1.282441	0.204277	0.119692	0.0585795	0.0479427	0.041703	0.0179724	0.00337085	0	4.050199	1.985937	0.9153028	0.08469717	96.81371
770	12.9428	-20.5635	33.5063	0.143629	0.856371	2.633669	0.201185	0.119755	0.0581562	0.0486845	0.0408071	0.0181413	0.00341848	0	4.991185	1.938942	0.8563711	0.1436289	86.88446
780	11.4963	-21.3424	32.8387	0.994866	0.00513419	2.268832	0.206042	0.121734	0.0567774	0.0478814	0.0415311	0.0184242	0.00348092	0	5.658804	1.696855	0.005134194	0.9948658	49.75705
790	11.5309	-20.1333	31.6642	0.449693	0.550307	3.625259	0.206134	0.12223	0.0586407	0.0470712	0.0419789	0.018405	0.0034416	0	6.833278	1.916609	0.5503074	0.4496926	82.52944
800	11.6902	-20.3041	31.9943	0.735751	0.264249	1.948387	0.203415	0.11935	0.056486	0.0467047	0.041596	0.0181399	0.00335995	0	6.503243	1.875608	0.2642494	0.7357506	75.09456
810	11.7355	-20.4762	32.2116	0.993743	0.00625651	2.073861	0.202411	0.118945	0.0577675	0.0482365	0.0412732	0.0184427	0.00345145	0	6.285879	1.839019	0.006256508	0.9937435	69.02695
820	11.848	-25.3678	37.2159	0.978593	0.0214072	3.886966	0.201829	0.117401	0.0571806	0.0486803	0.0401973	0.0184136	0.00339368	0	1.281624	1.991116	0.02140719	0.9785928	97.97516
830	12.306	-23.403	35.709	0.396538	0.603462	4.047659	0.203802	0.119559	0.0568807	0.0483156	0.0404095	0.0181508	0.0033855	0	2.788496	1.797763	0.6034621	0.3965379	62.77153
840	10.9732	-22.8051	33.7783	0.0477157	0.952284	1.715813	0.204844	0.116484	0.0563585	0.0488857	0.0416901	0.0181972	0.00340459	0	4.719227	1.428627	0.9522843	0.04771571	26.83037
850	12.7146	-20.9996	33.7142	0.0234827	0.976517	3.53593	0.204491	0.119464	0.05844	0.0487113	0.0417587	0.0181718	0.00336017	0	4.783326	1.879229	0.9765173	0.02348267	75.72318
860	12.1127	-22.3167	34.4294	0.266497	0.733503	5.150225	0.204193	0.11736	0.0582186	0.0474385	0.0420882	0.0179999	0.00339889	0	4.068138	1.922209	0.7335028	0.2664972	83.60047
870	11.5425	-22.2637	33.8062	0.607724	0.392276	2.317868	0.196944	0.117543	0.0571774	0.0475266	0.0413064	0.018201	0.00338525	0	4.691259	1.617114	0.3922761	0.6077239	41.41085
880	12.1134	-21.2365	33.35	0.918071	0.0819288	3.8678	0.199354	0.121495	0.0566569	0.0479145	0.0415004	0.0179532	0.00344842	0	5.147517	1.857379	0.08192876	0.9180712	72.00779
890	13.2452	-22.9058	36.1511	0.990866	0.00913379	3.511907	0.198513	0.121089	0.0560415	0.0473678	0.0420353	0.0181508	0.00348242	0	2.346455	1.962952	0.009133788	0.9908662	91.82302
900	12.9691	-23.7012	36.6703	0.462674	0.537326	2.901807	0.200903	0.122301	0.0559608	0.0481612	0.0414408	0.0178945	0.00340734	0	1.827235	1.970276	0.5373261	0.4626739	93.38467
910	11.7429	-22.2999	34.0428	0.182354	0.817646	4.340705	0.199134	0.116849	0.0566802	0.0484035	0.0413742	0.0181835	0.00346029	0	4.454736	1.773298	0.8176461	0.1823539	59.33317
920	12.87	-22.9065	35.7765	0.935976	0.0640241	3.250168	0.199964	0.118457	0.0569728	0.0469046	0.04048	0.0182817	0.00351446	0	2.721006	1.856247	0.06402413	0.9359759	71.8202
930	10.436	-22.8105	33.2466	0.275612	0.724388	3.760057	0.196802	0.117641	0.058442	0.0471611	0.0408399	0.0181778	0.00342724	0	5.250944	1.590347	0.7243883	0.2756117	38.93558
940	11.1986	-25.41	36.6085	0.0504424	0.949558	3.322943	0.19916	0.116532	0.0587126	0.0469405	0.0406013	0.0186793	0.00348398	0	1.888973	1.594545	0.9495576	0.05044241	39.31381
950	12.7429	-22.2741	35.0169	0.220546	0.779454	3.885194	0.201139	0.117076	0.0578588	0.0466283	0.0410474	0.0183987	0.00351605	0	3.480569	1.833082	0.7794544	0.2205456	68.08975
960	13.188	-20.4178	33.6058	0.136382	0.863618	2.655741	0.198436	0.119704	0.0559083	0.0479625	0.0405061	0.0182908	0.00348905	0	4.891733	1.996938	0.8636183	0.1363817	99.29734
970	13.3278	-21.7403	35.0681	0.0611758	0.938824	3.989874	0.196314	0.117494	0.0559659	0.0485965	0.0420549	0.0186023	0.00337536	0	3.429374	1.940668	0.9388242	0.06117579	87.23047
980	11.895	-22.3176	34.2126	0.390117	0.609883	3.390067	0.199686	0.116465	0.0580141	0.0479762	0.0421078	0.0187298	0.00334748	0	4.284884	1.70165	0.6098832	0.3901168	50.30951
990	12.0496	-20.6156	32.6652	0.399652	0.600348	3.932983	0.199994	0.120025	0.0583948	0.0476148	0.041076	0.0187597	0.00340625	0	5.832308	1.91524	0.6003482	0.3996518	82.26972
1000	11.6049	-23.9313	35.5361	0.0696677	0.930332	0.6813977	0.204023	0.117602	0.0574456	0.0478178	0.0415639	0.0181268	0.00336835	0	2.961376	1.636875	0.9303323	0.06966771	43.33861
1010	10.5322	-22.984	33.5161	0.989895	0.0101047	4.468806	0.206106	0.118921	0.0564292	0.0488464	0.0418572	0.0186932	0.00344478	0	4.981363	1.69212	0.01010468	0.9898953	49.21759
1020	12.7365	-20.475	33.2115	0.63569	0.36431	1.975636	0.205234	0.118925	0.0561606	0.0475785	0.0414349	0.0184567	0.00349063	0	5.286032	1.984321	0.3643104	0.6356896	96.45418
1030	13.3743	-20.761	34.1353	0.0708916	0.929108	2.392407	0.205088	0.12121	0.0569503	0.0480218	0.0414823	0.0181539	0.00348382	0	4.362249	1.996873	0.9291084	0.07089165	99.28265
1040	12.9141	-21.4325	34.3466	0.958975	0.0410255	2.574138	0.20532	0.122273	0.0560512	0.0471037	0.0411544	0.0179695	0.00334881	0	4.150934	1.878549	0.04102547	0.9589745	75.60468
1050	11.9236	-25.4574	37.381	0.0211744	0.978826	3.595436	0.2017	0.120838	0.0567273	0.0465917	0.0405555	0.0184508	0.00345215	0	1.116516	1.963892	0.9788256	0.02117443	92.02203
1060	12.9281	-20.9162	33.8444	0.415459	0.584541	2.529647	0.199343	0.119491	0.0561577	0.0479633	0.041246	0.018615	0.00337051	0	4.653134	1.906965	0.5845405	0.4154595	80.71705
1070	12.1436	-21.6399	33.7835	0.351482	0.648518	3.100603	0.203586	0.122505	0.0570043	0.047511	0.0414872	0.0180444	0.0034105	0	4.713992	1.746985	0.6485182	0.3514818	55.84503
1080	12.8868	-22.1984	35.0853	0.590595	0.409405	3.519601	0.204307	0.120832	0.0559347	0.0475684	0.041168	0.0186463	0.0034156	0	3.412235	1.850779	0.4094046	0.5905954	70.92175
1090	11.4812	-20.5405	32.0216	0.506301	0.493699	1.242864	0.204042	0.118979	0.0578767	0.0488499	0.0403451	0.0187215	0.00338221	0	6.475872	1.882926	0.4936989	0.5063011	76.37058
1100	13.4904	-22.2286	35.719	0.75135	0.24865	3.870632	0.204283	0.117551	0.0578183	0.0472092	0.0419522	0.0185088	0.00342637	0	2.778518	1.993297	0.2486499	0.7513501	98.46832
1110	12.6798	-20.5802	33.26	0.816442	0.183558	1.834069	0.203721	0.117628	0.0570495	0.0467012	0.0418419	0.0187632	0.00335407	0	5.237496	1.990632	0.1835575	0.8164425	97.86606
1120	12.8125	-21.6034	34.4159	0.338742	0.661258	4.249706	0.199483	0.11991	0.0574001	0.0466747	0.0411959	0.0187371	0.00337504	0	4.081588	1.92539	0.6612577	0.3387423	84.2152
1130	11.3382	-22.3918	33.73	0.0980429	0.901957	2.812719	0.199023	0.118828	0.0562498	0.0473744	0.0415667	0.0186114	0.0033442	0	4.767496	1.572009	0.9019571	0.09804286	37.32579
1140	12.3708	-20.9192	33.29	0.340065	0.659935	2.906796	0.198162	0.119889	0.0567233	0.0466092	0.0418646	0.0187323	0.00342042	0	5.207515	1.828148	0.6599353	0.3400647	67.32061
1150	11.5528	-19.6757	31.2285	0.779093	0.220907	2.239998	0.197687	0.121674	0.0580386	0.0465986	0.0421436	0.0183821	0.00341773	0	7.269049	1.978245	0.2209073	0.7790927	95.11407
1160	11.7178	-22.9821	34.6999	0.224156	0.775844	0.8662562	0.202298	0.118713	0.0583395	0.0465813	0.0421738	0.0185433	0.00342724	0	3.79761	1.640566	0.7758439	0.2241561	43.70848
1170	12.0115	-20.969	32.9805	0.0503789	0.949621	4.919513	0.19669	0.117792	0.0576003	0.0473541	0.0415142	0.0185684	0.00342768	0	5.517053	1.984643	0.9496211	0.05037889	96.5258
1180	10.9779	-21.3002	32.2782	0.0908004	0.9092	0.5404999	0.197074	0.117634	0.0573775	0.0482711	0.0405075	0.0186405	0.00339756	0	6.21934	1.777554	0.9091996	0.09080044	59.91751
1190	13.1361	-21.77	34.906	0.256792	0.743208	3.122122	0.199022	0.118576	0.0578993	0.0467296	0.0418139	0.0187926	0.00335665	0	3.591475	1.868179	0.7432078	0.2567922	73.82091
1200	11.2088	-25.0021	36.2109	0.0445727	0.955427	4.503211	0.196115	0.121378	0.058581	0.0473709	0.0420397	0.018713	0.00335242	0	2.286613	1.688136	0.9554273	0.04457266	48.76806
1210	11.9733	-23.7971	35.7703	0.544654	0.455346	3.980997	0.202245	0.119616	0.0569529	0.0472861	0.0405585	0.0183729	0.00338394	0	2.727173	1.759701	0.4553462	0.5446538	57.50441
1220	12.6061	-20.2969	32.9031	0.985517	0.0144827	3.435768	0.19613	0.120884	0.0570322	0.0470053	0.0401725	0.0185629	0.00350869	0	5.594448	1.970891	0.01448274	0.9855173	93.51706
1230	12.5013	-22.5915	35.0928	0.856232	0.143768	2.302535	0.198469	0.11752	0.0562819	0.0477914	0.0414233	0.0183415	0.00341241	0	3.404726	1.75753	0.1437676	0.8562324	57.21769
1240	11.7236	-19.7438	31.4673	0.70781	0.29219	2.986243	0.201304	0.120228	0.0576113	0.0484718	0.0419446	0.0187155	0.00334989	0	7.030171	1.972987	0.2921905	0.7078095	93.96962
1250	12.2534	-24.021	36.2744	0.80404	0.19596	4.92896	0.196062	0.122067	0.058065	0.0483069	0.0419378	0.0187743	0.00337901	0	2.223135	1.931293	0.1959599	0.8040401	85.36759
1260	11.2667	-20.6125	31.8792	0.931732	0.0682676	4.080157	0.199978	0.119623	0.0573812	0.0481642	0.0422354	0.0182109	0.00340406	0	6.618287	1.888302	0.06826763	0.9317324	77.32172
1270	13.6143	-22.5336	36.1479	0.0586219	0.941378	3.867528	0.201551	0.121455	0.0578113	0.0466629	0.0420166	0.0183977	0.00349748	0	2.349634	1.997728	0.9413781	0.05862186	99.47821
1280	11.9004	-24.5397	36.4401	0.812182	0.187818	3.877782	0.20378	0.122039	0.0567263	0.0471535	0.0417452	0.018335	0.00345686	0	2.057404	1.80406	0.1878178	0.8121822	63.6884
1290	12.4869	-22.7487	35.2356	0.423357	0.576643	1.336047	0.198809	0.120273	0.0561999	0.0465431	0.0411002	0.0184606	0.00343491	0	3.261906	1.821783	0.5766433	0.4233567	66.34114
1300	12.4314	-23.3291	35.7605	0.111949	0.888051	4.01408	0.200467	0.121519	0.0562984	0.0477747	0.0413472	0.0187588	0.00351285	0	2.73701	1.777287	0.8880507	0.1119493	59.88066
1310	12.799	-21.072	33.871	0.921939	0.0780615	1.595415	0.204389	0.117962	0.0561689	0.0466865	0.0415279	0.0181365	0.00346025	0	4.626496	1.977608	0.07806146	0.9219385	94.9747
1320	12.3958	-21.0935	33.4893	0.96576	0.0342405	3.31532	0.204177	0.119092	0.0576692	0.0473476	0.0419716	0.0184844	0.00350104	0	5.008223	1.847922	0.03424046	0.9657595	70.45659
1330	8.05327	-21.2925	29.3458	0.383295	0.616705	3.227278	0.204097	0.116562	0.0564302	0.0484284	0.0413511	0.0187561	0.00351501	0	9.151699	1.555499	0.6167054	0.3832946	35.93343
1340	13.3196	-23.0158	36.3354	0.407281	0.592719	3.64419	0.199637	0.122133	0.0570396	0.0477281	0.0401838	0.0183392	0.00340754	0	2.162139	1.979251	0.5927191	0.4072809	95.33464
1350	13.2667	-22.5783	35.845	0.67631	0.32369	3.334313	0.199791	0.121155	0.0572998	0.0469691	0.0418864	0.0178816	0.0034457	0	2.652529	1.927757	0.32369	0.67631	84.67541
1360	13.2025	-21.1725	34.375	0.654873	0.345127	3.744063	0.19747	0.12145	0.0586061	0.0472352	0.0421035	0.0180071	0.00338926	0	4.122506	1.966094	0.3451266	0.6548734	92.48993
1370	10.684	-19.7185	30.4025	0.439181	0.560819	1.544581	0.197123	0.119851	0.0583044	0.0470911	0.042074	0.0182985	0.00337165	0	8.094985	1.943232	0.5608188	0.4391812	87.7469
1380	13.1562	-22.2577	35.4139	0.946235	0.0537647	4.185972	0.19691	0.119766	0.0573528	0.046974	0.0416201	0.0184886	0.00335716	0	3.083612	1.963982	0.0537647	0.9462353	92.04123
1390	11.8245	-21.6726	33.4971	0.201481	0.798519	2.195382	0.199381	0.117748	0.0560572	0.0483273	0.041751	0.0187168	0.00336943	0	5.000398	1.656401	0.7985193	0.2014807	45.33161
1400	12.8931	-22.3689	35.2621	0.326807	0.673193	1.318099	0.201162	0.118331	0.0566752	0.0479596	0.0416739	0.018733	0.00336681	0	3.235441	1.994532	0.6731933	0.3268067	98.74879
1410	11.1514	-25.0471	36.1984	0.426996	0.573004	3.91222	0.201228	0.117034	0.0567604	0.0470544	0.0421574	0.0183692	0.00341962	0	2.299096	1.658015	0.5730044	0.4269956	45.50038
1420	13.3262	-22.0699	35.3961	0.23395	0.76605	3.703113	0.200018	0.119161	0.0577834	0.0485614	0.04113	0.0182808	0.00348249	0	3.101412	1.91568	0.7660503	0.2339497	82.35315
1430	11.8532	-20.1394	31.9926	0.766652	0.233348	1.619916	0.197521	0.117301	0.0573641	0.0479453	0.0410508	0.018305	0.00340515	0	6.504909	1.974198	0.2333483	0.7666517	94.23199
1440	12.4724	-23.7143	36.1867	0.0337948	0.966205	3.484951	0.198477	0.11787	0.0567232	0.0479899	0.0409671	0.01836	0.00339126	0	2.310812	1.752855	0.9662052	0.03379483	56.60499
1450	13.1221	-21.1111	34.2333	0.781762	0.218238	2.231976	0.198666	0.119802	0.0569889	0.0471248	0.0403387	0.0185035	0.00340082	0	4.264237	1.951308	0.2182383	0.7817617	89.39396
1460	13.6365	-21.5466	35.1831	0.104133	0.895867	2.509939	0.205579	0.117357	0.05634	0.0474868	0.0402895	0.0183411	0.00343303	0	3.314388	1.99095	0.8958665	0.1041335	97.93781
1470	11.9464	-22.5235	34.4699	0.938906	0.061094	3.679652	0.204671	0.116851	0.056263	0.0488368	0.0404494	0.0184434	0.00337838	0	4.027584	1.749764	0.06109402	0.938906	56.20363
1480	12.0114	-21.973	33.9844	0.540914	0.459086	3.888497	0.203672	0.118705	0.0575505	0.0476232	0.0405489	0.0186093	0.00336952	0	4.513156	1.789972	0.459086	0.540914	61.65548
1490	10.9112	-19.7215	30.6327	0.731267	0.268733	2.522242	0.199524	0.119986	0.0569803	0.0468439	0.041127	0.018614	0.00335818	0	7.86482	1.903182	0.2687328	0.7312672	80.01701
1500	12.425	-20.5302	32.9552	0.0505787	0.949421	3.501032	0.197894	0.118692	0.0583749	0.0480485	0.0403484	0.0179536	0.00339408	0	5.542323	1.908737	0.9494213	0.0505787	81.047
1510	13.0942	-22.0412	35.1354	0.336827	0.663173	1.946001	0.203941	0.121576	0.0574419	0.0484059	0.040803	0.0178898	0.00351336	0	3.362078	1.893106	0.6631731	0.3368269	78.18193
1520	12.4201	-21.4934	33.9135	0.552362	0.447638	1.432581	0.204547	0.121566	0.0570328	0.0483967	0.0405223	0.0184655	0.00349545	0	4.58401	1.849695	0.4476377	0.5523623	70.74494
1530	12.8486	-23.053	35.9016	0.0823703	0.91763	4.226401	0.203677	0.122119	0.0566853	0.048732	0.0411182	0.0184836	0.00344234	0	2.595908	1.870122	0.9176297	0.0823703	74.15178
1540	9.24309	-24.8215	34.0646	0.711778	0.288222	7.563043	0.205624	0.121736	0.0575491	0.0481526	0.041957	0.0181518	0.00340915	0	4.432889	1.972737	0.2882224	0.7117776	93.91539
1550	13.6395	-21.7444	35.3839	0.0631647	0.936835	3.850119	0.202753	0.1202	0.0583769	0.0482668	0.0412145	0.0178817	0.00337594	0	3.113645	1.991176	0.9368353	0.06316471	97.9888
1560	12.1981	-22.8053	35.0034	0.0135023	0.986498	4.548869	0.197306	0.12006	0.0568589	0.0478437	0.0415348	0.0182382	0.00334559	0	3.494133	1.815011	0.9864977	0.01350233	65.31471
1570	8.73485	-23.4063	32.1411	0.906132	0.093868	2.096821	0.199563	0.120308	0.0560911	0.048668	0.0411141	0.0178706	0.00335203	0	6.356367	1.345573	0.09386802	0.906132	22.16017
1580	10.3549	-24.2673	34.6222	0.28165	0.71835	0.5270301	0.196811	0.122559	0.0565212	0.0477364	0.0407752	0.0182168	0.00341949	0	3.875351	1.344	0.7183505	0.2816495	22.08006
1590	11.5353	-22.26	33.7953	0.53869	0.46131	0.8643671	0.196115	0.118023	0.0559597	0.047954	0.0403771	0.0183625	0.00335244	0	4.702225	1.696048	0.4613101	0.5386899	49.66467
1600	11.6874	-25.6303	37.3177	0.750078	0.249922	3.026018	0.19633	0.119764	0.056199	0.0471126	0.0411066	0.0186001	0.00336887	0	1.17978	1.992869	0.2499223	0.7500777	98.37138
1610	10.4189	-21.6804	32.0993	0.592446	0.407554	3.589678	0.197722	0.121513	0.0566475	0.046564	0.0420018	0.0187866	0.00341553	0	6.398189	1.669873	0.4075542	0.5924458	46.75989
1620	9.00744	-20.8038	29.8112	0.830586	0.169414	3.277505	0.200885	0.122355	0.0573519	0.0477402	0.0414728	0.0186654	0.00346908	0	8.686275	1.667337	0.1694139	0.8305861	46.48761
1630	13.2783	-23.1782	36.4564	0.311908	0.688092	3.349951	0.205086	0.12228	0.056885	0.0482143	0.0419904	0.0186764	0.00348829	0	2.041067	1.960633	0.6880918	0.3119082	91.33418
1640	12.8011	-22.7342	35.5353	0.883944	0.116056	4.582126	0.205746	0.119757	0.0582362	0.0468335	0.0409955	0.0187784	0.0035099	0	2.962252	1.937333	0.1160559	0.8839441	86.56317
1650	12.5122	-21.0586	33.5708	0.449354	0.550646	2.342882	0.201994	0.117062	0.05717	0.0471637	0.0418872	0.0179563	0.00349584	0	4.926688	1.824878	0.5506465	0.4493535	66.81557
1660	12.3238	-21.4892	33.8129	0.80898	0.19102	2.982022	0.202237	0.120989	0.0560515	0.0473226	0.040693	0.018187	0.00335545	0	4.684597	1.796177	0.1910202	0.8089798	62.54278
1670	11.6694	-23.9509	35.6203	0.643113	0.356887	2.610239	0.199887	0.120902	0.0579533	0.0475829	0.0410401	0.0183328	0.00342177	0	2.877224	1.617446	0.3568866	0.6431134	41.44254
1680	12.2522	-21.0808	33.3331	0.993893	0.00610722	2.077766	0.204127	0.120039	0.0583919	0.0466734	0.0414312	0.0185848	0.00351072	0	5.16442	1.812686	0.00610722	0.9938928	64.96602
1690	13.5238	-22.0885	35.6123	0.502029	0.497971	3.43966	0.200605	0.118301	0.0580412	0.0480058	0.0419438	0.0179831	0.00351474	0	2.885218	1.959808	0.4979713	0.5020287	91.16074
1700	13.2756	-21.8132	35.0888	0.258747	0.741253	2.028785	0.200479	0.118967	0.0568919	0.0474801	0.0416	0.0181279	0.00344783	0	3.408665	1.942355	0.741253	0.258747	87.56983
1710	12.4608	-21.7133	34.1741	0.734125	0.265875	1.490879	0.196686	0.117551	0.0575145	0.0488198	0.0420352	0.0186517	0.00342221	0	4.323421	1.84032	0.265875	0.734125	69.23405
1720	12.4315	-22.8574	35.2888	0.351076	0.648924	1.181985	0.199302	0.11753	0.0565635	0.046562	0.0417482	0.0186454	0.00334695	0	3.208684	1.847284	0.648924	0.351076	70.3532
1730	12.4504	-22.4086	34.8591	0.618396	0.381604	1.580449	0.199042	0.118325	0.0565048	0.0483389	0.0410126	0.0187354	0.0034085	0	3.63845	1.780666	0.3816037	0.6183963	60.34844
1740	11.7776	-22.3047	34.0823	0.136562	0.863438	2.650954	0.196391	0.116512	0.0570646	0.0475912	0.0413468	0.0179761	0.00345126	0	4.415183	1.609641	0.8634382	0.1365618	40.7044
1750	12.446	-22.9988	35.4448	0.204346	0.795654	1.39903	0.197912	0.121265	0.0586648	0.0470946	0.0404834	0.0183964	0.00350883	0	3.052678	1.760281	0.7956544	0.2043456	57.58123
1760	12.8715	-21.9019	34.7733	0.708983	0.291017	1.98423	0.199196	0.122412	0.0579856	0.0467336	0.0411953	0.0180905	0.0035112	0	3.724178	1.854038	0.2910172	0.7089828	71.45595
1770	12.7908	-21.1032	33.894	0.676748	0.323252	1.519444	0.199998	0.122023	0.0576498	0.0468784	0.0407572	0.0181352	0.0034488	0	4.603516	1.985213	0.3232521	0.6767479	96.65248
1780	11.4745	-20.0399	31.5144	0.917523	0.0824769	2.742191	0.201444	0.117933	0.0574438	0.0475378	0.0415877	0.0181453	0.00350162	0	6.983116	1.879185	0.08247689	0.9175231	75.71547
1790	12.627	-22.5744	35.2014	0.842215	0.157785	3.189104	0.196051	0.116661	0.0583458	0.0477872	0.0415668	0.0181719	0.00343348	0	3.296137	1.797048	0.1577853	0.8422147	62.66827
1800	13.3367	-21.8217	35.1584	0.139545	0.860455	3.917547	0.19768	0.120763	0.0573403	0.048689	0.0417177	0.0182164	0.00349918	0	3.339091	1.931129	0.8604547	0.1395453	85.33544
1810	11.1115	-25.5321	36.6436	0.0445853	0.955415	3.387961	0.203154	0.121118	0.0580013	0.0482033	0.0419656	0.018025	0.00348151	0	1.853916	1.590052	0.9554147	0.0445853	38.9092
1820	11.5114	-19.8628	31.3742	0.666556	0.333444	2.574503	0.203317	0.122427	0.0586965	0.0482888	0.0413646	0.0179923	0.00345915	0	7.123321	1.914279	0.3334444	0.6665556	82.08796
1830	12.4868	-22.8588	35.3456	0.158176	0.841824	1.845451	0.206057	0.121951	0.0588084	0.0474883	0.0411937	0.0183205	0.00346495	0	3.151893	1.698096	0.8418245	0.1581755	49.89946
1840	13.2845	-21.4812	34.7657	0.6525	0.3475	3.400807	0.200011	0.122025	0.0587373	0.0489054	0.0410542	0.0181606	0.00350456	0	3.731783	1.927777	0.3474999	0.6525001	84.67927
1850	12.1629	-23.8803	36.0432	0.000734196	0.999266	0.840396	0.197777	0.117484	0.0574775	0.0478377	0.040929	0.0184847	0.00345854	0	2.454315	1.977785	0.9992658	0.000734196	95.01354
1860	8.33243	-19.7855	28.118	0.0436142	0.956386	3.445741	0.200778	0.118891	0.0583772	0.0489397	0.0407191	0.0181649	0.00345896	0	10.37954	1.791917	0.9563858	0.04361422	61.9323
1870	11.7061	-22.7709	34.4769	0.31437	0.68563	2.776314	0.199673	0.118688	0.0581004	0.0479524	0.0405742	0.0182817	0.00337918	0	4.020574	1.607874	0.6856304	0.3143696	40.53909
1880	10.9793	-22.5124	33.4917	0.273183	0.726817	2.004157	0.201279	0.117008	0.0575296	0.0488891	0.0412017	0.01844	0.00346176	0	5.005806	1.491486	0.7268175	0.2731825	31.00885
1890	13.6297	-22.2639	35.8937	0.52832	0.47168	3.273424	0.200405	0.120878	0.0568594	0.0467566	0.0406546	0.0185915	0.00350724	0	2.603848	1.995404	0.4716797	0.5283203	98.94727
1900	13.598	-21.7067	35.3047	0.243557	0.756443	3.039515	0.203223	0.119089	0.0584148	0.0472465	0.04171	0.0185198	0.00351574	0	3.192791	1.953092	0.7564428	0.2435572	89.76192
1910	12.7743	-21.6107	34.385	0.692725	0.307275	4.452942	0.200684	0.121409	0.0581291	0.0476636	0.0406363	0.018543	0.00338907	0	4.11252	1.952019	0.3072751	0.6927249	89.54033
1920	12.352	-21.1135	33.4655	0.227994	0.772006	1.500754	0.202032	0.116798	0.0584568	0.0467889	0.0402231	0.018313	0.00346051	0	5.032044	1.858586	0.772006	0.227994	72.20817
1930	12.7352	-21.7523	34.4874	0.73578	0.26422	3.434138	0.196666	0.121442	0.0577735	0.0475121	0.0406322	0.0184974	0.00340046	0	4.010071	1.847689	0.2642198	0.7357802	70.41882
1940	10.7865	-20.8145	31.601	0.567426	0.432574	2.30492	0.204773	0.122274	0.058424	0.0486839	0.0411833	0.0180911	0.00344727	0	6.896546	1.689157	0.4325742	0.5674258	48.88293
1950	9.94249	-25.9939	35.9364	0.328078	0.671922	3.405272	0.203025	0.11809	0.057133	0.0483496	0.041109	0.018144	0.00349832	0	2.561112	1.445083	0.671922	0.328078	27.86654
1960	13.1553	-20.9681	34.1233	0.388087	0.611913	2.78284	0.201762	0.116663	0.0587312	0.0480017	0.0410707	0.0186555	0.00350939	0	4.374169	1.920948	0.6119129	0.3880871	83.3581
1970	12.2871	-21.2207	33.5078	0.597623	0.402377	3.520623	0.205311	0.119595	0.0578907	0.0465746	0.0404118	0.0186545	0.00350316	0	4.989748	1.833208	0.4023768	0.5976232	68.10961
1980	12.834	-23.5889	36.4229	0.272952	0.727048	1.982911	0.202269	0.119073	0.0583481	0.0466669	0.0410645	0.0182793	0.00350495	0	2.074558	1.942444	0.727048	0.272952	87.58787
1990	11.748	-23.063	34.8109	0.864964	0.135036	2.145597	0.202136	0.121193	0.0559428	0.048574	0.0402196	0.0183542	0.00349448	0	3.686594	1.619408	0.135036	0.864964	41.63015
2000	11.3473	-24.1755	35.5228	0.321999	0.678001	0.2241645	0.203467	0.120499	0.0568177	0.0470084	0.0402251	0.018275	0.00340247	0	2.97468	1.866831	0.6780011	0.3219989	73.59215
2010	11.3834	-24.5095	35.893	0.125333	0.874667	0.2944252	0.201912	0.122101	0.0560306	0.0469873	0.040619	0.0182821	0.00336808	0	2.604526	1.926005	0.8746667	0.1253333	84.33445
2020	13.3074	-22.3106	35.618	0.968777	0.031223	3.440187	0.201293	0.118625	0.056439	0.047174	0.0402378	0.0182611	0.00338401	0	2.879513	1.945605	0.03122303	0.968777	88.22773
2030	12.2307	-21.2901	33.5208	0.580938	0.419062	3.916352	0.205879	0.120512	0.0565442	0.0465491	0.0408725	0.0182401	0.00341741	0	4.976756	1.864156	0.4190621	0.5809379	73.14014
2040	12.1596	-24.5837	36.7433	0.415992	0.584008	2.591143	0.2058	0.122116	0.0561386	0.0474701	0.0405829	0.0183254	0.00337163	0	1.754164	1.814738	0.5840078	0.4159922	65.27366
2050	13.157	-21.5934	34.7504	0.194537	0.805463	1.775602	0.204002	0.119379	0.0588065	0.0471289	0.0414166	0.018208	0.00342182	0	3.747124	1.960468	0.8054631	0.1945369	91.2995
2060	12.0941	-21.9766	34.0707	0.0235437	0.976456	2.94579	0.198324	0.118034	0.0585858	0.0467112	0.0417452	0.0181403	0.00341386	0	4.426775	1.676966	0.9764563	0.02354369	47.5298
2070	11.0315	-26.0584	37.0899	0.955477	0.0445233	2.6596	0.201899	0.118419	0.0565372	0.0487984	0.041476	0.0184187	0.00343531	0	1.407609	1.791301	0.04452333	0.9554767	61.84447
2080	11.9652	-22.5823	34.5475	0.928868	0.0711323	2.303575	0.199564	0.117163	0.0568122	0.0477796	0.0414519	0.0187033	0.0034845	0	3.95	1.665497	0.07113227	0.9288677	46.29108
2090	12.9965	-23.5537	36.5502	0.430679	0.569321	3.789478	0.204132	0.119141	0.0566211	0.0483355	0.0419563	0.0183802	0.00340961	0	1.947303	1.952648	0.5693209	0.4306791	89.67012
2100	11.6729	-21.5399	33.2128	0.0415172	0.958483	1.166095	0.202697	0.116947	0.0561533	0.0479757	0.0417263	0.0187647	0.00347923	0	5.284712	1.68569	0.9584828	0.04151721	48.49417
2110	12.7685	-23.056	35.8245	0.875437	0.124563	4.014994	0.198921	0.119391	0.0569514	0.0487163	0.0413341	0.0186285	0.00351574	0	2.672957	1.881423	0.1245631	0.8754369	76.10672
2120	11.54	-21.6244	33.1644	0.535071	0.464929	0.6391346	0.201189	0.120827	0.0562359	0.0469747	0.0416535	0.0187171	0.0034165	0	5.333105	1.838072	0.464929	0.535071	68.87661
2130	11.318	-24.739	36.057	0.858408	0.141592	0.8848149	0.205548	0.116468	0.0569508	0.047616	0.0404838	0.0187902	0.0035135	0	2.440536	1.715793	0.1415923	0.8584077	51.97481
2140	11.2645	-24.8964	36.1609	0.598167	0.401833	5.860338	0.205742	0.119953	0.0560611	0.046566	0.0408128	0.0184602	0.00339821	0	2.336644	1.917579	0.4018325	0.5981675	82.71396
2150	11.787	-19.7381	31.5251	0.738178	0.261822	2.334772	0.202528	0.118021	0.0572945	0.0471132	0.041148	0.0182336	0.00351301	0	6.97238	1.974303	0.2618222	0.7381778	94.2547
2160	9.444	-20.3837	29.8277	0.57576	0.42424	3.479781	0.198976	0.122526	0.0579771	0.0469263	0.0414074	0.0179097	0.00351708	0	8.669807	1.7545	0.4242403	0.5757597	56.8198
2170	12.5622	-21.2587	33.8208	0.11251	0.88749	1.443169	0.196175	0.121822	0.057909	0.0471231	0.0410441	0.0179246	0.00349284	0	4.67669	1.887102	0.88749	0.11251	77.10843
2180	11.8652	-25.0374	36.9026	0.793939	0.206061	1.947503	0.197572	0.121337	0.0581725	0.0470208	0.0418584	0.0182757	0.00351456	0	1.594897	1.910475	0.2060613	0.7939387	81.37201
2190	11.308	-21.1478	32.4558	0.941158	0.0588416	2.321777	0.202656	0.120549	0.0561437	0.0471601	0.0421562	0.0180055	0.00350673	0	6.041694	1.69937	0.05884163	0.9411584	50.04609
2200	12.3559	-23.4408	35.7967	0.931212	0.068788	4.730173	0.205328	0.118313	0.0563962	0.0485175	0.0417947	0.0180205	0.00350881	0	2.700819	1.896381	0.06878799	0.931212	78.77369
2210	12.426	-21.1817	33.6077	0.267683	0.732317	1.625237	0.202421	0.11709	0.0562021	0.047674	0.0416808	0.018016	0.00338574	0	4.889809	1.851461	0.7323168	0.2676832	71.03321
2220	11.0859	-23.364	34.4499	0.341972	0.658028	0.6189823	0.203748	0.117612	0.0561092	0.0477871	0.0417422	0.0183524	0.00336833	0	4.047614	1.535057	0.6580283	0.3419717	34.28128
2230	12.8664	-21.6392	34.5056	0.490609	0.509391	1.763535	0.204953	0.116607	0.0565467	0.0481877	0.04141	0.018468	0.00350943	0	3.99188	1.882399	0.5093912	0.4906088	76.27792
2240	13.0895	-23.705	36.7945	0.0469635	0.953037	3.145486	0.202473	0.117517	0.0567672	0.0469357	0.0418484	0.0182605	0.00348222	0	1.703002	1.968216	0.9530365	0.04696346	92.94282
2250	12.5391	-24.3312	36.8703	0.657936	0.342064	2.504766	0.202876	0.117202	0.0572323	0.0468748	0.0420198	0.0186972	0.00347303	0	1.627164	1.975775	0.3420641	0.6579359	94.57464
2260	13.1584	-20.9326	34.0909	0.818983	0.181017	3.231554	0.204413	0.119916	0.0570021	0.0473278	0.0417182	0.018391	0.00349965	0	4.406595	1.947127	0.1810173	0.8189827	88.53739
2270	12.8752	-22.8529	35.7281	0.7657	0.2343	3.941123	0.205811	0.119646	0.0580842	0.0483841	0.0416945	0.018322	0.00346638	0	2.769427	1.887669	0.2342995	0.7657005	77.20916
2280	12.3431	-23.1452	35.4884	0.971653	0.0283465	4.512564	0.203046	0.119197	0.058308	0.0471904	0.0411521	0.0186896	0.00345559	0	3.009141	1.870137	0.02834651	0.9716535	74.15434
2290	13.309	-22.28	35.589	0.238416	0.761584	2.902079	0.205751	0.11973	0.0587032	0.0481129	0.0416554	0.0185481	0.00348841	0	2.908516	1.880326	0.7615837	0.2384163	75.9147
2300	10.7253	-21.7071	32.4324	0.962825	0.0371746	0.9924768	0.197521	0.1214	0.0587624	0.0466332	0.0406079	0.0185182	0.0034095	0	6.065069	1.62795	0.03717465	0.9628254	42.45712
2310	13.3467	-22.5403	35.887	0.38771	0.61229	4.106152	0.199958	0.119001	0.0584045	0.0470602	0.041118	0.0185676	0.00336939	0	2.610497	1.978308	0.61229	0.38771	95.12794
2320	11.8941	-22.3839	34.278	0.893754	0.106246	3.028616	0.200676	0.120154	0.0570685	0.0475651	0.0408024	0.01843	0.00336502	0	4.219489	1.700749	0.106246	0.893754	50.20519
2330	13.2737	-22.8443	36.118	0.39192	0.60808	3.341998	0.1984	0.11917	0.0570093	0.0486727	0.0412491	0.0184421	0.00345526	0	2.379531	1.925551	0.6080802	0.3919198	84.24637
2340	12.5127	-22.2889	34.8016	0.874175	0.125825	1.401219	0.199245	0.117731	0.0574681	0.0488063	0.0418066	0.0187821	0.0034832	0	3.695914	1.84077	0.1258249	0.8741751	69.30593
2350	13.2178	-20.7046	33.9224	0.497378	0.502622	2.868568	0.204855	0.120489	0.0559631	0.0484082	0.0408619	0.0182147	0.0034899	0	4.575077	1.967786	0.5026222	0.4973778	92.85095
2360	12.7323	-21.5763	34.3085	0.043779	0.956221	1.427609	0.204061	0.122034	0.0567335	0.0479901	0.0415031	0.0179121	0.00343674	0	4.188984	1.894977	0.956221	0.04377897	78.51947
2370	12.4913	-22.0951	34.5865	0.495701	0.504299	1.860986	0.200798	0.122513	0.0570349	0.0470069	0.0413739	0.0180102	0.00348029	0	3.911027	1.759598	0.5042988	0.4957012	57.4908
2380	11.9062	-24.3591	36.2653	0.721473	0.278527	1.834374	0.201952	0.122552	0.058406	0.0479435	0.0414912	0.0183345	0.00346895	0	2.232216	1.728611	0.2785273	0.7214727	53.53164
2390	13.2432	-22.9919	36.2351	0.528058	0.471942	3.157072	0.205005	0.122219	0.0561376	0.0479724	0.0421442	0.0178799	0.00348336	0	2.262375	1.941172	0.4719417	0.5280583	87.33175
2400	12.2593	-23.2394	35.4987	0.747071	0.252929	3.476682	0.203361	0.122515	0.0566533	0.0469661	0.0408464	0.018246	0.00346861	0	2.998766	1.7573	0.2529294	0.7470706	57.18738
2410	13.3301	-21.2932	34.6233	0.235456	0.764544	2.539791	0.199643	0.119004	0.0569278	0.0469721	0.040511	0.0179994	0.00349455	0	3.874191	1.927625	0.7645442	0.2354558	84.64953
2420	8.4396	-28.8507	37.2903	0.191527	0.808473	4.084272	0.204652	0.11722	0.0573786	0.047574	0.0421693	0.0183433	0.00339556	0	1.207192	1.523117	0.8084732	0.1915268	33.35162
2430	13.0379	-21.857	34.8949	0.780008	0.219992	4.509533	0.202477	0.118437	0.0587687	0.0473295	0.0406987	0.0183219	0.00338548	0	3.602569	1.980948	0.2199917	0.7800083	95.70787
2440	12.7568	-23.2681	36.0249	0.164709	0.835291	2.816278	0.204009	0.121248	0.0587576	0.0472118	0.041644	0.0181956	0.00343759	0	2.472636	1.775272	0.8352912	0.1647088	59.60359
2450	13.5449	-21.5545	35.0995	0.60442	0.39558	2.695235	0.203203	0.119953	0.0587032	0.0483214	0.0413494	0.0187825	0.00351167	0	3.398054	1.971038	0.3955798	0.6044202	93.54866
2460	8.69899	-23.9199	32.6189	0.414034	0.585966	4.952928	0.205322	0.122523	0.0581327	0.0481029	0.0413228	0.0183411	0.00349255	0	5.878591	1.586238	0.5859664	0.4140336	38.56894
2470	11.9308	-22.4176	34.3485	0.965218	0.0347825	4.345553	0.196993	0.121314	0.0561597	0.048238	0.0417043	0.0183325	0.00343743	0	4.149044	1.815706	0.03478245	0.9652175	65.41939
2480	10.757	-24.9877	35.7447	0.0430193	0.956981	6.351567	0.200953	0.117463	0.0585251	0.048694	0.0420355	0.0183925	0.00340583	0	2.752827	1.875739	0.9569807	0.04301933	75.11712
2490	13.1037	-21.6191	34.7228	0.206678	0.793322	2.800667	0.201302	0.120395	0.0584291	0.0470301	0.0417026	0.0183422	0.00339555	0	3.774683	1.857105	0.7933217	0.2066783	71.96223
2500	12.8606	-22.7022	35.5628	0.499766	0.500234	5.031314	0.202774	0.122071	0.056998	0.0466193	0.0408794	0.0182909	0.00335698	0	2.934684	1.997889	0.5002342	0.4997658	99.5151
2510	12.3513	-21.4098	33.7611	0.0700004	0.93	3.61186	0.197904	0.120587	0.0561023	0.0467581	0.0408004	0.0179815	0.00340773	0	4.736413	1.813389	0.9299996	0.07000043	65.07116
2520	12.1859	-23.4447	35.6305	0.113087	0.886913	1.586595	0.196265	0.120378	0.0566163	0.0469274	0.0401747	0.0183795	0.0034815	0	2.866982	1.637706	0.8869134	0.1130866	43.42158
2530	11.2445	-22.902	34.1464	0.90477	0.0952296	0.4328574	0.199246	0.11986	0.0560193	0.0488896	0.0403944	0.018273	0.00349941	0	4.351064	1.705316	0.09522965	0.9047704	50.736
2540	11.9565	-24.7772	36.7337	0.800517	0.199483	5.115558	0.205587	0.118042	0.0578624	0.0478112	0.0407711	0.018349	0.00346288	0	1.763782	1.968096	0.1994834	0.8005166	92.91718
2550	12.8908	-23.2545	36.1452	0.621684	0.378316	3.079871	0.203211	0.117211	0.0581827	0.0473125	0.0412434	0.0178952	0.00335558	0	2.35226	1.875281	0.3783155	0.6216845	75.03802
2560	13.1063	-22.8174	35.9237	0.999033	0.000966916	4.251406	0.202243	0.121031	0.0567415	0.048162	0.0407013	0.0186059	0.00338657	0	2.573765	1.972225	0.0009669159	0.9990331	93.80478
2570	13.1039	-20.5861	33.6899	0.62508	0.37492	2.543438	0.204735	0.118371	0.0570616	0.0477263	0.0414725	0.0185173	0.00337413	0	4.807594	1.987324	0.3749204	0.6250796	97.12346
2580	13.7041	-21.5759	35.2799	0.344292	0.655708	3.005089	0.205577	0.118117	0.0566153	0.0478967	0.0412337	0.0182039	0.00345191	0	3.217575	1.995572	0.6557083	0.3442917	98.98563
2590	11.8994	-23.6746	35.574	0.341395	0.658605	4.744421	0.205193	0.122013	0.0586772	0.0485035	0.0407039	0.0178787	0.00347042	0	2.923503	1.81	0.6586054	0.3413946	64.56536
2600	12.7749	-23.3653	36.1402	0.0880507	0.911949	1.751052	0.203641	0.11676	0.0580469	0.0486777	0.0411653	0.0180144	0.00347815	0	2.357321	1.865676	0.9119493	0.08805075	73.39654
2610	11.3011	-20.1245	31.4256	0.36445	0.63555	3.825083	0.202891	0.119197	0.0561478	0.0470329	0.0406156	0.0178978	0.00346247	0	7.071948	1.921652	0.6355501	0.3644499	83.49336
2620	12.7068	-22.4144	35.1213	0.711957	0.288043	2.877293	0.205226	0.11915	0.0565139	0.0466889	0.0406762	0.0184434	0.00343523	0	3.376251	1.793626	0.2880434	0.7119566	62.1764
2630	11.9874	-23.0652	35.0525	0.073945	0.926055	1.098382	0.198286	0.116711	0.0559653	0.0476957	0.0404725	0.0187509	0.00346244	0	3.444959	1.625504	0.926055	0.07394504	42.21858
2640	9.5372	-19.4501	28.9873	0.431515	0.568485	2.842053	0.200367	0.119944	0.0561133	0.0465624	0.0409507	0.0180684	0.00342798	0	9.510247	1.874808	0.5684845	0.4315155	74.95634
2650	10.0147	-26.0779	36.0926	0.3406	0.6594	3.039096	0.204323	0.119154	0.0574616	0.047972	0.0419741	0.0181507	0.00337211	0	2.404909	1.433177	0.6594004	0.3405996	27.11295
2660	10.5651	-22.5219	33.087	0.0666913	0.933309	6.406317	0.201654	0.11858	0.0569105	0.0478371	0.0419496	0.0183122	0.00343379	0	5.410537	1.989677	0.9333087	0.06669135	97.65098
2670	12.686	-22.8126	35.4986	0.523967	0.476033	1.895477	0.202109	0.117153	0.0563595	0.0467515	0.0415759	0.0181919	0.00339228	0	2.998923	1.809931	0.4760325	0.5239675	64.55521
2680	11.9701	-24.7393	36.7094	0.424023	0.575977	3.854023	0.204047	0.119235	0.0562844	0.047162	0.0409392	0.0185647	0.00351534	0	1.788072	1.814317	0.5759774	0.4240226	65.21035
2690	13.4312	-21.1853	34.6165	0.841743	0.158257	2.855604	0.196769	0.117958	0.0567421	0.0471746	0.0415257	0.0178681	0.00338009	0	3.881016	1.979649	0.1582566	0.8417434	95.42203
2700	12.5631	-23.2278	35.7909	0.272086	0.727914	3.968285	0.200954	0.118471	0.0575023	0.0471728	0.0419007	0.018342	0.00337342	0	2.706623	1.82096	0.7279136	0.2720864	66.2155
2710	11.0205	-21.219	32.2395	0.576871	0.423129	4.787042	0.201779	0.117998	0.0568343	0.0474957	0.0416415	0.0181805	0.00335045	0	6.258044	1.895705	0.4231285	0.5768715	78.6511
2720	11.5365	-25.7383	37.2748	0.41186	0.58814	2.417548	0.197409	0.117096	0.0559174	0.0467959	0.0420419	0.0181299	0.00340074	0	1.22273	1.932023	0.5881395	0.4118605	85.51128
2730	13.1076	-21.3954	34.503	0.236849	0.763151	2.282734	0.20039	0.117134	0.0573975	0.0468496	0.0410367	0.0187593	0.00340489	0	3.99453	1.890411	0.7631507	0.2368493	77.69816
2740	11.4878	-24.7102	36.1979	0.509848	0.490152	5.174847	0.20286	0.119385	0.0566927	0.0475679	0.0415543	0.0187502	0.00334872	0	2.299564	1.848753	0.4901516	0.5098484	70.59165
2750	12.01	-20.1546	32.1646	0.6668	0.3332	4.008476	0.201306	0.120522	0.0558837	0.0466958	0.0414169	0.0182305	0.00335067	0	6.332877	1.997308	0.3331999	0.6668001	99.38203
2760	12.8966	-23.7278	36.6244	0.188279	0.811721	3.577239	0.204984	0.118842	0.0582699	0.0468896	0.0417357	0.0184996	0.00338509	0	1.873082	1.91611	0.8117213	0.1882787	82.43471
2770	12.8355	-22.0805	34.916	0.559959	0.440041	1.642612	0.202442	0.121985	0.0583379	0.0476176	0.0417597	0.0186114	0.00341058	0	3.581459	1.88558	0.4400408	0.5599592	76.83878
2780	13.5628	-21.4668	35.0296	0.0120271	0.987973	2.972212	0.198091	0.120906	0.058643	0.0469286	0.0412684	0.0183738	0.00337083	0	3.467909	1.946711	0.9879729	0.01202708	88.45274
2790	12.8522	-22.0749	34.9271	0.576283	0.423717	2.372192	0.19864	0.121384	0.0583825	0.0485565	0.0421275	0.0187203	0.00336696	0	3.570439	1.81784	0.4237167	0.5762833	65.74149
2800	12.7353	-23.0533	35.7886	0.340638	0.659362	1.623518	0.199949	0.121118	0.0587933	0.0485186	0.0422208	0.0182287	0.00335313	0	2.7089	1.878645	0.6593624	0.3406376	75.62138
2810	9.36973	-20.1817	29.5515	0.368735	0.631265	4.352245	0.200068	0.118898	0.0586921	0.0481704	0.0420849	0.0181897	0.00341757	0	8.946046	1.886485	0.6312653	0.3687347	76.99903
2820	13.2647	-22.8357	36.1004	0.194466	0.805534	2.923251	0.199845	0.119226	0.0572737	0.048733	0.0422586	0.0184132	0.00338587	0	2.397088	1.902059	0.8055337	0.1944663	79.81024
2830	9.58027	-27.0434	36.6237	0.550099	0.449901	5.261092	0.204957	0.121512	0.0563013	0.047193	0.0420333	0.0182297	0.00342957	0	1.873795	1.693415	0.4499012	0.5500988	49.3645
2840	12.6088	-23.3694	35.9783	0.646289	0.353711	1.45687	0.200923	0.120826	0.0572197	0.048311	0.0405691	0.0179817	0.00340639	0	2.519246	1.94034	0.353711	0.646289	87.16466
2850	13.261	-21.4696	34.7306	0.362506	0.637494	2.104287	0.201593	0.121901	0.0587899	0.0478881	0.0407901	0.0182534	0.00339841	0	3.766925	1.953332	0.6374938	0.3625062	89.81154
2860	11.5558	-22.3678	33.9237	0.96025	0.0397501	1.082485	0.198323	0.119632	0.0574672	0.0482082	0.0414341	0.0183536	0.00339725	0	4.573852	1.678565	0.03975014	0.9602499	47.70508
2870	12.9959	-20.9158	33.9117	0.23485	0.76515	2.82539	0.19847	0.118847	0.0562451	0.0485374	0.0410377	0.01822	0.00337336	0	4.585829	1.905396	0.7651499	0.2348501	80.42583
2880	11.2736	-20.9006	32.1741	0.808082	0.191918	0.8656665	0.20281	0.116802	0.0561795	0.0474436	0.0405768	0.0181794	0.00337353	0	6.323378	1.865727	0.1919175	0.8080825	73.40515
2890	13.279	-21.4418	34.7208	0.0944568	0.905543	2.993657	0.202606	0.117662	0.0567198	0.0480185	0.0402066	0.0185917	0.00348801	0	3.776715	1.885719	0.9055432	0.09445681	76.86331
2900	12.3206	-22.4354	34.756	0.319393	0.680607	1.003937	0.199989	0.120585	0.0566149	0.0474143	0.0403926	0.0182835	0.00349686	0	3.74155	1.843052	0.6806071	0.3193929	69.67107
2910	12.5801	-23.0553	35.6354	0.0150661	0.984934	1.162882	0.196852	0.120215	0.0571937	0.0469778	0.0409	0.0185666	0.00343935	0	2.862132	1.891785	0.9849339	0.01506611	77.94448
2920	11.9437	-25.022	36.9658	0.357731	0.642269	2.88567	0.198046	0.118444	0.0581293	0.0485239	0.0414698	0.0187665	0.00334793	0	1.531718	1.821066	0.6422688	0.3577312	66.23165
2930	12.947	-22.8788	35.8258	0.0607093	0.939291	4.778621	0.200129	0.118903	0.0570419	0.0479755	0.0413163	0.018377	0.00341904	0	2.671697	1.950806	0.9392907	0.06070929	89.29071
2940	13.0923	-23.0016	36.0939	0.334144	0.665856	2.256905	0.20116	0.118107	0.0559791	0.0469334	0.040725	0.018769	0.00349303	0	2.403596	1.908511	0.6658556	0.3341444	81.00479
2950	10.5305	-26.608	37.1385	0.435966	0.564034	4.986988	0.203943	0.119523	0.0564514	0.0470723	0.0415618	0.0179051	0.00338037	0	1.359046	1.843916	0.5640342	0.4359658	69.80968
2960	10.931	-25.978	36.909	0.998944	0.00105641	3.69048	0.199618	0.118567	0.0577293	0.0475826	0.0419759	0.0179214	0.00338379	0	1.588518	1.771954	0.001056409	0.9989436	59.14994
2970	11.8281	-22.2625	34.0907	0.275664	0.724336	2.943023	0.200144	0.117843	0.0571162	0.0484642	0.0419136	0.0183144	0.00351662	0	4.406824	1.643358	0.724336	0.275664	43.99045
2980	9.21535	-20.261	29.4764	0.304932	0.695068	3.45354	0.199419	0.120228	0.0570593	0.0469512	0.0416626	0.0187381	0.00338707	0	9.021124	1.760551	0.6950681	0.3049319	57.61699
2990	12.2162	-22.5497	34.7659	0.808555	0.191445	0.6706814	0.199638	0.12254	0.0564895	0.0470093	0.0414768	0.018516	0.00345353	0	3.731643	1.979212	0.1914454	0.8085546	95.32605
3000	11.6597	-19.8394	31.4991	0.282764	0.717236	2.620933	0.200648	0.122297	0.0577785	0.0488914	0.0411685	0.0182509	0.00341886	0	6.998441	1.927129	0.717236	0.282764	84.55306
3010	12.5873	-23.9069	36.4942	0.0712304	0.92877	4.142707	0.199973	0.119138	0.0587871	0.0479269	0.0421107	0.01852	0.00348266	0	2.003324	1.858268	0.9287696	0.07123041	72.15526
3020	12.6056	-23.962	36.5676	0.202596	0.797404	2.894148	0.199137	0.118882	0.0578192	0.0484953	0.0407792	0.0187142	0.0034679	0	1.929875	1.815431	0.7974038	0.2025962	65.37785
3030	11.7188	-21.4763	33.1952	0.0890354	0.910965	3.406574	0.197563	0.120692	0.0586466	0.046955	0.0406188	0.0182832	0.00341999	0	5.302349	1.731362	0.9109646	0.08903544	53.87186
3040	12.6567	-21.9035	34.5603	0.490009	0.509991	4.386407	0.200371	0.121709	0.0585736	0.0478573	0.0414317	0.0180467	0.00336385	0	3.937235	1.911018	0.5099909	0.4900091	81.4738
3050	12.1787	-24.3385	36.5172	0.325266	0.674734	1.395486	0.205756	0.121707	0.0585393	0.0482087	0.041804	0.0179103	0.00338217	0	1.980326	1.938475	0.6747343	0.3252657	86.791
3060	10.2249	-25.5867	35.8116	0.436904	0.563096	0.9172634	0.203458	0.117882	0.0574455	0.046992	0.042138	0.0187493	0.00335766	0	2.68591	1.367871	0.5630961	0.4369039	23.32767
3070	12.3008	-22.3102	34.611	0.532898	0.467102	1.913466	0.203115	0.11709	0.0578959	0.0489686	0.0418215	0.0184387	0.00336515	0	3.886544	1.715914	0.4671022	0.5328978	51.98934
3080	11.9719	-21.5304	33.5023	0.395982	0.604018	1.134051	0.200829	0.11759	0.0570413	0.048851	0.040456	0.0184547	0.0033526	0	4.995176	1.808754	0.6040181	0.3959819	64.38051
3090	11.2747	-23.9444	35.2192	0.040456	0.959544	4.099567	0.203735	0.119333	0.0587655	0.0474546	0.0410932	0.0186796	0.00338247	0	3.278334	1.628487	0.959544	0.04045605	42.50958
3100	11.4309	-22.1993	33.6302	0.089923	0.910077	4.535316	0.205266	0.118602	0.0572051	0.0488787	0.0406332	0.0184372	0.00337495	0	4.867308	1.779568	0.910077	0.08992304	60.19599
3110	13.2366	-22.6908	35.9274	0.329211	0.670789	3.344268	0.203866	0.118383	0.0582167	0.0488697	0.0402057	0.0185033	0.00336686	0	2.570136	1.904963	0.6707885	0.3292115	80.34586
3120	11.0607	-24.2693	35.3301	0.707388	0.292612	3.148726	0.205168	0.118439	0.0573051	0.0469346	0.0407117	0.0179799	0.0033758	0	3.167455	1.577659	0.2926121	0.7073879	37.81454
3130	13.5163	-21.9463	35.4626	0.567576	0.432424	2.486262	0.205481	0.117015	0.0584776	0.0469124	0.0410053	0.0180022	0.00342035	0	3.034874	1.986252	0.4324235	0.5675765	96.88403
3140	12.147	-24.8476	36.9947	0.599041	0.400959	2.943295	0.199096	0.118446	0.057511	0.0475249	0.0417751	0.0179464	0.00335396	0	1.502844	1.913904	0.4009593	0.5990407	82.01704
3150	11.0131	-25.1058	36.1189	0.094684	0.905316	1.356634	0.201411	0.117834	0.0580996	0.0489117	0.040687	0.0178946	0.00339322	0	2.378637	1.434445	0.905316	0.09468397	27.19223
3160	13.0567	-22.1623	35.219	0.386502	0.613498	3.830874	0.204708	0.120755	0.0566728	0.0468393	0.0408974	0.0181617	0.00347705	0	3.278507	1.891489	0.613498	0.386502	77.89135
3170	12.9208	-22.3874	35.3082	0.0138295	0.98617	1.927863	0.200627	0.120898	0.05633	0.0468018	0.0409364	0.0187891	0.00349652	0	3.189337	1.786685	0.9861705	0.01382951	61.1907
3180	12.9872	-22.1993	35.1865	0.78982	0.21018	3.814725	0.205824	0.121333	0.0575471	0.0474906	0.0411322	0.0185538	0.00345467	0	3.311025	1.894275	0.2101798	0.7898202	78.39265
3190	12.7802	-23.2763	36.0565	0.635359	0.364641	2.662463	0.202115	0.116844	0.0570518	0.0470883	0.0422163	0.0186329	0.00339647	0	2.441048	1.836699	0.3646407	0.6353593	68.65929
3200	12.9102	-20.3114	33.2216	0.389643	0.610357	2.942304	0.196462	0.11881	0.0571854	0.0469334	0.0420784	0.018336	0.00336188	0	5.275926	1.986432	0.6103574	0.3896426	96.92419
3210	13.6068	-21.995	35.6019	0.222607	0.777393	2.475898	0.203857	0.122026	0.0579792	0.0487867	0.0421866	0.0180102	0.00342575	0	2.895636	1.996661	0.7773928	0.2226072	99.23407
3220	11.2175	-22.8999	34.1174	0.505301	0.494699	0.5053436	0.2047	0.11863	0.0582966	0.0484592	0.0416284	0.0181911	0.00335661	0	4.380072	1.65313	0.4946991	0.5053009	44.99142
3230	12.5429	-22.8353	35.3782	0.0165763	0.983424	1.306592	0.202802	0.118307	0.0584428	0.0489528	0.0412843	0.0179603	0.00335251	0	3.119292	1.798554	0.9834237	0.01657627	62.88604
3240	13.3866	-22.9	36.2866	0.18593	0.81407	3.310589	0.203116	0.119171	0.0578625	0.0489237	0.0410605	0.0183391	0.00339159	0	2.21091	1.954484	0.8140697	0.1859303	90.05016
3250	11.9075	-24.3972	36.3047	0.691938	0.308062	1.024919	0.202221	0.116461	0.0585632	0.0478769	0.041006	0.018251	0.00339512	0	2.19277	1.940287	0.3080622	0.6919378	87.15386
3260	8.64554	-20.9633	29.6089	0.180207	0.819793	0.3912619	0.20439	0.116649	0.0563853	0.048341	0.041158	0.0182736	0.00337901	0	8.888645	1.572085	0.8197927	0.1802073	37.33232
3270	12.821	-20.8758	33.6967	0.0385706	0.961429	2.871779	0.201268	0.117493	0.058369	0.0477369	0.042133	0.0180869	0.00337912	0	4.800791	1.872397	0.9614294	0.03857064	74.54136
3280	11.1115	-20.6482	31.7597	0.517942	0.482058	1.037888	0.204491	0.116637	0.0579771	0.0481333	0.0407972	0.0179417	0.00342259	0	6.737818	1.840137	0.4820575	0.5179425	69.20499
3290	10.508	-25.3876	35.8956	0.215341	0.784659	1.462641	0.199649	0.117887	0.0571304	0.0486771	0.0418766	0.01878	0.00344536	0	2.601946	1.35146	0.784659	0.215341	22.46259
3300	13.2451	-20.8911	34.1362	0.0211998	0.9788	2.664213	0.202818	0.117232	0.0569639	0.0477079	0.0419277	0.0185962	0.00342772	0	4.361318	1.932232	0.9788002	0.02119979	85.55242
3310	12.694	-22.2772	34.9711	0.918753	0.0812472	2.035314	0.200788	0.116892	0.0567287	0.0472142	0.0413391	0.01854	0.00350397	0	3.526375	1.808051	0.08124721	0.9187528	64.27632
3320	12.4856	-24.0093	36.495	0.599875	0.400125	2.696217	0.202178	0.116646	0.0578504	0.0472495	0.0416455	0.0185358	0.00344335	0	2.002533	1.835954	0.400125	0.599875	68.5416
3330	13.1977	-22.3836	35.5813	0.76344	0.23656	2.217723	0.196392	0.117688	0.0582554	0.0473489	0.0419859	0.0180598	0.00340371	0	2.916218	1.935322	0.2365601	0.7634399	86.16328
3340	8.73662	-21.2193	29.9559	0.663899	0.336101	4.292972	0.201956	0.117469	0.0575446	0.0475835	0.041867	0.0180209	0.00335203	0	8.541638	1.733983	0.3361009	0.6638991	54.19801
3350	12.2903	-24.4744	36.7646	0.0496176	0.950382	2.343805	0.196002	0.122429	0.0562415	0.0466241	0.0404991	0.0178922	0.00339626	0	1.732859	1.792923	0.9503824	0.04961756	62.07594
3360	12.9688	-22.3389	35.3077	0.685447	0.314553	2.279194	0.199256	0.121318	0.0568165	0.0467509	0.0410054	0.0179529	0.00351693	0	3.189779	1.848784	0.3145534	0.6854466	70.59661
3370	13.0055	-22.9415	35.9469	0.209216	0.790784	1.852053	0.204401	0.12143	0.0571939	0.0482688	0.04183	0.018215	0.00348415	0	2.550583	1.915895	0.7907844	0.2092156	82.39384
3380	10.8661	-21.1158	31.9819	0.223779	0.776221	0.9425623	0.204005	0.120304	0.0566784	0.0488337	0.0412887	0.018088	0.00342652	0	6.515584	1.702343	0.7762211	0.2237789	50.38989
3390	11.8284	-22.7867	34.6151	0.0604104	0.93959	1.180364	0.202333	0.118265	0.0582477	0.0478394	0.0420926	0.017871	0.00345576	0	3.88243	1.581759	0.9395896	0.06041037	38.17328
3400	13.3272	-22.5955	35.9227	0.787373	0.212627	3.889905	0.202737	0.118444	0.0587503	0.0467322	0.0421487	0.0179832	0.00350727	0	2.574823	1.971562	0.2126267	0.7873733	93.66166
3410	13.412	-21.8632	35.2751	0.151847	0.848153	2.448097	0.201696	0.120997	0.0576669	0.0475826	0.0414699	0.0178726	0.00345306	0	3.222376	1.923287	0.8481532	0.1518468	83.8082
3420	12.9645	-23.0663	36.0308	0.239215	0.760785	2.377302	0.203775	0.122117	0.0581685	0.0465785	0.041328	0.01836	0.00335238	0	2.466727	1.852565	0.7607846	0.2392154	71.21398
3430	12.3501	-21.0459	33.3961	0.543111	0.456889	3.427236	0.201189	0.12192	0.0573769	0.047203	0.0405048	0.0178611	0.00347089	0	5.101434	1.850124	0.4568887	0.5431113	70.81479
3440	13.1636	-22.7969	35.9605	0.78421	0.21579	2.990702	0.197931	0.119504	0.0559207	0.0469877	0.042039	0.017897	0.00347839	0	2.537042	1.912516	0.2157903	0.7842097	81.75535
3450	11.4753	-24.2188	35.6941	0.197368	0.802632	2.141862	0.199916	0.117612	0.0569739	0.0472276	0.041227	0.0185502	0.00343344	0	2.803399	1.507481	0.8026324	0.1973676	32.17219
3460	10.7866	-21.5705	32.3572	0.0685117	0.931488	4.194498	0.203842	0.118292	0.056358	0.0468149	0.0406501	0.0185436	0.00338862	0	6.140357	1.75209	0.9314883	0.06851167	56.50542
3470	8.12739	-23.6195	31.7469	0.911476	0.088524	1.737534	0.201901	0.119436	0.0581578	0.0468893	0.0416597	0.0178908	0.00348244	0	6.750574	1.273204	0.08852399	0.911476	18.75874
3480	12.7387	-20.9207	33.6594	0.0277948	0.972205	3.306342	0.203392	0.117314	0.0585988	0.0470223	0.0406223	0.0179288	0.00338067	0	4.838099	1.877958	0.9722052	0.02779477	75.50196
3490	13.6072	-21.4553	35.0625	0.0612583	0.938742	2.820451	0.20363	0.122365	0.0582174	0.0470848	0.0419841	0.0179266	0.00336298	0	3.435057	1.968267	0.9387417	0.06125829	92.95383
3500	13.1951	-20.856	34.0511	0.34825	0.65175	2.846236	0.201897	0.121957	0.0583093	0.0466095	0.0401707	0.0180017	0.00341503	0	4.446404	1.949195	0.6517499	0.3482501	88.96011
3510	11.8742	-20.7407	32.6149	0.0967641	0.903236	3.56078	0.20266	0.121652	0.0578739	0.046993	0.0403078	0.0187055	0.00341104	0	5.882585	1.839411	0.9032359	0.09676412	69.08934
3520	11.6342	-20.0926	31.7268	0.653267	0.346733	3.814553	0.198834	0.120564	0.0576229	0.0481598	0.0404094	0.0186395	0.00337029	0	6.770706	1.956975	0.3467332	0.6532668	90.56809
3530	10.795	-21.5025	32.2974	0.596934	0.403066	3.096857	0.200039	0.122527	0.0575714	0.0472029	0.0405128	0.0186251	0.00341023	0	6.200074	1.662679	0.4030658	0.5969342	45.99164
3540	11.3669	-25.0543	36.4212	0.524383	0.475617	1.096662	0.196705	0.122298	0.0586442	0.0480213	0.0415657	0.0187412	0.00339297	0	2.076309	1.724955	0.4756172	0.5243828	53.08297
3550	11.0207	-21.4792	32.4999	0.563725	0.436275	0.3353142	0.201576	0.119874	0.0565673	0.048523	0.0402301	0.0179494	0.00338548	0	5.997564	1.862549	0.4362752	0.5637248	72.87012
3560	13.3616	-21.4843	34.8459	0.72465	0.27535	2.853898	0.205376	0.119067	0.0559439	0.0476388	0.0404383	0.0181012	0.00341532	0	3.651574	1.942283	0.27535	0.72465	87.55539
3570	12.9377	-21.3339	34.2717	0.819982	0.180018	2.390038	0.203424	0.11711	0.056722	0.0478008	0.0401817	0.0183287	0.00342831	0	4.225844	1.883969	0.1800177	0.8199823	76.55416
3580	12.0259	-20.6832	32.7091	0.538415	0.461585	3.034728	0.205389	0.116458	0.0562891	0.047439	0.0419915	0.0181688	0.00338026	0	5.788456	1.84041	0.4615851	0.5384149	69.24848
3590	11.6296	-24.1491	35.7786	0.571967	0.428033	3.126981	0.203466	0.119558	0.0569229	0.0475407	0.0403762	0.0187134	0.00338654	0	2.71887	1.642789	0.4280329	0.5719671	43.93283
3600	12.1943	-22.7756	34.97	0.989895	0.0101052	3.590294	0.200214	0.119938	0.0559034	0.0485268	0.0413897	0.0183485	0.00335123	0	3.527551	1.768439	0.01010516	0.9898948	58.67309
3610	12.0241	-22.6219	34.646	0.898986	0.101014	0.6788639	0.197535	0.122118	0.0566793	0.0476479	0.0405463	0.0183308	0.00334864	0	3.851489	1.899048	0.1010136	0.8989864	79.25882
3620	11.319	-23.1608	34.4798	0.0644967	0.935503	6.151137	0.196011	0.121532	0.0564239	0.0468752	0.041452	0.0184699	0.0033741	0	4.017716	1.956501	0.9355033	0.06449674	90.46929
3630	13.271	-22.4648	35.7358	0.899877	0.100123	3.901749	0.199359	0.122005	0.0558945	0.0470041	0.040321	0.0183404	0.00343039	0	2.761713	1.962905	0.100123	0.899877	91.81325
3640	12.1893	-21.1792	33.3685	0.169385	0.830615	1.879255	0.197568	0.121916	0.0561888	0.0482492	0.0407612	0.0183929	0.0034482	0	5.129039	1.765509	0.8306148	0.1693852	58.27865
3650	10.8343	-24.3171	35.1514	0.804047	0.195953	5.926004	0.200372	0.12008	0.057286	0.047154	0.0403514	0.0183942	0.00348136	0	3.346071	1.862957	0.1959535	0.8040465	72.9385
3660	12.0117	-20.3162	32.3279	0.747562	0.252438	3.918573	0.196915	0.118855	0.0567593	0.04752	0.0403463	0.018655	0.00342922	0	6.169591	1.957765	0.2524382	0.7475618	90.733
3670	11.1676	-25.6163	36.7839	0.980535	0.0194653	1.575902	0.202187	0.121731	0.0565318	0.0487591	0.041029	0.0187076	0.00347181	0	1.713605	1.773116	0.01946529	0.9805347	59.30841
3680	13.3035	-22.3673	35.6708	0.243853	0.756147	2.555744	0.205987	0.122333	0.0567561	0.0483814	0.0420272	0.0185694	0.00347657	0	2.826682	1.891997	0.7561469	0.2438531	77.98254
3690	11.7622	-21.6229	33.3851	0.793887	0.206113	1.056903	0.203024	0.121042	0.0566826	0.0484528	0.0414857	0.0183039	0.00346823	0	5.11242	1.780299	0.2061132	0.7938868	60.29742
3700	13.6279	-21.8296	35.4575	0.119121	0.880879	2.412906	0.203136	0.119756	0.0573225	0.0480917	0.0416959	0.0184963	0.00348324	0	3.039999	1.991923	0.8808786	0.1191214	98.15739
3710	9.27897	-23.5058	32.7847	0.754629	0.245371	2.905455	0.198229	0.121091	0.0580498	0.0488836	0.0416319	0.0182816	0.00348419	0	5.712784	1.416105	0.2453708	0.7546292	26.06783
3720	10.9263	-21.5407	32.4669	0.494741	0.505259	4.015216	0.204031	0.117686	0.0561014	0.046778	0.0418457	0.0182198	0.00343108	0	6.030564	1.755424	0.5052595	0.4947405	56.94084
3730	12.5595	-20.817	33.3765	0.0741842	0.925816	2.550287	0.204081	0.120087	0.0562333	0.0466763	0.0403293	0.0180971	0.00345465	0	5.121015	1.840723	0.9258158	0.07418423	69.29833
3740	7.41491	-26.1723	33.5872	0.410913	0.589087	8.006262	0.202139	0.119319	0.0563635	0.04663	0.0402353	0.0187467	0.00350387	0	4.910289	1.871515	0.5890866	0.4109134	74.39007
3750	10.7511	-21.6675	32.4185	0.896465	0.103535	1.800657	0.202765	0.121818	0.0571152	0.0472521	0.0407708	0.0185693	0.00346932	0	6.078967	1.590052	0.103535	0.896465	38.90919
3760	10.1341	-25.647	35.7811	0.331931	0.668069	7.216191	0.202696	0.121212	0.0578575	0.0473966	0.040667	0.0183757	0.00346136	0	2.716397	1.962289	0.6680686	0.3319314	91.68306
3770	12.0203	-24.6017	36.622	0.213028	0.786972	3.405455	0.204916	0.117188	0.0577542	0.0487481	0.0415233	0.0181242	0.00340566	0	1.875519	1.748985	0.7869716	0.2130284	56.1029
3780	11.2924	-23.3001	34.5925	0.0292979	0.970702	3.770927	0.203904	0.117233	0.0558865	0.0486766	0.0420295	0.0179142	0.00336112	0	3.905043	1.606865	0.9707021	0.02929789	40.44501
3790	1.95097	-21.4461	23.3971	0.393186	0.606814	3.619626	0.204748	0.118487	0.0573154	0.0479072	0.0416903	0.0184639	0.00339507	0	15.10046	1.467391	0.6068143	0.3931857	29.33532
3800	12.9671	-23.1163	36.0834	0.463077	0.536923	1.846757	0.201758	0.116916	0.0560146	0.0489825	0.0422404	0.0179088	0.00339282	0	2.41412	1.968608	0.5369226	0.4630774	93.02673
3810	12.3225	-22.912	35.2345	0.397268	0.602732	1.739154	0.198858	0.120182	0.0560534	0.048824	0.0415663	0.0179043	0.00335905	0	3.26304	1.710622	0.6027319	0.3972681	51.35958
3820	11.8604	-23.7453	35.6057	0.416645	0.583355	4.327611	0.205947	0.116713	0.0561257	0.0476992	0.0418764	0.018171	0.0033884	0	2.891783	1.765243	0.5833548	0.4166452	58.24289
3830	13.1426	-21.9048	35.0473	0.246484	0.753516	4.408409	0.197712	0.118969	0.0568336	0.0478289	0.0422231	0.0181637	0.00334652	0	3.450167	1.965371	0.7535164	0.2464836	92.3359
3840	12.2144	-21.6054	33.8198	0.937435	0.0625646	1.793529	0.198529	0.120813	0.058327	0.048648	0.0401832	0.0181224	0.00344265	0	4.677674	1.774516	0.06256458	0.9374354	59.49991
3850	6.09344	-24.3863	30.4798	0.0367047	0.963295	1.077507	0.196226	0.121811	0.0577992	0.0484335	0.0412653	0.0180628	0.00340851	0	8.017732	0.9981592	0.9632953	0.03670474	9.957705
3860	12.6792	-21.856	34.5352	0.353562	0.646438	2.404199	0.204909	0.122121	0.0562501	0.0477149	0.0404084	0.018068	0.00336667	0	3.96226	1.782742	0.6464381	0.3535619	60.63758
3870	13.0282	-22.9568	35.985	0.256409	0.743591	3.046533	0.204803	0.118277	0.0569292	0.0466401	0.0408561	0.0184686	0.00342308	0	2.512477	1.848678	0.743591	0.256409	70.57943
3880	11.8509	-20.7632	32.6141	0.246306	0.753694	2.368335	0.199916	0.117345	0.0563965	0.0468125	0.0401927	0.0182511	0.0034383	0	5.883447	1.777406	0.7536938	0.2463062	59.89709
3890	13.0452	-21.1108	34.156	0.720864	0.279136	2.146871	0.201991	0.117533	0.0559482	0.0470621	0.0406025	0.0185202	0.00338357	0	4.341464	1.942817	0.2791363	0.7208637	87.66312
3900	9.40241	-23.1347	32.5371	0.103599	0.896401	4.098849	0.197539	0.117967	0.056874	0.0478678	0.0412886	0.0185381	0.00339374	0	5.960424	1.540416	0.8964007	0.1035993	34.7069
3910	10.2127	-26.4393	36.652	0.709694	0.290306	4.75147	0.199626	0.119149	0.0583493	0.0469319	0.0402232	0.0184325	0.00350897	0	1.845505	1.716076	0.2903063	0.7096937	52.00865
3920	12.1832	-21.9582	34.1414	0.09028	0.90972	3.430202	0.196628	0.120974	0.057096	0.0476943	0.0410963	0.0183074	0.00346667	0	4.35612	1.729586	0.90972	0.09028	53.65207
3930	12.4251	-22.3154	34.7404	0.189358	0.810642	2.24534	0.196152	0.120044	0.0582033	0.0488023	0.0408313	0.0182896	0.00348733	0	3.757058	1.684268	0.8106418	0.1893582	48.33573
3940	12.8579	-22.5761	35.4341	0.127514	0.872486	1.410995	0.197328	0.121578	0.0583761	0.0487335	0.0407878	0.0179995	0.00344336	0	3.063428	1.924788	0.8724862	0.1275138	84.09842
3950	12.2639	-22.3623	34.6263	0.134819	0.865181	5.582515	0.199329	0.121635	0.0582165	0.0473742	0.0407378	0.0179708	0.00349438	0	3.871241	1.98886	0.8651805	0.1348195	97.46754
3960	11.2781	-19.8672	31.1454	0.223249	0.776751	1.630104	0.202948	0.122064	0.0584033	0.0465534	0.041397	0.0185803	0.00348323	0	7.352155	1.943701	0.7767509	0.2232491	87.84181
3970	11.0442	-21.6163	32.6606	0.14968	0.85032	3.387562	0.205242	0.121562	0.0583184	0.0478703	0.042	0.01788	0.00347511	0	5.836922	1.666938	0.8503195	0.1496805	46.44489
3980	12.3968	-22.5341	34.9308	0.429344	0.570656	1.256923	0.199892	0.120797	0.0580916	0.0472651	0.0419533	0.0182849	0.00347995	0	3.566665	1.80396	0.5706562	0.4293438	63.67371
3990	12.4263	-22.7407	35.1669	0.190775	0.809225	4.6818	0.205614	0.119227	0.0583969	0.0487533	0.0414908	0.0184292	0.00335881	0	3.330591	1.869996	0.8092251	0.1907749	74.13031
4000	10.8557	-26.1499	37.0055	0.461948	0.538052	4.82035	0.203323	0.119586	0.0570072	0.0471067	0.0416899	0.0187311	0.00347467	0	1.491993	1.825186	0.5380523	0.4619477	66.86302
4010	12.8124	-23.7583	36.5707	0.0551523	0.944848	2.16699	0.201304	0.122379	0.0561391	0.0470428	0.0415626	0.0187105	0.00345631	0	1.926784	1.897101	0.9448477	0.0551523	78.90435
4020	12.0431	-23.3195	35.3627	0.210951	0.789049	3.53984	0.198381	0.120703	0.0567896	0.0482874	0.0416308	0.0182161	0.00342921	0	3.134848	1.684857	0.7890493	0.2109507	48.40133
4030	12.9526	-21.0376	33.9902	0.0309615	0.969039	3.392709	0.204821	0.121678	0.0575839	0.048105	0.0417175	0.0178883	0.00344065	0	4.507303	1.889294	0.9690385	0.03096149	77.49858
4040	10.7744	-20.3036	31.078	0.678268	0.321732	1.348709	0.199584	0.121231	0.0574748	0.0472476	0.0410095	0.0183676	0.00339569	0	7.419546	1.825391	0.3217324	0.6782676	66.89465
4050	11.2081	-21.2395	32.4476	0.218333	0.781667	3.95059	0.199267	0.119078	0.0574594	0.0474571	0.0414534	0.0179901	0.00346689	0	6.049883	1.780993	0.7816667	0.2183333	60.3939
4060	13.2513	-20.6739	33.9252	0.220614	0.779386	3.379906	0.20496	0.12066	0.05785	0.0478985	0.0414505	0.0179972	0.00349005	0	4.57235	1.976771	0.7793857	0.2206143	94.79178
4070	11.2002	-21.7067	32.9068	0.37421	0.62579	1.860342	0.200633	0.121947	0.056785	0.0481564	0.0414751	0.0179408	0.00339099	0	5.590665	1.602177	0.6257903	0.3742097	40.01078
4080	12.3348	-24.0905	36.4253	0.855363	0.144637	2.193438	0.199029	0.122397	0.057174	0.0475129	0.0408349	0.0185123	0.00337282	0	2.072256	1.84432	0.1446366	0.8553634	69.87466
4090	9.75103	-21.0575	30.8086	0.326617	0.673383	5.009574	0.201484	0.120736	0.0560736	0.0485555	0.0404496	0.0184569	0.00347813	0	7.688946	1.874409	0.6733835	0.3266165	74.88736
4100	12.9289	-21.3674	34.2962	0.85928	0.14072	3.285475	0.200203	0.117243	0.0587037	0.0472087	0.0402022	0.0181803	0.00347509	0	4.201267	1.88776	0.1407198	0.8592802	77.22534
4110	12.6454	-23.5679	36.2133	0.300148	0.699852	1.860125	0.197351	0.116771	0.0579743	0.0472156	0.0415253	0.0183995	0.00343362	0	2.284235	1.853766	0.6998517	0.3001483	71.41118
4120	11.2127	-20.8831	32.0958	0.947301	0.0526991	4.562879	0.199476	0.120532	0.056448	0.0479699	0.0420596	0.0187898	0.00337441	0	6.401716	1.913575	0.05269912	0.9473009	81.9549
4130	13.4686	-21.8508	35.3194	0.791658	0.208342	3.092766	0.199737	0.121785	0.0587616	0.0469008	0.0410803	0.0187639	0.00336468	0	3.178108	1.960351	0.2083422	0.7916578	91.27476
4140	8.73103	-19.8906	28.6216	0.985649	0.0143507	1.202948	0.201184	0.117212	0.0567065	0.0481149	0.0417744	0.018314	0.00341136	0	9.875887	1.757948	0.01435073	0.9856493	57.27276
4150	12.9436	-21.7717	34.7154	0.23215	0.76785	2.859919	0.199131	0.117218	0.0560788	0.0486609	0.0416157	0.0183655	0.0034638	0	3.78212	1.814871	0.7678499	0.2321501	65.29364
4160	11.5401	-22.6841	34.2242	0.0986295	0.901371	2.84759	0.198816	0.119326	0.0559745	0.048602	0.0419529	0.0186069	0.00351988	0	4.273258	1.560353	0.9013705	0.09862946	36.33729
4170	11.9341	-21.0293	32.9634	0.90572	0.0942797	0.9464479	0.196084	0.122173	0.057248	0.0484158	0.0416198	0.0183135	0.00350651	0	5.534137	1.948695	0.09427974	0.9057203	88.85771
4180	13.3297	-22.7274	36.057	0.0883703	0.91163	2.240344	0.197768	0.120911	0.0569303	0.0468098	0.0417366	0.0183696	0.00351935	0	2.440488	1.952162	0.9116297	0.08837028	89.56978
4190	13.4742	-22.2731	35.7473	0.43074	0.56926	3.429828	0.201489	0.119539	0.056597	0.0479674	0.0406259	0.0181207	0.00338018	0	2.750211	1.959383	0.56926	0.43074	91.07153
4200	11.1004	-20.2284	31.3288	0.000791722	0.999208	1.999978	0.200979	0.119195	0.0564669	0.0486956	0.0410977	0.0185351	0.00341398	0	7.16873	1.787165	0.9992083	0.000791722	61.25827
4210	12.2679	-21.5164	33.7842	0.870141	0.129859	5.096458	0.199603	0.118835	0.056151	0.0479707	0.041647	0.0186427	0.00338879	0	4.713268	1.993749	0.1298589	0.8701411	98.57101
4220	13.3415	-21.8397	35.1812	0.0598577	0.940142	3.729402	0.203646	0.118933	0.0566138	0.0467824	0.0418726	0.0181583	0.00346489	0	3.316263	1.916942	0.9401423	0.05985767	82.59269
4230	13.5291	-22.0927	35.6217	0.183575	0.816425	3.108804	0.204972	0.121636	0.0561185	0.0474833	0.0415021	0.0183427	0.00351924	0	2.875763	1.931399	0.8164252	0.1835748	85.38851
4240	13.2839	-20.9915	34.2754	0.65135	0.34865	3.11808	0.196329	0.122084	0.0580773	0.0467328	0.0410448	0.0184332	0.00342944	0	4.222083	1.959623	0.3486496	0.6513504	91.12201
4250	11.5157	-21.2584	32.7741	0.341447	0.658553	1.136557	0.196075	0.12001	0.0565774	0.0466565	0.0411077	0.0183156	0.00342947	0	5.723368	1.752009	0.6585526	0.3414474	56.49486
4260	12.7306	-20.306	33.0365	0.528008	0.471992	3.606058	0.198278	0.118574	0.0573907	0.0474427	0.0413653	0.0182154	0.0033866	0	5.460985	1.994853	0.4719921	0.5280079	98.82176
4270	11.8802	-22.1565	34.0367	0.900433	0.0995665	1.506078	0.196799	0.116514	0.0575198	0.0474439	0.0404509	0.0182468	0.00343615	0	4.460777	1.69847	0.0995665	0.9004335	49.94242
4280	12.2982	-22.1116	34.4099	0.511061	0.488939	2.483924	0.198631	0.118694	0.0579144	0.0489863	0.0403194	0.0184067	0.00338417	0	4.087652	1.715986	0.4889394	0.5110606	51.99797
4290	11.5996	-20.5083	32.1078	0.40898	0.59102	2.068981	0.202371	0.117629	0.0578707	0.0484516	0.0420516	0.0186103	0.00339379	0	6.38969	1.805785	0.5910205	0.4089795	63.94176
4300	8.7473	-25.1465	33.8938	0.111175	0.888825	2.858101	0.205175	0.117439	0.0578738	0.0465642	0.0422675	0.0187039	0.00347707	0	4.603736	1.249636	0.8888251	0.1111749	17.76789
4310	12.589	-22.4661	35.0551	0.416927	0.583073	2.580143	0.204135	0.118265	0.0585776	0.0470394	0.0420008	0.0179914	0.00344088	0	3.442366	1.743549	0.5830734	0.4169266	55.40501
4320	12.0536	-21.8786	33.9322	0.421727	0.578273	5.024838	0.19589	0.120267	0.0579	0.0486133	0.0421992	0.0182626	0.0034318	0	4.565343	1.926012	0.5782725	0.4217275	84.33585
4330	11.842	-21.4454	33.2874	0.384923	0.615077	3.931857	0.196462	0.121451	0.0574911	0.0480229	0.0410953	0.0183674	0.00337746	0	5.210125	1.81273	0.6150772	0.3849228	64.97252
4340	13.2398	-21.9183	35.1581	0.516926	0.483074	3.383923	0.197466	0.116896	0.0572697	0.0487988	0.0409749	0.0187593	0.00340943	0	3.339393	1.902865	0.4830744	0.5169256	79.95857
4350	12.9917	-23.5276	36.5193	0.423456	0.576544	3.495402	0.197261	0.119309	0.0583023	0.0467684	0.0420164	0.0186909	0.0034601	0	1.978201	1.931053	0.5765438	0.4234562	85.32037
4360	12.4466	-20.0815	32.5281	0.521873	0.478127	3.452136	0.197229	0.116559	0.0587109	0.0487504	0.0422151	0.0183447	0.00348905	0	5.969415	1.98166	0.4781275	0.5218725	95.86487
4370	10.9147	-21.7693	32.684	0.237014	0.762986	1.766318	0.199585	0.116538	0.0577004	0.0486627	0.0412988	0.0180452	0.00335414	0	5.813504	1.555419	0.7629862	0.2370138	35.92685
4380	9.32927	-22.0591	31.3883	0.730629	0.269371	4.839006	0.200143	0.12246	0.0568398	0.0484991	0.0410015	0.0181555	0.00349666	0	7.109187	1.73898	0.2693709	0.7306291	54.82514
4390	12.1485	-24.095	36.2436	0.895524	0.104476	1.80571	0.199814	0.119138	0.0572978	0.0484033	0.0409896	0.018033	0.00340401	0	2.253929	1.806623	0.1044762	0.8955238	64.06537
4400	8.36795	-26.0566	34.4245	0.118095	0.881905	0.5959121	0.196216	0.121375	0.0582452	0.0481292	0.0405164	0.0183191	0.00348801	0	4.072991	1.023226	0.8819049	0.1180951	10.54936
4410	6.37367	-19.648	26.0217	0.958715	0.0412852	0.2429917	0.197835	0.122059	0.056348	0.048216	0.0409712	0.0185977	0.00340958	0	12.47579	1.83294	0.04128524	0.9587148	68.0675
4420	11.2841	-21.3098	32.5939	0.630983	0.369017	0.4904475	0.199267	0.120255	0.0572323	0.0482299	0.040535	0.0181797	0.00340167	0	5.903643	1.902103	0.3690168	0.6309832	79.81845
4430	10.3648	-23.5742	33.939	0.290061	0.709939	3.355218	0.204704	0.120544	0.057796	0.0486295	0.0412977	0.0182293	0.00336971	0	4.558541	1.498665	0.709939	0.290061	31.52575
4440	13.5095	-22.1328	35.6424	0.0193207	0.980679	3.692697	0.204101	0.12131	0.0582578	0.0485108	0.0411225	0.0185867	0.00335143	0	2.855145	1.943198	0.9806793	0.01932066	87.73998
4450	12.7413	-23.0653	35.8066	0.382374	0.617626	2.638127	0.205434	0.118692	0.0576497	0.0477835	0.0410997	0.0185655	0.00335823	0	2.690954	1.786782	0.6176256	0.3823744	61.20437
4460	11.7864	-19.7113	31.4977	0.0565076	0.943492	2.597465	0.20338	0.120074	0.0582875	0.0483649	0.0401829	0.0180315	0.00342457	0	6.999771	1.962995	0.9434924	0.05650759	91.83229
4470	11.2767	-20.5575	31.8342	0.0763255	0.923675	1.030721	0.205954	0.121258	0.0580935	0.0474956	0.040396	0.0179175	0.00345831	0	6.66334	1.87109	0.9236745	0.0763255	74.31723
4480	11.362	-20.7158	32.0778	0.516887	0.483113	2.175789	0.203141	0.122194	0.0577143	0.0467404	0.0413694	0.0182003	0.00337225	0	6.419657	1.754415	0.4831131	0.5168869	56.8087
4490	12.1352	-20.4074	32.5426	0.992337	0.00766347	3.897997	0.200978	0.117477	0.0585973	0.0487697	0.0419928	0.0183947	0.00346293	0	5.954924	1.950453	0.007663469	0.9923365	89.21817
4500	13.3311	-20.9828	34.3139	0.21985	0.78015	3.726141	0.200739	0.116716	0.0577398	0.0486593	0.0414302	0.0185518	0.0034982	0	4.183618	1.972157	0.7801496	0.2198504	93.79001
4510	13.0209	-22.431	35.4518	0.290469	0.709531	2.669357	0.198557	0.116635	0.0576759	0.0484116	0.0417564	0.0183562	0.00348219	0	3.045662	1.816168	0.709531	0.290469	65.48897
4520	13.2626	-22.8017	36.0643	0.278126	0.721874	4.166866	0.200228	0.118948	0.0582347	0.0467961	0.0411466	0.0181622	0.00336877	0	2.433226	1.972912	0.7218736	0.2781264	93.95324
4530	12.5033	-23.5962	36.0994	0.785959	0.214041	5.182106	0.204519	0.116945	0.0586053	0.047898	0.0408094	0.0187231	0.00335009	0	2.398084	1.985524	0.2140415	0.7859585	96.72169
4540	13.3656	-22.4564	35.822	0.75418	0.24582	4.090066	0.205912	0.117143	0.0568095	0.0472905	0.0404321	0.0183193	0.0033798	0	2.675474	1.994445	0.2458203	0.7541797	98.72915
4550	11.1175	-25.1291	36.2465	0.759322	0.240678	4.984617	0.204818	0.117468	0.0574174	0.0483037	0.0402873	0.0184054	0.00341885	0	2.250972	1.800253	0.2406781	0.7593219	63.13246
4560	10.1309	-20.0597	30.1906	0.493486	0.506514	2.823183	0.204783	0.117352	0.056727	0.0487516	0.0406111	0.0179984	0.00336638	0	8.306931	1.790397	0.5065142	0.4934858	61.71596
4570	10.9336	-23.2472	34.1809	0.330935	0.669065	4.418705	0.20345	0.117547	0.0573083	0.0471927	0.0408313	0.0186556	0.00338315	0	4.316645	1.684191	0.6690647	0.3309353	48.32715
4580	12.5536	-22.0512	34.6048	0.36486	0.63514	1.141949	0.196825	0.119794	0.0561521	0.0467693	0.0414026	0.0184666	0.0035019	0	3.892723	1.90424	0.6351402	0.3648598	80.21221
4590	12.71	-22.095	34.805	0.163422	0.836578	1.326235	0.201793	0.117995	0.0562086	0.0486899	0.0409183	0.0187438	0.00334718	0	3.6925	1.893473	0.8365777	0.1634223	78.24798
4600	12.5853	-21.8911	34.4764	0.843076	0.156924	1.12326	0.202167	0.118373	0.056965	0.048069	0.0419248	0.0179506	0.00342612	0	4.021079	1.962475	0.1569244	0.8430756	91.72239
4610	11.2687	-19.8952	31.1639	0.0556147	0.944385	2.141683	0.20082	0.118025	0.0586202	0.0485576	0.0414036	0.0179762	0.00344387	0	7.333609	1.876863	0.9443853	0.0556147	75.31181
4620	11.8152	-19.8285	31.6437	0.0769385	0.923062	3.225962	0.204071	0.121336	0.0582136	0.0489382	0.0419113	0.0178546	0.00342069	0	6.853808	1.953617	0.9230615	0.07693846	89.87038
4630	11.4209	-25.4987	36.9196	0.815495	0.184505	1.547158	0.203379	0.120811	0.0586159	0.0479878	0.040277	0.0180605	0.00337442	0	1.5779	1.902636	0.1845048	0.8154952	79.91636
4640	12.1795	-23.5644	35.7439	0.327388	0.672612	5.505673	0.19716	0.120679	0.0573402	0.0470399	0.0410468	0.0180774	0.00342255	0	2.753647	1.95366	0.6726117	0.3273883	89.87935
4650	13.0501	-22.1347	35.1848	0.200617	0.799383	1.894253	0.200262	0.11948	0.0570018	0.046798	0.0418569	0.017903	0.00338933	0	3.312669	1.883984	0.7993829	0.2006171	76.55683
4660	13.5083	-21.1253	34.6336	0.0286918	0.971308	2.351918	0.204456	0.117774	0.0576434	0.0480125	0.0422329	0.0184431	0.00341588	0	3.86392	1.992375	0.9713082	0.02869181	98.25959
4670	12.8432	-22.914	35.7573	0.976839	0.0231614	4.739693	0.202578	0.121642	0.0581856	0.0477982	0.0421145	0.0186171	0.00351214	0	2.740238	1.963924	0.02316141	0.9768386	92.02894
4680	12.1329	-24.5825	36.7153	0.0163966	0.983603	1.953049	0.206115	0.121844	0.0586997	0.046805	0.0418798	0.0180565	0.00338441	0	1.782183	1.755289	0.9836034	0.01639663	56.92317
4690	13.4628	-21.6225	35.0853	0.98898	0.0110195	3.659248	0.201568	0.122391	0.0562355	0.0471526	0.0416745	0.0182133	0.00344356	0	3.412189	1.981594	0.0110195	0.9889805	95.85034
4700	12.1296	-21.6672	33.7968	0.596415	0.403585	1.184413	0.202798	0.118617	0.0577794	0.0467292	0.0412327	0.0184223	0.00337909	0	4.700695	1.825734	0.4035853	0.5964147	66.94745
4710	13.1941	-21.6961	34.8902	0.206614	0.793386	2.711225	0.203479	0.119893	0.0569393	0.0472545	0.0416528	0.0187909	0.00340261	0	3.607345	1.867839	0.7933862	0.2066138	73.76308
4720	11.427	-22.7276	34.1546	0.909722	0.0902783	1.151956	0.20442	0.121561	0.0565132	0.0474029	0.0403932	0.0183958	0.00338625	0	4.342941	1.624501	0.09027825	0.9097217	42.12126
4730	10.2352	-20.7803	31.0156	0.513967	0.486033	0.2024898	0.205765	0.121649	0.0587287	0.0467738	0.040877	0.0179555	0.00339191	0	7.48192	1.950705	0.4860331	0.5139669	89.26993
4740	11.9643	-22.1044	34.0687	0.173554	0.826446	0.8227176	0.205035	0.118894	0.0569945	0.0468885	0.0414771	0.0181634	0.00345979	0	4.428794	1.792477	0.8264464	0.1735536	62.01222
4750	13.2332	-22.3782	35.6115	0.116919	0.883081	2.504096	0.204907	0.120564	0.0568343	0.0471222	0.0402708	0.0187463	0.00350825	0	2.886047	1.856195	0.8830808	0.1169192	71.81159
4760	12.4283	-21.7965	34.2248	0.281443	0.718557	4.237821	0.19741	0.122258	0.0564183	0.0471518	0.0407234	0.0187087	0.00350414	0	4.272658	1.859579	0.7185574	0.2814426	72.37332
4770	12.7548	-23.5923	36.3471	0.701003	0.298997	2.799594	0.201046	0.120477	0.0570439	0.0476409	0.0409715	0.0179985	0.00341397	0	2.150359	1.876202	0.2989971	0.7010029	75.19721
4780	12.7825	-22.9356	35.7181	0.593571	0.406429	2.807195	0.201676	0.116946	0.0564697	0.0487053	0.0409761	0.0186823	0.00336574	0	2.779417	1.808812	0.4064287	0.5935713	64.38908
4790	11.6814	-19.9495	31.631	0.0801737	0.919826	2.244033	0.203868	0.119729	0.0559024	0.0489832	0.0403222	0.018765	0.00343896	0	6.866551	1.903244	0.9198263	0.08017366	80.02834
4800	12.2615	-20.7383	32.9998	0.164632	0.835368	4.106355	0.202008	0.119749	0.0564145	0.0484103	0.0405345	0.0179131	0.00337445	0	5.497714	1.931965	0.835368	0.164632	85.4998
4810	12.2059	-20.01	32.2159	0.845662	0.154338	3.556368	0.198382	0.119474	0.056373	0.0467979	0.0406704	0.0181237	0.00340588	0	6.281609	1.993933	0.1543381	0.8456619	98.61266
4820	12.0748	-20.9549	33.0297	0.37564	0.62436	1.808982	0.206109	0.119644	0.0562125	0.0467805	0.0405987	0.017986	0.00335057	0	5.467853	1.812667	0.6243599	0.3756401	64.96315
4830	11.059	-21.7	32.759	0.747981	0.252019	4.632413	0.203963	0.122225	0.057952	0.0471346	0.0401718	0.0184119	0.00340991	0	5.738531	1.833036	0.2520194	0.7479806	68.08259
4840	10.6257	-20.4146	31.0403	0.876855	0.123145	4.846	0.203773	0.119311	0.0584496	0.0470927	0.04216	0.018357	0.00341672	0	7.457211	1.983391	0.1231447	0.8768553	96.24793
4850	11.62	-20.1546	31.7746	0.744684	0.255316	3.461316	0.202376	0.119561	0.0580142	0.0469863	0.04073	0.0179064	0.00340931	0	6.722946	1.915251	0.2553162	0.7446838	82.27171
4860	12.9287	-20.586	33.5146	0.0153386	0.984661	3.490204	0.195963	0.118408	0.0580998	0.0466423	0.0417811	0.0180353	0.00343587	0	4.982867	1.948335	0.9846614	0.01533861	88.78415
4870	11.9017	-21.6626	33.5643	0.446966	0.553034	5.430221	0.198096	0.121147	0.058767	0.0477101	0.0406913	0.0179105	0.00338322	0	4.933198	1.99906	0.5530336	0.4469664	99.78381
4880	12.9186	-22.8937	35.8123	0.285964	0.714036	4.060446	0.199691	0.121099	0.0585951	0.047285	0.0402957	0.0180106	0.00344815	0	2.685213	1.887813	0.7140357	0.2859643	77.23472
4890	13.4667	-21.3879	34.8546	0.21139	0.78861	2.217041	0.196898	0.119446	0.0585996	0.0467115	0.040788	0.0187414	0.00348482	0	3.642882	1.984674	0.7886096	0.2113904	96.53262
4900	12.0085	-21.3719	33.3804	0.954151	0.0458489	3.731835	0.197407	0.11797	0.0588131	0.046815	0.0403675	0.0180696	0.00345508	0	5.11708	1.827519	0.04584895	0.9541511	67.22319
4910	11.1837	-25.6077	36.7913	0.656054	0.343946	1.057792	0.200001	0.116951	0.0577513	0.0471239	0.0408716	0.0183332	0.00345979	0	1.706181	1.888767	0.3439464	0.6560536	77.4047
4920	12.8455	-22.2373	35.0828	0.173908	0.826092	1.386573	0.198179	0.117407	0.057876	0.0466985	0.040588	0.0181725	0.00344352	0	3.414726	1.922098	0.8260915	0.1739085	83.57925
4930	11.7965	-20.2907	32.0872	0.923269	0.0767315	3.53969	0.197129	0.116981	0.056959	0.0472476	0.0411492	0.0180997	0.00347448	0	6.410309	1.910524	0.07673149	0.9232685	81.38123
4940	12.5734	-20.2463	32.8197	0.289847	0.710153	3.070475	0.206095	0.117888	0.0570217	0.0469827	0.0418797	0.0184811	0.00343694	0	5.677843	1.948424	0.7101534	0.2898466	88.80226
4950	12.6507	-22.0487	34.6994	0.16872	0.83128	1.713237	0.203473	0.120278	0.0575428	0.048235	0.0417938	0.0182456	0.00339336	0	3.798139	1.786355	0.8312801	0.1687199	61.1441
4960	11.6667	-23.9225	35.5893	0.151904	0.848096	0.7582866	0.205395	0.122181	0.0573084	0.048052	0.0419466	0.0183154	0.00336569	0	2.908222	1.667231	0.8480958	0.1519042	46.47622
4970	10.685	-23.3694	34.0544	0.163881	0.836119	0.874372	0.20153	0.121479	0.0584585	0.0478875	0.0408916	0.0183642	0.00338205	0	4.443097	1.385156	0.8361191	0.1638809	24.2748
4980	11.4854	-22.9528	34.4382	0.241855	0.758145	2.399256	0.197026	0.121095	0.0576048	0.047724	0.0416878	0.0182207	0.00338718	0	4.059331	1.54133	0.7581448	0.2418552	34.78004
4990	13.2264	-20.8302	34.0565	0.628876	0.371124	2.795652	0.202383	0.120747	0.0576535	0.0475027	0.0410517	0.0186825	0.00339279	0	4.440965	1.966682	0.3711238	0.6288762	92.6151
5000	12.1491	-22.2893	34.4384	0.520482	0.479518	3.469043	0.198408	0.118434	0.0577392	0.0474591	0.0422636	0.0183876	0.00338911	0	4.059106	1.744391	0.4795178	0.5204822	55.51259
