Iteration	start_1	end_1	start_2	end_2	start_3	end_3	start_4	end_4	start_5	end_5	start_6	end_6	start_7	end_7	start_8	end_8	start_9	end_9	start_10	end_10	start_11	end_11	start_12	end_12	start_13	end_13	start_14	end_14	start_15	end_15
0	1	8	1	7	1	6	5	5	4	4	3	3	2	2	1	1	1	9	3	14	3	17	1	10	1	1	1	1	1	1
10	2	8	2	7	2	6	1	5	4	4	4	3	3	2	3	1	2	3	4	4	1	12	1	9	2	2	1	2	1	1
20	5	8	5	7	2	6	17	5	3	4	3	3	4	2	4	1	2	4	3	3	9	17	1	9	2	5	1	2	1	1
30	17	8	3	7	2	6	18	5	3	4	3	3	4	2	4	1	2	4	4	3	2	18	1	2	2	17	1	2	1	1
40	5	8	15	7	1	6	2	5	4	4	3	3	2	2	3	1	2	11	2	14	2	2	1	2	1	15	1	1	1	1
50	14	8	4	7	2	6	4	5	3	4	10	3	1	2	1	1	2	1	4	10	3	4	1	11	2	14	1	2	1	1
60	10	8	1	7	1	6	4	5	4	4	3	3	1	2	1	1	2	1	4	14	2	4	1	2	1	10	1	1	1	1
70	5	8	5	7	1	6	17	5	4	4	4	3	14	2	4	1	2	14	5	4	2	17	1	2	1	5	1	1	1	1
80	3	8	3	7	1	6	3	5	4	4	4	3	9	2	2	1	2	9	3	4	2	3	1	2	1	3	1	1	1	1
90	5	8	5	7	2	6	5	5	13	4	4	3	4	2	4	1	2	4	5	13	2	5	1	2	2	5	1	2	1	1
100	3	8	4	7	1	6	3	5	4	4	4	3	1	2	1	1	1	1	3	4	1	3	1	1	1	14	1	1	1	1
110	5	8	5	7	1	6	3	5	4	4	3	3	2	2	1	1	1	9	3	14	1	3	1	1	1	5	1	1	1	1
120	5	8	5	7	2	6	5	5	5	4	3	3	2	2	2	1	3	2	5	17	3	5	1	3	2	5	1	2	1	1
130	13	8	4	7	2	6	3	5	7	4	7	3	3	2	3	1	2	3	3	7	2	3	1	2	2	13	1	2	1	1
140	3	8	3	7	1	6	17	5	1	4	3	3	4	2	4	1	1	4	5	10	1	17	1	1	1	3	1	1	1	1
150	1	8	15	7	2	6	4	5	4	4	4	3	3	2	3	1	1	3	4	4	1	4	1	1	2	15	1	2	1	1
160	3	8	3	7	1	6	6	5	4	4	3	3	3	2	3	1	11	3	3	14	2	21	1	11	1	3	1	1	1	1
170	4	8	4	7	1	6	4	5	4	4	4	3	2	2	11	1	2	11	4	4	2	4	1	2	9	4	1	9	1	1
180	5	8	17	7	2	6	3	5	4	4	3	3	2	2	2	1	2	2	3	14	2	3	1	2	2	17	1	2	1	1
190	5	8	5	7	1	6	2	5	27	4	4	3	4	2	4	1	1	4	2	27	1	2	1	1	1	5	1	1	1	1
200	4	8	4	7	1	6	5	5	3	4	3	3	1	2	1	1	1	1	5	3	3	5	1	10	1	4	1	1	1	1
210	4	8	4	7	1	6	1	5	1	4	1	3	3	2	2	1	1	11	1	1	1	1	1	1	1	4	1	1	1	1
220	5	8	17	7	1	6	2	5	1	4	1	3	9	2	2	1	3	9	11	1	11	11	1	11	1	17	1	1	1	1
230	3	8	3	7	2	6	4	5	4	4	3	3	9	2	2	1	1	9	4	14	1	4	1	1	2	3	1	2	1	1
240	18	8	5	7	2	6	5	5	3	4	3	3	1	2	1	1	2	1	5	3	2	5	1	2	2	18	1	2	1	1
250	3	8	4	7	2	6	5	5	4	4	4	3	4	2	3	1	2	14	5	4	1	5	1	9	2	14	1	2	1	1
260	14	8	3	7	1	6	5	5	4	4	4	3	3	2	3	1	2	3	5	4	2	5	1	2	1	14	1	1	1	1
270	1	8	1	7	2	6	4	5	4	4	4	3	2	2	2	1	11	2	4	4	2	4	1	11	2	1	1	2	1	1
280	5	8	5	7	1	6	3	5	4	4	14	3	3	2	1	1	2	10	3	14	2	3	1	2	1	5	1	1	1	1
290	3	8	3	7	2	6	3	5	14	4	3	3	4	2	4	1	2	4	3	14	2	3	1	2	2	3	1	2	1	1
300	4	8	1	7	1	6	5	5	5	4	4	3	3	2	1	1	3	10	5	18	3	5	1	3	1	12	1	1	1	1
310	5	8	5	7	2	6	3	5	4	4	4	3	4	2	4	1	3	4	4	4	3	14	1	3	2	5	1	2	1	1
320	13	8	4	7	2	6	3	5	4	4	4	3	2	2	2	1	1	2	3	4	1	3	1	1	2	13	1	2	1	1
330	3	8	14	7	1	6	5	5	4	4	3	3	9	2	2	1	3	9	4	14	3	18	1	3	1	14	1	1	1	1
340	1	8	1	7	1	6	3	5	3	4	3	3	1	2	3	1	2	10	3	3	2	3	1	2	1	1	1	1	1	1
350	1	8	4	7	1	6	3	5	4	4	3	3	1	2	1	1	9	1	3	14	1	3	1	9	1	12	1	1	1	1
360	2	8	2	7	1	6	4	5	3	4	3	3	2	2	2	1	2	2	4	3	2	4	1	2	1	2	1	1	1	1
370	5	8	5	7	1	6	5	5	5	4	3	3	3	2	3	1	2	3	5	17	2	5	1	2	1	5	1	1	1	1
380	3	8	1	7	2	6	3	5	3	4	3	3	3	2	4	1	2	14	5	3	2	17	1	2	2	10	1	2	1	1
390	3	8	3	7	2	6	3	5	3	4	3	3	4	2	4	1	1	4	10	3	1	10	1	1	2	3	1	2	1	1
400	3	8	3	7	1	6	5	5	4	4	3	3	2	2	2	1	1	2	3	14	1	17	1	1	1	3	1	1	1	1
410	2	8	2	7	2	6	5	5	3	4	3	3	4	2	4	1	2	4	5	3	2	5	1	2	2	2	1	2	1	1
420	4	8	4	7	1	6	4	5	12	4	4	3	3	2	3	1	1	3	4	12	1	4	1	1	1	4	1	1	1	1
430	5	8	5	7	2	6	2	5	3	4	3	3	3	2	3	1	1	3	2	3	1	2	1	1	9	5	1	9	1	1
440	2	8	3	7	2	6	4	5	4	4	4	3	2	2	2	1	2	2	4	4	3	4	1	11	2	11	1	2	1	1
450	2	8	2	7	1	6	16	5	4	4	3	3	3	2	3	1	1	3	2	14	1	16	1	1	1	2	1	1	1	1
460	4	8	4	7	2	6	5	5	3	4	3	3	3	2	3	1	2	3	5	3	2	5	1	2	2	4	1	2	1	1
470	2	8	9	7	2	6	4	5	14	4	3	3	3	2	3	1	2	3	4	14	2	4	1	2	2	9	1	2	1	1
480	5	8	5	7	2	6	5	5	4	4	3	3	4	2	4	1	3	4	3	14	3	17	1	3	2	5	1	2	1	1
490	3	8	3	7	2	6	5	5	10	4	3	3	1	2	1	1	2	1	2	10	2	16	1	2	2	3	1	2	1	1
500	1	8	4	7	2	6	3	5	4	4	4	3	4	2	4	1	2	4	3	4	2	3	1	2	2	12	1	2	1	1
510	4	8	4	7	1	6	3	5	3	4	3	3	1	2	1	1	1	1	3	3	1	3	1	1	1	4	1	1	1	1
520	5	8	5	7	1	6	5	5	4	4	4	3	4	2	4	1	1	4	5	4	1	5	1	1	1	5	1	1	1	1
530	5	8	5	7	2	6	4	5	4	4	4	3	1	2	1	1	2	1	4	4	2	4	1	2	2	5	1	2	1	1
540	5	8	16	7	9	6	5	5	4	4	4	3	2	2	3	1	1	11	5	4	1	5	1	1	2	16	1	9	1	1
550	3	8	3	7	1	6	3	5	3	4	3	3	3	2	3	1	1	3	3	3	1	3	1	1	1	3	1	1	1	1
560	3	8	14	7	1	6	17	5	4	4	4	3	4	2	4	1	2	4	5	4	2	17	1	2	1	14	1	1	1	1
570	4	8	4	7	1	6	5	5	3	4	3	3	1	2	1	1	1	1	5	3	9	5	1	9	1	4	1	1	1	1
580	3	8	3	7	1	6	5	5	4	4	3	3	4	2	4	1	2	4	5	14	2	5	1	2	1	3	1	1	1	1
590	15	8	1	7	9	6	18	5	14	4	3	3	3	2	3	1	1	3	4	14	10	18	1	10	2	15	1	9	1	1
600	3	8	4	7	1	6	3	5	3	4	5	3	2	2	2	1	2	2	3	17	2	3	1	2	1	14	1	1	1	1
610	9	8	1	7	1	6	2	5	18	4	4	3	1	2	1	1	2	1	2	18	1	2	1	9	1	9	1	1	1	1
620	5	8	2	7	2	6	5	5	4	4	5	3	2	2	2	1	2	2	5	18	2	5	1	2	2	16	1	2	1	1
630	3	8	3	7	2	6	4	5	4	4	4	3	4	2	12	1	10	12	4	4	3	4	1	10	2	3	1	2	1	1
640	2	8	2	7	2	6	5	5	18	4	5	3	4	2	4	1	3	4	5	18	3	5	1	3	2	2	1	2	1	1
650	3	8	3	7	2	6	10	5	3	4	3	3	3	2	3	1	1	3	3	3	1	10	1	1	2	3	1	2	1	1
660	5	8	5	7	2	6	5	5	4	4	4	3	2	2	2	1	1	2	5	4	1	5	1	1	2	5	1	2	1	1
670	5	8	5	7	1	6	5	5	4	4	4	3	4	2	4	1	2	4	5	4	2	5	1	2	1	5	1	1	1	1
680	4	8	4	7	1	6	3	5	3	4	3	3	1	2	1	1	3	1	3	3	3	3	1	3	1	4	1	1	1	1
690	3	8	3	7	2	6	2	5	3	4	3	3	2	2	2	1	1	2	4	3	1	13	1	1	2	3	1	2	1	1
700	12	8	4	7	1	6	3	5	3	4	17	3	4	2	4	1	1	4	3	17	1	3	1	1	9	12	1	9	1	1
710	4	8	4	7	1	6	3	5	4	4	3	3	3	2	3	1	3	3	3	14	3	3	1	3	1	4	1	1	1	1
720	17	8	3	7	2	6	3	5	3	4	3	3	2	2	2	1	2	2	3	3	2	3	1	2	2	17	1	2	1	1
730	4	8	4	7	1	6	3	5	13	4	4	3	3	2	3	1	9	3	3	13	2	3	1	9	1	4	1	1	1	1
740	3	8	3	7	1	6	4	5	4	4	4	3	3	2	3	1	2	3	4	4	3	4	1	11	1	3	1	1	1	1
750	5	8	15	7	1	6	5	5	4	4	14	3	4	2	4	1	1	4	5	14	1	5	1	1	1	15	1	1	1	1
760	3	8	3	7	1	6	3	5	14	4	3	3	1	2	1	1	1	1	4	14	10	14	1	10	1	3	1	1	1	1
770	4	8	4	7	2	6	3	5	5	4	3	3	1	2	1	1	3	1	3	17	3	3	1	3	2	4	1	2	1	1
780	3	8	14	7	1	6	5	5	4	4	4	3	1	2	1	1	3	1	23	4	10	23	1	10	1	14	1	1	1	1
790	3	8	1	7	2	6	4	5	4	4	4	3	1	2	1	1	1	1	4	4	1	4	1	1	2	10	1	2	1	1
800	3	8	3	7	2	6	5	5	4	4	4	3	1	2	1	1	1	1	18	4	2	18	1	9	2	3	1	2	1	1
810	3	8	4	7	2	6	5	5	4	4	3	3	3	2	4	1	2	14	4	14	2	18	1	2	2	14	1	2	1	1
820	1	8	1	7	2	6	3	5	14	4	3	3	11	2	2	1	2	11	3	14	2	3	1	2	2	1	1	2	1	1
830	3	8	3	7	1	6	17	5	3	4	14	3	4	2	14	1	3	14	5	14	3	17	1	3	1	3	1	1	1	1
840	2	8	2	7	2	6	17	5	4	4	14	3	14	2	4	1	2	14	5	14	2	17	1	2	2	2	1	2	1	1
850	9	8	1	7	9	6	4	5	5	4	5	3	3	2	3	1	3	3	4	5	3	4	1	3	1	9	1	9	1	1
860	5	8	5	7	1	6	5	5	4	4	3	3	4	2	4	1	1	4	4	14	1	18	1	1	1	5	1	1	1	1
870	4	8	4	7	1	6	4	5	4	4	4	3	12	2	4	1	10	12	4	4	1	4	1	10	1	4	1	1	1	1
880	3	8	3	7	1	6	5	5	5	4	5	3	4	2	4	1	1	4	5	5	1	5	1	1	1	3	1	1	1	1
890	3	8	3	7	2	6	5	5	4	4	18	3	3	2	3	1	2	3	5	18	2	5	1	2	2	3	1	2	1	1
900	3	8	3	7	1	6	14	5	4	4	4	3	1	2	1	1	1	1	4	4	1	14	1	1	1	3	1	1	1	1
910	18	8	5	7	1	6	10	5	3	4	3	3	3	2	3	1	2	3	3	3	1	10	1	9	1	18	1	1	1	1
920	4	8	4	7	9	6	4	5	3	4	3	3	4	2	4	1	10	4	14	3	3	14	1	10	1	4	1	9	1	1
930	1	8	1	7	1	6	3	5	3	4	3	3	1	2	2	1	1	9	3	3	1	3	1	1	2	1	1	9	1	1
940	4	8	14	7	2	6	1	5	1	4	9	3	3	2	3	1	2	3	1	9	2	1	1	2	2	14	1	2	1	1
950	5	8	5	7	2	6	5	5	4	4	3	3	4	2	4	1	1	4	5	14	1	5	1	1	2	5	1	2	1	1
960	2	8	2	7	1	6	2	5	4	4	7	3	4	2	4	1	1	4	2	27	1	2	1	1	9	2	1	9	1	1
970	5	8	5	7	1	6	4	5	3	4	3	3	2	2	2	1	3	2	4	3	3	4	1	3	1	5	1	1	1	1
980	5	8	5	7	1	6	5	5	4	4	3	3	2	2	2	1	2	2	3	14	2	17	1	2	1	5	1	1	1	1
990	5	8	1	7	2	6	3	5	4	4	3	3	1	2	1	1	1	1	3	14	1	3	1	1	2	15	1	2	1	1
1000	3	8	17	7	1	6	4	5	4	4	3	3	13	2	2	1	1	13	4	14	2	4	1	9	1	17	1	1	1	1
1010	4	8	4	7	9	6	5	5	3	4	3	3	2	2	2	1	1	2	18	3	1	18	1	1	2	4	1	9	1	1
1020	5	8	5	7	2	6	4	5	4	4	2	3	3	2	3	1	2	3	4	13	1	4	1	9	2	5	1	2	1	1
1030	3	8	14	7	2	6	3	5	4	4	3	3	11	2	2	1	11	11	3	14	2	3	1	11	2	14	1	2	1	1
1040	3	8	3	7	2	6	5	5	3	4	3	3	1	2	1	1	3	1	5	3	3	5	1	3	2	3	1	2	1	1
1050	4	8	4	7	2	6	4	5	3	4	3	3	4	2	4	1	1	4	3	3	3	14	1	10	2	4	1	2	1	1
1060	5	8	5	7	1	6	4	5	4	4	4	3	2	2	2	1	2	2	4	4	2	4	1	2	1	5	1	1	1	1
1070	14	8	3	7	2	6	4	5	4	4	4	3	4	2	4	1	1	4	4	4	1	4	1	1	1	14	1	9	1	1
1080	3	8	17	7	2	6	2	5	4	4	4	3	3	2	3	1	3	3	16	4	3	16	1	3	2	17	1	2	1	1
1090	9	8	2	7	1	6	5	5	4	4	4	3	3	2	14	1	2	14	5	4	2	5	1	2	1	9	1	1	1	1
1100	1	8	1	7	1	6	9	5	18	4	5	3	1	2	1	1	1	1	2	18	1	9	1	1	1	1	1	1	1	1
1110	3	8	3	7	1	6	4	5	5	4	5	3	4	2	14	1	2	14	4	5	2	4	1	2	1	3	1	1	1	1
1120	3	8	3	7	1	6	4	5	3	4	3	3	3	2	3	1	1	3	2	3	1	13	1	1	1	3	1	1	1	1
1130	2	8	2	7	1	6	4	5	4	4	3	3	4	2	1	1	1	12	4	14	1	4	1	1	1	2	1	1	1	1
1140	4	8	4	7	9	6	5	5	3	4	3	3	1	2	1	1	1	1	5	3	1	5	1	1	2	4	1	9	1	1
1150	2	8	2	7	2	6	4	5	5	4	18	3	2	2	2	1	1	2	4	18	9	4	1	9	2	2	1	2	1	1
1160	2	8	2	7	2	6	5	5	4	4	4	3	1	2	9	1	1	9	17	4	1	17	1	1	2	2	1	2	1	1
1170	2	8	2	7	2	6	3	5	3	4	3	3	1	2	1	1	1	1	3	3	1	3	1	1	2	2	1	2	1	1
1180	4	8	4	7	2	6	3	5	2	4	3	3	1	2	1	1	2	1	3	11	2	3	1	2	1	4	1	9	1	1
1190	2	8	2	7	1	6	2	5	2	4	2	3	4	2	4	1	2	4	2	2	2	2	1	2	1	2	1	1	1	1
1200	4	8	4	7	2	6	5	5	4	4	14	3	3	2	1	1	2	10	5	14	1	5	1	9	2	4	1	2	1	1
1210	3	8	3	7	2	6	5	5	3	4	3	3	2	2	2	1	2	2	5	3	2	5	1	2	9	3	1	9	1	1
1220	1	8	1	7	1	6	3	5	4	4	3	3	3	2	3	1	2	3	3	14	2	3	1	2	1	1	1	1	1	1
1230	3	8	3	7	2	6	4	5	14	4	3	3	4	2	4	1	1	4	4	14	1	4	1	1	2	3	1	2	1	1
1240	16	8	2	7	1	6	5	5	3	4	17	3	1	2	1	1	3	1	18	17	3	18	1	3	1	16	1	1	1	1
1250	5	8	5	7	2	6	1	5	4	4	5	3	3	2	3	1	1	3	1	18	1	1	1	1	2	5	1	2	1	1
1260	5	8	4	7	1	6	1	5	3	4	3	3	3	2	3	1	1	3	3	3	1	10	1	1	1	18	1	1	1	1
1270	2	8	2	7	2	6	3	5	3	4	3	3	3	2	3	1	1	3	3	3	1	3	1	1	2	2	1	2	1	1
1280	5	8	5	7	1	6	1	5	3	4	3	3	2	2	2	1	2	2	1	3	2	1	1	2	1	5	1	1	1	1
1290	4	8	5	7	1	6	3	5	11	4	3	3	1	2	1	1	2	1	3	11	2	3	1	2	1	18	1	1	1	1
1300	5	8	5	7	2	6	5	5	1	4	3	3	4	2	4	1	1	4	3	10	1	17	1	1	1	5	1	9	1	1
1310	1	8	1	7	2	6	3	5	4	4	3	3	1	2	4	1	1	12	3	14	1	3	1	1	2	1	1	2	1	1
1320	3	8	3	7	2	6	5	5	5	4	3	3	4	2	4	1	2	4	5	17	2	5	1	2	2	3	1	2	1	1
1330	4	8	4	7	1	6	5	5	5	4	5	3	2	2	9	1	2	9	5	5	2	5	1	2	1	4	1	1	1	1
1340	16	8	5	7	2	6	17	5	14	4	3	3	3	2	3	1	2	3	3	14	2	17	1	2	9	16	1	9	1	1
1350	4	8	5	7	1	6	3	5	3	4	3	3	2	2	2	1	1	2	3	3	1	3	1	1	1	18	1	1	1	1
1360	3	8	3	7	1	6	1	5	4	4	13	3	2	2	2	1	3	2	2	13	1	9	1	10	1	3	1	1	1	1
1370	2	8	2	7	1	6	3	5	4	4	4	3	2	2	2	1	3	2	3	4	3	3	1	3	1	2	1	1	1	1
1380	1	8	1	7	1	6	5	5	4	4	4	3	10	2	3	1	2	10	5	4	2	5	1	2	1	1	1	1	1	1
1390	4	8	4	7	1	6	3	5	3	4	11	3	4	2	2	1	1	13	3	11	2	3	1	9	2	4	1	9	1	1
1400	3	8	3	7	1	6	15	5	13	4	4	3	3	2	2	1	2	11	1	13	2	15	1	2	1	3	1	1	1	1
1410	2	8	2	7	1	6	5	5	5	4	5	3	2	2	2	1	1	2	4	5	1	18	1	1	1	2	1	1	1	1
1420	3	8	3	7	1	6	4	5	4	4	4	3	3	2	3	1	2	3	4	4	2	4	1	2	9	3	1	9	1	1
1430	4	8	4	7	1	6	3	5	3	4	3	3	10	2	3	1	2	10	3	3	2	3	1	2	2	4	1	9	1	1
1440	2	8	2	7	1	6	3	5	4	4	3	3	4	2	4	1	2	4	3	14	2	3	1	2	9	2	1	9	1	1
1450	2	8	2	7	2	6	4	5	4	4	3	3	1	2	1	1	1	1	4	14	3	4	1	10	2	2	1	2	1	1
1460	5	8	5	7	1	6	4	5	3	4	3	3	3	2	2	1	3	11	4	3	3	4	1	3	1	5	1	1	1	1
1470	1	8	1	7	1	6	4	5	4	4	4	3	4	2	4	1	2	4	4	4	2	4	1	2	1	1	1	1	1	1
1480	4	8	4	7	1	6	4	5	3	4	3	3	2	2	2	1	3	2	14	3	3	14	1	3	1	4	1	1	1	1
1490	2	8	2	7	1	6	3	5	3	4	3	3	1	2	1	1	11	1	17	3	2	17	1	11	1	2	1	1	1	1
1500	2	8	2	7	1	6	4	5	3	4	3	3	3	2	11	1	3	11	3	3	3	14	1	3	1	2	1	1	1	1
1510	2	8	9	7	1	6	14	5	4	4	3	3	4	2	4	1	3	4	3	14	3	14	1	3	1	9	1	1	1	1
1520	5	8	5	7	9	6	14	5	4	4	14	3	2	2	2	1	2	2	4	14	2	14	1	2	2	5	1	9	1	1
1530	3	8	4	7	2	6	1	5	3	4	3	3	1	2	1	1	1	1	1	3	1	1	1	1	2	14	1	2	1	1
1540	1	8	1	7	1	6	3	5	5	4	5	3	2	2	2	1	3	2	3	5	3	3	1	3	1	1	1	1	1	1
1550	5	8	5	7	1	6	3	5	14	4	3	3	4	2	4	1	1	4	4	14	1	14	1	1	1	5	1	1	1	1
1560	5	8	5	7	2	6	5	5	18	4	5	3	1	2	1	1	1	1	5	18	10	5	1	10	2	5	1	2	1	1
1570	4	8	4	7	2	6	3	5	3	4	3	3	4	2	4	1	1	4	3	3	1	3	1	1	2	4	1	2	1	1
1580	3	8	3	7	1	6	3	5	3	4	3	3	10	2	1	1	2	10	3	3	2	3	1	2	1	3	1	1	1	1
1590	17	8	3	7	2	6	3	5	3	4	3	3	3	2	3	1	2	3	3	3	2	3	1	2	2	17	1	2	1	1
1600	3	8	3	7	1	6	3	5	4	4	4	3	2	2	2	1	1	2	4	4	1	14	1	1	1	3	1	1	1	1
1610	4	8	4	7	2	6	3	5	4	4	4	3	4	2	2	1	1	13	3	4	1	3	1	1	2	4	1	2	1	1
1620	3	8	3	7	2	6	1	5	17	4	5	3	3	2	3	1	2	3	3	17	2	10	1	2	2	3	1	2	1	1
1630	5	8	17	7	2	6	6	5	4	4	4	3	2	2	2	1	3	2	20	4	3	20	1	3	2	17	1	2	1	1
1640	4	8	4	7	1	6	5	5	14	4	3	3	3	2	3	1	3	3	4	14	3	18	1	3	1	4	1	1	1	1
1650	9	8	2	7	1	6	5	5	5	4	3	3	3	2	3	1	1	3	3	17	1	17	1	1	1	9	1	1	1	1
1660	4	8	18	7	2	6	14	5	14	4	3	3	1	2	1	1	2	1	4	14	2	14	1	2	2	18	1	2	1	1
1670	4	8	4	7	1	6	5	5	4	4	3	3	3	2	3	1	2	3	4	14	2	18	1	2	1	4	1	1	1	1
1680	1	8	1	7	1	6	4	5	4	4	4	3	2	2	2	1	2	2	4	4	11	4	1	11	1	1	1	1	1	1
1690	3	8	4	7	1	6	5	5	4	4	3	3	1	2	1	1	1	1	3	14	1	17	1	1	1	14	1	1	1	1
1700	5	8	5	7	1	6	6	5	3	4	21	3	4	2	13	1	3	13	6	21	3	6	1	3	1	5	1	1	1	1
1710	5	8	17	7	2	6	4	5	1	4	4	3	1	2	1	1	3	1	4	12	3	4	1	3	2	17	1	2	1	1
1720	14	8	4	7	9	6	4	5	4	4	4	3	2	2	2	1	9	2	4	4	1	4	1	9	2	14	1	9	1	1
1730	4	8	4	7	2	6	5	5	3	4	17	3	4	2	4	1	2	4	5	17	2	5	1	2	2	4	1	2	1	1
1740	3	8	11	7	1	6	5	5	4	4	4	3	3	2	14	1	1	14	5	4	1	5	1	1	1	11	1	1	1	1
1750	5	8	4	7	2	6	3	5	4	4	3	3	1	2	1	1	2	1	3	14	2	3	1	2	2	18	1	2	1	1
1760	2	8	2	7	2	6	5	5	3	4	3	3	3	2	4	1	2	14	5	3	2	5	1	2	2	2	1	2	1	1
1770	5	8	17	7	1	6	5	5	3	4	3	3	1	2	1	1	2	1	5	3	2	5	1	2	1	17	1	1	1	1
1780	3	8	3	7	2	6	5	5	5	4	5	3	2	2	2	1	3	2	5	5	3	5	1	3	1	3	1	9	1	1
1790	3	8	3	7	2	6	4	5	3	4	3	3	1	2	4	1	1	12	4	3	2	4	1	9	2	3	1	2	1	1
1800	4	8	4	7	2	6	3	5	14	4	3	3	1	2	1	1	2	1	3	14	2	3	1	2	2	4	1	2	1	1
1810	2	8	2	7	2	6	5	5	4	4	3	3	14	2	3	1	2	14	5	14	2	5	1	2	2	2	1	2	1	1
1820	4	8	12	7	1	6	1	5	16	4	2	3	3	2	3	1	3	3	1	16	3	1	1	3	1	12	1	1	1	1
1830	2	8	2	7	2	6	3	5	1	4	10	3	4	2	12	1	2	12	17	10	2	17	1	2	2	2	1	2	1	1
1840	2	8	2	7	1	6	1	5	4	4	4	3	13	2	2	1	3	13	1	4	3	1	1	3	1	2	1	1	1	1
1850	15	8	5	7	2	6	5	5	3	4	3	3	4	2	4	1	2	4	5	3	2	5	1	2	2	15	1	2	1	1
1860	5	8	5	7	2	6	3	5	6	4	6	3	4	2	4	1	1	4	6	6	1	21	1	1	2	5	1	2	1	1
1870	2	8	2	7	9	6	3	5	5	4	17	3	3	2	3	1	1	3	3	17	10	3	1	10	1	2	1	9	1	1
1880	3	8	5	7	1	6	5	5	4	4	4	3	3	2	4	1	1	14	5	4	1	5	1	1	1	17	1	1	1	1
1890	3	8	3	7	2	6	18	5	18	4	4	3	2	2	2	1	2	2	5	18	2	18	1	2	2	3	1	2	1	1
1900	2	8	5	7	1	6	18	5	4	4	3	3	13	2	2	1	2	13	4	14	2	18	1	2	1	16	1	1	1	1
1910	5	8	5	7	2	6	6	5	4	4	4	3	3	2	3	1	1	3	6	4	1	6	1	1	2	5	1	2	1	1
1920	3	8	3	7	2	6	5	5	4	4	14	3	4	2	4	1	2	4	5	14	2	5	1	2	2	3	1	2	1	1
1930	4	8	4	7	1	6	3	5	14	4	3	3	4	2	4	1	2	4	3	14	2	3	1	2	1	4	1	1	1	1
1940	3	8	2	7	1	6	2	5	2	4	3	3	4	2	1	1	2	12	11	11	9	11	1	9	1	11	1	1	1	1
1950	2	8	2	7	2	6	5	5	4	4	4	3	2	2	4	1	1	13	5	4	1	5	1	1	2	2	1	2	1	1
1960	4	8	4	7	1	6	3	5	4	4	4	3	4	2	3	1	2	14	3	4	2	3	1	2	9	4	1	9	1	1
1970	18	8	5	7	2	6	1	5	14	4	3	3	11	2	3	1	1	11	1	14	1	1	1	1	2	18	1	2	1	1
1980	4	8	4	7	1	6	1	5	4	4	4	3	1	2	1	1	3	1	1	4	3	1	1	3	1	4	1	1	1	1
1990	1	8	1	7	2	6	14	5	4	4	4	3	3	2	4	1	3	14	4	4	3	14	1	3	2	1	1	2	1	1
2000	1	8	2	7	2	6	2	5	3	4	3	3	3	2	3	1	2	3	2	3	2	2	1	2	2	9	1	2	1	1
2010	3	8	3	7	1	6	5	5	4	4	4	3	4	2	12	1	2	12	5	4	2	5	1	2	1	3	1	1	1	1
2020	3	8	3	7	1	6	2	5	14	4	3	3	4	2	4	1	2	4	2	14	2	2	1	2	1	3	1	1	1	1
2030	5	8	5	7	2	6	3	5	3	4	3	3	2	2	2	1	2	2	3	3	2	3	1	2	2	5	1	2	1	1
2040	4	8	4	7	1	6	4	5	4	4	4	3	3	2	3	1	3	3	4	4	3	4	1	3	1	4	1	1	1	1
2050	1	8	1	7	2	6	5	5	4	4	3	3	14	2	3	1	1	14	4	14	1	18	1	1	2	1	1	2	1	1
2060	1	8	3	7	2	6	5	5	4	4	5	3	1	2	1	1	3	1	5	18	3	5	1	3	2	10	1	2	1	1
2070	16	8	2	7	1	6	1	5	5	4	5	3	1	2	1	1	2	1	1	5	2	1	1	2	1	16	1	1	1	1
2080	14	8	4	7	1	6	5	5	17	4	3	3	4	2	4	1	3	4	5	17	3	5	1	3	1	14	1	1	1	1
2090	4	8	4	7	1	6	4	5	4	4	4	3	3	2	3	1	1	3	4	4	1	4	1	1	1	4	1	1	1	1
2100	5	8	5	7	1	6	5	5	4	4	4	3	1	2	1	1	3	1	5	4	3	5	1	3	1	5	1	1	1	1
2110	3	8	3	7	1	6	5	5	4	4	14	3	4	2	4	1	1	4	3	14	1	17	1	1	1	3	1	1	1	1
2120	18	8	5	7	2	6	5	5	3	4	3	3	1	2	12	1	1	12	18	3	10	18	1	10	2	18	1	2	1	1
2130	5	8	5	7	2	6	2	5	3	4	5	3	2	2	2	1	3	2	11	17	3	11	1	3	1	5	1	9	1	1
2140	1	8	1	7	1	6	5	5	5	4	3	3	4	2	4	1	1	4	5	17	1	5	1	1	2	1	1	9	1	1
2150	5	8	5	7	2	6	4	5	14	4	3	3	4	2	4	1	2	4	4	14	2	4	1	2	2	5	1	2	1	1
2160	5	8	5	7	2	6	2	5	18	4	4	3	1	2	3	1	1	10	16	18	1	16	1	1	9	5	1	9	1	1
2170	14	8	3	7	1	6	5	5	4	4	4	3	2	2	11	1	3	11	5	4	3	5	1	3	1	14	1	1	1	1
2180	5	8	5	7	2	6	1	5	4	4	5	3	4	2	2	1	1	13	4	18	2	12	1	9	2	5	1	2	1	1
2190	4	8	4	7	1	6	6	5	4	4	2	3	2	2	2	1	3	2	1	13	3	19	1	3	1	4	1	1	1	1
2200	3	8	5	7	2	6	5	5	4	4	4	3	2	2	2	1	2	2	5	4	2	5	1	2	2	17	1	2	1	1
2210	3	8	3	7	1	6	3	5	3	4	3	3	3	2	3	1	2	3	3	3	2	3	1	2	2	3	1	9	1	1
2220	4	8	13	7	1	6	4	5	4	4	4	3	1	2	1	1	3	1	18	4	3	18	1	3	1	13	1	1	1	1
2230	3	8	3	7	9	6	4	5	14	4	3	3	1	2	1	1	1	1	4	14	1	4	1	1	2	3	1	9	1	1
2240	5	8	3	7	2	6	3	5	4	4	3	3	2	2	2	1	10	2	14	14	3	14	1	10	1	17	1	9	1	1
2250	1	8	1	7	2	6	5	5	4	4	4	3	4	2	4	1	2	4	5	4	2	5	1	2	2	1	1	2	1	1
2260	2	8	13	7	1	6	3	5	14	4	3	3	2	2	2	1	9	2	3	14	1	3	1	9	9	13	1	9	1	1
2270	1	8	10	7	1	6	5	5	5	4	3	3	2	2	11	1	1	11	5	17	1	5	1	1	1	10	1	1	1	1
2280	4	8	4	7	2	6	6	5	3	4	3	3	4	2	4	1	3	4	6	3	3	6	1	3	2	4	1	2	1	1
2290	2	8	4	7	1	6	6	5	2	4	2	3	4	2	1	1	3	12	6	2	3	6	1	3	1	13	1	1	1	1
2300	2	8	9	7	2	6	2	5	4	4	4	3	9	2	2	1	1	9	2	4	1	2	1	1	2	9	1	2	1	1
2310	4	8	4	7	2	6	5	5	4	4	4	3	3	2	3	1	2	3	18	4	2	18	1	2	2	4	1	2	1	1
2320	2	8	5	7	1	6	4	5	18	4	4	3	1	2	1	1	2	1	4	18	2	4	1	2	1	16	1	1	1	1
2330	3	8	3	7	1	6	3	5	3	4	3	3	4	2	4	1	2	4	3	3	2	3	1	2	1	3	1	1	1	1
2340	2	8	2	7	2	6	5	5	4	4	14	3	9	2	1	1	2	9	5	14	1	5	1	9	2	2	1	2	1	1
2350	3	8	3	7	2	6	23	5	21	4	3	3	1	2	1	1	1	1	6	21	1	23	1	1	2	3	1	2	1	1
2360	5	8	5	7	2	6	5	5	3	4	3	3	1	2	3	1	3	10	4	3	3	18	1	3	2	5	1	2	1	1
2370	4	8	4	7	2	6	3	5	14	4	3	3	4	2	4	1	1	4	3	14	1	3	1	1	2	4	1	2	1	1
2380	4	8	3	7	1	6	1	5	4	4	3	3	4	2	4	1	1	4	1	14	1	1	1	1	1	14	1	1	1	1
2390	3	8	3	7	2	6	4	5	14	4	3	3	1	2	1	1	1	1	4	14	10	4	1	10	2	3	1	2	1	1
2400	5	8	5	7	2	6	3	5	11	4	3	3	2	2	9	1	1	9	3	11	1	3	1	1	2	5	1	2	1	1
2410	4	8	4	7	2	6	12	5	4	4	4	3	2	2	4	1	1	13	4	4	1	12	1	1	1	4	1	9	1	1
2420	17	8	3	7	1	6	4	5	3	4	14	3	4	2	4	1	1	4	4	14	2	4	1	9	1	17	1	1	1	1
2430	3	8	3	7	1	6	5	5	3	4	3	3	3	2	3	1	1	3	5	3	1	5	1	1	1	3	1	1	1	1
2440	5	8	5	7	2	6	4	5	4	4	4	3	4	2	4	1	2	4	14	4	9	14	1	9	2	5	1	2	1	1
2450	2	8	5	7	1	6	14	5	3	4	3	3	1	2	1	1	3	1	3	3	1	14	1	10	1	16	1	1	1	1
2460	1	8	15	7	2	6	3	5	5	4	17	3	1	2	9	1	1	9	17	17	1	17	1	1	2	15	1	2	1	1
2470	13	8	2	7	1	6	5	5	4	4	4	3	1	2	1	1	2	1	5	4	2	5	1	2	1	13	1	1	1	1
2480	2	8	2	7	1	6	3	5	7	4	25	3	2	2	4	1	1	13	11	25	9	11	1	9	1	2	1	1	1	1
2490	3	8	5	7	2	6	6	5	22	4	4	3	11	2	2	1	1	11	6	22	1	6	1	1	2	17	1	2	1	1
2500	2	8	2	7	1	6	5	5	13	4	4	3	12	2	1	1	2	12	4	13	2	18	1	2	1	2	1	1	1	1
2510	5	8	5	7	2	6	5	5	3	4	3	3	3	2	1	1	2	10	2	3	2	16	1	2	2	5	1	2	1	1
2520	5	8	5	7	2	6	4	5	4	4	3	3	1	2	1	1	1	1	4	14	1	4	1	1	2	5	1	2	1	1
2530	4	8	4	7	1	6	5	5	5	4	5	3	3	2	3	1	1	3	5	5	1	5	1	1	1	4	1	1	1	1
2540	3	8	3	7	2	6	5	5	4	4	4	3	4	2	13	1	9	13	5	4	1	5	1	9	2	3	1	2	1	1
2550	4	8	4	7	1	6	6	5	14	4	3	3	3	2	3	1	1	3	4	14	1	22	1	1	1	4	1	1	1	1
2560	4	8	4	7	1	6	3	5	4	4	5	3	1	2	1	1	1	1	3	18	1	3	1	1	1	4	1	1	1	1
2570	5	8	5	7	2	6	12	5	5	4	3	3	3	2	11	1	3	11	4	17	3	12	1	3	2	5	1	2	1	1
2580	1	8	1	7	2	6	4	5	12	4	1	3	4	2	4	1	2	4	4	12	2	4	1	2	2	1	1	2	1	1
2590	2	8	2	7	1	6	5	5	4	4	4	3	4	2	4	1	10	4	5	4	1	5	1	10	1	2	1	1	1	1
2600	3	8	1	7	2	6	3	5	4	4	4	3	4	2	2	1	1	13	4	4	1	14	1	1	2	10	1	2	1	1
2610	3	8	3	7	2	6	1	5	1	4	5	3	2	2	2	1	2	2	1	15	2	1	1	2	2	3	1	2	1	1
2620	3	8	3	7	2	6	3	5	3	4	3	3	3	2	3	1	11	3	3	3	3	3	1	11	2	3	1	2	1	1
2630	2	8	2	7	2	6	4	5	3	4	3	3	2	2	2	1	1	2	3	3	1	14	1	1	2	2	1	2	1	1
2640	5	8	5	7	2	6	4	5	27	4	7	3	4	2	12	1	2	12	4	27	2	4	1	2	2	5	1	2	1	1
2650	3	8	3	7	2	6	5	5	3	4	3	3	1	2	1	1	3	1	3	3	3	17	1	3	2	3	1	2	1	1
2660	1	8	1	7	2	6	4	5	1	4	4	3	4	2	4	1	2	4	2	12	2	13	1	2	2	1	1	2	1	1
2670	4	8	18	7	2	6	5	5	3	4	3	3	4	2	2	1	10	13	5	3	3	5	1	10	2	18	1	2	1	1
2680	11	8	3	7	1	6	3	5	1	4	9	3	4	2	4	1	3	4	3	9	3	3	1	3	9	11	1	9	1	1
2690	4	8	5	7	2	6	17	5	2	4	3	3	4	2	4	1	3	4	3	11	3	17	1	3	2	18	1	2	1	1
2700	5	8	5	7	9	6	6	5	4	4	5	3	4	2	4	1	2	4	6	18	2	6	1	2	2	5	1	9	1	1
2710	5	8	5	7	2	6	4	5	4	4	4	3	1	2	1	1	3	1	4	4	3	4	1	3	2	5	1	2	1	1
2720	5	8	5	7	1	6	1	5	3	4	3	3	4	2	2	1	2	13	1	3	2	1	1	2	1	5	1	1	1	1
2730	5	8	5	7	1	6	3	5	4	4	4	3	1	2	1	1	2	1	14	4	2	14	1	2	1	5	1	1	1	1
2740	3	8	3	7	1	6	4	5	4	4	14	3	2	2	2	1	2	2	4	14	1	4	1	9	9	3	1	9	1	1
2750	1	8	1	7	1	6	5	5	4	4	4	3	3	2	3	1	2	3	5	4	2	5	1	2	1	1	1	1	1	1
2760	2	8	2	7	2	6	5	5	14	4	3	3	3	2	14	1	1	14	3	14	1	17	1	1	2	2	1	2	1	1
2770	2	8	2	7	1	6	4	5	4	4	18	3	2	2	9	1	2	9	4	18	2	4	1	2	1	2	1	1	1	1
2780	5	8	5	7	1	6	5	5	4	4	4	3	2	2	2	1	1	2	5	4	1	5	1	1	1	5	1	1	1	1
2790	5	8	5	7	1	6	14	5	3	4	3	3	4	2	4	1	1	4	3	3	1	14	1	1	1	5	1	1	1	1
2800	4	8	3	7	1	6	4	5	4	4	14	3	2	2	1	1	3	9	4	14	3	4	1	3	1	14	1	1	1	1
2810	3	8	3	7	2	6	5	5	4	4	5	3	3	2	14	1	1	14	5	18	1	5	1	1	2	3	1	2	1	1
2820	3	8	5	7	1	6	5	5	4	4	2	3	3	2	3	1	3	3	4	13	3	18	1	3	2	17	1	9	1	1
2830	2	8	2	7	2	6	3	5	14	4	3	3	3	2	3	1	11	3	3	14	3	3	1	11	9	2	1	9	1	1
2840	4	8	3	7	2	6	5	5	4	4	4	3	3	2	3	1	1	3	5	4	1	5	1	1	2	14	1	2	1	1
2850	4	8	4	7	1	6	3	5	3	4	3	3	1	2	1	1	2	1	17	3	2	17	1	2	1	4	1	1	1	1
2860	4	8	4	7	1	6	4	5	18	4	5	3	3	2	1	1	1	10	12	18	1	12	1	1	1	4	1	1	1	1
2870	4	8	3	7	1	6	5	5	4	4	4	3	3	2	3	1	1	3	4	4	1	18	1	1	1	14	1	1	1	1
2880	5	8	5	7	2	6	3	5	3	4	3	3	4	2	4	1	2	4	3	3	2	3	1	2	2	5	1	2	1	1
2890	3	8	1	7	1	6	3	5	4	4	6	3	1	2	4	1	2	12	3	22	1	3	1	9	1	10	1	1	1	1
2900	2	8	2	7	1	6	6	5	4	4	4	3	2	2	11	1	1	11	6	4	10	6	1	10	9	2	1	9	1	1
2910	17	8	3	7	1	6	5	5	6	4	5	3	1	2	9	1	3	9	5	23	3	5	1	3	1	17	1	1	1	1
2920	1	8	1	7	2	6	2	5	4	4	14	3	3	2	3	1	1	3	2	14	1	2	1	1	2	1	1	2	1	1
2930	5	8	5	7	1	6	5	5	3	4	3	3	4	2	4	1	1	4	3	3	1	17	1	1	1	5	1	1	1	1
2940	1	8	1	7	1	6	18	5	4	4	3	3	3	2	3	1	2	3	4	14	2	18	1	2	1	1	1	1	1	1
2950	5	8	18	7	2	6	15	5	3	4	3	3	3	2	3	1	2	3	5	3	2	15	1	2	2	18	1	2	1	1
2960	5	8	5	7	9	6	16	5	3	4	3	3	4	2	4	1	9	4	5	3	2	16	1	9	1	5	1	9	1	1
2970	1	8	4	7	2	6	5	5	4	4	4	3	14	2	3	1	2	14	4	4	2	18	1	2	2	12	1	2	1	1
2980	3	8	3	7	1	6	18	5	3	4	3	3	3	2	11	1	1	11	4	3	1	18	1	1	1	3	1	1	1	1
2990	5	8	5	7	2	6	3	5	3	4	3	3	13	2	4	1	2	13	3	3	9	3	1	9	2	5	1	2	1	1
3000	5	8	5	7	1	6	4	5	4	4	3	3	4	2	4	1	1	4	4	14	1	4	1	1	1	5	1	1	1	1
3010	1	8	1	7	2	6	4	5	4	4	4	3	2	2	2	1	1	2	4	4	1	4	1	1	2	1	1	2	1	1
3020	9	8	1	7	1	6	18	5	5	4	17	3	11	2	2	1	2	11	5	17	11	18	1	11	1	9	1	1	1	1
3030	1	8	1	7	1	6	12	5	3	4	21	3	2	2	2	1	10	2	1	21	1	12	1	10	1	1	1	1	1	1
3040	4	8	1	7	2	6	1	5	4	4	14	3	1	2	1	1	1	1	1	14	1	1	1	1	2	12	1	2	1	1
3050	3	8	3	7	1	6	4	5	4	4	3	3	4	2	4	1	3	4	4	14	3	4	1	3	1	3	1	1	1	1
3060	4	8	4	7	2	6	1	5	13	4	2	3	4	2	4	1	1	4	1	13	1	1	1	1	2	4	1	2	1	1
3070	5	8	5	7	1	6	13	5	4	4	4	3	3	2	3	1	2	3	4	4	2	13	1	2	1	5	1	1	1	1
3080	5	8	17	7	1	6	14	5	3	4	17	3	2	2	2	1	1	2	3	17	1	14	1	1	1	17	1	1	1	1
3090	4	8	14	7	2	6	1	5	3	4	3	3	3	2	3	1	1	3	1	3	1	1	1	1	2	14	1	2	1	1
3100	14	8	4	7	9	6	3	5	5	4	3	3	4	2	4	1	2	4	3	17	2	3	1	2	1	14	1	9	1	1
3110	5	8	17	7	1	6	5	5	3	4	3	3	3	2	10	1	10	10	5	3	3	5	1	10	1	17	1	1	1	1
3120	5	8	3	7	2	6	4	5	3	4	3	3	2	2	2	1	1	2	4	3	9	4	1	9	2	17	1	2	1	1
3130	11	8	2	7	2	6	2	5	3	4	3	3	3	2	4	1	2	14	2	3	2	2	1	2	2	11	1	2	1	1
3140	5	8	5	7	1	6	5	5	5	4	5	3	2	2	9	1	2	9	5	5	2	5	1	2	1	5	1	1	1	1
3150	1	8	2	7	2	6	3	5	4	4	14	3	2	2	2	1	11	2	3	14	2	3	1	11	2	9	1	2	1	1
3160	4	8	14	7	2	6	5	5	3	4	17	3	2	2	2	1	1	2	5	17	1	5	1	1	2	14	1	2	1	1
3170	5	8	5	7	2	6	5	5	3	4	17	3	3	2	3	1	10	3	5	17	1	5	1	10	2	5	1	2	1	1
3180	14	8	3	7	2	6	4	5	3	4	14	3	4	2	4	1	1	4	4	14	1	4	1	1	2	14	1	2	1	1
3190	3	8	3	7	2	6	4	5	14	4	3	3	4	2	4	1	2	4	4	14	2	4	1	2	2	3	1	2	1	1
3200	4	8	4	7	1	6	6	5	3	4	3	3	3	2	4	1	3	14	6	3	10	6	1	10	1	4	1	1	1	1
3210	5	8	5	7	1	6	5	5	5	4	5	3	3	2	3	1	1	3	18	5	1	18	1	1	1	5	1	1	1	1
3220	5	8	3	7	2	6	5	5	4	4	3	3	3	2	3	1	1	3	3	14	2	17	1	9	2	17	1	2	1	1
3230	3	8	3	7	1	6	5	5	4	4	4	3	4	2	4	1	1	4	5	4	2	5	1	9	1	3	1	1	1	1
3240	4	8	4	7	9	6	4	5	4	4	4	3	13	2	2	1	2	13	4	4	2	4	1	2	1	4	1	9	1	1
3250	1	8	10	7	2	6	3	5	4	4	4	3	4	2	4	1	1	4	3	4	1	3	1	1	1	10	1	9	1	1
3260	1	8	1	7	2	6	5	5	4	4	3	3	2	2	2	1	11	2	5	14	3	5	1	11	2	1	1	2	1	1
3270	10	8	3	7	2	6	2	5	3	4	3	3	2	2	2	1	3	2	2	3	3	2	1	3	2	10	1	2	1	1
3280	1	8	2	7	1	6	4	5	4	4	14	3	1	2	1	1	2	1	4	14	3	4	1	11	1	9	1	1	1	1
3290	3	8	3	7	2	6	5	5	3	4	3	3	4	2	4	1	11	4	17	3	3	17	1	11	2	3	1	2	1	1
3300	3	8	3	7	2	6	4	5	4	4	3	3	3	2	3	1	1	3	4	14	1	4	1	1	2	3	1	2	1	1
3310	4	8	4	7	1	6	4	5	4	4	4	3	4	2	4	1	1	4	18	4	1	18	1	1	1	4	1	1	1	1
3320	16	8	5	7	2	6	4	5	12	4	4	3	14	2	4	1	1	14	4	12	1	4	1	1	2	16	1	2	1	1
3330	17	8	3	7	1	6	3	5	4	4	5	3	13	2	4	1	2	13	3	18	2	3	1	2	1	17	1	1	1	1
3340	3	8	3	7	2	6	5	5	4	4	5	3	2	2	11	1	2	11	5	18	3	5	1	11	2	3	1	2	1	1
3350	3	8	3	7	2	6	1	5	4	4	4	3	4	2	4	1	1	4	1	4	1	1	1	1	2	3	1	2	1	1
3360	5	8	5	7	2	6	3	5	3	4	3	3	1	2	1	1	2	1	3	3	2	3	1	2	2	5	1	2	1	1
3370	4	8	5	7	2	6	4	5	4	4	4	3	1	2	1	1	10	1	4	4	1	4	1	10	2	18	1	2	1	1
3380	14	8	3	7	1	6	4	5	4	4	4	3	1	2	1	1	2	1	4	4	2	4	1	2	1	14	1	1	1	1
3390	3	8	17	7	2	6	5	5	3	4	3	3	1	2	1	1	1	1	18	3	1	18	1	1	2	17	1	2	1	1
3400	14	8	4	7	1	6	4	5	4	4	14	3	3	2	2	1	2	11	4	14	9	4	1	9	1	14	1	1	1	1
3410	4	8	4	7	1	6	5	5	14	4	4	3	2	2	2	1	1	2	5	14	3	5	1	10	1	4	1	1	1	1
3420	1	8	1	7	1	6	5	5	3	4	3	3	3	2	4	1	2	14	4	3	2	18	1	2	1	1	1	1	1	1
3430	4	8	12	7	2	6	5	5	3	4	3	3	3	2	3	1	3	3	3	3	3	17	1	3	2	12	1	2	1	1
3440	1	8	1	7	2	6	3	5	3	4	3	3	1	2	1	1	2	1	3	3	2	3	1	2	2	1	1	2	1	1
3450	4	8	4	7	1	6	5	5	3	4	3	3	3	2	3	1	2	3	5	3	2	5	1	2	1	4	1	1	1	1
3460	1	8	9	7	1	6	1	5	3	4	3	3	1	2	1	1	1	1	1	3	1	1	1	1	1	9	1	1	1	1
3470	4	8	4	7	2	6	3	5	4	4	3	3	3	2	2	1	9	11	14	14	1	14	1	9	2	4	1	2	1	1
3480	2	8	2	7	1	6	5	5	3	4	3	3	1	2	1	1	3	1	5	3	3	5	1	3	1	2	1	1	1	1
3490	1	8	1	7	1	6	4	5	4	4	4	3	1	2	1	1	1	1	4	4	1	4	1	1	1	1	1	1	1	1
3500	4	8	4	7	2	6	3	5	5	4	3	3	2	2	2	1	1	2	3	17	9	3	1	9	2	4	1	2	1	1
3510	4	8	2	7	2	6	3	5	4	4	4	3	3	2	3	1	2	3	3	4	2	3	1	2	2	13	1	2	1	1
3520	3	8	3	7	2	6	5	5	4	4	4	3	1	2	9	1	1	9	5	4	1	5	1	1	2	3	1	2	1	1
3530	2	8	2	7	1	6	4	5	4	4	4	3	2	2	2	1	1	2	13	4	2	13	1	9	2	2	1	9	1	1
3540	4	8	14	7	2	6	3	5	3	4	3	3	4	2	4	1	2	4	5	3	1	17	1	9	2	14	1	2	1	1
3550	2	8	3	7	2	6	5	5	3	4	3	3	4	2	4	1	2	4	5	3	2	5	1	2	2	11	1	2	1	1
3560	5	8	5	7	2	6	5	5	5	4	5	3	2	2	2	1	2	2	5	5	2	5	1	2	1	5	1	9	1	1
3570	2	8	2	7	2	6	18	5	14	4	3	3	3	2	3	1	2	3	4	14	2	18	1	2	2	2	1	2	1	1
3580	3	8	3	7	2	6	5	5	4	4	4	3	13	2	4	1	1	13	5	4	1	5	1	1	2	3	1	2	1	1
3590	3	8	3	7	2	6	3	5	11	4	3	3	2	2	2	1	1	2	3	11	1	3	1	1	2	3	1	2	1	1
3600	4	8	4	7	2	6	5	5	3	4	3	3	3	2	3	1	3	3	3	3	3	17	1	3	2	4	1	2	1	1
3610	5	8	5	7	1	6	3	5	14	4	3	3	2	2	2	1	2	2	3	14	2	3	1	2	1	5	1	1	1	1
3620	3	8	14	7	1	6	3	5	3	4	3	3	1	2	1	1	3	1	3	3	3	3	1	3	1	14	1	1	1	1
3630	2	8	2	7	1	6	5	5	3	4	3	3	2	2	9	1	2	9	5	3	2	5	1	2	1	2	1	1	1	1
3640	3	8	1	7	1	6	14	5	3	4	3	3	4	2	14	1	2	14	4	3	2	14	1	2	1	10	1	1	1	1
3650	3	8	3	7	1	6	6	5	4	4	3	3	4	2	4	1	2	4	6	14	2	6	1	2	1	3	1	1	1	1
3660	5	8	5	7	2	6	6	5	4	4	3	3	1	2	1	1	1	1	4	14	1	22	1	1	2	5	1	2	1	1
3670	3	8	3	7	1	6	5	5	4	4	3	3	3	2	4	1	1	14	4	14	1	18	1	1	1	3	1	1	1	1
3680	3	8	3	7	2	6	6	5	3	4	3	3	4	2	4	1	2	4	6	3	2	6	1	2	2	3	1	2	1	1
3690	4	8	4	7	2	6	18	5	14	4	4	3	3	2	3	1	1	3	4	14	1	18	1	1	2	4	1	2	1	1
3700	1	8	1	7	2	6	17	5	14	4	3	3	1	2	1	1	1	1	3	14	1	17	1	1	2	1	1	2	1	1
3710	15	8	5	7	1	6	3	5	4	4	3	3	3	2	3	1	2	3	3	14	2	3	1	2	1	15	1	1	1	1
3720	18	8	5	7	1	6	1	5	3	4	3	3	4	2	4	1	2	4	1	3	9	1	1	9	1	18	1	1	1	1
3730	2	8	2	7	1	6	3	5	1	4	1	3	4	2	3	1	2	14	5	1	2	17	1	2	1	2	1	1	1	1
3740	4	8	4	7	2	6	4	5	4	4	4	3	3	2	2	1	2	11	4	4	2	4	1	2	2	4	1	2	1	1
3750	3	8	3	7	2	6	3	5	4	4	3	3	3	2	3	1	1	3	3	14	1	3	1	1	2	3	1	2	1	1
3760	3	8	3	7	1	6	3	5	14	4	3	3	3	2	3	1	3	3	14	14	3	14	1	3	1	3	1	1	1	1
3770	3	8	3	7	1	6	4	5	4	4	4	3	3	2	3	1	3	3	4	4	3	4	1	3	1	3	1	1	1	1
3780	1	8	1	7	2	6	6	5	4	4	4	3	1	2	1	1	1	1	6	4	1	6	1	1	2	1	1	2	1	1
3790	3	8	3	7	2	6	5	5	3	4	3	3	1	2	3	1	2	10	5	3	2	5	1	2	2	3	1	2	1	1
3800	1	8	1	7	9	6	4	5	4	4	4	3	2	2	2	1	2	2	12	4	2	12	1	2	1	1	1	9	1	1
3810	5	8	2	7	2	6	4	5	4	4	3	3	1	2	1	1	1	1	4	14	1	4	1	1	2	16	1	2	1	1
3820	3	8	3	7	2	6	5	5	3	4	3	3	3	2	3	1	3	3	5	3	11	5	1	11	2	3	1	2	1	1
3830	3	8	3	7	1	6	2	5	2	4	2	3	3	2	10	1	1	10	11	2	1	11	1	1	1	3	1	1	1	1
3840	17	8	5	7	2	6	3	5	3	4	3	3	3	2	3	1	3	3	3	3	3	3	1	3	2	17	1	2	1	1
3850	1	8	1	7	1	6	10	5	1	4	1	3	1	2	1	1	10	1	1	1	1	10	1	10	1	1	1	1	1	1
3860	13	8	2	7	1	6	4	5	3	4	3	3	1	2	1	1	10	1	4	3	1	4	1	10	1	13	1	1	1	1
3870	14	8	4	7	2	6	4	5	3	4	3	3	1	2	1	1	2	1	4	3	2	4	1	2	2	14	1	2	1	1
3880	4	8	4	7	2	6	16	5	4	4	4	3	4	2	4	1	3	4	2	4	1	16	1	10	2	4	1	2	1	1
3890	5	8	15	7	1	6	5	5	1	4	1	3	4	2	12	1	2	12	2	1	2	16	1	2	1	15	1	1	1	1
3900	5	8	5	7	1	6	18	5	4	4	4	3	2	2	2	1	2	2	4	4	2	18	1	2	2	5	1	9	1	1
3910	4	8	4	7	1	6	3	5	3	4	3	3	2	2	2	1	2	2	3	3	2	3	1	2	1	4	1	1	1	1
3920	2	8	1	7	1	6	5	5	3	4	3	3	3	2	3	1	1	3	3	3	1	17	1	1	1	9	1	1	1	1
3930	17	8	5	7	1	6	5	5	4	4	3	3	1	2	1	1	3	1	4	14	3	18	1	3	1	17	1	1	1	1
3940	4	8	5	7	1	6	2	5	4	4	27	3	1	2	1	1	1	1	13	27	1	13	1	1	1	18	1	1	1	1
3950	1	8	1	7	1	6	3	5	3	4	3	3	4	2	4	1	1	4	3	3	1	3	1	1	1	1	1	1	1	1
3960	3	8	3	7	1	6	1	5	14	4	3	3	4	2	4	1	2	4	1	14	2	1	1	2	1	3	1	1	1	1
3970	13	8	2	7	1	6	3	5	3	4	3	3	14	2	4	1	2	14	3	3	2	3	1	2	1	13	1	1	1	1
3980	1	8	1	7	2	6	4	5	4	4	3	3	3	2	3	1	2	3	4	14	2	4	1	2	2	1	1	2	1	1
3990	1	8	1	7	1	6	5	5	3	4	3	3	1	2	1	1	3	1	5	3	3	5	1	3	1	1	1	1	1	1
4000	3	8	3	7	2	6	3	5	4	4	3	3	1	2	1	1	1	1	10	14	1	10	1	1	2	3	1	2	1	1
4010	4	8	4	7	2	6	14	5	3	4	3	3	4	2	3	1	2	14	4	3	2	14	1	2	2	4	1	2	1	1
4020	3	8	14	7	2	6	5	5	5	4	3	3	3	2	14	1	2	14	5	17	2	5	1	2	2	14	1	2	1	1
4030	1	8	1	7	2	6	4	5	4	4	4	3	2	2	2	1	1	2	4	4	1	4	1	1	2	1	1	2	1	1
4040	5	8	5	7	2	6	1	5	4	4	4	3	2	2	2	1	2	2	5	4	2	15	1	2	2	5	1	2	1	1
4050	1	8	1	7	2	6	5	5	4	4	4	3	2	2	1	1	2	9	4	4	2	18	1	2	1	1	1	9	1	1
4060	4	8	4	7	1	6	5	5	3	4	3	3	4	2	3	1	1	14	5	3	1	5	1	1	1	4	1	1	1	1
4070	3	8	3	7	2	6	5	5	5	4	17	3	2	2	2	1	9	2	3	17	2	17	1	9	2	3	1	2	1	1
4080	2	8	4	7	2	6	4	5	4	4	3	3	1	2	1	1	1	1	4	14	9	4	1	9	2	13	1	2	1	1
4090	4	8	14	7	9	6	11	5	22	4	4	3	2	2	2	1	2	2	2	22	2	11	1	2	2	14	1	9	1	1
4100	4	8	4	7	1	6	13	5	4	4	4	3	3	2	3	1	3	3	4	4	3	13	1	3	1	4	1	1	1	1
4110	5	8	5	7	1	6	4	5	5	4	3	3	4	2	4	1	1	4	4	17	1	4	1	1	1	5	1	1	1	1
4120	5	8	5	7	1	6	3	5	4	4	14	3	9	2	2	1	1	9	3	14	1	3	1	1	1	5	1	1	1	1
4130	2	8	2	7	1	6	5	5	4	4	3	3	1	2	1	1	2	1	5	14	2	5	1	2	1	2	1	1	1	1
4140	2	8	2	7	9	6	14	5	4	4	4	3	3	2	3	1	2	3	4	4	2	14	1	2	2	2	1	9	1	1
4150	1	8	1	7	1	6	3	5	3	4	3	3	10	2	3	1	1	10	3	3	1	3	1	1	1	1	1	1	1	1
4160	4	8	4	7	1	6	5	5	1	4	1	3	11	2	3	1	1	11	15	1	1	15	1	1	1	4	1	1	1	1
4170	18	8	4	7	2	6	2	5	3	4	3	3	1	2	1	1	2	1	2	3	2	2	1	2	2	18	1	2	1	1
4180	1	8	1	7	1	6	3	5	4	4	14	3	2	2	2	1	2	2	3	14	2	3	1	2	1	1	1	1	1	1
4190	2	8	2	7	2	6	3	5	14	4	3	3	1	2	1	1	2	1	3	14	2	3	1	2	2	2	1	2	1	1
4200	5	8	5	7	2	6	5	5	3	4	3	3	2	2	4	1	3	13	5	3	3	5	1	3	2	5	1	2	1	1
4210	1	8	15	7	1	6	5	5	4	4	14	3	11	2	2	1	1	11	5	14	1	5	1	1	1	15	1	1	1	1
4220	2	8	13	7	1	6	3	5	3	4	3	3	3	2	3	1	9	3	3	3	2	3	1	9	1	13	1	1	1	1
4230	3	8	3	7	2	6	1	5	1	4	1	3	2	2	2	1	1	2	1	1	1	1	1	1	1	3	1	9	1	1
4240	18	8	4	7	2	6	5	5	4	4	3	3	3	2	3	1	2	3	3	14	2	17	1	2	2	18	1	2	1	1
4250	3	8	17	7	1	6	4	5	4	4	4	3	14	2	4	1	2	14	4	4	2	4	1	2	1	17	1	1	1	1
4260	4	8	18	7	2	6	4	5	17	4	3	3	3	2	3	1	9	3	4	17	2	4	1	9	2	18	1	2	1	1
4270	3	8	3	7	2	6	4	5	2	4	2	3	3	2	3	1	1	3	4	2	1	4	1	1	2	3	1	2	1	1
4280	4	8	4	7	1	6	1	5	5	4	3	3	1	2	1	1	2	1	1	17	2	1	1	2	1	4	1	1	1	1
4290	1	8	1	7	2	6	3	5	1	4	1	3	2	2	2	1	3	2	3	1	3	3	1	3	2	1	1	2	1	1
4300	3	8	14	7	1	6	4	5	3	4	3	3	4	2	4	1	1	4	14	3	1	14	1	1	1	14	1	1	1	1
4310	5	8	4	7	1	6	1	5	4	4	7	3	3	2	3	1	3	3	1	27	3	1	1	3	1	18	1	1	1	1
4320	2	8	2	7	1	6	3	5	4	4	4	3	1	2	1	1	1	1	3	4	1	3	1	1	1	2	1	1	1	1
4330	3	8	11	7	2	6	5	5	5	4	3	3	3	2	3	1	2	3	5	17	2	5	1	2	2	11	1	2	1	1
4340	4	8	13	7	1	6	4	5	4	4	4	3	4	2	4	1	11	4	14	4	3	14	1	11	1	13	1	1	1	1
4350	5	8	5	7	2	6	5	5	3	4	3	3	3	2	3	1	3	3	18	3	3	18	1	3	2	5	1	2	1	1
4360	5	8	4	7	1	6	5	5	2	4	2	3	2	2	9	1	1	9	2	2	1	16	1	1	1	18	1	1	1	1
4370	4	8	4	7	2	6	3	5	4	4	3	3	1	2	10	1	2	10	3	14	2	3	1	2	2	4	1	2	1	1
4380	4	8	13	7	2	6	4	5	4	4	18	3	2	2	3	1	1	11	4	18	1	4	1	1	2	13	1	2	1	1
4390	5	8	5	7	1	6	10	5	3	4	3	3	13	2	4	1	1	13	3	3	1	10	1	1	1	5	1	1	1	1
4400	5	8	3	7	1	6	1	5	4	4	4	3	2	2	2	1	2	2	1	4	2	1	1	2	1	17	1	1	1	1
4410	3	8	3	7	1	6	4	5	4	4	14	3	1	2	1	1	1	1	4	14	1	4	1	1	1	3	1	1	1	1
4420	4	8	4	7	1	6	1	5	4	4	4	3	1	2	2	1	3	9	1	4	3	1	1	3	1	4	1	1	1	1
4430	5	8	15	7	1	6	4	5	4	4	4	3	11	2	3	1	10	11	4	4	3	4	1	10	1	15	1	1	1	1
4440	9	8	1	7	2	6	3	5	3	4	3	3	1	2	9	1	9	9	3	3	1	3	1	9	2	9	1	2	1	1
4450	5	8	16	7	2	6	4	5	3	4	3	3	4	2	4	1	1	4	4	3	1	4	1	1	2	16	1	2	1	1
4460	1	8	1	7	1	6	3	5	3	4	3	3	3	2	3	1	1	3	3	3	1	3	1	1	1	1	1	1	1	1
4470	3	8	3	7	2	6	4	5	3	4	3	3	4	2	4	1	2	4	5	3	2	18	1	2	2	3	1	2	1	1
4480	4	8	4	7	9	6	3	5	2	4	2	3	3	2	3	1	1	3	3	2	9	3	1	9	2	4	1	9	1	1
4490	5	8	18	7	2	6	2	5	5	4	5	3	4	2	4	1	2	4	2	5	1	2	1	9	2	18	1	2	1	1
4500	3	8	3	7	1	6	4	5	18	4	4	3	2	2	9	1	1	9	4	18	9	4	1	9	1	3	1	1	1	1
4510	4	8	4	7	9	6	4	5	4	4	3	3	1	2	1	1	2	1	4	14	2	4	1	2	2	4	1	9	1	1
4520	5	8	5	7	1	6	5	5	3	4	3	3	1	2	1	1	1	1	2	3	1	16	1	1	1	5	1	1	1	1
4530	4	8	4	7	1	6	4	5	4	4	4	3	3	2	3	1	1	3	4	4	1	4	1	1	1	4	1	1	1	1
4540	5	8	5	7	1	6	3	5	4	4	4	3	3	2	3	1	1	3	3	4	1	3	1	1	1	5	1	1	1	1
4550	3	8	11	7	2	6	1	5	12	4	4	3	4	2	4	1	2	4	1	12	2	1	1	2	2	11	1	2	1	1
4560	3	8	3	7	2	6	5	5	5	4	5	3	4	2	4	1	2	4	5	5	2	5	1	2	2	3	1	2	1	1
4570	1	8	1	7	1	6	4	5	4	4	4	3	4	2	4	1	3	4	4	4	3	4	1	3	1	1	1	1	1	1
4580	5	8	5	7	1	6	17	5	14	4	3	3	3	2	3	1	1	3	3	14	1	17	1	1	1	5	1	1	1	1
4590	1	8	1	7	1	6	3	5	3	4	3	3	1	2	1	1	1	1	3	3	1	3	1	1	2	1	1	9	1	1
4600	5	8	5	7	1	6	17	5	4	4	3	3	14	2	3	1	2	14	3	14	2	17	1	2	1	5	1	1	1	1
4610	3	8	3	7	1	6	6	5	5	4	5	3	4	2	4	1	2	4	6	5	2	6	1	2	1	3	1	1	1	1
4620	5	8	5	7	2	6	22	5	4	4	4	3	3	2	3	1	3	3	4	4	3	22	1	3	2	5	1	2	1	1
4630	3	8	3	7	2	6	5	5	3	4	3	3	4	2	4	1	3	4	5	3	3	5	1	3	2	3	1	2	1	1
4640	2	8	2	7	2	6	17	5	14	4	3	3	3	2	3	1	2	3	5	14	2	17	1	2	2	2	1	2	1	1
4650	2	8	13	7	1	6	3	5	4	4	3	3	4	2	4	1	2	4	3	14	2	3	1	2	1	13	1	1	1	1
4660	2	8	2	7	1	6	5	5	4	4	14	3	14	2	4	1	2	14	18	14	2	18	1	2	1	2	1	1	1	1
4670	10	8	3	7	1	6	3	5	3	4	3	3	4	2	13	1	2	13	3	3	2	3	1	2	1	10	1	1	1	1
4680	4	8	4	7	2	6	5	5	3	4	3	3	3	2	3	1	10	3	3	3	3	17	1	10	2	4	1	2	1	1
4690	1	8	1	7	2	6	4	5	4	4	3	3	4	2	4	1	3	4	4	14	3	4	1	3	1	1	1	9	1	1
4700	5	8	5	7	2	6	2	5	7	4	7	3	1	2	1	1	1	1	2	7	2	2	1	9	2	5	1	2	1	1
4710	5	8	5	7	2	6	5	5	4	4	3	3	2	2	2	1	10	2	15	14	3	15	1	10	2	5	1	2	1	1
4720	5	8	15	7	2	6	1	5	4	4	3	3	4	2	4	1	3	4	12	14	3	12	1	3	2	15	1	2	1	1
4730	3	8	14	7	1	6	5	5	14	4	3	3	4	2	4	1	2	4	5	14	2	5	1	2	1	14	1	1	1	1
4740	2	8	2	7	2	6	4	5	4	4	4	3	3	2	3	1	2	3	4	4	2	4	1	2	2	2	1	2	1	1
4750	13	8	2	7	1	6	11	5	3	4	17	3	1	2	1	1	1	1	3	17	1	11	1	1	1	13	1	1	1	1
4760	2	8	2	7	1	6	4	5	14	4	3	3	1	2	1	1	1	1	4	14	1	4	1	1	1	2	1	1	1	1
4770	5	8	5	7	2	6	5	5	4	4	4	3	2	2	2	1	2	2	17	4	11	17	1	11	2	5	1	2	1	1
4780	5	8	5	7	2	6	5	5	3	4	3	3	4	2	4	1	1	4	3	3	2	17	1	9	2	5	1	2	1	1
4790	3	8	17	7	2	6	5	5	4	4	4	3	4	2	4	1	11	4	16	4	2	16	1	11	2	17	1	2	1	1
4800	4	8	3	7	1	6	9	5	4	4	4	3	2	2	1	1	1	9	2	4	1	9	1	1	1	14	1	1	1	1
4810	5	8	3	7	2	6	3	5	4	4	3	3	1	2	1	1	1	1	14	14	1	14	1	1	2	17	1	2	1	1
4820	5	8	3	7	2	6	17	5	5	4	5	3	2	2	2	1	1	2	5	5	1	17	1	1	2	17	1	2	1	1
4830	1	8	1	7	1	6	15	5	5	4	3	3	2	2	2	1	10	2	5	17	1	15	1	10	1	1	1	1	1	1
4840	4	8	3	7	2	6	5	5	4	4	3	3	4	2	4	1	2	4	18	14	2	18	1	2	2	14	1	2	1	1
4850	3	8	3	7	2	6	5	5	5	4	5	3	1	2	1	1	1	1	1	5	3	15	1	10	2	3	1	2	1	1
4860	3	8	3	7	1	6	3	5	5	4	5	3	3	2	11	1	9	11	17	5	1	17	1	9	1	3	1	1	1	1
4870	1	8	2	7	2	6	1	5	7	4	2	3	2	2	3	1	1	11	5	25	1	15	1	1	1	9	1	9	1	1
4880	5	8	4	7	1	6	3	5	4	4	3	3	4	2	4	1	2	4	3	14	2	3	1	2	1	18	1	1	1	1
4890	3	8	3	7	1	6	2	5	3	4	17	3	1	2	1	1	3	1	13	17	3	13	1	3	1	3	1	1	1	1
4900	3	8	17	7	1	6	5	5	18	4	4	3	2	2	9	1	3	9	5	18	3	5	1	3	1	17	1	1	1	1
4910	3	8	3	7	1	6	4	5	3	4	3	3	2	2	2	1	2	2	4	3	2	4	1	2	1	3	1	1	1	1
4920	5	8	5	7	1	6	14	5	3	4	3	3	4	2	4	1	1	4	4	3	1	14	1	1	1	5	1	1	1	1
4930	1	8	1	7	1	6	2	5	13	4	4	3	4	2	4	1	1	4	3	13	1	11	1	1	1	1	1	1	1	1
4940	5	8	5	7	2	6	4	5	4	4	4	3	3	2	3	1	3	3	4	4	3	4	1	3	2	5	1	2	1	1
4950	3	8	3	7	1	6	16	5	3	4	3	3	4	2	13	1	1	13	2	3	1	16	1	1	1	3	1	1	1	1
4960	2	8	2	7	2	6	5	5	3	4	17	3	4	2	3	1	3	14	5	17	3	5	1	3	2	2	1	2	1	1
4970	2	8	13	7	2	6	4	5	3	4	3	3	4	2	4	1	1	4	4	3	1	4	1	1	2	13	1	2	1	1
4980	3	8	3	7	1	6	1	5	4	4	3	3	4	2	4	1	1	4	1	14	1	1	1	1	1	3	1	1	1	1
4990	2	8	2	7	1	6	1	5	1	4	1	3	2	2	2	1	1	2	1	1	10	1	1	10	1	2	1	1	1	1
5000	4	8	18	7	1	6	4	5	4	4	4	3	2	2	2	1	2	2	4	4	2	4	1	2	1	18	1	1	1	1
