Iteration	Posterior	Likelihood	Prior	clado_type_probs[1]	clado_type_probs[2]	distance_scale	epoch_times[1]	epoch_times[2]	epoch_times[3]	epoch_times[4]	epoch_times[5]	epoch_times[6]	epoch_times[7]	epoch_times[8]	extirpation_rate	log10_rate_bg	p_allopatry	p_sympatry	rate_bg
0	-50.7285	-82.1188	31.3903	0.0990409	0.900959	0.01	0.268803	0.183643	0.157823	0.148692	0.131312	0.0141377	0.013383	0	1.93019	-2	0.9009591	0.09904093	0.01
10	6.30412	-22.1125	28.4166	0.666952	0.333048	0.005407812	0.27289	0.178715	0.15648	0.147689	0.133212	0.0140929	0.0138228	0	4.903921	1.607825	0.3330482	0.6669518	40.53454
20	6.61475	-23.1577	29.7724	0.433956	0.566044	0.06048709	0.275179	0.180766	0.157696	0.150224	0.133606	0.014191	0.0138647	0	3.548102	1.736069	0.5660436	0.4339564	54.45893
30	6.56223	-24.3267	30.8889	0.836848	0.163152	0.5981374	0.275183	0.179642	0.159642	0.150107	0.130538	0.0146144	0.0137465	0	2.431637	1.556143	0.1631519	0.8368481	35.98675
40	7.89358	-19.5616	27.4552	0.489469	0.510531	2.269366	0.273242	0.178568	0.155167	0.154049	0.129735	0.0143041	0.0138772	0	5.86534	1.831355	0.5105313	0.4894687	67.81959
50	8.95592	-20.6184	29.5743	0.514481	0.485519	6.341063	0.272615	0.180623	0.156457	0.152122	0.128688	0.0141796	0.0136999	0	3.746242	1.669845	0.4855186	0.5144814	46.75687
60	8.68829	-22.8585	31.5468	0.0136193	0.986381	2.539148	0.268968	0.187189	0.153977	0.15334	0.129318	0.0143637	0.0134782	0	1.773767	1.887296	0.9863807	0.01361932	77.14296
70	6.6487	-19.7326	26.3813	0.0683565	0.931644	2.692952	0.270519	0.183844	0.159121	0.146828	0.130509	0.0143919	0.0136447	0	6.939262	1.437593	0.9316435	0.06835649	27.39005
80	10.3935	-20.3865	30.78	0.709478	0.290522	7.77043	0.272362	0.183016	0.15448	0.149514	0.128138	0.0143544	0.0139448	0	2.540516	1.983981	0.2905222	0.7094778	96.37874
90	9.31651	-22.6049	31.9214	0.335235	0.664765	4.599941	0.272147	0.179958	0.15599	0.147645	0.131469	0.0144678	0.0138904	0	1.399085	1.798998	0.6647652	0.3352348	62.95039
100	7.73992	-18.7273	26.4672	0.621644	0.378356	5.272197	0.274444	0.185597	0.159038	0.147429	0.130967	0.0147194	0.0135398	0	6.853352	1.750967	0.3783556	0.6216444	56.35942
110	6.33482	-24.0519	30.3867	0.241579	0.758421	1.797831	0.265985	0.184631	0.156091	0.150103	0.132981	0.014691	0.0133485	0	2.933797	1.105868	0.7584213	0.2415787	12.76051
120	7.43574	-19.6537	27.0894	0.897335	0.102665	2.46464	0.263692	0.185825	0.156774	0.152	0.13366	0.0146416	0.0135214	0	6.231123	1.585348	0.1026648	0.8973352	38.48998
130	9.80702	-21.599	31.406	0.0262351	0.973765	4.964058	0.266138	0.186335	0.158408	0.152497	0.131402	0.0142193	0.0137203	0	1.914483	1.749196	0.9737649	0.02623509	56.13018
140	7.84846	-22.9418	30.7902	0.688557	0.311443	2.977207	0.265751	0.183093	0.15998	0.154048	0.132607	0.0144133	0.0136354	0	2.530287	1.384707	0.311443	0.688557	24.24973
150	8.18047	-23.9788	32.1592	0.130656	0.869344	4.439203	0.265594	0.180717	0.16019	0.149915	0.134201	0.0142604	0.0136137	0	1.161282	1.657355	0.8693435	0.1306565	45.43124
160	9.53592	-22.3245	31.8604	0.052542	0.947458	6.515421	0.264035	0.181849	0.160684	0.152961	0.131226	0.0142818	0.0134319	0	1.460081	1.817683	0.947458	0.05254198	65.7178
170	8.54773	-19.8446	28.3923	0.391504	0.608496	2.386302	0.265819	0.183368	0.160961	0.148534	0.133943	0.0143942	0.0137687	0	4.928198	1.900632	0.6084964	0.3915036	79.54845
180	9.67982	-19.8775	29.5573	0.694149	0.305851	3.425472	0.26619	0.180165	0.157795	0.151434	0.129563	0.0144473	0.0137202	0	3.763208	1.892056	0.3058509	0.6941491	77.99309
190	9.22314	-20.8005	30.0237	0.840934	0.159066	6.333504	0.263975	0.186454	0.154284	0.153747	0.129186	0.0141737	0.0139731	0	3.29687	1.688681	0.1590659	0.8409341	48.8294
200	8.25176	-18.6631	26.9149	0.823007	0.176993	4.632374	0.269676	0.184618	0.153534	0.149788	0.129118	0.0141542	0.0139528	0	6.405645	1.800187	0.176993	0.823007	63.12297
210	9.324	-20.2788	29.6028	0.779374	0.220626	4.839975	0.266253	0.18507	0.156102	0.154022	0.131295	0.0145311	0.0138954	0	3.717761	1.644926	0.2206263	0.7793737	44.1495
220	9.20485	-22.1897	31.3946	0.0671008	0.932899	3.438373	0.26629	0.184831	0.157733	0.1516	0.133851	0.0147527	0.0138912	0	1.925948	1.712529	0.9328992	0.06710078	51.58569
230	10.2564	-21.3847	31.6411	0.146403	0.853597	4.72472	0.275938	0.184795	0.155386	0.151617	0.133028	0.014529	0.0139682	0	1.679408	1.948582	0.8535973	0.1464027	88.83466
240	8.03458	-20.9157	28.9503	0.706351	0.293649	3.604262	0.276322	0.180265	0.15503	0.149793	0.133842	0.0144584	0.0133802	0	4.37025	1.428795	0.2936491	0.7063509	26.84079
250	8.96288	-22.4719	31.4348	0.26665	0.73335	3.435712	0.266668	0.182347	0.154125	0.147264	0.134463	0.0146705	0.0138817	0	1.885726	1.663109	0.7333498	0.2666502	46.03716
260	10.3996	-21.3956	31.7951	0.459003	0.540997	6.509705	0.262846	0.17871	0.154163	0.146848	0.130565	0.0144385	0.0134828	0	1.525391	1.972256	0.5409968	0.4590032	93.81138
270	8.29771	-20.6667	28.9644	0.28184	0.71816	1.886142	0.265987	0.180004	0.158581	0.14903	0.132155	0.0141519	0.0134321	0	4.356169	1.702885	0.71816	0.28184	50.45273
280	9.82857	-18.8907	28.7193	0.0358036	0.964196	4.921638	0.266245	0.184835	0.160164	0.14726	0.133348	0.0143509	0.0136154	0	4.60125	1.952467	0.9641964	0.03580365	89.63277
290	7.57936	-20.658	28.2373	0.660372	0.339628	9.585033	0.266655	0.180224	0.161064	0.14673	0.132556	0.0142776	0.0137919	0	5.083216	1.969125	0.3396284	0.6603716	93.13766
300	10.1895	-21.71	31.8994	0.695079	0.304921	6.92674	0.264511	0.178733	0.159016	0.147219	0.133346	0.0141755	0.0137353	0	1.421098	1.974479	0.3049209	0.6950791	94.29283
310	8.68349	-22.5707	31.2541	0.722262	0.277738	8.479234	0.267057	0.181313	0.157456	0.147983	0.130698	0.0144637	0.0136109	0	2.066381	1.823245	0.2777383	0.7222617	66.56478
320	7.61503	-19.9822	27.5973	0.861474	0.138526	5.1428	0.264944	0.183401	0.158961	0.149625	0.13382	0.0148044	0.0136117	0	5.72326	1.535973	0.1385259	0.8614741	34.35365
330	10.1382	-21.4578	31.596	0.144064	0.855936	4.357719	0.266606	0.180512	0.157002	0.151333	0.133968	0.014594	0.0137248	0	1.724528	1.958152	0.8559363	0.1440637	90.81382
340	9.23639	-20.2439	29.4803	0.319114	0.680886	7.630225	0.265426	0.183021	0.160882	0.146728	0.131122	0.0147861	0.0138781	0	3.840233	1.835949	0.6808863	0.3191137	68.54084
350	7.22821	-18.84	26.0682	0.321966	0.678034	7.115258	0.264654	0.18619	0.158938	0.148093	0.131612	0.0144663	0.0136587	0	7.252337	1.862972	0.6780339	0.3219661	72.94109
360	10.411	-19.9608	30.3718	0.443413	0.556587	6.928048	0.266821	0.185544	0.160171	0.152989	0.130313	0.0144528	0.0139453	0	2.948696	1.922273	0.5565867	0.4434133	83.61285
370	9.81286	-20.526	30.3389	0.507527	0.492473	4.375101	0.263698	0.181561	0.160013	0.153122	0.131248	0.0143123	0.0138786	0	2.981631	1.721449	0.492473	0.507527	52.65609
380	10.011	-21.115	31.126	0.335258	0.664742	5.187868	0.268874	0.181853	0.156129	0.150187	0.130057	0.0142494	0.0138746	0	2.194508	1.771534	0.6647415	0.3352585	59.09274
390	9.02385	-22.8371	31.861	0.37515	0.62485	3.248018	0.266118	0.186314	0.155866	0.149195	0.128798	0.0143976	0.0135811	0	1.459568	1.976561	0.6248498	0.3751502	94.74594
400	9.41319	-20.7714	30.1846	0.183202	0.816798	2.680797	0.26548	0.184763	0.156829	0.151154	0.13003	0.0141377	0.0135915	0	3.13598	1.951369	0.8167982	0.1832018	89.40641
410	9.68875	-20.1893	29.8781	0.058182	0.941818	4.817078	0.273706	0.185446	0.153919	0.147173	0.128974	0.0141333	0.0136251	0	3.442433	1.701411	0.941818	0.05818201	50.28177
420	8.40485	-22.1391	30.5439	0.959816	0.0401844	4.480126	0.273208	0.183222	0.158292	0.147999	0.131441	0.0141473	0.0139398	0	2.776604	1.468774	0.04018445	0.9598156	29.42888
430	10.4604	-21.0276	31.488	0.0197076	0.980292	5.94923	0.270242	0.184608	0.15738	0.147517	0.12828	0.0141604	0.0137381	0	1.832526	1.90811	0.9802924	0.01970763	80.93005
440	6.68162	-21.3884	28.07	0.398403	0.601597	1.89447	0.267449	0.186834	0.155548	0.151303	0.128245	0.0141613	0.0136945	0	5.250543	1.25872	0.6015967	0.3984033	18.14345
450	7.16803	-24.574	31.742	0.948528	0.0514716	6.513301	0.269691	0.185931	0.155518	0.152274	0.128183	0.0141899	0.0136236	0	1.578539	1.534921	0.05147159	0.9485284	34.27052
460	10.3012	-19.9109	30.2121	0.246097	0.753903	4.19323	0.270947	0.186179	0.153608	0.151058	0.130266	0.0140921	0.013538	0	3.108464	1.950613	0.7539033	0.2460967	89.25092
470	6.90102	-19.4462	26.3473	0.0120392	0.987961	6.708662	0.27394	0.185599	0.159447	0.151643	0.134493	0.0142709	0.0135127	0	6.973275	1.70141	0.9879608	0.01203923	50.28173
480	9.57016	-20.98	30.5502	0.153861	0.846139	8.351773	0.276035	0.186645	0.153577	0.149618	0.13215	0.0145078	0.0139035	0	2.770351	1.908755	0.846139	0.153861	81.05041
490	8.79024	-19.1561	27.9464	0.978517	0.0214829	4.432846	0.275186	0.180961	0.155537	0.147723	0.130438	0.0142119	0.0139178	0	5.374169	1.729235	0.02148291	0.9785171	53.60871
500	10.2385	-19.6526	29.891	0.995171	0.00482885	4.485642	0.274734	0.184798	0.159261	0.14787	0.130752	0.01441	0.0137403	0	3.429512	1.904139	0.004828849	0.9951712	80.19353
510	9.68961	-21.8958	31.5854	0.770482	0.229518	4.345939	0.264432	0.184777	0.156759	0.149087	0.129869	0.0141006	0.0137686	0	1.735146	1.818584	0.2295178	0.7704822	65.85424
520	7.30142	-20.5155	27.8169	0.55517	0.44483	2.129901	0.264003	0.181231	0.157613	0.147426	0.134569	0.0142729	0.0139419	0	5.50365	1.424653	0.4448296	0.5551704	26.58598
530	9.80257	-20.7947	30.5972	0.482476	0.517524	7.238275	0.273578	0.185021	0.154259	0.149135	0.133312	0.0146526	0.013872	0	2.723299	1.830551	0.5175242	0.4824758	67.69413
540	9.99429	-21.227	31.2212	0.435746	0.564254	7.561061	0.274533	0.181239	0.155343	0.148665	0.131932	0.0144913	0.0135088	0	2.099293	1.901773	0.5642538	0.4357462	79.75784
550	10.0892	-19.0201	29.1093	0.130648	0.869352	4.882575	0.267024	0.184063	0.15367	0.152258	0.133466	0.0143713	0.0134053	0	4.211187	1.979647	0.8693515	0.1306485	95.42159
560	9.30031	-20.2894	29.5897	0.641703	0.358297	3.198192	0.264241	0.185508	0.15447	0.149501	0.12816	0.0140917	0.0136965	0	3.730834	1.726545	0.3582967	0.6417033	53.2777
570	8.78399	-23.6125	32.3965	0.606032	0.393968	6.290822	0.273396	0.185904	0.154699	0.149078	0.129558	0.0142152	0.0137698	0	0.9240709	1.90652	0.3939679	0.6060321	80.6343
580	10.3423	-20.1743	30.5166	0.440961	0.559039	4.157697	0.266537	0.186943	0.157662	0.150127	0.12937	0.0147533	0.0139022	0	2.803926	1.942074	0.5590391	0.4409609	87.51321
590	9.4051	-21.3463	30.7514	0.90218	0.09782	6.475669	0.269679	0.186888	0.155133	0.147397	0.131663	0.0144387	0.0133385	0	2.569172	1.7238	0.09782	0.90218	52.94194
600	8.0894	-23.7689	31.8583	0.494946	0.505054	8.37325	0.263223	0.187568	0.16015	0.153723	0.128891	0.0143885	0.0135096	0	1.462202	1.796241	0.5050545	0.4949455	62.55192
610	7.90068	-24.3813	32.282	0.629549	0.370451	5.335733	0.269876	0.185501	0.157345	0.146767	0.130992	0.0146424	0.0134708	0	1.038513	1.696837	0.3704508	0.6295492	49.75506
620	9.5323	-21.0026	30.5349	0.115569	0.884431	4.581303	0.269726	0.185004	0.156001	0.149469	0.134722	0.0147133	0.0135354	0	2.785594	1.639296	0.8844314	0.1155686	43.58086
630	10.496	-20.7297	31.2258	0.747646	0.252354	6.676557	0.26895	0.187036	0.155511	0.151651	0.132769	0.0147647	0.0137937	0	2.094764	1.921809	0.2523543	0.7476457	83.52349
640	10.7834	-19.7968	30.5802	0.821144	0.178856	5.833349	0.271418	0.180939	0.158658	0.149023	0.129213	0.0146056	0.0139348	0	2.740303	1.961124	0.1788565	0.8211435	91.43733
650	8.69103	-23.0865	31.7775	0.61702	0.38298	6.797673	0.273883	0.183348	0.160575	0.146483	0.129033	0.0147572	0.0138476	0	1.543011	1.719816	0.3829796	0.6170204	52.45857
660	9.20382	-20.1497	29.3535	0.734768	0.265232	6.097633	0.268337	0.186618	0.159031	0.147181	0.131216	0.0145365	0.0138208	0	3.96699	1.705519	0.2652322	0.7347678	50.75974
670	9.53606	-20.3144	29.8505	0.593631	0.406369	3.341987	0.274819	0.17898	0.159752	0.149643	0.128197	0.0143334	0.0137198	0	3.470028	1.770736	0.4063688	0.5936312	58.98425
680	10.5518	-20.8881	31.4399	0.249988	0.750012	5.052848	0.276328	0.181911	0.159485	0.150266	0.131755	0.0142609	0.0138572	0	1.880641	1.965797	0.7500117	0.2499883	92.42653
690	7.84593	-21.6776	29.5235	0.301542	0.698458	1.801521	0.27406	0.17936	0.16023	0.152848	0.130396	0.0141214	0.0139594	0	3.797004	1.449909	0.6984577	0.3015423	28.17796
700	9.29299	-21.0806	30.3736	0.60618	0.39382	2.715304	0.269155	0.1852	0.159192	0.151907	0.13061	0.0143195	0.0139339	0	2.946934	1.804108	0.3938204	0.6061796	63.69539
710	9.16328	-20.017	29.1803	0.779454	0.220546	2.751322	0.270029	0.181957	0.16076	0.152435	0.131052	0.0147126	0.0134878	0	4.140236	1.913632	0.2205458	0.7794542	81.9657
720	10.2296	-21.0995	31.3291	0.530901	0.469099	6.578986	0.269672	0.181273	0.160618	0.153478	0.128466	0.0146476	0.0135824	0	1.991458	1.875955	0.4690993	0.5309007	75.15446
730	9.77104	-21.2398	31.0108	0.246931	0.753069	4.906507	0.271023	0.180488	0.15782	0.15076	0.132483	0.0146674	0.0134742	0	2.30973	1.710725	0.7530686	0.2469314	51.3718
740	8.79039	-21.1978	29.9882	0.571686	0.428314	2.124321	0.270664	0.181208	0.160285	0.147662	0.133972	0.0146276	0.0134585	0	3.332299	1.769149	0.4283139	0.5716861	58.76908
750	9.3027	-19.5688	28.8716	0.678353	0.321647	5.641737	0.262871	0.180165	0.158726	0.147877	0.12901	0.0145916	0.0135302	0	4.448981	1.746227	0.3216475	0.6783525	55.74769
760	10.0004	-19.5107	29.5111	0.184957	0.815043	7.046668	0.264614	0.184997	0.159551	0.147738	0.128921	0.0141924	0.0138102	0	3.809412	1.921943	0.8150427	0.1849573	83.54932
770	9.72977	-20.8118	30.5415	0.629789	0.370211	6.690463	0.268308	0.181856	0.156543	0.150253	0.128809	0.0141178	0.0137981	0	2.779012	1.78204	0.3702111	0.6297889	60.53963
780	9.011	-22.2725	31.2835	0.412482	0.587518	2.788391	0.265332	0.181641	0.160462	0.148361	0.130176	0.0141917	0.0134874	0	2.037077	1.805682	0.5875184	0.4124816	63.92661
790	9.95738	-19.1743	29.1316	0.0300861	0.969914	4.47877	0.271616	0.181834	0.160886	0.149611	0.132584	0.0140802	0.0137555	0	4.188894	1.945911	0.9699139	0.03008608	88.28987
800	10.0587	-19.0463	29.105	0.643733	0.356267	6.236632	0.269353	0.187402	0.155018	0.148948	0.130287	0.0146599	0.0136763	0	4.21555	1.937696	0.3562671	0.6437329	86.63551
810	10.0256	-21.4846	31.5102	0.192815	0.807185	5.758094	0.26804	0.186256	0.153864	0.147211	0.131929	0.0144417	0.0133229	0	1.810304	1.823158	0.8071848	0.1928152	66.55148
820	8.97877	-19.3136	28.2923	0.370954	0.629046	6.767268	0.266513	0.1811	0.154439	0.149946	0.132145	0.0142557	0.0133833	0	5.028185	1.838034	0.6290464	0.3709536	68.87065
830	9.36076	-21.6765	31.0373	0.525974	0.474026	6.08947	0.268063	0.183078	0.154725	0.152795	0.134477	0.0142443	0.013363	0	2.283222	1.692247	0.4740259	0.5259741	49.23195
840	8.81988	-20.5299	29.3498	0.263856	0.736144	3.286277	0.273851	0.181716	0.160578	0.153688	0.132423	0.0143261	0.0138111	0	3.97075	1.56442	0.736144	0.263856	36.67925
850	9.68082	-21.9938	31.6747	0.11365	0.88635	3.760882	0.27416	0.183656	0.159971	0.150295	0.13471	0.0141362	0.0134997	0	1.645874	1.962102	0.8863502	0.1136498	91.64362
860	7.8296	-20.9688	28.7984	0.848305	0.151695	6.569465	0.272516	0.186876	0.16059	0.149697	0.134775	0.0143153	0.0133885	0	4.522113	1.584831	0.1516952	0.8483048	38.44423
870	9.72405	-20.3435	30.0675	0.329761	0.670239	3.835496	0.262954	0.183133	0.157128	0.148048	0.131604	0.0141714	0.0138208	0	3.253015	1.745195	0.670239	0.329761	55.61544
880	10.7341	-20.0664	30.8005	0.231702	0.768298	5.734498	0.262642	0.182164	0.158835	0.151617	0.132358	0.0143309	0.0138472	0	2.520039	1.9361	0.7682979	0.2317021	86.31777
890	10.6732	-19.2631	29.9362	0.518565	0.481435	5.697629	0.265292	0.179818	0.155704	0.150144	0.132018	0.0147412	0.0139375	0	3.384292	1.992497	0.4814349	0.5185651	98.28729
900	10.2343	-19.5787	29.813	0.39803	0.60197	5.518618	0.265264	0.182114	0.155137	0.147103	0.13282	0.0143739	0.0137599	0	3.507513	1.858953	0.6019701	0.3980299	72.26924
910	8.88422	-19.059	27.9432	0.859586	0.140414	3.737791	0.264567	0.182551	0.154057	0.147238	0.134411	0.0146217	0.0137656	0	5.377289	1.838425	0.140414	0.859586	68.93265
920	10.0983	-20.1171	30.2154	0.483473	0.516527	5.385744	0.274205	0.181063	0.155245	0.146705	0.132621	0.0143046	0.013912	0	3.105097	1.787587	0.5165274	0.4834726	61.31791
930	10.3448	-20.9338	31.2787	0.622585	0.377415	6.908424	0.272815	0.181008	0.15981	0.147075	0.128113	0.0147528	0.0139377	0	2.041854	1.910815	0.3774154	0.6225846	81.43582
940	9.45253	-21.1896	30.6422	0.953461	0.0465386	6.82949	0.273406	0.181307	0.155777	0.150541	0.128892	0.0146362	0.013862	0	2.678351	1.750115	0.04653862	0.9534614	56.24906
950	8.35239	-19.8644	28.2168	0.78165	0.21835	3.895153	0.26643	0.186527	0.158093	0.152575	0.132656	0.0145797	0.013512	0	5.103717	1.565894	0.2183501	0.7816499	36.80394
960	8.32192	-20.2544	28.5763	0.962742	0.0372583	2.289377	0.265436	0.18402	0.15686	0.153898	0.13282	0.0147569	0.0134825	0	4.744246	1.657609	0.03725829	0.9627417	45.45784
970	9.79767	-21.8205	31.6182	0.235868	0.764132	4.702931	0.270703	0.186952	0.157361	0.153459	0.134573	0.0143824	0.0136867	0	1.70236	1.808724	0.7641324	0.2358676	64.37601
980	8.44997	-18.3693	26.8193	0.57729	0.42271	4.779553	0.269712	0.185599	0.154748	0.153417	0.128901	0.0144141	0.013451	0	6.501255	1.973869	0.4227102	0.5772898	94.16059
990	7.66336	-18.8113	26.4746	0.0453457	0.954654	5.604722	0.275882	0.181995	0.156408	0.152383	0.133467	0.0143529	0.0135584	0	6.845919	1.7437	0.9546543	0.04534568	55.42424
1000	9.0307	-21.7342	30.7649	0.939265	0.0607355	3.017014	0.275644	0.182294	0.158217	0.149783	0.132542	0.0143194	0.0136828	0	2.55567	1.652496	0.06073545	0.9392645	44.92585
1010	8.92485	-21.9981	30.9229	0.888803	0.111197	6.328743	0.267465	0.178636	0.158661	0.150083	0.133542	0.0142334	0.0139748	0	2.397593	1.643022	0.1111973	0.8888027	43.95638
1020	10.4187	-19.9413	30.36	0.277464	0.722536	4.262584	0.267717	0.178655	0.156171	0.147606	0.128128	0.0142011	0.0138213	0	2.96049	1.987838	0.7225356	0.2774644	97.23841
1030	9.82316	-18.7814	28.6046	0.592441	0.407559	5.129391	0.262584	0.179425	0.161013	0.149584	0.129249	0.0141302	0.0138219	0	4.71594	1.978291	0.4075593	0.5924407	95.12422
1040	10.0731	-22.0365	32.1096	0.481927	0.518073	6.115254	0.265466	0.181962	0.160433	0.146666	0.133629	0.0140891	0.0138618	0	1.21092	1.996849	0.5180731	0.4819269	99.27708
1050	10.1431	-21.7178	31.8608	0.487278	0.512722	7.667321	0.262645	0.181668	0.157606	0.147416	0.132055	0.0145337	0.0138752	0	1.459684	1.998632	0.5127216	0.4872784	99.68561
1060	8.73995	-21.0135	29.7534	0.263178	0.736822	8.944237	0.262553	0.18146	0.157636	0.146655	0.131381	0.0142255	0.0139932	0	3.567094	1.905033	0.7368221	0.2631779	80.35879
1070	10.6843	-20.6423	31.3266	0.287585	0.712415	6.279191	0.265594	0.182617	0.15673	0.147773	0.128425	0.0146027	0.0138336	0	1.993952	1.949747	0.7124154	0.2875846	89.07315
1080	9.2793	-20.8715	30.1508	0.65203	0.34797	8.591986	0.264574	0.186387	0.154029	0.150472	0.129991	0.0144974	0.0133734	0	3.169748	1.92341	0.3479697	0.6520303	83.8321
1090	9.16243	-19.5963	28.7587	0.0445763	0.955424	6.652701	0.266801	0.18199	0.159337	0.148222	0.132061	0.014519	0.0136416	0	4.56182	1.794799	0.9554237	0.04457632	62.34462
1100	10.8433	-20.044	30.8873	0.0395227	0.960477	5.720821	0.272101	0.186505	0.159525	0.146824	0.132095	0.014202	0.0138378	0	2.433273	1.970297	0.9604773	0.03952274	93.38938
1110	8.43758	-23.8499	32.2875	0.369712	0.630288	4.822856	0.272664	0.186214	0.157797	0.150176	0.134108	0.0146362	0.0139867	0	1.033065	1.778768	0.6302878	0.3697122	60.08522
1120	9.01944	-20.9326	29.952	0.585081	0.414919	4.72981	0.265683	0.184463	0.158958	0.150999	0.130231	0.0143788	0.0138777	0	3.3685	1.566095	0.4149193	0.5850807	36.82096
1130	9.44178	-20.1923	29.6341	0.17592	0.82408	5.843429	0.26471	0.186541	0.157806	0.146662	0.130108	0.0141867	0.0136154	0	3.686463	1.707849	0.8240802	0.1759198	51.03275
1140	8.76439	-20.9263	29.6906	0.50985	0.49015	6.815291	0.265061	0.186297	0.158713	0.147846	0.132225	0.0143753	0.0136708	0	3.629884	1.675607	0.4901497	0.5098503	47.38127
1150	10.0709	-20.5549	30.6258	0.238225	0.761775	5.439574	0.264532	0.180921	0.159989	0.148567	0.133171	0.0142503	0.0139159	0	2.694717	1.766377	0.7617751	0.2382249	58.39511
1160	8.32367	-22.1278	30.4515	0.764401	0.235599	2.188805	0.263757	0.182391	0.157714	0.153636	0.133275	0.014481	0.0139064	0	2.869073	1.550335	0.2355992	0.7644008	35.50868
1170	10.053	-21.2634	31.3164	0.987685	0.0123149	3.835898	0.264315	0.185636	0.15382	0.15198	0.133764	0.01437	0.0135499	0	2.004108	1.982845	0.01231487	0.9876851	96.12702
1180	7.11163	-21.2497	28.3613	0.224013	0.775987	3.248278	0.266346	0.18591	0.153485	0.149318	0.132684	0.0146325	0.0136181	0	4.959252	1.286053	0.7759865	0.2240135	19.32203
1190	9.6269	-22.0785	31.7054	0.658216	0.341784	4.516878	0.265413	0.183312	0.157061	0.146659	0.129297	0.0147709	0.0136409	0	1.615103	1.816245	0.3417842	0.6582158	65.50056
1200	9.90959	-20.7781	30.6877	0.15858	0.84142	3.351902	0.263554	0.184806	0.154282	0.147052	0.129959	0.0145159	0.0136406	0	2.632795	1.960767	0.8414197	0.1585803	91.36231
1210	9.46446	-20.5814	30.0458	0.759461	0.240539	3.852527	0.276226	0.182243	0.153475	0.151607	0.1313	0.0146285	0.01364	0	3.274711	1.668543	0.2405388	0.7594612	46.61686
1220	10.3747	-20.5269	30.9016	0.861454	0.138546	4.618215	0.271507	0.181685	0.154042	0.151349	0.130863	0.0144031	0.0136624	0	2.418944	1.889326	0.1385462	0.8614538	77.50428
1230	9.55512	-20.3078	29.863	0.348142	0.651858	8.617671	0.267196	0.184965	0.153863	0.15222	0.129463	0.0142973	0.0134351	0	3.457575	1.987149	0.6518575	0.3481425	97.08438
1240	10.5084	-21.0184	31.5268	0.694301	0.305699	6.911092	0.265255	0.185948	0.154041	0.152848	0.128169	0.0146508	0.0137861	0	1.793735	1.965993	0.3056991	0.6943009	92.46826
1250	9.93178	-19.014	28.9458	0.947223	0.0527774	5.838519	0.264501	0.184063	0.153769	0.149946	0.132664	0.0142054	0.0134595	0	4.374775	1.918432	0.05277744	0.9472226	82.8766
1260	8.81243	-19.445	28.2575	0.00856293	0.991437	7.446644	0.265015	0.183468	0.154163	0.151771	0.134212	0.0144434	0.0133053	0	5.063062	1.874455	0.9914371	0.008562927	74.89545
1270	5.73539	-25.1302	30.8656	0.600869	0.399131	5.102271	0.266427	0.18677	0.1579	0.147069	0.134288	0.0144212	0.0134064	0	2.454968	1.204979	0.3991306	0.6008694	16.03169
1280	10.0531	-20.766	30.8191	0.244087	0.755913	7.0892	0.27175	0.180432	0.154201	0.148008	0.130562	0.014326	0.0136504	0	2.50146	1.858636	0.7559134	0.2440866	72.21635
1290	9.10918	-22.9145	32.0237	0.227875	0.772125	4.32881	0.264546	0.182974	0.154301	0.152609	0.129984	0.0144963	0.0137644	0	1.296866	1.817948	0.7721252	0.2278748	65.75796
1300	9.64416	-19.0283	28.6724	0.401905	0.598095	4.518225	0.270065	0.184486	0.155379	0.15322	0.1346	0.0143712	0.0139836	0	4.648112	1.897652	0.5980948	0.4019052	79.00457
1310	9.94684	-20.7567	30.7035	0.169456	0.830544	7.733772	0.269316	0.185729	0.15744	0.154025	0.132314	0.0146155	0.0139691	0	2.61702	1.892297	0.830544	0.169456	78.03636
1320	9.20369	-20.8376	30.0413	0.907975	0.092025	7.242052	0.267337	0.185316	0.160883	0.151875	0.132982	0.0143696	0.0139087	0	3.27923	1.762088	0.09202503	0.907975	57.82133
1330	7.83785	-18.3206	26.1585	0.755542	0.244458	4.273643	0.263648	0.181813	0.156978	0.152736	0.13348	0.0147644	0.0139026	0	7.162081	1.996169	0.2444583	0.7555417	99.12179
1340	9.10237	-21.2198	30.3221	0.65687	0.34313	5.292487	0.26679	0.182112	0.159945	0.150518	0.134474	0.0143063	0.0133877	0	2.998381	1.601126	0.3431299	0.6568701	39.91404
1350	8.73869	-23.0859	31.8246	0.837385	0.162615	8.857732	0.268817	0.186764	0.159317	0.154032	0.130875	0.0144364	0.0133859	0	1.49591	1.925674	0.1626154	0.8373846	84.27021
1360	9.81055	-19.0001	28.8106	0.902418	0.0975816	5.889909	0.273488	0.178485	0.156726	0.150988	0.134329	0.0140897	0.0137577	0	4.509904	1.903394	0.09758164	0.9024184	80.05608
1370	10.7393	-19.8006	30.5399	0.133598	0.866402	5.038752	0.270407	0.184079	0.156605	0.153606	0.129314	0.0145639	0.0133108	0	2.78063	1.997323	0.8664025	0.1335975	99.38556
1380	9.18908	-20.2801	29.4691	0.434315	0.565685	2.825204	0.276243	0.187728	0.160093	0.153321	0.128189	0.0148055	0.0135099	0	3.851381	1.784708	0.5656847	0.4343153	60.91266
1390	9.14742	-19.7758	28.9232	0.168017	0.831983	4.572922	0.275801	0.180555	0.155399	0.148895	0.128787	0.0147874	0.0136423	0	4.397348	1.658985	0.8319827	0.1680173	45.60213
1400	8.27466	-22.9649	31.2396	0.154678	0.845322	2.502925	0.268247	0.181215	0.15945	0.153148	0.128801	0.0148126	0.0136639	0	2.080932	1.566181	0.8453222	0.1546778	36.82822
1410	9.11279	-19.6789	28.7917	0.150291	0.849709	6.306922	0.271154	0.182398	0.155624	0.153673	0.130851	0.0145136	0.0137054	0	4.528869	1.752063	0.8497088	0.1502912	56.50191
1420	9.00775	-22.1929	31.2007	0.208577	0.791423	2.461304	0.270349	0.182837	0.157357	0.152285	0.133237	0.0147684	0.0138247	0	2.119866	1.962449	0.7914226	0.2085774	91.71687
1430	8.15512	-20.9457	29.1008	0.51664	0.48336	1.494075	0.268763	0.182558	0.158554	0.153505	0.13143	0.0145377	0.0137792	0	4.219702	1.85556	0.4833601	0.5166399	71.70675
1440	5.66866	-20.8774	26.5461	0.243087	0.756913	1.051157	0.267111	0.183291	0.157851	0.151906	0.133644	0.0144593	0.0137221	0	6.77448	1.272099	0.7569132	0.2430868	18.71107
1450	10.4833	-19.1111	29.5944	0.845356	0.154644	5.368612	0.265575	0.181983	0.153277	0.150105	0.128426	0.0146395	0.0139157	0	3.72613	1.998791	0.1546435	0.8453565	99.72198
1460	9.09241	-21.1188	30.2113	0.333849	0.666151	4.967661	0.266984	0.180826	0.158944	0.150926	0.128576	0.0141497	0.0138943	0	3.109272	1.5758	0.6661512	0.3338488	37.65306
1470	9.92633	-20.1707	30.0971	0.84595	0.15405	6.913717	0.268522	0.182658	0.159518	0.15353	0.13181	0.0142783	0.0135122	0	3.223454	1.850483	0.1540502	0.8459498	70.87336
1480	9.60599	-20.3203	29.9263	0.0951924	0.904808	3.085002	0.270521	0.178593	0.160693	0.15184	0.133712	0.0140831	0.0137241	0	3.394222	1.897342	0.9048076	0.09519244	78.94816
1490	9.87444	-21.2554	31.1298	0.219034	0.780966	6.749978	0.274756	0.185869	0.158403	0.151334	0.134564	0.0143119	0.013932	0	2.190737	1.804089	0.780966	0.219034	63.69262
1500	8.48411	-23.9677	32.4518	0.442361	0.557639	7.976498	0.267773	0.18098	0.157181	0.148034	0.133555	0.0141963	0.0135229	0	0.868756	1.973603	0.5576392	0.4423608	94.10284
1510	8.03486	-21.2316	29.2665	0.469234	0.530766	7.255644	0.273358	0.180094	0.156107	0.149757	0.134016	0.0146028	0.0136749	0	4.054034	1.639536	0.5307661	0.4692339	43.60496
1520	10.0295	-19.6645	29.694	0.0409874	0.959013	4.64088	0.275208	0.180237	0.153208	0.148148	0.132782	0.0147238	0.0139618	0	3.626547	1.813452	0.9590126	0.04098736	65.08068
1530	9.41179	-21.869	31.2808	0.962392	0.0376084	6.167305	0.266817	0.18055	0.154248	0.147916	0.128731	0.0144379	0.0137179	0	2.039755	1.726011	0.03760842	0.9623916	53.21215
1540	8.8022	-18.8073	27.6095	0.53719	0.46281	4.002431	0.271193	0.179516	0.154761	0.149849	0.129927	0.0147378	0.0137526	0	5.711014	1.892077	0.4628096	0.5371904	77.99693
1550	9.37892	-19.8323	29.2112	0.429703	0.570297	5.237221	0.273655	0.180201	0.158982	0.14947	0.128168	0.0147768	0.0138038	0	4.109363	1.698629	0.5702975	0.4297025	49.96072
1560	8.81034	-20.6152	29.4255	0.101241	0.898759	7.343596	0.27602	0.182223	0.157381	0.147214	0.130503	0.0147513	0.0138592	0	3.894986	1.739717	0.8987593	0.1012407	54.91832
1570	9.38885	-21.502	30.8908	0.138558	0.861442	7.016192	0.263285	0.181992	0.153826	0.149542	0.128333	0.0144174	0.0137123	0	2.429693	1.747231	0.8614424	0.1385576	55.87674
1580	10.0645	-20.0933	30.1577	0.543097	0.456903	4.749893	0.263155	0.182734	0.155578	0.149445	0.129411	0.0141379	0.0137929	0	3.162812	1.789354	0.4569029	0.5430971	61.56791
1590	9.32575	-19.7394	29.0652	0.345375	0.654625	3.192657	0.268539	0.185301	0.153757	0.147391	0.131223	0.0142434	0.0134712	0	4.255372	1.870061	0.6546248	0.3453752	74.14142
1600	9.59296	-19.172	28.765	0.487878	0.512122	4.958227	0.2655	0.185446	0.153612	0.14991	0.13448	0.0142991	0.0136985	0	4.555552	1.8239	0.5121223	0.4878777	66.66536
1610	9.68403	-21.0152	30.6992	0.112829	0.887171	3.058195	0.273985	0.187692	0.158396	0.14959	0.13199	0.0144134	0.0138995	0	2.621281	1.937506	0.8871709	0.1128291	86.59766
1620	10.5757	-20.1105	30.6861	0.426447	0.573553	5.063726	0.268278	0.187442	0.159528	0.149491	0.133393	0.0145193	0.013444	0	2.634406	1.91635	0.5735534	0.4264466	82.48032
1630	7.3003	-24.5614	31.8617	0.478322	0.521678	1.740869	0.273113	0.182244	0.153115	0.153535	0.131745	0.0143318	0.0135957	0	1.458847	1.943459	0.5216783	0.4783217	87.79275
1640	10.1055	-20.3014	30.4069	0.436472	0.563528	4.243448	0.269679	0.181767	0.16009	0.153252	0.128356	0.0147811	0.0133837	0	2.913633	1.824114	0.5635282	0.4364718	66.69813
1650	9.61354	-19.2681	28.8816	0.790938	0.209062	7.535062	0.271289	0.182639	0.158497	0.151446	0.132883	0.0148002	0.0135352	0	4.438898	1.966783	0.2090624	0.7909376	92.63674
1660	7.23555	-24.6765	31.9121	0.519947	0.480053	9.218242	0.269671	0.186496	0.154279	0.153477	0.132117	0.0144699	0.0135968	0	1.408453	1.794966	0.4800531	0.5199469	62.36865
1670	8.17549	-21.1579	29.3334	0.265219	0.734781	7.303418	0.262626	0.183253	0.154704	0.153972	0.12888	0.0145524	0.0136507	0	3.987138	1.657953	0.734781	0.265219	45.49393
1680	7.97431	-24.332	32.3063	0.467905	0.532095	7.036153	0.265287	0.182424	0.159366	0.150355	0.128195	0.0143076	0.0137966	0	1.014245	1.777229	0.5320947	0.4679053	59.87276
1690	7.67604	-19.5543	27.2303	0.876558	0.123442	6.460553	0.265657	0.187325	0.15995	0.152666	0.131875	0.0143307	0.0139106	0	6.090196	1.69619	0.1234416	0.8765584	49.68096
1700	9.77937	-22.2309	32.0103	0.0833881	0.916612	6.350423	0.269582	0.178936	0.159927	0.152418	0.129224	0.0147714	0.0137773	0	1.310262	1.884701	0.9166119	0.08338807	76.68335
1710	9.05721	-19.0361	28.0933	0.450482	0.549518	3.970683	0.26857	0.181739	0.153383	0.152525	0.131592	0.0141333	0.0134608	0	5.227223	1.852606	0.5495177	0.4504823	71.2207
1720	9.23042	-19.0482	28.2787	0.131295	0.868705	6.818532	0.273585	0.18173	0.156965	0.14751	0.129932	0.0145975	0.0139664	0	5.041865	1.893444	0.8687047	0.1312953	78.2427
1730	10.3357	-20.7096	31.0453	0.747662	0.252338	4.359375	0.269806	0.180765	0.154458	0.148105	0.129298	0.0147651	0.0133193	0	2.275247	1.924143	0.2523385	0.7476615	83.97367
1740	8.87212	-20.2014	29.0735	0.809836	0.190164	3.366114	0.267047	0.182072	0.155012	0.148601	0.133251	0.0144629	0.0134204	0	4.246997	1.617304	0.1901639	0.8098361	41.42897
1750	9.44853	-21.6793	31.1278	0.00797525	0.992025	5.369426	0.27599	0.181572	0.155072	0.149267	0.134174	0.0147188	0.0134701	0	2.192739	1.652252	0.9920248	0.007975248	44.90056
1760	8.98139	-21.4329	30.4143	0.214351	0.785649	8.819287	0.272034	0.183997	0.15965	0.146911	0.133111	0.0141706	0.0136484	0	2.906252	1.89171	0.7856487	0.2143513	77.93097
1770	10.4486	-20.1224	30.571	0.163289	0.836711	4.941085	0.262965	0.185854	0.157208	0.147053	0.129959	0.0143886	0.0137058	0	2.749574	1.876224	0.8367111	0.1632889	75.20114
1780	8.87695	-23.4501	32.3271	0.863764	0.136236	7.073108	0.26832	0.18761	0.154594	0.148853	0.12896	0.0145006	0.0138715	0	0.9934724	1.920111	0.1362355	0.8637645	83.19762
1790	10.0691	-20.9016	30.9708	0.356209	0.643791	8.32686	0.270362	0.182975	0.155806	0.149428	0.131902	0.0147128	0.0138533	0	2.349744	1.978169	0.6437913	0.3562087	95.09748
1800	8.64839	-21.8032	30.4516	0.0669808	0.933019	5.265085	0.264813	0.187374	0.156426	0.147865	0.134142	0.0147135	0.0138226	0	2.868948	1.50234	0.9330192	0.06698085	31.79359
1810	8.35106	-21.7594	30.1105	0.461027	0.538973	2.328919	0.264496	0.184087	0.156554	0.146563	0.130834	0.0141518	0.0137848	0	3.210081	1.512202	0.5389725	0.4610275	32.52387
1820	10.5265	-19.6144	30.1409	0.702968	0.297032	4.862056	0.266663	0.18718	0.156675	0.14991	0.128882	0.0142905	0.0135635	0	3.179583	1.962449	0.2970316	0.7029684	91.71681
1830	7.25031	-24.2381	31.4884	0.0954443	0.904556	1.409467	0.272397	0.185181	0.157663	0.149044	0.130049	0.0141651	0.0134319	0	1.832167	1.709191	0.9045557	0.09544433	51.19068
1840	9.07433	-19.3659	28.4403	0.224946	0.775054	4.559189	0.274832	0.18627	0.157223	0.149113	0.129426	0.0142193	0.0138027	0	4.880267	1.716131	0.7750545	0.2249455	52.01532
1850	10.8275	-20.0675	30.8949	0.403289	0.596711	5.976265	0.268495	0.183148	0.154753	0.151576	0.128601	0.0142748	0.0134523	0	2.425591	1.972186	0.5967111	0.4032889	93.79632
1860	9.44325	-22.2165	31.6597	0.0671839	0.932816	8.523779	0.268034	0.17924	0.156117	0.147525	0.129684	0.0140778	0.013434	0	1.66082	1.946523	0.9328161	0.06718386	88.41447
1870	9.58851	-19.8876	29.4761	0.523651	0.476349	6.302269	0.274556	0.178504	0.159866	0.149165	0.130158	0.0143166	0.0135439	0	3.844403	1.783281	0.4763494	0.5236506	60.71284
1880	8.98586	-22.566	31.5519	0.832968	0.167032	4.121126	0.276185	0.185213	0.161029	0.154002	0.12863	0.0143351	0.0134391	0	1.768646	1.665664	0.1670319	0.8329681	46.30886
1890	7.4765	-18.4699	25.9464	0.890754	0.109246	5.905948	0.276262	0.186126	0.160022	0.150972	0.128309	0.0144533	0.0136963	0	7.374163	1.841222	0.109246	0.890754	69.37797
1900	10.015	-19.2332	29.2482	0.154817	0.845183	7.039387	0.274097	0.183408	0.158094	0.147845	0.130968	0.0142938	0.0134154	0	4.072332	1.961849	0.8451825	0.1548175	91.5901
1910	10.0191	-20.1706	30.1896	0.0635351	0.936465	8.242765	0.271162	0.185388	0.156447	0.148026	0.130141	0.0147579	0.0136732	0	3.130899	1.98653	0.9364649	0.06353506	96.9461
1920	7.17998	-22.4177	29.5976	0.173538	0.826462	2.880105	0.271514	0.185552	0.156646	0.147029	0.130185	0.0144757	0.0133886	0	3.722897	1.224554	0.8264616	0.1735384	16.77081
1930	9.67026	-20.1979	29.8681	0.548044	0.451956	5.281643	0.267378	0.18632	0.154977	0.150748	0.130259	0.0142368	0.0138018	0	3.452412	1.712594	0.4519559	0.5480441	51.59339
1940	6.01963	-26.5113	32.531	0.181911	0.818089	3.011591	0.265	0.187073	0.155573	0.152087	0.129855	0.0147439	0.013859	0	0.7895502	1.693576	0.8180895	0.1819105	49.38285
1950	10.1481	-21.0935	31.2416	0.284008	0.715992	4.384336	0.267191	0.181982	0.160003	0.152534	0.129953	0.0145973	0.0138802	0	2.0789	1.861408	0.7159924	0.2840076	72.67882
1960	9.90721	-21.3782	31.2854	0.194087	0.805913	3.639924	0.264312	0.179214	0.159686	0.151108	0.130299	0.0144663	0.0138828	0	2.035154	1.946601	0.8059131	0.1940869	88.43034
1970	8.95335	-21.0743	30.0276	0.232221	0.767779	2.147587	0.275028	0.183714	0.158017	0.152793	0.131322	0.0147861	0.0134922	0	3.292905	1.922287	0.7677785	0.2322215	83.6156
1980	8.81709	-19.3394	28.1565	0.30113	0.69887	4.275377	0.272608	0.18699	0.158096	0.149853	0.134056	0.0142687	0.0134984	0	5.164054	1.697705	0.6988698	0.3011302	49.85453
1990	10.7221	-20.308	31.0301	0.45099	0.54901	5.417621	0.270194	0.183256	0.159424	0.152823	0.134313	0.0143345	0.0137279	0	2.290429	1.949665	0.5490104	0.4509896	89.05637
2000	10.1958	-21.1466	31.3424	0.857808	0.142192	6.031577	0.262906	0.186991	0.158675	0.149959	0.134739	0.0145497	0.0136056	0	1.978132	1.850973	0.1421924	0.8578076	70.95332
2010	10.1649	-20.6889	30.8538	0.194245	0.805755	4.788846	0.267384	0.182107	0.154814	0.152481	0.13404	0.0147265	0.0138383	0	2.466753	1.791991	0.8057554	0.1942446	61.94287
2020	4.88737	-18.043	22.9304	0.268188	0.731812	5.448624	0.266906	0.184655	0.155608	0.152376	0.133482	0.0144767	0.01379	0	10.39012	1.823847	0.7318119	0.2681881	66.6572
2030	6.38493	-18.1223	24.5073	0.524189	0.475811	4.820036	0.273924	0.184068	0.1577	0.152111	0.134801	0.0144955	0.0135275	0	8.813277	1.860664	0.4758112	0.5241888	72.55448
2040	9.46939	-18.5166	27.986	0.628931	0.371069	5.720142	0.27188	0.183657	0.16024	0.154059	0.133321	0.0147836	0.0139571	0	5.334552	1.9869	0.3710692	0.6289308	97.02863
2050	9.39687	-22.4442	31.841	0.411096	0.588904	4.141034	0.266963	0.186005	0.157383	0.153355	0.132746	0.014682	0.0138603	0	1.479492	1.839027	0.588904	0.411096	69.02823
2060	8.81374	-18.6461	27.4598	0.26432	0.73568	6.553819	0.265319	0.186333	0.160453	0.15237	0.133168	0.0142642	0.0139206	0	5.860706	1.925955	0.7356798	0.2643202	84.32478
2070	10.8852	-19.9466	30.8318	0.162076	0.837924	5.563852	0.270502	0.18101	0.153903	0.15064	0.131131	0.0143751	0.0138735	0	2.488745	1.992818	0.8379244	0.1620756	98.3599
2080	10.2223	-20.4836	30.7059	0.881003	0.118997	7.742056	0.26605	0.186596	0.155638	0.151135	0.131631	0.0141686	0.0137106	0	2.614642	1.954196	0.1189975	0.8810025	89.99032
2090	10.6491	-20.7495	31.3986	0.636367	0.363633	6.598814	0.269601	0.187146	0.155589	0.149127	0.128512	0.0142563	0.0135133	0	1.921945	1.97085	0.363633	0.636367	93.50835
2100	6.15532	-21.9134	28.0688	0.448041	0.551959	2.520521	0.265967	0.185345	0.154431	0.146878	0.128192	0.0147254	0.013904	0	5.251779	1.148012	0.5519591	0.4480409	14.06087
2110	9.17991	-20.6896	29.8695	0.211944	0.788056	2.748087	0.269528	0.18655	0.157776	0.14686	0.131841	0.0146308	0.0139077	0	3.450984	1.736095	0.7880563	0.2119437	54.46213
2120	10.32	-20.3127	30.6327	0.0366812	0.963319	7.273928	0.26733	0.183337	0.161029	0.147361	0.129486	0.0144311	0.0139076	0	2.687872	1.917277	0.9633188	0.03668123	82.65657
2130	9.74908	-21.3706	31.1197	0.609224	0.390776	8.453866	0.267772	0.178712	0.160314	0.152971	0.131353	0.0141508	0.0137587	0	2.200881	1.952489	0.3907757	0.6092243	89.63744
2140	8.39289	-18.4627	26.8556	0.206625	0.793375	4.571229	0.275434	0.180503	0.160611	0.151261	0.129926	0.0140913	0.0133726	0	6.464937	1.930438	0.7933748	0.2066252	85.19968
2150	7.73019	-19.5315	27.2617	0.356838	0.643162	4.96555	0.275994	0.183027	0.159248	0.14972	0.128798	0.014141	0.0139841	0	6.058813	1.583464	0.6431618	0.3568382	38.32336
2160	7.75933	-24.7786	32.5379	0.0202431	0.979757	5.331345	0.272461	0.182054	0.158419	0.148811	0.131056	0.0142602	0.0136683	0	0.7825821	1.786926	0.9797569	0.02024305	61.22454
2170	6.98151	-19.4701	26.4516	0.414477	0.585523	2.103522	0.272446	0.179528	0.157018	0.150914	0.131956	0.0147876	0.0136981	0	6.868957	1.651702	0.5855229	0.4144771	44.84372
2180	9.06798	-19.301	28.3689	0.459201	0.540799	6.294198	0.269122	0.182539	0.156026	0.150334	0.133598	0.0142014	0.0133961	0	4.951583	1.805735	0.5407992	0.4592008	63.93452
2190	10.1467	-21.5294	31.6761	0.940247	0.0597527	7.517944	0.275209	0.183472	0.16087	0.147322	0.132062	0.0144021	0.0134261	0	1.644408	1.969949	0.05975265	0.9402473	93.31438
2200	9.82011	-21.7008	31.5209	0.850254	0.149746	6.620874	0.274162	0.184342	0.160901	0.147392	0.132724	0.0143023	0.013407	0	1.799627	1.838613	0.1497458	0.8502542	68.96256
2210	9.60712	-21.3811	30.9882	0.958235	0.0417653	3.008014	0.275687	0.180798	0.155948	0.148046	0.131465	0.0143201	0.0135913	0	2.332291	1.983281	0.04176528	0.9582347	96.22354
2220	10.3788	-19.4531	29.8319	0.16238	0.83762	4.838364	0.26671	0.17961	0.154102	0.147276	0.134831	0.0143439	0.0139036	0	3.488633	1.935589	0.8376198	0.1623802	86.21629
2230	10.1347	-19.3624	29.4971	0.958464	0.0415357	6.303105	0.263968	0.181329	0.158258	0.149481	0.13211	0.0142012	0.0139674	0	3.823444	1.901171	0.04153567	0.9584643	79.64736
2240	10.0078	-20.2364	30.2442	0.208815	0.791185	3.651041	0.273739	0.182731	0.160899	0.14965	0.132667	0.0146246	0.0138868	0	3.076369	1.903914	0.7911846	0.2088154	80.15184
2250	9.82647	-22.0553	31.8818	0.413138	0.586862	6.131445	0.270684	0.182454	0.160934	0.149698	0.130835	0.0147042	0.0136719	0	1.438742	1.867329	0.5868624	0.4131376	73.67653
2260	10.7579	-20.0274	30.7853	0.208354	0.791646	5.05812	0.268072	0.183333	0.158729	0.149967	0.132385	0.0147406	0.0137014	0	2.535272	1.983372	0.7916463	0.2083537	96.24371
2270	9.20924	-19.7082	28.9174	0.43244	0.56756	3.442855	0.263361	0.182106	0.158143	0.149631	0.132921	0.0147034	0.0133534	0	4.403124	1.75979	0.5675603	0.4324397	57.51621
2280	9.46558	-20.8326	30.2982	0.721784	0.278216	5.002123	0.264097	0.181301	0.160061	0.148399	0.130614	0.0143818	0.0135947	0	3.022366	1.651726	0.2782163	0.7217837	44.84624
2290	8.13307	-20.3995	28.5326	0.159971	0.840029	1.732387	0.266193	0.1808	0.159939	0.147462	0.129492	0.014208	0.0134713	0	4.787957	1.856932	0.8400287	0.1599713	71.93355
2300	7.04891	-23.4701	30.519	0.510103	0.489897	1.939937	0.265864	0.187543	0.157301	0.149566	0.129736	0.0147087	0.0136073	0	2.801552	1.266696	0.4898969	0.5101031	18.47973
2310	10.634	-19.9596	30.5937	0.0524911	0.947509	5.093342	0.265782	0.186825	0.155299	0.149074	0.131259	0.0147103	0.0135154	0	2.726869	1.931552	0.9475089	0.05249111	85.41849
2320	10.6278	-20.349	30.9767	0.899546	0.100454	5.702436	0.268122	0.180767	0.156325	0.148275	0.132468	0.0147337	0.0138074	0	2.343799	1.913262	0.1004538	0.8995462	81.8959
2330	7.62485	-23.7541	31.379	0.0282105	0.971789	1.380911	0.272917	0.180688	0.154979	0.146839	0.128264	0.0147645	0.0137963	0	1.941544	1.958839	0.9717895	0.02821053	90.9575
2340	8.96505	-22.1705	31.1356	0.0698567	0.930143	3.603221	0.262859	0.183978	0.153175	0.15009	0.134836	0.0146142	0.0134121	0	2.184942	1.579478	0.9301433	0.06985671	37.97323
2350	10.0889	-19.6662	29.7551	0.119727	0.880273	4.038294	0.27156	0.180265	0.153402	0.149935	0.132653	0.014232	0.0133218	0	3.565452	1.946111	0.8802732	0.1197268	88.3306
2360	9.83359	-19.1423	28.9759	0.884384	0.115616	4.291212	0.272078	0.181129	0.153553	0.152545	0.132942	0.0144956	0.0138228	0	4.34465	1.95581	0.1156158	0.8843842	90.32538
2370	7.28256	-22.5619	29.8444	0.496133	0.503867	10.52509	0.275931	0.186975	0.156204	0.151245	0.131351	0.0144827	0.0136753	0	3.476098	1.941208	0.5038674	0.4961326	87.33899
2380	10.5459	-19.8269	30.3729	0.125327	0.874673	5.032463	0.273189	0.185986	0.154281	0.151903	0.130745	0.0145494	0.0134724	0	2.947675	1.919025	0.8746725	0.1253275	82.98976
2390	10.0624	-18.9423	29.0046	0.404208	0.595792	5.091304	0.275749	0.187097	0.155717	0.147118	0.131763	0.0146599	0.013763	0	4.31591	1.966991	0.5957922	0.4042078	92.68111
2400	6.55564	-20.0606	26.6163	0.755492	0.244508	6.392764	0.267809	0.187736	0.158442	0.151773	0.132312	0.0147865	0.0136622	0	6.704265	1.580203	0.2445079	0.7554921	38.03672
2410	10.2156	-19.2358	29.4513	0.966795	0.0332055	4.874285	0.270065	0.185027	0.158991	0.148619	0.130647	0.0143028	0.0135117	0	3.869194	1.945576	0.03320546	0.9667945	88.22174
2420	9.10398	-19.489	28.593	0.532363	0.467637	4.437031	0.273799	0.187311	0.154194	0.151372	0.128501	0.01436	0.0136599	0	4.727532	1.704036	0.4676365	0.5323635	50.58662
2430	9.84572	-22.0072	31.8529	0.120319	0.879681	4.755963	0.270089	0.187248	0.157953	0.150189	0.129356	0.0145682	0.0138692	0	1.467614	1.887876	0.8796806	0.1203194	77.24607
2440	9.95177	-21.8027	31.7545	0.830116	0.169884	6.45391	0.274895	0.183396	0.158142	0.150238	0.133853	0.0145703	0.0136764	0	1.566074	1.880827	0.1698836	0.8301164	76.00232
2450	8.69556	-19.9193	28.6149	0.582326	0.417674	8.517399	0.265994	0.187862	0.153803	0.152214	0.130489	0.0147579	0.0139409	0	4.705617	1.944708	0.4176736	0.5823264	88.04565
2460	4.81266	-18.9522	23.7648	0.458952	0.541048	1.644918	0.266896	0.180865	0.160974	0.148952	0.133534	0.0145082	0.0137277	0	9.555717	1.931371	0.5410483	0.4589517	85.38284
2470	9.83739	-21.7403	31.5777	0.953467	0.0465329	8.426877	0.264473	0.180907	0.159996	0.152943	0.13416	0.0142298	0.0134891	0	1.742796	1.991361	0.04653286	0.9534671	98.03044
2480	9.05954	-19.2633	28.3228	0.371978	0.628022	3.455921	0.271405	0.186832	0.159759	0.148107	0.13148	0.014235	0.013441	0	4.997741	1.883863	0.6280218	0.3719782	76.53547
2490	8.72586	-21.4615	30.1874	0.580965	0.419035	4.619201	0.267755	0.18405	0.156464	0.150308	0.132764	0.0142734	0.0134617	0	3.133143	1.514289	0.4190352	0.5809648	32.6805
2500	9.51512	-21.4472	30.9624	0.997531	0.00246888	2.882951	0.265817	0.181951	0.154812	0.152486	0.133109	0.0145763	0.0135927	0	2.358169	1.981352	0.00246888	0.9975311	95.79705
2510	9.56746	-21.6672	31.2346	0.296247	0.703753	3.326938	0.263063	0.182798	0.158858	0.152516	0.131983	0.0146478	0.0133655	0	2.08591	1.862267	0.7037531	0.2962469	72.82268
2520	8.85754	-20.6847	29.5423	0.222515	0.777485	6.665482	0.264613	0.178754	0.153467	0.153318	0.132919	0.0147215	0.013782	0	3.778269	1.672563	0.7774853	0.2225147	47.05039
2530	9.91286	-21.4478	31.3606	0.0663857	0.933614	5.442431	0.264467	0.182332	0.15933	0.152213	0.132056	0.0146041	0.0135056	0	1.95991	1.765533	0.9336143	0.06638572	58.28185
2540	9.99962	-21.9349	31.9346	0.44279	0.55721	6.383022	0.267921	0.1821	0.155985	0.150947	0.130586	0.014645	0.0137064	0	1.38597	1.92041	0.5572103	0.4427897	83.25493
2550	9.73782	-19.2443	28.9821	0.0020294	0.997971	3.984177	0.263942	0.183152	0.155282	0.148011	0.128906	0.0145292	0.0139325	0	4.338449	1.9665	0.9979706	0.002029405	92.57626
2560	8.96456	-19.7329	28.6975	0.078096	0.921904	7.456365	0.265313	0.185986	0.154975	0.151857	0.128691	0.0144261	0.0139022	0	4.623076	1.846951	0.921904	0.07809595	70.29925
2570	7.42372	-21.3431	28.7669	0.806079	0.193921	1.898324	0.265861	0.183749	0.155259	0.151113	0.128959	0.0143471	0.0139122	0	4.553668	1.379684	0.1939212	0.8060788	23.97089
2580	9.94196	-20.8077	30.7497	0.714347	0.285653	5.438805	0.267807	0.183056	0.161041	0.150965	0.133121	0.0143562	0.0137359	0	2.570869	1.75062	0.2856529	0.7143471	56.31446
2590	10.2074	-19.8843	30.0918	0.308029	0.691971	5.525973	0.27504	0.186982	0.161109	0.150703	0.133266	0.0146149	0.0133813	0	3.228757	1.82633	0.6919706	0.3080294	67.03931
2600	7.92707	-21.7095	29.6366	0.308451	0.691549	1.118746	0.269082	0.185112	0.160588	0.153911	0.134367	0.0142323	0.0135243	0	3.683928	1.899118	0.6915495	0.3084505	79.27168
2610	7.73181	-24.1979	31.9297	0.732264	0.267736	4.913058	0.263821	0.180666	0.160576	0.15303	0.133829	0.0140859	0.0137031	0	1.390812	1.542815	0.2677362	0.7322638	34.89914
2620	10.1358	-20.3185	30.4543	0.735204	0.264796	3.712889	0.26496	0.182079	0.160556	0.151158	0.132352	0.0143713	0.0136626	0	2.866263	1.969669	0.2647959	0.7352041	93.25425
2630	9.07053	-21.2514	30.3219	0.257791	0.742209	4.07072	0.262548	0.185256	0.156151	0.149819	0.132594	0.0143487	0.0138299	0	2.998589	1.551382	0.7422093	0.2577907	35.59445
2640	9.38727	-21.4218	30.8091	0.43121	0.56879	2.868969	0.2701	0.186968	0.153561	0.149172	0.133753	0.0147923	0.0139083	0	2.511423	1.831683	0.5687901	0.4312099	67.87085
2650	10.3347	-20.647	30.9817	0.214086	0.785914	4.521524	0.274412	0.180631	0.15388	0.15099	0.134426	0.0147219	0.0137828	0	2.338856	1.877545	0.7859136	0.2140864	75.43014
2660	9.00706	-20.3458	29.3529	0.293891	0.706109	6.772931	0.269988	0.180175	0.156653	0.151068	0.128965	0.0145175	0.0134737	0	3.967662	1.727773	0.7061088	0.2938912	53.4285
2670	9.26291	-22.8892	32.1521	0.602748	0.397252	4.864761	0.271492	0.179892	0.15319	0.150983	0.129716	0.0146015	0.0135533	0	1.16843	1.892431	0.3972523	0.6027477	78.06042
2680	8.26961	-22.8052	31.0748	0.431939	0.568061	2.930469	0.271071	0.179475	0.154955	0.151066	0.128411	0.0145632	0.013884	0	2.245703	1.486021	0.5680607	0.4319393	30.62109
2690	9.33447	-21.2372	30.5717	0.774918	0.225082	5.35634	0.268795	0.181881	0.157426	0.14997	0.128857	0.0143431	0.0137222	0	2.748845	1.640237	0.225082	0.774918	43.67537
2700	9.24723	-21.5914	30.8386	0.232392	0.767608	5.167806	0.268465	0.178811	0.15386	0.150294	0.129823	0.0142803	0.0136451	0	2.481921	1.610953	0.7676075	0.2323925	40.8275
2710	6.95129	-20.4543	27.4056	0.609204	0.390796	4.577417	0.262917	0.181084	0.154385	0.14959	0.134316	0.0141025	0.0137402	0	5.914979	1.411623	0.3907957	0.6092043	25.80018
2720	3.66225	-18.8059	22.4681	0.762693	0.237307	1.521541	0.265615	0.181237	0.155323	0.150517	0.13448	0.0141857	0.0139593	0	10.85239	1.870461	0.2373071	0.7626929	74.20972
2730	8.08156	-19.2422	27.3238	0.75594	0.24406	4.498292	0.267095	0.181831	0.154276	0.153236	0.132513	0.0143726	0.0136667	0	5.99675	1.642392	0.2440601	0.7559399	43.89267
2740	9.90175	-20.9793	30.8811	0.456273	0.543727	7.702675	0.272256	0.179984	0.155708	0.147513	0.13217	0.0144913	0.0136291	0	2.439433	1.891601	0.5437271	0.4562729	77.91131
2750	7.32803	-18.4577	25.7858	0.871784	0.128216	3.999559	0.264195	0.180557	0.160323	0.148903	0.134712	0.0142669	0.013884	0	7.534749	1.826154	0.1282159	0.8717841	67.01217
2760	10.222	-19.8522	30.0742	0.191535	0.808465	6.46343	0.27541	0.180265	0.158423	0.150543	0.128854	0.0143175	0.0134103	0	3.24632	1.873363	0.8084648	0.1915352	74.70727
2770	9.72216	-20.7889	30.511	0.0309623	0.969038	3.134265	0.271866	0.184669	0.153904	0.152415	0.131735	0.0142432	0.0137113	0	2.809524	1.91145	0.9690377	0.03096232	81.55481
2780	9.87089	-21.2632	31.1341	0.564843	0.435157	7.571412	0.275994	0.187832	0.157899	0.148142	0.13143	0.0141253	0.0139501	0	2.186438	1.881625	0.4351571	0.5648429	76.14219
2790	10.4836	-19.4397	29.9233	0.469527	0.530473	4.831468	0.269509	0.186403	0.160568	0.154117	0.133947	0.0141751	0.013623	0	3.397257	1.985855	0.5304731	0.4695269	96.79551
2800	8.96525	-19.7596	28.7249	0.507789	0.492211	4.8093	0.26311	0.186883	0.160355	0.146796	0.133428	0.0143118	0.0133855	0	4.595644	1.656349	0.4922113	0.5077887	45.32616
2810	8.80425	-22.306	31.1103	0.699429	0.300571	2.265334	0.269233	0.186982	0.159251	0.150327	0.133682	0.014797	0.0136714	0	2.210265	1.894089	0.300571	0.699429	78.35905
2820	10.7525	-19.8149	30.5674	0.0395212	0.960479	6.883735	0.274148	0.182418	0.161057	0.147141	0.133083	0.0146814	0.0139037	0	2.753178	1.978307	0.9604788	0.03952117	95.12776
2830	10.1579	-19.4962	29.6541	0.967389	0.0326105	6.024094	0.274073	0.182634	0.160049	0.150627	0.1285	0.0146888	0.0135461	0	3.66639	1.876285	0.03261051	0.9673895	75.21165
2840	9.38159	-18.7234	28.105	0.328321	0.671679	5.329792	0.275891	0.179025	0.159884	0.153224	0.130001	0.0141561	0.0136305	0	5.215575	1.911155	0.671679	0.328321	81.4995
2850	9.46602	-19.5152	28.9813	0.912246	0.0877537	4.993663	0.272912	0.180777	0.158916	0.151745	0.128455	0.0142264	0.0138449	0	4.339265	1.748717	0.08775368	0.9122463	56.06825
2860	8.74335	-21.2687	30.012	0.208011	0.791989	4.363179	0.270612	0.182417	0.15924	0.150239	0.132252	0.0144869	0.0138378	0	3.308507	1.494104	0.7919885	0.2080115	31.19637
2870	10.0162	-19.7045	29.7207	0.868405	0.131595	5.802631	0.264238	0.180633	0.153133	0.148478	0.133549	0.0142009	0.0139478	0	3.599833	1.820824	0.1315947	0.8684053	66.19477
2880	9.22892	-20.8238	30.0527	0.964446	0.0355544	4.778407	0.263716	0.178534	0.154191	0.152086	0.13128	0.0145562	0.0134464	0	3.26786	1.611531	0.03555441	0.9644456	40.88191
2890	9.88212	-22.0193	31.9014	0.73478	0.26522	6.043395	0.26256	0.180806	0.156708	0.149486	0.130882	0.0143184	0.0139653	0	1.419102	1.888447	0.2652203	0.7347797	77.34762
2900	9.71306	-19.5157	29.2287	0.43524	0.56476	3.805695	0.269025	0.183445	0.154236	0.150717	0.132814	0.01431	0.0135227	0	4.091811	1.896846	0.5647605	0.4352395	78.85798
2910	8.04001	-23.2592	31.2992	0.909036	0.0909644	9.625473	0.275753	0.184669	0.15991	0.153918	0.130407	0.0142066	0.0134093	0	2.021297	1.888979	0.09096438	0.9090356	77.4424
2920	10.7801	-20.0748	30.855	0.156702	0.843298	5.69978	0.266654	0.18701	0.154476	0.146829	0.128262	0.0141093	0.0136153	0	2.465563	1.956922	0.8432985	0.1567015	90.557
2930	10.5395	-19.2202	29.7596	0.686318	0.313682	6.595221	0.266361	0.185544	0.156631	0.147649	0.129329	0.014488	0.0138166	0	3.560913	1.996517	0.3136815	0.6863185	99.2013
2940	8.27087	-20.2507	28.5216	0.680505	0.319495	7.482664	0.265056	0.186378	0.156757	0.152396	0.13267	0.0141995	0.0133997	0	4.798956	1.762318	0.319495	0.680505	57.8519
2950	9.81729	-21.5186	31.3359	0.763147	0.236853	6.128245	0.263418	0.183499	0.159231	0.151519	0.134252	0.0143838	0.0136661	0	1.984649	1.786143	0.2368526	0.7631474	61.11435
2960	7.39741	-22.266	29.6634	0.686239	0.313761	10.28439	0.269477	0.185745	0.159085	0.153666	0.133213	0.0143379	0.01345	0	3.657148	1.929762	0.3137606	0.6862394	85.06721
2970	8.95896	-21.041	30	0.497293	0.502707	5.931761	0.272223	0.182747	0.16031	0.152674	0.134476	0.0145513	0.0134345	0	3.320579	1.618164	0.5027071	0.4972929	41.51112
2980	7.82013	-18.571	26.3911	0.109217	0.890783	7.345359	0.267431	0.18194	0.155872	0.150806	0.13314	0.014573	0.0135533	0	6.929414	1.972482	0.8907831	0.1092169	93.86041
2990	9.32032	-21.491	30.8113	0.565047	0.434953	2.801557	0.266304	0.184128	0.155518	0.149695	0.133132	0.0141249	0.0138859	0	2.509242	1.829651	0.434953	0.565047	67.55396
3000	10.1311	-21.5341	31.6652	0.562448	0.437552	7.374546	0.267961	0.184941	0.157427	0.151344	0.130015	0.0145681	0.0135483	0	1.655316	1.948183	0.4375525	0.5624475	88.75289
3010	9.02989	-20.2099	29.2398	0.143628	0.856372	2.605769	0.273111	0.18048	0.158787	0.151953	0.12903	0.0141078	0.0136282	0	4.080736	1.830905	0.8563721	0.1436279	67.74937
3020	9.73165	-20.7095	30.4411	0.657354	0.342646	4.106059	0.271663	0.184746	0.153632	0.151796	0.128101	0.0144832	0.013458	0	2.879428	1.719733	0.3426458	0.6573542	52.44853
3030	9.7815	-18.8474	28.6289	0.113299	0.886701	4.898214	0.264319	0.183396	0.159425	0.15074	0.129647	0.014144	0.0136351	0	4.691642	1.966715	0.8867014	0.1132986	92.62226
3040	10.6925	-19.8867	30.5792	0.0514254	0.948575	6.270163	0.262666	0.185023	0.160437	0.153046	0.12855	0.0141659	0.0135058	0	2.741338	1.942918	0.9485746	0.05142535	87.68354
3050	8.22065	-23.3176	31.5382	0.344779	0.655221	5.973656	0.264097	0.180166	0.159473	0.153784	0.133388	0.0144653	0.0136921	0	1.782311	1.557942	0.6552211	0.3447789	36.13614
3060	10.402	-20.0509	30.4529	0.164416	0.835584	4.920949	0.271325	0.187132	0.16066	0.147025	0.133424	0.014803	0.0133793	0	2.867624	1.86592	0.8355841	0.1644159	73.43784
3070	8.41597	-23.9124	32.3283	0.921604	0.0783959	4.611332	0.264498	0.186559	0.160023	0.15093	0.134634	0.0144232	0.0133851	0	0.9921846	1.851307	0.07839592	0.9216041	71.00797
3080	8.60252	-21.5682	30.1708	0.626513	0.373487	7.866499	0.267366	0.180614	0.157898	0.150564	0.132819	0.0142656	0.0135196	0	3.149773	1.741537	0.3734872	0.6265128	55.14894
3090	9.68197	-20.0659	29.7479	0.798289	0.201711	3.725548	0.264111	0.179678	0.159079	0.150135	0.133945	0.0140765	0.0135547	0	3.572672	1.783999	0.2017111	0.7982889	60.8134
3100	7.88541	-19.7812	27.6666	0.0656209	0.934379	2.66154	0.264107	0.184931	0.158518	0.148659	0.134665	0.0143807	0.013883	0	5.653947	1.579179	0.9343791	0.06562086	37.94718
3110	8.56654	-21.2868	29.8534	0.38839	0.61161	3.426464	0.267982	0.184547	0.153907	0.153015	0.134259	0.0144839	0.0138122	0	3.467145	1.471042	0.6116103	0.3883897	29.58296
3120	9.45182	-21.8873	31.3391	0.495616	0.504384	4.139508	0.263005	0.179419	0.156912	0.149975	0.13274	0.0143719	0.0139571	0	1.981397	1.707461	0.5043844	0.4956156	50.98718
3130	9.03373	-22.6031	31.6368	0.766268	0.233732	6.070881	0.271611	0.18272	0.153592	0.153024	0.131584	0.014619	0.0138808	0	1.683741	1.699489	0.2337323	0.7662677	50.05974
3140	7.48488	-18.2774	25.7623	0.540135	0.459865	4.719023	0.262772	0.178981	0.160126	0.151783	0.128589	0.0144012	0.0134221	0	7.558279	1.889393	0.4598648	0.5401352	77.51623
3150	9.4331	-21.3792	30.8123	0.824773	0.175227	4.678494	0.265455	0.185271	0.159135	0.151503	0.130655	0.014703	0.0134467	0	2.508269	1.648117	0.1752271	0.8247729	44.47516
3160	9.98358	-21.2543	31.2379	0.618393	0.381607	4.612919	0.262609	0.183064	0.155375	0.146927	0.13127	0.0143131	0.0138234	0	2.082671	1.799776	0.3816068	0.6183932	63.06327
3170	10.3827	-19.8302	30.213	0.0934161	0.906584	6.798436	0.263771	0.1834	0.155699	0.146602	0.130053	0.0141382	0.0133753	0	3.107575	1.922298	0.9065839	0.09341605	83.6177
3180	10.4937	-19.3075	29.8012	0.811331	0.188669	5.260672	0.269008	0.181057	0.157681	0.146485	0.129675	0.0143178	0.0135402	0	3.519283	1.969979	0.1886685	0.8113315	93.32098
3190	6.35856	-23.122	29.4806	0.341124	0.658876	10.73962	0.27373	0.187409	0.156352	0.150717	0.131004	0.0143295	0.0139361	0	3.839975	1.875311	0.658876	0.341124	75.04314
3200	6.08391	-18.27	24.354	0.893695	0.106305	5.646477	0.270313	0.187596	0.153885	0.14688	0.132821	0.0144919	0.0135283	0	8.966576	1.813083	0.1063051	0.8936949	65.02544
3210	8.14476	-20.8042	28.949	0.786845	0.213155	7.143515	0.264962	0.185143	0.160422	0.153044	0.134474	0.0146937	0.0139574	0	4.371549	1.662013	0.2131546	0.7868454	45.92123
3220	8.76724	-19.9339	28.7011	0.0471236	0.952876	5.143717	0.26473	0.185884	0.1568	0.14971	0.133827	0.0146394	0.0136919	0	4.619389	1.614095	0.9528764	0.04712358	41.12401
3230	10.0309	-19.7359	29.7668	0.675654	0.324346	3.881431	0.2646	0.181986	0.154901	0.152948	0.130755	0.0144705	0.0138901	0	3.553738	1.939287	0.3243456	0.6756544	86.95357
3240	9.6859	-21.2001	30.886	0.1671	0.8329	8.948946	0.267201	0.185445	0.15754	0.152614	0.133992	0.0145146	0.0136669	0	2.434572	1.992397	0.8329001	0.1670999	98.26458
3250	10.0264	-19.6093	29.6357	0.464074	0.535926	3.922122	0.273061	0.186168	0.157624	0.151973	0.131343	0.0141235	0.0138428	0	3.684813	1.97221	0.535926	0.464074	93.8016
3260	7.13026	-24.8013	31.9316	0.356875	0.643125	1.777783	0.270133	0.185489	0.153334	0.151612	0.134568	0.0146836	0.0135524	0	1.38896	1.889426	0.6431254	0.3568746	77.52216
3270	10.272	-19.1837	29.4557	0.810482	0.189518	5.16679	0.268755	0.185435	0.15993	0.152515	0.134454	0.0141674	0.0138986	0	3.864873	1.943021	0.1895178	0.8104822	87.70424
3280	9.30174	-21.6056	30.9073	0.749741	0.250259	9.245789	0.268232	0.185113	0.160894	0.150782	0.133029	0.0146368	0.0137606	0	2.413229	1.982329	0.2502586	0.7497414	96.0127
3290	10.2061	-20.6749	30.881	0.226093	0.773907	6.430595	0.26683	0.180156	0.15877	0.15407	0.132766	0.0147005	0.0139378	0	2.439556	1.829868	0.7739068	0.2260932	67.58777
3300	9.62301	-19.1781	28.8011	0.911261	0.0887388	4.363922	0.275833	0.184938	0.154255	0.152009	0.134439	0.0141789	0.0138339	0	4.519463	1.866759	0.08873884	0.9112612	73.57986
3310	8.74437	-18.9902	27.7346	0.604734	0.395266	3.880337	0.263073	0.187125	0.154804	0.151615	0.129774	0.0146836	0.0138927	0	5.585916	1.805926	0.3952661	0.6047339	63.96254
3320	10.3777	-20.7586	31.1363	0.537294	0.462706	7.714443	0.264573	0.184419	0.155135	0.147876	0.133889	0.0145243	0.0139635	0	2.184237	1.970592	0.4627065	0.5372935	93.45264
3330	9.85462	-20.0894	29.944	0.375698	0.624302	6.551958	0.262611	0.18712	0.154535	0.152786	0.130838	0.0141645	0.0136284	0	3.376525	1.814074	0.6243022	0.3756978	65.17393
3340	9.33421	-20.1777	29.5119	0.89301	0.10699	3.530051	0.269595	0.186939	0.160412	0.148068	0.130351	0.014203	0.0135325	0	3.808604	1.702676	0.1069901	0.8930099	50.42845
3350	9.45897	-20.502	29.961	0.757426	0.242574	3.197597	0.268098	0.184853	0.15732	0.151074	0.13365	0.0144439	0.0138172	0	3.359549	1.755252	0.2425736	0.7574264	56.91828
3360	6.36492	-18.3861	24.7511	0.629251	0.370749	3.528292	0.269302	0.187031	0.154753	0.15203	0.132819	0.0142763	0.0137519	0	8.569474	1.823472	0.3707488	0.6292512	66.59973
3370	6.89674	-23.6688	30.5656	0.34507	0.65493	1.544223	0.269219	0.183995	0.158731	0.154132	0.132968	0.0143271	0.0136011	0	2.754951	1.270568	0.6549305	0.3450695	18.64526
3380	5.22336	-23.6954	28.9187	0.00434091	0.995659	3.223391	0.264248	0.186975	0.153208	0.152688	0.133546	0.0141026	0.013366	0	4.401807	0.9855053	0.9956591	0.004340912	9.671755
3390	7.54228	-18.3516	25.8938	0.244728	0.755272	6.847398	0.265231	0.1817	0.155314	0.153189	0.133448	0.0143658	0.013363	0	7.426694	1.965148	0.7552718	0.2447282	92.28863
3400	4.88039	-20.1656	25.046	0.414481	0.585519	2.677247	0.265	0.186916	0.154684	0.152264	0.13111	0.0142363	0.0137429	0	8.274564	1.254289	0.5855187	0.4144813	17.95929
3410	2.76412	-21.1826	23.9468	0.227445	0.772555	5.685048	0.270175	0.182578	0.15491	0.151806	0.131016	0.0143411	0.0136203	0	9.37378	1.278065	0.7725554	0.2274446	18.96988
3420	9.91502	-20.2988	30.2139	0.853586	0.146414	3.555891	0.27025	0.18034	0.156082	0.154053	0.129376	0.0145722	0.013392	0	3.10668	1.889519	0.1464136	0.8535864	77.5388
3430	6.73721	-20.1838	26.921	0.081579	0.918421	4.816411	0.263327	0.187856	0.157126	0.152589	0.129895	0.0141041	0.0133315	0	6.399555	1.440365	0.918421	0.08157901	27.56543
3440	9.91734	-20.3195	30.2368	0.555175	0.444825	5.967626	0.267499	0.186627	0.157042	0.146442	0.130911	0.014245	0.0134713	0	3.083685	1.777297	0.4448254	0.5551746	59.88215
3450	9.8312	-21.8881	31.7194	0.0421149	0.957885	6.722454	0.273557	0.183672	0.160766	0.151966	0.129418	0.0140854	0.0133043	0	1.601176	1.856012	0.9578851	0.04211494	71.78135
3460	9.6171	-19.5402	29.1573	0.456049	0.543951	4.141878	0.276275	0.185841	0.159213	0.151073	0.134243	0.014116	0.0133644	0	4.16321	1.802872	0.5439508	0.4560492	63.51433
3470	9.47412	-21.9809	31.455	0.0710307	0.928969	3.973391	0.270742	0.183436	0.158895	0.152191	0.134282	0.0145547	0.0135509	0	1.865506	1.737977	0.9289693	0.07103065	54.69869
3480	9.46021	-22.3037	31.7639	0.633904	0.366096	4.301522	0.274034	0.182383	0.158174	0.15155	0.13251	0.0144712	0.0139885	0	1.556611	1.810062	0.3660963	0.6339037	64.57464
3490	10.2127	-19.9822	30.1949	0.0242041	0.975796	4.533073	0.274965	0.187212	0.15892	0.15349	0.13302	0.0147737	0.0137336	0	3.125594	1.83466	0.9757959	0.02420408	68.33759
3500	9.4185	-20.1558	29.5743	0.897413	0.102587	6.660403	0.273508	0.186704	0.159199	0.151137	0.134731	0.0147977	0.0138945	0	3.746249	1.766638	0.1025872	0.8974128	58.43028
3510	6.78016	-25.2262	32.0063	0.700088	0.299912	3.717195	0.270313	0.185158	0.161124	0.152616	0.134037	0.0145517	0.0136009	0	1.314189	1.426697	0.299912	0.700088	26.71142
3520	9.43472	-20.2986	29.7333	0.652965	0.347035	6.162735	0.264783	0.184437	0.160948	0.151669	0.132721	0.0145483	0.0139264	0	3.587211	1.719536	0.3470346	0.6529654	52.42468
3530	8.43369	-19.9126	28.3463	0.291321	0.708679	3.012502	0.267122	0.184957	0.160758	0.151625	0.131699	0.0146046	0.0138605	0	4.974236	1.602416	0.7086793	0.2913207	40.0328
3540	7.76902	-20.8209	28.5899	0.447885	0.552115	3.043421	0.274011	0.179456	0.160921	0.15375	0.132285	0.014537	0.0137722	0	4.730625	1.395796	0.5521153	0.4478847	24.8769
3550	7.07457	-21.595	28.6695	0.0764454	0.923555	1.608396	0.273557	0.179062	0.157907	0.150749	0.129747	0.0145463	0.0138536	0	4.651012	1.296117	0.9235546	0.07644536	19.77502
3560	8.66911	-20.3442	29.0133	0.474364	0.525636	4.05573	0.271346	0.180648	0.156501	0.150822	0.128878	0.0145499	0.0136023	0	4.307184	1.543905	0.5256356	0.4743644	34.98688
3570	9.49587	-20.7798	30.2756	0.235034	0.764966	5.544812	0.264709	0.181895	0.156028	0.147418	0.128969	0.014138	0.0136722	0	3.044896	1.669961	0.7649657	0.2350343	46.76927
3580	10.1811	-19.2723	29.4534	0.693232	0.306768	7.021862	0.265556	0.184393	0.153417	0.147845	0.128462	0.0141753	0.0139389	0	3.867123	1.973419	0.3067678	0.6932322	94.063
3590	9.74197	-19.2209	28.9629	0.917333	0.0826673	6.32437	0.273567	0.185202	0.15598	0.150087	0.130502	0.01444	0.0138765	0	4.357654	1.876826	0.0826673	0.9173327	75.30531
3600	7.82081	-19.5213	27.3421	0.355539	0.644461	2.386922	0.270568	0.178557	0.155842	0.148543	0.131517	0.0144557	0.013513	0	5.978469	1.747873	0.644461	0.355539	55.95946
3610	10.2231	-20.4325	30.6555	0.446362	0.553638	5.251722	0.270489	0.178689	0.154703	0.147632	0.134786	0.0146323	0.0134138	0	2.664985	1.806794	0.5536378	0.4463622	64.09051
3620	8.62197	-20.9993	29.6212	0.9231	0.0768999	2.897528	0.266848	0.182902	0.156125	0.147039	0.131451	0.0147535	0.0133357	0	3.699302	1.54084	0.07689993	0.9231001	34.74083
3630	9.23346	-19.5756	28.809	0.247472	0.752528	3.595657	0.270028	0.185117	0.15411	0.149162	0.130243	0.0144687	0.0133955	0	4.511514	1.772138	0.752528	0.247472	59.17502
3640	8.75347	-21.7816	30.535	0.0670898	0.93291	7.906774	0.265938	0.187201	0.155168	0.147993	0.133495	0.014486	0.0133848	0	2.785509	1.748439	0.9329102	0.06708979	56.03233
3650	7.8904	-24.259	32.1494	0.475047	0.524953	3.833196	0.276095	0.180581	0.153534	0.153294	0.134338	0.0143513	0.0135181	0	1.171133	1.66904	0.5249535	0.4750465	46.67025
3660	10.6993	-20.2128	30.912	0.204611	0.795389	5.742476	0.27377	0.183314	0.161001	0.146559	0.134645	0.0145343	0.0133049	0	2.408506	1.930541	0.795389	0.204611	85.21983
3670	9.63202	-19.0144	28.6464	0.103693	0.896307	4.66816	0.274772	0.187346	0.157998	0.151454	0.13429	0.0143572	0.0134875	0	4.674156	1.888467	0.896307	0.103693	77.35113
3680	9.0505	-18.729	27.7795	0.426279	0.573721	5.40062	0.271979	0.184882	0.160794	0.152055	0.133884	0.0142823	0.0133213	0	5.541018	1.870238	0.5737209	0.4262791	74.17166
3690	6.91063	-23.0828	29.9934	0.0267422	0.973258	2.934959	0.273255	0.18348	0.160098	0.153477	0.133281	0.0145808	0.0139969	0	3.327136	1.145644	0.9732578	0.0267422	13.9844
3700	10.0159	-21.4796	31.4955	0.769238	0.230762	5.670997	0.267512	0.185963	0.158481	0.149456	0.133757	0.0142293	0.0136618	0	1.825071	1.828208	0.2307624	0.7692376	67.3299
3710	7.38093	-18.9268	26.3077	0.414769	0.585231	4.627614	0.267246	0.181952	0.156608	0.150888	0.133477	0.0145228	0.0134011	0	7.012807	1.65794	0.5852311	0.4147689	45.49257
3720	8.84849	-22.8435	31.692	0.600903	0.399097	7.447745	0.263581	0.182328	0.157228	0.150981	0.133766	0.0143496	0.0135454	0	1.62858	1.777771	0.3990972	0.6009028	59.94748
3730	9.36095	-20.8713	30.2323	0.542389	0.457611	3.391535	0.265231	0.179557	0.160183	0.150347	0.134509	0.0143601	0.0135058	0	3.088271	1.675048	0.4576109	0.5423891	47.32031
3740	10.3418	-19.2724	29.6142	0.450784	0.549216	6.145301	0.268318	0.182546	0.153773	0.147725	0.133428	0.0143147	0.0136221	0	3.706285	1.936495	0.5492162	0.4507838	86.39637
3750	10.0282	-18.7622	28.7904	0.0461869	0.953813	5.945531	0.264204	0.18668	0.155979	0.151519	0.134591	0.014234	0.0139263	0	4.53016	1.989866	0.9538131	0.04618689	97.69363
3760	8.96226	-20.7293	29.6915	0.285495	0.714505	2.830114	0.263875	0.185483	0.161017	0.153176	0.129865	0.0144511	0.013807	0	3.629008	1.63555	0.7145052	0.2854948	43.20654
3770	6.55529	-18.5608	25.1161	0.559744	0.440256	7.124425	0.266138	0.179329	0.159034	0.152221	0.130405	0.0143333	0.013998	0	8.204461	1.89828	0.4402557	0.5597443	79.11893
3780	9.09095	-22.2079	31.2989	0.54321	0.45679	3.011676	0.264166	0.183417	0.160741	0.150286	0.129664	0.0143097	0.0136785	0	2.021633	1.770478	0.4567901	0.5432099	58.94923
3790	8.62401	-19.3598	27.9838	0.614464	0.385536	3.303991	0.264936	0.187204	0.15438	0.146872	0.131752	0.0142559	0.0136978	0	5.336757	1.748672	0.3855364	0.6144636	56.06248
3800	10.4551	-19.717	30.1721	0.916299	0.0837014	5.254273	0.270281	0.187818	0.153874	0.146833	0.128748	0.0141803	0.0139583	0	3.148464	1.896665	0.08370137	0.9162986	78.82518
3810	8.90895	-21.8658	30.7748	0.318761	0.681239	8.3843	0.273616	0.186238	0.154093	0.146833	0.131898	0.0142809	0.0137563	0	2.545761	1.824797	0.6812388	0.3187612	66.80318
3820	10.2045	-20.3835	30.588	0.562978	0.437022	7.844357	0.275973	0.185789	0.158592	0.147041	0.130907	0.0140962	0.0138643	0	2.732543	1.962832	0.4370222	0.5629778	91.79773
3830	10.2386	-19.8057	30.0443	0.891782	0.108218	4.798859	0.268412	0.180642	0.159853	0.147559	0.131066	0.0141319	0.013817	0	3.27622	1.854933	0.108218	0.891782	71.6033
3840	8.02135	-23.2823	31.3037	0.0904542	0.909546	8.603625	0.275123	0.17868	0.155534	0.150034	0.13141	0.0141733	0.0138079	0	2.01687	1.742222	0.9095458	0.0904542	55.23593
3850	7.88655	-20.0762	27.9628	0.859038	0.140962	5.685651	0.273404	0.183252	0.157384	0.147757	0.131728	0.0142495	0.0135604	0	5.357746	1.585988	0.1409625	0.8590375	38.54678
3860	8.94063	-19.1964	28.137	0.324557	0.675443	6.547687	0.27019	0.184073	0.157723	0.148268	0.132979	0.0142714	0.0135291	0	5.18351	1.830905	0.6754435	0.3245565	67.74939
3870	10.4464	-19.8198	30.2662	0.305967	0.694033	5.863846	0.270635	0.185513	0.160162	0.153993	0.131945	0.0147871	0.0139244	0	3.054301	1.874882	0.694033	0.305967	74.96907
3880	9.33862	-18.8819	28.2205	0.665572	0.334428	4.616139	0.273437	0.187548	0.160318	0.151021	0.132633	0.0147998	0.0139484	0	5.100015	1.871631	0.3344279	0.6655721	74.40991
3890	6.12645	-18.6188	24.7452	0.159621	0.840379	6.224418	0.270553	0.180084	0.160612	0.146518	0.133822	0.0145972	0.013777	0	8.575326	1.766726	0.8403792	0.1596208	58.44219
3900	10.6223	-20.0541	30.6764	0.706425	0.293575	7.298226	0.274228	0.186854	0.155735	0.154049	0.130894	0.0145673	0.0137539	0	2.644164	1.985832	0.2935751	0.7064249	96.79045
3910	10.2756	-20.9034	31.179	0.651825	0.348175	4.414535	0.275464	0.183405	0.159088	0.152066	0.133485	0.0147503	0.013649	0	2.141524	1.902139	0.3481748	0.6518252	79.82499
3920	10.4369	-20.759	31.1958	0.547025	0.452975	5.748113	0.274984	0.187115	0.159087	0.149882	0.130369	0.014181	0.013349	0	2.124693	1.885376	0.4529746	0.5470254	76.80265
3930	7.98181	-19.702	27.6838	0.670861	0.329139	3.863493	0.27546	0.184385	0.154317	0.149392	0.133712	0.0142454	0.0133176	0	5.636722	1.556055	0.3291392	0.6708608	35.97947
3940	7.70296	-21.426	29.129	0.398665	0.601335	9.296638	0.268849	0.182486	0.154842	0.150635	0.130748	0.0147686	0.0136257	0	4.191567	1.856644	0.6013351	0.3986649	71.88597
3950	10.0158	-21.613	31.6287	0.745263	0.254737	4.706139	0.26612	0.178588	0.153931	0.152471	0.12987	0.0144216	0.0139786	0	1.691804	1.881047	0.2547372	0.7452628	76.04093
3960	10.5658	-19.7104	30.2763	0.0835436	0.916456	4.655016	0.26656	0.181007	0.158539	0.152562	0.132647	0.0147711	0.0138319	0	3.044256	1.987429	0.9164564	0.08354355	97.14692
3970	9.45081	-21.865	31.3159	0.0624825	0.937517	3.466292	0.263573	0.182247	0.157407	0.15101	0.133448	0.01456	0.0135718	0	2.004674	1.781372	0.9375175	0.06248251	60.44659
3980	10.6222	-19.8952	30.5174	0.131903	0.868097	5.081995	0.264884	0.178989	0.157787	0.151326	0.133322	0.0143001	0.0138593	0	2.803178	1.932505	0.8680971	0.1319029	85.60624
3990	7.41449	-19.2769	26.6914	0.669708	0.330292	3.073535	0.273488	0.179478	0.159771	0.152524	0.129782	0.0142593	0.013677	0	6.629138	1.60864	0.3302916	0.6697084	40.61065
4000	9.51065	-21.7368	31.2474	0.465573	0.534427	3.142318	0.271739	0.183338	0.158055	0.146471	0.132156	0.0142227	0.0134144	0	2.073129	1.919686	0.5344271	0.4655729	83.11619
4010	8.72354	-21.8888	30.6123	0.557897	0.442103	5.456539	0.269384	0.186905	0.157819	0.148731	0.133657	0.0140782	0.013407	0	2.708193	1.554824	0.442103	0.557897	35.87767
4020	9.51203	-20.5299	30.042	0.928287	0.071713	6.388897	0.27339	0.184561	0.153706	0.14771	0.129481	0.0141173	0.0136686	0	3.278574	1.743509	0.07171302	0.928287	55.39992
4030	9.03693	-20.1399	29.1768	0.313826	0.686174	2.600161	0.265126	0.178995	0.154273	0.149612	0.132397	0.0142986	0.0139667	0	4.143694	1.866585	0.6861743	0.3138257	73.55033
4040	7.46485	-21.9777	29.4425	0.356153	0.643847	2.098068	0.264026	0.182468	0.157576	0.149981	0.131573	0.0141045	0.0136206	0	3.877984	1.320792	0.6438475	0.3561525	20.93109
4050	10.485	-19.345	29.83	0.00442394	0.995576	5.000501	0.263906	0.184243	0.158277	0.14747	0.131891	0.0141781	0.0138292	0	3.490573	1.979145	0.9955761	0.004423943	95.31141
4060	9.46364	-18.8891	28.3527	0.628608	0.371392	6.656634	0.264718	0.185648	0.157693	0.146966	0.132984	0.0142651	0.0133031	0	4.967824	1.940547	0.3713924	0.6286076	87.20605
4070	8.58345	-21.959	30.5424	0.669167	0.330833	3.62667	0.268385	0.183012	0.160308	0.150214	0.13469	0.0143808	0.0137321	0	2.778108	1.482431	0.3308329	0.6691671	30.36905
4080	10.3165	-19.7039	30.0204	0.227695	0.772305	7.05815	0.26314	0.180984	0.158363	0.146971	0.131431	0.0146376	0.0134521	0	3.300141	1.939367	0.7723048	0.2276952	86.96955
4090	6.65168	-23.0584	29.7101	0.946166	0.0538336	3.738361	0.265154	0.179123	0.160092	0.152208	0.13484	0.014696	0.0134264	0	3.610468	1.210767	0.05383356	0.9461664	16.24676
4100	10.314	-20.1618	30.4759	0.259671	0.740329	6.458693	0.270804	0.178691	0.153491	0.151748	0.130672	0.0144485	0.0134517	0	2.844642	1.868154	0.7403294	0.2596706	73.81662
4110	9.70464	-20.7647	30.4693	0.154736	0.845264	3.1043	0.262537	0.184706	0.15511	0.15043	0.128992	0.014479	0.013324	0	2.851222	1.919657	0.8452643	0.1547357	83.11073
4120	10.6299	-20.9918	31.6217	0.64834	0.35166	6.111225	0.263314	0.183482	0.158643	0.152272	0.130253	0.0145756	0.013622	0	1.698872	1.981814	0.3516601	0.6483399	95.899
4130	10.3152	-20.4902	30.8054	0.445989	0.554011	7.345689	0.265946	0.185027	0.153556	0.150171	0.134368	0.0144965	0.0139239	0	2.515138	1.922424	0.554011	0.445989	83.64201
4140	9.87091	-19.6244	29.4953	0.205128	0.794872	3.773555	0.264948	0.185683	0.154228	0.151137	0.13118	0.0142522	0.0138762	0	3.825191	1.93736	0.7948716	0.2051284	86.56857
4150	10.5433	-19.8938	30.4371	0.258737	0.741263	5.907268	0.267658	0.185145	0.1565	0.14743	0.134001	0.0141707	0.0134093	0	2.883447	1.902772	0.741263	0.258737	79.94152
4160	9.8212	-19.8026	29.6238	0.149335	0.850665	7.809607	0.271265	0.187466	0.154121	0.147638	0.132186	0.0142505	0.0136859	0	3.696707	1.95027	0.8506645	0.1493355	89.18044
4170	8.87587	-21.7675	30.6434	0.808365	0.191635	5.239183	0.268902	0.187216	0.157442	0.153901	0.129927	0.0144574	0.0138906	0	2.677168	1.562879	0.1916352	0.8083648	36.54926
4180	9.07251	-20.3422	29.4147	0.0572781	0.942722	5.255098	0.274287	0.18275	0.156081	0.149995	0.130122	0.0144451	0.013525	0	3.905791	1.617602	0.9427219	0.05727807	41.4574
4190	4.27479	-19.6479	23.9227	0.11593	0.88407	3.505355	0.265365	0.179294	0.157987	0.149816	0.129364	0.0146542	0.0137308	0	9.397875	1.320947	0.8840704	0.1159296	20.93858
4200	7.11904	-20.8466	27.9656	0.728624	0.271376	1.794503	0.263635	0.182706	0.160099	0.154079	0.130542	0.0143592	0.0133485	0	5.354896	1.400666	0.2713764	0.7286236	25.15744
4210	6.75379	-25.289	32.0428	0.769361	0.230639	6.661218	0.263876	0.186415	0.159339	0.14747	0.128099	0.0142082	0.0133735	0	1.277697	1.556448	0.2306388	0.7693612	36.01203
4220	9.76881	-19.0595	28.8283	0.1399	0.8601	5.459687	0.268741	0.187056	0.156095	0.149786	0.132948	0.0141111	0.0133486	0	4.492219	1.876983	0.8601	0.1399	75.33256
4230	9.12429	-22.088	31.2123	0.45134	0.54866	2.821851	0.266632	0.187489	0.159696	0.150426	0.134326	0.0142544	0.0134186	0	2.108197	1.824157	0.5486601	0.4513399	66.70478
4240	7.84841	-24.8138	32.6622	0.86574	0.13426	5.969565	0.276212	0.185085	0.160727	0.150381	0.13095	0.0143667	0.0137292	0	0.6583477	1.971965	0.1342602	0.8657398	93.74858
4250	9.49723	-20.3037	29.8009	0.767994	0.232006	8.314251	0.272277	0.183828	0.155229	0.149914	0.134336	0.0144521	0.0138321	0	3.519641	1.937163	0.2320055	0.7679945	86.52917
4260	9.47289	-21.5335	31.0064	0.912577	0.0874228	7.131273	0.273692	0.184262	0.156614	0.149071	0.133325	0.0143753	0.0135532	0	2.314118	1.786661	0.08742277	0.9125772	61.18729
4270	9.35695	-19.747	29.104	0.774913	0.225087	4.664847	0.2756	0.180027	0.158949	0.149931	0.13327	0.0144585	0.0136051	0	4.216557	1.701013	0.2250874	0.7749126	50.23579
4280	8.18857	-21.8049	29.9935	0.983842	0.0161583	7.596829	0.269271	0.179751	0.16005	0.1503	0.129841	0.0147768	0.0134058	0	3.32705	1.671039	0.01615835	0.9838417	46.88555
4290	8.28154	-19.1092	27.3907	0.046955	0.953045	3.905443	0.276305	0.180011	0.155309	0.153937	0.134811	0.0142665	0.0133475	0	5.929824	1.698638	0.953045	0.04695498	49.96181
4300	7.92717	-18.8497	26.7768	0.276073	0.723927	3.153098	0.2742	0.179963	0.153215	0.151015	0.134362	0.0142814	0.0139512	0	6.543683	1.968185	0.7239272	0.2760728	92.93619
4310	10.4463	-19.4685	29.9148	0.974346	0.0256541	5.063523	0.273458	0.18444	0.156257	0.147769	0.131635	0.0141379	0.0137944	0	3.405715	1.938915	0.02565413	0.9743459	86.87901
4320	3.93264	-27.5323	31.465	0.748011	0.251989	12.78464	0.27161	0.180973	0.156758	0.146923	0.128157	0.0143078	0.0137003	0	1.855567	1.838603	0.2519893	0.7480107	68.96097
4330	9.49586	-18.8252	28.3211	0.0573872	0.942613	4.426763	0.269644	0.182174	0.154562	0.153814	0.128103	0.0146562	0.0133745	0	4.999439	1.991033	0.9426128	0.05738724	97.95652
4340	10.7147	-20.162	30.8767	0.731175	0.268825	5.88157	0.271454	0.181841	0.157192	0.153441	0.130919	0.014595	0.0139102	0	2.44382	1.933196	0.2688252	0.7311748	85.7425
4350	6.6139	-22.0406	28.6545	0.787622	0.212378	6.187286	0.275835	0.181858	0.158453	0.151863	0.129576	0.0146619	0.0139028	0	4.666008	1.402389	0.2123778	0.7876222	25.25743
4360	7.79227	-23.9957	31.788	0.962295	0.0377046	3.156898	0.273862	0.18212	0.15982	0.152219	0.130334	0.0147238	0.0138005	0	1.532542	1.566067	0.03770463	0.9622954	36.81854
4370	5.68072	-18.3545	24.0352	0.576564	0.423436	3.854994	0.271864	0.186268	0.160764	0.151035	0.130163	0.0145855	0.0138249	0	9.28533	1.714373	0.4234363	0.5765637	51.80521
4380	8.31117	-22.0056	30.3168	0.987698	0.0123024	2.475853	0.270206	0.182902	0.160125	0.153879	0.129832	0.0143959	0.0134303	0	3.003714	1.503222	0.0123024	0.9876976	31.85825
4390	9.48293	-18.9688	28.4518	0.262196	0.737804	4.502811	0.272829	0.179314	0.160348	0.153174	0.128608	0.0144501	0.0133445	0	4.868771	1.893789	0.7378037	0.2621963	78.30488
4400	8.80497	-22.8555	31.6605	0.823185	0.176815	5.405024	0.266342	0.178733	0.157742	0.153951	0.131075	0.0144153	0.0135556	0	1.660047	1.649247	0.1768149	0.8231851	44.59102
4410	9.89439	-19.9966	29.891	0.758352	0.241648	3.479441	0.267323	0.180099	0.155133	0.152196	0.131438	0.0146992	0.0134038	0	3.429553	1.972155	0.2416485	0.7583515	93.78977
4420	7.59658	-23.2955	30.8921	0.0743999	0.9256	1.830781	0.275715	0.179704	0.159891	0.150659	0.130776	0.0147445	0.0136142	0	2.428436	1.414938	0.9256001	0.07439987	25.99785
4430	9.96029	-19.9488	29.9091	0.884073	0.115927	5.973502	0.267601	0.18174	0.159431	0.15	0.129627	0.0147301	0.0139248	0	3.411404	1.798334	0.1159267	0.8840733	62.85423
4440	6.72039	-22.537	29.2574	0.64691	0.35309	1.988573	0.262948	0.17942	0.159853	0.15004	0.128212	0.0141825	0.0138156	0	4.063141	1.198164	0.35309	0.64691	15.78205
4450	6.2207	-23.6384	29.8591	0.566414	0.433586	7.980539	0.268959	0.179848	0.159654	0.152729	0.128108	0.0142274	0.01365	0	3.461391	1.49222	0.4335861	0.5664139	31.06129
4460	10.3501	-20.0294	30.3795	0.022698	0.977302	4.241234	0.266701	0.183492	0.153207	0.153886	0.128478	0.0140884	0.0134778	0	2.941031	1.946739	0.977302	0.02269805	88.45834
4470	9.95289	-20.9398	30.8927	0.567216	0.432784	3.472887	0.268572	0.186339	0.159652	0.153908	0.128662	0.0146532	0.0133468	0	2.427854	1.961157	0.4327842	0.5672158	91.44443
4480	8.57074	-22.6909	31.2617	0.578988	0.421012	7.489248	0.26383	0.187439	0.1541	0.148786	0.128239	0.0143417	0.0137056	0	2.058875	1.710635	0.4210121	0.5789879	51.36113
4490	10.0029	-20.9402	30.9431	0.45792	0.54208	3.567817	0.271525	0.185533	0.153653	0.148759	0.130709	0.0141755	0.0133237	0	2.377398	1.965651	0.54208	0.45792	92.39556
4500	6.9619	-21.8784	28.8403	0.106417	0.893583	0.7257691	0.271788	0.185575	0.160343	0.146976	0.131743	0.0146032	0.013468	0	4.480219	1.461436	0.8935833	0.1064167	28.93582
4510	9.75036	-20.8504	30.6007	0.569843	0.430157	4.912977	0.27377	0.181805	0.153384	0.149097	0.128446	0.0145219	0.0134075	0	2.719795	1.70401	0.4301567	0.5698433	50.58364
4520	8.64284	-20.7938	29.4366	0.898757	0.101243	2.868552	0.272523	0.182546	0.156557	0.149999	0.132201	0.0141836	0.0135318	0	3.883884	1.561367	0.1012432	0.8987568	36.42226
4530	7.91956	-20.5874	28.5069	0.94814	0.0518597	3.814265	0.265957	0.18293	0.159307	0.148651	0.130854	0.0144368	0.0133594	0	4.813583	1.44948	0.0518597	0.9481403	28.15011
4540	8.78068	-20.0899	28.8706	0.789788	0.210212	4.411919	0.269364	0.186258	0.154969	0.146594	0.130745	0.014736	0.0133639	0	4.449964	1.592182	0.2102124	0.7897876	39.10051
4550	4.87848	-25.9788	30.8573	0.519032	0.480968	5.754473	0.270671	0.184597	0.155443	0.147138	0.128782	0.0147032	0.0137281	0	2.463242	1.173359	0.4809676	0.5190324	14.90593
4560	9.95533	-19.5363	29.4916	0.258143	0.741857	4.496905	0.269414	0.186106	0.156607	0.148178	0.128995	0.0141834	0.0139527	0	3.828893	1.838237	0.7418573	0.2581427	68.90284
4570	9.17232	-22.3332	31.5055	0.121812	0.878188	2.890406	0.262812	0.186577	0.160137	0.14754	0.129289	0.0147738	0.013764	0	1.81503	1.972988	0.8781882	0.1218118	93.96973
4580	10.072	-20.9228	30.9948	0.198803	0.801197	6.573614	0.267282	0.185512	0.158037	0.15289	0.128722	0.0146832	0.013788	0	2.325721	1.820707	0.8011969	0.1988031	66.17692
4590	9.52374	-20.9489	30.4727	0.0524375	0.947562	3.224673	0.268534	0.18522	0.153979	0.151362	0.130427	0.014656	0.0133043	0	2.847846	1.754414	0.9475625	0.05243753	56.80855
4600	6.18	-24.4365	30.6165	0.419525	0.580475	2.517442	0.266558	0.187558	0.153194	0.151959	0.132678	0.0146651	0.0133517	0	2.703999	1.104244	0.5804755	0.4195245	12.71289
4610	9.53334	-21.465	30.9984	0.0960229	0.903977	6.339299	0.26888	0.185255	0.153174	0.152099	0.133855	0.014663	0.0133683	0	2.322176	1.71684	0.9039771	0.09602294	52.10027
4620	9.07279	-18.8287	27.9015	0.57786	0.42214	6.303113	0.270387	0.179146	0.155173	0.146544	0.134308	0.0148021	0.0134968	0	5.419033	1.885221	0.4221401	0.5778599	76.77528
4630	10.6776	-20.0837	30.7613	0.601151	0.398849	4.974865	0.26949	0.180461	0.154738	0.147114	0.130491	0.0143233	0.0134935	0	2.55928	1.968275	0.398849	0.601151	92.95558
4640	10.378	-19.2626	29.6406	0.493268	0.506732	5.468309	0.266253	0.180916	0.15708	0.152698	0.131269	0.0141259	0.0135282	0	3.679959	1.941453	0.5067317	0.4932683	87.38832
4650	9.86189	-19.793	29.6549	0.823202	0.176798	3.676369	0.269993	0.179269	0.154019	0.150142	0.132395	0.0145769	0.0139377	0	3.665627	1.907712	0.1767981	0.8232019	80.85604
4660	10.8929	-19.9702	30.8631	0.203502	0.796498	6.01217	0.272126	0.180889	0.154985	0.151006	0.134585	0.0142407	0.0136683	0	2.457399	1.985507	0.7964981	0.2035019	96.718
4670	9.67924	-21.8617	31.5409	0.287333	0.712667	4.077008	0.271987	0.184456	0.153463	0.150955	0.130727	0.0142835	0.0137822	0	1.779594	1.822151	0.7126666	0.2873334	66.39732
4680	9.13433	-20.5944	29.7287	0.689074	0.310926	6.048005	0.268466	0.186102	0.157255	0.147312	0.12827	0.0145791	0.0138606	0	3.591812	1.666002	0.3109257	0.6890743	46.34494
4690	8.88049	-19.1601	28.0405	0.457653	0.542347	4.335518	0.269578	0.181474	0.153987	0.152797	0.128313	0.0147404	0.0137883	0	5.279989	1.736938	0.5423465	0.4576535	54.56801
4700	8.78545	-19.8189	28.6044	0.0779372	0.922063	4.508073	0.266984	0.186193	0.157124	0.148061	0.131986	0.0147959	0.0136131	0	4.71618	1.608131	0.9220628	0.07793722	40.5631
4710	8.89423	-21.5896	30.4839	0.813707	0.186293	5.618109	0.26534	0.182617	0.159299	0.147178	0.134489	0.014753	0.0135777	0	2.836657	1.585739	0.1862931	0.8137069	38.52465
4720	9.17863	-22.3959	31.5745	0.0926391	0.907361	6.07106	0.270451	0.179691	0.160336	0.150403	0.129579	0.0148062	0.0138192	0	1.746025	1.684424	0.9073609	0.09263913	48.35302
4730	6.46966	-21.795	28.2647	0.991017	0.00898266	6.101747	0.275105	0.187826	0.159291	0.14761	0.129014	0.0147958	0.0138006	0	5.055835	1.406048	0.008982664	0.9910173	25.47112
4740	5.00229	-21.7025	26.7048	0.174562	0.825438	6.624085	0.269854	0.180684	0.161116	0.149798	0.13115	0.0144449	0.0138771	0	6.615738	1.385341	0.8254378	0.1745622	24.28517
4750	10.7174	-20.6054	31.3228	0.549349	0.450651	6.864191	0.270335	0.179904	0.157847	0.151696	0.132609	0.0145494	0.0135789	0	1.997744	1.98418	0.4506513	0.5493487	96.42295
4760	9.86109	-19.2039	29.0649	0.0258361	0.974164	4.877373	0.274054	0.180131	0.160227	0.15009	0.132106	0.0142237	0.0134606	0	4.255586	1.866475	0.9741639	0.02583608	73.53172
4770	9.13744	-19.6667	28.8041	0.882463	0.117537	4.433095	0.270595	0.181828	0.156339	0.153306	0.128814	0.0147623	0.0136106	0	4.516437	1.681836	0.1175365	0.8824635	48.06579
4780	9.63138	-19.5732	29.2046	0.14034	0.85966	4.083466	0.263796	0.178926	0.153825	0.154089	0.128514	0.0146199	0.0134872	0	4.115964	1.795908	0.8596596	0.1403404	62.50399
4790	8.81078	-21.2956	30.1063	0.838691	0.161309	2.18795	0.269214	0.186899	0.155145	0.152194	0.129802	0.014741	0.0138627	0	3.214196	1.742255	0.1613094	0.8386906	55.24017
4800	9.18136	-19.0789	28.2602	0.90514	0.0948603	6.70032	0.264456	0.186933	0.157794	0.150314	0.129208	0.0143126	0.0137549	0	5.060315	1.88309	0.0948603	0.9051397	76.39936
4810	9.55176	-18.9708	28.5225	0.642654	0.357346	5.59098	0.264206	0.185941	0.159664	0.147936	0.130243	0.014508	0.0134249	0	4.797988	1.869582	0.3573465	0.6426535	74.05963
4820	10.4419	-21.0868	31.5287	0.338429	0.661571	5.139612	0.266492	0.183666	0.157629	0.147351	0.1321	0.0147222	0.0137645	0	1.791821	1.937652	0.661571	0.338429	86.62676
4830	9.41062	-21.6421	31.0528	0.17956	0.82044	8.921306	0.263826	0.185138	0.155984	0.154037	0.131872	0.0147466	0.0133506	0	2.267776	1.952538	0.8204398	0.1795602	89.64742
4840	9.84456	-20.0083	29.8529	0.959613	0.0403874	3.389713	0.274015	0.186361	0.156552	0.149313	0.133412	0.0141809	0.0137332	0	3.467656	1.99197	0.04038736	0.9596126	98.16798
4850	7.83089	-20.192	28.0229	0.1518	0.8482	2.177425	0.272888	0.18613	0.153722	0.152367	0.130423	0.0140825	0.0138903	0	5.297629	1.562458	0.8482004	0.1517996	36.51384
4860	10.1751	-20.4498	30.6249	0.500021	0.499979	7.255227	0.270986	0.179463	0.15388	0.150061	0.130312	0.0142154	0.013807	0	2.695627	1.898301	0.4999795	0.5000205	79.12268
4870	9.9468	-19.145	29.0918	0.842554	0.157446	7.189305	0.271027	0.178619	0.15384	0.149971	0.134527	0.0145182	0.0135992	0	4.228711	1.980218	0.1574461	0.8425539	95.5472
4880	6.45831	-21.1333	27.5916	0.0720575	0.927943	0.3519857	0.272188	0.181949	0.154971	0.148215	0.129936	0.0141833	0.0135928	0	5.728953	1.964256	0.9279425	0.07205747	92.09925
4890	7.18447	-20.5753	27.7598	0.264688	0.735312	1.031074	0.274974	0.185685	0.153576	0.151564	0.12966	0.0145131	0.0139959	0	5.560761	1.895467	0.7353123	0.2646877	78.60808
4900	7.19391	-22.5325	29.7265	0.0876774	0.912323	2.004871	0.273124	0.185149	0.154036	0.150157	0.133953	0.0144784	0.0139258	0	3.594074	1.228265	0.9123226	0.08767739	16.91475
4910	9.93756	-20.8291	30.7667	0.823771	0.176229	6.346904	0.269883	0.185973	0.155266	0.146948	0.13118	0.0146475	0.0139784	0	2.553848	1.78865	0.1762289	0.8237711	61.46818
4920	8.34766	-19.327	27.6746	0.489321	0.510679	3.822893	0.267022	0.184667	0.154319	0.153397	0.133528	0.0142088	0.0138797	0	5.64589	1.653916	0.510679	0.489321	45.07292
4930	6.46754	-20.055	26.5225	0.114834	0.885166	2.774964	0.273815	0.184412	0.153862	0.151904	0.130597	0.0142762	0.0137374	0	6.797996	1.363478	0.8851659	0.1148341	23.09288
4940	9.18466	-21.6538	30.8385	0.64483	0.35517	5.126644	0.265858	0.17849	0.153509	0.153616	0.132323	0.0141223	0.0139802	0	2.482031	1.607852	0.3551704	0.6448296	40.53706
4950	9.38897	-20.1994	29.5884	0.0144153	0.985585	4.149392	0.265872	0.18011	0.156504	0.151604	0.133656	0.0141063	0.0133517	0	3.732144	1.657691	0.9855847	0.01441531	45.46639
4960	8.91524	-22.2321	31.1474	0.293508	0.706492	3.606926	0.275922	0.181827	0.15367	0.152375	0.131975	0.0143917	0.0135926	0	2.173139	1.584195	0.7064923	0.2935077	38.38794
4970	10.4035	-19.6618	30.0653	0.169488	0.830512	6.717365	0.263668	0.183807	0.155657	0.149863	0.132702	0.0141454	0.013401	0	3.255203	1.932274	0.8305123	0.1694877	85.56056
4980	10.0062	-19.2503	29.2564	0.264088	0.735912	4.523444	0.267935	0.184041	0.155158	0.151221	0.131574	0.0141355	0.0138463	0	4.064088	1.923024	0.7359124	0.2640876	83.75759
4990	7.75803	-20.1935	27.9515	0.466401	0.533599	3.405348	0.267053	0.178771	0.154095	0.148254	0.133184	0.0144959	0.0137034	0	5.369002	1.458547	0.5335991	0.4664009	28.744
5000	9.44319	-19.7977	29.2409	0.41323	0.58677	3.515617	0.2628	0.182915	0.158524	0.154018	0.133749	0.0145079	0.013369	0	4.079601	1.792466	0.5867702	0.4132298	62.01065
