Iteration	Posterior	Likelihood	Prior	clado_type_probs[1]	clado_type_probs[2]	distance_scale	epoch_times[1]	epoch_times[2]	epoch_times[3]	epoch_times[4]	epoch_times[5]	epoch_times[6]	epoch_times[7]	epoch_times[8]	extirpation_rate	log10_rate_bg	p_allopatry	p_sympatry	rate_bg
0	-56.3052	-91.4265	35.1214	0.277532	0.722468	0.01	0.486527	0.345436	0.162127	0.113959	0.0765202	0.0139035	0.00108935	0	0.3924696	-2	0.7224675	0.2775325	0.01
10	4.54465	-22.1027	26.6474	0.583689	0.416311	0.05834041	0.476703	0.347444	0.155848	0.113334	0.0748318	0.0136564	0.00109372	0	8.866438	1.812026	0.4163112	0.5836888	64.8674
20	7.00405	-24.5166	31.5206	0.395146	0.604854	0.1502144	0.473946	0.347836	0.159572	0.112785	0.0742033	0.0135914	0.00106893	0	3.993174	1.770426	0.6048543	0.3951457	58.94216
30	7.4949	-24.7555	32.2504	0.222194	0.777806	0.1837025	0.474044	0.353532	0.161566	0.115177	0.0758791	0.0134202	0.00106788	0	3.263437	1.849015	0.7778055	0.2221945	70.63418
40	6.44548	-23.4988	29.9442	0.408601	0.591399	0.2167043	0.474519	0.347454	0.160772	0.114928	0.0764753	0.0135603	0.00108223	0	5.569583	1.734768	0.591399	0.408601	54.29601
50	6.2296	-28.3594	34.589	0.202386	0.797614	3.442869	0.471714	0.351162	0.162522	0.114984	0.0764525	0.013771	0.00106619	0	0.9247898	1.608777	0.7976139	0.2023861	40.62344
60	9.04028	-22.9971	32.0373	0.721716	0.278284	3.259704	0.472066	0.348464	0.159774	0.111986	0.0759375	0.0136562	0.00106176	0	3.476475	1.969163	0.2782845	0.7217155	93.14577
70	6.81342	-24.532	31.3454	0.899969	0.100031	4.073721	0.476874	0.349719	0.15923	0.111188	0.0761137	0.0138588	0.00106907	0	4.168418	1.722179	0.1000314	0.8999686	52.74472
80	9.34329	-21.8162	31.1595	0.144228	0.855772	2.83505	0.490531	0.345921	0.162341	0.113245	0.0752867	0.0140359	0.00106004	0	4.354361	1.993041	0.8557725	0.1442275	98.41049
90	4.83898	-26.4128	31.2517	0.725496	0.274504	1.709459	0.486326	0.358812	0.158687	0.114279	0.0745805	0.0138139	0.00105743	0	4.262078	1.282341	0.2745045	0.7254955	19.15758
100	7.90523	-23.4173	31.3225	0.0688462	0.931154	0.5961753	0.47276	0.358399	0.154951	0.112901	0.0740472	0.0138656	0.00105846	0	4.191304	1.802925	0.9311538	0.06884619	63.52213
110	8.3858	-24.6642	33.05	0.144428	0.855572	1.100874	0.471418	0.358076	0.160935	0.112006	0.0740449	0.0140749	0.00106572	0	2.463814	1.81104	0.8555717	0.1444283	64.72016
120	7.97432	-24.9025	32.8768	0.882362	0.117638	3.564759	0.473214	0.344743	0.156027	0.11105	0.0738307	0.0135955	0.00106979	0	2.636981	1.804239	0.1176383	0.8823617	63.71457
130	8.16328	-24.2524	32.4157	0.432872	0.567128	3.528197	0.470968	0.348091	0.155181	0.111653	0.0754794	0.0139037	0.00108044	0	3.098143	1.706603	0.5671282	0.4328718	50.88657
140	5.2134	-22.5774	27.7908	0.445692	0.554308	3.663904	0.466618	0.357928	0.155389	0.112637	0.0742131	0.0139079	0.00109302	0	7.723037	1.712814	0.5543081	0.4456919	51.61953
150	8.08169	-22.4975	30.5792	0.49101	0.50899	2.085288	0.483179	0.358301	0.15673	0.111735	0.0740167	0.0139905	0.00108307	0	4.934669	1.837	0.50899	0.49101	68.70692
160	9.43988	-23.5476	32.9875	0.0161389	0.983861	3.437456	0.47117	0.356606	0.158943	0.111288	0.0729944	0.0139943	0.00106203	0	2.526332	1.825143	0.9838611	0.01613889	66.85634
170	6.87429	-27.778	34.6523	0.479266	0.520734	4.622039	0.48195	0.353092	0.155439	0.110692	0.0765906	0.0135556	0.00106327	0	0.8614795	1.898658	0.5207342	0.4792658	79.18779
180	9.15952	-22.4539	31.6135	0.234335	0.765665	2.413299	0.487415	0.350575	0.158144	0.114629	0.0762741	0.0134602	0.001071	0	3.900354	1.913394	0.765665	0.234335	81.92085
190	8.56705	-21.6552	30.2222	0.0737867	0.926213	3.220193	0.489096	0.352062	0.161718	0.116187	0.0755496	0.0134086	0.00105497	0	5.291588	1.945148	0.9262133	0.07378672	88.13498
200	7.04854	-25.9797	33.0282	0.40148	0.59852	6.232502	0.46753	0.357838	0.162467	0.114356	0.0760804	0.0135759	0.00108785	0	2.48559	1.988864	0.5985199	0.4014801	97.46835
210	8.95678	-23.1302	32.087	0.547251	0.452749	3.283942	0.478737	0.359382	0.158707	0.116424	0.075137	0.0139488	0.00109954	0	3.426814	1.897722	0.4527491	0.5472509	79.01733
220	7.37657	-23.8394	31.216	0.1559	0.8441	4.268699	0.484409	0.352724	0.159042	0.115806	0.0729241	0.0140395	0.0010796	0	4.297835	1.679635	0.8441003	0.1558997	47.82276
230	7.84972	-22.6172	30.4669	0.0188226	0.981177	1.063572	0.48001	0.352608	0.159971	0.116336	0.0739282	0.0139387	0.0011001	0	5.046878	1.750159	0.9811774	0.01882264	56.25475
240	8.12044	-24.3873	32.5077	0.426891	0.573109	1.614969	0.482758	0.358262	0.159834	0.11332	0.0742646	0.0136884	0.00110493	0	3.006112	1.71522	0.5731087	0.4268913	51.9063
250	6.25711	-26.9116	33.1688	0.049739	0.950261	6.993783	0.484524	0.348784	0.15871	0.113676	0.074907	0.0139886	0.00105727	0	2.345069	1.938581	0.950261	0.04973899	86.81221
260	8.39282	-25.9758	34.3686	0.0217075	0.978293	2.184898	0.484585	0.345376	0.161423	0.111852	0.0758627	0.0140249	0.00109458	0	1.145236	1.890287	0.9782925	0.02170749	77.67607
270	8.83824	-23.6859	32.5241	0.577803	0.422197	3.138201	0.47343	0.343447	0.161595	0.112417	0.0753171	0.0139818	0.00106088	0	2.98972	1.863612	0.4221969	0.5778031	73.04854
280	7.33358	-23.9122	31.2457	0.36455	0.63545	5.183841	0.474648	0.347775	0.160964	0.113516	0.0735118	0.0139982	0.00108223	0	4.26808	1.920451	0.6354495	0.3645505	83.2628
290	5.32977	-27.5652	32.895	0.9364	0.0635999	3.435348	0.478123	0.347929	0.157986	0.11594	0.0729135	0.0139921	0.00109573	0	2.61885	1.457897	0.06359991	0.9364001	28.701
300	8.75987	-22.9358	31.6957	0.0672483	0.932752	2.926198	0.466161	0.356489	0.159239	0.113464	0.074297	0.013933	0.00108425	0	3.818126	1.737137	0.9327517	0.06724828	54.59299
310	5.7891	-22.705	28.4941	0.279829	0.720171	2.606817	0.476744	0.356279	0.162168	0.110978	0.0731215	0.013896	0.00108314	0	7.019695	1.589116	0.7201708	0.2798292	38.82537
320	9.3723	-23.3972	32.7695	0.443086	0.556914	2.642986	0.475198	0.357184	0.15971	0.112871	0.0734597	0.0136352	0.0010783	0	2.744323	1.945319	0.5569143	0.4430857	88.16957
330	8.44351	-25.0608	33.5043	0.402579	0.597421	2.000961	0.485893	0.360218	0.158441	0.114537	0.0746871	0.0140013	0.001065	0	2.009477	1.809666	0.5974211	0.4025789	64.51583
340	9.67746	-24.1885	33.866	0.0327295	0.967271	2.939035	0.489642	0.359485	0.160118	0.112993	0.0754401	0.0138495	0.00106808	0	1.647825	1.96028	0.9672705	0.03272946	91.2598
350	9.30622	-24.3446	33.6508	0.263241	0.736759	4.140814	0.487124	0.352559	0.162476	0.110891	0.0757783	0.0135354	0.00109547	0	1.863046	1.957795	0.7367592	0.2632408	90.73911
360	7.52483	-21.9743	29.4991	0.00797891	0.992021	2.677282	0.487327	0.359935	0.159932	0.113422	0.0746795	0.013496	0.00109179	0	6.014704	1.739943	0.9920211	0.00797891	54.94682
370	8.39535	-25.3148	33.7102	0.727413	0.272587	3.266264	0.480956	0.358454	0.158171	0.112378	0.0736776	0.0140789	0.00109686	0	1.803636	1.866097	0.2725869	0.7274131	73.46775
380	4.60598	-27.4689	32.0749	0.115988	0.884012	0.8610613	0.4841	0.360029	0.162563	0.111181	0.0730407	0.0137422	0.00110844	0	3.438896	1.050768	0.8840116	0.1159884	11.24004
390	8.71562	-22.3504	31.066	0.168127	0.831873	1.820698	0.475151	0.352307	0.162634	0.111313	0.0747161	0.0137152	0.00111005	0	4.447784	1.864247	0.8318733	0.1681267	73.15557
400	7.86584	-22.1512	30.0171	0.530543	0.469457	1.642208	0.470006	0.359715	0.161458	0.111427	0.0752155	0.0136827	0.00109319	0	5.49676	1.890952	0.4694566	0.5305434	77.79507
410	5.12795	-28.1251	33.253	0.403696	0.596304	7.23398	0.475096	0.352961	0.156598	0.111848	0.076252	0.0135724	0.00109816	0	2.260797	1.853476	0.5963045	0.4036955	71.36354
420	9.93563	-23.3089	33.2445	0.0926205	0.90738	2.914728	0.483743	0.349738	0.161366	0.114971	0.0738246	0.0134965	0.00109497	0	2.269296	1.970635	0.9073795	0.09262048	93.462
430	3.81477	-29.5933	33.4081	0.901986	0.0980142	0.5546321	0.485001	0.35492	0.157374	0.113345	0.0731597	0.0133809	0.00109782	0	2.105725	1.361156	0.09801416	0.9019858	22.96976
440	5.90562	-25.2339	31.1396	0.322004	0.677996	0.4890863	0.484522	0.354482	0.15512	0.116256	0.0729667	0.0136728	0.00110349	0	4.37426	1.397819	0.6779955	0.3220045	24.99303
450	7.57112	-25.7545	33.3257	0.821009	0.178991	1.132526	0.4861	0.346035	0.159577	0.112796	0.0741457	0.0137497	0.00109177	0	2.188161	1.896089	0.1789908	0.8210092	78.72067
460	8.0888	-25.464	33.5528	0.210173	0.789827	2.306682	0.484965	0.343637	0.16144	0.113815	0.0741985	0.0135178	0.00109634	0	1.961055	1.625644	0.7898269	0.2101731	42.23226
470	7.27414	-22.2562	29.5304	0.618445	0.381555	3.016351	0.472915	0.353088	0.155542	0.11467	0.0740706	0.0136814	0.0010912	0	5.983435	1.830471	0.3815547	0.6184453	67.68173
480	6.4501	-24.789	31.2391	0.721241	0.278759	2.291784	0.481674	0.352937	0.162628	0.11528	0.0747627	0.0138273	0.00109401	0	4.27472	1.508847	0.2787595	0.7212405	32.27358
490	9.02701	-22.6234	31.6504	0.733418	0.266582	3.08563	0.482195	0.353127	0.156544	0.11156	0.0742971	0.0136828	0.00109676	0	3.863433	1.976437	0.2665822	0.7334178	94.71902
500	5.7371	-22.3991	28.1362	0.55318	0.44682	1.90632	0.48459	0.355079	0.158806	0.111652	0.0760803	0.0135304	0.00109535	0	7.37762	1.680155	0.4468201	0.5531799	47.88012
510	9.17581	-24.2232	33.399	0.0532953	0.946705	1.957763	0.476715	0.353603	0.159687	0.110654	0.0745282	0.0134959	0.00110409	0	2.114857	1.840925	0.9467047	0.05329529	69.33056
520	6.9512	-23.3584	30.3096	0.581639	0.418361	4.482097	0.475435	0.342679	0.160912	0.114007	0.075871	0.0139237	0.00109541	0	5.20418	1.843116	0.4183614	0.5816386	69.68134
530	8.80578	-24.9471	33.7529	0.333575	0.666425	3.776873	0.472217	0.343203	0.161557	0.114681	0.0731006	0.013559	0.00107956	0	1.760959	1.849881	0.6664253	0.3335747	70.7751
540	9.25322	-22.7102	31.9634	0.640121	0.359879	2.420618	0.473171	0.346739	0.162096	0.110797	0.0746787	0.0138909	0.00108507	0	3.550441	1.997402	0.3598789	0.6401211	99.40363
550	9.11389	-24.2009	33.3148	0.468217	0.531783	3.730249	0.473931	0.343726	0.156398	0.113401	0.07488	0.013401	0.0010972	0	2.199021	1.915991	0.5317833	0.4682167	82.41216
560	6.81043	-24.6724	31.4829	0.0542017	0.945798	4.068478	0.478444	0.3435	0.161353	0.113144	0.0734023	0.0134885	0.00109934	0	4.030961	1.510076	0.9457983	0.05420169	32.36503
570	7.57253	-23.5828	31.1554	0.547681	0.452319	1.201796	0.478434	0.355264	0.16182	0.116327	0.0728593	0.0138019	0.00106992	0	4.358447	1.756483	0.4523195	0.5476805	57.0799
580	8.33166	-25.6806	34.0123	0.23303	0.76697	2.763728	0.468387	0.347915	0.160706	0.113824	0.0731658	0.0137473	0.00106254	0	1.501567	1.756677	0.7669696	0.2330304	57.10533
590	8.18699	-25.0505	33.2375	0.0386535	0.961347	4.030597	0.484581	0.346796	0.160776	0.112587	0.076479	0.013379	0.00105878	0	2.276366	1.652443	0.9613465	0.03865347	44.92029
600	7.72979	-25.048	32.7778	0.845772	0.154228	4.334967	0.466452	0.343863	0.160754	0.112312	0.0741618	0.0139135	0.0010677	0	2.73599	1.825018	0.1542279	0.8457721	66.83714
610	8.42845	-25.8736	34.3021	0.0762147	0.923785	2.687116	0.468	0.342378	0.155657	0.111293	0.0760098	0.013925	0.00108302	0	1.211767	1.819302	0.9237853	0.07621469	65.96319
620	6.11835	-23.2198	29.3381	0.714172	0.285828	4.68748	0.470757	0.343021	0.156819	0.115417	0.0744631	0.0137611	0.00109841	0	6.17572	1.874926	0.2858276	0.7141724	74.97664
630	9.32954	-22.9038	32.2333	0.0407688	0.959231	2.044845	0.468819	0.345479	0.159252	0.116188	0.0759316	0.0138481	0.00109245	0	3.280486	1.851435	0.9592312	0.04076883	71.02889
640	7.64575	-26.611	34.2568	0.179801	0.820199	3.114439	0.480439	0.346397	0.159551	0.115613	0.0752037	0.0137228	0.00106757	0	1.257069	1.673928	0.8201995	0.1798005	47.19848
650	6.17655	-22.3726	28.5491	0.709642	0.290358	2.800654	0.474008	0.348211	0.161934	0.114838	0.074216	0.0134706	0.00109794	0	6.964706	1.749229	0.2903578	0.7096422	56.1344
660	7.80768	-22.7957	30.6034	0.70256	0.29744	2.865585	0.477217	0.344558	0.158613	0.113914	0.0755199	0.0138278	0.00108985	0	4.910407	1.813279	0.29744	0.70256	65.05472
670	9.39823	-24.2476	33.6458	0.0589004	0.9411	2.680206	0.47541	0.353495	0.157611	0.114714	0.0755461	0.0138313	0.00110698	0	1.868009	1.848783	0.9410996	0.05890037	70.5965
680	8.10485	-24.2509	32.3557	0.489437	0.510563	3.451207	0.474467	0.354195	0.158902	0.116264	0.0745903	0.0139338	0.00107756	0	3.158112	1.708359	0.5105631	0.4894369	51.09275
690	7.49085	-24.0162	31.5071	0.349033	0.650967	3.790759	0.466342	0.352492	0.162954	0.113144	0.0746994	0.0133842	0.00107768	0	4.006763	1.65758	0.6509667	0.3490333	45.4548
700	6.82413	-22.8532	29.6773	0.309338	0.690662	0.6711371	0.470543	0.356071	0.160909	0.112145	0.0755189	0.0134212	0.00105904	0	5.836487	1.761747	0.6906622	0.3093378	57.77595
710	4.1683	-22.3104	26.4787	0.565501	0.434499	0.3494038	0.477412	0.350067	0.161014	0.114585	0.0761077	0.0137326	0.00107114	0	9.035084	1.708668	0.434499	0.565501	51.12906
720	8.05018	-24.8648	32.915	0.376073	0.623927	1.093971	0.475736	0.352101	0.162082	0.112893	0.0728141	0.0135056	0.00107669	0	2.598827	1.804813	0.6239273	0.3760727	63.79889
730	8.82241	-23.2926	32.115	0.697682	0.302318	3.616981	0.483527	0.355352	0.162599	0.115079	0.0763691	0.0136589	0.0010875	0	3.398797	1.930451	0.3023183	0.6976817	85.20217
740	4.71009	-23.1762	27.8863	0.662026	0.337974	3.004852	0.477982	0.354303	0.159642	0.114738	0.0765296	0.0133942	0.00109421	0	7.627505	1.580264	0.3379745	0.6620255	38.04205
750	7.8726	-23.2254	31.098	0.243974	0.756026	3.579977	0.485215	0.345254	0.161108	0.115391	0.0756279	0.0140094	0.00110988	0	4.41585	1.705583	0.7560256	0.2439744	50.76722
760	8.89366	-24.8423	33.7359	0.26687	0.73313	3.468439	0.481095	0.359622	0.162358	0.115746	0.0766099	0.0138227	0.0011032	0	1.777877	1.813844	0.7331302	0.2668698	65.13948
770	9.0112	-23.2706	32.2818	0.649354	0.350646	3.343528	0.475378	0.345947	0.162919	0.114355	0.0755901	0.0139849	0.0011055	0	3.232043	1.9233	0.3506465	0.6493535	83.81083
780	7.5453	-23.7641	31.3094	0.686555	0.313445	4.05969	0.466173	0.349764	0.160522	0.114523	0.0761519	0.0139756	0.00107959	0	4.204426	1.796351	0.313445	0.686555	62.56789
790	8.80595	-24.0718	32.8778	0.545478	0.454522	3.802221	0.467798	0.347664	0.160545	0.114653	0.0733749	0.013801	0.00110722	0	2.636026	1.867372	0.4545215	0.5454785	73.68371
800	7.75655	-26.3032	34.0598	0.0454171	0.954583	1.934362	0.471507	0.353683	0.162966	0.112374	0.0735795	0.0135326	0.00110597	0	1.454024	1.637621	0.9545829	0.04541707	43.41314
810	6.18902	-23.4056	29.5946	0.297095	0.702905	4.948876	0.466155	0.347018	0.158892	0.110665	0.0751977	0.0133897	0.00108136	0	5.919217	1.856035	0.7029049	0.2970951	71.78518
820	5.47624	-25.6307	31.1069	0.40246	0.59754	5.961056	0.476307	0.349075	0.16298	0.111562	0.0746373	0.013584	0.00106428	0	4.406896	1.779185	0.5975402	0.4024598	60.14299
830	7.69753	-26.0439	33.7415	0.800251	0.199749	3.778469	0.484545	0.354518	0.158636	0.110849	0.0748682	0.0138406	0.00107365	0	1.772343	1.801372	0.1997486	0.8002514	63.29543
840	7.36444	-24.1974	31.5619	0.132924	0.867076	3.489717	0.489555	0.354593	0.158978	0.112881	0.0730746	0.0138762	0.0010692	0	3.95196	1.544278	0.867076	0.132924	35.01689
850	8.02084	-24.75	32.7708	0.625742	0.374258	2.56638	0.473793	0.356273	0.162762	0.110846	0.0734579	0.0137355	0.0010755	0	2.742981	1.704047	0.3742579	0.6257421	50.58791
860	8.11383	-24.7132	32.827	0.428772	0.571228	4.790429	0.468419	0.358481	0.155965	0.112782	0.0731394	0.0137453	0.00108564	0	2.686797	1.850118	0.5712281	0.4287719	70.81383
870	7.6034	-23.6359	31.2393	0.251216	0.748784	0.6729386	0.468873	0.360056	0.160402	0.111578	0.0744854	0.0137453	0.0010965	0	4.274488	1.751227	0.748784	0.251216	56.39327
880	8.78921	-22.7783	31.5676	0.634705	0.365295	2.45359	0.471239	0.354579	0.159425	0.112512	0.0742465	0.0138175	0.00110341	0	3.946267	1.909205	0.3652954	0.6347046	81.13444
890	7.80357	-26.6258	34.4293	0.453635	0.546365	2.754733	0.482569	0.358556	0.160035	0.112987	0.0735667	0.0139521	0.00107882	0	1.084483	1.891576	0.5463652	0.4536348	77.90684
900	7.62397	-25.0164	32.6404	0.385917	0.614083	5.766159	0.479321	0.352976	0.159933	0.112396	0.0748805	0.0138454	0.00109865	0	2.87343	1.99159	0.6140826	0.3859174	98.08207
910	8.156	-21.8981	30.0541	0.672169	0.327831	2.029876	0.467574	0.347364	0.16171	0.114402	0.0734232	0.0139054	0.00110802	0	5.459681	1.944317	0.3278306	0.6721694	87.96634
920	7.93011	-22.2908	30.2209	0.394854	0.605146	3.353356	0.481483	0.349045	0.160982	0.114783	0.0755845	0.0137537	0.00108884	0	5.292952	1.859667	0.6051462	0.3948538	72.38804
930	9.19875	-22.8616	32.0603	0.19741	0.80259	1.566066	0.478406	0.354533	0.160234	0.112686	0.0737772	0.0134738	0.00107109	0	3.45351	1.973052	0.8025904	0.1974096	93.98366
940	8.78463	-21.8462	30.6308	0.185863	0.814137	1.678531	0.472841	0.359266	0.157183	0.113965	0.0739289	0.0138079	0.00107614	0	4.88301	1.98273	0.8141372	0.1858628	96.10153
950	6.6202	-24.3168	30.937	0.153891	0.846109	4.795324	0.473912	0.357871	0.157017	0.112075	0.075152	0.0139639	0.00108857	0	4.57681	1.669176	0.8461089	0.1538911	46.68482
960	9.08154	-23.2594	32.341	0.00967681	0.990323	3.310861	0.474346	0.356693	0.157509	0.115667	0.0755149	0.0139609	0.00107086	0	3.172835	1.757833	0.9903232	0.009676811	57.25763
970	6.90444	-27.457	34.3614	0.716748	0.283252	2.154765	0.467276	0.356839	0.158744	0.115988	0.0763982	0.0137718	0.00107058	0	1.152417	1.856974	0.2832517	0.7167483	71.94055
980	8.74987	-24.1378	32.8876	0.247719	0.752281	3.418714	0.473833	0.346202	0.162617	0.113594	0.0743894	0.0139486	0.00107261	0	2.626185	1.744649	0.7522814	0.2477186	55.54546
990	7.08992	-24.4649	31.5548	0.137651	0.862349	0.80196	0.474889	0.343141	0.162266	0.114159	0.0731132	0.0137365	0.00110672	0	3.958975	1.513364	0.8623495	0.1376505	32.61103
1000	7.18556	-21.7416	28.9272	0.207868	0.792132	0.5482371	0.470188	0.351792	0.159822	0.116117	0.0729281	0.0134959	0.00110092	0	6.586653	1.994419	0.7921319	0.2078681	98.7232
1010	8.56955	-25.4944	34.064	0.12225	0.87775	2.038709	0.468226	0.353677	0.158506	0.115112	0.0745655	0.013728	0.00105729	0	1.449864	1.875591	0.8777495	0.1222505	75.09161
1020	7.61671	-23.2514	30.8682	0.892281	0.107719	1.752343	0.473682	0.35936	0.161355	0.115717	0.0748068	0.0137685	0.00110549	0	4.645659	1.802511	0.1077195	0.8922805	63.46153
1030	8.85051	-22.908	31.7585	0.246232	0.753768	3.688007	0.479474	0.34314	0.160116	0.114715	0.075345	0.0136691	0.00109691	0	3.755293	1.86343	0.7537682	0.2462318	73.01801
1040	8.5181	-23.7271	32.2452	0.0316726	0.968327	5.169802	0.483481	0.346434	0.156144	0.114438	0.074979	0.013446	0.00109008	0	3.268654	1.980419	0.9683274	0.03167258	95.59146
1050	8.14105	-23.0079	31.149	0.529246	0.470754	3.527642	0.488713	0.3544	0.156164	0.110823	0.0729683	0.0138585	0.00110875	0	4.364852	1.822922	0.4707538	0.5292462	66.51532
1060	8.27616	-23.564	31.8402	0.737544	0.262456	3.295313	0.483816	0.352528	0.154945	0.111899	0.0747342	0.0138539	0.00111033	0	3.673648	1.816993	0.2624565	0.7375435	65.61344
1070	6.66902	-24.9722	31.6412	0.563135	0.436865	2.029927	0.48653	0.351553	0.155841	0.113671	0.0750586	0.0138237	0.0010858	0	3.872636	1.476834	0.4368654	0.5631346	29.98018
1080	7.16767	-21.0746	28.2423	0.430684	0.569316	2.023514	0.487541	0.342825	0.156903	0.113546	0.0742552	0.0136031	0.00105498	0	7.271515	1.9718	0.5693157	0.4306843	93.71305
1090	7.4507	-25.6169	33.0676	0.881887	0.118113	1.363496	0.486959	0.34636	0.157408	0.115479	0.0759857	0.0135799	0.00105875	0	2.446183	1.817259	0.1181134	0.8818866	65.6536
1100	8.65477	-24.8786	33.5334	0.833609	0.166391	2.70264	0.47769	0.344993	0.161761	0.113752	0.073944	0.0135514	0.00106824	0	1.980436	1.955768	0.1663913	0.8336087	90.31677
1110	8.23272	-25.767	33.9998	0.626951	0.373049	3.974362	0.471018	0.353468	0.154982	0.112123	0.0733324	0.013397	0.00107954	0	1.514061	1.893174	0.3730493	0.6269507	78.19408
1120	8.89132	-24.8059	33.6972	0.653592	0.346408	2.483275	0.486139	0.349843	0.155668	0.111339	0.0764852	0.0133931	0.00107972	0	1.816628	1.995842	0.3464077	0.6535923	99.0472
1130	7.0074	-23.5632	30.5706	0.406015	0.593985	1.503157	0.480298	0.357388	0.155119	0.115132	0.0761756	0.0138356	0.00107821	0	4.943184	1.608183	0.5939854	0.4060146	40.56798
1140	9.46906	-23.8556	33.3246	0.0909392	0.909061	3.383334	0.475786	0.343212	0.155876	0.113592	0.0757385	0.013672	0.00110406	0	2.189205	1.84544	0.9090608	0.09093921	70.05507
1150	7.06262	-23.8238	30.8865	0.0451122	0.954888	0.7231573	0.473877	0.346541	0.156511	0.114545	0.0748176	0.0140027	0.00106889	0	4.627365	1.552581	0.9548878	0.04511222	35.69286
1160	7.91946	-24.9222	32.8417	0.23273	0.76727	0.3475706	0.476074	0.345045	0.155999	0.115654	0.0738641	0.013944	0.0010985	0	2.672158	1.995533	0.7672703	0.2327297	98.97664
1170	6.75636	-25.5995	32.3559	0.380514	0.619486	0.04045211	0.483798	0.352902	0.155353	0.113392	0.0735931	0.0136044	0.0010903	0	3.157936	1.721217	0.6194864	0.3805136	52.62807
1180	6.59118	-25.5511	32.1423	0.870836	0.129164	0.07100191	0.481749	0.34701	0.159285	0.113247	0.0749162	0.0134245	0.0011096	0	3.37152	1.82626	0.1291641	0.8708359	67.02862
1190	6.84038	-24.1464	30.9868	0.333252	0.666748	0.09186422	0.487497	0.346187	0.160185	0.11328	0.0732728	0.0140295	0.00110256	0	4.526996	1.736394	0.6667483	0.3332517	54.49972
1200	7.14321	-26.1096	33.2528	0.431706	0.568294	0.694557	0.47821	0.343821	0.162019	0.116057	0.0751881	0.0134251	0.00109055	0	2.261049	1.731297	0.5682945	0.4317055	53.86385
1210	7.87903	-24.5559	32.4349	0.90454	0.0954604	0.7327463	0.474852	0.345838	0.157807	0.115768	0.0765536	0.0135435	0.00109156	0	3.078933	1.979965	0.09546038	0.9045396	95.49164
1220	7.47863	-22.3489	29.8275	0.273287	0.726713	3.151602	0.489437	0.360362	0.158867	0.116387	0.0761777	0.0135789	0.00109265	0	5.686329	1.773059	0.726713	0.273287	59.30058
1230	7.612	-25.609	33.221	0.484576	0.515424	3.235141	0.478429	0.360046	0.159513	0.115446	0.0762783	0.013528	0.00108993	0	2.292856	1.604542	0.5154242	0.4845758	40.2293
1240	6.53726	-21.5018	28.0391	0.273975	0.726025	1.585686	0.481665	0.353143	0.160768	0.114562	0.0750708	0.0134035	0.00109368	0	7.474713	1.838775	0.7260245	0.2739755	68.98828
1250	8.10549	-24.0807	32.1862	0.905276	0.0947238	0.8558432	0.4697	0.34996	0.156088	0.115014	0.0739782	0.0135795	0.00109355	0	3.327581	1.990744	0.09472382	0.9052762	97.89121
1260	7.9797	-24.1129	32.0926	0.129902	0.870098	0.5696454	0.469771	0.348434	0.162666	0.113345	0.0731662	0.0134521	0.00109082	0	3.421263	1.802602	0.8700977	0.1299023	63.47485
1270	8.44528	-21.9864	30.4317	0.32453	0.67547	1.471929	0.489237	0.344903	0.161654	0.11269	0.0736741	0.0138206	0.0011034	0	5.082146	1.962269	0.6754702	0.3245298	91.67881
1280	7.51808	-22.3092	29.8273	0.25302	0.74698	2.503218	0.480129	0.35174	0.162072	0.114075	0.0740801	0.01365	0.00110796	0	5.6865	1.740081	0.7469797	0.2530203	54.96434
1290	7.7126	-23.9283	31.6409	0.858114	0.141886	0.7608466	0.473532	0.353681	0.162825	0.111813	0.0736963	0.0138232	0.00108752	0	3.87295	1.907261	0.1418863	0.8581137	80.77208
1300	8.03111	-23.7248	31.7559	0.501415	0.498585	0.6403277	0.470227	0.357865	0.162034	0.112204	0.0740286	0.013697	0.00107527	0	3.757896	1.948626	0.4985853	0.5014147	88.84352
1310	8.29953	-26.0501	34.3496	0.106931	0.893069	3.547479	0.46983	0.352331	0.162035	0.116254	0.073122	0.0137077	0.00108501	0	1.164192	1.804838	0.8930687	0.1069313	63.80256
1320	9.79561	-22.3579	32.1535	0.024423	0.975577	2.551323	0.478619	0.344114	0.159531	0.114091	0.0736136	0.0138967	0.00109365	0	3.360327	1.951767	0.975577	0.02442303	89.48846
1330	9.27911	-22.8904	32.1695	0.27062	0.72938	2.324895	0.48096	0.352266	0.155829	0.116303	0.075486	0.0136135	0.00105781	0	3.344296	1.916066	0.7293796	0.2706204	82.42632
1340	7.70132	-25.1047	32.806	0.442246	0.557754	2.794318	0.488045	0.343013	0.156413	0.114498	0.0748423	0.0136377	0.00107216	0	2.707853	1.587275	0.5577541	0.4422459	38.66118
1350	9.0296	-25.0696	34.0992	0.150577	0.849423	2.245736	0.482666	0.347955	0.157804	0.115182	0.0751879	0.0140648	0.00108317	0	1.414585	1.988284	0.8494228	0.1505772	97.33838
1360	7.14273	-21.3992	28.5419	0.491003	0.508997	1.214328	0.480541	0.343117	0.16201	0.113411	0.0760883	0.0139581	0.00108958	0	6.971911	1.969301	0.5089967	0.4910033	93.1753
1370	7.34809	-23.097	30.4451	0.0161298	0.98387	3.17435	0.473193	0.345403	0.160906	0.113746	0.0764051	0.0138601	0.00109097	0	5.068722	1.585976	0.9838702	0.01612985	38.54575
1380	8.8491	-24.1187	32.9678	0.796413	0.203587	2.261807	0.468877	0.347517	0.158112	0.115145	0.0750798	0.0138096	0.00107799	0	2.545994	1.953704	0.2035869	0.7964131	89.88855
1390	9.75686	-22.2107	31.9676	0.0534132	0.946587	2.558673	0.468889	0.348447	0.159514	0.11163	0.0746409	0.013822	0.00109415	0	3.546259	1.97035	0.9465868	0.05341319	93.40074
1400	8.99019	-23.2935	32.2837	0.47393	0.52607	2.402705	0.472076	0.352683	0.162888	0.114474	0.0755656	0.0136861	0.00107215	0	3.230169	1.884585	0.5260702	0.4739298	76.66288
1410	9.48859	-22.9071	32.3957	0.213699	0.786301	2.648057	0.467204	0.347616	0.158533	0.114843	0.0748435	0.0136655	0.0010935	0	3.118122	1.908051	0.7863009	0.2136991	80.91901
1420	8.96925	-24.8765	33.8457	0.44081	0.55919	4.199224	0.471611	0.356516	0.15908	0.114215	0.074626	0.0136203	0.00106885	0	1.668122	1.978276	0.5591896	0.4408104	95.12089
1430	6.09232	-23.0343	29.1266	0.129919	0.870081	2.757209	0.479066	0.359063	0.162186	0.112608	0.0733214	0.0135523	0.00109164	0	6.387196	1.525273	0.8700806	0.1299194	33.51757
1440	6.72451	-26.2513	32.9758	0.0138563	0.986144	0.7517244	0.484333	0.350713	0.162631	0.111908	0.0737545	0.0135981	0.00111	0	2.538022	1.384584	0.9861437	0.01385631	24.24287
1450	5.79779	-26.4093	32.2071	0.191435	0.808565	4.127046	0.470783	0.352912	0.156622	0.115871	0.073308	0.0134626	0.00110981	0	3.306719	1.384713	0.808565	0.191435	24.25006
1460	6.75525	-26.8714	33.6267	0.0439766	0.956023	5.670461	0.475642	0.35758	0.162395	0.113509	0.0757349	0.0140545	0.00108175	0	1.887143	1.686348	0.9560234	0.04397659	48.56775
1470	9.26725	-24.4732	33.7404	0.257763	0.742237	3.733695	0.476604	0.342992	0.157889	0.111059	0.0760669	0.0135434	0.00110588	0	1.773402	1.912758	0.7422367	0.2577633	81.80087
1480	5.14818	-26.9784	32.1266	0.723733	0.276267	0.1563069	0.471399	0.343194	0.162507	0.112967	0.0752607	0.0138801	0.00108245	0	3.387236	1.442729	0.2762669	0.7237331	27.71593
1490	6.56503	-22.5997	29.1647	0.0254968	0.974503	0.4015862	0.485094	0.347142	0.162815	0.110831	0.0744629	0.0139281	0.00106636	0	6.349134	1.732275	0.9745032	0.02549679	53.98519
1500	9.37079	-22.9703	32.3411	0.233511	0.766489	2.820648	0.482359	0.347002	0.160309	0.111225	0.0739515	0.0138421	0.00106	0	3.172728	1.89511	0.7664886	0.2335114	78.5434
1510	7.31671	-25.1388	32.4555	0.631632	0.368368	3.005127	0.476212	0.35279	0.162525	0.11184	0.0736942	0.0139791	0.00109424	0	3.058278	1.582119	0.3683679	0.6316321	38.20486
1520	7.69321	-22.5764	30.2696	0.605277	0.394723	4.149232	0.470959	0.348711	0.161899	0.112296	0.0735206	0.0139394	0.00109945	0	5.244171	1.938339	0.3947229	0.6052771	86.76391
1530	8.07257	-25.7915	33.8641	0.997909	0.00209081	2.772589	0.47205	0.351307	0.161146	0.115914	0.0740116	0.0140248	0.00105997	0	1.64971	1.963157	0.002090811	0.9979092	91.86656
1540	8.85481	-22.7715	31.6263	0.0330523	0.966948	1.241648	0.474303	0.360142	0.159377	0.115674	0.0754038	0.0140067	0.00106258	0	3.88754	1.903545	0.9669477	0.03305226	80.08389
1550	6.89948	-23.861	30.7605	0.400978	0.599022	5.512133	0.48005	0.357054	0.160569	0.114197	0.0731047	0.01398	0.00109189	0	4.753328	1.997899	0.5990224	0.4009776	99.51731
1560	6.20022	-20.8917	27.0919	0.100987	0.899013	2.693929	0.490487	0.348971	0.162672	0.112451	0.0745616	0.0140788	0.00106333	0	8.421934	1.910132	0.8990135	0.1009865	81.3077
1570	9.64188	-22.569	32.2109	0.0088805	0.99112	3.189119	0.490426	0.345155	0.160649	0.115829	0.0766027	0.01404	0.00110506	0	3.302934	1.889501	0.9911195	0.008880499	77.5356
1580	7.10126	-24.766	31.8672	0.331562	0.668438	5.622879	0.487303	0.355971	0.156502	0.115523	0.0757416	0.0134535	0.00110677	0	3.646609	1.901417	0.6684383	0.3315617	79.69245
1590	8.93997	-23.2008	32.1408	0.745605	0.254395	3.227163	0.484221	0.348001	0.15832	0.113854	0.0759	0.0135146	0.00108269	0	3.373042	1.940112	0.2543955	0.7456045	87.11887
1600	9.14414	-24.9304	34.0746	0.240293	0.759707	3.369029	0.486204	0.345747	0.161857	0.115883	0.0749365	0.0135087	0.00106349	0	1.439268	1.95049	0.7597065	0.2402935	89.22567
1610	9.15145	-24.8591	34.0106	0.00739768	0.992602	4.329148	0.490264	0.352214	0.160962	0.115738	0.0747516	0.0134673	0.00110475	0	1.503263	1.904619	0.9926023	0.007397675	80.28207
1620	8.30875	-21.3144	29.6232	0.281098	0.718902	2.726074	0.480953	0.355497	0.157446	0.11173	0.0756435	0.013757	0.00110414	0	5.890621	1.97822	0.7189025	0.2810975	95.10875
1630	7.80642	-23.0454	30.8518	0.320159	0.679841	1.486529	0.476057	0.350498	0.156951	0.110701	0.0733368	0.0137092	0.00108994	0	4.662029	1.736366	0.6798408	0.3201592	54.49614
1640	9.18578	-23.9172	33.103	0.573926	0.426074	2.244866	0.472074	0.346729	0.159283	0.111024	0.0741062	0.0140127	0.00106345	0	2.410808	1.986484	0.4260737	0.5739263	96.93581
1650	9.30423	-22.2396	31.5438	0.186736	0.813264	2.135659	0.478898	0.342669	0.156753	0.113907	0.0739	0.0140745	0.0011001	0	3.970026	1.952225	0.8132637	0.1867363	89.58293
1660	9.4458	-22.7916	32.2374	0.043065	0.956935	1.625582	0.483082	0.357924	0.15847	0.115337	0.0758916	0.0139527	0.00107557	0	3.276455	1.96885	0.956935	0.04306502	93.07869
1670	8.35224	-23.6574	32.0097	0.912621	0.087379	3.061679	0.478727	0.360345	0.157932	0.113378	0.0754995	0.0139129	0.00106849	0	3.50416	1.863404	0.08737905	0.912621	73.01366
1680	7.89709	-23.8616	31.7587	0.719984	0.280016	4.03844	0.486809	0.356265	0.160046	0.116044	0.0762935	0.0137202	0.00106474	0	3.75512	1.833087	0.2800161	0.7199839	68.09053
1690	6.7916	-23.629	30.4206	0.862753	0.137247	2.615066	0.477506	0.353144	0.161208	0.113035	0.0763928	0.0138116	0.00106739	0	5.093209	1.676089	0.1372471	0.8627529	47.43393
1700	6.67189	-22.0972	28.7691	0.573123	0.426877	2.969806	0.473017	0.343989	0.160108	0.112954	0.07579	0.0135283	0.00109398	0	6.744768	1.805548	0.4268769	0.5731231	63.90693
1710	7.07805	-27.1454	34.2235	0.511721	0.488279	1.364668	0.489057	0.352722	0.162826	0.111976	0.0757016	0.0134593	0.00107718	0	1.29035	1.909361	0.4882794	0.5117206	81.16347
1720	1.29388	-30.4021	31.696	0.480086	0.519914	9.23234	0.478502	0.353226	0.158901	0.111981	0.0761331	0.0139415	0.00110882	0	3.817836	1.840867	0.5199142	0.4800858	69.3214
1730	7.4972	-23.9696	31.4668	0.190522	0.809478	2.05921	0.481181	0.358891	0.161965	0.115315	0.0762488	0.0139677	0.00105594	0	4.047057	1.532676	0.8094782	0.1905218	34.09386
1740	9.16023	-24.6806	33.8409	0.375805	0.624195	2.656722	0.478003	0.357262	0.1619	0.112916	0.0746888	0.0135135	0.00106908	0	1.67296	1.979813	0.6241947	0.3758053	95.45804
1750	5.28309	-21.8138	27.0968	0.0699548	0.930045	3.471013	0.468869	0.342564	0.161722	0.11106	0.073942	0.0137769	0.00107119	0	8.416975	1.7585	0.9300452	0.06995476	57.34559
1760	9.56445	-24.0543	33.6188	0.24708	0.75292	2.981956	0.475779	0.344408	0.16242	0.110977	0.0739461	0.0137443	0.00107443	0	1.895038	1.965506	0.7529204	0.2470796	92.36467
1770	8.32991	-23.6758	32.0057	0.127997	0.872003	0.741551	0.488751	0.350241	0.160969	0.111756	0.0739309	0.0140689	0.00107516	0	3.508104	1.871711	0.8720026	0.1279974	74.42359
1780	8.56248	-23.1374	31.6999	0.455954	0.544046	4.425787	0.484619	0.343791	0.159068	0.114398	0.0740259	0.0139605	0.00107124	0	3.813926	1.979652	0.544046	0.455954	95.42269
1790	7.74387	-24.7755	32.5193	0.0336362	0.966364	2.822237	0.474517	0.349607	0.161156	0.113725	0.0739143	0.0137776	0.00110786	0	2.994492	1.472636	0.9663638	0.03363621	29.69177
1800	5.62953	-21.1359	26.7654	0.134036	0.865964	3.994496	0.488953	0.346097	0.161045	0.113238	0.073634	0.0139109	0.00108259	0	8.748395	1.992648	0.8659643	0.1340357	98.32142
1810	8.18563	-25.671	33.8566	0.43316	0.56684	2.724971	0.48439	0.34552	0.161128	0.112619	0.0736606	0.0139962	0.00107083	0	1.657172	1.75803	0.5668399	0.4331601	57.28351
1820	8.03777	-25.7598	33.7976	0.0640453	0.935955	4.724269	0.488596	0.349937	0.159183	0.114051	0.0750642	0.0135269	0.00106412	0	1.716232	1.752333	0.9359547	0.0640453	56.53701
1830	6.86973	-21.8736	28.7434	0.852285	0.147715	1.825183	0.469187	0.354576	0.156168	0.116185	0.0758402	0.0135254	0.00107411	0	6.770444	1.876504	0.1477149	0.8522851	75.24965
1840	8.48948	-26.0827	34.5722	0.0148388	0.985161	4.097071	0.483444	0.352172	0.156368	0.114476	0.0744999	0.0134304	0.00106969	0	0.9416534	1.959387	0.9851612	0.01483883	91.07246
1850	9.20014	-23.7978	32.998	0.0157032	0.984297	3.936315	0.476808	0.355584	0.159676	0.115961	0.0733886	0.0133876	0.00108996	0	2.515852	1.812417	0.9842968	0.01570316	64.92571
1860	7.85656	-26.8878	34.7443	0.123103	0.876897	3.067665	0.484076	0.355162	0.161323	0.116009	0.074102	0.0134049	0.00110512	0	0.7694872	1.995774	0.8768975	0.1231025	99.03174
1870	6.95951	-23.3096	30.2691	0.275277	0.724723	4.235866	0.484253	0.359233	0.16244	0.114424	0.0732806	0.01347	0.00108331	0	5.244724	1.747218	0.7247226	0.2752774	55.87509
1880	6.70179	-27.7104	34.4122	0.734141	0.265859	4.832013	0.486277	0.354761	0.156231	0.115992	0.0729693	0.0134993	0.00109338	0	1.101582	1.866224	0.2658594	0.7341406	73.48921
1890	8.046	-25.8867	33.9327	0.79847	0.20153	3.86682	0.483998	0.35741	0.155679	0.114206	0.0762232	0.0136388	0.0010882	0	1.581087	1.894179	0.2015303	0.7984697	78.37517
1900	8.92436	-22.7079	31.6323	0.420253	0.579747	2.107059	0.485587	0.359246	0.161446	0.11404	0.0765551	0.0137105	0.001104	0	3.881529	1.905538	0.5797468	0.4202532	80.45228
1910	7.78455	-24.3513	32.1358	0.108597	0.891403	4.362236	0.487013	0.349532	0.159437	0.116176	0.0748988	0.0138362	0.00110711	0	3.377995	1.662874	0.8914028	0.1085972	46.01235
1920	8.46847	-23.2424	31.7109	0.524899	0.475101	2.826631	0.486093	0.349333	0.161263	0.1164	0.0749349	0.0140332	0.00110506	0	3.802905	1.795174	0.4751008	0.5248992	62.39845
1930	9.02485	-24.8974	33.9222	0.111712	0.888288	2.814023	0.487601	0.348857	0.159242	0.116054	0.0764145	0.0140327	0.00108046	0	1.591579	1.830742	0.8882876	0.1117124	67.72391
1940	9.24917	-23.1163	32.3655	0.121505	0.878495	2.804851	0.480113	0.348325	0.160542	0.114701	0.0753695	0.0140068	0.0011006	0	3.148319	1.804925	0.8784946	0.1215054	63.81538
1950	7.70317	-22.5689	30.272	0.944334	0.0556661	2.861213	0.47936	0.35736	0.157874	0.115797	0.0765691	0.0134503	0.00110089	0	5.241776	1.863586	0.05566612	0.9443339	73.04431
1960	9.11253	-23.509	32.6216	0.0983645	0.901635	2.199512	0.48313	0.360123	0.162702	0.115444	0.0759297	0.0138332	0.00109664	0	2.892251	1.776832	0.9016355	0.09836454	59.81805
1970	5.96981	-23.0372	29.007	0.243702	0.756298	1.508438	0.466371	0.35899	0.159293	0.113374	0.0763778	0.0135847	0.00108158	0	6.506787	1.540022	0.7562979	0.2437021	34.67548
1980	8.97236	-25.0404	34.0127	0.253351	0.746649	3.380234	0.474522	0.352248	0.160716	0.115797	0.0755331	0.0135456	0.00107361	0	1.501083	1.891197	0.7466486	0.2533514	77.83901
1990	7.76572	-23.3642	31.13	0.0492098	0.95079	0.8058279	0.473387	0.345999	0.162891	0.114742	0.0763954	0.0138488	0.00109345	0	4.383862	1.698371	0.9507902	0.0492098	49.9311
2000	8.08878	-26.2056	34.2944	0.540503	0.459497	4.456513	0.473871	0.349592	0.158631	0.110966	0.0755325	0.0137368	0.00109318	0	1.219455	1.951045	0.4594968	0.5405032	89.33985
2010	6.54956	-22.7707	29.3203	0.622796	0.377204	2.063815	0.470734	0.344115	0.155567	0.114026	0.0729867	0.0139063	0.00107094	0	6.193567	1.697961	0.3772036	0.6227964	49.88401
2020	9.24634	-22.8503	32.0967	0.101177	0.898823	1.426773	0.471938	0.351995	0.155626	0.112092	0.0738266	0.0140562	0.00105718	0	3.417142	1.987017	0.8988231	0.1011769	97.05489
2030	8.28658	-24.7163	33.0029	0.161527	0.838473	2.315669	0.478594	0.344994	0.158118	0.113495	0.0743207	0.0135239	0.00107079	0	2.510901	1.616286	0.8384726	0.1615274	41.33198
2040	8.0085	-22.5922	30.6007	0.424098	0.575902	3.163505	0.479761	0.353672	0.156233	0.112254	0.0761332	0.0136745	0.00105651	0	4.913098	1.826097	0.5759021	0.4240979	67.0034
2050	6.91823	-23.206	30.1242	0.674724	0.325276	1.948077	0.476597	0.356191	0.15627	0.110977	0.0765769	0.0140607	0.00105504	0	5.389641	1.693263	0.3252765	0.6747235	49.34723
2060	7.74835	-24.7931	32.5414	0.771725	0.228275	2.223521	0.475102	0.356223	0.156124	0.114754	0.0761924	0.0138948	0.00108258	0	2.972423	1.708309	0.2282751	0.7717249	51.0868
2070	9.58099	-23.6542	33.2352	0.276104	0.723896	2.309704	0.473172	0.358562	0.155452	0.115117	0.0753226	0.0135503	0.00108349	0	2.278656	1.994874	0.7238961	0.2761039	98.82673
2080	8.92181	-22.693	31.6148	0.70159	0.29841	3.133943	0.490068	0.354098	0.156147	0.113865	0.0752683	0.0133952	0.00106759	0	3.898977	1.963569	0.29841	0.70159	91.95375
2090	8.39217	-23.375	31.7672	0.141724	0.858276	1.244121	0.48559	0.358226	0.155458	0.11624	0.0743103	0.0139893	0.00106238	0	3.746631	1.783778	0.8582758	0.1417242	60.7824
2100	8.71121	-22.0978	30.809	0.505414	0.494586	3.242686	0.483685	0.343334	0.156673	0.114839	0.0736256	0.0139443	0.00108872	0	4.704816	1.96525	0.494586	0.505414	92.31027
2110	7.09519	-24.7328	31.828	0.697916	0.302084	5.273052	0.481917	0.34951	0.160692	0.115665	0.0745536	0.0135184	0.00107817	0	3.685793	1.898799	0.3020843	0.6979157	79.21341
2120	8.02998	-25.6639	33.6939	0.880064	0.119936	4.308308	0.486064	0.342597	0.161367	0.113592	0.0750018	0.0139328	0.00110668	0	1.819895	1.913575	0.119936	0.880064	81.95498
2130	7.57331	-24.0406	31.6139	0.675197	0.324803	2.216449	0.474976	0.344538	0.160988	0.110898	0.0765814	0.0140257	0.00110198	0	3.899885	1.666987	0.3248028	0.6751972	46.45017
2140	5.57753	-26.0826	31.6601	0.741014	0.258986	0.6654221	0.477098	0.349074	0.161428	0.113379	0.0748791	0.0139921	0.00110133	0	3.853677	1.443493	0.2589864	0.7410136	27.76473
2150	9.37081	-23.1916	32.5624	0.00226017	0.99774	1.446003	0.47268	0.347933	0.161349	0.111555	0.0739575	0.0135986	0.00109159	0	2.951427	1.952496	0.9977398	0.002260175	89.63882
2160	8.05682	-25.0786	33.1354	0.0328714	0.967129	1.036552	0.489369	0.350291	0.155234	0.110889	0.0765665	0.013441	0.0011052	0	2.378424	1.674085	0.9671286	0.0328714	47.21554
2170	8.83431	-23.3077	32.142	0.0900362	0.909964	4.797385	0.488059	0.343792	0.156085	0.112504	0.0750115	0.0135879	0.00110606	0	3.371825	1.978201	0.9099638	0.09003618	95.10439
2180	9.77063	-22.3404	32.111	0.07024	0.92976	2.667318	0.485879	0.343389	0.157288	0.111886	0.0761544	0.0136268	0.00108313	0	3.402822	1.966904	0.92976	0.07024005	92.66253
2190	9.0093	-24.7458	33.7551	0.576492	0.423508	3.608892	0.489118	0.347378	0.162814	0.110938	0.0760353	0.0138431	0.00106196	0	1.758732	1.972167	0.4235083	0.5764917	93.79221
2200	9.19716	-21.8558	31.0529	0.162105	0.837895	3.258627	0.476621	0.342646	0.160769	0.111117	0.0759026	0.013932	0.00106501	0	4.460893	1.991631	0.8378952	0.1621048	98.09132
2210	8.69308	-23.9364	32.6295	0.113118	0.886882	2.274055	0.471548	0.347032	0.159723	0.113103	0.0763678	0.0135277	0.00109561	0	2.884306	1.6773	0.8868824	0.1131176	47.56638
2220	9.97241	-23.6701	33.6425	0.0082131	0.991787	2.98917	0.468014	0.343867	0.158629	0.111773	0.0738284	0.0139016	0.00107483	0	1.871344	1.986736	0.9917869	0.008213105	96.99207
2230	8.24301	-21.987	30.23	0.120486	0.879514	2.622581	0.473868	0.351918	0.157546	0.111107	0.0740333	0.0137445	0.00107178	0	5.283778	1.832837	0.8795136	0.1204864	68.05145
2240	4.4007	-23.8491	28.2498	0.71062	0.28938	3.811559	0.473825	0.356456	0.156922	0.114425	0.0753678	0.0139257	0.00105755	0	7.264044	1.585011	0.2893803	0.7106197	38.46013
2250	5.17598	-29.6222	34.7982	0.0296858	0.970314	2.047349	0.474411	0.344557	0.158667	0.11631	0.0751538	0.0139238	0.00106066	0	0.7156622	1.571044	0.9703142	0.02968582	37.24294
2260	7.66403	-22.7113	30.3753	0.846586	0.153414	4.243223	0.466814	0.342883	0.161234	0.112078	0.0738304	0.0138909	0.0010817	0	5.138486	1.969639	0.1534142	0.8465858	93.24794
2270	8.92411	-22.7834	31.7075	0.625072	0.374928	3.430481	0.47729	0.346183	0.161415	0.111684	0.072916	0.0139599	0.00106037	0	3.806305	1.959818	0.3749276	0.6250724	91.16289
2280	7.16796	-25.6079	32.7759	0.937699	0.0623009	4.386186	0.483644	0.353618	0.161152	0.1123	0.0737284	0.0137263	0.00107797	0	2.737955	1.769027	0.06230087	0.9376991	58.75256
2290	8.09242	-23.2656	31.358	0.637154	0.362846	3.579624	0.488539	0.357575	0.156945	0.11091	0.0743488	0.0135189	0.00108111	0	4.15584	1.83047	0.3628463	0.6371537	67.68147
2300	5.55659	-27.9188	33.4754	0.123376	0.876624	0.3067455	0.48161	0.357022	0.154878	0.112931	0.0729549	0.0134108	0.00109494	0	2.038398	1.345458	0.8766238	0.1233762	22.15431
2310	6.06957	-25.0274	31.097	0.573865	0.426135	0.8117919	0.467665	0.346752	0.157071	0.113126	0.0749331	0.014036	0.00108042	0	4.416843	1.486777	0.4261351	0.5738649	30.67447
2320	8.02767	-21.3542	29.3818	0.349121	0.650879	1.806545	0.482036	0.348129	0.160656	0.114493	0.0759729	0.0139011	0.00105578	0	6.131976	1.995121	0.6508786	0.3491214	98.88292
2330	6.08528	-23.8913	29.9766	0.092752	0.907248	0.5295843	0.484397	0.350442	0.159504	0.114222	0.0760377	0.013952	0.00110008	0	5.537226	1.457758	0.907248	0.09275204	28.69181
2340	8.5315	-21.9969	30.5284	0.874235	0.125765	2.990915	0.477755	0.358739	0.157558	0.115449	0.0752956	0.0140668	0.00108467	0	4.985384	1.994932	0.1257649	0.8742351	98.8398
2350	9.11107	-24.3832	33.4943	0.131335	0.868665	4.45519	0.47901	0.357905	0.158979	0.113216	0.0753297	0.0138899	0.00106846	0	2.019564	1.911265	0.8686648	0.1313352	81.52024
2360	7.14197	-25.9058	33.0478	0.142841	0.857159	1.051821	0.473736	0.353244	0.162579	0.115648	0.0760166	0.0135629	0.00107361	0	2.46605	1.496576	0.8571586	0.1428414	31.37447
2370	8.14922	-24.2042	32.3535	0.105941	0.894059	0.9963757	0.479044	0.353102	0.162613	0.114267	0.0751785	0.0134773	0.00109802	0	3.160357	1.710878	0.8940592	0.1059408	51.3899
2380	7.05089	-23.092	30.1429	0.666639	0.333361	4.082371	0.486528	0.359091	0.161337	0.111877	0.076244	0.0140794	0.0010886	0	5.370889	1.829416	0.3333606	0.6666394	67.5174
2390	7.72402	-24.8687	32.5927	0.485885	0.514115	3.186697	0.482893	0.352226	0.160877	0.115033	0.0747657	0.0138651	0.00107923	0	2.921087	1.61544	0.514115	0.485885	41.25153
2400	7.29785	-26.9699	34.2678	0.296476	0.703524	5.746024	0.473597	0.359768	0.155897	0.112855	0.0744357	0.013441	0.0010866	0	1.24606	1.935737	0.7035244	0.2964756	86.24556
2410	5.86854	-22.5907	28.4593	0.417684	0.582316	2.430845	0.470451	0.358157	0.155074	0.11248	0.0728878	0.0134212	0.00105882	0	7.054535	1.64686	0.5823161	0.4176839	44.34657
2420	7.93839	-23.8213	31.7597	0.486826	0.513174	3.015985	0.478809	0.352874	0.162169	0.110666	0.0747512	0.0137356	0.00107188	0	3.754152	1.69031	0.5131745	0.4868255	49.0129
2430	9.24911	-24.7918	34.041	0.180842	0.819158	2.73923	0.476165	0.344646	0.158961	0.111288	0.0735873	0.0135918	0.00106995	0	1.472867	1.975319	0.8191577	0.1808423	94.47555
2440	9.08874	-23.9336	33.0223	0.262347	0.737653	2.399203	0.475441	0.345178	0.159124	0.113052	0.0749207	0.0135994	0.00105913	0	2.49149	1.836428	0.7376527	0.2623473	68.61643
2450	5.09878	-24.3361	29.4349	0.567302	0.432698	0.2117923	0.475513	0.343674	0.157107	0.115856	0.0761472	0.0136572	0.0010677	0	6.0789	1.520543	0.4326977	0.5673023	33.15458
2460	5.87097	-27.9402	33.8112	0.204952	0.795048	0.06206522	0.47963	0.347028	0.157337	0.113401	0.0737235	0.0137157	0.00108691	0	1.702643	1.664846	0.795048	0.204952	46.22168
2470	7.35961	-23.497	30.8566	0.320067	0.679933	0.02539125	0.488236	0.347675	0.156523	0.115019	0.074254	0.0137006	0.00109636	0	4.657188	1.961575	0.6799333	0.3200667	91.53245
2480	4.84341	-24.0247	28.8681	0.192319	0.807681	0.05864843	0.473955	0.345266	0.156922	0.115162	0.0739287	0.0139883	0.00108199	0	6.645743	1.428443	0.8076814	0.1923186	26.81904
2490	1.6688	-28.1523	29.8211	0.604132	0.395868	0.2526547	0.467343	0.353289	0.159212	0.115645	0.0764973	0.0140064	0.00110031	0	5.692746	0.9202927	0.3958677	0.6041323	8.323246
2500	5.66083	-24.8387	30.4995	0.985531	0.0144694	0.3071606	0.479757	0.353667	0.156582	0.116287	0.0744054	0.0136607	0.00106835	0	5.014301	1.643656	0.01446939	0.9855306	44.0206
2510	6.36608	-27.5178	33.8839	0.0205192	0.979481	1.49404	0.478865	0.358991	0.157835	0.114837	0.074868	0.0138784	0.00109666	0	1.629891	1.362903	0.9794808	0.02051916	23.06231
2520	7.66302	-24.9681	32.6311	0.405505	0.594495	0.8019007	0.482219	0.357112	0.157366	0.114772	0.0749714	0.0140591	0.0010947	0	2.882738	1.752728	0.5944951	0.4055049	56.58845
2530	8.80051	-25.0131	33.8136	0.0957451	0.904255	4.672803	0.484646	0.359603	0.158186	0.111871	0.0733224	0.0134492	0.00109437	0	1.700202	1.88601	0.9042549	0.09574506	76.91481
2540	5.87808	-27.3921	33.2702	0.660611	0.339389	5.787168	0.47762	0.349325	0.160611	0.113581	0.0740785	0.0136314	0.00110978	0	2.243657	1.71779	0.3393891	0.6606109	52.21437
2550	8.71639	-21.6595	30.3759	0.0965202	0.90348	3.643332	0.474229	0.34309	0.158982	0.114177	0.0740634	0.013408	0.00110522	0	5.137899	1.990534	0.9034798	0.09652018	97.84398
2560	9.39621	-22.4299	31.8261	0.348695	0.651305	2.328883	0.471595	0.359793	0.156411	0.116086	0.0748453	0.0137703	0.00107834	0	3.687745	1.988235	0.6513045	0.3486955	97.32726
2570	8.01122	-26.2019	34.2131	0.220114	0.779886	3.593873	0.477507	0.352983	0.15958	0.110732	0.0732371	0.0137216	0.00110291	0	1.300695	1.740712	0.7798857	0.2201143	55.04426
2580	8.07222	-21.8143	29.8865	0.339912	0.660088	1.289838	0.487558	0.355724	0.162663	0.11168	0.0734787	0.0135758	0.00110643	0	5.627315	1.966766	0.6600878	0.3399122	92.63309
2590	7.25144	-21.3177	28.5691	0.112395	0.887605	1.746404	0.483987	0.351039	0.161069	0.112069	0.0747752	0.0139986	0.00105642	0	6.944699	1.895468	0.8876051	0.1123949	78.6082
2600	8.01507	-24.8009	32.816	0.0157814	0.984219	3.856468	0.48672	0.354118	0.156638	0.1148	0.0748716	0.014009	0.00107072	0	2.697819	1.591237	0.9842186	0.01578139	39.01549
2610	7.94768	-23.8114	31.7591	0.264458	0.735542	4.955844	0.480411	0.354742	0.155693	0.115477	0.0731521	0.0138581	0.00109304	0	3.754715	1.901767	0.735542	0.264458	79.75663
2620	8.55264	-22.8165	31.3691	0.350061	0.649939	3.066823	0.467018	0.357004	0.156839	0.115065	0.0747055	0.0140226	0.00107563	0	4.14472	1.820161	0.6499394	0.3500606	66.09377
2630	6.48534	-22.8495	29.3348	0.0965372	0.903463	3.908163	0.473692	0.359791	0.162554	0.113181	0.0732832	0.0139775	0.00106103	0	6.179014	1.696203	0.9034628	0.09653719	49.68241
2640	5.5469	-25.2233	30.7702	0.794572	0.205428	6.028854	0.468769	0.358002	0.157844	0.112511	0.0746585	0.0133921	0.00106235	0	4.743637	1.944391	0.2054276	0.7945724	87.9814
2650	8.54129	-23.9339	32.4752	0.213151	0.786849	1.489818	0.471394	0.356062	0.158364	0.113946	0.0753744	0.0135643	0.00105709	0	3.038645	1.782314	0.7868493	0.2131507	60.5779
2660	5.36218	-20.9819	26.3441	0.367304	0.632696	1.808388	0.476244	0.350829	0.158801	0.114649	0.0763407	0.0138881	0.0010799	0	9.169768	1.874488	0.6326963	0.3673037	74.90106
2670	8.39148	-23.5476	31.9391	0.297692	0.702308	3.646365	0.489528	0.353381	0.16271	0.116424	0.0747113	0.0135521	0.00106994	0	3.574694	1.762384	0.7023085	0.2976915	57.86073
2680	9.06816	-23.715	32.7831	0.792827	0.207173	3.759805	0.486591	0.359983	0.157768	0.111063	0.0739236	0.0137179	0.00108403	0	2.730675	1.990335	0.2071728	0.7928272	97.79903
2690	8.46909	-22.3575	30.8266	0.970234	0.0297662	2.537508	0.483102	0.358999	0.15847	0.112548	0.0745146	0.0136372	0.00107746	0	4.687234	1.961287	0.02976616	0.9702338	91.47175
2700	7.96669	-24.4475	32.4142	0.0354584	0.964542	0.9603378	0.47891	0.353359	0.156113	0.111196	0.0736306	0.0136231	0.00106758	0	3.099632	1.645814	0.9645416	0.03545842	44.23987
2710	8.6613	-24.1057	32.767	0.304795	0.695205	1.507766	0.488088	0.354588	0.1573	0.110917	0.0740265	0.0134524	0.00106034	0	2.746822	1.853199	0.6952049	0.3047951	71.31802
2720	9.23944	-24.3662	33.6056	0.584325	0.415675	3.343505	0.481937	0.350129	0.155956	0.116101	0.0734678	0.0139686	0.00109832	0	1.908229	1.984712	0.4156753	0.5843247	96.54105
2730	5.44503	-21.9336	27.3786	0.667571	0.332429	3.113363	0.477064	0.344791	0.155403	0.114966	0.0738925	0.0140369	0.00107201	0	8.135239	1.79828	0.3324291	0.6675709	62.84632
2740	9.03182	-22.9037	31.9355	0.720643	0.279357	2.675391	0.484844	0.345239	0.155219	0.116325	0.07549	0.0139965	0.00107362	0	3.578352	1.958926	0.2793571	0.7206429	90.97589
2750	8.76107	-23.9242	32.6853	0.0206429	0.979357	3.281083	0.485998	0.353435	0.162213	0.111149	0.0746724	0.0138052	0.00106243	0	2.828503	1.678429	0.9793571	0.0206429	47.69013
2760	9.39989	-23.9954	33.3953	0.0815643	0.918436	1.926143	0.479421	0.344587	0.156377	0.112594	0.0748327	0.0140636	0.00109634	0	2.118554	1.928196	0.9184357	0.08156429	84.761
2770	6.58828	-25.9616	32.5499	0.472882	0.527118	0.5348228	0.474715	0.356173	0.156042	0.1132	0.0738538	0.0139242	0.00110864	0	2.963951	1.563701	0.5271176	0.4728824	36.61854
2780	7.15479	-25.4167	32.5715	0.385373	0.614627	0.3454205	0.466571	0.353735	0.16139	0.112544	0.0742891	0.0136901	0.0010819	0	2.942363	1.74564	0.6146266	0.3853734	55.67238
2790	8.41942	-25.1386	33.5581	0.654896	0.345104	2.227388	0.479047	0.342717	0.161106	0.111277	0.0764407	0.0135096	0.00107561	0	1.955762	1.884378	0.3451037	0.6548963	76.6263
2800	9.84343	-23.7307	33.5742	0.0308059	0.969194	2.795451	0.470238	0.358775	0.16244	0.112489	0.0760245	0.0135323	0.00105564	0	1.939655	1.972044	0.9691941	0.03080591	93.76562
2810	6.65063	-25.1353	31.7859	0.390629	0.609371	4.140245	0.482615	0.345616	0.157199	0.115241	0.0764426	0.0136612	0.00106522	0	3.727932	1.558526	0.6093707	0.3906293	36.18479
2820	6.91617	-24.7239	31.6401	0.0151843	0.984816	5.630051	0.484232	0.346282	0.157867	0.114607	0.0762616	0.013622	0.00106991	0	3.873715	1.815416	0.9848157	0.01518435	65.37568
2830	7.22703	-22.1625	29.3896	0.720031	0.279969	1.234623	0.483644	0.34701	0.155534	0.111828	0.0758364	0.0137	0.00106228	0	6.12426	1.897656	0.2799692	0.7200308	79.00529
2840	7.29374	-22.7162	30.0099	0.865147	0.134853	1.73039	0.487748	0.346707	0.158096	0.111937	0.0744865	0.0135992	0.0010559	0	5.503887	1.825553	0.1348526	0.8651474	66.9196
2850	9.5611	-22.9916	32.5527	0.277159	0.722841	2.522639	0.489919	0.347389	0.160328	0.116362	0.0764667	0.0139522	0.00106337	0	2.961141	1.958465	0.7228405	0.2771595	90.87932
2860	9.08676	-22.3618	31.4486	0.189746	0.810254	1.756564	0.478201	0.345906	0.161028	0.115639	0.0747124	0.013931	0.00106457	0	4.065241	1.957702	0.8102543	0.1897457	90.71986
2870	7.85492	-24.2819	32.1369	0.258054	0.741946	0.7700042	0.468453	0.356584	0.1603	0.115813	0.0755487	0.0139375	0.0011038	0	3.376959	1.744931	0.7419456	0.2580544	55.58163
2880	7.97993	-23.5443	31.5242	0.302847	0.697153	2.457655	0.46766	0.344682	0.157821	0.111276	0.0736728	0.013985	0.00107886	0	3.989626	1.649119	0.6971527	0.3028473	44.57788
2890	8.66272	-25.0457	33.7085	0.508005	0.491995	2.149175	0.47133	0.345494	0.156344	0.112986	0.0737438	0.0140419	0.00105741	0	1.805354	1.932906	0.4919945	0.5080055	85.68528
2900	7.07907	-22.3451	29.4242	0.0566775	0.943322	0.5473371	0.48374	0.349774	0.156765	0.113223	0.0732945	0.013767	0.00108311	0	6.089656	1.822321	0.9433225	0.05667754	66.4234
2910	7.54844	-23.6921	31.2405	0.735959	0.264041	0.3173814	0.480257	0.345807	0.162656	0.114399	0.0746478	0.0133931	0.00106397	0	4.273272	1.979349	0.2640411	0.7359589	95.35618
2920	9.03414	-24.0525	33.0867	0.820651	0.179349	2.866393	0.487987	0.351731	0.162999	0.113845	0.0764971	0.0138436	0.0010638	0	2.427162	1.976386	0.1793489	0.8206511	94.70792
2930	7.01402	-21.4563	28.4703	0.676926	0.323074	1.141127	0.487259	0.346363	0.162788	0.114704	0.074157	0.0139659	0.00105712	0	7.043518	1.984315	0.3230737	0.6769263	96.45276
2940	8.92796	-22.0776	31.0056	0.442116	0.557884	3.260702	0.484284	0.354267	0.160195	0.114957	0.0729439	0.0138982	0.00108533	0	4.508269	1.981912	0.5578842	0.4421158	95.92065
2950	9.21389	-23.5981	32.812	0.823743	0.176257	3.407034	0.477516	0.350995	0.160334	0.113624	0.0735962	0.013749	0.0010975	0	2.701824	1.99978	0.1762571	0.8237429	99.94939
2960	6.5578	-26.7981	33.3559	0.785908	0.214092	0.7326421	0.469679	0.354596	0.16278	0.116085	0.0747537	0.0133882	0.00110249	0	2.157933	1.753772	0.2140924	0.7859076	56.72473
2970	8.08534	-24.6304	32.7157	0.452206	0.547794	1.177066	0.468597	0.355597	0.158403	0.113208	0.0765822	0.0138678	0.00108938	0	2.798082	1.802858	0.5477944	0.4522056	63.51234
2980	6.03773	-26.4658	32.5036	0.390352	0.609648	6.161207	0.467747	0.354222	0.156673	0.112754	0.0762462	0.0139611	0.00110141	0	3.010264	1.774884	0.6096479	0.3903521	59.55026
2990	8.52176	-23.0709	31.5927	0.403102	0.596898	1.098477	0.468014	0.345349	0.161618	0.114066	0.0765998	0.0135207	0.0010753	0	3.921148	1.954899	0.5968982	0.4031018	90.13616
3000	9.62322	-22.8904	32.5137	0.217943	0.782057	2.123937	0.474646	0.358498	0.157896	0.112275	0.0758223	0.0135499	0.00106695	0	3.000148	1.999832	0.7820567	0.2179433	99.96139
3010	7.99108	-22.4909	30.482	0.479463	0.520537	1.76006	0.47542	0.360317	0.159234	0.115238	0.0757949	0.0134985	0.00110419	0	5.031847	1.839727	0.5205374	0.4794626	69.13967
3020	6.79085	-24.4794	31.2703	0.787497	0.212503	4.592495	0.472416	0.359315	0.159015	0.116192	0.0743955	0.0139515	0.00109813	0	4.243546	1.766022	0.2125032	0.7874968	58.34753
3030	7.11339	-23.346	30.4594	0.434508	0.565492	0.6595794	0.471921	0.353027	0.157659	0.11596	0.0762522	0.0138469	0.00110263	0	5.054387	1.755691	0.5654915	0.4345085	56.97584
3040	7.56556	-24.2952	31.8608	0.374221	0.625779	4.097886	0.475443	0.354837	0.157011	0.116406	0.0760945	0.0135915	0.00109613	0	3.653023	1.67984	0.6257789	0.3742211	47.84537
3050	8.87717	-24.1586	33.0357	0.0194479	0.980552	2.679205	0.486719	0.35861	0.157915	0.115321	0.0743297	0.0136442	0.00107634	0	2.478077	1.678447	0.9805521	0.01944785	47.69221
3060	7.93561	-23.2477	31.1833	0.300686	0.699314	1.113315	0.473012	0.351085	0.160379	0.112995	0.0749472	0.013929	0.00107887	0	4.330486	1.782809	0.6993143	0.3006857	60.64693
3070	9.30434	-23.4007	32.7051	0.393876	0.606124	3.062733	0.487196	0.346107	0.162367	0.116016	0.0732854	0.0138146	0.00109555	0	2.808755	1.898879	0.6061236	0.3938764	79.22811
3080	8.02006	-26.2662	34.2862	0.730213	0.269787	3.471379	0.489576	0.343761	0.16019	0.113333	0.0748408	0.0135003	0.00105898	0	1.227604	1.962183	0.2697874	0.7302126	91.66075
3090	9.33761	-22.4568	31.7944	0.477212	0.522788	3.221296	0.485844	0.346375	0.160656	0.116193	0.0764385	0.013512	0.00108532	0	3.719433	1.997412	0.5227884	0.4772116	99.40593
3100	8.25145	-24.0273	32.2788	0.634522	0.365478	3.389513	0.478835	0.358677	0.158103	0.115531	0.0756593	0.0139475	0.00107497	0	3.235035	1.77699	0.3654783	0.6345217	59.8398
3110	8.39077	-26.1333	34.524	0.0469425	0.953058	3.495416	0.46971	0.351692	0.159522	0.114923	0.0760004	0.0139132	0.00109838	0	0.9897769	1.880249	0.9530575	0.04694246	75.9013
3120	8.93765	-23.7677	32.7053	0.834207	0.165793	4.003694	0.489326	0.34469	0.159924	0.110706	0.0753579	0.0140147	0.00108186	0	2.808502	1.997077	0.1657932	0.8342068	99.32917
3130	7.03043	-27.4033	34.4337	0.605855	0.394145	4.908412	0.477269	0.35029	0.157776	0.1114	0.0755699	0.0135175	0.00105501	0	1.08012	1.900863	0.3941451	0.6058549	79.59084
3140	8.53928	-24.302	32.8413	0.570409	0.429591	1.128744	0.468778	0.357578	0.159325	0.111158	0.0760409	0.0140761	0.00109268	0	2.672516	1.998194	0.4295913	0.5704087	99.58491
3150	8.08265	-23.4142	31.4969	0.250905	0.749095	4.552511	0.476691	0.359108	0.154972	0.111478	0.0738935	0.0134025	0.0010915	0	4.016942	1.871878	0.7490953	0.2509047	74.45234
3160	7.62931	-26.0753	33.7046	0.672195	0.327805	2.61566	0.4901	0.356234	0.156313	0.111593	0.0741195	0.0134638	0.00106878	0	1.809196	1.722698	0.3278046	0.6721954	52.80776
3170	8.61353	-24.5858	33.1993	0.885743	0.114257	3.732679	0.46801	0.349753	0.155319	0.114799	0.0746057	0.0136994	0.00106636	0	2.314501	1.938425	0.1142572	0.8857428	86.78114
3180	3.66314	-23.1454	26.8085	0.593163	0.406837	4.849567	0.474093	0.345344	0.155733	0.111889	0.076301	0.0140582	0.00107994	0	8.705313	1.81696	0.4068375	0.5931625	65.60852
3190	6.94922	-27.4849	34.4341	0.292333	0.707667	1.348581	0.483925	0.345012	0.155287	0.113289	0.0744342	0.0138377	0.00109715	0	1.079681	1.912624	0.7076675	0.2923325	81.77573
3200	7.97754	-22.9316	30.9092	0.439957	0.560043	4.511904	0.474395	0.346348	0.15586	0.112902	0.0738338	0.0135501	0.00110308	0	4.604651	1.956064	0.5600427	0.4399573	90.37829
3210	7.17596	-21.9732	29.1492	0.30571	0.69429	3.080431	0.471139	0.342842	0.155266	0.114357	0.0728692	0.0140062	0.00106806	0	6.364659	1.822932	0.6942897	0.3057103	66.5169
3220	7.00937	-25.0438	32.0532	0.884636	0.115364	4.8488	0.476643	0.350847	0.156875	0.112149	0.0745987	0.0134434	0.00108264	0	3.460625	1.818125	0.1153642	0.8846358	65.78465
3230	8.94268	-23.6281	32.5707	0.715411	0.284589	3.586087	0.485059	0.34805	0.156363	0.111579	0.0745206	0.0135113	0.00110926	0	2.943088	1.930192	0.2845891	0.7154109	85.15145
3240	6.30644	-23.4198	29.7262	0.556327	0.443673	4.215564	0.479348	0.343424	0.15537	0.111547	0.0760626	0.0137061	0.00109416	0	5.787571	1.745564	0.4436727	0.5563273	55.66271
3250	8.28095	-23.9445	32.2254	0.129596	0.870404	1.533594	0.475878	0.346563	0.156735	0.114904	0.0752205	0.0139046	0.00106832	0	3.288398	1.670844	0.8704044	0.1295956	46.86454
3260	9.04659	-22.7684	31.815	0.243675	0.756325	4.064652	0.490196	0.343751	0.160631	0.114144	0.0739416	0.0136869	0.00106277	0	3.698852	1.970836	0.7563254	0.2436746	93.50531
3270	8.14417	-24.3938	32.538	0.00111754	0.998882	3.485606	0.481806	0.35297	0.156842	0.112143	0.0732985	0.0140586	0.00108102	0	2.975805	1.576278	0.9988825	0.001117544	37.69451
3280	8.21935	-23.5429	31.7623	0.71948	0.28052	2.089957	0.477144	0.353365	0.156211	0.112642	0.0740794	0.0137555	0.00109221	0	3.751524	1.811916	0.2805201	0.7194799	64.85092
3290	8.30183	-25.6262	33.928	0.567683	0.432317	3.8913	0.484599	0.345085	0.160044	0.111041	0.0734344	0.0137413	0.00110826	0	1.585829	1.853076	0.432317	0.567683	71.2978
3300	8.53697	-25.1166	33.6535	0.0137349	0.986265	2.918882	0.48714	0.350356	0.159514	0.112207	0.0742654	0.0134028	0.00110737	0	1.860278	1.645105	0.9862651	0.01373489	44.16776
3310	7.68762	-22.5365	30.2241	0.951271	0.0487286	3.266391	0.47126	0.355766	0.157681	0.112686	0.0756707	0.0134988	0.00110789	0	5.289729	1.884792	0.04872856	0.9512714	76.69934
3320	9.52518	-24.0486	33.5738	0.143221	0.856779	2.600249	0.470697	0.359126	0.157618	0.111117	0.0754159	0.0140334	0.00109224	0	1.939996	1.91979	0.856779	0.143221	83.13615
3330	8.29844	-23.8575	32.156	0.972317	0.0276828	1.467398	0.479108	0.355661	0.155631	0.111212	0.0754048	0.0139661	0.0010972	0	3.357845	1.932301	0.02768277	0.9723172	85.5659
3340	4.94155	-25.9962	30.9377	0.631056	0.368944	0.5186892	0.467456	0.352187	0.156517	0.111535	0.0762287	0.0135605	0.00107636	0	4.57607	1.344536	0.3689439	0.6310561	22.10734
3350	8.07186	-25.9738	34.0457	0.899301	0.100699	3.731771	0.468318	0.34691	0.156253	0.112748	0.0762972	0.0138248	0.0010611	0	1.468118	1.96354	0.1006994	0.8993006	91.94743
3360	6.70686	-26.728	33.4348	0.737294	0.262706	2.599703	0.467546	0.344981	0.15564	0.11614	0.0746503	0.0136291	0.00108122	0	2.079001	1.553946	0.2627058	0.7372942	35.80516
3370	5.989	-27.4948	33.4838	0.824622	0.175378	2.27597	0.468008	0.349414	0.155052	0.112173	0.0730326	0.0134199	0.00107259	0	2.030054	1.503051	0.1753775	0.8246225	31.84568
3380	7.11538	-27.3669	34.4823	0.749879	0.250121	4.426188	0.485352	0.356417	0.158668	0.11123	0.0735148	0.0135878	0.0010925	0	1.031558	1.923139	0.2501212	0.7498788	83.77975
3390	8.85298	-23.0092	31.8622	0.00797496	0.992025	4.611058	0.479359	0.348097	0.161576	0.112135	0.0736504	0.0135304	0.00110532	0	3.651636	1.948427	0.992025	0.00797496	88.80292
3400	8.13541	-21.2747	29.4101	0.249868	0.750132	2.829152	0.469636	0.343608	0.157384	0.115642	0.0734719	0.0139075	0.0010767	0	6.103755	1.978192	0.7501325	0.2498675	95.10247
3410	9.52309	-22.095	31.6181	0.125305	0.874695	3.068612	0.471609	0.354464	0.162428	0.114266	0.0747242	0.0136073	0.00106821	0	3.89573	1.979303	0.874695	0.125305	95.34605
3420	8.85531	-22.8081	31.6634	0.472536	0.527464	3.688185	0.472491	0.356373	0.155532	0.116374	0.07355	0.0140136	0.00110458	0	3.850422	1.926871	0.5274641	0.4725359	84.50282
3430	7.77666	-23.5341	31.3108	0.948083	0.051917	3.255325	0.469441	0.353606	0.157934	0.114498	0.0736344	0.0136576	0.00109705	0	4.203042	1.80886	0.05191695	0.948083	64.39615
3440	8.2699	-21.5487	29.8187	0.213941	0.786059	2.650097	0.47947	0.348183	0.157382	0.112954	0.0728759	0.0135133	0.00108738	0	5.695169	1.928354	0.7860594	0.2139406	84.79177
3450	9.10822	-23.9892	33.0974	0.776513	0.223487	3.530259	0.480664	0.354513	0.155584	0.111861	0.0728288	0.0135664	0.00110034	0	2.416394	1.979769	0.2234869	0.7765131	95.44852
3460	9.59988	-22.8909	32.4908	0.339718	0.660282	2.384348	0.474646	0.344016	0.155727	0.114047	0.0739192	0.0138863	0.00108138	0	3.023003	1.995197	0.6602819	0.3397181	98.90014
3470	8.82534	-22.5841	31.4094	0.115517	0.884483	1.075804	0.486428	0.347286	0.156001	0.114541	0.0749503	0.0136244	0.00108803	0	4.104373	1.988778	0.8844827	0.1155173	97.44917
3480	8.71442	-24.7682	33.4826	0.146864	0.853136	1.180742	0.48838	0.349018	0.157088	0.114983	0.0749504	0.0136922	0.00107763	0	2.031217	1.994621	0.8531364	0.1468636	98.76904
3490	8.77321	-22.4443	31.2175	0.642221	0.357779	1.874518	0.490371	0.344628	0.154997	0.116321	0.0742149	0.0137645	0.00107052	0	4.296323	1.980685	0.3577792	0.6422208	95.64994
3500	8.25222	-23.4944	31.7466	0.644289	0.355711	2.285606	0.482618	0.35198	0.158443	0.113534	0.0745427	0.0134028	0.00110186	0	3.76725	1.789468	0.3557111	0.6442889	61.58395
3510	6.96134	-25.2054	32.1668	0.941825	0.0581749	2.70315	0.473378	0.35115	0.155414	0.115132	0.0753853	0.0135817	0.0011024	0	3.347044	1.625935	0.05817489	0.9418251	42.26053
3520	9.29105	-23.4751	32.7662	0.575499	0.424501	3.671921	0.48005	0.352859	0.155405	0.11301	0.0762836	0.0134292	0.00110713	0	2.74763	1.974383	0.424501	0.575499	94.27198
3530	7.98259	-22.8565	30.8391	0.504687	0.495313	1.125562	0.471715	0.346176	0.157701	0.112772	0.076191	0.013562	0.00109945	0	4.674707	1.879531	0.4953125	0.5046875	75.77586
3540	7.23544	-26.2114	33.4468	0.999253	0.000747477	4.015171	0.47352	0.3435	0.157809	0.11418	0.0760085	0.0135829	0.00109862	0	2.067004	1.787119	0.0007474772	0.9992525	61.25186
3550	6.91297	-25.4288	32.3418	0.631341	0.368659	2.783748	0.467638	0.344559	0.158514	0.114982	0.0763795	0.013911	0.00108134	0	3.172053	1.516197	0.3686594	0.6313406	32.82443
3560	6.91204	-24.8774	31.7895	0.972106	0.0278941	1.935149	0.480152	0.345295	0.158253	0.113969	0.076035	0.0138795	0.00106462	0	3.724363	1.655188	0.02789409	0.9721059	45.20516
3570	7.77936	-22.1941	29.9735	0.173989	0.826011	2.323514	0.477863	0.345608	0.155683	0.113908	0.0752246	0.0139335	0.00108051	0	5.540352	1.766376	0.8260107	0.1739893	58.39501
3580	8.99817	-23.2575	32.2557	0.861144	0.138856	3.567841	0.482602	0.351372	0.158883	0.113859	0.0763856	0.0140626	0.00106449	0	3.25813	1.991119	0.1388557	0.8611443	97.97577
3590	7.36508	-26.1176	33.4826	0.676245	0.323755	1.881328	0.48965	0.353217	0.15702	0.112061	0.0752583	0.0140463	0.00107505	0	2.03119	1.6873	0.3237545	0.6762455	48.67432
3600	8.44808	-25.3922	33.8403	0.185221	0.814779	1.576554	0.485605	0.354912	0.15672	0.113686	0.0763853	0.0140189	0.00107018	0	1.67351	1.886483	0.8147795	0.1852205	76.9986
3610	8.43187	-24.451	32.8829	0.68363	0.31637	3.130997	0.485306	0.343851	0.155243	0.113513	0.0738617	0.0139794	0.0010621	0	2.630901	1.80676	0.3163699	0.6836301	64.08546
3620	5.14371	-29.2042	34.3479	0.629291	0.370709	2.060682	0.482501	0.343256	0.160128	0.110786	0.0744977	0.0135334	0.00109769	0	1.165893	1.492059	0.3707092	0.6292908	31.04982
3630	9.02779	-23.662	32.6898	0.173806	0.826194	3.586804	0.470502	0.345724	0.161644	0.110834	0.0755454	0.0134754	0.00110735	0	2.824014	1.791456	0.8261937	0.1738063	61.86651
3640	7.27553	-22.6649	29.9404	0.59359	0.40641	3.778755	0.468105	0.358243	0.160842	0.116184	0.0764846	0.0134415	0.00106837	0	5.573418	1.853209	0.4064098	0.5935902	71.3196
3650	9.87733	-22.881	32.7583	0.0673445	0.932656	3.433972	0.48808	0.358052	0.161429	0.114029	0.0762522	0.0136551	0.00107651	0	2.755532	1.962869	0.9326555	0.06734446	91.80561
3660	8.57048	-24.3199	32.8904	0.464752	0.535248	3.13909	0.480928	0.358513	0.157094	0.113745	0.076149	0.0140644	0.00110852	0	2.623464	1.749043	0.5352483	0.4647517	56.11032
3670	8.8296	-23.0662	31.8958	0.274636	0.725364	1.479578	0.472292	0.36031	0.159976	0.113408	0.0751558	0.013754	0.00110609	0	3.618057	1.894791	0.725364	0.274636	78.48584
3680	9.13333	-21.8682	31.0016	0.0630835	0.936916	2.952261	0.472921	0.355837	0.160525	0.116043	0.0748135	0.0135426	0.00108514	0	4.512258	1.932722	0.9369165	0.06308352	85.64891
3690	7.24706	-23.3441	30.5911	0.419076	0.580924	2.146829	0.472781	0.358813	0.156204	0.115024	0.0758048	0.0138133	0.00107723	0	4.922702	1.631072	0.5809237	0.4190763	42.76337
3700	6.8274	-24.4503	31.2777	0.48783	0.51217	3.803636	0.479592	0.359034	0.159507	0.115696	0.0752284	0.014057	0.00108571	0	4.236085	1.593989	0.5121697	0.4878303	39.26352
3710	6.9198	-27.3424	34.2622	0.73495	0.26505	3.856476	0.474246	0.353858	0.159787	0.114526	0.074662	0.0139108	0.00106266	0	1.251607	1.767816	0.2650497	0.7349503	58.58897
3720	8.78182	-24.313	33.0948	0.0125095	0.987491	0.8648826	0.488059	0.352408	0.159627	0.112822	0.0759384	0.0140339	0.00110082	0	2.419033	1.991875	0.9874905	0.0125095	98.14657
3730	8.8805	-23.9172	32.7977	0.382503	0.617497	2.430597	0.474874	0.342956	0.159997	0.112327	0.0733564	0.0140404	0.00110504	0	2.71614	1.799916	0.6174973	0.3825027	63.08353
3740	9.31352	-22.0597	31.3732	0.0598471	0.940153	2.591672	0.473894	0.346329	0.158998	0.115621	0.0744736	0.014049	0.00110027	0	4.140597	1.912249	0.9401529	0.05984705	81.70515
3750	4.11492	-21.8691	25.984	0.0662642	0.933736	0.471538	0.479686	0.348447	0.155748	0.115087	0.073961	0.0140679	0.00110269	0	9.529785	1.660695	0.9337358	0.06626422	45.78198
3760	6.49219	-24.1084	30.6006	0.57588	0.42412	0.1101846	0.480572	0.342787	0.162141	0.113677	0.0748201	0.0138537	0.00109753	0	4.913213	1.744317	0.4241196	0.5758804	55.50302
3770	6.40857	-23.3565	29.7651	0.0849668	0.915033	0.2798651	0.468504	0.359447	0.161753	0.11493	0.0760007	0.0136613	0.00107749	0	5.748701	1.625525	0.9150332	0.08496684	42.22064
3780	7.05537	-23.3214	30.3768	0.0387318	0.961268	0.07506833	0.48577	0.356454	0.161897	0.114652	0.0750648	0.0136872	0.00107195	0	5.137055	1.788234	0.9612682	0.03873179	61.40924
3790	5.378	-24.5797	29.9577	0.592051	0.407949	0.1090051	0.466489	0.358625	0.155854	0.113866	0.0762602	0.0135826	0.0010604	0	5.556129	1.553879	0.4079493	0.5920507	35.79967
3800	8.04671	-23.7567	31.8034	0.162978	0.837022	4.445041	0.468971	0.356148	0.156534	0.111041	0.075792	0.0134993	0.001077	0	3.710436	1.785639	0.8370217	0.1629783	61.04341
3810	7.81242	-23.57	31.3824	0.615966	0.384034	3.830103	0.467751	0.355869	0.155446	0.11304	0.0754833	0.0137883	0.00109189	0	4.131371	1.791612	0.3840341	0.6159659	61.88884
3820	8.23676	-22.541	30.7778	0.685681	0.314319	2.128225	0.472069	0.348636	0.161869	0.113869	0.0750705	0.0137782	0.0011087	0	4.736007	1.878817	0.3143191	0.6856809	75.65144
3830	8.99723	-22.6711	31.6683	0.385317	0.614683	2.217309	0.471522	0.354619	0.162543	0.116062	0.0753163	0.0136228	0.00110177	0	3.845531	1.905232	0.6146834	0.3853166	80.39557
3840	8.46434	-25.7318	34.1962	0.0352876	0.964712	2.332723	0.470622	0.350142	0.158467	0.112935	0.0766065	0.013815	0.00107619	0	1.31766	1.804796	0.9647124	0.03528757	63.79645
3850	6.76526	-25.6065	32.3718	0.115497	0.884503	1.478635	0.473072	0.358763	0.161561	0.111971	0.0759247	0.0139351	0.00105743	0	3.142058	1.354503	0.8845028	0.1154972	22.62054
3860	8.12933	-23.5563	31.6856	0.675097	0.324903	2.275538	0.468587	0.345308	0.162	0.113581	0.0760782	0.0137457	0.00107535	0	3.8282	1.782346	0.3249031	0.6750969	60.58238
3870	9.0077	-23.7936	32.8013	0.756149	0.243851	3.192909	0.477116	0.343089	0.157932	0.114206	0.0752035	0.013961	0.00105523	0	2.712503	1.946801	0.243851	0.756149	88.47094
3880	7.39475	-23.033	30.4278	0.468928	0.531072	1.52592	0.46812	0.344187	0.159379	0.112788	0.0750965	0.0133969	0.00106737	0	5.086067	1.734904	0.5310723	0.4689277	54.313
3890	7.45917	-21.247	28.7062	0.182326	0.817674	1.573253	0.471068	0.3508	0.162542	0.114508	0.0764739	0.0134804	0.0010599	0	6.807609	1.953596	0.8176743	0.1823257	89.86612
3900	4.10582	-24.2842	28.39	0.407233	0.592767	3.022714	0.485497	0.350637	0.160123	0.112912	0.0735695	0.013412	0.00108811	0	7.123817	1.378463	0.5927673	0.4072327	23.90358
3910	9.14034	-23.779	32.9193	0.229251	0.770749	1.427798	0.475527	0.348373	0.159283	0.113747	0.0731752	0.0135353	0.00108311	0	2.594487	1.997317	0.7707492	0.2292508	99.38421
3920	9.62445	-23.3763	33.0007	0.112118	0.887882	3.191143	0.490175	0.342697	0.161266	0.111594	0.0744617	0.0139506	0.00110468	0	2.513091	1.876836	0.8878818	0.1121182	75.30705
3930	8.34411	-21.8318	30.1759	0.259721	0.740279	1.346816	0.476681	0.347268	0.159372	0.110948	0.0730276	0.0140042	0.00110078	0	5.337902	1.977272	0.7402793	0.2597207	94.90125
3940	7.72613	-25.4803	33.2065	0.260521	0.739479	3.430523	0.480979	0.348973	0.156879	0.111649	0.0739333	0.0137109	0.00107253	0	2.307367	1.577789	0.7394791	0.2605209	37.8259
3950	8.93931	-23.2844	32.2237	0.310236	0.689764	2.685652	0.486783	0.352743	0.155371	0.114264	0.0736196	0.0136957	0.00106871	0	3.290115	1.817016	0.6897637	0.3102363	65.61694
3960	9.30148	-22.2243	31.5257	0.359227	0.640773	2.333397	0.483494	0.359689	0.159696	0.112681	0.0737597	0.0136124	0.00107063	0	3.988073	1.99683	0.6407731	0.3592269	99.27264
3970	8.78004	-23.0299	31.8099	0.987151	0.0128495	3.653306	0.484268	0.346383	0.157785	0.11167	0.0741937	0.013647	0.0010715	0	3.703906	1.996335	0.01284946	0.9871505	99.15969
3980	7.82901	-25.3877	33.2167	0.125253	0.874747	5.574493	0.48537	0.347226	0.158418	0.112657	0.0745641	0.0137014	0.00106153	0	2.297092	1.876539	0.8747469	0.1252531	75.25558
3990	8.08799	-21.4587	29.5467	0.0150464	0.984954	3.62084	0.475348	0.359501	0.157786	0.115816	0.0741304	0.0140446	0.00108038	0	5.967095	1.965631	0.9849536	0.01504636	92.39126
4000	6.63583	-23.9258	30.5616	0.389445	0.610555	0.324008	0.469809	0.355803	0.157294	0.114749	0.0730302	0.0136593	0.00110241	0	4.952219	1.675596	0.6105548	0.3894452	47.38014
4010	9.10578	-24.0627	33.1685	0.320708	0.679292	4.55402	0.47535	0.352712	0.160894	0.111551	0.0752049	0.0137858	0.00106772	0	2.345327	1.987835	0.6792917	0.3207083	97.23782
4020	9.0194	-23.6783	32.6977	0.673539	0.326461	2.288092	0.48936	0.349084	0.160683	0.113136	0.0759997	0.0140097	0.00106837	0	2.816073	1.948502	0.3264608	0.6735392	88.81818
4030	6.56318	-26.8287	33.3919	0.915791	0.0842086	3.757905	0.480367	0.3562	0.161723	0.114692	0.0742297	0.0139617	0.00107623	0	2.121946	1.643524	0.08420864	0.9157914	44.00726
4040	7.08917	-25.2927	32.3819	0.498705	0.501295	1.250924	0.483548	0.352499	0.156288	0.114402	0.0739074	0.0140334	0.00108056	0	3.131928	1.564185	0.5012947	0.4987053	36.6594
4050	5.44286	-26.2182	31.661	0.40835	0.59165	4.9957	0.466311	0.360128	0.159455	0.114581	0.073649	0.0139755	0.00110069	0	3.852797	1.520601	0.5916502	0.4083498	33.15894
4060	7.76191	-22.1225	29.8845	0.58036	0.41964	2.652061	0.472037	0.353254	0.155195	0.115583	0.0731238	0.0140589	0.00105764	0	5.629364	1.873478	0.4196401	0.5803599	74.72709
4070	9.43508	-22.4976	31.9327	0.185557	0.814443	2.719492	0.477244	0.355889	0.158247	0.114864	0.0748799	0.0137552	0.00109624	0	3.581157	1.9192	0.814443	0.185557	83.02333
4080	6.47049	-26.3373	32.8078	0.385227	0.614773	2.580437	0.469904	0.351403	0.157633	0.114456	0.0749872	0.0138026	0.00108583	0	2.70599	1.375285	0.6147728	0.3852272	23.72933
4090	7.5241	-21.9142	29.4383	0.308869	0.691131	2.81909	0.470846	0.345038	0.157947	0.115846	0.073294	0.0135222	0.001089	0	6.075536	1.834432	0.6911305	0.3088695	68.30171
4100	8.58218	-21.9121	30.4943	0.263824	0.736176	3.13732	0.47326	0.352944	0.158597	0.116022	0.0762332	0.0135446	0.00109825	0	5.019534	1.924552	0.7361761	0.2638239	84.05274
4110	8.64499	-25.4633	34.1083	0.287984	0.712016	3.874009	0.466508	0.353201	0.158719	0.115697	0.0729651	0.0140474	0.0010807	0	1.405561	1.869783	0.7120163	0.2879837	74.09408
4120	8.72306	-23.904	32.6271	0.256188	0.743812	3.96389	0.466554	0.35496	0.159824	0.115628	0.0739125	0.0139234	0.00109788	0	2.886754	1.794565	0.7438118	0.2561882	62.31109
4130	8.84082	-24.0866	32.9274	0.582723	0.417277	2.739064	0.480765	0.345785	0.162648	0.112917	0.0736752	0.0136991	0.00107913	0	2.586426	1.85794	0.4172768	0.5827232	72.10087
4140	7.77575	-21.6229	29.3986	0.357751	0.642249	1.9319	0.482662	0.348194	0.161699	0.113686	0.0732068	0.0139221	0.00109274	0	6.115189	1.909747	0.6422486	0.3577514	81.23566
4150	7.54616	-22.3585	29.9046	0.145835	0.854165	1.830259	0.481411	0.360312	0.162552	0.114336	0.0731101	0.013919	0.00109802	0	5.609181	1.719068	0.8541646	0.1458354	52.3683
4160	7.80049	-24.7044	32.5049	0.546664	0.453336	5.452214	0.473184	0.352027	0.161355	0.112436	0.0734649	0.0138265	0.00107566	0	3.008936	1.995888	0.4533361	0.5466639	99.05767
4170	8.93181	-23.9973	32.9291	0.258884	0.741116	2.90726	0.468506	0.3539	0.155526	0.114284	0.0755859	0.0136901	0.00105807	0	2.584741	1.776392	0.7411164	0.2588836	59.7575
4180	8.46938	-23.1008	31.5702	0.0805295	0.91947	4.442041	0.477456	0.354562	0.156742	0.112264	0.0734606	0.014045	0.00106782	0	3.943593	1.88607	0.9194705	0.08052951	76.92543
4190	9.04044	-22.8261	31.8666	0.831904	0.168096	2.919828	0.488232	0.356179	0.160643	0.111069	0.0743229	0.0138809	0.0010629	0	3.64725	1.986895	0.1680964	0.8319036	97.02746
4200	9.22522	-22.8896	32.1148	0.260898	0.739102	3.459114	0.479276	0.357715	0.158562	0.113793	0.0731325	0.0136797	0.00106131	0	3.399041	1.910831	0.7391021	0.2608979	81.43877
4210	8.43815	-25.1401	33.5782	0.0820732	0.917927	4.505808	0.489624	0.359007	0.156537	0.11573	0.0731243	0.0138166	0.00106904	0	1.935587	1.772486	0.9179268	0.08207324	59.22246
4220	9.66893	-22.744	32.413	0.137909	0.862091	2.415416	0.487011	0.359512	0.158431	0.113774	0.0737042	0.0135869	0.0010905	0	3.100849	1.947757	0.8620907	0.1379093	88.66604
4230	8.29808	-25.9488	34.2469	0.261037	0.738963	4.079172	0.486631	0.352221	0.157954	0.114441	0.0758109	0.0135791	0.00109647	0	1.266914	1.845756	0.7389626	0.2610374	70.10617
4240	8.53633	-22.784	31.3204	0.996163	0.00383701	3.392178	0.484291	0.353185	0.160682	0.110737	0.075928	0.0139017	0.00109346	0	4.193454	1.958252	0.00383701	0.996163	90.83479
4250	9.26356	-23.9771	33.2407	0.46066	0.53934	2.915339	0.480041	0.357503	0.156146	0.115071	0.0759631	0.0134092	0.00109038	0	2.273133	1.923664	0.5393401	0.4606599	83.88106
4260	8.25357	-25.2654	33.5189	0.771471	0.228529	3.39325	0.488038	0.357565	0.156504	0.116156	0.0763241	0.0135095	0.0011085	0	1.994887	1.832549	0.2285286	0.7714714	68.00621
4270	8.3848	-25.5972	33.982	0.264431	0.735569	2.874004	0.48991	0.354743	0.15751	0.112896	0.0757896	0.0139099	0.00110383	0	1.531783	1.749954	0.7355687	0.2644313	56.22816
4280	8.89518	-23.4084	32.3036	0.710481	0.289519	4.113056	0.483267	0.348392	0.156954	0.114373	0.0761201	0.0133788	0.00108228	0	3.210223	1.995976	0.289519	0.710481	99.07774
4290	5.93221	-22.9098	28.842	0.503685	0.496315	0.786928	0.48764	0.348431	0.157593	0.115934	0.0765813	0.0134086	0.00106217	0	6.671785	1.68972	0.4963152	0.5036848	48.94634
4300	6.92305	-26.3489	33.272	0.705389	0.294611	4.07998	0.485853	0.347599	0.160818	0.116002	0.0756817	0.0136902	0.0010562	0	2.241858	1.643536	0.2946108	0.7053892	44.00839
4310	9.4431	-23.994	33.4371	0.123531	0.876469	3.669625	0.479574	0.351528	0.162263	0.11391	0.0765163	0.0138367	0.00105507	0	2.076694	1.891503	0.8764689	0.1235311	77.89385
4320	7.46504	-23.9719	31.4369	0.903095	0.0969047	0.2527864	0.466444	0.343321	0.161614	0.113056	0.0761619	0.0134475	0.00108429	0	4.076919	1.990399	0.09690465	0.9030953	97.81365
4330	8.72005	-24.8048	33.5248	0.60195	0.39805	2.341978	0.475988	0.346154	0.1619	0.112838	0.0760138	0.0134329	0.00107326	0	1.988995	1.918701	0.3980498	0.6019502	82.92788
4340	3.8162	-21.4436	25.2598	0.923309	0.0766912	2.411446	0.468061	0.352959	0.161296	0.115403	0.0760954	0.0133885	0.00108211	0	10.25399	1.791246	0.07669119	0.9233088	61.83661
4350	8.28208	-22.1214	30.4035	0.095333	0.904667	2.01218	0.471108	0.344307	0.161537	0.11484	0.0752456	0.0140789	0.00107254	0	5.110362	1.816484	0.904667	0.095333	65.53663
4360	9.00513	-23.8661	32.8713	0.0852819	0.914718	4.097188	0.466661	0.352379	0.156643	0.113051	0.0729586	0.0135698	0.00105954	0	2.642568	1.827274	0.9147181	0.0852819	67.18531
4370	8.33055	-22.8193	31.1499	0.397386	0.602614	1.996492	0.480895	0.355598	0.157299	0.1149	0.0743418	0.0133923	0.00110734	0	4.363953	1.806537	0.6026137	0.3973863	64.0527
4380	8.87716	-23.8039	32.6811	0.874061	0.125939	2.248005	0.474411	0.347809	0.155988	0.111056	0.0741019	0.0134111	0.00110834	0	2.832766	1.959025	0.1259393	0.8740607	90.99657
4390	7.74697	-21.0243	28.7712	0.0362494	0.963751	2.490062	0.476064	0.351499	0.162921	0.114168	0.0744518	0.0134185	0.00108976	0	6.742584	1.944647	0.9637506	0.03624942	88.03321
4400	8.15598	-25.5227	33.6786	0.841204	0.158796	2.106324	0.47189	0.35421	0.161168	0.111616	0.075994	0.0135297	0.00108289	0	1.835179	1.934314	0.1587964	0.8412036	85.96352
4410	4.59479	-24.9853	29.5801	0.618073	0.381927	5.713736	0.485632	0.350005	0.161325	0.111741	0.0752659	0.0140432	0.00110289	0	5.933732	1.783081	0.381927	0.618073	60.68489
4420	6.25303	-23.2392	29.4922	0.732443	0.267557	3.768925	0.476778	0.354359	0.161213	0.112773	0.0763266	0.0140531	0.00110621	0	6.021597	1.725864	0.2675567	0.7324433	53.19414
4430	7.67381	-25.08	32.7538	0.44073	0.55927	5.568699	0.469303	0.351147	0.159851	0.112895	0.0762342	0.0138969	0.00106622	0	2.759976	1.959983	0.5592703	0.4407297	91.19757
4440	9.02869	-23.6371	32.6658	0.215194	0.784806	2.958485	0.481465	0.358472	0.160433	0.112792	0.0766182	0.0140039	0.00108314	0	2.84802	1.776265	0.784806	0.215194	59.74001
4450	8.04016	-23.6734	31.7135	0.0103846	0.989615	1.147105	0.467838	0.350076	0.162496	0.11282	0.0754858	0.0134783	0.00111021	0	3.800308	1.634674	0.9896154	0.01038457	43.11949
4460	7.78914	-24.5149	32.3041	0.0269644	0.973036	3.589761	0.466839	0.35862	0.162228	0.114897	0.0731546	0.0136874	0.00107791	0	3.209743	1.547697	0.9730356	0.02696442	35.29368
4470	9.21656	-22.7319	31.9485	0.40936	0.59064	2.179374	0.474837	0.346865	0.162707	0.115759	0.0761707	0.013973	0.00106665	0	3.565341	1.960451	0.5906404	0.4093596	91.29589
4480	7.69667	-24.4887	32.1854	0.324524	0.675476	1.623641	0.487142	0.343178	0.158751	0.115302	0.0765534	0.0140452	0.00109403	0	3.328432	1.586179	0.6754764	0.3245236	38.56374
4490	7.55825	-22.3136	29.8719	0.746193	0.253807	3.603931	0.480887	0.343951	0.156117	0.114343	0.0765472	0.0140708	0.00105951	0	5.641949	1.917964	0.2538072	0.7461928	82.78735
4500	8.0138	-23.1864	31.2002	0.324703	0.675297	4.893377	0.471312	0.348346	0.156209	0.116153	0.073907	0.0138217	0.00109708	0	4.313646	1.993415	0.6752969	0.3247031	98.49514
4510	8.47108	-22.9708	31.4419	0.133819	0.866181	3.428342	0.473317	0.349406	0.1592	0.115883	0.0732978	0.0134126	0.00110168	0	4.071907	1.753009	0.8661809	0.1338191	56.62507
4520	9.18384	-23.4751	32.6589	0.571306	0.428694	3.597682	0.470508	0.346396	0.160097	0.112973	0.0728857	0.0135299	0.00110724	0	2.854919	1.945314	0.428694	0.571306	88.16851
4530	6.70359	-25.3802	32.0838	0.75635	0.24365	1.879378	0.474692	0.344913	0.157457	0.115805	0.0747717	0.013542	0.00107683	0	3.429998	1.541536	0.2436502	0.7563498	34.79654
4540	6.27489	-27.1004	33.3753	0.971017	0.0289827	4.543529	0.485163	0.344276	0.156481	0.115555	0.0756102	0.0140622	0.00110826	0	2.138498	1.693115	0.02898266	0.9710173	49.33047
4550	5.19216	-20.4349	25.6271	0.61495	0.38505	2.418829	0.480918	0.342896	0.157008	0.116302	0.0765822	0.0137575	0.00109073	0	9.886711	1.982807	0.3850504	0.6149496	96.11846
4560	7.68524	-22.6002	30.2854	0.0569483	0.943052	2.279293	0.483356	0.355346	0.156079	0.113187	0.0743957	0.0135124	0.00110822	0	5.228417	1.650348	0.9430517	0.05694834	44.70415
4570	4.83435	-28.0454	32.8797	0.631804	0.368196	2.575284	0.486444	0.359272	0.161227	0.112762	0.0759734	0.0140414	0.00109737	0	2.634104	1.243248	0.3681963	0.6318037	17.50845
4580	7.10637	-25.3579	32.4642	0.723889	0.276111	1.885885	0.480892	0.354873	0.162234	0.114021	0.0750829	0.0138885	0.00109363	0	3.049583	1.588404	0.2761114	0.7238886	38.76177
4590	6.89734	-24.5252	31.4226	0.634021	0.365979	0.3500709	0.486972	0.346427	0.160145	0.11419	0.0739509	0.0136049	0.00110879	0	4.091253	1.749815	0.365979	0.634021	56.21022
4600	8.675	-24.3926	33.0676	0.422206	0.577794	3.230172	0.473102	0.347693	0.161562	0.114635	0.0746583	0.0135203	0.00109778	0	2.44626	1.769584	0.5777944	0.4222056	58.82792
4610	8.97395	-23.4074	32.3814	0.765228	0.234772	3.612035	0.481413	0.343771	0.162376	0.110875	0.0741216	0.0138758	0.00109573	0	3.132439	1.958014	0.2347725	0.7652275	90.78506
4620	9.16248	-23.6364	32.7988	0.347546	0.652454	3.512079	0.468173	0.352339	0.160449	0.11387	0.0762787	0.0138205	0.00110014	0	2.714985	1.865744	0.6524536	0.3475464	73.40806
4630	4.29595	-25.5516	29.8476	0.591529	0.408471	2.343736	0.472835	0.359773	0.159956	0.111143	0.075113	0.0138136	0.00110989	0	5.666232	1.260463	0.4084713	0.5915287	18.21641
4640	7.13946	-23.7189	30.8584	0.401269	0.598731	4.851663	0.474919	0.344358	0.160638	0.114144	0.0741349	0.0140603	0.00107694	0	4.655433	1.856549	0.5987309	0.4012691	71.87026
4650	8.02373	-24.2141	32.2378	0.403724	0.596276	0.4972536	0.471299	0.343417	0.160609	0.112864	0.0749068	0.0133853	0.00109123	0	3.276024	1.967032	0.5962761	0.4037239	92.68973
4660	8.96089	-24.7938	33.7547	0.28785	0.71215	3.981335	0.478175	0.348311	0.155952	0.113782	0.0734176	0.0136538	0.00109124	0	1.759168	1.880865	0.7121505	0.2878495	76.00905
4670	6.32877	-24.2286	30.5573	0.985232	0.0147675	1.724818	0.480887	0.358684	0.156175	0.113968	0.0733265	0.0135704	0.00110244	0	4.956473	1.620753	0.01476755	0.9852325	41.75928
4680	8.7839	-23.1615	31.9454	0.982645	0.0173548	2.032273	0.490072	0.352777	0.15716	0.114973	0.0744569	0.0137778	0.00109135	0	3.568407	1.977502	0.01735484	0.9826452	94.95157
4690	9.17156	-22.9515	32.1231	0.0499949	0.950005	1.364903	0.483757	0.352692	0.158604	0.113362	0.0731599	0.0135009	0.00109359	0	3.390731	1.939514	0.9500051	0.04999492	86.99885
4700	9.36995	-23.4105	32.7805	0.579706	0.420294	3.526162	0.490404	0.342603	0.16048	0.110761	0.0752611	0.0137355	0.00107209	0	2.733358	1.992255	0.420294	0.579706	98.23255
4710	7.89689	-25.8993	33.7962	0.940863	0.0591367	4.511993	0.477537	0.347745	0.159527	0.113918	0.0752159	0.013854	0.00106402	0	1.717632	1.960518	0.05913672	0.9408633	91.30982
4720	8.58814	-24.5484	33.1365	0.531879	0.468121	4.457616	0.480218	0.343532	0.158651	0.11406	0.0733995	0.0136247	0.00109331	0	2.377281	1.907208	0.4681215	0.5318785	80.76208
4730	7.12414	-24.8398	31.9639	0.660633	0.339367	5.56107	0.479374	0.35045	0.160728	0.110975	0.0728812	0.0136369	0.00110499	0	3.549872	1.945431	0.3393673	0.6606327	88.19235
4740	8.19599	-25.4321	33.6281	0.779883	0.220117	2.017539	0.488249	0.344602	0.162974	0.111178	0.0739653	0.013939	0.00107911	0	1.885711	1.919226	0.2201172	0.7798828	83.02827
4750	5.79513	-27.1722	32.9673	0.206433	0.793567	6.493676	0.472796	0.347362	0.161619	0.111959	0.0764756	0.0138126	0.00110545	0	2.54649	1.736861	0.7935671	0.2064329	54.55832
4760	4.36467	-26.3302	30.6949	0.646606	0.353394	4.884942	0.468571	0.344781	0.161338	0.111292	0.0750463	0.0140648	0.00107965	0	4.818941	1.4863	0.3533936	0.6466064	30.64079
4770	7.85572	-23.3429	31.1986	0.375156	0.624844	2.214275	0.481827	0.343254	0.161909	0.113353	0.0740269	0.0140562	0.00110105	0	4.315205	1.671363	0.6248441	0.3751559	46.92057
4780	2.92759	-22.489	25.4166	0.451899	0.548101	4.922751	0.484761	0.345322	0.16075	0.113818	0.0753789	0.0137995	0.00106696	0	10.0972	1.915945	0.5481009	0.4518991	82.40343
4790	8.27739	-22.0937	30.3711	0.652991	0.347009	3.00861	0.470254	0.34426	0.162368	0.113027	0.0737183	0.0140693	0.00106753	0	5.142759	1.940337	0.3470092	0.6529908	87.16396
4800	7.42017	-23.5235	30.9437	0.673116	0.326884	4.6845	0.477295	0.350404	0.162192	0.112773	0.0749279	0.0140494	0.00106328	0	4.570139	1.921314	0.3268837	0.6731163	83.42837
4810	8.51291	-25.8888	34.4017	0.137044	0.862956	3.508914	0.466654	0.347675	0.156613	0.115046	0.073286	0.0140101	0.00109587	0	1.112157	1.87387	0.8629559	0.1370441	74.79452
4820	4.38976	-24.7769	29.1667	0.977582	0.022418	6.152826	0.484028	0.347146	0.156947	0.116111	0.0732763	0.0137078	0.00107403	0	6.347152	1.990876	0.02241803	0.977582	97.92094
4830	7.28037	-23.6938	30.9742	0.28387	0.71613	3.89822	0.472659	0.354969	0.154949	0.115233	0.0734048	0.013583	0.00110904	0	4.539608	1.660107	0.7161305	0.2838695	45.72004
4840	9.44168	-23.9895	33.4312	0.208544	0.791456	2.412902	0.478827	0.355047	0.155244	0.113038	0.0745752	0.0134142	0.00109782	0	2.082625	1.928422	0.7914559	0.2085441	84.8052
4850	7.84732	-23.1726	31.0199	0.962501	0.0374989	1.164485	0.474132	0.352501	0.158194	0.114003	0.0736976	0.0136454	0.00108993	0	4.493893	1.910347	0.03749891	0.9625011	81.3481
4860	7.72205	-24.9162	32.6382	0.824997	0.175003	4.519665	0.485447	0.34487	0.155078	0.1133	0.073536	0.0140818	0.00109052	0	2.87559	1.83883	0.175003	0.824997	68.99699
4870	6.83918	-27.7394	34.5786	0.0618948	0.938105	6.054425	0.490632	0.352217	0.156601	0.115414	0.0749491	0.0137943	0.00109502	0	0.9352237	1.943879	0.9381052	0.06189476	87.87773
4880	7.25588	-24.7798	32.0357	0.452183	0.547817	3.536183	0.479925	0.342716	0.155009	0.115845	0.0759973	0.0137057	0.0010887	0	3.47813	1.575939	0.5478172	0.4521828	37.66511
4890	7.56971	-24.4433	32.013	0.123529	0.876471	5.026614	0.482787	0.34643	0.158668	0.115574	0.0763536	0.0138592	0.00108501	0	3.500848	1.771121	0.8764715	0.1235285	59.03659
4900	7.57176	-21.6086	29.1804	0.0451968	0.954803	3.12826	0.469858	0.356504	0.157801	0.112321	0.0759775	0.0137973	0.00108409	0	6.333431	1.853346	0.9548032	0.04519675	71.34207
4910	9.5651	-23.0348	32.5999	0.356515	0.643485	3.035041	0.469783	0.348937	0.157518	0.112425	0.0765522	0.0139557	0.00110089	0	2.913968	1.953733	0.643485	0.356515	89.89456
4920	9.57248	-23.159	32.7315	0.0211165	0.978883	3.996168	0.468163	0.348115	0.159425	0.114021	0.0759073	0.014028	0.00108014	0	2.782355	1.923211	0.9788835	0.02111651	83.79364
4930	7.98978	-24.8866	32.8764	0.683044	0.316956	3.765025	0.484668	0.358702	0.15684	0.116073	0.0743262	0.0140225	0.00107129	0	2.637407	1.758304	0.316956	0.683044	57.31966
4940	7.14386	-26.1372	33.2811	0.40471	0.59529	4.930393	0.473026	0.354737	0.157461	0.113466	0.0754974	0.0136563	0.00108751	0	2.232749	1.696678	0.59529	0.40471	49.73687
4950	7.12795	-27.5931	34.721	0.0472402	0.95276	4.859196	0.46917	0.350955	0.161894	0.116044	0.0766146	0.0136068	0.00107977	0	0.7927996	1.873723	0.9527598	0.04724017	74.7692
4960	8.69779	-23.0336	31.7314	0.373837	0.626163	3.448132	0.469384	0.354578	0.161111	0.113529	0.0750083	0.0136701	0.00109696	0	3.782452	1.840625	0.6261633	0.3738367	69.28274
4970	8.89204	-23.1604	32.0524	0.795669	0.204331	1.916906	0.482536	0.358	0.16097	0.114944	0.0752983	0.0137866	0.00106912	0	3.461375	1.983886	0.2043305	0.7956695	96.35753
4980	7.39196	-25.9458	33.3378	0.0420504	0.95795	0.5708937	0.47607	0.355609	0.158754	0.11614	0.0748791	0.0136887	0.00107554	0	2.176053	1.667104	0.9579496	0.04205043	46.4627
4990	8.57771	-23.2706	31.8483	0.225444	0.774556	4.175987	0.475419	0.354006	0.160253	0.116208	0.0734354	0.0136459	0.00109825	0	3.665536	1.855378	0.7745557	0.2254443	71.67668
5000	9.3983	-24.04	33.4383	0.294037	0.705963	3.837989	0.467384	0.342598	0.156864	0.114863	0.0738589	0.0136598	0.00110456	0	2.075562	1.936461	0.7059629	0.2940371	86.3896
