Iteration	Posterior	Likelihood	Prior	clado_type_probs[1]	clado_type_probs[2]	distance_scale	epoch_times[1]	epoch_times[2]	epoch_times[3]	epoch_times[4]	epoch_times[5]	epoch_times[6]	epoch_times[7]	epoch_times[8]	extirpation_rate	log10_rate_bg	p_allopatry	p_sympatry	rate_bg
0	-56.7143	-87.2706	30.5563	0.25002	0.74998	0.01	0.531349	0.425682	0.294442	0.146535	0.0801344	0.0706707	0.00476634	0	0.6184134	-2	0.7499798	0.2500202	0.01
10	3.28408	-25.7202	29.0042	0.625556	0.374444	0.02084039	0.514078	0.433765	0.303669	0.147246	0.0784343	0.0696783	0.00472203	0	2.170512	1.908039	0.374444	0.625556	80.91688
20	4.18981	-23.7225	27.9123	0.0249083	0.975092	0.001763081	0.516427	0.434518	0.307329	0.144001	0.0818372	0.0721628	0.00464575	0	3.262428	1.98265	0.9750917	0.02490825	96.08379
30	2.30649	-26.1974	28.5039	0.978786	0.0212142	0.03294597	0.511404	0.4267	0.307543	0.143077	0.0813159	0.0702895	0.00467468	0	2.670827	1.341514	0.02121419	0.9787858	21.954
40	2.92651	-20.8875	23.814	0.877505	0.122495	0.01297953	0.531883	0.429427	0.306587	0.145541	0.0800011	0.0695738	0.00461467	0	7.360714	1.937005	0.1224952	0.8775048	86.49786
50	3.01185	-23.0462	26.0581	0.421013	0.578987	0.2352459	0.531834	0.437413	0.302232	0.144733	0.0808839	0.0706827	0.00461531	0	5.116674	1.334209	0.5789865	0.4210135	21.58785
60	2.89817	-25.7635	28.6616	0.0270809	0.972919	0.6059832	0.511271	0.441491	0.307798	0.140234	0.0817227	0.0704192	0.00464835	0	2.513134	1.009971	0.9729191	0.02708095	10.23225
70	3.90333	-20.8174	24.7207	0.215093	0.784907	1.201262	0.537144	0.437944	0.299407	0.142708	0.0815885	0.0727109	0.00465452	0	6.454028	1.597558	0.7849073	0.2150927	39.58752
80	6.57285	-21.4152	27.988	0.0621662	0.937834	2.105194	0.526628	0.43863	0.296825	0.143279	0.0807226	0.0727782	0.00477259	0	3.186754	1.976022	0.9378338	0.06216623	94.6285
90	6.52339	-20.3657	26.8891	0.0999908	0.900009	4.085233	0.532926	0.439063	0.299173	0.140603	0.0808592	0.0725835	0.00478035	0	4.285695	1.841581	0.9000092	0.09999079	69.43542
100	5.56407	-21.5947	27.1587	0.516202	0.483798	2.225501	0.518319	0.419688	0.30336	0.143566	0.0813851	0.0697776	0.00463325	0	4.016009	1.617171	0.4837982	0.5162018	41.41629
110	6.48376	-23.2381	29.7219	0.104597	0.895403	5.407785	0.521036	0.420795	0.304907	0.142707	0.0809592	0.0702324	0.00460839	0	1.452873	1.851097	0.8954035	0.1045965	70.97359
120	6.4932	-20.6756	27.1688	0.599057	0.400943	4.999185	0.534415	0.426295	0.302674	0.141124	0.0805994	0.0708261	0.00468585	0	4.005957	1.925009	0.4009429	0.5990571	84.14134
130	7.21426	-20.8027	28.017	0.707231	0.292769	3.365344	0.521467	0.422062	0.301385	0.146674	0.0795983	0.0698782	0.00470271	0	3.157773	1.987352	0.292769	0.707231	97.1297
140	5.68614	-21.5716	27.2577	0.0766137	0.923386	1.177785	0.534005	0.425174	0.307499	0.143702	0.0785881	0.0698983	0.0047076	0	3.917012	1.996963	0.9233863	0.07661367	99.30307
150	6.98364	-21.6163	28.5999	0.705886	0.294114	3.41633	0.53258	0.422463	0.306415	0.144559	0.0794914	0.0704704	0.00466445	0	2.574846	1.903368	0.2941142	0.7058858	80.05126
160	6.88089	-22.4147	29.2956	0.293116	0.706884	4.499345	0.534435	0.422369	0.307339	0.145703	0.0797798	0.0727859	0.00465854	0	1.879122	1.884244	0.7068836	0.2931164	76.6027
170	5.44527	-23.0243	28.4696	0.555221	0.444779	4.72978	0.511363	0.420814	0.303575	0.146759	0.0785851	0.0716749	0.00476778	0	2.705167	1.542377	0.4447793	0.5552207	34.86397
180	6.51397	-20.7561	27.27	0.0233592	0.976641	3.363972	0.51544	0.420524	0.2952	0.146913	0.0786194	0.0713167	0.00455367	0	3.904738	1.775363	0.9766408	0.02335923	59.61608
190	7.09128	-21.5189	28.6101	0.799371	0.200629	3.717599	0.517902	0.425248	0.295411	0.146603	0.0784077	0.071638	0.00475812	0	2.564614	1.917423	0.2006286	0.7993714	82.68436
200	5.5387	-24.6409	30.1796	0.282871	0.717129	6.772578	0.510474	0.428724	0.30026	0.141342	0.0780172	0.0717145	0.00476644	0	0.9951892	1.921457	0.7171292	0.2828708	83.45592
210	6.11649	-22.2185	28.335	0.634181	0.365819	4.561543	0.532345	0.434612	0.295804	0.141568	0.0787462	0.0698155	0.00474039	0	2.839757	1.667207	0.3658193	0.6341807	46.4737
220	6.17439	-22.0301	28.2045	0.30675	0.69325	2.133337	0.523341	0.440157	0.29581	0.14008	0.0785006	0.0705019	0.00476271	0	2.970251	1.776724	0.6932499	0.3067501	59.80317
230	7.14127	-22.0558	29.1971	0.142032	0.857968	4.207305	0.524464	0.424816	0.292583	0.140642	0.0779987	0.070932	0.00470266	0	1.977676	1.9326	0.857968	0.142032	85.62491
240	6.27673	-22.5648	28.8416	0.62891	0.37109	5.672554	0.519073	0.423689	0.293344	0.146043	0.0811865	0.070893	0.00468479	0	2.333206	1.803208	0.37109	0.62891	63.56348
250	6.44945	-22.1332	28.5827	0.664869	0.335131	2.633527	0.515637	0.427834	0.302631	0.145136	0.0811166	0.070965	0.00460958	0	2.592068	1.829911	0.3351311	0.6648689	67.59445
260	6.73398	-22.8859	29.6198	0.639338	0.360662	4.484066	0.521962	0.43764	0.302731	0.142771	0.0812238	0.0702579	0.00457199	0	1.554908	1.963833	0.3606615	0.6393385	92.00947
270	6.1293	-20.9609	27.0902	0.732162	0.267838	3.623246	0.512841	0.438569	0.301035	0.140799	0.0786456	0.0719094	0.00457023	0	4.084548	1.731089	0.2678378	0.7321622	53.83805
280	6.68006	-22.9241	29.6042	0.438999	0.561001	5.010014	0.523556	0.43697	0.304874	0.143674	0.0804578	0.070204	0.0047653	0	1.570554	1.916426	0.5610011	0.4389989	82.49469
290	4.62271	-21.709	26.3317	0.460182	0.539818	6.404294	0.526764	0.435701	0.297442	0.144531	0.0807126	0.0699774	0.0046534	0	4.843022	1.774587	0.5398183	0.4601817	59.50963
300	6.575	-19.7436	26.3186	0.462712	0.537288	3.202548	0.527183	0.427905	0.300642	0.140865	0.0807427	0.0723599	0.00469109	0	4.856193	1.998525	0.5372875	0.4627125	99.66097
310	6.51945	-20.6949	27.2143	0.889108	0.110892	2.853106	0.513811	0.431448	0.306261	0.142678	0.0812205	0.0715256	0.00468926	0	3.960444	1.858172	0.1108916	0.8891084	72.13923
320	6.72265	-20.0085	26.7312	0.0169333	0.983067	4.266317	0.51753	0.42853	0.299423	0.141437	0.081113	0.0710774	0.00473101	0	4.443579	1.954129	0.9830667	0.01693334	89.97644
330	5.60318	-22.3578	27.961	0.0487999	0.9512	1.333084	0.519797	0.438929	0.307553	0.143178	0.0810452	0.0711997	0.00465696	0	3.213793	1.798293	0.9512001	0.04879993	62.84821
340	5.32968	-21.518	26.8477	0.208528	0.791472	2.229872	0.529751	0.43757	0.307241	0.142531	0.0815846	0.0707873	0.00474815	0	4.327097	1.530557	0.7914719	0.2085281	33.92787
350	6.14676	-21.7132	27.8599	0.348245	0.651755	4.735369	0.516071	0.424321	0.306037	0.147073	0.0792527	0.0714523	0.00473044	0	3.314845	1.69093	0.6517548	0.3482452	49.08285
360	5.77766	-22.7358	28.5135	0.141516	0.858484	2.239614	0.531108	0.423139	0.302074	0.145365	0.0782435	0.0722617	0.00463985	0	2.661262	1.573957	0.8584835	0.1415165	37.49361
370	6.33201	-21.4639	27.7959	0.275533	0.724467	2.541866	0.527089	0.421194	0.298955	0.141908	0.080121	0.0730656	0.00469236	0	3.378857	1.752532	0.7244671	0.2755329	56.56288
380	5.71232	-24.4889	30.2012	0.184123	0.815877	4.170445	0.536996	0.436762	0.296892	0.144028	0.0818886	0.0719575	0.00455163	0	0.9735736	1.918309	0.8158769	0.1841231	82.85307
390	6.78151	-21.9453	28.7269	0.541497	0.458503	3.435742	0.530868	0.420982	0.295936	0.143479	0.0805801	0.0698103	0.00477333	0	2.447903	1.825237	0.458503	0.541497	66.87091
400	6.01054	-21.567	27.5775	0.986195	0.0138046	4.166136	0.5206	0.429637	0.294124	0.146415	0.080834	0.0731266	0.00476162	0	3.597255	1.681105	0.01380458	0.9861954	47.98495
410	5.68901	-22.0399	27.7289	0.0358323	0.964168	5.58972	0.523407	0.422187	0.293333	0.145136	0.0811339	0.0714967	0.00477147	0	3.44585	1.627839	0.9641677	0.03583226	42.44623
420	3.64189	-19.739	23.3809	0.721555	0.278445	4.172271	0.518965	0.430955	0.303611	0.14678	0.0802341	0.0695098	0.00456454	0	7.793902	1.747154	0.2784455	0.7215545	55.86688
430	6.69631	-22.0771	28.7734	0.404701	0.595299	3.204138	0.512592	0.43652	0.302835	0.144898	0.078475	0.071645	0.00459988	0	2.401361	1.824244	0.5952994	0.4047006	66.71809
440	5.86055	-21.754	27.6146	0.765051	0.234949	2.291727	0.513869	0.427919	0.307654	0.141914	0.0799969	0.0705925	0.00457595	0	3.560189	1.690014	0.2349493	0.7650507	48.97943
450	5.66935	-24.3972	30.0666	0.488714	0.511286	6.493915	0.52313	0.434512	0.301337	0.145203	0.079704	0.0696205	0.00464506	0	1.108176	1.923548	0.5112861	0.4887139	83.85865
460	6.38272	-23.4059	29.7886	0.6301	0.3699	4.262064	0.517557	0.4368	0.301117	0.143695	0.0786668	0.0696675	0.00476228	0	1.386169	1.913301	0.3699004	0.6300996	81.90318
470	5.63563	-22.2771	27.9127	0.156429	0.843571	5.456124	0.527854	0.440158	0.303358	0.142868	0.0789392	0.0696173	0.00468988	0	3.262011	1.614051	0.8435711	0.1564289	41.1198
480	6.70718	-22.0614	28.7686	0.579711	0.420289	5.622311	0.517891	0.440465	0.306919	0.141586	0.0786412	0.0715932	0.00460261	0	2.406205	1.949769	0.4202885	0.5797115	89.07762
490	6.33872	-20.8577	27.1964	0.0179576	0.982042	3.861213	0.530661	0.42624	0.305869	0.146176	0.0794286	0.0730579	0.00459553	0	3.978358	1.728256	0.9820424	0.01795756	53.48796
500	4.14207	-24.7835	28.9255	0.75348	0.24652	0.5684497	0.533711	0.421191	0.30446	0.140638	0.0799605	0.071869	0.00468933	0	2.24921	1.848289	0.2465199	0.7534801	70.51627
510	7.0717	-20.8475	27.9191	0.260292	0.739708	3.664275	0.530821	0.420282	0.293093	0.146169	0.0791636	0.069524	0.00471173	0	3.255608	1.901442	0.7397084	0.2602916	79.69696
520	7.00771	-20.8561	27.8639	0.814767	0.185233	2.942222	0.522573	0.423602	0.30178	0.142285	0.0796527	0.0700803	0.00469762	0	3.310896	1.973375	0.1852327	0.8147673	94.05345
530	6.6074	-19.8218	26.4292	0.107111	0.892889	3.508678	0.522391	0.424488	0.297349	0.145496	0.0807184	0.0697262	0.00468705	0	4.745586	1.956704	0.8928894	0.1071106	90.51157
540	6.28237	-21.6456	27.928	0.213421	0.786579	3.409545	0.528327	0.426479	0.295283	0.146491	0.0797241	0.0705508	0.00472189	0	3.246771	1.642579	0.786579	0.213421	43.91154
550	5.79232	-20.3113	26.1036	0.303614	0.696386	1.793483	0.52079	0.425585	0.301749	0.146041	0.0810729	0.0706327	0.00458535	0	5.071145	1.996978	0.6963857	0.3036143	99.30657
560	6.42895	-21.3423	27.7713	0.51461	0.48539	4.716857	0.529956	0.439043	0.297463	0.146347	0.0785987	0.0731122	0.00466044	0	3.40348	1.795997	0.48539	0.51461	62.5168
570	6.90514	-21.8643	28.7694	0.439588	0.560412	3.619702	0.528378	0.439581	0.298262	0.146677	0.0792053	0.0716406	0.00469938	0	2.405324	1.854162	0.5604119	0.4395881	71.47636
580	5.46841	-24.3149	29.7833	0.405701	0.594299	3.818754	0.534037	0.433885	0.29731	0.14388	0.0790054	0.0718227	0.00456726	0	1.391436	1.648349	0.5942991	0.4057009	44.49889
590	5.87211	-23.6675	29.5396	0.552989	0.447011	2.931944	0.517674	0.425151	0.298	0.145903	0.0800475	0.0718915	0.00464957	0	1.635128	1.788119	0.447011	0.552989	61.39304
600	5.49718	-22.5611	28.0583	0.449606	0.550394	6.959971	0.524787	0.421226	0.296541	0.144419	0.0818185	0.0721474	0.00465728	0	3.116442	1.823801	0.5503938	0.4496062	66.65015
610	6.56965	-22.4985	29.0682	0.00298906	0.997011	3.663722	0.512835	0.428717	0.295872	0.145079	0.0808138	0.0700161	0.00462156	0	2.10657	1.6842	0.9970109	0.002989057	48.32808
620	4.87144	-21.7815	26.6529	0.890758	0.109242	3.638211	0.531916	0.421916	0.302811	0.144243	0.0785438	0.0703707	0.00473482	0	4.521834	1.495675	0.1092417	0.8907583	31.30942
630	6.6849	-22.0401	28.725	0.439987	0.560013	2.861756	0.53275	0.426046	0.302632	0.145125	0.0780688	0.0695622	0.00472909	0	2.449765	1.862775	0.5600131	0.4399869	72.90795
640	6.74978	-20.3418	27.0916	0.876551	0.123449	3.79724	0.514515	0.41983	0.306048	0.145903	0.0800981	0.0697379	0.00457887	0	4.08318	1.91509	0.1234493	0.8765507	82.24136
650	1.33121	-27.3891	28.7203	0.799729	0.200271	6.907067	0.518653	0.426299	0.302138	0.141723	0.0787931	0.0717234	0.00468091	0	2.45443	1.374293	0.2002711	0.7997289	23.67519
660	5.93342	-23.5697	29.5031	0.0798849	0.920115	2.335519	0.526783	0.425801	0.30496	0.142085	0.0788951	0.0698954	0.00458491	0	1.671661	1.939446	0.9201151	0.07988485	86.98538
670	6.00407	-20.0551	26.0592	0.385401	0.614599	3.558188	0.527246	0.441109	0.307486	0.144623	0.0786958	0.0698462	0.0045741	0	5.115585	1.829482	0.6145995	0.3854005	67.52777
680	7.17032	-21.5399	28.7102	0.67448	0.32552	3.462162	0.535899	0.427717	0.301414	0.140038	0.0790731	0.0702819	0.00464646	0	2.464558	1.973207	0.3255201	0.6744799	94.01712
690	4.35973	-25.4698	29.8296	0.504742	0.495258	8.662062	0.526332	0.422161	0.293	0.142628	0.0799628	0.0695189	0.00465588	0	1.3452	1.880893	0.4952584	0.5047416	76.0139
700	6.99789	-21.2133	28.2112	0.567159	0.432841	4.971531	0.523347	0.434103	0.298383	0.141573	0.0800017	0.0698457	0.00463701	0	2.963593	1.954878	0.4328411	0.5671589	90.13184
710	5.15007	-19.926	25.0761	0.404646	0.595354	2.409721	0.517103	0.430818	0.294617	0.141658	0.0793096	0.0711624	0.00456147	0	6.098645	1.797032	0.5953536	0.4046464	62.66594
720	7.19021	-20.9948	28.1851	0.255378	0.744622	3.895508	0.518636	0.430401	0.295043	0.142797	0.0807431	0.0726683	0.00460998	0	2.989701	1.931035	0.7446216	0.2553784	85.31681
730	4.5525	-20.1589	24.7114	0.303616	0.696384	3.485686	0.518738	0.432688	0.296849	0.142447	0.0809785	0.0709815	0.00458799	0	6.4634	1.653878	0.6963842	0.3036158	45.06904
740	6.61099	-21.7578	28.3688	0.710648	0.289352	5.70398	0.532651	0.434731	0.305606	0.143183	0.0785177	0.0705695	0.00462276	0	2.805958	1.963305	0.2893521	0.7106479	91.8977
750	5.83472	-22.3829	28.2177	0.463909	0.536091	2.482276	0.521017	0.438349	0.299552	0.143395	0.0788277	0.0719447	0.00455171	0	2.957091	1.618897	0.5360909	0.4639091	41.58124
760	4.78543	-19.5137	24.2991	0.765203	0.234797	1.961181	0.519216	0.433415	0.29973	0.141165	0.078425	0.0715401	0.00458465	0	6.875657	1.978212	0.2347973	0.7652027	95.107
770	6.66225	-20.5914	27.2537	0.184426	0.815574	3.789174	0.522014	0.437789	0.297346	0.144345	0.0792732	0.0726448	0.00465959	0	3.921082	1.833877	0.815574	0.184426	68.21456
780	6.18794	-21.3455	27.5334	0.656237	0.343763	3.08306	0.515703	0.430862	0.292615	0.144608	0.0780969	0.0711163	0.0046404	0	3.641362	1.704768	0.3437628	0.6562372	50.67202
790	6.43369	-22.2307	28.6644	0.966945	0.0330553	5.157536	0.530566	0.423821	0.298546	0.146485	0.0801258	0.071261	0.00469273	0	2.510332	1.817743	0.03305531	0.9669447	65.72687
800	0.728064	-24.6721	25.4001	0.674563	0.325437	2.609119	0.536596	0.430329	0.298199	0.145803	0.0815899	0.0695749	0.00469865	0	5.774613	0.9421379	0.3254373	0.6745627	8.752617
810	5.96152	-21.1816	27.1431	0.339468	0.660532	1.551295	0.530285	0.432016	0.299764	0.14566	0.0798395	0.0711778	0.00464508	0	4.031679	1.969359	0.6605317	0.3394683	93.18788
820	0.67279	-25.576	26.2488	0.0585339	0.941466	11.71293	0.5334	0.425047	0.303996	0.142976	0.081012	0.0696482	0.00458696	0	4.925922	1.878079	0.9414661	0.05853393	75.52291
830	4.73437	-19.7325	24.4669	0.79841	0.20159	3.960534	0.533259	0.423533	0.295772	0.14152	0.0782885	0.0697846	0.00456399	0	6.707905	1.799526	0.2015898	0.7984102	63.02689
840	2.62362	-21.3504	23.974	0.0721661	0.927834	0.6171661	0.532184	0.429242	0.305241	0.141548	0.0778736	0.0702883	0.00458396	0	7.200723	1.412681	0.9278339	0.0721661	25.86311
850	4.332	-20.8483	25.1803	0.304979	0.695021	1.417532	0.523674	0.425756	0.301168	0.146849	0.0792269	0.0708361	0.00457368	0	5.99444	1.624025	0.6950215	0.3049785	42.0751
860	6.28411	-22.28	28.5641	0.179424	0.820576	5.898816	0.53628	0.428422	0.294395	0.147159	0.0791568	0.0702119	0.00459182	0	2.610656	1.809282	0.8205758	0.1794242	64.45879
870	4.21553	-20.5005	24.716	0.462015	0.537985	5.846667	0.52674	0.433005	0.296345	0.141723	0.0804113	0.0697177	0.0046525	0	6.458766	1.9395	0.5379848	0.4620152	86.99611
880	6.03907	-23.4915	29.5306	0.98226	0.01774	5.82546	0.520364	0.428472	0.295298	0.143903	0.0802013	0.0697596	0.00458641	0	1.644157	1.854445	0.01774003	0.98226	71.52296
890	5.96915	-21.4858	27.455	0.178049	0.821951	4.731821	0.511485	0.425885	0.300386	0.145593	0.0807193	0.069494	0.00472004	0	3.719802	1.66154	0.8219508	0.1780492	45.87117
900	6.24776	-21.81	28.0578	0.770748	0.229252	4.534104	0.526407	0.434638	0.305816	0.143531	0.080282	0.0696474	0.00464909	0	3.116985	1.72316	0.229252	0.770748	52.86401
910	6.97516	-21.6346	28.6097	0.0958416	0.904158	3.317857	0.522512	0.434181	0.296648	0.142309	0.0802738	0.0731082	0.00471074	0	2.565038	1.855641	0.9041584	0.09584159	71.72019
920	7.10318	-20.9661	28.0693	0.449843	0.550157	4.982625	0.519183	0.424813	0.297283	0.143443	0.0804363	0.0710302	0.0046954	0	3.10546	1.994058	0.5501575	0.4498425	98.64108
930	5.53945	-22.0509	27.5904	0.404337	0.595663	1.727609	0.516829	0.430313	0.300745	0.146735	0.0786986	0.0701806	0.0046151	0	3.584405	1.662627	0.5956626	0.4043374	45.98614
940	6.15106	-22.2358	28.3868	0.333518	0.666482	1.883957	0.515579	0.422013	0.297867	0.144568	0.0782599	0.0719235	0.00465792	0	2.787928	1.887149	0.6664817	0.3335183	77.11679
950	6.17954	-20.3639	26.5434	0.67219	0.32781	4.381378	0.516533	0.420264	0.297566	0.142169	0.0782176	0.0723449	0.00473829	0	4.631368	1.848349	0.3278101	0.6721899	70.52591
960	6.78966	-22.4874	29.277	0.0672134	0.932787	4.155795	0.528704	0.430062	0.298434	0.139956	0.0787051	0.0725135	0.0047635	0	1.897712	1.78378	0.9327866	0.06721335	60.7827
970	5.97158	-19.871	25.8426	0.572558	0.427442	3.873557	0.537055	0.437048	0.29955	0.14197	0.0794498	0.0729859	0.00458856	0	5.332191	1.877314	0.4274424	0.5725576	75.39004
980	6.69841	-20.3287	27.0271	0.649579	0.350421	3.291799	0.515184	0.439366	0.301371	0.142455	0.0808015	0.0708314	0.00459081	0	4.147634	1.910514	0.350421	0.649579	81.37939
990	6.01706	-23.3075	29.3246	0.132442	0.867558	7.315841	0.514709	0.42296	0.299668	0.143366	0.0815635	0.0730378	0.00463855	0	1.85017	1.915164	0.8675577	0.1324423	82.25535
1000	5.85987	-21.3502	27.2101	0.684625	0.315375	3.418842	0.518445	0.427285	0.297036	0.144662	0.0805052	0.0729979	0.00463395	0	3.964646	1.64226	0.3153751	0.6846249	43.87934
1010	6.84555	-22.204	29.0495	0.974007	0.0259931	3.839802	0.536877	0.430835	0.296716	0.147168	0.0783777	0.0719675	0.00472549	0	2.125209	1.890287	0.02599312	0.9740069	77.67596
1020	6.05798	-19.5777	25.6357	0.817487	0.182513	4.32459	0.535206	0.428607	0.297288	0.143728	0.0779244	0.069956	0.00476115	0	5.539099	1.978721	0.1825127	0.8174873	95.21853
1030	6.58134	-21.1762	27.7575	0.0949948	0.905005	4.477733	0.535278	0.427603	0.296632	0.142505	0.0788294	0.0698528	0.00462631	0	3.41722	1.776607	0.9050052	0.0949948	59.787
1040	5.91993	-23.7008	29.6207	0.143443	0.856557	5.955739	0.536516	0.440056	0.296672	0.142605	0.0801313	0.0703909	0.00472759	0	1.554019	1.728507	0.8565573	0.1434427	53.51883
1050	6.55472	-23.0303	29.585	0.587642	0.412358	5.155527	0.531997	0.441049	0.295208	0.14218	0.0813096	0.0719142	0.00462091	0	1.589751	1.909743	0.4123584	0.5876416	81.23504
1060	6.64618	-21.1129	27.7591	0.0336949	0.966305	2.514577	0.530603	0.425178	0.299656	0.143168	0.0816331	0.0728014	0.00475488	0	3.41564	1.868506	0.9663051	0.03369495	73.87646
1070	5.52669	-19.6354	25.1621	0.91432	0.0856802	3.357464	0.523847	0.428403	0.293266	0.145126	0.0784582	0.0702766	0.00476283	0	6.012687	1.85285	0.08568017	0.9143198	71.26061
1080	6.26682	-20.8295	27.0963	0.153738	0.846262	4.610956	0.512576	0.422861	0.294034	0.14688	0.0795252	0.0696953	0.00474697	0	4.078488	1.784427	0.8462621	0.1537379	60.87332
1090	5.55197	-23.6778	29.2298	0.840998	0.159002	1.677011	0.513126	0.439655	0.298371	0.140173	0.078486	0.0702249	0.00473975	0	1.944985	1.994397	0.1590021	0.8409979	98.71816
1100	5.03419	-20.4926	25.5268	0.998296	0.00170438	2.263407	0.511293	0.435443	0.303287	0.142575	0.0804406	0.07034	0.00460181	0	5.647921	1.693912	0.001704379	0.9982956	49.42101
1110	5.74958	-20.3426	26.0922	0.96751	0.0324903	5.021287	0.510511	0.435846	0.306787	0.140862	0.0805901	0.0697674	0.00461638	0	5.082583	1.906768	0.03249026	0.9675097	80.6804
1120	5.48467	-24.0272	29.5118	0.36606	0.63394	8.368647	0.516548	0.43989	0.302368	0.145037	0.0809568	0.0705139	0.00470561	0	1.662927	1.978498	0.6339403	0.3660597	95.16952
1130	3.72669	-20.5519	24.2786	0.591046	0.408954	2.034742	0.51391	0.433482	0.30255	0.142788	0.0803304	0.07287	0.00470917	0	6.896148	1.534805	0.408954	0.591046	34.26143
1140	6.14325	-21.1864	27.3297	0.987569	0.0124313	4.997188	0.522965	0.437477	0.293229	0.140388	0.0805213	0.0728141	0.00477991	0	3.845105	1.806892	0.01243128	0.9875687	64.10497
1150	4.58709	-22.8374	27.4245	0.02567	0.97433	0.7006362	0.510535	0.43043	0.300814	0.145561	0.0817999	0.0711805	0.00468231	0	3.750278	1.570358	0.97433	0.02567004	37.18415
1160	4.88682	-23.5856	28.4725	0.00563203	0.994368	6.435749	0.515937	0.428815	0.296496	0.141068	0.0810759	0.0700388	0.00462497	0	2.702291	1.56103	0.994368	0.005632031	36.39399
1170	7.01958	-20.3112	27.3308	0.209817	0.790183	3.170508	0.52216	0.42125	0.301121	0.145927	0.080554	0.0699176	0.00466928	0	3.843939	1.990143	0.7901829	0.2098171	97.75601
1180	5.53706	-23.5515	29.0885	0.345196	0.654804	5.158835	0.52397	0.421319	0.299671	0.143941	0.0816881	0.0699298	0.00467177	0	2.086222	1.578423	0.6548041	0.3451959	37.88113
1190	5.59464	-21.9152	27.5098	0.550616	0.449384	6.224024	0.529121	0.432615	0.297137	0.142907	0.0782332	0.0701456	0.00471514	0	3.664922	1.819396	0.4493839	0.5506161	65.97759
1200	4.42472	-22.1688	26.5935	0.228277	0.771723	1.291089	0.521078	0.424249	0.303817	0.146927	0.0778881	0.0728044	0.00458911	0	4.581211	1.433121	0.7717232	0.2282768	27.10948
1210	4.95235	-21.9723	26.9247	0.675892	0.324108	6.602869	0.523037	0.428789	0.307473	0.145422	0.0811618	0.0696459	0.00457634	0	4.250093	1.863799	0.3241078	0.6758922	73.08015
1220	4.63134	-20.5305	25.1619	0.823084	0.176916	2.484466	0.528514	0.438834	0.307134	0.145743	0.0807357	0.0709718	0.00461102	0	6.012886	1.617862	0.1769156	0.8230844	41.48221
1230	7.11489	-21.427	28.5419	0.856853	0.143147	4.578882	0.525908	0.435415	0.301517	0.145459	0.0783901	0.0704649	0.00457579	0	2.63283	1.954203	0.1431466	0.8568534	89.99187
1240	4.90798	-21.8526	26.7606	0.548557	0.451443	1.070849	0.515316	0.427516	0.301276	0.14004	0.0794686	0.0697465	0.00454599	0	4.414189	1.699177	0.4514429	0.5485571	50.02379
1250	4.82836	-25.3195	30.1478	0.362499	0.637501	3.724618	0.522941	0.44035	0.304409	0.141781	0.0818206	0.0703922	0.00474479	0	1.026946	1.662346	0.6375012	0.3624988	45.95645
1260	5.12017	-24.2392	29.3594	0.541666	0.458334	2.465027	0.518221	0.441191	0.306291	0.142569	0.0801649	0.0714279	0.00459547	0	1.815345	1.574758	0.4583344	0.5416656	37.56281
1270	4.73529	-25.5859	30.3212	0.139955	0.860045	8.138201	0.511214	0.434678	0.299863	0.141056	0.0797778	0.0727307	0.00462499	0	0.8535742	1.9622	0.8600448	0.1399552	91.66422
1280	5.62991	-21.6375	27.2674	0.259884	0.740116	5.464514	0.511898	0.435981	0.299285	0.141998	0.078758	0.0730168	0.00460409	0	3.907337	1.711521	0.7401161	0.2598839	51.46606
1290	4.64984	-24.0707	28.7205	0.769811	0.230189	7.943773	0.529765	0.426073	0.304972	0.142847	0.0779696	0.0721071	0.0045569	0	2.454253	1.778268	0.2301895	0.7698105	60.01617
1300	3.48453	-23.6385	27.123	0.989045	0.0109551	4.363788	0.536286	0.423078	0.292726	0.146169	0.0784325	0.0728201	0.0046978	0	4.051721	1.325639	0.01095506	0.9890449	21.16603
1310	4.34053	-20.3393	24.6798	0.837627	0.162373	3.428057	0.532432	0.431075	0.295052	0.146963	0.0780709	0.0719313	0.00463588	0	6.494929	1.622883	0.1623728	0.8376272	41.96458
1320	7.06865	-21.2624	28.3311	0.100553	0.899447	4.574169	0.531965	0.430661	0.293587	0.143225	0.079668	0.0718018	0.00457261	0	2.843681	1.900985	0.8994475	0.1005525	79.61311
1330	4.561	-21.0498	25.6108	0.680123	0.319877	5.820554	0.53601	0.428764	0.304613	0.146669	0.0782138	0.072151	0.00466361	0	5.563967	1.836274	0.3198767	0.6801233	68.59201
1340	4.68655	-24.6506	29.3372	0.999876	0.000124224	2.865571	0.535079	0.422344	0.301684	0.145714	0.0782536	0.0723158	0.00454602	0	1.837582	1.527836	0.0001242235	0.9998758	33.716
1350	7.0041	-20.7371	27.7412	0.840604	0.159396	3.303107	0.511683	0.434685	0.294398	0.145432	0.0812776	0.070876	0.00463609	0	3.433564	1.938718	0.1593956	0.8406044	86.83968
1360	6.38136	-22.1587	28.5401	0.811334	0.188666	5.871724	0.5269	0.431292	0.304183	0.144163	0.0812586	0.069616	0.00475254	0	2.634674	1.886534	0.1886664	0.8113336	77.00769
1370	4.25889	-25.0614	29.3203	0.946818	0.0531819	9.739073	0.522128	0.423168	0.304185	0.141767	0.080359	0.0720567	0.00477479	0	1.854424	1.943996	0.0531819	0.9468181	87.90149
1380	5.26389	-19.8766	25.1405	0.622936	0.377064	3.563925	0.535626	0.432416	0.303778	0.145591	0.0807378	0.0717367	0.0047341	0	6.034234	1.775565	0.3770639	0.6229361	59.64371
1390	7.34315	-20.9324	28.2755	0.947085	0.0529152	4.031692	0.533547	0.437837	0.305335	0.144156	0.080657	0.0720977	0.00470094	0	2.899213	1.998231	0.05291524	0.9470848	99.59354
1400	7.10826	-21.6325	28.7407	0.777906	0.222094	3.800571	0.51399	0.432938	0.294193	0.143224	0.0797889	0.0714991	0.00461779	0	2.434039	1.935966	0.2220936	0.7779064	86.29107
1410	5.77768	-22.4033	28.181	0.00873026	0.99127	3.089993	0.525595	0.435007	0.296406	0.140344	0.0807766	0.0715226	0.00462423	0	2.993805	1.449543	0.9912697	0.008730257	28.15419
1420	5.03319	-24.1327	29.1659	0.93181	0.0681902	4.423313	0.518951	0.434974	0.293477	0.142573	0.0812632	0.0695606	0.00477178	0	2.008837	1.537292	0.06819017	0.9318098	34.45815
1430	5.44394	-20.4366	25.8805	0.876621	0.123379	5.460188	0.536379	0.436719	0.299816	0.140438	0.0805157	0.0711494	0.00462886	0	5.294262	1.95228	0.1233795	0.8766205	89.59415
1440	4.26697	-25.6015	29.8685	0.142206	0.857794	5.263607	0.513707	0.435556	0.298727	0.143014	0.0806759	0.0713504	0.00465369	0	1.306253	1.473981	0.8577938	0.1422062	29.78388
1450	6.93156	-21.6583	28.5899	0.681342	0.318658	5.413836	0.513623	0.434631	0.296821	0.140319	0.0790998	0.0710506	0.00476553	0	2.584883	1.97788	0.3186583	0.6813417	95.03418
1460	4.52898	-23.9747	28.5037	0.104413	0.895587	1.341008	0.533635	0.424427	0.299258	0.140347	0.0803177	0.070085	0.00459095	0	2.671066	1.325916	0.8955872	0.1044128	21.17953
1470	5.32257	-21.4615	26.7841	0.774521	0.225479	4.89001	0.530193	0.426361	0.300901	0.143203	0.0812823	0.0699699	0.00466966	0	4.390677	1.654261	0.2254786	0.7745214	45.10874
1480	6.68905	-20.8317	27.5207	0.150651	0.849349	2.801667	0.533454	0.440573	0.301941	0.141555	0.0785992	0.0705726	0.00466804	0	3.654029	1.867192	0.849349	0.150651	73.65332
1490	5.32439	-22.1857	27.51	0.421152	0.578848	1.443123	0.536382	0.438435	0.307297	0.141033	0.0812205	0.0703315	0.00477034	0	3.664712	1.656756	0.5788476	0.4211524	45.36867
1500	6.18715	-23.8572	30.0444	0.19222	0.80778	6.11552	0.531006	0.421036	0.297183	0.144896	0.0810607	0.0703275	0.0047074	0	1.130388	1.966524	0.8077799	0.1922201	92.58143
1510	6.78318	-21.4533	28.2365	0.887168	0.112832	4.26983	0.532322	0.430579	0.300195	0.145465	0.0812346	0.0729514	0.00469098	0	2.938241	1.840038	0.1128317	0.8871683	69.18916
1520	5.30442	-21.7127	27.0171	0.981769	0.0182308	3.123521	0.517996	0.425764	0.304581	0.142598	0.0812656	0.073022	0.00458539	0	4.157629	1.553376	0.01823082	0.9817692	35.7582
1530	6.40008	-21.9873	28.3874	0.00666073	0.993339	2.498157	0.522169	0.423852	0.307432	0.142314	0.0805695	0.0724609	0.00455925	0	2.787405	1.744236	0.9933393	0.006660732	55.49268
1540	5.38944	-23.5524	28.9418	0.79631	0.20369	1.850097	0.530917	0.420666	0.298827	0.143075	0.0805627	0.0726266	0.00461671	0	2.232955	1.730015	0.2036898	0.7963102	53.70498
1550	4.74135	-22.3064	27.0478	0.570499	0.429501	0.5715523	0.523254	0.422772	0.307499	0.141523	0.0794892	0.0723049	0.00459067	0	4.126993	1.832509	0.4295006	0.5704994	67.99997
1560	5.3274	-23.1312	28.4586	0.488182	0.511818	6.463888	0.529093	0.420494	0.294028	0.14676	0.0794244	0.0709161	0.00466079	0	2.71617	1.683838	0.5118178	0.4881822	48.28781
1570	5.77079	-20.1872	25.958	0.377067	0.622933	1.891477	0.520053	0.424938	0.295381	0.146083	0.0807955	0.0717909	0.00458502	0	5.21679	1.98662	0.6229327	0.3770673	96.9662
1580	6.10053	-21.1154	27.216	0.922011	0.0779892	3.373971	0.5178	0.424288	0.294577	0.143645	0.0800112	0.0725953	0.00463137	0	3.958798	1.713548	0.07798921	0.9220108	51.70685
1590	6.07535	-23.0098	29.0851	0.869105	0.130895	4.17818	0.523784	0.420579	0.293248	0.140925	0.080387	0.073124	0.0047651	0	2.089619	1.690537	0.130895	0.869105	49.03848
1600	6.55612	-20.705	27.2612	0.71317	0.28683	2.544455	0.535412	0.424175	0.30442	0.141081	0.0806075	0.0721092	0.00456652	0	3.913596	1.921224	0.2868301	0.7131699	83.41114
1610	6.52361	-20.9056	27.4292	0.898467	0.101533	4.773964	0.533953	0.420975	0.305508	0.140876	0.0810302	0.0715336	0.00470576	0	3.745577	1.872503	0.101533	0.898467	74.55957
1620	4.84978	-19.6575	24.5073	0.400517	0.599483	2.728505	0.529207	0.426794	0.302638	0.141672	0.0807867	0.0718978	0.0047678	0	6.667496	1.780556	0.5994829	0.4005171	60.33315
1630	5.23109	-22.5307	27.7618	0.385122	0.614878	1.980611	0.513833	0.423804	0.305046	0.144341	0.0811671	0.0710074	0.00463178	0	3.412954	1.495187	0.6148781	0.3851219	31.27424
1640	4.93675	-23.2805	28.2173	0.268863	0.731137	0.9760905	0.526537	0.431078	0.304263	0.145001	0.0810877	0.0697279	0.0047682	0	2.957498	1.685322	0.7311375	0.2688625	48.4531
1650	6.22775	-21.1891	27.4168	0.478566	0.521434	1.960938	0.531247	0.426547	0.295279	0.144277	0.0810779	0.0696714	0.00474607	0	3.757914	1.895384	0.5214339	0.4785661	78.59294
1660	5.83043	-21.1284	26.9588	0.339084	0.660916	2.560603	0.526112	0.441359	0.302322	0.143999	0.0797785	0.0696095	0.00469015	0	4.215928	1.662624	0.6609157	0.3390843	45.98585
1670	5.2271	-23.6095	28.8366	0.251909	0.748091	7.067462	0.5162	0.440774	0.303502	0.144315	0.0816157	0.0704621	0.00467519	0	2.338193	1.706828	0.7480912	0.2519088	50.91295
1680	5.52793	-20.2248	25.7528	0.414906	0.585094	3.260939	0.511826	0.435647	0.295808	0.147111	0.0814191	0.0696682	0.00454525	0	5.422004	1.738934	0.5850935	0.4149065	54.8194
1690	4.21871	-25.6791	29.8978	0.0165276	0.983472	8.293496	0.521917	0.437128	0.298901	0.14438	0.0781745	0.0705766	0.00460559	0	1.276965	1.792129	0.9834724	0.01652762	61.9625
1700	5.73485	-20.0801	25.815	0.676437	0.323563	2.136957	0.526458	0.435721	0.298764	0.142144	0.0801242	0.0729411	0.00469844	0	5.3598	1.915467	0.3235629	0.6764371	82.31273
1710	5.6746	-20.3504	26.025	0.702988	0.297012	3.344213	0.53158	0.421106	0.301283	0.144961	0.0801422	0.0708857	0.00455661	0	5.149796	1.745768	0.2970117	0.7029883	55.6888
1720	6.09938	-20.17	26.2694	0.0803243	0.919676	4.689883	0.520404	0.424531	0.305442	0.142562	0.0816166	0.0700314	0.00467101	0	4.905356	1.894532	0.9196757	0.08032428	78.43898
1730	6.3688	-21.7537	28.1225	0.146764	0.853236	3.587889	0.523515	0.431803	0.303143	0.146565	0.080782	0.070136	0.00473079	0	3.052306	1.6412	0.8532356	0.1467644	43.77231
1740	6.99613	-21.2889	28.2851	0.184172	0.815828	3.111502	0.535199	0.422088	0.303111	0.144769	0.0787909	0.0707959	0.00464514	0	2.889687	1.903925	0.8158282	0.1841718	80.154
1750	4.86324	-23.6544	28.5177	0.363153	0.636847	6.346494	0.525891	0.421736	0.302282	0.145397	0.0808576	0.0702463	0.00457713	0	2.657064	1.595302	0.6368472	0.3631528	39.38238
1760	5.24366	-22.9787	28.2223	0.387995	0.612005	1.499399	0.536506	0.433393	0.293395	0.140716	0.0791505	0.0722851	0.00472931	0	2.952429	1.609074	0.6120048	0.3879952	40.65128
1770	5.90728	-21.8487	27.756	0.915559	0.0844413	4.725839	0.522429	0.437891	0.293416	0.143807	0.078258	0.0723946	0.00464533	0	3.418745	1.690213	0.08444134	0.9155587	49.0019
1780	6.31643	-21.9166	28.2331	0.979388	0.0206122	3.14024	0.524829	0.424407	0.293695	0.143531	0.0809694	0.0711876	0.00473363	0	2.941698	1.725194	0.02061216	0.9793878	53.11212
1790	5.38547	-19.7049	25.0903	0.121306	0.878694	4.73006	0.535062	0.432096	0.299923	0.141476	0.0816024	0.0709497	0.00471395	0	6.084408	1.932455	0.8786938	0.1213062	85.59626
1800	6.18811	-21.2212	27.4093	0.103326	0.896674	2.279386	0.536155	0.44134	0.298494	0.145342	0.0816858	0.0728228	0.00477	0	3.765482	1.753896	0.8966738	0.1033262	56.74083
1810	5.29996	-19.6443	24.9443	0.485367	0.514633	4.228786	0.535798	0.436973	0.300797	0.145785	0.0817949	0.0722908	0.00476416	0	6.230454	1.871583	0.5146331	0.4853669	74.40165
1820	4.0351	-23.2775	27.3126	0.994885	0.0051149	3.300981	0.535771	0.436695	0.300184	0.143415	0.0799757	0.0713746	0.00477895	0	3.86216	1.321411	0.0051149	0.9948851	20.96095
1830	6.89016	-19.9907	26.8809	0.412563	0.587437	3.943748	0.528827	0.436077	0.3014	0.144891	0.0805163	0.0712281	0.00455278	0	4.293876	1.995214	0.5874373	0.4125627	98.90398
1840	7.11383	-22.0059	29.1197	0.632382	0.367618	4.366017	0.528355	0.436581	0.303916	0.146869	0.0811225	0.0699871	0.00457737	0	2.055035	1.967176	0.3676176	0.6323824	92.72055
1850	5.58223	-23.8336	29.4158	0.382127	0.617873	6.759947	0.528088	0.433293	0.307794	0.144645	0.0813607	0.0711802	0.00462114	0	1.758923	1.77412	0.6178729	0.3821271	59.4456
1860	6.53504	-22.1452	28.6802	0.198139	0.801861	2.766241	0.520159	0.437472	0.307289	0.146859	0.080147	0.0717496	0.00468134	0	2.494558	1.789683	0.8018609	0.1981391	61.61453
1870	4.64524	-22.3713	27.0165	0.909127	0.0908735	1.765604	0.510573	0.439222	0.307045	0.144526	0.0782229	0.071855	0.00470911	0	4.158245	1.467023	0.09087346	0.9091265	29.31046
1880	6.0252	-22.8253	28.8505	0.0877863	0.912214	7.024182	0.528758	0.428956	0.296588	0.146029	0.081316	0.0714943	0.00463636	0	2.324234	1.890329	0.9122137	0.08778627	77.68346
1890	3.04985	-23.6856	26.7354	0.972602	0.0273984	9.120772	0.530663	0.439582	0.298539	0.141076	0.0788072	0.0703161	0.00462429	0	4.439308	1.791141	0.02739844	0.9726016	61.82174
1900	5.61837	-21.5204	27.1387	0.784617	0.215383	3.726156	0.526652	0.424195	0.294189	0.147134	0.081883	0.0708955	0.00456258	0	4.036026	1.610313	0.2153827	0.7846173	40.76737
1910	6.3897	-22.9501	29.3398	0.200272	0.799728	2.691838	0.517491	0.430604	0.293844	0.144828	0.0804177	0.0699992	0.00460472	0	1.834932	1.933752	0.7997277	0.2002723	85.85224
1920	7.08383	-21.001	28.0848	0.851667	0.148333	4.700844	0.519398	0.436079	0.302668	0.143509	0.0787681	0.0696378	0.00464928	0	3.089931	1.965931	0.1483335	0.8516665	92.4551
1930	4.60047	-19.9436	24.5441	0.390777	0.609223	3.71342	0.521038	0.432613	0.297725	0.143019	0.0817279	0.0718241	0.00467332	0	6.630688	1.709805	0.6092232	0.3907768	51.26317
1940	6.80174	-21.1335	27.9352	0.460508	0.539492	2.870618	0.530638	0.439774	0.297443	0.142569	0.0818831	0.0720783	0.00464636	0	3.239544	1.889528	0.5394915	0.4605085	77.54037
1950	1.00259	-26.1565	27.1591	0.925777	0.0742233	6.805522	0.530292	0.441705	0.300142	0.14025	0.0815769	0.0706584	0.00460526	0	4.015669	1.345289	0.07422326	0.9257767	22.14568
1960	6.72681	-20.898	27.6248	0.502756	0.497244	4.806517	0.529003	0.435538	0.294443	0.142035	0.0811975	0.0699798	0.00474592	0	3.549954	1.894511	0.497244	0.502756	78.4352
1970	6.32688	-22.8953	29.2222	0.763203	0.236797	3.419438	0.529008	0.439129	0.304055	0.140785	0.07936	0.0705158	0.00475765	0	1.952543	1.781707	0.2367969	0.7632031	60.49323
1980	5.88845	-22.4343	28.3227	0.0833586	0.916641	2.273859	0.533724	0.441178	0.304346	0.140852	0.0786595	0.0726652	0.00470156	0	2.85201	1.578716	0.9166414	0.08335857	37.90671
1990	6.13458	-22.6274	28.762	0.043918	0.956082	3.515356	0.526713	0.436772	0.293562	0.140387	0.0787433	0.0726024	0.00459082	0	2.412745	1.547215	0.956082	0.04391797	35.2545
2000	7.02736	-21.4046	28.4319	0.211041	0.788959	4.948753	0.515515	0.438095	0.302515	0.143341	0.0796566	0.0723898	0.00454369	0	2.742818	1.938713	0.7889588	0.2110412	86.83868
2010	6.68789	-21.9334	28.6213	0.942689	0.0573109	2.945672	0.521594	0.440253	0.293642	0.143881	0.0813799	0.0720366	0.00467594	0	2.553474	1.871239	0.05731091	0.9426891	74.34288
2020	5.755	-24.0987	29.8537	0.340372	0.659628	4.216416	0.524023	0.438447	0.300206	0.14667	0.0798625	0.0719803	0.00459577	0	1.32104	1.718909	0.6596275	0.3403725	52.34913
2030	6.778	-21.7192	28.4972	0.024311	0.975689	3.354082	0.531762	0.424368	0.30043	0.144863	0.0797069	0.0704984	0.0045775	0	2.677578	1.766539	0.975689	0.02431095	58.41696
2040	6.31798	-22.6311	28.9491	0.665888	0.334112	4.113558	0.521814	0.423428	0.293289	0.147205	0.0807329	0.069496	0.00460565	0	2.225672	1.722945	0.334112	0.665888	52.83779
2050	7.18502	-22.15	29.335	0.0519432	0.948057	4.804783	0.518623	0.441676	0.30624	0.141607	0.0817106	0.0702011	0.00458806	0	1.839772	1.985836	0.9480568	0.05194316	96.79112
2060	7.12739	-21.12	28.2474	0.924758	0.0752423	4.212199	0.518075	0.430085	0.300319	0.146975	0.0789283	0.0715696	0.00459765	0	2.927318	1.942398	0.07524227	0.9247577	87.57851
2070	6.22733	-22.4548	28.6821	0.825508	0.174492	5.787555	0.513032	0.428241	0.307414	0.141355	0.0780007	0.0722766	0.00460052	0	2.492631	1.840473	0.1744923	0.8255077	69.25847
2080	6.35949	-21.6256	27.9851	0.919399	0.0806008	5.664679	0.521582	0.421598	0.305515	0.140512	0.0787108	0.0709679	0.00475264	0	3.189704	1.904033	0.08060081	0.9193992	80.17394
2090	6.03621	-23.5964	29.6326	0.524092	0.475908	4.088239	0.514548	0.427253	0.295205	0.140705	0.0813416	0.0699773	0.00472575	0	1.542111	1.740977	0.4759085	0.5240915	55.07781
2100	4.31007	-24.9854	29.2955	0.531412	0.468588	6.11908	0.510783	0.431146	0.304094	0.144986	0.0816873	0.0729653	0.00467826	0	1.879265	1.541654	0.468588	0.531412	34.80603
2110	6.11902	-21.9561	28.0751	0.372856	0.627144	3.738422	0.515956	0.423963	0.295474	0.139943	0.080353	0.0718932	0.00459827	0	3.099621	1.621094	0.6271441	0.3728559	41.79213
2120	5.88187	-19.8447	25.7266	0.369755	0.630245	3.592058	0.527268	0.423398	0.292747	0.142133	0.0783218	0.0723913	0.00463547	0	5.448181	1.851607	0.6302454	0.3697546	71.05695
2130	4.48506	-23.5234	28.0085	0.475049	0.524951	9.031064	0.520029	0.424628	0.294962	0.140194	0.0810933	0.0720679	0.00461945	0	3.16629	1.956965	0.5249514	0.4750486	90.56605
2140	5.45142	-24.8192	30.2706	0.363907	0.636093	6.419249	0.537104	0.440613	0.295299	0.140849	0.0779096	0.0712885	0.00459868	0	0.90415	1.950482	0.6360931	0.3639069	89.22405
2150	5.11102	-19.2337	24.3447	0.390451	0.609549	2.912707	0.527557	0.434045	0.299248	0.142936	0.0783358	0.0708712	0.0046875	0	6.830078	1.931557	0.6095493	0.3904507	85.41948
2160	7.05705	-22.2347	29.2917	0.504032	0.495968	4.918438	0.523772	0.441254	0.299586	0.142242	0.0795575	0.0717887	0.0047684	0	1.883052	1.978034	0.4959681	0.5040319	95.06798
2170	2.84112	-26.6079	29.4491	0.542704	0.457296	1.981951	0.528657	0.436585	0.304935	0.146569	0.0787843	0.0719894	0.00463492	0	1.725698	1.177298	0.4572956	0.5427044	15.04173
2180	6.99693	-20.9344	27.9314	0.786575	0.213425	3.343799	0.522769	0.435375	0.293068	0.14617	0.0780124	0.0721235	0.00471001	0	3.243378	1.914071	0.2134251	0.7865749	82.04848
2190	7.02493	-21.8402	28.8652	0.112187	0.887813	4.166267	0.513138	0.429619	0.294887	0.141051	0.07859	0.0702289	0.00471972	0	2.309574	1.843121	0.8878129	0.1121871	69.68214
2200	6.11091	-20.4969	26.6079	0.795248	0.204752	4.575898	0.520323	0.424472	0.296178	0.139953	0.0787538	0.0716326	0.00471791	0	4.566902	1.844261	0.2047521	0.7952479	69.86518
2210	6.99797	-21.795	28.793	0.723187	0.276813	4.344763	0.513453	0.426514	0.297984	0.140844	0.0791828	0.0709958	0.0047513	0	2.381796	1.892784	0.2768134	0.7231866	78.12395
2220	6.71936	-22.1089	28.8283	0.0691424	0.930858	2.519528	0.518981	0.424566	0.299755	0.1405	0.07801	0.0722763	0.0045594	0	2.346482	1.984335	0.9308576	0.06914238	96.45729
2230	3.6787	-24.5889	28.2676	0.452877	0.547123	3.535539	0.53315	0.422243	0.29737	0.141444	0.0802075	0.0711288	0.00460316	0	2.907108	1.208704	0.5471231	0.4528769	16.16978
2240	5.45703	-21.8265	27.2835	0.594467	0.405533	5.49081	0.513819	0.423367	0.296582	0.140586	0.0788106	0.0697594	0.00460502	0	3.891238	1.688665	0.4055334	0.5944666	48.82761
2250	6.90945	-21.6675	28.577	0.0410269	0.958973	3.367848	0.524868	0.43014	0.301168	0.141244	0.0804581	0.070106	0.00458543	0	2.597767	1.822164	0.9589731	0.04102692	66.39944
2260	-0.941461	-22.3925	21.451	0.141219	0.858781	6.889984	0.525769	0.423519	0.305539	0.145757	0.0780931	0.0706697	0.00456144	0	9.723747	1.489284	0.8587813	0.1412187	30.85202
2270	7.32203	-20.7165	28.0386	0.0522707	0.947729	4.354035	0.511627	0.420381	0.294891	0.142829	0.0779536	0.0716991	0.00467992	0	3.136185	1.985399	0.9477293	0.05227069	96.69388
2280	5.96995	-24.1127	30.0827	0.759402	0.240598	5.53771	0.518187	0.419759	0.306709	0.145363	0.0780525	0.0704167	0.00465184	0	1.09208	1.993274	0.2405981	0.7594019	98.4633
2290	6.22178	-21.6627	27.8845	0.58558	0.41442	5.449969	0.520197	0.434858	0.302296	0.146551	0.0808075	0.0719932	0.00465915	0	3.290274	1.828518	0.4144198	0.5855802	67.37797
2300	5.9445	-22.5839	28.5283	0.985347	0.0146534	3.115735	0.515177	0.439074	0.30557	0.14452	0.0786693	0.0723994	0.0047075	0	2.646407	1.649158	0.0146534	0.9853466	44.58185
2310	7.01537	-22.012	29.0274	0.734181	0.265819	4.372556	0.517116	0.421732	0.303305	0.143705	0.0789991	0.0701679	0.00461942	0	2.147365	1.92812	0.2658185	0.7341815	84.74624
2320	4.71026	-21.4164	26.1266	0.905588	0.0944124	5.299905	0.527321	0.424328	0.30633	0.140691	0.0790812	0.0713549	0.00477663	0	5.04811	1.651473	0.09441245	0.9055876	44.82013
2330	6.3209	-21.7975	28.1184	0.155952	0.844048	2.619172	0.529273	0.43049	0.305012	0.140199	0.0790953	0.0700387	0.00457766	0	3.056323	1.714132	0.8440482	0.1559518	51.77642
2340	3.29411	-22.083	25.3771	0.041764	0.958236	2.031033	0.532509	0.420742	0.299259	0.142312	0.0789394	0.0700741	0.00459204	0	5.797622	1.186014	0.958236	0.04176395	15.34666
2350	5.79568	-20.914	26.7097	0.626184	0.373816	3.855026	0.533331	0.428069	0.296057	0.143041	0.0807549	0.0728641	0.00472523	0	4.465093	1.681896	0.3738157	0.6261843	48.07247
2360	5.88412	-23.0934	28.9775	0.814878	0.185122	4.576433	0.533574	0.425478	0.296267	0.145346	0.0805512	0.0728102	0.0047629	0	2.19724	1.65217	0.1851217	0.8148783	44.89211
2370	5.44114	-24.5437	29.9848	0.52895	0.47105	7.910595	0.533049	0.435559	0.294499	0.146155	0.081407	0.0725098	0.00472946	0	1.189938	1.984159	0.4710503	0.5289497	96.41818
2380	6.85777	-22.2282	29.086	0.129117	0.870883	5.701829	0.526257	0.430757	0.293928	0.146964	0.0805671	0.072825	0.00476338	0	2.088768	1.961085	0.8708835	0.1291165	91.4292
2390	5.35058	-22.1041	27.4547	0.13973	0.86027	1.832785	0.524878	0.430407	0.294253	0.145461	0.0796458	0.0712423	0.00465987	0	3.720084	1.52541	0.8602697	0.1397303	33.5282
2400	7.23594	-20.7438	27.9797	0.302488	0.697512	4.129438	0.534606	0.420137	0.294325	0.143282	0.0794137	0.0698977	0.00464158	0	3.195007	1.964171	0.6975118	0.3024882	92.08128
2410	7.27245	-21.3522	28.6246	0.540253	0.459747	3.969687	0.534256	0.429924	0.295475	0.144619	0.0784362	0.0703256	0.00467601	0	2.550149	1.965301	0.4597467	0.5402533	92.32104
2420	5.15167	-21.4355	26.5872	0.258018	0.741982	2.008462	0.525897	0.419849	0.293278	0.146722	0.0804135	0.0710038	0.00462535	0	4.587547	1.553284	0.7419819	0.2580181	35.75064
2430	5.97274	-21.7594	27.7321	0.945153	0.0548465	5.928153	0.530232	0.420719	0.294487	0.145379	0.0797094	0.0700815	0.00477636	0	3.442651	1.867827	0.05484652	0.9451535	73.76101
2440	2.29749	-20.6478	22.9453	0.421566	0.578434	3.529072	0.514914	0.420695	0.297676	0.144766	0.0813764	0.0714667	0.00469644	0	8.229474	1.43595	0.5784343	0.4215657	27.28664
2450	6.39157	-22.9605	29.352	0.779805	0.220195	4.085467	0.527779	0.420454	0.295548	0.144636	0.0785448	0.070129	0.00471308	0	1.822727	1.80143	0.2201945	0.7798055	63.30388
2460	4.74706	-22.6319	27.3789	0.0101127	0.989887	4.757999	0.525982	0.425508	0.295495	0.146677	0.0803657	0.0728664	0.00469346	0	3.795829	1.397269	0.9898873	0.01011268	24.96138
2470	5.95941	-19.6937	25.6532	0.712039	0.287961	2.555005	0.528519	0.421199	0.297038	0.14534	0.0792878	0.0727285	0.00454408	0	5.521602	1.996111	0.2879605	0.7120395	99.10846
2480	4.27424	-22.4615	26.7357	0.144311	0.855689	7.480694	0.534308	0.421118	0.307475	0.147041	0.0782421	0.0721502	0.00477488	0	4.439051	1.803727	0.8556894	0.1443106	63.63947
2490	5.3382	-22.2932	27.6314	0.328648	0.671352	2.393755	0.525504	0.434874	0.305714	0.142097	0.0789971	0.0720182	0.0046427	0	3.543403	1.472917	0.6713516	0.3286484	29.71099
2500	4.15405	-20.4198	24.5739	0.280058	0.719942	5.825176	0.527677	0.425423	0.301006	0.141137	0.0780212	0.0709654	0.00456887	0	6.600855	1.958427	0.7199418	0.2800582	90.87129
2510	4.12957	-24.4541	28.5837	0.221896	0.778104	2.451717	0.535841	0.422499	0.307407	0.142	0.0798445	0.0714577	0.00461796	0	2.591035	1.184424	0.7781045	0.2218955	15.29057
2520	5.60886	-21.2449	26.8538	0.503019	0.496981	3.893548	0.531544	0.427366	0.307329	0.141637	0.0780978	0.0715836	0.00464039	0	4.320988	1.620008	0.496981	0.503019	41.68769
2530	3.74612	-19.5201	23.2662	0.468975	0.531025	1.694028	0.523651	0.435432	0.300064	0.14439	0.0794954	0.0707479	0.00461333	0	7.908544	1.857484	0.5310255	0.4689745	72.02518
2540	5.949	-20.5868	26.5358	0.39567	0.60433	1.946795	0.535102	0.434294	0.293392	0.142953	0.0785202	0.0707351	0.0045715	0	4.638998	1.908266	0.6043296	0.3956704	80.95909
2550	4.37196	-22.8118	27.1837	0.820307	0.179693	7.432236	0.532107	0.424138	0.295432	0.140012	0.0790434	0.0721311	0.00462384	0	3.991018	1.733502	0.1796926	0.8203074	54.13803
2560	5.5078	-21.2696	26.7774	0.760968	0.239032	4.939137	0.510777	0.420729	0.300658	0.142178	0.0790629	0.0731049	0.00461844	0	4.397319	1.714529	0.239032	0.760968	51.82375
2570	5.49117	-24.3489	29.8401	0.814123	0.185877	4.210301	0.520352	0.421347	0.303765	0.141553	0.0781768	0.0721156	0.00466103	0	1.334667	1.740163	0.1858765	0.8141235	54.97475
2580	5.61268	-21.3141	26.9268	0.67699	0.32301	3.08166	0.530822	0.43268	0.304827	0.140646	0.0800694	0.0715263	0.00457013	0	4.247934	1.613256	0.3230104	0.6769896	41.0446
2590	5.70506	-22.7957	28.5008	0.394086	0.605914	6.145056	0.526888	0.437515	0.306537	0.142611	0.0814427	0.072541	0.00463119	0	2.673976	1.704302	0.6059137	0.3940863	50.6177
2600	4.71277	-25.2126	29.9253	0.640056	0.359944	5.691308	0.534094	0.438445	0.295085	0.141664	0.0816527	0.0721249	0.00462612	0	1.249437	1.663454	0.3599443	0.6400557	46.07381
2610	5.63416	-23.4259	29.0601	0.522672	0.477328	4.85231	0.515811	0.439427	0.296577	0.141877	0.0798318	0.071134	0.00468753	0	2.114673	1.5952	0.4773281	0.5226719	39.37314
2620	6.28214	-21.6174	27.8995	0.107361	0.892639	5.81403	0.520547	0.434168	0.294297	0.146907	0.0781676	0.0713017	0.00474532	0	3.275255	1.880787	0.8926393	0.1073607	75.99537
2630	6.72273	-20.021	26.7438	0.193805	0.806195	4.614839	0.527606	0.42615	0.293906	0.14172	0.079164	0.0699219	0.00476425	0	4.430994	1.995721	0.8061946	0.1938054	99.0195
2640	6.79773	-20.7333	27.531	0.390414	0.609586	2.823612	0.536841	0.432216	0.294445	0.145208	0.0789043	0.0697729	0.00459442	0	3.643711	1.92852	0.6095856	0.3904144	84.82416
2650	5.67831	-21.6266	27.3049	0.937905	0.0620952	6.055355	0.522248	0.44086	0.294558	0.145009	0.0792673	0.0710413	0.00457136	0	3.869838	1.909613	0.06209519	0.9379048	81.21057
2660	2.25106	-23.1586	25.4096	0.631054	0.368946	8.022083	0.514746	0.437699	0.293653	0.145845	0.0786805	0.0697098	0.0046378	0	5.765131	1.993325	0.3689459	0.6310541	98.47479
2670	5.14124	-25.0483	30.1895	0.107224	0.892776	6.311736	0.514803	0.428525	0.30443	0.139969	0.0779967	0.0702512	0.00472308	0	0.9852422	1.775853	0.8927756	0.1072244	59.68334
2680	4.84884	-22.0326	26.8815	0.0242963	0.975704	1.800431	0.525547	0.436979	0.300216	0.141202	0.0811469	0.0696832	0.00478026	0	4.293298	1.377464	0.9757037	0.02429626	23.84866
2690	5.05312	-25.0568	30.1099	0.327039	0.672961	2.78722	0.514801	0.437761	0.305591	0.143653	0.0805051	0.070283	0.0047712	0	1.064868	1.943885	0.6729612	0.3270388	87.87906
2700	4.92339	-20.7123	25.6357	0.702885	0.297115	4.041859	0.532633	0.420998	0.295908	0.140497	0.0809703	0.0702126	0.00467558	0	5.539041	1.636604	0.2971152	0.7028848	43.31161
2710	2.29966	-26.3679	28.6675	0.70297	0.29703	7.325467	0.530127	0.440369	0.304934	0.140513	0.0789343	0.0706587	0.00462573	0	2.507233	1.487487	0.2970295	0.7029705	30.72464
2720	7.14444	-21.5729	28.7173	0.903968	0.0960322	3.992588	0.525117	0.434943	0.305766	0.14115	0.0796103	0.0702864	0.00457064	0	2.457438	1.948842	0.09603222	0.9039678	88.88769
2730	4.80816	-20.1435	24.9516	0.761201	0.238799	1.780935	0.521477	0.427471	0.300306	0.144927	0.0806935	0.0700505	0.00454365	0	6.223109	1.807646	0.2387995	0.7612005	64.2164
2740	5.67035	-19.2184	24.8888	0.0507256	0.949274	3.499434	0.51775	0.433581	0.294031	0.147042	0.0816235	0.0716186	0.00455018	0	6.285997	1.988617	0.9492744	0.05072564	97.413
2750	6.47115	-22.2797	28.7508	0.607787	0.392213	2.818784	0.516015	0.421784	0.302281	0.145856	0.0794704	0.0728373	0.00458418	0	2.423949	1.819789	0.3922134	0.6077866	66.03724
2760	7.27084	-21.7392	29.01	0.278715	0.721285	3.957174	0.520444	0.42386	0.30532	0.14581	0.0779802	0.0727557	0.00459968	0	2.164737	1.988304	0.7212848	0.2787152	97.34274
2770	3.5585	-22.2911	25.8496	0.433582	0.566418	3.889169	0.515355	0.43111	0.292999	0.142865	0.0778994	0.0728037	0.00463896	0	5.325166	1.325756	0.5664181	0.4335819	21.17173
2780	6.40141	-19.6421	26.0435	0.826892	0.173108	3.37376	0.522761	0.425182	0.297233	0.142354	0.0794778	0.0708729	0.00454861	0	5.131251	1.99186	0.1731078	0.8268922	98.1431
2790	6.51856	-20.476	26.9946	0.936253	0.0637473	4.988417	0.526325	0.433701	0.303276	0.140343	0.0781433	0.0709776	0.00454645	0	4.180176	1.977007	0.06374729	0.9362527	94.84333
2800	7.22414	-21.373	28.5972	0.0780635	0.921937	4.649339	0.522251	0.425762	0.297666	0.147184	0.0800625	0.0724537	0.00467101	0	2.577572	1.941863	0.9219365	0.07806347	87.47082
2810	7.0088	-20.6098	27.6186	0.51876	0.48124	4.310754	0.522671	0.433419	0.299446	0.144007	0.0803306	0.0700715	0.00466971	0	3.556172	1.939475	0.4812403	0.5187597	86.99122
2820	4.90907	-23.6872	28.5963	0.769939	0.230061	3.377487	0.517855	0.422063	0.297959	0.140358	0.080049	0.0711212	0.00474632	0	2.578503	1.424291	0.2300608	0.7699392	26.56386
2830	6.7328	-22.0119	28.7447	0.471143	0.528857	5.52021	0.510442	0.426821	0.307619	0.141872	0.0799771	0.0695637	0.00474985	0	2.430056	1.907532	0.5288574	0.4711426	80.82246
2840	5.31091	-20.6974	26.0084	0.235352	0.764648	4.91199	0.531842	0.427022	0.296597	0.141526	0.0816545	0.0714856	0.00471614	0	5.1664	1.743317	0.7646477	0.2353523	55.37542
2850	6.18516	-22.7108	28.8959	0.244776	0.755224	2.105425	0.524051	0.438368	0.306708	0.141475	0.081595	0.0702618	0.00471624	0	2.278847	1.897705	0.7552244	0.2447756	79.01419
2860	7.06053	-22.2681	29.3287	0.208312	0.791688	5.098987	0.525217	0.437969	0.3053	0.143578	0.0809212	0.071451	0.00462846	0	1.846098	1.984704	0.7916881	0.2083119	96.53927
2870	1.31453	-19.9809	21.2954	0.00209263	0.997907	1.846203	0.521168	0.427864	0.304073	0.141237	0.0800468	0.0704648	0.00470245	0	9.879356	1.452695	0.9979074	0.002092632	28.35924
2880	3.20193	-25.832	29.0339	0.61026	0.38974	0.2962641	0.527273	0.423379	0.306165	0.14306	0.0791537	0.0702431	0.00454998	0	2.140828	1.636134	0.3897399	0.6102601	43.26478
2890	4.41863	-22.2668	26.6854	0.109368	0.890632	0.14623	0.532125	0.423262	0.29765	0.144653	0.0814547	0.0698466	0.0047645	0	4.489328	1.998366	0.8906324	0.1093676	99.62439
2900	2.78081	-22.9038	25.6847	0.514877	0.485123	0.3250876	0.520378	0.425209	0.299112	0.142436	0.0815107	0.0699854	0.00475798	0	5.490105	1.288813	0.4851234	0.5148766	19.4452
2910	4.49524	-19.6947	24.19	0.959792	0.0402081	2.430963	0.532211	0.436295	0.305426	0.144205	0.0795956	0.0699011	0.00467491	0	6.984801	1.772278	0.04020814	0.9597919	59.19398
2920	6.7966	-21.5878	28.3844	0.979345	0.0206554	2.868802	0.523018	0.426844	0.30127	0.144099	0.0810313	0.0696885	0.0045602	0	2.790368	1.913683	0.02065543	0.9793446	81.97526
2930	3.88116	-25.1557	29.0368	0.938533	0.0614671	9.319586	0.522601	0.431844	0.302326	0.140364	0.0797302	0.0700498	0.00462457	0	2.137931	1.854307	0.06146707	0.9385329	71.50009
2940	5.30701	-23.1736	28.4806	0.1626	0.8374	5.1078	0.521047	0.431298	0.301758	0.140957	0.0814605	0.0701459	0.00461085	0	2.694173	1.499805	0.8373999	0.1626001	31.60861
2950	6.97821	-20.7028	27.681	0.805715	0.194285	3.626736	0.522748	0.426206	0.300739	0.140642	0.0811517	0.0708925	0.00465979	0	3.493778	1.915148	0.1942854	0.8057146	82.25227
2960	5.39799	-19.7258	25.1238	0.186134	0.813866	2.284782	0.526405	0.422802	0.3041	0.143909	0.0795141	0.0701029	0.00472896	0	6.050932	1.902493	0.8138656	0.1861344	79.89009
2970	4.9317	-23.4698	28.4015	0.13778	0.86222	7.181796	0.511582	0.421307	0.303768	0.141398	0.0791994	0.0719389	0.00472382	0	2.773275	1.671591	0.8622202	0.1377798	46.9452
2980	5.69227	-23.5406	29.2329	0.359476	0.640524	3.912117	0.527022	0.432793	0.300015	0.142542	0.078763	0.0730618	0.00465666	0	1.941894	1.555177	0.6405245	0.3594755	35.90684
2990	5.90325	-20.3234	26.2267	0.933965	0.0660355	1.922699	0.532928	0.434738	0.306883	0.146843	0.0803826	0.0702644	0.00457717	0	4.948092	1.978908	0.06603546	0.9339645	95.25937
3000	6.34147	-21.5274	27.8689	0.164057	0.835943	2.108629	0.513733	0.435419	0.307121	0.140451	0.0792905	0.0701557	0.004629	0	3.305846	1.859698	0.8359434	0.1640566	72.39325
3010	6.90689	-21.9485	28.8554	0.113183	0.886817	5.126882	0.51673	0.429794	0.303525	0.140979	0.0785342	0.0700553	0.00459062	0	2.31936	1.88204	0.8868175	0.1131825	76.21493
3020	6.95707	-21.5168	28.4738	0.464979	0.535021	3.131901	0.523935	0.420746	0.301165	0.146229	0.0811072	0.0725861	0.00461484	0	2.700932	1.911324	0.5350215	0.4649785	81.53127
3030	4.47562	-21.9351	26.4107	0.373941	0.626059	0.5055251	0.531762	0.420293	0.306631	0.142592	0.0801924	0.0728222	0.00459865	0	4.764046	1.78881	0.6260594	0.3739406	61.49081
3040	5.89722	-22.2333	28.1306	0.223546	0.776454	3.336992	0.534084	0.42905	0.30676	0.14228	0.0787552	0.0712874	0.00459638	0	3.0442	1.538069	0.776454	0.223546	34.5199
3050	5.59139	-21.6005	27.1919	0.398886	0.601114	5.169459	0.516461	0.428472	0.297823	0.144052	0.0778403	0.0721212	0.0045694	0	3.982897	1.690414	0.6011138	0.3988862	49.02454
3060	6.47263	-19.6451	26.1177	0.0261735	0.973826	3.276011	0.511816	0.426205	0.293072	0.147298	0.0784203	0.0701618	0.00475501	0	5.057027	1.98245	0.9738265	0.02617352	96.03942
3070	5.89309	-22.5581	28.4512	0.348589	0.651411	3.312797	0.521889	0.433068	0.302747	0.14281	0.0809586	0.0724527	0.00475684	0	2.72354	1.542545	0.6514112	0.3485888	34.87747
3080	6.15041	-22.0552	28.2056	0.965896	0.0341042	6.146832	0.516881	0.437259	0.297942	0.144545	0.0814518	0.0725769	0.0045921	0	2.969173	1.949958	0.03410416	0.9658958	89.11645
3090	2.23625	-26.2198	28.4561	0.982428	0.0175717	6.427211	0.535715	0.441603	0.30523	0.141096	0.0810396	0.0709648	0.00457361	0	2.718681	1.400338	0.01757166	0.9824283	25.13844
3100	6.74026	-22.1805	28.9207	0.751831	0.248169	3.100233	0.523699	0.421286	0.296202	0.142537	0.0816584	0.0723458	0.00457193	0	2.254019	1.902478	0.2481693	0.7518307	79.88733
3110	5.59644	-22.2235	27.8199	0.522529	0.477471	2.083683	0.522131	0.421799	0.294663	0.142651	0.0801759	0.0696981	0.00469903	0	3.354809	1.605348	0.4774706	0.5225294	40.30395
3120	3.86287	-26.7277	30.5906	0.111644	0.888356	3.780263	0.514708	0.429432	0.298039	0.14105	0.0784093	0.0719914	0.00465863	0	0.5841828	1.929794	0.8883557	0.1116443	85.07346
3130	6.50988	-20.3459	26.8557	0.908244	0.091756	2.483031	0.531454	0.426625	0.293157	0.14268	0.0800595	0.0721211	0.00472429	0	4.319006	1.972152	0.09175602	0.908244	93.7891
3140	6.15426	-21.228	27.3822	0.336074	0.663926	5.083656	0.516739	0.4228	0.294334	0.140042	0.0798785	0.0719875	0.00462433	0	3.792529	1.795098	0.6639257	0.3360743	62.3875
3150	6.13828	-21.1517	27.29	0.795171	0.204829	1.899979	0.516777	0.425608	0.296751	0.141769	0.0787401	0.0709931	0.00459142	0	3.884761	1.905165	0.2048293	0.7951707	80.38313
3160	3.91403	-25.7279	29.6419	0.691386	0.308614	2.296816	0.520143	0.439934	0.293973	0.142867	0.0778229	0.0730112	0.00465113	0	1.532879	1.438253	0.3086136	0.6913864	27.43172
3170	5.22252	-19.1235	24.346	0.159052	0.840948	4.11924	0.528829	0.439975	0.296618	0.145959	0.0813054	0.0708753	0.00459604	0	6.828708	1.998354	0.8409477	0.1590523	99.62174
3180	6.72833	-20.2084	26.9367	0.0944696	0.90553	3.911459	0.536548	0.428922	0.29286	0.146578	0.0778182	0.0700017	0.0046126	0	4.23805	1.908141	0.9055304	0.09446958	80.93592
3190	6.20502	-22.197	28.402	0.0952471	0.904753	1.740775	0.51919	0.434992	0.30164	0.145284	0.078067	0.0696258	0.00472592	0	2.77275	1.984174	0.9047529	0.09524708	96.4215
3200	6.93279	-21.0641	27.9969	0.884045	0.115955	2.880475	0.535986	0.429975	0.29736	0.143833	0.0780231	0.0696018	0.00465314	0	3.177874	1.951624	0.1159554	0.8840446	89.45892
3210	5.77187	-22.9683	28.7402	0.188785	0.811215	3.877389	0.515502	0.431543	0.294921	0.144424	0.0795759	0.070537	0.00474454	0	2.434539	1.494847	0.8112151	0.1887849	31.24981
3220	5.66228	-22.093	27.7553	0.941039	0.0589611	5.074948	0.51158	0.439157	0.300591	0.1401	0.0804085	0.0700595	0.00473241	0	3.419503	1.657231	0.05896111	0.9410389	45.41836
3230	6.54201	-21.1652	27.7072	0.281019	0.718981	4.987414	0.512038	0.439591	0.303117	0.144716	0.0796653	0.0708818	0.0046169	0	3.467584	1.854987	0.7189808	0.2810192	71.61213
3240	4.41971	-20.3293	24.749	0.386023	0.613977	0.9824892	0.520279	0.441736	0.297102	0.145786	0.0806101	0.0727266	0.00471106	0	6.425758	1.973262	0.6139768	0.3860232	94.02908
3250	6.11869	-23.0096	29.1283	0.431119	0.568881	2.444813	0.519937	0.429232	0.295982	0.143641	0.08134	0.070158	0.00476414	0	2.046434	1.822784	0.568881	0.431119	66.49417
3260	6.53083	-21.9783	28.5091	0.125859	0.874141	3.681513	0.518648	0.439556	0.296747	0.14527	0.0816807	0.0695008	0.00468937	0	2.665623	1.674347	0.8741415	0.1258585	47.24401
3270	6.43581	-23.2287	29.6645	0.703326	0.296674	4.881845	0.515248	0.433482	0.296624	0.146504	0.0812328	0.0695797	0.00460318	0	1.510273	1.900145	0.2966737	0.7033263	79.45939
3280	7.04899	-21.0362	28.0852	0.717889	0.282111	4.759046	0.513548	0.426805	0.298395	0.145107	0.078327	0.0704128	0.00469162	0	3.08957	1.956094	0.2821112	0.7178888	90.38446
3290	6.54228	-22.7469	29.2892	0.211633	0.788367	2.911004	0.517536	0.425459	0.297107	0.144822	0.0805655	0.070306	0.00469126	0	1.885589	1.901398	0.7883671	0.2116329	79.68887
3300	6.85493	-21.0529	27.9078	0.976998	0.0230021	4.788449	0.532216	0.429232	0.30056	0.146691	0.0782348	0.0716182	0.00470634	0	3.266966	1.924068	0.02300212	0.9769979	83.95921
3310	6.36601	-21.7757	28.1417	0.729578	0.270422	4.743638	0.52044	0.439628	0.299254	0.140131	0.0812522	0.0711477	0.0045544	0	3.033072	1.766291	0.2704224	0.7295776	58.3836
3320	3.31425	-26.4103	29.7245	0.730586	0.269414	7.479178	0.515689	0.440981	0.293681	0.147212	0.0814616	0.0725522	0.00459848	0	1.450226	1.651447	0.2694139	0.7305861	44.81739
3330	5.396	-19.6594	25.0555	0.651463	0.348537	2.154642	0.511945	0.421016	0.293685	0.145887	0.0807426	0.0727755	0.00456673	0	6.119304	1.986544	0.3485367	0.6514633	96.94926
3340	6.10498	-23.2624	29.3674	0.4225	0.5775	2.477544	0.511851	0.433209	0.297327	0.146787	0.0800915	0.0713167	0.00469246	0	1.8074	1.914193	0.5775004	0.4224996	82.07152
3350	4.68978	-25.332	30.0218	0.224016	0.775984	5.86784	0.524108	0.437348	0.30763	0.144744	0.0806604	0.0710116	0.00460845	0	1.152937	1.6382	0.7759837	0.2240163	43.47101
3360	6.3979	-22.6354	29.0333	0.289071	0.710929	2.302989	0.534387	0.427187	0.302904	0.143273	0.081877	0.0703717	0.00456878	0	2.141461	1.988052	0.7109286	0.2890714	97.28632
3370	5.47734	-21.912	27.3894	0.898953	0.101047	5.729695	0.5285	0.420015	0.295876	0.142244	0.0796932	0.0695438	0.00457908	0	3.785401	1.73446	0.101047	0.898953	54.25757
3380	6.47159	-22.1065	28.5781	0.583028	0.416972	2.707705	0.523294	0.425588	0.302527	0.141201	0.0798798	0.0701338	0.00474705	0	2.596698	1.807158	0.4169715	0.5830285	64.14424
3390	7.15614	-21.0171	28.1733	0.893974	0.106026	3.351721	0.537222	0.419878	0.30659	0.141958	0.0808415	0.0707607	0.00477201	0	3.001501	1.959844	0.106026	0.893974	91.16838
3400	0.822929	-22.7041	23.527	0.917835	0.082165	8.878842	0.533035	0.425797	0.306079	0.140315	0.0816793	0.0715175	0.00470522	0	7.647767	1.781736	0.08216501	0.917835	60.49737
3410	6.96981	-21.3303	28.3001	0.732727	0.267273	4.510789	0.517549	0.424344	0.307104	0.141432	0.0815541	0.0708389	0.00462489	0	2.874684	1.901131	0.2672726	0.7327274	79.63988
3420	5.24328	-19.5809	24.8241	0.8737	0.1263	3.990771	0.536887	0.425235	0.302407	0.141425	0.0790309	0.0701526	0.00458273	0	6.350611	1.876326	0.1262996	0.8737004	75.21867
3430	6.90308	-21.4991	28.4022	0.745164	0.254836	5.07208	0.531422	0.427997	0.304732	0.141974	0.0779131	0.0719378	0.00455638	0	2.772572	1.947343	0.254836	0.745164	88.58153
3440	5.06298	-20.8671	25.9301	0.486067	0.513933	1.173504	0.528453	0.440144	0.306702	0.140619	0.0788466	0.0717055	0.00458737	0	5.244638	1.875974	0.5139326	0.4860674	75.15781
3450	7.14453	-22.0225	29.167	0.755958	0.244042	4.215682	0.521923	0.440198	0.30679	0.140688	0.0783771	0.0718266	0.00470261	0	2.007721	1.981215	0.244042	0.755958	95.76682
3460	6.11007	-20.3111	26.4211	0.519697	0.480303	2.714711	0.511235	0.439822	0.307335	0.14529	0.0802594	0.0697136	0.00477886	0	4.753626	1.826378	0.4803034	0.5196966	67.04674
3470	6.56432	-20.6744	27.2387	0.382778	0.617222	2.270361	0.514903	0.421595	0.303175	0.144442	0.0781784	0.0704309	0.00468531	0	3.936008	1.993018	0.6172219	0.3827781	98.40508
3480	4.49966	-24.8982	29.3978	0.0324734	0.967527	6.381001	0.516698	0.422715	0.294903	0.144237	0.0793276	0.0705679	0.00457769	0	1.776906	1.540806	0.9675266	0.03247345	34.73809
3490	6.71684	-22.4116	29.1285	0.489121	0.510879	5.79496	0.511887	0.420732	0.306835	0.143172	0.0802693	0.071072	0.00469154	0	2.046279	1.969879	0.5108787	0.4891213	93.29947
3500	5.26195	-24.2563	29.5183	0.709144	0.290856	2.081842	0.513372	0.429438	0.307281	0.14211	0.0807672	0.0704209	0.00468444	0	1.656491	1.825954	0.2908559	0.7091441	66.98141
3510	6.54518	-21.3859	27.9311	0.308903	0.691097	4.212019	0.522996	0.422454	0.302671	0.145433	0.0794465	0.0706615	0.00476096	0	3.243684	1.74391	0.691097	0.308903	55.45112
3520	6.21211	-22.6803	28.8924	0.487283	0.512717	2.614134	0.518649	0.426632	0.301424	0.145577	0.0791657	0.06973	0.00476829	0	2.282308	1.762757	0.5127174	0.4872826	57.91043
3530	5.37459	-24.2322	29.6068	0.265811	0.734189	1.981818	0.529778	0.424607	0.298322	0.146889	0.0788947	0.0699786	0.0047791	0	1.567939	1.947833	0.7341891	0.2658109	88.68158
3540	3.82418	-21.7182	25.5424	0.221426	0.778574	0.9394657	0.52711	0.428597	0.294449	0.145896	0.07902	0.0715881	0.00472754	0	5.63237	1.456201	0.778574	0.221426	28.58914
3550	4.37607	-20.6213	24.9974	0.170429	0.829571	2.002608	0.512313	0.431425	0.29642	0.145127	0.079104	0.0722769	0.00466283	0	6.177351	1.566399	0.8295711	0.1704289	36.84676
3560	7.08738	-21.9008	28.9882	0.847264	0.152736	4.346261	0.536376	0.438019	0.300125	0.141627	0.079594	0.0729791	0.00460069	0	2.186556	1.952536	0.1527357	0.8472643	89.64698
3570	6.78916	-20.7081	27.4973	0.363763	0.636237	4.183317	0.522602	0.438583	0.29346	0.141324	0.0780996	0.0701349	0.00459808	0	3.677477	1.875107	0.6362367	0.3637633	75.0079
3580	6.22854	-21.8821	28.1106	0.167805	0.832195	3.027123	0.513875	0.438717	0.299755	0.144535	0.0812671	0.0715287	0.00470847	0	3.064119	1.623816	0.832195	0.167805	42.05486
3590	3.95556	-21.4577	25.4132	0.127581	0.872419	6.404902	0.512147	0.441391	0.298085	0.14542	0.0818418	0.0716039	0.00470344	0	5.761539	1.757576	0.8724188	0.1275812	57.22367
3600	4.87503	-21.779	26.654	0.757565	0.242435	0.6368911	0.521432	0.438111	0.296289	0.14325	0.0804529	0.0712383	0.00475991	0	4.520711	1.915181	0.2424355	0.7575645	82.25848
3610	7.01028	-20.6587	27.669	0.243399	0.756601	2.8997	0.524967	0.430462	0.29771	0.142408	0.0788452	0.0711116	0.00471811	0	3.505755	1.983529	0.7566015	0.2433985	96.27843
3620	7.09073	-21.1754	28.2662	0.838043	0.161957	4.825734	0.513828	0.437161	0.29444	0.140166	0.0796601	0.0728559	0.00476547	0	2.908595	1.962919	0.1619574	0.8380426	91.81619
3630	6.62509	-22.0678	28.6929	0.208482	0.791518	4.259615	0.510481	0.437574	0.294999	0.145901	0.0799863	0.0726594	0.00468753	0	2.481854	1.728725	0.7915185	0.2084815	53.54578
3640	4.03858	-24.8325	28.8711	0.471376	0.528624	3.293939	0.531633	0.437887	0.298405	0.142749	0.0778186	0.071461	0.00463233	0	2.303661	1.263837	0.5286239	0.4713761	18.35849
3650	5.84777	-22.3492	28.1969	0.538451	0.461549	5.769729	0.529064	0.440919	0.298344	0.144041	0.0799237	0.0704319	0.00471414	0	2.977827	1.717904	0.4615485	0.5384515	52.22808
3660	6.71427	-21.6721	28.3863	0.315926	0.684074	2.480693	0.534532	0.432277	0.293869	0.142199	0.0798421	0.0708648	0.00475053	0	2.788409	1.930855	0.6840741	0.3159259	85.28159
3670	5.09228	-22.1391	27.2314	0.273188	0.726812	5.719719	0.514706	0.437673	0.29414	0.141514	0.0790785	0.0700386	0.00475639	0	3.943395	1.601819	0.7268124	0.2731876	39.97783
3680	6.43515	-21.4001	27.8353	0.383587	0.616413	2.108036	0.520661	0.435014	0.300889	0.14329	0.0789365	0.0699293	0.00465942	0	3.339486	1.921801	0.6164126	0.3835874	83.52205
3690	6.82177	-22.12	28.9418	0.747997	0.252003	3.140171	0.517056	0.440751	0.304128	0.141217	0.0782956	0.0706758	0.00472891	0	2.232992	1.917473	0.2520029	0.7479971	82.69385
3700	6.2209	-20.4572	26.6781	0.863905	0.136095	2.190692	0.519092	0.440139	0.295234	0.143027	0.0792683	0.0708878	0.00470791	0	4.4967	1.941993	0.136095	0.863905	87.49706
3710	4.69761	-22.6254	27.323	0.251214	0.748786	1.162529	0.529207	0.420018	0.300199	0.142087	0.0813093	0.0720769	0.00477854	0	3.851729	1.478528	0.7487858	0.2512142	30.0973
3720	5.57612	-22.1211	27.6973	0.0292692	0.970731	6.745518	0.53479	0.426375	0.293329	0.141234	0.0793872	0.0714801	0.0046218	0	3.477493	1.914332	0.9707308	0.02926922	82.0979
3730	4.40433	-24.4382	28.8426	0.296301	0.703699	4.145526	0.520875	0.430428	0.303472	0.145583	0.0812691	0.0715951	0.00460577	0	2.332201	1.323844	0.7036986	0.2963014	21.07873
3740	5.87292	-21.1549	27.0278	0.271521	0.728479	5.006498	0.535002	0.431208	0.303649	0.142734	0.0816568	0.0730907	0.00474238	0	4.146912	1.740299	0.7284788	0.2715212	54.99198
3750	3.09058	-19.6227	22.7133	0.217915	0.782085	5.304925	0.530088	0.429939	0.305769	0.145626	0.0804094	0.0711086	0.00462833	0	8.461462	1.948766	0.7820847	0.2179153	88.87218
3760	2.14359	-20.4809	22.6245	0.341898	0.658102	2.022327	0.516807	0.425325	0.305229	0.143136	0.0816725	0.0702428	0.00455671	0	8.550253	1.424826	0.6581021	0.3418979	26.5966
3770	6.32361	-21.5757	27.8993	0.305565	0.694435	2.720009	0.530946	0.433432	0.303668	0.146581	0.0795502	0.0696239	0.00458568	0	3.275485	1.728648	0.6944354	0.3055646	53.53631
3780	7.11642	-20.7745	27.8909	0.164725	0.835275	4.337732	0.526073	0.436494	0.306774	0.140356	0.0785497	0.0700415	0.00458055	0	3.283841	1.938901	0.8352749	0.1647251	86.87618
3790	5.85826	-23.9587	29.8169	0.0093824	0.990618	3.053436	0.516121	0.436541	0.307179	0.141327	0.0801639	0.0717532	0.00461644	0	1.357817	1.752912	0.9906176	0.009382399	56.61248
3800	5.86348	-24.3435	30.207	0.14032	0.85968	4.46541	0.519496	0.420424	0.297854	0.140586	0.0789257	0.0726517	0.00461334	0	0.9677968	1.9308	0.8596797	0.1403203	85.27072
3810	6.3493	-20.1449	26.4942	0.598841	0.401159	3.395923	0.520682	0.421257	0.305185	0.146263	0.0816487	0.0704101	0.00458849	0	4.680601	1.869578	0.4011589	0.5988411	74.05898
3820	3.75862	-19.8259	23.5845	0.393812	0.606188	4.741373	0.526686	0.428637	0.297374	0.142657	0.0804056	0.0703641	0.00457717	0	7.59023	1.810282	0.606188	0.393812	64.6073
3830	5.1211	-20.544	25.6651	0.0472582	0.952742	1.361231	0.530128	0.424257	0.298403	0.141487	0.0806262	0.0698908	0.00459554	0	5.509621	1.884819	0.9527418	0.04725822	76.70419
3840	5.06591	-24.1102	29.1761	0.0567689	0.943231	1.229891	0.533766	0.419696	0.297598	0.142864	0.07879	0.0708215	0.00462562	0	1.998652	1.954672	0.9432311	0.05676894	90.08912
3850	5.39197	-23.5108	28.9028	0.407311	0.592689	1.599583	0.530123	0.431435	0.299936	0.146642	0.0791059	0.0696191	0.00461397	0	2.271943	1.772092	0.5926891	0.4073109	59.16871
3860	7.13133	-21.508	28.6393	0.62754	0.37246	5.040764	0.51297	0.436554	0.30045	0.141023	0.0782314	0.0706648	0.00463738	0	2.535448	1.992134	0.3724601	0.6275399	98.2051
3870	3.85903	-24.8521	28.7111	0.884704	0.115296	1.97491	0.511911	0.43759	0.305324	0.140282	0.0803542	0.0697857	0.00477762	0	2.463631	1.31195	0.1152959	0.8847041	20.50926
3880	3.57369	-21.3166	24.8903	0.120305	0.879695	2.819001	0.521341	0.43348	0.304503	0.14221	0.0815746	0.069757	0.00468529	0	6.284464	1.335716	0.8796952	0.1203048	21.66289
3890	4.47525	-21.9004	26.3757	0.808631	0.191369	0.4771458	0.514475	0.436437	0.303231	0.145955	0.0818726	0.0699333	0.00473349	0	4.799075	1.819363	0.1913692	0.8086308	65.97257
3900	6.81101	-21.1021	27.9131	0.194786	0.805214	3.710868	0.516963	0.438023	0.296186	0.146541	0.080312	0.071221	0.00464185	0	3.261636	1.810587	0.805214	0.194786	64.6527
3910	6.60451	-21.5898	28.1943	0.166946	0.833054	2.611979	0.526327	0.431472	0.302027	0.143225	0.0813851	0.0714308	0.00476004	0	2.980423	1.819626	0.8330544	0.1669456	66.01253
3920	4.83998	-21.0972	25.9372	0.233185	0.766815	3.360589	0.5361	0.424632	0.300402	0.146028	0.0809142	0.0719789	0.00473065	0	5.237524	1.500547	0.7668147	0.2331853	31.66264
3930	7.19727	-21.0272	28.2244	0.456976	0.543024	3.389321	0.529558	0.426528	0.302804	0.146573	0.0813571	0.0715971	0.00456264	0	2.950314	1.973773	0.5430239	0.4569761	94.13972
3940	4.57402	-24.7085	29.2825	0.317754	0.682246	6.42865	0.535333	0.422841	0.304023	0.146671	0.0804403	0.0714412	0.0045538	0	1.892262	1.587113	0.6822458	0.3177542	38.64675
3950	6.60603	-22.4593	29.0653	0.111124	0.888876	4.95844	0.53616	0.425312	0.301705	0.145426	0.0801416	0.0695984	0.00456823	0	2.109408	1.764336	0.8888765	0.1111235	58.12143
3960	5.93443	-23.4284	29.3629	0.802748	0.197252	4.190794	0.52195	0.429423	0.30333	0.145189	0.0803572	0.0699579	0.00455691	0	1.811893	1.709324	0.1972524	0.8027476	51.20634
3970	6.18018	-23.0955	29.2757	0.179061	0.820939	2.904899	0.51625	0.421025	0.304607	0.14086	0.0791068	0.0706144	0.00475744	0	1.899037	1.714324	0.8209392	0.1790608	51.79929
3980	6.48825	-20.9163	27.4046	0.0569222	0.943078	3.367562	0.517207	0.422395	0.30482	0.14062	0.07841	0.0713177	0.00466416	0	3.770167	1.742279	0.9430778	0.05692223	55.2432
3990	5.93646	-20.7621	26.6985	0.270934	0.729066	5.391188	0.517945	0.421599	0.293395	0.14327	0.0778736	0.070802	0.00473303	0	4.476227	1.899678	0.7290658	0.2709342	79.37401
4000	5.25611	-21.2375	26.4936	0.882102	0.117898	3.907205	0.512684	0.419852	0.300869	0.142334	0.0798204	0.070971	0.00472814	0	4.681151	1.597667	0.1178979	0.8821021	39.59746
4010	2.94609	-20.0846	23.0307	0.982829	0.0171708	5.851851	0.532975	0.419831	0.303533	0.140293	0.0817784	0.0702292	0.00467957	0	8.144095	1.98354	0.01717081	0.9828292	96.28088
4020	1.73984	-26.7708	28.5107	0.54611	0.45389	0.9963885	0.517018	0.4296	0.299147	0.141853	0.0800201	0.0698885	0.00473384	0	2.664095	0.9298718	0.4538904	0.5461096	8.508869
4030	5.44209	-21.0582	26.5003	0.038529	0.961471	1.355468	0.534812	0.436837	0.306582	0.142107	0.0812336	0.0701502	0.00472743	0	4.674489	1.844176	0.961471	0.03852903	69.85151
4040	3.23918	-25.0887	28.3279	0.468401	0.531599	0.562746	0.530367	0.43792	0.300624	0.143142	0.0814767	0.0730612	0.00465698	0	2.846848	1.249964	0.5315986	0.4684014	17.78132
4050	6.26556	-20.7526	27.0181	0.976623	0.0233771	2.42849	0.527245	0.440799	0.302974	0.143472	0.0782249	0.0723321	0.00470392	0	4.156645	1.851665	0.02337711	0.9766229	71.06658
4060	6.27467	-23.0485	29.3232	0.157725	0.842275	5.897278	0.524288	0.441308	0.297119	0.143389	0.0782301	0.0716016	0.00469498	0	1.851596	1.776317	0.8422748	0.1577252	59.74707
4070	5.6036	-19.2286	24.8322	0.494576	0.505424	3.3361	0.513588	0.432064	0.300969	0.14476	0.0794368	0.071652	0.00463732	0	6.342598	1.979293	0.5054237	0.4945763	95.34381
4080	5.14849	-22.8207	27.9692	0.98522	0.0147803	4.06854	0.512433	0.428335	0.304467	0.140588	0.0813839	0.0705678	0.0045786	0	3.20556	1.50776	0.01478032	0.9852197	32.19287
4090	6.52104	-21.2793	27.8004	0.307271	0.692729	5.103926	0.510586	0.432871	0.301557	0.141592	0.0813997	0.0698446	0.00457844	0	3.374392	1.853589	0.6927286	0.3072714	71.38197
4100	2.13675	-25.9972	28.1339	0.963342	0.0366578	5.776821	0.520271	0.430514	0.302471	0.144128	0.0814593	0.0707281	0.00455695	0	3.040856	1.320021	0.03665784	0.9633422	20.89397
4110	5.29601	-23.9496	29.2456	0.852241	0.147759	7.177204	0.537151	0.421419	0.305285	0.140838	0.0795484	0.0706802	0.00460048	0	1.929145	1.805191	0.1477592	0.8522408	63.85441
4120	6.76282	-21.6844	28.4472	0.792548	0.207452	4.92143	0.522379	0.439206	0.298154	0.144797	0.0812667	0.0728256	0.00470055	0	2.727555	1.874842	0.207452	0.792548	74.96208
4130	5.76082	-21.8194	27.5802	0.289229	0.710771	4.31989	0.536288	0.43267	0.295863	0.146186	0.0815598	0.072805	0.00462331	0	3.594565	1.58408	0.7107709	0.2892291	38.37776
4140	6.52085	-23.3168	29.8377	0.274577	0.725423	4.64666	0.523138	0.426871	0.293224	0.143332	0.0778835	0.0716709	0.00465594	0	1.337075	1.928196	0.7254226	0.2745774	84.761
4150	5.65198	-22.5091	28.161	0.216596	0.783404	1.837366	0.52496	0.429574	0.293797	0.147062	0.0784768	0.0705293	0.00469306	0	3.013723	1.631438	0.7834038	0.2165962	42.79941
4160	6.62007	-21.6347	28.2548	0.39714	0.60286	4.669687	0.536373	0.42157	0.29628	0.146641	0.0796982	0.0707333	0.00466068	0	2.919961	1.793787	0.6028604	0.3971396	62.19948
4170	5.50751	-24.5434	30.0509	0.132098	0.867902	3.979631	0.527005	0.422867	0.298742	0.143692	0.078386	0.0696136	0.00473044	0	1.123881	1.688996	0.867902	0.132098	48.86475
4180	6.82588	-20.7831	27.609	0.373861	0.626139	4.52572	0.519132	0.432315	0.293033	0.144286	0.0799046	0.0728413	0.00457503	0	3.56576	1.905774	0.6261393	0.3738607	80.49593
4190	6.99551	-20.2189	27.2144	0.625315	0.374685	4.234505	0.511637	0.429151	0.300427	0.141445	0.0793268	0.0729714	0.00456083	0	3.960363	1.99533	0.374685	0.625315	98.93042
4200	6.84755	-20.8622	27.7098	0.728772	0.271228	3.034132	0.52273	0.421625	0.300896	0.146822	0.0817755	0.0730113	0.00458653	0	3.465005	1.911843	0.271228	0.728772	81.62871
4210	6.91867	-21.1017	28.0204	0.194181	0.805819	3.381866	0.51909	0.422676	0.303905	0.146826	0.0796829	0.0696399	0.0047737	0	3.154343	1.842088	0.8058193	0.1941807	69.5165
4220	6.70984	-21.7935	28.5034	0.110775	0.889225	5.407589	0.527145	0.421018	0.298296	0.146488	0.0801902	0.0731388	0.00472668	0	2.671394	1.866769	0.8892251	0.1107749	73.58156
4230	1.34611	-20.0114	21.3575	0.154842	0.845158	3.694229	0.524027	0.420836	0.300605	0.143507	0.0787816	0.0724061	0.00472323	0	9.817267	1.509129	0.8451583	0.1548417	32.29457
4240	5.97464	-22.8985	28.8731	0.682869	0.317131	5.513414	0.533486	0.425493	0.303426	0.141405	0.0782965	0.0724981	0.00460338	0	2.301625	1.728856	0.3171315	0.6828685	53.56187
4250	5.40174	-21.9148	27.3166	0.509518	0.490482	4.687963	0.523327	0.43347	0.306434	0.140568	0.0786686	0.0714048	0.00464527	0	3.858187	1.582873	0.4904816	0.5095184	38.27127
4260	5.25704	-21.0349	26.292	0.00339153	0.996608	1.159915	0.51226	0.431977	0.306178	0.145997	0.0783932	0.0700023	0.00461761	0	4.882789	1.891199	0.9966085	0.003391531	77.83929
4270	7.01041	-20.7988	27.8093	0.854896	0.145104	3.309723	0.518783	0.430244	0.294481	0.144055	0.0785194	0.0702896	0.00464866	0	3.365503	1.934891	0.1451043	0.8548957	86.07767
4280	3.65703	-24.4306	28.0876	0.21836	0.78164	10.52215	0.513083	0.422089	0.294866	0.146245	0.0789342	0.0696466	0.00462102	0	3.087151	1.96987	0.7816404	0.2183596	93.2976
4290	5.36506	-21.1904	26.5555	0.989541	0.0104592	1.333298	0.512073	0.428968	0.306242	0.145735	0.0805	0.0695105	0.00457968	0	4.619293	1.845134	0.01045916	0.9895408	70.00577
4300	6.44638	-20.8974	27.3438	0.075691	0.924309	5.363788	0.516329	0.430556	0.300386	0.146586	0.0813809	0.0708445	0.00469558	0	3.830987	1.930246	0.924309	0.07569099	85.16194
4310	5.25852	-24.6912	29.9497	0.743407	0.256593	3.071432	0.526695	0.428972	0.302768	0.144051	0.0805377	0.0706604	0.00465815	0	1.225051	1.834046	0.2565927	0.7434073	68.24105
4320	6.49133	-23.0524	29.5437	0.232865	0.767135	3.754409	0.535793	0.431644	0.306115	0.146557	0.0806555	0.0707388	0.00467824	0	1.631057	1.819515	0.7671353	0.2328647	65.99563
4330	5.70623	-24.5037	30.21	0.570867	0.429133	4.627004	0.524398	0.437046	0.303721	0.140586	0.0800409	0.0716899	0.00471799	0	0.964782	1.964422	0.4291328	0.5708672	92.13449
4340	5.06909	-21.4023	26.4714	0.977898	0.0221025	1.453433	0.516922	0.433744	0.292825	0.142839	0.0802411	0.0707551	0.00464762	0	4.703323	1.693232	0.02210246	0.9778975	49.34371
4350	5.93671	-19.6745	25.6112	0.104049	0.895951	2.806849	0.53528	0.435312	0.298601	0.142025	0.0799347	0.0729003	0.00466348	0	5.563572	1.928938	0.895951	0.104049	84.90595
4360	6.21565	-22.6818	28.8975	0.685683	0.314317	4.41079	0.534021	0.429198	0.294611	0.142951	0.0787125	0.0710447	0.00459546	0	2.277301	1.706369	0.3143168	0.6856832	50.85909
4370	5.2889	-19.8615	25.1504	0.835983	0.164017	4.255632	0.529539	0.420021	0.301749	0.140462	0.0779854	0.0706834	0.0045981	0	6.024319	1.845827	0.1640169	0.8359831	70.11757
4380	7.05773	-22.0049	29.0626	0.58637	0.41363	4.204097	0.520541	0.426142	0.298679	0.140492	0.0806262	0.0701635	0.00457898	0	2.112147	1.935974	0.4136303	0.5863697	86.29273
4390	5.09575	-21.754	26.8498	0.349078	0.650922	6.226609	0.533148	0.420512	0.301485	0.140469	0.0804432	0.0698792	0.00461062	0	4.325005	1.759055	0.6509221	0.3490779	57.41889
4400	7.23607	-21.0435	28.2796	0.915022	0.0849781	3.969515	0.521311	0.419711	0.297046	0.142119	0.0789362	0.0707151	0.00465023	0	2.895174	1.965494	0.08497806	0.9150219	92.36215
4410	3.72109	-24.0284	27.7495	0.280944	0.719056	4.061021	0.520746	0.430441	0.29732	0.140559	0.0808174	0.0702183	0.00467685	0	3.425267	1.227977	0.7190563	0.2809437	16.90352
4420	6.88016	-22.1352	29.0153	0.652437	0.347563	4.840464	0.532434	0.435171	0.299854	0.145544	0.0810924	0.0705453	0.0046567	0	2.159443	1.903373	0.3475628	0.6524372	80.05221
4430	3.27499	-24.8454	28.1204	0.853147	0.146853	3.748075	0.526785	0.439928	0.299931	0.140756	0.0779992	0.0701647	0.00455472	0	3.054378	1.242571	0.1468534	0.8531466	17.48118
4440	5.68967	-23.6073	29.297	0.402996	0.597004	2.371844	0.528502	0.428476	0.296202	0.142545	0.0795102	0.0699235	0.0046269	0	1.877773	1.733501	0.5970044	0.4029956	54.13789
4450	7.31401	-21.2496	28.5637	0.25268	0.74732	3.599673	0.511453	0.424039	0.296929	0.146013	0.0781426	0.0722499	0.00454908	0	2.611106	1.994357	0.7473205	0.2526795	98.70916
4460	5.85578	-24.3007	30.1565	0.361128	0.638872	5.846985	0.52073	0.428333	0.293389	0.14282	0.0787443	0.0708074	0.00464177	0	1.018253	1.944671	0.638872	0.361128	88.0382
4470	3.56534	-21.3139	24.8792	0.244625	0.755375	3.063982	0.523654	0.430714	0.29505	0.141196	0.0789177	0.0704196	0.00474485	0	6.295514	1.359001	0.7553747	0.2446253	22.85607
4480	5.43413	-23.6532	29.0873	0.721776	0.278224	3.00579	0.525899	0.432221	0.30073	0.140911	0.0789146	0.0720231	0.00467732	0	2.087419	1.566942	0.2782243	0.7217757	36.89287
4490	5.26503	-22.8009	28.0659	0.637496	0.362504	7.285146	0.511612	0.435462	0.307534	0.14087	0.0790683	0.0707423	0.0046124	0	3.108833	1.838611	0.3625037	0.6374963	68.96221
4500	6.78671	-22.0724	28.8591	0.675795	0.324205	4.432133	0.517452	0.439891	0.307419	0.140798	0.0789003	0.0700771	0.00464675	0	2.315656	1.843541	0.324205	0.675795	69.74955
4510	7.09487	-20.8304	27.9253	0.810937	0.189063	4.090166	0.518969	0.425296	0.304826	0.140987	0.0780071	0.0722519	0.00463978	0	3.249476	1.938466	0.189063	0.810937	86.78925
4520	5.47968	-19.3464	24.8261	0.850783	0.149217	3.581495	0.515303	0.427748	0.302402	0.140087	0.0780007	0.0699589	0.00458303	0	6.348696	1.93405	0.1492169	0.8507831	85.91118
4530	5.8057	-21.7196	27.5253	0.132198	0.867802	1.660162	0.51732	0.420161	0.307306	0.142345	0.0783968	0.0717387	0.0045995	0	3.649489	1.774545	0.8678016	0.1321984	59.50378
4540	6.38419	-21.6757	28.0599	0.382973	0.617027	2.041272	0.526637	0.421942	0.304302	0.142588	0.0782169	0.0700534	0.00461386	0	3.11488	1.923537	0.617027	0.382973	83.85663
4550	6.48556	-22.2087	28.6943	0.605643	0.394357	2.321882	0.513076	0.427859	0.301841	0.141937	0.078361	0.0697279	0.00472464	0	2.480456	1.934298	0.3943575	0.6056425	85.96041
4560	6.54254	-22.6491	29.1917	0.305967	0.694033	4.046006	0.520448	0.42459	0.307211	0.142367	0.0783018	0.0710975	0.00472234	0	1.983077	1.749512	0.6940329	0.3059671	56.17098
4570	7.15572	-20.7457	27.9014	0.0912637	0.908736	4.505485	0.536213	0.433882	0.307235	0.142504	0.0813698	0.0703212	0.00476799	0	3.273365	1.944142	0.9087363	0.09126374	87.93095
4580	7.06154	-21.6059	28.6674	0.386241	0.613759	4.891047	0.515877	0.441215	0.3039	0.141648	0.0809721	0.070615	0.0046896	0	2.507319	1.930743	0.6137587	0.3862413	85.25957
4590	5.92093	-20.9183	26.8392	0.652005	0.347995	3.396898	0.511696	0.440911	0.307836	0.143194	0.0812718	0.0731273	0.00466822	0	4.335557	1.690894	0.3479952	0.6520048	49.07877
4600	6.29779	-21.3126	27.6104	0.908946	0.0910541	5.843861	0.515502	0.425833	0.295868	0.142681	0.0811737	0.0707477	0.00457804	0	3.564369	1.998237	0.09105412	0.9089459	99.59499
4610	6.4186	-23.6453	30.0639	0.0328091	0.967191	4.613121	0.5132	0.436854	0.292748	0.144813	0.0802698	0.0710406	0.00458401	0	1.110852	1.994925	0.9671909	0.03280913	98.83816
4620	4.55965	-24.3954	28.955	0.0250973	0.974903	5.154515	0.512133	0.422384	0.297584	0.145181	0.0783899	0.0725545	0.00467027	0	2.219756	1.384036	0.9749027	0.02509728	24.21232
4630	4.48552	-21.8213	26.3069	0.331035	0.668965	6.642273	0.510813	0.425434	0.29869	0.146835	0.0785051	0.071365	0.00477356	0	4.867893	1.81908	0.6689647	0.3310353	65.9296
4640	6.2842	-23.5926	29.8768	0.549107	0.450893	3.637814	0.519256	0.438516	0.302519	0.144724	0.078742	0.0705358	0.00475561	0	1.297987	1.994172	0.4508935	0.5491065	98.66709
4650	6.84041	-20.0494	26.8898	0.980232	0.0197684	3.452246	0.514472	0.438204	0.294918	0.140321	0.0806401	0.0695419	0.00475343	0	4.284937	1.971693	0.01976841	0.9802316	93.68987
4660	4.297	-19.3551	23.6521	0.762187	0.237813	2.414634	0.516988	0.435148	0.307764	0.141692	0.0785975	0.0699196	0.00461619	0	7.522667	1.850754	0.2378128	0.7621872	70.91767
4670	5.79623	-23.7398	29.536	0.139574	0.860426	5.513313	0.512555	0.437044	0.300408	0.14561	0.0782385	0.0700904	0.00465495	0	1.638754	1.662286	0.8604256	0.1395744	45.9501
4680	7.01853	-21.8533	28.8718	0.415818	0.584182	3.981823	0.512533	0.440537	0.298662	0.147055	0.0802904	0.0713571	0.00464495	0	2.302974	1.888303	0.584182	0.415818	77.32196
4690	5.80887	-24.1021	29.911	0.861815	0.138185	5.924938	0.520649	0.437462	0.301621	0.142865	0.0787941	0.0715494	0.004567	0	1.263741	1.903048	0.1381854	0.8618146	79.9922
4700	6.29784	-22.7611	29.0589	0.204846	0.795154	6.487968	0.511948	0.422565	0.295059	0.144794	0.0782419	0.072633	0.00454447	0	2.11583	1.957961	0.7951541	0.2048459	90.77396
4710	5.03782	-21.3644	26.4022	0.272755	0.727245	1.336862	0.529216	0.425625	0.30414	0.141172	0.0796894	0.0723792	0.00471799	0	4.772539	1.680674	0.7272451	0.2727549	47.93739
4720	5.05535	-24.3643	29.4196	0.0354866	0.964513	1.483954	0.534857	0.430089	0.303114	0.144592	0.0786332	0.071555	0.0047429	0	1.755151	1.899764	0.9645134	0.03548661	79.3897
4730	7.16501	-20.526	27.691	0.105268	0.894732	4.507556	0.532448	0.440633	0.30287	0.146498	0.0803198	0.0716872	0.0046813	0	3.48374	1.983704	0.8947319	0.1052681	96.31734
4740	6.91432	-20.9055	27.8198	0.130853	0.869147	4.971219	0.515217	0.441447	0.300382	0.144373	0.0802497	0.0713589	0.00455412	0	3.354913	1.954904	0.8691472	0.1308528	90.13709
4750	3.74051	-20.5843	24.3248	0.373438	0.626562	1.952947	0.524081	0.430679	0.300848	0.147039	0.0784111	0.0712083	0.00471348	0	6.849968	1.522946	0.626562	0.373438	33.33851
4760	4.55081	-22.5374	27.0882	0.130413	0.869587	7.164062	0.536682	0.437396	0.307377	0.146751	0.0786829	0.0709115	0.00462647	0	4.08655	1.720891	0.8695869	0.1304131	52.58854
4770	3.67343	-19.9209	23.5944	0.299082	0.700918	1.507676	0.526391	0.421463	0.296269	0.144363	0.0782228	0.0723298	0.00456672	0	7.580392	1.746436	0.7009182	0.2990818	55.77452
4780	5.06989	-19.4088	24.4787	0.0194766	0.980523	3.239886	0.524464	0.421586	0.307356	0.146303	0.0812276	0.0707389	0.00460624	0	6.696037	1.851048	0.9805234	0.01947658	70.96569
4790	5.53113	-20.8378	26.369	0.158025	0.841975	5.572508	0.516261	0.441514	0.307472	0.142911	0.0789033	0.0711776	0.00454506	0	4.8058	1.895164	0.8419747	0.1580253	78.55318
4800	6.54226	-23.2027	29.745	0.911894	0.0881061	4.17271	0.514973	0.434577	0.294853	0.140469	0.0797325	0.0711823	0.00458164	0	1.42978	1.984431	0.0881061	0.9118939	96.47865
4810	6.88617	-21.0453	27.9315	0.459486	0.540514	3.418543	0.521499	0.426364	0.293277	0.140942	0.0789253	0.0698691	0.00454633	0	3.243277	1.870053	0.540514	0.459486	74.14008
4820	6.98709	-22.3652	29.3523	0.387138	0.612862	4.911448	0.526619	0.439345	0.299462	0.145129	0.0784147	0.0697412	0.00455948	0	1.822436	1.972704	0.6128618	0.3871382	93.90836
4830	5.92034	-22.518	28.4383	0.95227	0.0477305	3.69427	0.527874	0.426305	0.305677	0.146765	0.0798652	0.0707536	0.00454622	0	2.736448	1.63769	0.04773046	0.9522695	43.41999
4840	4.5171	-25.9725	30.4896	0.265017	0.734983	3.957107	0.51146	0.441654	0.296708	0.146762	0.0794243	0.0717924	0.00469593	0	0.6851631	1.976497	0.734983	0.265017	94.73214
4850	5.73042	-24.3708	30.1012	0.929689	0.0703114	4.163278	0.519479	0.435367	0.293748	0.143554	0.0780629	0.0724368	0.00468192	0	1.073573	1.961819	0.07031139	0.9296886	91.58378
4860	6.57143	-22.0352	28.6066	0.288631	0.711369	3.418086	0.527339	0.436418	0.293472	0.145307	0.0809742	0.0698725	0.00462493	0	2.568167	1.734154	0.7113694	0.2886306	54.21929
4870	5.84096	-21.8909	27.7318	0.558971	0.441029	5.561204	0.51899	0.419776	0.29912	0.144917	0.0791919	0.0727432	0.00457068	0	3.442933	1.757953	0.4410292	0.5589708	57.27341
4880	5.70547	-23.7043	29.4098	0.968527	0.0314726	4.626132	0.525939	0.432093	0.301404	0.144979	0.0802303	0.070976	0.0046599	0	1.764992	1.694701	0.03147259	0.9685274	49.51091
4890	4.98883	-20.4899	25.4788	0.405069	0.594931	3.630542	0.527796	0.431695	0.306895	0.145785	0.0803904	0.0729501	0.00464198	0	5.695981	1.641837	0.5949312	0.4050688	43.8366
4900	5.31861	-20.7798	26.0984	0.0376103	0.96239	5.266965	0.531725	0.421732	0.306842	0.145511	0.0808813	0.0698408	0.00459544	0	5.076357	1.791261	0.9623897	0.0376103	61.83885
4910	6.03164	-23.7043	29.736	0.291729	0.708271	2.786559	0.526665	0.425498	0.301456	0.141921	0.0818099	0.0709133	0.00472199	0	1.438794	1.995062	0.7082711	0.2917289	98.86938
4920	5.22609	-24.7043	29.9303	0.422112	0.577888	8.35652	0.523114	0.43082	0.302028	0.140338	0.0814525	0.0704208	0.00470489	0	1.244407	1.971848	0.5778879	0.4221121	93.7233
4930	7.35403	-21.6055	28.9595	0.00973627	0.990264	4.438419	0.528598	0.422894	0.297009	0.140319	0.0793819	0.0704755	0.00473741	0	2.215271	1.967514	0.9902637	0.00973627	92.79266
4940	6.44217	-21.4843	27.9265	0.683068	0.316932	5.415586	0.523567	0.429251	0.305428	0.140439	0.0797301	0.0710348	0.00476527	0	3.248275	1.874947	0.3169322	0.6830678	74.98031
4950	4.28741	-25.5159	29.8033	0.615209	0.384791	3.755062	0.513436	0.424998	0.303223	0.143028	0.0817863	0.069699	0.00462215	0	1.371476	1.479843	0.3847913	0.6152087	30.18858
4960	6.70555	-21.6551	28.3607	0.115398	0.884602	3.612516	0.523719	0.425716	0.296379	0.142874	0.0814381	0.0706393	0.00455836	0	2.814062	1.74612	0.8846024	0.1153976	55.73401
4970	3.77959	-23.9001	27.6797	0.44084	0.55916	1.458166	0.51146	0.434454	0.295226	0.141302	0.0806418	0.072511	0.00467019	0	3.495067	1.199415	0.5591604	0.4408396	15.82759
4980	6.99297	-20.0513	27.0443	0.258313	0.741687	3.914929	0.513803	0.429628	0.293136	0.142294	0.0813326	0.0705271	0.00470188	0	4.130466	1.988054	0.7416869	0.2583131	97.28684
4990	3.40539	-20.9294	24.3348	0.315148	0.684852	4.393382	0.51862	0.425767	0.294557	0.141713	0.0790534	0.069499	0.00466408	0	6.83993	1.511274	0.6848524	0.3151476	32.45441
5000	4.97867	-20.086	25.0646	0.806707	0.193293	2.531312	0.511424	0.430231	0.295577	0.140494	0.0782171	0.0719456	0.00467944	0	6.110133	1.729086	0.1932928	0.8067072	53.59027
