Iteration	Posterior	Likelihood	Prior	clado_type_probs[1]	clado_type_probs[2]	distance_scale	epoch_times[1]	epoch_times[2]	epoch_times[3]	epoch_times[4]	epoch_times[5]	epoch_times[6]	epoch_times[7]	epoch_times[8]	extirpation_rate	log10_rate_bg	p_allopatry	p_sympatry	rate_bg
0	-47.4585	-86.4043	38.9458	0.141825	0.858175	0.01	0.332841	0.298111	0.0893954	0.0798649	0.00849373	0.00274273	0.00066489	0	2.276569	-2	0.8581745	0.1418255	0.01
10	12.8704	-23.3079	36.1783	0.00441714	0.995583	0.02555291	0.326188	0.299661	0.0887885	0.0807837	0.00852952	0.00273458	0.000673677	0	5.044072	1.991355	0.9955829	0.004417138	98.02918
20	11.8838	-25.3054	37.1892	0.244871	0.755129	0.1612813	0.323975	0.297123	0.088609	0.0827434	0.0085828	0.00275782	0.000663942	0	4.03321	1.715543	0.7551287	0.2448713	51.94492
30	12.9585	-23.0738	36.0323	0.812788	0.187212	4.846525	0.333454	0.293598	0.0896153	0.0822683	0.00859978	0.00271881	0.000666973	0	5.190084	1.98593	0.187212	0.812788	96.81218
40	14.5812	-21.9307	36.5119	0.0378292	0.962171	3.012821	0.339301	0.292759	0.0888331	0.0808481	0.00860744	0.00266726	0.000666877	0	4.710483	1.969299	0.9621708	0.03782924	93.17488
50	13.9305	-22.6418	36.5723	0.302543	0.697457	3.334256	0.331028	0.29402	0.0903836	0.0795888	0.00865844	0.00270581	0.000674668	0	4.650108	1.925183	0.6974574	0.3025426	84.17499
60	14.2654	-23.2071	37.4725	0.273009	0.726991	2.538902	0.326781	0.295523	0.0917565	0.0829662	0.00855028	0.00273791	0.000676496	0	3.749928	1.908694	0.7269915	0.2730085	81.03895
70	13.7071	-25.6931	39.4003	0.269487	0.730513	5.097963	0.325093	0.298527	0.0897127	0.0816092	0.0083262	0.00266399	0.000674965	0	1.822122	1.965496	0.7305132	0.2694868	92.36259
80	14.1024	-24.1057	38.2081	0.116173	0.883827	2.746842	0.331574	0.297022	0.0920088	0.0796624	0.00838393	0.00267074	0.00067478	0	3.01425	1.846837	0.8838267	0.1161733	70.28086
90	12.9786	-23.1355	36.1141	0.0131233	0.986877	4.658869	0.326064	0.295418	0.0897005	0.0795976	0.00867865	0.00277013	0.000676663	0	5.108304	1.871908	0.9868767	0.01312327	74.45746
100	13.3365	-25.9514	39.2879	0.817913	0.182087	3.233515	0.333519	0.296883	0.0894176	0.0810609	0.00867952	0.00276804	0.000661067	0	1.93451	1.9512	0.1820875	0.8179125	89.37176
110	14.0458	-24.7136	38.7594	0.111143	0.888857	3.923024	0.336679	0.303798	0.0915781	0.0816748	0.00841116	0.0027257	0.000650884	0	2.462959	1.883786	0.8888574	0.1111426	76.52202
120	14.517	-22.7891	37.3062	0.246993	0.753007	2.525614	0.33506	0.303627	0.0886717	0.0832028	0.00844643	0.00277429	0.000656584	0	3.916217	1.954573	0.7530069	0.2469931	90.0686
130	14.8493	-21.9647	36.814	0.00650279	0.993497	2.619351	0.337182	0.304453	0.0882984	0.0806181	0.00842646	0.00267364	0.00065209	0	4.408413	1.990632	0.9934972	0.006502786	97.8661
140	13.2971	-22.9594	36.2565	0.893487	0.106513	2.353788	0.332137	0.302396	0.0893732	0.0818264	0.00833348	0.0026682	0.000653305	0	4.965872	1.94822	0.1065131	0.8934869	88.76049
150	13.9428	-22.7571	36.6999	0.508053	0.491947	3.715393	0.331932	0.292597	0.0901371	0.0808921	0.0084703	0.00269225	0.000650967	0	4.522507	1.972208	0.4919467	0.5080533	93.80105
160	13.4611	-24.3205	37.7816	0.88912	0.11088	4.508185	0.334911	0.292744	0.088829	0.0809893	0.00834903	0.00267396	0.000674671	0	3.440774	1.968934	0.11088	0.88912	93.09662
170	12.2957	-22.6441	34.9398	0.570044	0.429956	4.184667	0.327127	0.306234	0.0893117	0.0805741	0.00869419	0.00272516	0.000669681	0	6.282598	1.918592	0.4299561	0.5700439	82.90712
180	15.1649	-23.0695	38.2344	0.0615225	0.938477	3.160176	0.325838	0.300983	0.0915684	0.0792445	0.0086208	0.00272121	0.000672298	0	2.988027	1.969991	0.9384775	0.06152253	93.32351
190	14.6634	-23.864	38.5275	0.272058	0.727942	2.425835	0.338943	0.29719	0.0905206	0.0799271	0.00867968	0.00268996	0.000658694	0	2.694938	1.959355	0.7279419	0.2720581	91.0657
200	13.4767	-24.8838	38.3605	0.517161	0.482839	0.915634	0.338838	0.292394	0.0922145	0.0799628	0.00861965	0.00265328	0.000651938	0	2.861856	1.991027	0.4828388	0.5171612	97.95516
210	13.5469	-23.4041	36.951	0.247325	0.752675	4.815608	0.338238	0.300337	0.0883327	0.0799407	0.00870927	0.00265247	0.000660738	0	4.271387	1.934571	0.7526747	0.2473253	86.01446
220	13.7127	-25.1772	38.8899	0.417221	0.582779	3.785679	0.3267	0.293983	0.090948	0.080326	0.00849263	0.00266369	0.00066357	0	2.332512	1.898825	0.5827791	0.4172209	79.21821
230	13.9036	-25.4745	39.3781	0.575228	0.424772	2.615348	0.328563	0.298998	0.0910528	0.079667	0.00847912	0.00264816	0.000653835	0	1.844315	1.987251	0.4247721	0.5752279	97.10712
240	12.601	-23.7034	36.3044	0.155353	0.844647	2.932153	0.329575	0.292798	0.0889021	0.0822025	0.00857304	0.0027252	0.00067423	0	4.917994	1.748908	0.8446472	0.1553528	56.09294
250	13.3338	-23.9684	37.3022	0.142376	0.857624	3.899201	0.323294	0.297724	0.0896379	0.0825473	0.00842103	0.00271129	0.000681637	0	3.920186	1.825003	0.8576241	0.1423759	66.83492
260	11.5166	-21.3334	32.85	0.0477757	0.952224	2.793851	0.330384	0.292228	0.0902284	0.0823096	0.00857739	0.00276985	0.000660404	0	8.372376	1.890165	0.9522243	0.04777565	77.65414
270	13.4158	-23.2765	36.6924	0.955799	0.0442008	1.852492	0.336233	0.298546	0.0929033	0.0814233	0.00861064	0.00264344	0.000679695	0	4.530033	1.957034	0.04420075	0.9557992	90.58045
280	13.941	-22.2635	36.2045	0.245093	0.754907	3.20626	0.339222	0.300852	0.0926671	0.0804937	0.00852787	0.00274164	0.000668604	0	5.01792	1.942201	0.7549071	0.2450929	87.53885
290	13.2003	-22.3917	35.592	0.0280517	0.971948	1.860773	0.333983	0.303836	0.0905333	0.0814463	0.00846081	0.0026503	0.000679549	0	5.630427	1.843126	0.9719483	0.02805174	69.68289
300	12.3588	-27.1848	39.5437	1.22269e-05	0.999988	0.9512896	0.333926	0.295446	0.0883918	0.0793611	0.00840891	0.00265241	0.000663185	0	1.67873	1.720395	0.9999878	1.222687e-05	52.52845
310	12.9013	-25.7987	38.7	0.297394	0.702606	0.6610006	0.330947	0.299454	0.0918425	0.0790865	0.008674	0.00276116	0.000673837	0	2.522343	1.865286	0.7026063	0.2973937	73.33068
320	13.995	-23.4322	37.4271	0.971844	0.0281564	2.952683	0.323465	0.303856	0.0897494	0.0800831	0.00863286	0.00275521	0.000676716	0	3.795245	1.985378	0.02815635	0.9718436	96.68918
330	12.2831	-22.734	35.0171	0.761093	0.238907	4.8166	0.327551	0.304669	0.0909298	0.0802407	0.00834942	0.0026578	0.000671322	0	6.205328	1.974819	0.2389071	0.7610929	94.36679
340	11.7154	-27.8881	39.6035	0.619381	0.380619	6.122389	0.339936	0.303175	0.0883832	0.0802516	0.00831326	0.00274963	0.000677694	0	1.618936	1.930343	0.3806187	0.6193813	85.18097
350	13.392	-25.7461	39.1381	0.635231	0.364769	2.81997	0.332618	0.304687	0.0915636	0.0795118	0.0084145	0.00274672	0.000660575	0	2.084262	1.906942	0.3647691	0.6352309	80.71281
360	14.2555	-22.9565	37.2119	0.183303	0.816697	4.402305	0.325045	0.301036	0.0902346	0.0820238	0.00871155	0.00274522	0.000657409	0	4.010454	1.96356	0.8166965	0.1833035	91.95166
370	14.1876	-22.441	36.6286	0.0323058	0.967694	1.758963	0.335072	0.306991	0.0900641	0.0820012	0.0084643	0.00276077	0.00065005	0	4.59374	1.932592	0.9676942	0.03230576	85.62338
380	10.0177	-25.4183	35.436	0.0723983	0.927602	6.786225	0.327602	0.304904	0.0908296	0.0802004	0.00838941	0.00274478	0.000649098	0	5.786431	1.827981	0.9276017	0.07239827	67.29479
390	13.0531	-26.4956	39.5487	0.683775	0.316225	3.187213	0.328361	0.300517	0.0894421	0.0798341	0.0086315	0.00271809	0.000649951	0	1.673646	1.926664	0.316225	0.683775	84.46256
400	15.0135	-23.394	38.4074	0.0410397	0.95896	4.141134	0.337943	0.306432	0.0896913	0.0819692	0.00849164	0.00270615	0.000662883	0	2.814969	1.981679	0.9589603	0.04103967	95.86919
410	13.8924	-25.1685	39.0608	0.236896	0.763104	2.526658	0.330872	0.301103	0.0882696	0.0819242	0.00851677	0.0027533	0.000669897	0	2.161541	1.867368	0.7631043	0.2368957	73.68317
420	12.6756	-21.6227	34.2983	0.267696	0.732304	1.72434	0.339689	0.301748	0.088784	0.0824932	0.00854883	0.00267935	0.000681525	0	6.924129	1.944204	0.7323036	0.2676964	87.94363
430	14.857	-23.1357	37.9926	0.0219763	0.978024	1.664777	0.334	0.306578	0.0923438	0.0799839	0.0085225	0.00272133	0.000682088	0	3.229752	1.971404	0.9780237	0.0219763	93.62761
440	12.3331	-26.8194	39.1524	0.181206	0.818794	0.1967573	0.334169	0.304116	0.090917	0.0816383	0.0086392	0.00268834	0.000677326	0	2.069976	1.89857	0.8187938	0.1812062	79.17174
450	12.2582	-25.7903	38.0485	0.587032	0.412968	3.543288	0.333592	0.303179	0.0900612	0.0828378	0.00839554	0.00271951	0.000676715	0	3.173909	1.760034	0.4129678	0.5870322	57.54847
460	8.67863	-29.3165	37.9951	0.20003	0.79997	6.72733	0.327711	0.306909	0.0901014	0.083122	0.00836401	0.00274114	0.000672646	0	3.227299	1.634398	0.7999697	0.2000303	43.09215
470	12.7772	-23.3716	36.1487	0.960576	0.039424	2.744712	0.326423	0.298681	0.0903062	0.0830267	0.00839352	0.00277079	0.000652968	0	5.07364	1.899411	0.03942404	0.960576	79.32516
480	12.7455	-23.4153	36.1609	0.177941	0.822059	1.513943	0.326743	0.292485	0.0909037	0.0821728	0.00836888	0.00268104	0.00066637	0	5.061539	1.776896	0.8220586	0.1779414	59.8268
490	13.6909	-23.4643	37.1552	0.513887	0.486113	2.875461	0.331058	0.294222	0.0889424	0.0821126	0.00829594	0.00270192	0.000649399	0	4.067206	1.904828	0.4861134	0.5138866	80.32083
500	14.5747	-23.0312	37.606	0.136348	0.863652	3.794341	0.331614	0.29842	0.0899739	0.0816955	0.00860037	0.00273291	0.00065099	0	3.616406	1.95069	0.8636517	0.1363483	89.26691
510	11.7279	-23.9357	35.6635	0.62268	0.37732	4.263812	0.327721	0.302654	0.0883398	0.0814595	0.00843397	0.00267745	0.000649765	0	5.558859	1.837725	0.3773202	0.6226798	68.82163
520	8.19951	-31.6547	39.8542	0.434312	0.565688	6.065381	0.326368	0.30209	0.0895325	0.081439	0.0083986	0.00264706	0.000655892	0	1.368142	1.65057	0.5656884	0.4343116	44.72702
530	12.2256	-25.8546	38.0802	0.45543	0.54457	2.013167	0.325764	0.30252	0.0910891	0.0810197	0.00846958	0.00264326	0.000655436	0	3.1422	1.701282	0.5445698	0.4554302	50.26691
540	11.1939	-26.8988	38.0928	0.0644553	0.935545	4.382851	0.324424	0.294226	0.0913616	0.081036	0.00831077	0.00273052	0.000657325	0	3.129629	1.627097	0.9355447	0.0644553	42.37376
550	13.1831	-25.5984	38.7815	0.645462	0.354538	5.744854	0.323505	0.302699	0.0911682	0.081357	0.0085417	0.00275836	0.000652289	0	2.440938	1.988655	0.3545379	0.6454621	97.42157
560	12.2759	-23.0155	35.2915	0.840159	0.159841	3.849736	0.325357	0.298273	0.0896984	0.0827088	0.00870707	0.00272486	0.000665886	0	5.930935	1.903841	0.1598407	0.8401593	80.13845
570	10.8901	-27.3864	38.2764	0.94256	0.0574398	1.688932	0.335026	0.304875	0.0915249	0.0829201	0.00829581	0.00272654	0.000676396	0	2.945943	1.685823	0.05743983	0.9425602	48.5091
580	13.6477	-25.1877	38.8355	0.0464381	0.953562	3.986312	0.337467	0.29733	0.0918041	0.0805947	0.00830668	0.00266096	0.000673459	0	2.386936	1.831978	0.9535619	0.04643807	67.91696
590	14.0288	-23.3687	37.3975	0.722337	0.277663	2.689737	0.335439	0.296995	0.0908587	0.0828219	0.00848237	0.00263847	0.000671843	0	3.824936	1.959615	0.2776632	0.7223368	91.12028
600	14.6247	-24.4792	39.104	0.216512	0.783488	2.672464	0.339076	0.2924	0.0884631	0.0805063	0.00840802	0.00264335	0.000657117	0	2.11842	1.969422	0.7834879	0.2165121	93.2012
610	13.0099	-26.3373	39.3472	0.379705	0.620295	6.223664	0.32955	0.296541	0.0890209	0.0813862	0.00839044	0.00267908	0.000674841	0	1.87518	1.988796	0.6202951	0.3797049	97.45319
620	12.7952	-24.0291	36.8243	0.829456	0.170544	1.767209	0.328502	0.298755	0.0903915	0.0795409	0.00844333	0.00265906	0.000667241	0	4.398064	1.862591	0.1705443	0.8294557	72.87714
630	13.4019	-22.9383	36.3402	0.970322	0.0296779	3.951883	0.328631	0.295166	0.0892912	0.0806222	0.0086064	0.00270068	0.000677095	0	4.882147	1.981047	0.02967794	0.9703221	95.72982
640	12.4265	-24.0953	36.5218	0.0486166	0.951383	3.416772	0.330584	0.306194	0.0921893	0.0828899	0.00864564	0.00267213	0.000664764	0	4.700607	1.724255	0.9513834	0.04861663	52.99745
650	11.073	-26.9746	38.0475	0.823579	0.176421	6.715817	0.334395	0.299973	0.0910558	0.0801077	0.00848551	0.00264694	0.0006489	0	3.17484	1.904498	0.1764208	0.8235792	80.25972
660	14.0766	-24.8299	38.9065	0.0256463	0.974354	2.525471	0.332422	0.300398	0.0915684	0.0791011	0.00841837	0.00265331	0.000657804	0	2.315861	1.839279	0.9743537	0.02564626	69.06836
670	13.5559	-24.9665	38.5224	0.767544	0.232456	3.379968	0.332675	0.295329	0.0897017	0.0805377	0.00863549	0.00265138	0.000657061	0	2.70003	1.922038	0.2324564	0.7675436	83.56762
680	12.7137	-24.9429	37.6566	0.597305	0.402695	4.572783	0.325075	0.302891	0.0892063	0.0812355	0.00868084	0.00266535	0.000660208	0	3.565821	1.861093	0.4026946	0.5973054	72.62616
690	9.81731	-26.1706	35.9879	0.249941	0.750059	6.943307	0.332799	0.295895	0.0884315	0.0796798	0.00834932	0.00268782	0.000671416	0	5.234478	1.813228	0.7500592	0.2499408	65.04708
700	14.0834	-23.7542	37.8376	0.712656	0.287344	1.931009	0.329061	0.301898	0.0894166	0.0808748	0.00834773	0.00264219	0.000675872	0	3.384792	1.985455	0.287344	0.712656	96.70631
710	14.3611	-23.3939	37.755	0.581633	0.418367	3.107749	0.326329	0.299042	0.0903182	0.0817725	0.00861058	0.00263703	0.000678552	0	3.467408	1.966909	0.4183666	0.5816334	92.66347
720	13.7923	-22.7929	36.5852	0.778095	0.221905	3.859903	0.331987	0.298331	0.0883203	0.0820561	0.00870432	0.00272266	0.000679155	0	4.637177	1.985349	0.221905	0.778095	96.68277
730	13.9677	-22.5735	36.5412	0.274942	0.725058	1.351208	0.334031	0.305272	0.0908444	0.079902	0.00851522	0.00272866	0.000679494	0	4.681213	1.985508	0.7250579	0.2749421	96.71805
740	14.2227	-23.099	37.3217	0.456409	0.543591	2.156693	0.324414	0.304682	0.0915455	0.0802661	0.00847939	0.00265066	0.000676084	0	3.900664	1.955121	0.5435908	0.4564092	90.18233
750	10.8429	-27.8582	38.7011	0.837177	0.162823	6.674952	0.332957	0.298769	0.0888587	0.0799064	0.00863423	0.0026477	0.000659325	0	2.521289	1.888317	0.1628229	0.8371771	77.32453
760	12.5245	-22.4929	35.0174	0.776629	0.223371	1.254937	0.329614	0.30041	0.0913162	0.0799273	0.00848496	0.00270275	0.000671181	0	6.204999	1.95576	0.2233714	0.7766286	90.31506
770	13.9511	-22.6942	36.6453	0.767301	0.232699	2.401541	0.335787	0.306662	0.0915414	0.081193	0.00859208	0.00268513	0.000675083	0	4.577127	1.985484	0.2326994	0.7673006	96.71288
780	14.7124	-22.8559	37.5683	0.157716	0.842284	3.232497	0.332619	0.305135	0.0901008	0.0813116	0.00847266	0.00269814	0.000680645	0	3.654124	1.948825	0.8422843	0.1577157	88.88423
790	14.4661	-22.4911	36.9572	0.181866	0.818134	3.785185	0.324474	0.29212	0.0890965	0.0813242	0.00871443	0.00272468	0.000678559	0	4.265207	1.96399	0.8181341	0.1818659	92.04288
800	13.2894	-23.0325	36.3219	0.403287	0.596713	4.125092	0.330506	0.291903	0.0905109	0.0819974	0.00855229	0.00267509	0.000658871	0	4.900517	1.921846	0.5967126	0.4032874	83.53068
810	13.0334	-24.1739	37.2074	0.299174	0.700826	4.125046	0.337461	0.293414	0.0926227	0.0819176	0.00864839	0.00268641	0.000667098	0	4.015019	1.833932	0.700826	0.299174	68.22313
820	7.9135	-25.8332	33.7467	0.254367	0.745633	4.380115	0.336946	0.295431	0.092294	0.0798339	0.0086008	0.0026452	0.000648607	0	7.475726	1.562314	0.745633	0.254367	36.50181
830	12.4543	-22.5788	35.033	0.367202	0.632798	5.229754	0.325676	0.299507	0.0927573	0.079293	0.00852306	0.00264073	0.00065144	0	6.189345	1.988643	0.6327978	0.3672022	97.4188
840	14.693	-22.8214	37.5144	0.0179339	0.982066	1.585128	0.32441	0.301277	0.0912816	0.0794553	0.00869538	0.00269041	0.000650229	0	3.708014	1.978973	0.9820661	0.01793394	95.27376
850	12.5623	-22.6061	35.1684	0.581934	0.418066	2.45399	0.324545	0.306562	0.0916131	0.0792343	0.00859568	0.0027098	0.000670317	0	6.053972	1.875032	0.4180657	0.5819343	74.99491
860	13.6947	-22.1661	35.8608	0.290759	0.709241	1.859342	0.326625	0.302304	0.0919026	0.0792912	0.0083713	0.00273775	0.000667257	0	5.36156	1.957218	0.7092413	0.2907587	90.61872
870	13.8734	-25.0911	38.9645	0.299032	0.700968	2.950398	0.327421	0.302689	0.0892188	0.080145	0.0084714	0.00274712	0.0006783	0	2.257854	1.870899	0.7009681	0.2990319	74.28464
880	14.1411	-21.8188	35.96	0.308833	0.691167	3.027848	0.326045	0.292284	0.0895287	0.0798637	0.00861737	0.00270243	0.000660801	0	5.262419	1.995089	0.6911674	0.3088326	98.87557
890	13.1388	-26.735	39.8738	0.350764	0.649236	1.932475	0.323603	0.299849	0.0887922	0.0804903	0.00859083	0.00275962	0.000659513	0	1.348627	1.963042	0.6492358	0.3507642	91.84224
900	13.7311	-22.6572	36.3882	0.890543	0.109457	3.230408	0.326434	0.293155	0.0898895	0.0808328	0.00865634	0.00272057	0.000655331	0	4.834144	1.989342	0.1094571	0.8905429	97.57572
910	14.1248	-22.4257	36.5505	0.398424	0.601576	2.671148	0.333089	0.295919	0.0912024	0.0792829	0.00845774	0.00268374	0.000660383	0	4.671892	1.965528	0.6015757	0.3984243	92.36929
920	13.6719	-22.8761	36.548	0.162484	0.837516	3.347935	0.327154	0.302225	0.0915474	0.0824845	0.00840872	0.00264107	0.000648208	0	4.67434	1.88915	0.8375158	0.1624842	77.47293
930	10.5746	-29.6968	40.2714	0.601579	0.398421	3.09023	0.331546	0.295976	0.0897058	0.082757	0.00848896	0.00264066	0.000675345	0	0.9510326	1.816088	0.398421	0.601579	65.4769
940	14.3435	-24.2516	38.5951	0.171274	0.828726	4.233993	0.326454	0.296309	0.0916543	0.0795186	0.00835466	0.00277384	0.000667209	0	2.627319	1.93455	0.8287257	0.1712743	86.01011
950	13.3199	-26.2964	39.6163	0.524205	0.475795	3.462627	0.327612	0.292376	0.0884869	0.0796463	0.00848735	0.00276407	0.000667895	0	1.60605	1.927026	0.4757948	0.5242052	84.53286
960	14.3176	-24.1284	38.446	0.297155	0.702845	2.002684	0.331983	0.302629	0.0885783	0.0831239	0.00834316	0.00275413	0.000654035	0	2.776395	1.939485	0.7028449	0.2971551	86.99316
970	12.8429	-25.449	38.2919	0.754044	0.245956	4.768063	0.335569	0.302526	0.0919527	0.0830675	0.00860873	0.0027091	0.000648892	0	2.930441	1.906661	0.2459564	0.7540436	80.66044
980	13.3315	-22.6083	35.9398	0.421252	0.578748	4.693917	0.33207	0.304355	0.0894913	0.0824566	0.00871625	0.00266832	0.000654916	0	5.282582	1.983501	0.5787483	0.4212517	96.27225
990	12.82	-25.5548	38.3747	0.381245	0.618755	1.462755	0.329754	0.300544	0.0904344	0.0825386	0.00869204	0.00268227	0.000670513	0	2.847668	1.765289	0.6187549	0.3812451	58.24904
1000	14.0409	-24.1811	38.222	0.133103	0.866897	5.114554	0.326402	0.301115	0.0921636	0.081821	0.00846611	0.00276176	0.000678133	0	3.000393	1.945271	0.8668966	0.1331034	88.15992
1010	13.4945	-24.4898	37.9844	0.666979	0.333021	1.632678	0.327949	0.301164	0.0887265	0.0816789	0.00851431	0.00275789	0.000681769	0	3.238021	1.907377	0.3330214	0.6669786	80.79364
1020	13.0169	-25.3854	38.4023	0.129175	0.870825	1.550078	0.327898	0.29991	0.0892875	0.0829352	0.00864299	0.00270584	0.000681138	0	2.820091	1.713925	0.8708253	0.1291747	51.75174
1030	12.3582	-23.2714	35.6296	0.854557	0.145443	2.068054	0.325471	0.301569	0.0898049	0.0822779	0.00855964	0.00273923	0.000659997	0	5.592837	1.860117	0.1454426	0.8545574	72.46309
1040	11.6924	-25.8147	37.5071	0.0338958	0.966104	6.377427	0.326314	0.294829	0.0914304	0.0823299	0.00844186	0.00275349	0.000660947	0	3.715265	1.831937	0.9661042	0.03389585	67.91046
1050	13.8261	-23.7453	37.5713	0.27984	0.72016	2.894453	0.326503	0.296485	0.091275	0.0794249	0.00847417	0.00276714	0.000658401	0	3.651062	1.86018	0.7201598	0.2798402	72.4736
1060	13.8786	-24.5653	38.4439	0.644201	0.355799	2.947306	0.324858	0.29225	0.0908574	0.0824854	0.00842789	0.00271851	0.000655196	0	2.778513	1.930048	0.3557988	0.6442012	85.12324
1070	13.4445	-23.3015	36.746	0.448105	0.551895	3.717839	0.331051	0.298747	0.0915727	0.0825826	0.00833582	0.00266338	0.000655012	0	4.476375	1.908027	0.5518946	0.4481054	80.9146
1080	11.1571	-26.1518	37.3089	0.347676	0.652324	3.079031	0.33515	0.2961	0.0900442	0.0792028	0.00852836	0.00275411	0.000648826	0	3.913514	1.606691	0.6523236	0.3476764	40.42886
1090	14.2719	-23.8855	38.1573	0.674063	0.325937	3.704998	0.339561	0.297471	0.0918503	0.0813111	0.00835608	0.00274784	0.000654013	0	3.065066	1.990008	0.325937	0.674063	97.72552
1100	13.5221	-25.2915	38.8136	0.166563	0.833437	4.991736	0.32682	0.297163	0.0922746	0.0817754	0.00845853	0.00275076	0.000648907	0	2.408778	1.899863	0.8334374	0.1665626	79.40784
1110	14.1971	-24.8051	39.0021	0.0993942	0.900606	1.757726	0.332812	0.292968	0.0924666	0.0820241	0.0085112	0.00270962	0.00064878	0	2.22025	1.91434	0.9006058	0.09939421	82.09949
1120	11.4815	-26.1122	37.5937	0.625359	0.374641	7.111382	0.338399	0.293447	0.0910582	0.0830639	0.00832842	0.00272433	0.000655373	0	3.628706	1.949126	0.3746407	0.6253593	88.94583
1130	13.6269	-21.768	35.395	0.264184	0.735816	2.8887	0.338774	0.295336	0.0891623	0.0816152	0.00836115	0.00273986	0.000665536	0	5.827435	1.96512	0.735816	0.264184	92.28269
1140	11.6115	-23.8709	35.4824	0.591837	0.408163	1.529494	0.331496	0.302181	0.0896744	0.0806871	0.00828416	0.00275949	0.000650478	0	5.739991	1.752759	0.408163	0.591837	56.59253
1150	10.666	-24.4315	35.0975	0.838695	0.161305	4.664939	0.331734	0.303846	0.0887952	0.0818992	0.00840567	0.00274544	0.000648437	0	6.12493	1.818096	0.1613053	0.8386947	65.78038
1160	12.9036	-24.489	37.3926	0.939336	0.0606636	1.304349	0.334259	0.302568	0.0909154	0.0803005	0.00869643	0.00277482	0.000655283	0	3.829759	1.914642	0.06066358	0.9393364	82.15656
1170	14.6188	-23.3864	38.0052	0.197054	0.802946	2.04191	0.337026	0.305841	0.0927051	0.0828463	0.00871509	0.00269353	0.000673993	0	3.217221	1.944757	0.8029458	0.1970542	88.05568
1180	12.2872	-22.9648	35.252	0.774132	0.225868	1.430295	0.336881	0.305077	0.0925833	0.0825522	0.0084792	0.00266316	0.000677099	0	5.970437	1.882893	0.2258678	0.7741322	76.36473
1190	14.3744	-24.5927	38.9671	0.0468826	0.953117	4.756203	0.32962	0.306957	0.090861	0.0827943	0.0083567	0.00273064	0.000666119	0	2.255294	1.952342	0.9531174	0.04688262	89.60693
1200	12.7971	-25.798	38.5951	0.0142257	0.985774	2.844697	0.331616	0.298518	0.0897137	0.0823526	0.00829624	0.0026998	0.000667814	0	2.627328	1.680261	0.9857743	0.01422567	47.89182
1210	11.6795	-22.4541	34.1335	0.350243	0.649757	2.11461	0.324238	0.297261	0.090727	0.0830827	0.00837163	0.00268165	0.000679534	0	7.088879	1.813774	0.6497572	0.3502428	65.12894
1220	14.6342	-24.7427	39.3769	0.145358	0.854642	3.901973	0.328312	0.301897	0.089386	0.0830326	0.0082853	0.00276967	0.000672279	0	1.845456	1.980328	0.8546422	0.1453578	95.57141
1230	13.2729	-23.1038	36.3767	0.190008	0.809992	2.510032	0.328555	0.305617	0.0919943	0.0818199	0.00849728	0.00275375	0.000673273	0	4.845697	1.821131	0.8099918	0.1900082	66.24164
1240	13.4052	-22.1367	35.5419	0.0702419	0.929758	3.604608	0.337947	0.305731	0.0913616	0.0816647	0.00851832	0.00265733	0.000678944	0	5.680456	1.911143	0.9297581	0.07024193	81.49732
1250	11.9469	-25.9491	37.896	0.619653	0.380347	1.149517	0.339523	0.299549	0.0913552	0.0796774	0.00843385	0.00267976	0.000672191	0	3.326369	1.725221	0.3803473	0.6196527	53.11542
1260	12.6657	-22.1105	34.7761	0.232817	0.767183	2.376237	0.339828	0.305385	0.0914241	0.0802505	0.00861979	0.00265358	0.000665568	0	6.446248	1.874197	0.767183	0.232817	74.85089
1270	8.67924	-28.8445	37.5237	0.209952	0.790048	1.979039	0.333156	0.303556	0.0914179	0.0819705	0.00828841	0.0026837	0.000658354	0	3.698643	1.283525	0.7900482	0.2099518	19.20987
1280	11.0447	-25.1749	36.2196	0.103332	0.896668	1.757407	0.331785	0.306111	0.0919424	0.0803534	0.00847686	0.00271314	0.00065345	0	5.002761	1.540245	0.8966675	0.1033325	34.69322
1290	12.9264	-25.4096	38.336	0.248712	0.751288	3.534116	0.329803	0.306294	0.0915382	0.0813046	0.00836075	0.00273694	0.000665227	0	2.886405	1.767698	0.7512877	0.2487123	58.57309
1300	13.9425	-23.6715	37.614	0.14027	0.85973	1.368022	0.332195	0.299986	0.0910027	0.0805214	0.00871055	0.00271452	0.000677112	0	3.608428	1.877232	0.8597302	0.1402698	75.37581
1310	14.0243	-25.6204	39.6447	0.130986	0.869014	5.012494	0.325485	0.296964	0.0927231	0.0801354	0.00838725	0.00276486	0.000653388	0	1.5777	1.991524	0.869014	0.130986	98.0673
1320	12.2599	-27.4007	39.6606	0.419325	0.580675	2.340678	0.331379	0.293087	0.0909753	0.0817765	0.00865831	0.00270187	0.000656598	0	1.561818	1.793268	0.5806748	0.4193252	62.12523
1330	14.2502	-22.2338	36.484	0.0362141	0.963786	2.084466	0.339348	0.302857	0.0919989	0.0816201	0.00860476	0.00266596	0.000680313	0	4.738358	1.925425	0.9637859	0.03621406	84.22193
1340	12.7666	-26.3233	39.09	0.627439	0.372561	4.32211	0.337359	0.299184	0.0911859	0.0830028	0.00866219	0.00267238	0.000680631	0	2.132428	1.86864	0.3725612	0.6274388	73.89926
1350	13.52	-26.1298	39.6497	0.136801	0.863199	4.921123	0.324609	0.29945	0.0903679	0.0831957	0.00845451	0.00264334	0.000676751	0	1.572674	1.93232	0.8631995	0.1368005	85.56963
1360	12.0976	-22.1864	34.2839	0.864082	0.135918	2.294731	0.331832	0.300562	0.090614	0.0818756	0.00862369	0.00265119	0.000660385	0	6.938463	1.920004	0.1359184	0.8640816	83.17724
1370	10.765	-28.8537	39.6187	0.184656	0.815344	2.130185	0.330224	0.300538	0.0912378	0.0825106	0.00850184	0.00269926	0.000649963	0	1.60371	1.546136	0.8153443	0.1846557	35.16706
1380	14.1294	-22.2524	36.3818	0.147164	0.852836	3.863132	0.335329	0.296903	0.0905307	0.082732	0.00846157	0.00269482	0.000653552	0	4.840625	1.970571	0.8528361	0.1471639	93.44811
1390	9.61996	-30.2328	39.8527	0.524384	0.475616	2.664662	0.332341	0.293513	0.0917483	0.0811232	0.0084795	0.00274692	0.000681012	0	1.369641	1.57575	0.4756164	0.5243836	37.64872
1400	13.4433	-24.5245	37.9678	0.70779	0.29221	3.257148	0.328028	0.296918	0.0928965	0.0811227	0.00830691	0.00263874	0.000678919	0	3.254564	1.891109	0.2922099	0.7077901	77.82324
1410	12.7059	-25.6253	38.3311	0.580443	0.419557	4.139534	0.330586	0.296068	0.0928441	0.081553	0.00841071	0.00267681	0.000681432	0	2.891251	1.82889	0.4195571	0.5804429	67.43573
1420	13.9779	-22.3131	36.291	0.0460623	0.953938	4.445492	0.330699	0.29587	0.0928724	0.0822527	0.00852673	0.00273625	0.000661905	0	4.931345	1.971309	0.9539377	0.04606233	93.60704
1430	14.3002	-24.8934	39.1936	0.125447	0.874553	1.925808	0.339482	0.303509	0.0923363	0.0817473	0.00845566	0.00266721	0.000649854	0	2.028775	1.946587	0.8745533	0.1254467	88.42737
1440	12.4664	-24.1237	36.5901	0.772754	0.227246	0.7463115	0.331419	0.292494	0.0928323	0.0798968	0.0085876	0.0026381	0.000648149	0	4.632282	1.90575	0.227246	0.772754	80.49146
1450	12.6901	-24.2226	36.9128	0.335321	0.664679	0.6485475	0.329589	0.29298	0.0904586	0.0818153	0.0086269	0.00269841	0.00065074	0	4.309635	1.83943	0.6646787	0.3353213	69.09241
1460	13.6942	-23.7726	37.4669	0.830839	0.169161	2.566301	0.331006	0.297532	0.0912694	0.0800422	0.0083771	0.00265016	0.000651326	0	3.755533	1.943696	0.1691611	0.8308389	87.84072
1470	9.25315	-27.6932	36.9464	0.610789	0.389211	9.463512	0.324898	0.292044	0.0918877	0.080983	0.00845459	0.0026415	0.000659324	0	4.275997	1.985215	0.3892112	0.6107888	96.65282
1480	9.08197	-28.8908	37.9728	0.952163	0.0478371	4.524148	0.326621	0.295869	0.0919341	0.0830737	0.00839277	0.00267869	0.000663304	0	3.249574	1.628011	0.04783706	0.9521629	42.46301
1490	13.1435	-25.9171	39.0606	0.00980439	0.990196	2.101778	0.328859	0.304549	0.0919786	0.0797491	0.00856682	0.00266799	0.00067943	0	2.161822	1.712373	0.9901956	0.009804389	51.56715
1500	14.3723	-25.4058	39.7781	0.168476	0.831524	3.154102	0.332412	0.300078	0.0894053	0.0806301	0.00844755	0.00270588	0.000679221	0	1.444281	1.993598	0.8315236	0.1684764	98.53675
1510	12.8495	-26.4405	39.29	0.886673	0.113327	3.31701	0.337465	0.29727	0.0889702	0.0814458	0.00858502	0.00274126	0.000657846	0	1.932369	1.923	0.1133265	0.8866735	83.75299
1520	11.5539	-22.2662	33.8201	0.463554	0.536446	0.9213214	0.333434	0.301173	0.0906007	0.0825476	0.00856643	0.00275761	0.000648599	0	7.402319	1.910683	0.5364461	0.4635539	81.411
1530	11.244	-26.1484	37.3924	0.882319	0.117681	6.303225	0.323876	0.306917	0.0907132	0.0825467	0.00836481	0.00276092	0.000663362	0	3.829958	1.898941	0.1176809	0.8823191	79.23932
1540	12.9262	-22.67	35.5962	0.499537	0.500463	5.058773	0.327234	0.303739	0.0924541	0.0818622	0.00844301	0.00276359	0.000671968	0	5.626169	1.994753	0.5004632	0.4995368	98.79915
1550	13.4846	-25.5234	39.008	0.28478	0.71522	3.394733	0.326603	0.299282	0.0902911	0.0815916	0.00858073	0.00264959	0.000671405	0	2.214365	1.838113	0.7152201	0.2847799	68.88322
1560	14.0611	-24.352	38.4131	0.0126539	0.987346	2.607469	0.323875	0.306926	0.0888827	0.0795442	0.00866766	0.00268817	0.000664278	0	2.809299	1.813581	0.9873461	0.01265395	65.09993
1570	12.9121	-26.4932	39.4052	0.216178	0.783822	3.210307	0.328075	0.306839	0.0900981	0.0802772	0.00852507	0.00272952	0.000650087	0	1.817176	1.789819	0.783822	0.216178	61.63385
1580	14.5433	-22.0441	36.5874	0.142545	0.857455	2.807345	0.32673	0.299622	0.09027	0.0818128	0.00842147	0.00275414	0.000656407	0	4.634981	1.981724	0.8574549	0.1425451	95.87916
1590	13.6294	-22.8982	36.5276	0.104699	0.895301	2.435959	0.328713	0.29874	0.0897901	0.0817685	0.0082828	0.00273629	0.000654657	0	4.694789	1.852983	0.8953013	0.1046987	71.28243
1600	12.7943	-25.5334	38.3277	0.815979	0.184021	4.824701	0.339799	0.294061	0.0928395	0.0799628	0.00845588	0.00269749	0.000671364	0	2.894664	1.913385	0.1840214	0.8159786	81.91903
1610	13.3418	-24.5549	37.8967	0.593702	0.406298	3.281999	0.324996	0.297402	0.0928633	0.0800362	0.00860456	0.00264256	0.000676746	0	3.325708	1.857287	0.406298	0.593702	71.99246
1620	14.0361	-23.5711	37.6072	0.429503	0.570497	3.689368	0.334216	0.29927	0.0912013	0.0797177	0.00858982	0.00272676	0.000669977	0	3.615221	1.925507	0.5704966	0.4295034	84.23789
1630	10.7629	-28.0364	38.7993	0.363077	0.636923	8.487989	0.32522	0.29625	0.0890275	0.0806567	0.00835643	0.00276758	0.000659783	0	2.42305	1.968365	0.6369226	0.3630774	92.97471
1640	10.8818	-23.4561	34.3379	0.578908	0.421092	3.70224	0.325988	0.291906	0.0888671	0.0826633	0.0084159	0.0027587	0.000661726	0	6.884515	1.793503	0.4210916	0.5789084	62.15882
1650	13.0266	-22.9366	35.9633	0.343892	0.656108	2.319654	0.326518	0.29205	0.088433	0.0804492	0.00836906	0.00269633	0.000662101	0	5.259134	1.8494	0.6561079	0.3438921	70.69689
1660	12.6025	-21.0882	33.6907	0.307965	0.692035	2.007746	0.328157	0.300117	0.0888385	0.0818464	0.00868234	0.00263704	0.000681736	0	7.531683	1.997055	0.6920349	0.3079651	99.32424
1670	14.4358	-24.673	39.1088	0.135016	0.864984	4.731932	0.334429	0.305603	0.0917069	0.0828498	0.00845607	0.00267112	0.000680181	0	2.113594	1.972945	0.8649838	0.1350162	93.96043
1680	12.8145	-26.7554	39.5699	0.451902	0.548098	4.395772	0.339082	0.301442	0.0913373	0.0825261	0.00849665	0.00269339	0.000670978	0	1.652528	1.886518	0.5480979	0.4519021	77.00482
1690	11.3606	-24.92	36.2805	0.249684	0.750316	2.698447	0.33607	0.300845	0.0913078	0.0799234	0.00871506	0.00267809	0.000666947	0	4.941874	1.62447	0.7503159	0.2496841	42.11821
1700	12.8943	-23.5454	36.4396	0.0693731	0.930627	1.115294	0.339247	0.298958	0.0906588	0.0806437	0.00852714	0.00266346	0.000665133	0	4.782767	1.772529	0.9306269	0.06937306	59.22821
1710	13.7161	-24.6262	38.3423	0.643348	0.356652	1.515935	0.327319	0.29449	0.0909451	0.0791042	0.00864263	0.00269023	0.00066013	0	2.880043	1.962586	0.3566521	0.6433479	91.74583
1720	12.6632	-25.114	37.7772	0.143725	0.856275	6.96459	0.323465	0.293922	0.0927638	0.0817079	0.00870182	0.00266041	0.000665835	0	3.445183	1.968918	0.8562748	0.1437252	93.0933
1730	14.9018	-23.5957	38.4975	0.131944	0.868056	2.391993	0.332354	0.294875	0.0917547	0.0812041	0.00871014	0.00266159	0.000648818	0	2.724844	1.967126	0.8680564	0.1319436	92.70991
1740	13.5183	-26.2432	39.7615	0.226506	0.773494	4.07488	0.336145	0.300037	0.0916861	0.0805478	0.00863102	0.00271454	0.000662756	0	1.460894	1.920832	0.7734944	0.2265056	83.33584
1750	9.23563	-29.6349	38.8705	0.392883	0.607117	4.345719	0.332322	0.292812	0.0928221	0.0792214	0.00861089	0.00266783	0.000658194	0	2.351854	1.521603	0.6071171	0.3928829	33.23553
1760	12.3908	-27.1313	39.5221	0.609326	0.390674	1.734746	0.336808	0.292022	0.092335	0.0815766	0.00869947	0.00264707	0.000658553	0	1.700296	1.869675	0.390674	0.609326	74.07562
1770	13.6319	-24.8277	38.4596	0.20211	0.79789	2.975553	0.329014	0.292881	0.0911663	0.0791955	0.0086558	0.00265108	0.000667738	0	2.762782	1.810607	0.79789	0.20211	64.65577
1780	14.3335	-23.9532	38.2866	0.363069	0.636931	3.91065	0.339628	0.294301	0.0884731	0.0805172	0.00859136	0.002685	0.000673948	0	2.935758	1.944904	0.6369312	0.3630688	88.08537
1790	13.811	-23.7779	37.5889	0.105125	0.894875	3.059909	0.334174	0.300348	0.0917205	0.0802516	0.00850403	0.0026558	0.000677536	0	3.633518	1.825505	0.8948753	0.1051247	66.91219
1800	12.8953	-21.582	34.4773	0.117835	0.882165	2.294822	0.331379	0.298165	0.0893092	0.0821761	0.00842081	0.00269702	0.000666543	0	6.745085	1.923074	0.8821653	0.1178347	83.76727
1810	10.9006	-24.3928	35.2934	0.00827778	0.991722	0.6956854	0.331285	0.307014	0.0915064	0.0804975	0.00835387	0.00264011	0.000658779	0	5.92895	1.559515	0.9917222	0.00827778	36.26726
1820	12.9114	-25.503	38.4144	0.269672	0.730328	0.4509188	0.338122	0.299487	0.0888973	0.0815062	0.00832945	0.00269942	0.000657517	0	2.808038	1.900045	0.7303283	0.2696717	79.44108
1830	11.7508	-22.3446	34.0954	0.468093	0.531907	1.088986	0.330766	0.293792	0.0891822	0.0807205	0.00856511	0.00263949	0.000663249	0	7.127015	1.891831	0.5319074	0.4680926	77.95261
1840	12.2215	-26.2151	38.4367	0.0703366	0.929663	2.703283	0.332193	0.304901	0.0895753	0.0797627	0.00866282	0.00267566	0.000667767	0	2.785713	1.617579	0.9296634	0.0703366	41.45524
1850	12.5907	-26.0571	38.6479	0.126398	0.873602	5.625189	0.335945	0.300615	0.0924492	0.080519	0.0085578	0.00270686	0.000667671	0	2.574537	1.843574	0.8736016	0.1263984	69.75472
1860	14.3557	-24.0656	38.4213	0.657603	0.342397	3.549435	0.338626	0.304468	0.0905139	0.0808972	0.00840505	0.00275311	0.000659071	0	2.801125	1.99207	0.3423968	0.6576032	98.19059
1870	13.7241	-25.0754	38.7995	0.368154	0.631846	4.095216	0.33517	0.302818	0.0911716	0.0807456	0.00835029	0.00276721	0.000666224	0	2.422911	1.900987	0.6318463	0.3681537	79.61363
1880	11.4802	-23.345	34.8251	0.497985	0.502015	3.52968	0.3258	0.30633	0.092267	0.0831483	0.00837576	0.00270234	0.000678083	0	6.397245	1.800647	0.5020155	0.4979845	63.18986
1890	13.8365	-22.1799	36.0164	0.0213807	0.978619	3.99238	0.326319	0.305724	0.0920829	0.0801319	0.00841668	0.00271035	0.000659323	0	5.205979	1.94751	0.9786193	0.02138071	88.61555
1900	14.904	-24.1766	39.0805	0.169688	0.830312	3.720377	0.324554	0.294465	0.0907916	0.0812028	0.00841259	0.00272092	0.000652702	0	2.14184	1.995553	0.8303123	0.1696877	98.98137
1910	11.2279	-23.3013	34.5292	0.385484	0.614516	5.554086	0.3354	0.298999	0.0923904	0.080692	0.0085858	0.0026861	0.000670136	0	6.693182	1.917884	0.6145157	0.3854843	82.77219
1920	13.9117	-22.9102	36.8219	0.270666	0.729334	4.667843	0.324118	0.301245	0.0922542	0.0802873	0.00864556	0.00274858	0.000671422	0	4.4005	1.970758	0.7293341	0.2706659	93.48836
1930	13.3865	-26.1805	39.567	0.496425	0.503575	2.037626	0.32812	0.301562	0.0927254	0.0803469	0.00853418	0.00265708	0.000676545	0	1.655346	1.953055	0.5035748	0.4964252	89.75435
1940	12.234	-26.4268	38.6609	0.0579467	0.942053	0.7480299	0.334038	0.301555	0.091307	0.0831002	0.00850894	0.00264625	0.000657085	0	2.561527	1.643614	0.9420533	0.05794668	44.01631
1950	10.6151	-22.6831	33.2982	0.984773	0.0152267	1.511573	0.331052	0.305613	0.0897182	0.0811151	0.00854344	0.00264972	0.000659778	0	7.924189	1.837324	0.01522669	0.9847733	68.75811
1960	8.77957	-22.7696	31.5492	0.989139	0.0108613	4.040218	0.327712	0.30287	0.088617	0.081519	0.00853022	0.00274485	0.0006549	0	9.673232	1.839906	0.0108613	0.9891387	69.1682
1970	13.7778	-24.4371	38.2149	0.423537	0.576463	3.31051	0.32843	0.300784	0.0904072	0.079689	0.00854036	0.00268298	0.000668492	0	3.007472	1.876946	0.5764627	0.4235373	75.32625
1980	11.6635	-24.0304	35.6938	0.6656	0.3344	2.954599	0.330051	0.306498	0.0926921	0.0792355	0.00833934	0.00265222	0.00066377	0	5.528559	1.769812	0.3343995	0.6656005	58.85883
1990	14.3951	-25.0865	39.4815	0.337802	0.662198	2.71643	0.326063	0.301854	0.0918573	0.0819704	0.00848551	0.0027752	0.000663205	0	1.740851	1.999798	0.6621981	0.3378019	99.95343
2000	7.77796	-26.1137	33.8917	0.108321	0.891679	9.289266	0.329002	0.30335	0.088881	0.0814403	0.00846232	0.00272569	0.000658659	0	7.330704	1.962066	0.8916792	0.1083208	91.6359
2010	14.3316	-23.5765	37.9081	0.00728956	0.99271	3.148135	0.325164	0.298389	0.0883392	0.0803004	0.00859553	0.00271636	0.000662003	0	3.314291	1.862898	0.9927104	0.00728956	72.92863
2020	12.8628	-24.246	37.1088	0.367019	0.632981	3.292798	0.332351	0.298122	0.0889168	0.0791057	0.00870558	0.00269247	0.00067234	0	4.113616	1.787169	0.6329806	0.3670194	61.25888
2030	12.5522	-26.1567	38.7089	0.855785	0.144215	5.51019	0.335536	0.297654	0.0895217	0.0797131	0.00853832	0.00274063	0.000670254	0	2.513525	1.945397	0.1442147	0.8557853	88.18553
2040	10.7485	-26.6734	37.4219	0.558739	0.441261	4.930088	0.333956	0.295379	0.089564	0.0798336	0.00828788	0.0027634	0.000678304	0	3.800446	1.713726	0.4412609	0.5587391	51.72804
2050	11.6629	-25.0714	36.7343	0.268178	0.731822	7.144478	0.325382	0.293305	0.0926382	0.0816484	0.00840966	0.00267971	0.000677812	0	4.488121	1.951998	0.7318216	0.2681784	89.53608
2060	13.1594	-24.7434	37.9027	0.116312	0.883688	5.964559	0.326925	0.294669	0.0927389	0.0808381	0.0084918	0.00268236	0.000674048	0	3.319646	1.928086	0.8836879	0.1163121	84.73948
2070	13.6493	-24.8909	38.5403	0.18383	0.81617	2.076357	0.324928	0.300994	0.0918767	0.0794408	0.0085437	0.00267922	0.000661768	0	2.682137	1.811836	0.8161699	0.1838301	64.83899
2080	13.4377	-25.2905	38.7282	0.259345	0.740655	1.13809	0.325246	0.294337	0.0901674	0.0795818	0.0085349	0.00270829	0.000671285	0	2.494145	1.874944	0.7406555	0.2593445	74.9797
2090	10.6914	-22.7124	33.4038	0.386036	0.613964	0.1427951	0.327082	0.293673	0.0893038	0.079276	0.00870247	0.00267743	0.000668729	0	7.818584	1.884928	0.613964	0.386036	76.72342
2100	12.7199	-23.3575	36.0774	0.318993	0.681007	0.5360432	0.326257	0.298588	0.088978	0.0809577	0.00868254	0.00265995	0.000655456	0	5.14503	1.922573	0.681007	0.318993	83.67059
2110	13.3695	-26.2896	39.6591	0.755717	0.244283	2.989638	0.329567	0.294751	0.0922716	0.0803118	0.00856043	0.00273463	0.000653222	0	1.563328	1.998578	0.2442829	0.7557171	99.67305
2120	13.4912	-23.9604	37.4515	0.783821	0.216179	1.402226	0.330216	0.297515	0.0921757	0.0793697	0.00863374	0.00276943	0.000648995	0	3.770845	1.964119	0.2161788	0.7838212	92.07012
2130	13.8284	-22.5464	36.3748	0.0239122	0.976088	3.099529	0.323527	0.298283	0.091017	0.0792847	0.00870886	0.00265105	0.000658357	0	4.847577	1.87789	0.9760878	0.02391218	75.49009
2140	15.0574	-22.8569	37.9143	0.0451375	0.954862	2.707534	0.333153	0.306553	0.091109	0.0810121	0.00865018	0.00268493	0.000668005	0	3.308084	1.959776	0.9548625	0.04513751	91.15397
2150	13.8694	-22.6018	36.4712	0.672737	0.327263	2.78962	0.33465	0.300347	0.089994	0.0798156	0.00845453	0.00270204	0.000671626	0	4.751161	1.970237	0.3272626	0.6727374	93.37638
2160	13.9902	-23.5782	37.5683	0.146244	0.853756	1.569604	0.33765	0.30249	0.089413	0.0808495	0.00830078	0.00273922	0.000671727	0	3.654052	1.879007	0.8537564	0.1462436	75.68454
2170	12.7755	-25.3049	38.0804	0.00751563	0.992484	1.107107	0.336051	0.29244	0.0912728	0.0819411	0.00848814	0.00276419	0.000669975	0	3.141958	1.659924	0.9924844	0.007515626	45.70083
2180	13.3027	-23.2671	36.5698	0.223018	0.776982	0.9161696	0.336482	0.304419	0.0888657	0.0828023	0.00868613	0.00270892	0.000681422	0	4.652639	1.893906	0.7769821	0.2230179	78.32606
2190	13.3436	-23.9619	37.3055	0.426475	0.573525	3.134649	0.338047	0.303119	0.0904089	0.0826784	0.00861154	0.00270187	0.000678487	0	3.916861	1.836236	0.5735248	0.4264752	68.58606
2200	12.7275	-21.6919	34.4194	0.265098	0.734902	3.982353	0.325607	0.301782	0.0893891	0.0812663	0.00851305	0.00272236	0.000662744	0	6.802962	1.971299	0.734902	0.265098	93.60504
2210	13.8695	-24.4889	38.3584	0.150016	0.849984	3.481575	0.326129	0.303475	0.0904186	0.080168	0.00871353	0.00272993	0.000648461	0	2.863981	1.843858	0.8499838	0.1500162	69.80043
2220	14.0395	-22.3207	36.3601	0.000811542	0.999188	3.006713	0.326761	0.305567	0.0888919	0.0810931	0.00865379	0.00274498	0.000662455	0	4.862252	1.897357	0.9991885	0.0008115419	78.95084
2230	13.4223	-23.3428	36.7652	0.886636	0.113364	3.08211	0.338009	0.301078	0.0892678	0.0818813	0.00862927	0.00276883	0.000680762	0	4.457216	1.92862	0.1133638	0.8866362	84.84375
2240	13.4936	-23.4009	36.8945	0.390291	0.609709	1.653143	0.33755	0.299652	0.0902834	0.0821133	0.00866003	0.00276964	0.000677321	0	4.327926	1.871923	0.6097089	0.3902911	74.45998
2250	14.1999	-24.8061	39.0059	0.470765	0.529235	4.063247	0.335165	0.29919	0.0918918	0.0806438	0.00858351	0.00275391	0.000665586	0	2.216452	1.970283	0.529235	0.470765	93.38634
2260	13.2396	-21.6882	34.9279	0.617399	0.382601	2.353179	0.332394	0.299361	0.0906491	0.0811645	0.00870943	0.00272973	0.00064914	0	6.294524	1.999699	0.3826009	0.6173991	99.93079
2270	14.0891	-22.2567	36.3458	0.218776	0.781224	4.229206	0.3291	0.303777	0.0901792	0.0804943	0.00851582	0.00277306	0.000657815	0	4.876548	1.993309	0.781224	0.218776	98.47105
2280	12.317	-25.4347	37.7517	0.228699	0.771301	5.558116	0.331409	0.300379	0.0915383	0.0812421	0.00861096	0.00274463	0.000652332	0	3.470699	1.839835	0.771301	0.228699	69.1568
2290	8.35404	-24.7326	33.0867	0.973465	0.0265353	7.62158	0.333737	0.30702	0.0927681	0.0791843	0.00863838	0.0027368	0.000648203	0	8.135721	1.967576	0.02653529	0.9734647	92.80603
2300	11.0616	-23.0588	34.1203	0.177045	0.822955	6.379327	0.326857	0.306925	0.0923262	0.079376	0.00838698	0.00266074	0.000661446	0	7.102049	1.989198	0.8229553	0.1770447	97.5434
2310	14.0042	-25.367	39.3713	0.326986	0.673014	1.811568	0.336442	0.303375	0.0923434	0.079574	0.00863159	0.00268979	0.000653253	0	1.851139	1.990962	0.6730136	0.3269864	97.94041
2320	13.63	-24.4352	38.0652	0.575503	0.424497	2.853863	0.330211	0.295785	0.0897084	0.0793125	0.00854764	0.00268352	0.000662843	0	3.157195	1.880829	0.4244974	0.5755026	76.00272
2330	12.7333	-23.5454	36.2787	0.731301	0.268699	3.346375	0.326667	0.302193	0.0883666	0.0819669	0.00863423	0.00264858	0.000656785	0	4.943733	1.870312	0.2686991	0.7313009	74.18437
2340	14.3766	-22.7633	37.1399	0.374189	0.625811	4.101359	0.338937	0.305253	0.089148	0.0809546	0.00842745	0.00267852	0.000674076	0	4.082484	1.994007	0.6258106	0.3741894	98.62958
2350	12.0166	-23.6967	35.7133	0.952218	0.0477821	0.2752188	0.330845	0.295135	0.0911962	0.079126	0.00871444	0.00271391	0.000679619	0	5.509063	1.972793	0.04778207	0.9522179	93.92762
2360	12.2527	-23.0757	35.3284	0.49863	0.50137	0.3551563	0.326339	0.292418	0.0904892	0.0815642	0.00855546	0.00267651	0.000670766	0	5.893998	1.968753	0.50137	0.49863	93.05793
2370	13.8247	-22.5055	36.3302	0.334506	0.665494	3.40946	0.331306	0.293945	0.0927098	0.083159	0.00853933	0.00274526	0.00068053	0	4.892185	1.934091	0.665494	0.334506	85.91941
2380	14.1749	-21.9811	36.156	0.112806	0.887194	2.693523	0.338545	0.306489	0.0915273	0.0831938	0.00835624	0.00274207	0.000677262	0	5.06641	1.949423	0.8871944	0.1128056	89.00681
2390	10.6398	-27.1256	37.7655	0.412269	0.587731	4.967551	0.330062	0.292791	0.0886508	0.0822108	0.00839908	0.00273773	0.000681372	0	3.456927	1.676036	0.5877311	0.4122689	47.42816
2400	14.0848	-24.014	38.0988	0.192877	0.807123	4.289104	0.326565	0.304686	0.0897501	0.079787	0.00835497	0.00273274	0.000662664	0	3.123613	1.917937	0.8071228	0.1928772	82.78229
2410	12.166	-24.3735	36.5395	0.167656	0.832344	1.348444	0.323977	0.302454	0.0901455	0.0799597	0.00830414	0.00273188	0.000650417	0	4.682867	1.678969	0.8323438	0.1676562	47.74955
2420	12.3979	-23.5624	35.9602	0.267418	0.732582	3.294375	0.337283	0.304825	0.091297	0.0807193	0.00857709	0.00276447	0.000649372	0	5.262161	1.786604	0.7325818	0.2674182	61.1792
2430	14.0506	-23.332	37.3826	0.00203707	0.997963	0.7663244	0.337251	0.2985	0.0912262	0.0829102	0.00870199	0.00273386	0.000671074	0	3.839832	1.972518	0.9979629	0.002037069	93.86804
2440	13.2616	-25.0785	38.3401	0.132221	0.867779	0.3449165	0.335867	0.293372	0.092442	0.0826737	0.00846591	0.00276063	0.000670848	0	2.882288	1.944394	0.8677785	0.1322215	87.98198
2450	13.1994	-24.6544	37.8538	0.65619	0.34381	0.7571201	0.335904	0.299854	0.0906048	0.0811256	0.00843294	0.00274548	0.000667505	0	3.368608	1.980408	0.34381	0.65619	95.58908
2460	12.9964	-23.5415	36.5379	0.563719	0.436281	2.021686	0.328323	0.304165	0.0887819	0.0809185	0.00867284	0.00273549	0.000670583	0	4.684514	1.841737	0.4362814	0.5637186	69.46029
2470	12.4976	-26.0397	38.5373	0.102498	0.897502	0.8151206	0.325417	0.302942	0.0886538	0.0809094	0.00863915	0.00276318	0.000669296	0	2.685104	1.679938	0.8975017	0.1024983	47.85616
2480	11.025	-23.9642	34.9892	0.873237	0.126763	1.107712	0.324381	0.295468	0.0888906	0.0820867	0.0086573	0.00275485	0.000649194	0	6.23323	1.766828	0.1267626	0.8732374	58.45588
2490	12.2519	-24.311	36.5628	0.0818213	0.918179	4.27381	0.339331	0.29388	0.0884629	0.0817404	0.00839044	0.00270165	0.000652337	0	4.659545	1.77041	0.9181787	0.08182127	58.93996
2500	12.5298	-22.2994	34.8292	0.739231	0.260769	3.689044	0.327658	0.292097	0.0917442	0.0827863	0.00836895	0.0027451	0.000648317	0	6.393184	1.954788	0.2607691	0.7392309	90.11309
2510	13.0336	-24.3569	37.3905	0.852689	0.147311	5.411927	0.339425	0.292492	0.0906814	0.0816008	0.00867696	0.00276134	0.000649702	0	3.831894	1.983336	0.1473112	0.8526888	96.23569
2520	12.9715	-21.1745	34.146	0.0978194	0.902181	2.889874	0.337837	0.299815	0.0899132	0.0831288	0.00862179	0.00276326	0.000652904	0	7.076433	1.970221	0.9021806	0.09781938	93.37301
2530	7.34127	-23.1497	30.491	0.611183	0.388817	4.679925	0.338032	0.299431	0.0892267	0.0803958	0.0086677	0.00267321	0.000676132	0	10.73138	1.79199	0.3888168	0.6111832	61.94272
2540	13.4996	-25.8857	39.3853	0.774568	0.225432	2.819452	0.328557	0.293382	0.0920811	0.080272	0.0085369	0.00269723	0.000678987	0	1.837082	1.971331	0.2254316	0.7745684	93.6119
2550	14.4867	-23.7445	38.2311	0.0720673	0.927933	4.088602	0.324294	0.294269	0.0925816	0.0793757	0.00853187	0.00264788	0.000650689	0	2.991243	1.930598	0.9279327	0.07206728	85.23111
2560	15.0228	-24.0637	39.0865	0.00762956	0.99237	2.179206	0.326536	0.305251	0.0925013	0.0805301	0.00847397	0.00269277	0.000670387	0	2.135872	1.988195	0.9923704	0.007629557	97.31846
2570	10.5745	-25.9566	36.5311	0.0264857	0.973514	3.109537	0.324984	0.306679	0.0917434	0.080828	0.00831268	0.00266029	0.000666906	0	4.691285	1.523964	0.9735143	0.02648568	33.41674
2580	14.2049	-22.6617	36.8666	0.284856	0.715144	1.608697	0.326443	0.303124	0.0890177	0.0827056	0.008465	0.00268701	0.000677594	0	4.355772	1.980042	0.7151436	0.2848564	95.50856
2590	14.3445	-24.4998	38.8443	0.506744	0.493256	2.543514	0.32445	0.305715	0.0892279	0.0820309	0.00866343	0.00270641	0.000653242	0	2.378046	1.976806	0.493256	0.506744	94.79938
2600	13.5107	-25.3267	38.8374	0.899688	0.100312	4.519486	0.330316	0.304178	0.089208	0.0828057	0.00862776	0.00271835	0.00066563	0	2.385038	1.98759	0.100312	0.899688	97.18299
2610	13.1602	-21.3561	34.5163	0.0641841	0.935816	3.236101	0.329953	0.298805	0.0889184	0.081453	0.0086501	0.0026989	0.000648303	0	6.70605	1.963007	0.9358159	0.06418411	91.83469
2620	14.1406	-23.345	37.4856	0.530168	0.469832	2.38409	0.329908	0.297004	0.0901785	0.0820232	0.00857165	0.00271604	0.000652822	0	3.736773	1.949239	0.4698323	0.5301677	88.9691
2630	10.9471	-28.7288	39.6759	0.150786	0.849214	5.384598	0.329084	0.293059	0.0895615	0.0831724	0.0085895	0.00267112	0.000658262	0	1.546499	1.735219	0.8492136	0.1507864	54.35238
2640	14.4349	-22.7499	37.1848	0.142602	0.857398	1.433758	0.329553	0.296128	0.0902289	0.0829926	0.0085292	0.00273557	0.000660887	0	4.0376	1.997354	0.8573979	0.1426021	99.39256
2650	14.2754	-23.877	38.1524	0.567525	0.432475	1.985127	0.337504	0.299997	0.0897513	0.0821244	0.00852297	0.00274436	0.00066364	0	3.069952	1.98317	0.432475	0.567525	96.19882
2660	13.3572	-25.167	38.5242	0.694213	0.305787	1.145728	0.336417	0.306836	0.0888228	0.0820675	0.00871858	0.00274304	0.000659348	0	2.698167	1.977104	0.3057867	0.6942133	94.86466
2670	13.902	-25.9159	39.8179	0.293009	0.706991	3.577629	0.331896	0.303794	0.0883837	0.0794627	0.00831753	0.00272874	0.000670329	0	1.404454	1.979245	0.7069914	0.2930086	95.33333
2680	12.8517	-24.7907	37.6424	0.310928	0.689072	1.134372	0.326142	0.302975	0.0915452	0.0825546	0.00862211	0.00271713	0.000648574	0	3.579995	1.778507	0.6890724	0.3109276	60.04921
2690	12.6049	-25.4179	38.0228	0.99445	0.00554999	0.8180687	0.33205	0.2958	0.0902531	0.0802949	0.00856065	0.0027023	0.000663727	0	3.199582	1.953875	0.005549994	0.99445	89.92381
2700	11.8157	-25.8996	37.7153	0.688995	0.311005	0.1144873	0.339482	0.302047	0.0904315	0.0799696	0.00853005	0.0026688	0.00065409	0	3.507068	1.871338	0.3110053	0.6889947	74.35973
2710	13.545	-25.181	38.726	0.0144674	0.985533	0.6265904	0.337008	0.305401	0.0924288	0.0794876	0.00853368	0.00275414	0.000658602	0	2.496357	1.906438	0.9855326	0.01446739	80.61903
2720	14.9674	-23.8183	38.7856	0.0372185	0.962782	2.946673	0.33934	0.304884	0.0885553	0.0794152	0.00844098	0.00275024	0.000654432	0	2.436741	1.951055	0.9627815	0.03721846	89.34179
2730	12.6045	-25.2883	37.8928	0.413586	0.586414	4.198578	0.336287	0.295625	0.0920216	0.0796729	0.00848183	0.00268113	0.000654668	0	3.329555	1.802952	0.5864144	0.4135856	63.5261
2740	12.0485	-27.7443	39.7927	0.0720998	0.9279	4.454408	0.326688	0.29261	0.0888364	0.0820841	0.00828532	0.00265755	0.000673307	0	1.429653	1.77075	0.9279002	0.07209985	58.9862
2750	12.536	-25.92	38.456	0.000991934	0.999008	2.416329	0.325526	0.303905	0.0891448	0.081137	0.00833188	0.00263749	0.000675435	0	2.766389	1.631025	0.9990081	0.000991934	42.75878
2760	10.8246	-29.0593	39.8839	0.57322	0.42678	2.6616	0.335848	0.304061	0.0918191	0.0813243	0.00837461	0.00264023	0.000676234	0	1.338533	1.723283	0.42678	0.57322	52.879
2770	12.4038	-25.3297	37.7334	0.248543	0.751457	0.5213146	0.337612	0.299888	0.0912664	0.0805446	0.00840529	0.00270798	0.000669494	0	3.488967	1.746801	0.7514572	0.2485428	55.8215
2780	9.1727	-28.6021	37.7748	0.222006	0.777994	0.2943375	0.337859	0.301168	0.0902675	0.0796204	0.00835556	0.00267105	0.000680679	0	3.447553	1.27201	0.7779944	0.2220056	18.70724
2790	13.048	-25.2391	38.287	0.572429	0.427571	0.666046	0.338753	0.294135	0.0905429	0.0801404	0.00830836	0.00275364	0.000677592	0	2.935364	1.960905	0.4275707	0.5724293	91.39131
2800	14.2627	-21.8088	36.0715	0.0942938	0.905706	3.329607	0.324796	0.304526	0.0887713	0.0799538	0.00835092	0.00267149	0.000662007	0	5.150896	1.982241	0.9057062	0.0942938	95.99332
2810	13.8997	-21.8475	35.7472	0.097338	0.902662	1.883565	0.326289	0.305595	0.088322	0.0802636	0.00832907	0.00271824	0.000661812	0	5.475141	1.969196	0.902662	0.09733795	93.15291
2820	11.7691	-27.1378	38.9069	0.688984	0.311016	6.730221	0.327838	0.300564	0.0899167	0.0800202	0.00835845	0.00276951	0.000681821	0	2.315536	1.946187	0.3110163	0.6889837	88.346
2830	11.1856	-23.7513	34.937	0.580725	0.419275	3.480352	0.333679	0.292881	0.0882968	0.0811023	0.00837539	0.00272586	0.000667904	0	6.285435	1.77341	0.4192752	0.5807248	59.34851
2840	12.3986	-22.3882	34.7868	0.441987	0.558013	1.783287	0.331924	0.298471	0.0902348	0.0800708	0.00852803	0.00271769	0.000661271	0	6.435629	1.878227	0.5580133	0.4419867	75.54864
2850	13.2671	-25.3443	38.6115	0.693497	0.306503	1.485753	0.336303	0.300765	0.0928279	0.0791493	0.00832902	0.00275204	0.000651601	0	2.610898	1.93104	0.3065028	0.6934972	85.31782
2860	13.9981	-25.1299	39.128	0.078475	0.921525	4.576501	0.339627	0.300155	0.0898641	0.0791905	0.00830508	0.00277002	0.000651281	0	2.094383	1.919118	0.921525	0.07847503	83.00767
2870	13.5738	-22.8805	36.4543	0.978285	0.0217146	2.405434	0.339569	0.293824	0.0927361	0.079412	0.00839238	0.00272144	0.000652294	0	4.768134	1.981648	0.02171463	0.9782854	95.86231
2880	11.5336	-27.4021	38.9357	0.330761	0.669239	1.887618	0.337052	0.292608	0.0925332	0.0822103	0.00859258	0.00271681	0.000667206	0	2.286728	1.607984	0.6692392	0.3307608	40.54938
2890	12.1444	-27.1665	39.3109	0.55849	0.44151	2.946774	0.339343	0.301186	0.0925641	0.0811057	0.00870901	0.00270281	0.000665562	0	1.91151	1.766766	0.4415101	0.5584899	58.44753
2900	14.1817	-23.0208	37.2025	0.309829	0.690171	1.699133	0.335174	0.301708	0.0890882	0.080527	0.00847639	0.00276528	0.000667493	0	4.019849	1.954796	0.6901712	0.3098288	90.11484
2910	14.6044	-24.0192	38.6236	0.226628	0.773372	1.794653	0.333215	0.29741	0.0894761	0.0792484	0.00855559	0.00275786	0.00067068	0	2.598833	1.980579	0.7733724	0.2266276	95.62661
2920	13.3192	-26.0225	39.3417	0.441714	0.558286	4.432082	0.33017	0.299501	0.0911283	0.0794273	0.00867201	0.00263975	0.00067169	0	1.880666	1.911292	0.558286	0.441714	81.52524
2930	13.1326	-24.6969	37.8295	0.453199	0.546801	2.429187	0.327977	0.295962	0.0887858	0.0800988	0.00871276	0.00265312	0.000650464	0	3.39287	1.801466	0.5468011	0.4531989	63.30903
2940	14.5549	-23.916	38.471	0.483538	0.516462	3.798504	0.331363	0.292645	0.0914966	0.0807936	0.00842792	0.0026617	0.000655451	0	2.751439	1.995187	0.5164619	0.4835381	98.89789
2950	12.6664	-25.4818	38.1483	0.27435	0.72565	3.844331	0.333361	0.296411	0.0889712	0.0820054	0.00852819	0.00263896	0.000668764	0	3.074137	1.760056	0.7256501	0.2743499	57.55146
2960	13.6651	-21.6271	35.2922	0.307557	0.692443	2.932337	0.325802	0.303461	0.0914516	0.0810634	0.00864594	0.00267322	0.000673335	0	5.930197	1.979091	0.692443	0.307557	95.29964
2970	6.07253	-20.1329	26.2055	0.896394	0.103606	3.102998	0.323748	0.292377	0.092437	0.0825274	0.0085672	0.00277149	0.00066405	0	15.01692	1.990005	0.1036064	0.8963936	97.72484
2980	14.4476	-25.2981	39.7458	0.088413	0.911587	2.837441	0.333447	0.296711	0.0900573	0.0798713	0.00857708	0.00275495	0.000659888	0	1.476609	1.984556	0.911587	0.08841302	96.5063
2990	13.8329	-24.9904	38.8234	0.39556	0.60444	3.050262	0.327616	0.293632	0.0924268	0.080734	0.00851283	0.00272948	0.000663472	0	2.39903	1.884851	0.6044398	0.3955602	76.70976
3000	14.3759	-24.1416	38.5175	0.0474172	0.952583	1.210191	0.328821	0.306807	0.0901731	0.079203	0.0083508	0.00265039	0.000663899	0	2.704883	1.969419	0.9525828	0.04741717	93.20071
3010	13.114	-23.2502	36.3642	0.809578	0.190422	4.361818	0.32595	0.302927	0.0907999	0.0792131	0.00841071	0.00270929	0.000666884	0	4.85818	1.960527	0.1904223	0.8095777	91.31174
3020	14.8136	-24.3776	39.1912	0.0691252	0.930875	3.032813	0.331319	0.307018	0.0887227	0.0809374	0.00833609	0.00269473	0.000658335	0	2.031198	1.961889	0.9308748	0.06912521	91.59865
3030	12.8248	-23.3658	36.1906	0.236412	0.763588	1.634016	0.32511	0.307071	0.0886201	0.0809925	0.00829128	0.002735	0.000664217	0	5.031787	1.795847	0.7635883	0.2364117	62.49529
3040	14.3381	-23.2187	37.5568	0.0257656	0.974234	2.719186	0.327959	0.30482	0.0894567	0.0816393	0.00850419	0.00273318	0.000671475	0	3.665567	1.868645	0.9742344	0.02576559	73.90009
3050	15.0645	-23.3904	38.4549	0.0154376	0.984562	2.228566	0.328268	0.295464	0.0895715	0.0827898	0.00837963	0.00270894	0.000673099	0	2.767533	1.965403	0.9845624	0.01543764	92.34278
3060	11.1028	-29.0318	40.1346	0.867332	0.132668	2.733833	0.326677	0.292075	0.0926017	0.0824773	0.00831635	0.0026666	0.000666313	0	1.087791	1.92194	0.1326678	0.8673322	83.54873
3070	14.8624	-23.8897	38.7521	0.334788	0.665212	2.859647	0.335225	0.297825	0.0910946	0.0817141	0.00867504	0.00272891	0.00065989	0	2.470325	1.994567	0.6652116	0.3347884	98.75685
3080	9.35863	-30.7615	40.1202	0.0369008	0.963099	2.165102	0.331928	0.293696	0.0915371	0.0808034	0.00870443	0.00274677	0.000662417	0	1.102222	1.407663	0.9630992	0.03690084	25.566
3090	11.9026	-25.941	37.8436	0.0886642	0.911336	2.605585	0.338782	0.297966	0.0922663	0.0813338	0.00871616	0.00273685	0.00065731	0	3.378784	1.588846	0.9113358	0.08866416	38.80124
3100	13.2127	-23.0166	36.2292	0.541721	0.458279	1.36078	0.327967	0.292168	0.0923007	0.0806042	0.00861721	0.00267561	0.000648743	0	4.99315	1.934645	0.4582787	0.5417213	86.02898
3110	11.1174	-25.0398	36.1572	0.324339	0.675661	0.1416315	0.332429	0.296124	0.0911302	0.0799063	0.00848828	0.00266999	0.000656457	0	5.065217	1.665393	0.6756613	0.3243387	46.27994
3120	12.2249	-22.1505	34.3754	0.0525814	0.947419	1.844216	0.338741	0.29508	0.0901108	0.0825064	0.00850989	0.00264859	0.000664984	0	6.847012	1.823562	0.9474186	0.05258145	66.61341
3130	13.3278	-25.8082	39.136	0.104882	0.895118	4.225518	0.336573	0.296777	0.092674	0.0831803	0.00867011	0.00266227	0.000676399	0	2.086401	1.824026	0.8951179	0.1048821	66.68475
3140	14.6428	-22.2615	36.9043	0.0339389	0.966061	1.834232	0.339655	0.297426	0.0912299	0.0832259	0.00863382	0.00272081	0.000661938	0	4.318052	1.982823	0.9660611	0.03393892	96.12202
3150	13.1781	-26.6587	39.8368	0.454106	0.545894	4.503389	0.336408	0.298582	0.0894828	0.0824258	0.00864188	0.00275731	0.000649459	0	1.385547	1.964208	0.5458936	0.4541064	92.08897
3160	11.8211	-27.9677	39.7888	0.0495202	0.95048	0.8064534	0.335989	0.305636	0.0884206	0.0816973	0.00863201	0.00275079	0.000648695	0	1.433575	1.736195	0.9504798	0.04952017	54.47476
3170	14.0339	-24.0747	38.1086	0.00374307	0.996257	1.538189	0.336936	0.301127	0.0918331	0.0803368	0.00863273	0.00266335	0.000654545	0	3.113763	1.840438	0.9962569	0.003743068	69.25287
3180	13.8359	-25.7866	39.6226	0.00116403	0.998836	1.75315	0.334593	0.29686	0.0923256	0.0793522	0.00841234	0.00268565	0.000665967	0	1.599819	1.905793	0.998836	0.001164028	80.49949
3190	10.8517	-24.3159	35.1676	0.112762	0.887238	0.7145457	0.339677	0.295637	0.0927969	0.0800094	0.00851597	0.00269052	0.000661723	0	6.054818	1.587178	0.8872377	0.1127623	38.65253
3200	13.6369	-25.5609	39.1978	0.545434	0.454566	2.183493	0.338551	0.303754	0.0900514	0.0809494	0.00842433	0.00265321	0.000675187	0	2.024594	1.935958	0.4545658	0.5454342	86.28947
3210	14.9988	-23.6062	38.605	0.01608	0.98392	3.333942	0.335403	0.303247	0.0925531	0.0806097	0.00833794	0.00263935	0.000682141	0	2.617361	1.947098	0.98392	0.01608	88.53154
3220	13.6899	-23.5112	37.2011	0.546184	0.453816	1.347089	0.337117	0.305701	0.0922279	0.080191	0.00839023	0.00263674	0.000671702	0	4.021284	1.958238	0.4538162	0.5461838	90.83186
3230	13.3566	-25.7643	39.121	0.422904	0.577096	3.732966	0.331341	0.302107	0.0927866	0.0799815	0.00835145	0.00269517	0.000673481	0	2.101424	1.872251	0.577096	0.422904	74.51626
3240	11.2464	-25.892	37.1383	0.650573	0.349427	2.346453	0.339331	0.299505	0.0902111	0.0796686	0.00860779	0.00268564	0.000673727	0	4.084042	1.643813	0.3494274	0.6505726	44.03651
3250	14.6057	-24.4801	39.0858	0.480903	0.519097	3.233986	0.337863	0.304089	0.0915216	0.0794525	0.00868385	0.00273934	0.000681815	0	2.136584	1.99886	0.5190974	0.4809026	99.73781
3260	12.1591	-20.8459	33.005	0.0735313	0.926469	1.910002	0.329161	0.303884	0.0907838	0.0818041	0.00867761	0.00271518	0.000649508	0	8.217355	1.994386	0.9264687	0.07353128	98.71557
3270	13.0933	-26.8377	39.931	0.195382	0.804618	2.182808	0.329897	0.302234	0.0925486	0.0814656	0.00866195	0.00267614	0.000662867	0	1.291383	1.901525	0.8046177	0.1953823	79.71231
3280	13.9378	-22.8987	36.8365	0.441188	0.558812	3.525365	0.326341	0.299285	0.0918288	0.0800706	0.00857767	0.00266	0.000661916	0	4.38584	1.944002	0.5588121	0.4411879	87.90256
3290	13.3535	-25.7066	39.0601	0.270664	0.729336	1.935013	0.326072	0.304997	0.0914918	0.0825156	0.00847793	0.00274237	0.000650431	0	2.16232	1.830591	0.7293361	0.2706639	67.70039
3300	13.0744	-26.4784	39.5528	0.716322	0.283678	3.483022	0.337397	0.301735	0.0921179	0.0818225	0.00845905	0.00277367	0.000650899	0	1.669544	1.94168	0.2836778	0.7163222	87.43399
3310	13.4537	-25.5411	38.9948	0.601199	0.398801	5.107183	0.336284	0.302147	0.0895219	0.082238	0.00842305	0.00273943	0.000662639	0	2.227561	1.97348	0.3988006	0.6011994	94.07632
3320	9.89039	-24.6491	34.5395	0.144431	0.855569	2.218385	0.33698	0.305071	0.0891514	0.0810621	0.00842449	0.00271145	0.000649788	0	6.682924	1.546622	0.8555695	0.1444305	35.20643
3330	13.4903	-23.2387	36.729	0.860897	0.139103	3.634661	0.339434	0.296655	0.0924221	0.0822165	0.00838092	0.00268793	0.000663749	0	4.493382	1.958166	0.1391033	0.8608967	90.81666
3340	12.9398	-26.4486	39.3884	0.233873	0.766127	2.981536	0.332873	0.302599	0.089572	0.0807109	0.0082985	0.00269221	0.000671681	0	1.833999	1.790076	0.7661271	0.2338729	61.67035
3350	13.5423	-25.5479	39.0902	0.822488	0.177512	2.014856	0.329932	0.297881	0.090463	0.0793991	0.00846846	0.00276171	0.000666932	0	2.132229	1.991271	0.1775118	0.8224882	98.01022
3360	12.8161	-26.867	39.6831	0.726516	0.273484	2.544694	0.323975	0.302933	0.0908835	0.0795153	0.00830012	0.00274934	0.00068207	0	1.539264	1.939737	0.2734841	0.7265159	87.04355
3370	11.0214	-26.0729	37.0942	0.698625	0.301375	2.476903	0.332355	0.302077	0.0900605	0.0792183	0.00864259	0.00274548	0.000680606	0	4.128166	1.631806	0.3013754	0.6986246	42.83571
3380	13.3585	-25.6868	39.0453	0.689322	0.310678	1.48074	0.3279	0.29737	0.0889723	0.0796592	0.00857116	0.00276414	0.00068167	0	2.177057	1.971424	0.3106775	0.6893225	93.63196
3390	13.9286	-24.3725	38.301	0.886788	0.113212	3.089573	0.323644	0.30568	0.0883919	0.0795439	0.00861839	0.00273241	0.000680818	0	2.921357	1.965852	0.1132116	0.8867884	92.43823
3400	9.13128	-29.1275	38.2588	0.556537	0.443463	4.409783	0.329671	0.30543	0.0882777	0.0798742	0.00860458	0.00273827	0.000679975	0	2.963581	1.533664	0.4434625	0.5565375	34.1715
3410	12.4492	-25.4152	37.8644	0.0313222	0.968678	2.529309	0.32443	0.305162	0.0890392	0.0809504	0.00846869	0.00274865	0.000673585	0	3.358007	1.631114	0.9686778	0.03132217	42.76756
3420	13.5038	-22.5737	36.0775	0.384902	0.615098	3.847129	0.328596	0.293233	0.0910202	0.083105	0.00845719	0.00272976	0.000677776	0	5.14491	1.939651	0.6150978	0.3849022	87.02631
3430	15.0219	-22.9334	37.9553	0.0107322	0.989268	3.102236	0.324431	0.294694	0.0900956	0.0828794	0.00834585	0.00275091	0.00066252	0	3.267111	1.954017	0.9892678	0.01073222	89.95334
3440	15.0322	-23.5704	38.6026	0.0615164	0.938484	3.755364	0.331054	0.293974	0.0922744	0.0825947	0.00833416	0.00269708	0.000656269	0	2.619819	1.978545	0.9384836	0.06151644	95.17977
3450	10.7788	-27.4888	38.2676	0.587642	0.412358	7.830105	0.337317	0.304417	0.091223	0.0809254	0.00851774	0.00264128	0.000659663	0	2.954798	1.93646	0.412358	0.587642	86.38932
3460	12.5505	-26.7734	39.3239	0.451161	0.548839	6.609553	0.339977	0.294513	0.0927813	0.080588	0.00844171	0.00266723	0.000653164	0	1.898502	1.990925	0.5488385	0.4511615	97.93218
3470	14.5939	-23.3837	37.9775	0.395144	0.604856	2.637172	0.336413	0.306381	0.0928542	0.0815916	0.00838406	0.00270582	0.00066226	0	3.244849	1.971112	0.6048561	0.3951439	93.56469
3480	13.035	-23.1388	36.1737	0.530175	0.469825	4.21205	0.337228	0.297212	0.0914934	0.0823161	0.00836526	0.00275774	0.000659509	0	5.048658	1.925653	0.4698251	0.5301749	84.26606
3490	11.7624	-24.2044	35.9668	0.344455	0.655545	3.460521	0.337027	0.295506	0.0910189	0.0829623	0.00849064	0.0027438	0.000656017	0	5.255572	1.739033	0.655545	0.344455	54.8319
3500	15.0291	-22.4906	37.5197	0.101094	0.898906	3.361458	0.329947	0.295192	0.0921953	0.0829667	0.00849532	0.00275591	0.000661546	0	3.702683	1.989669	0.8989057	0.1010943	97.64936
3510	13.7866	-25.7129	39.4995	0.313784	0.686216	2.499639	0.324268	0.295077	0.0909375	0.0825489	0.00837283	0.00273129	0.00065606	0	1.72291	1.928969	0.6862156	0.3137844	84.91191
3520	10.0189	-29.4646	39.4835	0.999234	0.000766079	4.504483	0.339069	0.295425	0.0885926	0.0799344	0.00850588	0.00275866	0.000655079	0	1.738898	1.781986	0.0007660789	0.9992339	60.5321
3530	13.1026	-23.7932	36.8958	0.421391	0.578609	2.337153	0.329764	0.294763	0.0907161	0.0803901	0.00844094	0.0027239	0.0006528	0	4.326579	1.820844	0.5786088	0.4213912	66.1978
3540	10.777	-21.9905	32.7675	0.199287	0.800713	2.713182	0.332353	0.297814	0.0892224	0.0823913	0.00835972	0.00271404	0.000649794	0	8.454905	1.825894	0.8007126	0.1992874	66.97205
3550	11.9454	-26.6951	38.6405	0.645627	0.354373	1.332513	0.326011	0.298229	0.0912195	0.0819621	0.00866927	0.00269236	0.00065878	0	2.581917	1.747221	0.354373	0.645627	55.87548
3560	12.5086	-23.7544	36.263	0.60818	0.39182	3.449776	0.328195	0.302342	0.0902442	0.0805378	0.0085759	0.00273652	0.000676126	0	4.959428	1.829952	0.3918197	0.6081803	67.6009
3570	14.2466	-24.2767	38.5232	0.642461	0.357539	3.666169	0.336299	0.305285	0.0928534	0.0810151	0.00851588	0.0027576	0.000664138	0	2.69914	1.97837	0.3575392	0.6424608	95.14148
3580	13.3867	-22.4275	35.8142	0.0701959	0.929804	5.192472	0.337855	0.307057	0.0903385	0.0804362	0.00870215	0.00274169	0.000673103	0	5.408191	1.986238	0.9298041	0.07019595	96.88095
3590	12.4751	-27.3274	39.8025	0.2293	0.7707	6.257575	0.325438	0.302287	0.0920793	0.0803172	0.00854195	0.00273262	0.000656903	0	1.419928	1.959757	0.7706999	0.2293001	91.15004
3600	13.665	-24.8001	38.4651	0.03258	0.96742	3.421055	0.335881	0.29347	0.09147	0.0820878	0.00871034	0.00269964	0.000659382	0	2.757275	1.793466	0.96742	0.03257995	62.15357
3610	13.9199	-25.6354	39.5553	0.427133	0.572867	4.288994	0.339922	0.293146	0.0923513	0.0817588	0.00829781	0.00269012	0.000651462	0	1.667126	1.995659	0.5728667	0.4271333	99.00538
3620	12.8629	-24.7877	37.6507	0.35777	0.64223	6.441007	0.330257	0.305255	0.0919013	0.0791177	0.00831701	0.00267251	0.000659548	0	3.571737	1.98492	0.64223	0.35777	96.58721
3630	14.6888	-24.4893	39.1781	0.252717	0.747283	3.338111	0.324645	0.304368	0.0918772	0.0793941	0.00849119	0.00267427	0.000662441	0	2.044335	1.981942	0.7472827	0.2527173	95.92719
3640	13.0411	-21.3074	34.3485	0.00871574	0.991284	1.690724	0.326879	0.302027	0.0894343	0.0802794	0.00845851	0.00269599	0.00066033	0	6.873925	1.972397	0.9912843	0.008715744	93.84197
3650	12.6214	-23.2562	35.8776	0.820476	0.179524	2.846285	0.330047	0.300012	0.0897434	0.0814111	0.00837527	0.00269559	0.000662534	0	5.344802	1.877999	0.1795243	0.8204757	75.50898
3660	15.2825	-23.115	38.3974	0.0690948	0.930905	3.133454	0.329493	0.303566	0.0925825	0.082186	0.00835537	0.0026573	0.00066713	0	2.824942	1.995523	0.9309052	0.06909478	98.9744
3670	14.2165	-24.4712	38.6877	0.00667509	0.993325	4.043881	0.328707	0.305413	0.08935	0.0824795	0.00856401	0.0027044	0.000657325	0	2.534704	1.881859	0.9933249	0.006675095	76.18315
3680	13.6006	-24.9383	38.5389	0.674308	0.325692	3.354186	0.329487	0.301104	0.088829	0.0802814	0.00869922	0.00276972	0.000663812	0	2.68347	1.904327	0.3256915	0.6743085	80.22819
3690	14.5917	-21.97	36.5617	0.0856698	0.91433	3.780521	0.334533	0.299945	0.092784	0.0807689	0.00863902	0.00274214	0.000657108	0	4.6607	1.998026	0.9143302	0.08566982	99.54644
3700	14.2411	-22.9175	37.1586	0.121953	0.878047	3.369858	0.328578	0.294615	0.0916772	0.0791781	0.00832622	0.00275498	0.000662633	0	4.063777	1.913491	0.8780467	0.1219533	81.93905
3710	13.8598	-25.9281	39.7878	0.0185293	0.981471	2.659157	0.329756	0.295755	0.0907833	0.0817811	0.00863812	0.00266007	0.000671866	0	1.434549	1.893817	0.9814707	0.01852928	78.30997
3720	13.9982	-25.1787	39.1768	0.720531	0.279469	3.048394	0.327038	0.294813	0.0899284	0.0818241	0.00859137	0.00273157	0.000671915	0	2.045565	1.989565	0.2794685	0.7205315	97.62582
3730	14.2078	-23.0957	37.3035	0.416407	0.583593	3.601848	0.324936	0.297358	0.0895458	0.0828706	0.00868554	0.00273003	0.000678303	0	3.918877	1.945488	0.5835926	0.4164074	88.20396
3740	12.8989	-22.5687	35.4676	0.251767	0.748233	3.107415	0.329858	0.29691	0.0905799	0.0828178	0.00863936	0.00273582	0.000678639	0	5.754832	1.857802	0.7482326	0.2517674	72.07793
3750	13.1176	-25.0597	38.1773	0.639459	0.360541	1.375045	0.328466	0.297483	0.0904637	0.0812733	0.00866682	0.00277298	0.000651999	0	3.045084	1.880723	0.3605414	0.6394586	75.98418
3760	11.9173	-26.8305	38.7478	0.679239	0.320761	6.685373	0.331221	0.299104	0.0900353	0.0829339	0.00864033	0.00272036	0.000651878	0	2.474583	1.949934	0.3207607	0.6792393	89.11162
3770	12.2953	-25.4372	37.7325	0.239756	0.760244	2.675789	0.337594	0.305281	0.0909817	0.0825616	0.00835088	0.00265833	0.000667738	0	3.489864	1.674882	0.7602441	0.2397559	47.30232
3780	12.2526	-22.3786	34.6312	0.179709	0.820291	1.017979	0.328027	0.302914	0.0908039	0.082914	0.00864477	0.0026739	0.000665106	0	6.591159	1.872046	0.8202908	0.1797092	74.48104
3790	13.9526	-22.3798	36.3324	0.590813	0.409187	2.25422	0.325287	0.304126	0.0909601	0.0821625	0.00863633	0.00265003	0.000659583	0	4.890026	1.989744	0.4091869	0.5908131	97.66604
3800	14.9844	-22.7297	37.7141	0.0410202	0.95898	3.213255	0.325238	0.304559	0.0928463	0.0794134	0.00847461	0.00267224	0.000665593	0	3.508249	1.962566	0.9589798	0.04102021	91.74147
3810	11.1326	-25.5817	36.7143	0.983251	0.0167491	1.008167	0.331691	0.303444	0.0927717	0.0806437	0.00835794	0.00267422	0.000661482	0	4.508063	1.733454	0.01674913	0.9832509	54.13205
3820	8.81966	-21.4071	30.2267	0.253132	0.746868	5.00039	0.33273	0.297771	0.092898	0.0800057	0.00848153	0.00264046	0.000653863	0	10.99565	1.981575	0.7468681	0.2531319	95.84629
3830	14.7045	-24.2048	38.9093	0.293653	0.706347	2.676777	0.338963	0.296754	0.0917341	0.0790979	0.00843883	0.00265371	0.00067659	0	2.313106	1.976463	0.7063472	0.2936528	94.7246
3840	15.3015	-23.0997	38.4011	0.0508515	0.949149	3.103656	0.340147	0.302539	0.0891432	0.079523	0.00843371	0.00268255	0.000673048	0	2.821242	1.989676	0.9491485	0.05085147	97.65083
3850	13.4696	-23.4384	36.908	0.769224	0.230776	3.57544	0.325674	0.305599	0.091885	0.0802683	0.00855888	0.00269565	0.000672608	0	4.314406	1.930581	0.230776	0.769224	85.22779
3860	14.4711	-23.1119	37.5831	0.122822	0.877178	1.697468	0.337422	0.306116	0.0901449	0.0794418	0.00836598	0.00270795	0.0006681	0	3.639334	1.946551	0.8771782	0.1228218	88.42017
3870	12.8327	-26.3635	39.1962	0.507269	0.492731	2.371666	0.331662	0.297576	0.0901065	0.0804064	0.00829093	0.00276265	0.00065219	0	2.026236	1.828149	0.4927309	0.5072691	67.32071
3880	13.8679	-23.9503	37.8182	0.0994988	0.900501	5.863245	0.332088	0.305652	0.0902426	0.0795074	0.0085247	0.00271198	0.000662651	0	3.404142	1.99148	0.9005012	0.09949882	98.0573
3890	10.3655	-28.6347	39.0001	0.926274	0.0737261	3.154654	0.331198	0.29782	0.0927047	0.079096	0.00857684	0.00270969	0.000673647	0	2.222258	1.682676	0.07372612	0.9262739	48.15889
3900	14.4811	-23.5936	38.0747	0.24705	0.75295	1.852201	0.336642	0.30322	0.0927225	0.0795872	0.00858944	0.00269232	0.000670399	0	3.147686	1.950989	0.7529497	0.2470503	89.32838
3910	12.8706	-25.945	38.8156	0.762269	0.237731	2.548093	0.335714	0.303968	0.0896031	0.0798192	0.00838299	0.00268495	0.000668783	0	2.406803	1.856546	0.2377307	0.7622693	71.86977
3920	12.5427	-25.9246	38.4673	0.35296	0.64704	4.683912	0.339865	0.29824	0.090049	0.0796611	0.00837249	0.002702	0.000681733	0	2.755113	1.80912	0.6470404	0.3529596	64.43466
3930	14.5574	-22.8178	37.3753	0.212914	0.787086	2.180587	0.33545	0.297887	0.0926415	0.0792933	0.0086149	0.00269539	0.000673784	0	3.847125	1.952924	0.7870863	0.2129137	89.72722
3940	13.7451	-24.8244	38.5695	0.311521	0.688479	2.92767	0.331589	0.296337	0.0921803	0.0794916	0.00857956	0.00276913	0.000672982	0	2.652932	1.843168	0.6884789	0.3115211	69.68956
3950	12.7605	-25.6544	38.4149	0.0286437	0.971356	0.2778863	0.33128	0.292995	0.0910402	0.0803095	0.0086541	0.00274209	0.000664095	0	2.807521	1.785233	0.9713563	0.02864366	60.98637
3960	12.1232	-23.6122	35.7354	0.772349	0.227651	0.2334358	0.337098	0.29362	0.0884272	0.0828498	0.00859142	0.00271744	0.000662315	0	5.486969	1.982363	0.2276509	0.7723491	96.02025
3970	11.8391	-24.9042	36.7433	0.240292	0.759708	0.7028287	0.338497	0.301538	0.0901342	0.0799703	0.00847483	0.00277316	0.000668393	0	4.479061	1.658865	0.7597076	0.2402924	45.58953
3980	14.0084	-23.9469	37.9553	0.614492	0.385508	4.848198	0.335514	0.307202	0.0887224	0.0828779	0.00855208	0.00275771	0.000681822	0	3.2671	1.995516	0.3855079	0.6144921	98.9729
3990	14.0421	-24.66	38.7021	0.523411	0.476589	3.865717	0.338479	0.303127	0.0898706	0.0807847	0.00860166	0.00275911	0.000678408	0	2.520252	1.940453	0.476589	0.523411	87.1872
4000	12.7159	-23.2704	35.9863	0.413126	0.586874	1.09633	0.339498	0.306486	0.0914101	0.079319	0.00830283	0.00276302	0.000679424	0	5.236077	1.857516	0.5868742	0.4131258	72.03042
4010	13.6006	-23.6512	37.2517	0.621617	0.378383	2.086316	0.333996	0.296407	0.0921645	0.0797938	0.00846476	0.00276536	0.000669824	0	3.970675	1.903244	0.3783834	0.6216166	80.02845
4020	12.9018	-26.2193	39.1211	0.263522	0.736478	1.860725	0.333359	0.29666	0.0919153	0.0800124	0.00838473	0.00275709	0.000675722	0	2.101256	1.768628	0.7364776	0.2635224	58.69863
4030	13.797	-22.6065	36.4035	0.0156584	0.984342	1.228071	0.337609	0.293759	0.0910597	0.0800907	0.00853628	0.00269083	0.000666547	0	4.818883	1.917244	0.9843416	0.01565839	82.6502
4040	10.0601	-30.1678	40.2279	0.51607	0.48393	5.843972	0.338293	0.303868	0.0924608	0.08075	0.00851959	0.00273713	0.0006504	0	0.9945334	1.857084	0.4839299	0.5160701	71.95881
4050	14.5192	-24.4425	38.9617	0.0739465	0.926054	3.179312	0.335477	0.298156	0.0905169	0.0800223	0.00870404	0.00275901	0.000657959	0	2.260647	1.902885	0.9260535	0.07394646	79.96224
4060	14.5186	-22.6283	37.1469	0.368264	0.631736	2.566792	0.330429	0.297914	0.0885402	0.079793	0.00849274	0.00274024	0.000661855	0	4.075444	1.981437	0.6317358	0.3682642	95.81573
4070	12.3976	-22.0088	34.4064	0.618585	0.381415	1.495422	0.333623	0.293905	0.0899728	0.0813384	0.00834346	0.00274217	0.000648286	0	6.816034	1.964529	0.3814151	0.6185849	92.15724
4080	14.7767	-22.4624	37.239	0.112938	0.887062	3.705774	0.337859	0.293712	0.0882793	0.0825536	0.00830338	0.00267511	0.000659758	0	3.983361	1.989285	0.8870615	0.1129385	97.56291
4090	14.2017	-24.2169	38.4186	0.600729	0.399271	3.756786	0.336817	0.295363	0.0898556	0.0818357	0.00831038	0.00264166	0.000665546	0	2.803816	1.973113	0.3992709	0.6007291	93.9967
4100	14.34	-23.982	38.322	0.557496	0.442504	2.75531	0.337009	0.298476	0.0889078	0.0819741	0.00852724	0.00264922	0.000648492	0	2.900399	1.969225	0.4425043	0.5574957	93.15901
4110	12.1936	-23.7171	35.9106	0.411245	0.588755	1.467149	0.332412	0.293139	0.08954	0.0826651	0.00859525	0.00265172	0.000662852	0	5.311751	1.763705	0.5887553	0.4112447	58.03706
4120	14.183	-24.0464	38.2294	0.726209	0.273791	2.894124	0.332561	0.299958	0.0890713	0.0832445	0.0085921	0.00265087	0.000649995	0	2.993026	1.975972	0.2737912	0.7262088	94.61762
4130	13.8483	-22.2453	36.0936	0.194048	0.805952	3.938869	0.325527	0.296943	0.0885381	0.0799139	0.0085616	0.00267914	0.000657794	0	5.128771	1.963397	0.8059524	0.1940476	91.91715
4140	13.8488	-23.0683	36.9172	0.000115721	0.999884	1.204869	0.327719	0.292329	0.0909856	0.0792958	0.00869645	0.00264558	0.000678649	0	4.305212	1.874467	0.9998843	0.000115721	74.89739
4150	12.3628	-23.9673	36.3301	0.635375	0.364625	2.751406	0.336478	0.294279	0.0902022	0.0802727	0.00847551	0.00265143	0.000676814	0	4.892284	1.795052	0.3646245	0.6353755	62.38093
4160	12.9007	-24.0117	36.9124	0.391438	0.608562	0.5231706	0.332987	0.296679	0.0899393	0.0795204	0.00859972	0.00270046	0.000678515	0	4.309987	1.909896	0.6085623	0.3914377	81.26367
4170	11.812	-27.7198	39.5318	0.230944	0.769056	4.913424	0.336095	0.293141	0.0887758	0.0792155	0.00862617	0.00267607	0.00066829	0	1.690581	1.776586	0.7690564	0.2309436	59.78415
4180	13.2441	-25.4774	38.7215	0.423685	0.576315	4.22377	0.324322	0.293411	0.0884199	0.0796288	0.00870312	0.00268658	0.000679455	0	2.500859	1.857463	0.5763152	0.4236848	72.02156
4190	13.8956	-23.5302	37.4258	0.479354	0.520646	3.65675	0.338254	0.294682	0.0884366	0.0793636	0.0084118	0.00272787	0.0006792	0	3.796559	1.922557	0.5206462	0.4793538	83.66745
4200	13.6051	-24.1067	37.7118	0.616672	0.383328	2.502481	0.329073	0.303818	0.0902371	0.0793663	0.00865948	0.00275884	0.000675209	0	3.510565	1.880084	0.383328	0.616672	75.87251
4210	14.4026	-23.3882	37.7908	0.0969947	0.903005	2.636809	0.324368	0.296841	0.0890604	0.0802107	0.00849798	0.00269593	0.000657662	0	3.431639	1.890131	0.9030053	0.09699468	77.64806
4220	12.9711	-25.2774	38.2485	0.18305	0.81695	1.631379	0.32365	0.302219	0.0909612	0.0824712	0.00833111	0.00268818	0.000648289	0	2.973845	1.737396	0.8169498	0.1830502	54.62562
4230	13.2355	-24.4413	37.6767	0.462062	0.537938	0.5515708	0.327641	0.306227	0.0928044	0.0806856	0.00839313	0.00271936	0.000650247	0	3.545646	1.993554	0.5379381	0.4620619	98.5266
4240	13.9704	-22.2583	36.2286	0.0327766	0.967223	2.773629	0.328356	0.29606	0.0902226	0.0818049	0.00837025	0.00274744	0.000648609	0	4.993747	1.910436	0.9672234	0.03277658	81.36463
4250	11.7941	-24.4065	36.2006	0.482769	0.517231	6.376079	0.331987	0.302532	0.0923807	0.08322	0.00838824	0.00277147	0.000656987	0	5.021803	1.951968	0.5172315	0.4827685	89.5299
4260	13.2558	-23.1658	36.4216	0.268009	0.731991	3.016342	0.325781	0.306855	0.0911619	0.0826944	0.00843732	0.00267795	0.000650964	0	4.800758	1.850493	0.7319914	0.2680086	70.87495
4270	11.1374	-28.622	39.7594	0.398803	0.601197	0.7700208	0.336731	0.306729	0.0914124	0.0825196	0.00843286	0.00265559	0.000651986	0	1.462953	1.79665	0.6011975	0.3988025	62.61093
4280	14.7548	-22.228	36.9828	0.0682402	0.93176	3.665842	0.338765	0.302261	0.0915336	0.0824374	0.00841239	0.00267652	0.000656689	0	4.239543	1.990536	0.9317598	0.06824021	97.84438
4290	9.15207	-28.8973	38.0493	0.950712	0.049288	2.664252	0.335024	0.306491	0.0923574	0.0821026	0.00852261	0.00276639	0.000650297	0	3.173044	1.543953	0.049288	0.950712	34.99076
4300	12.9228	-23.1632	36.086	0.612784	0.387216	0.9571395	0.333296	0.302323	0.0916932	0.0823346	0.00836818	0.00273641	0.000672658	0	5.136381	1.946388	0.387216	0.612784	88.3869
4310	12.0899	-27.3627	39.4526	0.99127	0.00872978	1.668554	0.324241	0.306006	0.0919895	0.0810772	0.00856021	0.0026792	0.000668303	0	1.769795	1.947096	0.008729779	0.9912702	88.53119
4320	13.1746	-24.6129	37.7875	0.475673	0.524327	2.823652	0.335726	0.300652	0.0918808	0.0790936	0.00853799	0.00267918	0.000668408	0	3.434921	1.812265	0.5243274	0.4756726	64.90309
4330	11.822	-24.6044	36.4264	0.215748	0.784252	1.565167	0.334909	0.292619	0.0888801	0.0804214	0.0083102	0.00264349	0.000677421	0	4.795943	1.642218	0.7842522	0.2157478	43.87509
4340	12.0973	-22.334	34.4313	0.00415615	0.995844	0.5571551	0.327763	0.293931	0.088644	0.0797847	0.00853752	0.00264649	0.000677511	0	6.791116	1.881442	0.9958439	0.004156147	76.11008
4350	13.0703	-25.1883	38.2586	0.133369	0.866631	0.1963352	0.330813	0.294674	0.0888516	0.0801951	0.00859499	0.00274814	0.000680942	0	2.963785	1.935293	0.8666314	0.1333686	86.15743
4360	12.4277	-23.7976	36.2253	0.457502	0.542498	0.7797557	0.330529	0.298431	0.08953	0.0798323	0.00851315	0.00269388	0.000673558	0	4.997081	1.836368	0.5424977	0.4575023	68.60688
4370	14.7652	-22.9658	37.731	0.0327038	0.967296	4.335349	0.331367	0.297437	0.0892142	0.0802451	0.00855037	0.00273246	0.000652646	0	3.491361	1.978019	0.9672962	0.03270383	95.06457
4380	13.6459	-24.9322	38.5781	0.478668	0.521332	3.1125	0.325157	0.305652	0.0900823	0.0805526	0.00857507	0.00272672	0.000674665	0	2.644274	1.86865	0.5213324	0.4786676	73.90101
4390	11.043	-25.2873	36.3303	0.0196336	0.980366	4.822881	0.324526	0.296823	0.0895339	0.0795558	0.00863227	0.00269098	0.000681193	0	4.892117	1.685245	0.9803664	0.01963356	48.44459
4400	12.9936	-24.8774	37.871	0.965704	0.0342961	1.915716	0.332196	0.30282	0.088617	0.0813968	0.00857097	0.00267531	0.000682059	0	3.351344	1.888591	0.03429612	0.9657039	77.37331
4410	13.9981	-24.3625	38.3606	0.848074	0.151926	2.110299	0.335423	0.304818	0.0894392	0.0799753	0.00853879	0.00267891	0.000664245	0	2.86178	1.997542	0.1519259	0.8480741	99.4356
4420	13.3295	-22.1182	35.4477	0.208736	0.791264	3.723708	0.332144	0.293813	0.0920208	0.0830629	0.00844668	0.0026638	0.000648707	0	5.774729	1.945474	0.7912638	0.2087362	88.20117
4430	13.7363	-25.7516	39.4879	0.297274	0.702726	2.046159	0.337173	0.293624	0.090876	0.0824668	0.00853829	0.00273336	0.000667264	0	1.734518	1.931981	0.7027255	0.2972745	85.50286
4440	10.6919	-21.2715	31.9634	0.993416	0.00658377	1.498235	0.336783	0.29439	0.0890098	0.0802116	0.00852677	0.00272118	0.000662035	0	9.258962	1.987132	0.006583774	0.9934162	97.08045
4450	12.2241	-26.4256	38.6498	0.889006	0.110994	1.45358	0.331732	0.295622	0.0908743	0.0807417	0.00841694	0.00267249	0.000664287	0	2.572617	1.845783	0.1109939	0.8890061	70.11047
4460	12.665	-22.5274	35.1924	0.803012	0.196988	3.860265	0.330169	0.293133	0.0894919	0.0813957	0.00862071	0.00268647	0.000669375	0	6.029982	1.948446	0.1969884	0.8030116	88.80673
4470	13.7002	-22.7719	36.4721	0.53709	0.46291	4.042969	0.331582	0.29917	0.0901173	0.0791189	0.00864576	0.00266865	0.000667705	0	4.750269	1.966512	0.4629104	0.5370896	92.57898
4480	12.6706	-25.9477	38.6183	0.339408	0.660592	6.600024	0.335139	0.299111	0.0885044	0.0798733	0.0086751	0.00270777	0.000661704	0	2.60408	1.9562	0.6605916	0.3394084	90.40648
4490	12.5003	-25.4014	37.9017	0.634967	0.365033	0.4033838	0.337349	0.296723	0.0904502	0.0814947	0.00828342	0.00269865	0.000669721	0	3.320695	1.919012	0.3650327	0.6349673	82.98734
4500	12.3435	-23.9829	36.3264	0.782856	0.217144	0.3941035	0.33648	0.294539	0.0904692	0.0825455	0.00839969	0.00269194	0.000666632	0	4.896025	1.952622	0.2171443	0.7828557	89.66483
4510	14.3505	-22.6244	36.9749	0.121489	0.878511	2.084113	0.333843	0.297903	0.0888389	0.0824959	0.0086884	0.0027054	0.000681318	0	4.247499	1.921936	0.878511	0.121489	83.54799
4520	13.6029	-24.3155	37.9183	0.744231	0.255769	4.925236	0.32996	0.296639	0.089213	0.0799187	0.00833321	0.00268433	0.000671741	0	3.304053	1.985745	0.2557691	0.7442309	96.7709
4530	14.5001	-23.6282	38.1283	0.188294	0.811706	4.552838	0.325604	0.301228	0.0899143	0.0795223	0.00846568	0.00268401	0.000659397	0	3.094105	1.975474	0.8117058	0.1882942	94.50921
4540	12.4243	-26.3534	38.7777	0.260364	0.739636	3.29235	0.330977	0.303622	0.0915913	0.0823269	0.00861483	0.00268037	0.000666117	0	2.444725	1.711134	0.7396363	0.2603637	51.42025
4550	13.3731	-24.5372	37.9102	0.865479	0.134521	2.864919	0.325892	0.303472	0.0889388	0.0823611	0.00854183	0.00270419	0.000651127	0	3.312145	1.907116	0.1345206	0.8654794	80.74511
4560	13.5995	-23.613	37.2124	0.652507	0.347493	4.108944	0.3308	0.300916	0.0886198	0.0826249	0.00857734	0.00274882	0.000661973	0	4.009959	1.942524	0.3474933	0.6525067	87.60401
4570	15.1564	-22.7471	37.9036	0.0733988	0.926601	2.326488	0.33976	0.295856	0.0885794	0.0813702	0.00838907	0.00269413	0.000676023	0	3.318801	1.994848	0.9266012	0.07339884	98.82067
4580	13.7713	-23.5962	37.3675	0.413021	0.586979	3.867808	0.339395	0.302721	0.0898515	0.0821102	0.00846822	0.00268503	0.000676562	0	3.854909	1.910239	0.5869786	0.4130214	81.32782
4590	13.5246	-23.3888	36.9134	0.545065	0.454935	2.356633	0.331832	0.304261	0.0923505	0.0818765	0.00830547	0.00276839	0.000679519	0	4.308975	1.88677	0.4549346	0.5450654	77.04951
4600	13.1481	-24.6013	37.7494	0.471927	0.528073	2.680553	0.335099	0.301381	0.0920072	0.0792381	0.00845746	0.00276878	0.00065485	0	3.472981	1.810721	0.5280733	0.4719267	64.67276
4610	13.3514	-26.1547	39.5061	0.426253	0.573747	5.12831	0.3356	0.297669	0.0916215	0.0794387	0.00837274	0.00271447	0.000650211	0	1.716274	1.973257	0.5737471	0.4262529	94.02791
4620	12.722	-27.0196	39.7417	0.641832	0.358168	4.412822	0.329043	0.301404	0.0919369	0.0819974	0.00842722	0.00273298	0.000654307	0	1.480735	1.944156	0.3581677	0.6418323	87.93384
4630	9.90744	-23.5474	33.4549	0.968005	0.031995	5.513228	0.329241	0.304779	0.0902119	0.0798348	0.00839816	0.00275248	0.000669823	0	7.767512	1.910363	0.031995	0.968005	81.35094
4640	10.1419	-24.9307	35.0725	0.491216	0.508784	5.373131	0.323975	0.304661	0.0911353	0.0806163	0.00834937	0.00264406	0.000654928	0	6.14984	1.787918	0.5087837	0.4912163	61.36467
4650	11.7231	-25.3697	37.0928	0.788795	0.211205	5.226698	0.337679	0.300371	0.0925952	0.0807292	0.00863871	0.00263857	0.000660466	0	4.129625	1.854485	0.2112054	0.7887946	71.52944
4660	10.9823	-21.4744	32.4568	0.171016	0.828984	1.866306	0.337922	0.301319	0.0894608	0.0825937	0.00858109	0.00272688	0.00065584	0	8.765612	1.873206	0.8289843	0.1710157	74.68025
4670	13.6809	-23.336	37.0169	0.892151	0.107849	4.379018	0.338436	0.30644	0.088611	0.0823382	0.00866818	0.00275975	0.000655518	0	4.205539	1.998941	0.1078488	0.8921512	99.75637
4680	14.3545	-22.8782	37.2327	0.227147	0.772853	4.426061	0.336916	0.304126	0.0921622	0.0819748	0.00858317	0.0026888	0.000657884	0	3.989711	1.985147	0.7728525	0.2271475	96.63786
4690	14.5032	-22.9053	37.4085	0.220952	0.779048	1.620983	0.329116	0.306649	0.0921008	0.0818584	0.00863251	0.00268431	0.000679571	0	3.813888	1.984808	0.7790482	0.2209518	96.5625
4700	11.7424	-22.0993	33.8416	0.124342	0.875658	0.3316382	0.32765	0.307047	0.0929122	0.0824616	0.00835911	0.00272361	0.000665691	0	7.380756	1.98279	0.8756576	0.1243424	96.11468
4710	11.4531	-27.8208	39.2739	0.350309	0.649691	1.281897	0.327013	0.303178	0.0889709	0.0805551	0.00853696	0.00273769	0.00065738	0	1.948449	1.652711	0.6496907	0.3503093	44.9481
4720	15.0644	-23.6356	38.7	0.0672542	0.932746	2.938864	0.323221	0.306127	0.0903818	0.0826506	0.00842689	0.00274173	0.000652138	0	2.522418	1.970102	0.9327458	0.0672542	93.34729
4730	13.3175	-25.4958	38.8134	0.0820552	0.917945	0.6278305	0.329869	0.298958	0.089442	0.0810889	0.00846718	0.00270988	0.000663223	0	2.409031	1.895171	0.9179448	0.08205518	78.5545
4740	12.1058	-21.6215	33.7273	0.924546	0.0754536	2.094326	0.333336	0.292288	0.0894577	0.082639	0.00831644	0.0026694	0.000672472	0	7.495138	1.978661	0.07545357	0.9245464	95.20517
4750	14.2174	-24.2063	38.4237	0.583195	0.416805	4.360277	0.337731	0.305374	0.0889377	0.0827406	0.00828744	0.0026571	0.000656142	0	2.798695	1.998547	0.4168052	0.5831948	99.66592
4760	12.1768	-23.597	35.7737	0.482798	0.517202	1.624402	0.326032	0.298247	0.0893447	0.0820991	0.00841972	0.00269865	0.000664347	0	5.448642	1.780283	0.5172021	0.4827979	60.29526
4770	15.1271	-22.9131	38.0402	0.0634598	0.93654	2.898684	0.333603	0.306354	0.0918821	0.0827528	0.00863802	0.00272475	0.000669271	0	3.182225	1.967969	0.9365402	0.06345978	92.89011
4780	14.8442	-23.6008	38.445	0.0860203	0.91398	1.677143	0.326455	0.303292	0.0893925	0.0820135	0.0084542	0.00274544	0.00066327	0	2.777376	1.997188	0.9139797	0.08602025	99.3547
4790	14.7877	-23.9759	38.7635	0.35893	0.64107	2.954401	0.339828	0.302069	0.0922604	0.082397	0.00842634	0.00273799	0.000657138	0	2.458856	1.994605	0.6410704	0.3589296	98.7654
4800	14.0538	-23.0642	37.1179	0.138022	0.861978	1.138243	0.339459	0.305283	0.0911502	0.0808175	0.0084493	0.00264297	0.000677987	0	4.104455	1.960048	0.8619784	0.1380216	91.21119
4810	12.4956	-26.914	39.4097	0.60518	0.39482	3.456532	0.324506	0.302838	0.0908076	0.0830715	0.00858382	0.00272116	0.000679159	0	1.812715	1.831274	0.3948198	0.6051802	67.80696
4820	11.3866	-27.6084	38.9951	0.729587	0.270413	6.913866	0.339743	0.30435	0.0908236	0.0817328	0.00864284	0.00268739	0.000680565	0	2.227336	1.934163	0.2704135	0.7295865	85.93354
4830	12.8102	-22.9825	35.7927	0.725159	0.274841	1.67806	0.333711	0.299719	0.0910136	0.0827409	0.00859721	0.00264872	0.000681338	0	5.429673	1.89653	0.2748407	0.7251593	78.80062
4840	12.8872	-25.3689	38.2561	0.880346	0.119654	2.694803	0.331101	0.301489	0.091606	0.0810378	0.00869417	0.00272216	0.000666159	0	2.966327	1.856167	0.1196538	0.8803462	71.80705
4850	12.0175	-26.3239	38.3414	0.665749	0.334251	6.490208	0.326614	0.299415	0.0924172	0.0820401	0.00855556	0.00273457	0.000664582	0	2.880972	1.935604	0.3342514	0.6657486	86.21926
4860	11.111	-26.9179	38.0289	0.572684	0.427316	6.959467	0.331394	0.301286	0.0926682	0.0827863	0.00851424	0.00270918	0.000649233	0	3.193533	1.89186	0.4273155	0.5726845	77.95796
4870	8.40758	-21.5749	29.9825	0.682785	0.317215	1.948812	0.334583	0.302118	0.0919438	0.0804433	0.00848727	0.00272049	0.000648266	0	11.23988	1.843499	0.3172152	0.6827848	69.7428
4880	13.6753	-22.7858	36.4611	0.235707	0.764293	1.564157	0.339836	0.306728	0.0886293	0.080448	0.00849621	0.00274612	0.000653609	0	4.761314	1.915799	0.764293	0.235707	82.37576
4890	12.3436	-27.2205	39.5641	0.118132	0.881868	7.407188	0.337287	0.304693	0.0907769	0.0790874	0.00868454	0.00274818	0.000661558	0	1.658292	1.994403	0.8818678	0.1181322	98.71946
4900	14.0918	-22.8508	36.9426	0.277576	0.722424	1.474558	0.340083	0.303907	0.0926772	0.0804348	0.00859511	0.00273991	0.000650303	0	4.279776	1.976496	0.7224244	0.2775756	94.73182
4910	13.3219	-23.8199	37.1418	0.667372	0.332628	4.675073	0.329895	0.297794	0.0913146	0.080483	0.00868306	0.00268772	0.000662051	0	4.080591	1.947699	0.332628	0.667372	88.65417
4920	10.2359	-24.8718	35.1077	0.95843	0.0415698	2.582297	0.328596	0.302247	0.0920193	0.0826768	0.00865622	0.00265771	0.000677616	0	6.114711	1.679705	0.04156978	0.9584302	47.83056
4930	14.8045	-22.7707	37.5752	0.0638105	0.936189	2.922284	0.336504	0.297923	0.091882	0.0812793	0.0084102	0.00276884	0.000662128	0	3.647231	1.944697	0.9361895	0.06381053	88.0435
4940	13.378	-22.0426	35.4206	0.0968694	0.903131	2.593143	0.328312	0.292376	0.0925944	0.0797375	0.00846962	0.00276616	0.000671386	0	5.801826	1.893449	0.9031306	0.09686942	78.24366
4950	13.3608	-25.4687	38.8295	0.143368	0.856632	1.644491	0.328733	0.300506	0.0924284	0.080568	0.00866071	0.00274257	0.000673548	0	2.392859	1.779616	0.8566317	0.1433683	60.20275
4960	13.7683	-24.1281	37.8964	0.821659	0.178341	4.706781	0.330672	0.29299	0.0917822	0.0797391	0.00866308	0.00275484	0.000681738	0	3.325952	1.990083	0.1783407	0.8216593	97.74249
4970	13.7438	-23.0801	36.8239	0.200708	0.799292	1.294104	0.32674	0.294916	0.0923108	0.07936	0.00842629	0.0027735	0.000661365	0	4.398496	1.916115	0.799292	0.200708	82.43555
4980	14.213	-24.938	39.151	0.0844243	0.915576	2.639152	0.324105	0.297618	0.0924344	0.0808297	0.00860279	0.00276456	0.000668566	0	2.071385	1.87416	0.9155757	0.08442427	74.84455
4990	13.7177	-23.2915	37.0092	0.741681	0.258319	1.586868	0.323791	0.296226	0.0928375	0.0795929	0.00838621	0.0027245	0.00066405	0	4.213192	1.982932	0.2583187	0.7416813	96.14609
5000	13.9908	-22.1055	36.0963	0.128531	0.871469	1.434145	0.324286	0.299586	0.0909417	0.0807297	0.00851462	0.00275531	0.000664548	0	5.126096	1.995152	0.8714694	0.1285306	98.88996
