Iteration	Posterior	Likelihood	Prior	clado_type_probs[1]	clado_type_probs[2]	distance_scale	epoch_times[1]	epoch_times[2]	epoch_times[3]	epoch_times[4]	epoch_times[5]	epoch_times[6]	epoch_times[7]	epoch_times[8]	extirpation_rate	log10_rate_bg	p_allopatry	p_sympatry	rate_bg
0	-53.4732	-85.1133	31.6401	0.389378	0.610622	0.01	0.41939	0.323501	0.143469	0.145886	0.0504626	0.0278158	0.0181668	0	0.8012658	-2	0.610622	0.389378	0.01
10	5.05706	-25.1708	30.2279	0.385358	0.614642	0.01705653	0.419228	0.327522	0.143389	0.143649	0.0510606	0.0279623	0.0185303	0	2.213468	1.827464	0.6146415	0.3853585	67.21468
20	6.13642	-21.9946	28.131	0.546304	0.453696	0.8911984	0.418108	0.329753	0.142592	0.143041	0.0505694	0.0267694	0.0184972	0	4.310374	1.294125	0.4536962	0.5463038	19.68451
30	7.67035	-22.6087	30.2791	0.850966	0.149034	2.053103	0.429041	0.322392	0.144396	0.142305	0.0509523	0.0273223	0.0185267	0	2.162296	1.847692	0.1490339	0.8509661	70.41929
40	6.67615	-19.4821	26.1582	0.364157	0.635843	2.338189	0.433461	0.321501	0.147375	0.13941	0.0522394	0.0276333	0.0183962	0	6.283118	1.762823	0.6358427	0.3641573	57.91931
50	7.42963	-21.8106	29.2402	0.659965	0.340035	6.11816	0.422451	0.324291	0.148116	0.142454	0.0525561	0.0272114	0.0179758	0	3.201152	1.553767	0.3400348	0.6599652	35.79044
60	8.84736	-20.8206	29.6679	0.331417	0.668583	3.896898	0.417729	0.323014	0.146799	0.143855	0.0504973	0.0276442	0.0181614	0	2.773441	1.971517	0.6685828	0.3314172	93.65197
70	6.70267	-23.3442	30.0469	0.00036105	0.999639	7.772127	0.418728	0.329632	0.147936	0.145324	0.0522463	0.0275555	0.0182083	0	2.394499	1.530167	0.999639	0.0003610495	33.89743
80	7.63038	-22.46	30.0904	0.283962	0.716038	1.843086	0.424657	0.323507	0.145082	0.144449	0.0505556	0.0279985	0.0182087	0	2.351001	1.881723	0.7160384	0.2839616	76.15934
90	7.95466	-20.2192	28.1738	0.192508	0.807492	2.659155	0.425086	0.315232	0.147058	0.142934	0.0514376	0.0272121	0.0176891	0	4.267535	1.794412	0.8074922	0.1925078	62.28911
100	7.69393	-22.2814	29.9753	0.475099	0.524901	6.770667	0.438714	0.317038	0.146624	0.143035	0.0513919	0.0273663	0.0178159	0	2.466022	1.710783	0.5249007	0.4750993	51.37871
110	7.12361	-21.0504	28.174	0.244766	0.755234	6.213295	0.431542	0.315524	0.144241	0.143167	0.0523413	0.0279249	0.0181953	0	4.267357	1.665156	0.7552342	0.2447658	46.25467
120	8.04159	-22.3817	30.4233	0.0285824	0.971418	6.281616	0.419273	0.314987	0.148118	0.143953	0.052549	0.0272418	0.0179772	0	2.018091	1.848495	0.9714176	0.02858241	70.54967
130	7.36975	-21.7817	29.1515	0.782778	0.217222	4.567094	0.431748	0.325108	0.141182	0.145276	0.0520463	0.026711	0.0178487	0	3.289911	1.426479	0.2172221	0.7827779	26.69799
140	6.0492	-19.261	25.3102	0.946852	0.0531477	2.242002	0.430609	0.321822	0.147152	0.143669	0.051588	0.0270076	0.0178036	0	7.131121	1.794598	0.05314768	0.9468523	62.31579
150	8.13807	-20.3481	28.4861	0.375566	0.624434	3.469575	0.435684	0.319687	0.145353	0.145546	0.0512155	0.0274682	0.0180135	0	3.955218	1.703037	0.6244337	0.3755663	50.47047
160	7.20159	-20.707	27.9086	0.205957	0.794043	2.80178	0.428143	0.329414	0.145049	0.145434	0.050792	0.0267008	0.018015	0	4.532748	1.433521	0.7940432	0.2059568	27.13443
170	6.67483	-23.0582	29.733	0.592854	0.407146	5.195494	0.428218	0.315432	0.146796	0.141479	0.0515663	0.0268294	0.0176301	0	2.708346	1.3215	0.4071458	0.5928542	20.96526
180	8.28387	-20.6775	28.9613	0.530312	0.469688	2.557889	0.428358	0.315714	0.144146	0.144733	0.0525682	0.0271538	0.0177125	0	3.480033	1.965181	0.469688	0.530312	92.29565
190	6.84321	-22.1867	29.0299	0.80861	0.19139	6.113448	0.434686	0.318675	0.146965	0.145416	0.0515773	0.0273453	0.0178157	0	3.411465	1.433021	0.1913902	0.8086098	27.10325
200	5.70966	-20.5637	26.2733	0.330076	0.669924	3.758693	0.431245	0.315929	0.147244	0.144329	0.0507312	0.0275596	0.0181927	0	6.168023	1.289509	0.6699236	0.3300764	19.47643
210	7.73474	-22.5671	30.3019	0.334806	0.665194	2.535771	0.438355	0.323331	0.145248	0.142303	0.0518991	0.027214	0.0180376	0	2.139507	1.674512	0.6651935	0.3348065	47.26197
220	8.0714	-21.7716	29.8431	0.759893	0.240107	5.127618	0.434966	0.328066	0.147981	0.143698	0.0530309	0.027131	0.0178347	0	2.598312	1.657517	0.2401067	0.7598933	45.44825
230	8.21078	-20.5875	28.7983	0.431793	0.568207	4.342544	0.434777	0.329974	0.142867	0.145191	0.0518321	0.0279387	0.0179434	0	3.643081	1.709301	0.5682067	0.4317933	51.20361
240	8.02788	-19.7204	27.7483	0.896184	0.103816	3.643397	0.433182	0.329654	0.142738	0.142348	0.0515475	0.0275915	0.0181032	0	4.693067	1.884042	0.1038161	0.8961839	76.56707
250	8.15165	-22.4014	30.553	0.0543679	0.945632	4.622791	0.418001	0.323687	0.146427	0.141999	0.052929	0.0269602	0.0180235	0	1.888358	1.732987	0.9456321	0.05436786	54.0738
260	8.54108	-21.1425	29.6836	0.54987	0.45013	5.431606	0.427988	0.318579	0.144707	0.143363	0.0529775	0.0270599	0.0177809	0	2.75775	1.92739	0.45013	0.54987	84.60379
270	7.07109	-24.3957	31.4668	0.0916385	0.908362	4.640829	0.42973	0.315696	0.146278	0.140414	0.0518468	0.0267431	0.0177011	0	0.9746078	1.935995	0.9083615	0.09163849	86.29678
280	7.50569	-21.825	29.3307	0.62924	0.37076	5.194394	0.430383	0.329734	0.146163	0.143477	0.0507464	0.0278843	0.0180625	0	3.110667	1.475404	0.3707596	0.6292404	29.88161
290	7.6199	-22.3543	29.9742	0.00788841	0.992112	7.160469	0.430693	0.330341	0.147462	0.142336	0.050925	0.0277308	0.0180737	0	2.467179	1.726261	0.9921116	0.007888409	53.24276
300	7.79763	-20.7857	28.5833	0.919732	0.0802683	6.100043	0.423169	0.327182	0.144026	0.139885	0.0510754	0.0268866	0.0182457	0	3.858029	1.92852	0.08026829	0.9197317	84.82418
310	7.51137	-19.9402	27.4516	0.176524	0.823476	4.132462	0.418838	0.3273	0.144408	0.143797	0.0511039	0.0269249	0.0181088	0	4.989791	1.684663	0.823476	0.176524	48.37968
320	8.14155	-20.8264	28.968	0.609533	0.390467	2.598624	0.437571	0.328372	0.141314	0.145244	0.0527783	0.027614	0.0181452	0	3.473398	1.742272	0.3904674	0.6095326	55.24234
330	7.60269	-21.3337	28.9364	0.565242	0.434758	3.660529	0.431745	0.328345	0.141022	0.144421	0.0522033	0.0279164	0.0182002	0	3.504938	1.443478	0.4347576	0.5652424	27.76377
340	8.27811	-21.4819	29.76	0.951304	0.0486959	3.901649	0.426203	0.322364	0.140871	0.145045	0.052875	0.0274844	0.0181361	0	2.681355	1.66191	0.04869589	0.9513041	45.91032
350	8.54719	-21.6933	30.2404	0.389217	0.610783	5.577103	0.438077	0.323848	0.147623	0.144978	0.0527506	0.0279588	0.0181062	0	2.200924	1.938931	0.6107826	0.3892174	86.8822
360	7.81021	-20.347	28.1572	0.0560202	0.94398	4.610203	0.433816	0.321046	0.145309	0.145799	0.0515497	0.0267582	0.0178421	0	4.284174	1.706457	0.9439798	0.0560202	50.86943
370	6.13655	-22.1047	28.2413	0.161256	0.838744	1.048641	0.42549	0.314612	0.14462	0.145145	0.052402	0.0268889	0.0179238	0	4.200074	1.237252	0.8387445	0.1612555	17.26841
380	7.18341	-20.5465	27.7299	0.874059	0.125941	5.311557	0.423541	0.317814	0.141641	0.143168	0.0530475	0.0268614	0.0178412	0	4.711465	1.651193	0.1259409	0.8740591	44.79121
390	7.51045	-23.4184	30.9288	0.364122	0.635878	2.909472	0.435293	0.320447	0.141111	0.145459	0.0507207	0.0279334	0.0179029	0	1.512521	1.814873	0.6358776	0.3641224	65.29402
400	7.32308	-20.8978	28.2208	0.949478	0.0505222	1.541474	0.429069	0.323649	0.142507	0.14041	0.0510983	0.0278632	0.0184695	0	4.220526	1.746624	0.05052216	0.9494778	55.79863
410	7.43704	-20.2589	27.696	0.39341	0.60659	2.087121	0.438309	0.327147	0.141385	0.139498	0.0521471	0.0279724	0.0177349	0	4.745376	1.717376	0.6065898	0.3934102	52.16459
420	7.96952	-20.8966	28.8661	0.193169	0.806831	5.882709	0.434816	0.319954	0.143471	0.141318	0.0518192	0.027749	0.0182784	0	3.57523	1.855453	0.8068309	0.1931691	71.68914
430	8.28292	-20.1665	28.4494	0.500108	0.499892	4.186215	0.431758	0.323573	0.144286	0.141454	0.0515472	0.0277643	0.0181516	0	3.991916	1.80712	0.499892	0.500108	64.13865
440	4.83766	-19.9775	24.8151	0.399419	0.600581	2.345535	0.422392	0.325491	0.141632	0.142806	0.0521802	0.0278593	0.0181115	0	7.626228	1.261175	0.6005807	0.3994193	18.24633
450	8.38726	-21.528	29.9153	0.00303068	0.996969	2.905709	0.42844	0.330454	0.140889	0.140959	0.0524174	0.0279062	0.0176394	0	2.526065	1.837128	0.9969693	0.003030682	68.72707
460	7.84022	-20.4745	28.3147	0.108323	0.891677	2.119142	0.430187	0.320431	0.145651	0.13918	0.0516443	0.0275164	0.0184266	0	4.126663	1.995857	0.8916768	0.1083232	99.05057
470	7.81791	-23.2149	31.0328	0.088045	0.911955	6.506966	0.43117	0.322937	0.142089	0.143011	0.0506426	0.0270673	0.0184966	0	1.408585	1.991767	0.911955	0.08804499	98.12224
480	6.34732	-20.4397	26.787	0.085225	0.914775	1.809373	0.429344	0.320494	0.145906	0.142349	0.0511492	0.0278138	0.0183649	0	5.654364	1.368616	0.914775	0.08522498	23.36771
490	8.14343	-21.5422	29.6856	0.0317963	0.968204	6.389152	0.433867	0.323398	0.147604	0.142607	0.0512372	0.0273877	0.0182724	0	2.755743	1.962635	0.9682037	0.03179634	91.75618
500	7.8336	-21.6179	29.4515	0.794066	0.205934	2.217036	0.432069	0.327724	0.148096	0.141275	0.0507252	0.0279958	0.0177441	0	2.989861	1.645367	0.2059344	0.7940656	44.1944
510	6.79702	-24.2259	31.0229	0.0716221	0.928378	9.459306	0.438959	0.322584	0.145082	0.140278	0.0506337	0.0275204	0.018028	0	1.418422	1.882744	0.9283779	0.0716221	76.33855
520	7.29847	-19.8162	27.1147	0.654274	0.345726	4.631381	0.423774	0.323178	0.147072	0.141904	0.0509264	0.0277925	0.0181468	0	5.326699	1.743217	0.3457263	0.6542737	55.36261
530	7.67662	-21.3548	29.0314	0.113747	0.886253	6.754662	0.429115	0.314298	0.145354	0.144066	0.0511765	0.0274959	0.0183368	0	3.409917	1.977757	0.8862527	0.1137473	95.00723
540	7.75757	-22.6699	30.4275	0.439667	0.560333	4.212866	0.429569	0.328339	0.146145	0.145096	0.0508062	0.0279964	0.0178396	0	2.013892	1.553982	0.5603333	0.4396667	35.80815
550	7.57023	-20.0978	27.668	0.739073	0.260927	2.157838	0.425596	0.326278	0.147954	0.143664	0.0527892	0.0271051	0.0179435	0	4.773365	1.974415	0.2609273	0.7390727	94.27892
560	7.01815	-20.0084	27.0265	0.613233	0.386767	2.072259	0.423901	0.328333	0.141758	0.140699	0.0518395	0.0271668	0.0181828	0	5.41483	1.646101	0.386767	0.613233	44.26917
570	6.93354	-23.6184	30.5519	0.949569	0.0504309	2.18585	0.430665	0.330421	0.144113	0.139824	0.0529814	0.027233	0.0182597	0	1.88945	1.543862	0.05043089	0.9495691	34.98339
580	2.87342	-22.8295	25.7029	0.70676	0.29324	0.3550326	0.42898	0.330478	0.147444	0.142359	0.0512612	0.0268664	0.0179134	0	6.738422	0.8417607	0.2932398	0.7067602	6.946415
590	7.11629	-20.4397	27.556	0.0453317	0.954668	1.588156	0.425558	0.324291	0.147869	0.141483	0.0524878	0.0267647	0.0177343	0	4.885375	1.840376	0.9546683	0.04533169	69.24307
600	5.10878	-19.4771	24.5858	0.645296	0.354704	5.657094	0.428062	0.321722	0.141327	0.140274	0.051478	0.0271293	0.0184111	0	7.855532	1.98107	0.3547044	0.6452956	95.73482
610	7.49454	-22.0336	29.5281	0.291496	0.708504	5.297866	0.42563	0.316686	0.144594	0.142287	0.0512424	0.0278435	0.0184721	0	2.913222	1.453406	0.7085038	0.2914962	28.4057
620	6.61714	-22.3738	28.991	0.36983	0.63017	7.993134	0.423769	0.330277	0.142961	0.145254	0.0515272	0.0271736	0.0181863	0	3.450409	1.618762	0.6301698	0.3698302	41.56826
630	6.62089	-24.6486	31.2695	0.952977	0.0470226	9.240618	0.422029	0.33046	0.144501	0.144745	0.0506018	0.0269102	0.0182953	0	1.171835	1.909372	0.04702264	0.9529774	81.16555
640	7.31468	-19.2885	26.6031	0.162148	0.837852	3.369335	0.429756	0.329381	0.147858	0.14401	0.0505196	0.0274751	0.0183283	0	5.838217	1.971182	0.8378516	0.1621484	93.57973
650	7.39915	-20.1836	27.5827	0.819968	0.180032	5.65346	0.437375	0.315356	0.144395	0.145619	0.0527918	0.0270434	0.0184652	0	4.858628	1.898964	0.1800315	0.8199685	79.24348
660	7.83696	-22.5955	30.4324	0.540488	0.459512	2.79788	0.437733	0.320331	0.144883	0.144377	0.0529419	0.0270116	0.0184688	0	2.008935	1.708837	0.4595122	0.5404878	51.14904
670	7.24334	-21.2757	28.519	0.404263	0.595737	3.927258	0.429387	0.320041	0.143988	0.139854	0.0511968	0.0272398	0.0177603	0	3.922334	1.393393	0.5957372	0.4042628	24.73962
680	7.60596	-20.3851	27.9911	0.420989	0.579011	2.033552	0.423674	0.326269	0.144495	0.141295	0.0515396	0.0271819	0.0178189	0	4.450278	1.837607	0.5790113	0.4209887	68.80293
690	6.66822	-20.8912	27.5595	0.165037	0.834963	6.433016	0.421468	0.315159	0.147825	0.14036	0.0506617	0.0274705	0.01791	0	4.881906	1.752458	0.8349626	0.1650374	56.55329
700	7.1685	-23.8894	31.0579	0.827515	0.172485	2.626396	0.435919	0.321332	0.144568	0.142814	0.051834	0.0274353	0.0180695	0	1.383492	1.886262	0.1724851	0.8275149	76.95949
710	8.5176	-21.9437	30.4613	0.871568	0.128432	3.38477	0.422113	0.315252	0.143957	0.141719	0.0515092	0.0273361	0.0183293	0	1.980034	1.976451	0.1284318	0.8715682	94.72213
720	8.73368	-20.4336	29.1673	0.813745	0.186255	3.804198	0.423074	0.323757	0.142086	0.139351	0.0508561	0.0274397	0.0180911	0	3.27407	1.956635	0.1862553	0.8137447	90.49713
730	8.67216	-20.9154	29.5875	0.125098	0.874902	3.775413	0.431722	0.33009	0.1448	0.139207	0.0515479	0.0278696	0.0180616	0	2.853835	1.844978	0.8749023	0.1250977	69.98062
740	7.29912	-21.9731	29.2722	0.600693	0.399307	3.327742	0.438818	0.327458	0.147639	0.144383	0.0507152	0.0277111	0.0177102	0	3.169185	1.363476	0.3993073	0.6006927	23.09278
750	8.76025	-20.8208	29.581	0.558943	0.441057	4.724918	0.426783	0.326668	0.145871	0.143539	0.0520459	0.0273202	0.0184314	0	2.860314	1.93299	0.4410572	0.5589428	85.70176
760	5.95674	-24.1676	30.1243	0.504011	0.495989	3.42718	0.434871	0.324221	0.143926	0.14129	0.0530789	0.0276008	0.0182482	0	2.317062	1.145499	0.4959885	0.5040115	13.97973
770	6.91502	-21.4337	28.3487	0.608935	0.391065	1.073391	0.42322	0.32826	0.142193	0.140142	0.0527396	0.027773	0.0181241	0	4.092656	1.669827	0.3910647	0.6089353	46.75488
780	6.01076	-21.2112	27.222	0.169361	0.830639	6.964581	0.431404	0.321183	0.144529	0.142881	0.0516671	0.0273022	0.0181713	0	5.21938	1.611772	0.8306387	0.1693613	40.90462
790	8.27319	-20.2684	28.5416	0.309788	0.690212	5.301769	0.436164	0.329563	0.143185	0.141235	0.0512872	0.0275096	0.0183694	0	3.89979	1.979875	0.6902122	0.3097878	95.47172
800	4.67343	-24.1091	28.7825	0.414624	0.585376	1.494834	0.43828	0.324117	0.141445	0.140808	0.0511007	0.0278515	0.0177459	0	3.658862	0.9198014	0.5853758	0.4146242	8.313836
810	8.76866	-21.1615	29.9301	0.932885	0.0671152	5.241396	0.432273	0.316901	0.143665	0.140451	0.0507517	0.0275008	0.0179318	0	2.511234	1.99629	0.06711516	0.9328848	99.1493
820	7.60335	-22.9771	30.5805	0.547215	0.452785	2.181946	0.437547	0.321148	0.142755	0.142473	0.0505144	0.0268105	0.0183349	0	1.860893	1.964563	0.4527847	0.5472153	92.16445
830	8.4334	-21.3452	29.7786	0.0118762	0.988124	2.768824	0.432521	0.321759	0.147836	0.144534	0.0514194	0.0274376	0.0180657	0	2.662717	1.930363	0.9881238	0.01187617	85.18503
840	7.60816	-19.966	27.5741	0.637154	0.362846	5.389808	0.422895	0.320619	0.148005	0.146118	0.050952	0.0276044	0.0177617	0	4.867234	1.955752	0.3628457	0.6371543	90.3133
850	8.17326	-22.1152	30.2885	0.0645814	0.935419	5.815598	0.419865	0.325519	0.144584	0.145884	0.052691	0.0271157	0.0179415	0	2.152862	1.815612	0.9354186	0.0645814	65.4051
860	8.59525	-21.2638	29.859	0.560953	0.439047	5.071527	0.42283	0.3232	0.141129	0.146031	0.0522754	0.026876	0.0177607	0	2.58235	1.890396	0.4390472	0.5609528	77.69551
870	7.8541	-21.5687	29.4228	0.630883	0.369117	4.165852	0.427221	0.322205	0.144126	0.146192	0.0525155	0.0269924	0.0184291	0	3.018599	1.521748	0.369117	0.630883	33.24668
880	7.97037	-21.97	29.9404	0.928361	0.0716393	6.094057	0.418442	0.322488	0.144606	0.14399	0.0526343	0.0273308	0.0183018	0	2.50098	1.731836	0.07163931	0.9283607	53.9307
890	7.21907	-23.5053	30.7243	0.61773	0.38227	2.117504	0.435747	0.321762	0.14769	0.146262	0.0524375	0.0269344	0.0184122	0	1.717017	1.818172	0.3822695	0.6177305	65.7919
900	8.23647	-21.3464	29.5829	0.117676	0.882324	5.628131	0.433977	0.314793	0.145175	0.143862	0.0514379	0.0275615	0.0181448	0	2.858457	1.808158	0.8823239	0.1176761	64.29222
910	6.97973	-23.7627	30.7424	0.296029	0.703971	8.947888	0.43871	0.32119	0.145517	0.142321	0.0511467	0.0270829	0.0177661	0	1.698972	1.870458	0.7039711	0.2960289	74.20933
920	7.97412	-20.2323	28.2064	0.486318	0.513682	5.486539	0.417655	0.321419	0.147859	0.143194	0.050945	0.0270008	0.0176787	0	4.234939	1.972382	0.5136816	0.4863184	93.83874
930	7.62077	-23.1882	30.8089	0.46336	0.53664	5.870949	0.419671	0.317413	0.141474	0.143438	0.0507202	0.0266454	0.0178472	0	1.632414	1.667671	0.5366401	0.4633599	46.52338
940	5.6255	-20.5147	26.1402	0.560096	0.439904	5.347945	0.432616	0.326144	0.143848	0.144485	0.0504814	0.0271351	0.0177727	0	6.301171	1.467136	0.4399044	0.5600956	29.31813
950	7.43307	-22.4583	29.8914	0.512878	0.487122	7.620409	0.435197	0.318756	0.142102	0.142085	0.051755	0.0279915	0.0177391	0	2.550012	1.777985	0.4871218	0.5128782	59.97707
960	4.36877	-20.2953	24.664	0.533625	0.466375	4.775179	0.430274	0.326474	0.145979	0.140518	0.0506755	0.0279891	0.0179818	0	7.777317	1.333706	0.466375	0.533625	21.56285
970	5.98952	-19.0177	25.0072	0.558995	0.441005	3.160852	0.425544	0.324032	0.147107	0.140935	0.050839	0.0277191	0.0178125	0	7.434179	1.761266	0.4410051	0.5589949	57.71202
980	7.85318	-21.991	29.8442	0.63953	0.36047	6.108977	0.418418	0.322183	0.1428	0.143463	0.0510099	0.0274801	0.0183622	0	2.597189	1.666299	0.3604695	0.6395305	46.37659
990	7.55965	-22.0637	29.6233	0.190761	0.809239	3.017825	0.425076	0.31784	0.142992	0.139389	0.0524709	0.0279682	0.0183174	0	2.818024	1.414331	0.8092391	0.1907609	25.96155
1000	8.12617	-21.393	29.5191	0.811146	0.188854	3.097722	0.420198	0.32073	0.144403	0.139779	0.0523889	0.0278997	0.0180407	0	2.922216	1.622792	0.1888538	0.8111462	41.95583
1010	8.52591	-20.6462	29.1721	0.0545864	0.945414	5.159896	0.421473	0.323571	0.146174	0.141261	0.0523035	0.0268838	0.0183873	0	3.26928	1.934465	0.9454136	0.05458642	85.99335
1020	7.88159	-21.122	29.0036	0.661802	0.338198	5.86729	0.420149	0.324894	0.144324	0.139282	0.0513054	0.0274924	0.0180566	0	3.437739	1.772033	0.3381985	0.6618015	59.16063
1030	8.31182	-20.0758	28.3876	0.0294429	0.970557	4.758793	0.425059	0.326284	0.140975	0.140793	0.0507131	0.0269834	0.0181817	0	4.05372	1.945149	0.9705571	0.02944286	88.13511
1040	8.21512	-20.9984	29.2135	0.789539	0.210461	4.878498	0.426009	0.328978	0.145279	0.142285	0.0505999	0.0271822	0.0177365	0	3.227888	1.728141	0.2104608	0.7895392	53.47385
1050	7.62084	-20.9155	28.5363	0.705462	0.294538	3.48265	0.437123	0.325281	0.147413	0.143222	0.0511401	0.0271275	0.0179767	0	3.905067	1.493774	0.2945379	0.7054621	31.1727
1060	6.88295	-22.7621	29.6451	0.946328	0.0536721	1.000333	0.437308	0.314702	0.14486	0.143945	0.0518974	0.0278713	0.0183793	0	2.796265	1.794587	0.0536721	0.9463279	62.31421
1070	8.78428	-20.6365	29.4208	0.644663	0.355337	4.218281	0.430297	0.318308	0.14194	0.140369	0.0508442	0.027756	0.0180838	0	3.020567	1.929244	0.3553373	0.6446627	84.96584
1080	6.66677	-19.721	26.3878	0.916638	0.0833625	3.581138	0.435428	0.3208	0.147082	0.141077	0.0517542	0.0279108	0.0185535	0	6.053609	1.545775	0.08336246	0.9166375	35.13786
1090	8.12424	-20.7602	28.8845	0.398847	0.601153	2.877651	0.438865	0.318367	0.143008	0.14112	0.0506934	0.0276563	0.01804	0	3.556892	1.676378	0.6011535	0.3988465	47.46544
1100	7.42598	-21.3342	28.7602	0.907689	0.092311	4.95968	0.419829	0.319898	0.144468	0.145941	0.051279	0.0271945	0.0178557	0	3.681174	1.499007	0.092311	0.907689	31.55053
1110	7.05988	-21.3089	28.3688	0.481622	0.518378	1.754897	0.419458	0.317096	0.141917	0.144508	0.0509179	0.0270432	0.018086	0	4.072534	1.431669	0.5183783	0.4816217	27.01898
1120	7.01362	-22.3282	29.3418	0.811356	0.188644	7.9014	0.417836	0.325276	0.141743	0.143053	0.0514738	0.0269115	0.0184386	0	3.099551	1.736963	0.1886439	0.8113561	54.57119
1130	5.91023	-23.3228	29.233	0.739514	0.260486	6.458078	0.418982	0.330435	0.141751	0.143932	0.0522149	0.0271954	0.018221	0	3.20833	1.316605	0.2604858	0.7395142	20.73029
1140	7.14401	-19.7705	26.9145	0.249	0.751	4.119982	0.428142	0.326911	0.146126	0.146026	0.0526798	0.026699	0.018243	0	5.526873	1.671409	0.7509997	0.2490003	46.92554
1150	7.21096	-21.9488	29.1598	0.695776	0.304224	5.05099	0.421715	0.316027	0.141316	0.144619	0.0523659	0.026824	0.0180232	0	3.2816	1.411436	0.3042238	0.6957762	25.78908
1160	7.98105	-20.5077	28.4887	0.130062	0.869938	2.493023	0.422546	0.327039	0.14355	0.144345	0.0507017	0.0270066	0.0177957	0	3.952663	1.765868	0.8699382	0.1300618	58.32679
1170	7.86231	-20.5671	28.4294	0.209989	0.790011	2.176841	0.428052	0.320324	0.141374	0.145056	0.052343	0.0277079	0.0178105	0	4.011949	1.840274	0.790011	0.209989	69.22679
1180	8.25601	-21.2032	29.4592	0.476617	0.523383	4.388472	0.437276	0.315234	0.144112	0.1437	0.0524556	0.0266548	0.0176851	0	2.982128	1.686455	0.5233827	0.4766173	48.57975
1190	3.88721	-23.0677	26.9549	0.715285	0.284715	4.860616	0.4369	0.323287	0.14801	0.144183	0.052023	0.0268758	0.0176917	0	5.486467	1.061481	0.284715	0.715285	11.52076
1200	7.58008	-21.3088	28.8889	0.143589	0.856411	1.651072	0.437793	0.319478	0.147545	0.140384	0.0507638	0.0270224	0.0183724	0	3.552447	1.788715	0.8564106	0.1435894	61.47736
1210	5.76418	-19.1423	24.9065	0.951774	0.048226	4.516933	0.428528	0.327611	0.145899	0.144237	0.0510732	0.0267735	0.0181696	0	7.534868	1.82401	0.04822597	0.951774	66.68218
1220	8.38997	-20.2151	28.6051	0.0869763	0.913024	3.835775	0.423042	0.329205	0.143764	0.14399	0.0507983	0.0270209	0.0178614	0	3.836265	1.834983	0.9130237	0.08697627	68.38844
1230	8.31778	-20.7028	29.0206	0.672601	0.327399	3.250732	0.417555	0.327839	0.147572	0.144441	0.05159	0.0271316	0.0178885	0	3.420774	1.732857	0.3273994	0.6726006	54.05767
1240	7.75188	-20.2429	27.9948	0.940315	0.0596846	2.221877	0.417703	0.321813	0.148098	0.141877	0.0506115	0.0269353	0.0177379	0	4.446576	1.937859	0.05968461	0.9403154	86.66801
1250	6.41672	-21.4913	27.908	0.749157	0.250843	1.443728	0.426187	0.322928	0.14527	0.145875	0.0523881	0.0270765	0.0177389	0	4.533338	1.305568	0.2508426	0.7491574	20.21009
1260	8.48547	-21.0021	29.4876	0.609778	0.390222	3.102303	0.420643	0.32396	0.142599	0.143714	0.0522593	0.0270596	0.0181931	0	2.953788	1.826385	0.3902218	0.6097782	67.04786
1270	8.10986	-20.2006	28.3105	0.929323	0.0706767	4.307765	0.422794	0.327236	0.145466	0.142553	0.0512003	0.0266179	0.0184132	0	4.130883	1.770104	0.07067672	0.9293233	58.89841
1280	7.13971	-20.5765	27.7162	0.0178107	0.982189	5.700058	0.426466	0.328048	0.145219	0.142	0.0515311	0.0272095	0.0178196	0	4.725148	1.722113	0.9821893	0.01781065	52.7367
1290	8.00598	-21.9926	29.9986	0.330807	0.669193	5.922895	0.420314	0.322962	0.147426	0.144576	0.0511042	0.0271434	0.0180352	0	2.44275	1.733445	0.6691927	0.3308073	54.13086
1300	7.8671	-23.0346	30.9017	0.687801	0.312199	5.914069	0.431271	0.316855	0.144679	0.142189	0.0519337	0.027421	0.0180837	0	1.539633	1.810182	0.3121987	0.6878013	64.59242
1310	6.41225	-23.9419	30.3542	0.0586705	0.941329	1.562045	0.423974	0.326214	0.145751	0.140417	0.0517933	0.0274304	0.0177674	0	2.087207	1.393406	0.9413295	0.0586705	24.74034
1320	6.60894	-21.5988	28.2077	0.783056	0.216944	6.650596	0.419105	0.317615	0.141111	0.144815	0.0529653	0.0276792	0.0180577	0	4.233643	1.509228	0.2169444	0.7830556	32.30186
1330	30.2851	1.58602	28.6991	0.334153	0.665847	6.802167	0.420016	0.315693	0.142042	0.145321	0.052332	0.0274201	0.0178522	0	3.7423	1.744293	0.6658473	0.3341527	55.49995
1340	30.2896	1.59052	28.6991	0.345049	0.654951	6.802167	0.429484	0.319942	0.142042	0.145321	0.051941	0.027852	0.0176561	0	3.7423	1.744293	0.6549507	0.3450493	55.49995
1350	30.443	1.74392	28.6991	0.919197	0.0808029	6.802167	0.435244	0.319674	0.142042	0.145321	0.0512275	0.0270044	0.0176781	0	3.7423	1.744293	0.08080286	0.9191971	55.49995
1360	30.3097	1.61064	28.6991	0.513584	0.486416	6.802167	0.431668	0.316919	0.142042	0.145321	0.0516216	0.0268548	0.0176775	0	3.7423	1.744293	0.4864155	0.5135845	55.49995
1370	30.3962	1.69718	28.6991	0.446059	0.553941	6.802167	0.421835	0.316314	0.142042	0.145321	0.0524581	0.0276308	0.0183454	0	3.7423	1.744293	0.5539409	0.4460591	55.49995
1380	30.3899	1.69085	28.6991	0.633354	0.366646	6.802167	0.433028	0.31765	0.142042	0.145321	0.0509281	0.027833	0.0177726	0	3.7423	1.744293	0.3666464	0.6333536	55.49995
1390	30.4543	1.75528	28.6991	0.767142	0.232858	6.802167	0.427527	0.318941	0.142042	0.145321	0.0516471	0.0275315	0.0178188	0	3.7423	1.744293	0.2328585	0.7671415	55.49995
1400	30.4219	1.72285	28.6991	0.649612	0.350388	6.802167	0.419885	0.322381	0.142042	0.145321	0.0522791	0.0271882	0.0178057	0	3.7423	1.744293	0.3503882	0.6496118	55.49995
1410	30.1683	1.4692	28.6991	0.189137	0.810863	6.802167	0.420412	0.320492	0.142042	0.145321	0.0520011	0.0275892	0.0176299	0	3.7423	1.744293	0.8108626	0.1891374	55.49995
1420	30.4123	1.71319	28.6991	0.859871	0.140129	6.802167	0.417836	0.322317	0.142042	0.145321	0.0508897	0.0269083	0.0177159	0	3.7423	1.744293	0.140129	0.859871	55.49995
1430	30.3394	1.64034	28.6991	0.523953	0.476047	6.802167	0.421188	0.324438	0.142042	0.145321	0.0519769	0.0269717	0.0176625	0	3.7423	1.744293	0.4760468	0.5239532	55.49995
1440	29.9834	1.28433	28.6991	0.0270981	0.972902	6.802167	0.427346	0.317767	0.142042	0.145321	0.0518363	0.0269577	0.01788	0	3.7423	1.744293	0.9729019	0.02709812	55.49995
1450	30.431	1.73189	28.6991	0.696289	0.303711	6.802167	0.425136	0.323145	0.142042	0.145321	0.0513226	0.0269342	0.0184527	0	3.7423	1.744293	0.3037109	0.6962891	55.49995
1460	30.1778	1.47878	28.6991	0.190631	0.809369	6.802167	0.430219	0.316562	0.142042	0.145321	0.05107	0.0274324	0.0184984	0	3.7423	1.744293	0.8093686	0.1906314	55.49995
1470	30.4449	1.74588	28.6991	0.834944	0.165056	6.802167	0.435006	0.33027	0.142042	0.145321	0.0513499	0.0266037	0.0181956	0	3.7423	1.744293	0.1650558	0.8349442	55.49995
1480	30.328	1.62894	28.6991	0.504782	0.495218	6.802167	0.427212	0.315911	0.142042	0.145321	0.0510104	0.0267903	0.0184439	0	3.7423	1.744293	0.4952175	0.5047825	55.49995
1490	30.4008	1.70169	28.6991	0.615927	0.384073	6.802167	0.437683	0.31518	0.142042	0.145321	0.0506586	0.027645	0.0183858	0	3.7423	1.744293	0.3840731	0.6159269	55.49995
1500	30.1503	1.45122	28.6991	0.171888	0.828112	6.802167	0.421801	0.322596	0.142042	0.145321	0.051212	0.0273334	0.0182249	0	3.7423	1.744293	0.8281116	0.1718884	55.49995
1510	30.4188	1.71978	28.6991	0.62602	0.37398	6.802167	0.438499	0.315041	0.142042	0.145321	0.052693	0.0266504	0.0182111	0	3.7423	1.744293	0.37398	0.62602	55.49995
1520	30.3165	1.61748	28.6991	0.486556	0.513444	6.802167	0.436099	0.317101	0.142042	0.145321	0.0511422	0.026694	0.0183824	0	3.7423	1.744293	0.5134441	0.4865559	55.49995
1530	30.3423	1.64322	28.6991	0.43262	0.56738	6.802167	0.438717	0.328879	0.142042	0.145321	0.0512318	0.027482	0.0183381	0	3.7423	1.744293	0.56738	0.43262	55.49995
1540	30.434	1.73494	28.6991	0.631017	0.368983	6.802167	0.437005	0.321114	0.142042	0.145321	0.0516093	0.027766	0.0180292	0	3.7423	1.744293	0.3689833	0.6310167	55.49995
1550	30.5375	1.83841	28.6991	0.787831	0.212169	6.802167	0.43875	0.328827	0.142042	0.145321	0.0530259	0.027834	0.0178424	0	3.7423	1.744293	0.2121691	0.7878309	55.49995
1560	30.4393	1.74022	28.6991	0.688518	0.311482	6.802167	0.436848	0.327494	0.142042	0.145321	0.051574	0.026935	0.0184196	0	3.7423	1.744293	0.3114817	0.6885183	55.49995
1570	30.1011	1.40207	28.6991	0.156086	0.843914	6.802167	0.42658	0.321886	0.142042	0.145321	0.0508721	0.0271867	0.0180264	0	3.7423	1.744293	0.8439138	0.1560862	55.49995
1580	30.3867	1.68761	28.6991	0.467645	0.532355	6.802167	0.425646	0.324509	0.142042	0.145321	0.0525845	0.0276899	0.0178273	0	3.7423	1.744293	0.5323548	0.4676452	55.49995
1590	30.4834	1.78432	28.6991	0.686905	0.313095	6.802167	0.431789	0.328156	0.142042	0.145321	0.0527475	0.02764	0.0178372	0	3.7423	1.744293	0.313095	0.686905	55.49995
1600	30.2417	1.54259	28.6991	0.293291	0.706709	6.802167	0.424788	0.326218	0.142042	0.145321	0.0512955	0.0279634	0.0176631	0	3.7423	1.744293	0.7067091	0.2932909	55.49995
1610	30.3191	1.62006	28.6991	0.489739	0.510261	6.802167	0.427184	0.320645	0.142042	0.145321	0.0505235	0.0278652	0.0178212	0	3.7423	1.744293	0.5102608	0.4897392	55.49995
1620	30.4497	1.75063	28.6991	0.75845	0.24155	6.802167	0.428735	0.329231	0.142042	0.145321	0.0507399	0.0271922	0.0185179	0	3.7423	1.744293	0.2415498	0.7584502	55.49995
1630	30.092	1.39292	28.6991	0.130941	0.869059	6.802167	0.427962	0.329008	0.142042	0.145321	0.0508804	0.0269258	0.0183579	0	3.7423	1.744293	0.8690586	0.1309414	55.49995
1640	30.1971	1.498	28.6991	0.195027	0.804973	6.802167	0.438416	0.317591	0.142042	0.145321	0.0516476	0.0274229	0.0183682	0	3.7423	1.744293	0.8049734	0.1950266	55.49995
1650	30.5698	1.87071	28.6991	0.983543	0.016457	6.802167	0.437643	0.325741	0.142042	0.145321	0.0514632	0.0277826	0.0185003	0	3.7423	1.744293	0.016457	0.983543	55.49995
1660	30.4252	1.72613	28.6991	0.74441	0.25559	6.802167	0.438289	0.315654	0.142042	0.145321	0.0507234	0.0271883	0.0183786	0	3.7423	1.744293	0.2555899	0.7444101	55.49995
1670	30.3223	1.62323	28.6991	0.518978	0.481022	6.802167	0.425624	0.315811	0.142042	0.145321	0.051026	0.0267771	0.0182622	0	3.7423	1.744293	0.4810216	0.5189784	55.49995
1680	30.1992	1.50011	28.6991	0.300374	0.699626	6.802167	0.429359	0.318992	0.142042	0.145321	0.0510962	0.0269061	0.0179905	0	3.7423	1.744293	0.6996259	0.3003741	55.49995
1690	30.298	1.59892	28.6991	0.546039	0.453961	6.802167	0.427237	0.316765	0.142042	0.145321	0.050997	0.026777	0.0177327	0	3.7423	1.744293	0.4539615	0.5460385	55.49995
1700	30.2175	1.51841	28.6991	0.388034	0.611966	6.802167	0.423979	0.316912	0.142042	0.145321	0.0504765	0.0266069	0.018143	0	3.7423	1.744293	0.6119662	0.3880338	55.49995
1710	30.5671	1.86808	28.6991	0.902739	0.0972606	6.802167	0.419378	0.325623	0.142042	0.145321	0.051907	0.0278364	0.0184579	0	3.7423	1.744293	0.09726056	0.9027394	55.49995
1720	30.2175	1.51848	28.6991	0.187813	0.812187	6.802167	0.432094	0.320026	0.142042	0.145321	0.0519334	0.0276717	0.0183703	0	3.7423	1.744293	0.8121872	0.1878128	55.49995
1730	30.0364	1.33737	28.6991	0.0171405	0.98286	6.802167	0.433865	0.31995	0.142042	0.145321	0.0527853	0.0270693	0.0182158	0	3.7423	1.744293	0.9828595	0.01714046	55.49995
1740	30.4785	1.77947	28.6991	0.706207	0.293793	6.802167	0.421194	0.315627	0.142042	0.145321	0.0527818	0.0270816	0.0182467	0	3.7423	1.744293	0.2937931	0.7062069	55.49995
1750	30.0709	1.37186	28.6991	0.0503946	0.949605	6.802167	0.420735	0.315154	0.142042	0.145321	0.0516214	0.0274803	0.018545	0	3.7423	1.744293	0.9496054	0.05039463	55.49995
1760	30.3327	1.63368	28.6991	0.392758	0.607242	6.802167	0.425809	0.317207	0.142042	0.145321	0.052275	0.0272924	0.0181744	0	3.7423	1.744293	0.6072418	0.3927582	55.49995
1770	30.5155	1.81645	28.6991	0.804482	0.195518	6.802167	0.4292	0.325098	0.142042	0.145321	0.053046	0.0275478	0.0177005	0	3.7423	1.744293	0.1955177	0.8044823	55.49995
1780	30.4401	1.74105	28.6991	0.575693	0.424307	6.802167	0.432542	0.31803	0.142042	0.145321	0.0523412	0.0277048	0.0181023	0	3.7423	1.744293	0.4243072	0.5756928	55.49995
1790	30.5046	1.80553	28.6991	0.892111	0.107889	6.802167	0.438531	0.323329	0.142042	0.145321	0.0516639	0.0269542	0.0184403	0	3.7423	1.744293	0.1078885	0.8921115	55.49995
1800	30.1135	1.41446	28.6991	0.193121	0.806879	6.802167	0.432266	0.322455	0.142042	0.145321	0.050471	0.0270397	0.0181169	0	3.7423	1.744293	0.8068785	0.1931215	55.49995
1810	30.368	1.6689	28.6991	0.619393	0.380607	6.802167	0.434131	0.32642	0.142042	0.145321	0.0506913	0.0270446	0.0181938	0	3.7423	1.744293	0.3806071	0.6193929	55.49995
1820	30.2405	1.54142	28.6991	0.208297	0.791703	6.802167	0.437286	0.325731	0.142042	0.145321	0.0522685	0.0278877	0.0180372	0	3.7423	1.744293	0.7917034	0.2082966	55.49995
1830	30.4885	1.7894	28.6991	0.706594	0.293406	6.802167	0.433893	0.318634	0.142042	0.145321	0.0529955	0.0276625	0.0177662	0	3.7423	1.744293	0.2934058	0.7065942	55.49995
1840	30.0589	1.35985	28.6991	0.0893195	0.91068	6.802167	0.434607	0.325042	0.142042	0.145321	0.0510233	0.0277546	0.0177654	0	3.7423	1.744293	0.9106805	0.08931952	55.49995
1850	30.3637	1.66464	28.6991	0.578615	0.421385	6.802167	0.436683	0.316932	0.142042	0.145321	0.0505217	0.027883	0.0179379	0	3.7423	1.744293	0.4213849	0.5786151	55.49995
1860	30.4893	1.79024	28.6991	0.951911	0.0480891	6.802167	0.431154	0.326519	0.142042	0.145321	0.0510911	0.0275174	0.0178379	0	3.7423	1.744293	0.04808913	0.9519109	55.49995
1870	30.4927	1.79361	28.6991	0.72469	0.27531	6.802167	0.432116	0.327794	0.142042	0.145321	0.0516263	0.0275599	0.0184967	0	3.7423	1.744293	0.27531	0.72469	55.49995
1880	30.3205	1.62144	28.6991	0.474342	0.525658	6.802167	0.418949	0.330054	0.142042	0.145321	0.0509741	0.0272649	0.0180191	0	3.7423	1.744293	0.5256578	0.4743422	55.49995
1890	29.9989	1.29982	28.6991	0.0102402	0.98976	6.802167	0.425284	0.317965	0.142042	0.145321	0.0512891	0.0277849	0.0180963	0	3.7423	1.744293	0.9897598	0.01024023	55.49995
1900	30.2612	1.5621	28.6991	0.277797	0.722203	6.802167	0.432277	0.326341	0.142042	0.145321	0.0518936	0.0273667	0.0182077	0	3.7423	1.744293	0.7222026	0.2777974	55.49995
1910	29.988	1.28889	28.6991	0.0122414	0.987759	6.802167	0.417908	0.329598	0.142042	0.145321	0.0517141	0.0270768	0.0180528	0	3.7423	1.744293	0.9877586	0.01224144	55.49995
1920	30.2518	1.55275	28.6991	0.35521	0.64479	6.802167	0.423719	0.330268	0.142042	0.145321	0.0512541	0.0272098	0.0178045	0	3.7423	1.744293	0.6447898	0.3552102	55.49995
1930	30.5428	1.84371	28.6991	0.870855	0.129145	6.802167	0.426397	0.322705	0.142042	0.145321	0.0526133	0.0279178	0.0177816	0	3.7423	1.744293	0.1291452	0.8708548	55.49995
1940	30.4155	1.7164	28.6991	0.517947	0.482053	6.802167	0.436758	0.329198	0.142042	0.145321	0.0527801	0.0274495	0.0179458	0	3.7423	1.744293	0.4820531	0.5179469	55.49995
1950	30.4159	1.7168	28.6991	0.585304	0.414696	6.802167	0.435041	0.326331	0.142042	0.145321	0.0516849	0.0279186	0.0178068	0	3.7423	1.744293	0.414696	0.585304	55.49995
1960	30.1121	1.41302	28.6991	0.100703	0.899297	6.802167	0.427948	0.318526	0.142042	0.145321	0.0520318	0.0275911	0.0179791	0	3.7423	1.744293	0.8992969	0.1007031	55.49995
1970	30.524	1.8249	28.6991	0.904896	0.0951038	6.802167	0.435765	0.319123	0.142042	0.145321	0.0528256	0.0274489	0.017668	0	3.7423	1.744293	0.09510383	0.9048962	55.49995
1980	30.0144	1.31533	28.6991	0.0456516	0.954348	6.802167	0.435666	0.321688	0.142042	0.145321	0.0514462	0.0276127	0.0176835	0	3.7423	1.744293	0.9543484	0.04565162	55.49995
1990	30.2065	1.50742	28.6991	0.28973	0.71027	6.802167	0.431682	0.322055	0.142042	0.145321	0.0512166	0.0273354	0.0177484	0	3.7423	1.744293	0.7102704	0.2897296	55.49995
2000	30.0505	1.35139	28.6991	0.108837	0.891163	6.802167	0.42831	0.327956	0.142042	0.145321	0.0517727	0.0266121	0.0177828	0	3.7423	1.744293	0.891163	0.108837	55.49995
2010	30.1716	1.47253	28.6991	0.203909	0.796091	6.802167	0.431785	0.323395	0.142042	0.145321	0.0511393	0.0274497	0.0180964	0	3.7423	1.744293	0.7960913	0.2039087	55.49995
2020	30.5057	1.80663	28.6991	0.997412	0.0025876	6.802167	0.42276	0.32696	0.142042	0.145321	0.0508884	0.0274532	0.01809	0	3.7423	1.744293	0.002587596	0.9974124	55.49995
2030	30.144	1.44494	28.6991	0.164121	0.835879	6.802167	0.430143	0.325597	0.142042	0.145321	0.0512087	0.0269672	0.0184992	0	3.7423	1.744293	0.835879	0.164121	55.49995
2040	30.5192	1.82012	28.6991	0.868477	0.131523	6.802167	0.425923	0.317414	0.142042	0.145321	0.0517789	0.0278007	0.0180681	0	3.7423	1.744293	0.1315227	0.8684773	55.49995
2050	30.3008	1.60174	28.6991	0.320198	0.679802	6.802167	0.425627	0.319579	0.142042	0.145321	0.0515507	0.0276868	0.018423	0	3.7423	1.744293	0.6798023	0.3201977	55.49995
2060	30.0833	1.38426	28.6991	0.0709101	0.92909	6.802167	0.424353	0.321549	0.142042	0.145321	0.052242	0.0278185	0.0176748	0	3.7423	1.744293	0.9290899	0.07091014	55.49995
2070	30.0432	1.34411	28.6991	0.0361071	0.963893	6.802167	0.421354	0.327898	0.142042	0.145321	0.0520261	0.0277801	0.0177334	0	3.7423	1.744293	0.9638929	0.03610705	55.49995
2080	30.0933	1.39424	28.6991	0.071202	0.928798	6.802167	0.418104	0.327963	0.142042	0.145321	0.0529098	0.0267927	0.0182242	0	3.7423	1.744293	0.928798	0.07120205	55.49995
2090	30.5046	1.80553	28.6991	0.997716	0.00228368	6.802167	0.438384	0.318257	0.142042	0.145321	0.050788	0.0271253	0.0184963	0	3.7423	1.744293	0.002283677	0.9977163	55.49995
2100	30.3828	1.68373	28.6991	0.452871	0.547129	6.802167	0.434686	0.329311	0.142042	0.145321	0.0513747	0.0277031	0.0185342	0	3.7423	1.744293	0.5471294	0.4528706	55.49995
2110	30.5325	1.83339	28.6991	0.969055	0.0309454	6.802167	0.428842	0.321762	0.142042	0.145321	0.0516446	0.0277249	0.0179648	0	3.7423	1.744293	0.03094539	0.9690546	55.49995
2120	30.3691	1.67003	28.6991	0.509772	0.490228	6.802167	0.417234	0.324139	0.142042	0.145321	0.0517383	0.0277651	0.0177011	0	3.7423	1.744293	0.4902278	0.5097722	55.49995
2130	30.2228	1.5237	28.6991	0.196285	0.803715	6.802167	0.431143	0.322355	0.142042	0.145321	0.0526979	0.0272165	0.0182514	0	3.7423	1.744293	0.8037151	0.1962849	55.49995
2140	30.3268	1.62778	28.6991	0.40898	0.59102	6.802167	0.431614	0.320448	0.142042	0.145321	0.0529669	0.0266315	0.0181102	0	3.7423	1.744293	0.59102	0.40898	55.49995
2150	30.4575	1.75845	28.6991	0.868409	0.131591	6.802167	0.430078	0.316927	0.142042	0.145321	0.0506482	0.0276735	0.0179585	0	3.7423	1.744293	0.1315914	0.8684086	55.49995
2160	30.4412	1.74209	28.6991	0.683034	0.316966	6.802167	0.428583	0.322383	0.142042	0.145321	0.0511322	0.0275711	0.0182863	0	3.7423	1.744293	0.3169655	0.6830345	55.49995
2170	30.4824	1.78335	28.6991	0.772875	0.227125	6.802167	0.41876	0.320878	0.142042	0.145321	0.0513523	0.0276856	0.0182487	0	3.7423	1.744293	0.227125	0.772875	55.49995
2180	30.4132	1.71416	28.6991	0.681863	0.318137	6.802167	0.429166	0.321375	0.142042	0.145321	0.051057	0.0268713	0.0184978	0	3.7423	1.744293	0.3181367	0.6818633	55.49995
2190	30.3283	1.62928	28.6991	0.390457	0.609543	6.802167	0.423666	0.322926	0.142042	0.145321	0.0517569	0.0272435	0.0184022	0	3.7423	1.744293	0.6095435	0.3904565	55.49995
2200	30.5103	1.81126	28.6991	0.793246	0.206754	6.802167	0.426211	0.321179	0.142042	0.145321	0.0512851	0.0278514	0.01849	0	3.7423	1.744293	0.2067536	0.7932464	55.49995
2210	30.4539	1.7548	28.6991	0.685964	0.314036	6.802167	0.433206	0.322772	0.142042	0.145321	0.0529774	0.0272854	0.0176322	0	3.7423	1.744293	0.3140359	0.6859641	55.49995
2220	30.1563	1.45723	28.6991	0.191796	0.808204	6.802167	0.437876	0.315198	0.142042	0.145321	0.0523459	0.0269398	0.0178169	0	3.7423	1.744293	0.8082045	0.1917955	55.49995
2230	31.446	2.74693	28.6991	0.330371	0.669629	6.80275	0.436836	0.316011	0.142042	0.145321	0.0516482	0.0271812	0.0177194	0	3.7423	1.744293	0.6696291	0.3303709	55.49995
2240	31.3668	2.66772	28.6991	0.171042	0.828958	6.80275	0.435231	0.315558	0.142042	0.145321	0.0524372	0.0271135	0.0178608	0	3.7423	1.744293	0.8289583	0.1710417	55.49995
2250	31.7384	3.03931	28.6991	0.985947	0.0140528	6.80275	0.434535	0.319393	0.142042	0.145321	0.0529413	0.0270854	0.0176541	0	3.7423	1.744293	0.0140528	0.9859472	55.49995
2260	31.6036	2.90454	28.6991	0.572817	0.427183	6.80275	0.423135	0.32072	0.142042	0.145321	0.0529302	0.0266642	0.0179295	0	3.7423	1.744293	0.4271835	0.5728165	55.49995
2270	31.6803	2.98127	28.6991	0.700149	0.299851	6.80275	0.435571	0.324471	0.142042	0.145321	0.0518862	0.0275369	0.0181596	0	3.7423	1.744293	0.2998508	0.7001492	55.49995
2280	31.7361	3.037	28.6991	0.995683	0.00431682	6.80275	0.437881	0.323952	0.142042	0.145321	0.052629	0.0268453	0.0178987	0	3.7423	1.744293	0.004316816	0.9956832	55.49995
2290	31.4728	2.7737	28.6991	0.276337	0.723663	6.80275	0.419535	0.321717	0.142042	0.145321	0.0527905	0.0270194	0.0180679	0	3.7423	1.744293	0.7236633	0.2763367	55.49995
2300	31.4823	2.78325	28.6991	0.368767	0.631233	6.80275	0.421761	0.327503	0.142042	0.145321	0.051877	0.0268132	0.0179601	0	3.7423	1.744293	0.6312328	0.3687672	55.49995
2310	31.6084	2.90938	28.6991	0.605527	0.394473	6.80275	0.419487	0.324998	0.142042	0.145321	0.0526148	0.026753	0.0178461	0	3.7423	1.744293	0.3944735	0.6055265	55.49995
2320	31.5512	2.85211	28.6991	0.535121	0.464879	6.80275	0.417833	0.318515	0.142042	0.145321	0.0515196	0.0268989	0.0179851	0	3.7423	1.744293	0.4648788	0.5351212	55.49995
2330	31.3921	2.69306	28.6991	0.186075	0.813925	6.80275	0.42662	0.320077	0.142042	0.145321	0.0521512	0.0274228	0.0179037	0	3.7423	1.744293	0.8139254	0.1860746	55.49995
2340	31.3284	2.62932	28.6991	0.117681	0.882319	6.80275	0.43387	0.322295	0.142042	0.145321	0.0518051	0.0269541	0.0184123	0	3.7423	1.744293	0.8823187	0.1176813	55.49995
2350	31.5405	2.84141	28.6991	0.548053	0.451947	6.80275	0.438214	0.322481	0.142042	0.145321	0.0512236	0.0268388	0.0179259	0	3.7423	1.744293	0.4519473	0.5480527	55.49995
2360	31.7431	3.04407	28.6991	0.857578	0.142422	6.80275	0.433794	0.324531	0.142042	0.145321	0.0525883	0.0268911	0.0185116	0	3.7423	1.744293	0.1424225	0.8575775	55.49995
2370	31.5716	2.8725	28.6991	0.590548	0.409452	6.80275	0.425857	0.318288	0.142042	0.145321	0.0506775	0.0268129	0.0185416	0	3.7423	1.744293	0.4094525	0.5905475	55.49995
2380	31.7016	3.00257	28.6991	0.86736	0.13264	6.80275	0.418084	0.317692	0.142042	0.145321	0.0523019	0.0268955	0.0180763	0	3.7423	1.744293	0.1326399	0.8673601	55.49995
2390	36.0541	7.37503	28.6791	0.63482	0.36518	6.80275	0.434623	0.31693	0.142042	0.145321	0.0514007	0.0270897	0.0177967	0	3.762281	1.744293	0.3651799	0.6348201	55.49995
2400	35.8363	7.15726	28.6791	0.245094	0.754906	6.80275	0.435971	0.319259	0.142042	0.145321	0.0511168	0.0266176	0.0176623	0	3.762281	1.744293	0.7549057	0.2450943	55.49995
2410	35.9884	7.30935	28.6791	0.385539	0.614461	6.80275	0.434689	0.31648	0.142042	0.145321	0.0518827	0.0271689	0.0179758	0	3.762281	1.744293	0.6144606	0.3855394	55.49995
2420	36.1462	7.46709	28.6791	0.765962	0.234038	6.80275	0.438402	0.321193	0.142042	0.145321	0.0530714	0.0271521	0.0178881	0	3.762281	1.744293	0.2340383	0.7659617	55.49995
2430	36.1092	7.43016	28.6791	0.695513	0.304487	6.80275	0.430286	0.318031	0.142042	0.145321	0.0527383	0.0268491	0.0179879	0	3.762281	1.744293	0.3044875	0.6955125	55.49995
2440	36.1474	7.4683	28.6791	0.718649	0.281351	6.80275	0.427798	0.315531	0.142042	0.145321	0.0524903	0.027582	0.0179227	0	3.762281	1.744293	0.2813512	0.7186488	55.49995
2450	35.7472	7.0681	28.6791	0.0131268	0.986873	6.80275	0.427395	0.318348	0.142042	0.145321	0.0526984	0.0267596	0.0182525	0	3.762281	1.744293	0.9868732	0.0131268	55.49995
2460	36.1999	7.5208	28.6791	0.821171	0.178829	6.80275	0.427443	0.317759	0.142042	0.145321	0.0530389	0.0277313	0.0179798	0	3.762281	1.744293	0.1788294	0.8211706	55.49995
2470	36.044	7.36492	28.6791	0.39207	0.60793	6.80275	0.432912	0.3191	0.142042	0.145321	0.0525653	0.0277162	0.0180586	0	3.762281	1.744293	0.6079297	0.3920703	55.49995
2480	36.2243	7.54525	28.6791	0.810757	0.189243	6.80275	0.437874	0.329437	0.142042	0.145321	0.0528641	0.0278645	0.0184401	0	3.762281	1.744293	0.1892432	0.8107568	55.49995
2490	39.3481	10.669	28.6791	0.807226	0.192774	9.232845	0.434485	0.328434	0.142042	0.145321	0.0525944	0.0279065	0.01826	0	3.762281	1.744293	0.1927737	0.8072263	55.49995
2500	39.2099	10.5309	28.6791	0.868882	0.131118	9.232845	0.43098	0.329241	0.142042	0.145321	0.0507671	0.0270534	0.0181836	0	3.762281	1.744293	0.1311175	0.8688825	55.49995
2510	38.9306	10.2515	28.6791	0.123586	0.876414	9.232845	0.437245	0.322873	0.142042	0.145321	0.0526897	0.027323	0.0184312	0	3.762281	1.744293	0.8764139	0.1235861	55.49995
2520	39.0927	10.4136	28.6791	0.232346	0.767654	9.232845	0.432418	0.329949	0.142042	0.145321	0.0529636	0.0279574	0.0184972	0	3.762281	1.744293	0.7676544	0.2323456	55.49995
2530	39.3514	10.6724	28.6791	0.985723	0.0142773	9.232845	0.427657	0.329905	0.142042	0.145321	0.0524916	0.0278105	0.0177999	0	3.762281	1.744293	0.01427732	0.9857227	55.49995
2540	39.3135	10.6344	28.6791	0.926981	0.0730186	9.232845	0.420044	0.328562	0.142042	0.145321	0.0528322	0.0273158	0.0176465	0	3.762281	1.744293	0.07301859	0.9269814	55.49995
2550	39.3449	10.6658	28.6791	0.946731	0.0532686	9.232845	0.417283	0.328283	0.142042	0.145321	0.0530371	0.0276143	0.0176329	0	3.762281	1.744293	0.05326855	0.9467314	55.49995
2560	39.2142	10.5351	28.6791	0.517973	0.482027	9.232845	0.429508	0.325966	0.142042	0.145321	0.0524208	0.0278544	0.0182309	0	3.762281	1.744293	0.482027	0.517973	55.49995
2570	38.8484	10.1693	28.6791	0.138527	0.861473	9.232845	0.423056	0.326508	0.142042	0.145321	0.0513191	0.0278145	0.017882	0	3.762281	1.744293	0.8614729	0.1385271	55.49995
2580	39.1599	10.4809	28.6791	0.789643	0.210357	9.232845	0.424868	0.31568	0.142042	0.145321	0.0509346	0.0271415	0.0178811	0	3.762281	1.744293	0.2103568	0.7896432	55.49995
2590	39.0578	10.3787	28.6791	0.58096	0.41904	9.232845	0.421324	0.318702	0.142042	0.145321	0.0507136	0.0269673	0.0178609	0	3.762281	1.744293	0.4190403	0.5809597	55.49995
2600	38.9115	10.2325	28.6791	0.277629	0.722371	9.232845	0.417109	0.321256	0.142042	0.145321	0.0510845	0.026784	0.0180322	0	3.762281	1.744293	0.7223712	0.2776288	55.49995
2610	39.1886	10.5095	28.6791	0.59783	0.40217	9.232845	0.420205	0.315752	0.142042	0.145321	0.0515254	0.0275357	0.0184133	0	3.762281	1.744293	0.4021699	0.5978301	55.49995
2620	39.2517	10.5726	28.6791	0.693281	0.306719	9.232845	0.424217	0.328823	0.142042	0.145321	0.051465	0.0279567	0.0183386	0	3.762281	1.744293	0.3067191	0.6932809	55.49995
2630	39.3138	10.6347	28.6791	0.934443	0.0655568	9.232845	0.427859	0.330038	0.142042	0.145321	0.05216	0.0275628	0.0178927	0	3.762281	1.744293	0.06555684	0.9344432	55.49995
2640	39.1683	10.4892	28.6791	0.573241	0.426759	9.232845	0.426801	0.322651	0.142042	0.145321	0.0520291	0.0272145	0.0180749	0	3.762281	1.744293	0.4267589	0.5732411	55.49995
2650	38.9518	10.2727	28.6791	0.252946	0.747054	9.232845	0.417103	0.319617	0.142042	0.145321	0.0515865	0.0268358	0.0183606	0	3.762281	1.744293	0.7470544	0.2529456	55.49995
2660	39.3042	10.6251	28.6791	0.753698	0.246302	9.232845	0.417815	0.329773	0.142042	0.145321	0.0520046	0.0277337	0.0184423	0	3.762281	1.744293	0.2463016	0.7536984	55.49995
2670	38.9917	10.3126	28.6791	0.27592	0.72408	9.232845	0.420182	0.326494	0.142042	0.145321	0.0512748	0.0272287	0.0185129	0	3.762281	1.744293	0.7240802	0.2759198	55.49995
2680	39.0282	10.3491	28.6791	0.329837	0.670163	9.232845	0.430242	0.323232	0.142042	0.145321	0.0515621	0.027033	0.0184414	0	3.762281	1.744293	0.6701633	0.3298367	55.49995
2690	39.226	10.5469	28.6791	0.514569	0.485431	9.232845	0.419777	0.317787	0.142042	0.145321	0.0527428	0.0275662	0.0184452	0	3.762281	1.744293	0.4854307	0.5145693	55.49995
2700	39.3099	10.6308	28.6791	0.727552	0.272448	9.232845	0.437023	0.315868	0.142042	0.145321	0.0525145	0.027585	0.0185252	0	3.762281	1.744293	0.2724483	0.7275517	55.49995
2710	39.1804	10.5013	28.6791	0.720232	0.279768	9.232845	0.43768	0.314572	0.142042	0.145321	0.0504669	0.027494	0.0185359	0	3.762281	1.744293	0.2797679	0.7202321	55.49995
2720	39.0551	10.376	28.6791	0.508011	0.491989	9.232845	0.437593	0.317416	0.142042	0.145321	0.0507025	0.0275611	0.0178974	0	3.762281	1.744293	0.4919893	0.5080107	55.49995
2730	39.0104	10.3313	28.6791	0.312794	0.687206	9.232845	0.431848	0.328214	0.142042	0.145321	0.0515617	0.0268779	0.0184093	0	3.762281	1.744293	0.6872064	0.3127936	55.49995
2740	39.2292	10.5501	28.6791	0.885072	0.114928	9.232845	0.422342	0.330463	0.142042	0.145321	0.0508718	0.0268701	0.0183734	0	3.762281	1.744293	0.114928	0.885072	55.49995
2750	38.7389	10.0598	28.6791	0.0955179	0.904482	9.232845	0.436658	0.321338	0.142042	0.145321	0.0509881	0.0267696	0.018061	0	3.762281	1.744293	0.9044821	0.09551786	55.49995
2760	38.9088	10.2297	28.6791	0.183123	0.816877	9.232845	0.431387	0.324855	0.142042	0.145321	0.0521223	0.0268281	0.0181407	0	3.762281	1.744293	0.8168774	0.1831226	55.49995
2770	38.9757	10.2966	28.6791	0.282001	0.717999	9.232845	0.435972	0.32156	0.142042	0.145321	0.0518607	0.0270418	0.0180448	0	3.762281	1.744293	0.7179987	0.2820013	55.49995
2780	39.2559	10.5768	28.6791	0.7695	0.2305	9.232845	0.423526	0.32323	0.142042	0.145321	0.0518145	0.0279934	0.0178627	0	3.762281	1.744293	0.2304999	0.7695001	55.49995
2790	39.2243	10.5452	28.6791	0.614062	0.385938	9.232845	0.419524	0.320074	0.142042	0.145321	0.0525197	0.0277694	0.0178868	0	3.762281	1.744293	0.3859384	0.6140616	55.49995
2800	39.1306	10.4515	28.6791	0.381009	0.618991	9.232845	0.423193	0.325331	0.142042	0.145321	0.0529695	0.0279957	0.017711	0	3.762281	1.744293	0.6189913	0.3810087	55.49995
2810	38.9466	10.2675	28.6791	0.230406	0.769594	9.232845	0.429381	0.328677	0.142042	0.145321	0.0524088	0.0267169	0.0179395	0	3.762281	1.744293	0.7695937	0.2304063	55.49995
2820	38.8607	10.1816	28.6791	0.117029	0.882971	9.232845	0.422989	0.329366	0.142042	0.145321	0.0530598	0.0268493	0.0176869	0	3.762281	1.744293	0.8829715	0.1170285	55.49995
2830	39.125	10.4459	28.6791	0.518156	0.481844	9.232845	0.42354	0.328464	0.142042	0.145321	0.0521198	0.0269101	0.0179396	0	3.762281	1.744293	0.4818439	0.5181561	55.49995
2840	38.8399	10.1609	28.6791	0.149169	0.850831	9.232845	0.433134	0.326688	0.142042	0.145321	0.0510538	0.0268578	0.0184048	0	3.762281	1.744293	0.8508308	0.1491692	55.49995
2850	38.8039	10.1248	28.6791	0.155013	0.844987	9.232845	0.429589	0.322778	0.142042	0.145321	0.0507049	0.0269645	0.0181499	0	3.762281	1.744293	0.844987	0.155013	55.49995
2860	38.878	10.1989	28.6791	0.240846	0.759154	9.232845	0.434717	0.322631	0.142042	0.145321	0.0513122	0.0268477	0.0177702	0	3.762281	1.744293	0.7591542	0.2408458	55.49995
2870	38.6314	9.95232	28.6791	0.00739423	0.992606	9.232845	0.431775	0.321741	0.142042	0.145321	0.0515084	0.0266363	0.0178366	0	3.762281	1.744293	0.9926058	0.00739423	55.49995
2880	39.1556	10.4765	28.6791	0.459473	0.540527	9.232845	0.427887	0.320832	0.142042	0.145321	0.0530165	0.0267109	0.0182764	0	3.762281	1.744293	0.5405267	0.4594733	55.49995
2890	39.3172	10.6381	28.6791	0.917442	0.0825584	9.232845	0.436411	0.328271	0.142042	0.145321	0.0524918	0.0266753	0.0183327	0	3.762281	1.744293	0.08255837	0.9174416	55.49995
2900	39.047	10.3679	28.6791	0.272276	0.727724	9.232845	0.437415	0.326762	0.142042	0.145321	0.0526933	0.0273825	0.0181417	0	3.762281	1.744293	0.7277241	0.2722759	55.49995
2910	39.172	10.4929	28.6791	0.439077	0.560923	9.232845	0.437411	0.329583	0.142042	0.145321	0.0530185	0.0266486	0.0185324	0	3.762281	1.744293	0.5609232	0.4390768	55.49995
2920	39.2305	10.5514	28.6791	0.708998	0.291002	9.232845	0.427579	0.317318	0.142042	0.145321	0.0524879	0.0272051	0.0179164	0	3.762281	1.744293	0.2910021	0.7089979	55.49995
2930	39.2744	10.5953	28.6791	0.894226	0.105774	9.232845	0.420633	0.320919	0.142042	0.145321	0.0515337	0.0276559	0.0180362	0	3.762281	1.744293	0.1057742	0.8942258	55.49995
2940	39.3001	10.621	28.6791	0.847647	0.152353	9.232845	0.42396	0.314357	0.142042	0.145321	0.0522102	0.0277092	0.0180853	0	3.762281	1.744293	0.1523534	0.8476466	55.49995
2950	39.1843	10.5052	28.6791	0.512156	0.487844	9.232845	0.436344	0.327805	0.142042	0.145321	0.051559	0.0279673	0.0184159	0	3.762281	1.744293	0.4878437	0.5121563	55.49995
2960	39.1683	10.4892	28.6791	0.645381	0.354619	9.232845	0.434104	0.327762	0.142042	0.145321	0.051373	0.0269409	0.0182689	0	3.762281	1.744293	0.354619	0.645381	55.49995
2970	39.2935	10.6144	28.6791	0.908327	0.0916733	9.232845	0.422785	0.326397	0.142042	0.145321	0.0529119	0.026904	0.017708	0	3.762281	1.744293	0.09167329	0.9083267	55.49995
2980	39.3324	10.6533	28.6791	0.915405	0.0845951	9.232845	0.425045	0.327676	0.142042	0.145321	0.0529617	0.0272389	0.0178742	0	3.762281	1.744293	0.08459515	0.9154049	55.49995
2990	39.2411	10.562	28.6791	0.730477	0.269523	9.232845	0.422113	0.326748	0.142042	0.145321	0.0528403	0.0266063	0.0179907	0	3.762281	1.744293	0.2695228	0.7304772	55.49995
3000	39.3039	10.6248	28.6791	0.829288	0.170712	9.232845	0.419125	0.322853	0.142042	0.145321	0.0528596	0.0268564	0.0181974	0	3.762281	1.744293	0.1707123	0.8292877	55.49995
3010	39.4013	10.7223	28.6791	0.922984	0.0770164	9.232845	0.426067	0.320914	0.142042	0.145321	0.0525841	0.0279284	0.0185478	0	3.762281	1.744293	0.07701642	0.9229836	55.49995
3020	39.2413	10.5622	28.6791	0.73077	0.26923	9.232845	0.423937	0.326851	0.142042	0.145321	0.0520411	0.0269873	0.0182642	0	3.762281	1.744293	0.2692299	0.7307701	55.49995
3030	39.0004	10.3213	28.6791	0.398749	0.601251	9.232845	0.419672	0.323929	0.142042	0.145321	0.0507015	0.0279974	0.0176325	0	3.762281	1.744293	0.601251	0.398749	55.49995
3040	39.1734	10.4943	28.6791	0.826024	0.173976	9.232845	0.42113	0.320956	0.142042	0.145321	0.0509321	0.0274066	0.0176802	0	3.762281	1.744293	0.1739761	0.8260239	55.49995
3050	39.048	10.369	28.6791	0.464067	0.535933	9.232845	0.417329	0.32658	0.142042	0.145321	0.0504568	0.0269879	0.0184891	0	3.762281	1.744293	0.5359327	0.4640673	55.49995
3060	39.0737	10.3946	28.6791	0.501949	0.498051	9.232845	0.432533	0.316314	0.142042	0.145321	0.0508641	0.027359	0.0181655	0	3.762281	1.744293	0.498051	0.501949	55.49995
3070	39.2837	10.6046	28.6791	0.868722	0.131278	9.232845	0.436871	0.324232	0.142042	0.145321	0.0513449	0.027504	0.0184164	0	3.762281	1.744293	0.131278	0.868722	55.49995
3080	39.2586	10.5795	28.6791	0.582886	0.417114	9.232845	0.426457	0.328733	0.142042	0.145321	0.052378	0.0279283	0.0183464	0	3.762281	1.744293	0.4171142	0.5828858	55.49995
3090	39.1502	10.4711	28.6791	0.328574	0.671426	9.232845	0.427933	0.324962	0.142042	0.145321	0.05285	0.0278604	0.0185044	0	3.762281	1.744293	0.6714259	0.3285741	55.49995
3100	39.0645	10.3854	28.6791	0.339598	0.660402	9.232845	0.425991	0.325234	0.142042	0.145321	0.0524688	0.0268026	0.0183006	0	3.762281	1.744293	0.6604016	0.3395984	55.49995
3110	39.1685	10.4894	28.6791	0.530155	0.469845	9.232845	0.41771	0.329167	0.142042	0.145321	0.0519401	0.0276488	0.0180375	0	3.762281	1.744293	0.4698454	0.5301546	55.49995
3120	38.8569	10.1778	28.6791	0.231533	0.768467	9.232845	0.419775	0.327695	0.142042	0.145321	0.0505864	0.0268124	0.0180807	0	3.762281	1.744293	0.7684668	0.2315332	55.49995
3130	39.1637	10.4846	28.6791	0.964846	0.0351536	9.232845	0.417186	0.314723	0.142042	0.145321	0.0504703	0.0270882	0.017693	0	3.762281	1.744293	0.03515355	0.9648464	55.49995
3140	39.1297	10.4506	28.6791	0.561026	0.438974	9.232845	0.42031	0.317633	0.142042	0.145321	0.0515216	0.0273477	0.0180151	0	3.762281	1.744293	0.4389745	0.5610255	55.49995
3150	39.0628	10.3837	28.6791	0.417586	0.582414	9.232845	0.427368	0.328112	0.142042	0.145321	0.0508429	0.0274344	0.0184058	0	3.762281	1.744293	0.582414	0.417586	55.49995
3160	39.1209	10.4418	28.6791	0.668374	0.331626	9.232845	0.437499	0.329855	0.142042	0.145321	0.0505563	0.0274183	0.017881	0	3.762281	1.744293	0.3316265	0.6683735	55.49995
3170	38.8191	10.14	28.6791	0.0373004	0.9627	9.232845	0.434123	0.328905	0.142042	0.145321	0.0526196	0.0275929	0.0181317	0	3.762281	1.744293	0.9626996	0.03730042	55.49995
3180	39.374	10.6949	28.6791	0.882687	0.117313	9.232845	0.432902	0.322767	0.142042	0.145321	0.0527435	0.0277197	0.018364	0	3.762281	1.744293	0.117313	0.882687	55.49995
3190	39.0276	10.3485	28.6791	0.403466	0.596534	9.232845	0.435426	0.330373	0.142042	0.145321	0.0509955	0.0277207	0.0177933	0	3.762281	1.744293	0.5965344	0.4034656	55.49995
3200	39.3269	10.6478	28.6791	0.825049	0.174951	9.232845	0.431178	0.322978	0.142042	0.145321	0.0523602	0.0276556	0.0183106	0	3.762281	1.744293	0.1749507	0.8250493	55.49995
3210	39.282	10.6029	28.6791	0.722402	0.277598	9.232845	0.437498	0.323069	0.142042	0.145321	0.0530382	0.0267446	0.0183204	0	3.762281	1.744293	0.2775983	0.7224017	55.49995
3220	38.9753	10.2962	28.6791	0.250689	0.749311	9.232845	0.424876	0.31833	0.142042	0.145321	0.0524311	0.0276138	0.0176405	0	3.762281	1.744293	0.7493112	0.2506888	55.49995
3230	39.2426	10.5635	28.6791	0.768999	0.231001	9.232845	0.425614	0.327284	0.142042	0.145321	0.0524231	0.0272192	0.0177309	0	3.762281	1.744293	0.2310009	0.7689991	55.49995
3240	39.2854	10.6063	28.6791	0.939222	0.060778	9.232845	0.427514	0.317964	0.142042	0.145321	0.052095	0.0276232	0.0176899	0	3.762281	1.744293	0.06077796	0.939222	55.49995
3250	38.7618	10.0827	28.6791	0.0448683	0.955132	9.232845	0.425667	0.318951	0.142042	0.145321	0.0521996	0.0275531	0.017774	0	3.762281	1.744293	0.9551317	0.04486833	55.49995
3260	38.9299	10.2508	28.6791	0.222903	0.777097	9.232845	0.419024	0.314424	0.142042	0.145321	0.0518213	0.0274903	0.0179082	0	3.762281	1.744293	0.7770968	0.2229032	55.49995
3270	39.0941	10.415	28.6791	0.550172	0.449828	9.232845	0.417965	0.316398	0.142042	0.145321	0.0510524	0.0279734	0.0176342	0	3.762281	1.744293	0.4498285	0.5501715	55.49995
3280	39.3011	10.622	28.6791	0.661969	0.338031	9.232845	0.420937	0.326043	0.142042	0.145321	0.0526781	0.0279853	0.0182492	0	3.762281	1.744293	0.3380314	0.6619686	55.49995
3290	39.2337	10.5546	28.6791	0.553308	0.446692	9.232845	0.424927	0.322881	0.142042	0.145321	0.0527995	0.0271909	0.018447	0	3.762281	1.744293	0.4466922	0.5533078	55.49995
3300	39.2105	10.5315	28.6791	0.779808	0.220192	9.232845	0.426058	0.320511	0.142042	0.145321	0.05059	0.0279688	0.0182047	0	3.762281	1.744293	0.2201925	0.7798075	55.49995
3310	39.138	10.4589	28.6791	0.685991	0.314009	9.232845	0.420712	0.327586	0.142042	0.145321	0.0504839	0.0268559	0.0184095	0	3.762281	1.744293	0.3140086	0.6859914	55.49995
3320	39.2291	10.55	28.6791	0.923831	0.0761688	9.232845	0.427446	0.329721	0.142042	0.145321	0.0508064	0.0272525	0.0180674	0	3.762281	1.744293	0.07616876	0.9238312	55.49995
3330	38.798	10.1189	28.6791	0.0691106	0.930889	9.232845	0.437953	0.325434	0.142042	0.145321	0.052381	0.0267279	0.0181395	0	3.762281	1.744293	0.9308894	0.0691106	55.49995
3340	39.2693	10.5902	28.6791	0.918368	0.0816321	9.232845	0.425724	0.318651	0.142042	0.145321	0.0517556	0.0267093	0.0183459	0	3.762281	1.744293	0.08163212	0.9183679	55.49995
3350	39.1788	10.4998	28.6791	0.657115	0.342885	9.232845	0.427654	0.327903	0.142042	0.145321	0.0519112	0.0269451	0.0179708	0	3.762281	1.744293	0.3428846	0.6571154	55.49995
3360	39.1969	10.5178	28.6791	0.786151	0.213849	9.232845	0.435634	0.328459	0.142042	0.145321	0.051564	0.0272395	0.0176837	0	3.762281	1.744293	0.2138485	0.7861515	55.49995
3370	38.7126	10.0335	28.6791	0.045364	0.954636	9.232845	0.430045	0.329694	0.142042	0.145321	0.0514918	0.0268579	0.017956	0	3.762281	1.744293	0.954636	0.04536404	55.49995
3380	39.2524	10.5733	28.6791	0.933971	0.0660288	9.232845	0.427001	0.329385	0.142042	0.145321	0.0506931	0.0277212	0.0181101	0	3.762281	1.744293	0.0660288	0.9339712	55.49995
3390	38.7695	10.0904	28.6791	0.0838752	0.916125	9.232845	0.426458	0.324534	0.142042	0.145321	0.0510472	0.0275457	0.0180296	0	3.762281	1.744293	0.9161248	0.08387519	55.49995
3400	38.7626	10.0835	28.6791	0.0835716	0.916428	9.232845	0.421653	0.318592	0.142042	0.145321	0.05091	0.0275454	0.0181256	0	3.762281	1.744293	0.9164284	0.08357159	55.49995
3410	39.0054	10.3263	28.6791	0.316511	0.683489	9.232845	0.427468	0.320704	0.142042	0.145321	0.0515781	0.027635	0.0179447	0	3.762281	1.744293	0.6834894	0.3165106	55.49995
3420	38.9238	10.2448	28.6791	0.279125	0.720875	9.232845	0.417889	0.315957	0.142042	0.145321	0.0504844	0.0278201	0.0180407	0	3.762281	1.744293	0.7208749	0.2791251	55.49995
3430	38.9922	10.3131	28.6791	0.23793	0.76207	9.232845	0.418988	0.314681	0.142042	0.145321	0.0513472	0.0279626	0.0185403	0	3.762281	1.744293	0.7620697	0.2379303	55.49995
3440	38.9205	10.2415	28.6791	0.242768	0.757232	9.232845	0.42794	0.32523	0.142042	0.145321	0.0513222	0.0269322	0.01815	0	3.762281	1.744293	0.7572317	0.2427683	55.49995
3450	38.963	10.2839	28.6791	0.342165	0.657835	9.232845	0.420695	0.326323	0.142042	0.145321	0.0510583	0.0271944	0.0178085	0	3.762281	1.744293	0.6578345	0.3421655	55.49995
3460	39.1303	10.4512	28.6791	0.392189	0.607811	9.232845	0.436725	0.325319	0.142042	0.145321	0.052811	0.0276149	0.0179567	0	3.762281	1.744293	0.6078112	0.3921888	55.49995
3470	39.1744	10.4953	28.6791	0.600777	0.399223	9.232845	0.428429	0.325633	0.142042	0.145321	0.0512592	0.0277278	0.01819	0	3.762281	1.744293	0.3992227	0.6007773	55.49995
3480	38.9645	10.2854	28.6791	0.230786	0.769214	9.232845	0.420532	0.320761	0.142042	0.145321	0.0517948	0.0273949	0.0182264	0	3.762281	1.744293	0.7692138	0.2307862	55.49995
3490	39.1188	10.4397	28.6791	0.452203	0.547797	9.232845	0.418252	0.315058	0.142042	0.145321	0.0509977	0.0279933	0.0185523	0	3.762281	1.744293	0.5477969	0.4522031	55.49995
3500	39.172	10.493	28.6791	0.712129	0.287871	9.232845	0.432662	0.314308	0.142042	0.145321	0.0510691	0.0275371	0.0180207	0	3.762281	1.744293	0.287871	0.712129	55.49995
3510	38.8872	10.2082	28.6791	0.207533	0.792467	9.232845	0.423081	0.321662	0.142042	0.145321	0.0513522	0.0271943	0.0179736	0	3.762281	1.744293	0.7924675	0.2075325	55.49995
3520	39.1049	10.4258	28.6791	0.472655	0.527345	9.232845	0.417148	0.319943	0.142042	0.145321	0.0517052	0.0266952	0.0184769	0	3.762281	1.744293	0.5273449	0.4726551	55.49995
3530	39.2922	10.6132	28.6791	0.81666	0.18334	9.232845	0.426785	0.315207	0.142042	0.145321	0.0517791	0.0276318	0.0184353	0	3.762281	1.744293	0.18334	0.81666	55.49995
3540	38.8411	10.162	28.6791	0.0898856	0.910114	9.232845	0.424439	0.319239	0.142042	0.145321	0.0520746	0.0269911	0.0184707	0	3.762281	1.744293	0.9101144	0.08988556	55.49995
3550	39.2714	10.5923	28.6791	0.915503	0.0844969	9.232845	0.418296	0.320152	0.142042	0.145321	0.0520467	0.0271774	0.0178835	0	3.762281	1.744293	0.08449692	0.9155031	55.49995
3560	38.8488	10.1697	28.6791	0.168315	0.831685	9.232845	0.430635	0.32807	0.142042	0.145321	0.0516024	0.0269599	0.0178401	0	3.762281	1.744293	0.831685	0.168315	55.49995
3570	39.1435	10.4645	28.6791	0.673744	0.326256	9.232845	0.424546	0.322216	0.142042	0.145321	0.0513411	0.0267711	0.0180424	0	3.762281	1.744293	0.3262556	0.6737444	55.49995
3580	39.0247	10.3457	28.6791	0.472766	0.527234	9.232845	0.436055	0.322813	0.142042	0.145321	0.0504548	0.0268173	0.0183122	0	3.762281	1.744293	0.5272344	0.4727656	55.49995
3590	39.1804	10.5013	28.6791	0.510945	0.489055	9.232845	0.422149	0.327068	0.142042	0.145321	0.0521836	0.0270832	0.0184848	0	3.762281	1.744293	0.489055	0.510945	55.49995
3600	45.4082	16.7291	28.6791	0.861123	0.138877	9.233536	0.434091	0.323044	0.142042	0.145321	0.0524269	0.0270541	0.0181337	0	3.762281	1.744293	0.1388772	0.8611228	55.49995
3610	45.3138	16.6347	28.6791	0.546854	0.453146	9.233536	0.43015	0.322786	0.142042	0.145321	0.0522263	0.0275216	0.0182744	0	3.762281	1.744293	0.4531463	0.5468537	55.49995
3620	44.8948	16.2157	28.6791	0.115301	0.884699	9.233536	0.429551	0.324231	0.142042	0.145321	0.0506219	0.0277283	0.0179649	0	3.762281	1.744293	0.8846987	0.1153013	55.49995
3630	45.3447	16.6656	28.6791	0.931912	0.0680878	9.233536	0.43638	0.322262	0.142042	0.145321	0.0508372	0.0279334	0.0177251	0	3.762281	1.744293	0.06808776	0.9319122	55.49995
3640	44.9517	16.2727	28.6791	0.114307	0.885693	9.233536	0.433887	0.315773	0.142042	0.145321	0.0511639	0.0279764	0.0182204	0	3.762281	1.744293	0.8856934	0.1143066	55.49995
3650	45.1883	16.5092	28.6791	0.478072	0.521928	9.233536	0.436798	0.321678	0.142042	0.145321	0.0509742	0.0275788	0.0180553	0	3.762281	1.744293	0.5219284	0.4780716	55.49995
3660	45.3249	16.6459	28.6791	0.730335	0.269665	9.233536	0.437051	0.324242	0.142042	0.145321	0.0515147	0.0275594	0.0179651	0	3.762281	1.744293	0.2696649	0.7303351	55.49995
3670	45.1497	16.4706	28.6791	0.371006	0.628994	9.233536	0.434743	0.329503	0.142042	0.145321	0.0513952	0.0275994	0.0179313	0	3.762281	1.744293	0.6289939	0.3710061	55.49995
3680	44.9586	16.2796	28.6791	0.25194	0.74806	6.801584	0.438103	0.321487	0.142042	0.145321	0.0528016	0.0274544	0.0176519	0	3.762281	1.744293	0.7480602	0.2519398	55.49995
3690	45.0079	16.3288	28.6791	0.358865	0.641135	6.801584	0.425879	0.328888	0.142042	0.145321	0.0521864	0.0269933	0.0181906	0	3.762281	1.744293	0.6411354	0.3588646	55.49995
3700	45.0637	16.3846	28.6791	0.308763	0.691237	6.801584	0.434703	0.320397	0.142042	0.145321	0.0527342	0.0278615	0.0184351	0	3.762281	1.744293	0.6912365	0.3087635	55.49995
3710	45.1301	16.451	28.6791	0.499795	0.500205	6.801584	0.424874	0.324132	0.142042	0.145321	0.0524536	0.0276545	0.0184122	0	3.762281	1.744293	0.5002046	0.4997954	55.49995
3720	44.8789	16.1999	28.6791	0.135746	0.864254	6.801584	0.427079	0.316515	0.142042	0.145321	0.0520933	0.0270408	0.0182104	0	3.762281	1.744293	0.8642544	0.1357456	55.49995
3730	44.9369	16.2579	28.6791	0.180351	0.819649	6.801584	0.423789	0.31816	0.142042	0.145321	0.0525216	0.0277562	0.0178587	0	3.762281	1.744293	0.8196488	0.1803512	55.49995
3740	45.1033	16.4243	28.6791	0.572932	0.427068	6.801584	0.426153	0.318115	0.142042	0.145321	0.0514985	0.0276281	0.017993	0	3.762281	1.744293	0.4270676	0.5729324	55.49995
3750	44.9602	16.2812	28.6791	0.213836	0.786164	6.801584	0.427997	0.325455	0.142042	0.145321	0.0524147	0.0279661	0.0178131	0	3.762281	1.744293	0.7861636	0.2138364	55.49995
3760	45.1381	16.459	28.6791	0.58012	0.41988	6.801584	0.427099	0.318577	0.142042	0.145321	0.0516515	0.0277756	0.0182958	0	3.762281	1.744293	0.4198805	0.5801195	55.49995
3770	45.1147	16.4356	28.6791	0.640628	0.359372	6.801584	0.435912	0.320957	0.142042	0.145321	0.0512777	0.0274036	0.0181261	0	3.762281	1.744293	0.3593719	0.6406281	55.49995
3780	44.8046	16.1255	28.6791	0.116528	0.883472	6.801584	0.4174	0.319789	0.142042	0.145321	0.0512968	0.0268211	0.0178838	0	3.762281	1.744293	0.8834723	0.1165277	55.49995
3790	45.0584	16.3793	28.6791	0.647689	0.352311	6.801584	0.421556	0.324537	0.142042	0.145321	0.0512446	0.0267959	0.0177966	0	3.762281	1.744293	0.3523111	0.6476889	55.49995
3800	44.9226	16.2435	28.6791	0.239969	0.760031	6.801584	0.421519	0.325506	0.142042	0.145321	0.0515563	0.027323	0.0178764	0	3.762281	1.744293	0.7600312	0.2399688	55.49995
3810	45.0016	16.3225	28.6791	0.343102	0.656898	6.801584	0.432997	0.328512	0.142042	0.145321	0.0524534	0.0273903	0.0177803	0	3.762281	1.744293	0.6568979	0.3431021	55.49995
3820	45.1785	16.4995	28.6791	0.677885	0.322115	6.801584	0.418366	0.326478	0.142042	0.145321	0.0523264	0.0278126	0.0181603	0	3.762281	1.744293	0.3221153	0.6778847	55.49995
3830	45.0465	16.3675	28.6791	0.41536	0.58464	6.801584	0.425411	0.329535	0.142042	0.145321	0.0526981	0.0271543	0.0180377	0	3.762281	1.744293	0.5846405	0.4153595	55.49995
3840	45.1792	16.5001	28.6791	0.70497	0.29503	6.801584	0.430888	0.325848	0.142042	0.145321	0.0527152	0.0270622	0.0184988	0	3.762281	1.744293	0.2950295	0.7049705	55.49995
3850	45.2618	16.5827	28.6791	0.979655	0.0203453	6.801584	0.427648	0.328264	0.142042	0.145321	0.0529142	0.0275578	0.0182489	0	3.762281	1.744293	0.02034528	0.9796547	55.49995
3860	45.0106	16.3316	28.6791	0.380649	0.619351	6.801584	0.437693	0.323093	0.142042	0.145321	0.0522	0.0271347	0.0179087	0	3.762281	1.744293	0.6193508	0.3806492	55.49995
3870	44.9486	16.2695	28.6791	0.305542	0.694458	6.801584	0.432884	0.317166	0.142042	0.145321	0.0512481	0.0275136	0.0176304	0	3.762281	1.744293	0.6944576	0.3055424	55.49995
3880	45.1502	16.4711	28.6791	0.618029	0.381971	6.801584	0.431047	0.316604	0.142042	0.145321	0.0522673	0.0277692	0.0179987	0	3.762281	1.744293	0.3819706	0.6180294	55.49995
3890	45.1454	16.4663	28.6791	0.481023	0.518977	6.801584	0.417286	0.31504	0.142042	0.145321	0.0525477	0.0279637	0.0184001	0	3.762281	1.744293	0.518977	0.481023	55.49995
3900	45.2856	16.6065	28.6791	0.972862	0.0271384	6.801584	0.431743	0.321613	0.142042	0.145321	0.0530511	0.0278151	0.0183171	0	3.762281	1.744293	0.02713841	0.9728616	55.49995
3910	45.0568	16.3777	28.6791	0.396373	0.603627	6.801584	0.426181	0.327775	0.142042	0.145321	0.053012	0.0276094	0.0178192	0	3.762281	1.744293	0.6036265	0.3963735	55.49995
3920	45.0862	16.4071	28.6791	0.821917	0.178083	6.801584	0.43098	0.327716	0.142042	0.145321	0.0505397	0.0270319	0.0176576	0	3.762281	1.744293	0.1780832	0.8219168	55.49995
3930	45.0064	16.3273	28.6791	0.34716	0.65284	6.801584	0.42989	0.326453	0.142042	0.145321	0.0518303	0.027806	0.0177449	0	3.762281	1.744293	0.6528398	0.3471602	55.49995
3940	45.2058	16.5267	28.6791	0.905773	0.0942275	6.801584	0.43868	0.328991	0.142042	0.145321	0.0516332	0.0279626	0.0178842	0	3.762281	1.744293	0.09422747	0.9057725	55.49995
3950	44.9788	16.2997	28.6791	0.414406	0.585594	6.801584	0.430095	0.326219	0.142042	0.145321	0.0511968	0.0269927	0.0177886	0	3.762281	1.744293	0.5855938	0.4144062	55.49995
3960	45.1623	16.4832	28.6791	0.843039	0.156961	6.801584	0.422445	0.319284	0.142042	0.145321	0.0514688	0.0271124	0.0181245	0	3.762281	1.744293	0.1569608	0.8430392	55.49995
3970	45.1643	16.4852	28.6791	0.96228	0.0377205	6.801584	0.421773	0.324667	0.142042	0.145321	0.0505181	0.027019	0.0183262	0	3.762281	1.744293	0.0377205	0.9622795	55.49995
3980	45.1106	16.4315	28.6791	0.770004	0.229996	6.801584	0.43278	0.32015	0.142042	0.145321	0.0505418	0.0269565	0.0182126	0	3.762281	1.744293	0.2299963	0.7700037	55.49995
3990	45.0361	16.357	28.6791	0.538706	0.461294	6.801584	0.437996	0.324756	0.142042	0.145321	0.0509925	0.0267392	0.0181794	0	3.762281	1.744293	0.4612937	0.5387063	55.49995
4000	45.1362	16.4571	28.6791	0.729201	0.270799	6.801584	0.434684	0.326633	0.142042	0.145321	0.0516427	0.0267285	0.0184812	0	3.762281	1.744293	0.270799	0.729201	55.49995
4010	45.1277	16.4486	28.6791	0.800549	0.199451	6.801584	0.425373	0.323728	0.142042	0.145321	0.0504597	0.0269652	0.018413	0	3.762281	1.744293	0.1994511	0.8005489	55.49995
4020	45.1911	16.512	28.6791	0.712255	0.287745	6.801584	0.431452	0.326963	0.142042	0.145321	0.0513515	0.0279424	0.0185479	0	3.762281	1.744293	0.2877453	0.7122547	55.49995
4030	45.2099	16.5309	28.6791	0.932878	0.0671224	6.801584	0.437383	0.325338	0.142042	0.145321	0.0510091	0.0274696	0.0185083	0	3.762281	1.744293	0.06712238	0.9328776	55.49995
4040	44.8356	16.1565	28.6791	0.0620576	0.937942	6.801584	0.437338	0.321961	0.142042	0.145321	0.0525548	0.0272151	0.0181922	0	3.762281	1.744293	0.9379424	0.0620576	55.49995
4050	45.0227	16.3436	28.6791	0.343175	0.656825	6.801584	0.43404	0.322481	0.142042	0.145321	0.0529665	0.0266915	0.01844	0	3.762281	1.744293	0.6568253	0.3431747	55.49995
4060	45.0986	16.4195	28.6791	0.685454	0.314546	6.801584	0.435501	0.327885	0.142042	0.145321	0.0513491	0.0268992	0.0181076	0	3.762281	1.744293	0.3145463	0.6854537	55.49995
4070	45.179	16.4999	28.6791	0.927324	0.0726756	6.801584	0.422286	0.325281	0.142042	0.145321	0.0510946	0.0268754	0.0184985	0	3.762281	1.744293	0.07267563	0.9273244	55.49995
4080	45.2137	16.5347	28.6791	0.780214	0.219786	6.801584	0.431108	0.327087	0.142042	0.145321	0.0529269	0.0277671	0.0180514	0	3.762281	1.744293	0.2197859	0.7802141	55.49995
4090	45.1936	16.5145	28.6791	0.777566	0.222434	6.801584	0.436472	0.31458	0.142042	0.145321	0.052253	0.027988	0.0177642	0	3.762281	1.744293	0.2224342	0.7775658	55.49995
4100	45.1883	16.5092	28.6791	0.707299	0.292701	6.801584	0.43429	0.32201	0.142042	0.145321	0.052894	0.0277749	0.0179425	0	3.762281	1.744293	0.2927014	0.7072986	55.49995
4110	44.936	16.2569	28.6791	0.112931	0.887069	6.801584	0.43243	0.320952	0.142042	0.145321	0.0526216	0.0278478	0.0185241	0	3.762281	1.744293	0.8870693	0.1129307	55.49995
4120	45.1898	16.5107	28.6791	0.753182	0.246818	6.801584	0.424983	0.319588	0.142042	0.145321	0.052868	0.0279401	0.0176378	0	3.762281	1.744293	0.2468183	0.7531817	55.49995
4130	44.8824	16.2033	28.6791	0.192494	0.807506	6.801584	0.429459	0.320723	0.142042	0.145321	0.0513527	0.0274979	0.0176564	0	3.762281	1.744293	0.8075055	0.1924945	55.49995
4140	45.1818	16.5027	28.6791	0.912059	0.0879415	6.801584	0.418486	0.319869	0.142042	0.145321	0.0511432	0.0274497	0.0180617	0	3.762281	1.744293	0.08794145	0.9120585	55.49995
4150	45.1915	16.5124	28.6791	0.766313	0.233687	6.801584	0.432335	0.31535	0.142042	0.145321	0.0514946	0.0276443	0.0183878	0	3.762281	1.744293	0.2336874	0.7663126	55.49995
4160	44.8221	16.143	28.6791	0.0971956	0.902804	6.801584	0.438444	0.325663	0.142042	0.145321	0.0519984	0.0270176	0.0179512	0	3.762281	1.744293	0.9028044	0.09719565	55.49995
4170	44.8549	16.1758	28.6791	0.12525	0.87475	6.801584	0.425605	0.33056	0.142042	0.145321	0.0528556	0.0271905	0.0176622	0	3.762281	1.744293	0.8747504	0.1252496	55.49995
4180	44.8679	16.1888	28.6791	0.100276	0.899724	6.801584	0.427607	0.322488	0.142042	0.145321	0.0527731	0.0274736	0.0178913	0	3.762281	1.744293	0.8997238	0.1002762	55.49995
4190	45.0237	16.3446	28.6791	0.349971	0.650029	6.801584	0.418999	0.329173	0.142042	0.145321	0.0518322	0.0274807	0.0182518	0	3.762281	1.744293	0.6500295	0.3499705	55.49995
4200	45.165	16.486	28.6791	0.663534	0.336466	6.801584	0.419491	0.327993	0.142042	0.145321	0.0518807	0.0276735	0.0183382	0	3.762281	1.744293	0.3364656	0.6635344	55.49995
4210	45.27	16.5909	28.6791	0.843041	0.156959	6.801584	0.421638	0.316504	0.142042	0.145321	0.0530102	0.0277637	0.0185437	0	3.762281	1.744293	0.156959	0.843041	55.49995
4220	45.2737	16.5946	28.6791	0.953223	0.0467774	6.801584	0.429983	0.314728	0.142042	0.145321	0.0526606	0.0276341	0.0184402	0	3.762281	1.744293	0.04677745	0.9532226	55.49995
4230	44.8825	16.2035	28.6791	0.114318	0.885682	6.801584	0.424418	0.320223	0.142042	0.145321	0.0516886	0.0278307	0.0181027	0	3.762281	1.744293	0.8856821	0.1143179	55.49995
4240	45.0067	16.3276	28.6791	0.345582	0.654418	6.801584	0.42112	0.314227	0.142042	0.145321	0.0528064	0.0273322	0.0176359	0	3.762281	1.744293	0.6544176	0.3455824	55.49995
4250	45.1646	16.4855	28.6791	0.688459	0.311541	6.801584	0.42505	0.31716	0.142042	0.145321	0.0517034	0.0277689	0.0181377	0	3.762281	1.744293	0.3115406	0.6884594	55.49995
4260	45.2317	16.5526	28.6791	0.785598	0.214402	6.801584	0.432236	0.320254	0.142042	0.145321	0.0529214	0.027462	0.018497	0	3.762281	1.744293	0.2144024	0.7855976	55.49995
4270	45.1607	16.4816	28.6791	0.609198	0.390802	6.801584	0.432574	0.320374	0.142042	0.145321	0.0526395	0.0277555	0.0180893	0	3.762281	1.744293	0.3908017	0.6091983	55.49995
4280	45.1312	16.4521	28.6791	0.764066	0.235934	6.801584	0.42696	0.324647	0.142042	0.145321	0.0508564	0.0274115	0.0180597	0	3.762281	1.744293	0.2359337	0.7640663	55.49995
4290	45.0796	16.4005	28.6791	0.493513	0.506487	6.801584	0.434487	0.329979	0.142042	0.145321	0.0509251	0.0276202	0.01846	0	3.762281	1.744293	0.5064868	0.4935132	55.49995
4300	45.0999	16.4208	28.6791	0.594646	0.405354	6.801584	0.422676	0.326572	0.142042	0.145321	0.0511341	0.0273602	0.0182791	0	3.762281	1.744293	0.4053541	0.5946459	55.49995
4310	44.8577	16.1786	28.6791	0.0753353	0.924665	6.801584	0.42202	0.315076	0.142042	0.145321	0.0517595	0.0278785	0.0181081	0	3.762281	1.744293	0.9246647	0.07533528	55.49995
4320	44.9479	16.2689	28.6791	0.210281	0.789719	6.801584	0.421892	0.316743	0.142042	0.145321	0.0512602	0.0276632	0.0183443	0	3.762281	1.744293	0.7897193	0.2102807	55.49995
4330	44.8711	16.1921	28.6791	0.153543	0.846457	6.801584	0.4329	0.32734	0.142042	0.145321	0.0512178	0.0271056	0.0183204	0	3.762281	1.744293	0.8464571	0.1535429	55.49995
4340	44.8574	16.1783	28.6791	0.127816	0.872184	6.801584	0.418541	0.322107	0.142042	0.145321	0.0508297	0.0272023	0.018481	0	3.762281	1.744293	0.8721837	0.1278163	55.49995
4350	45.231	16.552	28.6791	0.88005	0.11995	6.801584	0.424133	0.324339	0.142042	0.145321	0.0530261	0.0269663	0.0185437	0	3.762281	1.744293	0.1199498	0.8800502	55.49995
4360	44.9949	16.3159	28.6791	0.257743	0.742257	6.801584	0.428528	0.325689	0.142042	0.145321	0.0527773	0.0271158	0.0184611	0	3.762281	1.744293	0.7422566	0.2577434	55.49995
4370	45.1033	16.4242	28.6791	0.573651	0.426349	6.801584	0.428525	0.327788	0.142042	0.145321	0.0530632	0.0266055	0.0182722	0	3.762281	1.744293	0.4263491	0.5736509	55.49995
4380	44.8154	16.1363	28.6791	0.0207816	0.979218	6.801584	0.427062	0.329357	0.142042	0.145321	0.0524429	0.0273919	0.0184411	0	3.762281	1.744293	0.9792184	0.02078157	55.49995
4390	45.1465	16.4674	28.6791	0.754717	0.245283	6.801584	0.42237	0.319505	0.142042	0.145321	0.0519392	0.0269909	0.0181232	0	3.762281	1.744293	0.2452834	0.7547166	55.49995
4400	45.0628	16.3837	28.6791	0.426954	0.573046	6.801584	0.424156	0.31869	0.142042	0.145321	0.0525129	0.026964	0.0183516	0	3.762281	1.744293	0.573046	0.426954	55.49995
4410	45.2578	16.5788	28.6791	0.917111	0.0828893	6.801584	0.426266	0.32084	0.142042	0.145321	0.0527277	0.0278258	0.0181934	0	3.762281	1.744293	0.08288929	0.9171107	55.49995
4420	45.0388	16.3598	28.6791	0.463719	0.536281	6.801584	0.434631	0.317757	0.142042	0.145321	0.0525202	0.0269975	0.0177261	0	3.762281	1.744293	0.5362808	0.4637192	55.49995
4430	44.9779	16.2988	28.6791	0.323472	0.676528	6.801584	0.418724	0.320747	0.142042	0.145321	0.0523622	0.0270093	0.0178662	0	3.762281	1.744293	0.6765276	0.3234724	55.49995
4440	45.1244	16.4453	28.6791	0.500403	0.499597	6.801584	0.419556	0.314997	0.142042	0.145321	0.0528893	0.0278124	0.0179475	0	3.762281	1.744293	0.4995972	0.5004028	55.49995
4450	45.2075	16.5284	28.6791	0.692625	0.307375	6.801584	0.41957	0.317775	0.142042	0.145321	0.0525588	0.0279058	0.0182907	0	3.762281	1.744293	0.3073749	0.6926251	55.49995
4460	45.2125	16.5335	28.6791	0.893799	0.106201	6.801584	0.426717	0.323197	0.142042	0.145321	0.0527307	0.0270649	0.0182345	0	3.762281	1.744293	0.1062011	0.8937989	55.49995
4470	44.911	16.232	28.6791	0.286264	0.713736	6.801584	0.418132	0.324838	0.142042	0.145321	0.050686	0.0271765	0.0178267	0	3.762281	1.744293	0.7137357	0.2862643	55.49995
4480	45.1572	16.4781	28.6791	0.763799	0.236201	6.801584	0.420393	0.329031	0.142042	0.145321	0.0516791	0.0275709	0.0179656	0	3.762281	1.744293	0.2362008	0.7637992	55.49995
4490	45.2373	16.5582	28.6791	0.921602	0.0783982	6.801584	0.430731	0.32456	0.142042	0.145321	0.0515715	0.0279627	0.0182966	0	3.762281	1.744293	0.07839819	0.9216018	55.49995
4500	44.9238	16.2447	28.6791	0.200306	0.799694	6.801584	0.438926	0.324318	0.142042	0.145321	0.0512441	0.0278388	0.0180151	0	3.762281	1.744293	0.799694	0.200306	55.49995
4510	44.7975	16.1184	28.6791	0.0391092	0.960891	6.801584	0.434745	0.325126	0.142042	0.145321	0.0510996	0.0275439	0.018353	0	3.762281	1.744293	0.9608908	0.03910925	55.49995
4520	44.9767	16.2976	28.6791	0.394035	0.605965	6.801584	0.434124	0.320525	0.142042	0.145321	0.0506727	0.0272108	0.0179291	0	3.762281	1.744293	0.6059654	0.3940346	55.49995
4530	44.8035	16.1244	28.6791	0.107891	0.892109	6.801584	0.423893	0.321727	0.142042	0.145321	0.0505873	0.0273732	0.017891	0	3.762281	1.744293	0.8921091	0.1078909	55.49995
4540	45.1393	16.4603	28.6791	0.953419	0.0465814	6.801584	0.429745	0.329926	0.142042	0.145321	0.0504331	0.0271146	0.0179901	0	3.762281	1.744293	0.04658145	0.9534186	55.49995
4550	45.1826	16.5035	28.6791	0.999763	0.000237222	6.801584	0.424499	0.327665	0.142042	0.145321	0.0509556	0.0277439	0.017722	0	3.762281	1.744293	0.0002372223	0.9997628	55.49995
4560	45.0564	16.3773	28.6791	0.444586	0.555414	6.801584	0.421931	0.32229	0.142042	0.145321	0.051655	0.0274116	0.0181659	0	3.762281	1.744293	0.5554145	0.4445855	55.49995
4570	45.1825	16.5034	28.6791	0.904656	0.0953441	6.801584	0.42125	0.320071	0.142042	0.145321	0.0520445	0.0274274	0.0177109	0	3.762281	1.744293	0.09534412	0.9046559	55.49995
4580	44.8978	16.2188	28.6791	0.0913564	0.908644	6.801584	0.419485	0.324391	0.142042	0.145321	0.0525025	0.0277975	0.0183248	0	3.762281	1.744293	0.9086436	0.09135642	55.49995
4590	44.8603	16.1812	28.6791	0.137149	0.862851	6.801584	0.435858	0.315704	0.142042	0.145321	0.0515922	0.0269893	0.018167	0	3.762281	1.744293	0.8628514	0.1371486	55.49995
4600	45.1266	16.4475	28.6791	0.752046	0.247954	6.801584	0.424384	0.323639	0.142042	0.145321	0.0510968	0.0270492	0.0182035	0	3.762281	1.744293	0.2479536	0.7520464	55.49995
4610	44.9123	16.2332	28.6791	0.304689	0.695311	6.801584	0.421583	0.315246	0.142042	0.145321	0.0504696	0.0269201	0.0179286	0	3.762281	1.744293	0.6953107	0.3046893	55.49995
4620	45.0909	16.4118	28.6791	0.700868	0.299132	6.801584	0.419437	0.314439	0.142042	0.145321	0.0511085	0.0270671	0.0177961	0	3.762281	1.744293	0.2991317	0.7008683	55.49995
4630	45.026	16.3469	28.6791	0.500567	0.499433	6.801584	0.423879	0.320333	0.142042	0.145321	0.0516513	0.026936	0.0177492	0	3.762281	1.744293	0.499433	0.500567	55.49995
4640	45.0074	16.3283	28.6791	0.504735	0.495265	6.801584	0.425555	0.318657	0.142042	0.145321	0.0504975	0.0272861	0.0177038	0	3.762281	1.744293	0.4952648	0.5047352	55.49995
4650	45.1122	16.4331	28.6791	0.65969	0.34031	6.801584	0.424119	0.315241	0.142042	0.145321	0.0506685	0.0279162	0.0178644	0	3.762281	1.744293	0.3403098	0.6596902	55.49995
4660	45.0845	16.4055	28.6791	0.69051	0.30949	6.801584	0.428224	0.315959	0.142042	0.145321	0.050868	0.0270345	0.0179011	0	3.762281	1.744293	0.3094898	0.6905102	55.49995
4670	44.988	16.3089	28.6791	0.421812	0.578188	6.801584	0.4332	0.329607	0.142042	0.145321	0.0513258	0.0270433	0.0177984	0	3.762281	1.744293	0.5781877	0.4218123	55.49995
4680	45.1426	16.4635	28.6791	0.799697	0.200303	6.801584	0.43105	0.318011	0.142042	0.145321	0.0505264	0.0278552	0.0178677	0	3.762281	1.744293	0.2003031	0.7996969	55.49995
4690	45.0282	16.3491	28.6791	0.440129	0.559871	6.801584	0.437537	0.315516	0.142042	0.145321	0.0510859	0.02739	0.0180016	0	3.762281	1.744293	0.5598714	0.4401286	55.49995
4700	45.0215	16.3424	28.6791	0.309923	0.690077	6.801584	0.432389	0.318052	0.142042	0.145321	0.0520717	0.0278466	0.0180553	0	3.762281	1.744293	0.6900773	0.3099227	55.49995
4710	45.1413	16.4622	28.6791	0.668186	0.331814	6.801584	0.43091	0.322821	0.142042	0.145321	0.0527487	0.027246	0.0179082	0	3.762281	1.744293	0.3318137	0.6681863	55.49995
4720	44.7848	16.1057	28.6791	0.0251512	0.974849	6.801584	0.418278	0.329651	0.142042	0.145321	0.0524507	0.0276739	0.0176899	0	3.762281	1.744293	0.9748488	0.02515118	55.49995
4730	45.209	16.5299	28.6791	0.72106	0.27894	6.801584	0.418263	0.32903	0.142042	0.145321	0.0530113	0.0278694	0.0181255	0	3.762281	1.744293	0.2789396	0.7210604	55.49995
4740	45.1358	16.4567	28.6791	0.58216	0.41784	6.801584	0.42001	0.323393	0.142042	0.145321	0.0523252	0.0277835	0.0179849	0	3.762281	1.744293	0.4178396	0.5821604	55.49995
4750	45.2339	16.5548	28.6791	0.960307	0.0396928	6.801584	0.430365	0.326447	0.142042	0.145321	0.0512576	0.0278499	0.0183698	0	3.762281	1.744293	0.03969284	0.9603072	55.49995
4760	45.2328	16.5537	28.6791	0.882667	0.117333	6.801584	0.420521	0.324067	0.142042	0.145321	0.0522969	0.0274421	0.0184461	0	3.762281	1.744293	0.1173332	0.8826668	55.49995
4770	45.1765	16.4974	28.6791	0.833565	0.166435	6.801584	0.422748	0.327863	0.142042	0.145321	0.0509574	0.0275499	0.0183349	0	3.762281	1.744293	0.1664346	0.8335654	55.49995
4780	45.1075	16.4285	28.6791	0.526563	0.473437	6.801584	0.429315	0.329322	0.142042	0.145321	0.0529585	0.0267044	0.0185549	0	3.762281	1.744293	0.4734374	0.5265626	55.49995
4790	45.115	16.436	28.6791	0.663802	0.336198	6.801584	0.427717	0.322786	0.142042	0.145321	0.0526508	0.0266545	0.0180752	0	3.762281	1.744293	0.3361977	0.6638023	55.49995
4800	44.7588	16.0798	28.6791	0.00772836	0.992272	6.801584	0.43331	0.316877	0.142042	0.145321	0.0528253	0.0266798	0.0181337	0	3.762281	1.744293	0.9922716	0.007728359	55.49995
4810	45.1487	16.4697	28.6791	0.527206	0.472794	6.801584	0.426778	0.316837	0.142042	0.145321	0.0528808	0.0276013	0.0183456	0	3.762281	1.744293	0.4727937	0.5272063	55.49995
4820	45.0318	16.3528	28.6791	0.358146	0.641854	6.801584	0.422391	0.314419	0.142042	0.145321	0.052201	0.0279851	0.0176481	0	3.762281	1.744293	0.6418545	0.3581455	55.49995
4830	45.1703	16.4912	28.6791	0.926973	0.0730268	6.801584	0.43181	0.330201	0.142042	0.145321	0.051808	0.0268261	0.0181225	0	3.762281	1.744293	0.07302684	0.9269732	55.49995
4840	45.0692	16.3901	28.6791	0.472522	0.527478	6.801584	0.4301	0.323504	0.142042	0.145321	0.0526308	0.0274881	0.0177222	0	3.762281	1.744293	0.5274778	0.4725222	55.49995
4850	44.8852	16.2061	28.6791	0.181847	0.818153	6.801584	0.436901	0.330441	0.142042	0.145321	0.0515319	0.0276506	0.017679	0	3.762281	1.744293	0.8181535	0.1818465	55.49995
4860	44.9771	16.298	28.6791	0.297172	0.702828	6.801584	0.437103	0.328014	0.142042	0.145321	0.0515416	0.0276331	0.0179743	0	3.762281	1.744293	0.7028276	0.2971724	55.49995
4870	45.2193	16.5402	28.6791	0.957699	0.0423013	6.801584	0.426857	0.319507	0.142042	0.145321	0.05101	0.0278173	0.0182509	0	3.762281	1.744293	0.04230131	0.9576987	55.49995
4880	45.2098	16.5307	28.6791	0.865977	0.134023	6.801584	0.428151	0.32543	0.142042	0.145321	0.0519177	0.0275592	0.0182386	0	3.762281	1.744293	0.1340233	0.8659767	55.49995
4890	45.1992	16.5201	28.6791	0.826699	0.173301	6.801584	0.417557	0.325888	0.142042	0.145321	0.0527194	0.0272921	0.0181113	0	3.762281	1.744293	0.1733006	0.8266994	55.49995
4900	45.0931	16.414	28.6791	0.429736	0.570264	6.801584	0.429762	0.321117	0.142042	0.145321	0.0529234	0.027347	0.0183312	0	3.762281	1.744293	0.5702644	0.4297356	55.49995
4910	45.2033	16.5242	28.6791	0.815537	0.184463	6.801584	0.421522	0.324536	0.142042	0.145321	0.0520254	0.0275991	0.0182406	0	3.762281	1.744293	0.1844633	0.8155367	55.49995
4920	45.0044	16.3253	28.6791	0.318959	0.681041	6.801584	0.423908	0.326274	0.142042	0.145321	0.0509082	0.027663	0.0184849	0	3.762281	1.744293	0.6810408	0.3189592	55.49995
4930	45.1969	16.5178	28.6791	0.844381	0.155619	6.801584	0.42076	0.317961	0.142042	0.145321	0.0511741	0.0275288	0.0184339	0	3.762281	1.744293	0.1556188	0.8443812	55.49995
4940	44.9757	16.2967	28.6791	0.32207	0.67793	6.801584	0.431823	0.314996	0.142042	0.145321	0.0506521	0.0275298	0.0181628	0	3.762281	1.744293	0.67793	0.32207	55.49995
4950	45.0869	16.4078	28.6791	0.682142	0.317858	6.801584	0.4348	0.317485	0.142042	0.145321	0.050831	0.0274426	0.0176846	0	3.762281	1.744293	0.317858	0.682142	55.49995
4960	45.1477	16.4686	28.6791	0.626813	0.373187	6.801584	0.429886	0.318213	0.142042	0.145321	0.0522301	0.0274763	0.0181786	0	3.762281	1.744293	0.3731871	0.6268129	55.49995
4970	45.0115	16.3324	28.6791	0.321952	0.678048	6.801584	0.429202	0.318049	0.142042	0.145321	0.0516755	0.0272169	0.0184821	0	3.762281	1.744293	0.6780477	0.3219523	55.49995
4980	45.0447	16.3656	28.6791	0.324866	0.675134	6.801584	0.434229	0.318667	0.142042	0.145321	0.0527979	0.027173	0.0185346	0	3.762281	1.744293	0.6751336	0.3248664	55.49995
4990	45.0202	16.3412	28.6791	0.285315	0.714685	6.801584	0.431736	0.328591	0.142042	0.145321	0.0528091	0.0275687	0.0182377	0	3.762281	1.744293	0.7146855	0.2853145	55.49995
5000	45.1115	16.4324	28.6791	0.667812	0.332188	6.801584	0.437837	0.325191	0.142042	0.145321	0.0506354	0.0275069	0.0182215	0	3.762281	1.744293	0.3321878	0.6678122	55.49995
