Iteration	start_1	end_1	start_2	end_2	start_3	end_3	start_4	end_4	start_5	end_5	start_6	end_6	start_7	end_7	start_8	end_8	start_9	end_9	start_10	end_10	start_11	end_11	start_12	end_12	start_13	end_13	start_14	end_14	start_15	end_15
0	1	8	1	7	6	6	5	5	4	4	3	3	2	2	1	1	1	9	1	10	1	12	1	23	1	1	1	1	1	1
10	1	8	1	7	4	6	4	5	4	4	2	3	2	2	2	1	2	2	4	2	1	4	1	4	1	1	1	1	1	1
20	3	8	11	7	4	6	4	5	2	4	14	3	14	2	4	1	4	14	1	14	1	9	1	4	1	1	1	11	1	1
30	9	8	2	7	6	6	6	5	1	4	9	3	9	2	1	1	2	9	1	9	1	1	1	6	1	1	1	9	1	1
40	3	8	3	7	6	6	6	5	4	4	1	3	2	2	2	1	1	2	4	1	1	4	1	6	1	1	1	3	1	1
50	3	8	3	7	6	6	5	5	2	4	1	3	2	2	2	1	1	2	2	1	1	2	1	23	1	1	1	3	1	1
60	1	8	1	7	1	6	4	5	4	4	3	3	5	2	5	1	3	5	4	3	1	4	1	12	1	1	1	1	1	1
70	9	8	2	7	6	6	5	5	1	4	2	3	2	2	2	1	2	2	1	2	1	1	1	23	1	1	1	9	1	1
80	1	8	1	7	3	6	3	5	1	4	1	3	2	2	2	1	15	2	1	15	1	1	1	3	1	1	1	1	1	1
90	2	8	2	7	4	6	5	5	3	4	5	3	2	2	2	1	5	2	3	5	1	3	1	18	1	1	1	2	1	1
100	3	8	3	7	3	6	3	5	1	4	2	3	2	2	2	1	2	2	1	2	1	1	1	3	1	1	1	3	1	1
110	3	8	3	7	6	6	5	5	3	4	2	3	1	2	1	1	2	1	3	2	1	3	1	23	1	1	1	3	1	1
120	1	8	10	7	3	6	17	5	1	4	5	3	1	2	1	1	15	1	1	15	1	1	1	17	1	1	1	10	1	1
130	2	8	2	7	3	6	10	5	4	4	11	3	1	2	1	1	2	1	4	11	1	4	1	10	1	1	1	2	1	1
140	1	8	1	7	3	6	3	5	1	4	2	3	1	2	1	1	2	1	1	2	1	1	1	3	1	1	1	1	1	1
150	1	8	1	7	6	6	5	5	1	4	3	3	3	2	5	1	3	17	1	3	1	1	1	23	1	1	1	1	1	1
160	2	8	2	7	2	6	2	5	2	4	5	3	17	2	5	1	15	17	2	15	1	2	1	2	1	1	1	2	1	1
170	1	8	1	7	6	6	6	5	2	4	2	3	1	2	1	1	2	1	2	2	1	2	1	6	1	1	1	1	1	1
180	2	8	2	7	6	6	3	5	1	4	1	3	2	2	2	1	1	2	1	1	1	1	1	21	1	1	1	2	1	1
190	3	8	3	7	16	6	2	5	9	4	5	3	2	2	9	1	5	9	1	5	1	9	1	16	1	1	1	3	1	1
200	1	8	1	7	6	6	5	5	1	4	1	3	2	2	9	1	1	9	1	1	1	1	1	23	1	1	1	1	1	1
210	2	8	2	7	5	6	5	5	2	4	4	3	1	2	9	1	4	9	2	4	1	2	1	5	1	1	1	2	1	1
220	1	8	1	7	5	6	5	5	1	4	2	3	2	2	2	1	2	2	1	2	1	1	1	5	1	1	1	1	1	1
230	2	8	2	7	6	6	6	5	1	4	4	3	1	2	1	1	4	1	1	4	2	1	2	6	1	2	1	2	1	1
240	9	8	2	7	6	6	6	5	2	4	5	3	2	2	2	1	5	2	2	5	1	2	1	6	1	1	1	9	1	1
250	3	8	2	7	6	6	6	5	2	4	5	3	6	2	1	1	5	19	2	5	1	2	2	6	1	9	1	11	1	1
260	1	8	1	7	5	6	5	5	4	4	11	3	2	2	2	1	2	2	4	11	1	4	1	5	1	1	1	1	1	1
270	3	8	3	7	5	6	5	5	1	4	1	3	2	2	2	1	1	2	4	1	2	12	2	5	1	2	1	3	1	1
280	1	8	1	7	6	6	23	5	1	4	3	3	2	2	1	1	2	9	10	11	1	10	1	23	1	1	1	1	1	1
290	2	8	2	7	17	6	5	5	1	4	1	3	2	2	2	1	9	2	1	9	2	1	9	17	1	9	1	2	1	1
300	1	8	1	7	6	6	1	5	2	4	1	3	1	2	1	1	1	1	2	1	1	2	1	19	1	1	1	1	1	1
310	3	8	3	7	6	6	6	5	3	4	15	3	2	2	2	1	1	2	3	15	1	3	1	6	1	1	1	3	1	1
320	1	8	1	7	6	6	1	5	3	4	2	3	5	2	3	1	2	17	3	2	1	3	1	19	1	1	1	1	1	1
330	3	8	3	7	5	6	15	5	4	4	4	3	1	2	1	1	4	1	4	4	1	4	1	15	1	1	1	3	1	1
340	1	8	1	7	3	6	5	5	2	4	5	3	3	2	3	1	5	3	2	5	1	2	1	17	1	1	1	1	1	1
350	1	8	1	7	6	6	6	5	12	4	1	3	1	2	1	1	1	1	4	1	1	12	1	6	1	1	1	1	1	1
360	3	8	3	7	6	6	5	5	2	4	4	3	2	2	2	1	4	2	1	4	9	9	2	23	1	9	1	3	1	1
370	3	8	3	7	5	6	5	5	2	4	2	3	2	2	2	1	2	2	2	2	1	2	1	5	1	1	1	3	1	1
380	1	8	1	7	1	6	9	5	4	4	1	3	5	2	5	1	1	5	4	1	9	4	1	9	1	9	1	1	1	1
390	1	8	1	7	4	6	5	5	4	4	2	3	3	2	3	1	2	3	1	2	1	12	1	18	1	1	1	1	1	1
400	1	8	1	7	6	6	6	5	2	4	5	3	2	2	2	1	15	2	9	15	1	9	1	6	1	1	1	1	1	1
410	1	8	9	7	23	6	5	5	4	4	2	3	1	2	2	1	9	9	4	9	1	4	1	23	1	1	1	9	1	1
420	2	8	2	7	4	6	5	5	4	4	5	3	6	2	3	1	5	21	4	5	1	4	1	18	1	1	1	2	1	1
430	2	8	2	7	21	6	3	5	2	4	2	3	2	2	20	1	2	20	2	2	1	2	1	21	1	1	1	2	1	1
440	1	8	1	7	6	6	6	5	4	4	1	3	1	2	1	1	1	1	4	1	2	4	1	6	1	9	1	1	1	1
450	1	8	1	7	3	6	17	5	1	4	2	3	1	2	1	1	2	1	1	2	1	1	1	17	1	1	1	1	1	1
460	2	8	2	7	6	6	3	5	4	4	15	3	2	2	2	1	1	2	4	15	9	4	1	21	1	9	1	2	1	1
470	2	8	2	7	6	6	6	5	1	4	2	3	1	2	15	1	9	15	1	9	2	1	9	6	1	9	1	2	1	1
480	1	8	1	7	5	6	5	5	3	4	1	3	1	2	1	1	1	1	3	1	1	3	1	5	1	1	1	1	1	1
490	2	8	2	7	3	6	3	5	4	4	5	3	2	2	5	1	5	16	4	5	1	4	1	3	1	1	1	2	1	1
500	11	8	2	7	5	6	5	5	1	4	3	3	5	2	5	1	3	5	1	3	1	1	1	5	1	1	1	11	1	1
510	1	8	9	7	6	6	6	5	3	4	3	3	2	2	13	1	1	13	3	10	1	3	1	6	1	1	1	9	1	1
520	2	8	2	7	5	6	5	5	2	4	4	3	5	2	5	1	4	5	2	4	1	2	1	5	1	1	1	2	1	1
530	2	8	2	7	2	6	5	5	4	4	1	3	5	2	5	1	1	5	4	1	1	4	1	16	1	1	1	2	1	1
540	2	8	2	7	2	6	2	5	4	4	4	3	2	2	2	1	4	2	4	4	1	4	1	2	1	1	1	2	1	1
550	2	8	2	7	6	6	6	5	4	4	1	3	1	2	1	1	1	1	4	1	1	4	1	6	1	1	1	2	1	1
560	1	8	1	7	2	6	2	5	1	4	5	3	1	2	1	1	5	1	1	5	1	1	1	2	1	1	1	1	1	1
570	3	8	3	7	6	6	6	5	3	4	1	3	5	2	17	1	1	17	3	1	2	3	2	6	1	2	1	3	1	1
580	1	8	1	7	6	6	22	5	13	4	4	3	2	2	1	1	4	9	4	4	1	13	1	22	1	1	1	1	1	1
590	2	8	2	7	6	6	1	5	3	4	3	3	5	2	3	1	3	17	3	3	1	3	1	19	1	1	1	2	1	1
600	2	8	2	7	6	6	23	5	2	4	5	3	2	2	2	1	5	2	2	5	1	2	1	23	1	1	1	2	1	1
610	1	8	1	7	5	6	5	5	1	4	1	3	1	2	1	1	1	1	1	1	1	1	1	5	1	1	1	1	1	1
620	1	8	2	7	1	6	5	5	2	4	1	3	1	2	1	1	5	1	11	15	1	11	1	15	1	1	1	9	1	1
630	2	8	2	7	6	6	2	5	3	4	5	3	1	2	12	1	5	12	3	5	1	3	1	20	1	1	1	2	1	1
640	2	8	2	7	3	6	3	5	1	4	4	3	2	2	2	1	4	2	1	4	1	1	1	3	1	1	1	2	1	1
650	2	8	2	7	6	6	6	5	3	4	4	3	1	2	1	1	4	1	3	4	1	3	1	6	1	1	1	2	1	1
660	1	8	1	7	4	6	5	5	1	4	4	3	5	2	5	1	18	5	9	18	1	9	1	18	1	1	1	1	1	1
670	3	8	3	7	16	6	5	5	1	4	3	3	2	2	4	1	3	13	1	3	9	1	1	16	1	9	1	3	1	1
680	1	8	1	7	3	6	3	5	4	4	1	3	1	2	2	1	1	9	4	1	1	4	1	3	1	1	1	1	1	1
690	1	8	1	7	1	6	1	5	2	4	4	3	1	2	1	1	4	1	2	4	1	2	1	1	1	1	1	1	1	1
700	2	8	2	7	1	6	1	5	4	4	1	3	1	2	1	1	1	1	4	1	9	4	2	1	1	9	1	2	1	1
710	2	8	2	7	3	6	11	5	1	4	9	3	14	2	4	1	2	14	9	9	1	9	1	11	1	1	1	2	1	1
720	1	8	1	7	2	6	2	5	1	4	3	3	1	2	1	1	1	1	1	10	1	1	1	2	1	1	1	1	1	1
730	1	8	1	7	6	6	5	5	1	4	2	3	2	2	1	1	9	9	1	9	1	1	1	23	1	1	1	1	1	1
740	1	8	1	7	6	6	6	5	4	4	4	3	6	2	6	1	4	6	4	4	1	4	1	6	1	1	1	1	1	1
750	1	8	2	7	6	6	4	5	2	4	2	3	6	2	1	1	5	19	2	16	1	2	1	22	1	1	1	9	1	1
760	2	8	2	7	2	6	2	5	2	4	4	3	2	2	2	1	4	2	2	4	1	2	1	2	1	1	1	2	1	1
770	3	8	3	7	21	6	6	5	1	4	5	3	2	2	2	1	5	2	4	5	1	12	1	21	1	1	1	3	1	1
780	2	8	2	7	6	6	6	5	3	4	3	3	2	2	2	1	3	2	3	3	1	3	1	6	1	1	1	2	1	1
790	2	8	2	7	5	6	5	5	1	4	5	3	16	2	5	1	5	16	1	5	1	1	1	5	1	1	1	2	1	1
800	2	8	2	7	6	6	6	5	3	4	5	3	2	2	2	1	5	2	3	5	1	3	1	6	1	1	1	2	1	1
810	3	8	3	7	6	6	6	5	2	4	4	3	1	2	1	1	4	1	2	4	1	2	1	6	1	1	1	3	1	1
820	2	8	2	7	6	6	6	5	1	4	1	3	5	2	5	1	1	5	1	1	1	1	1	6	1	1	1	2	1	1
830	1	8	1	7	16	6	5	5	1	4	5	3	1	2	1	1	16	1	1	16	1	1	1	16	1	1	1	1	1	1
840	2	8	2	7	2	6	2	5	2	4	3	3	1	2	1	1	3	1	2	3	1	2	1	2	1	1	1	2	1	1
850	3	8	3	7	5	6	5	5	4	4	2	3	2	2	2	1	2	2	4	2	1	4	1	5	1	1	1	3	1	1
860	9	8	1	7	6	6	6	5	2	4	1	3	1	2	1	1	1	1	2	1	1	2	1	6	1	1	1	9	1	1
870	1	8	1	7	4	6	4	5	2	4	3	3	2	2	2	1	3	2	2	3	1	2	1	4	1	1	1	1	1	1
880	1	8	1	7	3	6	3	5	1	4	5	3	2	2	1	1	5	9	1	5	1	1	1	3	1	1	1	1	1	1
890	1	8	1	7	5	6	5	5	4	4	3	3	1	2	1	1	3	1	4	3	1	4	2	5	1	9	1	1	1	1
900	2	8	2	7	5	6	5	5	1	4	5	3	1	2	1	1	5	1	1	5	1	1	1	5	1	1	1	2	1	1
910	2	8	2	7	5	6	5	5	3	4	17	3	15	2	1	1	5	15	3	17	1	3	1	5	1	1	1	2	1	1
920	9	8	1	7	15	6	5	5	1	4	5	3	9	2	1	1	5	9	1	5	2	1	2	15	1	2	1	9	1	1
930	1	8	1	7	16	6	5	5	13	4	5	3	4	2	12	1	5	12	4	5	1	13	1	16	1	1	1	1	1	1
940	1	8	1	7	4	6	4	5	3	4	5	3	2	2	2	1	5	2	3	5	1	3	1	4	1	1	1	1	1	1
950	2	8	1	7	5	6	5	5	2	4	4	3	1	2	1	1	4	1	13	4	1	13	1	5	1	1	1	9	1	1
960	1	8	1	7	5	6	5	5	3	4	4	3	4	2	4	1	4	4	3	4	1	3	1	5	1	1	1	1	1	1
970	2	8	2	7	4	6	4	5	4	4	4	3	5	2	1	1	4	15	1	4	1	12	1	4	1	1	1	2	1	1
980	1	8	1	7	2	6	2	5	1	4	1	3	1	2	1	1	1	1	1	1	1	1	1	2	1	1	1	1	1	1
990	1	8	1	7	6	6	3	5	2	4	5	3	1	2	5	1	5	15	2	5	1	2	1	21	1	1	1	1	1	1
1000	9	8	2	7	1	6	5	5	2	4	13	3	9	2	1	1	2	9	2	13	1	2	1	15	1	1	1	9	1	1
1010	1	8	1	7	23	6	5	5	1	4	1	3	1	2	1	1	1	1	9	1	1	9	1	23	1	1	1	1	1	1
1020	11	8	2	7	2	6	2	5	2	4	1	3	2	2	2	1	1	2	2	1	1	2	1	2	1	1	1	11	1	1
1030	1	8	1	7	1	6	1	5	4	4	4	3	2	2	1	1	1	9	4	12	1	4	1	1	1	1	1	1	1	1
1040	2	8	2	7	6	6	6	5	3	4	4	3	1	2	1	1	4	1	3	4	2	3	2	6	1	2	1	2	1	1
1050	2	8	2	7	3	6	5	5	2	4	5	3	1	2	1	1	5	1	2	5	9	2	2	17	1	9	1	2	1	1
1060	2	8	2	7	5	6	5	5	3	4	3	3	4	2	4	1	3	4	3	3	1	3	1	5	1	1	1	2	1	1
1070	1	8	2	7	6	6	23	5	3	4	5	3	2	2	9	1	2	9	3	16	1	3	1	23	1	1	1	9	1	1
1080	3	8	3	7	6	6	2	5	3	4	1	3	2	2	5	1	1	16	3	1	1	3	1	20	1	1	1	3	1	1
1090	2	8	2	7	5	6	5	5	4	4	1	3	2	2	2	1	1	2	4	1	1	4	1	5	1	1	1	2	1	1
1100	3	8	2	7	1	6	1	5	2	4	3	3	6	2	6	1	1	6	2	10	9	2	1	1	1	9	1	11	1	1
1110	1	8	9	7	6	6	5	5	2	4	5	3	2	2	2	1	5	2	2	5	9	2	1	23	1	9	1	9	1	1
1120	2	8	2	7	3	6	17	5	2	4	1	3	2	2	2	1	1	2	2	1	1	2	1	17	1	1	1	2	1	1
1130	3	8	3	7	1	6	12	5	3	4	11	3	1	2	15	1	2	15	3	11	1	3	1	12	1	1	1	3	1	1
1140	2	8	2	7	5	6	5	5	2	4	4	3	1	2	9	1	4	9	2	4	1	2	1	5	1	1	1	2	1	1
1150	2	8	2	7	4	6	4	5	3	4	13	3	1	2	12	1	2	12	3	13	9	3	1	4	1	9	1	2	1	1
1160	1	8	9	7	2	6	1	5	1	4	5	3	2	2	2	1	5	2	4	5	1	12	1	9	1	1	1	9	1	1
1170	1	8	1	7	10	6	3	5	1	4	2	3	2	2	1	1	2	9	3	2	1	10	1	10	1	1	1	1	1	1
1180	9	8	2	7	6	6	1	5	3	4	3	3	1	2	1	1	3	1	3	3	1	3	1	19	1	1	1	9	1	1
1190	3	8	3	7	5	6	5	5	1	4	2	3	6	2	6	1	2	6	1	2	1	1	1	5	1	1	1	3	1	1
1200	2	8	2	7	23	6	6	5	4	4	1	3	4	2	12	1	1	12	4	1	1	4	1	23	1	1	1	2	1	1
1210	2	8	2	7	6	6	6	5	3	4	2	3	2	2	1	1	2	9	3	2	1	3	1	6	1	1	1	2	1	1
1220	9	8	2	7	6	6	6	5	1	4	3	3	9	2	1	1	3	9	1	3	1	1	1	6	1	1	1	9	1	1
1230	2	8	2	7	3	6	26	5	9	4	4	3	16	2	5	1	13	16	1	13	1	9	1	26	1	1	1	2	1	1
1240	10	8	3	7	22	6	4	5	2	4	2	3	5	2	5	1	2	5	2	2	9	2	2	22	1	9	1	10	1	1
1250	2	8	2	7	5	6	5	5	2	4	5	3	2	2	2	1	5	2	2	5	1	2	1	5	1	1	1	2	1	1
1260	1	8	1	7	6	6	6	5	1	4	1	3	2	2	2	1	1	2	12	1	1	12	1	6	1	1	1	1	1	1
1270	1	8	1	7	6	6	3	5	4	4	5	3	2	2	2	1	5	2	4	5	1	4	1	21	1	1	1	1	1	1
1280	1	8	2	7	1	6	5	5	1	4	3	3	2	2	2	1	3	2	1	3	1	1	2	15	1	9	1	9	1	1
1290	1	8	1	7	6	6	23	5	2	4	13	3	2	2	2	1	4	2	2	13	1	2	1	23	1	1	1	1	1	1
1300	1	8	1	7	6	6	6	5	1	4	1	3	2	2	2	1	1	2	1	1	1	1	1	6	1	1	1	1	1	1
1310	2	8	2	7	3	6	6	5	1	4	4	3	1	2	1	1	4	1	1	4	1	1	2	21	1	9	1	2	1	1
1320	3	8	3	7	6	6	1	5	2	4	5	3	1	2	6	1	5	19	2	5	1	2	1	19	1	1	1	3	1	1
1330	1	8	1	7	6	6	6	5	2	4	5	3	2	2	5	1	5	16	2	5	1	2	1	6	1	1	1	1	1	1
1340	1	8	1	7	7	6	28	5	2	4	5	3	5	2	16	1	5	16	2	5	1	2	1	28	1	1	1	1	1	1
1350	3	8	3	7	1	6	1	5	2	4	12	3	2	2	2	1	4	2	2	12	1	2	1	1	1	1	1	3	1	1
1360	2	8	2	7	6	6	6	5	9	4	4	3	2	2	2	1	2	2	2	13	1	9	1	6	1	1	1	2	1	1
1370	1	8	1	7	6	6	3	5	1	4	5	3	9	2	2	1	5	9	1	5	1	1	2	21	1	9	1	1	1	1
1380	1	8	9	7	5	6	5	5	2	4	1	3	5	2	5	1	1	5	2	1	1	2	1	5	1	1	1	9	1	1
1390	2	8	2	7	5	6	5	5	2	4	1	3	1	2	1	1	1	1	2	1	2	2	2	5	1	2	1	2	1	1
1400	1	8	1	7	6	6	2	5	1	4	2	3	2	2	5	1	2	16	1	2	2	1	9	20	1	9	1	1	1	1
1410	2	8	2	7	6	6	6	5	4	4	4	3	5	2	5	1	4	5	1	4	1	12	1	6	1	1	1	2	1	1
1420	9	8	1	7	6	6	21	5	3	4	3	3	1	2	15	1	3	15	3	3	1	3	1	21	1	1	1	9	1	1
1430	3	8	3	7	6	6	5	5	1	4	1	3	1	2	1	1	1	1	1	1	1	1	1	23	1	1	1	3	1	1
1440	2	8	2	7	11	6	2	5	2	4	3	3	1	2	1	1	1	1	2	10	9	2	2	11	1	9	1	2	1	1
1450	2	8	2	7	3	6	3	5	1	4	4	3	16	2	5	1	4	16	1	4	1	1	1	3	1	1	1	2	1	1
1460	2	8	2	7	6	6	3	5	2	4	3	3	2	2	2	1	3	2	4	3	1	13	1	21	1	1	1	2	1	1
1470	2	8	1	7	23	6	6	5	2	4	4	3	2	2	2	1	1	2	2	12	1	2	1	23	1	1	1	9	1	1
1480	3	8	3	7	1	6	1	5	1	4	1	3	1	2	1	1	1	1	1	1	1	1	1	1	1	1	1	3	1	1
1490	9	8	1	7	6	6	3	5	2	4	4	3	5	2	5	1	4	5	2	4	2	2	1	21	1	9	1	9	1	1
1500	2	8	2	7	23	6	5	5	2	4	5	3	1	2	5	1	16	15	2	16	1	2	1	23	1	1	1	2	1	1
1510	1	8	1	7	5	6	5	5	3	4	5	3	18	2	4	1	5	18	3	5	1	3	1	5	1	1	1	1	1	1
1520	2	8	2	7	6	6	6	5	4	4	5	3	5	2	5	1	5	5	4	5	1	4	1	6	1	1	1	2	1	1
1530	1	8	1	7	5	6	15	5	1	4	3	3	1	2	1	1	3	1	1	3	1	1	1	15	1	1	1	1	1	1
1540	3	8	1	7	6	6	5	5	1	4	3	3	2	2	9	1	3	9	4	3	1	12	1	23	1	1	1	10	1	1
1550	2	8	2	7	1	6	1	5	9	4	2	3	1	2	1	1	2	1	2	2	9	9	1	1	1	9	1	2	1	1
1560	1	8	1	7	20	6	2	5	2	4	5	3	2	2	2	1	1	2	2	15	1	2	1	20	1	1	1	1	1	1
1570	2	8	2	7	6	6	6	5	3	4	5	3	2	2	2	1	5	2	3	5	1	3	1	6	1	1	1	2	1	1
1580	1	8	1	7	5	6	18	5	1	4	2	3	5	2	15	1	2	15	1	2	1	1	1	18	1	1	1	1	1	1
1590	3	8	3	7	2	6	2	5	2	4	5	3	1	2	1	1	5	1	2	5	1	2	1	2	1	1	1	3	1	1
1600	3	8	3	7	6	6	4	5	4	4	1	3	1	2	1	1	5	1	4	15	1	4	1	22	1	1	1	3	1	1
1610	2	8	2	7	23	6	6	5	1	4	1	3	13	2	4	1	1	13	1	1	1	1	1	23	1	1	1	2	1	1
1620	2	8	2	7	16	6	5	5	3	4	5	3	1	2	1	1	5	1	3	5	1	3	1	16	1	1	1	2	1	1
1630	1	8	1	7	6	6	6	5	4	4	2	3	2	2	2	1	2	2	4	2	1	4	1	6	1	1	1	1	1	1
1640	1	8	1	7	6	6	6	5	1	4	4	3	1	2	5	1	4	15	1	4	1	1	1	6	1	1	1	1	1	1
1650	1	8	1	7	1	6	15	5	9	4	1	3	1	2	1	1	1	1	1	1	1	9	1	15	1	1	1	1	1	1
1660	2	8	2	7	3	6	6	5	1	4	4	3	2	2	5	1	5	16	1	18	1	1	1	21	1	1	1	2	1	1
1670	3	8	3	7	6	6	6	5	3	4	1	3	1	2	1	1	1	1	3	1	1	3	1	6	1	1	1	3	1	1
1680	1	8	9	7	5	6	5	5	9	4	1	3	2	2	2	1	1	2	1	1	1	9	1	5	1	1	1	9	1	1
1690	1	8	1	7	5	6	5	5	2	4	2	3	2	2	2	1	2	2	2	2	1	2	1	5	1	1	1	1	1	1
1700	2	8	2	7	18	6	5	5	11	4	1	3	5	2	15	1	1	15	3	1	1	11	9	18	1	9	1	2	1	1
1710	1	8	1	7	22	6	4	5	1	4	5	3	2	2	1	1	5	9	1	5	9	1	2	22	1	9	1	1	1	1
1720	1	8	1	7	19	6	1	5	2	4	5	3	1	2	1	1	5	1	2	5	1	2	1	19	1	1	1	1	1	1
1730	2	8	2	7	6	6	6	5	1	4	1	3	6	2	6	1	1	6	1	1	2	1	2	6	1	2	1	2	1	1
1740	1	8	1	7	6	6	6	5	1	4	4	3	1	2	1	1	4	1	1	4	1	1	1	6	1	1	1	1	1	1
1750	3	8	3	7	1	6	1	5	2	4	2	3	3	2	3	1	13	3	11	13	2	11	2	1	1	2	1	3	1	1
1760	1	8	1	7	21	6	6	5	2	4	4	3	4	2	4	1	4	4	1	4	1	9	1	21	1	1	1	1	1	1
1770	2	8	2	7	5	6	5	5	3	4	5	3	2	2	16	1	5	16	3	5	1	3	1	5	1	1	1	2	1	1
1780	3	8	3	7	6	6	6	5	3	4	16	3	2	2	2	1	5	2	3	16	1	3	1	6	1	1	1	3	1	1
1790	3	8	3	7	5	6	5	5	2	4	17	3	2	2	2	1	5	2	2	17	1	2	1	5	1	1	1	3	1	1
1800	1	8	1	7	6	6	6	5	2	4	1	3	2	2	2	1	1	2	9	1	1	9	1	6	1	1	1	1	1	1
1810	9	8	1	7	6	6	6	5	1	4	3	3	18	2	5	1	17	18	1	17	1	1	1	6	1	1	1	9	1	1
1820	3	8	11	7	6	6	6	5	2	4	2	3	1	2	9	1	2	9	2	2	1	2	1	6	1	1	1	11	1	1
1830	2	8	2	7	1	6	1	5	2	4	4	3	4	2	1	1	4	12	2	4	1	2	1	1	1	1	1	2	1	1
1840	2	8	2	7	5	6	5	5	1	4	5	3	1	2	1	1	5	1	1	5	1	1	1	5	1	1	1	2	1	1
1850	2	8	2	7	5	6	5	5	2	4	5	3	2	2	1	1	5	9	2	5	1	2	1	5	1	1	1	2	1	1
1860	2	8	2	7	5	6	5	5	2	4	3	3	3	2	3	1	3	3	2	3	1	2	1	5	1	1	1	2	1	1
1870	1	8	1	7	10	6	1	5	2	4	3	3	2	2	2	1	3	2	2	3	1	2	1	10	1	1	1	1	1	1
1880	2	8	2	7	5	6	5	5	2	4	1	3	5	2	5	1	1	5	2	1	1	2	1	5	1	1	1	2	1	1
1890	2	8	2	7	2	6	1	5	4	4	15	3	2	2	9	1	5	9	4	15	1	4	1	9	1	1	1	2	1	1
1900	3	8	3	7	4	6	4	5	2	4	1	3	5	2	5	1	1	5	2	1	1	2	1	4	1	1	1	3	1	1
1910	1	8	2	7	6	6	3	5	1	4	5	3	2	2	5	1	5	16	1	5	1	1	1	21	1	1	1	9	1	1
1920	1	8	1	7	1	6	1	5	3	4	15	3	2	2	2	1	5	2	3	15	1	3	1	1	1	1	1	1	1	1
1930	2	8	2	7	6	6	6	5	1	4	3	3	2	2	2	1	3	2	1	3	1	1	1	6	1	1	1	2	1	1
1940	2	8	2	7	5	6	5	5	3	4	2	3	2	2	9	1	2	9	3	2	1	3	1	5	1	1	1	2	1	1
1950	2	8	2	7	5	6	5	5	10	4	1	3	2	2	2	1	15	2	1	15	1	10	1	5	1	1	1	2	1	1
1960	1	8	1	7	3	6	17	5	2	4	1	3	2	2	2	1	1	2	9	1	1	9	1	17	1	1	1	1	1	1
1970	2	8	2	7	6	6	6	5	9	4	5	3	2	2	16	1	3	16	2	17	1	9	1	6	1	1	1	2	1	1
1980	2	8	2	7	6	6	2	5	1	4	11	3	1	2	1	1	3	1	1	11	1	1	1	20	1	1	1	2	1	1
1990	1	8	1	7	5	6	5	5	4	4	3	3	2	2	1	1	3	9	4	3	1	4	1	5	1	1	1	1	1	1
2000	2	8	2	7	4	6	18	5	1	4	1	3	1	2	1	1	1	1	1	1	1	1	1	18	1	1	1	2	1	1
2010	2	8	1	7	1	6	1	5	4	4	1	3	2	2	1	1	5	9	1	15	1	12	1	1	1	1	1	9	1	1
2020	2	8	2	7	3	6	3	5	11	4	1	3	1	2	1	1	1	1	3	1	1	11	1	3	1	1	1	2	1	1
2030	3	8	3	7	5	6	5	5	1	4	3	3	1	2	1	1	3	1	1	3	2	1	2	5	1	2	1	3	1	1
2040	1	8	1	7	1	6	1	5	3	4	2	3	3	2	3	1	1	3	2	9	1	11	1	1	1	1	1	1	1	1
2050	2	8	2	7	1	6	5	5	2	4	2	3	2	2	1	1	2	9	2	2	1	2	1	15	1	1	1	2	1	1
2060	3	8	3	7	5	6	5	5	1	4	2	3	2	2	2	1	2	2	1	2	9	1	1	5	1	9	1	3	1	1
2070	9	8	2	7	2	6	5	5	1	4	2	3	1	2	1	1	2	1	1	2	1	1	1	16	1	1	1	9	1	1
2080	10	8	3	7	23	6	5	5	2	4	1	3	1	2	1	1	1	1	9	1	1	9	1	23	1	1	1	10	1	1
2090	2	8	1	7	1	6	1	5	1	4	5	3	5	2	6	1	5	23	1	5	2	1	2	1	1	2	1	9	1	1
2100	1	8	1	7	6	6	5	5	1	4	2	3	2	2	1	1	2	9	1	2	1	1	1	23	1	1	1	1	1	1
2110	3	8	3	7	6	6	23	5	2	4	2	3	1	2	1	1	2	1	2	2	1	2	1	23	1	1	1	3	1	1
2120	9	8	2	7	6	6	6	5	1	4	2	3	9	2	1	1	16	9	1	16	1	1	1	6	1	1	1	9	1	1
2130	2	8	1	7	6	6	19	5	4	4	5	3	4	2	4	1	5	4	4	5	1	4	1	19	1	1	1	9	1	1
2140	3	8	3	7	6	6	6	5	1	4	5	3	15	2	1	1	1	15	1	15	1	1	1	6	1	1	1	3	1	1
2150	1	8	1	7	6	6	2	5	2	4	1	3	5	2	5	1	1	5	2	1	1	2	1	20	1	1	1	1	1	1
2160	2	8	2	7	4	6	5	5	1	4	3	3	2	2	2	1	3	2	1	3	1	1	1	18	1	1	1	2	1	1
2170	1	8	1	7	5	6	5	5	2	4	5	3	2	2	1	1	5	9	2	5	1	2	1	5	1	1	1	1	1	1
2180	2	8	2	7	6	6	6	5	4	4	1	3	1	2	1	1	12	1	4	12	1	4	1	6	1	1	1	2	1	1
2190	1	8	1	7	2	6	2	5	2	4	5	3	9	2	2	1	15	9	3	15	1	11	1	2	1	1	1	1	1	1
2200	3	8	3	7	5	6	5	5	9	4	2	3	15	2	1	1	2	15	2	2	1	9	1	5	1	1	1	3	1	1
2210	11	8	2	7	6	6	6	5	1	4	5	3	5	2	15	1	5	15	12	5	9	12	1	6	1	9	1	11	1	1
2220	3	8	3	7	6	6	6	5	1	4	4	3	1	2	12	1	18	12	1	18	1	1	1	6	1	1	1	3	1	1
2230	2	8	3	7	2	6	6	5	1	4	2	3	1	2	1	1	2	1	2	2	2	9	2	20	1	2	1	11	1	1
2240	2	8	2	7	2	6	2	5	1	4	5	3	2	2	2	1	5	2	1	5	2	1	2	2	1	2	1	2	1	1
2250	2	8	2	7	23	6	5	5	4	4	3	3	5	2	5	1	3	5	13	3	1	13	1	23	1	1	1	2	1	1
2260	1	8	1	7	6	6	5	5	1	4	5	3	1	2	1	1	5	1	1	5	1	1	1	23	1	1	1	1	1	1
2270	1	8	1	7	3	6	5	5	2	4	4	3	5	2	15	1	1	15	2	12	1	2	1	17	1	1	1	1	1	1
2280	2	8	2	7	6	6	6	5	1	4	1	3	1	2	1	1	1	1	9	1	2	9	2	6	1	2	1	2	1	1
2290	3	8	3	7	6	6	6	5	4	4	5	3	5	2	23	1	5	23	4	5	1	4	1	6	1	1	1	3	1	1
2300	1	8	1	7	5	6	5	5	2	4	5	3	2	2	5	1	5	16	2	5	1	2	1	5	1	1	1	1	1	1
2310	2	8	2	7	5	6	5	5	3	4	5	3	2	2	2	1	5	2	1	5	2	10	1	5	1	9	1	2	1	1
2320	1	8	1	7	5	6	5	5	2	4	2	3	1	2	15	1	2	15	2	2	1	2	1	5	1	1	1	1	1	1
2330	3	8	3	7	6	6	23	5	3	4	1	3	1	2	15	1	1	15	3	1	1	3	1	23	1	1	1	3	1	1
2340	3	8	3	7	5	6	5	5	11	4	4	3	5	2	5	1	4	5	3	4	2	11	2	5	1	2	1	3	1	1
2350	2	8	2	7	1	6	1	5	4	4	2	3	6	2	6	1	2	6	4	2	9	4	1	1	1	9	1	2	1	1
2360	1	8	1	7	4	6	4	5	3	4	5	3	2	2	1	1	5	9	3	5	2	3	9	4	1	9	1	1	1	1
2370	2	8	2	7	3	6	3	5	1	4	1	3	1	2	1	1	1	1	1	1	1	1	1	3	1	1	1	2	1	1
2380	1	8	1	7	3	6	14	5	2	4	5	3	5	2	5	1	5	5	4	5	1	13	1	14	1	1	1	1	1	1
2390	1	8	1	7	6	6	21	5	2	4	11	3	2	2	6	1	3	20	2	11	2	2	2	21	1	2	1	1	1	1
2400	2	8	3	7	20	6	2	5	3	4	3	3	3	2	3	1	3	3	1	3	2	10	2	20	1	2	1	11	1	1
2410	1	8	1	7	23	6	5	5	10	4	1	3	3	2	10	1	1	10	1	1	1	10	1	23	1	1	1	1	1	1
2420	1	8	3	7	6	6	19	5	4	4	2	3	1	2	1	1	2	1	4	2	1	4	1	19	1	1	1	10	1	1
2430	3	8	3	7	5	6	1	5	1	4	5	3	5	2	1	1	17	15	3	17	1	10	1	15	1	1	1	3	1	1
2440	1	8	1	7	1	6	2	5	1	4	5	3	1	2	1	1	5	1	1	5	1	1	1	9	1	1	1	1	1	1
2450	3	8	3	7	23	6	5	5	3	4	4	3	2	2	9	1	18	9	3	18	1	3	1	23	1	1	1	3	1	1
2460	10	8	1	7	1	6	5	5	4	4	4	3	1	2	1	1	4	1	4	4	1	4	1	15	1	1	1	10	1	1
2470	1	8	1	7	5	6	15	5	4	4	2	3	2	2	5	1	2	16	4	2	1	4	1	15	1	1	1	1	1	1
2480	2	8	2	7	7	6	29	5	3	4	4	3	3	2	3	1	4	3	3	4	1	3	1	29	1	1	1	2	1	1
2490	2	8	2	7	3	6	3	5	2	4	5	3	1	2	1	1	5	1	2	5	1	2	1	3	1	1	1	2	1	1
2500	2	8	2	7	5	6	5	5	4	4	3	3	5	2	15	1	11	15	4	11	1	4	1	5	1	1	1	2	1	1
2510	1	8	9	7	1	6	1	5	13	4	4	3	2	2	9	1	4	9	2	4	2	13	2	1	1	2	1	9	1	1
2520	2	8	2	7	6	6	5	5	2	4	1	3	1	2	1	1	1	1	2	1	2	2	2	23	1	2	1	2	1	1
2530	1	8	9	7	21	6	6	5	3	4	5	3	22	2	4	1	5	22	3	5	2	3	2	21	1	2	1	9	1	1
2540	2	8	2	7	6	6	6	5	9	4	1	3	2	2	1	1	1	9	1	1	1	9	9	6	1	9	1	2	1	1
2550	2	8	2	7	9	6	1	5	1	4	1	3	2	2	2	1	1	2	1	1	1	1	1	9	1	1	1	2	1	1
2560	1	8	1	7	6	6	5	5	2	4	3	3	2	2	2	1	3	2	2	3	1	2	1	23	1	1	1	1	1	1
2570	1	8	2	7	18	6	5	5	1	4	3	3	15	2	1	1	3	15	1	3	2	1	1	18	1	9	1	9	1	1
2580	1	8	1	7	6	6	6	5	3	4	1	3	5	2	5	1	1	5	3	1	2	3	9	6	1	9	1	1	1	1
2590	1	8	1	7	4	6	4	5	2	4	1	3	4	2	4	1	1	4	9	1	2	9	2	4	1	2	1	1	1	1
2600	1	8	1	7	6	6	6	5	1	4	5	3	5	2	5	1	5	5	1	5	1	1	1	6	1	1	1	1	1	1
2610	2	8	2	7	3	6	3	5	4	4	2	3	5	2	5	1	2	5	4	2	2	4	1	3	1	9	1	2	1	1
2620	2	8	1	7	5	6	5	5	3	4	1	3	1	2	1	1	1	1	3	1	1	3	1	5	1	1	1	9	1	1
2630	9	8	1	7	1	6	1	5	2	4	2	3	2	2	2	1	2	2	2	2	1	2	1	1	1	1	1	9	1	1
2640	3	8	3	7	6	6	5	5	4	4	2	3	2	2	2	1	1	2	4	9	1	4	1	23	1	1	1	3	1	1
2650	2	8	2	7	6	6	23	5	1	4	1	3	2	2	9	1	1	9	2	1	1	9	1	23	1	1	1	2	1	1
2660	1	8	1	7	3	6	3	5	1	4	5	3	2	2	2	1	5	2	1	5	9	1	1	3	1	9	1	1	1	1
2670	1	8	2	7	6	6	5	5	1	4	1	3	1	2	15	1	1	15	1	1	1	1	1	23	1	1	1	9	1	1
2680	2	8	2	7	5	6	4	5	3	4	5	3	1	2	1	1	5	1	3	5	2	3	2	18	1	2	1	2	1	1
2690	1	8	1	7	3	6	17	5	1	4	4	3	2	2	2	1	2	2	1	13	1	1	1	17	1	1	1	1	1	1
2700	3	8	3	7	6	6	6	5	4	4	14	3	1	2	1	1	4	1	4	14	2	4	2	6	1	2	1	3	1	1
2710	2	8	2	7	5	6	5	5	3	4	1	3	1	2	12	1	4	12	3	12	1	3	1	5	1	1	1	2	1	1
2720	3	8	3	7	5	6	5	5	1	4	5	3	1	2	1	1	5	1	1	5	1	1	1	5	1	1	1	3	1	1
2730	1	8	1	7	22	6	6	5	2	4	2	3	2	2	2	1	2	2	1	2	1	9	1	22	1	1	1	1	1	1
2740	2	8	2	7	5	6	5	5	2	4	2	3	2	2	2	1	2	2	3	2	1	11	2	5	1	9	1	2	1	1
2750	2	8	2	7	4	6	4	5	1	4	12	3	1	2	1	1	1	1	1	12	9	1	1	4	1	9	1	2	1	1
2760	1	8	1	7	6	6	6	5	3	4	3	3	2	2	2	1	3	2	3	3	1	3	1	6	1	1	1	1	1	1
2770	3	8	3	7	5	6	23	5	1	4	5	3	12	2	1	1	5	12	1	5	1	1	1	23	1	1	1	3	1	1
2780	1	8	1	7	5	6	5	5	3	4	2	3	5	2	1	1	2	15	3	2	1	3	1	5	1	1	1	1	1	1
2790	3	8	3	7	6	6	5	5	1	4	3	3	2	2	1	1	3	9	1	3	2	1	1	23	1	9	1	3	1	1
2800	1	8	1	7	5	6	5	5	2	4	5	3	9	2	2	1	2	9	2	16	1	2	1	5	1	1	1	1	1	1
2810	1	8	9	7	5	6	5	5	1	4	1	3	2	2	2	1	1	2	1	1	1	1	1	5	1	1	1	9	1	1
2820	3	8	2	7	4	6	4	5	3	4	2	3	3	2	3	1	2	3	3	2	1	3	1	4	1	1	1	11	1	1
2830	2	8	2	7	7	6	27	5	3	4	5	3	5	2	5	1	15	5	3	15	1	3	1	27	1	1	1	2	1	1
2840	2	8	2	7	4	6	12	5	1	4	12	3	5	2	16	1	4	16	1	12	1	1	9	12	1	9	1	2	1	1
2850	2	8	2	7	5	6	5	5	2	4	3	3	2	2	2	1	3	2	2	3	1	2	1	5	1	1	1	2	1	1
2860	3	8	1	7	4	6	22	5	1	4	1	3	1	2	1	1	1	1	3	1	1	10	1	22	1	1	1	10	1	1
2870	3	8	3	7	3	6	17	5	11	4	9	3	9	2	1	1	1	9	2	9	1	11	1	17	1	1	1	3	1	1
2880	1	8	1	7	6	6	6	5	3	4	3	3	3	2	3	1	3	3	3	3	1	3	1	6	1	1	1	1	1	1
2890	1	8	1	7	16	6	5	5	2	4	5	3	16	2	2	1	5	16	2	5	1	2	1	16	1	1	1	1	1	1
2900	3	8	3	7	1	6	1	5	2	4	4	3	3	2	10	1	4	10	2	4	1	2	1	1	1	1	1	3	1	1
2910	10	8	1	7	6	6	6	5	2	4	2	3	1	2	1	1	5	1	2	16	2	2	2	6	1	2	1	10	1	1
2920	2	8	2	7	6	6	23	5	3	4	3	3	5	2	16	1	3	16	3	3	1	3	1	23	1	1	1	2	1	1
2930	1	8	1	7	23	6	5	5	3	4	10	3	2	2	9	1	1	9	3	10	1	3	1	23	1	1	1	1	1	1
2940	2	8	2	7	6	6	6	5	2	4	1	3	2	2	5	1	1	16	2	1	1	2	1	6	1	1	1	2	1	1
2950	3	8	3	7	1	6	1	5	1	4	2	3	2	2	2	1	2	2	1	2	1	1	1	1	1	1	1	3	1	1
2960	1	8	1	7	6	6	6	5	1	4	4	3	1	2	15	1	13	15	1	13	1	1	1	6	1	1	1	1	1	1
2970	1	8	9	7	1	6	10	5	3	4	18	3	2	2	2	1	5	2	3	18	1	3	1	10	1	1	1	9	1	1
2980	2	8	2	7	5	6	5	5	4	4	10	3	5	2	5	1	1	5	4	10	1	4	1	5	1	1	1	2	1	1
2990	1	8	1	7	2	6	3	5	3	4	16	3	1	2	1	1	2	1	3	16	2	3	2	11	1	2	1	1	1	1
3000	3	8	3	7	16	6	5	5	3	4	12	3	2	2	4	1	4	13	3	12	1	3	1	16	1	1	1	3	1	1
3010	1	8	1	7	2	6	2	5	1	4	16	3	1	2	5	1	5	15	1	16	1	1	1	2	1	1	1	1	1	1
3020	1	8	1	7	6	6	6	5	1	4	3	3	2	2	2	1	5	2	1	17	1	1	1	6	1	1	1	1	1	1
3030	2	8	2	7	1	6	15	5	1	4	1	3	2	2	16	1	1	16	1	1	1	1	1	15	1	1	1	2	1	1
3040	1	8	1	7	7	6	7	5	2	4	4	3	4	2	4	1	4	4	9	4	1	9	1	7	1	1	1	1	1	1
3050	3	8	3	7	5	6	5	5	2	4	1	3	5	2	5	1	1	5	2	1	1	2	1	5	1	1	1	3	1	1
3060	1	8	1	7	6	6	6	5	2	4	1	3	9	2	1	1	1	9	9	1	1	9	1	6	1	1	1	1	1	1
3070	1	8	1	7	5	6	5	5	1	4	5	3	1	2	1	1	15	1	1	15	1	1	1	5	1	1	1	1	1	1
3080	2	8	2	7	2	6	16	5	2	4	1	3	1	2	1	1	1	1	13	1	1	13	1	16	1	1	1	2	1	1
3090	3	8	3	7	1	6	1	5	1	4	5	3	5	2	1	1	1	15	1	15	1	1	1	1	1	1	1	3	1	1
3100	2	8	2	7	5	6	5	5	2	4	5	3	5	2	5	1	5	5	1	5	1	9	1	5	1	1	1	2	1	1
3110	2	8	2	7	2	6	5	5	1	4	5	3	6	2	19	1	5	19	1	5	2	1	2	16	1	2	1	2	1	1
3120	2	8	2	7	2	6	2	5	2	4	13	3	3	2	3	1	4	3	2	13	1	2	1	2	1	1	1	2	1	1
3130	9	8	2	7	5	6	5	5	2	4	3	3	2	2	1	1	3	9	2	3	1	2	1	5	1	1	1	9	1	1
3140	2	8	9	7	22	6	4	5	3	4	3	3	9	2	1	1	14	9	1	14	1	10	1	22	1	1	1	9	1	1
3150	3	8	3	7	23	6	5	5	3	4	15	3	16	2	5	1	1	16	3	15	1	3	1	23	1	1	1	3	1	1
3160	2	8	2	7	6	6	6	5	1	4	5	3	2	2	2	1	5	2	1	5	1	1	1	6	1	1	1	2	1	1
3170	1	8	1	7	3	6	3	5	2	4	1	3	2	2	2	1	1	2	2	1	1	2	1	3	1	1	1	1	1	1
3180	1	8	1	7	3	6	3	5	2	4	3	3	3	2	3	1	3	3	2	3	1	2	1	3	1	1	1	1	1	1
3190	1	8	1	7	6	6	23	5	1	4	2	3	6	2	6	1	5	6	1	16	1	1	1	23	1	1	1	1	1	1
3200	2	8	2	7	6	6	6	5	2	4	4	3	16	2	5	1	4	16	2	4	2	2	2	6	1	2	1	2	1	1
3210	1	8	1	7	4	6	4	5	3	4	5	3	2	2	2	1	15	2	3	15	1	3	1	4	1	1	1	1	1	1
3220	3	8	3	7	1	6	5	5	2	4	1	3	2	2	20	1	1	20	2	1	1	2	1	15	1	1	1	3	1	1
3230	1	8	1	7	5	6	5	5	1	4	4	3	2	2	2	1	4	2	3	4	9	10	1	5	1	9	1	1	1	1
3240	2	8	2	7	3	6	17	5	1	4	3	3	1	2	5	1	3	15	1	3	9	1	2	17	1	9	1	2	1	1
3250	1	8	1	7	5	6	5	5	2	4	5	3	3	2	3	1	5	3	2	5	1	2	1	5	1	1	1	1	1	1
3260	2	8	2	7	2	6	5	5	2	4	5	3	2	2	2	1	5	2	2	5	1	2	1	16	1	1	1	2	1	1
3270	1	8	1	7	3	6	5	5	2	4	4	3	2	2	2	1	2	2	1	13	1	9	2	17	1	9	1	1	1	1
3280	3	8	3	7	6	6	6	5	2	4	2	3	2	2	2	1	2	2	2	2	2	2	2	6	1	2	1	3	1	1
3290	1	8	1	7	7	6	28	5	1	4	1	3	2	2	9	1	1	9	1	1	1	1	1	28	1	1	1	1	1	1
3300	1	8	1	7	3	6	3	5	9	4	1	3	1	2	1	1	9	1	1	9	1	9	1	3	1	1	1	1	1	1
3310	2	8	2	7	6	6	1	5	3	4	13	3	2	2	2	1	4	2	10	13	1	10	1	19	1	1	1	2	1	1
3320	3	8	3	7	5	6	5	5	1	4	3	3	5	2	6	1	2	23	1	11	1	1	1	5	1	1	1	3	1	1
3330	1	8	1	7	2	6	2	5	4	4	5	3	5	2	15	1	5	15	12	5	1	12	1	2	1	1	1	1	1	1
3340	9	8	2	7	20	6	2	5	4	4	3	3	1	2	15	1	3	15	14	3	1	14	1	20	1	1	1	9	1	1
3350	1	8	1	7	3	6	3	5	2	4	5	3	2	2	2	1	5	2	9	5	1	9	1	3	1	1	1	1	1	1
3360	2	8	2	7	1	6	1	5	2	4	5	3	16	2	2	1	16	16	2	16	2	2	2	1	1	2	1	2	1	1
3370	3	8	3	7	5	6	5	5	2	4	4	3	2	2	2	1	4	2	2	4	1	2	1	5	1	1	1	3	1	1
3380	3	8	3	7	2	6	2	5	2	4	2	3	4	2	4	1	2	4	3	2	1	11	1	2	1	1	1	3	1	1
3390	2	8	1	7	6	6	5	5	3	4	1	3	1	2	1	1	5	1	3	15	1	3	1	23	1	1	1	9	1	1
3400	1	8	1	7	2	6	2	5	1	4	1	3	1	2	1	1	15	1	1	15	1	1	1	2	1	1	1	1	1	1
3410	9	8	2	7	12	6	4	5	2	4	2	3	4	2	4	1	2	4	2	2	1	2	1	12	1	1	1	9	1	1
3420	2	8	2	7	5	6	5	5	2	4	18	3	1	2	1	1	5	1	2	18	2	2	2	5	1	2	1	2	1	1
3430	11	8	3	7	6	6	20	5	1	4	5	3	1	2	15	1	5	15	1	5	1	1	1	20	1	1	1	11	1	1
3440	1	8	1	7	2	6	16	5	2	4	4	3	3	2	3	1	4	3	2	4	1	2	1	16	1	1	1	1	1	1
3450	2	8	2	7	5	6	5	5	2	4	1	3	2	2	2	1	2	2	1	9	1	9	1	5	1	1	1	2	1	1
3460	2	8	2	7	5	6	2	5	1	4	1	3	1	2	1	1	1	1	1	1	1	1	1	16	1	1	1	2	1	1
3470	1	8	1	7	2	6	16	5	12	4	1	3	1	2	1	1	1	1	4	1	1	12	1	16	1	1	1	1	1	1
3480	3	8	3	7	6	6	19	5	3	4	10	3	2	2	2	1	1	2	3	10	9	3	2	19	1	9	1	3	1	1
3490	1	8	1	7	1	6	1	5	1	4	15	3	1	2	1	1	5	1	2	15	1	9	1	1	1	1	1	1	1	1
3500	2	8	2	7	3	6	6	5	4	4	2	3	2	2	1	1	2	9	4	2	1	4	1	21	1	1	1	2	1	1
3510	2	8	1	7	6	6	5	5	2	4	5	3	2	2	1	1	5	9	1	5	1	9	1	23	1	1	1	9	1	1
3520	1	8	1	7	2	6	2	5	2	4	5	3	2	2	2	1	5	2	4	5	1	13	1	2	1	1	1	1	1	1
3530	3	8	3	7	6	6	6	5	1	4	2	3	9	2	1	1	2	9	1	2	1	1	1	6	1	1	1	3	1	1
3540	1	8	1	7	6	6	5	5	3	4	2	3	4	2	1	1	2	12	3	2	1	3	1	23	1	1	1	1	1	1
3550	3	8	3	7	2	6	2	5	1	4	5	3	6	2	6	1	5	6	1	5	1	1	1	2	1	1	1	3	1	1
3560	1	8	1	7	6	6	6	5	1	4	1	3	15	2	1	1	12	15	9	12	2	9	2	6	1	2	1	1	1	1
3570	1	8	1	7	22	6	4	5	11	4	3	3	1	2	1	1	3	1	2	3	1	11	1	22	1	1	1	1	1	1
3580	1	8	9	7	5	6	1	5	2	4	5	3	2	2	2	1	5	2	2	5	1	2	1	15	1	1	1	9	1	1
3590	1	8	1	7	5	6	5	5	4	4	2	3	2	2	2	1	2	2	4	2	1	4	1	5	1	1	1	1	1	1
3600	1	8	1	7	3	6	17	5	4	4	2	3	2	2	9	1	16	9	4	16	1	4	2	17	1	9	1	1	1	1
3610	1	8	1	7	6	6	6	5	2	4	4	3	1	2	1	1	4	1	2	4	1	2	2	6	1	9	1	1	1	1
3620	2	8	2	7	1	6	5	5	9	4	4	3	2	2	2	1	4	2	2	4	1	9	1	15	1	1	1	2	1	1
3630	2	8	2	7	5	6	5	5	2	4	3	3	1	2	5	1	3	15	2	3	1	2	1	5	1	1	1	2	1	1
3640	1	8	1	7	5	6	5	5	4	4	4	3	9	2	1	1	4	9	4	4	9	4	1	5	1	9	1	1	1	1
3650	2	8	2	7	6	6	6	5	1	4	2	3	1	2	1	1	2	1	2	2	1	9	1	6	1	1	1	2	1	1
3660	2	8	1	7	6	6	5	5	2	4	2	3	5	2	1	1	2	15	2	2	1	2	1	23	1	1	1	9	1	1
3670	2	8	2	7	6	6	19	5	2	4	3	3	1	2	1	1	3	1	2	3	1	2	1	19	1	1	1	2	1	1
3680	1	8	9	7	5	6	16	5	2	4	1	3	5	2	16	1	1	16	9	1	1	9	1	16	1	1	1	9	1	1
3690	3	8	3	7	5	6	16	5	1	4	2	3	2	2	1	1	2	9	1	2	1	1	1	16	1	1	1	3	1	1
3700	2	8	2	7	2	6	20	5	4	4	2	3	2	2	2	1	4	2	4	13	1	4	2	20	1	9	1	2	1	1
3710	2	8	9	7	6	6	6	5	3	4	2	3	9	2	1	1	2	9	3	2	1	3	1	6	1	1	1	9	1	1
3720	3	8	1	7	6	6	5	5	2	4	5	3	5	2	1	1	5	15	2	5	1	2	1	23	1	1	1	10	1	1
3730	3	8	3	7	21	6	6	5	11	4	2	3	12	2	1	1	2	12	3	2	2	11	2	21	1	2	1	3	1	1
3740	1	8	3	7	6	6	23	5	2	4	4	3	2	2	1	1	4	9	2	4	1	2	1	23	1	1	1	10	1	1
3750	1	8	1	7	2	6	2	5	2	4	2	3	2	2	5	1	2	16	2	2	1	2	1	2	1	1	1	1	1	1
3760	2	8	2	7	5	6	5	5	1	4	1	3	2	2	5	1	1	16	1	1	1	1	1	5	1	1	1	2	1	1
3770	2	8	2	7	5	6	5	5	4	4	2	3	5	2	1	1	2	15	4	2	1	4	1	5	1	1	1	2	1	1
3780	2	8	2	7	1	6	1	5	1	4	5	3	2	2	16	1	5	16	1	5	2	1	2	1	1	2	1	2	1	1
3790	1	8	1	7	5	6	5	5	4	4	2	3	5	2	5	1	2	5	4	2	1	4	1	5	1	1	1	1	1	1
3800	1	8	1	7	4	6	3	5	2	4	1	3	2	2	2	1	2	2	2	9	1	2	1	14	1	1	1	1	1	1
3810	2	8	2	7	6	6	6	5	2	4	4	3	2	2	1	1	1	9	4	12	1	13	1	6	1	1	1	2	1	1
3820	3	8	3	7	5	6	5	5	1	4	9	3	1	2	1	1	2	1	1	9	1	1	1	5	1	1	1	3	1	1
3830	10	8	3	7	6	6	6	5	2	4	3	3	6	2	6	1	2	6	13	11	1	13	1	6	1	1	1	10	1	1
3840	3	8	3	7	5	6	5	5	2	4	4	3	2	2	1	1	1	9	2	12	1	2	1	5	1	1	1	3	1	1
3850	1	8	1	7	6	6	6	5	4	4	1	3	13	2	2	1	1	13	4	1	9	4	2	6	1	9	1	1	1	1
3860	2	8	2	7	5	6	23	5	2	4	2	3	5	2	5	1	2	5	2	2	1	2	1	23	1	1	1	2	1	1
3870	1	8	9	7	5	6	5	5	4	4	16	3	1	2	1	1	5	1	4	16	2	4	2	5	1	2	1	9	1	1
3880	3	8	3	7	6	6	6	5	13	4	3	3	5	2	5	1	3	5	4	3	1	13	1	6	1	1	1	3	1	1
3890	2	8	2	7	6	6	6	5	4	4	3	3	5	2	5	1	4	5	4	14	2	4	2	6	1	2	1	2	1	1
3900	1	8	1	7	5	6	5	5	1	4	4	3	2	2	2	1	4	2	1	4	1	1	1	5	1	1	1	1	1	1
3910	1	8	1	7	5	6	5	5	2	4	4	3	1	2	1	1	4	1	2	4	2	2	2	5	1	2	1	1	1	1
3920	2	8	1	7	6	6	6	5	3	4	1	3	1	2	1	1	1	1	3	1	2	3	1	6	1	9	1	9	1	1
3930	1	8	1	7	6	6	3	5	1	4	4	3	5	2	1	1	4	15	1	4	1	1	1	21	1	1	1	1	1	1
3940	1	8	1	7	5	6	23	5	9	4	1	3	3	2	3	1	1	3	1	1	1	9	9	23	1	9	1	1	1	1
3950	3	8	3	7	6	6	4	5	2	4	3	3	2	2	2	1	11	2	1	11	1	9	1	22	1	1	1	3	1	1
3960	1	8	1	7	6	6	5	5	2	4	5	3	1	2	1	1	1	1	2	15	1	2	1	23	1	1	1	1	1	1
3970	1	8	1	7	6	6	23	5	1	4	3	3	2	2	1	1	3	9	1	3	1	1	1	23	1	1	1	1	1	1
3980	2	8	2	7	6	6	23	5	1	4	1	3	2	2	2	1	1	2	1	1	2	1	9	23	1	9	1	2	1	1
3990	1	8	1	7	6	6	21	5	2	4	2	3	1	2	1	1	2	1	2	2	1	2	1	21	1	1	1	1	1	1
4000	2	8	1	7	5	6	5	5	3	4	2	3	4	2	5	1	5	18	2	16	1	11	1	5	1	1	1	9	1	1
4010	1	8	1	7	26	6	7	5	2	4	4	3	4	2	4	1	4	4	2	4	1	2	1	26	1	1	1	1	1	1
4020	2	8	2	7	5	6	5	5	4	4	5	3	1	2	1	1	5	1	4	5	1	4	1	5	1	1	1	2	1	1
4030	1	8	1	7	2	6	2	5	12	4	1	3	2	2	2	1	1	2	4	1	9	12	2	2	1	9	1	1	1	1
4040	2	8	1	7	6	6	5	5	3	4	2	3	2	2	2	1	2	2	3	2	1	3	1	23	1	1	1	9	1	1
4050	1	8	1	7	1	6	5	5	2	4	4	3	2	2	3	1	2	11	1	13	1	9	1	15	1	1	1	1	1	1
4060	2	8	2	7	23	6	5	5	4	4	12	3	2	2	2	1	1	2	4	12	9	4	1	23	1	9	1	2	1	1
4070	2	8	2	7	6	6	6	5	12	4	5	3	2	2	13	1	5	13	1	5	1	12	1	6	1	1	1	2	1	1
4080	9	8	1	7	5	6	18	5	2	4	12	3	1	2	1	1	1	1	9	12	2	9	2	18	1	2	1	9	1	1
4090	3	8	3	7	5	6	5	5	2	4	3	3	3	2	3	1	3	3	2	3	1	2	1	5	1	1	1	3	1	1
4100	2	8	2	7	6	6	5	5	2	4	2	3	9	2	1	1	2	9	2	2	2	2	1	23	1	9	1	2	1	1
4110	2	8	2	7	5	6	5	5	1	4	3	3	4	2	4	1	3	4	1	3	1	1	1	5	1	1	1	2	1	1
4120	2	8	2	7	5	6	5	5	1	4	4	3	2	2	2	1	4	2	2	4	1	9	1	5	1	1	1	2	1	1
4130	1	8	1	7	5	6	5	5	2	4	1	3	1	2	1	1	10	1	2	10	1	2	1	5	1	1	1	1	1	1
4140	2	8	2	7	5	6	5	5	2	4	2	3	1	2	12	1	1	12	9	9	1	9	1	5	1	1	1	2	1	1
4150	1	8	1	7	6	6	1	5	2	4	2	3	2	2	1	1	2	9	2	2	1	2	1	19	1	1	1	1	1	1
4160	1	8	1	7	5	6	15	5	1	4	5	3	5	2	5	1	5	5	1	5	1	1	1	15	1	1	1	1	1	1
4170	9	8	1	7	5	6	3	5	1	4	4	3	2	2	1	1	4	9	1	4	1	1	1	17	1	1	1	9	1	1
4180	2	8	2	7	3	6	3	5	2	4	4	3	2	2	2	1	4	2	2	4	2	2	9	3	1	9	1	2	1	1
4190	2	8	2	7	16	6	2	5	3	4	4	3	5	2	5	1	4	5	3	4	1	3	1	16	1	1	1	2	1	1
4200	1	8	2	7	1	6	5	5	2	4	1	3	2	2	2	1	5	2	2	15	1	2	1	15	1	1	1	9	1	1
4210	3	8	3	7	6	6	5	5	3	4	1	3	1	2	1	1	1	1	3	1	1	3	1	23	1	1	1	3	1	1
4220	1	8	1	7	6	6	2	5	2	4	1	3	2	2	5	1	1	16	2	1	1	2	1	20	1	1	1	1	1	1
4230	2	8	2	7	5	6	5	5	2	4	4	3	2	2	2	1	5	2	2	18	1	2	1	5	1	1	1	2	1	1
4240	2	8	2	7	6	6	6	5	3	4	2	3	2	2	2	1	2	2	3	2	1	3	1	6	1	1	1	2	1	1
4250	2	8	2	7	6	6	6	5	1	4	2	3	2	2	2	1	2	2	1	2	1	1	1	6	1	1	1	2	1	1
4260	1	8	1	7	1	6	1	5	1	4	2	3	5	2	5	1	11	5	1	11	1	1	1	1	1	1	1	1	1	1
4270	1	8	2	7	6	6	5	5	1	4	2	3	2	2	2	1	1	2	3	9	1	10	1	23	1	1	1	9	1	1
4280	2	8	2	7	5	6	1	5	3	4	3	3	2	2	4	1	3	13	3	3	1	3	1	15	1	1	1	2	1	1
4290	1	8	1	7	6	6	6	5	3	4	2	3	2	2	2	1	1	2	3	9	1	3	1	6	1	1	1	1	1	1
4300	1	8	1	7	6	6	23	5	1	4	13	3	2	2	2	1	4	2	1	13	1	1	1	23	1	1	1	1	1	1
4310	2	8	2	7	6	6	6	5	3	4	5	3	1	2	1	1	5	1	3	5	1	3	1	6	1	1	1	2	1	1
4320	2	8	2	7	20	6	2	5	1	4	5	3	2	2	9	1	5	9	1	5	2	1	2	20	1	2	1	2	1	1
4330	2	8	2	7	2	6	2	5	3	4	4	3	2	2	2	1	4	2	3	4	9	3	2	2	1	9	1	2	1	1
4340	1	8	1	7	1	6	1	5	1	4	2	3	6	2	3	1	2	21	2	2	1	9	2	1	1	9	1	1	1	1
4350	2	8	2	7	5	6	5	5	2	4	3	3	2	2	2	1	3	2	2	3	1	2	1	5	1	1	1	2	1	1
4360	1	8	1	7	3	6	3	5	2	4	4	3	5	2	5	1	4	5	2	4	1	2	1	3	1	1	1	1	1	1
4370	1	8	1	7	5	6	5	5	2	4	2	3	1	2	1	1	13	1	2	13	1	2	1	5	1	1	1	1	1	1
4380	1	8	1	7	5	6	5	5	1	4	5	3	5	2	5	1	5	5	1	5	1	1	1	5	1	1	1	1	1	1
4390	1	8	1	7	3	6	3	5	1	4	5	3	2	2	2	1	1	2	1	15	1	1	1	3	1	1	1	1	1	1
4400	3	8	10	7	3	6	3	5	2	4	1	3	1	2	1	1	1	1	2	1	1	2	1	3	1	1	1	10	1	1
4410	1	8	1	7	6	6	6	5	4	4	2	3	2	2	2	1	1	2	4	9	1	4	1	6	1	1	1	1	1	1
4420	2	8	2	7	5	6	5	5	1	4	5	3	2	2	2	1	5	2	1	5	1	1	1	5	1	1	1	2	1	1
4430	3	8	3	7	6	6	23	5	1	4	5	3	5	2	5	1	5	5	1	5	1	1	1	23	1	1	1	3	1	1
4440	3	8	3	7	6	6	6	5	1	4	5	3	2	2	2	1	5	2	1	5	1	1	1	6	1	1	1	3	1	1
4450	1	8	1	7	6	6	6	5	3	4	3	3	2	2	2	1	3	2	3	3	1	3	1	6	1	1	1	1	1	1
4460	1	8	1	7	1	6	1	5	4	4	1	3	4	2	4	1	1	4	4	1	1	4	1	1	1	1	1	1	1	1
4470	1	8	1	7	17	6	5	5	1	4	1	3	1	2	1	1	1	1	1	1	2	1	2	17	1	2	1	1	1	1
4480	1	8	1	7	5	6	5	5	1	4	1	3	1	2	1	1	1	1	1	1	1	1	1	5	1	1	1	1	1	1
4490	3	8	1	7	6	6	6	5	9	4	1	3	2	2	2	1	9	2	2	9	1	9	1	6	1	1	1	10	1	1
4500	1	8	1	7	5	6	5	5	2	4	2	3	19	2	1	1	2	19	2	2	1	2	1	5	1	1	1	1	1	1
4510	1	8	2	7	5	6	5	5	2	4	2	3	1	2	1	1	1	1	2	9	1	2	1	5	1	1	1	9	1	1
4520	3	8	3	7	5	6	5	5	2	4	2	3	3	2	5	1	2	17	2	2	2	2	2	5	1	2	1	3	1	1
4530	2	8	2	7	6	6	6	5	2	4	1	3	15	2	1	1	9	15	2	9	9	2	1	6	1	9	1	2	1	1
4540	1	8	1	7	23	6	5	5	1	4	1	3	2	2	2	1	1	2	1	1	1	1	1	23	1	1	1	1	1	1
4550	9	8	2	7	9	6	2	5	3	4	3	3	2	2	2	1	3	2	11	3	1	11	1	9	1	1	1	9	1	1
4560	3	8	10	7	5	6	5	5	1	4	2	3	1	2	1	1	2	1	2	2	1	9	1	5	1	1	1	10	1	1
4570	2	8	2	7	5	6	5	5	2	4	17	3	2	2	2	1	5	2	2	17	1	2	1	5	1	1	1	2	1	1
4580	1	8	1	7	6	6	19	5	4	4	2	3	2	2	2	1	2	2	4	2	1	4	1	19	1	1	1	1	1	1
4590	11	8	2	7	5	6	15	5	1	4	5	3	4	2	12	1	5	12	1	5	1	1	1	15	1	1	1	11	1	1
4600	2	8	2	7	5	6	5	5	2	4	2	3	2	2	2	1	2	2	2	2	1	2	1	5	1	1	1	2	1	1
4610	1	8	1	7	6	6	3	5	1	4	1	3	2	2	2	1	5	2	1	15	2	1	9	21	1	9	1	1	1	1
4620	1	8	2	7	6	6	5	5	2	4	11	3	2	2	1	1	3	9	2	11	1	2	1	23	1	1	1	9	1	1
4630	3	8	3	7	5	6	5	5	1	4	2	3	2	2	2	1	2	2	1	2	1	1	1	5	1	1	1	3	1	1
4640	2	8	2	7	5	6	5	5	3	4	3	3	2	2	2	1	3	2	3	3	2	3	2	5	1	2	1	2	1	1
4650	2	8	2	7	3	6	3	5	2	4	15	3	2	2	2	1	5	2	2	15	1	2	1	3	1	1	1	2	1	1
4660	3	8	2	7	1	6	1	5	2	4	2	3	1	2	1	1	2	1	2	2	1	2	1	1	1	1	1	11	1	1
4670	9	8	1	7	3	6	3	5	1	4	5	3	16	2	2	1	1	16	2	15	1	9	1	3	1	1	1	9	1	1
4680	2	8	2	7	6	6	3	5	1	4	3	3	2	2	2	1	3	2	1	3	1	1	1	21	1	1	1	2	1	1
4690	1	8	1	7	1	6	1	5	2	4	1	3	4	2	4	1	1	4	2	1	1	2	1	1	1	1	1	1	1	1
4700	2	8	2	7	5	6	5	5	9	4	18	3	1	2	12	1	5	12	2	18	2	9	2	5	1	2	1	2	1	1
4710	3	8	3	7	1	6	1	5	2	4	2	3	2	2	2	1	2	2	2	2	1	2	1	1	1	1	1	3	1	1
4720	1	8	1	7	6	6	6	5	2	4	11	3	5	2	5	1	3	5	2	11	1	2	1	6	1	1	1	1	1	1
4730	1	8	1	7	6	6	22	5	1	4	2	3	1	2	10	1	13	10	1	13	1	1	1	22	1	1	1	1	1	1
4740	2	8	2	7	6	6	6	5	2	4	5	3	5	2	5	1	5	5	2	5	1	2	1	6	1	1	1	2	1	1
4750	2	8	2	7	20	6	6	5	3	4	4	3	5	2	5	1	18	5	3	18	1	3	1	20	1	1	1	2	1	1
4760	1	8	1	7	3	6	3	5	4	4	4	3	2	2	9	1	4	9	4	4	1	4	1	3	1	1	1	1	1	1
4770	2	8	2	7	3	6	3	5	1	4	2	3	4	2	4	1	2	4	1	2	1	1	1	3	1	1	1	2	1	1
4780	9	8	1	7	6	6	6	5	2	4	5	3	1	2	1	1	5	1	2	5	1	2	1	6	1	1	1	9	1	1
4790	1	8	1	7	1	6	15	5	2	4	2	3	2	2	2	1	2	2	2	2	1	2	1	15	1	1	1	1	1	1
4800	2	8	2	7	5	6	5	5	2	4	2	3	3	2	3	1	2	3	2	2	2	2	2	5	1	2	1	2	1	1
4810	3	8	3	7	3	6	3	5	1	4	1	3	12	2	1	1	1	12	1	1	1	1	1	3	1	1	1	3	1	1
4820	1	8	1	7	6	6	20	5	1	4	1	3	2	2	1	1	3	9	1	10	1	1	1	20	1	1	1	1	1	1
4830	1	8	1	7	5	6	5	5	2	4	2	3	2	2	1	1	2	9	2	2	1	2	1	5	1	1	1	1	1	1
4840	3	8	3	7	5	6	5	5	1	4	1	3	5	2	6	1	1	23	1	1	1	1	1	5	1	1	1	3	1	1
4850	1	8	1	7	16	6	2	5	1	4	2	3	2	2	2	1	2	2	1	2	2	1	2	16	1	2	1	1	1	1
4860	1	8	1	7	7	6	5	5	3	4	3	3	9	2	1	1	3	9	3	3	2	3	2	28	1	2	1	1	1	1
4870	2	8	2	7	6	6	6	5	4	4	1	3	1	2	1	1	1	1	4	1	1	4	1	6	1	1	1	2	1	1
4880	1	8	1	7	2	6	2	5	2	4	5	3	1	2	1	1	3	1	2	17	1	2	1	2	1	1	1	1	1	1
4890	1	8	1	7	6	6	6	5	1	4	5	3	15	2	1	1	5	15	1	5	1	1	1	6	1	1	1	1	1	1
4900	3	8	3	7	15	6	5	5	2	4	12	3	9	2	1	1	1	9	2	12	1	2	1	15	1	1	1	3	1	1
4910	3	8	3	7	5	6	5	5	2	4	2	3	1	2	1	1	2	1	2	2	1	2	1	5	1	1	1	3	1	1
4920	10	8	3	7	6	6	23	5	1	4	1	3	5	2	15	1	1	15	1	1	9	1	2	23	1	9	1	10	1	1
4930	1	8	1	7	6	6	6	5	1	4	2	3	4	2	13	1	2	13	1	2	1	1	1	6	1	1	1	1	1	1
4940	2	8	11	7	6	6	6	5	3	4	2	3	2	2	2	1	2	2	3	2	1	3	1	6	1	1	1	11	1	1
4950	3	8	3	7	1	6	1	5	3	4	2	3	1	2	1	1	2	1	3	2	2	3	2	1	1	2	1	3	1	1
4960	2	8	2	7	5	6	5	5	3	4	5	3	1	2	1	1	5	1	3	5	2	3	9	5	1	9	1	2	1	1
4970	1	8	1	7	5	6	5	5	2	4	3	3	1	2	9	1	3	9	2	3	1	2	1	5	1	1	1	1	1	1
4980	2	8	2	7	5	6	5	5	3	4	5	3	4	2	4	1	3	4	3	17	1	3	1	5	1	1	1	2	1	1
4990	1	8	1	7	5	6	5	5	9	4	4	3	4	2	4	1	4	4	2	4	1	9	1	5	1	1	1	1	1	1
5000	1	8	1	7	5	6	5	5	2	4	4	3	2	2	2	1	4	2	2	4	1	2	1	5	1	1	1	1	1	1
