Iteration	Posterior	Likelihood	Prior	clado_type_probs[1]	clado_type_probs[2]	distance_scale	epoch_times[1]	epoch_times[2]	epoch_times[3]	epoch_times[4]	epoch_times[5]	epoch_times[6]	epoch_times[7]	epoch_times[8]	extirpation_rate	log10_rate_bg	p_allopatry	p_sympatry	rate_bg
0	-69.8405	-115.489	45.6485	0.605878	0.394122	0.01	0.108935	0.088903	0.0470143	0.0206146	0.0148736	0.00752966	0.000116266	0	0.1959727	-2	0.3941215	0.6058785	0.01
10	13.3701	-26.2977	39.6678	0.365845	0.634155	0.2188174	0.105704	0.0892975	0.0468489	0.0203047	0.0146599	0.00748389	0.000113426	0	6.176599	1.988843	0.6341548	0.3658452	97.46382
20	11.8482	-29.9017	41.7499	0.191324	0.808676	0.07229542	0.105797	0.0895566	0.0467482	0.0207351	0.0145918	0.00729804	0.000114327	0	4.094499	1.560843	0.8086757	0.1913243	36.37832
30	13.9775	-28.3981	42.3756	0.0279964	0.972004	0.07351046	0.105982	0.0883971	0.0454476	0.0203137	0.0149446	0.00746222	0.000113017	0	3.468888	1.809058	0.9720036	0.02799642	64.4256
40	14.1482	-26.312	40.4602	0.0982598	0.90174	0.4082185	0.105422	0.0897526	0.0456333	0.0206707	0.0148119	0.00753072	0.000113966	0	5.384273	1.963772	0.9017402	0.09825979	91.99667
50	13.4895	-29.3858	42.8753	0.411527	0.588473	0.1781325	0.10605	0.0887444	0.0463734	0.0202181	0.0149857	0.00743071	0.000114804	0	2.969184	1.87212	0.588473	0.411527	74.49372
60	11.539	-31.2616	42.8006	0.774306	0.225694	0.1279534	0.106165	0.0888602	0.0463535	0.0201715	0.0149682	0.00747083	0.000113957	0	3.043836	1.743938	0.225694	0.774306	55.45461
70	12.3719	-27.827	40.1989	0.567822	0.432178	0.4360613	0.106123	0.0882189	0.0471433	0.0202467	0.0149841	0.00738973	0.000116006	0	5.645578	1.832588	0.4321782	0.5678218	68.01243
80	11.0816	-31.8939	42.9755	0.270429	0.729571	3.458803	0.10856	0.0882546	0.0457118	0.0205803	0.0150304	0.00732042	0.000114659	0	2.868992	1.776335	0.7295713	0.2704287	59.74962
90	12.3154	-31.6683	43.9838	0.500897	0.499103	3.085876	0.106397	0.0881296	0.0451841	0.0205258	0.0146943	0.00738749	0.000114075	0	1.860674	1.999987	0.499103	0.500897	99.99701
100	11.1725	-33.5162	44.6887	0.484431	0.515569	0.6229214	0.105798	0.0885131	0.0452595	0.0204693	0.0146376	0.00733844	0.00011608	0	1.155785	1.947211	0.5155694	0.4844306	88.55457
110	12.9688	-30.9359	43.9047	0.425226	0.574774	1.906424	0.104696	0.088688	0.0456655	0.0201589	0.0145434	0.007342	0.00011648	0	1.939745	1.954702	0.5747738	0.4252262	90.09533
120	13.4721	-28.3475	41.8196	0.374166	0.625834	2.37566	0.108351	0.0857447	0.0455414	0.0199493	0.0144947	0.00746593	0.000113795	0	4.024873	1.989784	0.6258341	0.3741659	97.6752
130	7.67855	-26.6706	34.3492	0.325931	0.674069	1.759706	0.109046	0.0871925	0.0451621	0.0201286	0.0149483	0.00752106	0.00011326	0	11.49527	1.802066	0.6740688	0.3259312	63.39667
140	14.0576	-29.5128	43.5704	0.0719599	0.92804	1.470737	0.109148	0.0854303	0.0452008	0.0199022	0.0149995	0.00721012	0.000118008	0	2.274042	1.932162	0.9280401	0.07195994	85.5385
150	14.3988	-26.4863	40.8851	0.0375551	0.962445	0.2174589	0.108325	0.0860084	0.045369	0.0201228	0.0147905	0.00756802	0.000115374	0	4.95935	1.940212	0.9624449	0.03755506	87.13881
160	13.4719	-28.2518	41.7237	0.598586	0.401414	0.09191332	0.107265	0.0888446	0.0453404	0.019967	0.0147827	0.00733891	0.000116113	0	4.120784	1.93612	0.4014137	0.5985863	86.32173
170	12.6915	-29.7276	42.4191	0.52089	0.47911	0.4998133	0.10622	0.0883427	0.0452227	0.0198981	0.0143125	0.00727093	0.000115584	0	3.425361	1.781995	0.4791096	0.5208904	60.53335
180	10.9613	-28.5257	39.487	0.195835	0.804165	0.2016415	0.109388	0.0882141	0.0451403	0.0201009	0.0144354	0.00736794	0.00011422	0	6.357453	1.549765	0.8041645	0.1958355	35.46214
190	13.2958	-29.0529	42.3488	0.0885141	0.911486	0.01451021	0.104242	0.0890942	0.0454645	0.0199007	0.0143688	0.00751066	0.000115483	0	3.495669	1.715438	0.9114859	0.0885141	51.93232
200	12.4663	-29.9119	42.3783	0.515194	0.484806	0.01326787	0.106444	0.0894845	0.0460269	0.0198399	0.0145524	0.00739127	0.000117508	0	3.466192	1.730407	0.4848057	0.5151943	53.75356
210	13.9297	-29.5951	43.5248	0.309093	0.690907	0.01404954	0.108036	0.0891357	0.045651	0.0199394	0.0143395	0.00736383	0.000118251	0	2.319625	1.964518	0.6909069	0.3090931	92.15472
220	11.0156	-30.2094	41.2251	0.767294	0.232706	0.1315774	0.107852	0.0889063	0.0466073	0.0203598	0.0148817	0.00741104	0.000117685	0	4.619396	1.654085	0.2327063	0.7672937	45.09045
230	13.8311	-27.4233	41.2545	0.310643	0.689357	0.1961689	0.106802	0.0876886	0.0461124	0.0198696	0.0147832	0.00736938	0.000116785	0	4.589969	1.901957	0.6893569	0.3106431	79.79162
240	12.0153	-25.9804	37.9957	0.127569	0.872431	0.2836084	0.104612	0.0868297	0.0457126	0.0207687	0.0148082	0.00725969	0.000115809	0	7.848765	1.835827	0.872431	0.127569	68.52153
250	12.595	-27.6649	40.26	0.308967	0.691033	1.497449	0.104577	0.0864829	0.0467625	0.0202041	0.0146174	0.00723621	0.000114837	0	5.584493	1.850837	0.6910333	0.3089667	70.93108
260	11.6995	-25.9084	37.6079	0.301021	0.698979	1.249401	0.107803	0.085854	0.0468732	0.0203208	0.01462	0.00726183	0.000113986	0	8.236544	1.983502	0.6989791	0.3010209	96.27246
270	13.0451	-29.1787	42.2238	0.047128	0.952872	1.534415	0.10836	0.0880335	0.0459031	0.0199136	0.0149968	0.00734821	0.000112601	0	3.620649	1.75211	0.952872	0.04712801	56.50804
280	13.808	-28.1949	42.0029	0.293066	0.706934	2.293911	0.107667	0.0854344	0.045677	0.0198647	0.0143903	0.00740949	0.000115564	0	3.841525	1.995715	0.7069343	0.2930657	99.0183
290	9.47507	-31.6188	41.0938	0.928166	0.0718336	4.389523	0.107667	0.0883224	0.0458005	0.020075	0.0145017	0.00732142	0.00011754	0	4.750607	1.968464	0.07183362	0.9281664	92.99584
300	13.839	-27.206	41.045	0.213157	0.786843	1.601748	0.107262	0.0896853	0.0469074	0.0202015	0.0145657	0.00738289	0.000115406	0	4.799446	1.97001	0.7868427	0.2131573	93.32759
310	14.2641	-28.3709	42.635	0.0238263	0.976174	1.87774	0.104838	0.0860938	0.0464467	0.0200705	0.0143754	0.00756875	0.000114211	0	3.209408	1.935416	0.9761737	0.02382629	86.18198
320	12.2626	-30.8715	43.1341	0.123145	0.876855	3.302119	0.105237	0.0874162	0.0466271	0.0199578	0.0147353	0.00738834	0.00011494	0	2.710366	1.850795	0.8768553	0.1231447	70.92428
330	10.0654	-29.8416	39.9071	0.542966	0.457034	0.9371024	0.107412	0.0867785	0.0458671	0.0204361	0.0146573	0.00723087	0.000117208	0	5.937373	1.564395	0.4570338	0.5429662	36.67706
340	13.8516	-26.6345	40.4862	0.227559	0.772441	0.4899555	0.1093	0.0892685	0.0474651	0.0202012	0.014787	0.00742187	0.000117963	0	5.358291	1.941236	0.772441	0.227559	87.34459
350	9.61953	-31.9681	41.5876	0.592385	0.407615	0.1309435	0.109157	0.0895017	0.0469462	0.0201187	0.0147507	0.00736712	0.000117431	0	4.256813	1.438638	0.4076147	0.5923853	27.45607
360	8.53377	-29.1404	37.6742	0.801814	0.198186	1.413389	0.104441	0.086803	0.0455504	0.0206563	0.014646	0.00743601	0.00011557	0	8.170237	1.677857	0.1981857	0.8018143	47.62741
370	13.328	-27.1955	40.5235	0.417734	0.582266	1.142082	0.104866	0.0868344	0.045833	0.0198959	0.0147338	0.00735007	0.000116804	0	5.32091	1.955385	0.5822657	0.4177343	90.23708
380	12.0543	-29.1335	41.1879	0.695666	0.304334	1.641255	0.104925	0.0894068	0.0452951	0.0203393	0.014726	0.00742352	0.000116609	0	4.65656	1.853603	0.3043336	0.6956664	71.3844
390	10.7205	-30.2371	40.9576	0.968196	0.0318036	1.899792	0.10477	0.0859532	0.0459946	0.0202339	0.0147456	0.00733703	0.000116892	0	4.886841	1.881823	0.03180359	0.9681964	76.17689
400	9.06613	-34.8222	43.8883	0.736683	0.263317	0.3388444	0.105281	0.0875987	0.0473958	0.0208292	0.0149233	0.00754614	0.000112972	0	1.95612	1.577758	0.2633165	0.7366835	37.82321
410	13.0099	-26.6364	39.6463	0.253068	0.746932	0.1656324	0.104114	0.0857776	0.046468	0.0206471	0.0149601	0.00747543	0.000118022	0	6.198125	1.856579	0.7469319	0.2530681	71.87513
420	14.5001	-27.6445	42.1446	0.105236	0.894764	0.05440831	0.105564	0.0855917	0.0467589	0.020093	0.0149656	0.00744277	0.000116081	0	3.699871	1.918478	0.8947635	0.1052365	82.88536
430	13.1843	-27.8227	41.007	0.559465	0.440535	0.5347722	0.109019	0.0860928	0.047148	0.0207462	0.0146684	0.00740265	0.000113758	0	4.837415	1.92179	0.4405349	0.5594651	83.52
440	14.5276	-28.5411	43.0688	0.164993	0.835007	0.8446359	0.105642	0.0855393	0.0467871	0.0206734	0.0149686	0.00737036	0.000113823	0	2.775694	1.982954	0.8350073	0.1649927	96.15113
450	12.2717	-26.6158	38.8876	0.325341	0.674659	0.7044391	0.105739	0.0867157	0.0467465	0.0207053	0.0149421	0.00755585	0.000116719	0	6.956892	1.868518	0.6746592	0.3253408	73.87844
460	12.7219	-26.7742	39.4961	0.0946033	0.905397	2.42542	0.108243	0.0861506	0.0470376	0.0201856	0.0149505	0.00739187	0.00011707	0	6.34833	1.975871	0.9053967	0.09460326	94.59551
470	14.6409	-27.8363	42.4772	0.0814399	0.91856	1.391629	0.10859	0.0872024	0.0472913	0.0206928	0.0149563	0.00729727	0.00011491	0	3.367203	1.982127	0.9185601	0.08143995	95.96806
480	13.3134	-30.1256	43.4389	0.569934	0.430066	0.4093715	0.106878	0.0873881	0.0455881	0.0205448	0.0149184	0.00733696	0.000112544	0	2.405509	1.962263	0.4300657	0.5699343	91.67763
490	13.769	-26.4146	40.1836	0.153574	0.846426	1.277831	0.10808	0.0856147	0.0464223	0.0208204	0.0147704	0.00726625	0.000114717	0	5.66088	1.994074	0.8464259	0.1535741	98.6447
500	12.466	-31.2136	43.6795	0.120274	0.879726	3.259878	0.10494	0.0860598	0.0470348	0.0208537	0.0149086	0.00720381	0.000116291	0	2.164902	1.897305	0.8797262	0.1202738	78.94144
510	11.319	-31.574	42.893	0.59167	0.40833	2.296454	0.108255	0.0867382	0.0454555	0.0205003	0.0150078	0.00724633	0.000115296	0	2.951437	1.764974	0.4083298	0.5916702	58.20681
520	13.9117	-29.2908	43.2025	0.238672	0.761328	2.202158	0.107824	0.0881081	0.0452296	0.0199698	0.0145323	0.00741719	0.000116385	0	2.641943	1.980785	0.7613284	0.2386716	95.672
530	14.6738	-27.1947	41.8684	0.0834563	0.916544	0.4540873	0.104001	0.0891433	0.0452886	0.0204891	0.0146924	0.00747442	0.0001158	0	3.976038	1.957464	0.9165437	0.08345635	90.67
540	13.3021	-29.9876	43.2897	0.0745046	0.925495	1.468769	0.107525	0.0874407	0.0460419	0.0204985	0.0147073	0.00749797	0.000117026	0	2.554719	1.803888	0.9254954	0.07450463	63.66308
550	13.5706	-29.3732	42.9438	0.229771	0.770229	2.321546	0.105906	0.0871383	0.0470519	0.020423	0.0145733	0.00738535	0.000117953	0	2.900681	1.926935	0.7702292	0.2297708	84.51518
560	10.4819	-28.9867	39.4686	0.908287	0.091713	0.4502012	0.104569	0.0895767	0.0460264	0.0203902	0.0147279	0.00739465	0.000113114	0	6.37584	1.791131	0.091713	0.908287	61.82026
570	14.7991	-26.3574	41.1566	0.0100988	0.989901	0.4944422	0.106048	0.089598	0.0451459	0.020549	0.0143805	0.00746119	0.000115744	0	4.687897	1.998363	0.9899012	0.01009878	99.62371
580	13.1939	-28.976	42.1699	0.0108425	0.989157	0.6635343	0.105644	0.0897223	0.0455923	0.020829	0.0145701	0.00745876	0.000115799	0	3.674551	1.698273	0.9891575	0.01084252	49.91982
590	13.4599	-30.3051	43.765	0.0737049	0.926295	1.007312	0.107112	0.0876552	0.0462456	0.0208253	0.0148559	0.00748133	0.000116763	0	2.079459	1.85642	0.9262951	0.07370495	71.84891
600	13.95	-27.2907	41.2407	0.0580718	0.941928	1.215948	0.104562	0.0888925	0.0457109	0.0205755	0.0149611	0.00721733	0.000116165	0	4.603734	1.890612	0.9419282	0.05807183	77.73422
610	8.13272	-30.7475	38.8802	0.833103	0.166897	4.929162	0.105393	0.0863298	0.0468589	0.0202895	0.0146333	0.00755506	0.000115657	0	6.964225	1.988864	0.1668967	0.8331033	97.46837
620	13.3837	-29.0691	42.4528	0.657492	0.342508	0.9425698	0.106383	0.088226	0.0455774	0.0198203	0.014669	0.00752493	0.000114012	0	3.391661	1.965629	0.3425079	0.6574921	92.39084
630	12.6464	-27.9631	40.6095	0.520488	0.479512	2.391353	0.107335	0.0879313	0.0464898	0.0198948	0.014678	0.00730314	0.000116065	0	5.234951	1.990111	0.4795116	0.5204884	97.74873
640	12.1559	-26.7867	38.9426	0.134004	0.865996	1.835533	0.106019	0.0863642	0.0468883	0.0199012	0.0144097	0.00753526	0.00011472	0	6.901861	1.890336	0.8659965	0.1340035	77.68472
650	13.5529	-27.5773	41.1301	0.26783	0.73217	0.2949508	0.109261	0.0858516	0.0470663	0.0199912	0.0143834	0.0075078	0.000115839	0	4.714305	1.847931	0.7321701	0.2678299	70.45818
660	13.7404	-27.8998	41.6401	0.201035	0.798965	0.4586478	0.105901	0.0896636	0.0464692	0.019946	0.0144001	0.00749678	0.000116446	0	4.204321	1.836657	0.7989654	0.2010346	68.6526
670	12.6654	-31.1482	43.8135	0.270338	0.729662	0.1824313	0.10722	0.0886884	0.0458104	0.0198564	0.014734	0.00732962	0.000118121	0	2.030922	1.804115	0.7296616	0.2703384	63.69646
680	14.2137	-28.9421	43.1558	0.251373	0.748627	0.6112925	0.106613	0.086116	0.0454882	0.0204712	0.01476	0.00720711	0.000118069	0	2.6886	1.948478	0.7486272	0.2513728	88.8132
690	12.5806	-28.1692	40.7498	0.442732	0.557268	2.341633	0.108725	0.0856444	0.0451553	0.019928	0.0146698	0.00749662	0.000118165	0	5.094613	1.92738	0.5572679	0.4427321	84.60182
700	13.0186	-28.1674	41.186	0.0913505	0.90865	0.8367771	0.109345	0.0854682	0.0464539	0.0199536	0.0145931	0.00731986	0.000115665	0	4.658456	1.733369	0.9086495	0.09135048	54.12142
710	14.2849	-27.5561	41.8409	0.0936973	0.906303	0.5840869	0.107926	0.0884108	0.0461393	0.0204963	0.0144607	0.00725342	0.000115386	0	4.003504	1.89632	0.9063027	0.09369725	78.76261
720	12.7595	-27.9808	40.7403	0.792164	0.207836	0.4771263	0.109259	0.0883061	0.0456629	0.0206078	0.0146338	0.00743343	0.000117315	0	5.104161	1.972047	0.2078358	0.7921642	93.76645
730	11.6581	-29.4229	41.0809	0.335659	0.664341	3.11329	0.105158	0.0884522	0.0464407	0.0205391	0.0147099	0.00731005	0.000116625	0	4.7635	1.844455	0.6643412	0.3356588	69.89636
740	13.0391	-30.9932	44.0323	0.0753446	0.924655	1.563915	0.106663	0.0884381	0.0452561	0.0206719	0.0148475	0.00723304	0.000115593	0	1.812129	1.872015	0.9246554	0.07534457	74.47578
750	9.95549	-31.6607	41.6162	0.157173	0.842827	2.125259	0.103972	0.0892907	0.04558	0.0200342	0.0150169	0.0072666	0.000113372	0	4.228225	1.520876	0.8428275	0.1571725	33.18
760	12.0936	-31.0289	43.1225	0.306424	0.693576	3.206957	0.10723	0.0881072	0.0456599	0.0207305	0.0148658	0.00719825	0.000113912	0	2.721939	1.868487	0.693576	0.306424	73.87323
770	11.4259	-30.8319	42.2578	0.114867	0.885133	1.782247	0.109311	0.0871806	0.0453037	0.0199309	0.0143501	0.00720535	0.000113513	0	3.586647	1.610722	0.8851325	0.1148675	40.80583
780	13.6145	-29.2039	42.8184	0.23015	0.76985	1.65788	0.1081	0.0891298	0.0453943	0.0200288	0.0147809	0.00724365	0.000115952	0	3.026064	1.884425	0.7698504	0.2301496	76.63457
790	12.2652	-30.7083	42.9734	0.235752	0.764248	0.9951038	0.108908	0.0889468	0.046321	0.0202	0.0147926	0.00725712	0.000114737	0	2.871036	1.684618	0.7642478	0.2357522	48.37462
800	13.2185	-30.2218	43.4404	0.0157421	0.984258	3.098222	0.105862	0.0896741	0.0470072	0.0202698	0.0147561	0.00732814	0.000114685	0	2.404095	1.927835	0.9842579	0.01574213	84.69055
810	13.2956	-30.6654	43.961	0.0832442	0.916756	2.129507	0.105572	0.0882314	0.0455763	0.0199244	0.0144365	0.00724799	0.000113702	0	1.883402	1.930652	0.9167558	0.08324418	85.24167
820	10.4975	-25.4811	35.9787	0.192703	0.807297	1.261352	0.107818	0.0877854	0.0451608	0.0201975	0.0149439	0.00742382	0.000113187	0	9.86577	1.964815	0.8072974	0.1927026	92.21786
830	9.91343	-28.5156	38.429	0.649432	0.350568	2.792968	0.109273	0.0858815	0.0456743	0.0201417	0.0147374	0.00744602	0.00011456	0	7.415438	1.885006	0.350568	0.649432	76.73715
840	13.1008	-28.7088	41.8096	0.427525	0.572475	1.368223	0.108934	0.0854762	0.0470028	0.0208193	0.0149555	0.00746684	0.00011285	0	4.034862	1.86477	0.5724745	0.4275255	73.24363
850	10.201	-30.7554	40.9564	0.574254	0.425746	3.641332	0.106852	0.0861418	0.0460632	0.0208413	0.0148319	0.00730195	0.000114384	0	4.888056	1.818249	0.4257455	0.5742545	65.80353
860	14.7204	-27.683	42.4034	0.0217231	0.978277	0.6844677	0.107451	0.0862167	0.0464675	0.0204004	0.01483	0.0072409	0.000114158	0	3.441081	1.945895	0.9782769	0.02172314	88.28667
870	11.6088	-30.6312	42.24	0.249304	0.750696	2.041707	0.107215	0.087997	0.0474135	0.0202504	0.0149542	0.00738165	0.000115938	0	3.604445	1.673675	0.7506962	0.2493038	47.17094
880	12.6225	-27.5409	40.1635	0.561596	0.438404	1.950033	0.108937	0.086355	0.0471959	0.0199235	0.0145212	0.00734687	0.000115052	0	5.680993	1.99908	0.4384038	0.5615962	99.78839
890	13.04	-28.6737	41.7137	0.0711919	0.928808	2.951754	0.108699	0.088909	0.0466612	0.0200972	0.0145894	0.0075636	0.000114949	0	4.13073	1.903014	0.9288081	0.07119195	79.98597
900	9.27875	-35.0197	44.2985	0.73058	0.26942	2.19239	0.106223	0.0886348	0.0471496	0.0201153	0.0146111	0.00750967	0.000112985	0	1.545949	1.75304	0.2694197	0.7305803	56.6292
910	13.3458	-29.6002	42.946	0.41468	0.58532	1.018012	0.106481	0.0896021	0.0474451	0.0199834	0.0148997	0.0073506	0.00011329	0	2.898492	1.877917	0.5853201	0.4146799	75.49485
920	12.7578	-27.8582	40.616	0.36428	0.63572	0.4048164	0.104862	0.0888917	0.0456468	0.0198542	0.0147218	0.00726922	0.000114212	0	5.228456	1.791179	0.6357203	0.3642797	61.82705
930	14.0001	-27.1807	41.1807	0.121591	0.878409	1.910924	0.106691	0.0892269	0.0468266	0.0200774	0.0149098	0.00728163	0.000113141	0	4.663702	1.993085	0.8784093	0.1215907	98.42048
940	13.5869	-29.2694	42.8563	0.208724	0.791276	2.319421	0.107206	0.0853469	0.0465817	0.0198859	0.0146203	0.00733274	0.000113102	0	2.988167	1.933698	0.7912755	0.2087245	85.84173
950	12.612	-31.1513	43.7634	0.554553	0.445447	0.8231817	0.104738	0.0865304	0.0465536	0.0198845	0.0145581	0.00743764	0.000113956	0	2.081052	1.893764	0.445447	0.554553	78.30048
960	14.3353	-28.9321	43.2675	0.00411751	0.995882	0.4564364	0.104332	0.087376	0.047236	0.019876	0.0145254	0.0073914	0.000113113	0	2.576994	1.906864	0.9958825	0.004117512	80.69826
970	13.6987	-28.5015	42.2002	0.116652	0.883348	0.7242457	0.105783	0.0859849	0.0455083	0.0205247	0.0146832	0.00754414	0.000114032	0	3.644225	1.807739	0.8833482	0.1166518	64.23013
980	14.1248	-28.3007	42.4255	0.24282	0.75718	1.920995	0.104054	0.086027	0.0460484	0.0200366	0.0149813	0.00756365	0.000112704	0	3.418926	1.99085	0.7571799	0.2428201	97.91507
990	14.6708	-27.2896	41.9604	0.0871254	0.912875	0.5685328	0.106335	0.0864958	0.0463761	0.0198499	0.0149313	0.00745802	0.000117592	0	3.884075	1.952685	0.9128746	0.0871254	89.67778
1000	14.181	-27.2251	41.4061	0.0108538	0.989146	0.452567	0.108242	0.08834	0.0462158	0.0202724	0.0146783	0.00751451	0.000116875	0	4.43837	1.857236	0.9891462	0.01085382	71.98406
1010	13.7002	-27.8304	41.5306	0.383177	0.616823	0.5925286	0.109355	0.0866533	0.0460301	0.0204221	0.0147927	0.00751527	0.000116676	0	4.313871	1.904082	0.6168231	0.3831769	80.183
1020	13.535	-29.8309	43.3659	0.338102	0.661898	1.898907	0.109237	0.0869486	0.0466638	0.0198811	0.0145248	0.00732506	0.000116392	0	2.478578	1.945018	0.6618983	0.3381017	88.1086
1030	11.7898	-25.0787	36.8686	0.0317977	0.968202	0.6718311	0.109304	0.0880904	0.0457598	0.0204156	0.01446	0.00744391	0.000115279	0	8.975865	1.95657	0.9682023	0.03179774	90.48366
1040	12.8479	-29.4475	42.2954	0.250503	0.749497	0.6188388	0.109127	0.0866516	0.047085	0.0200096	0.0144797	0.00749212	0.000116362	0	3.549035	1.717306	0.7494969	0.2505031	52.15615
1050	13.2742	-30.575	43.8492	0.168908	0.831092	1.197611	0.106522	0.0856279	0.0465534	0.0199385	0.0144503	0.00753497	0.000113461	0	1.995207	1.88529	0.8310918	0.1689082	76.78738
1060	11.8908	-30.3406	42.2314	0.844503	0.155497	2.52797	0.104568	0.0878214	0.0459717	0.0200764	0.0143429	0.00724309	0.000114467	0	3.613037	1.959389	0.1554974	0.8445026	91.07293
1070	14.2032	-27.1299	41.3331	0.203713	0.796287	0.4308421	0.105873	0.0896272	0.0463015	0.0201951	0.0145614	0.00724515	0.000115143	0	4.511394	1.940618	0.7962874	0.2037126	87.22038
1080	9.59553	-29.6695	39.2651	0.582814	0.417186	1.407344	0.105378	0.0892396	0.0455734	0.0200795	0.0144381	0.00725637	0.000113413	0	6.579374	1.608464	0.4171861	0.5828139	40.59421
1090	10.7407	-30.5493	41.29	0.0730256	0.926974	1.578717	0.108579	0.0875461	0.0471242	0.0205439	0.014327	0.0072117	0.000113711	0	4.55449	1.529196	0.9269744	0.07302561	33.82177
1100	13.2574	-29.899	43.1564	0.627144	0.372856	0.9339946	0.106635	0.0878669	0.0459483	0.0202421	0.0143858	0.00719267	0.00011402	0	2.688078	1.955833	0.3728557	0.6271443	90.33021
1110	11.8538	-28.8304	40.6842	0.842595	0.157405	1.845651	0.109083	0.0890769	0.0454011	0.0202413	0.0145033	0.00724912	0.000114612	0	5.160261	1.956934	0.157405	0.842595	90.55946
1120	13.9731	-27.8613	41.8344	0.132608	0.867392	1.086885	0.107338	0.089025	0.0467355	0.0207272	0.0144684	0.00745709	0.000115209	0	4.010092	1.880562	0.8673923	0.1326077	75.9559
1130	12.0937	-29.8833	41.977	0.136674	0.863326	3.20763	0.106066	0.0864492	0.0470983	0.0205124	0.0143262	0.00723376	0.000117182	0	3.867457	1.822455	0.8633259	0.1366741	66.44395
1140	11.1178	-28.5311	39.6489	0.0700553	0.929945	2.649449	0.105004	0.0867045	0.0454171	0.0201902	0.0145526	0.00749388	0.000112509	0	6.195568	1.757183	0.9299447	0.07005533	57.17199
1150	13.5087	-26.7918	40.3006	0.482206	0.517794	0.1913687	0.109147	0.0874959	0.045605	0.019977	0.014747	0.00748774	0.000116772	0	5.543875	1.985409	0.5177937	0.4822063	96.69606
1160	12.9673	-29.8875	42.8548	0.821693	0.178307	0.03453141	0.107684	0.0859556	0.0453314	0.0201477	0.0145404	0.00737587	0.00011817	0	2.989643	1.984425	0.1783066	0.8216934	96.47731
1170	13.5702	-28.5125	42.0828	0.648504	0.351496	0.2499389	0.105948	0.0872967	0.0461627	0.0206679	0.0145717	0.00737833	0.000117073	0	3.761686	1.969947	0.351496	0.648504	93.31414
1180	13.0801	-26.0357	39.1158	0.291326	0.708674	0.3149057	0.105535	0.0881003	0.0451454	0.0203737	0.0144776	0.00746627	0.000117522	0	6.728661	1.957403	0.7086742	0.2913258	90.65729
1190	13.3785	-30.0337	43.4122	0.287269	0.712731	2.498559	0.109214	0.088161	0.0465594	0.0199411	0.0148618	0.00745791	0.000118123	0	2.432276	1.952047	0.7127314	0.2872686	89.54618
1200	13.8413	-28.2171	42.0584	0.426052	0.573948	0.5799673	0.108018	0.0868798	0.046046	0.0201034	0.0145083	0.00739748	0.000116376	0	3.785997	1.928087	0.5739475	0.4260525	84.73967
1210	9.54957	-34.1751	43.7247	0.52843	0.47157	4.544819	0.107346	0.0881922	0.0460619	0.0202335	0.014508	0.00745634	0.000113245	0	2.119797	1.853788	0.4715705	0.5284295	71.41472
1220	14.1794	-25.9771	40.1565	0.066327	0.933673	0.2090772	0.108866	0.0890061	0.0451509	0.0205685	0.0144829	0.00731243	0.000116157	0	5.687923	1.973873	0.933673	0.06632701	94.1615
1230	14.52	-28.0628	42.5829	0.00216896	0.997831	0.3130027	0.104007	0.0875509	0.0454904	0.0203044	0.0150036	0.00752144	0.000117679	0	3.261591	1.884912	0.997831	0.00216896	76.72054
1240	13.877	-27.5954	41.4724	0.223772	0.776228	1.32758	0.105139	0.0864185	0.0457212	0.0199849	0.0147931	0.00752983	0.000114113	0	4.372062	1.930944	0.7762281	0.2237719	85.29893
1250	10.5257	-25.9192	36.4449	0.502795	0.497205	1.175729	0.108279	0.0872231	0.0465559	0.0198187	0.0146319	0.00749721	0.000117467	0	9.399524	1.984336	0.4972047	0.5027953	96.45751
1260	13.2736	-29.7762	43.0499	0.739118	0.260882	0.4865582	0.109334	0.0889719	0.0459167	0.0201263	0.0148997	0.00737121	0.000116797	0	2.79458	1.994461	0.2608823	0.7391177	98.73275
1270	12.4314	-31.5936	44.025	0.24537	0.75463	0.1428249	0.106967	0.0886694	0.0468252	0.0206744	0.014736	0.0074452	0.000116556	0	1.819464	1.812265	0.7546298	0.2453702	64.90298
1280	13.6647	-28.6616	42.3263	0.0400749	0.959925	1.497262	0.107391	0.0856735	0.0474666	0.0205103	0.0147212	0.00749358	0.000116268	0	3.518151	1.818954	0.9599251	0.0400749	65.91047
1290	13.8792	-28.8928	42.772	0.0207591	0.979241	2.088834	0.106666	0.0853921	0.0466791	0.0202005	0.0147298	0.00745911	0.000117013	0	3.072443	1.889589	0.9792409	0.02075914	77.55124
1300	13.9654	-29.6512	43.6166	0.193451	0.806549	1.312733	0.106802	0.0864493	0.0457177	0.0201279	0.0146936	0.00731553	0.000115211	0	2.2278	1.959883	0.806549	0.193451	91.17651
1310	12.8154	-29.8576	42.673	0.369797	0.630203	0.2221409	0.108671	0.0854927	0.04697	0.0204879	0.0149265	0.00748628	0.000118264	0	3.171447	1.739244	0.6302028	0.3697972	54.85847
1320	13.5022	-27.1092	40.6114	0.349039	0.650961	0.09320985	0.108819	0.0885022	0.046691	0.0199188	0.0150548	0.00730866	0.000116393	0	5.233088	1.89876	0.6509612	0.3490388	79.20631
1330	12.9392	-31.0229	43.9621	0.609773	0.390227	0.3664747	0.105407	0.0897119	0.047298	0.0204947	0.0149395	0.00724149	0.000117459	0	1.882331	1.997841	0.3902272	0.6097728	99.50416
1340	14.4054	-28.6298	43.0353	0.0626329	0.937367	1.622805	0.10595	0.088043	0.0456603	0.0205965	0.014857	0.00741965	0.00011674	0	2.809181	1.953079	0.9373671	0.06263287	89.7592
1350	7.06328	-37.5605	44.6238	0.532381	0.467619	4.492943	0.109314	0.0886667	0.0466126	0.0207611	0.0148485	0.00749996	0.000116895	0	1.220618	1.770137	0.467619	0.532381	58.90291
1360	13.648	-29.8876	43.5356	0.203911	0.796089	1.71955	0.105767	0.0892701	0.0462118	0.0204448	0.0150416	0.00733335	0.00011335	0	2.308851	1.931308	0.7960893	0.2039107	85.37058
1370	10.8907	-31.2529	42.1437	0.134087	0.865913	2.003133	0.105165	0.0882458	0.0467845	0.0205973	0.0149533	0.00731801	0.000113214	0	3.700787	1.580289	0.8659131	0.1340869	38.04428
1380	13.1262	-26.8311	39.9573	0.0251041	0.974896	0.5794192	0.105134	0.0889202	0.0457522	0.0203101	0.0150256	0.00721126	0.000115146	0	5.887155	1.800321	0.9748959	0.0251041	63.14235
1390	11.7158	-32.3318	44.0476	0.0769515	0.923048	1.38038	0.106547	0.0863772	0.0469341	0.0198762	0.014725	0.00729255	0.000114629	0	1.796854	1.712966	0.9230485	0.07695154	51.63762
1400	13.5981	-28.1078	41.7058	0.483062	0.516938	1.078668	0.104544	0.0853021	0.0460969	0.0201131	0.0147395	0.00734823	0.000116592	0	4.138605	1.9422	0.5169384	0.4830616	87.53866
1410	8.4787	-30.1663	38.645	0.372257	0.627743	1.575367	0.104147	0.0854634	0.0454327	0.0202138	0.0147486	0.00750527	0.000118217	0	7.199472	1.485261	0.6277426	0.3722574	30.56757
1420	13.322	-26.9851	40.3071	0.583906	0.416094	0.09129579	0.104104	0.0858483	0.045405	0.0200101	0.0149381	0.00731716	0.000115087	0	5.537362	1.996693	0.4160941	0.5839059	99.24142
1430	13.0402	-25.4447	38.4849	0.0475878	0.952412	0.5611036	0.107637	0.0854926	0.0471024	0.0207122	0.0149742	0.00726015	0.000112705	0	7.359593	1.975876	0.9524122	0.04758782	94.5967
1440	13.2259	-27.3985	40.6243	0.633333	0.366667	0.169102	0.109149	0.0872093	0.0459428	0.0204469	0.0146802	0.00736706	0.000114087	0	5.220126	1.979454	0.3666672	0.6333328	95.37916
1450	14.1775	-27.467	41.6445	0.213995	0.786005	0.07691054	0.108216	0.0871341	0.0460503	0.0202404	0.0144317	0.00738771	0.00011452	0	4.199973	1.91594	0.7860052	0.2139948	82.40243
1460	13.6016	-27.8384	41.44	0.597913	0.402087	0.2325255	0.107688	0.0885777	0.0453352	0.0199675	0.0143182	0.00721259	0.000116317	0	4.404405	1.974023	0.4020866	0.5979134	94.19398
1470	12.6602	-27.8667	40.5269	0.491765	0.508235	2.143498	0.108831	0.0864428	0.0452575	0.0202196	0.0150489	0.00724331	0.000116261	0	5.317549	1.961249	0.5082346	0.4917654	91.46369
1480	14.6565	-28.5413	43.1978	0.00851982	0.99148	0.5560287	0.106588	0.0865653	0.0469528	0.0203835	0.0149613	0.00731212	0.000118143	0	2.646674	1.94347	0.9914802	0.008519821	87.79498
1490	14.0197	-27.8569	41.8766	0.141713	0.858287	0.4211547	0.106261	0.0887972	0.0458863	0.0201825	0.0148662	0.00741769	0.000113981	0	3.967891	1.862966	0.8582866	0.1417134	72.93998
1500	13.8132	-27.8316	41.6448	0.153122	0.846878	1.330672	0.108413	0.0872378	0.0458008	0.0206579	0.0149017	0.00746472	0.000114673	0	4.199669	1.886557	0.8468783	0.1531217	77.01177
1510	11.5759	-29.7451	41.321	0.137403	0.862597	2.150403	0.10652	0.0879021	0.0461636	0.0205889	0.0150268	0.0074815	0.000117384	0	4.523469	1.667669	0.8625973	0.1374027	46.52314
1520	11.9265	-32.106	44.0325	0.348809	0.651191	3.702993	0.107341	0.0885704	0.0471178	0.0200619	0.0150446	0.00743499	0.000114079	0	1.81193	1.979584	0.6511912	0.3488088	95.4079
1530	13.2991	-30.254	43.5531	0.077785	0.922215	2.928407	0.108955	0.0883307	0.0474015	0.0198608	0.0147038	0.00720873	0.000114636	0	2.291373	1.946063	0.922215	0.07778504	88.32071
1540	14.2166	-27.6182	41.8348	0.203202	0.796798	1.545667	0.108722	0.0869533	0.0467363	0.0207157	0.015014	0.0072384	0.000117497	0	4.009625	1.971467	0.7967983	0.2032017	93.64131
1550	13.6446	-28.6418	42.2865	0.282768	0.717232	0.1007851	0.108624	0.0887912	0.0471013	0.0207233	0.0150217	0.00751189	0.000116684	0	3.557989	1.828141	0.7172316	0.2827684	67.3195
1560	13.6171	-29.458	43.0751	0.296976	0.703024	0.6825064	0.107142	0.0878484	0.0464604	0.020421	0.0148262	0.00737443	0.000118021	0	2.769387	1.863139	0.7030239	0.2969761	72.96904
1570	14.0746	-28.8413	42.9159	0.216586	0.783414	0.2478572	0.105133	0.0869834	0.0457737	0.0202454	0.0148909	0.00727981	0.000112555	0	2.928532	1.909974	0.7834137	0.2165863	81.2782
1580	13.2041	-30.2109	43.4151	0.0572147	0.942785	2.305257	0.105001	0.0895027	0.0451479	0.0203623	0.0149329	0.00741728	0.000115097	0	2.429371	1.859708	0.9427853	0.05721466	72.39491
1590	13.7175	-28.198	41.9155	0.463696	0.536304	0.5030075	0.108853	0.0865594	0.0458187	0.0198642	0.0149198	0.00754124	0.000113877	0	3.928935	1.929415	0.536304	0.463696	84.99926
1600	12.6333	-30.4123	43.0456	0.445399	0.554601	0.4014246	0.107059	0.089357	0.0455371	0.0199118	0.0149643	0.00724389	0.000115163	0	2.798846	1.77147	0.5546006	0.4453994	59.08402
1610	13.0796	-26.2791	39.3586	0.101811	0.898189	1.833315	0.107933	0.0879927	0.0453792	0.0198843	0.0146957	0.00722217	0.000114866	0	6.485831	1.997222	0.8981886	0.1018114	99.36246
1620	14.1161	-27.5771	41.6932	0.111992	0.888008	1.073575	0.108802	0.0878656	0.04631	0.0205331	0.0143718	0.00739115	0.000112808	0	4.151284	1.910675	0.8880084	0.1119916	81.40953
1630	10.6226	-29.0125	39.6351	0.314896	0.685104	1.310321	0.104028	0.0881271	0.0474528	0.0201381	0.0143327	0.00745002	0.000116187	0	6.209349	1.611383	0.6851045	0.3148955	40.86797
1640	13.4645	-27.0112	40.4757	0.21417	0.78583	0.595412	0.104481	0.089426	0.047143	0.0204092	0.0143484	0.00744664	0.000117526	0	5.368785	1.870509	0.7858305	0.2141695	74.218
1650	13.2787	-31.0283	44.307	0.0118981	0.988102	0.8091351	0.104098	0.089531	0.0458915	0.0208174	0.0146812	0.0072769	0.00011762	0	1.537397	1.931814	0.9881019	0.01189811	85.47003
1660	13.6356	-28.8465	42.4821	0.1567	0.8433	1.302729	0.107875	0.0883252	0.0456441	0.0198699	0.0145813	0.00721232	0.000112967	0	3.362353	1.846318	0.8432997	0.1567003	70.19689
1670	11.0709	-29.3735	40.4445	0.821731	0.178269	0.9947859	0.107686	0.0870613	0.0457216	0.0205482	0.0144405	0.00723426	0.00011575	0	5.399993	1.776957	0.1782691	0.8217309	59.83525
1680	9.65568	-30.1663	39.8219	0.75039	0.24961	2.083222	0.107799	0.0853307	0.0454425	0.0206612	0.0143593	0.0074476	0.000113239	0	6.02251	1.702235	0.2496101	0.7503899	50.3773
1690	10.4309	-32.2664	42.6973	0.384801	0.615199	1.733161	0.108452	0.0866963	0.0461385	0.0200487	0.0143126	0.00726193	0.000115823	0	3.147142	1.577065	0.6151992	0.3848008	37.76287
1700	12.0312	-30.3018	42.333	0.674953	0.325047	3.240418	0.10494	0.0882578	0.0468087	0.0199937	0.014393	0.00751026	0.000113232	0	3.511402	1.968894	0.325047	0.674953	93.08808
1710	8.39797	-33.8646	42.2626	0.00799542	0.992005	4.78286	0.107927	0.0892818	0.0460194	0.0201124	0.0149802	0.00732273	0.000114878	0	3.581881	1.642146	0.9920046	0.007995424	43.86784
1720	12.7269	-30.413	43.1399	0.54146	0.45854	0.8778098	0.107511	0.0885356	0.0458179	0.020361	0.0150045	0.00755073	0.000118307	0	2.704513	1.826481	0.4585396	0.5414604	67.06276
1730	10.1193	-33.2078	43.3271	0.342632	0.657368	1.909247	0.106979	0.0893599	0.046564	0.020357	0.0145292	0.00753433	0.000113441	0	2.517341	1.580067	0.6573685	0.3426315	38.02482
1740	13.4581	-28.4738	41.9318	0.436518	0.563482	1.209909	0.10546	0.0875259	0.0472676	0.020703	0.0145254	0.00750478	0.000115406	0	3.912645	1.90246	0.5634816	0.4365184	79.88407
1750	14.0095	-29.1135	43.1231	0.3035	0.6965	0.8171181	0.105517	0.0860488	0.0470626	0.0206282	0.0145272	0.00744664	0.000118136	0	2.721394	1.932472	0.6965003	0.3034997	85.59965
1760	8.9364	-28.0728	37.0092	0.0102973	0.989703	1.999883	0.108819	0.0868768	0.0464179	0.0201692	0.0146014	0.00746664	0.000113203	0	8.835266	1.621685	0.9897027	0.01029727	41.84897
1770	13.716	-29.0186	42.7346	0.0240097	0.97599	2.282924	0.107493	0.0861599	0.0456367	0.0202424	0.0144937	0.00743721	0.00011299	0	3.109836	1.894845	0.9759903	0.02400971	78.49556
1780	10.9802	-31.0498	42.0301	0.799204	0.200796	2.208655	0.104795	0.0862143	0.0453007	0.0198329	0.0147437	0.00744628	0.000115163	0	3.814365	1.792759	0.2007957	0.7992043	62.05239
1790	13.4744	-29.5449	43.0192	0.229817	0.770183	1.224234	0.106545	0.0854375	0.0455027	0.0199041	0.0144419	0.00725203	0.000115643	0	2.82521	1.846798	0.7701831	0.2298169	70.27461
1800	14.2005	-29.2935	43.494	0.185417	0.814583	0.3915772	0.109356	0.0857981	0.0462061	0.0203634	0.0146076	0.00730583	0.00011537	0	2.35042	1.964347	0.8145825	0.1854175	92.11849
1810	12.4432	-27.8038	40.247	0.000394897	0.999605	0.6245877	0.109085	0.0858471	0.0459627	0.0203667	0.0143588	0.00739057	0.000118136	0	5.597468	1.658727	0.9996051	0.0003948971	45.57506
1820	12.4196	-28.0287	40.4483	0.424374	0.575626	1.04933	0.107719	0.0879088	0.0467926	0.0206354	0.0147967	0.00747197	0.000115364	0	5.396134	1.805915	0.5756265	0.4243735	63.961
1830	13.8101	-29.746	43.5561	0.20968	0.79032	1.078301	0.107558	0.0877368	0.0474175	0.0206521	0.0143217	0.00750094	0.000113288	0	2.28833	1.929858	0.7903199	0.2096801	85.08605
1840	13.4384	-26.2854	39.7238	0.0933934	0.906607	1.469214	0.10404	0.0867526	0.047015	0.0203032	0.0146137	0.00751059	0.000112775	0	6.120619	1.984694	0.9066066	0.09339338	96.53709
1850	12.787	-29.1427	41.9297	0.290509	0.709491	2.403836	0.104704	0.0859245	0.0467615	0.019914	0.014794	0.00740826	0.000116569	0	3.914719	1.856882	0.7094906	0.2905094	71.92527
1860	13.5564	-26.5741	40.1305	0.01917	0.98083	1.860505	0.106624	0.0871542	0.0466927	0.0198858	0.014788	0.00745639	0.000115217	0	5.713906	1.966079	0.98083	0.01917003	92.48667
1870	13.3316	-28.6936	42.0252	0.367229	0.632771	0.7260228	0.106987	0.0895531	0.0460327	0.0200899	0.0143172	0.00729874	0.000113227	0	3.819265	1.83755	0.6327707	0.3672293	68.79395
1880	12.8937	-28.8532	41.7469	0.419665	0.580335	0.3530372	0.106262	0.0870018	0.0463247	0.0199175	0.0144255	0.00750894	0.000113959	0	4.097534	1.775656	0.5803353	0.4196647	59.65629
1890	12.993	-28.5628	41.5558	0.129699	0.870301	1.971148	0.106	0.0866627	0.0472513	0.0206933	0.0145707	0.00738485	0.000112467	0	4.288618	1.821494	0.870301	0.129699	66.29708
1900	13.9497	-29.1052	43.0549	0.0473325	0.952668	2.005333	0.108257	0.0880456	0.0471874	0.0208269	0.014581	0.00738449	0.000117723	0	2.789579	1.905957	0.9526675	0.04733246	80.52983
1910	14.0125	-27.6804	41.6929	0.0194339	0.980566	1.333183	0.107131	0.0863909	0.0460486	0.0205151	0.0148625	0.00755735	0.000115418	0	4.151541	1.871792	0.9805661	0.01943394	74.43746
1920	14.218	-27.6373	41.8552	0.113731	0.886269	0.2047754	0.10411	0.0859966	0.0457792	0.0203832	0.0149465	0.00744736	0.000117211	0	3.989207	1.873331	0.8862693	0.1137307	74.70174
1930	14.4953	-26.709	41.2043	0.0369138	0.963086	1.342615	0.10855	0.0878732	0.0453871	0.0201938	0.014873	0.00754482	0.000117032	0	4.640176	1.989422	0.9630862	0.03691379	97.59377
1940	13.1321	-29.431	42.5631	0.458865	0.541135	2.151928	0.10846	0.0867255	0.0464552	0.0205052	0.0144148	0.00742658	0.000115018	0	3.28139	1.923042	0.5411351	0.4588649	83.76098
1950	13.7932	-29.1942	42.9874	0.14621	0.85379	2.495725	0.108813	0.0880654	0.0473658	0.0208153	0.0143797	0.0074536	0.000113691	0	2.857087	1.961096	0.8537897	0.1462103	91.43158
1960	12.1404	-30.6178	42.7582	0.633593	0.366407	2.748188	0.106068	0.0887879	0.0467738	0.0208242	0.0147787	0.00736349	0.000113817	0	3.086255	1.911676	0.3664072	0.6335928	81.59738
1970	14.2717	-28.855	43.1267	0.0364381	0.963562	1.42373	0.105194	0.0866542	0.0457411	0.0200768	0.0147758	0.00752606	0.000114161	0	2.717756	1.923152	0.9635619	0.03643815	83.78221
1980	13.9043	-28.4736	42.3779	0.290602	0.709398	1.799	0.107168	0.0887804	0.0459537	0.0205059	0.0145505	0.0075165	0.000115832	0	3.466552	1.953374	0.7093984	0.2906016	89.82025
1990	8.72571	-29.9906	38.7164	0.812487	0.187513	3.257383	0.104172	0.0883411	0.0467361	0.020435	0.0143645	0.00755411	0.000115817	0	7.128088	1.827488	0.1875133	0.8124867	67.21844
2000	12.2357	-30.4142	42.6499	0.23503	0.76497	1.322298	0.106752	0.0857789	0.0455326	0.019973	0.0147429	0.00743494	0.000114252	0	3.194583	1.688557	0.7649701	0.2350299	48.81536
2010	13.11	-30.4881	43.5981	0.490328	0.509672	1.012617	0.106921	0.0857198	0.0451655	0.0205608	0.014979	0.0075363	0.000116079	0	2.246344	1.914568	0.5096721	0.4903279	82.1426
2020	13.436	-27.7418	41.1778	0.466048	0.533952	1.082558	0.104951	0.0884162	0.0460847	0.0207266	0.0148845	0.00751932	0.000117444	0	4.66669	1.933941	0.5339521	0.4660479	85.88973
2030	11.5168	-27.7926	39.3093	0.581652	0.418348	1.841237	0.104476	0.0872541	0.0454148	0.0206335	0.0146453	0.00755239	0.000113329	0	6.535099	1.900773	0.4183477	0.5816523	79.57427
2040	12.5402	-25.1299	37.6701	0.0173653	0.982635	0.2362249	0.106796	0.0854333	0.04515	0.0205891	0.0147133	0.00749863	0.000114573	0	8.174344	1.949893	0.9826347	0.01736529	89.10317
2050	11.2443	-30.0865	41.3308	0.232072	0.767928	3.511315	0.107167	0.0869604	0.0464837	0.0207489	0.0146444	0.00738275	0.00011433	0	4.513642	1.812526	0.7679277	0.2320723	64.94213
2060	12.6352	-30.8233	43.4585	0.10462	0.89538	1.502235	0.105694	0.0873977	0.0452996	0.0205245	0.0145341	0.00747066	0.000115054	0	2.385949	1.750679	0.8953804	0.1046196	56.32216
2070	12.2965	-29.0676	41.3641	0.712201	0.287799	0.7779556	0.10499	0.0897206	0.045699	0.0198687	0.0144671	0.00746405	0.000115262	0	4.48038	1.8331	0.287799	0.712201	68.09265
2080	13.0234	-29.9897	43.0131	0.374696	0.625304	1.727642	0.104109	0.0886398	0.0451568	0.0200126	0.0147777	0.00721074	0.000112759	0	2.831329	1.865108	0.6253043	0.3746957	73.30075
2090	13.8982	-27.2799	41.1781	0.403076	0.596924	0.5014496	0.105304	0.0889754	0.0465917	0.0199899	0.0147711	0.00748012	0.00011674	0	4.666338	1.96618	0.596924	0.403076	92.50808
2100	12.8268	-29.0113	41.8381	0.759486	0.240514	0.679243	0.105126	0.0869124	0.0466041	0.0200711	0.0143276	0.00727071	0.000117646	0	4.006343	1.916862	0.2405135	0.7594865	82.57755
2110	14.4681	-28.9058	43.3739	0.0134326	0.986567	1.224898	0.105	0.089306	0.0455162	0.0200298	0.0147817	0.00736137	0.000115738	0	2.470555	1.951747	0.9865674	0.01343256	89.48442
2120	14.1542	-29.0777	43.2319	0.0654196	0.93458	1.610861	0.104266	0.0879501	0.0457292	0.0203887	0.0146179	0.00756507	0.000112629	0	2.612556	1.934305	0.9345804	0.06541955	85.96174
2130	12.5026	-25.7922	38.2948	0.144098	0.855902	0.9572113	0.10686	0.0886906	0.0468688	0.0205738	0.0144093	0.00755609	0.000114315	0	7.549638	1.954805	0.8559023	0.1440977	90.11657
2140	11.85	-27.9005	39.7505	0.480464	0.519536	2.34322	0.107968	0.0888687	0.0467268	0.0204956	0.0145374	0.00749012	0.000113546	0	6.093965	1.928236	0.519536	0.480464	84.76881
2150	13.7307	-26.2597	39.9904	0.035804	0.964196	0.7590422	0.109289	0.0884984	0.0466419	0.0204979	0.014573	0.00722558	0.000115765	0	5.854046	1.921393	0.964196	0.03580399	83.44357
2160	13.5669	-28.1795	41.7463	0.107962	0.892038	2.51801	0.106802	0.0866959	0.0464643	0.0203117	0.014455	0.00725827	0.000114117	0	4.098104	1.942135	0.8920381	0.1079619	87.52553
2170	12.9977	-26.9054	39.9031	0.0384212	0.961579	0.7939522	0.108234	0.0872173	0.046008	0.0201841	0.0149283	0.00720844	0.000115108	0	5.941337	1.802831	0.9615788	0.03842119	63.50836
2180	12.0539	-27.9197	39.9737	0.740313	0.259687	0.7797954	0.108986	0.089521	0.0460404	0.0206698	0.0149228	0.00731352	0.000115164	0	5.870789	1.903232	0.2596866	0.7403134	80.02625
2190	13.6052	-27.4063	41.0115	0.0520978	0.947902	0.1018841	0.108037	0.0861807	0.0464573	0.0199093	0.0145664	0.00731219	0.000113064	0	4.832972	1.792157	0.9479022	0.05209783	61.96644
2200	12.2266	-26.8433	39.0699	0.461024	0.538976	0.1651032	0.108572	0.0891546	0.0465893	0.0203128	0.0146896	0.00731202	0.000114312	0	6.774572	1.86508	0.538976	0.461024	73.29604
2210	11.9219	-27.7556	39.6775	0.128869	0.871131	1.686622	0.10765	0.0885888	0.0467045	0.0204225	0.0149455	0.00723213	0.000113202	0	6.166919	1.767941	0.8711313	0.1288687	58.60588
2220	11.9691	-28.5248	40.4939	0.617093	0.382907	0.909343	0.105656	0.0869523	0.0462157	0.0207042	0.0149965	0.00741188	0.000113134	0	5.350536	1.802406	0.3829068	0.6170932	63.44633
2230	14.1744	-27.4415	41.6159	0.192772	0.807228	0.1624306	0.105576	0.0852863	0.0462788	0.0201386	0.0150387	0.00755264	0.000117057	0	4.228567	1.901555	0.8072277	0.1927723	79.71768
2240	11.8226	-29.8149	41.6375	0.532649	0.467351	0.6259661	0.106436	0.0869093	0.0470932	0.0200479	0.0149491	0.00756327	0.000117525	0	4.20694	1.672836	0.4673506	0.5326494	47.07999
2250	14.7299	-28.3858	43.1157	0.00134475	0.998655	0.1379905	0.106414	0.0862187	0.0468889	0.0198195	0.0149871	0.00748378	0.000117337	0	2.728773	1.949659	0.9986553	0.00134475	89.05515
2260	12.2865	-28.9054	41.1919	0.510318	0.489682	1.133772	0.104288	0.0896134	0.0474289	0.0198186	0.0150268	0.00755582	0.00011696	0	4.652524	1.772473	0.4896824	0.5103176	59.22056
2270	9.56107	-33.3356	42.8967	0.0432656	0.956734	5.742336	0.106618	0.0876825	0.0453605	0.020067	0.014963	0.0072326	0.000115455	0	2.947729	1.87013	0.9567344	0.04326558	74.15324
2280	13.6142	-30.3132	43.9274	0.251212	0.748788	0.894499	0.107884	0.0888661	0.0453932	0.0201752	0.0149952	0.00727049	0.00011512	0	1.917056	1.964561	0.748788	0.251212	92.16398
2290	11.7187	-26.9873	38.706	0.166465	0.833535	2.634004	0.107034	0.0885735	0.0457131	0.0202779	0.0146696	0.00732468	0.000117201	0	7.138496	1.950066	0.8335347	0.1664653	89.13859
2300	12.4772	-26.9557	39.4328	0.223611	0.776389	1.649687	0.106636	0.0876681	0.0454852	0.0206095	0.0147393	0.00729307	0.000118121	0	6.411606	1.889777	0.7763885	0.2236115	77.5848
2310	11.3425	-28.116	39.4585	0.531264	0.468736	0.4888541	0.104452	0.0890429	0.0452806	0.0203112	0.0149083	0.00741128	0.000117375	0	6.385984	1.714549	0.4687358	0.5312642	51.82617
2320	12.5199	-30.0618	42.5817	0.460074	0.539926	3.309602	0.106714	0.0889588	0.0453223	0.0204859	0.0148628	0.00729616	0.000117685	0	3.262781	1.955199	0.5399256	0.4600744	90.19849
2330	13.8079	-27.4093	41.2172	0.14998	0.85002	0.383861	0.105087	0.0865087	0.0458911	0.0206384	0.0148944	0.00733419	0.000113823	0	4.627223	1.857145	0.85002	0.14998	71.96898
2340	13.4451	-29.4862	42.9313	0.380823	0.619177	1.235911	0.105218	0.0882584	0.0469327	0.0206243	0.0149881	0.00731132	0.000116543	0	2.913184	1.882326	0.6191769	0.3808231	76.2651
2350	13.4165	-30.3854	43.8019	0.0831964	0.916804	0.1381391	0.108489	0.0888315	0.0468831	0.0200586	0.0145513	0.00736479	0.000116435	0	2.042546	1.855811	0.9168036	0.08319636	71.74819
2360	10.9316	-32.3851	43.3167	0.11883	0.88117	5.418622	0.106911	0.0891412	0.0455581	0.0198265	0.0148676	0.00728654	0.000116499	0	2.527727	1.979099	0.8811697	0.1188303	95.30139
2370	9.43499	-34.0798	43.5148	0.0272028	0.972797	6.210211	0.10717	0.0894306	0.0454596	0.0201079	0.0148899	0.00721668	0.00011536	0	2.329633	1.933542	0.9727972	0.0272028	85.81079
2380	13.7494	-29.0337	42.7832	0.248192	0.751808	1.250128	0.106847	0.0884289	0.0472849	0.0200371	0.0146175	0.0075091	0.000112851	0	3.061258	1.889625	0.7518076	0.2481924	77.55772
2390	12.2659	-29.6839	41.9498	0.429929	0.570071	2.66191	0.108613	0.0880124	0.0472462	0.0205437	0.0147586	0.00748695	0.000112999	0	3.894668	1.862205	0.5700707	0.4299293	72.81237
2400	13.8831	-27.7925	41.6756	0.419947	0.580053	0.6201582	0.106966	0.0894563	0.0460349	0.0204846	0.0147243	0.00744314	0.000112601	0	4.168865	1.959417	0.580053	0.419947	91.07871
2410	13.442	-30.2805	43.7224	0.38322	0.61678	1.634424	0.106463	0.0894697	0.0456989	0.0199228	0.0146174	0.00728253	0.000114222	0	2.122003	1.972134	0.6167798	0.3832202	93.78503
2420	14.4178	-28.0045	42.4223	0.132666	0.867334	0.1508425	0.104986	0.0874648	0.047302	0.0204237	0.0143056	0.00753889	0.000113343	0	3.422177	1.921494	0.8673343	0.1326657	83.46297
2430	12.9665	-28.7079	41.6744	0.636159	0.363841	0.3507474	0.104381	0.0883164	0.0468963	0.020204	0.0145454	0.00753515	0.00011575	0	4.170065	1.871968	0.3638412	0.6361588	74.46775
2440	12.7536	-28.8449	41.5985	0.530119	0.469881	2.855844	0.104617	0.0884513	0.0468011	0.0199103	0.0144112	0.00750703	0.000118232	0	4.245929	1.985408	0.469881	0.530119	96.69579
2450	14.1507	-27.4409	41.5915	0.277511	0.722489	1.525308	0.105333	0.0895037	0.0472938	0.0208471	0.0149251	0.00746682	0.000117632	0	4.252911	1.995674	0.722489	0.277511	99.00881
2460	14.1667	-28.7225	42.8891	0.254892	0.745108	0.2516886	0.1076	0.087865	0.046629	0.0207111	0.0143213	0.00731988	0.000117917	0	2.955305	1.921755	0.7451075	0.2548925	83.51323
2470	14.6279	-27.9144	42.5423	0.143258	0.856742	0.1100398	0.106662	0.0890839	0.0469846	0.0206008	0.0144025	0.00721722	0.000116915	0	3.302112	1.956343	0.8567424	0.1432576	90.43635
2480	12.4919	-25.6462	38.1381	0.20413	0.79587	0.1775692	0.104739	0.0888906	0.0454065	0.0200823	0.0144887	0.00736024	0.000117066	0	7.706325	1.928912	0.7958702	0.2041298	84.90084
2490	13.3667	-27.1977	40.5645	0.195582	0.804418	0.1180652	0.104443	0.0883444	0.0462663	0.0200242	0.0146969	0.00738371	0.000113851	0	5.279997	1.828158	0.8044176	0.1955824	67.32221
2500	12.3246	-26.6683	38.9928	0.254473	0.745527	0.418487	0.105603	0.088466	0.0469871	0.0201738	0.01486	0.00740161	0.00011274	0	6.851599	1.833088	0.7455268	0.2544732	68.09066
2510	13.2064	-29.9683	43.1747	0.0712234	0.928777	3.210966	0.106781	0.0897377	0.0470487	0.0204945	0.0149745	0.00750254	0.000115356	0	2.669727	1.936204	0.9287766	0.07122342	86.33842
2520	14.319	-29.1522	43.4712	0.0346749	0.965325	1.913279	0.104873	0.0890041	0.0469012	0.0205853	0.0147105	0.00744108	0.000114089	0	2.373263	1.983035	0.9653251	0.03467486	96.169
2530	12.9553	-27.9919	40.9471	0.733825	0.266175	0.9022622	0.106769	0.0894513	0.0465575	0.0205565	0.0148791	0.00726812	0.000113301	0	4.89732	1.991278	0.2661753	0.7338247	98.01169
2540	12.9745	-26.121	39.0956	0.0565624	0.943438	1.721644	0.107497	0.0884461	0.0453982	0.020119	0.0145328	0.00722229	0.000115875	0	6.748888	1.979702	0.9434376	0.05656239	95.43365
2550	14.7929	-28.3702	43.1631	0.00675371	0.993246	0.8265732	0.106014	0.0878345	0.045169	0.0203954	0.0145317	0.00738417	0.000115048	0	2.68138	1.976912	0.9932463	0.00675371	94.82266
2560	13.9988	-27.9688	41.9676	0.0533647	0.946635	0.7128756	0.104921	0.0897221	0.0452019	0.0199354	0.0143107	0.00727623	0.000116101	0	3.876822	1.834209	0.9466353	0.05336466	68.26679
2570	12.2091	-31.3353	43.5444	0.369397	0.630603	0.4383048	0.10705	0.0893683	0.0452685	0.0202294	0.0146188	0.0072873	0.000113534	0	2.300003	1.744856	0.6306026	0.3693974	55.57204
2580	11.4555	-30.5332	41.9887	0.496241	0.503759	2.465708	0.107483	0.0881681	0.045626	0.020313	0.014635	0.00729052	0.000115233	0	3.855709	1.763425	0.5037593	0.4962407	57.99956
2590	8.24904	-29.5404	37.7894	0.67579	0.32421	0.7193048	0.107355	0.0878699	0.0455405	0.0208235	0.0145973	0.00732653	0.000116438	0	8.055001	1.522432	0.3242103	0.6757897	33.29903
2600	11.7166	-30.4722	42.1887	0.228788	0.771212	0.2828788	0.104422	0.0867329	0.0459237	0.0200213	0.0143979	0.00747117	0.000113893	0	3.655714	1.566321	0.7712119	0.2287881	36.84014
2610	12.8768	-30.2134	43.0901	0.180054	0.819946	1.275685	0.105787	0.0881861	0.0460846	0.0203094	0.0143485	0.00746815	0.000117192	0	2.754301	1.756161	0.8199457	0.1800543	57.03757
2620	12.8454	-27.521	40.3665	0.147713	0.852287	1.381495	0.105395	0.0886632	0.0472373	0.020239	0.0148625	0.00733118	0.000117231	0	5.477992	1.813185	0.8522873	0.1477127	65.04067
2630	13.2584	-26.2635	39.5219	0.210525	0.789475	0.3799594	0.10661	0.087912	0.0470962	0.0207278	0.0144334	0.00743261	0.000115027	0	6.322578	1.924354	0.7894754	0.2105246	84.0144
2640	13.4956	-29.1775	42.673	0.0784435	0.921557	2.723332	0.109103	0.0896877	0.0465793	0.0201065	0.0148654	0.00750686	0.000114513	0	3.171428	1.917665	0.9215565	0.07844348	82.7303
2650	12.9964	-28.6725	41.6689	0.215899	0.784101	2.373217	0.107389	0.0895021	0.0473229	0.0198277	0.0145842	0.0074319	0.000113451	0	4.175539	1.878358	0.7841008	0.2158992	75.57155
2660	12.3368	-28.3307	40.6675	0.827151	0.172849	1.607441	0.104089	0.0896844	0.047204	0.0198245	0.0145172	0.00749999	0.000117738	0	5.176924	1.994505	0.1728491	0.8271509	98.74264
2670	13.5402	-29.7319	43.2721	0.272515	0.727485	1.754464	0.104205	0.0885187	0.0466788	0.0205486	0.0147379	0.00740986	0.000118207	0	2.572337	1.90483	0.7274847	0.2725153	80.32109
2680	14.1377	-29.0115	43.1492	0.0470085	0.952991	0.6999308	0.106014	0.0888258	0.0467742	0.0201002	0.0145524	0.00753027	0.00011627	0	2.695248	1.873308	0.9529915	0.04700854	74.69788
2690	14.0476	-28.8368	42.8844	0.247409	0.752591	1.863177	0.105831	0.0894898	0.0468856	0.0207087	0.0146629	0.00732864	0.000115934	0	2.960003	1.968983	0.7525906	0.2474094	93.10722
2700	13.8803	-30.1707	44.051	0.0730891	0.926911	1.616514	0.104538	0.0892869	0.046021	0.0207333	0.0143893	0.00750453	0.000116845	0	1.793463	1.987113	0.9269109	0.07308905	97.07614
2710	13.7098	-26.2286	39.9385	0.0782715	0.921729	1.31911	0.107468	0.0878908	0.0452232	0.0206925	0.0148481	0.00743733	0.000116301	0	5.905979	1.980772	0.9217285	0.07827146	95.66923
2720	9.68892	-30.3124	40.0013	0.0933811	0.906619	5.314916	0.109328	0.0892638	0.0452264	0.02019	0.0146939	0.00749841	0.000114451	0	5.843133	1.94717	0.9066189	0.09338106	88.54626
2730	13.1935	-29.5451	42.7386	0.0275828	0.972417	0.463814	0.104984	0.0896949	0.0454451	0.0202885	0.0148696	0.00741114	0.000115101	0	3.105825	1.706851	0.9724172	0.02758281	50.91561
2740	11.8525	-27.5152	39.3677	0.162227	0.837773	1.095902	0.1048	0.0876936	0.0455734	0.0203176	0.0143354	0.00746979	0.000118086	0	6.476791	1.724114	0.8377725	0.1622275	52.98029
2750	12.5691	-31.9317	44.5007	0.298572	0.701428	0.5430499	0.105523	0.085775	0.0456242	0.0198887	0.0144905	0.00734078	0.000117283	0	1.343708	1.991223	0.7014285	0.2985715	97.99935
2760	14.2283	-28.4024	42.6307	0.0919875	0.908012	2.347145	0.108532	0.0855441	0.0455467	0.0199196	0.0144943	0.00734474	0.000117177	0	3.213721	1.984936	0.9080125	0.09198755	96.59089
2770	9.31551	-30.4669	39.7824	0.464857	0.535143	1.697964	0.1059	0.0858626	0.0451404	0.0205487	0.0144627	0.00730578	0.000116717	0	6.062009	1.541704	0.5351434	0.4648566	34.80997
2780	11.7386	-27.7026	39.4412	0.467007	0.532993	1.727153	0.105501	0.0853465	0.0458594	0.0199778	0.0149241	0.00744962	0.000118077	0	6.403231	1.855775	0.5329931	0.4670069	71.74221
2790	12.6402	-29.3713	42.0115	0.911191	0.0888092	0.4388539	0.106599	0.0885214	0.0470093	0.0204262	0.0147826	0.00755794	0.000117707	0	3.832987	1.987792	0.08880917	0.9111908	97.22815
2800	12.6517	-30.4204	43.072	0.223779	0.776221	1.116928	0.105674	0.0882761	0.0457551	0.0207843	0.0147469	0.00747369	0.000117861	0	2.772413	1.728911	0.7762215	0.2237785	53.56864
2810	14.3139	-28.129	42.4429	0.355904	0.644096	1.127262	0.105773	0.0871256	0.0456828	0.020364	0.0148565	0.0075556	0.000117146	0	3.401515	1.998431	0.6440964	0.3559036	99.63949
2820	14.2587	-28.5412	42.7999	0.34919	0.65081	0.508919	0.10709	0.0884428	0.046281	0.0205581	0.0149695	0.00727999	0.00011665	0	3.04451	1.974987	0.6508096	0.3491904	94.40331
2830	13.9385	-28.4965	42.435	0.422518	0.577482	0.2928493	0.105441	0.0886612	0.0453821	0.0207774	0.0149031	0.00729605	0.000116322	0	3.40943	1.936281	0.5774818	0.4225182	86.35362
2840	13.617	-29.3139	42.931	0.449519	0.550481	0.7169831	0.10432	0.0890387	0.0462926	0.0206182	0.0146458	0.00738878	0.000115248	0	2.913483	1.916115	0.5504813	0.4495187	82.43556
2850	10.8159	-28.316	39.1318	0.23941	0.76059	2.360817	0.104913	0.087784	0.0452604	0.0208449	0.0148324	0.00732207	0.000114278	0	6.712598	1.765232	0.7605901	0.2394099	58.24143
2860	11.9119	-28.9185	40.8304	0.128208	0.871792	2.003919	0.104864	0.0862785	0.0459068	0.0207778	0.0147251	0.00730396	0.0001128	0	5.014073	1.720632	0.8717918	0.1282082	52.55718
2870	14.3564	-28.1906	42.547	0.197736	0.802264	1.503824	0.104597	0.0855852	0.0469782	0.0199851	0.0150471	0.00748186	0.000112497	0	3.297472	1.984488	0.8022645	0.1977355	96.49119
2880	11.9743	-31.6442	43.6185	0.669828	0.330172	0.2373972	0.104832	0.0881005	0.0471657	0.0202009	0.0146971	0.00734083	0.000113507	0	2.22594	1.829293	0.330172	0.669828	67.49833
2890	8.81604	-31.673	40.4891	0.557348	0.442652	2.595283	0.105483	0.089475	0.0468069	0.0198858	0.0146721	0.0075115	0.000117608	0	5.355365	1.575705	0.4426516	0.5573484	37.64478
2900	13.1747	-30.8913	44.066	0.273401	0.726599	2.302262	0.104044	0.0857989	0.0472682	0.0199843	0.0147166	0.00739511	0.000118058	0	1.778464	1.984088	0.7265989	0.2734011	96.40246
2910	13.5305	-29.0522	42.5827	0.529567	0.470433	1.467918	0.104784	0.0852879	0.0466026	0.0201844	0.0145207	0.007328	0.000115633	0	3.261721	1.956471	0.4704334	0.5295666	90.46304
2920	11.4358	-30.4038	41.8395	0.0724603	0.92754	0.706268	0.106665	0.0874183	0.045903	0.0206208	0.0144207	0.00734135	0.000117149	0	4.004907	1.514285	0.9275397	0.07246027	32.68019
2930	6.85639	-30.2687	37.1251	0.886533	0.113467	4.598076	0.106949	0.0882253	0.0461475	0.0208232	0.0144209	0.00748846	0.000116894	0	8.719348	1.958884	0.1134667	0.8865333	90.96694
2940	11.0301	-30.687	41.7171	0.290642	0.709358	4.444338	0.107563	0.0888358	0.0459381	0.0202789	0.0146177	0.00751333	0.000115221	0	4.127303	1.907623	0.7093581	0.2906419	80.83937
2950	13.9285	-28.9935	42.922	0.335122	0.664878	1.071042	0.106992	0.088283	0.0464739	0.0202697	0.0143367	0.00740385	0.000117907	0	2.922432	1.929114	0.6648782	0.3351218	84.94025
2960	13.0559	-28.4022	41.4581	0.392725	0.607275	0.3097274	0.105232	0.0884579	0.0470478	0.0202822	0.0144022	0.00755525	0.000115468	0	4.386316	1.794103	0.6072748	0.3927252	62.24483
2970	14.2506	-28.5744	42.825	0.338836	0.661164	0.0330954	0.109065	0.0891057	0.0470911	0.0205068	0.014548	0.00746646	0.000115653	0	3.019402	1.973542	0.6611645	0.3388355	94.08959
2980	13.8638	-27.4016	41.2655	0.315281	0.684719	0.009661927	0.107273	0.0889741	0.0474678	0.0208256	0.0150321	0.00745368	0.000113462	0	4.578982	1.916144	0.6847186	0.3152814	82.44112
2990	13.1553	-27.7357	40.891	0.54054	0.45946	0.01014124	0.106088	0.0858425	0.0471924	0.0206813	0.0149774	0.00744965	0.000112901	0	4.95342	1.901077	0.4594605	0.5405395	79.63
3000	12.5205	-26.144	38.6644	0.269092	0.730908	0.01600571	0.10575	0.0882149	0.0457194	0.020482	0.0148994	0.00729787	0.000112852	0	7.180025	1.893738	0.7309082	0.2690918	78.29572
3010	12.5347	-28.9308	41.4656	0.364371	0.635629	0.5075493	0.107304	0.0880082	0.0461634	0.0204172	0.0148106	0.00755341	0.000113505	0	4.378874	1.719944	0.6356287	0.3643713	52.47403
3020	11.8341	-29.0935	40.9276	0.436878	0.563122	1.824851	0.105977	0.0856631	0.0463571	0.0201204	0.0149981	0.00755173	0.000114606	0	4.916863	1.764076	0.5631224	0.4368776	58.08655
3030	11.7939	-26.6349	38.4289	0.206336	0.793664	2.128056	0.10523	0.085456	0.0456475	0.0208423	0.0149867	0.00736662	0.000116012	0	7.415591	1.947212	0.7936637	0.2063363	88.55483
3040	14.7535	-26.7521	41.5056	0.00805144	0.991949	0.6130096	0.105627	0.0872299	0.0469151	0.0203102	0.014857	0.0072988	0.000116484	0	4.33888	1.966716	0.9919486	0.008051442	92.62236
3050	12.4508	-31.887	44.3378	0.172055	0.827945	1.963969	0.106894	0.0865736	0.0472532	0.0203079	0.0149531	0.00728314	0.000116972	0	1.506658	1.90881	0.8279454	0.1720546	81.06066
3060	12.9844	-28.7847	41.7691	0.414009	0.585991	0.7102055	0.107433	0.0869896	0.0470708	0.020372	0.0148247	0.00744942	0.000117171	0	4.075333	1.793683	0.5859912	0.4140088	62.18463
3070	13.0455	-29.618	42.6635	0.679253	0.320747	1.503044	0.107065	0.0865276	0.0472427	0.0199005	0.0148885	0.00747416	0.000117855	0	3.180905	1.941281	0.3207465	0.6792535	87.35368
3080	14.2181	-26.9461	41.1642	0.0357127	0.964287	1.664277	0.104919	0.0894927	0.0453378	0.0200404	0.014306	0.0075268	0.000118181	0	4.680222	1.964269	0.9642873	0.03571266	92.10195
3090	10.4496	-29.533	39.9826	0.274034	0.725966	3.97896	0.108292	0.0890043	0.0452543	0.0201213	0.0145816	0.00755032	0.000117651	0	5.861821	1.866741	0.7259662	0.2740338	73.57686
3100	12.3828	-28.8979	41.2807	0.0836689	0.916331	4.108706	0.10809	0.088514	0.0459814	0.0202302	0.0145386	0.00745471	0.000116752	0	4.563755	1.994949	0.9163311	0.08366893	98.84381
3110	14.3165	-28.8034	43.1199	0.0224252	0.977575	2.450093	0.109065	0.0894452	0.0451653	0.0200439	0.0143217	0.00746746	0.000115332	0	2.724526	1.997555	0.9775748	0.02242519	99.43854
3120	12.7569	-31.1225	43.8794	0.414606	0.585394	2.285255	0.106159	0.0884283	0.0455061	0.0199692	0.0143504	0.00747813	0.000112621	0	1.965082	1.952062	0.5853944	0.4146056	89.54919
3130	11.6288	-29.7247	41.3535	0.856955	0.143045	1.23488	0.104411	0.0881753	0.0457064	0.0202593	0.0143852	0.00734203	0.000115568	0	4.490986	1.847974	0.143045	0.856955	70.46511
3140	13.5513	-30.4503	44.0016	0.0312483	0.968752	1.075718	0.106556	0.0855367	0.0454135	0.0204387	0.0145127	0.00720793	0.000116856	0	1.842836	1.903088	0.9687517	0.03124835	79.99969
3150	12.0439	-29.0018	41.0457	0.913814	0.0861855	0.8266207	0.105566	0.0853882	0.0467606	0.0207716	0.0147013	0.00723359	0.000117924	0	4.798777	1.937706	0.0861855	0.9138145	86.63757
3160	13.4511	-26.6651	40.1162	0.231993	0.768007	0.4252107	0.104961	0.085399	0.0457419	0.0202325	0.0147041	0.00722055	0.000116776	0	5.728246	1.902428	0.7680075	0.2319925	79.8782
3170	12.5339	-30.0694	42.6034	0.124766	0.875234	0.3913363	0.106299	0.0871464	0.0457112	0.0207038	0.0149298	0.00739892	0.000117449	0	3.241093	1.637937	0.875234	0.124766	43.44468
3180	11.3252	-29.0042	40.3294	0.67898	0.32102	0.128638	0.106848	0.0888688	0.04709	0.0202493	0.0149104	0.00742314	0.000117191	0	5.515078	1.690983	0.3210195	0.6789805	49.08889
3190	14.5656	-27.1458	41.7114	0.263305	0.736695	0.1281463	0.104241	0.0894771	0.0464648	0.0201836	0.0149135	0.0073558	0.000117841	0	4.133015	1.999468	0.7366952	0.2633048	99.87752
3200	14.2763	-26.6913	40.9676	0.0903665	0.909633	0.4331039	0.104806	0.0889205	0.0463678	0.0203147	0.0145907	0.00735605	0.000116192	0	4.876886	1.934653	0.9096335	0.09036654	86.03051
3210	10.3855	-33.8842	44.2697	0.170231	0.829769	2.140344	0.107733	0.0887365	0.0464726	0.0201595	0.0147059	0.00750234	0.000116936	0	1.574738	1.682807	0.8297686	0.1702314	48.17339
3220	13.007	-28.6105	41.6175	0.141625	0.858375	1.877838	0.105945	0.0892888	0.0465461	0.0203053	0.0146069	0.00739413	0.000112898	0	4.226905	1.814514	0.8583753	0.1416247	65.23997
3230	12.2929	-29.52	41.813	0.160986	0.839014	2.936816	0.10581	0.0875552	0.0472991	0.0199075	0.0144118	0.00749787	0.000115567	0	4.031467	1.825266	0.8390137	0.1609863	66.87533
3240	12.7116	-28.7544	41.466	0.40203	0.59797	3.133712	0.109252	0.0882906	0.0460185	0.0198426	0.0147386	0.00720555	0.000114424	0	4.378472	1.99062	0.5979702	0.4020298	97.86329
3250	13.9484	-29.3413	43.2897	0.000162859	0.999837	0.7259701	0.107959	0.0896553	0.0457657	0.0199225	0.0147404	0.00719924	0.000117851	0	2.554792	1.840394	0.9998371	0.0001628585	69.24596
3260	13.2551	-28.5994	41.8545	0.370481	0.629519	0.6990969	0.1058	0.0860752	0.0468115	0.0204256	0.0143274	0.00730775	0.000115119	0	3.989922	1.823841	0.6295189	0.3704811	66.6563
3270	12.4135	-29.3985	41.812	0.265072	0.734928	3.423204	0.106866	0.0859233	0.0474288	0.0199371	0.0150361	0.00735448	0.000114044	0	4.032423	1.928749	0.7349285	0.2650715	84.86903
3280	12.0936	-27.3786	39.4721	0.575223	0.424777	1.286148	0.105082	0.0870832	0.0455225	0.0202402	0.0146639	0.00748477	0.000115624	0	6.372309	1.918021	0.4247771	0.5752229	82.7982
3290	12.4547	-28.192	40.6468	0.572084	0.427916	1.775196	0.10698	0.089587	0.0458256	0.0206525	0.0148375	0.00753461	0.000116507	0	5.197693	1.908571	0.4279158	0.5720842	81.01608
3300	12.466	-29.808	42.2739	0.50953	0.49047	0.9962813	0.107414	0.0867498	0.0466731	0.0200487	0.01446	0.0075046	0.000116307	0	3.570512	1.764439	0.4904695	0.5095305	58.13519
3310	13.9123	-28.7816	42.6939	0.462194	0.537806	0.6970677	0.107193	0.0889563	0.0466889	0.0199414	0.0146389	0.00756304	0.000118239	0	3.150516	1.952036	0.5378055	0.4621945	89.54389
3320	9.54863	-33.3341	42.8828	0.504974	0.495026	2.64718	0.108683	0.087596	0.0464647	0.0200076	0.0147018	0.00723157	0.000115927	0	2.961671	1.612028	0.4950259	0.5049741	40.92871
3330	13.6181	-26.406	40.0241	0.191765	0.808235	1.319669	0.108353	0.0879412	0.0469832	0.0199403	0.0150068	0.00726294	0.00011819	0	5.820381	1.988564	0.8082351	0.1917649	97.40104
3340	12.4658	-27.4624	39.9282	0.639277	0.360723	1.310925	0.109119	0.0887357	0.0465343	0.0203222	0.0147336	0.00729237	0.000113556	0	5.916249	1.973527	0.360723	0.639277	94.08633
3350	11.9485	-30.4085	42.3569	0.430212	0.569788	0.7978678	0.107021	0.0895984	0.0463184	0.019884	0.0149189	0.00741894	0.000117298	0	3.487535	1.665687	0.5697884	0.4302116	46.31132
3360	13.5006	-28.3268	41.8273	0.310114	0.689886	1.604703	0.106636	0.0859374	0.0472366	0.0206244	0.0148753	0.00744857	0.000115296	0	4.017105	1.89796	0.6898861	0.3101139	79.06055
3370	12.6366	-30.7705	43.4071	0.0955932	0.904407	3.947891	0.106851	0.0869861	0.045729	0.0207952	0.0145428	0.00735712	0.00011475	0	2.437358	1.971765	0.9044068	0.09559324	93.70556
3380	14.2031	-28.9661	43.1692	0.0637265	0.936274	0.5589946	0.105918	0.0860161	0.0460273	0.0203803	0.0144914	0.00734887	0.000117156	0	2.675272	1.886409	0.9362735	0.06372649	76.98546
3390	14.6189	-26.7522	41.3711	0.0485581	0.951442	0.06550649	0.105568	0.0854337	0.0454495	0.0201313	0.0145856	0.00755871	0.000117959	0	4.473304	1.941868	0.9514419	0.0485581	87.47188
3400	14.3196	-28.2739	42.5934	0.0901692	0.909831	1.483703	0.105864	0.0862854	0.0472762	0.0202672	0.0147015	0.00728436	0.000116729	0	3.251037	1.931372	0.9098308	0.09016916	85.38304
3410	9.67884	-30.5685	40.2473	0.23383	0.76617	2.127279	0.106065	0.087481	0.0465871	0.0205691	0.0148517	0.00749035	0.000116847	0	5.597153	1.542825	0.76617	0.23383	34.89995
3420	14.2948	-28.1613	42.4561	0.231918	0.768082	0.8629983	0.105416	0.0886192	0.0464121	0.0207193	0.0145806	0.00751391	0.00011455	0	3.388377	1.946711	0.7680816	0.2319184	88.45277
3430	10.1462	-33.7827	43.9288	0.106803	0.893197	5.709134	0.105472	0.0885662	0.0469604	0.0203433	0.014895	0.00756336	0.000114115	0	1.915621	1.972301	0.8931967	0.1068033	93.82122
3440	13.0663	-25.6765	38.7428	0.0961962	0.903804	0.5450864	0.105778	0.0876549	0.046367	0.0204368	0.0148458	0.00724925	0.00011288	0	7.101636	1.961272	0.9038038	0.09619618	91.4685
3450	14.0123	-26.8975	40.9099	0.244131	0.755869	0.6972107	0.107	0.0878739	0.0468062	0.0200394	0.0149155	0.00729689	0.000115565	0	4.934568	1.960202	0.7558686	0.2441314	91.24347
3460	13.2857	-29.068	42.3536	0.241424	0.758576	2.803802	0.105342	0.0890898	0.0459562	0.0207786	0.0147833	0.00753346	0.000117491	0	3.490805	1.937856	0.7585764	0.2414236	86.66736
3470	14.7154	-27.8782	42.5936	0.0498021	0.950198	0.4320776	0.106007	0.0856121	0.0456142	0.0207851	0.0148467	0.00741698	0.000116849	0	3.250865	1.94126	0.9501979	0.04980209	87.34946
3480	10.8821	-33.9175	44.7996	0.4989	0.5011	0.2591617	0.109034	0.0861693	0.0451283	0.019842	0.0145267	0.00731658	0.000117649	0	1.044804	1.985582	0.5011002	0.4988998	96.73461
3490	13.7682	-28.6688	42.4369	0.157162	0.842838	1.321019	0.10419	0.0854799	0.0452788	0.0198833	0.0146327	0.00720454	0.000113046	0	3.407513	1.866877	0.8428381	0.1571619	73.59994
3500	13.4798	-27.171	40.6508	0.302602	0.697398	0.2164778	0.105453	0.0875	0.045637	0.0198516	0.0148955	0.00725628	0.000112742	0	5.193691	1.88949	0.6973981	0.3026019	77.53368
3510	14.2864	-28.8051	43.0915	0.0196895	0.980311	0.9151636	0.108834	0.0895139	0.0451924	0.0199483	0.0150212	0.00731058	0.000114593	0	2.7529	1.896603	0.9803105	0.01968949	78.81396
3520	14.1794	-29.1537	43.3331	0.217005	0.782995	1.500344	0.108689	0.0888395	0.0454317	0.0203996	0.015018	0.00735569	0.000112472	0	2.511363	1.987934	0.7829949	0.2170051	97.25988
3530	10.9115	-31.9475	42.8589	0.0739351	0.926065	2.217692	0.10929	0.0853898	0.0451909	0.020805	0.0150571	0.00737603	0.000113443	0	2.985498	1.594055	0.9260649	0.07393513	39.26949
3540	11.3578	-30.1122	41.47	0.23653	0.76347	2.630777	0.105993	0.0863786	0.0452571	0.0206115	0.0148609	0.00733184	0.000113989	0	4.374473	1.719777	0.76347	0.23653	52.4538
3550	11.7938	-31.7256	43.5194	0.586471	0.413529	3.560126	0.106271	0.0868268	0.0458886	0.0206739	0.0145874	0.00721391	0.000113441	0	2.325049	1.969842	0.4135291	0.5864709	93.29148
3560	10.7363	-29.2456	39.9819	0.237612	0.762388	0.9528088	0.105927	0.0883171	0.0459032	0.0200056	0.0149036	0.00726226	0.000115992	0	5.862509	1.557821	0.7623876	0.2376124	36.12613
3570	11.7224	-27.0245	38.747	0.0324884	0.967512	1.812623	0.104978	0.0878321	0.0455436	0.0200958	0.014914	0.00738448	0.000114702	0	7.097449	1.808302	0.9675116	0.03248845	64.31349
3580	14.1481	-28.4511	42.5992	0.156457	0.843543	1.255924	0.105035	0.0854243	0.0453694	0.0203735	0.0146057	0.00735248	0.000113509	0	3.245277	1.919744	0.8435434	0.1564566	83.12745
3590	13.3156	-28.2979	41.6135	0.147343	0.852657	2.337363	0.109408	0.0890532	0.0461094	0.0200065	0.0146753	0.00733063	0.000112623	0	4.230914	1.906467	0.8526571	0.1473429	80.62445
3600	7.48573	-27.3096	34.7953	0.662331	0.337669	1.440924	0.105974	0.0880974	0.0472163	0.0206289	0.0147577	0.00745012	0.000114314	0	11.0491	1.784539	0.3376689	0.6623311	60.88906
3610	14.1446	-26.5787	40.7232	0.10847	0.89153	1.11196	0.105444	0.0853988	0.0465579	0.0205796	0.0144774	0.00757028	0.000113839	0	5.1212	1.983369	0.89153	0.10847	96.24293
3620	13.1648	-29.0893	42.2541	0.175161	0.824839	1.092094	0.105025	0.0874318	0.0468516	0.0208081	0.0149881	0.00754935	0.000116571	0	3.59036	1.760638	0.8248388	0.1751612	57.62864
3630	11.4661	-29.8645	41.3306	0.176251	0.823749	2.524524	0.105494	0.0856022	0.0468794	0.0198746	0.0144515	0.00748373	0.000112487	0	4.513829	1.713419	0.8237491	0.1762509	51.69151
3640	14.0672	-27.9487	42.0159	0.0609021	0.939098	2.397403	0.105365	0.0873404	0.0466139	0.0202389	0.0146955	0.00735978	0.00011343	0	3.828584	1.980804	0.9390979	0.06090206	95.67625
3650	10.6866	-26.8933	37.5799	0.232258	0.767742	0.8957161	0.105288	0.0880497	0.0474329	0.0208471	0.0143707	0.00747511	0.00011583	0	8.264581	1.73758	0.7677422	0.2322578	54.64869
3660	12.8561	-28.0817	40.9378	0.238205	0.761795	0.2390025	0.107532	0.0894589	0.0466023	0.0203956	0.0143735	0.00747198	0.000114969	0	4.906674	1.734052	0.761795	0.238205	54.20664
3670	10.2451	-32.0237	42.2687	0.40653	0.59347	0.817825	0.108543	0.0895511	0.0470784	0.0200473	0.0144282	0.00755904	0.000114508	0	3.575715	1.492424	0.5934704	0.4065296	31.0759
3680	13.209	-29.8832	43.0922	0.159501	0.840499	1.772194	0.106061	0.0892951	0.0464568	0.0199586	0.014353	0.00749661	0.000117336	0	2.752228	1.822922	0.8404988	0.1595012	66.5153
3690	13.6831	-28.1666	41.8497	0.57883	0.42117	1.021443	0.104714	0.0883378	0.04728	0.0199913	0.0146841	0.00754776	0.000117817	0	3.994725	1.984085	0.42117	0.57883	96.40178
3700	11.8653	-31.4449	43.3102	0.601024	0.398976	0.8585704	0.107262	0.0871406	0.0474665	0.0200112	0.0149244	0.00737626	0.00011614	0	2.534267	1.757644	0.3989762	0.6010238	57.23273
3710	11.6791	-28.0922	39.7713	0.731604	0.268396	0.5754184	0.106946	0.0872422	0.046318	0.0202657	0.0148506	0.00730343	0.000117313	0	6.073184	1.835049	0.2683961	0.7316039	68.39895
3720	12.4342	-29.3535	41.7877	0.719175	0.280825	1.738868	0.107603	0.0881873	0.0469362	0.0200325	0.0149246	0.00719285	0.000117937	0	4.056786	1.899773	0.2808254	0.7191746	79.39127
3730	13.539	-28.5732	42.1122	0.630728	0.369272	0.7918462	0.109099	0.0874958	0.0454968	0.0202832	0.0150357	0.00747786	0.000112889	0	3.732257	1.980412	0.3692716	0.6307284	95.58992
3740	12.5938	-27.7909	40.3847	0.1467	0.8533	0.4752774	0.107878	0.0870789	0.0462057	0.0198952	0.0145983	0.00745249	0.000113187	0	5.459791	1.716382	0.8532998	0.1467002	52.04535
3750	14.0915	-28.633	42.7245	0.203624	0.796376	0.1789523	0.107821	0.0883169	0.0464012	0.0198515	0.014378	0.00735646	0.000114198	0	3.11995	1.893784	0.7963759	0.2036241	78.30398
3760	12.6194	-31.6432	44.2625	0.0183445	0.981655	1.846781	0.105055	0.0884018	0.0468449	0.0202169	0.0143068	0.00741625	0.000115055	0	1.581909	1.866501	0.9816555	0.01834454	73.53619
3770	10.4122	-30.0927	40.5049	0.234172	0.765828	4.900433	0.105055	0.0860407	0.0451772	0.0203712	0.0146704	0.00750604	0.000116359	0	5.339545	1.95693	0.7658279	0.2341721	90.55874
3780	13.2058	-27.6759	40.8818	0.0330343	0.966966	1.976638	0.10419	0.0882804	0.0452847	0.020042	0.0148537	0.00721802	0.000117019	0	4.962678	1.853848	0.9669657	0.03303435	71.42455
3790	12.7097	-28.6096	41.3192	0.640904	0.359096	1.32305	0.107974	0.0889676	0.0463994	0.0204442	0.0149381	0.00723177	0.0001146	0	4.525204	1.902828	0.3590958	0.6409042	79.95178
3800	14.5987	-28.2755	42.8742	0.150258	0.849742	1.339987	0.109399	0.0875881	0.0474576	0.0204309	0.0147986	0.00721223	0.000115896	0	2.970283	1.995643	0.8497417	0.1502583	99.00188
3810	13.1873	-26.7626	39.9499	0.181894	0.818106	1.860891	0.105788	0.0893579	0.0461458	0.0199209	0.0150238	0.00722599	0.000113921	0	5.89452	1.979655	0.818106	0.181894	95.42341
3820	10.0025	-33.345	43.3474	0.3806	0.6194	2.21396	0.106336	0.0877346	0.046531	0.020106	0.0145016	0.00739272	0.000113959	0	2.49702	1.605289	0.6194002	0.3805998	40.29854
3830	13.3707	-29.2269	42.5976	0.344592	0.655408	1.192933	0.105113	0.0877555	0.0468864	0.0200989	0.0148542	0.00737024	0.000113796	0	3.246895	1.855655	0.6554079	0.3445921	71.72245
3840	13.8056	-27.8456	41.6512	0.0739161	0.926084	1.22568	0.106263	0.0881688	0.0474539	0.0202642	0.0147537	0.00735565	0.000115267	0	4.193202	1.851788	0.9260839	0.07391615	71.0866
3850	14.7376	-27.2956	42.0333	0.00913288	0.990867	1.128876	0.104338	0.0872004	0.04715	0.0199404	0.0143166	0.00727196	0.000115332	0	3.811187	1.96787	0.9908671	0.009132877	92.86889
3860	12.2156	-30.3402	42.5558	0.333276	0.666724	3.847724	0.105976	0.0859754	0.0469575	0.0198667	0.0146036	0.00720394	0.000113168	0	3.288634	1.960334	0.6667241	0.3332759	91.27116
3870	14.6432	-26.6867	41.3299	0.0098191	0.990181	0.8021383	0.10443	0.0886543	0.0468768	0.0204834	0.0144916	0.0074091	0.000112522	0	4.514556	1.97914	0.9901809	0.009819096	95.31024
3880	14.3432	-28.272	42.6151	0.346122	0.653878	0.4552494	0.108815	0.0855749	0.0473776	0.020852	0.0147508	0.0072987	0.000115023	0	3.229332	1.988586	0.6538779	0.3461221	97.4061
3890	12.7452	-27.965	40.7103	0.450754	0.549246	0.2117236	0.109156	0.0865682	0.047241	0.0200456	0.0149703	0.00749295	0.000114876	0	5.134158	1.802444	0.5492456	0.4507544	63.45177
3900	13.7203	-29.5847	43.3049	0.18614	0.81386	1.196231	0.108536	0.0862252	0.0467909	0.0200991	0.0147271	0.00729458	0.000115437	0	2.539505	1.885157	0.8138601	0.1861399	76.7639
3910	14.2961	-28.9898	43.2859	0.150314	0.849686	1.94379	0.107136	0.0883488	0.0459571	0.0199392	0.0149776	0.00728545	0.000115853	0	2.558548	1.999604	0.8496865	0.1503135	99.90891
3920	12.6754	-29.2849	41.9602	0.203704	0.796296	3.477277	0.105202	0.0861307	0.0456457	0.0198784	0.0150195	0.00725837	0.00011756	0	3.8842	1.940969	0.7962959	0.2037041	87.29091
3930	11.781	-29.0484	40.8294	0.339566	0.660434	3.056018	0.105974	0.0861564	0.0463143	0.0205919	0.0150021	0.00730104	0.000115134	0	5.015022	1.871498	0.6604336	0.3395664	74.38711
3940	13.1296	-29.0754	42.205	0.173079	0.826921	3.486551	0.104719	0.0889442	0.0452963	0.020646	0.0146372	0.00728289	0.000117891	0	3.639463	1.984995	0.8269212	0.1730788	96.60398
3950	12.9753	-27.2059	40.1812	0.281973	0.718027	0.1598849	0.105373	0.0877789	0.0468126	0.0207772	0.0144851	0.0072906	0.000115999	0	5.663274	1.815791	0.7180271	0.2819729	65.43209
3960	13.6413	-27.0439	40.6852	0.319943	0.680057	0.4396573	0.108048	0.0862374	0.0468884	0.0199187	0.0145137	0.00728775	0.000117046	0	5.159282	1.918853	0.6800571	0.3199429	82.95692
3970	12.2011	-25.19	37.3912	0.159235	0.840765	0.5709141	0.104222	0.0880699	0.0468567	0.0198799	0.0146887	0.00742501	0.000117182	0	8.453275	1.992036	0.8407647	0.1592353	98.183
3980	14.2907	-27.2406	41.5312	0.0129292	0.987071	1.708787	0.104225	0.0887262	0.0462257	0.0199637	0.0147442	0.00747347	0.000115204	0	4.313247	1.956414	0.9870708	0.01292921	90.45117
3990	13.9883	-26.8759	40.8642	0.0973083	0.902692	1.399769	0.107724	0.0894841	0.0460322	0.0199349	0.0146253	0.00733666	0.000112626	0	4.980286	1.964255	0.9026917	0.09730834	92.09896
4000	13.0221	-30.9428	43.9649	0.219146	0.780854	2.322284	0.108433	0.0896391	0.0458061	0.0200568	0.014872	0.00750292	0.000117653	0	1.879552	1.934086	0.7808541	0.2191459	85.91835
4010	13.959	-29.6361	43.5951	0.332871	0.667129	0.5668331	0.106215	0.0886539	0.0451706	0.0204379	0.0147014	0.00747819	0.000117755	0	2.249319	1.980699	0.6671285	0.3328715	95.6531
4020	10.7087	-25.5929	36.3016	0.0172897	0.98271	1.613821	0.108794	0.0863143	0.0458226	0.020684	0.0145435	0.00756061	0.000115201	0	9.54283	1.927726	0.9827103	0.01728967	84.6694
4030	13.5652	-28.3625	41.9277	0.376377	0.623623	2.141105	0.108682	0.0868824	0.0454013	0.0203448	0.0146439	0.00731417	0.000117086	0	3.916758	1.968999	0.6236235	0.3763765	93.11066
4040	12.8797	-28.2329	41.1126	0.23834	0.76166	3.278927	0.105414	0.0881683	0.0463433	0.0198505	0.0145635	0.00723764	0.000118198	0	4.731831	1.999903	0.7616602	0.2383398	99.97759
4050	13.5629	-30.0388	43.6016	0.372134	0.627866	1.308054	0.105108	0.0897181	0.0456231	0.0201845	0.0148058	0.00728159	0.000116383	0	2.242801	1.951366	0.6278664	0.3721336	89.40585
4060	13.5263	-27.1689	40.6951	0.305328	0.694672	1.581416	0.106561	0.0894593	0.046219	0.0199982	0.0150441	0.00737094	0.000118239	0	5.149313	1.965719	0.6946719	0.3053281	92.41011
4070	14.4819	-27.7849	42.2669	0.219471	0.780529	0.912526	0.104541	0.0863587	0.0469692	0.0202244	0.0147875	0.00736287	0.000116895	0	3.577567	1.973018	0.7805293	0.2194707	93.9763
4080	11.8107	-29.8955	41.7062	0.725637	0.274363	1.303597	0.104568	0.0869917	0.0461882	0.0204515	0.014955	0.00730321	0.000115279	0	4.138233	1.79227	0.2743629	0.7256371	61.9826
4090	10.2216	-29.7149	39.9365	0.0300747	0.969925	0.8675446	0.10548	0.0853325	0.0453549	0.0201259	0.0149286	0.00751529	0.000113812	0	5.907938	1.454632	0.9699253	0.03007469	28.48601
4100	13.2556	-29.8872	43.1428	0.704012	0.295988	0.6361985	0.104608	0.0856737	0.0466425	0.0200912	0.0148341	0.00756688	0.000117115	0	2.701686	1.976774	0.2959881	0.7040119	94.79248
4110	10.6108	-26.6733	37.2841	0.428195	0.571805	0.4150514	0.10754	0.0865793	0.0458085	0.0198271	0.0144558	0.00735114	0.000118063	0	8.560358	1.781078	0.5718048	0.4281952	60.40577
4120	13.294	-26.0776	39.3716	0.121431	0.878569	0.1931222	0.107937	0.0882697	0.0458029	0.0200292	0.0143626	0.00719335	0.000117	0	6.472882	1.899503	0.8785688	0.1214312	79.34194
4130	12.8807	-29.7781	42.6588	0.0428796	0.95712	0.3265758	0.108811	0.0887466	0.0451366	0.0198218	0.0144646	0.00724941	0.00011724	0	3.185606	1.66076	0.9571204	0.0428796	45.78887
4140	14.4671	-27.7173	42.1845	0.0804695	0.91953	0.3118419	0.106956	0.0866178	0.0453351	0.0204267	0.0146999	0.00729051	0.000113026	0	3.659987	1.91603	0.9195305	0.08046952	82.4195
4150	9.55898	-27.9718	37.5308	0.903966	0.0960344	0.1534343	0.106354	0.0883595	0.0456896	0.020244	0.014997	0.00728149	0.000113472	0	8.313638	1.803394	0.09603443	0.9039656	63.59081
4160	11.585	-27.8405	39.4255	0.0893395	0.91066	2.575501	0.106248	0.0853749	0.0451351	0.0202817	0.0148378	0.00733666	0.000112458	0	6.41893	1.834548	0.9106605	0.08933954	68.31998
4170	14.6123	-28.5866	43.1989	0.0441374	0.955863	1.36469	0.103953	0.0863732	0.0453587	0.0201803	0.0144923	0.00731393	0.000112934	0	2.645589	1.986293	0.9558626	0.04413742	96.89324
4180	12.201	-31.0443	43.2453	0.400791	0.599209	0.07360064	0.108426	0.0864374	0.0454963	0.019858	0.0146222	0.00725058	0.000113403	0	2.599115	1.716979	0.5992094	0.4007906	52.11699
4190	13.556	-30.2266	43.7826	0.176643	0.823357	0.1520034	0.106769	0.0863435	0.0453486	0.0203671	0.014375	0.00750036	0.000117914	0	2.061798	1.898054	0.8233571	0.1766429	79.07774
4200	12.1246	-29.8717	41.9963	0.423555	0.576445	1.080916	0.107365	0.087777	0.0459136	0.0199787	0.0146516	0.00745086	0.000117522	0	3.848163	1.699206	0.576445	0.423555	50.02717
4210	13.3084	-28.7752	42.0836	0.624317	0.375683	1.772797	0.109232	0.0872373	0.0453711	0.0206673	0.0143355	0.00739198	0.000115565	0	3.760829	1.988581	0.3756831	0.6243169	97.40486
4220	12.4309	-28.7687	41.1995	0.22899	0.77101	3.809793	0.108846	0.0869113	0.0454327	0.0206075	0.0144444	0.00751515	0.000117948	0	4.644925	1.998352	0.7710097	0.2289903	99.62136
4230	12.0935	-30.0414	42.135	0.636135	0.363865	3.009427	0.108398	0.08657	0.0469977	0.0206085	0.0145238	0.00732623	0.000114403	0	3.709487	1.938823	0.3638652	0.6361348	86.86062
4240	14.2085	-27.5958	41.8043	0.23621	0.76379	0.5854957	0.105109	0.0864061	0.0467531	0.020272	0.0143166	0.00749197	0.000114585	0	4.040175	1.935841	0.7637903	0.2362097	86.26623
4250	13.0529	-27.3526	40.4055	0.413832	0.586168	0.3846611	0.106674	0.085731	0.0459288	0.019978	0.0144137	0.00735445	0.000116736	0	5.438955	1.867573	0.5861678	0.4138322	73.71788
4260	11.1509	-29.3405	40.4914	0.270827	0.729173	2.419282	0.107498	0.0878752	0.0466268	0.0199499	0.0145318	0.00720751	0.000118241	0	5.353082	1.719552	0.7291731	0.2708269	52.42667
4270	14.0342	-28.4561	42.4904	0.0902737	0.909726	1.029834	0.109045	0.088995	0.0474177	0.019893	0.0146413	0.0072439	0.000115323	0	3.354068	1.864141	0.9097263	0.09027372	73.13765
4280	12.2983	-26.8333	39.1316	0.0109888	0.989011	2.779453	0.108338	0.0889811	0.0474584	0.0199468	0.0144627	0.00737383	0.000116253	0	6.712838	1.970614	0.9890112	0.01098881	93.45756
4290	12.7137	-28.8249	41.5386	0.354745	0.645255	0.5129826	0.107726	0.0884769	0.0463548	0.0198416	0.0146648	0.00735462	0.000116873	0	4.305874	1.733849	0.6452548	0.3547452	54.18129
4300	11.4898	-29.3829	40.8727	0.126599	0.873401	0.7023867	0.108526	0.0872594	0.0460631	0.0198296	0.0149199	0.00722533	0.000115387	0	4.971764	1.557745	0.873401	0.126599	36.11979
4310	13.9726	-28.1288	42.1013	0.259894	0.740106	1.266562	0.109304	0.0861898	0.045825	0.0204906	0.0150295	0.00732669	0.000115737	0	3.743103	1.924295	0.7401063	0.2598937	84.00311
4320	12.6264	-28.7648	41.3911	0.125445	0.874555	1.01078	0.107568	0.0860187	0.0466124	0.0207989	0.0146525	0.00745631	0.000115119	0	4.453329	1.69269	0.8745548	0.1254452	49.28213
4330	12.9957	-28.5361	41.5318	0.431875	0.568125	1.549876	0.104914	0.0890094	0.0465218	0.019981	0.0145493	0.00721495	0.000118111	0	4.31268	1.864048	0.5681246	0.4318754	73.12192
4340	11.1092	-32.2818	43.391	0.524718	0.475282	3.184075	0.104256	0.0878332	0.0473155	0.0200042	0.0143583	0.00736349	0.000117725	0	2.453478	1.823861	0.4752823	0.5247177	66.65933
4350	12.0031	-28.3383	40.3414	0.177855	0.822145	3.102356	0.106889	0.0881569	0.0463398	0.0204163	0.0147702	0.00751393	0.00011687	0	5.503018	1.893212	0.8221446	0.1778554	78.20093
4360	11.019	-33.882	44.901	0.109868	0.890132	1.661716	0.106593	0.08558	0.0452768	0.0201798	0.0143814	0.00738349	0.000115609	0	0.9434495	1.938902	0.8901316	0.1098684	86.87649
4370	13.6064	-28.4888	42.0952	0.518624	0.481376	0.6445305	0.107774	0.0866943	0.0457645	0.0207906	0.014654	0.007233	0.000115209	0	3.749258	1.930406	0.481376	0.518624	85.19333
4380	9.79242	-33.2233	43.0157	0.922188	0.0778117	0.1029354	0.108706	0.0856117	0.046262	0.0203638	0.014868	0.00720234	0.000114763	0	2.828713	1.660999	0.07781171	0.9221883	45.81411
4390	10.8619	-31.9751	42.837	0.159183	0.840817	2.964508	0.109044	0.0877201	0.0468923	0.0204459	0.0147388	0.00724723	0.000113814	0	3.0074	1.67993	0.8408172	0.1591828	47.85534
4400	11.6162	-30.1984	41.8145	0.330661	0.669339	2.893236	0.104497	0.0880316	0.0466003	0.0202298	0.0145601	0.00753202	0.000114111	0	4.029915	1.786227	0.6693389	0.3306611	61.12617
4410	9.80845	-29.3405	39.149	0.453677	0.546323	2.633161	0.109028	0.0885944	0.0467664	0.0199477	0.014813	0.00753681	0.000114235	0	6.695464	1.727431	0.5463234	0.4536766	53.3864
4420	11.2567	-33.046	44.3027	0.731892	0.268108	1.621689	0.107798	0.0863719	0.0471624	0.0208539	0.0148434	0.00742865	0.000116195	0	1.541779	1.921263	0.2681075	0.7318925	83.41855
4430	13.759	-28.7875	42.5465	0.222408	0.777592	0.3257184	0.106723	0.0865951	0.0457043	0.0203988	0.0143828	0.00740167	0.00011693	0	3.297934	1.833456	0.777592	0.222408	68.14851
4440	13.6232	-28.4727	42.0959	0.446934	0.553066	2.137713	0.103949	0.0885224	0.0460997	0.0207218	0.0146774	0.00730929	0.000117377	0	3.748576	1.99507	0.5530658	0.4469342	98.87131
4450	14.0322	-27.501	41.5332	0.074275	0.925725	1.413297	0.107132	0.0891756	0.0460204	0.0202778	0.01462	0.00748376	0.000117934	0	4.311259	1.899959	0.925725	0.07427497	79.42524
4460	12.9329	-29.8533	42.7863	0.636709	0.363291	0.6372727	0.106901	0.0887501	0.0463084	0.0198755	0.014606	0.00724902	0.000117977	0	3.058156	1.871581	0.3632907	0.6367093	74.40144
4470	12.3196	-29.0213	41.341	0.436323	0.563677	3.331729	0.108826	0.0877265	0.0458948	0.0206014	0.0144202	0.00723546	0.000116032	0	4.503489	1.97446	0.5636765	0.4363235	94.28867
4480	12.4791	-28.1897	40.6689	0.30735	0.69265	3.195732	0.108453	0.086116	0.0463132	0.0206854	0.0148396	0.00726002	0.000115873	0	5.175592	1.989356	0.6926501	0.3073499	97.57896
4490	11.3257	-29.46	40.7857	0.786271	0.213729	2.808464	0.108774	0.0867482	0.0459919	0.0203259	0.0148179	0.00738907	0.000117996	0	5.058734	1.931911	0.2137291	0.7862709	85.48917
4500	14.4125	-27.5872	41.9997	0.0372829	0.962717	2.052116	0.1086	0.0856757	0.0461171	0.020776	0.0145852	0.00753109	0.000116852	0	3.844698	1.985769	0.9627171	0.03728294	96.77625
4510	12.7731	-29.2205	41.9936	0.230674	0.769326	2.783511	0.10877	0.0892567	0.0461566	0.0208507	0.0145856	0.00722136	0.000114443	0	3.850863	1.88404	0.7693261	0.2306739	76.56671
4520	10.6359	-33.9327	44.5687	0.359666	0.640334	2.735794	0.108958	0.0857844	0.0453781	0.0207282	0.0144896	0.00735423	0.000117229	0	1.275764	1.869779	0.6403338	0.3596662	74.09333
4530	11.7293	-28.6411	40.3704	0.354733	0.645267	3.604739	0.105192	0.0862706	0.0457214	0.0202739	0.0145932	0.00755878	0.000115042	0	5.47401	1.975541	0.645267	0.354733	94.52383
4540	13.3719	-28.1899	41.5618	0.200863	0.799137	2.512142	0.106054	0.0883444	0.0464131	0.0206265	0.0146202	0.00752263	0.00011332	0	4.282677	1.948738	0.7991366	0.2008634	88.86652
4550	12.3784	-32.0264	44.4048	0.356269	0.643731	1.106951	0.104554	0.0897519	0.0467759	0.0205009	0.0145684	0.00735442	0.000113581	0	1.439623	1.950929	0.6437305	0.3562695	89.3159
4560	14.1204	-26.9865	41.1069	0.0353131	0.964687	0.5217324	0.104241	0.0896522	0.0467163	0.0198713	0.0147028	0.00748973	0.000113274	0	4.737516	1.887436	0.9646869	0.03531307	77.16774
4570	13.1792	-28.0434	41.2227	0.24031	0.75969	0.3996589	0.104006	0.0885113	0.0460245	0.0201298	0.0145502	0.00750676	0.000117421	0	4.621786	1.771037	0.75969	0.24031	59.02513
4580	10.1405	-30.1623	40.3029	0.888344	0.111656	1.243984	0.103959	0.0869387	0.0466795	0.0199325	0.014774	0.00740933	0.000116373	0	5.541554	1.723662	0.111656	0.888344	52.9251
4590	13.4575	-28.377	41.8345	0.336684	0.663316	2.435974	0.105057	0.0875987	0.0452909	0.0200165	0.0148925	0.00754945	0.000113625	0	4.009927	1.980041	0.6633158	0.3366842	95.50827
4600	14.0645	-28.0879	42.1525	0.170785	0.829215	1.508721	0.104024	0.0877784	0.0464035	0.0201188	0.0143476	0.00755089	0.00011673	0	3.691979	1.920891	0.8292155	0.1707845	83.34722
4610	13.8784	-26.4745	40.3529	0.00701416	0.992986	1.0589	0.106234	0.0878345	0.0455804	0.0202623	0.0146042	0.00752171	0.000116754	0	5.491527	1.918571	0.9929858	0.007014155	82.90317
4620	14.4502	-26.6697	41.1199	0.115524	0.884476	0.8680851	0.106157	0.0862322	0.0459885	0.0200409	0.0143374	0.0072554	0.000113553	0	4.724519	1.99703	0.884476	0.115524	99.31853
4630	13.9614	-26.5466	40.5079	0.22682	0.77318	0.6730966	0.108523	0.0875811	0.0465131	0.0198232	0.0145436	0.00742762	0.000112498	0	5.336504	1.989041	0.7731797	0.2268203	97.50809
4640	13.4818	-27.8818	41.3636	0.173967	0.826033	1.467943	0.10696	0.089638	0.0468532	0.0201899	0.0144307	0.00751479	0.000116626	0	4.480869	1.859464	0.8260335	0.1739665	72.35419
4650	12.1052	-28.0771	40.1824	0.132612	0.867388	1.462432	0.109019	0.0893509	0.047078	0.0201804	0.0144659	0.00741323	0.000114426	0	5.662088	1.729279	0.867388	0.132612	53.61404
4660	12.1534	-29.2581	41.4115	0.372054	0.627946	2.407617	0.10922	0.0883478	0.0453925	0.0201874	0.01441	0.00735048	0.000117695	0	4.43294	1.816625	0.6279456	0.3720544	65.55791
4670	13.2751	-29.5924	42.8675	0.714844	0.285156	0.8689491	0.105745	0.0890976	0.0451316	0.0205079	0.0143065	0.00722368	0.000116276	0	2.976942	1.979105	0.2851562	0.7148438	95.3027
4680	14.0068	-27.777	41.7838	0.387877	0.612123	0.4618943	0.105858	0.0867558	0.0456971	0.0206016	0.0148198	0.00737604	0.000114796	0	4.060662	1.95296	0.6121233	0.3878767	89.73459
4690	12.9546	-28.0044	40.959	0.773055	0.226945	0.6105115	0.108321	0.0860053	0.0452601	0.0206215	0.0145204	0.00747303	0.0001157	0	4.885478	1.990488	0.226945	0.773055	97.83352
4700	11.4949	-32.5325	44.0273	0.760371	0.239629	0.3415637	0.108274	0.0868143	0.0464818	0.0202474	0.0143582	0.00750596	0.00011504	0	1.817099	1.882452	0.2396285	0.7603715	76.2873
4710	12.0868	-27.4723	39.5591	0.480194	0.519806	2.216223	0.106279	0.0873495	0.0459541	0.0201667	0.0143544	0.00745188	0.000117745	0	6.285392	1.960609	0.5198062	0.4801938	91.32908
4720	12.1009	-28.379	40.4799	0.116448	0.883552	3.696953	0.105118	0.0889536	0.0451388	0.0198597	0.0145041	0.00737515	0.000116737	0	5.364535	1.964782	0.883552	0.116448	92.21093
4730	12.4498	-29.9523	42.4021	0.610876	0.389124	2.496314	0.107085	0.0897256	0.0453356	0.0199565	0.0146785	0.00725298	0.000117855	0	3.442323	1.910606	0.3891242	0.6108758	81.39653
4740	13.0593	-29.692	42.7513	0.653574	0.346426	0.828311	0.108315	0.0889463	0.0459924	0.0203466	0.0146408	0.0072563	0.000117097	0	3.09315	1.905223	0.3464258	0.6535742	80.39388
4750	14.4811	-26.4637	40.9448	0.0322258	0.967774	0.7675164	0.104631	0.088311	0.0472881	0.0202001	0.0144265	0.00725556	0.000116057	0	4.899681	1.97242	0.9677742	0.0322258	93.84694
4760	14.1442	-29.5951	43.7393	0.166496	0.833504	0.5149442	0.105181	0.0867162	0.0474401	0.0200539	0.0144665	0.00730004	0.000117638	0	2.105109	1.978526	0.8335042	0.1664958	95.17571
4770	9.94734	-30.0662	40.0135	0.1738	0.8262	2.48969	0.106957	0.085506	0.0455001	0.0206287	0.0144366	0.00732645	0.000118339	0	5.830898	1.603882	0.8261997	0.1738003	40.16817
4780	9.93601	-32.7044	42.6405	0.416544	0.583456	1.197025	0.106161	0.0860254	0.0473164	0.0206216	0.0147956	0.00730996	0.000113851	0	3.203986	1.501731	0.5834557	0.4165443	31.74905
4790	13.9917	-27.7594	41.7511	0.344935	0.655065	0.728616	0.105717	0.0884844	0.0465879	0.0204698	0.0144107	0.0072783	0.000112582	0	4.093355	1.951779	0.6550651	0.3449349	89.49097
4800	12.5424	-31.6712	44.2136	0.42154	0.57846	2.3699	0.103975	0.0865499	0.0465766	0.0205168	0.0144276	0.00739366	0.000116831	0	1.630889	1.982533	0.57846	0.42154	96.05788
4810	11.3764	-28.1038	39.4802	0.316018	0.683982	3.041754	0.106334	0.087624	0.0473671	0.0205093	0.0147102	0.00734696	0.000116294	0	6.36426	1.914171	0.683982	0.316018	82.0675
4820	13.3684	-28.947	42.3154	0.205861	0.794139	1.756985	0.107744	0.0853945	0.0459119	0.0205658	0.0149055	0.0074051	0.000117373	0	3.529058	1.842412	0.7941391	0.2058609	69.56833
4830	13.023	-26.6384	39.6615	0.190377	0.809623	1.34871	0.107807	0.0857992	0.0459887	0.0207536	0.0148614	0.00734155	0.000118363	0	6.182956	1.918844	0.8096233	0.1903767	82.95525
4840	12.6037	-28.1661	40.7698	0.548989	0.451011	0.7239117	0.107678	0.0857799	0.0471243	0.02041	0.0145358	0.00719958	0.000113049	0	5.074648	1.845956	0.4510114	0.5489886	70.13845
4850	13.1396	-27.214	40.3536	0.401034	0.598966	1.735545	0.105421	0.0857253	0.0472548	0.0207802	0.0148999	0.00726318	0.000113643	0	5.49089	1.993127	0.5989657	0.4010343	98.42999
4860	11.8037	-31.0359	42.8396	0.531576	0.468424	0.9357428	0.10409	0.0863874	0.0459404	0.0203926	0.0148045	0.00741834	0.000114059	0	3.00483	1.705027	0.4684237	0.5315763	50.70226
4870	13.1986	-28.3688	41.5674	0.46788	0.53212	0.6715613	0.104137	0.0865971	0.0461592	0.0198426	0.0145751	0.00751866	0.000113444	0	4.277006	1.861518	0.5321202	0.4678798	72.69726
4880	12.127	-27.4476	39.5747	0.557897	0.442103	2.25732	0.107157	0.0866805	0.0469319	0.0208555	0.0150121	0.00746897	0.000118229	0	6.269778	1.997802	0.442103	0.557897	99.49512
4890	13.6896	-30.2611	43.9507	0.0913445	0.908656	0.73097	0.107337	0.0855296	0.0474265	0.0205933	0.0148555	0.00731831	0.000116606	0	1.893782	1.925514	0.9086555	0.09134446	84.23913
4900	10.4649	-28.0303	38.4952	0.365187	0.634813	2.460474	0.107017	0.0862625	0.0472265	0.0198911	0.0144797	0.00749487	0.000115239	0	7.349288	1.820138	0.6348129	0.3651871	66.09035
4910	12.5002	-29.0618	41.562	0.517447	0.482553	2.341954	0.10745	0.0874013	0.046624	0.0207628	0.0145183	0.00739224	0.000113317	0	4.282428	1.902747	0.4825534	0.5174466	79.93683
4920	11.4951	-29.4603	40.9554	0.427078	0.572922	1.318019	0.108106	0.0879807	0.047276	0.0205258	0.0145125	0.00724559	0.000113502	0	4.88903	1.68007	0.5729216	0.4270784	47.87073
4930	13.1965	-27.3843	40.5808	0.146427	0.853573	0.5044941	0.109238	0.0892015	0.0451951	0.0207021	0.0145989	0.0074471	0.000116346	0	5.263666	1.790714	0.8535732	0.1464268	61.76092
4940	13.9533	-28.1265	42.0798	0.0464323	0.953568	1.325529	0.105974	0.0888715	0.0459158	0.020348	0.0146937	0.00745468	0.000116234	0	3.764657	1.855591	0.9535677	0.04643232	71.71178
4950	11.445	-29.076	40.521	0.0121302	0.98787	1.014326	0.108706	0.0852837	0.0470482	0.0201704	0.014573	0.00731254	0.000113195	0	5.32348	1.565092	0.9878698	0.01213019	36.73602
4960	14.1536	-28.4029	42.5564	0.116999	0.883001	2.400399	0.105809	0.0853797	0.0464804	0.0205923	0.0145372	0.00734937	0.000115477	0	3.288016	1.991025	0.8830008	0.1169992	97.95454
4970	14.0603	-29.4482	43.5086	0.319998	0.680002	1.254576	0.105315	0.0859892	0.0452596	0.020269	0.0143622	0.00753212	0.000116542	0	2.335888	1.996307	0.6800025	0.3199975	99.15329
4980	12.648	-26.5453	39.1933	0.0782612	0.921739	1.124899	0.106564	0.0876149	0.0463797	0.0204423	0.0144902	0.00754703	0.000116827	0	6.651111	1.849198	0.9217388	0.07826119	70.66392
4990	10.7754	-32.4778	43.2532	0.92992	0.0700802	1.598743	0.10655	0.0879768	0.0454378	0.0207886	0.0145857	0.00746885	0.00011411	0	2.591211	1.847026	0.07008023	0.9299198	70.31152
5000	12.756	-29.9387	42.6947	0.420386	0.579614	1.867381	0.10834	0.0854986	0.0459846	0.0204029	0.0147914	0.00755612	0.000114719	0	3.149744	1.837352	0.5796141	0.4203859	68.76256
