Iteration	Posterior	Likelihood	Prior	clado_type_probs[1]	clado_type_probs[2]	distance_scale	epoch_times[1]	epoch_times[2]	epoch_times[3]	epoch_times[4]	epoch_times[5]	epoch_times[6]	epoch_times[7]	epoch_times[8]	extirpation_rate	log10_rate_bg	p_allopatry	p_sympatry	rate_bg
0	-61.5129	-95.4003	33.8875	0.15866	0.84134	0.01	0.303339	0.244296	0.205741	0.135715	0.116944	0.0301936	0.00225556	0	0.0344476	-2	0.8413397	0.1586603	0.01
10	6.47012	-23.3572	29.8273	0.512025	0.487975	0.01175342	0.305848	0.241259	0.208684	0.137245	0.118054	0.029878	0.00225608	0	4.094643	1.961323	0.487975	0.512025	91.47943
20	-0.554496	-30.8979	30.3434	0.46171	0.53829	0.1386097	0.307155	0.241512	0.207997	0.135781	0.120133	0.0293174	0.00227457	0	3.578537	0.5665428	0.5382896	0.4617104	3.685894
30	6.27572	-23.7479	30.0236	0.00655737	0.993443	2.95337	0.302511	0.240591	0.205417	0.135561	0.118735	0.0293608	0.0022169	0	3.898307	1.494221	0.9934426	0.006557373	31.20477
40	6.04214	-25.1085	31.1506	0.594697	0.405303	6.28999	0.307903	0.235105	0.208566	0.139211	0.117022	0.0300373	0.00218708	0	2.771336	1.825261	0.4053029	0.5946971	66.87451
50	7.73351	-22.7175	30.451	0.0625178	0.937482	2.695666	0.307985	0.23918	0.212644	0.13957	0.1193	0.029876	0.00219171	0	3.470932	1.808378	0.9374822	0.06251779	64.32467
60	7.81657	-21.9652	29.7818	0.717074	0.282926	3.151304	0.303287	0.239523	0.211312	0.139852	0.117591	0.0301789	0.0022272	0	4.140105	1.957702	0.2829259	0.7170741	90.7198
70	1.38944	-21.3643	22.7537	0.976663	0.0233374	0.6732518	0.298493	0.244135	0.212862	0.138141	0.122055	0.0306662	0.00226744	0	11.16819	1.538162	0.02333741	0.9766626	34.52722
80	6.93655	-24.3959	31.3324	0.582976	0.417024	1.429727	0.298547	0.245284	0.210056	0.139025	0.121002	0.0303274	0.00227608	0	2.589518	1.821914	0.4170235	0.5829765	66.36123
90	7.10313	-22.021	29.1241	0.12193	0.87807	4.925807	0.29704	0.240198	0.208403	0.136976	0.120004	0.0304389	0.00229089	0	4.797779	1.925566	0.8780699	0.1219301	84.24929
100	8.27818	-22.3233	30.6015	0.079035	0.920965	2.326336	0.307925	0.243122	0.213651	0.134865	0.117692	0.0294637	0.00227762	0	3.320406	1.989427	0.920965	0.07903501	97.59494
110	7.20368	-22.0865	29.2902	0.938146	0.0618537	4.202533	0.300526	0.242998	0.208776	0.133219	0.121152	0.0297165	0.00228231	0	4.631745	1.923701	0.06185368	0.9381463	83.88815
120	7.4542	-22.9927	30.4469	0.261109	0.738891	5.2522	0.294918	0.242874	0.213372	0.139756	0.118861	0.0293084	0.0022035	0	3.474986	1.927379	0.7388911	0.2611089	84.60168
130	7.91454	-23.3488	31.2634	0.414123	0.585877	3.251878	0.293848	0.242693	0.212066	0.137171	0.119242	0.0294493	0.002235	0	2.65855	1.899829	0.5858766	0.4141234	79.40162
140	0.220799	-27.5275	27.7483	0.963926	0.0360744	3.578272	0.302144	0.236192	0.205054	0.134457	0.122138	0.0304784	0.00221113	0	6.173582	1.094107	0.03607444	0.9639256	12.41959
150	4.88212	-23.5354	28.4175	0.232862	0.767138	7.243883	0.303582	0.236265	0.209482	0.134089	0.117954	0.0297726	0.0021846	0	5.504385	1.958717	0.7671383	0.2328617	90.93204
160	5.95274	-26.5977	32.5504	0.334903	0.665097	3.488533	0.303084	0.236902	0.211067	0.133894	0.118647	0.0304699	0.0022193	0	1.371514	1.66979	0.6650974	0.3349026	46.75089
170	5.41119	-21.249	26.6602	0.0688446	0.931155	5.301544	0.304995	0.23459	0.209992	0.133937	0.11793	0.0293338	0.00219476	0	7.261772	1.991733	0.9311554	0.06884464	98.11448
180	6.51845	-23.1205	29.6389	0.28498	0.71502	1.469881	0.308375	0.235944	0.212067	0.139541	0.122056	0.0295546	0.00226755	0	4.282996	1.630874	0.7150199	0.2849801	42.74389
190	3.70432	-28.4917	32.196	0.268998	0.731002	6.762491	0.306722	0.244124	0.213518	0.139531	0.122121	0.0294247	0.00219956	0	1.725938	1.546645	0.7310023	0.2689977	35.2083
200	7.97404	-22.2903	30.2643	0.197652	0.802348	3.992317	0.305876	0.245162	0.213285	0.135461	0.120822	0.0296371	0.00221859	0	3.657608	1.933823	0.8023477	0.1976523	85.86644
210	7.05024	-23.766	30.8162	0.884209	0.115791	1.836875	0.30109	0.235304	0.209635	0.137488	0.120006	0.0294578	0.00219064	0	3.105693	1.817964	0.115791	0.884209	65.76028
220	7.66895	-22.657	30.3259	0.0397269	0.960273	1.179528	0.302511	0.244941	0.207823	0.138781	0.117294	0.0300459	0.00219896	0	3.596016	1.997703	0.9602731	0.03972692	99.47257
230	6.81935	-22.3831	29.2025	0.0372867	0.962713	5.592975	0.304076	0.242578	0.209093	0.134876	0.118657	0.0296892	0.00227767	0	4.719455	1.931906	0.9627133	0.03728671	85.48821
240	7.42211	-23.9253	31.3474	0.201951	0.798049	1.686904	0.30623	0.242349	0.21182	0.139431	0.122126	0.0294565	0.00225104	0	2.574514	1.842547	0.7980492	0.2019508	69.59007
250	5.78011	-21.4166	27.1967	0.0150082	0.984992	4.56568	0.303376	0.243769	0.212144	0.139055	0.12035	0.0295381	0.00229268	0	6.725217	1.875478	0.9849918	0.01500817	75.07209
260	7.67168	-21.4305	29.1022	0.141022	0.858978	2.800247	0.301611	0.241675	0.206921	0.134953	0.121658	0.0300637	0.00223628	0	4.819716	1.942912	0.8589779	0.1410221	87.68237
270	5.00831	-20.4706	25.4789	0.218654	0.781346	3.275259	0.294443	0.236751	0.206006	0.139202	0.121415	0.0298251	0.00226237	0	8.443054	1.902369	0.7813458	0.2186542	79.86722
280	5.85782	-26.6048	32.4626	0.381949	0.618051	7.286737	0.299832	0.241131	0.208967	0.136118	0.119944	0.0297502	0.00228246	0	1.459334	1.926277	0.6180508	0.3819492	84.38731
290	6.38007	-21.1341	27.5142	0.70281	0.29719	2.345264	0.298041	0.236693	0.209949	0.135199	0.121698	0.0297619	0.00224715	0	6.407759	1.881947	0.2971895	0.7028105	76.19868
300	6.97205	-23.5311	30.5032	0.156853	0.843147	1.613871	0.296181	0.238942	0.209006	0.137111	0.119748	0.0298938	0.00227949	0	3.418771	1.655753	0.8431474	0.1568526	45.264
310	8.00477	-23.8059	31.8107	0.381415	0.618585	4.428965	0.297119	0.239823	0.21068	0.136643	0.122778	0.0296526	0.00228175	0	2.11122	1.960751	0.618585	0.381415	91.35893
320	6.93218	-21.5591	28.4913	0.901657	0.0983428	2.036446	0.303586	0.23888	0.206783	0.137112	0.12262	0.0300021	0.00219747	0	5.430618	1.905972	0.0983428	0.9016572	80.53269
330	6.47117	-20.9731	27.4442	0.641998	0.358002	3.847958	0.295584	0.237829	0.204911	0.13928	0.120769	0.0295982	0.002203	0	6.477683	1.970536	0.3580021	0.6419979	93.44058
340	5.94807	-23.1614	29.1095	0.497485	0.502515	0.9475949	0.295656	0.234204	0.210068	0.13906	0.119626	0.0308046	0.00221612	0	4.812425	1.618245	0.5025151	0.4974849	41.51878
350	7.387	-23.5082	30.8952	0.867957	0.132043	4.286444	0.296785	0.239515	0.209165	0.138238	0.118525	0.0298871	0.0022189	0	3.026768	1.880061	0.1320427	0.8679573	75.86839
360	5.9652	-22.3468	28.312	0.403756	0.596244	0.766392	0.294877	0.241676	0.209375	0.138883	0.117319	0.0300728	0.00219183	0	5.609955	1.72496	0.5962436	0.4037564	53.08357
370	7.4666	-20.8882	28.3548	0.0430963	0.956904	2.673508	0.301691	0.245277	0.2063	0.135801	0.117783	0.0304436	0.00220533	0	5.567113	1.997072	0.9569037	0.0430963	99.32808
380	4.87878	-26.3529	31.2317	0.103192	0.896808	1.766961	0.30257	0.236302	0.208977	0.136152	0.118421	0.0295802	0.00222391	0	2.690221	1.211736	0.8968082	0.1031918	16.28305
390	6.64167	-24.9499	31.5916	0.115522	0.884478	3.323088	0.307352	0.243694	0.210064	0.139271	0.119482	0.0293274	0.00223129	0	2.330329	1.576111	0.8844776	0.1155224	37.68005
400	7.08607	-24.3566	31.4427	0.193394	0.806606	1.747095	0.302771	0.238293	0.204606	0.137716	0.120324	0.0296921	0.00227809	0	2.479259	1.720319	0.8066061	0.1933939	52.51931
410	7.81633	-23.3217	31.138	0.038971	0.961029	4.641443	0.301729	0.240364	0.210394	0.135974	0.12141	0.030462	0.0022682	0	2.783881	1.85396	0.961029	0.03897098	71.44307
420	7.879	-21.8356	29.7146	0.538823	0.461177	3.522094	0.297866	0.234078	0.212414	0.139108	0.122476	0.0304717	0.00225117	0	4.207326	1.969502	0.4611771	0.5388229	93.21855
430	7.60147	-23.858	31.4595	0.289194	0.710806	3.008561	0.296103	0.237553	0.206656	0.135141	0.120036	0.0293222	0.0022956	0	2.462459	1.802459	0.7108061	0.2891939	63.45404
440	7.39875	-23.0378	30.4366	0.268838	0.731162	1.091857	0.297403	0.236989	0.211624	0.136813	0.1211	0.0298209	0.00222498	0	3.485372	1.942702	0.7311622	0.2688378	87.63994
450	6.545	-20.8785	27.4235	0.202876	0.797124	4.180622	0.293762	0.239076	0.210003	0.138359	0.117625	0.0304108	0.00227482	0	6.498413	1.98483	0.7971236	0.2028764	96.56727
460	7.93862	-22.8447	30.7834	0.497738	0.502262	2.856603	0.299891	0.242824	0.20908	0.139537	0.117996	0.0304849	0.00225019	0	3.138572	1.917352	0.5022616	0.4977384	82.67082
470	7.99427	-24.3925	32.3867	0.0804681	0.919532	4.516073	0.29504	0.242199	0.208693	0.135472	0.120248	0.029494	0.00224376	0	1.535194	1.986965	0.9195319	0.08046814	97.04307
480	6.59032	-23.1477	29.738	0.359898	0.640102	4.195014	0.301001	0.241383	0.203901	0.134536	0.118611	0.0297758	0.00223043	0	4.183916	1.733216	0.6401018	0.3598982	54.10232
490	5.52824	-22.8086	28.3369	0.824365	0.175635	6.487612	0.294767	0.239952	0.210024	0.133975	0.121849	0.0299265	0.00222282	0	5.585068	1.981073	0.1756352	0.8243648	95.73559
500	7.83411	-23.5237	31.3578	0.89505	0.10495	4.84193	0.293722	0.234477	0.20976	0.133815	0.118304	0.0301899	0.00220366	0	2.564076	1.997769	0.1049497	0.8950503	99.4877
510	7.80526	-23.7026	31.5078	0.971338	0.028662	4.434187	0.298996	0.241849	0.209816	0.134298	0.118976	0.029609	0.00222822	0	2.41408	1.980438	0.02866204	0.971338	95.59555
520	6.31256	-26.4834	32.7959	0.443204	0.556796	5.53693	0.29318	0.242507	0.209827	0.134492	0.121776	0.0303136	0.00219418	0	1.125996	1.921872	0.5567956	0.4432044	83.53569
530	5.87621	-20.4678	26.344	0.214964	0.785036	3.40267	0.305639	0.243521	0.209358	0.137443	0.119104	0.0296709	0.00219138	0	7.577931	1.969549	0.7850362	0.2149638	93.2286
540	5.79672	-25.1465	30.9432	0.334067	0.665933	2.976803	0.30204	0.234099	0.211654	0.138765	0.120596	0.0295476	0.00218363	0	2.9787	1.465006	0.6659332	0.3340668	29.17468
550	6.58355	-21.187	27.7706	0.244849	0.755151	1.181866	0.302491	0.2404	0.207046	0.135914	0.121167	0.0299528	0.0022091	0	6.151347	1.947544	0.7551515	0.2448485	88.62245
560	6.98673	-22.7691	29.7558	0.252944	0.747056	1.33989	0.307472	0.23602	0.208659	0.139369	0.120697	0.0307135	0.00220417	0	4.166083	1.774794	0.7470558	0.2529442	59.53802
570	6.54722	-25.7435	32.2907	0.418743	0.581257	2.43665	0.306428	0.2345	0.208407	0.137817	0.122132	0.0299684	0.00219892	0	1.631178	1.775511	0.5812566	0.4187434	59.63633
580	7.49247	-22.1163	29.6087	0.509534	0.490466	4.656957	0.301819	0.237945	0.205352	0.134698	0.120168	0.0300428	0.00219916	0	4.3132	1.971073	0.4904657	0.5095343	93.5564
590	7.51707	-24.5391	32.0562	0.90736	0.0926398	3.205417	0.30437	0.233384	0.210729	0.134186	0.120043	0.0294678	0.00222986	0	1.865721	1.980104	0.09263983	0.9073602	95.52207
600	5.97025	-24.5573	30.5275	0.662848	0.337152	4.537971	0.308101	0.233865	0.203866	0.136766	0.121332	0.0295684	0.00229591	0	3.394409	1.654033	0.3371518	0.6628482	45.08506
610	2.67763	-25.3018	27.9795	0.958535	0.0414655	0.3044797	0.305429	0.239401	0.205943	0.134629	0.118517	0.0302533	0.00229463	0	5.942457	1.177511	0.04146546	0.9585345	15.04912
620	6.65799	-23.4288	30.0868	0.743456	0.256544	0.2629136	0.306558	0.238089	0.213343	0.134152	0.120017	0.0308056	0.00228749	0	3.835103	1.95441	0.2565443	0.7434557	90.0348
630	4.36995	-21.3875	25.7575	0.827423	0.172577	0.06956064	0.304763	0.236023	0.205035	0.13603	0.118392	0.0302476	0.00226826	0	8.164459	1.797928	0.1725774	0.8274226	62.79537
640	5.15765	-21.4357	26.5933	0.843237	0.156763	0.08590039	0.300092	0.238527	0.209712	0.136171	0.117543	0.0298684	0.00220504	0	7.328611	1.905929	0.156763	0.843237	80.52471
650	7.09961	-23.3117	30.4113	0.621325	0.378675	0.7749556	0.29521	0.235595	0.213469	0.135251	0.119274	0.0298105	0.00224416	0	3.510643	1.960056	0.3786751	0.6213249	91.21283
660	7.34756	-25.0908	32.4384	0.399896	0.600104	5.276542	0.307746	0.240618	0.209673	0.137202	0.118388	0.0293131	0.00220102	0	1.483527	1.980362	0.6001042	0.3998958	95.57882
670	7.454	-22.824	30.278	0.399443	0.600557	2.753488	0.296944	0.239113	0.204011	0.137264	0.117796	0.0303212	0.00224163	0	3.643912	1.805475	0.6005571	0.3994429	63.89622
680	7.32491	-21.2565	28.5814	0.225878	0.774122	2.524254	0.301867	0.237778	0.20331	0.139542	0.118163	0.030102	0.00225916	0	5.340508	1.931194	0.7741219	0.2258781	85.34815
690	7.53301	-21.3259	28.8589	0.420101	0.579899	2.23954	0.300674	0.243297	0.208075	0.139444	0.120668	0.0294781	0.00221103	0	5.062976	1.984215	0.5798993	0.4201007	96.43053
700	-0.127409	-27.1024	26.975	0.784519	0.215481	4.279868	0.303701	0.240635	0.206624	0.136539	0.121089	0.0297006	0.00220633	0	6.946955	1.142201	0.2154811	0.7845189	13.87398
710	7.81492	-22.0361	29.851	0.407575	0.592425	2.246159	0.30766	0.233271	0.209344	0.139322	0.122249	0.0303956	0.00225537	0	4.070889	1.946715	0.5924248	0.4075752	88.45358
720	6.40546	-23.6498	30.0553	0.660415	0.339585	3.583911	0.305548	0.23624	0.207809	0.134851	0.120188	0.0303456	0.00229494	0	3.866668	1.669399	0.3395848	0.6604152	46.7088
730	3.86139	-23.1996	27.061	0.58115	0.41885	5.185584	0.29802	0.233317	0.207864	0.134817	0.119088	0.0302468	0.0022546	0	6.860903	1.684013	0.4188495	0.5811505	48.30737
740	7.8514	-22.6194	30.4708	0.765475	0.234525	3.659326	0.293471	0.235206	0.204353	0.137132	0.118124	0.0300703	0.0022929	0	3.451101	1.93008	0.2345252	0.7654748	85.1295
750	7.23162	-22.6939	29.9255	0.918156	0.0818435	2.531402	0.297588	0.233538	0.204541	0.139386	0.117578	0.0307617	0.00228327	0	3.996396	1.828552	0.08184352	0.9181565	67.38326
760	6.20116	-25.0135	31.2147	0.734108	0.265892	7.118074	0.303014	0.233332	0.206618	0.136242	0.11813	0.0305596	0.00228793	0	2.707252	1.949764	0.2658924	0.7341076	89.07665
770	7.79586	-24.4615	32.2574	0.151389	0.848611	4.10141	0.294539	0.239256	0.208727	0.136492	0.120922	0.0296783	0.00226306	0	1.664552	1.917382	0.8486107	0.1513893	82.67648
780	7.50266	-24.1338	31.6364	0.324204	0.675796	3.892036	0.294645	0.239835	0.205054	0.133317	0.119976	0.0295446	0.00220506	0	2.285486	1.822358	0.6757959	0.3242041	66.42904
790	7.84705	-23.6862	31.5332	0.910468	0.0895324	4.268723	0.293134	0.240511	0.207898	0.133345	0.117972	0.0302527	0.00228271	0	2.388716	1.970401	0.08953243	0.9104676	93.41175
800	7.78527	-24.2558	32.0411	0.16093	0.83907	3.636287	0.298518	0.23636	0.208834	0.139594	0.117958	0.0296285	0.00221365	0	1.880852	1.882415	0.8390705	0.1609295	76.28074
810	7.23291	-21.4493	28.6822	0.639031	0.360969	1.53013	0.305618	0.236256	0.20931	0.135383	0.11922	0.0304093	0.00226413	0	5.239674	1.985256	0.3609695	0.6390305	96.66208
820	4.69274	-21.7238	26.4165	0.927265	0.0727355	0.7300559	0.303411	0.244392	0.203521	0.137584	0.120741	0.029711	0.00224113	0	7.505429	1.701526	0.07273545	0.9272645	50.29515
830	4.90673	-23.0354	27.9421	0.0977247	0.902275	1.320976	0.305264	0.24212	0.207791	0.139255	0.12192	0.0302883	0.00225121	0	5.979841	1.388052	0.9022753	0.09772466	24.43722
840	7.42837	-22.0919	29.5202	0.184526	0.815474	1.80753	0.305512	0.233613	0.204257	0.136774	0.122668	0.0301795	0.00229172	0	4.401692	1.862284	0.8154737	0.1845263	72.82564
850	5.00725	-23.1028	28.1101	0.95571	0.0442899	0.696072	0.30063	0.242701	0.203721	0.139413	0.121332	0.029944	0.00226058	0	5.811844	1.56644	0.04428988	0.9557101	36.8502
860	7.53021	-22.1439	29.6741	0.899488	0.100512	2.708023	0.302053	0.24068	0.203481	0.137319	0.122309	0.0307356	0.00227532	0	4.247827	1.906204	0.1005123	0.8994877	80.57577
870	6.3857	-23.4892	29.8749	0.106821	0.893179	1.662101	0.293359	0.237653	0.204944	0.13888	0.120604	0.0304618	0.00221812	0	4.047062	1.525633	0.8931795	0.1068205	33.5454
880	5.69209	-24.0272	29.7193	0.306899	0.693101	4.847139	0.29749	0.235935	0.213831	0.134879	0.120568	0.0298602	0.00220122	0	4.202607	1.644826	0.6931009	0.3068991	44.13935
890	4.89748	-24.2421	29.1395	0.506881	0.493119	5.077839	0.29845	0.237919	0.211185	0.137435	0.121622	0.0297512	0.00220363	0	4.782393	1.625272	0.4931186	0.5068814	42.19611
900	7.60977	-23.1699	30.7796	0.644146	0.355854	1.556946	0.297922	0.234392	0.207381	0.139576	0.120472	0.0293082	0.00222264	0	3.142277	1.972824	0.3558542	0.6441458	93.93434
910	5.67838	-25.7964	31.4748	0.571543	0.428457	1.899038	0.300443	0.234996	0.212419	0.139033	0.121707	0.0297064	0.00225246	0	2.447158	1.503566	0.428457	0.571543	31.88352
920	7.76404	-22.4444	30.2084	0.499133	0.500867	2.505251	0.29534	0.234056	0.21016	0.138525	0.119329	0.0295186	0.00222419	0	3.713493	1.908232	0.5008671	0.4991329	80.95274
930	6.29158	-21.3198	27.6114	0.159358	0.840642	4.893316	0.302716	0.237372	0.203261	0.137404	0.121238	0.029963	0.00220388	0	6.310522	1.97929	0.8406416	0.1593584	95.34324
940	7.77087	-24.022	31.7929	0.638564	0.361436	4.236947	0.301519	0.235271	0.212429	0.13338	0.120929	0.0294867	0.00226004	0	2.129046	1.94752	0.3614365	0.6385635	88.61768
950	7.81084	-21.7188	29.5296	0.259302	0.740698	2.427225	0.302081	0.236572	0.211949	0.135286	0.119841	0.0307519	0.00221216	0	4.392296	1.956435	0.740698	0.259302	90.45556
960	6.2575	-21.9306	28.1881	0.414839	0.585161	3.125621	0.30425	0.233788	0.212769	0.133602	0.119382	0.030596	0.00219223	0	5.733857	1.768683	0.5851607	0.4148393	58.70601
970	4.69593	-21.3103	26.0063	0.506734	0.493266	4.662702	0.297094	0.234096	0.21162	0.135525	0.120897	0.0302047	0.00218933	0	7.915668	1.897451	0.4932656	0.5067344	78.96804
980	8.0404	-23.5575	31.5979	0.422166	0.577834	4.361405	0.299778	0.233801	0.209396	0.136972	0.120251	0.0302734	0.00220574	0	2.324027	1.967735	0.577834	0.422166	92.84006
990	7.46401	-23.1368	30.6008	0.0555617	0.944438	2.044789	0.300524	0.24012	0.21216	0.134805	0.11706	0.0295677	0.00219078	0	3.321112	1.749469	0.9444383	0.05556168	56.16541
1000	5.73006	-24.5217	30.2518	0.38699	0.61301	6.931853	0.29443	0.243032	0.21027	0.134244	0.117113	0.0299727	0.0022837	0	3.670134	1.869122	0.6130102	0.3869898	73.98139
1010	7.11616	-21.25	28.3662	0.601486	0.398514	2.431396	0.301853	0.235734	0.212657	0.136538	0.117549	0.0294624	0.00227726	0	5.555764	1.933211	0.3985145	0.6014855	85.74537
1020	7.7435	-22.0908	29.8343	0.411139	0.588861	3.14121	0.295337	0.238544	0.208417	0.136152	0.118496	0.0296667	0.00228916	0	4.087639	1.902994	0.5888606	0.4111394	79.98228
1030	7.22988	-23.6928	30.9226	0.192356	0.807644	1.628469	0.302173	0.239884	0.204341	0.137837	0.119399	0.0307349	0.00227623	0	2.999284	1.744071	0.8076437	0.1923563	55.47166
1040	6.89411	-21.7801	28.6742	0.314366	0.685634	4.918378	0.295425	0.237619	0.204686	0.138453	0.117483	0.0306631	0.00219598	0	5.247721	1.968699	0.6856344	0.3143656	93.04636
1050	7.71379	-24.3329	32.0467	0.388734	0.611266	2.676807	0.29941	0.240235	0.20897	0.137339	0.118868	0.029732	0.00225144	0	1.875257	1.977868	0.6112662	0.3887338	95.03156
1060	4.68886	-25.152	29.8408	0.220124	0.779876	1.815865	0.299967	0.238167	0.204348	0.134121	0.12026	0.0299828	0.00220854	0	4.081115	1.231462	0.7798758	0.2201242	17.03971
1070	7.02395	-22.9623	29.9863	0.89599	0.10401	3.503503	0.3084	0.236874	0.203662	0.133773	0.11915	0.030049	0.00219029	0	3.935645	1.812148	0.1040104	0.8959896	64.88559
1080	6.28111	-23.534	29.8151	0.232062	0.767938	6.204038	0.302749	0.234677	0.206038	0.138542	0.117458	0.029308	0.00223208	0	4.106836	1.881002	0.7679375	0.2320625	76.033
1090	6.88771	-23.8523	30.74	0.872875	0.127125	3.024241	0.296626	0.239992	0.205952	0.139738	0.121071	0.0300339	0.00220136	0	3.181912	1.750983	0.1271253	0.8728747	56.3615
1100	7.86671	-22.1227	29.9894	0.965678	0.0343219	4.096981	0.301087	0.242069	0.209111	0.137853	0.119533	0.0303099	0.00228322	0	3.932536	1.989769	0.03432191	0.9656781	97.67171
1110	3.28125	-29.1737	32.4549	0.49505	0.50495	0.9096182	0.297247	0.233771	0.204708	0.139507	0.120455	0.0306414	0.00225092	0	1.467017	1.303339	0.5049498	0.4950502	20.10663
1120	5.94601	-22.9691	28.9151	0.911203	0.0887965	4.018396	0.298624	0.245101	0.206054	0.136246	0.120438	0.0304569	0.00222389	0	5.006799	1.732863	0.08879653	0.9112035	54.05834
1130	8.28459	-22.3741	30.6587	0.0473309	0.952669	3.193692	0.29909	0.240067	0.203916	0.133482	0.116877	0.03083	0.002201	0	3.263239	1.939978	0.9526691	0.04733094	87.09187
1140	5.74282	-21.8356	27.5785	0.720936	0.279064	4.713872	0.295131	0.234004	0.209906	0.135479	0.118457	0.0305467	0.00221237	0	6.343467	1.886907	0.2790644	0.7209356	77.07386
1150	3.73242	-25.3497	29.0821	0.345194	0.654806	5.84438	0.295282	0.237297	0.208032	0.136996	0.122412	0.0308427	0.00222002	0	4.83981	1.537513	0.654806	0.345194	34.47569
1160	5.25802	-26.2617	31.5198	0.782856	0.217144	7.04277	0.298829	0.243072	0.203392	0.13464	0.120897	0.0298731	0.00221669	0	2.402156	1.828018	0.217144	0.782856	67.30044
1170	5.76865	-26.8843	32.6529	0.503817	0.496183	2.170727	0.302618	0.241781	0.205856	0.134846	0.122065	0.0306938	0.0022256	0	1.268977	1.810122	0.4961831	0.5038169	64.58351
1180	8.37426	-22.3058	30.68	0.111801	0.888199	3.134924	0.306517	0.242013	0.212372	0.137857	0.118134	0.030128	0.00229465	0	3.241909	1.964766	0.8881989	0.1118011	92.20744
1190	7.48022	-24.6438	32.124	0.269536	0.730464	5.243286	0.304372	0.243435	0.20929	0.137669	0.122169	0.0305644	0.00221457	0	1.797912	1.921917	0.7304644	0.2695356	83.54428
1200	3.90562	-22.7774	26.6831	0.780048	0.219952	6.79022	0.30575	0.23943	0.205101	0.134262	0.122645	0.0307672	0.00221178	0	7.238862	1.958176	0.2199517	0.7800483	90.81893
1210	7.41325	-23.0297	30.443	0.81656	0.18344	1.735403	0.302704	0.234322	0.211296	0.133589	0.122882	0.0305589	0.00218847	0	3.478954	1.902961	0.1834405	0.8165595	79.97617
1220	6.32789	-21.9201	28.248	0.368887	0.631113	4.677204	0.300599	0.234777	0.213797	0.133872	0.119887	0.0305772	0.00218612	0	5.673916	1.892092	0.631113	0.368887	77.99945
1230	7.46166	-21.8383	29.2999	0.70875	0.29125	1.705315	0.306223	0.234901	0.209319	0.136481	0.117299	0.0304331	0.00221374	0	4.621998	1.970733	0.2912502	0.7087498	93.48312
1240	6.81772	-23.3535	30.1713	0.0858811	0.914119	0.9260765	0.305623	0.241129	0.213106	0.135878	0.1198	0.0293672	0.00222768	0	3.750661	1.702784	0.9141189	0.08588105	50.44107
1250	5.93645	-21.1439	27.0803	0.0170334	0.982967	0.6655337	0.306874	0.242918	0.207581	0.133408	0.120359	0.0297693	0.0022333	0	6.841608	1.916252	0.9829666	0.01703341	82.46158
1260	7.1937	-24.5883	31.782	0.334072	0.665928	1.453361	0.29793	0.242179	0.20888	0.133248	0.120146	0.0305864	0.00222758	0	2.139898	1.964926	0.6659284	0.3340716	92.24137
1270	6.81768	-22.7727	29.5904	0.38185	0.61815	5.859333	0.298305	0.240853	0.210508	0.134826	0.122402	0.0306492	0.0022308	0	4.331564	1.96189	0.6181496	0.3818504	91.59884
1280	8.06217	-24.2797	32.3419	0.114311	0.885689	4.571987	0.295879	0.234187	0.211226	0.137365	0.121969	0.030809	0.00227247	0	1.580046	1.996903	0.8856891	0.1143109	99.28953
1290	5.29009	-23.6309	28.921	0.805426	0.194574	3.39314	0.30057	0.237587	0.205942	0.133466	0.122033	0.0305974	0.00220596	0	5.000963	1.581036	0.1945741	0.8054259	38.1097
1300	7.47086	-23.0223	30.4932	0.00742902	0.992571	4.053181	0.29498	0.239118	0.210972	0.136922	0.1203	0.030779	0.00219934	0	3.428739	1.77207	0.992571	0.00742902	59.16563
1310	5.77145	-21.8705	27.642	0.397666	0.602334	1.000983	0.29512	0.240003	0.212914	0.133712	0.122554	0.0308258	0.0022619	0	6.279951	1.732644	0.6023342	0.3976658	54.0311
1320	6.63011	-25.1734	31.8035	0.293612	0.706388	2.83215	0.301867	0.239006	0.210504	0.138653	0.121856	0.0297365	0.00228346	0	2.118385	1.623688	0.7063876	0.2936124	42.04244
1330	5.36219	-25.8087	31.1709	0.504565	0.495435	1.796181	0.293743	0.239975	0.204784	0.13599	0.122262	0.0297709	0.00228272	0	2.75102	1.403021	0.4954347	0.5045653	25.29418
1340	6.8668	-20.815	27.6818	0.918852	0.0811484	2.742626	0.295051	0.243782	0.212917	0.134021	0.118479	0.0298612	0.00219039	0	6.240102	1.992469	0.08114836	0.9188516	98.28085
1350	4.80162	-24.628	29.4297	0.254824	0.745176	2.235148	0.294467	0.243495	0.204815	0.134525	0.116878	0.0300164	0.00221101	0	4.492268	1.30157	0.7451759	0.2548241	20.02488
1360	8.08047	-23.3784	31.4589	0.339512	0.660488	4.197536	0.298696	0.241446	0.20475	0.134677	0.119341	0.0304629	0.00222425	0	2.46306	1.947868	0.6604884	0.3395116	88.68857
1370	7.72218	-24.041	31.7631	0.916541	0.083459	3.402713	0.301207	0.233976	0.206776	0.135123	0.121339	0.0307955	0.00224779	0	2.158783	1.962411	0.08345896	0.916541	91.7087
1380	3.41543	-23.3557	26.7711	0.0949922	0.905008	6.343031	0.302846	0.236186	0.205123	0.13824	0.121955	0.0304558	0.00224803	0	7.150791	1.765797	0.9050078	0.09499225	58.31725
1390	7.28198	-22.2581	29.5401	0.443817	0.556183	3.028595	0.304081	0.240352	0.211781	0.135217	0.122161	0.0301382	0.00224079	0	4.381862	1.830639	0.5561828	0.4438172	67.7078
1400	5.04405	-26.791	31.835	0.0590395	0.94096	6.792758	0.302903	0.244102	0.211541	0.133751	0.121761	0.0301695	0.00226533	0	2.086877	1.644738	0.9409605	0.05903953	44.13036
1410	7.54948	-23.0252	30.5746	0.878424	0.121576	1.696372	0.303689	0.242965	0.203329	0.134842	0.119989	0.0293904	0.00229601	0	3.34728	1.937645	0.1215762	0.8784238	86.62535
1420	4.88186	-21.2315	26.1133	0.749864	0.250136	0.4252251	0.305862	0.239391	0.204348	0.134227	0.121865	0.0301745	0.00227012	0	7.80859	1.832386	0.250136	0.749864	67.98078
1430	6.63502	-21.8059	28.4409	0.756518	0.243482	0.8445508	0.306609	0.244981	0.204227	0.135338	0.121764	0.0306837	0.00224717	0	5.481037	1.93369	0.2434824	0.7565176	85.84009
1440	8.13839	-21.877	30.0154	0.46851	0.53149	3.492705	0.300197	0.236667	0.206128	0.133504	0.120568	0.0305185	0.00224111	0	3.906503	1.999696	0.5314899	0.4685101	99.93
1450	4.44273	-23.1882	27.631	0.731021	0.268979	4.002857	0.297587	0.236137	0.206351	0.133714	0.121951	0.0300234	0.00219804	0	6.290947	1.607105	0.2689788	0.7310212	40.46735
1460	6.02226	-26.3752	32.3974	0.87049	0.12951	4.665409	0.303638	0.23611	0.203638	0.136439	0.120754	0.0305429	0.0021932	0	1.524489	1.812768	0.1295101	0.8704899	64.97832
1470	6.3852	-24.4099	30.7951	0.406953	0.593047	1.205808	0.304516	0.23882	0.205141	0.134286	0.119539	0.0305798	0.00224904	0	3.126843	1.611715	0.5930469	0.4069531	40.89926
1480	6.8556	-21.3713	28.2269	0.397872	0.602128	1.842111	0.300423	0.243163	0.203317	0.137694	0.117617	0.0299674	0.00224095	0	5.695021	1.896007	0.6021281	0.3978719	78.70578
1490	5.4097	-21.0153	26.425	0.515733	0.484267	3.637762	0.308483	0.24482	0.206734	0.137862	0.122107	0.0298529	0.00218563	0	7.496945	1.881548	0.4842667	0.5157333	76.12863
1500	6.24614	-24.945	31.1911	0.80852	0.19148	5.539455	0.303731	0.244997	0.206308	0.137995	0.119779	0.0299352	0.00221026	0	2.730826	1.798085	0.1914795	0.8085205	62.81811
1510	4.18255	-24.6546	28.8372	0.180898	0.819102	2.11376	0.302449	0.243331	0.213734	0.139063	0.119026	0.0305629	0.00218443	0	5.084738	1.222878	0.8191019	0.1808981	16.70622
1520	7.21846	-25.3775	32.596	0.388216	0.611784	4.728808	0.298246	0.2339	0.210097	0.137952	0.119496	0.0302578	0.00221288	0	1.325921	1.963542	0.6117843	0.3882157	91.94794
1530	7.7882	-23.0459	30.8341	0.624236	0.375764	4.460934	0.29592	0.24086	0.208048	0.135189	0.118593	0.0299959	0.00227936	0	3.087828	1.933301	0.3757636	0.6242364	85.76325
1540	7.31412	-23.3076	30.6217	0.792017	0.207983	2.080764	0.295273	0.242954	0.212387	0.135327	0.118117	0.0304089	0.00221623	0	3.300208	1.842754	0.2079835	0.7920165	69.6232
1550	2.22219	-30.8347	33.0569	0.439029	0.560971	7.25825	0.293547	0.241674	0.211073	0.133708	0.121055	0.0302578	0.00228677	0	0.8650226	1.61458	0.5609713	0.4390287	41.16992
1560	7.81843	-22.5835	30.402	0.916381	0.0836189	4.455818	0.298339	0.236183	0.213844	0.133086	0.118795	0.0305671	0.00219071	0	3.519966	1.986643	0.08361889	0.9163811	96.9713
1570	4.80165	-25.9829	30.7846	0.000696542	0.999303	6.323361	0.294412	0.235724	0.211794	0.134121	0.119898	0.0308263	0.00220825	0	3.137359	1.564972	0.9993035	0.0006965417	36.72589
1580	7.81836	-21.9426	29.761	0.480774	0.519226	2.263086	0.295634	0.236961	0.206306	0.136135	0.120711	0.0298069	0.00228682	0	4.160958	1.957045	0.5192257	0.4807743	90.58256
1590	7.38803	-24.381	31.769	0.420175	0.579825	3.763241	0.293468	0.236291	0.203624	0.138758	0.119131	0.0299657	0.00229248	0	2.152877	1.812667	0.5798247	0.4201753	64.96314
1600	4.52102	-26.1993	30.7204	0.390046	0.609954	0.9689063	0.293541	0.235635	0.211586	0.138726	0.117635	0.030825	0.00226756	0	3.20156	1.213507	0.6099542	0.3900458	16.3496
1610	6.63098	-22.4732	29.1042	0.78962	0.21038	2.750443	0.308303	0.23944	0.208717	0.135065	0.116986	0.0307436	0.00224661	0	4.817704	1.75915	0.2103796	0.7896204	57.43145
1620	7.86385	-24.3033	32.1671	0.407929	0.592071	4.078544	0.306933	0.243995	0.209592	0.138647	0.117321	0.0305924	0.00222586	0	1.754776	1.980822	0.5920707	0.4079293	95.68026
1630	7.34805	-22.9149	30.2629	0.277971	0.722029	0.9786311	0.298252	0.237314	0.210949	0.138095	0.120828	0.0304548	0.00225085	0	3.658989	1.953309	0.7220288	0.2779712	89.80679
1640	7.5854	-23.9468	31.5322	0.382984	0.617016	5.706431	0.297254	0.234748	0.208805	0.136131	0.122076	0.0305078	0.0022648	0	2.389687	1.965985	0.6170161	0.3829839	92.46653
1650	7.31947	-23.7429	31.0623	0.117213	0.882787	1.710614	0.296343	0.239362	0.209157	0.138003	0.119123	0.0305643	0.00224676	0	2.859597	1.747462	0.8827866	0.1172134	55.90646
1660	5.83708	-21.0163	26.8533	0.0754043	0.924596	3.017088	0.295338	0.234714	0.206037	0.137429	0.12063	0.0304926	0.00229039	0	7.068574	1.821726	0.9245957	0.07540434	66.33248
1670	7.12315	-21.3736	28.4967	0.457377	0.542623	3.701148	0.302396	0.241172	0.203745	0.133968	0.121551	0.0296653	0.00228036	0	5.425209	1.93713	0.5426227	0.4573773	86.52275
1680	7.2989	-22.6604	29.9593	0.32565	0.67435	2.577652	0.304123	0.242247	0.205165	0.13827	0.122398	0.0300374	0.00223732	0	3.962652	1.779299	0.6743496	0.3256504	60.15884
1690	7.07655	-21.6834	28.76	0.0726261	0.927374	3.727851	0.30739	0.238489	0.207616	0.138422	0.120151	0.0297805	0.00227972	0	5.161958	1.856092	0.9273739	0.07262606	71.79463
1700	7.38168	-23.3518	30.7335	0.0683949	0.931605	4.67702	0.3053	0.237754	0.206401	0.139872	0.117536	0.0303744	0.00229413	0	3.18841	1.790994	0.9316051	0.06839487	61.80084
1710	6.67463	-23.574	30.2486	0.351585	0.648415	6.038251	0.303325	0.237999	0.207222	0.138808	0.122484	0.0302029	0.00225613	0	3.673295	1.897688	0.6484152	0.3515848	79.01115
1720	7.82464	-22.8808	30.7055	0.784076	0.215924	3.854921	0.304942	0.235673	0.208618	0.136661	0.119107	0.0305431	0.00228178	0	3.216442	1.926708	0.2159235	0.7840765	84.47114
1730	7.63533	-21.6021	29.2374	0.216959	0.783041	1.964365	0.308188	0.243466	0.210035	0.138828	0.118238	0.0307793	0.00228118	0	4.684543	1.956813	0.783041	0.216959	90.53418
1740	6.01315	-22.0565	28.0696	0.373486	0.626514	0.0844911	0.297956	0.245063	0.206254	0.137891	0.117686	0.0305127	0.00222654	0	5.852288	1.923752	0.6265138	0.3734862	83.89799
1750	2.28109	-30.6247	32.9058	0.356536	0.643464	0.1725798	0.304988	0.244942	0.210292	0.134934	0.122137	0.0301604	0.00218306	0	1.016126	1.476908	0.6434641	0.3565359	29.98526
1760	7.23219	-21.8279	29.06	0.403465	0.596535	1.166166	0.307077	0.239955	0.211472	0.139613	0.11721	0.0295993	0.00218863	0	4.86188	1.985907	0.5965345	0.4034655	96.80713
1770	6.99487	-24.4976	31.4925	0.66913	0.33087	6.459882	0.295805	0.238408	0.213889	0.139851	0.118549	0.0294592	0.00223721	0	2.42941	1.987263	0.3308705	0.6691295	97.10987
1780	7.26519	-22.1572	29.4224	0.15989	0.84011	1.275098	0.293155	0.235096	0.205282	0.137768	0.120675	0.0294211	0.00225558	0	4.499563	1.892807	0.8401103	0.1598897	78.12807
1790	7.93511	-21.9166	29.8517	0.146124	0.853876	3.017221	0.30021	0.243741	0.206182	0.134952	0.122836	0.0299525	0.0022821	0	4.070267	1.916409	0.8538764	0.1461236	82.49148
1800	7.37985	-25.1567	32.5366	0.130856	0.869144	3.006048	0.297405	0.243693	0.203486	0.137018	0.120277	0.0299702	0.00224712	0	1.385363	1.949366	0.869144	0.130856	88.99513
1810	6.39287	-26.4159	32.8087	0.217754	0.782246	3.170773	0.295444	0.238451	0.20662	0.134744	0.117713	0.0293627	0.00224378	0	1.113182	1.851324	0.7822461	0.2177539	71.01079
1820	7.61984	-23.9422	31.562	0.180287	0.819713	3.386345	0.298187	0.237579	0.204098	0.134638	0.121617	0.0299679	0.00221129	0	2.359895	1.795704	0.8197131	0.1802869	62.47471
1830	3.24579	-22.9331	26.1789	0.861968	0.138032	5.821046	0.298679	0.236748	0.206037	0.13578	0.120528	0.0294561	0.00223205	0	7.742997	1.784698	0.1380324	0.8619676	60.91126
1840	5.22933	-23.8915	29.1209	0.946773	0.0532266	6.812871	0.304942	0.242708	0.203588	0.133234	0.120471	0.0296632	0.00228519	0	4.801058	1.903326	0.0532266	0.9467734	80.04342
1850	6.12905	-25.411	31.5401	0.913813	0.0861869	1.459756	0.297989	0.241881	0.208947	0.133137	0.121392	0.0295318	0.00223458	0	2.381834	1.719633	0.08618685	0.9138131	52.43645
1860	6.05183	-22.5156	28.5674	0.171284	0.828716	0.8437625	0.294753	0.237097	0.206517	0.133531	0.119268	0.0293201	0.00220488	0	5.354526	1.660154	0.8287156	0.1712844	45.72505
1870	7.44416	-24.8031	32.2473	0.544105	0.455895	4.511323	0.298347	0.245429	0.20839	0.136299	0.117019	0.0295655	0.00221467	0	1.674654	1.947202	0.4558951	0.5441049	88.55273
1880	6.57247	-21.9316	28.5041	0.523444	0.476556	1.716382	0.293422	0.24073	0.211587	0.133877	0.11771	0.0298514	0.00229236	0	5.41785	1.78921	0.4765563	0.5234437	61.54749
1890	6.62367	-21.0003	27.624	0.893622	0.106378	1.444753	0.306431	0.242654	0.212461	0.135243	0.11912	0.0297873	0.00223332	0	6.297948	1.98423	0.1063785	0.8936215	96.43394
1900	5.34072	-21.672	27.0128	0.558992	0.441008	1.242912	0.308479	0.238417	0.207217	0.135689	0.120925	0.0303615	0.00226753	0	6.909163	1.713993	0.4410077	0.5589923	51.75982
1910	6.14817	-20.8724	27.0206	0.986878	0.013122	2.017833	0.303134	0.244463	0.209796	0.135393	0.12174	0.0304489	0.0022601	0	6.901328	1.91491	0.01312202	0.986878	82.20718
1920	7.46411	-23.4205	30.8846	0.974734	0.0252661	5.044721	0.296257	0.237569	0.21306	0.137328	0.121797	0.0303882	0.0021928	0	3.037306	1.955186	0.02526611	0.9747339	90.1958
1930	7.56488	-23.2705	30.8353	0.0440124	0.955988	2.794229	0.3007	0.235408	0.212448	0.133664	0.120816	0.0304683	0.00219876	0	3.086579	1.735389	0.9559876	0.04401241	54.37369
1940	7.55036	-22.9651	30.5155	0.641913	0.358087	1.393158	0.304807	0.235717	0.213057	0.140007	0.12112	0.0305093	0.00218928	0	3.406418	1.980297	0.3580872	0.6419128	95.5645
1950	6.74267	-24.938	31.6807	0.227062	0.772938	3.200465	0.297765	0.242586	0.211345	0.138247	0.118359	0.0303469	0.00220136	0	2.241274	1.629266	0.7729384	0.2270616	42.58592
1960	6.38199	-25.1389	31.5209	0.849403	0.150597	5.548417	0.305277	0.240765	0.213405	0.138098	0.116807	0.0307419	0.00226779	0	2.401073	1.820089	0.1505975	0.8494025	66.08293
1970	5.9814	-25.4895	31.4709	0.172498	0.827502	6.856238	0.301966	0.237609	0.213646	0.138755	0.118233	0.0302898	0.00227331	0	2.450982	1.807776	0.8275018	0.1724982	64.23569
1980	7.7927	-23.385	31.1777	0.271606	0.728394	3.177398	0.294243	0.234863	0.204755	0.136456	0.118421	0.0300227	0.00225651	0	2.744208	1.837536	0.7283943	0.2716057	68.79166
1990	8.10152	-22.3443	30.4459	0.0966149	0.903385	2.797375	0.294855	0.236323	0.206824	0.137351	0.117278	0.0295667	0.0022521	0	3.476061	1.911263	0.9033851	0.09661494	81.51976
2000	6.56919	-24.4158	30.985	0.492526	0.507474	5.924222	0.293659	0.237446	0.207801	0.134867	0.117525	0.0293071	0.00220753	0	2.936912	1.851487	0.5074739	0.4925261	71.03742
2010	6.49557	-23.4287	29.9242	0.164982	0.835018	3.158734	0.294402	0.23686	0.211422	0.135843	0.119573	0.0301931	0.00225714	0	3.997686	1.587621	0.8350183	0.1649817	38.69199
2020	7.54261	-22.9407	30.4833	0.715996	0.284004	2.986813	0.29909	0.241597	0.210653	0.135254	0.120339	0.030341	0.00221583	0	3.438654	1.860136	0.284004	0.715996	72.4663
2030	7.27892	-24.5427	31.8216	0.633022	0.366978	2.031649	0.294403	0.240109	0.204409	0.134488	0.120016	0.0297913	0.00223378	0	2.100336	1.93373	0.3669784	0.6330216	85.84796
2040	3.3831	-25.6703	29.0534	0.44739	0.55261	7.789157	0.297405	0.242206	0.208302	0.133579	0.119806	0.030786	0.00227111	0	4.868558	1.767537	0.5526098	0.4473902	58.55141
2050	6.97458	-22.9025	29.8771	0.0253547	0.974645	2.357657	0.297233	0.235226	0.20694	0.134566	0.118102	0.0305752	0.00219378	0	4.044839	1.644271	0.9746453	0.02535474	44.08303
2060	7.30479	-22.6324	29.9372	0.80536	0.19464	2.145821	0.29961	0.235653	0.20486	0.13502	0.117513	0.0293363	0.00220629	0	3.984689	1.856365	0.1946398	0.8053602	71.8397
2070	7.23105	-22.3503	29.5813	0.180702	0.819298	5.361402	0.303458	0.240464	0.213417	0.133698	0.11894	0.0294341	0.00219521	0	4.340577	1.967493	0.8192982	0.1807018	92.78823
2080	6.42408	-20.8639	27.288	0.166319	0.833681	3.312192	0.302243	0.236987	0.208785	0.133358	0.121483	0.0303304	0.00220298	0	6.633948	1.92609	0.8336811	0.1663189	84.35098
2090	7.09613	-24.2382	31.3344	0.50553	0.49447	3.323619	0.303004	0.243471	0.205077	0.139439	0.120774	0.0300345	0.0022512	0	2.587557	1.741134	0.4944702	0.5055298	55.09782
2100	7.20159	-20.9804	28.182	0.207665	0.792335	3.146037	0.304067	0.244831	0.207855	0.136568	0.121873	0.0299	0.00227139	0	5.739904	1.960746	0.7923354	0.2076646	91.3578
2110	6.40354	-21.9628	28.3663	0.864192	0.135808	1.89734	0.303072	0.242637	0.210733	0.139808	0.121507	0.0305481	0.00228493	0	5.555614	1.785032	0.1358077	0.8641923	60.95822
2120	2.07881	-26.0805	28.1593	0.135003	0.864997	1.392839	0.295315	0.240444	0.213738	0.137235	0.119313	0.0301003	0.00227801	0	5.76263	0.9018372	0.8649967	0.1350033	7.976957
2130	3.14057	-20.6926	23.8332	0.343441	0.656559	0.464022	0.300597	0.241133	0.20569	0.137243	0.118859	0.0303326	0.00226626	0	10.08873	1.757376	0.6565589	0.3434411	57.19736
2140	6.41973	-25.3517	31.7715	0.346528	0.653472	0.955093	0.296496	0.245106	0.210845	0.138977	0.118728	0.030717	0.00223086	0	2.15047	1.808895	0.6534717	0.3465283	64.40136
2150	5.95111	-23.4347	29.3859	0.444949	0.555051	4.820417	0.303901	0.234641	0.205522	0.139318	0.121202	0.0304975	0.00220854	0	4.536072	1.725781	0.5550513	0.4449487	53.18402
2160	7.49173	-23.5453	31.0371	0.601623	0.398377	3.846598	0.304139	0.236593	0.210645	0.136386	0.120115	0.0300537	0.00222002	0	2.884863	1.847294	0.398377	0.601623	70.35479
2170	7.23117	-23.1316	30.3628	0.369527	0.630473	4.596546	0.306052	0.241232	0.207193	0.135391	0.121059	0.0303339	0.00222488	0	3.559112	1.838425	0.6304729	0.3695271	68.93272
2180	5.98	-21.6434	27.6234	0.903845	0.0961554	1.518393	0.306463	0.243747	0.20407	0.137838	0.11841	0.0305862	0.00223776	0	6.298518	1.7987	0.09615536	0.9038446	62.90719
2190	7.32859	-24.8259	32.1545	0.0669538	0.933046	2.119726	0.303746	0.242191	0.204661	0.139461	0.118532	0.0305313	0.00223592	0	1.767441	1.871682	0.9330462	0.06695382	74.41863
2200	4.95857	-24.0024	28.961	0.394476	0.605524	6.232302	0.30278	0.235879	0.212218	0.139361	0.118002	0.0295171	0.00225063	0	4.96091	1.771735	0.6055243	0.3944757	59.12011
2210	7.26918	-23.4436	30.7128	0.694892	0.305108	4.887027	0.304196	0.234965	0.209159	0.138806	0.122858	0.0299916	0.00222607	0	3.209168	1.888764	0.305108	0.694892	77.40411
2220	7.39078	-23.2022	30.593	0.0567367	0.943263	5.395198	0.299964	0.239209	0.21255	0.137314	0.118718	0.0296201	0.00218254	0	3.328909	1.892677	0.9432633	0.05673673	78.10462
2230	6.19969	-22.2155	28.4152	0.16971	0.83029	4.272245	0.304691	0.237169	0.209996	0.134698	0.117523	0.030282	0.00220894	0	5.506698	1.784655	0.8302901	0.1697099	60.90527
2240	7.52888	-24.5647	32.0936	0.335242	0.664758	3.349913	0.300313	0.245393	0.208348	0.133478	0.11878	0.0308442	0.00218627	0	1.828304	1.883827	0.6647581	0.3352419	76.52924
2250	6.02215	-22.9015	28.9237	0.0890763	0.910924	2.104016	0.305775	0.245092	0.203614	0.134495	0.121807	0.0306958	0.00228668	0	4.998267	1.519352	0.9109237	0.08907627	33.06375
2260	6.96732	-24.7247	31.692	0.455973	0.544027	5.876225	0.307854	0.233524	0.205882	0.134431	0.120319	0.0305968	0.00229634	0	2.229887	1.887123	0.5440272	0.4559728	77.11224
2270	7.56303	-24.6106	32.1736	0.418164	0.581836	4.442308	0.299321	0.235164	0.204918	0.137011	0.117216	0.0298564	0.00223948	0	1.748337	1.92667	0.5818359	0.4181641	84.46363
2280	6.06791	-21.8003	27.8682	0.833796	0.166204	0.7749857	0.295424	0.235434	0.20395	0.133326	0.119296	0.0303898	0.00220576	0	6.053703	1.854134	0.1662037	0.8337963	71.4716
2290	5.65699	-26.7597	32.4167	0.610908	0.389092	3.677806	0.295219	0.241569	0.203961	0.139802	0.120663	0.0296325	0.00220005	0	1.505217	1.668807	0.389092	0.610908	46.64521
2300	3.32246	-27.8946	31.217	0.190034	0.809966	2.724255	0.293596	0.245293	0.209379	0.134807	0.121143	0.0308283	0.00226818	0	2.704879	1.053419	0.8099656	0.1900344	11.30887
2310	7.51718	-24.2943	31.8115	0.683579	0.316421	5.441847	0.303411	0.24394	0.212658	0.134046	0.118324	0.030412	0.00228877	0	2.11045	1.975275	0.3164207	0.6835793	94.46579
2320	6.8602	-23.6519	30.5121	0.13891	0.86109	0.8398381	0.298068	0.238434	0.203531	0.134378	0.120876	0.0305176	0.00228649	0	3.409786	1.738993	0.8610895	0.1389105	54.82676
2330	5.67235	-25.4954	31.1678	0.84664	0.15336	3.337806	0.298049	0.243387	0.204275	0.137772	0.120952	0.0305884	0.00228578	0	2.754139	1.564528	0.1533602	0.8466398	36.68836
2340	7.28963	-22.3139	29.6036	0.196503	0.803497	3.226499	0.299696	0.23952	0.203707	0.138754	0.119255	0.0305759	0.00222981	0	4.318356	1.799321	0.803497	0.196503	62.99715
2350	6.45038	-22.2957	28.7461	0.685134	0.314866	3.509516	0.301956	0.237811	0.211089	0.138354	0.122778	0.0305427	0.00220485	0	5.175815	1.785788	0.3148659	0.6851341	61.0644
2360	2.92162	-28.1791	31.1007	0.800152	0.199848	1.896381	0.298894	0.241505	0.213722	0.139423	0.120443	0.0302424	0.00221218	0	2.821252	1.145947	0.1998477	0.8001523	13.99417
2370	7.1904	-24.0979	31.2883	0.25919	0.74081	5.573037	0.302832	0.244334	0.212055	0.137789	0.121469	0.0297096	0.00226155	0	2.6336	1.865889	0.7408096	0.2591904	73.43255
2380	8.04487	-23.3113	31.3562	0.0798128	0.920187	5.616865	0.298452	0.243108	0.211975	0.135162	0.121201	0.0297879	0.00227535	0	2.565722	1.99909	0.9201872	0.07981285	99.79061
2390	6.17044	-23.0453	29.2157	0.867893	0.132107	3.985583	0.293626	0.238094	0.213867	0.137762	0.117117	0.03029	0.00225804	0	4.706232	1.735969	0.1321072	0.8678928	54.44632
2400	8.00617	-22.1122	30.1183	0.480359	0.519641	3.957421	0.302008	0.234125	0.209389	0.137751	0.116993	0.0304715	0.00228624	0	3.803581	1.971903	0.5196413	0.4803587	93.73534
2410	7.55838	-23.5802	31.1386	0.411164	0.588836	1.679159	0.297399	0.240872	0.213637	0.139457	0.117068	0.0299323	0.00218987	0	2.78335	1.931425	0.588836	0.411164	85.39363
2420	7.87038	-23.9005	31.7709	0.564915	0.435085	4.817619	0.29614	0.238177	0.211101	0.139611	0.121271	0.0300317	0.00219423	0	2.151016	1.989584	0.4350846	0.5649154	97.6302
2430	7.35633	-23.7094	31.0657	0.133648	0.866352	5.1605	0.29552	0.237256	0.209305	0.137019	0.118031	0.0303733	0.00224586	0	2.856229	1.836966	0.8663524	0.1336476	68.70146
2440	7.12707	-21.5403	28.6674	0.229236	0.770764	2.828849	0.30514	0.244743	0.210795	0.133197	0.120332	0.029604	0.0021868	0	5.25451	1.876137	0.7707638	0.2292362	75.18606
2450	5.83043	-23.4682	29.2986	0.645054	0.354946	4.148523	0.306722	0.24529	0.210992	0.133094	0.119445	0.0297249	0.00226799	0	4.623292	1.668342	0.3549458	0.6450542	46.59525
2460	6.19897	-24.3986	30.5975	0.57087	0.42913	3.86757	0.307479	0.242979	0.205649	0.138119	0.121984	0.0294456	0.00224456	0	3.324392	1.627219	0.4291305	0.5708695	42.38571
2470	4.95816	-26.4118	31.3699	0.954677	0.0453231	7.102929	0.307898	0.235729	0.205116	0.133729	0.118735	0.0299153	0.00225571	0	2.552006	1.812065	0.04532315	0.9546769	64.87309
2480	6.0203	-24.5244	30.5448	0.695083	0.304917	6.894631	0.304828	0.239799	0.204989	0.133814	0.121216	0.0307513	0.00227685	0	3.377172	1.915779	0.3049172	0.6950828	82.37191
2490	6.91671	-24.3048	31.2215	0.144088	0.855912	3.737847	0.306943	0.236592	0.204517	0.135147	0.119685	0.0306774	0.00229641	0	2.70043	1.632035	0.8559121	0.1440879	42.85832
2500	5.78982	-22.6068	28.3966	0.682248	0.317752	5.569312	0.306598	0.234536	0.213204	0.137039	0.122642	0.0305288	0.00228534	0	5.525319	1.885235	0.3177518	0.6822482	76.77766
2510	6.68265	-22.8589	29.5415	0.0718198	0.92818	5.813509	0.299186	0.234499	0.211609	0.135663	0.117751	0.0306081	0.00224017	0	4.380386	1.904198	0.9281802	0.07181979	80.20429
2520	3.97726	-25.2549	29.2321	0.678394	0.321606	1.248164	0.300324	0.233457	0.212299	0.133413	0.118212	0.0302762	0.0022349	0	4.689794	1.247163	0.3216059	0.6783941	17.667
2530	4.67245	-20.6789	25.3513	0.80182	0.19818	3.645761	0.297662	0.234479	0.209188	0.134949	0.120953	0.030242	0.00219338	0	8.570583	1.907365	0.19818	0.80182	80.79133
2540	5.95641	-24.0797	30.0361	0.602319	0.397681	5.119465	0.295407	0.234961	0.212522	0.137559	0.118815	0.0303004	0.00222554	0	3.885781	1.72635	0.3976811	0.6023189	53.25368
2550	6.9487	-25.4787	32.4274	0.327019	0.672981	3.970037	0.296856	0.235265	0.207713	0.133654	0.119445	0.0300591	0.00226976	0	1.494487	1.818637	0.6729809	0.3270191	65.86232
2560	7.20301	-25.1914	32.3944	0.414326	0.585674	3.03067	0.301012	0.235521	0.213841	0.133861	0.118232	0.0294155	0.00222677	0	1.527518	1.924798	0.5856739	0.4143261	84.10044
2570	7.80821	-22.1281	29.9363	0.290286	0.709714	2.432507	0.293186	0.23604	0.21345	0.13351	0.11745	0.0307106	0.00222246	0	3.985578	1.916861	0.7097141	0.2902859	82.5774
2580	7.09153	-23.5961	30.6876	0.161545	0.838455	0.9767945	0.29387	0.235426	0.209494	0.135122	0.117382	0.0304285	0.00227975	0	3.234344	1.812431	0.8384552	0.1615448	64.92777
2590	6.77584	-22.0688	28.8447	0.121919	0.878081	0.505038	0.294579	0.235529	0.213446	0.133527	0.117219	0.0300566	0.00221563	0	5.077259	1.9687	0.8780813	0.1219187	93.04641
2600	7.17503	-25.0766	32.2516	0.211178	0.788822	2.725885	0.295845	0.240081	0.205355	0.133168	0.118838	0.0303464	0.00218656	0	1.670306	1.833609	0.788822	0.211178	68.17246
2610	7.05456	-24.1998	31.2543	0.45879	0.54121	4.804778	0.296275	0.24094	0.204509	0.135252	0.117983	0.0301425	0.00225995	0	2.66758	1.802397	0.5412097	0.4587903	63.44493
2620	5.99335	-22.6395	28.6329	0.252225	0.747775	3.692188	0.300991	0.233628	0.206658	0.136033	0.117227	0.0301575	0.00220624	0	5.289035	1.679318	0.7477746	0.2522254	47.78795
2630	6.55238	-23.4695	30.0219	0.43515	0.56485	2.859221	0.293739	0.233628	0.205979	0.13576	0.116954	0.0301558	0.00225	0	3.900018	1.634586	0.5648501	0.4351499	43.11082
2640	6.36994	-21.7229	28.0928	0.639919	0.360081	1.418523	0.303543	0.235068	0.206806	0.137584	0.118367	0.030493	0.00225815	0	5.82908	1.822551	0.3600807	0.6399193	66.45863
2650	7.25796	-22.8389	30.0969	0.155879	0.844121	5.61139	0.300229	0.236192	0.210021	0.135554	0.117043	0.0303964	0.00227234	0	3.825032	1.936226	0.844121	0.155879	86.34271
2660	8.14695	-23.7471	31.894	0.125557	0.874443	3.860069	0.299331	0.235977	0.207846	0.13856	0.117925	0.030817	0.00226	0	2.027901	1.93364	0.8744431	0.1255569	85.83025
2670	7.15464	-23.3847	30.5393	0.717875	0.282125	0.8961534	0.296468	0.241073	0.206421	0.136705	0.117265	0.0298863	0.00225115	0	3.382606	1.959169	0.2821246	0.7178754	91.02677
2680	6.14528	-21.9469	28.0922	0.884583	0.115417	0.6825694	0.29355	0.242874	0.205894	0.140054	0.120062	0.029917	0.00219624	0	5.82973	1.863106	0.1154167	0.8845833	72.96354
2690	6.57707	-24.2661	30.8432	0.162985	0.837015	1.245615	0.301202	0.242566	0.207647	0.134782	0.119198	0.029447	0.00219087	0	3.07876	1.59392	0.8370151	0.1629849	39.25726
2700	7.99047	-22.1283	30.1188	0.0672875	0.932712	4.375408	0.306268	0.241155	0.210625	0.13309	0.122352	0.0302759	0.00224999	0	3.803142	1.951858	0.9327125	0.06728751	89.50713
2710	7.95621	-21.983	29.9392	0.456843	0.543157	4.140831	0.301207	0.237994	0.21253	0.133936	0.122412	0.0302414	0.00228985	0	3.982695	1.983036	0.5431569	0.4568431	96.16915
2720	6.36042	-23.9543	30.3147	0.0232032	0.976797	5.610606	0.295757	0.24011	0.208178	0.133646	0.119601	0.030253	0.00228859	0	3.607222	1.733164	0.9767968	0.02320322	54.0959
2730	5.01407	-24.5317	29.5458	0.0412108	0.958789	7.117168	0.296092	0.242227	0.206689	0.135841	0.11859	0.0295449	0.00225442	0	4.376152	1.811329	0.9587892	0.04121084	64.76336
2740	6.71731	-24.0662	30.7835	0.368499	0.631501	3.140229	0.302429	0.238613	0.212391	0.13395	0.122675	0.0294289	0.00226971	0	3.138457	1.630421	0.6315014	0.3684986	42.6993
2750	6.98847	-21.7957	28.7841	0.258319	0.741681	2.90206	0.298543	0.239716	0.207468	0.13421	0.12061	0.0307076	0.00229095	0	5.137802	1.815364	0.7416807	0.2583193	65.3678
2760	6.9447	-24.9458	31.8905	0.202423	0.797577	5.301947	0.293376	0.244462	0.204649	0.13526	0.120574	0.0302354	0.00226682	0	2.031374	1.791841	0.7975768	0.2024232	61.92145
2770	7.71697	-22.1437	29.8606	0.23355	0.76645	2.338573	0.294112	0.245511	0.206339	0.135258	0.122079	0.0293998	0.00228079	0	4.061298	1.885659	0.7664497	0.2335503	76.85263
2780	8.10428	-23.1269	31.2312	0.220177	0.779823	3.27889	0.297686	0.238066	0.206198	0.135429	0.122889	0.0298479	0.00223512	0	2.690721	1.909285	0.7798226	0.2201774	81.14943
2790	3.01655	-28.9535	31.97	0.0173582	0.982642	10.78484	0.294621	0.24221	0.211639	0.13691	0.122369	0.0308135	0.00219221	0	1.951921	1.98853	0.9826418	0.01735823	97.3935
2800	7.11527	-24.3541	31.4694	0.154836	0.845164	4.193877	0.295102	0.241113	0.211185	0.139615	0.119285	0.0304579	0.00219214	0	2.452523	1.717075	0.8451641	0.1548359	52.12848
2810	5.64835	-25.0617	30.71	0.0851085	0.914892	8.154332	0.297494	0.239426	0.211933	0.135466	0.121124	0.0300886	0.00224015	0	3.211888	1.985231	0.9148915	0.08510848	96.65647
2820	6.75981	-21.4017	28.1616	0.292879	0.707121	3.194287	0.293949	0.239775	0.2099	0.134709	0.118038	0.0296502	0.00229253	0	5.760374	1.86142	0.7071213	0.2928787	72.68077
2830	6.15858	-24.9037	31.0623	0.782907	0.217093	5.731761	0.294163	0.236032	0.21229	0.137801	0.117202	0.0293682	0.00223071	0	2.859657	1.801078	0.217093	0.782907	63.25258
2840	5.00773	-27.5082	32.5159	0.0104203	0.98958	5.504287	0.29461	0.235597	0.213344	0.137268	0.122654	0.0295851	0.00224585	0	1.406034	1.545916	0.9895797	0.01042033	35.14922
2850	7.32711	-23.2674	30.5945	0.35306	0.64694	3.218343	0.300783	0.233491	0.20857	0.13507	0.118145	0.0297511	0.00227125	0	3.327426	1.756103	0.6469399	0.3530601	57.02989
2860	7.88723	-23.5126	31.3998	0.31	0.69	2.51632	0.295372	0.236317	0.209727	0.134749	0.120229	0.0304905	0.0022055	0	2.522132	1.919295	0.6899999	0.3100001	83.04151
2870	7.28084	-23.4475	30.7284	0.231445	0.768555	1.618793	0.307121	0.234927	0.208149	0.134986	0.122629	0.0308245	0.00222485	0	3.193543	1.779926	0.7685547	0.2314453	60.24574
2880	6.9323	-21.34	28.2723	0.513063	0.486937	4.436961	0.306339	0.233983	0.203673	0.134978	0.122433	0.0296035	0.00224897	0	5.649652	1.986615	0.4869366	0.5130634	96.9649
2890	5.67437	-20.67	26.3444	0.403148	0.596852	1.77292	0.306838	0.237566	0.211843	0.13715	0.122288	0.0293932	0.00221322	0	7.577569	1.898952	0.5968519	0.4031481	79.24136
2900	5.47957	-23.3062	28.7858	0.306936	0.693064	0.2211566	0.306173	0.240639	0.207952	0.134426	0.120648	0.0301364	0.00229293	0	5.136173	1.553178	0.6930639	0.3069361	35.74191
2910	7.38766	-22.8488	30.2365	0.946059	0.0539413	5.365273	0.307153	0.24408	0.213817	0.135203	0.117723	0.0300131	0.00220015	0	3.685412	1.993301	0.0539413	0.9460587	98.46924
2920	6.75276	-22.9669	29.7197	0.386269	0.613731	3.97989	0.302797	0.240966	0.208062	0.135641	0.118011	0.0299604	0.00222999	0	4.202225	1.750485	0.6137306	0.3862694	56.29691
2930	6.3829	-22.8043	29.1872	0.591482	0.408518	3.537765	0.300968	0.234538	0.207417	0.135127	0.118165	0.0300954	0.00220527	0	4.734765	1.725921	0.4085179	0.5914821	53.2012
2940	4.15501	-29.1872	33.3422	0.661427	0.338573	4.222597	0.304866	0.233674	0.213823	0.136017	0.119743	0.029416	0.00227048	0	0.5796812	1.981974	0.3385732	0.6614268	95.93443
2950	7.61146	-24.1101	31.7215	0.537586	0.462414	4.639331	0.303122	0.243764	0.209919	0.133164	0.119663	0.0298423	0.00224692	0	2.200387	1.916417	0.4624137	0.5375863	82.49299
2960	6.68834	-22.0756	28.7639	0.751109	0.248891	0.6068405	0.300164	0.234332	0.209567	0.139596	0.120571	0.0297467	0.00220957	0	5.158028	1.96394	0.2488906	0.7511094	92.03231
2970	7.77271	-21.832	29.6047	0.0199463	0.980054	2.334483	0.295898	0.235242	0.212357	0.137662	0.11744	0.0306597	0.00219822	0	4.317237	1.906644	0.9800537	0.01994628	80.6574
2980	7.12117	-24.4504	31.5716	0.268333	0.731667	5.462601	0.299537	0.235759	0.211245	0.137805	0.117967	0.030224	0.00229296	0	2.350304	1.837691	0.7316671	0.2683329	68.81631
2990	7.95721	-21.7843	29.7416	0.410485	0.589515	4.096241	0.307945	0.239751	0.210005	0.13349	0.119676	0.030704	0.00227549	0	4.180369	1.997051	0.5895154	0.4104846	99.32324
3000	7.6147	-24.5398	32.1545	0.319003	0.680997	2.581118	0.307702	0.23392	0.203626	0.135177	0.118161	0.0293618	0.00227491	0	1.767427	1.97475	0.6809968	0.3190032	94.35174
3010	6.31568	-22.4702	28.7859	0.198171	0.801829	1.358866	0.296456	0.239167	0.207918	0.134013	0.119644	0.0298465	0.00225225	0	5.136044	1.659297	0.801829	0.198171	45.63484
3020	7.70472	-23.7907	31.4954	0.5032	0.4968	3.767824	0.302062	0.244097	0.206489	0.135656	0.122273	0.0303003	0.00222424	0	2.426528	1.882502	0.4968001	0.5031999	76.29604
3030	7.64516	-24.0935	31.7387	0.099635	0.900365	4.936228	0.305955	0.245507	0.212006	0.138191	0.122269	0.0307429	0.00226304	0	2.183224	1.856617	0.900365	0.09963496	71.88146
3040	7.94969	-21.9091	29.8588	0.242072	0.757928	3.000953	0.304247	0.241301	0.206356	0.136702	0.119798	0.0302332	0.00219122	0	4.06317	1.946525	0.7579282	0.2420718	88.41471
3050	4.41172	-25.7981	30.2098	0.19036	0.80964	6.366394	0.300646	0.237733	0.212238	0.135096	0.122082	0.0294449	0.00220815	0	3.712094	1.59387	0.8096395	0.1903605	39.25271
3060	8.18295	-22.8063	30.9893	0.672973	0.327027	3.110972	0.305577	0.237321	0.205142	0.134135	0.121794	0.0303422	0.00229511	0	2.932645	1.984535	0.327027	0.672973	96.50179
3070	7.43484	-23.9971	31.4319	0.49708	0.50292	1.479293	0.307216	0.238562	0.208097	0.138811	0.120688	0.0298596	0.00228556	0	2.490002	1.979104	0.50292	0.49708	95.30241
3080	7.55119	-23.7788	31.33	0.625005	0.374995	4.959726	0.300281	0.245532	0.212694	0.138364	0.122526	0.0293128	0.00228001	0	2.591907	1.921853	0.3749945	0.6250055	83.53208
3090	7.88909	-23.8536	31.7427	0.0170292	0.982971	3.569146	0.304087	0.242853	0.212745	0.136651	0.122322	0.0295814	0.0022723	0	2.179238	1.818363	0.9829708	0.0170292	65.82076
3100	7.47866	-25.1986	32.6773	0.165847	0.834153	4.539849	0.302555	0.23843	0.212981	0.134988	0.122561	0.0301247	0.00229397	0	1.244645	1.974212	0.8341527	0.1658473	94.23505
3110	7.31931	-23.7686	31.0879	0.835324	0.164676	1.287808	0.305318	0.2349	0.210934	0.136638	0.122465	0.0304541	0.00228221	0	2.833999	1.972422	0.1646758	0.8353242	93.84727
3120	8.10673	-23.0932	31.1999	0.937478	0.0625224	3.236659	0.299192	0.245249	0.206492	0.133589	0.121857	0.0306824	0.00229571	0	2.721989	1.993068	0.06252243	0.9374776	98.41663
3130	5.54469	-26.5769	32.1215	0.488152	0.511848	5.027533	0.299184	0.233672	0.208992	0.133506	0.120905	0.0307864	0.00228942	0	1.800374	1.632355	0.5118477	0.4881523	42.88988
3140	6.14294	-23.2645	29.4074	0.667069	0.332931	6.070183	0.294261	0.237971	0.210651	0.136181	0.118898	0.0301074	0.00225516	0	4.514501	1.908657	0.3329312	0.6670688	81.03213
3150	7.05043	-23.0331	30.0835	0.0874929	0.912507	2.337438	0.295776	0.243361	0.212384	0.135269	0.119238	0.0303302	0.00228495	0	3.838401	1.64835	0.9125071	0.08749289	44.49893
3160	3.44566	-26.4288	29.8744	0.0581559	0.941844	4.324154	0.304024	0.237295	0.210142	0.134709	0.117189	0.0302695	0.00227325	0	4.047499	1.210495	0.9418441	0.0581559	16.23661
3170	6.74321	-21.0537	27.7969	0.125695	0.874305	4.529635	0.307512	0.235383	0.209639	0.133669	0.11874	0.0307956	0.00226261	0	6.12505	1.998471	0.8743048	0.1256952	99.64846
3180	7.29771	-23.9951	31.2928	0.329011	0.670989	1.704946	0.294767	0.238279	0.209857	0.134066	0.116916	0.030442	0.00222195	0	2.629097	1.830766	0.6709891	0.3290109	67.72771
3190	7.53085	-24.0202	31.551	0.61129	0.38871	5.616412	0.2984	0.234916	0.20858	0.134839	0.117475	0.0307334	0.00222972	0	2.370896	1.980334	0.3887096	0.6112904	95.57264
3200	2.9016	-29.7279	32.6295	0.462693	0.537307	2.228506	0.293564	0.244114	0.207289	0.133403	0.11709	0.0305113	0.00228459	0	1.292394	1.244269	0.5373069	0.4626931	17.54968
3210	6.98327	-24.1026	31.0859	0.658012	0.341988	5.564306	0.295949	0.234922	0.205449	0.135474	0.117689	0.0303817	0.0022912	0	2.83601	1.882744	0.3419885	0.6580115	76.3386
3220	5.88317	-23.4263	29.3094	0.491226	0.508774	2.03456	0.295563	0.234019	0.205308	0.136406	0.117139	0.0300642	0.00227735	0	4.612481	1.541897	0.5087743	0.4912257	34.82547
3230	5.39906	-23.3645	28.7636	0.259429	0.740571	5.413832	0.293139	0.234719	0.20345	0.136742	0.117107	0.0300477	0.0022319	0	5.158362	1.740319	0.7405714	0.2594286	54.99443
3240	7.22832	-23.3956	30.6239	0.0724061	0.927594	5.655773	0.308273	0.23382	0.208157	0.137339	0.118332	0.0297936	0.00220705	0	3.298035	1.88951	0.9275939	0.0724061	77.53715
3250	7.83033	-22.1454	29.9757	0.0793216	0.920678	1.502606	0.306611	0.239962	0.208781	0.134396	0.118115	0.03007	0.00229564	0	3.946202	1.993959	0.9206784	0.07932159	98.61873
3260	6.07025	-22.9871	29.0573	0.279011	0.720989	0.5208686	0.304804	0.241087	0.212526	0.13317	0.11722	0.0299081	0.00225777	0	4.864611	1.665202	0.7209892	0.2790108	46.25959
3270	7.10072	-24.9441	32.0449	0.214866	0.785134	2.045345	0.301566	0.243519	0.212374	0.138166	0.120672	0.0305843	0.00228374	0	1.877051	1.814352	0.7851345	0.2148655	65.21574
3280	6.70552	-24.1318	30.8374	0.879751	0.120249	2.409039	0.296615	0.239787	0.211202	0.136075	0.121323	0.0296548	0.00227127	0	3.084568	1.712088	0.1202495	0.8797505	51.53332
3290	6.97514	-22.2461	29.2213	0.436648	0.563352	1.646915	0.29423	0.235625	0.206319	0.133752	0.119783	0.0293974	0.00229446	0	4.70064	1.808626	0.5633523	0.4366477	64.36155
3300	4.76131	-25.1435	29.9048	0.936782	0.0632183	0.1956235	0.298515	0.240946	0.209691	0.138116	0.119326	0.0301984	0.00219895	0	4.01709	1.469122	0.06321827	0.9367817	29.45249
3310	2.54912	-27.3192	29.8684	0.114985	0.885015	8.56477	0.299621	0.235928	0.207046	0.139235	0.122782	0.0305711	0.00218857	0	4.053573	1.684915	0.8850149	0.1149851	48.40774
3320	7.70124	-22.2764	29.9777	0.550233	0.449767	1.945545	0.293218	0.236689	0.208933	0.139597	0.119401	0.0308267	0.00228455	0	3.944238	1.939813	0.4497669	0.5502331	87.05894
3330	5.84915	-24.9416	30.7907	0.896005	0.103995	0.996219	0.296327	0.242691	0.206745	0.134682	0.122254	0.030143	0.00224459	0	3.131177	1.62296	0.1039947	0.8960053	41.972
3340	6.53539	-22.7935	29.3289	0.144737	0.855263	1.715938	0.295203	0.237195	0.20803	0.137667	0.121898	0.0303856	0.00226185	0	4.59302	1.619318	0.855263	0.144737	41.62154
3350	6.98506	-22.0281	29.0131	0.542957	0.457043	2.11271	0.294899	0.240983	0.212505	0.137934	0.119736	0.0299097	0.00221776	0	4.908794	1.830355	0.4570432	0.5429568	67.66359
3360	6.15878	-21.1758	27.3346	0.295584	0.704416	4.657067	0.296196	0.242119	0.213548	0.137647	0.122715	0.0304725	0.00224632	0	6.587321	1.969906	0.7044161	0.2955839	93.30529
3370	7.47962	-21.3214	28.801	0.886645	0.113355	3.605762	0.296021	0.240555	0.212903	0.139837	0.120224	0.0302095	0.00223192	0	5.120957	1.999475	0.1133546	0.8866454	99.87925
3380	7.28111	-23.3153	30.5965	0.8449	0.1551	2.028992	0.29483	0.235596	0.208951	0.136172	0.120191	0.0304634	0.00222758	0	3.325469	1.842464	0.1550996	0.8449004	69.57681
3390	4.63545	-21.272	25.9074	0.364597	0.635403	4.245734	0.298126	0.238331	0.205051	0.138804	0.121688	0.0307111	0.00226912	0	8.014501	1.839429	0.6354028	0.3645972	69.09214
3400	7.46647	-23.6597	31.1262	0.596812	0.403188	2.016581	0.297286	0.241367	0.207389	0.139916	0.119427	0.0297083	0.00224062	0	2.795741	1.875959	0.4031879	0.5968121	75.15511
3410	6.05063	-25.4944	31.5451	0.227361	0.772639	7.753701	0.29485	0.240434	0.213826	0.13532	0.120701	0.0294324	0.00221563	0	2.376852	1.964358	0.772639	0.227361	92.12096
3420	6.84385	-24.718	31.5618	0.19982	0.80018	6.163875	0.293609	0.238223	0.213111	0.134296	0.120872	0.0296619	0.00220556	0	2.360109	1.868586	0.8001801	0.1998199	73.89003
3430	7.39152	-23.3547	30.7462	0.717935	0.282065	2.998784	0.294897	0.23693	0.211312	0.136443	0.11966	0.0305465	0.00228786	0	3.17574	1.815382	0.2820646	0.7179354	65.37047
3440	6.84355	-21.176	28.0196	0.57626	0.42374	2.695142	0.302498	0.238838	0.207402	0.139802	0.118847	0.0295069	0.00229366	0	5.902336	1.909107	0.4237398	0.5762602	81.11603
3450	7.44907	-23.2149	30.664	0.871907	0.128093	2.267134	0.293833	0.242222	0.20973	0.134865	0.118605	0.030355	0.00226093	0	3.257932	1.865892	0.1280931	0.8719069	73.43318
3460	6.46089	-21.764	28.2249	0.711331	0.288669	2.597537	0.301103	0.241658	0.205879	0.137184	0.118819	0.0300515	0.0022292	0	5.697004	1.808844	0.2886693	0.7113307	64.39372
3470	7.15275	-24.7519	31.9046	0.192286	0.807714	4.571467	0.3017	0.242612	0.203732	0.135706	0.119003	0.0293181	0.00220812	0	2.017292	1.778571	0.8077141	0.1922859	60.05805
3480	5.75662	-24.2199	29.9765	0.425282	0.574718	1.84543	0.306411	0.242541	0.204105	0.136109	0.117999	0.0293072	0.00219674	0	3.945393	1.471368	0.5747183	0.4252817	29.60523
3490	6.25512	-25.9688	32.224	0.685857	0.314143	2.530153	0.299206	0.239524	0.20703	0.136149	0.119303	0.0294572	0.00223719	0	1.697971	1.754335	0.3141434	0.6858566	56.79819
3500	6.34098	-22.3136	28.6546	0.862968	0.137032	5.115289	0.299578	0.242965	0.209539	0.137549	0.122199	0.0302873	0.00224192	0	5.267303	1.913136	0.1370321	0.8629679	81.87204
3510	8.1555	-22.5401	30.6956	0.380507	0.619493	3.469537	0.294397	0.242157	0.205725	0.138042	0.121713	0.0294826	0.00228594	0	3.226304	1.947846	0.6194927	0.3805073	88.68409
3520	7.79844	-22.5066	30.305	0.0185724	0.981428	4.342543	0.295215	0.243494	0.204014	0.139614	0.119013	0.0294058	0.00226835	0	3.616913	1.87686	0.9814276	0.01857241	75.31127
3530	6.98744	-24.7053	31.6927	0.753432	0.246568	4.268587	0.294523	0.242415	0.203679	0.137031	0.119756	0.0295279	0.00225895	0	2.229204	1.818588	0.246568	0.753432	65.85494
3540	7.79704	-21.4682	29.2652	0.371262	0.628738	3.804687	0.293975	0.241518	0.204741	0.140035	0.122827	0.0296884	0.00229155	0	4.656731	1.991814	0.6287383	0.3712617	98.13284
3550	7.33409	-23.863	31.1971	0.281029	0.718971	5.38083	0.305034	0.244693	0.210154	0.139443	0.119478	0.0293818	0.00226675	0	2.724829	1.876496	0.7189711	0.2810289	75.24816
3560	7.23269	-24.1553	31.388	0.990885	0.00911512	2.861883	0.297016	0.24301	0.212565	0.139524	0.11975	0.0293166	0.00226162	0	2.533913	1.845927	0.009115117	0.9908849	70.13368
3570	7.0023	-23.7475	30.7498	0.141397	0.858603	5.323376	0.307207	0.24081	0.204341	0.139092	0.119457	0.0296875	0.00219915	0	3.172117	1.814578	0.8586027	0.1413973	65.24966
3580	7.94036	-22.9275	30.8679	0.310261	0.689739	3.462845	0.305611	0.241546	0.203287	0.13774	0.118533	0.0304726	0.00226432	0	3.054066	1.882763	0.6897386	0.3102614	76.34189
3590	7.69624	-22.6937	30.39	0.1691	0.8309	2.177895	0.303198	0.242452	0.205784	0.136839	0.122677	0.0303542	0.00221934	0	3.531942	1.846813	0.8308997	0.1691003	70.27691
3600	6.92316	-24.815	31.7382	0.619362	0.380638	2.079072	0.303831	0.238538	0.204441	0.137352	0.121915	0.0305121	0.0022055	0	2.183736	1.813415	0.3806379	0.6193621	65.07508
3610	7.25595	-23.2106	30.4665	0.569055	0.430945	3.569615	0.307	0.240198	0.209008	0.137305	0.121675	0.0304836	0.00219159	0	3.45539	1.801877	0.4309448	0.5690552	63.36908
3620	2.02786	-20.1309	22.1588	0.322802	0.677198	0.9298968	0.304145	0.238868	0.211316	0.138602	0.121366	0.0299196	0.00223736	0	11.76316	1.791554	0.6771983	0.3228017	61.88049
3630	4.57966	-20.8194	25.399	0.303229	0.696771	4.064003	0.293797	0.234919	0.213737	0.138498	0.120106	0.0306248	0.00220024	0	8.522907	1.897432	0.6967707	0.3032293	78.96447
3640	4.74472	-26.053	30.7977	0.76009	0.23991	5.916344	0.295758	0.235089	0.21263	0.138318	0.121671	0.0305273	0.00222586	0	3.12418	1.637934	0.2399099	0.7600901	43.44444
3650	5.16359	-24.0883	29.2519	0.857356	0.142644	1.634351	0.307504	0.236348	0.210033	0.134338	0.122049	0.0308086	0.00223781	0	4.669996	1.479036	0.1426436	0.8573564	30.13256
3660	7.19435	-22.6354	29.8297	0.284044	0.715956	4.46765	0.304471	0.235617	0.205622	0.133359	0.121184	0.0301242	0.00219879	0	4.09219	1.854715	0.7159558	0.2840442	71.56733
3670	5.88244	-22.0424	27.9249	0.581873	0.418127	1.855275	0.298103	0.240197	0.203651	0.13606	0.12272	0.0304599	0.00226118	0	5.997069	1.700413	0.4181271	0.5818729	50.16636
3680	7.76618	-22.4289	30.1951	0.0800059	0.919994	2.947861	0.298473	0.238933	0.208208	0.133429	0.119293	0.0299014	0.00226921	0	3.726873	1.82658	0.9199941	0.08000589	67.07795
3690	7.13041	-22.3198	29.4502	0.494101	0.505899	3.662642	0.304405	0.234991	0.213385	0.134626	0.12121	0.0306621	0.00225731	0	4.471678	1.834443	0.5058989	0.4941011	68.30344
3700	7.51802	-21.3268	28.8448	0.259263	0.740737	3.393566	0.295832	0.236102	0.213047	0.134831	0.122604	0.0305059	0.00222445	0	5.077092	1.960942	0.7407373	0.2592627	91.39905
3710	7.46667	-22.3193	29.786	0.680307	0.319693	4.606056	0.307164	0.235276	0.212584	0.13758	0.118394	0.0304611	0.0022363	0	4.135943	1.952158	0.3196925	0.6803075	89.56909
3720	7.12577	-21.7664	28.8922	0.417172	0.582828	2.873237	0.29987	0.234547	0.204509	0.136023	0.119596	0.0297465	0.00219689	0	5.02972	1.864738	0.5828278	0.4171722	73.2382
3730	5.48224	-22.3352	27.8175	0.902881	0.0971191	3.203859	0.296706	0.235277	0.208847	0.135251	0.117082	0.0298451	0.00220233	0	6.104455	1.705932	0.09711911	0.9028809	50.80793
3740	7.80592	-22.6483	30.4542	0.45404	0.54596	2.926186	0.294733	0.241967	0.207449	0.135494	0.11855	0.0304917	0.00220194	0	3.467744	1.89314	0.54596	0.45404	78.18794
3750	5.95204	-25.7026	31.6546	0.631991	0.368009	2.275243	0.298528	0.237762	0.206071	0.136601	0.118797	0.0307126	0.00228668	0	2.267274	1.574348	0.3680085	0.6319915	37.52735
3760	6.04385	-26.3416	32.3854	0.581281	0.418719	6.113328	0.307828	0.234117	0.205533	0.135956	0.117501	0.030506	0.00218573	0	1.536516	1.860825	0.4187193	0.5812807	72.58132
3770	6.19364	-22.7269	28.9206	0.502967	0.497033	3.726702	0.301948	0.237391	0.205026	0.1376	0.120399	0.0303796	0.00222814	0	5.00137	1.716504	0.4970334	0.5029666	52.06001
3780	5.99911	-22.9943	28.9934	0.806968	0.193032	5.557555	0.29407	0.233548	0.203998	0.133986	0.121665	0.0303287	0.00221404	0	4.928516	1.874025	0.1930317	0.8069683	74.8212
3790	5.41274	-23.7558	29.1685	0.627442	0.372558	3.635146	0.296967	0.233511	0.211579	0.134586	0.119061	0.0305944	0.00226327	0	4.753377	1.570215	0.3725577	0.6274423	37.17191
3800	5.73935	-21.8057	27.545	0.36477	0.63523	4.173543	0.299871	0.240388	0.212034	0.134875	0.118769	0.0306197	0.00229398	0	6.376905	1.807579	0.6352296	0.3647704	64.20649
3810	6.51838	-21.8398	28.3581	0.425359	0.574641	0.4724159	0.30253	0.240817	0.212631	0.138401	0.117508	0.0305947	0.0022154	0	5.563791	1.975419	0.5746414	0.4253586	94.49729
3820	5.89923	-25.9266	31.8258	0.722441	0.277559	0.4982973	0.299654	0.244246	0.213145	0.136093	0.118604	0.0298616	0.00226227	0	2.096137	1.913434	0.2775594	0.7224406	81.92834
3830	6.00087	-25.6569	31.6578	0.661318	0.338682	0.6493707	0.297539	0.241213	0.213938	0.136795	0.120105	0.030151	0.00227682	0	2.264153	1.805177	0.338682	0.661318	63.85241
3840	5.59747	-25.0032	30.6007	0.410515	0.589485	0.9805316	0.30855	0.243411	0.209991	0.139479	0.117105	0.030144	0.00221759	0	3.321226	1.440082	0.5894847	0.4105153	27.5475
3850	6.9938	-23.491	30.4848	0.228456	0.771544	2.365929	0.306157	0.239734	0.213668	0.139112	0.117499	0.0303346	0.00228838	0	3.437081	1.646963	0.771544	0.228456	44.3571
3860	5.64165	-23.7721	29.4138	0.107906	0.892094	0.7668347	0.304103	0.240948	0.209823	0.138824	0.118125	0.0301425	0.00228711	0	4.508143	1.404597	0.8920941	0.1079059	25.38613
3870	7.24016	-24.1554	31.3955	0.722149	0.277851	2.382961	0.299503	0.24079	0.205353	0.135995	0.119082	0.0304204	0.00228198	0	2.526389	1.825682	0.2778513	0.7221487	66.93939
3880	7.36411	-22.2744	29.6385	0.205065	0.794935	3.226919	0.297667	0.244728	0.203364	0.133096	0.12072	0.030759	0.00226101	0	4.283462	1.809723	0.7949348	0.2050652	64.52426
3890	7.20107	-22.5127	29.7138	0.48306	0.51694	1.02346	0.307672	0.236073	0.2079	0.137628	0.122448	0.0293097	0.00228181	0	4.208168	1.931088	0.51694	0.48306	85.3274
3900	6.86493	-24.7206	31.5855	0.239626	0.760374	4.074478	0.302032	0.242217	0.205976	0.137391	0.11847	0.029563	0.00225292	0	2.336422	1.682033	0.7603744	0.2396256	48.08763
3910	8.00642	-23.1839	31.1903	0.875235	0.124765	3.649816	0.303083	0.24167	0.209957	0.13923	0.118953	0.0297505	0.00223345	0	2.731642	1.973283	0.1247652	0.8752348	94.03354
3920	7.0964	-22.3424	29.4388	0.9217	0.0783003	3.538515	0.306732	0.241733	0.210066	0.138316	0.118821	0.0297234	0.00218215	0	4.48312	1.865135	0.07830034	0.9216997	73.30521
3930	7.51509	-22.8736	30.3887	0.995505	0.00449517	1.641611	0.295475	0.244504	0.210776	0.139968	0.121284	0.0303935	0.00223307	0	3.533241	1.949338	0.004495174	0.9955048	88.98937
3940	5.45258	-24.3647	29.8173	0.596902	0.403098	0.5650613	0.303291	0.238722	0.207428	0.136749	0.120905	0.0304535	0.00220025	0	4.104653	1.507957	0.4030979	0.5969021	32.20748
3950	6.11661	-21.0397	27.1563	0.0889306	0.911069	2.371564	0.302814	0.233279	0.205615	0.139948	0.122793	0.029649	0.00218493	0	6.765586	1.836762	0.9110694	0.0889306	68.66926
3960	6.40018	-21.0918	27.492	0.40924	0.59076	3.590203	0.293919	0.234575	0.205832	0.139383	0.122305	0.0297862	0.00218336	0	6.429972	1.92293	0.5907597	0.4092403	83.7395
3970	6.00088	-23.8616	29.8625	0.134177	0.865823	6.383669	0.297769	0.233473	0.209071	0.135206	0.120404	0.0303824	0.00223316	0	4.059409	1.841537	0.8658228	0.1341772	69.4283
3980	8.16961	-22.259	30.4286	0.0492678	0.950732	2.87381	0.30264	0.242844	0.208805	0.137174	0.119079	0.0303127	0.00229131	0	3.493335	1.913493	0.9507322	0.04926779	81.93939
3990	6.84699	-22.7874	29.6344	0.761966	0.238034	4.406108	0.303331	0.244485	0.211805	0.137982	0.121862	0.0299797	0.00227122	0	4.287506	1.838529	0.2380339	0.7619661	68.94916
4000	6.75475	-24.242	30.9967	0.999863	0.000136912	2.454389	0.306119	0.233862	0.212801	0.139777	0.121686	0.0295184	0.0022806	0	2.92518	1.741291	0.0001369119	0.9998631	55.11765
4010	5.89454	-26.3127	32.2072	0.447263	0.552737	4.661434	0.306748	0.234187	0.20839	0.138116	0.121241	0.0296531	0.00225766	0	1.714718	1.66369	0.5527369	0.4472631	46.09884
4020	5.80394	-25.2943	31.0982	0.510259	0.489741	1.036489	0.29642	0.237953	0.20636	0.137453	0.119684	0.0297559	0.00224455	0	2.823731	1.531645	0.4897408	0.5102592	34.01297
4030	8.00572	-22.0868	30.0925	0.52118	0.47882	2.196965	0.301719	0.242475	0.204878	0.139112	0.117428	0.030687	0.00229207	0	3.829389	1.995599	0.4788199	0.5211801	98.99174
4040	7.58982	-23.8848	31.4746	0.0864814	0.913519	2.905954	0.305958	0.238234	0.209705	0.137499	0.121499	0.0300713	0.00227497	0	2.447318	1.747293	0.9135186	0.08648138	55.88475
4050	7.15729	-24.8689	32.0262	0.123484	0.876516	3.276981	0.300971	0.234969	0.205454	0.13599	0.12216	0.0298426	0.00220837	0	1.895688	1.723592	0.8765161	0.1234839	52.91659
4060	5.90234	-24.2996	30.202	0.435725	0.564275	2.927171	0.297478	0.241147	0.213612	0.136058	0.122588	0.0306377	0.00218818	0	3.719942	1.517749	0.5642748	0.4357252	32.94191
4070	5.58225	-24.6987	30.2809	0.163367	0.836633	0.798413	0.294906	0.243123	0.206506	0.136572	0.120519	0.0306797	0.00218871	0	3.641013	1.372532	0.8366333	0.1633667	23.57934
4080	5.27879	-27.0781	32.3568	0.478144	0.521856	0.5384377	0.296475	0.240502	0.205741	0.139258	0.117698	0.0305404	0.00220785	0	1.565079	1.962488	0.5218562	0.4781438	91.72507
4090	5.78625	-21.395	27.1813	0.952364	0.0476362	3.256219	0.296054	0.242006	0.2064	0.136979	0.116758	0.0306088	0.00219954	0	6.740673	1.841049	0.04763624	0.9523638	69.35043
4100	3.56581	-22.5327	26.0985	0.455686	0.544314	3.015677	0.297425	0.238151	0.211416	0.136538	0.117324	0.0305527	0.00226196	0	7.823437	1.520097	0.5443135	0.4556865	33.12048
4110	6.66303	-22.7308	29.3939	0.603656	0.396344	5.097544	0.307917	0.245245	0.213725	0.133835	0.118497	0.0304589	0.0021935	0	4.528068	1.887247	0.396344	0.603656	77.13421
4120	4.92219	-25.4137	30.3359	0.0905823	0.909418	0.5030356	0.303566	0.237199	0.211451	0.133584	0.122273	0.0304174	0.00221596	0	3.586068	1.210436	0.9094177	0.09058232	16.23439
4130	6.68899	-23.0125	29.7015	0.02613	0.97387	0.1109815	0.301478	0.239642	0.212145	0.136668	0.119082	0.0304458	0.00228274	0	4.220433	1.959406	0.97387	0.02612998	91.07639
4140	3.98222	-20.6774	24.6596	0.961642	0.0383576	0.3216495	0.297463	0.245248	0.206107	0.133254	0.117229	0.0299768	0.00225226	0	9.262333	1.885216	0.03835758	0.9616424	76.7744
4150	6.81137	-25.1516	31.963	0.362077	0.637923	4.310469	0.299789	0.24493	0.203307	0.135147	0.116766	0.0303266	0.00223846	0	1.958958	1.739856	0.637923	0.362077	54.93585
4160	5.20267	-22.4754	27.678	0.587885	0.412115	4.029571	0.304607	0.234359	0.212261	0.135945	0.117594	0.0301015	0.00225789	0	6.243891	1.70516	0.4121149	0.5878851	50.71775
4170	5.52186	-20.5272	26.0491	0.568051	0.431949	2.187051	0.304246	0.239001	0.213812	0.138006	0.120623	0.0302765	0.00224749	0	7.872849	1.908329	0.4319492	0.5680508	80.97088
4180	5.83424	-26.5404	32.3747	0.14226	0.85774	2.643353	0.30591	0.235604	0.212506	0.138815	0.121889	0.029863	0.00221918	0	1.547251	1.541264	0.8577397	0.1422603	34.77472
4190	6.70929	-26.0952	32.8045	0.164883	0.835117	2.9262	0.30597	0.243361	0.203978	0.135084	0.117032	0.0296955	0.00224885	0	1.117466	1.946912	0.8351173	0.1648827	88.49355
4200	6.49638	-25.2098	31.7062	0.284204	0.715796	2.53099	0.30182	0.235465	0.207684	0.13624	0.118179	0.0301094	0.00220865	0	2.215698	1.595248	0.715796	0.284204	39.37752
4210	7.25764	-21.6717	28.9294	0.100544	0.899456	2.328459	0.296754	0.2335	0.204351	0.138415	0.118402	0.0294196	0.00218222	0	4.992551	1.860039	0.8994557	0.1005443	72.45013
4220	7.51006	-23.4111	30.9212	0.837397	0.162603	1.592981	0.303606	0.235957	0.204595	0.139789	0.121883	0.0301257	0.00218656	0	3.000716	1.967295	0.1626027	0.8373973	92.74586
4230	5.56849	-24.5219	30.0904	0.84743	0.15257	1.628085	0.308509	0.237248	0.211973	0.137754	0.120656	0.0306649	0.00220135	0	3.831512	1.521178	0.1525702	0.8474298	33.20302
4240	7.18902	-23.9518	31.1408	0.247821	0.752179	2.775981	0.306056	0.24387	0.208284	0.135778	0.120391	0.0304556	0.00227965	0	2.781118	1.686213	0.752179	0.247821	48.55266
4250	7.77799	-23.9569	31.7349	0.233244	0.766756	3.790321	0.301698	0.245042	0.20475	0.136793	0.121678	0.0299432	0.002186	0	2.187046	1.867463	0.7667563	0.2332437	73.69929
4260	6.29961	-25.9319	32.2315	0.495906	0.504094	3.162167	0.295783	0.242308	0.207829	0.138386	0.119956	0.0293694	0.0021947	0	1.690443	1.700468	0.5040941	0.4959059	50.17281
4270	6.97497	-24.7448	31.7198	0.57824	0.42176	4.158425	0.300056	0.237222	0.212513	0.138963	0.122664	0.0298784	0.00222126	0	2.202163	1.787649	0.42176	0.57824	61.32658
4280	1.12215	-29.0522	30.1743	0.162946	0.837054	4.221055	0.301866	0.238454	0.213121	0.136427	0.122806	0.0294891	0.00220488	0	3.747601	0.961464	0.8370543	0.1629457	9.150904
4290	-1.13131	-21.9498	20.8184	0.356499	0.643501	5.580815	0.308252	0.235291	0.209849	0.138001	0.118355	0.0293895	0.00222326	0	13.10348	1.762863	0.643501	0.356499	57.92453
4300	5.95973	-23.2001	29.1598	0.649077	0.350923	3.092193	0.293816	0.24447	0.208413	0.139362	0.118298	0.0297641	0.00226079	0	4.762106	1.629221	0.3509229	0.6490771	42.58151
4310	6.69073	-24.2377	30.9284	0.471458	0.528542	0.8060449	0.297033	0.245108	0.203885	0.138417	0.121073	0.029653	0.00220317	0	2.993505	1.81727	0.5285415	0.4714585	65.65534
4320	6.37197	-25.208	31.58	0.200152	0.799848	0.6102775	0.293366	0.233693	0.20439	0.135516	0.120768	0.0295164	0.00224741	0	2.341957	1.791647	0.799848	0.200152	61.89377
4330	5.80317	-23.9165	29.7196	0.555641	0.444359	2.452836	0.297283	0.237335	0.208626	0.134572	0.121234	0.0297904	0.00223083	0	4.202285	1.52653	0.444359	0.555641	33.61473
4340	4.88815	-25.6312	30.5193	0.471764	0.528236	2.441146	0.295795	0.238403	0.206012	0.135019	0.119582	0.0297346	0.00222799	0	3.402588	1.330428	0.5282363	0.4717637	21.40069
4350	7.28631	-24.1589	31.4452	0.554482	0.445518	5.734356	0.305066	0.238144	0.209133	0.133866	0.117747	0.0295385	0.00224651	0	2.476678	1.941874	0.4455184	0.5544816	87.47296
4360	6.17571	-25.3597	31.5354	0.300697	0.699303	4.759715	0.30827	0.23339	0.213305	0.136439	0.122222	0.0304748	0.00221858	0	2.386499	1.634855	0.6993033	0.3006967	43.13752
4370	3.80111	-20.2698	24.0709	0.577957	0.422043	1.343253	0.296632	0.23966	0.20856	0.139569	0.121831	0.0294758	0.00225236	0	9.850998	1.858112	0.4220431	0.5779569	72.12939
4380	6.98884	-22.6021	29.591	0.987047	0.0129526	5.530666	0.295197	0.235656	0.205361	0.1388	0.120499	0.0296005	0.00222609	0	4.330971	1.987138	0.01295263	0.9870474	97.08193
4390	5.22983	-26.2966	31.5264	0.861381	0.138619	6.420888	0.295578	0.234893	0.209944	0.137853	0.122325	0.0296694	0.00218469	0	2.395528	1.769512	0.138619	0.861381	58.81825
4400	6.5323	-22.2859	28.8182	0.00951511	0.990485	2.915378	0.300131	0.239621	0.20889	0.135598	0.121682	0.0293687	0.00222728	0	5.103709	1.670825	0.9904849	0.009515109	46.86244
4410	6.89309	-24.6435	31.5366	0.372704	0.627296	5.620152	0.301673	0.242349	0.212851	0.136261	0.120882	0.0294233	0.00226588	0	2.385313	1.838893	0.6272963	0.3727037	69.00702
4420	5.92826	-20.6898	26.6181	0.972153	0.0278474	2.238995	0.307825	0.236134	0.2138	0.137489	0.122651	0.029461	0.00228443	0	7.303863	1.919276	0.02784738	0.9721526	83.03786
4430	4.85252	-25.8276	30.6802	0.80554	0.19446	1.816728	0.304556	0.242545	0.204991	0.138154	0.120989	0.0306033	0.00227537	0	3.241756	1.386785	0.1944601	0.8055399	24.36604
4440	5.66481	-27.2088	32.8737	0.0854486	0.914551	1.675073	0.302427	0.237317	0.203905	0.138838	0.121795	0.030297	0.00224594	0	1.04827	1.987206	0.9145514	0.08544857	97.09713
4450	6.28381	-25.1013	31.3851	0.60248	0.39752	0.4745488	0.307584	0.240585	0.208027	0.135598	0.122103	0.0301483	0.00225494	0	2.536857	1.881662	0.3975205	0.6024795	76.14855
4460	7.0994	-23.6276	30.727	0.946402	0.0535978	5.86952	0.30457	0.235159	0.212906	0.138773	0.12158	0.029811	0.00219733	0	3.1949	1.975141	0.05359782	0.9464022	94.43676
4470	6.44434	-22.4326	28.877	0.554686	0.445314	5.561934	0.303498	0.244785	0.212139	0.136568	0.120425	0.0306456	0.00223678	0	5.044939	1.943179	0.4453142	0.5546858	87.73628
4480	5.64706	-23.8151	29.4621	0.825199	0.174801	1.006582	0.295912	0.237115	0.203518	0.13554	0.11893	0.0297774	0.00226172	0	4.459804	1.568215	0.1748009	0.8251991	37.00115
4490	5.59471	-27.0073	32.602	0.254433	0.745567	1.282618	0.301157	0.244842	0.209596	0.137116	0.117288	0.0293788	0.00224687	0	1.319905	1.835174	0.7455672	0.2544328	68.4186
4500	6.66886	-23.9903	30.6591	0.273937	0.726063	6.505447	0.308378	0.238759	0.209442	0.13567	0.118272	0.0297546	0.00229305	0	3.262784	1.916914	0.726063	0.273937	82.58746
4510	7.4063	-21.5481	28.9544	0.361016	0.638984	3.335751	0.305227	0.235744	0.206628	0.136836	0.119336	0.0305054	0.0022579	0	4.967564	1.921553	0.6389842	0.3610158	83.47429
4520	7.69132	-23.0543	30.7456	0.308063	0.691937	2.051876	0.302668	0.236466	0.20655	0.133748	0.121532	0.0306632	0.00226781	0	3.176343	1.868432	0.691937	0.308063	73.86393
4530	7.01246	-23.0909	30.1034	0.889572	0.110428	2.536976	0.305137	0.239978	0.209659	0.136277	0.118734	0.0305624	0.00225264	0	3.818537	1.77762	0.1104275	0.8895725	59.92661
4540	8.20284	-22.8351	31.0379	0.584324	0.415676	2.870847	0.30733	0.233333	0.204682	0.137453	0.118835	0.0296924	0.00224047	0	2.884002	1.998611	0.4156762	0.5843238	99.68069
4550	6.72058	-21.8579	28.5785	0.166327	0.833673	1.18318	0.30644	0.237406	0.20418	0.138357	0.117318	0.0296167	0.00226753	0	5.343397	1.830724	0.8336728	0.1663272	67.72107
4560	7.82738	-23.4587	31.2861	0.737656	0.262344	5.093952	0.299884	0.237716	0.203757	0.138324	0.120608	0.0306099	0.00220721	0	2.635827	1.999343	0.2623436	0.7376564	99.84889
4570	7.82219	-22.681	30.5032	0.559038	0.440962	4.340635	0.295159	0.239039	0.212324	0.139234	0.120798	0.029994	0.00218371	0	3.418758	1.951354	0.4409616	0.5590384	89.40341
4580	6.32174	-26.0314	32.3531	0.575535	0.424465	3.713266	0.302397	0.239339	0.203433	0.13754	0.118929	0.0302809	0.00218436	0	1.568783	1.754896	0.4244646	0.5755354	56.87161
4590	4.61761	-22.6587	27.2763	0.716671	0.283329	2.75511	0.299246	0.233722	0.213649	0.13626	0.120117	0.0297089	0.00219538	0	6.645605	1.577598	0.2833288	0.7166712	37.80921
4600	7.01461	-24.4407	31.4553	0.327082	0.672918	1.229045	0.302886	0.237251	0.208874	0.13325	0.12287	0.0296703	0.00222874	0	2.466639	1.862389	0.6729178	0.3270822	72.8432
4610	7.87562	-21.7865	29.6621	0.509462	0.490538	3.48991	0.297122	0.234929	0.21283	0.136155	0.120575	0.0299953	0.00228847	0	4.259808	1.965783	0.4905377	0.5094623	92.42365
4620	7.0634	-23.7978	30.8612	0.987703	0.0122966	3.386717	0.303695	0.239502	0.209407	0.137274	0.122183	0.030575	0.00225051	0	3.060701	1.795932	0.01229662	0.9877034	62.50743
4630	6.90809	-25.4246	32.3327	0.553527	0.446473	2.8121	0.29879	0.239996	0.213132	0.137591	0.121345	0.0299604	0.00227747	0	1.589194	1.873406	0.4464733	0.5535267	74.71475
4640	5.88336	-21.0557	26.9391	0.877714	0.122286	2.808323	0.302211	0.237463	0.206567	0.139573	0.122456	0.0305703	0.00227755	0	6.982842	1.86306	0.122286	0.877714	72.95591
4650	7.01653	-21.1372	28.1538	0.212454	0.787546	2.394604	0.298948	0.235824	0.206453	0.139562	0.121166	0.0303306	0.00227616	0	5.768147	1.910777	0.7875462	0.2124538	81.42856
4660	4.04279	-23.8698	27.9125	0.15113	0.84887	2.061277	0.299531	0.239555	0.209847	0.138161	0.120308	0.0304353	0.00225048	0	6.009379	1.267162	0.8488701	0.1511299	18.49961
4670	7.89917	-22.5315	30.4306	0.875892	0.124108	4.470125	0.295079	0.23926	0.207788	0.137271	0.122216	0.0307311	0.00220048	0	3.491286	1.997867	0.1241078	0.8758922	99.51014
4680	7.92055	-22.1839	30.1044	0.340558	0.659442	2.165714	0.295334	0.234563	0.20762	0.138579	0.122077	0.0306076	0.0021907	0	3.817527	1.967923	0.6594416	0.3405584	92.88022
4690	6.34658	-23.3504	29.6969	0.34246	0.65754	1.849537	0.302024	0.239468	0.213452	0.13955	0.121654	0.0305059	0.00219284	0	4.224988	1.592381	0.6575397	0.3424603	39.11836
4700	6.57741	-23.5045	30.0819	0.80142	0.19858	4.038065	0.3037	0.24055	0.211076	0.134601	0.120308	0.0301974	0.00220286	0	3.840054	1.75135	0.1985804	0.8014196	56.40922
4710	6.97586	-22.649	29.6248	0.928578	0.0714223	0.7401745	0.303776	0.234406	0.20919	0.13341	0.122303	0.029642	0.00222336	0	4.297102	1.961373	0.07142228	0.9285777	91.48988
4720	6.56423	-25.8802	32.4444	0.416761	0.583239	2.452332	0.304725	0.237484	0.208288	0.136076	0.120979	0.029837	0.00224661	0	1.477526	1.833029	0.5832388	0.4167612	68.08149
4730	7.83428	-23.7143	31.5486	0.616205	0.383795	4.901831	0.303322	0.240377	0.213694	0.134993	0.117334	0.0297538	0.00220709	0	2.373341	1.98119	0.3837955	0.6162045	95.76124
4740	8.18616	-23.4105	31.5967	0.364329	0.635671	3.784839	0.307903	0.234449	0.203939	0.134719	0.118009	0.0306688	0.00222997	0	2.325217	1.972203	0.6356706	0.3643294	93.79997
4750	6.32128	-22.8673	29.1886	0.0907795	0.90922	0.3818561	0.296272	0.233896	0.209719	0.133995	0.117418	0.030604	0.00218417	0	4.733341	1.741997	0.9092205	0.09077952	55.20739
4760	5.72849	-21.6084	27.3369	0.130423	0.869577	0.8513159	0.30406	0.236335	0.205493	0.134737	0.117867	0.0304815	0.00222001	0	6.585061	1.761224	0.8695765	0.1304235	57.7064
4770	7.93105	-23.44	31.371	0.561436	0.438564	4.937462	0.304355	0.23869	0.212161	0.134102	0.119145	0.0308153	0.00225634	0	2.550878	1.983893	0.4385641	0.5614359	96.35922
4780	6.64901	-24.228	30.877	0.750924	0.249076	1.160363	0.306093	0.241232	0.213835	0.136372	0.118467	0.0297823	0.00227892	0	3.044922	1.768463	0.2490762	0.7509238	58.67632
4790	7.03817	-23.9918	31.03	0.254222	0.745778	0.6592842	0.298113	0.239429	0.208157	0.135879	0.120449	0.0303924	0.0022083	0	2.891969	1.993755	0.745778	0.254222	98.57236
4800	7.66386	-22.1116	29.7755	0.710468	0.289532	4.015967	0.293131	0.241202	0.203488	0.135455	0.120246	0.0294965	0.00223544	0	4.146441	1.953577	0.2895322	0.7104678	89.8621
4810	7.27614	-24.8889	32.165	0.319184	0.680816	3.06758	0.294038	0.236519	0.207928	0.135514	0.118584	0.0303435	0.0022215	0	1.756901	1.839814	0.6808165	0.3191835	69.15348
4820	1.25257	-20.9324	22.185	0.412531	0.587469	2.675002	0.295179	0.235261	0.204513	0.135073	0.120321	0.0299679	0.00229273	0	11.73692	1.639835	0.5874688	0.4125312	43.63498
4830	5.93847	-24.4521	30.3906	0.526465	0.473535	6.533704	0.298657	0.233616	0.204021	0.138433	0.121498	0.0306405	0.00227493	0	3.531353	1.85137	0.4735353	0.5264647	71.01826
4840	5.43188	-27.625	33.0569	0.582677	0.417323	4.136384	0.293384	0.238761	0.20773	0.139042	0.121161	0.0299942	0.00224117	0	0.8650565	1.89786	0.4173227	0.5826773	79.04239
4850	6.14413	-21.8257	27.9698	0.87578	0.12422	3.426834	0.296847	0.235857	0.206952	0.138705	0.120119	0.0306315	0.00226792	0	5.952142	1.810852	0.12422	0.87578	64.69224
4860	6.90863	-21.629	28.5376	0.0321504	0.96785	5.015079	0.306491	0.239139	0.206803	0.139097	0.121991	0.029444	0.00223489	0	5.384334	1.972164	0.9678496	0.03215039	93.79157
4870	7.83179	-24.4198	32.2516	0.284599	0.715401	4.934785	0.298115	0.237572	0.204471	0.136559	0.120686	0.0295565	0.00223102	0	1.670319	1.991973	0.715401	0.284599	98.16862
4880	6.73485	-24.9398	31.6746	0.452945	0.547055	2.787848	0.294325	0.237863	0.205563	0.135073	0.118598	0.0298738	0.00229432	0	2.247299	1.672451	0.547055	0.452945	47.03819
4890	6.87367	-21.3078	28.1814	0.453738	0.546262	3.754932	0.299889	0.243491	0.206936	0.136257	0.119587	0.0303304	0.00228056	0	5.740494	1.927359	0.5462623	0.4537377	84.59773
4900	7.87941	-23.0174	30.8968	0.0432488	0.956751	3.587352	0.296295	0.238594	0.206263	0.138132	0.119792	0.0297518	0.00229351	0	3.02513	1.810633	0.9567512	0.04324878	64.65964
4910	7.04109	-21.385	28.4261	0.424693	0.575307	3.093007	0.299065	0.245258	0.210162	0.139988	0.122411	0.0299074	0.00222899	0	5.495828	1.905884	0.5753072	0.4246928	80.51629
4920	6.55452	-24.5037	31.0583	0.325802	0.674198	4.516569	0.296821	0.241258	0.209141	0.136658	0.120743	0.0301574	0.00228016	0	2.863668	1.671611	0.6741983	0.3258017	46.94733
4930	6.79727	-25.4788	32.276	0.158483	0.841517	4.339828	0.300855	0.240138	0.204838	0.138251	0.121559	0.0294354	0.00222664	0	1.645889	1.732986	0.8415165	0.1584835	54.0737
4940	6.54707	-24.668	31.215	0.527326	0.472674	6.609199	0.307556	0.241478	0.210326	0.139362	0.120932	0.0294448	0.00226664	0	2.706905	1.92039	0.4726739	0.5273261	83.25109
4950	6.88423	-22.8204	29.7046	0.0698687	0.930131	4.641618	0.305128	0.241041	0.209416	0.137222	0.118837	0.0296386	0.00224185	0	4.217311	1.786197	0.9301313	0.06986868	61.12189
4960	6.53542	-25.6888	32.2242	0.362094	0.637906	3.68078	0.301096	0.240064	0.209805	0.138165	0.119865	0.0297836	0.002254	0	1.697736	1.701787	0.6379055	0.3620945	50.32537
4970	7.71751	-24.5284	32.2459	0.121973	0.878027	4.770061	0.293237	0.23445	0.21054	0.138911	0.117	0.029491	0.00229102	0	1.676013	1.910114	0.8780274	0.1219726	81.30444
4980	7.38857	-23.8843	31.2728	0.353207	0.646793	4.966179	0.307688	0.235318	0.205273	0.136456	0.120566	0.029603	0.00227649	0	2.649105	1.856035	0.6467933	0.3532067	71.78514
4990	5.46546	-22.1845	27.65	0.327978	0.672022	5.932788	0.307195	0.237647	0.210414	0.137242	0.121091	0.0293337	0.00229462	0	6.271933	1.945825	0.6720223	0.3279777	88.2724
5000	7.112	-22.6171	29.7291	0.497825	0.502175	5.143833	0.306278	0.236557	0.203478	0.139653	0.122583	0.0305142	0.00223776	0	4.192834	1.927916	0.5021746	0.4978254	84.70636
