Iteration	start_1	end_1	start_2	end_2	start_3	end_3	start_4	end_4	start_5	end_5	start_6	end_6	start_7	end_7	start_8	end_8	start_9	end_9	start_10	end_10	start_11	end_11	start_12	end_12	start_13	end_13	start_14	end_14	start_15	end_15
0	1	8	1	7	1	6	1	5	4	4	3	3	2	2	1	1	2	11	2	13	1	9	1	1	1	1	1	1	1	1
10	3	8	3	7	14	6	2	5	5	4	4	3	4	2	2	1	2	4	2	16	2	2	1	2	3	3	1	14	1	1
20	5	8	1	7	4	6	3	5	5	4	4	3	4	2	2	1	5	4	3	5	2	3	1	2	4	15	1	4	1	1
30	4	8	4	7	10	6	2	5	1	4	1	3	1	2	1	1	1	1	2	1	1	2	1	1	1	4	1	10	1	1
40	1	8	1	7	12	6	1	5	2	4	4	3	4	2	2	1	2	4	1	2	2	1	1	2	4	1	1	12	1	1
50	2	8	2	7	2	6	2	5	3	4	3	3	3	2	2	1	3	3	2	3	2	2	1	2	2	2	1	2	1	1
60	1	8	1	7	3	6	2	5	4	4	2	3	2	2	2	1	4	2	2	4	2	2	1	2	3	1	1	3	1	1
70	1	8	1	7	4	6	1	5	5	4	3	3	3	2	1	1	16	3	1	16	1	1	1	1	14	1	1	14	1	1
80	2	8	2	7	2	6	1	5	3	4	3	3	3	2	1	1	3	3	1	3	1	1	1	1	2	2	1	2	1	1
90	3	8	3	7	1	6	2	5	3	4	1	3	1	2	1	1	3	1	2	3	1	2	1	1	3	3	1	10	1	1
100	2	8	2	7	3	6	3	5	1	4	3	3	3	2	2	1	9	3	3	9	2	3	1	2	3	2	1	3	1	1
110	3	8	3	7	3	6	11	5	5	4	3	3	3	2	1	1	15	3	2	15	1	11	1	1	3	3	1	3	1	1
120	5	8	1	7	4	6	2	5	3	4	3	3	3	2	1	1	3	3	2	3	1	2	1	1	12	15	1	12	1	1
130	3	8	17	7	1	6	1	5	11	4	2	3	2	2	1	1	2	2	1	11	1	1	1	1	1	17	1	1	1	1
140	10	8	1	7	4	6	3	5	1	4	5	3	3	2	1	1	1	17	3	1	1	3	1	1	4	10	1	4	1	1
150	2	8	1	7	2	6	10	5	2	4	3	3	3	2	1	1	1	3	1	9	1	10	1	1	2	9	1	2	1	1
160	2	8	9	7	3	6	3	5	1	4	3	3	3	2	1	1	3	3	3	10	1	3	1	1	1	9	1	10	1	1
170	1	8	1	7	3	6	2	5	1	4	1	3	1	2	2	1	2	1	2	9	2	2	1	2	3	1	1	3	1	1
180	15	8	1	7	11	6	2	5	3	4	1	3	1	2	2	1	3	1	2	3	2	2	1	2	3	15	1	11	1	1
190	4	8	4	7	4	6	2	5	4	4	3	3	11	2	1	1	4	11	9	4	1	9	1	1	4	4	1	4	1	1
200	1	8	1	7	1	6	2	5	4	4	3	3	2	2	1	1	4	11	2	4	1	2	1	1	1	1	1	1	1	1
210	5	8	5	7	11	6	1	5	1	4	3	3	3	2	1	1	3	3	1	10	1	1	1	1	3	5	1	11	1	1
220	3	8	10	7	1	6	1	5	5	4	2	3	2	2	1	1	5	2	1	5	1	1	1	1	1	10	1	1	1	1
230	2	8	2	7	2	6	10	5	2	4	3	3	3	2	2	1	2	3	1	2	2	10	1	2	2	2	1	2	1	1
240	2	8	2	7	4	6	3	5	17	4	1	3	3	2	1	1	5	10	3	17	1	3	1	1	4	2	1	4	1	1
250	6	8	1	7	1	6	2	5	3	4	5	3	5	2	2	1	1	5	2	10	2	2	1	2	1	19	1	1	1	1
260	4	8	4	7	11	6	2	5	1	4	2	3	2	2	1	1	1	2	2	1	1	2	1	1	2	4	1	11	1	1
270	3	8	10	7	10	6	1	5	5	4	3	3	3	2	9	1	5	3	1	5	2	1	1	9	1	10	1	10	1	1
280	1	8	1	7	3	6	1	5	13	4	2	3	16	2	2	1	2	16	1	13	2	1	1	2	11	1	1	11	1	1
290	5	8	5	7	1	6	2	5	2	4	5	3	2	2	1	1	2	16	2	2	1	2	1	1	1	5	1	1	1	1
300	1	8	1	7	4	6	3	5	3	4	5	3	3	2	2	1	3	17	3	3	2	3	1	2	4	1	1	4	1	1
310	3	8	3	7	4	6	1	5	3	4	3	3	10	2	1	1	3	10	1	3	2	1	1	9	2	3	1	13	1	1
320	15	8	5	7	14	6	2	5	5	4	3	3	3	2	1	1	5	3	2	5	1	2	1	1	3	15	1	14	1	1
330	2	8	2	7	3	6	2	5	2	4	3	3	3	2	2	1	2	3	2	2	2	2	1	2	3	2	1	3	1	1
340	3	8	3	7	3	6	2	5	1	4	2	3	2	2	1	1	1	2	2	1	1	2	1	1	10	3	1	10	1	1
350	1	8	1	7	2	6	2	5	3	4	3	3	3	2	2	1	3	3	2	3	2	2	1	2	2	1	1	2	1	1
360	4	8	4	7	4	6	3	5	3	4	1	3	1	2	1	1	3	1	3	3	1	3	1	1	4	4	1	4	1	1
370	1	8	10	7	1	6	1	5	3	4	1	3	5	2	9	1	3	15	3	3	1	10	1	9	1	10	1	1	1	1
380	4	8	13	7	2	6	3	5	2	4	5	3	5	2	1	1	2	5	3	2	1	3	1	1	2	13	1	2	1	1
390	1	8	1	7	1	6	2	5	1	4	1	3	1	2	2	1	1	1	2	1	2	2	1	2	1	1	1	1	1	1
400	4	8	4	7	4	6	1	5	5	4	15	3	1	2	2	1	5	15	1	5	2	1	1	2	4	4	1	4	1	1
410	2	8	16	7	2	6	3	5	5	4	5	3	5	2	2	1	15	5	3	15	9	3	1	9	2	16	1	2	1	1
420	9	8	1	7	1	6	3	5	5	4	3	3	3	2	2	1	17	3	3	17	2	3	1	2	3	9	1	10	1	1
430	10	8	3	7	4	6	2	5	2	4	3	3	3	2	2	1	16	3	2	16	2	2	1	2	3	10	1	14	1	1
440	2	8	2	7	1	6	3	5	11	4	2	3	20	2	2	1	2	20	3	11	2	3	1	2	1	2	1	1	1	1
450	5	8	5	7	2	6	1	5	5	4	3	3	3	2	1	1	5	3	1	5	1	1	1	1	2	5	1	2	1	1
460	4	8	4	7	2	6	2	5	3	4	3	3	3	2	1	1	3	3	2	3	1	2	1	1	2	4	1	2	1	1
470	4	8	4	7	4	6	2	5	5	4	1	3	1	2	2	1	5	1	2	5	2	2	1	2	4	4	1	4	1	1
480	1	8	1	7	3	6	1	5	3	4	5	3	5	2	2	1	3	5	1	3	2	1	1	2	3	1	1	3	1	1
490	10	8	1	7	1	6	1	5	1	4	1	3	1	2	1	1	1	1	1	1	1	1	1	1	4	10	1	12	1	1
500	13	8	2	7	2	6	3	5	11	4	2	3	2	2	1	1	2	2	3	11	1	3	1	1	2	13	1	2	1	1
510	4	8	4	7	4	6	1	5	2	4	5	3	5	2	2	1	2	5	3	2	2	10	1	2	4	4	1	4	1	1
520	10	8	1	7	2	6	1	5	5	4	16	3	2	2	1	1	5	16	1	5	1	1	1	1	2	10	1	2	1	1
530	15	8	1	7	3	6	3	5	9	4	2	3	2	2	1	1	2	2	3	9	1	3	1	1	3	15	1	3	1	1
540	5	8	2	7	3	6	3	5	3	4	7	3	4	2	1	1	3	27	1	3	1	10	1	1	3	16	1	3	1	1
550	5	8	2	7	1	6	3	5	1	4	5	3	5	2	1	1	1	5	3	1	1	3	1	1	1	16	1	1	1	1
560	5	8	5	7	1	6	1	5	3	4	3	3	3	2	2	1	3	3	1	3	9	1	1	9	1	5	1	1	1	1
570	12	8	4	7	2	6	1	5	3	4	2	3	2	2	2	1	3	2	1	3	2	1	1	2	2	12	1	2	1	1
580	10	8	1	7	1	6	3	5	3	4	5	3	16	2	1	1	3	16	3	3	1	3	1	1	1	10	1	1	1	1
590	4	8	4	7	4	6	1	5	5	4	2	3	2	2	9	1	5	2	1	5	1	1	1	9	4	4	1	4	1	1
600	5	8	5	7	1	6	3	5	4	4	3	3	2	2	2	1	4	11	3	4	9	3	1	9	3	5	1	10	1	1
610	1	8	4	7	1	6	2	5	15	4	3	3	3	2	1	1	5	3	1	15	1	9	1	1	1	12	1	1	1	1
620	4	8	12	7	4	6	2	5	2	4	10	3	1	2	1	1	2	10	2	2	1	2	1	1	4	12	1	4	1	1
630	4	8	4	7	3	6	2	5	3	4	5	3	1	2	2	1	3	15	2	3	1	2	1	9	3	4	1	3	1	1
640	3	8	3	7	1	6	3	5	1	4	3	3	11	2	2	1	1	11	3	1	2	3	1	2	10	3	1	10	1	1
650	2	8	2	7	2	6	1	5	4	4	3	3	17	2	2	1	4	17	1	4	2	1	1	2	2	2	1	2	1	1
660	2	8	1	7	3	6	3	5	1	4	5	3	5	2	1	1	1	5	1	1	1	10	1	1	1	9	1	10	1	1
670	2	8	2	7	2	6	1	5	2	4	2	3	2	2	9	1	2	2	1	2	1	1	1	9	3	2	1	11	1	1
680	2	8	2	7	3	6	2	5	2	4	12	3	4	2	1	1	2	12	2	2	1	2	1	1	3	2	1	3	1	1
690	4	8	4	7	2	6	3	5	5	4	1	3	12	2	2	1	5	12	3	5	2	3	1	2	2	4	1	2	1	1
700	3	8	3	7	3	6	1	5	9	4	1	3	24	2	1	1	1	24	1	9	1	1	1	1	3	3	1	3	1	1
710	2	8	5	7	2	6	10	5	2	4	14	3	3	2	1	1	2	14	3	2	1	10	1	1	1	16	1	9	1	1
720	1	8	1	7	2	6	1	5	1	4	17	3	3	2	2	1	9	17	1	9	2	1	1	2	2	1	1	2	1	1
730	2	8	2	7	2	6	2	5	1	4	3	3	3	2	1	1	1	3	2	1	9	2	1	9	2	2	1	2	1	1
740	3	8	14	7	2	6	2	5	15	4	4	3	4	2	2	1	5	4	2	15	2	2	1	2	2	14	1	2	1	1
750	10	8	1	7	2	6	1	5	1	4	3	3	3	2	1	1	1	3	1	1	1	1	1	1	2	10	1	2	1	1
760	4	8	4	7	3	6	1	5	11	4	10	3	3	2	2	1	3	10	1	11	2	1	1	2	3	4	1	3	1	1
770	3	8	3	7	4	6	3	5	1	4	18	3	4	2	1	1	1	18	10	1	1	10	1	1	4	3	1	4	1	1
780	2	8	2	7	1	6	3	5	1	4	2	3	2	2	2	1	9	2	3	9	1	3	1	9	1	2	1	1	1	1
790	4	8	4	7	4	6	2	5	3	4	3	3	3	2	2	1	2	3	9	11	2	9	1	2	13	4	1	13	1	1
800	1	8	1	7	1	6	1	5	1	4	2	3	2	2	2	1	1	2	1	1	2	1	1	2	1	1	1	1	1	1
810	2	8	1	7	3	6	3	5	5	4	24	3	1	2	2	1	5	24	2	5	1	11	1	9	3	9	1	3	1	1
820	2	8	2	7	9	6	3	5	5	4	3	3	3	2	1	1	5	3	3	5	1	3	1	1	1	2	1	9	1	1
830	1	8	15	7	3	6	9	5	10	4	2	3	9	2	2	1	1	9	1	10	2	9	1	2	3	15	1	3	1	1
840	3	8	10	7	1	6	3	5	2	4	3	3	2	2	2	1	2	11	2	2	2	11	1	2	1	10	1	1	1	1
850	4	8	4	7	3	6	3	5	5	4	2	3	2	2	1	1	5	2	3	5	1	3	1	1	4	4	1	14	1	1
860	3	8	3	7	3	6	3	5	5	4	3	3	6	2	1	1	5	21	3	5	1	3	1	1	3	3	1	3	1	1
870	3	8	3	7	3	6	3	5	11	4	5	3	2	2	1	1	2	16	10	11	1	10	1	1	3	3	1	3	1	1
880	1	8	2	7	3	6	9	5	1	4	2	3	16	2	2	1	1	16	1	1	2	9	1	2	3	9	1	3	1	1
890	2	8	3	7	2	6	1	5	2	4	2	3	2	2	2	1	4	2	1	13	2	1	1	2	2	11	1	2	1	1
900	5	8	5	7	3	6	3	5	1	4	5	3	5	2	2	1	1	5	3	1	2	3	1	2	3	5	1	3	1	1
910	2	8	2	7	2	6	1	5	1	4	29	3	6	2	2	1	1	29	1	1	2	1	1	2	2	2	1	2	1	1
920	1	8	1	7	3	6	2	5	2	4	6	3	6	2	1	1	2	6	2	2	1	2	1	1	2	1	1	11	1	1
930	1	8	1	7	3	6	2	5	3	4	5	3	5	2	2	1	17	5	2	17	2	2	1	2	3	1	1	3	1	1
940	18	8	4	7	1	6	3	5	1	4	1	3	1	2	1	1	1	1	10	1	1	10	1	1	1	18	1	1	1	1
950	2	8	2	7	2	6	2	5	1	4	3	3	3	2	1	1	1	3	2	1	1	2	1	1	2	2	1	2	1	1
960	2	8	2	7	1	6	1	5	1	4	1	3	1	2	2	1	1	1	1	1	2	1	1	2	1	2	1	1	1	1
970	2	8	2	7	3	6	3	5	4	4	3	3	3	2	1	1	4	3	1	4	1	10	1	1	2	2	1	11	1	1
980	3	8	14	7	3	6	1	5	4	4	2	3	2	2	1	1	12	2	1	12	1	1	1	1	3	14	1	3	1	1
990	5	8	5	7	1	6	2	5	5	4	1	3	1	2	1	1	17	1	2	17	1	2	1	1	1	5	1	1	1	1
1000	5	8	1	7	1	6	2	5	3	4	17	3	5	2	1	1	3	17	3	3	1	11	1	1	1	15	1	1	1	1
1010	5	8	3	7	2	6	2	5	3	4	5	3	5	2	2	1	5	5	2	17	2	2	1	2	2	17	1	2	1	1
1020	5	8	5	7	1	6	3	5	17	4	6	3	6	2	1	1	5	6	3	17	1	3	1	1	1	5	1	1	1	1
1030	1	8	1	7	1	6	2	5	2	4	1	3	9	2	1	1	2	9	2	2	1	2	1	1	1	1	1	1	1	1
1040	1	8	1	7	1	6	3	5	2	4	24	3	1	2	1	1	2	24	3	2	1	3	1	1	1	1	1	1	1	1
1050	2	8	3	7	3	6	2	5	3	4	1	3	1	2	1	1	2	1	2	11	1	2	1	1	3	11	1	3	1	1
1060	5	8	5	7	3	6	3	5	2	4	1	3	1	2	2	1	2	1	3	2	2	3	1	2	3	5	1	3	1	1
1070	2	8	16	7	12	6	3	5	1	4	4	3	4	2	2	1	1	4	3	1	2	3	1	2	4	16	1	12	1	1
1080	5	8	5	7	3	6	2	5	2	4	2	3	2	2	2	1	5	2	2	16	2	2	1	2	14	5	1	14	1	1
1090	3	8	3	7	3	6	2	5	1	4	5	3	5	2	1	1	1	5	2	1	1	2	1	1	3	3	1	3	1	1
1100	5	8	3	7	3	6	11	5	1	4	3	3	3	2	2	1	1	3	3	1	1	11	1	9	3	17	1	3	1	1
1110	1	8	1	7	1	6	2	5	1	4	2	3	2	2	2	1	1	2	2	1	2	2	1	2	1	1	1	1	1	1
1120	2	8	3	7	4	6	2	5	3	4	17	3	5	2	2	1	3	17	2	3	1	2	1	9	4	11	1	4	1	1
1130	2	8	2	7	3	6	3	5	3	4	2	3	2	2	9	1	14	2	3	14	2	3	1	9	3	2	1	3	1	1
1140	2	8	2	7	2	6	2	5	18	4	3	3	3	2	2	1	5	3	2	18	2	2	1	2	2	2	1	2	1	1
1150	2	8	2	7	4	6	2	5	1	4	3	3	3	2	1	1	1	3	2	1	2	2	1	9	4	2	1	4	1	1
1160	3	8	3	7	3	6	3	5	15	4	3	3	3	2	2	1	1	3	3	15	2	3	1	2	3	3	1	3	1	1
1170	4	8	4	7	2	6	2	5	3	4	1	3	9	2	1	1	3	9	2	3	1	2	1	1	2	4	1	2	1	1
1180	3	8	3	7	1	6	2	5	2	4	5	3	5	2	2	1	11	5	2	11	2	2	1	2	1	3	1	1	1	1
1190	5	8	5	7	2	6	2	5	5	4	5	3	5	2	1	1	5	5	3	5	1	11	1	1	2	5	1	2	1	1
1200	1	8	1	7	1	6	1	5	10	4	3	3	11	2	2	1	1	11	1	10	2	1	1	2	1	1	1	1	1	1
1210	16	8	2	7	1	6	2	5	15	4	1	3	1	2	1	1	5	1	2	15	1	2	1	1	10	16	1	10	1	1
1220	2	8	2	7	2	6	1	5	18	4	6	3	6	2	2	1	4	6	1	18	2	1	1	2	9	2	1	9	1	1
1230	3	8	3	7	1	6	1	5	2	4	3	3	17	2	2	1	2	17	1	2	2	1	1	2	10	3	1	10	1	1
1240	2	8	2	7	2	6	3	5	4	4	17	3	3	2	2	1	4	17	3	4	2	3	1	2	2	2	1	2	1	1
1250	4	8	4	7	1	6	1	5	1	4	1	3	1	2	2	1	1	1	1	1	2	1	1	2	3	4	1	10	1	1
1260	2	8	1	7	1	6	1	5	4	4	2	3	3	2	2	1	5	11	1	18	2	1	1	2	3	9	1	10	1	1
1270	1	8	2	7	2	6	3	5	3	4	3	3	3	2	2	1	3	3	3	3	1	3	1	9	2	9	1	2	1	1
1280	5	8	5	7	3	6	2	5	5	4	10	3	1	2	1	1	5	10	2	5	1	2	1	1	2	5	1	11	1	1
1290	2	8	2	7	2	6	1	5	5	4	10	3	1	2	1	1	5	10	10	5	1	10	1	1	2	2	1	2	1	1
1300	1	8	3	7	11	6	1	5	4	4	3	3	3	2	1	1	2	3	1	13	9	1	1	9	3	10	1	11	1	1
1310	3	8	3	7	13	6	1	5	1	4	1	3	1	2	2	1	5	1	3	15	2	10	1	2	4	3	1	13	1	1
1320	5	8	5	7	1	6	3	5	1	4	10	3	3	2	2	1	1	10	3	1	2	3	1	2	1	5	1	1	1	1
1330	3	8	3	7	2	6	1	5	5	4	2	3	2	2	1	1	5	2	1	5	9	1	1	9	2	3	1	2	1	1
1340	2	8	2	7	2	6	1	5	2	4	1	3	1	2	2	1	2	1	1	2	2	1	1	2	11	2	1	11	1	1
1350	2	8	2	7	3	6	1	5	5	4	15	3	5	2	1	1	5	15	1	5	1	1	1	1	3	2	1	3	1	1
1360	4	8	13	7	4	6	3	5	5	4	3	3	11	2	1	1	15	11	3	15	1	3	1	1	4	13	1	4	1	1
1370	3	8	3	7	3	6	3	5	1	4	4	3	1	2	2	1	3	12	3	10	2	3	1	2	4	3	1	14	1	1
1380	2	8	2	7	3	6	1	5	4	4	1	3	2	2	1	1	2	9	2	13	1	9	1	1	3	2	1	3	1	1
1390	1	8	1	7	2	6	3	5	1	4	3	3	1	2	2	1	1	10	1	1	2	10	1	2	2	1	1	2	1	1
1400	4	8	4	7	4	6	9	5	3	4	2	3	9	2	2	1	3	9	1	3	2	9	1	2	12	4	1	12	1	1
1410	1	8	1	7	1	6	1	5	3	4	2	3	1	2	2	1	3	9	1	3	2	1	1	2	2	1	1	9	1	1
1420	3	8	3	7	3	6	2	5	2	4	3	3	3	2	9	1	2	3	2	2	1	2	1	9	3	3	1	3	1	1
1430	4	8	4	7	2	6	3	5	1	4	2	3	2	2	1	1	2	2	3	9	1	3	1	1	2	4	1	2	1	1
1440	1	8	2	7	2	6	1	5	2	4	3	3	2	2	2	1	2	11	1	2	2	1	1	2	2	9	1	2	1	1
1450	4	8	4	7	1	6	1	5	3	4	2	3	2	2	1	1	10	2	1	10	1	1	1	1	9	4	1	9	1	1
1460	17	8	3	7	3	6	11	5	4	4	2	3	2	2	2	1	12	2	2	12	2	11	1	2	10	17	1	10	1	1
1470	2	8	2	7	1	6	11	5	4	4	3	3	3	2	2	1	4	3	2	4	2	11	1	2	1	2	1	1	1	1
1480	3	8	3	7	2	6	2	5	2	4	3	3	2	2	2	1	3	11	2	11	1	2	1	9	2	3	1	2	1	1
1490	5	8	5	7	3	6	9	5	5	4	5	3	5	2	1	1	18	5	1	18	1	9	1	1	3	5	1	3	1	1
1500	1	8	5	7	1	6	3	5	4	4	3	3	2	2	2	1	4	11	3	4	1	3	1	9	1	15	1	1	1	1
1510	4	8	4	7	3	6	3	5	1	4	5	3	5	2	2	1	1	5	3	1	2	3	1	2	3	4	1	3	1	1
1520	1	8	1	7	1	6	1	5	1	4	3	3	11	2	1	1	10	11	1	10	1	1	1	1	1	1	1	1	1	1
1530	2	8	2	7	1	6	1	5	2	4	1	3	1	2	1	1	11	1	1	11	1	1	1	1	1	2	1	1	1	1
1540	3	8	3	7	3	6	3	5	3	4	5	3	1	2	2	1	3	15	3	3	2	3	1	2	3	3	1	3	1	1
1550	1	8	1	7	3	6	9	5	3	4	2	3	16	2	1	1	3	16	2	3	1	9	1	1	3	1	1	3	1	1
1560	1	8	15	7	4	6	2	5	3	4	2	3	9	2	1	1	14	9	2	14	1	2	1	1	4	15	1	4	1	1
1570	3	8	3	7	3	6	2	5	3	4	16	3	2	2	2	1	14	16	2	14	2	2	1	2	3	3	1	3	1	1
1580	1	8	1	7	4	6	9	5	1	4	2	3	2	2	1	1	1	2	1	1	1	9	1	1	4	1	1	4	1	1
1590	5	8	5	7	2	6	1	5	4	4	2	3	2	2	1	1	4	2	1	4	1	1	1	1	2	5	1	2	1	1
1600	1	8	1	7	1	6	3	5	9	4	4	3	4	2	2	1	2	4	3	9	2	3	1	2	12	1	1	12	1	1
1610	5	8	5	7	3	6	2	5	2	4	5	3	2	2	2	1	2	16	2	2	2	2	1	2	1	5	1	10	1	1
1620	5	8	5	7	1	6	1	5	1	4	3	3	3	2	1	1	1	3	1	1	1	1	1	1	1	5	1	1	1	1
1630	5	8	5	7	2	6	1	5	5	4	5	3	5	2	1	1	4	5	2	18	1	9	1	1	2	5	1	2	1	1
1640	4	8	4	7	1	6	3	5	3	4	2	3	2	2	2	1	3	2	3	3	2	3	1	2	4	4	1	12	1	1
1650	5	8	5	7	2	6	1	5	3	4	17	3	3	2	2	1	3	17	1	3	2	1	1	2	2	5	1	2	1	1
1660	2	8	2	7	4	6	2	5	1	4	5	3	3	2	2	1	3	17	2	10	2	2	1	2	1	2	1	12	1	1
1670	5	8	5	7	2	6	1	5	3	4	5	3	5	2	2	1	5	5	1	17	2	1	1	2	9	5	1	9	1	1
1680	5	8	5	7	3	6	1	5	2	4	2	3	2	2	1	1	2	2	1	2	1	1	1	1	3	5	1	3	1	1
1690	4	8	4	7	3	6	1	5	3	4	2	3	9	2	2	1	3	9	1	3	2	1	1	2	10	4	1	10	1	1
1700	5	8	5	7	3	6	3	5	5	4	3	3	3	2	2	1	3	3	3	17	2	3	1	2	10	5	1	10	1	1
1710	17	8	5	7	2	6	1	5	1	4	3	3	3	2	1	1	1	3	1	1	1	1	1	1	11	17	1	11	1	1
1720	1	8	1	7	3	6	2	5	1	4	3	3	3	2	1	1	1	3	2	1	1	2	1	1	3	1	1	3	1	1
1730	2	8	2	7	2	6	10	5	2	4	5	3	2	2	9	1	2	16	1	2	1	10	1	9	2	2	1	2	1	1
1740	1	8	1	7	1	6	10	5	1	4	2	3	2	2	2	1	15	2	1	15	2	10	1	2	10	1	1	10	1	1
1750	3	8	3	7	1	6	3	5	1	4	1	3	1	2	2	1	15	1	3	15	2	3	1	2	1	3	1	1	1	1
1760	1	8	1	7	1	6	1	5	3	4	3	3	3	2	1	1	3	3	1	3	1	1	1	1	1	1	1	1	1	1
1770	16	8	5	7	1	6	9	5	2	4	5	3	17	2	1	1	1	17	1	9	1	9	1	1	1	16	1	1	1	1
1780	9	8	1	7	2	6	1	5	2	4	1	3	1	2	1	1	2	1	9	2	9	9	1	9	2	9	1	2	1	1
1790	5	8	1	7	9	6	1	5	2	4	29	3	6	2	2	1	2	29	1	2	2	1	1	2	2	15	1	9	1	1
1800	3	8	3	7	1	6	3	5	4	4	2	3	2	2	2	1	4	2	3	4	2	3	1	2	10	3	1	10	1	1
1810	4	8	3	7	3	6	2	5	5	4	5	3	5	2	1	1	2	5	2	16	1	2	1	1	3	14	1	3	1	1
1820	4	8	4	7	2	6	3	5	5	4	5	3	5	2	2	1	5	5	3	5	2	3	1	2	2	4	1	2	1	1
1830	3	8	3	7	3	6	3	5	13	4	3	3	2	2	1	1	2	11	3	13	2	3	1	9	3	3	1	3	1	1
1840	3	8	3	7	2	6	3	5	2	4	3	3	3	2	2	1	2	3	3	2	2	3	1	2	2	3	1	2	1	1
1850	1	8	5	7	1	6	3	5	2	4	1	3	1	2	2	1	1	1	3	9	2	3	1	2	9	15	1	9	1	1
1860	5	8	5	7	1	6	1	5	5	4	1	3	1	2	1	1	5	1	1	5	9	1	1	9	1	5	1	1	1	1
1870	3	8	3	7	3	6	3	5	3	4	3	3	3	2	2	1	3	3	3	3	2	3	1	2	3	3	1	3	1	1
1880	4	8	4	7	3	6	3	5	4	4	5	3	5	2	2	1	4	5	3	4	2	3	1	2	3	4	1	3	1	1
1890	1	8	1	7	2	6	3	5	1	4	7	3	7	2	9	1	1	7	3	1	1	3	1	9	2	1	1	2	1	1
1900	1	8	1	7	2	6	2	5	1	4	2	3	5	2	2	1	5	16	9	15	1	9	1	9	11	1	1	11	1	1
1910	2	8	2	7	1	6	3	5	4	4	3	3	2	2	1	1	4	11	3	4	1	3	1	1	2	2	1	9	1	1
1920	2	8	2	7	1	6	1	5	10	4	5	3	1	2	2	1	3	15	1	10	2	1	1	2	1	2	1	1	1	1
1930	3	8	5	7	1	6	1	5	3	4	2	3	2	2	1	1	1	2	1	10	1	1	1	1	1	17	1	1	1	1
1940	4	8	4	7	12	6	2	5	5	4	15	3	1	2	2	1	5	15	9	5	2	9	1	2	4	4	1	12	1	1
1950	1	8	1	7	3	6	11	5	4	4	3	3	3	2	1	1	4	3	2	4	1	11	1	1	10	1	1	10	1	1
1960	2	8	2	7	1	6	1	5	3	4	10	3	1	2	1	1	3	10	1	3	1	1	1	1	1	2	1	1	1	1
1970	4	8	4	7	3	6	9	5	1	4	14	3	3	2	2	1	1	14	2	1	2	9	1	2	1	4	1	10	1	1
1980	10	8	1	7	1	6	10	5	4	4	5	3	5	2	1	1	4	5	3	4	2	10	1	9	1	10	1	1	1	1
1990	5	8	5	7	2	6	3	5	1	4	3	3	3	2	9	1	1	3	3	1	2	3	1	9	2	5	1	2	1	1
2000	5	8	1	7	2	6	3	5	2	4	13	3	2	2	1	1	2	13	3	2	1	3	1	1	2	15	1	2	1	1
2010	3	8	3	7	3	6	2	5	2	4	3	3	3	2	2	1	2	3	2	2	2	2	1	2	3	3	1	3	1	1
2020	5	8	5	7	1	6	1	5	16	4	4	3	4	2	1	1	5	4	1	16	1	1	1	1	1	5	1	1	1	1
2030	5	8	3	7	3	6	3	5	2	4	17	3	5	2	9	1	2	17	3	2	1	3	1	9	3	17	1	3	1	1
2040	3	8	10	7	2	6	3	5	1	4	2	3	2	2	2	1	3	2	3	10	2	3	1	2	2	10	1	2	1	1
2050	1	8	1	7	1	6	3	5	1	4	3	3	3	2	1	1	2	3	3	9	1	3	1	1	1	1	1	1	1	1
2060	2	8	2	7	2	6	2	5	2	4	2	3	2	2	2	1	2	2	3	2	2	11	1	2	2	2	1	2	1	1
2070	1	8	2	7	2	6	2	5	5	4	2	3	3	2	1	1	5	11	2	5	1	2	1	1	2	9	1	2	1	1
2080	14	8	4	7	12	6	2	5	3	4	3	3	3	2	2	1	3	3	2	3	2	2	1	2	1	14	1	12	1	1
2090	3	8	3	7	2	6	1	5	3	4	2	3	2	2	1	1	3	2	1	3	1	1	1	1	2	3	1	2	1	1
2100	2	8	2	7	1	6	9	5	1	4	3	3	3	2	2	1	1	3	2	1	2	9	1	2	2	2	1	9	1	1
2110	16	8	2	7	1	6	2	5	1	4	3	3	11	2	1	1	5	11	2	15	1	2	1	1	1	16	1	1	1	1
2120	2	8	2	7	2	6	2	5	5	4	5	3	5	2	2	1	17	5	2	17	2	2	1	2	2	2	1	2	1	1
2130	3	8	3	7	2	6	1	5	1	4	3	3	3	2	1	1	5	3	1	15	1	1	1	1	2	3	1	2	1	1
2140	2	8	2	7	1	6	3	5	1	4	5	3	16	2	2	1	3	16	3	10	2	3	1	2	1	2	1	1	1	1
2150	3	8	3	7	2	6	1	5	4	4	2	3	2	2	1	1	4	2	1	4	1	1	1	1	2	3	1	2	1	1
2160	5	8	5	7	2	6	1	5	3	4	3	3	3	2	1	1	3	3	1	3	1	1	1	1	2	5	1	2	1	1
2170	1	8	1	7	1	6	3	5	1	4	2	3	2	2	2	1	1	2	3	1	9	3	1	9	1	1	1	1	1	1
2180	3	8	3	7	4	6	2	5	2	4	2	3	2	2	2	1	2	2	2	2	2	2	1	2	4	3	1	4	1	1
2190	5	8	5	7	3	6	1	5	2	4	4	3	14	2	1	1	2	14	1	2	1	1	1	1	3	5	1	3	1	1
2200	11	8	2	7	3	6	1	5	2	4	15	3	1	2	1	1	1	15	1	9	1	1	1	1	3	11	1	3	1	1
2210	5	8	5	7	4	6	1	5	3	4	1	3	1	2	1	1	3	1	1	3	1	1	1	1	4	5	1	4	1	1
2220	3	8	4	7	2	6	3	5	4	4	4	3	3	2	1	1	1	14	1	12	1	10	1	1	2	14	1	2	1	1
2230	1	8	1	7	1	6	1	5	1	4	3	3	3	2	1	1	1	3	1	1	1	1	1	1	1	1	1	1	1	1
2240	5	8	3	7	2	6	2	5	1	4	2	3	2	2	2	1	1	2	1	1	2	9	1	2	3	17	1	11	1	1
2250	1	8	1	7	3	6	2	5	2	4	1	3	3	2	2	1	2	10	2	2	1	2	1	9	3	1	1	3	1	1
2260	3	8	3	7	3	6	1	5	5	4	17	3	5	2	2	1	5	17	10	5	2	10	1	2	11	3	1	11	1	1
2270	5	8	5	7	3	6	2	5	5	4	15	3	1	2	2	1	5	15	2	5	2	2	1	2	3	5	1	3	1	1
2280	2	8	2	7	2	6	10	5	2	4	3	3	3	2	1	1	2	3	3	2	1	10	1	1	2	2	1	2	1	1
2290	5	8	1	7	2	6	2	5	3	4	16	3	2	2	2	1	3	16	2	3	2	2	1	2	3	15	1	11	1	1
2300	2	8	16	7	2	6	3	5	2	4	3	3	3	2	2	1	11	3	3	11	2	3	1	2	4	16	1	13	1	1
2310	3	8	3	7	3	6	3	5	5	4	3	3	3	2	1	1	5	3	3	5	1	3	1	1	3	3	1	3	1	1
2320	2	8	2	7	1	6	3	5	5	4	5	3	5	2	1	1	5	5	3	5	1	3	1	1	1	2	1	1	1	1
2330	5	8	15	7	11	6	3	5	2	4	3	3	11	2	2	1	2	11	3	2	2	3	1	2	3	15	1	11	1	1
2340	2	8	2	7	3	6	2	5	4	4	5	3	1	2	9	1	4	15	2	4	2	2	1	9	3	2	1	3	1	1
2350	1	8	1	7	1	6	3	5	2	4	2	3	11	2	2	1	5	11	3	16	2	3	1	2	1	1	1	1	1	1
2360	5	8	5	7	2	6	1	5	12	4	2	3	16	2	1	1	1	16	1	12	9	1	1	9	2	5	1	2	1	1
2370	3	8	3	7	1	6	3	5	1	4	2	3	2	2	2	1	4	2	3	12	2	3	1	2	1	3	1	1	1	1
2380	2	8	2	7	2	6	9	5	5	4	5	3	5	2	2	1	5	5	2	5	2	9	1	2	2	2	1	2	1	1
2390	2	8	2	7	3	6	2	5	2	4	3	3	2	2	2	1	5	11	2	16	2	2	1	2	2	2	1	11	1	1
2400	1	8	1	7	3	6	1	5	1	4	11	3	2	2	2	1	3	11	1	10	2	1	1	2	1	1	1	10	1	1
2410	1	8	3	7	2	6	1	5	16	4	2	3	11	2	1	1	2	11	1	16	1	1	1	1	2	10	1	2	1	1
2420	3	8	3	7	3	6	2	5	3	4	4	3	12	2	2	1	3	12	2	3	2	2	1	2	3	3	1	3	1	1
2430	3	8	3	7	3	6	1	5	1	4	3	3	3	2	1	1	2	3	1	9	1	1	1	1	3	3	1	3	1	1
2440	1	8	1	7	14	6	2	5	3	4	2	3	2	2	2	1	3	2	2	3	2	2	1	2	4	1	1	14	1	1
2450	18	8	5	7	1	6	2	5	2	4	3	3	2	2	2	1	2	11	2	2	2	2	1	2	1	18	1	1	1	1
2460	5	8	5	7	4	6	2	5	2	4	2	3	2	2	2	1	2	2	2	2	2	2	1	2	4	5	1	4	1	1
2470	5	8	1	7	1	6	2	5	1	4	2	3	2	2	1	1	1	2	2	1	1	2	1	1	1	15	1	1	1	1
2480	3	8	3	7	1	6	1	5	3	4	3	3	3	2	2	1	1	3	1	10	2	1	1	2	3	3	1	10	1	1
2490	3	8	3	7	3	6	3	5	1	4	1	3	1	2	1	1	3	1	1	10	1	10	1	1	3	3	1	3	1	1
2500	2	8	2	7	1	6	3	5	3	4	3	3	5	2	1	1	3	17	3	3	1	3	1	1	1	2	1	1	1	1
2510	4	8	4	7	4	6	3	5	4	4	2	3	2	2	1	1	4	2	3	4	1	3	1	1	4	4	1	4	1	1
2520	1	8	5	7	3	6	1	5	2	4	2	3	9	2	2	1	3	9	1	11	2	1	1	2	3	15	1	3	1	1
2530	4	8	4	7	3	6	3	5	3	4	5	3	5	2	2	1	3	5	3	3	2	3	1	2	14	4	1	14	1	1
2540	1	8	15	7	2	6	3	5	9	4	11	3	2	2	2	1	2	11	11	9	2	11	1	2	2	15	1	2	1	1
2550	1	8	1	7	1	6	3	5	3	4	1	3	15	2	2	1	3	15	3	3	2	3	1	2	3	1	1	10	1	1
2560	5	8	5	7	1	6	3	5	4	4	1	3	3	2	1	1	4	10	10	4	2	10	1	9	1	5	1	1	1	1
2570	3	8	4	7	11	6	2	5	2	4	7	3	4	2	2	1	2	27	2	2	2	2	1	2	2	14	1	11	1	1
2580	1	8	1	7	4	6	2	5	2	4	1	3	4	2	1	1	4	12	2	13	1	2	1	1	4	1	1	4	1	1
2590	4	8	4	7	3	6	1	5	5	4	16	3	2	2	1	1	5	16	1	5	1	1	1	1	3	4	1	3	1	1
2600	3	8	3	7	3	6	3	5	1	4	4	3	18	2	9	1	1	18	3	1	1	3	1	9	3	3	1	3	1	1
2610	5	8	5	7	1	6	3	5	2	4	3	3	3	2	2	1	2	3	3	2	2	3	1	2	3	5	1	10	1	1
2620	5	8	5	7	1	6	1	5	2	4	3	3	3	2	2	1	2	3	1	2	2	1	1	2	1	5	1	1	1	1
2630	17	8	5	7	2	6	3	5	5	4	3	3	3	2	1	1	5	3	3	5	1	3	1	1	2	17	1	2	1	1
2640	2	8	2	7	1	6	3	5	1	4	3	3	3	2	2	1	12	3	3	12	2	3	1	2	1	2	1	1	1	1
2650	1	8	1	7	2	6	3	5	2	4	3	3	2	2	2	1	2	11	3	2	2	3	1	2	2	1	1	2	1	1
2660	5	8	5	7	3	6	2	5	2	4	2	3	2	2	1	1	2	2	2	2	1	2	1	1	3	5	1	3	1	1
2670	4	8	18	7	2	6	1	5	2	4	1	3	1	2	1	1	2	1	1	2	9	1	1	9	2	18	1	2	1	1
2680	2	8	2	7	2	6	1	5	4	4	5	3	5	2	2	1	4	5	1	4	2	1	1	2	4	2	1	13	1	1
2690	3	8	3	7	4	6	3	5	5	4	3	3	3	2	2	1	5	3	3	5	2	3	1	2	4	3	1	4	1	1
2700	1	8	1	7	3	6	3	5	1	4	3	3	1	2	1	1	5	10	3	15	1	3	1	1	3	1	1	3	1	1
2710	1	8	1	7	2	6	1	5	3	4	3	3	3	2	1	1	10	3	1	10	1	1	1	1	2	1	1	2	1	1
2720	5	8	5	7	1	6	3	5	3	4	3	3	3	2	2	1	3	3	3	3	2	3	1	2	1	5	1	1	1	1
2730	1	8	5	7	4	6	3	5	2	4	2	3	5	2	1	1	2	16	3	2	1	3	1	1	4	15	1	4	1	1
2740	12	8	4	7	3	6	3	5	13	4	2	3	16	2	1	1	4	16	3	13	2	3	1	9	3	12	1	3	1	1
2750	2	8	2	7	3	6	1	5	3	4	3	3	3	2	1	1	3	3	1	3	1	1	1	1	3	2	1	3	1	1
2760	1	8	1	7	1	6	3	5	4	4	3	3	3	2	2	1	4	3	3	4	2	3	1	2	1	1	1	1	1	1
2770	3	8	3	7	1	6	3	5	5	4	3	3	3	2	1	1	5	3	3	5	1	3	1	1	1	3	1	1	1	1
2780	15	8	1	7	1	6	1	5	1	4	3	3	3	2	2	1	1	3	1	1	2	1	1	2	10	15	1	10	1	1
2790	1	8	1	7	1	6	1	5	5	4	3	3	11	2	9	1	5	11	1	5	2	1	1	9	1	1	1	1	1	1
2800	4	8	4	7	4	6	3	5	2	4	3	3	2	2	1	1	2	11	3	2	1	3	1	1	4	4	1	4	1	1
2810	1	8	1	7	2	6	11	5	10	4	3	3	3	2	2	1	3	3	3	10	1	11	1	9	2	1	1	2	1	1
2820	2	8	2	7	3	6	1	5	2	4	2	3	5	2	1	1	3	16	3	11	1	10	1	1	3	2	1	3	1	1
2830	4	8	4	7	4	6	1	5	15	4	1	3	1	2	1	1	1	1	1	15	1	1	1	1	4	4	1	4	1	1
2840	15	8	5	7	1	6	1	5	4	4	3	3	3	2	1	1	4	3	1	4	1	1	1	1	1	15	1	1	1	1
2850	5	8	5	7	4	6	2	5	4	4	17	3	3	2	1	1	4	17	2	4	1	2	1	1	4	5	1	4	1	1
2860	2	8	2	7	2	6	2	5	2	4	2	3	2	2	1	1	2	2	2	2	1	2	1	1	9	2	1	9	1	1
2870	4	8	4	7	3	6	3	5	3	4	2	3	2	2	1	1	3	2	3	3	1	3	1	1	3	4	1	3	1	1
2880	1	8	1	7	10	6	1	5	2	4	5	3	4	2	2	1	2	18	1	2	2	1	1	2	3	1	1	10	1	1
2890	2	8	16	7	11	6	3	5	17	4	3	3	3	2	2	1	5	3	3	17	2	3	1	2	3	16	1	11	1	1
2900	5	8	5	7	4	6	2	5	1	4	2	3	2	2	2	1	15	2	2	15	2	2	1	2	4	5	1	4	1	1
2910	1	8	1	7	9	6	1	5	5	4	3	3	3	2	1	1	5	3	1	5	1	1	1	1	1	1	1	9	1	1
2920	2	8	2	7	1	6	3	5	1	4	2	3	2	2	2	1	1	2	10	1	1	10	1	9	1	2	1	1	1	1
2930	2	8	2	7	11	6	3	5	1	4	3	3	11	2	1	1	1	11	3	1	1	3	1	1	2	2	1	11	1	1
2940	1	8	1	7	2	6	3	5	17	4	1	3	1	2	1	1	3	1	3	17	1	3	1	1	9	1	1	9	1	1
2950	3	8	3	7	3	6	3	5	1	4	2	3	2	2	2	1	1	2	3	1	2	3	1	2	3	3	1	3	1	1
2960	2	8	2	7	2	6	3	5	4	4	3	3	2	2	1	1	3	11	3	14	1	3	1	1	2	2	1	2	1	1
2970	1	8	1	7	3	6	2	5	3	4	4	3	4	2	9	1	3	4	2	3	2	2	1	9	3	1	1	3	1	1
2980	3	8	3	7	1	6	1	5	3	4	2	3	2	2	2	1	3	2	1	3	2	1	1	2	1	3	1	1	1	1
2990	3	8	3	7	4	6	3	5	15	4	1	3	1	2	1	1	5	1	3	15	1	3	1	1	4	3	1	4	1	1
3000	1	8	1	7	1	6	1	5	2	4	3	3	3	2	2	1	4	3	1	13	2	1	1	2	1	1	1	1	1	1
3010	3	8	10	7	2	6	2	5	16	4	4	3	4	2	2	1	5	4	2	16	2	2	1	2	2	10	1	2	1	1
3020	1	8	1	7	1	6	2	5	2	4	3	3	2	2	2	1	2	11	2	2	2	2	1	2	1	1	1	1	1	1
3030	2	8	2	7	4	6	2	5	2	4	2	3	1	2	1	1	4	9	2	13	1	2	1	1	4	2	1	4	1	1
3040	4	8	4	7	2	6	3	5	3	4	2	3	2	2	1	1	3	2	3	3	1	3	1	1	2	4	1	2	1	1
3050	3	8	4	7	1	6	2	5	3	4	2	3	2	2	2	1	3	2	2	3	2	2	1	2	4	14	1	12	1	1
3060	4	8	3	7	3	6	3	5	5	4	3	3	3	2	1	1	5	3	3	5	1	3	1	1	3	14	1	3	1	1
3070	1	8	1	7	3	6	2	5	2	4	3	3	3	2	2	1	2	3	2	2	2	2	1	2	3	1	1	3	1	1
3080	5	8	5	7	1	6	1	5	3	4	5	3	1	2	2	1	1	15	1	10	2	1	1	2	1	5	1	1	1	1
3090	5	8	17	7	4	6	3	5	4	4	1	3	9	2	9	1	4	9	3	4	2	3	1	9	4	17	1	4	1	1
3100	15	8	1	7	3	6	2	5	2	4	3	3	10	2	2	1	2	10	2	2	2	2	1	2	3	15	1	3	1	1
3110	2	8	5	7	3	6	3	5	3	4	7	3	7	2	1	1	3	7	2	3	1	11	1	1	11	16	1	11	1	1
3120	1	8	1	7	1	6	1	5	1	4	1	3	5	2	2	1	1	15	1	1	2	1	1	2	1	1	1	1	1	1
3130	3	8	14	7	2	6	10	5	1	4	6	3	6	2	2	1	1	6	1	1	2	10	1	2	2	14	1	2	1	1
3140	2	8	2	7	4	6	1	5	5	4	3	3	3	2	1	1	1	3	1	15	1	1	1	1	4	2	1	4	1	1
3150	1	8	1	7	4	6	1	5	3	4	7	3	6	2	1	1	2	29	1	11	1	1	1	1	4	1	1	4	1	1
3160	3	8	4	7	12	6	1	5	1	4	21	3	3	2	1	1	3	21	1	10	1	1	1	1	1	14	1	12	1	1
3170	5	8	5	7	1	6	1	5	5	4	2	3	2	2	1	1	5	2	1	5	1	1	1	1	1	5	1	1	1	1
3180	2	8	2	7	2	6	2	5	2	4	3	3	11	2	1	1	2	11	9	2	1	9	1	1	2	2	1	2	1	1
3190	10	8	3	7	3	6	1	5	2	4	2	3	2	2	1	1	2	2	1	2	1	1	1	1	3	10	1	3	1	1
3200	5	8	5	7	1	6	1	5	1	4	9	3	2	2	1	1	1	9	1	1	1	1	1	1	3	5	1	10	1	1
3210	3	8	3	7	3	6	3	5	2	4	24	3	1	2	1	1	2	24	3	2	1	3	1	1	3	3	1	3	1	1
3220	4	8	4	7	1	6	1	5	4	4	4	3	4	2	2	1	4	4	1	4	2	1	1	2	1	4	1	1	1	1
3230	2	8	2	7	2	6	2	5	5	4	3	3	3	2	2	1	5	3	2	5	9	2	1	9	2	2	1	2	1	1
3240	3	8	3	7	1	6	1	5	3	4	1	3	1	2	1	1	3	1	1	3	1	1	1	1	1	3	1	1	1	1
3250	4	8	4	7	3	6	3	5	3	4	3	3	3	2	1	1	3	3	3	3	1	3	1	1	3	4	1	3	1	1
3260	5	8	5	7	1	6	1	5	2	4	5	3	16	2	2	1	16	16	2	16	1	9	1	9	1	5	1	1	1	1
3270	5	8	5	7	3	6	1	5	5	4	5	3	5	2	1	1	5	5	1	5	2	1	1	9	3	5	1	3	1	1
3280	4	8	4	7	2	6	3	5	5	4	27	3	4	2	1	1	5	27	3	5	1	3	1	1	4	4	1	13	1	1
3290	3	8	3	7	4	6	1	5	4	4	3	3	3	2	1	1	4	3	1	4	1	1	1	1	4	3	1	4	1	1
3300	16	8	5	7	1	6	3	5	3	4	3	3	11	2	9	1	3	11	3	3	1	3	1	9	10	16	1	10	1	1
3310	5	8	5	7	3	6	3	5	1	4	3	3	3	2	1	1	1	3	3	1	1	3	1	1	2	5	1	11	1	1
3320	1	8	12	7	2	6	3	5	4	4	3	3	10	2	2	1	4	10	3	4	2	3	1	2	2	12	1	2	1	1
3330	1	8	1	7	3	6	2	5	4	4	1	3	5	2	1	1	4	15	3	4	1	11	1	1	3	1	1	3	1	1
3340	2	8	9	7	1	6	1	5	5	4	3	3	3	2	1	1	5	3	1	5	1	1	1	1	1	9	1	1	1	1
3350	2	8	2	7	3	6	11	5	1	4	5	3	5	2	2	1	1	5	3	1	2	11	1	2	3	2	1	3	1	1
3360	2	8	2	7	1	6	3	5	3	4	3	3	3	2	1	1	3	3	3	3	1	3	1	1	1	2	1	1	1	1
3370	4	8	4	7	1	6	1	5	3	4	1	3	1	2	1	1	11	1	1	11	1	1	1	1	1	4	1	1	1	1
3380	5	8	17	7	1	6	9	5	3	4	5	3	2	2	1	1	3	16	1	3	1	9	1	1	1	17	1	1	1	1
3390	1	8	1	7	3	6	3	5	3	4	2	3	2	2	1	1	3	2	3	3	1	3	1	1	3	1	1	3	1	1
3400	4	8	4	7	4	6	3	5	4	4	2	3	2	2	2	1	4	2	3	4	2	3	1	2	4	4	1	4	1	1
3410	4	8	4	7	4	6	3	5	5	4	1	3	1	2	1	1	5	1	3	5	9	3	1	9	4	4	1	4	1	1
3420	5	8	5	7	3	6	1	5	5	4	3	3	3	2	2	1	5	3	1	5	2	1	1	2	3	5	1	3	1	1
3430	13	8	2	7	9	6	1	5	2	4	2	3	2	2	1	1	2	2	1	2	1	1	1	1	2	13	1	9	1	1
3440	4	8	4	7	4	6	1	5	5	4	6	3	21	2	1	1	15	21	10	15	1	10	1	1	4	4	1	4	1	1
3450	1	8	1	7	3	6	3	5	3	4	3	3	3	2	2	1	3	3	1	3	2	10	1	2	3	1	1	3	1	1
3460	2	8	2	7	2	6	3	5	5	4	1	3	3	2	2	1	1	10	3	15	2	3	1	2	11	2	1	11	1	1
3470	10	8	3	7	2	6	9	5	2	4	3	3	11	2	1	1	2	11	2	2	1	9	1	1	1	10	1	9	1	1
3480	3	8	5	7	1	6	3	5	5	4	1	3	1	2	1	1	5	1	3	5	1	3	1	1	3	17	1	10	1	1
3490	1	8	1	7	3	6	2	5	5	4	3	3	3	2	1	1	5	3	2	5	1	2	1	1	3	1	1	3	1	1
3500	2	8	2	7	2	6	1	5	4	4	5	3	2	2	1	1	4	16	1	4	1	1	1	1	2	2	1	2	1	1
3510	3	8	3	7	4	6	1	5	4	4	4	3	3	2	2	1	4	14	3	4	2	10	1	2	4	3	1	4	1	1
3520	5	8	5	7	4	6	2	5	4	4	3	3	3	2	2	1	4	3	2	4	2	2	1	2	4	5	1	4	1	1
3530	2	8	2	7	2	6	2	5	2	4	5	3	16	2	1	1	11	16	2	11	1	2	1	1	2	2	1	2	1	1
3540	2	8	9	7	1	6	2	5	3	4	7	3	7	2	1	1	11	7	2	11	1	2	1	1	1	9	1	1	1	1
3550	2	8	2	7	2	6	3	5	2	4	2	3	2	2	1	1	2	2	3	2	1	3	1	1	2	2	1	2	1	1
3560	3	8	1	7	3	6	3	5	1	4	1	3	1	2	1	1	15	1	3	15	1	3	1	1	3	10	1	3	1	1
3570	3	8	3	7	3	6	3	5	2	4	2	3	2	2	1	1	9	2	3	9	1	3	1	1	3	3	1	3	1	1
3580	10	8	1	7	1	6	3	5	4	4	2	3	2	2	9	1	4	2	3	4	1	3	1	9	10	10	1	10	1	1
3590	3	8	3	7	3	6	1	5	4	4	2	3	2	2	1	1	3	2	1	14	1	1	1	1	3	3	1	3	1	1
3600	9	8	1	7	1	6	1	5	14	4	3	3	3	2	1	1	3	3	1	14	1	1	1	1	1	9	1	1	1	1
3610	15	8	5	7	2	6	1	5	4	4	10	3	1	2	2	1	4	10	1	4	2	1	1	2	2	15	1	2	1	1
3620	3	8	3	7	3	6	2	5	3	4	1	3	15	2	1	1	3	15	2	3	1	2	1	1	3	3	1	3	1	1
3630	1	8	5	7	1	6	2	5	4	4	2	3	2	2	2	1	4	2	2	4	2	2	1	2	4	15	1	12	1	1
3640	3	8	3	7	2	6	2	5	3	4	2	3	2	2	9	1	3	2	2	3	2	2	1	9	2	3	1	2	1	1
3650	5	8	1	7	1	6	1	5	4	4	3	3	2	2	1	1	2	11	1	13	1	1	1	1	1	15	1	1	1	1
3660	5	8	5	7	2	6	3	5	2	4	12	3	4	2	1	1	2	12	3	2	1	3	1	1	4	5	1	13	1	1
3670	3	8	10	7	4	6	2	5	5	4	5	3	17	2	1	1	5	17	2	5	9	2	1	9	3	10	1	14	1	1
3680	5	8	5	7	9	6	3	5	1	4	2	3	2	2	1	1	1	2	3	1	1	3	1	1	2	5	1	9	1	1
3690	1	8	3	7	2	6	1	5	5	4	2	3	2	2	2	1	3	2	1	17	2	1	1	2	2	10	1	2	1	1
3700	14	8	4	7	2	6	1	5	4	4	2	3	2	2	2	1	4	2	1	4	2	1	1	2	2	14	1	2	1	1
3710	1	8	1	7	10	6	2	5	5	4	17	3	3	2	2	1	5	17	2	5	2	2	1	2	3	1	1	10	1	1
3720	3	8	3	7	4	6	2	5	2	4	3	3	5	2	2	1	2	17	2	2	2	2	1	2	4	3	1	4	1	1
3730	2	8	13	7	3	6	1	5	11	4	3	3	3	2	1	1	3	3	1	11	1	1	1	1	11	13	1	11	1	1
3740	3	8	3	7	2	6	2	5	3	4	3	3	3	2	2	1	3	3	2	3	2	2	1	2	3	3	1	11	1	1
3750	3	8	3	7	10	6	3	5	1	4	14	3	3	2	2	1	10	14	3	10	2	3	1	2	3	3	1	10	1	1
3760	3	8	3	7	3	6	11	5	5	4	3	3	4	2	9	1	3	14	2	17	1	11	1	9	3	3	1	3	1	1
3770	3	8	3	7	4	6	2	5	5	4	17	3	5	2	2	1	5	17	2	5	2	2	1	2	4	3	1	4	1	1
3780	2	8	4	7	1	6	3	5	1	4	5	3	5	2	1	1	1	5	3	1	1	3	1	1	1	13	1	1	1	1
3790	17	8	3	7	1	6	1	5	4	4	2	3	2	2	2	1	4	2	1	4	2	1	1	2	1	17	1	1	1	1
3800	1	8	1	7	1	6	2	5	5	4	3	3	3	2	1	1	5	3	2	5	1	2	1	1	1	1	1	1	1	1
3810	1	8	4	7	1	6	1	5	1	4	1	3	1	2	1	1	1	1	1	1	1	1	1	1	1	12	1	1	1	1
3820	3	8	3	7	1	6	1	5	1	4	5	3	16	2	1	1	1	16	1	1	1	1	1	1	1	3	1	1	1	1
3830	4	8	4	7	4	6	3	5	10	4	3	3	2	2	2	1	1	11	3	10	2	3	1	2	4	4	1	4	1	1
3840	1	8	1	7	2	6	3	5	1	4	3	3	3	2	1	1	1	3	3	1	1	3	1	1	2	1	1	2	1	1
3850	3	8	3	7	3	6	11	5	10	4	1	3	1	2	2	1	3	1	3	10	2	11	1	2	3	3	1	3	1	1
3860	4	8	4	7	9	6	3	5	5	4	3	3	3	2	2	1	5	3	3	5	2	3	1	2	1	4	1	9	1	1
3870	2	8	2	7	3	6	1	5	4	4	2	3	2	2	2	1	4	2	10	4	2	10	1	2	3	2	1	3	1	1
3880	2	8	2	7	2	6	2	5	2	4	3	3	3	2	1	1	2	3	2	2	1	2	1	1	2	2	1	2	1	1
3890	5	8	5	7	3	6	3	5	2	4	2	3	2	2	2	1	2	2	3	2	2	3	1	2	3	5	1	3	1	1
3900	15	8	5	7	4	6	3	5	5	4	11	3	3	2	2	1	5	11	3	5	2	3	1	2	4	15	1	4	1	1
3910	3	8	3	7	4	6	3	5	5	4	5	3	5	2	1	1	5	5	3	5	1	3	1	1	4	3	1	4	1	1
3920	10	8	3	7	3	6	2	5	1	4	3	3	3	2	1	1	1	3	2	1	1	2	1	1	10	10	1	10	1	1
3930	1	8	1	7	1	6	2	5	2	4	3	3	3	2	1	1	2	3	2	2	1	2	1	1	1	1	1	1	1	1
3940	15	8	5	7	1	6	1	5	1	4	5	3	5	2	2	1	15	5	2	15	2	9	1	2	2	15	1	9	1	1
3950	1	8	5	7	3	6	2	5	5	4	5	3	1	2	2	1	5	15	2	5	2	2	1	2	3	15	1	3	1	1
3960	5	8	17	7	3	6	1	5	1	4	1	3	1	2	2	1	1	1	1	1	2	1	1	2	3	17	1	3	1	1
3970	3	8	3	7	3	6	1	5	1	4	3	3	2	2	2	1	1	11	1	1	2	1	1	2	3	3	1	3	1	1
3980	3	8	3	7	1	6	3	5	2	4	2	3	2	2	2	1	2	2	3	2	2	3	1	2	1	3	1	1	1	1
3990	5	8	5	7	1	6	1	5	3	4	3	3	3	2	1	1	3	3	1	3	1	1	1	1	1	5	1	1	1	1
4000	1	8	1	7	2	6	2	5	2	4	3	3	3	2	2	1	2	3	3	2	2	11	1	2	1	1	1	9	1	1
4010	4	8	4	7	1	6	3	5	1	4	3	3	3	2	2	1	1	3	3	1	2	3	1	2	1	4	1	1	1	1
4020	2	8	2	7	1	6	1	5	3	4	3	3	3	2	2	1	3	3	1	3	2	1	1	2	1	2	1	1	1	1
4030	4	8	4	7	11	6	1	5	2	4	11	3	3	2	1	1	2	11	10	2	1	10	1	1	2	4	1	11	1	1
4040	3	8	1	7	1	6	1	5	2	4	1	3	2	2	1	1	9	9	3	9	1	10	1	1	1	10	1	1	1	1
4050	1	8	1	7	2	6	2	5	3	4	5	3	1	2	2	1	3	15	2	3	2	2	1	2	2	1	1	2	1	1
4060	1	8	1	7	1	6	3	5	3	4	5	3	5	2	1	1	11	5	3	11	1	3	1	1	1	1	1	1	1	1
4070	4	8	4	7	4	6	3	5	3	4	3	3	3	2	2	1	3	3	3	3	2	3	1	2	4	4	1	4	1	1
4080	3	8	3	7	2	6	3	5	2	4	3	3	2	2	1	1	2	11	2	2	1	11	1	1	2	3	1	2	1	1
4090	2	8	9	7	3	6	3	5	4	4	2	3	2	2	2	1	4	2	3	4	2	3	1	2	11	9	1	11	1	1
4100	5	8	5	7	3	6	3	5	1	4	3	3	3	2	1	1	1	3	3	1	1	3	1	1	3	5	1	3	1	1
4110	1	8	3	7	3	6	1	5	4	4	2	3	9	2	1	1	4	9	2	4	1	9	1	1	3	10	1	3	1	1
4120	1	8	1	7	1	6	3	5	5	4	5	3	5	2	1	1	17	5	3	17	1	3	1	1	1	1	1	1	1	1
4130	2	8	2	7	2	6	1	5	12	4	3	3	3	2	2	1	4	3	1	12	2	1	1	2	2	2	1	2	1	1
4140	5	8	5	7	3	6	2	5	10	4	3	3	3	2	1	1	1	3	2	10	1	2	1	1	3	5	1	3	1	1
4150	2	8	5	7	3	6	1	5	3	4	6	3	6	2	2	1	3	6	1	3	2	1	1	2	3	16	1	3	1	1
4160	1	8	1	7	1	6	1	5	1	4	3	3	3	2	2	1	1	3	1	1	1	1	1	9	1	1	1	1	1	1
4170	1	8	1	7	1	6	2	5	3	4	2	3	2	2	1	1	3	2	2	3	1	2	1	1	1	1	1	1	1	1
4180	1	8	1	7	4	6	3	5	17	4	3	3	3	2	9	1	5	3	3	17	2	3	1	9	13	1	1	13	1	1
4190	1	8	15	7	1	6	1	5	5	4	2	3	2	2	2	1	5	2	1	5	2	1	1	2	1	15	1	1	1	1
4200	3	8	3	7	10	6	3	5	5	4	3	3	2	2	9	1	1	11	3	15	2	3	1	9	1	3	1	10	1	1
4210	2	8	2	7	3	6	3	5	2	4	3	3	2	2	1	1	2	11	3	2	1	3	1	1	11	2	1	11	1	1
4220	1	8	1	7	1	6	10	5	5	4	2	3	2	2	1	1	5	2	3	5	9	10	1	9	1	1	1	1	1	1
4230	4	8	4	7	3	6	3	5	3	4	3	3	3	2	1	1	3	3	3	3	1	3	1	1	4	4	1	14	1	1
4240	2	8	5	7	2	6	1	5	5	4	17	3	5	2	2	1	5	17	1	5	2	1	1	2	2	16	1	2	1	1
4250	4	8	4	7	3	6	2	5	2	4	3	3	3	2	1	1	2	3	2	2	1	2	1	1	3	4	1	3	1	1
4260	2	8	2	7	1	6	3	5	1	4	7	3	6	2	2	1	1	29	3	1	2	3	1	2	1	2	1	1	1	1
4270	18	8	5	7	4	6	3	5	11	4	3	3	2	2	2	1	2	11	3	11	2	3	1	2	4	18	1	4	1	1
4280	2	8	2	7	1	6	2	5	5	4	5	3	5	2	1	1	1	5	2	15	1	2	1	1	3	2	1	10	1	1
4290	11	8	3	7	4	6	2	5	4	4	7	3	7	2	1	1	4	7	2	4	1	2	1	1	4	11	1	4	1	1
4300	2	8	2	7	2	6	2	5	17	4	2	3	2	2	2	1	5	2	2	17	2	2	1	2	2	2	1	2	1	1
4310	3	8	2	7	1	6	2	5	1	4	3	3	3	2	2	1	1	3	2	1	2	2	1	2	2	11	1	9	1	1
4320	4	8	4	7	1	6	2	5	5	4	3	3	1	2	1	1	5	10	2	5	1	2	1	1	1	4	1	1	1	1
4330	3	8	3	7	1	6	1	5	2	4	2	3	2	2	2	1	2	2	9	2	1	9	1	9	10	3	1	10	1	1
4340	1	8	15	7	3	6	3	5	4	4	2	3	5	2	2	1	4	16	3	4	2	3	1	2	3	15	1	3	1	1
4350	3	8	3	7	3	6	10	5	2	4	5	3	5	2	2	1	2	5	1	2	2	10	1	2	3	3	1	3	1	1
4360	3	8	3	7	3	6	1	5	4	4	3	3	3	2	2	1	4	3	1	4	2	1	1	2	3	3	1	3	1	1
4370	2	8	2	7	2	6	1	5	5	4	11	3	2	2	1	1	15	11	1	15	1	1	1	1	2	2	1	2	1	1
4380	4	8	4	7	4	6	3	5	2	4	3	3	3	2	1	1	2	3	3	2	2	3	1	9	1	4	1	12	1	1
4390	2	8	16	7	3	6	3	5	1	4	5	3	5	2	2	1	1	5	3	1	2	3	1	2	3	16	1	3	1	1
4400	3	8	3	7	2	6	2	5	2	4	3	3	3	2	1	1	1	3	2	9	1	2	1	1	2	3	1	2	1	1
4410	4	8	4	7	4	6	1	5	2	4	5	3	16	2	2	1	2	16	1	2	2	1	1	2	4	4	1	4	1	1
4420	5	8	3	7	4	6	3	5	3	4	5	3	5	2	1	1	3	5	3	3	1	3	1	1	1	17	1	12	1	1
4430	2	8	2	7	2	6	3	5	3	4	3	3	2	2	1	1	3	11	3	3	1	3	1	1	2	2	1	2	1	1
4440	2	8	2	7	2	6	3	5	2	4	2	3	9	2	2	1	2	9	3	2	2	3	1	2	2	2	1	2	1	1
4450	4	8	4	7	1	6	2	5	3	4	7	3	7	2	9	1	3	7	2	3	1	2	1	9	1	4	1	1	1	1
4460	5	8	5	7	3	6	1	5	5	4	3	3	3	2	2	1	5	3	1	5	1	1	1	9	3	5	1	3	1	1
4470	4	8	4	7	1	6	3	5	2	4	3	3	3	2	1	1	2	3	1	2	1	10	1	1	4	4	1	12	1	1
4480	3	8	5	7	2	6	1	5	1	4	5	3	5	2	1	1	1	5	1	1	1	1	1	1	2	17	1	2	1	1
4490	4	8	4	7	4	6	1	5	3	4	5	3	5	2	2	1	3	5	1	3	2	1	1	2	4	4	1	4	1	1
4500	5	8	5	7	4	6	1	5	2	4	3	3	3	2	1	1	2	3	1	2	1	1	1	1	4	5	1	4	1	1
4510	2	8	2	7	2	6	1	5	1	4	3	3	5	2	1	1	1	17	2	1	1	9	1	1	1	2	1	9	1	1
4520	5	8	16	7	1	6	3	5	2	4	5	3	5	2	2	1	2	5	3	2	2	3	1	2	10	16	1	10	1	1
4530	3	8	3	7	2	6	2	5	2	4	3	3	3	2	1	1	2	3	2	2	1	2	1	1	2	3	1	2	1	1
4540	4	8	4	7	1	6	2	5	4	4	5	3	5	2	9	1	4	5	2	4	2	2	1	9	1	4	1	1	1	1
4550	2	8	2	7	1	6	2	5	2	4	1	3	1	2	9	1	2	1	2	2	1	2	1	9	10	2	1	10	1	1
4560	4	8	4	7	1	6	2	5	4	4	17	3	3	2	1	1	5	17	2	18	1	2	1	1	1	4	1	1	1	1
4570	5	8	5	7	4	6	3	5	2	4	2	3	2	2	2	1	2	2	2	2	2	11	1	2	4	5	1	4	1	1
4580	10	8	1	7	4	6	3	5	5	4	2	3	2	2	2	1	5	2	3	5	2	3	1	2	4	10	1	4	1	1
4590	5	8	5	7	1	6	2	5	5	4	5	3	5	2	1	1	5	5	2	5	1	2	1	1	1	5	1	1	1	1
4600	3	8	3	7	2	6	1	5	3	4	4	3	4	2	2	1	3	4	9	3	2	9	1	2	2	3	1	2	1	1
4610	1	8	1	7	1	6	2	5	2	4	5	3	5	2	1	1	1	5	2	9	1	2	1	1	3	1	1	10	1	1
4620	5	8	5	7	3	6	1	5	1	4	2	3	2	2	2	1	1	2	1	1	1	1	1	9	3	5	1	3	1	1
4630	1	8	1	7	1	6	3	5	1	4	2	3	2	2	1	1	3	2	3	10	1	3	1	1	1	1	1	1	1	1
4640	1	8	1	7	1	6	2	5	2	4	11	3	2	2	2	1	11	11	2	11	2	2	1	2	1	1	1	1	1	1
4650	2	8	16	7	1	6	1	5	5	4	1	3	5	2	1	1	1	15	1	15	1	1	1	1	1	16	1	1	1	1
4660	3	8	3	7	2	6	2	5	3	4	5	3	5	2	2	1	10	5	2	10	2	2	1	2	2	3	1	2	1	1
4670	3	8	3	7	2	6	1	5	12	4	1	3	1	2	1	1	4	1	1	12	1	1	1	1	3	3	1	11	1	1
4680	4	8	1	7	1	6	10	5	1	4	3	3	7	2	2	1	3	26	3	10	2	10	1	2	4	12	1	12	1	1
4690	2	8	5	7	2	6	3	5	2	4	3	3	2	2	1	1	2	11	2	2	2	11	1	9	2	16	1	2	1	1
4700	3	8	3	7	4	6	3	5	1	4	2	3	2	2	2	1	1	2	3	1	2	3	1	2	4	3	1	4	1	1
4710	3	8	4	7	13	6	1	5	3	4	2	3	3	2	9	1	3	11	1	3	2	1	1	9	2	14	1	13	1	1
4720	5	8	5	7	3	6	2	5	1	4	17	3	3	2	2	1	1	17	2	1	9	2	1	9	11	5	1	11	1	1
4730	1	8	15	7	1	6	1	5	5	4	3	3	3	2	1	1	5	3	10	5	9	10	1	9	1	15	1	1	1	1
4740	4	8	4	7	13	6	9	5	3	4	2	3	2	2	1	1	3	2	2	3	1	9	1	1	4	4	1	13	1	1
4750	1	8	1	7	2	6	2	5	1	4	2	3	2	2	2	1	1	2	2	1	2	2	1	2	2	1	1	2	1	1
4760	3	8	3	7	3	6	2	5	3	4	1	3	9	2	2	1	3	9	2	3	2	2	1	2	3	3	1	3	1	1
4770	5	8	5	7	3	6	3	5	4	4	11	3	2	2	1	1	13	11	3	13	2	3	1	9	3	5	1	3	1	1
4780	4	8	4	7	4	6	2	5	15	4	2	3	2	2	2	1	5	2	2	15	2	2	1	2	4	4	1	4	1	1
4790	3	8	3	7	3	6	2	5	5	4	1	3	1	2	2	1	5	1	2	5	2	2	1	2	3	3	1	3	1	1
4800	3	8	4	7	3	6	3	5	2	4	6	3	6	2	2	1	2	6	3	2	1	3	1	9	3	14	1	3	1	1
4810	5	8	15	7	1	6	3	5	2	4	1	3	1	2	9	1	2	1	3	2	2	3	1	9	1	15	1	1	1	1
4820	1	8	1	7	4	6	3	5	1	4	2	3	2	2	1	1	1	2	3	1	1	3	1	1	14	1	1	14	1	1
4830	5	8	2	7	3	6	3	5	5	4	3	3	1	2	1	1	5	10	3	5	1	3	1	1	3	16	1	3	1	1
4840	10	8	3	7	10	6	1	5	2	4	3	3	3	2	1	1	11	3	10	11	1	10	1	1	3	10	1	10	1	1
4850	12	8	1	7	2	6	3	5	3	4	3	3	3	2	2	1	3	3	11	3	2	11	1	2	11	12	1	11	1	1
4860	2	8	2	7	13	6	3	5	4	4	1	3	9	2	1	1	4	9	1	4	1	10	1	1	2	2	1	13	1	1
4870	10	8	1	7	1	6	1	5	1	4	3	3	11	2	1	1	15	11	1	15	9	1	1	9	1	10	1	1	1	1
4880	3	8	3	7	1	6	2	5	3	4	3	3	7	2	2	1	1	26	3	10	2	11	1	2	1	3	1	1	1	1
4890	2	8	2	7	3	6	3	5	5	4	3	3	3	2	2	1	5	3	3	5	9	3	1	9	10	2	1	10	1	1
4900	5	8	5	7	3	6	3	5	2	4	2	3	2	2	2	1	2	2	3	2	2	3	1	2	3	5	1	3	1	1
4910	15	8	1	7	1	6	3	5	5	4	2	3	2	2	1	1	5	2	3	5	1	3	1	1	1	15	1	1	1	1
4920	5	8	5	7	1	6	10	5	2	4	3	3	3	2	2	1	2	3	1	2	2	10	1	2	1	5	1	1	1	1
4930	3	8	14	7	4	6	2	5	2	4	2	3	2	2	2	1	2	2	2	2	2	2	1	2	14	14	1	14	1	1
4940	3	8	1	7	3	6	3	5	3	4	3	3	3	2	2	1	3	3	3	3	1	3	1	9	1	10	1	10	1	1
4950	17	8	5	7	2	6	1	5	5	4	2	3	2	2	1	1	15	2	1	15	1	1	1	1	2	17	1	2	1	1
4960	1	8	1	7	2	6	2	5	1	4	3	3	5	2	1	1	5	17	2	15	1	2	1	1	2	1	1	2	1	1
4970	1	8	1	7	1	6	1	5	2	4	2	3	2	2	1	1	2	2	1	2	1	1	1	1	1	1	1	1	1	1
4980	1	8	10	7	1	6	2	5	4	4	11	3	2	2	1	1	13	11	2	13	1	2	1	1	1	10	1	1	1	1
4990	3	8	3	7	3	6	2	5	3	4	3	3	3	2	1	1	10	3	2	10	1	2	1	1	3	3	1	3	1	1
5000	5	8	5	7	4	6	2	5	2	4	2	3	2	2	1	1	2	2	2	2	1	2	1	1	4	5	1	4	1	1
