Iteration	Posterior	Likelihood	Prior	clado_type_probs[1]	clado_type_probs[2]	distance_scale	epoch_times[1]	epoch_times[2]	epoch_times[3]	epoch_times[4]	epoch_times[5]	epoch_times[6]	epoch_times[7]	epoch_times[8]	extirpation_rate	log10_rate_bg	p_allopatry	p_sympatry	rate_bg
0	-51.6309	-77.8052	26.1744	0.654885	0.345115	0.01	0.958458	0.52871	0.472008	0.155902	0.143653	0.128024	0.0357046	0	0.4706512	-2	0.3451154	0.6548846	0.01
10	-3.08261	-20.0637	16.9811	0.833684	0.166316	0.01277535	0.964757	0.537371	0.466708	0.158614	0.146575	0.129005	0.0359418	0	9.66395	1.977644	0.1663157	0.8336843	94.98264
20	-0.1816	-21.2113	21.0297	0.770567	0.229433	0.3923671	0.948812	0.530474	0.467574	0.159361	0.145093	0.128681	0.0365292	0	5.615284	1.541921	0.2294326	0.7705674	34.8274
30	0.954018	-21.1838	22.1378	0.592885	0.407115	1.219758	0.935857	0.549515	0.469468	0.158816	0.146677	0.12878	0.0364567	0	4.507192	1.949797	0.4071151	0.5928849	89.08349
40	-3.87067	-18.622	14.7514	0.401945	0.598055	2.854789	0.918607	0.527234	0.474995	0.155465	0.14628	0.127064	0.0352361	0	11.89365	1.669132	0.5980546	0.4019454	46.68011
50	2.10625	-21.4562	23.5624	0.134723	0.865277	7.061258	0.936425	0.529698	0.469576	0.155459	0.144514	0.128023	0.0351916	0	3.082586	1.922847	0.8652765	0.1347235	83.72347
60	-1.24956	-19.2438	17.9942	0.595361	0.404639	4.838593	0.939627	0.530431	0.474331	0.157352	0.143386	0.129002	0.0348428	0	8.650798	1.903511	0.4046392	0.5953608	80.07761
70	1.41613	-21.4083	22.8245	0.415307	0.584693	2.30178	0.938276	0.530405	0.466655	0.152743	0.145025	0.128906	0.0350266	0	3.820557	1.264583	0.584693	0.415307	18.39005
80	1.70662	-20.0102	21.7169	0.50313	0.49687	3.480189	0.94385	0.532502	0.479198	0.153918	0.145149	0.124079	0.0349035	0	4.92817	1.899798	0.49687	0.50313	79.39582
90	1.27108	-23.3121	24.5832	0.962506	0.0374937	9.206346	0.93265	0.532033	0.473119	0.152317	0.143411	0.125299	0.0354152	0	2.061821	1.90043	0.03749367	0.9625063	79.51142
100	2.13451	-22.2707	24.4052	0.208212	0.791788	6.144136	0.925368	0.54555	0.479299	0.153435	0.144047	0.127138	0.0361516	0	2.239809	1.581009	0.7917878	0.2082122	38.10741
110	2.10695	-20.6683	22.7753	0.452543	0.547457	5.869802	0.948083	0.528543	0.462052	0.151888	0.139872	0.128276	0.0357141	0	3.869774	1.857011	0.5474574	0.4525426	71.94667
120	-0.136069	-20.0696	19.9335	0.621081	0.378919	6.071293	0.960571	0.531178	0.474153	0.157154	0.14341	0.124182	0.035202	0	6.711513	1.568658	0.3789195	0.6210805	37.03889
130	0.91357	-19.7864	20.6999	0.662183	0.337817	5.007104	0.962785	0.54883	0.481288	0.158401	0.141683	0.126356	0.0360441	0	5.945103	1.737263	0.3378166	0.6621834	54.60879
140	2.18753	-21.6605	23.848	0.626524	0.373476	4.537992	0.940842	0.551719	0.482569	0.157477	0.145344	0.123495	0.035652	0	2.797024	1.463621	0.3734759	0.6265241	29.08176
150	2.4641	-21.9158	24.3799	0.87293	0.12707	3.871834	0.920352	0.552549	0.479001	0.151913	0.143269	0.124667	0.0357335	0	2.265161	1.777899	0.1270702	0.8729298	59.9651
160	0.260659	-23.5578	23.8184	0.80746	0.19254	10.22205	0.921171	0.540762	0.465631	0.151886	0.142543	0.123734	0.0360318	0	2.82658	1.842013	0.1925402	0.8074598	69.50447
170	1.98377	-20.2146	22.1984	0.91278	0.0872203	4.819446	0.959806	0.548653	0.4694	0.152724	0.14256	0.12616	0.0364531	0	4.446663	1.843209	0.08722026	0.9127797	69.69623
180	1.9662	-21.9207	23.8869	0.0969311	0.903069	2.973635	0.946111	0.549886	0.481727	0.15276	0.139962	0.12611	0.0364925	0	2.758098	1.43146	0.9030689	0.09693115	27.00597
190	2.35811	-21.1342	23.4923	0.419187	0.580813	3.21934	0.917666	0.551343	0.461683	0.153703	0.141138	0.128938	0.0363677	0	3.152716	1.817876	0.5808128	0.4191872	65.747
200	0.127472	-19.3508	19.4782	0.790668	0.209332	4.100859	0.963872	0.545973	0.470851	0.153782	0.145458	0.126037	0.0354448	0	7.166778	1.968478	0.2093323	0.7906677	92.99887
210	1.37778	-21.5554	22.9332	0.912292	0.0877076	1.536417	0.953134	0.55005	0.465088	0.156542	0.146473	0.124242	0.0347397	0	3.711819	1.687554	0.08770755	0.9122924	48.70285
220	1.48155	-20.7374	22.2189	0.629973	0.370027	6.647208	0.951916	0.537787	0.475971	0.15905	0.143182	0.123607	0.0357646	0	4.426104	1.938311	0.3700267	0.6299733	86.75823
230	2.34698	-21.3739	23.7209	0.171554	0.828446	6.501149	0.959949	0.544747	0.471962	0.158306	0.143101	0.126036	0.0356769	0	2.924151	1.832612	0.8284456	0.1715544	68.01621
240	0.0943849	-20.6815	20.7759	0.584652	0.415348	7.154905	0.943749	0.543026	0.463467	0.15908	0.144209	0.124602	0.0348055	0	5.869135	1.656618	0.4153478	0.5846522	45.35424
250	2.29875	-22.7262	25.025	0.249018	0.750982	4.455375	0.965205	0.530098	0.460413	0.157528	0.143394	0.12269	0.0353116	0	1.620052	1.976026	0.7509821	0.2490179	94.62936
260	2.29426	-21.9859	24.2802	0.935819	0.0641809	3.132093	0.941803	0.538774	0.476273	0.157095	0.145784	0.123251	0.0350454	0	2.364835	1.957175	0.06418085	0.9358191	90.60981
270	2.52352	-20.8979	23.4214	0.544962	0.455038	3.868776	0.927724	0.531479	0.466788	0.15642	0.145396	0.129074	0.0363421	0	3.223622	1.933965	0.4550384	0.5449616	85.89442
280	1.14405	-21.7803	22.9243	0.107606	0.892394	6.794392	0.924154	0.528901	0.464086	0.159475	0.146563	0.126416	0.0364803	0	3.720679	1.41163	0.8923943	0.1076057	25.80062
290	0.831149	-22.4694	23.3005	0.943072	0.0569282	2.481538	0.937703	0.547472	0.473081	0.155077	0.143227	0.127951	0.0356325	0	3.344491	1.035932	0.05692825	0.9430718	10.86257
300	2.0854	-22.1493	24.2347	0.673041	0.326959	3.104024	0.94958	0.54281	0.468925	0.153276	0.140895	0.125815	0.0349576	0	2.410313	1.580655	0.3269588	0.6730412	38.07632
310	1.97919	-23.1877	25.1669	0.99882	0.00118033	7.419846	0.928026	0.530546	0.470063	0.153303	0.140415	0.127187	0.0360148	0	1.478171	1.928019	0.001180334	0.9988197	84.72654
320	-0.177711	-23.9681	23.7904	0.918254	0.0817462	7.0742	0.927647	0.529533	0.465582	0.1537	0.139629	0.128415	0.036331	0	2.854591	1.181721	0.08174619	0.9182538	15.19571
330	-1.49681	-20.6824	19.1856	0.81485	0.18515	5.866618	0.933433	0.539178	0.463666	0.154422	0.140841	0.126506	0.0355504	0	7.459386	1.219382	0.1851497	0.8148503	16.57226
340	1.17866	-22.6727	23.8513	0.315117	0.684883	7.104178	0.960407	0.550133	0.468628	0.155251	0.145052	0.124476	0.0354118	0	2.793701	1.420433	0.6848833	0.3151167	26.32894
350	-1.88444	-22.6037	20.7192	0.471636	0.528364	4.29726	0.952643	0.546078	0.467611	0.154185	0.143238	0.123642	0.0363014	0	5.925796	0.7731788	0.5283641	0.4716359	5.931694
360	0.911346	-23.0673	23.9786	0.820538	0.179462	1.093281	0.956087	0.526532	0.478954	0.152727	0.140248	0.122808	0.0357395	0	2.666422	1.75388	0.1794619	0.8205381	56.73873
370	-0.369397	-25.2928	24.9234	0.867742	0.132258	1.054984	0.962303	0.53893	0.471741	0.151772	0.146498	0.126632	0.0350583	0	1.721597	1.334549	0.1322576	0.8677424	21.60476
380	1.71186	-20.3313	22.0431	0.989741	0.0102589	4.176359	0.946291	0.539721	0.471005	0.154704	0.143739	0.127002	0.0351325	0	4.601891	1.49292	0.01025895	0.9897411	31.11142
390	0.248611	-21.7677	22.0163	0.31651	0.68349	8.37568	0.953288	0.535242	0.464739	0.15463	0.145072	0.126237	0.0361339	0	4.628737	1.641766	0.6834901	0.3165099	43.82942
400	2.38039	-22.206	24.5864	0.618956	0.381044	4.799677	0.940188	0.536348	0.475063	0.158229	0.141049	0.124642	0.0365262	0	2.058616	1.649603	0.3810443	0.6189557	44.62757
410	1.47364	-19.9893	21.4629	0.900109	0.0998912	4.611923	0.917969	0.530464	0.46604	0.156438	0.139716	0.123868	0.036084	0	5.18212	1.632177	0.09989124	0.9001088	42.87231
420	-1.32304	-25.7391	24.4161	0.81843	0.18157	6.901918	0.924446	0.529277	0.460173	0.158843	0.143672	0.12414	0.0356023	0	2.228974	1.042301	0.1815697	0.8184303	11.02304
430	2.29149	-22.7812	25.0727	0.289499	0.710501	6.015348	0.941886	0.53489	0.471054	0.157247	0.140382	0.124839	0.0355529	0	1.572367	1.862667	0.7105007	0.2894993	72.88989
440	1.30333	-23.7814	25.0848	0.793376	0.206624	5.933768	0.932255	0.538096	0.481527	0.152358	0.142554	0.122804	0.0359049	0	1.560258	1.484152	0.206624	0.793376	30.48964
450	2.60823	-21.443	24.0512	0.910777	0.0892234	5.918431	0.921471	0.541229	0.482962	0.152237	0.145562	0.123628	0.0362571	0	2.593814	1.933793	0.08922337	0.9107766	85.86041
460	-0.198794	-19.6838	19.4851	0.167227	0.832773	5.555055	0.93965	0.529896	0.47487	0.152337	0.145689	0.125431	0.0363831	0	7.159971	1.789875	0.8327726	0.1672274	61.64171
470	1.6673	-23.8687	25.536	0.717179	0.282821	6.928366	0.958558	0.532942	0.482601	0.154983	0.143565	0.123955	0.0364204	0	1.109062	1.973673	0.2828212	0.7171788	94.11811
480	1.66356	-21.7834	23.447	0.512086	0.487914	5.803143	0.960631	0.547145	0.45968	0.15896	0.142224	0.123384	0.0364941	0	3.198018	1.389914	0.4879144	0.5120856	24.54224
490	1.28712	-23.3809	24.668	0.927408	0.0725925	2.090338	0.943012	0.552919	0.464708	0.156713	0.144544	0.12358	0.036376	0	1.977007	1.651377	0.07259249	0.9274075	44.81017
500	2.14656	-20.9986	23.1451	0.616141	0.383859	2.835291	0.9264	0.548709	0.478703	0.158283	0.145211	0.128311	0.0364558	0	3.499916	1.766828	0.3838587	0.6161413	58.45583
510	2.52848	-21.5687	24.0972	0.799138	0.200862	5.704489	0.921771	0.543463	0.483687	0.154854	0.143486	0.126899	0.0364909	0	2.547852	1.729544	0.2008618	0.7991382	53.64677
520	0.715041	-24.9334	25.6484	0.152413	0.847587	8.283758	0.929609	0.54801	0.474511	0.155418	0.141927	0.126145	0.0363821	0	0.9965757	1.821432	0.8475865	0.1524135	66.28751
530	2.41848	-20.5693	22.9878	0.765222	0.234778	4.191131	0.925782	0.535436	0.462363	0.155274	0.139705	0.125078	0.0364629	0	3.657219	1.95945	0.2347778	0.7652222	91.08569
540	2.50558	-21.142	23.6476	0.281439	0.718561	4.004781	0.929051	0.526371	0.477831	0.157171	0.142595	0.128953	0.0361319	0	2.997461	1.698296	0.7185605	0.2814395	49.92251
550	0.289676	-22.3528	22.6425	0.0136334	0.986367	0.6715274	0.950719	0.539112	0.470501	0.153367	0.139742	0.125631	0.0360061	0	4.002519	1.076231	0.9863666	0.01363342	11.91876
560	0.304342	-23.7628	24.0672	0.700798	0.299202	5.445119	0.927033	0.553255	0.467103	0.155745	0.140608	0.125158	0.034928	0	2.577856	1.105168	0.2992015	0.7007985	12.73996
570	2.14349	-22.812	24.9555	0.0293194	0.970681	4.119383	0.940527	0.5409	0.459875	0.154324	0.140628	0.128916	0.035915	0	1.689497	1.7634	0.9706806	0.02931945	57.99631
580	2.60505	-21.5894	24.1944	0.964106	0.0358944	4.296198	0.924883	0.534903	0.475033	0.154067	0.14358	0.128366	0.0363095	0	2.450578	1.792008	0.03589438	0.9641056	61.9453
590	-2.11418	-23.6943	21.5802	0.600936	0.399064	8.070887	0.936578	0.552249	0.473819	0.152896	0.14122	0.128167	0.0357324	0	5.064859	1.123814	0.399064	0.600936	13.29886
600	-1.7541	-26.6584	24.9043	0.747851	0.252149	13.07924	0.951594	0.543414	0.459832	0.159161	0.139441	0.125085	0.034787	0	1.74071	1.996991	0.2521487	0.7478513	99.30951
610	1.94505	-22.0928	24.0379	0.878113	0.121887	3.680042	0.936205	0.544736	0.469628	0.157977	0.146112	0.122967	0.0352027	0	2.607145	1.389626	0.1218871	0.8781129	24.52593
620	-0.244935	-24.8357	24.5907	0.587327	0.412673	1.780249	0.942644	0.529666	0.465515	0.158015	0.145295	0.123779	0.0347231	0	2.054294	0.9771107	0.412673	0.587327	9.486603
630	2.01714	-21.0354	23.0525	0.260841	0.739159	6.629187	0.948602	0.536913	0.467701	0.159129	0.141255	0.123357	0.0349446	0	3.592512	1.931037	0.7391591	0.2608409	85.31722
640	1.6862	-20.0448	21.731	0.102351	0.897649	4.864545	0.96159	0.551507	0.467664	0.15724	0.140771	0.122772	0.0363535	0	4.914021	1.858605	0.8976487	0.1023513	72.21125
650	0.816772	-24.4776	25.2944	0.395808	0.604192	2.530927	0.943207	0.552502	0.465551	0.154777	0.141393	0.126987	0.0362158	0	1.350658	1.895029	0.6041917	0.3958083	78.52888
660	1.72974	-21.9821	23.7119	0.890022	0.109978	2.083908	0.936043	0.543841	0.482208	0.15658	0.140968	0.12799	0.0364255	0	2.933145	1.585288	0.1099784	0.8900216	38.4847
670	-1.20122	-26.2567	25.0555	0.0316764	0.968324	5.132262	0.944807	0.548249	0.470355	0.152463	0.140168	0.128538	0.0353654	0	1.589541	0.9197189	0.9683236	0.03167638	8.312255
680	1.37826	-20.2454	21.6237	0.214875	0.785125	5.829101	0.960213	0.539988	0.473605	0.158674	0.146445	0.126749	0.0347346	0	5.021363	1.808223	0.7851252	0.2148748	64.30176
690	1.56935	-21.3727	22.942	0.30003	0.69997	7.470276	0.925381	0.527559	0.481093	0.159219	0.141199	0.127373	0.0351919	0	3.703015	1.978835	0.6999699	0.3000301	95.24352
700	0.133228	-21.3764	21.5096	0.676956	0.323044	8.195767	0.923401	0.541629	0.482565	0.155791	0.140728	0.128701	0.0359186	0	5.135394	1.908394	0.3230439	0.6769561	80.98296
710	1.85978	-20.5595	22.4192	0.328713	0.671287	5.991887	0.949586	0.551782	0.4728	0.155603	0.139858	0.129141	0.0363212	0	4.225781	1.91894	0.6712866	0.3287134	82.97364
720	2.1329	-22.5348	24.6677	0.626486	0.373514	4.716271	0.927146	0.545551	0.475372	0.154828	0.142236	0.126733	0.0354022	0	1.977295	1.559469	0.3735143	0.6264857	36.2634
730	0.365529	-24.6294	24.9949	0.850192	0.149808	1.893061	0.93359	0.551263	0.466489	0.154097	0.14062	0.125406	0.0352788	0	1.650079	1.40405	0.149808	0.850192	25.35423
740	1.47404	-23.5981	25.0722	0.0718869	0.928113	3.044646	0.924254	0.543751	0.476826	0.158158	0.144964	0.125774	0.0354186	0	1.572858	1.714033	0.9281131	0.07188694	51.7646
750	-0.643756	-22.6068	21.963	0.752849	0.247151	4.066558	0.931999	0.55205	0.482104	0.156341	0.142387	0.123701	0.0351234	0	4.682008	0.8666663	0.2471511	0.7528489	7.356417
760	0.814055	-24.1008	24.9148	0.98606	0.0139403	2.070969	0.964991	0.543572	0.483701	0.156123	0.14167	0.124935	0.0349821	0	1.730208	1.518298	0.0139403	0.9860597	32.98356
770	2.48774	-20.9706	23.4583	0.22421	0.77579	3.808214	0.957524	0.526986	0.473828	0.159092	0.140387	0.123842	0.0351117	0	3.186691	1.792453	0.7757898	0.2242102	62.00882
780	2.22885	-21.346	23.5749	0.752201	0.247799	6.40104	0.965233	0.551643	0.470915	0.154683	0.140423	0.12462	0.0354034	0	3.070133	1.718699	0.2477988	0.7522012	52.32377
790	-1.32027	-25.3123	23.992	0.699716	0.300284	5.615974	0.934479	0.553637	0.462546	0.153965	0.144052	0.12527	0.0348448	0	2.652997	0.8935807	0.3002837	0.6997163	7.826737
800	1.74932	-23.0017	24.751	0.691864	0.308136	2.761159	0.918815	0.534273	0.472368	0.155036	0.141593	0.127333	0.0360492	0	1.894041	1.778944	0.308136	0.691864	60.1096
810	1.84737	-21.445	23.2924	0.677168	0.322832	2.215466	0.950954	0.540894	0.465004	0.153074	0.143908	0.129027	0.036497	0	3.352623	1.655759	0.3228322	0.6771678	45.26463
820	1.06841	-21.6413	22.7097	0.939975	0.0600252	1.797739	0.963662	0.527661	0.481044	0.152534	0.142074	0.128982	0.0360004	0	3.935306	1.188548	0.06002519	0.9399748	15.43649
830	0.946016	-20.7352	21.6812	0.799	0.201	2.318692	0.940438	0.531693	0.475011	0.154587	0.141459	0.127313	0.0351754	0	4.963814	1.21739	0.2010001	0.7989999	16.49642
840	0.751731	-19.5217	20.2735	0.118938	0.881062	3.653408	0.963261	0.527211	0.480677	0.15446	0.141988	0.126395	0.0348082	0	6.371546	1.849969	0.881062	0.118938	70.78957
850	0.331039	-21.9291	22.2601	0.995952	0.00404778	2.682811	0.963773	0.540457	0.475542	0.15347	0.143823	0.128042	0.035506	0	4.384913	0.9451983	0.004047784	0.9959522	8.814513
860	2.22446	-22.7342	24.9586	0.180374	0.819626	7.223817	0.920358	0.527674	0.473478	0.151979	0.146399	0.126291	0.0347679	0	1.686408	1.990695	0.8196264	0.1803736	97.88025
870	1.5464	-21.5798	23.1262	0.700647	0.299353	7.520788	0.922882	0.529703	0.471578	0.151759	0.144193	0.128682	0.0358904	0	3.518816	1.708992	0.2993531	0.7006469	51.16719
880	2.13124	-20.4916	22.6228	0.758745	0.241255	5.426701	0.941579	0.528209	0.466054	0.154009	0.140272	0.125196	0.0352549	0	4.022231	1.978406	0.2412546	0.7587454	95.14931
890	1.5261	-23.3348	24.8609	0.157612	0.842388	4.70426	0.948167	0.539858	0.463026	0.151789	0.140099	0.127441	0.0356386	0	1.784127	1.397447	0.8423878	0.1576122	24.97164
900	1.89469	-23.0129	24.9076	0.0182244	0.981776	3.702339	0.923218	0.538509	0.459961	0.153809	0.142797	0.126074	0.0352479	0	1.73743	1.629404	0.9817756	0.01822439	42.59949
910	2.18056	-22.4308	24.6114	0.885409	0.114591	5.307821	0.937166	0.530548	0.464271	0.152581	0.144774	0.12413	0.0365477	0	2.033664	1.572389	0.1145911	0.8854089	37.3585
920	2.56253	-21.4734	24.036	0.513449	0.486551	3.737011	0.947456	0.535315	0.465022	0.155297	0.144059	0.125062	0.0365032	0	2.609058	1.968235	0.4865511	0.5134489	92.94685
930	-0.0915519	-22.9537	22.8622	0.904902	0.0950981	9.962557	0.948458	0.53792	0.46294	0.152914	0.145145	0.12456	0.0360768	0	3.78286	1.984836	0.0950981	0.9049019	96.56859
940	2.28077	-22.5119	24.7927	0.0236533	0.976347	3.785308	0.941445	0.533532	0.463072	0.156765	0.143503	0.122918	0.0365419	0	1.852352	1.908935	0.9763467	0.02365329	81.08402
950	1.59822	-20.5875	22.1857	0.944104	0.0558958	2.291559	0.942504	0.528836	0.470647	0.158193	0.144939	0.127696	0.0363978	0	4.459339	1.756183	0.05589582	0.9441042	57.04052
960	0.191566	-23.5925	23.784	0.834296	0.165704	0.3609698	0.936924	0.536354	0.461049	0.158244	0.143137	0.12684	0.0365486	0	2.860993	1.790842	0.1657042	0.8342958	61.77909
970	0.801679	-23.1283	23.93	0.515442	0.484558	1.168278	0.9518	0.531292	0.464125	0.159356	0.145171	0.126384	0.0355489	0	2.715014	1.351164	0.484558	0.515442	22.44731
980	1.26727	-21.1973	22.4645	0.969404	0.030596	2.689741	0.925491	0.52733	0.480657	0.156748	0.145415	0.126163	0.0348145	0	4.180483	1.205837	0.03059605	0.969404	16.06337
990	1.07806	-22.4351	23.5132	0.272297	0.727703	1.155685	0.940889	0.533689	0.474596	0.157062	0.143652	0.125069	0.0349899	0	3.131857	1.64177	0.7277028	0.2722972	43.82987
1000	0.998211	-20.6364	21.6346	0.788523	0.211477	1.611157	0.965474	0.548617	0.477361	0.153136	0.14118	0.123019	0.0348082	0	5.010403	1.748542	0.2114766	0.7885234	56.0457
1010	1.13321	-19.902	21.0352	0.347807	0.652193	4.391721	0.963137	0.545602	0.462461	0.156539	0.140253	0.124329	0.0353895	0	5.609779	1.532519	0.652193	0.347807	34.08152
1020	1.87139	-23.0394	24.9108	0.0813829	0.918617	7.66047	0.962126	0.536679	0.462727	0.151688	0.143474	0.123832	0.0352584	0	1.734244	1.791349	0.9186171	0.08138291	61.85135
1030	0.4414	-20.5311	20.9725	0.0749098	0.92509	6.926363	0.948656	0.535769	0.46217	0.157338	0.141962	0.12504	0.0355086	0	5.672571	1.827028	0.9250902	0.07490977	67.14727
1040	2.14141	-20.7198	22.8612	0.321452	0.678548	4.98096	0.924795	0.534525	0.462536	0.156587	0.144288	0.125642	0.0356301	0	3.783851	1.579102	0.6785483	0.3214517	37.94045
1050	2.54921	-22.1699	24.7191	0.264461	0.735539	6.008238	0.92734	0.543799	0.461183	0.157357	0.141886	0.12284	0.0350809	0	1.925903	1.917343	0.7355391	0.2644609	82.66908
1060	0.847879	-23.4757	24.3236	0.00756985	0.99243	7.736913	0.920473	0.535058	0.481354	0.155753	0.13955	0.124081	0.0356011	0	2.321414	1.433535	0.9924302	0.007569849	27.13532
1070	-0.568151	-23.5471	22.979	0.671498	0.328502	4.53795	0.923357	0.526675	0.482771	0.154111	0.140948	0.123134	0.0359159	0	3.666035	0.8761941	0.3285021	0.6714979	7.519589
1080	0.948061	-21.5678	22.5158	0.183579	0.816421	4.045834	0.934777	0.54509	0.482569	0.15326	0.144746	0.124554	0.0361669	0	4.129194	1.107187	0.8164211	0.1835789	12.79931
1090	1.80049	-21.2664	23.0669	0.273109	0.726891	3.469126	0.93275	0.545155	0.472063	0.153618	0.146332	0.126787	0.0360402	0	3.578101	1.314323	0.7268912	0.2731088	20.62161
1100	2.05729	-23.2704	25.3277	0.562445	0.437555	6.472765	0.931409	0.532834	0.479379	0.157478	0.146141	0.128233	0.0357924	0	1.317332	1.962745	0.4375547	0.5624453	91.77944
1110	0.853131	-19.6607	20.5138	0.980808	0.0191925	3.011282	0.940329	0.542778	0.472181	0.152181	0.145471	0.127577	0.0355009	0	6.131221	1.750544	0.01919246	0.9808075	56.30457
1120	2.12729	-20.4103	22.5376	0.831115	0.168885	4.998457	0.928942	0.547398	0.477419	0.153326	0.14587	0.12555	0.0353409	0	4.107397	1.753968	0.1688846	0.8311154	56.75023
1130	2.09253	-20.7349	22.8274	0.436606	0.563394	4.918557	0.940601	0.529788	0.474732	0.159404	0.13966	0.128366	0.0357117	0	3.81763	1.549012	0.5633936	0.4366064	35.40068
1140	1.32391	-23.2727	24.5966	0.243784	0.756216	2.02862	0.951219	0.547363	0.478983	0.157533	0.139431	0.125529	0.0360247	0	2.048424	1.676337	0.7562164	0.2437836	47.46099
1150	0.777346	-24.4061	25.1835	0.464327	0.535673	6.269978	0.931979	0.549441	0.483385	0.155504	0.14386	0.128031	0.0364037	0	1.461548	1.411867	0.5356734	0.4643266	25.81467
1160	2.10083	-21.2672	23.368	0.193996	0.806004	6.755439	0.942415	0.532062	0.464307	0.153078	0.146175	0.124638	0.0361312	0	3.276994	1.794243	0.8060038	0.1939962	62.26488
1170	1.61514	-23.884	25.4992	0.953135	0.0468648	7.166038	0.921245	0.54588	0.465019	0.159476	0.145545	0.124131	0.0364953	0	1.145851	1.920222	0.04686478	0.9531352	83.21898
1180	-0.0575444	-19.3311	19.2735	0.31144	0.68856	3.749315	0.936974	0.549477	0.463375	0.156981	0.145557	0.126248	0.0357578	0	7.371484	1.600405	0.6885596	0.3114404	39.84783
1190	-1.07392	-19.7389	18.665	0.398723	0.601277	6.018251	0.929097	0.547976	0.464534	0.157641	0.144771	0.127807	0.035304	0	7.980034	1.754132	0.6012773	0.3987227	56.77169
1200	1.36901	-20.6648	22.0338	0.529389	0.470611	2.058598	0.923816	0.530573	0.463614	0.156426	0.140492	0.126666	0.0356383	0	4.61121	1.542625	0.4706109	0.5293891	34.8839
1210	2.47194	-21.5219	23.9938	0.676505	0.323495	5.843417	0.935115	0.532615	0.474139	0.155913	0.142363	0.12551	0.0347498	0	2.65118	1.72219	0.3234947	0.6765053	52.74612
1220	2.35008	-20.507	22.857	0.801077	0.198923	4.586725	0.938777	0.529945	0.479013	0.152112	0.144282	0.128105	0.0349687	0	3.787987	1.847189	0.1989228	0.8010772	70.33781
1230	1.25582	-21.3558	22.6116	0.557828	0.442172	2.41912	0.946797	0.528873	0.469676	0.152439	0.142654	0.128848	0.034807	0	4.03338	1.199031	0.4421716	0.5578284	15.81361
1240	0.565325	-21.1395	21.7048	0.071764	0.928236	2.12607	0.947361	0.553148	0.480284	0.155532	0.141408	0.128946	0.0353018	0	4.94025	1.043251	0.928236	0.07176403	11.04716
1250	0.57614	-21.9405	22.5166	0.284275	0.715725	6.491778	0.951493	0.541264	0.465118	0.153534	0.139626	0.126002	0.0351008	0	4.128384	1.289016	0.7157252	0.2842748	19.45431
1260	1.35866	-20.6111	21.9697	0.695481	0.304519	2.220669	0.94358	0.545152	0.466435	0.158083	0.144089	0.128705	0.0363758	0	4.675284	1.449971	0.3045193	0.6954807	28.18194
1270	2.56752	-21.5825	24.15	0.109515	0.890485	6.015563	0.959955	0.55386	0.473939	0.158159	0.142772	0.12829	0.0364712	0	2.494995	1.829408	0.8904855	0.1095145	67.51621
1280	1.20536	-22.3826	23.5879	0.951328	0.0486716	3.33584	0.943579	0.551337	0.481509	0.155462	0.142585	0.126795	0.0358437	0	3.057079	1.133265	0.04867161	0.9513284	13.59143
1290	2.26647	-20.9692	23.2357	0.242709	0.757291	3.127657	0.919049	0.553574	0.474089	0.156745	0.140733	0.124208	0.035815	0	3.409374	1.763185	0.7572914	0.2427086	57.96755
1300	2.53346	-21.3595	23.8929	0.296737	0.703263	3.758084	0.9525	0.540804	0.470017	0.157277	0.145555	0.123089	0.0362382	0	2.752094	1.80733	0.7032629	0.2967371	64.16971
1310	1.29684	-22.7036	24.0004	0.935908	0.0640922	5.828599	0.943028	0.536433	0.471862	0.155063	0.146169	0.127359	0.0353854	0	2.644603	1.313584	0.06409215	0.9359078	20.58659
1320	1.74329	-21.2118	22.9551	0.920929	0.0790707	3.253051	0.947789	0.533166	0.469178	0.152056	0.140809	0.129027	0.0353857	0	3.689919	1.322043	0.0790707	0.9209293	20.99149
1330	1.43162	-21.2884	22.72	0.661332	0.338668	7.481975	0.961336	0.52798	0.461904	0.152172	0.140225	0.128374	0.0354761	0	3.924992	1.827798	0.3386677	0.6613323	67.2664
1340	1.61075	-20.6179	22.2287	0.88719	0.11281	6.365633	0.933532	0.54059	0.470551	0.153169	0.146627	0.125636	0.0349324	0	4.416334	1.887727	0.1128097	0.8871903	77.21948
1350	1.40672	-21.2568	22.6635	0.459731	0.540269	7.16253	0.957187	0.543157	0.460172	0.159229	0.143914	0.124762	0.036422	0	3.98154	1.649468	0.5402688	0.4597312	44.61371
1360	2.03092	-22.6099	24.6408	0.292472	0.707528	6.600714	0.922693	0.536742	0.461691	0.156193	0.145913	0.122759	0.0360069	0	2.004256	1.628872	0.7075278	0.2924722	42.54733
1370	1.84673	-20.5361	22.3828	0.723482	0.276518	2.898347	0.923112	0.54027	0.469846	0.154702	0.143548	0.123918	0.0360618	0	4.262184	1.588832	0.2765185	0.7234815	38.80001
1380	2.47351	-21.3128	23.7863	0.735455	0.264545	3.595987	0.930858	0.542415	0.471231	0.151962	0.143223	0.124697	0.0350504	0	2.858692	1.77552	0.2645447	0.7354553	59.63751
1390	2.26011	-20.7493	23.0094	0.846281	0.153719	5.247661	0.942706	0.528461	0.480322	0.159109	0.142254	0.125221	0.0353189	0	3.635655	1.672458	0.1537187	0.8462813	47.03894
1400	1.16518	-20.2971	21.4622	0.447919	0.552081	2.132668	0.964853	0.541006	0.474567	0.153287	0.146172	0.128057	0.035316	0	5.182784	1.671027	0.5520813	0.4479187	46.88426
1410	1.62673	-22.8592	24.4859	0.975574	0.0244263	8.53311	0.942184	0.551534	0.462103	0.154154	0.14347	0.127263	0.035778	0	2.159081	1.86385	0.0244263	0.9755737	73.08859
1420	0.97924	-24.3066	25.2859	0.145966	0.854034	5.999779	0.957848	0.550395	0.472579	0.15227	0.143204	0.126732	0.0360456	0	1.359137	1.466952	0.854034	0.145966	29.30569
1430	1.48079	-20.1812	21.662	0.301078	0.698922	2.701584	0.941796	0.548017	0.474521	0.153482	0.143715	0.123092	0.0356027	0	4.983073	1.687315	0.698922	0.301078	48.67597
1440	1.34282	-23.3224	24.6652	0.0297483	0.970252	9.144335	0.952497	0.541402	0.463492	0.15467	0.142901	0.123107	0.0355826	0	1.97979	1.907603	0.9702517	0.02974833	80.83569
1450	2.2091	-21.0843	23.2934	0.943563	0.0564371	3.114752	0.940048	0.545538	0.465521	0.154186	0.140957	0.124047	0.0350984	0	3.351599	1.635354	0.05643705	0.9435629	43.18705
1460	1.1411	-19.9202	21.0613	0.834318	0.165682	5.15441	0.954408	0.553287	0.472365	0.154612	0.140757	0.128033	0.0351903	0	5.583681	1.725671	0.1656821	0.8343179	53.17057
1470	1.28171	-20.4658	21.7475	0.844513	0.155487	2.255034	0.939165	0.53586	0.478692	0.152216	0.142952	0.125993	0.0355823	0	4.897539	1.473973	0.155487	0.844513	29.78328
1480	2.03658	-22.5727	24.6093	0.938663	0.0613372	2.946662	0.928348	0.550624	0.475275	0.157777	0.141101	0.125182	0.0357455	0	2.035765	1.959214	0.06133716	0.9386628	91.03609
1490	2.23045	-22.4199	24.6503	0.0157213	0.984279	6.650403	0.918775	0.55385	0.472136	0.158045	0.141359	0.12544	0.0349339	0	1.994701	1.728762	0.9842787	0.01572129	53.55031
1500	2.32168	-21.8296	24.1513	0.175292	0.824708	3.121334	0.930908	0.550796	0.46479	0.157036	0.141032	0.124152	0.0355765	0	2.49371	1.927698	0.824708	0.175292	84.66389
1510	2.3263	-20.9162	23.2425	0.0881201	0.91188	5.651285	0.932999	0.54651	0.480439	0.157931	0.140713	0.123847	0.035767	0	3.402501	1.718204	0.9118799	0.08812009	52.26421
1520	2.0961	-21.4909	23.587	0.952879	0.0471208	4.60129	0.960328	0.527883	0.478344	0.158725	0.143738	0.123154	0.0355063	0	3.057994	1.435939	0.04712076	0.9528792	27.28594
1530	2.30271	-22.1073	24.41	0.425232	0.574768	6.208858	0.948321	0.532557	0.470563	0.158078	0.145375	0.12522	0.0355879	0	2.23501	1.670635	0.5747679	0.4252321	46.84193
1540	-0.633324	-22.664	22.0307	0.634732	0.365268	9.863152	0.920745	0.533286	0.468701	0.157411	0.14559	0.122893	0.0351991	0	4.614299	1.959346	0.3652682	0.6347318	91.06389
1550	1.34755	-20.0048	21.3524	0.42724	0.57276	2.873216	0.919944	0.537426	0.459875	0.15514	0.142329	0.124354	0.0348252	0	5.292643	1.681179	0.5727603	0.4272397	47.99316
1560	-1.29083	-19.6886	18.3978	0.101799	0.898201	5.926459	0.949634	0.531027	0.473272	0.157625	0.140061	0.126672	0.0357262	0	8.247237	1.922706	0.898201	0.101799	83.69616
1570	1.68177	-22.7743	24.4561	0.506813	0.493187	2.422835	0.933407	0.527974	0.464937	0.156402	0.144476	0.127876	0.0353557	0	2.188907	1.633613	0.4931869	0.5068131	43.01429
1580	1.97707	-20.8084	22.7854	0.28684	0.71316	6.294884	0.927281	0.526352	0.478016	0.154336	0.146024	0.124637	0.0354553	0	3.859584	1.977036	0.7131603	0.2868397	94.84963
1590	1.74173	-22.8932	24.6349	0.641899	0.358101	2.712272	0.935833	0.53464	0.463994	0.153161	0.144073	0.12546	0.0348022	0	2.010131	1.668485	0.3581008	0.6418992	46.6106
1600	0.272285	-22.5533	22.8256	0.828387	0.171613	8.794126	0.921508	0.526721	0.479432	0.153016	0.146136	0.126118	0.0352291	0	3.819437	1.583076	0.1716134	0.8283866	38.28914
1610	0.0331229	-19.3526	19.3858	0.563843	0.436157	4.271155	0.92349	0.5358	0.467008	0.153889	0.145345	0.125025	0.0348117	0	7.259263	1.91204	0.4361565	0.5638435	81.66581
1620	1.8903	-22.242	24.1323	0.919585	0.0804149	3.170673	0.918153	0.549861	0.47996	0.158967	0.140881	0.123244	0.0362916	0	2.51268	1.412763	0.08041494	0.9195851	25.86802
1630	2.27856	-21.9143	24.1928	0.159911	0.840089	3.188177	0.92331	0.548569	0.472418	0.156303	0.144165	0.126451	0.0364044	0	2.452206	1.735844	0.8400889	0.1599111	54.43071
1640	0.843607	-19.8701	20.7137	0.441003	0.558997	5.374663	0.927106	0.542075	0.469396	0.153019	0.143155	0.127382	0.0356862	0	5.931287	1.840845	0.5589971	0.4410029	69.3179
1650	1.8944	-20.5534	22.4478	0.576947	0.423053	2.720208	0.927293	0.538294	0.479536	0.155546	0.142347	0.128474	0.0347587	0	4.197246	1.920694	0.4230527	0.5769473	83.30942
1660	1.58395	-20.7512	22.3351	0.913052	0.0869483	6.549485	0.92107	0.53841	0.480997	0.154273	0.141373	0.129064	0.0354161	0	4.309897	1.76093	0.08694831	0.9130517	57.66737
1670	0.863704	-24.5315	25.3952	0.318526	0.681474	5.056064	0.921503	0.536344	0.481793	0.15886	0.14414	0.125364	0.0358525	0	1.249778	1.469875	0.6814737	0.3185263	29.50362
1680	1.9342	-23.0863	25.0205	0.59037	0.40963	4.305466	0.961467	0.54332	0.468382	0.158945	0.144133	0.128497	0.0364296	0	1.624557	1.638722	0.4096299	0.5903701	43.52331
1690	0.652029	-20.8242	21.4762	0.00215025	0.99785	7.185274	0.962793	0.548787	0.474218	0.156167	0.145818	0.125489	0.0359832	0	5.168804	1.994403	0.9978497	0.002150252	98.71943
1700	2.14718	-20.8845	23.0316	0.880242	0.119758	5.6925	0.921777	0.553567	0.461294	0.156977	0.1431	0.127079	0.0363336	0	3.61339	1.642133	0.119758	0.880242	43.8665
1710	0.968266	-20.862	21.8303	0.177434	0.822566	1.415331	0.924904	0.545153	0.469064	0.156507	0.146069	0.125819	0.0360789	0	4.814761	1.79867	0.822566	0.177434	62.90285
1720	-1.27169	-24.7481	23.4764	0.24987	0.75013	4.366921	0.950132	0.537903	0.471472	0.15305	0.144053	0.123988	0.0352537	0	3.168581	0.7415701	0.7501302	0.2498698	5.515312
1730	2.69863	-21.4707	24.1694	0.488871	0.511129	4.896865	0.963207	0.533412	0.460553	0.153585	0.144756	0.126454	0.0353396	0	2.475654	1.895364	0.5111289	0.4888711	78.58939
1740	1.12537	-21.7644	22.8898	0.333173	0.666827	6.749042	0.963454	0.54208	0.474656	0.154238	0.143821	0.128389	0.0357948	0	3.755231	1.415451	0.6668272	0.3331728	26.02863
1750	1.83709	-20.5648	22.4019	0.00184417	0.998156	5.742891	0.953838	0.531313	0.466208	0.156924	0.14555	0.124828	0.0365234	0	4.243143	1.65182	0.9981558	0.001844169	44.85593
1760	2.47414	-22.4811	24.9553	0.61727	0.38273	5.345028	0.957137	0.533776	0.471606	0.15904	0.143963	0.125594	0.0364657	0	1.689752	1.944487	0.38273	0.61727	88.00079
1770	1.07572	-22.6186	23.6944	0.082641	0.917359	1.615297	0.92664	0.540613	0.477268	0.15938	0.141096	0.129101	0.0360968	0	2.950658	1.236693	0.917359	0.08264095	17.24618
1780	1.75114	-20.9173	22.6684	0.233137	0.766863	5.870125	0.927189	0.546131	0.475193	0.156382	0.143491	0.125734	0.0358196	0	3.976597	1.530579	0.7668634	0.2331366	33.92962
1790	0.671942	-20.0996	20.7715	0.972509	0.0274915	3.867502	0.924256	0.545497	0.469482	0.158931	0.142452	0.123851	0.0358017	0	5.873528	1.305333	0.02749145	0.9725085	20.19913
1800	1.14891	-23.9873	25.1362	0.851067	0.148933	8.779644	0.922477	0.54687	0.463919	0.154683	0.14667	0.124156	0.0359724	0	1.508809	1.796461	0.1489329	0.8510671	62.5837
1810	2.17441	-21.7957	23.9701	0.463259	0.536741	5.568613	0.919949	0.547828	0.468049	0.157317	0.14526	0.122709	0.0357694	0	2.674898	1.521988	0.536741	0.463259	33.26505
1820	2.6649	-21.0974	23.7623	0.240088	0.759912	5.030986	0.93158	0.546831	0.464821	0.158669	0.144757	0.125958	0.0348498	0	2.88271	1.957995	0.759912	0.240088	90.78094
1830	2.51051	-20.8057	23.3162	0.670066	0.329934	4.176601	0.932468	0.551905	0.465396	0.156655	0.145391	0.123089	0.0355045	0	3.328812	1.823252	0.329934	0.670066	66.56596
1840	1.07979	-20.5253	21.6051	0.804881	0.195119	1.771371	0.934162	0.540766	0.466428	0.156724	0.145807	0.124343	0.03507	0	5.039942	1.852121	0.195119	0.804881	71.14114
1850	0.596996	-22.899	23.496	0.472933	0.527067	6.385788	0.919473	0.544517	0.463694	0.158637	0.140656	0.127023	0.0353202	0	3.149044	1.225424	0.5270671	0.4729329	16.80445
1860	1.73665	-22.5236	24.2602	0.759344	0.240656	2.19749	0.943091	0.537044	0.475731	0.153925	0.139565	0.125964	0.0349036	0	2.384784	1.844003	0.2406563	0.7593437	69.8237
1870	1.5812	-21.3159	22.8971	0.659154	0.340846	4.118182	0.941308	0.552585	0.48144	0.152696	0.143438	0.122949	0.0358462	0	3.747957	1.270444	0.3408461	0.6591539	18.63991
1880	1.71954	-20.8148	22.5343	0.52936	0.47064	5.105228	0.946347	0.547348	0.46987	0.157258	0.143839	0.125206	0.0359701	0	4.110699	1.439068	0.4706397	0.5293603	27.48324
1890	1.07777	-24.4418	25.5195	0.556902	0.443098	4.190995	0.91937	0.531362	0.470385	0.153332	0.143531	0.123611	0.0360183	0	1.12548	1.724419	0.4430981	0.5569019	53.01749
1900	1.55645	-23.4823	25.0388	0.894793	0.105207	8.461744	0.946083	0.539024	0.463062	0.15201	0.145569	0.12315	0.036154	0	1.60624	1.86934	0.1052069	0.8947931	74.01841
1910	1.70609	-20.4902	22.1963	0.37415	0.62585	5.710239	0.964151	0.543235	0.463013	0.153559	0.140756	0.124439	0.0360771	0	4.448756	1.641168	0.6258497	0.3741503	43.76911
1920	1.19808	-21.782	22.9801	0.468544	0.531456	5.642729	0.954704	0.54585	0.470908	0.152892	0.140408	0.122713	0.0359416	0	3.664936	1.285786	0.5314559	0.4685441	19.31016
1930	0.957162	-21.4558	22.413	0.227286	0.772714	7.505234	0.948652	0.540565	0.476903	0.157418	0.144648	0.123093	0.0357228	0	4.232018	1.588217	0.7727141	0.2272859	38.74514
1940	-1.16155	-19.307	18.1454	0.974121	0.0258785	1.929728	0.951265	0.537648	0.465784	0.15808	0.145089	0.122726	0.0356828	0	8.499598	1.761646	0.02587851	0.9741215	57.76255
1950	1.46469	-22.1886	23.6533	0.676753	0.323247	3.82892	0.948299	0.545305	0.470633	0.157603	0.145928	0.123665	0.0350161	0	2.991727	1.211007	0.3232466	0.6767534	16.25574
1960	2.36286	-22.5805	24.9433	0.515529	0.484471	6.484796	0.954402	0.545073	0.460359	0.156469	0.139469	0.12348	0.0360432	0	1.701708	1.906206	0.4844707	0.5155293	80.57608
1970	0.258221	-20.8964	21.1546	0.184094	0.815906	4.573145	0.95689	0.536726	0.47224	0.157751	0.142767	0.125119	0.0357139	0	5.490443	1.142062	0.8159063	0.1840937	13.86955
1980	-2.12454	-28.2718	26.1473	0.171637	0.828363	9.675491	0.95466	0.530174	0.48057	0.151764	0.14335	0.125458	0.034987	0	0.4977273	1.890086	0.8283626	0.1716374	77.64001
1990	1.55346	-22.7451	24.2986	0.149004	0.850996	7.658534	0.948171	0.529875	0.470136	0.153867	0.140782	0.125532	0.0361817	0	2.346439	1.597767	0.8509965	0.1490035	39.60652
2000	1.18679	-19.8297	21.0165	0.382494	0.617506	4.460269	0.952174	0.537864	0.479676	0.153267	0.139688	0.127068	0.0361447	0	5.62857	1.619538	0.6175058	0.3824942	41.64264
2010	1.62123	-21.9472	23.5684	0.603165	0.396835	7.035505	0.944582	0.542507	0.471781	0.157795	0.141348	0.125949	0.0358924	0	3.076634	1.546708	0.3968351	0.6031649	35.21342
2020	-1.57089	-20.388	18.8171	0.515194	0.484806	6.95152	0.921917	0.526891	0.471597	0.157384	0.13964	0.124313	0.0347486	0	7.827882	1.531544	0.4848058	0.5151942	34.00511
2030	-1.16556	-24.3777	23.2121	0.719175	0.280825	11.48345	0.928007	0.539814	0.481456	0.154366	0.141269	0.126357	0.0352588	0	3.432926	1.848675	0.280825	0.719175	70.57886
2040	1.43686	-20.5368	21.9736	0.0337526	0.966247	3.819004	0.933371	0.537024	0.476199	0.153587	0.141482	0.128212	0.0349693	0	4.671398	1.332802	0.9662474	0.03375262	21.51801
2050	1.31822	-20.4328	21.751	0.0956739	0.904326	6.201965	0.949362	0.537125	0.47819	0.155401	0.141857	0.126173	0.0348021	0	4.894003	1.734331	0.9043261	0.09567395	54.24141
2060	2.24616	-22.4634	24.7096	0.30814	0.69186	3.669467	0.944835	0.534155	0.469337	0.155049	0.14312	0.129094	0.0354903	0	1.935472	1.808671	0.6918596	0.3081404	64.36811
2070	2.11485	-22.4516	24.5665	0.5593	0.4407	3.036393	0.923269	0.535441	0.462855	0.154651	0.144765	0.125736	0.0351548	0	2.078573	1.969525	0.4407003	0.5592997	93.22334
2080	2.6009	-21.3163	23.9172	0.784694	0.215306	5.714507	0.930993	0.553519	0.478404	0.159162	0.145988	0.129019	0.0354773	0	2.727794	1.86555	0.2153062	0.7846938	73.37533
2090	1.47442	-20.2255	21.6999	0.831202	0.168798	5.589732	0.945017	0.553714	0.479424	0.156868	0.14004	0.126351	0.035517	0	4.945104	1.718587	0.1687976	0.8312024	52.31033
2100	0.263526	-23.7215	23.985	0.118377	0.881623	7.027919	0.965433	0.5429	0.48099	0.152934	0.14051	0.127354	0.0351949	0	2.660032	1.232257	0.8816233	0.1183767	17.0709
2110	2.00209	-21.6959	23.698	0.278933	0.721067	2.3902	0.928062	0.553422	0.479328	0.152864	0.142437	0.12802	0.0354761	0	2.947	1.854919	0.7210675	0.2789325	71.60103
2120	0.536635	-20.1255	20.6621	0.215603	0.784397	6.154825	0.927541	0.538104	0.480197	0.154128	0.140098	0.125989	0.0362477	0	5.982908	1.817443	0.7843966	0.2156034	65.68155
2130	2.61228	-22.0971	24.7094	0.397771	0.602229	5.466941	0.921331	0.548833	0.479325	0.155179	0.14224	0.125444	0.036433	0	1.935592	1.943366	0.602229	0.397771	87.77403
2140	-0.110693	-22.9367	22.826	0.714783	0.285217	5.625269	0.932138	0.55017	0.478608	0.154601	0.143004	0.125776	0.0357835	0	3.818986	1.047662	0.2852167	0.7147833	11.15993
2150	0.771064	-22.9405	23.7115	0.149762	0.850238	0.8915158	0.932994	0.551597	0.475435	0.151552	0.139921	0.125185	0.0364082	0	2.933485	1.56442	0.8502383	0.1497617	36.6792
2160	2.37775	-20.6278	23.0055	0.0447769	0.955223	3.744525	0.942487	0.546544	0.464164	0.155048	0.145221	0.122856	0.0359558	0	3.639512	1.949287	0.9552231	0.04477692	88.97898
2170	1.78809	-22.5984	24.3865	0.908484	0.0915161	2.33181	0.94982	0.551061	0.464197	0.158952	0.141542	0.126251	0.0353881	0	2.258563	1.990511	0.09151608	0.9084839	97.83883
2180	2.44501	-22.4237	24.8687	0.104539	0.895461	4.456743	0.939581	0.541509	0.468981	0.156105	0.140005	0.128589	0.0360741	0	1.776284	1.992545	0.895461	0.104539	98.29802
2190	2.42944	-21.5439	23.9733	0.506952	0.493048	3.433037	0.926628	0.540851	0.474216	0.155078	0.139472	0.126508	0.0354936	0	2.671724	1.789798	0.4930479	0.5069521	61.63081
2200	0.732923	-22.7692	23.5022	0.0109525	0.989047	9.450206	0.940795	0.550304	0.469768	0.15451	0.140112	0.125849	0.0356416	0	3.142874	1.970842	0.9890475	0.01095252	93.50652
2210	-2.84384	-19.2909	16.447	0.466237	0.533763	1.107878	0.938074	0.545453	0.473861	0.157944	0.139761	0.12318	0.0359302	0	10.19799	1.580227	0.5337629	0.4662371	38.03883
2220	1.74208	-20.8616	22.6037	0.654935	0.345065	2.603649	0.917927	0.551969	0.462675	0.156022	0.139668	0.127028	0.0354732	0	4.041355	1.466999	0.3450649	0.6549351	29.30885
2230	2.35814	-22.2778	24.6359	0.536695	0.463305	5.807927	0.933385	0.544838	0.462455	0.15614	0.139945	0.123272	0.0355741	0	2.009081	1.696062	0.4633055	0.5366945	49.66632
2240	1.415	-21.9571	23.3721	0.506648	0.493352	2.262397	0.926394	0.546847	0.464145	0.153233	0.140118	0.128072	0.0351804	0	3.272951	1.250394	0.4933524	0.5066476	17.79892
2250	1.46901	-19.9042	21.3732	0.239652	0.760348	3.509827	0.927058	0.548012	0.47606	0.152483	0.141205	0.128544	0.0354954	0	5.271849	1.692977	0.7603477	0.2396523	49.31481
2260	2.2714	-22.4904	24.7618	0.207615	0.792385	6.272777	0.920099	0.542012	0.476209	0.157654	0.142743	0.126557	0.0361853	0	1.883269	1.719028	0.7923853	0.2076147	52.36345
2270	1.83707	-21.8603	23.6974	0.317497	0.682503	5.543451	0.928616	0.55122	0.47183	0.158746	0.140425	0.12653	0.0358006	0	2.947648	1.405177	0.6825032	0.3174968	25.42009
2280	0.00109637	-19.6136	19.6147	0.332002	0.667998	2.177224	0.953952	0.542232	0.474581	0.158424	0.141631	0.12817	0.0353586	0	7.030331	1.604605	0.667998	0.332002	40.2351
2290	2.10426	-21.0075	23.1118	0.802997	0.197003	6.451639	0.936073	0.547479	0.48258	0.15764	0.140556	0.126889	0.0354622	0	3.533265	1.98838	0.1970032	0.8029968	97.35989
2300	1.23056	-22.5598	23.7903	0.355956	0.644044	2.022067	0.942873	0.540604	0.483618	0.151664	0.142432	0.127241	0.0364468	0	2.854703	1.22769	0.6440436	0.3559564	16.89233
2310	-1.72961	-20.6668	18.9372	0.639382	0.360618	7.59163	0.942817	0.544176	0.474436	0.155328	0.139464	0.126108	0.0357995	0	7.707801	1.620967	0.3606178	0.6393822	41.77986
2320	2.62061	-20.9803	23.6009	0.618517	0.381483	5.065908	0.939148	0.541852	0.460431	0.155265	0.14311	0.127179	0.0363008	0	3.044078	1.943597	0.3814832	0.6185168	87.82066
2330	1.60825	-21.464	23.0722	0.936553	0.0634466	2.047819	0.941027	0.528847	0.459873	0.152024	0.144103	0.125091	0.0348076	0	3.572815	1.464497	0.06344657	0.9365534	29.14049
2340	-1.74372	-21.5982	19.8545	0.143931	0.856069	6.294293	0.942804	0.552256	0.481573	0.151821	0.140873	0.124849	0.0348729	0	6.790507	1.116435	0.8560691	0.1439309	13.07479
2350	0.747629	-20.8094	21.557	0.210921	0.789079	1.276289	0.931206	0.551234	0.462222	0.156275	0.141669	0.12667	0.0350368	0	5.088005	1.676277	0.7890794	0.2109206	47.45442
2360	-1.33848	-19.9661	18.6276	0.74271	0.25729	4.561901	0.926901	0.55123	0.47079	0.155566	0.142103	0.127688	0.0348569	0	8.017426	1.204197	0.2572897	0.7427103	16.00283
2370	1.04289	-24.3565	25.3994	0.874058	0.125942	3.443535	0.943535	0.531207	0.476785	0.153212	0.140093	0.126637	0.0354792	0	1.245622	1.719639	0.125942	0.874058	52.43713
2380	1.60207	-21.9793	23.5814	0.920174	0.0798261	1.957174	0.963676	0.538285	0.465535	0.153352	0.141588	0.127315	0.0362536	0	3.063656	1.493378	0.07982613	0.9201739	31.14426
2390	-0.287739	-20.8417	20.554	0.211307	0.788693	7.488345	0.954531	0.542552	0.46194	0.159421	0.141024	0.126708	0.0347566	0	6.091049	1.642056	0.7886935	0.2113065	43.85875
2400	1.87131	-20.5187	22.39	0.0721868	0.927813	2.732768	0.9589	0.550777	0.464834	0.155354	0.143607	0.125266	0.0356471	0	4.255025	1.861809	0.9278132	0.07218684	72.74593
2410	1.60004	-20.1254	21.7254	0.86908	0.13092	2.957969	0.95109	0.544578	0.469051	0.154349	0.14276	0.128783	0.0347383	0	4.919611	1.77334	0.1309199	0.8690801	59.33896
2420	1.51974	-20.4887	22.0084	0.154928	0.845072	6.166753	0.964251	0.545534	0.468974	0.153572	0.143601	0.126094	0.0347771	0	4.63662	1.991011	0.8450716	0.1549284	97.95155
2430	0.591097	-21.215	21.8061	0.289575	0.710425	6.649234	0.965193	0.546126	0.468526	0.158487	0.141598	0.124473	0.0355532	0	4.838936	1.409048	0.7104246	0.2895754	25.64765
2440	2.48829	-21.1084	23.5966	0.838935	0.161065	4.203032	0.924203	0.532433	0.476235	0.158421	0.144439	0.128465	0.0353926	0	3.048377	1.669287	0.1610651	0.8389349	46.69682
2450	2.5173	-21.5105	24.0278	0.328493	0.671507	6.313754	0.952099	0.542402	0.482194	0.155319	0.141462	0.124911	0.0352945	0	2.617247	1.946338	0.6715072	0.3284928	88.37683
2460	2.4517	-20.9593	23.411	0.964477	0.0355234	4.97088	0.95698	0.550306	0.482036	0.156097	0.146219	0.128459	0.0349089	0	3.234006	1.687426	0.03552343	0.9644766	48.68849
2470	2.27771	-22.4978	24.7755	0.289374	0.710626	5.251023	0.964804	0.539422	0.479654	0.153753	0.146369	0.127634	0.0351218	0	1.869484	1.662875	0.7106255	0.2893745	46.01238
2480	0.955793	-22.6067	23.5625	0.49368	0.50632	5.915032	0.95174	0.548749	0.480158	0.151966	0.144676	0.124321	0.0355522	0	3.082539	1.240746	0.5063197	0.4936803	17.40787
2490	2.35634	-21.7854	24.1417	0.330032	0.669968	3.565345	0.958856	0.539479	0.482183	0.156089	0.146096	0.124967	0.0352507	0	2.503316	1.65947	0.6699679	0.3300321	45.65304
2500	1.26845	-21.9823	23.2507	0.611593	0.388407	5.267037	0.953411	0.551536	0.463663	0.156902	0.14447	0.124328	0.035462	0	3.3943	1.252765	0.3884073	0.6115927	17.89639
2510	1.92423	-21.0369	22.9612	0.913035	0.0869646	2.962244	0.93076	0.534463	0.470983	0.157236	0.142863	0.123564	0.0350886	0	3.683873	1.455262	0.08696455	0.9130354	28.5274
2520	1.32333	-20.0632	21.3865	0.332525	0.667475	5.436764	0.937772	0.536023	0.468835	0.152204	0.14075	0.123718	0.0359311	0	5.258532	1.803102	0.6674752	0.3325248	63.54805
2530	1.90475	-20.2308	22.1356	0.53234	0.46766	3.264737	0.920226	0.531465	0.469931	0.157395	0.144304	0.123635	0.036348	0	4.509425	1.934127	0.4676599	0.5323401	85.92648
2540	1.90262	-23.1434	25.046	0.274853	0.725147	4.324049	0.920268	0.542874	0.471658	0.15723	0.139524	0.124469	0.035617	0	1.599037	1.640313	0.7251466	0.2748534	43.68302
2550	0.998202	-23.1245	24.1227	0.287871	0.712129	1.398845	0.926246	0.540404	0.464513	0.158425	0.139564	0.123699	0.0355111	0	2.522305	1.454707	0.7121292	0.2878708	28.49097
2560	2.06052	-20.4602	22.5207	0.525101	0.474899	4.17705	0.923527	0.54917	0.482138	0.159269	0.142239	0.123007	0.034898	0	4.124292	1.587143	0.4748989	0.5251011	38.6494
2570	0.605333	-21.0928	21.6981	0.673672	0.326328	0.9841535	0.940626	0.54501	0.472547	0.154182	0.139513	0.127311	0.0350945	0	4.946919	1.759249	0.326328	0.673672	57.44454
2580	0.494493	-21.2546	21.7491	0.628867	0.371133	1.546834	0.918588	0.52803	0.462391	0.152157	0.143588	0.127546	0.0349349	0	4.895911	1.086753	0.3711334	0.6288666	12.21105
2590	0.76351	-22.0062	22.7697	0.59923	0.40077	3.348729	0.923781	0.528956	0.478263	0.159264	0.140417	0.128155	0.035993	0	3.875338	1.025541	0.4007699	0.5992301	10.60573
2600	0.985139	-20.2381	21.2232	0.42619	0.57381	5.316054	0.933561	0.542673	0.466701	0.155258	0.142045	0.128467	0.0348118	0	5.421834	1.488368	0.5738099	0.4261901	30.78704
2610	1.31888	-20.1453	21.4641	0.3747	0.6253	5.615144	0.930529	0.547577	0.468433	0.158307	0.143555	0.127019	0.0349279	0	5.180887	1.756433	0.6253	0.3747	57.07329
2620	2.34463	-22.2889	24.6336	0.861666	0.138334	4.547488	0.927597	0.528752	0.467562	0.155011	0.143085	0.124384	0.0359187	0	2.011463	1.660682	0.1383337	0.8616663	45.78066
2630	2.11844	-21.9024	24.0208	0.871559	0.128441	2.704184	0.962771	0.536053	0.467587	0.155704	0.144808	0.125526	0.0353725	0	2.624223	1.796355	0.128441	0.871559	62.56843
2640	1.62333	-20.0703	21.6936	0.246219	0.753781	3.068232	0.963351	0.553714	0.4612	0.151956	0.144666	0.125718	0.0356413	0	4.951427	1.929631	0.7537806	0.2462194	85.04148
2650	1.90449	-23.0985	25.003	0.0846415	0.915358	4.417939	0.945028	0.544111	0.466493	0.154963	0.143089	0.127567	0.0347924	0	1.642072	1.604778	0.9153585	0.08464152	40.2511
2660	-0.0846313	-21.6413	21.5567	0.439787	0.560213	8.33939	0.933829	0.538177	0.4825	0.154726	0.144403	0.126788	0.0352719	0	5.08835	1.6326	0.5602127	0.4397873	42.91414
2670	0.201244	-21.1849	21.3861	0.00595653	0.994043	7.965873	0.940864	0.532423	0.466995	0.157222	0.141796	0.128918	0.0350876	0	5.25891	1.854117	0.9940435	0.005956527	71.46892
2680	2.59151	-21.7713	24.3628	0.442559	0.557441	5.583233	0.956913	0.532164	0.462791	0.155135	0.144239	0.125462	0.0358301	0	2.282264	1.787018	0.5574415	0.4425585	61.2376
2690	-2.03967	-19.9429	17.9032	0.171541	0.828459	1.185403	0.951185	0.541874	0.478397	0.155733	0.146425	0.123523	0.035982	0	8.741789	0.9907365	0.8284586	0.1715414	9.788958
2700	1.22532	-22.4166	23.6419	0.696693	0.303307	1.919777	0.963137	0.546309	0.471546	0.153861	0.143237	0.127374	0.0363903	0	3.003076	1.23837	0.3033072	0.6966928	17.31291
2710	1.39785	-21.2523	22.6502	0.417225	0.582775	7.461131	0.921404	0.536446	0.471366	0.152777	0.140439	0.122926	0.0353409	0	3.994844	1.933474	0.5827754	0.4172246	85.79747
2720	2.35755	-22.0469	24.4044	0.303693	0.696307	3.475825	0.944723	0.538369	0.482344	0.153681	0.141334	0.127316	0.0352015	0	2.240609	1.832406	0.6963068	0.3036932	67.98395
2730	2.16949	-20.912	23.0815	0.22025	0.77975	3.22521	0.922918	0.528635	0.478562	0.153039	0.139508	0.125912	0.0360959	0	3.563497	1.588258	0.7797505	0.2202495	38.74882
2740	2.07065	-20.8028	22.8734	0.450475	0.549525	6.152511	0.94363	0.54442	0.464279	0.154817	0.140672	0.127984	0.0363739	0	3.771575	1.997245	0.5495251	0.4504749	99.36762
2750	1.95901	-20.9644	22.9234	0.0262183	0.973782	6.554719	0.947166	0.528315	0.467224	0.151683	0.14087	0.129059	0.0363389	0	3.721632	1.983373	0.9737817	0.02621831	96.24388
2760	0.143311	-22.2754	22.4187	0.339054	0.660946	9.193437	0.948309	0.538063	0.460647	0.15598	0.141349	0.127739	0.0355236	0	4.226278	1.786954	0.6609457	0.3390543	61.22855
2770	0.194633	-23.4753	23.6699	0.342222	0.657778	0.3365831	0.961589	0.553162	0.479679	0.154021	0.143767	0.128715	0.0349502	0	2.975075	1.614301	0.6577782	0.3422218	41.14349
2780	-0.203364	-25.0485	24.8451	0.674692	0.325308	0.8000321	0.921964	0.543769	0.471331	0.154981	0.143137	0.12299	0.0356645	0	1.799922	1.787309	0.3253078	0.6746922	61.27869
2790	1.30648	-23.9675	25.274	0.869962	0.130038	7.613798	0.962016	0.547999	0.483811	0.157089	0.139498	0.123141	0.035436	0	1.371069	1.71394	0.1300375	0.8699625	51.75354
2800	2.13654	-21.3301	23.4667	0.749207	0.250793	2.739982	0.919127	0.553192	0.470011	0.15852	0.144315	0.122946	0.0348187	0	3.17835	1.716426	0.2507934	0.7492066	52.05066
2810	-1.37466	-19.7648	18.3901	0.0547253	0.945275	1.099032	0.918999	0.548003	0.460856	0.157473	0.141336	0.127122	0.0349851	0	8.254886	1.371306	0.9452747	0.05472529	23.51288
2820	1.83423	-21.3283	23.1626	0.819189	0.180811	5.652312	0.955985	0.541226	0.463603	0.157033	0.143543	0.12689	0.0348506	0	3.482464	1.463854	0.1808112	0.8191888	29.09741
2830	2.38487	-21.2633	23.6482	0.0963868	0.903613	6.006192	0.953795	0.550213	0.464954	0.153874	0.144541	0.125147	0.0360199	0	2.996839	1.7209	0.9036132	0.09638677	52.58956
2840	1.62122	-22.6584	24.2796	0.670228	0.329772	2.040802	0.946461	0.529982	0.464751	0.151864	0.143852	0.125156	0.036132	0	2.365403	1.890717	0.3297722	0.6702278	77.75306
2850	-0.603477	-19.3742	18.7707	0.254805	0.745195	2.265278	0.934514	0.540959	0.468507	0.156504	0.144595	0.125819	0.035376	0	7.874338	1.568121	0.7451954	0.2548046	36.99308
2860	1.49639	-22.9857	24.4821	0.202901	0.797099	2.141363	0.943894	0.539599	0.474631	0.155462	0.145632	0.123309	0.035046	0	2.162951	1.669309	0.7970992	0.2029008	46.69911
2870	1.07513	-21.3767	22.4518	0.934037	0.0659629	1.264058	0.962646	0.544809	0.483287	0.158702	0.146686	0.125563	0.0353898	0	4.193225	1.690261	0.06596293	0.9340371	49.00733
2880	2.5887	-21.63	24.2187	0.54811	0.45189	5.037725	0.961344	0.546761	0.472715	0.154333	0.139555	0.123768	0.035744	0	2.426349	1.729584	0.4518896	0.5481104	53.65176
2890	0.938582	-19.8952	20.8338	0.809532	0.190468	4.434746	0.953813	0.548821	0.467116	0.154567	0.144224	0.124196	0.0347583	0	5.81124	1.495106	0.1904681	0.8095319	31.26844
2900	0.393987	-21.9186	22.3126	0.246139	0.753861	3.645826	0.960125	0.553467	0.465788	0.159443	0.144919	0.12508	0.0353957	0	4.332399	0.977153	0.753861	0.246139	9.487526
2910	0.423226	-21.8129	22.2361	0.756904	0.243096	5.835773	0.923207	0.53733	0.473364	0.155413	0.146543	0.126192	0.0363393	0	4.408916	1.196626	0.243096	0.756904	15.7263
2920	-0.184403	-21.7405	21.5561	0.749258	0.250742	4.534836	0.92348	0.542485	0.480367	0.156035	0.146706	0.125323	0.0363853	0	5.088898	1.00337	0.2507419	0.7492581	10.0779
2930	-0.32793	-20.6927	20.3647	0.170718	0.829282	7.044634	0.949278	0.528349	0.472382	0.154608	0.146181	0.12771	0.0364038	0	6.280284	1.531726	0.8292821	0.1707179	34.01936
2940	1.86259	-20.7894	22.652	0.395363	0.604637	2.507843	0.961872	0.536001	0.467707	0.155724	0.142302	0.124249	0.0360081	0	3.99304	1.717273	0.6046373	0.3953627	52.15225
2950	2.08116	-20.4752	22.5564	0.717288	0.282712	4.835793	0.958246	0.541589	0.462868	0.151828	0.141241	0.124613	0.0347991	0	4.088619	1.641791	0.2827119	0.7172881	43.83198
2960	1.81058	-20.1308	21.9413	0.188664	0.811336	4.950311	0.936432	0.534987	0.472271	0.153292	0.140799	0.123235	0.0360988	0	4.703684	1.930053	0.8113357	0.1886643	85.12417
2970	0.0724687	-24.1128	24.1853	0.249429	0.750571	9.257048	0.926306	0.528161	0.460707	0.153801	0.144659	0.126811	0.0365346	0	2.459752	1.505227	0.7505714	0.2494286	32.00569
2980	1.16211	-24.3033	25.4654	0.595697	0.404303	4.231098	0.932573	0.541228	0.474935	0.158445	0.145837	0.127915	0.0364164	0	1.179644	1.679642	0.4043031	0.5956969	47.82357
2990	2.21432	-20.9078	23.1221	0.312721	0.687279	3.137252	0.960274	0.537451	0.462364	0.151586	0.146666	0.123201	0.0363756	0	3.522913	1.682531	0.6872793	0.3127207	48.14278
3000	1.63562	-21.7777	23.4133	0.153888	0.846112	7.861149	0.956104	0.53037	0.47754	0.154611	0.140911	0.123861	0.0354651	0	3.231746	1.827631	0.8461123	0.1538877	67.24054
3010	2.35742	-21.7762	24.1337	0.575761	0.424239	6.54004	0.930294	0.532454	0.468208	0.15301	0.140678	0.124524	0.0354747	0	2.511367	1.760603	0.4242394	0.5757606	57.62392
3020	1.69127	-20.5505	22.2417	0.0430362	0.956964	4.042084	0.946327	0.546184	0.469026	0.155051	0.144981	0.125879	0.0349356	0	4.403295	1.404836	0.9569638	0.04303618	25.40011
3030	1.46264	-22.9435	24.4061	0.66928	0.33072	1.934458	0.950587	0.531235	0.472496	0.158942	0.144582	0.128593	0.035828	0	2.238911	1.892548	0.3307203	0.6692797	78.08154
3040	2.08706	-23.158	25.2451	0.30055	0.69945	6.288829	0.949896	0.532403	0.462272	0.153785	0.144321	0.12694	0.035376	0	1.399935	1.872012	0.69945	0.30055	74.4753
3050	-0.219767	-19.9491	19.7293	0.179904	0.820096	2.357653	0.959617	0.550886	0.473329	0.154718	0.143278	0.126999	0.0356244	0	6.915735	1.177589	0.8200962	0.1799038	15.05181
3060	2.18071	-22.0463	24.227	0.512178	0.487822	3.124634	0.951451	0.547632	0.472635	0.15436	0.144402	0.125828	0.0355242	0	2.418038	1.657528	0.4878218	0.5121782	45.44937
3070	0.449474	-22.2156	22.665	0.201054	0.798946	3.324036	0.962328	0.530079	0.472118	0.157626	0.140416	0.127864	0.0352147	0	3.979992	0.9487295	0.7989463	0.2010537	8.886474
3080	1.01753	-22.8315	23.849	0.600296	0.399704	9.208594	0.930391	0.544365	0.461975	0.159421	0.140239	0.128896	0.0362346	0	2.796036	1.837588	0.3997043	0.6002957	68.79992
3090	2.49225	-21.0046	23.4969	0.920365	0.0796349	3.619474	0.939085	0.545434	0.481863	0.15824	0.140016	0.126372	0.0362319	0	3.148135	1.953937	0.07963488	0.9203651	89.93678
3100	-0.0185196	-23.1656	23.147	0.971383	0.0286171	4.444628	0.936141	0.543742	0.476294	0.157888	0.141354	0.124865	0.0361077	0	3.497994	0.9537323	0.0286171	0.9713829	8.989433
3110	2.6641	-21.8501	24.5142	0.198279	0.801721	4.973148	0.96074	0.53571	0.481994	0.155176	0.144227	0.126846	0.0360808	0	2.13086	1.919206	0.8017213	0.1982787	83.02443
3120	0.869809	-23.3118	24.1816	0.842415	0.157585	8.629659	0.927286	0.550292	0.480693	0.154109	0.144707	0.125635	0.0363798	0	2.463387	1.586454	0.1575854	0.8424146	38.58812
3130	2.35242	-22.5738	24.9262	0.910367	0.0896333	6.544469	0.919191	0.551659	0.48053	0.1529	0.143785	0.125079	0.0356044	0	1.718779	1.902375	0.08963328	0.9103667	79.86834
3140	1.95379	-21.7742	23.728	0.574127	0.425873	3.704952	0.925558	0.544799	0.462335	0.152223	0.146566	0.125605	0.0360185	0	2.917042	1.360088	0.4258727	0.5741273	22.9133
3150	-0.651373	-20.4686	19.8172	0.330942	0.669058	3.600932	0.919274	0.537621	0.469039	0.153238	0.144863	0.123454	0.0349051	0	6.827841	1.047008	0.6690579	0.3309421	11.14315
3160	2.49857	-21.0732	23.5718	0.670411	0.329589	3.893904	0.954967	0.548748	0.464636	0.156957	0.14206	0.127609	0.0351121	0	3.073268	1.741743	0.3295894	0.6704106	55.17503
3170	1.49191	-22.1876	23.6795	0.372444	0.627556	4.252906	0.947067	0.551179	0.4629	0.156074	0.146651	0.128446	0.0353139	0	2.965495	1.22227	0.627556	0.372444	16.68284
3180	0.51545	-20.0279	20.5434	0.869061	0.130939	1.850438	0.93546	0.531726	0.472122	0.15676	0.146169	0.124337	0.0350756	0	6.10167	1.73524	0.1309385	0.8690615	54.35509
3190	2.23847	-22.474	24.7125	0.522407	0.477593	4.419746	0.937218	0.526713	0.471828	0.151797	0.146508	0.126453	0.0350208	0	1.932514	1.63977	0.4775928	0.5224072	43.62848
3200	2.50635	-21.2654	23.7717	0.383808	0.616192	4.896316	0.944819	0.543563	0.472568	0.155049	0.143294	0.124143	0.035177	0	2.873315	1.658413	0.6161918	0.3838082	45.54209
3210	2.03945	-21.292	23.3315	0.411466	0.588534	5.532439	0.926865	0.537092	0.468073	0.152383	0.142851	0.123407	0.0348437	0	3.313527	1.506761	0.5885336	0.4114664	32.11894
3220	-0.54927	-21.7378	21.1885	0.3353	0.6647	8.859266	0.933943	0.538317	0.46789	0.157063	0.141475	0.124668	0.0350568	0	5.456485	1.795879	0.6647004	0.3352996	62.49988
3230	2.6682	-21.7666	24.4348	0.0255192	0.974481	5.698285	0.927371	0.545548	0.47421	0.159214	0.145372	0.124377	0.0350503	0	2.210267	1.976197	0.9744808	0.02551919	94.66661
3240	2.36803	-21.6221	23.9901	0.547034	0.452966	3.337625	0.955941	0.546503	0.476824	0.151938	0.14016	0.124902	0.0349676	0	2.654916	1.737767	0.4529665	0.5470335	54.67225
3250	2.06793	-21.2999	23.3678	0.733635	0.266365	6.867524	0.955407	0.552823	0.46935	0.152709	0.141972	0.123544	0.0353225	0	3.277185	1.82566	0.2663646	0.7336354	66.93609
3260	2.43046	-21.1964	23.6268	0.544084	0.455916	4.030414	0.937156	0.536792	0.480964	0.152173	0.143391	0.124178	0.0352666	0	3.018179	1.622161	0.4559159	0.5440841	41.89486
3270	2.2963	-22.2383	24.5346	0.331607	0.668393	3.558728	0.961862	0.527277	0.472312	0.152	0.145576	0.122953	0.0349828	0	2.11039	1.77995	0.6683928	0.3316072	60.24903
3280	2.18971	-20.8146	23.0043	0.340066	0.659934	5.85144	0.93387	0.529895	0.469935	0.153895	0.140909	0.123908	0.0356471	0	3.64069	1.745215	0.6599341	0.3400659	55.61793
3290	2.17144	-20.8209	22.9924	0.988331	0.0116695	2.958246	0.948615	0.53637	0.482821	0.154778	0.145344	0.126157	0.0360635	0	3.652647	1.891234	0.01166946	0.9883305	77.84555
3300	0.648752	-19.9554	20.6042	0.300644	0.699356	4.936479	0.96109	0.545693	0.473761	0.157119	0.142525	0.123629	0.0364829	0	6.040846	1.46366	0.6993563	0.3006437	29.0844
3310	2.21724	-20.4314	22.6486	0.916636	0.0833643	4.597056	0.949006	0.528592	0.474045	0.152794	0.14038	0.124091	0.0363276	0	3.996424	1.731372	0.08336425	0.9166357	53.87307
3320	1.88438	-23.2356	25.12	0.366704	0.633296	3.897242	0.954577	0.53123	0.465375	0.155351	0.14216	0.124812	0.0356009	0	1.525015	1.792227	0.6332958	0.3667042	61.97648
3330	0.605202	-24.3448	24.95	0.120062	0.879938	2.220627	0.949596	0.533211	0.4641	0.152138	0.140468	0.125698	0.0362699	0	1.695001	1.338173	0.8799377	0.1200623	21.78578
3340	1.58942	-22.8189	24.4083	0.807537	0.192463	4.059532	0.96483	0.54223	0.474057	0.156314	0.141042	0.128386	0.036117	0	2.23675	1.313602	0.192463	0.807537	20.58742
3350	0.859574	-20.5268	21.3864	0.421492	0.578508	6.289421	0.939071	0.539628	0.481269	0.159413	0.14026	0.129101	0.0353995	0	5.258641	1.564741	0.5785085	0.4214915	36.70635
3360	0.364445	-19.545	19.9094	0.672532	0.327468	2.928194	0.937953	0.55105	0.476658	0.159429	0.142039	0.127846	0.035211	0	6.735588	1.558824	0.3274683	0.6725317	36.20964
3370	1.89037	-21.388	23.2783	0.184324	0.815676	2.256192	0.94416	0.542369	0.481975	0.154135	0.141819	0.125285	0.0351537	0	3.366682	1.741186	0.8156761	0.1843239	55.10442
3380	1.04168	-21.2222	22.2638	0.0959509	0.904049	5.789084	0.958781	0.532927	0.468482	0.154821	0.140843	0.124575	0.0348117	0	4.38118	1.336689	0.9040491	0.0959509	21.71145
3390	2.41218	-21.0442	23.4564	0.605512	0.394488	5.243226	0.941126	0.526676	0.472946	0.155151	0.139469	0.124141	0.0364629	0	3.188673	1.65624	0.3944877	0.6055123	45.31479
3400	-0.663508	-19.8744	19.2109	0.502666	0.497334	6.102182	0.944461	0.527868	0.465586	0.151539	0.14234	0.124268	0.0359886	0	7.434163	1.927424	0.4973337	0.5026663	84.61048
3410	-0.237505	-21.5615	21.324	0.283369	0.716631	1.360099	0.948447	0.53188	0.470527	0.151868	0.141369	0.125287	0.0350385	0	5.321074	0.8767404	0.7166307	0.2833693	7.529053
3420	2.44362	-20.8496	23.2933	0.21893	0.78107	4.352751	0.951216	0.553202	0.469363	0.156775	0.144497	0.126029	0.0347998	0	3.351773	1.687895	0.7810698	0.2189302	48.74108
3430	0.909397	-20.8336	21.743	0.634266	0.365734	3.287238	0.953611	0.553899	0.46935	0.157223	0.145478	0.125492	0.0359268	0	4.902035	1.15758	0.3657345	0.6342655	14.37409
3440	1.5342	-23.5638	25.0979	0.787079	0.212921	8.750123	0.96217	0.545632	0.470825	0.156121	0.142754	0.123822	0.0358724	0	1.547075	1.9979	0.2129213	0.7870787	99.51772
3450	2.36908	-20.6375	23.0066	0.0736458	0.926354	4.369469	0.96537	0.527751	0.4775	0.154494	0.144707	0.124336	0.035767	0	3.638447	1.710375	0.9263542	0.07364583	51.33042
3460	2.21738	-20.5726	22.7899	0.0418421	0.958158	4.495901	0.963851	0.537054	0.473691	0.151813	0.14455	0.126396	0.0357671	0	3.855075	1.624857	0.9581579	0.04184209	42.15576
3470	1.67041	-20.2484	21.9188	0.514432	0.485568	5.433769	0.951177	0.549996	0.462055	0.15518	0.140101	0.126448	0.0350907	0	4.726188	1.741953	0.4855682	0.5144318	55.20178
3480	1.95111	-20.3287	22.2798	0.884342	0.115658	4.895949	0.962919	0.547971	0.46596	0.157576	0.141305	0.12758	0.0353543	0	4.365211	1.667125	0.1156579	0.8843421	46.46492
3490	0.154288	-23.5429	23.6972	0.344416	0.655584	0.3415356	0.940023	0.543571	0.466448	0.156982	0.141695	0.127843	0.0352979	0	2.947809	1.447986	0.6555844	0.3444156	28.05346
3500	0.0384681	-22.8323	22.8708	0.644745	0.355255	0.1040387	0.920912	0.550031	0.478384	0.1528	0.145151	0.12912	0.0359398	0	3.774224	1.513981	0.355255	0.644745	32.65735
3510	-0.461722	-24.7357	24.274	0.960233	0.039767	0.09231404	0.923553	0.543856	0.482065	0.154189	0.146191	0.127143	0.036066	0	2.371062	1.965892	0.03976702	0.960233	92.44692
3520	-1.34955	-23.8786	22.529	0.327262	0.672738	0.3596461	0.923497	0.536407	0.471223	0.156234	0.144329	0.124647	0.0356692	0	4.115997	0.5489146	0.6727383	0.3272617	3.539278
3530	1.15457	-21.3668	22.5214	0.22761	0.77239	1.330012	0.920995	0.550132	0.462191	0.155013	0.14504	0.122871	0.0350795	0	4.123653	1.919615	0.7723902	0.2276098	83.10272
3540	1.84225	-20.6917	22.5339	0.247435	0.752565	3.208286	0.919786	0.55291	0.466171	0.155688	0.139707	0.12392	0.0359962	0	4.111104	1.440721	0.7525651	0.2474349	27.58804
3550	-0.259869	-20.9762	20.7163	0.751089	0.248911	0.924811	0.921842	0.55001	0.460508	0.156387	0.14515	0.124375	0.035594	0	5.928713	1.059574	0.2489113	0.7510887	11.47028
3560	1.8637	-20.1781	22.0418	0.996184	0.00381622	4.310458	0.921174	0.552689	0.471967	0.15646	0.141552	0.126428	0.0360658	0	4.603221	1.645427	0.00381622	0.9961838	44.20046
3570	1.61447	-19.9051	21.5195	0.560926	0.439074	3.930753	0.932592	0.550619	0.470694	0.156331	0.14085	0.123112	0.035738	0	5.125477	1.84623	0.4390739	0.5609261	70.18262
3580	-1.87483	-26.0501	24.1753	0.357686	0.642314	12.83038	0.935858	0.54122	0.464821	0.155755	0.142469	0.124814	0.0353513	0	2.469753	1.88478	0.6423138	0.3576862	76.69721
3590	0.376847	-23.1222	23.499	0.885648	0.114352	5.565132	0.948754	0.537141	0.470155	0.158674	0.142285	0.127679	0.0362246	0	3.146006	1.106247	0.1143517	0.8856483	12.77166
3600	1.4887	-22.0416	23.5303	0.623935	0.376065	3.394084	0.923532	0.543013	0.46652	0.153998	0.142261	0.127585	0.0349423	0	3.114706	1.209439	0.3760649	0.6239351	16.19715
3610	1.00266	-19.7369	20.7395	0.793897	0.206103	2.946331	0.944712	0.532773	0.482854	0.155164	0.144974	0.126882	0.0347857	0	5.905486	1.853436	0.2061028	0.7938972	71.35698
3620	0.428061	-22.2767	22.7048	0.752614	0.247386	8.937294	0.962554	0.526534	0.461367	0.153518	0.146232	0.128964	0.0357403	0	3.940234	1.718099	0.2473859	0.7526141	52.25152
3630	1.97511	-20.5011	22.4762	0.014872	0.985128	2.926889	0.953923	0.535651	0.466305	0.153108	0.146365	0.127516	0.0348475	0	4.168823	1.909327	0.985128	0.01487196	81.15725
3640	-0.189799	-19.9936	19.8038	0.208889	0.791111	3.342013	0.947104	0.537535	0.472296	0.156758	0.142141	0.124492	0.0357826	0	6.84118	1.173499	0.7911106	0.2088894	14.91074
3650	2.20401	-21.5787	23.7827	0.134492	0.865508	7.045132	0.919151	0.552995	0.475042	0.155798	0.142448	0.125222	0.0352044	0	2.862353	1.966679	0.8655076	0.1344924	92.61452
3660	-1.14609	-24.3347	23.1886	0.315514	0.684486	8.602964	0.960074	0.539912	0.48223	0.155061	0.145369	0.124448	0.0365037	0	3.456451	1.225107	0.6844862	0.3155138	16.7922
3670	2.0479	-20.3281	22.376	0.502786	0.497214	4.194209	0.920354	0.551391	0.469747	0.154633	0.143157	0.123249	0.0362205	0	4.269024	1.645265	0.4972145	0.5027855	44.18401
3680	1.74514	-23.7315	25.4766	0.791996	0.208004	5.692092	0.92919	0.533582	0.467373	0.152023	0.144599	0.122754	0.0356405	0	1.168413	1.889294	0.2080039	0.7919961	77.49859
3690	2.05669	-20.8976	22.9543	0.475998	0.524002	2.779903	0.937472	0.534092	0.461156	0.152575	0.145913	0.124652	0.0351235	0	3.690735	1.706625	0.5240016	0.4759984	50.88914
3700	0.784937	-22.0692	22.8541	0.465598	0.534402	8.752235	0.922509	0.548907	0.461736	0.159241	0.14618	0.124716	0.034755	0	3.790928	1.838413	0.534402	0.465598	68.93071
3710	0.782517	-22.9489	23.7315	0.699516	0.300484	5.397724	0.943725	0.55171	0.467221	0.152331	0.146007	0.126463	0.0350709	0	2.913559	1.165944	0.3004842	0.6995158	14.65357
3720	1.93438	-22.1387	24.0731	0.154092	0.845908	2.420547	0.942352	0.535162	0.46536	0.154288	0.139416	0.123721	0.0352844	0	2.571923	1.761618	0.8459084	0.1540916	57.7588
3730	1.65298	-20.9373	22.5902	0.209116	0.790884	6.499751	0.947229	0.526323	0.46612	0.151598	0.141397	0.123143	0.035333	0	4.054795	1.642866	0.7908842	0.2091158	43.9406
3740	1.38982	-22.8546	24.2444	0.547159	0.452841	3.003164	0.957699	0.539971	0.461829	0.15542	0.140534	0.124294	0.0350485	0	2.400598	1.256211	0.4528413	0.5471587	18.03894
3750	1.19011	-22.478	23.6681	0.395269	0.604731	1.347606	0.924344	0.532925	0.4607	0.158594	0.141013	0.127149	0.0350269	0	2.976947	1.560772	0.6047311	0.3952689	36.37237
3760	1.23707	-23.199	24.4361	0.00166406	0.998336	1.859439	0.924204	0.529863	0.476587	0.159057	0.144578	0.127865	0.0351845	0	2.208934	1.545762	0.9983359	0.001664064	35.13682
3770	1.00396	-20.989	21.9929	0.897513	0.102487	1.379237	0.926221	0.532344	0.460649	0.153453	0.144616	0.127946	0.0354484	0	4.652075	1.697381	0.1024871	0.8975129	49.81744
3780	2.1595	-22.4747	24.6342	0.00365559	0.996344	3.587109	0.920369	0.531285	0.471078	0.154446	0.144049	0.128874	0.0352568	0	2.010799	1.672492	0.9963444	0.003655589	47.04272
3790	1.21542	-22.0865	23.3019	0.21548	0.78452	1.273489	0.955661	0.528752	0.463101	0.159306	0.13957	0.124268	0.0351768	0	3.343078	1.787591	0.7845201	0.2154799	61.31836
3800	2.37034	-20.8196	23.19	0.67303	0.32697	4.698754	0.960816	0.541595	0.467282	0.15761	0.142333	0.124497	0.0355377	0	3.455065	1.645917	0.3269701	0.6730299	44.25037
3810	1.30958	-20.6894	21.999	0.42195	0.57805	5.847245	0.942339	0.546887	0.46994	0.15677	0.142319	0.124384	0.0361153	0	4.646061	1.488817	0.5780497	0.4219503	30.81891
3820	0.478513	-22.5559	23.0344	0.580601	0.419399	9.002733	0.955279	0.553558	0.469554	0.156388	0.143342	0.125317	0.0364103	0	3.61064	1.664187	0.419399	0.580601	46.15166
3830	-0.577297	-21.419	20.8417	0.0129885	0.987012	2.440378	0.944359	0.541776	0.461504	0.156135	0.139916	0.125253	0.0359473	0	5.803327	0.8217357	0.9870115	0.01298849	6.633392
3840	-0.552476	-19.1797	18.6272	0.659884	0.340116	3.621675	0.955016	0.545311	0.46397	0.153135	0.141967	0.125606	0.035577	0	8.017779	1.650455	0.3401163	0.6598837	44.71521
3850	1.67298	-20.7928	22.4657	0.577458	0.422542	2.970166	0.946416	0.547204	0.463871	0.151569	0.139953	0.126485	0.0358678	0	4.179284	1.372411	0.4225419	0.5774581	23.5728
3860	-0.511105	-24.7517	24.2406	0.944991	0.0550089	6.927747	0.945086	0.543673	0.471936	0.15176	0.142423	0.127701	0.0355696	0	2.404402	1.139589	0.05500894	0.9449911	13.79078
3870	0.746668	-21.191	21.9377	0.0713677	0.928632	1.042763	0.941128	0.542395	0.481139	0.156183	0.142372	0.12473	0.0357712	0	4.707321	1.841885	0.9286323	0.07136771	69.48405
3880	1.64973	-21.1885	22.8382	0.00411299	0.995887	7.173096	0.928053	0.532989	0.480826	0.157472	0.141303	0.126731	0.0358567	0	3.80682	1.799693	0.995887	0.004112994	63.0511
3890	2.15863	-20.4184	22.577	0.143898	0.856102	4.969938	0.9261	0.540482	0.477511	0.158751	0.141901	0.122772	0.0348183	0	4.068018	1.770071	0.8561018	0.1438982	58.89405
3900	1.45019	-21.5544	23.0046	0.0149476	0.985052	5.530314	0.929269	0.534723	0.480198	0.155633	0.140731	0.127227	0.0351441	0	3.640393	1.328366	0.9850524	0.01494759	21.29933
3910	2.14771	-20.5155	22.6632	0.919402	0.0805981	5.43581	0.946515	0.537594	0.482552	0.15601	0.143127	0.127734	0.0356653	0	3.981793	1.848689	0.08059811	0.9194019	70.58123
3920	-0.252489	-24.0519	23.7994	0.135571	0.864429	2.903087	0.96032	0.536113	0.469719	0.156328	0.1405	0.1291	0.0349575	0	2.845586	0.7849986	0.864429	0.135571	6.09535
3930	1.9485	-20.1558	22.1043	0.92686	0.0731398	4.668914	0.951019	0.538892	0.461703	0.155798	0.141475	0.124108	0.0354103	0	4.540762	1.896163	0.07313978	0.9268602	78.73413
3940	1.05967	-21.9001	22.9597	0.437467	0.562533	6.840321	0.946766	0.533622	0.462719	0.151749	0.14113	0.12871	0.0348953	0	3.685306	1.413835	0.5625331	0.4374669	25.93195
3950	0.798246	-19.8161	20.6143	0.444604	0.555396	5.110273	0.937966	0.534853	0.472599	0.156076	0.143564	0.127302	0.0357665	0	6.030678	1.661869	0.5553957	0.4446043	45.906
3960	-0.833718	-19.4107	18.577	0.680807	0.319193	2.36023	0.951247	0.536277	0.476146	0.157339	0.144795	0.124325	0.035683	0	8.068048	1.353657	0.3191925	0.6808075	22.57654
3970	1.54932	-22.5288	24.0781	0.541856	0.458144	2.069924	0.963254	0.531616	0.46714	0.155494	0.142665	0.124468	0.0348033	0	2.566913	1.506273	0.4581444	0.5418556	32.08288
3980	2.42567	-21.0143	23.4399	0.223484	0.776516	4.748916	0.948002	0.541924	0.459945	0.156654	0.142314	0.123599	0.0356949	0	3.205094	1.627884	0.7765161	0.2234839	42.45065
3990	1.75659	-20.6724	22.4289	0.335921	0.664079	6.280546	0.960994	0.534538	0.462734	0.156867	0.139398	0.125109	0.0354384	0	4.216075	1.782276	0.664079	0.335921	60.57254
4000	0.757872	-24.8679	25.6257	0.221357	0.778643	9.039788	0.956019	0.533393	0.461719	0.154196	0.140371	0.126255	0.0353571	0	1.019286	1.961481	0.7786428	0.2213572	91.51258
4010	1.35541	-21.5139	22.8693	0.242603	0.757397	6.673246	0.944112	0.542699	0.463406	0.153818	0.141616	0.125732	0.035301	0	3.775708	1.47809	0.7573965	0.2426035	30.06698
4020	0.827106	-20.611	21.4381	0.309737	0.690263	1.693734	0.957699	0.538655	0.469784	0.154384	0.139723	0.128559	0.035086	0	5.206882	1.372599	0.6902628	0.3097372	23.58302
4030	1.59021	-20.3518	21.942	0.490391	0.509609	2.512586	0.941069	0.534703	0.469408	0.156522	0.139695	0.126412	0.0354135	0	4.703023	1.975489	0.5096091	0.4903909	94.51255
4040	2.35715	-21.3604	23.7175	0.94142	0.0585802	3.599567	0.935346	0.542678	0.473963	0.157472	0.141229	0.125643	0.035292	0	2.927483	1.612867	0.05858015	0.9414198	41.00784
4050	1.30714	-23.0807	24.3878	0.786896	0.213104	7.918068	0.925471	0.548854	0.480932	0.157237	0.146661	0.125605	0.0356115	0	2.257207	1.584209	0.2131035	0.7868965	38.38922
4060	2.17647	-20.6222	22.7987	0.782594	0.217406	5.443401	0.921329	0.552423	0.482265	0.159277	0.14221	0.12881	0.0354859	0	3.846346	1.735687	0.2174056	0.7825944	54.41103
4070	1.83237	-21.0621	22.8944	0.267456	0.732544	2.273152	0.922619	0.549429	0.474287	0.159215	0.144728	0.128408	0.0354678	0	3.750578	1.756903	0.7325436	0.2674564	57.1351
4080	1.17895	-24.4605	25.6395	0.468306	0.531694	5.041835	0.924945	0.548914	0.472914	0.158063	0.140692	0.124936	0.0358918	0	1.00556	1.84535	0.5316939	0.4683061	70.04059
4090	2.4173	-21.251	23.6683	0.278293	0.721707	3.350835	0.918501	0.541858	0.467165	0.157439	0.146623	0.126189	0.0358889	0	2.976756	1.818433	0.7217074	0.2782926	65.8314
4100	1.71535	-20.3165	22.0318	0.0737478	0.926252	3.158155	0.946748	0.536922	0.473978	0.15359	0.14226	0.127612	0.0349837	0	4.613183	1.547615	0.9262522	0.07374778	35.28702
4110	-0.430396	-20.3716	19.9412	0.343003	0.656997	0.8592491	0.917793	0.528029	0.466388	0.153781	0.144994	0.128568	0.0355189	0	6.703857	1.498417	0.6569973	0.3430027	31.50775
4120	0.422532	-20.8658	21.2884	0.385926	0.614074	0.9827523	0.950038	0.53357	0.470548	0.151651	0.145049	0.128937	0.0351905	0	5.356649	1.846356	0.6140742	0.3859258	70.20312
4130	1.19679	-22.8488	24.0456	0.543547	0.456453	9.067607	0.962199	0.547513	0.463322	0.15281	0.144362	0.126386	0.0363676	0	2.599446	1.843431	0.456453	0.543547	69.73178
4140	2.35957	-22.0098	24.3694	0.398373	0.601627	6.042995	0.929353	0.550049	0.460995	0.156895	0.14124	0.124766	0.0350108	0	2.27565	1.680087	0.6016268	0.3983732	47.87259
4150	-0.312445	-23.2263	22.9138	0.260904	0.739096	7.123781	0.922355	0.55044	0.46259	0.156416	0.141546	0.126964	0.035853	0	3.731214	1.171243	0.7390958	0.2609042	14.83347
4160	2.22892	-22.8392	25.0681	0.42181	0.57819	6.842792	0.922539	0.545225	0.461704	0.154193	0.141657	0.12555	0.0360543	0	1.576912	1.93353	0.5781898	0.4218102	85.80842
4170	-0.461723	-19.3589	18.8971	0.328901	0.671099	2.346884	0.918544	0.53666	0.469539	0.155923	0.140498	0.123553	0.036092	0	7.747881	1.738675	0.6710989	0.3289011	54.7867
4180	-0.174004	-23.5195	23.3455	0.41205	0.58795	1.511263	0.940277	0.553012	0.473189	0.153981	0.142096	0.125387	0.0363643	0	3.299544	0.7912866	0.5879505	0.4120495	6.184243
4190	1.02738	-22.4249	23.4523	0.0929435	0.907057	7.746773	0.931058	0.546977	0.469092	0.153945	0.143322	0.123528	0.0361028	0	3.192706	1.492009	0.9070565	0.09294349	31.04623
4200	-0.0270406	-25.0863	25.0592	0.0719552	0.928045	2.234418	0.960342	0.544268	0.468814	0.151713	0.141323	0.124642	0.0347727	0	1.585783	1.163081	0.9280448	0.0719552	14.5573
4210	2.24933	-20.4097	22.6591	0.217499	0.782501	3.856379	0.961296	0.537983	0.473846	0.158221	0.142846	0.125917	0.035437	0	3.985952	1.94434	0.7825007	0.2174993	87.97102
4220	1.66828	-23.1697	24.838	0.00437719	0.995623	2.84936	0.953602	0.54048	0.473667	0.157931	0.143137	0.122776	0.0349039	0	1.807069	1.716808	0.9956228	0.004377189	52.09642
4230	1.65448	-22.0956	23.7501	0.785611	0.214389	2.29616	0.94167	0.548791	0.464253	0.158976	0.146636	0.128447	0.0350685	0	2.894949	1.407582	0.2143894	0.7856106	25.56126
4240	0.0628367	-24.3109	24.3738	0.278153	0.721847	3.890729	0.938522	0.541731	0.461602	0.15682	0.141634	0.12724	0.0354147	0	2.271239	0.9556664	0.7218474	0.2781526	9.029556
4250	1.58361	-22.8393	24.4229	0.789875	0.210125	2.113666	0.93596	0.54025	0.474762	0.153846	0.140852	0.128046	0.0347749	0	2.222111	1.845914	0.2101248	0.7898752	70.13162
4260	2.60329	-21.1898	23.7931	0.613694	0.386306	5.637415	0.937754	0.534147	0.482344	0.153238	0.141445	0.128604	0.0348968	0	2.851929	1.941	0.3863056	0.6136944	87.29717
4270	1.23849	-20.4614	21.6999	0.662836	0.337164	2.017644	0.921478	0.543012	0.471439	0.158314	0.142384	0.126023	0.0355269	0	4.945092	1.689288	0.3371643	0.6628357	48.89765
4280	2.39758	-22.4424	24.8399	0.5143	0.4857	5.630964	0.919955	0.549605	0.480267	0.158547	0.145825	0.12451	0.0350481	0	1.805088	1.781164	0.4856998	0.5143002	60.41773
4290	-1.0781	-20.593	19.5149	0.647808	0.352192	0.3211751	0.920334	0.539859	0.479324	0.15696	0.144906	0.125725	0.0359086	0	7.130142	1.816772	0.3521919	0.6478081	65.58005
4300	0.0994973	-25.4772	25.5767	0.198964	0.801036	6.915075	0.949292	0.53095	0.475038	0.152938	0.143319	0.12418	0.0355323	0	1.068288	1.499475	0.8010356	0.1989644	31.5846
4310	2.40919	-20.9312	23.3404	0.300165	0.699835	3.731287	0.933515	0.532126	0.474345	0.15563	0.146199	0.123866	0.0360648	0	3.304637	1.697538	0.6998347	0.3001653	49.83538
4320	1.82555	-21.6433	23.4688	0.409458	0.590542	4.047757	0.938199	0.547428	0.480445	0.151947	0.14561	0.127722	0.0362557	0	3.176203	1.307844	0.5905419	0.4094581	20.31625
4330	1.10734	-21.9448	23.0521	0.751073	0.248927	1.151619	0.937424	0.54276	0.480374	0.153931	0.142475	0.128976	0.0360798	0	3.592907	1.898259	0.2489273	0.7510727	79.11512
4340	-0.237519	-22.8835	22.6459	0.463825	0.536175	5.009036	0.953743	0.540575	0.478369	0.153842	0.141256	0.125466	0.0352237	0	3.999082	0.9711607	0.5361746	0.4638254	9.357519
4350	1.6623	-22.8875	24.5497	0.647782	0.352218	2.309162	0.964919	0.549616	0.479745	0.151838	0.139737	0.126049	0.036256	0	2.095275	1.947088	0.3522184	0.6477816	88.52953
4360	2.49125	-21.018	23.5093	0.262701	0.737299	3.676146	0.938533	0.55365	0.477394	0.157924	0.140496	0.124384	0.0364773	0	3.135754	1.846424	0.7372989	0.2627011	70.21402
4370	1.65742	-21.2505	22.9079	0.993467	0.00653339	3.373595	0.94604	0.548041	0.471969	0.151985	0.142723	0.128218	0.0358825	0	3.737119	1.283984	0.006533388	0.9934666	19.2302
4380	1.31829	-20.4463	21.7646	0.757334	0.242666	2.082032	0.948515	0.545384	0.477827	0.152713	0.144529	0.126877	0.0348095	0	4.880437	1.926865	0.242666	0.757334	84.50165
4390	-1.73687	-19.8556	18.1187	0.930149	0.0698509	4.160343	0.935439	0.544065	0.481548	0.155453	0.141447	0.126535	0.0355118	0	8.526315	1.152787	0.06985086	0.9301491	14.21631
4400	1.94446	-22.3896	24.3341	0.43583	0.56417	6.968383	0.928031	0.533861	0.475324	0.153217	0.144016	0.124216	0.0353539	0	2.310925	1.626921	0.5641703	0.4358297	42.3566
4410	2.53633	-21.44	23.9763	0.411059	0.588941	3.662577	0.943779	0.541687	0.482085	0.156132	0.145111	0.125475	0.0355644	0	2.668676	1.918899	0.5889414	0.4110586	82.96586
4420	1.8457	-23.1219	24.9676	0.711574	0.288426	3.677064	0.932923	0.532293	0.478441	0.157054	0.145791	0.123989	0.0364835	0	1.677423	1.652637	0.288426	0.711574	44.94042
4430	0.83225	-24.7238	25.556	0.751915	0.248085	3.776739	0.923	0.537173	0.464659	0.156145	0.144429	0.127229	0.0354382	0	1.088989	1.754778	0.2480845	0.7519155	56.85616
4440	0.944319	-19.9803	20.9246	0.815335	0.184665	5.528043	0.932125	0.528175	0.481873	0.154052	0.141808	0.128084	0.0349125	0	5.720429	1.73467	0.1846654	0.8153346	54.28383
4450	1.75017	-21.607	23.3572	0.650521	0.349479	5.259871	0.94522	0.538089	0.473375	0.155094	0.146327	0.128338	0.0364368	0	3.287855	1.365295	0.3494791	0.6505209	23.18972
4460	1.99208	-21.4405	23.4326	0.0633493	0.936651	7.14098	0.928069	0.535867	0.472349	0.152554	0.146265	0.129044	0.0362791	0	3.21245	1.825245	0.9366507	0.0633493	66.87208
4470	-0.453187	-22.8936	22.4404	0.206533	0.793467	8.714961	0.932015	0.53399	0.473636	0.151964	0.143594	0.127382	0.0363293	0	4.204613	1.420423	0.7934671	0.2065329	26.32828
4480	0.759425	-19.8817	20.6412	0.0417882	0.958212	2.616157	0.96171	0.531823	0.476985	0.155234	0.140261	0.122884	0.0352796	0	6.003863	1.469168	0.9582118	0.04178816	29.45558
4490	-1.79061	-26.2223	24.4317	0.565852	0.434148	0.3770136	0.941418	0.549048	0.46941	0.159142	0.14389	0.127089	0.0355195	0	2.213329	0.6760889	0.4341483	0.5658517	4.74339
4500	0.610587	-20.9774	21.5879	0.941732	0.0582676	1.050503	0.953794	0.55359	0.474461	0.157305	0.141303	0.125002	0.0351559	0	5.057085	1.898169	0.05826755	0.9417324	79.09869
4510	-0.889489	-19.7512	18.8618	0.4551	0.5449	3.484847	0.943111	0.530023	0.476828	0.157301	0.14446	0.123576	0.0355001	0	7.783267	1.181232	0.5448997	0.4551003	15.1786
4520	2.09602	-22.5677	24.6637	0.933571	0.0664288	3.20764	0.939155	0.538345	0.477354	0.159066	0.14214	0.123805	0.036268	0	1.981282	1.827538	0.06642877	0.9335712	67.2261
4530	0.198208	-23.935	24.1332	0.778471	0.221529	9.144015	0.935482	0.527413	0.481293	0.156889	0.143938	0.123893	0.0361451	0	2.511851	1.522638	0.2215289	0.7784711	33.31484
4540	2.19499	-22.6199	24.8149	0.317831	0.682169	4.067745	0.928648	0.528597	0.470885	0.155258	0.143343	0.123439	0.0365261	0	1.830144	1.698562	0.682169	0.317831	49.95308
4550	2.13619	-20.2545	22.3907	0.812983	0.187017	4.267226	0.948949	0.533667	0.461298	0.156142	0.142663	0.127435	0.0361383	0	4.254294	1.942586	0.1870168	0.8129832	87.61662
4560	2.52315	-22.0725	24.5957	0.364041	0.635959	4.466068	0.93537	0.551988	0.464553	0.155394	0.142004	0.1277	0.035309	0	2.049333	1.814474	0.6359587	0.3640413	65.23397
4570	1.44088	-22.3169	23.7578	0.361972	0.638028	3.834827	0.936993	0.531294	0.474642	0.15632	0.141305	0.124067	0.0347366	0	2.887242	1.203453	0.6380278	0.3619722	15.97546
4580	2.47333	-22.0707	24.5441	0.970301	0.0296994	4.130806	0.939637	0.531248	0.472366	0.154573	0.141955	0.127657	0.0352107	0	2.100972	1.803582	0.02969945	0.9703006	63.6183
4590	-5.22562	-22.428	17.2024	0.580398	0.419602	10.21675	0.928579	0.550154	0.473499	0.154572	0.146067	0.123277	0.0352139	0	9.442609	1.721867	0.4196017	0.5803983	52.70683
4600	2.35999	-22.5516	24.9116	0.344383	0.655617	4.883724	0.932812	0.543218	0.470746	0.158728	0.142885	0.123538	0.0347286	0	1.733434	1.80529	0.6556175	0.3443825	63.86895
4610	2.35925	-21.3212	23.6805	0.593956	0.406044	3.138632	0.927669	0.532189	0.460817	0.15447	0.141168	0.127166	0.0363145	0	2.96453	1.874414	0.4060438	0.5939562	74.88835
4620	2.19472	-22.2228	24.4175	0.140663	0.859337	7.471422	0.926322	0.52921	0.473341	0.155453	0.141717	0.128233	0.0361013	0	2.227521	1.935185	0.8593368	0.1406632	86.13604
4630	1.64323	-21.6099	23.2531	0.266683	0.733317	5.374951	0.926719	0.533687	0.479918	0.157993	0.139698	0.127136	0.0361559	0	3.391907	1.347992	0.7333171	0.2666829	22.28396
4640	1.08692	-20.8871	21.974	0.713959	0.286041	7.114965	0.938237	0.538129	0.481089	0.159474	0.139553	0.124871	0.0359835	0	4.671024	1.754699	0.2860407	0.7139593	56.84594
4650	2.49833	-21.1021	23.6004	0.201966	0.798034	4.439301	0.920396	0.530329	0.46499	0.153946	0.143699	0.126995	0.0350211	0	3.044577	1.665103	0.7980339	0.2019661	46.2491
4660	0.254404	-20.1161	20.3705	0.497554	0.502446	2.799079	0.955377	0.551122	0.481036	0.155125	0.145701	0.125484	0.0354919	0	6.274508	1.196887	0.5024459	0.4975541	15.73575
4670	1.34217	-20.7115	22.0536	0.2341	0.7659	6.441771	0.937281	0.548839	0.471866	0.159317	0.146171	0.123968	0.0353499	0	4.591397	1.632512	0.7658997	0.2341003	42.90539
4680	-0.0526167	-23.3941	23.3415	0.00734959	0.99265	3.474159	0.955845	0.547129	0.481511	0.157647	0.142928	0.12488	0.0356701	0	3.303559	0.8242436	0.9926504	0.007349586	6.671809
4690	0.638335	-23.174	23.8123	0.212643	0.787357	0.761275	0.924434	0.549491	0.472999	0.157808	0.141878	0.125703	0.0355931	0	2.832732	1.833293	0.7873567	0.2126433	68.12281
4700	-1.08577	-19.9143	18.8286	0.109607	0.890393	1.02829	0.924388	0.553811	0.465355	0.157248	0.140233	0.123574	0.0348861	0	7.81645	1.411042	0.8903932	0.1096068	25.76572
4710	2.1364	-22.7606	24.897	0.406998	0.593002	7.409878	0.935654	0.546788	0.46823	0.155865	0.139414	0.124548	0.036051	0	1.748012	1.909191	0.5930021	0.4069979	81.13169
4720	1.00462	-24.4618	25.4664	0.567427	0.432573	5.489418	0.94898	0.544688	0.461853	0.154685	0.141554	0.123222	0.0348809	0	1.178598	1.580393	0.4325729	0.5674271	38.05335
4730	1.80371	-23.3864	25.1901	0.718663	0.281337	8.021982	0.920123	0.544774	0.466278	0.158977	0.140104	0.122759	0.0358407	0	1.454876	1.98706	0.2813365	0.7186635	97.06434
4740	-2.21604	-27.9886	25.7725	0.0575684	0.942432	10.4952	0.931743	0.542964	0.460841	0.159281	0.139816	0.124409	0.0365501	0	0.8724966	1.589404	0.9424316	0.05756842	38.85118
4750	2.39159	-22.2173	24.6089	0.357105	0.642895	5.152997	0.958638	0.527706	0.461126	0.159006	0.139504	0.124599	0.0348258	0	2.036128	1.674106	0.6428954	0.3571046	47.21785
4760	-0.305527	-25.1374	24.8319	0.712031	0.287969	1.612924	0.947897	0.528273	0.473701	0.157684	0.141408	0.123202	0.0347312	0	1.813157	1.095302	0.2879688	0.7120312	12.4538
4770	1.3425	-21.3071	22.6496	0.165955	0.834045	1.54368	0.955267	0.545194	0.467891	0.158677	0.140948	0.1235	0.0355562	0	3.995414	1.917669	0.8340455	0.1659545	82.73104
4780	1.46855	-19.8505	21.3191	0.224356	0.775644	3.692922	0.94787	0.538344	0.46052	0.156816	0.143429	0.128507	0.0362099	0	5.325927	1.771426	0.7756443	0.2243557	59.07801
4790	1.26489	-21.0342	22.2991	0.715291	0.284709	5.589855	0.963497	0.543298	0.462324	0.15726	0.142059	0.12697	0.0362507	0	4.345895	1.371858	0.2847092	0.7152908	23.54278
4800	1.84696	-22.8311	24.6781	0.703551	0.296449	3.617213	0.938764	0.546105	0.460164	0.157485	0.141014	0.127404	0.0356158	0	1.966961	1.498197	0.296449	0.703551	31.49178
4810	1.588	-21.0057	22.5937	0.248561	0.751439	2.012908	0.926008	0.547156	0.467406	0.156475	0.14334	0.126096	0.0351335	0	4.051305	1.650471	0.7514393	0.2485607	44.71679
4820	1.55609	-21.7566	23.3127	0.966784	0.0332163	1.716222	0.950485	0.540806	0.47142	0.155708	0.145457	0.126563	0.0361753	0	3.33235	1.746257	0.03321632	0.9667837	55.75152
4830	-1.21517	-25.4276	24.2125	0.643149	0.356851	12.24231	0.935707	0.543189	0.460941	0.154606	0.144799	0.125407	0.0358293	0	2.432567	1.924619	0.3568506	0.6431494	84.06565
4840	1.07956	-21.6823	22.7618	0.771105	0.228895	2.95016	0.956233	0.551817	0.469205	0.158783	0.139642	0.123054	0.0353452	0	3.883193	1.108004	0.2288951	0.7711049	12.82343
4850	2.02502	-23.3099	25.3349	0.618641	0.381359	6.005625	0.963379	0.539785	0.472341	0.157984	0.143828	0.123861	0.0359955	0	1.310116	1.903772	0.3813588	0.6186412	80.12574
4860	0.920219	-22.1385	23.0588	0.265291	0.734709	6.134159	0.950581	0.532855	0.480129	0.158485	0.139671	0.127168	0.0360528	0	3.586273	1.266807	0.7347093	0.2652907	18.48447
4870	0.316273	-19.8648	20.1811	0.724333	0.275667	2.540484	0.957962	0.535278	0.482976	0.153488	0.143433	0.127863	0.0363352	0	6.463964	1.321704	0.2756673	0.7243327	20.97512
4880	-0.131441	-25.6334	25.5019	0.800566	0.199434	10.02249	0.950226	0.542859	0.479181	0.155478	0.140295	0.128818	0.0358394	0	1.143087	1.802247	0.1994343	0.8005657	63.42299
4890	0.417396	-25.1877	25.6051	0.113511	0.886489	9.532324	0.934466	0.55266	0.476199	0.158183	0.141053	0.124577	0.0355424	0	1.03995	1.907641	0.8864891	0.1135109	80.84268
4900	-1.2711	-22.7335	21.4624	0.200102	0.799898	4.446379	0.941467	0.55261	0.470606	0.154184	0.141793	0.124055	0.0360619	0	5.182656	0.8110002	0.7998979	0.2001021	6.471429
4910	-0.566163	-26.4866	25.9205	0.087256	0.912744	7.447097	0.959991	0.552498	0.468194	0.158642	0.14001	0.125629	0.0363978	0	0.7245576	1.675024	0.912744	0.08725596	47.31774
4920	1.95216	-21.0886	23.0408	0.671274	0.328726	6.581317	0.949469	0.540945	0.473764	0.158626	0.145822	0.122886	0.0360919	0	3.604232	1.721302	0.3287262	0.6712738	52.63827
4930	1.6556	-20.5009	22.1565	0.710422	0.289578	4.220548	0.949798	0.549441	0.477751	0.155957	0.140752	0.124434	0.0349868	0	4.488512	1.425587	0.2895784	0.7104216	26.64326
4940	1.18984	-20.1596	21.3494	0.465062	0.534938	4.408353	0.961435	0.552844	0.483174	0.155296	0.143816	0.123804	0.0348615	0	5.295578	1.430956	0.5349379	0.4650621	26.97464
4950	2.03649	-20.6975	22.734	0.181037	0.818963	2.83645	0.926248	0.53815	0.462927	0.15602	0.142059	0.123662	0.0350049	0	3.911045	1.82737	0.8189627	0.1810373	67.20007
4960	0.443839	-22.0949	22.5387	0.687125	0.312875	0.7579933	0.943074	0.532782	0.46673	0.158163	0.140984	0.127513	0.0350741	0	4.106326	1.184883	0.3128747	0.6871253	15.30676
4970	2.09152	-20.7071	22.7986	0.816671	0.183329	4.378301	0.9386	0.541023	0.467212	0.158913	0.145409	0.128145	0.0347389	0	3.846428	1.525897	0.1833293	0.8166707	33.56579
4980	0.431447	-20.5335	20.9649	0.485954	0.514046	3.649562	0.938971	0.54791	0.478128	0.158282	0.14631	0.1286	0.0348104	0	5.680103	1.156612	0.5140458	0.4859542	14.34208
4990	0.762169	-20.8717	21.6339	0.824769	0.175231	1.399956	0.936213	0.540403	0.471761	0.156639	0.143336	0.12522	0.0358125	0	5.011152	1.364235	0.1752314	0.8247686	23.13314
5000	-0.102583	-22.8545	22.7519	0.697869	0.302131	0.03435625	0.936148	0.553452	0.48046	0.158799	0.143447	0.127875	0.0352834	0	3.893096	1.283236	0.3021307	0.6978693	19.19712
