Iteration	Posterior	Likelihood	Prior	clado_type_probs[1]	clado_type_probs[2]	distance_scale	epoch_times[1]	epoch_times[2]	epoch_times[3]	epoch_times[4]	epoch_times[5]	epoch_times[6]	epoch_times[7]	epoch_times[8]	extirpation_rate	log10_rate_bg	p_allopatry	p_sympatry	rate_bg
0	-52.3063	-77.0334	24.727	0.349536	0.650464	0.01	0.806742	0.617616	0.278042	0.216943	0.191468	0.186164	0.0222424	0	1.853899	-2	0.6504642	0.3495358	0.01
10	-0.550136	-24.5003	23.9501	0.280447	0.719553	0.004234558	0.821161	0.600199	0.276127	0.222974	0.186519	0.18556	0.0229819	0	2.630802	1.497797	0.7195527	0.2804473	31.46277
20	-0.86558	-21.1885	20.3229	0.0185216	0.981478	0.04589663	0.809574	0.595772	0.277498	0.22206	0.191316	0.19127	0.0230147	0	6.25803	1.92938	0.9814784	0.0185216	84.99246
30	-0.17366	-21.9951	21.8214	0.806186	0.193814	0.09372638	0.822237	0.620556	0.279029	0.220399	0.193559	0.184371	0.0232679	0	4.759521	1.922767	0.1938137	0.8061863	83.70793
40	-0.227209	-21.8948	21.6676	0.667546	0.332454	0.09467493	0.829786	0.609253	0.281726	0.221379	0.194385	0.18328	0.0232769	0	4.913342	1.662896	0.3324543	0.6675457	46.01462
50	-4.07456	-21.1102	17.0357	0.604588	0.395412	0.1732803	0.836516	0.611431	0.286408	0.224424	0.19199	0.186055	0.0227787	0	9.545255	0.7119288	0.3954119	0.6045881	5.151441
60	-1.44527	-20.3683	18.923	0.430514	0.569486	0.3049221	0.810559	0.611791	0.286946	0.220868	0.187363	0.186322	0.0228596	0	7.657933	1.843166	0.569486	0.430514	69.68933
70	-0.015494	-20.4749	20.4594	0.384952	0.615048	0.8179813	0.8155	0.618174	0.280269	0.225216	0.186517	0.187707	0.0229134	0	6.121522	1.930349	0.6150481	0.3849519	85.1822
80	0.372776	-20.7766	21.1494	0.615855	0.384145	6.903471	0.825776	0.614123	0.282171	0.222873	0.189339	0.184347	0.0230126	0	5.431528	1.722485	0.3841455	0.6158545	52.78186
90	-0.338647	-21.2979	20.9592	0.267623	0.732377	7.296937	0.808988	0.620279	0.28684	0.218298	0.188874	0.185886	0.0229817	0	5.621718	1.672213	0.7323773	0.2676227	47.01246
100	2.41065	-19.5824	21.993	0.93994	0.0600601	3.460414	0.806979	0.604286	0.283849	0.222368	0.189796	0.185454	0.0230145	0	4.587884	1.768136	0.0600601	0.9399399	58.63216
110	2.51612	-20.1945	22.7106	0.676953	0.323047	3.597853	0.825312	0.595138	0.275937	0.221181	0.188818	0.184715	0.0232754	0	3.870315	1.499845	0.3230466	0.6769534	31.61148
120	3.13934	-21.6462	24.7856	0.244346	0.755654	5.992433	0.80986	0.599612	0.279924	0.22481	0.185516	0.186875	0.0232693	0	1.795361	1.992757	0.755654	0.244346	98.34615
130	3.00806	-19.7001	22.7081	0.788447	0.211553	4.590476	0.844933	0.601191	0.28227	0.224524	0.186511	0.192097	0.0231987	0	3.872784	1.973692	0.211553	0.788447	94.12225
140	2.23129	-19.9804	22.2117	0.649108	0.350892	2.634778	0.836883	0.618543	0.285786	0.221684	0.192622	0.189827	0.023183	0	4.369267	1.947591	0.3508917	0.6491083	88.63204
150	2.79265	-21.3043	24.0969	0.164527	0.835473	3.504927	0.820092	0.622205	0.279013	0.217574	0.191451	0.186727	0.0230218	0	2.484	1.55225	0.8354729	0.1645271	35.66562
160	2.81422	-22.334	25.1482	0.141457	0.858543	5.350821	0.81772	0.617684	0.286425	0.217146	0.190448	0.184077	0.0226919	0	1.432704	1.852906	0.8585425	0.1414575	71.26982
170	3.08444	-20.91	23.9945	0.535271	0.464729	3.389729	0.847127	0.606471	0.286439	0.22088	0.188638	0.189069	0.0221756	0	2.586447	1.948586	0.4647288	0.5352712	88.83543
180	3.23953	-21.609	24.8485	0.199412	0.800588	5.431295	0.82531	0.602386	0.282065	0.223089	0.191201	0.186053	0.0221751	0	1.732411	1.994699	0.8005879	0.1994121	98.7868
190	2.39198	-21.7042	24.0962	0.991013	0.00898667	3.157683	0.815046	0.597855	0.280392	0.21773	0.192346	0.185422	0.0225882	0	2.484751	1.429404	0.008986673	0.9910133	26.87845
200	1.58345	-20.555	22.1385	0.128118	0.871882	3.11743	0.80741	0.594139	0.284491	0.225775	0.191316	0.185173	0.0232164	0	4.442441	1.210199	0.8718815	0.1281185	16.22555
210	3.07956	-20.2465	23.3261	0.443241	0.556759	5.057747	0.82678	0.603675	0.28833	0.227377	0.190913	0.186819	0.0230314	0	3.254822	1.799086	0.5567588	0.4432412	62.96307
220	2.4077	-21.6112	24.0189	0.906553	0.0934472	6.891721	0.830272	0.609725	0.287452	0.227301	0.191391	0.186174	0.0232528	0	2.561999	1.877375	0.09344717	0.9065528	75.40059
230	2.32581	-21.9215	24.2473	0.796283	0.203717	3.618765	0.842791	0.61165	0.28587	0.228074	0.192986	0.184739	0.0231976	0	2.333669	1.37528	0.2037169	0.7962831	23.72904
240	2.75291	-19.4838	22.2367	0.654849	0.345151	4.342899	0.825165	0.604026	0.285678	0.226822	0.189103	0.188245	0.0231257	0	4.344203	1.996213	0.3451515	0.6548485	99.1318
250	3.34802	-20.7376	24.0856	0.674455	0.325545	5.574773	0.837529	0.607844	0.280549	0.220735	0.194911	0.189853	0.0227905	0	2.4953	1.99606	0.325545	0.674455	99.09696
260	1.4325	-20.2715	21.704	0.580361	0.419639	6.311094	0.847837	0.594279	0.274314	0.223459	0.194802	0.187692	0.0223972	0	4.87692	1.782666	0.4196395	0.5803605	60.627
270	2.63477	-22.2608	24.8956	0.974017	0.0259827	6.341739	0.846791	0.600672	0.278146	0.221752	0.192093	0.192116	0.0224869	0	1.68538	1.851864	0.02598273	0.9740173	71.09907
280	2.93238	-21.0232	23.9556	0.73417	0.26583	3.241353	0.840929	0.598431	0.276439	0.224712	0.194053	0.186798	0.0227229	0	2.625331	1.756827	0.2658302	0.7341698	57.12516
290	1.28556	-23.0651	24.3507	0.0631647	0.936835	7.181377	0.848576	0.606447	0.2777	0.222226	0.194936	0.184321	0.0227648	0	2.230269	1.572577	0.9368353	0.06316473	37.37468
300	1.6042	-19.5302	21.1344	0.369891	0.630109	2.621722	0.826143	0.620417	0.280985	0.218598	0.192819	0.187534	0.0226551	0	5.446532	1.798218	0.6301089	0.3698911	62.83733
310	1.65081	-21.1254	22.7762	0.230124	0.769876	1.62283	0.808354	0.620932	0.278683	0.216977	0.19277	0.188691	0.0227425	0	3.804726	1.596397	0.7698757	0.2301243	39.48183
320	3.09508	-21.8475	24.9426	0.68963	0.31037	5.555805	0.829747	0.613611	0.282894	0.220892	0.190073	0.191742	0.0221574	0	1.638314	1.946068	0.3103699	0.6896301	88.32191
330	1.74455	-23.7117	25.4563	0.448163	0.551837	5.369216	0.828276	0.608016	0.284213	0.220177	0.194393	0.18934	0.0221264	0	1.124682	1.639525	0.5518368	0.4481632	43.60384
340	-2.41337	-24.2267	21.8134	0.913045	0.0869552	7.222178	0.806631	0.620473	0.280735	0.223649	0.19487	0.191984	0.0229354	0	4.767583	1.132513	0.08695521	0.9130448	13.56791
350	-0.547947	-20.9435	20.3956	0.842988	0.157012	5.623822	0.836369	0.614664	0.286707	0.217935	0.194884	0.185785	0.0231543	0	6.185344	1.259869	0.1570123	0.8429877	18.19153
360	2.03331	-21.092	23.1253	0.973535	0.0264652	3.567539	0.834413	0.616868	0.288276	0.219015	0.194677	0.185879	0.0230064	0	3.455635	1.275213	0.02646523	0.9735348	18.84574
370	2.88711	-22.0133	24.9004	0.603874	0.396126	4.843387	0.823243	0.60892	0.28831	0.22072	0.18699	0.185577	0.0221787	0	1.680521	1.744644	0.3961263	0.6038737	55.54486
380	2.74639	-19.602	22.3484	0.664618	0.335382	3.94776	0.822395	0.59592	0.281735	0.221032	0.193825	0.183948	0.023233	0	4.232569	1.879909	0.3353822	0.6646178	75.84193
390	0.00695539	-20.8099	20.8169	0.56601	0.43399	0.636486	0.837603	0.598911	0.285294	0.221445	0.189657	0.186479	0.0232195	0	5.764029	1.748224	0.4339904	0.5660096	56.00458
400	3.02093	-21.2224	24.2434	0.80814	0.19186	3.703793	0.842951	0.619112	0.283652	0.227903	0.190108	0.191615	0.0231712	0	2.337582	1.695864	0.19186	0.80814	49.64374
410	1.4973	-21.071	22.5684	0.628592	0.371408	1.841418	0.842842	0.620406	0.278934	0.225195	0.188801	0.185041	0.0230082	0	4.012582	1.320417	0.3714083	0.6285917	20.91301
420	0.358314	-18.899	19.2573	0.759844	0.240156	2.811264	0.824981	0.59713	0.277842	0.222776	0.187958	0.183382	0.0231679	0	7.323611	1.902724	0.240156	0.759844	79.93258
430	2.08927	-23.0205	25.1098	0.92579	0.0742103	4.716237	0.81488	0.605718	0.280305	0.226352	0.19296	0.182823	0.0232285	0	1.471127	1.523251	0.07421027	0.9257897	33.36193
440	3.328	-20.3074	23.6354	0.697986	0.302014	4.395624	0.821627	0.592671	0.276383	0.218994	0.190226	0.183424	0.0226648	0	2.945525	1.910174	0.3020141	0.6979859	81.31568
450	2.48784	-20.1194	22.6073	0.388654	0.611346	4.751768	0.818205	0.592794	0.283737	0.217369	0.192235	0.184852	0.0225349	0	3.97366	1.584447	0.6113457	0.3886543	38.41024
460	1.01551	-22.0057	23.0212	0.833986	0.166014	5.065775	0.820594	0.60541	0.284453	0.220868	0.191287	0.18793	0.0227014	0	3.559727	1.201083	0.166014	0.833986	15.8885
470	2.39725	-20.8122	23.2095	0.123589	0.876411	5.897553	0.814831	0.599076	0.282852	0.218492	0.194011	0.19148	0.0229203	0	3.371432	1.66558	0.8764112	0.1235888	46.29992
480	2.17128	-20.3332	22.5045	0.726411	0.273589	6.308639	0.828817	0.599205	0.281708	0.218001	0.194403	0.185107	0.0225493	0	4.076459	1.901393	0.2735886	0.7264114	79.68801
490	1.55	-19.1381	20.6881	0.711974	0.288026	3.668417	0.84412	0.603653	0.287189	0.223313	0.189949	0.184719	0.0230797	0	5.892808	1.669903	0.2880258	0.7119742	46.76304
500	0.807711	-19.7804	20.5881	0.578962	0.421038	2.474635	0.814961	0.605611	0.279778	0.228095	0.188506	0.18443	0.0230405	0	5.9928	1.293144	0.4210377	0.5789623	19.6401
510	1.07704	-23.7863	24.8633	0.574638	0.425362	5.484871	0.819007	0.598495	0.283059	0.220254	0.194437	0.185635	0.0223477	0	1.717627	1.305574	0.4253619	0.5746381	20.21037
520	2.19158	-22.2012	24.3928	0.369877	0.630123	7.263421	0.818391	0.600402	0.285906	0.21974	0.190982	0.184399	0.0230437	0	2.188102	1.902852	0.630123	0.369877	79.9561
530	1.92138	-21.0371	22.9585	0.844065	0.155935	5.748393	0.821787	0.618396	0.283023	0.220343	0.191231	0.184336	0.0225454	0	3.622407	1.515617	0.155935	0.844065	32.78059
540	1.6788	-23.2275	24.9063	0.0245765	0.975423	2.242431	0.813271	0.614424	0.282039	0.219851	0.192489	0.184257	0.0224952	0	1.674662	1.981124	0.9754235	0.02457651	95.74673
550	2.06476	-20.5153	22.58	0.272868	0.727132	3.462746	0.808253	0.612626	0.275925	0.217585	0.1934	0.187212	0.0228912	0	4.000904	1.321848	0.7271323	0.2728677	20.98203
560	2.59579	-20.3039	22.8996	0.789	0.211	3.987883	0.818815	0.613485	0.274706	0.223353	0.192213	0.188858	0.022259	0	3.681289	1.515057	0.2110001	0.7889999	32.73839
570	2.83607	-22.3087	25.1448	0.953605	0.0463952	4.890806	0.832388	0.592503	0.282495	0.220396	0.1925	0.187826	0.0224743	0	1.436131	1.855833	0.04639522	0.9536048	71.75178
580	2.10702	-20.7609	22.868	0.763794	0.236206	3.002872	0.832302	0.604013	0.286117	0.219934	0.188827	0.186663	0.0227333	0	3.712966	1.335856	0.2362061	0.7637939	21.66988
590	1.22517	-20.9169	22.1421	0.812863	0.187137	6.294998	0.832515	0.597979	0.287696	0.227937	0.192799	0.184661	0.0224748	0	4.438873	1.575797	0.1871373	0.8128627	37.65281
600	3.3071	-20.1375	23.4446	0.334753	0.665247	4.595438	0.84303	0.607484	0.280725	0.226452	0.190955	0.18468	0.022137	0	3.136333	1.969194	0.6652468	0.3347532	93.15244
610	1.93688	-20.6866	22.6235	0.153348	0.846652	1.952408	0.837784	0.607252	0.27811	0.222146	0.192844	0.183822	0.0222026	0	3.957474	1.849448	0.8466517	0.1533483	70.70464
620	1.70689	-22.3194	24.0263	0.875825	0.124175	2.246809	0.830148	0.616259	0.278134	0.218774	0.19131	0.183349	0.0221605	0	2.554678	1.324662	0.1241746	0.8758254	21.11847
630	2.74429	-22.2547	24.999	0.436323	0.563677	5.684395	0.810443	0.613505	0.277075	0.224695	0.191616	0.184619	0.0221522	0	1.581976	1.795867	0.5636773	0.4363227	62.49812
640	0.286634	-22.6191	22.9057	0.86591	0.13409	1.443181	0.807381	0.605428	0.28208	0.219829	0.187524	0.187422	0.0227695	0	3.675247	0.9493378	0.1340903	0.8659097	8.898929
650	2.5595	-21.5299	24.0894	0.652117	0.347883	3.168765	0.806983	0.612638	0.27685	0.217435	0.188796	0.187143	0.0224401	0	2.491573	1.503042	0.347883	0.652117	31.84508
660	3.26993	-20.714	23.984	0.315506	0.684494	5.081922	0.816854	0.609848	0.283244	0.218539	0.191063	0.187515	0.0223318	0	2.596963	1.836686	0.684494	0.315506	68.6572
670	3.02254	-20.2338	23.2563	0.991004	0.00899571	3.648549	0.822118	0.594741	0.279631	0.219556	0.194473	0.185361	0.0224524	0	3.324638	1.789912	0.008995714	0.9910043	61.64704
680	2.65626	-19.6144	22.2707	0.652889	0.347111	3.728639	0.825899	0.597871	0.276135	0.221936	0.193923	0.191681	0.0224722	0	4.310239	1.87212	0.347111	0.652889	74.49376
690	1.37454	-19.2486	20.6232	0.947026	0.0529742	2.842498	0.840364	0.601929	0.278123	0.218326	0.190281	0.184572	0.0226846	0	5.957783	1.914641	0.05297416	0.9470258	82.15626
700	2.50798	-21.9258	24.4338	0.757325	0.242675	3.287043	0.837415	0.606988	0.280906	0.217391	0.193289	0.185103	0.0222041	0	2.147173	1.529054	0.2426753	0.7573247	33.81068
710	2.76984	-21.3773	24.1472	0.369996	0.630004	3.128816	0.835092	0.594945	0.281054	0.221399	0.191494	0.188626	0.0228796	0	2.433758	1.668013	0.6300038	0.3699962	46.55996
720	3.29456	-20.8782	24.1727	0.93129	0.0687101	3.906848	0.836506	0.60744	0.281718	0.227855	0.188158	0.192201	0.0228082	0	2.408199	1.955754	0.06871012	0.9312899	90.31387
730	1.51506	-22.8887	24.4038	0.509707	0.490293	6.178966	0.842016	0.606156	0.286904	0.225496	0.193732	0.189529	0.0222892	0	2.17716	1.436057	0.4902925	0.5097075	27.29335
740	1.39198	-20.3366	21.7286	0.51698	0.48302	1.718836	0.843302	0.619057	0.284341	0.227239	0.193068	0.187549	0.0224312	0	4.852362	1.765853	0.4830196	0.5169804	58.32475
750	3.05772	-20.581	23.6387	0.701201	0.298799	3.592733	0.846804	0.60822	0.285238	0.221846	0.185678	0.183575	0.0229203	0	2.942191	1.741923	0.2987993	0.7012007	55.1979
760	2.01283	-22.5303	24.5431	0.80098	0.19902	6.977819	0.822052	0.592461	0.284381	0.219899	0.185918	0.188876	0.0231252	0	2.037844	1.746451	0.1990196	0.8009804	55.7765
770	1.02111	-20.0369	21.058	0.672907	0.327093	1.69367	0.818475	0.597898	0.281419	0.220083	0.188559	0.185931	0.0227986	0	5.522974	1.763633	0.3270929	0.6729071	58.02739
780	1.72881	-22.0758	23.8046	0.237185	0.762815	1.678999	0.820423	0.61023	0.274567	0.220852	0.189348	0.187105	0.0224771	0	2.776294	1.626391	0.7628146	0.2371854	42.30497
790	0.267057	-24.72	24.987	0.520644	0.479356	2.115265	0.840348	0.592507	0.275406	0.218912	0.190989	0.187684	0.022896	0	1.593912	1.149828	0.4793564	0.5206436	14.11978
800	0.289679	-23.2772	23.5669	0.908701	0.0912991	3.124043	0.824398	0.608421	0.278777	0.217262	0.189432	0.185052	0.0224375	0	3.014009	0.928516	0.09129905	0.9087009	8.482347
810	1.70735	-20.6157	22.323	0.098702	0.901298	1.779828	0.810027	0.593124	0.278292	0.219666	0.189352	0.185614	0.022665	0	4.257934	1.94776	0.901298	0.09870198	88.66669
820	1.61248	-22.4704	24.0829	0.336491	0.663509	4.839535	0.81891	0.59991	0.278754	0.222498	0.192864	0.182923	0.0228404	0	2.498083	1.246457	0.663509	0.336491	17.6383
830	2.54255	-22.5063	25.0489	0.992034	0.0079658	6.046058	0.817909	0.592977	0.277702	0.219792	0.186532	0.190383	0.0228491	0	1.532041	1.791259	0.007965804	0.9920342	61.83853
840	1.19578	-23.8753	25.0711	0.393446	0.606554	4.541595	0.814201	0.615475	0.280796	0.223403	0.187725	0.189324	0.022861	0	1.50983	1.276166	0.6065541	0.3934459	18.88714
850	1.67606	-23.3225	24.9986	0.262473	0.737527	2.367053	0.81638	0.611718	0.275746	0.219987	0.186954	0.18309	0.0224083	0	1.58233	1.955672	0.7375273	0.2624727	90.29683
860	0.619844	-20.4057	21.0255	0.00309553	0.996904	1.203801	0.820894	0.605817	0.275341	0.217306	0.192728	0.186059	0.0229187	0	5.555418	1.673275	0.9969045	0.003095526	47.12761
870	2.37681	-21.6177	23.9945	0.403479	0.596521	5.655191	0.829446	0.606287	0.28754	0.219758	0.192831	0.182854	0.022383	0	2.58644	1.54168	0.5965206	0.4034794	34.80806
880	2.3884	-20.4345	22.8229	0.202003	0.797997	2.485505	0.846707	0.611982	0.275959	0.222411	0.191657	0.185317	0.0227784	0	3.757989	1.959495	0.7979968	0.2020032	91.09511
890	2.4582	-22.2519	24.7101	0.0673938	0.932606	3.437437	0.838503	0.605552	0.279854	0.223418	0.192746	0.183739	0.0223752	0	1.870868	1.553419	0.9326062	0.06739379	35.76181
900	1.34177	-18.9854	20.3272	0.567355	0.432645	4.778008	0.838057	0.597669	0.282211	0.224498	0.19394	0.183843	0.0222754	0	6.253729	1.963637	0.4326447	0.5673553	91.968
910	2.76634	-19.7666	22.5329	0.26545	0.73455	3.754286	0.809863	0.601486	0.276875	0.218693	0.1905	0.183779	0.0225427	0	4.048021	1.803009	0.7345498	0.2654502	63.53438
920	2.60864	-20.0614	22.6701	0.213969	0.786031	3.030744	0.817316	0.611256	0.276375	0.219721	0.188296	0.186407	0.0224545	0	3.910857	1.84077	0.7860314	0.2139686	69.30589
930	-3.45901	-19.8733	16.4143	0.90397	0.0960302	6.998765	0.846721	0.618635	0.280699	0.221849	0.18718	0.186576	0.022209	0	10.16663	1.974901	0.09603021	0.9039698	94.38449
940	3.27063	-20.1882	23.4589	0.843426	0.156574	4.070699	0.845309	0.619967	0.279442	0.219309	0.188538	0.18648	0.0227998	0	3.122073	1.974678	0.1565743	0.8434257	94.33614
950	2.22167	-20.898	23.1197	0.568975	0.431025	2.564021	0.844744	0.616743	0.276991	0.224127	0.185479	0.185534	0.0228903	0	3.461235	1.442611	0.4310253	0.5689747	27.70834
960	1.92317	-19.3855	21.3087	0.534241	0.465759	5.225074	0.816968	0.605799	0.27724	0.225858	0.18562	0.187407	0.0227652	0	5.272233	1.883046	0.4657589	0.5342411	76.39168
970	2.31804	-20.4366	22.7546	0.0309569	0.969043	3.156536	0.823854	0.600882	0.286767	0.227289	0.188522	0.183668	0.0223135	0	3.826298	1.424367	0.9690431	0.03095689	26.56848
980	-2.07096	-23.0805	21.0096	0.92561	0.0743903	2.713481	0.826676	0.607273	0.288533	0.221023	0.186546	0.189137	0.0222844	0	5.571349	0.6717513	0.07439033	0.9256097	4.696251
990	3.06755	-21.1112	24.1787	0.288967	0.711033	6.202929	0.816694	0.621735	0.276027	0.221156	0.186518	0.187684	0.0222698	0	2.402229	1.984984	0.711033	0.288967	96.60145
1000	2.31066	-22.8032	25.1139	0.350075	0.649925	4.136534	0.836054	0.6201	0.278234	0.216973	0.188921	0.190861	0.0224776	0	1.467033	1.60615	0.649925	0.350075	40.37845
1010	2.26493	-23.1061	25.3711	0.102447	0.897553	4.231247	0.832235	0.622646	0.286401	0.226272	0.191809	0.190603	0.0221981	0	1.209873	1.817065	0.8975525	0.1024475	65.62435
1020	2.93152	-21.78	24.7116	0.518547	0.481453	3.705512	0.806671	0.609125	0.287244	0.227148	0.189827	0.190955	0.0223382	0	1.869377	1.838933	0.4814525	0.5185475	69.0134
1030	1.94374	-22.0465	23.9903	0.834098	0.165902	2.195113	0.806431	0.606664	0.282954	0.218391	0.194683	0.188434	0.0232186	0	2.590669	1.443957	0.1659018	0.8340982	27.79435
1040	0.462547	-20.8269	21.2895	0.213437	0.786563	0.8647734	0.810804	0.614316	0.276389	0.218302	0.188127	0.185309	0.0224253	0	5.291437	1.797803	0.7865625	0.2134375	62.77742
1050	3.03041	-20.3655	23.3959	0.030725	0.969275	5.622192	0.818273	0.613001	0.274232	0.218633	0.191528	0.18765	0.0221609	0	3.185073	1.911609	0.969275	0.03072496	81.58478
1060	2.3362	-19.7521	22.0883	0.160255	0.839745	4.666703	0.825112	0.617289	0.274945	0.217868	0.192524	0.190177	0.0224317	0	4.492655	1.643315	0.8397454	0.1602546	43.98604
1070	1.96558	-20.9784	22.944	0.786511	0.213489	1.8773	0.833805	0.62229	0.280516	0.217165	0.191799	0.185268	0.0223228	0	3.63695	1.855147	0.2134889	0.7865111	71.63858
1080	1.71779	-19.9317	21.6495	0.280757	0.719243	2.404302	0.831623	0.616114	0.281873	0.227726	0.192301	0.189749	0.0228416	0	4.931477	1.56148	0.7192433	0.2807567	36.43178
1090	2.68138	-22.2076	24.889	0.827964	0.172036	6.639291	0.838137	0.597143	0.288518	0.226669	0.186407	0.19131	0.0227764	0	1.691923	1.94891	0.1720361	0.8279639	88.90164
1100	2.25653	-19.7501	22.0067	0.130572	0.869428	4.270796	0.832917	0.596705	0.286981	0.225183	0.189927	0.191705	0.0226133	0	4.574277	1.567831	0.869428	0.130572	36.96844
1110	1.20816	-20.3597	21.5678	0.453357	0.546643	6.334965	0.833579	0.602188	0.27587	0.226706	0.189394	0.189031	0.0222276	0	5.013092	1.733365	0.546643	0.453357	54.12095
1120	2.82461	-21.0261	23.8507	0.125113	0.874887	2.938861	0.810689	0.609287	0.285482	0.218328	0.192938	0.186555	0.0227509	0	2.730201	1.881541	0.8748869	0.1251131	76.12749
1130	2.34632	-21.0233	23.3697	0.612112	0.387888	2.702096	0.811799	0.610918	0.2874	0.217475	0.193261	0.189853	0.022492	0	3.211273	1.464513	0.3878875	0.6121125	29.14158
1140	2.93872	-21.2438	24.1825	0.435917	0.564083	5.84391	0.809264	0.604933	0.286445	0.220693	0.194125	0.192006	0.022902	0	2.398454	1.782803	0.5640825	0.4359175	60.64614
1150	3.22584	-21.2254	24.4512	0.0929474	0.907053	3.855436	0.814439	0.604559	0.278421	0.224064	0.187024	0.187666	0.0232225	0	2.129686	1.993227	0.9070526	0.09294744	98.45251
1160	2.56162	-21.7307	24.2923	0.790826	0.209174	7.004079	0.814139	0.602852	0.274211	0.221491	0.186643	0.187765	0.0228062	0	2.288588	1.987442	0.2091737	0.7908263	97.14974
1170	1.89592	-20.3424	22.2383	0.953497	0.0465032	3.19445	0.823668	0.601505	0.281838	0.21833	0.189843	0.183988	0.0221777	0	4.342639	1.33758	0.04650316	0.9534968	21.75603
1180	3.30858	-21.3913	24.6998	0.871745	0.128255	5.151207	0.843991	0.602861	0.28424	0.223319	0.1857	0.183872	0.0222581	0	1.881099	1.954517	0.128255	0.871745	90.05699
1190	2.27445	-21.1853	23.4597	0.240026	0.759974	6.409176	0.83534	0.616885	0.285658	0.220628	0.192106	0.187332	0.0222556	0	3.1212	1.738818	0.7599742	0.2400258	54.80473
1200	0.180793	-24.4092	24.59	0.629714	0.370286	3.316103	0.823691	0.619927	0.277715	0.224329	0.193611	0.182908	0.0223446	0	1.990895	0.9757388	0.3702865	0.6297135	9.456683
1210	1.61545	-23.8408	25.4563	0.504804	0.495196	3.631195	0.835826	0.620587	0.28172	0.221425	0.190698	0.187449	0.0226729	0	1.124635	1.716538	0.4951963	0.5048037	52.06408
1220	3.35991	-20.9875	24.3474	0.79227	0.20773	4.484694	0.840683	0.609511	0.277495	0.226588	0.18912	0.1837	0.0224713	0	2.233542	1.901614	0.2077303	0.7922697	79.72855
1230	2.04036	-22.7668	24.8071	0.981311	0.0186887	3.597788	0.822382	0.620476	0.275388	0.225931	0.187235	0.18672	0.0228668	0	1.773793	1.421507	0.01868871	0.9813113	26.39412
1240	2.28962	-20.6297	22.9193	0.479657	0.520343	3.209886	0.819958	0.617325	0.278217	0.226033	0.193139	0.189783	0.0226459	0	3.661655	1.385293	0.5203435	0.4796565	24.28245
1250	3.17273	-21.664	24.8367	0.0743485	0.925652	4.876491	0.814157	0.623424	0.276386	0.227272	0.194954	0.188175	0.0225158	0	1.744238	1.889111	0.9256515	0.07434849	77.46605
1260	2.95738	-20.5264	23.4838	0.161594	0.838406	3.379248	0.811324	0.6135	0.279745	0.219471	0.19302	0.19082	0.0232447	0	3.097128	1.734103	0.8384062	0.1615938	54.21289
1270	1.96877	-21.1147	23.0835	0.0392691	0.960731	3.543436	0.837268	0.609657	0.283385	0.217015	0.192154	0.187882	0.0231881	0	3.497469	1.224128	0.9607309	0.03926914	16.75436
1280	2.42589	-19.8473	22.2732	0.298339	0.701661	3.601237	0.830179	0.617338	0.282177	0.223598	0.194897	0.186712	0.0230737	0	4.307732	1.568518	0.7016605	0.2983395	37.02694
1290	2.4784	-21.7224	24.2008	0.98523	0.0147704	4.836612	0.831386	0.615954	0.282179	0.221331	0.185471	0.192279	0.0229581	0	2.380123	1.473039	0.01477038	0.9852296	29.71933
1300	1.76546	-23.1963	24.9617	0.114339	0.885661	5.410789	0.822183	0.616825	0.278341	0.218055	0.187291	0.189771	0.0229277	0	1.619193	1.422635	0.8856613	0.1143387	26.46275
1310	1.39767	-19.5867	20.9844	0.499267	0.500733	2.391787	0.825039	0.604996	0.282895	0.221242	0.191594	0.184241	0.0232237	0	5.596518	1.762687	0.5007333	0.4992667	57.90116
1320	2.51052	-22.144	24.6545	0.227395	0.772605	6.534645	0.828482	0.604158	0.288002	0.225644	0.187457	0.184053	0.0224916	0	1.926406	1.807366	0.7726054	0.2273946	64.17501
1330	1.52599	-19.2022	20.7282	0.368757	0.631243	3.161085	0.848555	0.604952	0.286546	0.225573	0.188772	0.185267	0.0229955	0	5.85271	1.756928	0.6312432	0.3687568	57.13845
1340	3.03301	-20.2992	23.3322	0.980752	0.0192476	3.46257	0.821702	0.604569	0.288494	0.216917	0.188505	0.184996	0.0224423	0	3.248717	1.906354	0.01924763	0.9807524	80.60355
1350	0.943411	-19.0643	20.0077	0.873572	0.126428	2.919648	0.84251	0.620952	0.282123	0.221448	0.186594	0.18348	0.0231857	0	6.573211	1.755048	0.126428	0.873572	56.89154
1360	2.53068	-21.9051	24.4358	0.989216	0.010784	2.825362	0.838716	0.612642	0.283498	0.222493	0.189575	0.185033	0.0226958	0	2.145166	1.744621	0.01078401	0.989216	55.54194
1370	2.95118	-20.8586	23.8098	0.327596	0.672404	3.162058	0.844074	0.623144	0.275279	0.227746	0.189251	0.190215	0.0221399	0	2.771116	1.885292	0.6724042	0.3275958	76.78778
1380	-0.0882639	-25.4619	25.3737	0.14764	0.85236	3.820809	0.833733	0.598945	0.284663	0.222451	0.186018	0.185774	0.0223088	0	1.207282	1.083639	0.8523601	0.1476399	12.12382
1390	2.3919	-23.0168	25.4087	0.206833	0.793167	6.160941	0.810567	0.605334	0.287463	0.223449	0.186753	0.188023	0.0221601	0	1.172184	1.950584	0.7931666	0.2068334	89.24509
1400	2.38538	-21.7193	24.1047	0.844326	0.155674	4.120116	0.832482	0.61117	0.278991	0.217275	0.19504	0.184586	0.0224089	0	2.476263	1.389355	0.1556743	0.8443257	24.51063
1410	1.99088	-20.9467	22.9376	0.0288181	0.971182	1.943616	0.840594	0.612407	0.279051	0.219182	0.19447	0.190684	0.0224568	0	3.643303	1.723929	0.9711819	0.02881811	52.95772
1420	1.99288	-23.5666	25.5595	0.535101	0.464899	5.280092	0.831602	0.617658	0.280586	0.22447	0.193515	0.19057	0.022952	0	1.021428	1.812649	0.4648993	0.5351007	64.96042
1430	2.4397	-20.2691	22.7088	0.0935297	0.90647	2.632117	0.848482	0.611653	0.2806	0.220087	0.190877	0.186402	0.0227405	0	3.872097	1.971538	0.9064703	0.09352965	93.6565
1440	2.78733	-21.6707	24.4581	0.0718157	0.928184	5.898528	0.832074	0.602944	0.280465	0.218193	0.195146	0.189765	0.0232258	0	2.122867	1.723972	0.9281843	0.07181566	52.96293
1450	3.12049	-21.4209	24.5414	0.778976	0.221024	4.165596	0.839019	0.622514	0.283362	0.223606	0.194564	0.190675	0.022511	0	2.039518	1.77499	0.2210245	0.7789755	59.56482
1460	3.02936	-20.4515	23.4809	0.598256	0.401744	4.251231	0.816702	0.620271	0.280029	0.223355	0.192485	0.184225	0.0222698	0	3.100077	1.663469	0.4017438	0.5982562	46.07534
1470	3.19989	-20.1791	23.379	0.657841	0.342159	4.442903	0.8334	0.602682	0.287569	0.224423	0.19275	0.183781	0.0223969	0	3.201964	1.834186	0.3421588	0.6578412	68.26305
1480	0.896083	-21.0108	21.9069	0.130603	0.869397	1.681348	0.833008	0.60851	0.280461	0.225392	0.193653	0.191196	0.0224559	0	4.67401	1.153813	0.8693971	0.1306029	14.24994
1490	2.86027	-20.1631	23.0233	0.622887	0.377113	5.117168	0.812932	0.602667	0.285556	0.22756	0.192574	0.188672	0.0227917	0	3.557605	1.747585	0.3771129	0.6228871	55.92225
1500	1.11745	-20.4908	21.6083	0.168	0.832	3.935075	0.812954	0.615623	0.287537	0.222457	0.194323	0.188552	0.022494	0	4.972651	1.201833	0.8320004	0.1679996	15.91597
1510	1.27735	-18.8863	20.1637	0.136507	0.863493	4.019735	0.808448	0.616992	0.288443	0.225153	0.192477	0.190688	0.0222054	0	6.417262	1.945679	0.8634927	0.1365073	88.2428
1520	1.3349	-21.0887	22.4236	0.534932	0.465068	3.612213	0.809821	0.605414	0.288589	0.226556	0.195184	0.186324	0.0224387	0	4.157383	1.14973	0.4650681	0.5349319	14.11659
1530	1.25629	-19.2304	20.4867	0.254579	0.745421	2.780526	0.809465	0.601906	0.286291	0.225602	0.191015	0.186295	0.0224026	0	6.094197	1.937189	0.7454211	0.2545789	86.53437
1540	1.72589	-20.4387	22.1645	0.03775	0.96225	2.257331	0.83321	0.596256	0.283184	0.220847	0.190636	0.187616	0.0224128	0	4.416395	1.398191	0.96225	0.03775001	25.01447
1550	3.10221	-20.403	23.5053	0.664161	0.335839	3.868084	0.824628	0.613111	0.278738	0.221877	0.187625	0.185463	0.0223706	0	3.075679	1.748776	0.3358395	0.6641605	56.07586
1560	1.49394	-19.3636	20.8575	0.962534	0.0374661	3.18915	0.83215	0.602524	0.284613	0.227771	0.194383	0.191839	0.0221848	0	5.723419	1.55384	0.03746613	0.9625339	35.79644
1570	2.29154	-21.2795	23.5711	0.639087	0.360913	2.455901	0.845433	0.596048	0.285855	0.218267	0.189152	0.192187	0.0222109	0	3.009855	1.524083	0.3609134	0.6390866	33.42588
1580	3.06018	-20.6493	23.7095	0.794947	0.205053	5.745276	0.84004	0.599617	0.277347	0.218963	0.190128	0.190677	0.0230997	0	2.87143	1.871409	0.2050534	0.7949466	74.37198
1590	2.02954	-19.4058	21.4353	0.259079	0.740921	3.498518	0.836723	0.595941	0.276336	0.225363	0.189702	0.190846	0.0224427	0	5.145631	1.681841	0.7409208	0.2590792	48.06637
1600	2.68438	-20.1045	22.7888	0.95624	0.0437599	4.269586	0.819791	0.599501	0.276654	0.222894	0.186828	0.189285	0.0224681	0	3.792099	1.593932	0.04375995	0.9562401	39.25835
1610	2.2695	-22.378	24.6475	0.0480726	0.951927	4.468291	0.838351	0.595621	0.276106	0.226075	0.186881	0.185017	0.0223042	0	1.933398	1.409536	0.9519274	0.04807256	25.67654
1620	-1.41951	-23.4392	22.0197	0.476447	0.523553	8.748788	0.84239	0.605861	0.280233	0.227723	0.186309	0.183363	0.0221432	0	4.5612	1.695762	0.5235527	0.4764473	49.632
1630	2.84941	-20.7779	23.6273	0.376662	0.623338	3.704144	0.827345	0.594446	0.280509	0.224357	0.188223	0.18403	0.0224426	0	2.953653	1.558994	0.6233375	0.3766625	36.22378
1640	-6.29854	-22.7117	16.4131	0.0129008	0.987099	6.212274	0.8329	0.598236	0.274568	0.224507	0.193302	0.182912	0.0225128	0	10.16779	0.9677831	0.9870992	0.01290084	9.285027
1650	-0.0602414	-18.876	18.8158	0.744818	0.255182	2.662052	0.843624	0.606594	0.282431	0.226077	0.187092	0.183799	0.0223025	0	7.765182	1.723723	0.2551819	0.7448181	52.93254
1660	1.47339	-19.2782	20.7516	0.0953113	0.904689	3.445851	0.831039	0.594139	0.278833	0.224267	0.191323	0.18783	0.0228228	0	5.829377	1.55592	0.9046887	0.09531129	35.96833
1670	2.63824	-22.3757	25.014	0.362507	0.637493	3.603877	0.814225	0.600691	0.281978	0.226507	0.191347	0.191494	0.0227794	0	1.566946	1.894134	0.6374928	0.3625072	78.3671
1680	2.07681	-20.7739	22.8507	0.814114	0.185886	5.811995	0.814373	0.605158	0.282357	0.226267	0.185868	0.190861	0.0225963	0	3.730258	1.578518	0.1858856	0.8141144	37.88945
1690	2.17481	-22.8866	25.0614	0.719036	0.280964	6.005794	0.814085	0.622801	0.284153	0.216969	0.186921	0.189714	0.0230845	0	1.51951	1.658289	0.2809644	0.7190356	45.52913
1700	-0.223654	-20.0381	19.8145	0.625635	0.374365	1.053428	0.817531	0.613199	0.279794	0.220149	0.185991	0.183081	0.0225855	0	6.766463	1.653491	0.374365	0.625635	45.02888
1710	0.986971	-22.0968	23.0838	0.603757	0.396243	4.905488	0.829438	0.619305	0.285169	0.220031	0.1861	0.184126	0.0223112	0	3.497118	1.174089	0.3962427	0.6037573	14.931
1720	-0.466228	-20.1116	19.6454	0.493955	0.506045	2.693224	0.825758	0.604732	0.281176	0.221412	0.18702	0.187263	0.023127	0	6.93558	1.045594	0.5060451	0.4939549	11.10692
1730	1.72044	-22.7655	24.4859	0.686884	0.313116	2.052938	0.810781	0.617405	0.280915	0.220441	0.185497	0.190966	0.0228211	0	2.095022	1.588566	0.3131159	0.6868841	38.77627
1740	1.94738	-23.1367	25.0841	0.572284	0.427716	7.303628	0.829038	0.606358	0.276219	0.216992	0.188698	0.18899	0.0230499	0	1.496849	1.896183	0.4277159	0.5722841	78.73777
1750	1.51057	-19.4379	20.9485	0.882853	0.117147	2.657805	0.838244	0.614571	0.274623	0.216889	0.188877	0.189201	0.0226446	0	5.632435	1.855065	0.1171473	0.8828527	71.62506
1760	1.50114	-20.9521	22.4532	0.783804	0.216196	2.759324	0.819413	0.615291	0.279317	0.224683	0.193122	0.187831	0.022156	0	4.127737	1.190194	0.2161956	0.7838044	15.49507
1770	2.53891	-22.2653	24.8043	0.626723	0.373277	6.138188	0.817528	0.619031	0.275375	0.225723	0.193289	0.185793	0.0228154	0	1.776679	1.738519	0.373277	0.626723	54.76696
1780	-0.635438	-25.7868	25.1514	0.532478	0.467522	6.187313	0.81137	0.602013	0.279481	0.227878	0.193767	0.191081	0.0224245	0	1.429562	1.193192	0.4675223	0.5324777	15.60243
1790	2.54369	-20.8636	23.4073	0.263245	0.736755	2.542863	0.83819	0.612645	0.280367	0.2192	0.193215	0.188385	0.0221265	0	3.173603	1.864801	0.7367554	0.2632446	73.24895
1800	1.90141	-21.6832	23.5846	0.321592	0.678408	3.600553	0.828846	0.617277	0.277743	0.220046	0.187684	0.186532	0.0222671	0	2.996324	1.218806	0.6784078	0.3215922	16.5503
1810	2.77664	-21.5229	24.2995	0.194979	0.805021	5.438659	0.842642	0.592889	0.27551	0.219068	0.187434	0.187186	0.0227018	0	2.28142	1.634692	0.8050207	0.1949793	43.12135
1820	2.43843	-19.4036	21.842	0.237887	0.762113	4.738614	0.839614	0.597709	0.281016	0.227556	0.185932	0.182958	0.0225798	0	4.738933	1.914858	0.7621127	0.2378873	82.19742
1830	-1.8187	-23.9923	22.1736	0.377657	0.622343	5.241341	0.807543	0.596352	0.274717	0.222542	0.188579	0.184096	0.0222459	0	4.407309	0.8834781	0.6223435	0.3776565	7.646771
1840	2.11359	-21.3174	23.431	0.0178552	0.982145	2.840685	0.811516	0.614516	0.27683	0.219972	0.187628	0.191517	0.022507	0	3.149915	1.294302	0.9821448	0.01785521	19.69256
1850	3.20999	-21.5093	24.7192	0.559531	0.440469	5.24701	0.807396	0.60499	0.288405	0.218588	0.185772	0.185388	0.0231183	0	1.861695	1.876569	0.4404687	0.5595313	75.26084
1860	2.97332	-21.1545	24.1278	0.835367	0.164633	5.191317	0.81092	0.606748	0.278838	0.223853	0.187092	0.185425	0.0231853	0	2.453151	1.670104	0.1646325	0.8353675	46.78477
1870	0.697957	-21.6279	22.3258	0.859225	0.140775	2.576891	0.832944	0.601601	0.283007	0.218181	0.194648	0.182942	0.0227915	0	4.255116	0.9978698	0.1407748	0.8592252	9.951071
1880	1.20421	-18.9988	20.203	0.718722	0.281278	3.266544	0.810972	0.594471	0.275422	0.227827	0.192262	0.183543	0.0224093	0	6.3779	1.920528	0.2812778	0.7187222	83.27759
1890	0.484503	-22.5874	23.0719	0.292893	0.707107	0.4622845	0.812125	0.621266	0.279362	0.224631	0.191174	0.184518	0.0226486	0	3.50905	1.841561	0.7071065	0.2928935	69.43219
1900	1.70348	-23.5117	25.2151	0.222259	0.777741	2.767851	0.837093	0.614965	0.286003	0.219824	0.193495	0.184181	0.0229604	0	1.365797	1.939503	0.7777414	0.2222586	86.99675
1910	-0.239525	-24.5441	24.3046	0.043111	0.956889	5.817721	0.814364	0.614742	0.274665	0.220416	0.188892	0.186792	0.0221875	0	2.276342	1.075472	0.956889	0.04311099	11.89795
1920	1.89806	-20.1502	22.0483	0.369973	0.630027	6.281445	0.837595	0.608441	0.280615	0.226505	0.187528	0.186961	0.02219	0	4.532653	1.91531	0.6300275	0.3699725	82.28289
1930	2.06501	-23.304	25.369	0.429493	0.570507	5.514688	0.83715	0.618417	0.27442	0.225308	0.185933	0.186232	0.0221385	0	1.211921	1.703522	0.5705072	0.4294928	50.52678
1940	2.4464	-22.9046	25.3509	0.782111	0.217889	5.230767	0.826452	0.606666	0.282553	0.223149	0.19109	0.184955	0.0227539	0	1.229984	1.813604	0.217889	0.782111	65.10341
1950	2.65789	-20.1875	22.8454	0.928871	0.0711285	3.807432	0.840192	0.602352	0.275554	0.224624	0.190693	0.187318	0.023149	0	3.735499	1.546046	0.07112853	0.9288715	35.15975
1960	1.79482	-20.4142	22.209	0.706739	0.293261	2.598416	0.836155	0.596706	0.278417	0.224735	0.192761	0.191219	0.0226621	0	4.37194	1.347094	0.293261	0.706739	22.23793
1970	2.55201	-22.6229	25.1749	0.524805	0.475195	5.647949	0.845818	0.595751	0.275292	0.22594	0.190083	0.190287	0.0226738	0	1.40604	1.780446	0.4751953	0.5248047	60.31788
1980	2.78152	-20.1565	22.938	0.51385	0.48615	5.604768	0.841515	0.595907	0.277372	0.225349	0.191955	0.187984	0.0230007	0	3.642917	1.855764	0.4861503	0.5138497	71.7405
1990	1.60301	-19.048	20.651	0.644772	0.355228	3.837691	0.848108	0.614671	0.281171	0.222991	0.194029	0.191992	0.02242	0	5.929887	1.819045	0.3552284	0.6447716	65.92429
2000	1.24755	-23.1992	24.4468	0.55492	0.44508	1.52295	0.831091	0.608525	0.279676	0.221244	0.189318	0.190791	0.022843	0	2.134148	1.655365	0.4450801	0.5549199	45.22358
2010	3.27578	-20.5214	23.7972	0.561612	0.438388	5.245605	0.806862	0.621366	0.276912	0.22364	0.185511	0.186701	0.0224393	0	2.78373	1.896709	0.4383882	0.5616118	78.83315
2020	2.72663	-19.8668	22.5934	0.84242	0.15758	5.399267	0.834971	0.615687	0.278004	0.221495	0.186433	0.189771	0.0226251	0	3.98749	1.906751	0.1575798	0.8424202	80.67722
2030	2.51781	-22.9061	25.4239	0.834607	0.165393	5.570092	0.834684	0.599967	0.276853	0.221216	0.190844	0.18957	0.0225244	0	1.157055	1.945764	0.1653934	0.8346066	88.25997
2040	1.70854	-22.4275	24.1361	0.249546	0.750454	6.141468	0.807276	0.601622	0.280758	0.220339	0.193792	0.186208	0.0225937	0	2.44485	1.452203	0.7504544	0.2495456	28.32715
2050	2.29181	-21.8286	24.1204	0.223528	0.776472	4.141574	0.819934	0.606673	0.285811	0.222196	0.193645	0.189145	0.0223645	0	2.460547	1.344639	0.776472	0.223528	22.11258
2060	-0.311429	-19.4622	19.1508	0.617163	0.382837	4.407137	0.821224	0.600083	0.288531	0.218462	0.188922	0.189599	0.0221344	0	7.430178	1.354038	0.3828369	0.6171631	22.59633
2070	3.11382	-21.621	24.7348	0.314033	0.685967	5.329908	0.831274	0.598218	0.27881	0.224666	0.195201	0.18745	0.0222951	0	1.846157	1.841515	0.6859667	0.3140333	69.42479
2080	2.09729	-22.4678	24.5651	0.646618	0.353382	2.438108	0.812695	0.597155	0.277087	0.225308	0.193812	0.18466	0.0222803	0	2.015826	1.696868	0.3533821	0.6466179	49.75859
2090	2.30043	-19.5627	21.8631	0.918756	0.0812444	5.348589	0.814408	0.596362	0.275262	0.223521	0.192886	0.183319	0.0222622	0	4.717802	1.936363	0.08124437	0.9187556	86.37003
2100	1.1124	-19.8789	20.9913	0.656229	0.343771	2.697527	0.822741	0.594887	0.281837	0.227392	0.195118	0.186578	0.0226326	0	5.589597	1.301674	0.3437712	0.6562288	20.02967
2110	2.77469	-20.8424	23.617	0.162053	0.837947	4.602163	0.821979	0.596808	0.278697	0.225445	0.190519	0.186367	0.023014	0	2.963885	1.527268	0.8379467	0.1620533	33.67189
2120	2.51088	-19.8155	22.3264	0.693285	0.306715	5.48412	0.836694	0.600006	0.276083	0.223036	0.194207	0.184811	0.0227287	0	4.254575	1.882619	0.3067154	0.6932846	76.31652
2130	2.08699	-22.3978	24.4848	0.228134	0.771866	6.470785	0.816313	0.601224	0.280155	0.225464	0.193897	0.183056	0.0230322	0	2.096175	1.619959	0.7718665	0.2281335	41.683
2140	2.49091	-22.6301	25.121	0.44148	0.55852	6.270605	0.835548	0.593291	0.285029	0.222284	0.188998	0.186834	0.0232467	0	1.459918	1.831247	0.5585196	0.4414804	67.80276
2150	2.94596	-20.7773	23.7233	0.597657	0.402343	6.259717	0.828801	0.599872	0.281153	0.218494	0.191558	0.190248	0.0229519	0	2.857666	1.988086	0.4023426	0.5976574	97.29406
2160	1.76522	-19.8636	21.6288	0.199176	0.800824	5.754218	0.81307	0.596607	0.27909	0.225551	0.187102	0.192232	0.0227995	0	4.952132	1.770113	0.8008241	0.1991759	58.89971
2170	1.73897	-22.9563	24.6953	0.652983	0.347017	5.171402	0.814491	0.594106	0.284942	0.223198	0.18619	0.187941	0.0229306	0	1.885677	1.371133	0.3470172	0.6529828	23.50353
2180	0.346978	-18.9595	19.3065	0.116235	0.883765	2.71591	0.81803	0.619357	0.278349	0.217949	0.186882	0.183341	0.0231205	0	7.274437	1.753423	0.8837655	0.1162345	56.67911
2190	2.52187	-20.659	23.1809	0.134996	0.865004	2.564252	0.829784	0.620187	0.278475	0.226015	0.185464	0.183398	0.0225229	0	3.400071	1.87132	0.8650042	0.1349958	74.35675
2200	1.33047	-22.9021	24.2326	0.39933	0.60067	8.045493	0.81449	0.601361	0.279318	0.219365	0.192978	0.184672	0.022426	0	2.348347	1.898768	0.6006702	0.3993298	79.2078
2210	1.99703	-19.3781	21.3752	0.132835	0.867165	4.409574	0.81477	0.597869	0.281643	0.223972	0.190863	0.188196	0.0223056	0	5.205767	1.68985	0.8671649	0.1328351	48.96102
2220	3.21236	-20.1682	23.3805	0.0439235	0.956076	4.389066	0.829317	0.622497	0.279205	0.221267	0.191821	0.187128	0.0222981	0	3.200407	1.857631	0.9560765	0.04392351	72.04954
2230	0.273542	-19.4935	19.767	0.886645	0.113355	1.951431	0.827744	0.609877	0.282759	0.219841	0.192218	0.189441	0.0224047	0	6.81389	1.487024	0.1133549	0.8866451	30.69193
2240	0.825249	-22.0759	22.9012	0.254883	0.745117	1.527222	0.846518	0.607767	0.282092	0.221679	0.190563	0.188976	0.022556	0	3.679739	1.061801	0.7451171	0.2548829	11.52924
2250	3.26747	-20.1597	23.4272	0.536399	0.463601	4.09249	0.848313	0.61036	0.287602	0.217992	0.191956	0.1861	0.0230847	0	3.153717	1.974375	0.4636013	0.5363987	94.27039
2260	2.75645	-20.2049	22.9613	0.454918	0.545082	3.077496	0.830785	0.602655	0.281263	0.217257	0.191946	0.185142	0.0232421	0	3.619637	1.887989	0.5450818	0.4549182	77.2661
2270	-1.49802	-23.3206	21.8225	0.650008	0.349992	9.163313	0.830006	0.602708	0.286953	0.227466	0.194434	0.18594	0.022291	0	4.758389	1.905365	0.3499916	0.6500084	80.4202
2280	3.05185	-20.0437	23.0956	0.397106	0.602894	3.853551	0.829831	0.608407	0.277066	0.226657	0.193189	0.188416	0.0224188	0	3.485355	1.854271	0.6028936	0.3971064	71.49418
2290	3.18178	-20.8335	24.0153	0.719503	0.280497	5.09578	0.825454	0.596826	0.282005	0.228028	0.192962	0.184562	0.0232828	0	2.565637	1.759654	0.2804966	0.7195034	57.49823
2300	2.57853	-20.4448	23.0233	0.761263	0.238737	2.914187	0.820058	0.60248	0.275833	0.219915	0.191933	0.182981	0.0231256	0	3.55764	1.620858	0.2387368	0.7612632	41.76934
2310	0.317303	-23.2227	23.5401	0.225322	0.774678	6.425666	0.841496	0.621182	0.285557	0.221568	0.193726	0.192321	0.0227445	0	3.040882	1.251152	0.7746775	0.2253225	17.83002
2320	2.01232	-19.2144	21.2267	0.931127	0.0688733	4.85708	0.838961	0.607336	0.286937	0.22578	0.193724	0.191234	0.0231575	0	5.354191	1.9415	0.06887328	0.9311267	87.39779
2330	2.57411	-22.7892	25.3633	0.95237	0.04763	5.884189	0.83038	0.610423	0.279978	0.219303	0.190306	0.189545	0.0226209	0	1.21761	1.953227	0.04762998	0.95237	89.78989
2340	1.87797	-23.411	25.289	0.108362	0.891638	3.510997	0.831766	0.621474	0.280429	0.221912	0.194537	0.185126	0.0229916	0	1.291972	1.658851	0.8916377	0.1083623	45.58806
2350	-1.70781	-21.5486	19.8408	0.676094	0.323906	6.505469	0.812785	0.600429	0.288338	0.226516	0.193705	0.188268	0.0225258	0	6.740182	1.30651	0.3239063	0.6760937	20.25395
2360	2.60685	-20.9246	23.5314	0.264903	0.735097	3.028807	0.824939	0.592827	0.281764	0.224912	0.192089	0.18604	0.0225561	0	3.049523	1.528698	0.7350972	0.2649028	33.78298
2370	2.49106	-21.8811	24.3721	0.338124	0.661876	6.490528	0.843731	0.613122	0.274986	0.223399	0.193913	0.186386	0.0227125	0	2.208807	1.766418	0.6618757	0.3381243	58.40075
2380	2.52585	-19.7625	22.2883	0.534329	0.465671	3.678337	0.840918	0.62111	0.284391	0.225704	0.190388	0.183499	0.0226935	0	4.292605	1.650188	0.4656714	0.5343286	44.68772
2390	2.07535	-23.0686	25.144	0.714826	0.285174	4.26268	0.831709	0.622616	0.27873	0.222471	0.194773	0.187132	0.0231833	0	1.436967	1.527026	0.2851739	0.7148261	33.65321
2400	2.81032	-22.1671	24.9774	0.0966893	0.903311	4.567253	0.84492	0.620563	0.286264	0.223292	0.187798	0.192307	0.0232482	0	1.603519	1.722052	0.9033107	0.0966893	52.72929
2410	2.7735	-20.2983	23.0718	0.182031	0.817969	3.405041	0.845765	0.618436	0.285746	0.224167	0.193269	0.187724	0.0231597	0	3.509127	1.621223	0.817969	0.182031	41.80446
2420	3.07391	-19.9609	23.0348	0.721341	0.278659	4.731208	0.836143	0.604364	0.279432	0.217959	0.190213	0.190996	0.022578	0	3.546128	1.85687	0.2786589	0.7213411	71.92331
2430	2.31781	-23.0154	25.3332	0.544534	0.455466	5.250789	0.807691	0.609678	0.278582	0.223599	0.188364	0.184491	0.0224517	0	1.247768	1.747917	0.4554658	0.5445342	55.96504
2440	3.17995	-20.0946	23.2745	0.840101	0.159899	3.923232	0.825909	0.602423	0.278146	0.224434	0.186491	0.18935	0.0230445	0	3.30643	1.958957	0.159899	0.840101	90.98239
2450	2.0298	-19.4007	21.4305	0.335738	0.664262	3.823848	0.826013	0.596784	0.285258	0.220181	0.186953	0.186115	0.0230811	0	5.150448	1.633102	0.6642615	0.3357385	42.96373
2460	2.70729	-21.9615	24.6688	0.107192	0.892808	4.458246	0.846285	0.602422	0.281364	0.228002	0.188642	0.189056	0.0228057	0	1.912161	1.560562	0.892808	0.107192	36.35482
2470	1.61247	-21.6799	23.2924	0.450824	0.549176	6.741418	0.833922	0.602016	0.278333	0.225206	0.186817	0.185639	0.0223577	0	3.288553	1.636712	0.5491765	0.4508235	43.3223
2480	2.85646	-21.9601	24.8165	0.143476	0.856524	5.34091	0.842676	0.605132	0.274875	0.218173	0.18653	0.192003	0.0222869	0	1.76439	1.73852	0.8565243	0.1434757	54.76716
2490	2.43655	-21.4719	23.9084	0.189454	0.810546	6.910801	0.823837	0.598051	0.275413	0.21826	0.189729	0.191037	0.0224254	0	2.672509	1.928261	0.810546	0.189454	84.77369
2500	1.34123	-21.072	22.4132	0.0946818	0.905318	1.325635	0.848474	0.594348	0.277417	0.217084	0.192579	0.189346	0.0226315	0	4.167741	1.839301	0.9053182	0.09468181	69.0719
2510	2.52443	-22.4405	24.9649	0.907438	0.0925621	4.216035	0.814191	0.594553	0.28389	0.21724	0.192857	0.189632	0.0229948	0	1.615992	1.610384	0.09256212	0.9074379	40.7741
2520	2.56076	-20.5476	23.1083	0.399162	0.600838	6.42512	0.840675	0.597948	0.285562	0.225223	0.191251	0.188105	0.0227744	0	3.472601	1.988654	0.6008377	0.3991623	97.42124
2530	3.25119	-20.3282	23.5794	0.844583	0.155417	5.384299	0.808518	0.600473	0.282707	0.219623	0.193418	0.190063	0.0229	0	3.001573	1.960611	0.1554166	0.8445834	91.32959
2540	1.23926	-24.3786	25.6178	0.814823	0.185177	3.584263	0.822169	0.597799	0.276857	0.220142	0.192878	0.18852	0.0230775	0	0.9631103	1.82203	0.1851768	0.8148232	66.37891
2550	2.80751	-19.5666	22.3741	0.724049	0.275951	4.26591	0.831804	0.598455	0.275072	0.225844	0.186683	0.191536	0.0223202	0	4.206808	1.95615	0.2759507	0.7240493	90.39616
2560	1.20744	-21.9379	23.1453	0.584453	0.415547	1.152997	0.826788	0.596754	0.278519	0.226898	0.190008	0.189911	0.0230114	0	3.435636	1.51399	0.4155468	0.5844532	32.65806
2570	2.91885	-20.7413	23.6602	0.193995	0.806005	3.463312	0.833017	0.603208	0.276325	0.226869	0.193891	0.184196	0.0229614	0	2.920745	1.636972	0.8060049	0.1939951	43.34826
2580	1.50724	-21.6	23.1073	0.026073	0.973927	1.344934	0.818947	0.606209	0.276088	0.221674	0.192956	0.183065	0.0225976	0	3.473656	1.947878	0.973927	0.02607302	88.69066
2590	2.49105	-19.6435	22.1346	0.902388	0.0976115	3.649758	0.836803	0.608581	0.281875	0.217979	0.190856	0.182819	0.0230116	0	4.446367	1.703231	0.09761151	0.9023885	50.49294
2600	3.24772	-21.2562	24.504	0.574279	0.425721	5.183716	0.820639	0.60341	0.276898	0.219197	0.193516	0.189947	0.0229375	0	2.076975	1.844599	0.4257214	0.5742786	69.91966
2610	1.34343	-19.0691	20.4126	0.192394	0.807606	4.570931	0.826267	0.60369	0.279696	0.217818	0.192932	0.191554	0.0228551	0	6.168365	1.756663	0.8076062	0.1923938	57.10355
2620	1.33695	-20.3011	21.638	0.640354	0.359646	6.379295	0.816031	0.597505	0.276824	0.21918	0.192224	0.189323	0.0225255	0	4.94291	1.78441	0.3596457	0.6403543	60.87091
2630	2.49768	-20.4876	22.9853	0.65074	0.34926	2.834702	0.824835	0.594704	0.277039	0.217944	0.18908	0.188642	0.0223353	0	3.595666	1.595585	0.3492603	0.6507397	39.40804
2640	1.77465	-20.8914	22.666	0.578913	0.421087	2.252091	0.846966	0.605864	0.281982	0.218582	0.188249	0.187786	0.0226017	0	3.914885	1.332661	0.4210869	0.5789131	21.51103
2650	2.899	-19.8942	22.7932	0.0553173	0.944683	4.933114	0.841973	0.61982	0.281204	0.217128	0.193436	0.190817	0.0225264	0	3.787708	1.832583	0.9446827	0.05531728	68.01168
2660	-1.83534	-24.4616	22.6263	0.749952	0.250048	1.619415	0.843021	0.615335	0.276523	0.220938	0.189764	0.189907	0.0228535	0	3.954669	0.5684352	0.2500479	0.7499521	3.70199
2670	-0.0670609	-24.0756	24.0085	0.505591	0.494409	0.9612221	0.822725	0.602928	0.278033	0.217341	0.187393	0.189887	0.0232088	0	2.572421	1.004683	0.4944087	0.5055913	10.10841
2680	2.76395	-19.6644	22.4283	0.0985738	0.901426	3.876636	0.80855	0.61183	0.285566	0.220046	0.188351	0.184117	0.0232688	0	4.152625	1.852018	0.9014262	0.09857383	71.12433
2690	2.64356	-20.6427	23.2862	0.451314	0.548686	2.8196	0.824445	0.62198	0.279542	0.227325	0.185601	0.184232	0.0229724	0	3.294722	1.700959	0.5486861	0.4513139	50.22956
2700	2.87385	-20.1504	23.0242	0.0142859	0.985714	3.310893	0.809407	0.595546	0.274868	0.222616	0.185747	0.184022	0.0229224	0	3.556707	1.888809	0.9857141	0.01428592	77.41222
2710	2.44963	-22.4073	24.8569	0.21713	0.78287	5.484111	0.817588	0.610534	0.277442	0.22198	0.193476	0.183322	0.0232729	0	1.724041	1.591844	0.7828704	0.2171296	39.07009
2720	3.18357	-20.8297	24.0132	0.842948	0.157052	4.215901	0.807389	0.59943	0.275449	0.222703	0.191148	0.184965	0.0232888	0	2.567703	1.715296	0.1570521	0.8429479	51.91542
2730	2.80296	-19.8892	22.6922	0.200036	0.799964	4.166254	0.839871	0.601971	0.276338	0.222677	0.188879	0.184537	0.0223864	0	3.888749	1.70373	0.7999642	0.2000358	50.55106
2740	0.677382	-23.9749	24.6523	0.29206	0.70794	1.165206	0.834773	0.622437	0.275478	0.219564	0.185938	0.190042	0.0230098	0	1.928648	1.947782	0.7079402	0.2920598	88.67102
2750	2.78545	-21.1416	23.927	0.162383	0.837617	6.585441	0.808605	0.618549	0.282001	0.222372	0.188987	0.187883	0.0230085	0	2.653921	1.975191	0.8376167	0.1623833	94.44759
2760	2.10016	-19.7549	21.855	0.704328	0.295672	3.576321	0.818797	0.619565	0.285558	0.223028	0.191941	0.187159	0.0231789	0	4.725902	1.496981	0.2956715	0.7043285	31.40371
2770	1.90689	-20.0031	21.91	0.206281	0.793719	4.76367	0.809863	0.608077	0.286712	0.223288	0.189291	0.184986	0.0227898	0	4.670911	1.494562	0.7937192	0.2062808	31.22931
2780	0.0890753	-24.5547	24.6438	0.83827	0.16173	7.96641	0.829403	0.623396	0.286231	0.217083	0.188244	0.182844	0.0231923	0	1.937131	1.52739	0.1617303	0.8382697	33.68139
2790	1.87037	-22.1728	24.0432	0.613134	0.386866	2.463495	0.822794	0.615502	0.281882	0.226967	0.187673	0.186461	0.0226558	0	2.537769	1.32746	0.3868661	0.6131339	21.25493
2800	0.544892	-22.044	22.5889	0.394563	0.605437	6.401847	0.808545	0.603483	0.275343	0.226577	0.187731	0.187158	0.022769	0	3.99205	1.363787	0.6054369	0.3945631	23.10934
2810	3.14114	-20.791	23.9322	0.224328	0.775672	4.135629	0.822355	0.604907	0.277196	0.226338	0.189454	0.18905	0.0230263	0	2.64876	1.691999	0.7756724	0.2243276	49.20388
2820	3.03051	-21.5964	24.6269	0.0146304	0.98537	3.778276	0.82257	0.610579	0.275552	0.227072	0.192954	0.189221	0.023051	0	1.954066	1.848673	0.9853696	0.01463045	70.57855
2830	3.07336	-20.9578	24.0312	0.541711	0.458289	5.51295	0.838743	0.61664	0.276222	0.223078	0.194658	0.187113	0.0224452	0	2.549782	1.787672	0.4582892	0.5417108	61.32986
2840	2.17482	-22.5437	24.7185	0.472548	0.527452	5.231993	0.836898	0.600525	0.275428	0.225959	0.19164	0.186799	0.0223331	0	1.862398	1.479038	0.5274523	0.4725477	30.13272
2850	-1.25561	-19.4999	18.2443	0.934109	0.0658907	1.318692	0.834912	0.601642	0.279337	0.223446	0.194019	0.192017	0.0222821	0	8.33665	1.353414	0.06589067	0.9341093	22.56387
2860	2.11259	-20.2625	22.3751	0.505301	0.494699	5.258461	0.839243	0.594102	0.279268	0.224001	0.19202	0.190983	0.0225812	0	4.205823	1.570951	0.4946991	0.5053009	37.23494
2870	-0.369621	-18.9881	18.6185	0.365396	0.634604	5.398043	0.845271	0.601778	0.278644	0.223611	0.189242	0.190444	0.0223665	0	7.962455	1.845951	0.6346043	0.3653957	70.13762
2880	2.49959	-20.2892	22.7888	0.833691	0.166309	2.766461	0.836303	0.619972	0.276461	0.218572	0.191791	0.186055	0.0223705	0	3.792116	1.748864	0.1663088	0.8336912	56.08728
2890	2.78192	-21.0692	23.8511	0.776731	0.223269	3.532823	0.811203	0.608811	0.279649	0.221608	0.189453	0.184941	0.0226081	0	2.72986	1.539282	0.2232689	0.7767311	34.61638
2900	2.97079	-21.9725	24.9433	0.706227	0.293773	6.089158	0.817351	0.604542	0.283331	0.227097	0.193353	0.191779	0.0230478	0	1.637637	1.962013	0.2937725	0.7062275	91.62485
2910	3.30868	-20.4659	23.7746	0.936158	0.0638421	4.000208	0.806701	0.598217	0.278511	0.223483	0.190138	0.187039	0.0228636	0	2.806376	1.941569	0.06384209	0.9361579	87.41151
2920	2.66657	-21.997	24.6636	0.476558	0.523442	5.988762	0.82648	0.609097	0.276849	0.221076	0.193441	0.186929	0.0224504	0	1.917327	1.735	0.523442	0.476558	54.32503
2930	2.75351	-21.8288	24.5823	0.272945	0.727055	6.419847	0.846397	0.596438	0.286867	0.225203	0.193186	0.184705	0.0226724	0	1.998604	1.868816	0.7270551	0.2729449	73.92917
2940	1.94388	-19.2815	21.2254	0.440964	0.559036	3.359964	0.846895	0.603282	0.278103	0.218573	0.193126	0.190531	0.0222176	0	5.355546	1.913657	0.5590364	0.4409636	81.9704
2950	2.50004	-19.5076	22.0076	0.416163	0.583837	4.680486	0.826221	0.597774	0.280754	0.222759	0.189164	0.189295	0.0223597	0	4.573294	1.83514	0.583837	0.416163	68.4132
2960	0.163239	-21.1046	21.2678	0.426033	0.573967	1.592593	0.806493	0.617664	0.277938	0.219421	0.190456	0.183273	0.0225163	0	5.31312	1.007611	0.5739672	0.4260328	10.17679
2970	0.197974	-20.7755	20.9735	0.558757	0.441243	0.7519721	0.844671	0.621465	0.281357	0.217708	0.192729	0.186531	0.0225779	0	5.607417	1.737658	0.4412433	0.5587567	54.65849
2980	2.89272	-19.8882	22.7809	0.211235	0.788765	4.495297	0.818122	0.61588	0.28127	0.226658	0.19488	0.1876	0.0232661	0	3.800063	1.747704	0.788765	0.211235	55.9376
2990	0.666442	-19.9009	20.5674	0.688664	0.311336	1.759703	0.816779	0.603637	0.278834	0.225017	0.194069	0.191665	0.0227097	0	6.013583	1.443501	0.3113358	0.6886642	27.76519
3000	1.55867	-20.9	22.4587	0.0849838	0.915016	3.825578	0.839182	0.622754	0.275767	0.223992	0.191467	0.185894	0.0225494	0	4.122264	1.196021	0.9150162	0.08498381	15.70439
3010	3.13761	-21.3711	24.5087	0.222928	0.777072	4.03811	0.848486	0.619064	0.277717	0.221358	0.185457	0.18408	0.0226824	0	2.072203	1.8038	0.7770715	0.2229285	63.65023
3020	2.42738	-21.2102	23.6375	0.555788	0.444212	4.806939	0.829666	0.613086	0.283055	0.225128	0.188963	0.187626	0.0232661	0	2.943391	1.43612	0.4442115	0.5557885	27.29732
3030	0.933684	-19.4195	20.3532	0.085253	0.914747	2.345754	0.818424	0.620947	0.277105	0.228115	0.195072	0.188403	0.0224358	0	6.227702	1.64934	0.914747	0.08525302	44.60054
3040	2.04426	-20.5802	22.6245	0.349841	0.650159	3.076895	0.810853	0.609757	0.282306	0.225576	0.191741	0.192319	0.0229923	0	3.95642	1.321542	0.6501586	0.3498414	20.96728
3050	2.52093	-21.8032	24.3242	0.0625072	0.937493	3.998077	0.816059	0.59685	0.279527	0.225506	0.186336	0.187087	0.0225343	0	2.256755	1.425516	0.9374928	0.06250719	26.63886
3060	2.26665	-22.0331	24.2998	0.00745337	0.992547	5.550184	0.807953	0.598764	0.286156	0.219267	0.186589	0.182961	0.0224982	0	2.281175	1.484901	0.9925466	0.007453372	30.54227
3070	2.19786	-19.9589	22.1567	0.270915	0.729085	4.225031	0.808296	0.59725	0.285214	0.218333	0.190127	0.192127	0.0224109	0	4.42422	1.493787	0.7290848	0.2709152	31.17363
3080	3.0493	-21.0551	24.1044	0.110315	0.889685	3.422612	0.834772	0.596289	0.276533	0.217593	0.188591	0.191402	0.0223675	0	2.476528	1.855028	0.8896847	0.1103153	71.619
3090	3.16348	-19.9203	23.0838	0.914994	0.085006	4.691432	0.825848	0.596459	0.286687	0.223593	0.193191	0.182936	0.0225125	0	3.497146	1.950456	0.085006	0.914994	89.21871
3100	2.40946	-22.7706	25.18	0.507863	0.492137	4.971994	0.828093	0.623331	0.28802	0.220338	0.192248	0.184077	0.0222606	0	1.400888	1.6727	0.4921372	0.5078628	47.06526
3110	1.33683	-23.8823	25.2192	0.140949	0.859051	2.498729	0.812403	0.623246	0.285153	0.222425	0.190956	0.184017	0.0227445	0	1.361783	1.790614	0.8590513	0.1409487	61.74672
3120	2.78691	-21.043	23.8299	0.0894975	0.910503	5.749455	0.830802	0.620284	0.286563	0.221337	0.187847	0.184173	0.022762	0	2.751031	1.709914	0.9105025	0.08949749	51.27601
3130	1.9883	-20.0715	22.0598	0.818555	0.181445	2.381044	0.814749	0.60692	0.275925	0.218303	0.189652	0.188181	0.0221949	0	4.521163	1.76748	0.1814446	0.8185554	58.54361
3140	0.841418	-21.3001	22.1415	0.357111	0.642889	0.9211341	0.843254	0.608014	0.279203	0.217616	0.186967	0.192317	0.0228925	0	4.439457	1.631769	0.6428894	0.3571106	42.83207
3150	1.49825	-21.2947	22.793	0.57852	0.42148	1.809324	0.830339	0.614299	0.278982	0.221494	0.194029	0.184728	0.0223348	0	3.787959	1.312763	0.4214797	0.5785203	20.54769
3160	0.961521	-22.9769	23.9384	0.118265	0.881735	1.263676	0.824508	0.610067	0.281357	0.225632	0.189617	0.19018	0.0226932	0	2.642541	1.32151	0.8817351	0.1182649	20.96575
3170	3.1948	-21.4401	24.6349	0.803657	0.196343	5.579597	0.830686	0.613715	0.279812	0.223411	0.187474	0.19223	0.0225859	0	1.946005	1.902944	0.1963428	0.8036572	79.97306
3180	-0.346811	-23.0485	22.7017	0.923754	0.076246	1.997502	0.844677	0.614662	0.277776	0.2235	0.192709	0.188292	0.0223446	0	3.879235	0.8014141	0.07624599	0.923754	6.330152
3190	0.298788	-18.9354	19.2341	0.343275	0.656725	4.836046	0.841517	0.601279	0.282738	0.21786	0.189924	0.186611	0.0228538	0	7.346786	1.727335	0.6567251	0.3432749	53.37464
3200	1.95308	-20.1868	22.1399	0.204074	0.795926	2.556349	0.836432	0.595688	0.278983	0.217009	0.189877	0.188692	0.0229803	0	4.441009	1.472062	0.7959259	0.2040741	29.65254
3210	0.585732	-19.893	20.4788	0.756187	0.243813	1.559653	0.819333	0.60336	0.27615	0.223271	0.1942	0.186489	0.0226966	0	6.102158	1.859561	0.2438127	0.7561873	72.37043
3220	3.094	-21.8308	24.9248	0.858815	0.141185	5.359041	0.837909	0.597491	0.2821	0.222175	0.188878	0.192244	0.0232104	0	1.65616	1.891586	0.1411852	0.8588148	77.90878
3230	2.27902	-21.4383	23.7173	0.761112	0.238888	6.785376	0.828668	0.606926	0.283281	0.223409	0.186778	0.183618	0.0226544	0	2.863594	1.828216	0.2388876	0.7611124	67.33112
3240	-0.109529	-23.1671	23.0576	0.725588	0.274412	8.952823	0.841973	0.594731	0.279107	0.221781	0.189528	0.188531	0.0222279	0	3.523345	1.99792	0.2744115	0.7255885	99.52213
3250	1.19816	-18.8746	20.0728	0.585142	0.414858	3.694449	0.839996	0.61277	0.283331	0.217734	0.19134	0.186349	0.0228547	0	6.508174	1.999106	0.4148582	0.5851418	99.79425
3260	2.58581	-22.0756	24.6614	0.262392	0.737608	6.281388	0.83387	0.616232	0.282501	0.21721	0.190012	0.185293	0.0227201	0	1.919545	1.765225	0.7376082	0.2623918	58.24045
3270	-1.45275	-19.8147	18.3619	0.223746	0.776254	0.7552448	0.818759	0.613805	0.276611	0.218422	0.191584	0.185754	0.0231101	0	8.219015	1.799548	0.7762542	0.2237458	63.03004
3280	-2.00148	-18.7405	16.739	0.407779	0.592221	2.084742	0.825431	0.62161	0.279822	0.217619	0.191428	0.187137	0.0225137	0	9.841937	1.525563	0.592221	0.407779	33.54003
3290	2.71994	-20.6715	23.3915	0.804142	0.195858	3.079921	0.83205	0.611255	0.275324	0.218208	0.194436	0.18488	0.0224778	0	3.189463	1.621701	0.195858	0.804142	41.85054
3300	2.55535	-22.6728	25.2281	0.881149	0.118851	4.681646	0.810588	0.601849	0.275508	0.223412	0.193369	0.18752	0.0230629	0	1.352784	1.762408	0.118851	0.881149	57.864
3310	3.36559	-20.6952	24.0608	0.0312725	0.968727	5.102383	0.814702	0.597213	0.274411	0.217753	0.193619	0.190908	0.0228624	0	2.520171	1.907893	0.9687275	0.03127253	80.88973
3320	3.09976	-20.6803	23.78	0.66605	0.33395	3.394164	0.834412	0.598585	0.274451	0.21696	0.190068	0.183939	0.0223747	0	2.800907	1.991428	0.3339502	0.6660498	98.04558
3330	2.89982	-20.208	23.1078	0.0606581	0.939342	5.140158	0.809273	0.59874	0.283945	0.220963	0.190636	0.187087	0.022186	0	3.473108	1.764504	0.9393419	0.06065808	58.14389
3340	1.26953	-21.1861	22.4557	0.844749	0.155251	2.142081	0.808427	0.59723	0.284031	0.22134	0.189465	0.188035	0.0224996	0	4.125259	1.168555	0.1552513	0.8447487	14.74196
3350	1.53859	-22.6146	24.1532	0.743323	0.256677	1.53917	0.810142	0.61418	0.28712	0.220826	0.187114	0.18902	0.0222222	0	2.427748	1.873653	0.2566768	0.7433232	74.75722
3360	-2.14301	-20.1347	17.9917	0.430657	0.569343	3.969771	0.832621	0.607835	0.285701	0.222387	0.189501	0.190923	0.022667	0	8.589192	1.05056	0.5693426	0.4306574	11.23467
3370	2.01323	-21.4527	23.4659	0.998288	0.001712	3.676086	0.817605	0.622914	0.278022	0.227967	0.190327	0.188151	0.0221675	0	3.114987	1.272433	0.001712	0.998288	18.7255
3380	2.67851	-20.366	23.0445	0.158551	0.841449	3.186591	0.840336	0.594354	0.278672	0.220533	0.185915	0.191638	0.0226491	0	3.53641	1.611001	0.8414492	0.1585508	40.83203
3390	0.608158	-18.6952	19.3033	0.571636	0.428364	3.90887	0.821301	0.608698	0.285588	0.216812	0.189504	0.189542	0.0232105	0	7.277608	1.995045	0.4283636	0.5716364	98.86566
3400	3.23766	-20.9517	24.1894	0.768112	0.231888	3.993204	0.837206	0.61909	0.286527	0.219613	0.186635	0.192172	0.0229033	0	2.391547	1.822617	0.2318876	0.7681124	66.46868
3410	2.98993	-20.6496	23.6396	0.756776	0.243224	3.522158	0.843741	0.617369	0.287772	0.224133	0.189623	0.186808	0.0229479	0	2.94138	1.68951	0.2432241	0.7567759	48.9226
3420	2.88687	-21.0132	23.9	0.645359	0.354641	4.860733	0.826924	0.614801	0.281777	0.219299	0.19055	0.190197	0.0225381	0	2.680885	1.599882	0.3546413	0.6453587	39.79989
3430	0.82413	-20.8168	21.6409	0.71569	0.28431	1.900689	0.82899	0.621401	0.278686	0.219928	0.194831	0.188839	0.0229048	0	4.94001	1.141144	0.2843103	0.7156897	13.84024
3440	2.75268	-21.1747	23.9274	0.880743	0.119257	2.820413	0.847417	0.611762	0.277003	0.223888	0.192963	0.185712	0.0223197	0	2.653548	1.906535	0.119257	0.880743	80.63719
3450	0.680147	-19.2285	19.9087	0.826123	0.173877	2.398652	0.834917	0.621122	0.274496	0.219791	0.189307	0.185761	0.0229056	0	6.672267	1.830307	0.1738773	0.8261227	67.65607
3460	0.365381	-24.0303	24.3957	0.102691	0.897309	8.749377	0.826497	0.602338	0.276871	0.219117	0.192512	0.186186	0.0232601	0	2.185244	1.836264	0.8973089	0.1026911	68.5905
3470	-0.932708	-26.649	25.7162	0.903132	0.0968684	5.673961	0.848442	0.609284	0.28316	0.219467	0.19377	0.188469	0.0230813	0	0.8646843	1.318765	0.0968684	0.9031316	20.83361
3480	2.19312	-21.7456	23.9387	0.274768	0.725232	7.175685	0.815278	0.61479	0.287757	0.219598	0.191669	0.189533	0.0230098	0	2.642211	1.906833	0.7252319	0.2747681	80.69241
3490	0.572124	-19.0064	19.5785	0.962154	0.0378461	2.755651	0.820415	0.592932	0.282366	0.227371	0.18986	0.189792	0.0225781	0	7.002446	1.789131	0.03784606	0.9621539	61.5363
3500	-1.7665	-19.2056	17.4391	0.0986531	0.901347	1.322429	0.808364	0.5963	0.279183	0.222586	0.187311	0.191309	0.0225787	0	9.141879	1.816818	0.9013469	0.09865311	65.58706
3510	1.62612	-20.2669	21.893	0.0275387	0.972461	1.951587	0.828505	0.598937	0.284455	0.222005	0.19497	0.192424	0.0224928	0	4.687897	1.716281	0.9724613	0.02753866	52.03326
3520	0.957915	-20.6068	21.5647	0.510679	0.489321	5.592706	0.837614	0.601249	0.281146	0.226219	0.192306	0.189756	0.0226173	0	5.016247	1.427226	0.489321	0.510679	26.74396
3530	1.97455	-23.0058	24.9804	0.928103	0.0718972	5.439537	0.82305	0.608671	0.279724	0.220011	0.188505	0.186	0.0225432	0	1.600553	1.516532	0.07189717	0.9281028	32.84972
3540	1.47554	-21.0856	22.5611	0.653937	0.346063	1.473854	0.817739	0.620093	0.278153	0.218144	0.193374	0.190838	0.0225798	0	4.019845	1.607475	0.3460629	0.6539371	40.50186
3550	2.50914	-21.6495	24.1586	0.257242	0.742758	4.617664	0.815609	0.606601	0.282736	0.217788	0.194115	0.191269	0.0224849	0	2.422297	1.440036	0.7427582	0.2572418	27.54459
3560	2.7371	-20.053	22.7901	0.363258	0.636742	4.129443	0.825265	0.60015	0.281525	0.220518	0.194356	0.187277	0.023161	0	3.790846	1.604107	0.6367423	0.3632577	40.189
3570	1.64649	-19.0617	20.7081	0.617645	0.382355	3.621149	0.823437	0.6035	0.287099	0.220847	0.188799	0.18523	0.0222173	0	5.872787	1.936819	0.3823555	0.6176445	86.46075
3580	0.517361	-21.2301	21.7475	0.577739	0.422261	6.001483	0.818575	0.608286	0.282462	0.218252	0.194934	0.191041	0.0226826	0	4.833461	1.374017	0.4222614	0.5777386	23.66014
3590	0.431357	-23.3446	23.776	0.584215	0.415785	3.45532	0.818269	0.597182	0.283842	0.217673	0.193814	0.191407	0.0223989	0	2.804983	0.9458165	0.415785	0.584215	8.827069
3600	2.50127	-22.0675	24.5688	0.523249	0.476751	2.765693	0.828643	0.59355	0.287158	0.218272	0.190743	0.188061	0.0227516	0	2.01213	1.975141	0.4767511	0.5232489	94.4368
3610	3.24434	-20.7855	24.0299	0.874278	0.125722	5.560527	0.8448	0.616684	0.288301	0.226605	0.18611	0.186433	0.0228224	0	2.551068	1.905161	0.1257219	0.8742781	80.38246
3620	2.50138	-20.537	23.0384	0.820356	0.179644	5.972611	0.842969	0.615129	0.279304	0.227588	0.189777	0.184944	0.022886	0	3.542566	1.776719	0.1796436	0.8203564	59.80247
3630	2.64264	-20.6659	23.3086	0.265214	0.734786	3.515749	0.816847	0.61624	0.276686	0.21718	0.189496	0.188633	0.0224146	0	3.272346	1.485174	0.7347859	0.2652141	30.56143
3640	1.38466	-23.5537	24.9384	0.395384	0.604616	2.133998	0.813838	0.614068	0.284021	0.221336	0.191449	0.191062	0.0231346	0	1.642522	1.688087	0.6046156	0.3953844	48.76262
3650	-3.30467	-28.3045	24.9998	0.297802	0.702198	1.93052	0.810999	0.620027	0.286386	0.226673	0.193924	0.192069	0.0231273	0	1.58111	0.478249	0.7021977	0.2978023	3.0078
3660	2.09271	-21.2625	23.3552	0.626362	0.373638	1.958683	0.808531	0.609211	0.281909	0.225846	0.192607	0.191547	0.0232113	0	3.225711	1.834497	0.3736384	0.6263616	68.31196
3670	2.67244	-20.458	23.1305	0.677335	0.322665	3.020078	0.81144	0.613209	0.276114	0.222457	0.190414	0.191102	0.0227598	0	3.450458	1.650818	0.3226647	0.6773353	44.75257
3680	1.26993	-18.9852	20.2551	0.735114	0.264886	3.48084	0.842219	0.614127	0.287805	0.22577	0.19221	0.1917	0.0224141	0	6.325791	1.823094	0.2648856	0.7351144	66.54179
3690	2.74434	-21.0278	23.7721	0.283507	0.716493	6.095089	0.816572	0.617005	0.286926	0.219744	0.191996	0.189457	0.0228795	0	2.808831	1.791655	0.7164926	0.2835074	61.8949
3700	2.22672	-21.6586	23.8853	0.577273	0.422727	2.181584	0.824139	0.608932	0.287508	0.221752	0.187891	0.189685	0.0228867	0	2.695591	1.738298	0.4227269	0.5772731	54.73909
3710	2.34091	-22.958	25.2989	0.968207	0.0317926	5.824682	0.831294	0.611106	0.288275	0.219736	0.194765	0.189084	0.0231626	0	1.282027	1.781971	0.03179258	0.9682074	60.53002
3720	2.86576	-21.3169	24.1826	0.385999	0.614001	4.845185	0.82886	0.605181	0.278198	0.222938	0.193717	0.186856	0.0223027	0	2.398319	1.59141	0.6140006	0.3859994	39.03102
3730	1.71939	-22.5866	24.3059	0.838694	0.161306	2.9541	0.839613	0.61937	0.274959	0.228003	0.193449	0.186534	0.0232137	0	2.274986	1.245298	0.161306	0.838694	17.59129
3740	2.85697	-20.5934	23.4504	0.489297	0.510703	2.995885	0.827141	0.623274	0.2775	0.226259	0.194583	0.188168	0.0228416	0	3.130559	1.988571	0.5107026	0.4892974	97.40271
3750	2.94004	-21.1633	24.1034	0.956065	0.0439347	5.356006	0.846651	0.623252	0.277955	0.227403	0.191189	0.189718	0.023284	0	2.477568	1.680451	0.04393465	0.9560653	47.91269
3760	3.07736	-21.3003	24.3777	0.705158	0.294842	3.855099	0.834908	0.621209	0.27724	0.223566	0.194226	0.191833	0.0225335	0	2.203278	1.749436	0.2948421	0.7051579	56.16121
3770	1.99125	-19.6315	21.6227	0.45495	0.54505	4.837611	0.820824	0.609553	0.282565	0.224842	0.192221	0.190962	0.0222026	0	4.958236	1.648479	0.5450504	0.4549496	44.5122
3780	-0.652972	-20.0521	19.3991	0.309833	0.690167	6.848023	0.826871	0.601227	0.283965	0.220193	0.190739	0.190314	0.0230791	0	7.181848	1.917228	0.6901673	0.3098327	82.6471
3790	0.0567015	-20.1234	20.1801	0.568944	0.431056	1.648489	0.812099	0.610425	0.278708	0.222331	0.191172	0.185924	0.0228079	0	6.400801	1.196316	0.4310562	0.5689438	15.71506
3800	2.11037	-19.7784	21.8888	0.423152	0.576848	3.881397	0.813108	0.618433	0.275467	0.226493	0.193193	0.187035	0.0228255	0	4.692178	1.496248	0.5768483	0.4231517	31.35073
3810	2.04111	-21.5933	23.6344	0.659685	0.340315	2.264888	0.817481	0.621859	0.276166	0.228109	0.194683	0.191435	0.0231623	0	2.946494	1.422052	0.3403146	0.6596854	26.42725
3820	2.62195	-20.7572	23.3791	0.974815	0.0251849	5.675823	0.832995	0.60687	0.28819	0.223465	0.19266	0.184153	0.0230767	0	3.201809	1.676384	0.02518491	0.9748151	47.46611
3830	-0.655931	-22.6582	22.0023	0.113013	0.886987	4.899634	0.847017	0.592699	0.282707	0.219803	0.185535	0.191118	0.0225307	0	4.578676	0.9655697	0.8869869	0.1130131	9.237824
3840	2.07547	-19.9049	21.9804	0.602925	0.397075	5.176766	0.836743	0.610107	0.284629	0.221188	0.194142	0.18527	0.022336	0	4.600512	1.643391	0.3970748	0.6029252	43.99377
3850	2.82319	-21.4429	24.2661	0.830359	0.169641	3.15414	0.846741	0.603979	0.278468	0.218967	0.192397	0.184057	0.0231809	0	2.314806	1.74875	0.1696408	0.8303592	56.07254
3860	2.687	-19.8427	22.5297	0.215165	0.784835	3.830023	0.820511	0.61507	0.283621	0.223466	0.194055	0.187488	0.0232168	0	4.051226	1.665765	0.784835	0.215165	46.3196
3870	1.31266	-19.3274	20.6401	0.534567	0.465433	3.201941	0.844425	0.600594	0.280134	0.227866	0.191098	0.187883	0.0227355	0	5.940841	1.508496	0.4654334	0.5345666	32.24753
3880	0.415312	-24.5788	24.9941	0.483783	0.516217	7.512503	0.820299	0.602495	0.276007	0.217772	0.188344	0.183551	0.0232571	0	1.586839	1.518341	0.5162165	0.4837835	32.98685
3890	2.96159	-20.4022	23.3638	0.637797	0.362203	3.271666	0.845368	0.602255	0.277724	0.21916	0.195147	0.183586	0.02284	0	3.217129	1.899548	0.3622026	0.6377974	79.35024
3900	1.90467	-19.3021	21.2068	0.825783	0.174217	3.217657	0.806829	0.615483	0.280433	0.223053	0.189651	0.190032	0.0229656	0	5.374174	1.976231	0.1742167	0.8257833	94.67407
3910	2.59924	-20.2105	22.8097	0.361299	0.638701	3.04486	0.812953	0.620987	0.27839	0.21778	0.190671	0.191865	0.0230478	0	3.7712	1.665424	0.6387009	0.3612991	46.28327
3920	1.68611	-22.3858	24.072	0.947538	0.0524617	1.867609	0.845241	0.615058	0.275586	0.22205	0.185984	0.183546	0.0232611	0	2.508982	1.47867	0.05246169	0.9475383	30.10721
3930	2.10635	-21.4223	23.5286	0.114192	0.885808	6.829045	0.845026	0.607393	0.282271	0.217991	0.186995	0.183488	0.0223279	0	3.052328	1.803003	0.8858076	0.1141924	63.53352
3940	2.48842	-20.3092	22.7977	0.32193	0.67807	2.658996	0.808187	0.608113	0.276535	0.217737	0.186494	0.186134	0.0223125	0	3.783276	1.988315	0.6780702	0.3219298	97.34532
3950	2.60674	-21.2441	23.8508	0.103542	0.896458	6.471979	0.815288	0.618792	0.277188	0.21825	0.189401	0.191133	0.0221564	0	2.730087	1.852451	0.8964578	0.1035422	71.19526
3960	2.17947	-19.2341	21.4135	0.156496	0.843504	4.741511	0.81503	0.620059	0.275402	0.220795	0.19396	0.184702	0.0228466	0	5.167385	1.985216	0.8435044	0.1564956	96.65315
3970	1.74282	-20.2812	22.024	0.440859	0.559141	3.417647	0.835642	0.604581	0.278767	0.219637	0.194323	0.185258	0.0232059	0	4.556921	1.292669	0.5591408	0.4408592	19.61865
3980	-0.0461805	-23.6567	23.6105	0.425875	0.574125	8.932286	0.832568	0.623073	0.278023	0.218012	0.191987	0.184153	0.0232558	0	2.970456	1.870908	0.5741249	0.4258751	74.28618
3990	0.654291	-20.8849	21.5392	0.370255	0.629745	0.949469	0.833765	0.608835	0.281369	0.217093	0.190561	0.18281	0.0226983	0	5.041776	1.743153	0.6297446	0.3702554	55.35455
4000	-0.751754	-22.5785	21.8267	0.301934	0.698066	0.09403385	0.838094	0.606919	0.279332	0.227112	0.193398	0.18647	0.0230165	0	4.754211	0.9952489	0.6980665	0.3019335	9.891198
4010	-1.07893	-21.2478	20.1688	0.432928	0.567072	0.2561358	0.836518	0.615418	0.284394	0.22715	0.188028	0.187166	0.0229021	0	6.412087	1.095109	0.5670724	0.4329276	12.44826
4020	2.57683	-19.6725	22.2493	0.255294	0.744706	4.202391	0.824486	0.611551	0.275208	0.221535	0.189936	0.188522	0.0232728	0	4.331655	1.687646	0.7447059	0.2552941	48.71308
4030	2.16234	-20.6886	22.851	0.894795	0.105205	2.385073	0.824685	0.610627	0.28591	0.221614	0.193567	0.185497	0.0228098	0	3.729944	1.520314	0.1052045	0.8947955	33.13703
4040	1.54341	-19.1724	20.7158	0.22577	0.77423	5.157739	0.829706	0.60154	0.287754	0.217865	0.194364	0.187494	0.0228442	0	5.865149	1.950299	0.77423	0.22577	89.18649
4050	1.34242	-23.6319	24.9743	0.286011	0.713989	2.579012	0.836422	0.61828	0.282133	0.217802	0.193014	0.186326	0.0229555	0	1.606589	1.401427	0.7139893	0.2860107	25.20155
4060	2.61995	-20.652	23.272	0.612367	0.387633	4.932744	0.834733	0.616965	0.282025	0.220754	0.191598	0.186284	0.0231295	0	3.30898	1.544838	0.3876329	0.6123671	35.06213
4070	1.77029	-20.4166	22.1868	0.207594	0.792406	3.014636	0.814611	0.602937	0.27552	0.21933	0.190298	0.185464	0.0227589	0	4.394096	1.282907	0.7924063	0.2075937	19.18258
4080	1.09842	-23.0825	24.181	0.00976609	0.990234	3.669395	0.824171	0.613391	0.285772	0.227676	0.19489	0.187344	0.0223849	0	2.399972	1.024338	0.9902339	0.009766093	10.5764
4090	2.85687	-20.291	23.1479	0.696923	0.303077	3.244763	0.819857	0.61157	0.281971	0.224437	0.194236	0.184169	0.0223853	0	3.433019	1.801036	0.3030766	0.6969234	63.24636
4100	0.381575	-23.7891	24.1707	0.51005	0.48995	6.615533	0.846777	0.600422	0.28199	0.223845	0.193157	0.183857	0.0221767	0	2.410276	1.303685	0.4899495	0.5100505	20.12265
4110	2.38786	-19.4611	21.849	0.191005	0.808995	4.253285	0.821537	0.593964	0.276675	0.222148	0.18699	0.185575	0.0230766	0	4.731963	1.744326	0.808995	0.191005	55.50422
4120	-2.15126	-24.461	22.3098	0.323248	0.676752	9.531096	0.808629	0.622667	0.28607	0.217887	0.190507	0.188555	0.023085	0	4.271175	1.744002	0.6767521	0.3232479	55.46284
4130	3.168	-20.5888	23.7568	0.96742	0.0325801	5.688733	0.807995	0.598497	0.282181	0.223003	0.188058	0.18799	0.0227162	0	2.824155	1.932118	0.03258006	0.9674199	85.52985
4140	0.321051	-22.4102	22.7312	0.589586	0.410414	7.663995	0.808219	0.59954	0.280925	0.227451	0.193968	0.187117	0.023071	0	3.849703	1.627181	0.4104137	0.5895863	42.38194
4150	2.1795	-19.7625	21.942	0.0169438	0.983056	2.871894	0.806269	0.59742	0.275944	0.226016	0.191596	0.186641	0.0231534	0	4.638936	1.772234	0.9830562	0.01694384	59.18809
4160	0.238231	-23.3103	23.5486	0.484102	0.515898	8.122842	0.809411	0.603461	0.279492	0.220222	0.191289	0.188895	0.0232653	0	3.032361	1.646383	0.5158979	0.4841021	44.29785
4170	0.651692	-20.0219	20.6736	0.297553	0.702447	1.541866	0.811902	0.593811	0.286488	0.227866	0.195019	0.188206	0.0225736	0	5.907304	1.560447	0.7024472	0.2975528	36.34524
4180	3.1511	-20.8195	23.9706	0.869832	0.130168	3.687442	0.810327	0.596498	0.288593	0.221122	0.186684	0.19188	0.0226876	0	2.610338	1.808105	0.1301677	0.8698323	64.28427
4190	2.59743	-22.2958	24.8932	0.761158	0.238842	6.90701	0.832774	0.603928	0.287394	0.217894	0.186747	0.184409	0.0231967	0	1.687736	1.997694	0.2388424	0.7611576	99.4705
4200	1.84757	-19.3138	21.1613	0.393881	0.606119	3.443229	0.823694	0.61968	0.283934	0.221115	0.187605	0.189253	0.0229172	0	5.419598	1.677183	0.6061193	0.3938807	47.55351
4210	1.12775	-22.421	23.5487	0.704901	0.295099	4.29215	0.822366	0.619885	0.282817	0.219688	0.187749	0.185097	0.0221568	0	3.032213	1.125963	0.2950989	0.7049011	13.36482
4220	1.28316	-22.2884	23.5715	0.947311	0.0526887	3.099958	0.833338	0.598708	0.278654	0.220643	0.187565	0.185185	0.0232026	0	3.009407	1.089435	0.05268865	0.9473113	12.2867
4230	0.833904	-21.0936	21.9275	0.223992	0.776008	1.313888	0.822298	0.61383	0.278232	0.21981	0.191104	0.188025	0.0230202	0	4.653425	1.24766	0.7760085	0.2239915	17.68723
4240	3.17943	-20.2988	23.4783	0.367182	0.632818	5.418095	0.84565	0.609899	0.274517	0.219437	0.189536	0.185492	0.022872	0	3.102669	1.935111	0.6328182	0.3671818	86.12136
4250	1.03582	-20.6686	21.7044	0.43886	0.56114	1.393055	0.818275	0.598077	0.275914	0.218375	0.18975	0.18333	0.0228574	0	4.876496	1.468459	0.5611396	0.4388604	29.40757
4260	1.12479	-21.8604	22.9852	0.303818	0.696182	0.9988993	0.81618	0.617692	0.287673	0.219231	0.189942	0.18928	0.022517	0	3.595744	1.83904	0.6961821	0.3038179	69.03032
4270	1.34321	-22.0112	23.3544	0.446083	0.553917	4.09066	0.822739	0.603698	0.284163	0.217627	0.194276	0.188817	0.0223883	0	3.22651	1.131525	0.5539175	0.4460825	13.53707
4280	1.5343	-20.6655	22.1998	0.676435	0.323565	1.623181	0.838561	0.602339	0.28288	0.220167	0.19212	0.186207	0.0225868	0	4.381143	1.936985	0.3235653	0.6764347	86.49387
4290	0.623093	-21.2697	21.8928	0.540822	0.459178	0.768738	0.829459	0.592743	0.275249	0.221917	0.187251	0.187473	0.0225452	0	4.688124	1.938922	0.4591781	0.5408219	86.88048
4300	1.73771	-21.228	22.9657	0.823834	0.176166	6.400087	0.843616	0.598423	0.275534	0.221466	0.189585	0.188541	0.0231447	0	3.615242	1.614124	0.1761658	0.8238342	41.12673
4310	2.71794	-20.9034	23.6213	0.0757209	0.924279	4.334503	0.818905	0.60492	0.277322	0.220186	0.188695	0.188787	0.0231616	0	2.959642	1.479065	0.9242791	0.07572089	30.13458
4320	2.77281	-19.8047	22.5775	0.230593	0.769407	4.531363	0.813372	0.619671	0.276529	0.22145	0.189137	0.186371	0.0228058	0	4.003405	1.742188	0.7694068	0.2305932	55.23163
4330	-0.502222	-23.5034	23.0012	0.412243	0.587757	4.011638	0.812138	0.617011	0.27505	0.221419	0.192989	0.183182	0.0224652	0	3.579781	0.8586666	0.587757	0.412243	7.222151
4340	2.93222	-21.2486	24.1808	0.671998	0.328002	5.496369	0.831897	0.602823	0.287188	0.222848	0.190791	0.185037	0.0232602	0	2.400099	1.70005	0.3280018	0.6719982	50.12454
4350	2.46531	-21.4856	23.9509	0.406573	0.593427	6.295247	0.84323	0.607031	0.28294	0.222721	0.191209	0.184718	0.0228879	0	2.630063	1.713053	0.5934267	0.4065733	51.64798
4360	-0.103158	-19.4205	19.3173	0.130393	0.869607	2.793365	0.843573	0.600228	0.286715	0.218988	0.192027	0.189321	0.02287	0	7.263639	1.240118	0.8696068	0.1303932	17.38273
4370	0.300915	-24.7325	25.0334	0.543844	0.456156	2.992216	0.817617	0.599545	0.276842	0.220321	0.188185	0.188622	0.0221531	0	1.547527	1.088432	0.4561562	0.5438438	12.25836
4380	-0.802433	-26.3638	25.5614	0.135839	0.864161	5.793768	0.847327	0.597722	0.274286	0.217418	0.193177	0.191158	0.0231479	0	1.019571	1.185328	0.8641614	0.1358386	15.32245
4390	0.704843	-20.3433	21.0481	0.982716	0.0172835	1.306546	0.82317	0.595504	0.283002	0.216916	0.194661	0.191985	0.0225211	0	5.532814	1.608852	0.01728354	0.9827165	40.6305
4400	3.12725	-21.7287	24.856	0.233665	0.766335	4.696977	0.843862	0.607595	0.28546	0.217794	0.192068	0.185889	0.0222564	0	1.724946	1.874504	0.7663355	0.2336645	74.90386
4410	2.20079	-20.5816	22.7824	0.221364	0.778636	3.694454	0.848436	0.602436	0.285874	0.222354	0.194071	0.187366	0.0230775	0	3.798559	1.342537	0.7786358	0.2213642	22.0058
4420	2.84586	-20.5829	23.4288	0.0785996	0.9214	3.435134	0.838136	0.614236	0.281611	0.217924	0.191099	0.185776	0.0232461	0	3.152135	1.600444	0.9214004	0.07859963	39.85141
4430	-3.33816	-28.311	24.9728	0.33776	0.66224	1.448573	0.845504	0.620913	0.275421	0.221746	0.191415	0.186897	0.0230546	0	1.608097	0.4769274	0.6622404	0.3377596	2.998661
4440	2.86557	-20.29	23.1555	0.841272	0.158728	4.935857	0.844846	0.622223	0.280979	0.224039	0.187172	0.19152	0.0225294	0	3.425405	1.682982	0.158728	0.841272	48.19279
4450	2.4278	-19.6016	22.0294	0.33722	0.66278	3.346307	0.837353	0.622597	0.27609	0.224006	0.187007	0.188535	0.0225631	0	4.551506	1.881698	0.6627804	0.3372196	76.155
4460	1.49983	-23.0195	24.5193	0.362766	0.637234	7.836702	0.843737	0.595615	0.276301	0.226066	0.188935	0.190588	0.0228884	0	2.061617	1.86099	0.6372338	0.3627662	72.60886
4470	2.82364	-20.9087	23.7323	0.172326	0.827674	3.105858	0.842785	0.597799	0.274616	0.224751	0.189709	0.189964	0.0229166	0	2.848619	1.686279	0.8276739	0.1723261	48.56001
4480	2.57782	-19.7172	22.295	0.514892	0.485108	3.374674	0.835433	0.594586	0.280169	0.220009	0.190056	0.192351	0.0225076	0	4.285955	1.875831	0.4851085	0.5148915	75.13298
4490	2.18982	-19.3499	21.5397	0.865274	0.134726	3.866404	0.829581	0.602175	0.283227	0.226669	0.192284	0.191168	0.0229982	0	5.041225	1.745126	0.1347259	0.8652741	55.60657
4500	2.92676	-19.8176	22.7444	0.0410015	0.958999	4.243142	0.847282	0.594475	0.277833	0.220007	0.194307	0.190376	0.022734	0	3.836533	1.810274	0.9589985	0.04100147	64.60617
4510	3.40894	-20.6201	24.0291	0.0479063	0.952094	4.463604	0.818837	0.59329	0.279718	0.218738	0.193032	0.187827	0.023196	0	2.551859	1.936914	0.9520937	0.04790634	86.47969
4520	3.05432	-21.349	24.4034	0.480432	0.519568	4.913389	0.808042	0.594314	0.275107	0.21673	0.195048	0.187585	0.022147	0	2.177566	1.701455	0.5195681	0.4804319	50.28692
4530	3.21291	-20.7962	24.0092	0.732204	0.267796	5.068439	0.836824	0.6017	0.275576	0.219119	0.191718	0.183022	0.0225194	0	2.571772	1.788713	0.2677963	0.7322037	61.4771
4540	2.84729	-19.8924	22.7397	0.629725	0.370275	5.476281	0.838115	0.603732	0.274636	0.2218	0.191141	0.187553	0.0221893	0	3.841259	1.997897	0.3702755	0.6297245	99.51698
4550	2.52389	-22.6942	25.2181	0.44247	0.55753	3.966971	0.846241	0.596254	0.27547	0.226261	0.193604	0.187248	0.022455	0	1.362868	1.883151	0.5575298	0.4424702	76.41019
4560	1.92253	-21.2112	23.1337	0.493366	0.506634	5.328092	0.831807	0.596809	0.276796	0.227603	0.192059	0.184921	0.0223237	0	3.44721	1.417317	0.5066336	0.4933664	26.14068
4570	0.795085	-18.9263	19.7214	0.00482055	0.995179	3.166317	0.844019	0.604513	0.279913	0.223525	0.194361	0.18378	0.0223673	0	6.859531	1.793695	0.9951795	0.004820546	62.18634
4580	1.88454	-21.4939	23.3784	0.535823	0.464177	4.676161	0.839873	0.594732	0.282395	0.222156	0.187583	0.188829	0.022161	0	3.202485	1.306714	0.4641772	0.5358228	20.2635
4590	2.08876	-19.2589	21.3476	0.865806	0.134194	4.891637	0.845201	0.617463	0.286342	0.2235	0.189036	0.186464	0.0227894	0	5.233318	1.945045	0.1341943	0.8658057	88.11397
4600	2.77474	-19.9178	22.6926	0.842094	0.157906	3.322571	0.829159	0.620171	0.286205	0.221624	0.189503	0.183156	0.0226708	0	3.888366	1.999887	0.1579062	0.8420938	99.97398
4610	1.70916	-22.1456	23.8548	0.0122957	0.987704	5.957897	0.8408	0.60508	0.28848	0.218829	0.193621	0.185106	0.0232232	0	2.726164	1.402219	0.9877043	0.01229566	25.24756
4620	2.44174	-19.6413	22.083	0.543946	0.456054	4.28487	0.845651	0.611621	0.282279	0.219057	0.193213	0.190902	0.0231626	0	4.497914	1.658555	0.4560544	0.5439456	45.55703
4630	0.350515	-19.3113	19.6618	0.0444687	0.955531	2.089477	0.835192	0.600488	0.281772	0.21798	0.190863	0.183918	0.0229108	0	6.919098	1.812548	0.9555313	0.04446872	64.94527
4640	1.44829	-22.2546	23.7029	0.978634	0.021366	4.373053	0.807753	0.610477	0.280822	0.220449	0.185874	0.185371	0.0229932	0	2.878055	1.189635	0.02136595	0.978634	15.47516
4650	3.3565	-20.4994	23.8559	0.341373	0.658627	4.166049	0.811918	0.61063	0.278645	0.22313	0.188612	0.185371	0.0221786	0	2.725049	1.96967	0.6586273	0.3413727	93.25445
4660	0.572359	-20.0314	20.6037	0.959779	0.0402207	1.432168	0.815169	0.623012	0.274342	0.226695	0.189405	0.184885	0.0228304	0	5.977205	1.899975	0.04022072	0.9597793	79.4283
4670	-1.65967	-22.3298	20.6701	0.362913	0.637087	0.5049852	0.840266	0.604056	0.284781	0.221504	0.188214	0.183362	0.0221374	0	5.910838	0.7034671	0.6370865	0.3629135	5.052043
4680	0.0562568	-23.8547	23.911	0.26301	0.73699	0.3108223	0.808968	0.602942	0.27457	0.220429	0.194912	0.182904	0.0227256	0	2.669983	1.973011	0.7369897	0.2630103	93.9746
4690	-1.13623	-25.5063	24.37	0.342107	0.657893	0.2685451	0.820089	0.608514	0.274494	0.225389	0.190624	0.183037	0.0222141	0	2.210905	1.043977	0.6578927	0.3421073	11.06564
4700	-3.11446	-19.8948	16.7803	0.671234	0.328766	0.1706145	0.811017	0.612388	0.278045	0.222755	0.188907	0.185528	0.0221441	0	9.800614	1.569754	0.3287662	0.6712338	37.13252
4710	0.00983156	-23.8351	23.845	0.507359	0.492641	0.258238	0.83491	0.598991	0.276426	0.217135	0.194561	0.188922	0.0228337	0	2.735975	1.902709	0.4926409	0.5073591	79.92977
4720	2.0958	-22.829	24.9248	0.919674	0.0803265	6.838868	0.839081	0.620517	0.28658	0.218555	0.193357	0.192334	0.0222319	0	1.656132	1.788809	0.08032645	0.9196735	61.49066
4730	2.87936	-20.1573	23.0366	0.707127	0.292873	3.877953	0.845347	0.619582	0.286035	0.222777	0.18605	0.191471	0.0226413	0	3.544304	1.653899	0.2928727	0.7071273	45.07115
4740	2.75022	-22.2728	25.023	0.904438	0.0955617	5.184348	0.838193	0.620647	0.274467	0.221284	0.187583	0.188748	0.0221422	0	1.557912	1.755056	0.0955617	0.9044383	56.89265
4750	3.04835	-19.8892	22.9375	0.945528	0.0544724	5.043229	0.838478	0.620936	0.283137	0.222426	0.185607	0.190612	0.0225197	0	3.643403	1.950664	0.05447241	0.9455276	89.26149
4760	1.98305	-19.4758	21.4589	0.780377	0.219623	5.221251	0.832083	0.604893	0.282388	0.225074	0.192449	0.191585	0.0222276	0	5.122077	1.838633	0.2196234	0.7803766	68.96565
4770	1.55235	-20.1451	21.6975	0.882552	0.117448	1.978783	0.829177	0.617701	0.279278	0.227641	0.192343	0.188984	0.0223149	0	4.883465	1.718443	0.1174482	0.8825518	52.29297
4780	1.18627	-23.6379	24.8242	0.580608	0.419392	7.122155	0.839276	0.616454	0.274843	0.21758	0.188346	0.19115	0.0224964	0	1.756761	1.589368	0.4193917	0.5806083	38.84791
4790	1.22667	-20.2625	21.4891	0.946001	0.0539992	4.197759	0.8406	0.622889	0.27719	0.218666	0.189067	0.186353	0.0228653	0	5.091797	1.287343	0.05399918	0.9460008	19.37952
4800	0.492532	-19.5087	20.0013	0.0431716	0.956828	1.9053	0.830525	0.611514	0.276381	0.224714	0.18939	0.186423	0.0230366	0	6.579675	1.873158	0.9568284	0.04317161	74.67204
4810	2.70192	-21.0242	23.7261	0.315137	0.684863	2.746347	0.841229	0.598096	0.286603	0.22368	0.194182	0.184605	0.0231935	0	2.854857	1.851264	0.6848625	0.3151375	71.00098
4820	2.55767	-20.6575	23.2152	0.707365	0.292635	2.762783	0.831674	0.61471	0.285169	0.224055	0.192	0.188106	0.0223332	0	3.365718	1.646331	0.2926352	0.7073648	44.29261
4830	2.18202	-22.066	24.248	0.0751166	0.924883	7.415927	0.826442	0.623458	0.279694	0.217898	0.188427	0.189816	0.0221429	0	2.332932	1.990455	0.9248834	0.07511657	97.82614
4840	0.501845	-24.8597	25.3616	0.916318	0.083682	5.330424	0.826639	0.61264	0.286511	0.2231	0.191008	0.191762	0.0227355	0	1.219362	1.336623	0.083682	0.916318	21.70814
4850	2.307	-22.1224	24.4294	0.938837	0.0611629	3.000509	0.836538	0.608418	0.283026	0.223636	0.194377	0.190337	0.0230398	0	2.151534	1.483312	0.06116285	0.9388371	30.43067
4860	1.21527	-22.6339	23.8492	0.342369	0.657631	1.156023	0.837096	0.596819	0.285255	0.218547	0.192578	0.185798	0.02224	0	2.731771	1.837706	0.657631	0.342369	68.81867
4870	1.01648	-20.9905	22.007	0.430631	0.569369	2.305861	0.819768	0.607896	0.288582	0.217855	0.186188	0.190469	0.0226755	0	4.573973	1.101278	0.5693688	0.4306312	12.62634
4880	1.99398	-19.2271	21.2211	0.0741347	0.925865	3.708165	0.834454	0.620164	0.284405	0.225636	0.189019	0.185994	0.0222268	0	5.359872	1.844165	0.9258653	0.07413469	69.84982
4890	3.25647	-20.3004	23.5569	0.688321	0.311679	4.271826	0.818925	0.593123	0.277474	0.225321	0.185794	0.187293	0.022523	0	3.024065	1.850478	0.3116787	0.6883213	70.87254
4900	1.70728	-22.8327	24.54	0.209467	0.790533	4.954219	0.828986	0.59697	0.279509	0.220224	0.19098	0.191369	0.0224328	0	2.040924	1.30202	0.7905328	0.2094672	20.04565
4910	2.74958	-19.5346	22.2842	0.817349	0.182651	4.120618	0.84479	0.599344	0.283297	0.221744	0.194137	0.188371	0.0230741	0	4.296717	1.938334	0.1826506	0.8173494	86.76298
4920	2.73052	-20.2343	22.9649	0.40012	0.59988	3.536993	0.845777	0.592793	0.285737	0.220444	0.191979	0.184658	0.0227913	0	3.616079	1.592456	0.59988	0.40012	39.12517
4930	0.512116	-22.3694	22.8815	0.944445	0.0555554	6.555555	0.836325	0.593914	0.283226	0.216981	0.191042	0.190904	0.0227358	0	3.699435	1.366811	0.05555541	0.9444446	23.2708
4940	2.35968	-20.4232	22.7829	0.0193798	0.98062	2.955443	0.818628	0.617716	0.281969	0.218849	0.194242	0.191554	0.0228869	0	3.798052	1.470811	0.9806202	0.01937981	29.56727
4950	1.93563	-22.4168	24.3524	0.754779	0.245221	5.274735	0.841047	0.615991	0.280596	0.225784	0.189743	0.190828	0.022261	0	2.228504	1.397298	0.245221	0.754779	24.96309
4960	0.831787	-19.506	20.3378	0.469899	0.530101	2.284611	0.841028	0.609161	0.286497	0.226275	0.188732	0.18621	0.0232279	0	6.243167	1.495171	0.5301006	0.4698994	31.2731
4970	1.77435	-19.4253	21.1996	0.502638	0.497362	5.185971	0.843921	0.620071	0.286441	0.226173	0.194079	0.183207	0.0229964	0	5.3813	1.787229	0.4973616	0.5026384	61.26736
4980	-5.70032	-26.7959	21.0956	0.467027	0.532973	8.074688	0.836101	0.616311	0.275155	0.224666	0.191424	0.184695	0.0226437	0	5.485371	0.973052	0.5329729	0.4670271	9.398358
4990	1.50995	-21.7679	23.2778	0.386949	0.613051	3.330537	0.840611	0.623309	0.277864	0.222389	0.188474	0.185947	0.0223346	0	3.30311	1.125295	0.6130511	0.3869489	13.34429
5000	1.48748	-21.0115	22.499	0.378821	0.621179	5.133412	0.82917	0.623369	0.279495	0.228024	0.192195	0.183711	0.0224919	0	4.081965	1.338386	0.6211785	0.3788215	21.79647
