Iteration	Posterior	Likelihood	Prior	clado_type_probs[1]	clado_type_probs[2]	distance_scale	epoch_times[1]	epoch_times[2]	epoch_times[3]	epoch_times[4]	epoch_times[5]	epoch_times[6]	epoch_times[7]	epoch_times[8]	extirpation_rate	log10_rate_bg	p_allopatry	p_sympatry	rate_bg
0	-54.9591	-85.929	30.9699	0.228407	0.771593	0.01	0.841288	0.422971	0.185666	0.140452	0.126603	0.0171565	0.00963873	0	0.5130252	-2	0.7715934	0.2284066	0.01
10	2.7676	-25.8609	28.6285	0.634271	0.365729	0.002915419	0.861598	0.423228	0.187667	0.13938	0.123879	0.0175842	0.00972876	0	2.854443	1.09342	0.3657288	0.6342712	12.39995
20	3.31955	-25.6422	28.9617	0.110634	0.889366	0.01360408	0.853426	0.421698	0.185352	0.14127	0.121504	0.0176018	0.00986606	0	2.521246	1.156631	0.8893657	0.1106343	14.3427
30	3.17517	-21.2795	24.4547	0.0508477	0.949152	0.485083	0.850936	0.412285	0.185305	0.138666	0.124747	0.0178471	0.00987574	0	7.028246	1.255804	0.9491523	0.05084767	18.02203
40	5.37605	-21.7065	27.0826	0.250644	0.749356	0.9884627	0.866415	0.404332	0.18136	0.14113	0.124293	0.0172375	0.00955302	0	4.400392	1.563037	0.7493558	0.2506442	36.56256
50	6.20537	-23.5095	29.7149	0.155451	0.844549	2.495503	0.82893	0.4114	0.184301	0.142178	0.126982	0.0176064	0.00968139	0	1.768065	1.89406	0.8445492	0.1554508	78.35381
60	5.38828	-20.8984	26.2867	0.604183	0.395817	1.010425	0.829875	0.423881	0.189048	0.139056	0.125167	0.0176293	0.00957488	0	5.196281	1.750828	0.3958165	0.6041835	56.34149
70	5.984	-20.7691	26.7531	0.0552668	0.944733	4.56004	0.83609	0.423646	0.186828	0.136656	0.124629	0.0171943	0.0099211	0	4.729841	1.846264	0.9447332	0.05526677	70.18824
80	6.77925	-21.6445	28.4238	0.0754777	0.924522	4.345017	0.839833	0.418843	0.18882	0.14033	0.125372	0.0174643	0.00987137	0	3.05918	1.873582	0.9245223	0.07547769	74.74493
90	5.22024	-24.4319	29.6521	0.353713	0.646287	4.30615	0.839778	0.402973	0.18953	0.137037	0.125449	0.0172214	0.00969827	0	1.830831	1.541699	0.6462874	0.3537126	34.80957
100	6.64231	-22.625	29.2673	0.267771	0.732229	3.284903	0.840116	0.410399	0.186992	0.138813	0.121606	0.0177613	0.0096147	0	2.215692	1.788822	0.7322291	0.2677709	61.49253
110	6.51667	-20.4607	26.9774	0.00381716	0.996183	2.74967	0.83958	0.41291	0.187988	0.13848	0.124784	0.0176986	0.00954166	0	4.505558	1.894005	0.9961828	0.003817155	78.34385
120	1.42972	-20.614	22.0437	0.826579	0.173421	5.565172	0.826635	0.406325	0.186373	0.139007	0.124086	0.0178761	0.00981479	0	9.439246	1.706281	0.1734208	0.8265792	50.84887
130	6.90381	-22.5242	29.428	0.371796	0.628204	3.452794	0.859497	0.409376	0.19045	0.137852	0.122674	0.01775	0.009788	0	2.054917	1.989972	0.6282038	0.3717962	97.71744
140	5.97096	-19.9476	25.9186	0.775893	0.224107	2.706301	0.867469	0.406509	0.188712	0.136515	0.123848	0.017186	0.00959969	0	5.564358	1.937336	0.2241069	0.7758931	86.56375
150	6.57401	-21.0576	27.6316	0.828085	0.171915	3.766836	0.855075	0.403014	0.187618	0.139127	0.123354	0.0178945	0.00971097	0	3.851345	1.770075	0.1719145	0.8280855	58.89455
160	4.3488	-24.7943	29.1431	0.475677	0.524323	7.820412	0.862443	0.412164	0.186835	0.141303	0.122602	0.0176993	0.00955774	0	2.339857	1.896285	0.524323	0.475677	78.75626
170	6.59566	-20.799	27.3947	0.512881	0.487119	3.407321	0.832231	0.423848	0.188583	0.140833	0.123693	0.0175154	0.00947723	0	4.088267	1.804411	0.4871189	0.5128811	63.73985
180	6.86425	-21.5822	28.4464	0.173159	0.826841	4.1176	0.827428	0.423729	0.187523	0.139918	0.120697	0.0175204	0.00948371	0	3.036558	1.890552	0.8268409	0.1731591	77.7235
190	5.87044	-21.5641	27.4345	0.196812	0.803188	5.629293	0.836485	0.413854	0.188777	0.139658	0.122388	0.017621	0.00949363	0	4.048473	1.945288	0.8031879	0.1968121	88.16325
200	6.91304	-21.4889	28.4019	0.381873	0.618127	4.444849	0.837631	0.419122	0.187641	0.14222	0.123398	0.0171494	0.00988315	0	3.081041	1.972785	0.6181271	0.3818729	93.92584
210	6.35332	-21.6442	27.9975	0.181017	0.818983	4.152897	0.8481	0.409372	0.182195	0.136379	0.121277	0.0172736	0.00987848	0	3.48548	1.698729	0.8189825	0.1810175	49.97221
220	5.80509	-21.3536	27.1587	0.387954	0.612046	4.57212	0.824966	0.406134	0.184863	0.136181	0.124685	0.0170272	0.00986015	0	4.324235	1.69012	0.6120464	0.3879536	48.99142
230	6.07097	-21.8395	27.9104	0.0466129	0.953387	1.741424	0.847206	0.409267	0.187677	0.137159	0.126977	0.017081	0.00964969	0	3.572534	1.6004	0.9533871	0.04661294	39.84743
240	5.68295	-22.8233	28.5062	0.168909	0.831091	6.580668	0.854135	0.410337	0.187258	0.13775	0.126649	0.0172375	0.0097513	0	2.976716	1.998445	0.8310906	0.1689094	99.64257
250	5.01517	-24.1796	29.1947	0.547334	0.452666	1.195371	0.861661	0.415076	0.188737	0.138811	0.125496	0.017151	0.00981306	0	2.288239	1.508308	0.4526663	0.5473337	32.2335
260	7.03255	-21.5374	28.5699	0.518937	0.481063	4.106092	0.852244	0.419231	0.188909	0.138753	0.124993	0.0175763	0.00970986	0	2.913031	1.973993	0.4810627	0.5189373	94.18737
270	6.48399	-22.5002	28.9842	0.241919	0.758081	2.308274	0.842272	0.408435	0.181354	0.138365	0.126786	0.017278	0.00970599	0	2.498726	1.758419	0.7580807	0.2419193	57.33492
280	4.38762	-23.8617	28.2493	0.169086	0.830914	3.334077	0.832643	0.419938	0.182653	0.137843	0.125445	0.0171421	0.00954131	0	3.233652	1.213041	0.8309144	0.1690856	16.33207
290	6.10014	-22.3782	28.4784	0.110958	0.889042	4.858788	0.858088	0.410186	0.184906	0.141062	0.126402	0.0173707	0.00951554	0	3.00458	1.719075	0.8890418	0.1109582	52.36908
300	5.28371	-22.9024	28.1861	0.0268007	0.973199	4.567962	0.866776	0.404876	0.183159	0.141735	0.126694	0.0174062	0.00972601	0	3.296866	1.481882	0.9731993	0.02680075	30.33064
310	5.96974	-20.1293	26.0991	0.654493	0.345507	1.994282	0.859887	0.408868	0.19005	0.141585	0.121558	0.0175099	0.00968903	0	5.383902	1.968908	0.3455065	0.6544935	93.09103
320	5.73286	-21.9569	27.6897	0.264243	0.735757	2.761032	0.863798	0.420366	0.188697	0.139345	0.124786	0.0170341	0.00958077	0	3.793237	1.447687	0.7357568	0.2642432	28.03412
330	3.83247	-23.9108	27.7433	0.52404	0.47596	4.038028	0.86691	0.410615	0.18934	0.139551	0.12541	0.0176216	0.00959036	0	3.739683	1.229577	0.4759597	0.5240403	16.96589
340	4.81024	-24.696	29.5062	0.544267	0.455733	3.535755	0.853635	0.415972	0.190534	0.140257	0.12384	0.0177486	0.00942681	0	1.976748	1.396544	0.4557325	0.5442675	24.91976
350	6.53338	-22.8962	29.4296	0.282416	0.717584	3.358023	0.855526	0.414514	0.188114	0.13637	0.126586	0.0177037	0.00974372	0	2.05335	1.78164	0.7175843	0.2824157	60.48387
360	4.73172	-22.3221	27.0538	0.919092	0.0809082	0.9999056	0.852208	0.417458	0.188659	0.136681	0.125111	0.0172224	0.0098487	0	4.429157	1.345579	0.08090821	0.9190918	22.16049
370	6.6482	-22.6893	29.3375	0.640227	0.359773	3.713546	0.866603	0.413662	0.190306	0.139865	0.125557	0.0174058	0.00975816	0	2.145506	1.811499	0.3597728	0.6402272	64.78871
380	6.04938	-22.7974	28.8468	0.887975	0.112025	5.852985	0.863415	0.408138	0.188138	0.141632	0.121218	0.0174063	0.00989257	0	2.636207	1.891236	0.1120248	0.8879752	77.84597
390	6.72296	-21.2602	27.9832	0.437582	0.562418	2.91949	0.864878	0.406991	0.187401	0.142299	0.123038	0.017557	0.00974546	0	3.499796	1.756204	0.562418	0.437582	57.04319
400	6.16611	-20.8893	27.0554	0.798083	0.201917	1.502242	0.856413	0.422289	0.18708	0.138791	0.123842	0.0175862	0.00964598	0	4.427514	1.921469	0.2019173	0.7980827	83.45827
410	6.09582	-21.6369	27.7327	0.153089	0.846911	5.43923	0.856377	0.422867	0.185218	0.138194	0.125587	0.0177746	0.00956625	0	3.750215	1.922424	0.8469109	0.1530891	83.64201
420	6.89897	-20.818	27.717	0.899035	0.100965	3.445381	0.850523	0.42289	0.187609	0.139844	0.123327	0.0178576	0.00991016	0	3.765961	1.924495	0.1009655	0.8990345	84.04182
430	5.58601	-19.8473	25.4333	0.84043	0.15957	3.082893	0.850211	0.423342	0.188965	0.142139	0.125693	0.0172951	0.0097393	0	6.049642	1.834265	0.1595702	0.8404298	68.27545
440	6.30407	-22.2806	28.5846	0.72106	0.27894	1.78294	0.847617	0.421804	0.190131	0.136579	0.12383	0.0178033	0.00966177	0	2.898343	1.734629	0.2789405	0.7210595	54.27862
450	5.84009	-20.5222	26.3623	0.331166	0.668834	3.088276	0.853592	0.413608	0.190399	0.137444	0.12155	0.0178146	0.00966923	0	5.120628	1.640962	0.6688343	0.3311657	43.74841
460	6.44596	-21.7649	28.2108	0.980129	0.0198707	1.619252	0.838618	0.423397	0.187769	0.142156	0.12202	0.0173906	0.00968423	0	3.272153	1.896538	0.01987068	0.9801293	78.80221
470	5.98441	-22.0914	28.0758	0.787067	0.212933	1.180162	0.846621	0.416351	0.185522	0.14043	0.121003	0.0174057	0.00958609	0	3.407187	1.779184	0.2129326	0.7870674	60.14285
480	5.44655	-24.1939	29.6404	0.49304	0.50696	1.329507	0.840899	0.404356	0.18248	0.138914	0.121064	0.017551	0.00956288	0	1.842544	1.935692	0.5069605	0.4930395	86.23658
490	5.94949	-20.5742	26.5237	0.0115617	0.988438	2.260027	0.865854	0.4077	0.182077	0.138245	0.12133	0.0172936	0.00961715	0	4.959252	1.66765	0.9884383	0.01156173	46.52112
500	7.01219	-21.2354	28.2476	0.14401	0.85599	3.753892	0.841244	0.407406	0.182646	0.136067	0.122413	0.0170388	0.00956051	0	3.235395	1.973507	0.8559903	0.1440097	94.08201
510	6.86319	-20.6698	27.533	0.319851	0.680149	3.154958	0.850646	0.404833	0.185269	0.137747	0.122723	0.0174703	0.00985035	0	3.949991	1.98461	0.6801491	0.3198509	96.51838
520	6.75693	-21.3543	28.1112	0.780062	0.219938	2.613296	0.841062	0.407609	0.185588	0.138385	0.126793	0.017259	0.00984606	0	3.371719	1.788283	0.2199378	0.7800622	61.41616
530	5.60719	-22.6837	28.2909	0.952274	0.0477263	2.596093	0.853381	0.412045	0.187447	0.136423	0.12645	0.0178255	0.00991619	0	3.192104	1.413165	0.04772635	0.9522737	25.89199
540	6.11541	-23.5734	29.6888	0.54427	0.45573	4.899829	0.853136	0.406559	0.186382	0.136238	0.123767	0.0174764	0.00987017	0	1.794125	1.83778	0.4557303	0.5442697	68.83039
550	6.89074	-22.1873	29.0781	0.64829	0.35171	4.229779	0.858636	0.414504	0.181396	0.137266	0.12126	0.0175557	0.0096794	0	2.404913	1.920702	0.3517099	0.6482901	83.31093
560	5.31956	-21.9165	27.2361	0.455284	0.544716	4.609116	0.833996	0.407175	0.183774	0.141919	0.12132	0.0173886	0.00974636	0	4.246883	1.564743	0.5447164	0.4552836	36.7065
570	2.62978	-21.0651	23.6949	0.782771	0.217229	0.4142318	0.857975	0.41262	0.188479	0.142646	0.121959	0.0175013	0.00956398	0	7.78808	1.290966	0.2172291	0.7827709	19.54187
580	5.08633	-23.9193	29.0056	0.752486	0.247514	0.6699095	0.868006	0.402956	0.182615	0.141996	0.124715	0.0170226	0.00968927	0	2.477351	1.755426	0.2475139	0.7524861	56.94112
590	6.77733	-22.2904	29.0677	0.0371572	0.962843	2.565791	0.864981	0.407492	0.182687	0.139405	0.123073	0.0173113	0.00970467	0	2.415215	1.919802	0.9628428	0.03715721	83.13853
600	6.77981	-21.4596	28.2394	0.451184	0.548816	4.786382	0.849992	0.41863	0.190227	0.141957	0.123395	0.017503	0.00990737	0	3.243514	1.993922	0.5488164	0.4511836	98.61031
610	6.96504	-22.2397	29.2047	0.882021	0.117979	3.833497	0.854845	0.404298	0.183612	0.136635	0.1219	0.0173988	0.00990042	0	2.278216	1.934932	0.1179794	0.8820206	86.08595
620	4.36739	-24.4097	28.7771	0.362395	0.637605	7.801006	0.830969	0.415975	0.185004	0.13812	0.124226	0.0178746	0.00969577	0	2.705826	1.890983	0.6376047	0.3623953	77.80069
630	3.87817	-21.9095	25.7877	0.366835	0.633165	6.334301	0.84085	0.423495	0.185293	0.136024	0.125317	0.0178242	0.00970833	0	5.69525	1.762871	0.6331654	0.3668346	57.92566
640	6.53341	-22.1083	28.6417	0.222134	0.777866	2.429194	0.828782	0.419569	0.18238	0.141874	0.120906	0.0173134	0.00949914	0	2.841282	1.712561	0.7778656	0.2221344	51.5895
650	6.87007	-21.5188	28.3889	0.511524	0.488476	3.430318	0.835243	0.412951	0.182609	0.140425	0.120755	0.0171311	0.00980967	0	3.094107	1.809565	0.4884763	0.5115237	64.50084
660	5.71341	-19.961	25.6745	0.288241	0.711759	2.094465	0.837268	0.412694	0.183477	0.135812	0.12607	0.0171463	0.00971107	0	5.808512	1.91492	0.7117591	0.2882409	82.20914
670	5.46634	-23.252	28.7183	0.93195	0.0680497	0.9694152	0.826162	0.417521	0.18693	0.136623	0.126415	0.0175872	0.00972349	0	2.764636	1.668228	0.0680497	0.9319503	46.58302
680	6.26687	-20.5942	26.861	0.612391	0.387609	4.298207	0.840923	0.414627	0.18419	0.137624	0.125476	0.0175576	0.0097536	0	4.621924	1.90653	0.3876092	0.6123908	80.63626
690	6.6557	-20.4132	27.0688	0.96199	0.0380096	3.16225	0.833618	0.412572	0.181865	0.136406	0.126496	0.0178905	0.00956957	0	4.414115	1.978926	0.03800955	0.9619904	95.2633
700	4.07675	-19.6559	23.7327	0.293188	0.706812	2.958988	0.829	0.419998	0.186252	0.141033	0.125933	0.0171339	0.00947542	0	7.750287	1.639216	0.706812	0.293188	43.57283
710	5.32291	-19.6707	24.9936	0.231316	0.768684	2.356157	0.845997	0.404289	0.184193	0.138454	0.123344	0.0170905	0.00991407	0	6.489328	1.919551	0.7686841	0.2313159	83.09034
720	6.25721	-23.0809	29.3381	0.785544	0.214456	3.31168	0.829854	0.406677	0.188731	0.140521	0.126671	0.0173314	0.00982773	0	2.144838	1.667209	0.2144559	0.7855441	46.47389
730	5.53918	-19.8112	25.3504	0.790143	0.209857	3.177528	0.841355	0.419052	0.189097	0.13837	0.124752	0.0177111	0.00959459	0	6.132609	1.865303	0.2098574	0.7901426	73.33355
740	6.22383	-21.6437	27.8675	0.979683	0.0203169	2.095784	0.830337	0.422897	0.185391	0.137671	0.12585	0.0172552	0.00954975	0	3.615477	1.620453	0.02031688	0.9796831	41.73048
750	6.17341	-22.3534	28.5268	0.993575	0.00642481	5.857113	0.848394	0.414937	0.190119	0.139569	0.12271	0.0171564	0.00969331	0	2.956154	1.958792	0.006424811	0.9935752	90.94766
760	6.15973	-20.6134	26.7732	0.875305	0.124695	3.208383	0.865679	0.404787	0.190723	0.136785	0.120854	0.017229	0.00943703	0	4.709794	1.707082	0.1246953	0.8753047	50.94269
770	4.84502	-22.9888	27.8338	0.887303	0.112697	0.826598	0.867193	0.403605	0.189163	0.136521	0.120801	0.0175624	0.00946788	0	3.649166	1.39885	0.112697	0.887303	25.05243
780	3.58369	-24.7608	28.3445	0.916741	0.0832589	0.4673066	0.865863	0.404579	0.184848	0.142008	0.122694	0.0175046	0.00958514	0	3.138452	1.186629	0.08325893	0.9167411	15.36841
790	5.07246	-19.6295	24.702	0.685213	0.314787	3.126296	0.868025	0.403523	0.184028	0.139706	0.122011	0.0178309	0.00962795	0	6.781001	1.853574	0.3147867	0.6852133	71.3795
800	5.9363	-20.143	26.0793	0.411596	0.588404	2.153412	0.867384	0.417349	0.18327	0.141692	0.121009	0.0175055	0.00950763	0	5.403682	1.87389	0.5884043	0.4115957	74.798
810	6.39727	-21.2923	27.6895	0.258642	0.741358	1.519993	0.865679	0.418091	0.182407	0.140011	0.122484	0.0171325	0.0097054	0	3.793413	1.992024	0.7413583	0.2586417	98.18025
820	3.39554	-20.5915	23.987	0.296706	0.703294	5.371688	0.833825	0.411016	0.184327	0.136277	0.122518	0.0171234	0.00984013	0	7.495946	1.788329	0.7032942	0.2967058	61.42268
830	5.80225	-21.7333	27.5356	0.782097	0.217903	2.677561	0.838005	0.406981	0.189174	0.136821	0.121933	0.0173562	0.00966287	0	3.947379	1.478682	0.2179025	0.7820975	30.10799
840	6.9081	-20.767	27.6751	0.801756	0.198244	3.013268	0.859322	0.405115	0.186555	0.136788	0.123097	0.017193	0.00962099	0	3.807834	1.984918	0.1982442	0.8017558	96.58686
850	6.83002	-21.5145	28.3446	0.215349	0.784651	3.119302	0.848591	0.403586	0.187989	0.141622	0.123041	0.0170314	0.00961486	0	3.138412	1.79926	0.7846514	0.2153486	62.98831
860	5.21835	-24.5253	29.7436	0.285868	0.714132	1.507368	0.866565	0.41119	0.187204	0.139548	0.122738	0.0172805	0.00954933	0	1.739318	1.767912	0.714132	0.285868	58.60194
870	6.69972	-21.89	28.5897	0.578379	0.421621	4.072114	0.834936	0.419236	0.181472	0.139814	0.12228	0.0174877	0.00983713	0	2.893268	1.782749	0.421621	0.578379	60.63853
880	3.97878	-24.9651	28.9439	0.657378	0.342622	7.008974	0.827407	0.411977	0.182668	0.139076	0.122881	0.0170299	0.00989938	0	2.539049	1.636849	0.3426224	0.6573776	43.33604
890	4.6746	-19.7278	24.4024	0.591146	0.408854	1.532903	0.83652	0.404057	0.184469	0.138245	0.125611	0.0170612	0.00989539	0	7.080566	1.867246	0.4088539	0.5911461	73.66235
900	1.84096	-26.0213	27.8622	0.514525	0.485475	4.627165	0.858053	0.41359	0.184091	0.13682	0.124953	0.0170957	0.00976216	0	3.620715	1.053797	0.4854749	0.5145251	11.31871
910	-0.963575	-27.3007	26.3371	0.660377	0.339623	7.331645	0.852115	0.412243	0.182144	0.13619	0.123771	0.0175773	0.00980553	0	5.145876	1.130178	0.3396232	0.6603768	13.49515
920	6.54406	-23.0884	29.6324	0.647356	0.352644	2.900365	0.848348	0.419301	0.18405	0.137593	0.123289	0.0177983	0.00980538	0	1.850543	1.92498	0.352644	0.647356	84.13564
930	5.43371	-22.0828	27.5165	0.702183	0.297817	3.230684	0.833545	0.411016	0.186649	0.137917	0.126786	0.017739	0.00986934	0	3.966463	1.41623	0.2978175	0.7021825	26.07531
940	5.02942	-20.8329	25.8623	0.935998	0.0640025	1.920748	0.847959	0.419503	0.181513	0.138236	0.125235	0.017591	0.00984146	0	5.620636	1.452096	0.06400247	0.9359975	28.32019
950	6.77039	-21.0178	27.7882	0.644416	0.355584	2.351434	0.843043	0.420726	0.187936	0.136058	0.124977	0.0174397	0.00982668	0	3.694758	1.915632	0.3555845	0.6444155	82.34406
960	6.21185	-21.1068	27.3187	0.196251	0.803749	2.505201	0.840152	0.41116	0.187974	0.136146	0.126505	0.01785	0.00986511	0	4.16428	1.605283	0.8037488	0.1962512	40.29792
970	6.90291	-21.144	28.0469	0.896089	0.103911	2.649575	0.830567	0.403353	0.186861	0.137467	0.125817	0.0175195	0.00975926	0	3.436076	1.910651	0.1039112	0.8960888	81.40502
980	6.34661	-21.7317	28.0783	0.275226	0.724774	4.681025	0.846408	0.408735	0.187404	0.136054	0.122916	0.0178851	0.00972164	0	3.404643	1.7777	0.7247741	0.2752259	59.93772
990	6.93046	-21.9652	28.8956	0.129284	0.870716	2.72002	0.867977	0.415197	0.188532	0.139937	0.122953	0.0170585	0.00965447	0	2.587341	1.964228	0.870716	0.129284	92.09319
1000	5.56248	-22.2056	27.7681	0.85497	0.14503	0.7179637	0.834649	0.411904	0.183198	0.140886	0.124903	0.0171562	0.00979832	0	3.714887	1.788812	0.1450301	0.8549699	61.49106
1010	4.53635	-21.7834	26.3198	0.60003	0.39997	2.423088	0.867067	0.416388	0.183453	0.138296	0.12674	0.0173246	0.00990597	0	5.163168	1.283799	0.3999703	0.6000297	19.22201
1020	6.26108	-22.0576	28.3186	0.669617	0.330383	4.628774	0.862009	0.42162	0.186594	0.141559	0.126891	0.0170549	0.00986889	0	3.164327	1.72589	0.3303831	0.6696169	53.19738
1030	5.07231	-24.4104	29.4827	0.519454	0.480546	1.117338	0.829314	0.410397	0.188864	0.13876	0.124799	0.0170767	0.00987549	0	2.000284	1.704855	0.4805458	0.5194542	50.68216
1040	5.75639	-22.1265	27.8829	0.245502	0.754498	2.902061	0.834335	0.406187	0.184818	0.141567	0.126249	0.0170824	0.00973385	0	3.60009	1.444604	0.7544977	0.2455023	27.83579
1050	6.51072	-20.4091	26.9198	0.451565	0.548435	2.444721	0.834858	0.403587	0.184449	0.140454	0.125324	0.0174953	0.00969206	0	4.563144	1.96968	0.5484355	0.4515645	93.2567
1060	5.01683	-24.7372	29.7541	0.349455	0.650545	4.501243	0.860112	0.418815	0.190099	0.141138	0.121622	0.0177439	0.00989174	0	1.728905	1.533815	0.6505445	0.3494555	34.18341
1070	6.2212	-22.8427	29.0639	0.312245	0.687755	5.912385	0.83224	0.420424	0.188123	0.139055	0.122608	0.017566	0.00990496	0	2.419075	1.989255	0.6877547	0.3122453	97.55616
1080	5.39342	-23.032	28.4254	0.824877	0.175123	6.457024	0.859483	0.415716	0.187877	0.140128	0.121333	0.017558	0.00986456	0	3.057564	1.845191	0.175123	0.824877	70.01504
1090	4.79131	-21.1999	25.9912	0.079797	0.920203	2.14598	0.86205	0.417998	0.187974	0.142286	0.126115	0.0173127	0.00979831	0	5.49177	1.347727	0.920203	0.079797	22.27037
1100	3.00824	-20.7781	23.7863	0.246277	0.753723	0.737509	0.852133	0.413412	0.186701	0.142537	0.123132	0.0171175	0.0098963	0	7.696629	1.313689	0.7537231	0.2462769	20.59153
1110	5.44996	-24.2504	29.7003	0.128362	0.871638	4.886825	0.829509	0.41544	0.190705	0.138478	0.126302	0.017315	0.00972779	0	1.78263	1.65312	0.8716382	0.1283618	44.99041
1120	2.19193	-19.2085	21.4004	0.347588	0.652412	1.031589	0.835483	0.417354	0.190742	0.142582	0.124424	0.0174295	0.00968928	0	10.08254	1.974134	0.6524123	0.3475877	94.21809
1130	5.05734	-24.445	29.5024	0.17868	0.82132	3.480013	0.840152	0.414066	0.183355	0.14238	0.122011	0.0171472	0.0095534	0	1.980588	1.40743	0.8213202	0.1786798	25.55228
1140	6.6972	-21.6778	28.375	0.206587	0.793413	2.267312	0.829906	0.414268	0.183536	0.141916	0.122468	0.0170561	0.00962354	0	3.107921	1.83108	0.7934134	0.2065866	67.77657
1150	5.4993	-23.847	29.3463	0.840494	0.159506	3.499798	0.827625	0.42106	0.189443	0.140574	0.126549	0.0173194	0.00964145	0	2.136639	1.50679	0.1595055	0.8404945	32.12109
1160	5.9023	-21.8061	27.7084	0.303975	0.696025	1.472608	0.830223	0.423881	0.187982	0.1424	0.126807	0.0170288	0.00966856	0	3.77459	1.60695	0.6960246	0.3039754	40.45295
1170	6.52079	-20.857	27.3778	0.851948	0.148052	4.596864	0.857002	0.421567	0.184677	0.140337	0.124571	0.0171575	0.00963695	0	4.10516	1.998665	0.1480523	0.8519477	99.69308
1180	6.02064	-20.1265	26.1472	0.460713	0.539287	2.63186	0.825157	0.420126	0.185995	0.141644	0.123122	0.0172916	0.00948623	0	5.335811	1.835322	0.5392873	0.4607127	68.44183
1190	6.55483	-22.5519	29.1067	0.950038	0.0499616	2.824495	0.831757	0.421928	0.188447	0.141508	0.123875	0.0173404	0.00954565	0	2.376219	1.745471	0.04996162	0.9500384	55.6507
1200	6.35536	-20.8064	27.1618	0.102981	0.897019	4.527227	0.849692	0.416849	0.187165	0.142808	0.12071	0.0171804	0.00946453	0	4.321156	1.9573	0.8970188	0.1029812	90.63582
1210	4.63046	-20.9295	25.56	0.0711709	0.928829	5.443232	0.839076	0.407046	0.189015	0.137362	0.123153	0.0170954	0.00946922	0	5.922983	1.846774	0.9288291	0.07117091	70.2706
1220	6.2081	-20.9391	27.1472	0.361097	0.638903	1.762359	0.833953	0.404942	0.187592	0.139066	0.124549	0.0171012	0.00949917	0	4.335809	1.790375	0.6389034	0.3610966	61.71282
1230	6.52746	-21.1974	27.7249	0.60622	0.39378	2.463349	0.830432	0.403021	0.188692	0.137845	0.12234	0.0172336	0.00951256	0	3.758102	1.725463	0.3937799	0.6062201	53.14513
1240	6.5537	-20.9752	27.5289	0.0555392	0.944461	2.527796	0.84165	0.402967	0.185997	0.136653	0.120754	0.0176696	0.00959076	0	3.954031	1.760639	0.9444608	0.05553917	57.62869
1250	6.60015	-22.6124	29.2125	0.233468	0.766532	3.631982	0.865831	0.406566	0.18724	0.139608	0.121612	0.0177605	0.00955189	0	2.270421	1.766639	0.7665323	0.2334677	58.43048
1260	1.32702	-27.4166	28.7436	0.572609	0.427391	1.245997	0.866031	0.41279	0.189225	0.141489	0.121514	0.0172615	0.00956955	0	2.73932	0.8061968	0.4273909	0.5726091	6.400248
1270	3.2642	-23.5017	26.7659	0.458302	0.541698	3.988238	0.841002	0.420702	0.187929	0.141857	0.123234	0.0175963	0.00943846	0	4.717078	1.190447	0.5416979	0.4583021	15.50412
1280	6.47094	-20.5232	26.9942	0.0947001	0.9053	2.446303	0.842375	0.420479	0.186772	0.139358	0.126363	0.0175215	0.00950611	0	4.488772	1.884226	0.9052999	0.09470006	76.59956
1290	3.98307	-24.0392	28.0222	0.389322	0.610678	1.210761	0.850075	0.421281	0.184315	0.137711	0.126305	0.0178205	0.00956357	0	3.460715	1.09956	0.6106776	0.3893224	12.57651
1300	6.80263	-22.7108	29.5134	0.0994847	0.900515	3.835676	0.859468	0.412342	0.188648	0.136459	0.126827	0.0170854	0.00962198	0	1.969524	1.983061	0.9005153	0.09948473	96.17474
1310	6.0412	-20.0232	26.0644	0.274487	0.725513	2.811768	0.856665	0.408852	0.185772	0.136925	0.125028	0.0171834	0.00951845	0	5.418521	1.913946	0.7255134	0.2744866	82.02499
1320	2.89718	-25.2005	28.0976	0.594495	0.405505	2.022237	0.833256	0.411814	0.186614	0.138407	0.126362	0.0173311	0.0098506	0	3.385318	0.9706291	0.4055053	0.5944947	9.346072
1330	3.16755	-26.2079	29.3754	0.687238	0.312762	1.668525	0.841072	0.417117	0.184778	0.138765	0.122463	0.0176085	0.00976753	0	2.107561	1.097777	0.3127624	0.6872376	12.52498
1340	6.24978	-22.5669	28.8166	0.689561	0.310439	1.825713	0.860437	0.417427	0.184622	0.14034	0.12536	0.0175994	0.0096969	0	2.66633	1.73018	0.3104386	0.6895614	53.72546
1350	4.44876	-23.0735	27.5222	0.819517	0.180483	4.219435	0.856693	0.402962	0.19073	0.13929	0.121119	0.0174078	0.00965006	0	3.960721	1.354764	0.1804826	0.8195174	22.63414
1360	6.82375	-22.1347	28.9585	0.0787051	0.921295	4.487678	0.860968	0.418696	0.190508	0.140417	0.121869	0.0176412	0.00950442	0	2.524506	1.937663	0.9212949	0.07870515	86.62903
1370	6.00194	-20.8928	26.8947	0.252073	0.747927	1.974882	0.849733	0.423847	0.190314	0.138463	0.120947	0.0174508	0.00944393	0	4.588253	1.65215	0.7479274	0.2520726	44.89005
1380	5.94689	-22.641	28.5879	0.827322	0.172678	2.915945	0.837714	0.41422	0.183826	0.141296	0.124437	0.017475	0.00970833	0	2.895064	1.504077	0.1726783	0.8273217	31.92103
1390	4.24461	-26.1325	30.3771	0.041178	0.958822	5.303601	0.836432	0.419105	0.18617	0.138451	0.122445	0.0172923	0.00965411	0	1.105831	1.680791	0.958822	0.04117797	47.9503
1400	5.83226	-22.1829	28.0151	0.367186	0.632814	4.726529	0.826358	0.411054	0.187044	0.136399	0.122453	0.017202	0.00977412	0	3.46783	1.641986	0.6328138	0.3671862	43.85162
1410	6.17664	-22.2377	28.4144	0.692057	0.307943	1.957284	0.834388	0.4213	0.188828	0.137074	0.121097	0.0172009	0.00968449	0	3.068585	1.618803	0.3079429	0.6920571	41.57218
1420	5.80553	-20.2543	26.0598	0.117399	0.882601	2.762131	0.829884	0.414033	0.187474	0.137206	0.120896	0.0177523	0.00988408	0	5.423162	1.686529	0.8826006	0.1173994	48.58797
1430	5.27192	-19.9158	25.1877	0.821057	0.178943	1.970068	0.856837	0.424124	0.189345	0.14124	0.121608	0.0173706	0.00988082	0	6.295225	1.767092	0.1789432	0.8210568	58.49144
1440	6.76946	-22.1559	28.9254	0.199434	0.800566	2.692723	0.862848	0.416017	0.187523	0.141301	0.123237	0.0175942	0.00975565	0	2.557601	1.829108	0.8005663	0.1994337	67.46958
1450	6.26735	-23.4182	29.6856	0.270174	0.729826	4.861234	0.856182	0.424046	0.188669	0.142771	0.122967	0.0177244	0.00985272	0	1.797375	1.883921	0.7298256	0.2701744	76.54575
1460	6.29426	-20.3183	26.6126	0.292714	0.707286	2.155718	0.841579	0.416339	0.189373	0.141232	0.121465	0.0177478	0.00991956	0	4.870397	1.963257	0.7072859	0.2927141	91.88764
1470	6.68662	-21.1407	27.8273	0.993497	0.00650345	4.327076	0.854173	0.408786	0.188696	0.139891	0.121474	0.0175889	0.00954496	0	3.655689	1.894418	0.006503452	0.9934965	78.41833
1480	7.01301	-21.3555	28.3685	0.377969	0.622031	3.869734	0.858721	0.423721	0.1845	0.142887	0.121334	0.0177596	0.00962403	0	3.114422	1.947211	0.6220313	0.3779687	88.55459
1490	6.20265	-23.656	29.8586	0.35044	0.64956	2.644888	0.860096	0.423005	0.183039	0.142213	0.121923	0.0171569	0.00976811	0	1.624321	1.987276	0.6495601	0.3504399	97.1126
1500	5.47566	-20.7933	26.2689	0.631329	0.368671	2.326962	0.864267	0.414266	0.181343	0.139929	0.12066	0.0173397	0.00976466	0	5.21405	1.514375	0.3686715	0.6313285	32.68697
1510	5.20446	-19.792	24.9965	0.674315	0.325685	3.213604	0.834546	0.420958	0.184925	0.138132	0.122931	0.0171107	0.00960634	0	6.486494	1.783854	0.3256846	0.6743154	60.79311
1520	6.42672	-21.7294	28.1561	0.361497	0.638503	3.732001	0.839955	0.420586	0.186441	0.141425	0.124677	0.0176269	0.0096984	0	3.326892	1.665271	0.6385032	0.3614968	46.26693
1530	6.44933	-20.2461	26.6954	0.20536	0.79464	2.651122	0.843306	0.420354	0.184215	0.136339	0.124788	0.0176683	0.00985039	0	4.787539	1.995756	0.7946395	0.2053605	99.02746
1540	5.73404	-20.1213	25.8553	0.436026	0.563974	1.748352	0.835158	0.404282	0.190164	0.136404	0.126085	0.0175195	0.00988628	0	5.627659	1.947049	0.5639737	0.4360263	88.52145
1550	4.1732	-25.8359	30.0091	0.916347	0.0836528	2.078399	0.863334	0.419507	0.190443	0.137716	0.123871	0.0173219	0.00955653	0	1.473861	1.458136	0.08365276	0.9163472	28.7168
1560	7.06288	-21.2589	28.3217	0.816617	0.183383	3.059005	0.848963	0.416119	0.187688	0.139096	0.123188	0.0171638	0.00958569	0	3.161213	1.980259	0.1833831	0.8166169	95.55614
1570	4.50722	-20.8781	25.3853	0.99038	0.00961981	5.428823	0.866562	0.410951	0.18826	0.140207	0.123177	0.0171313	0.00968165	0	6.097653	1.823049	0.009619805	0.9903802	66.53481
1580	3.65696	-24.4526	28.1096	0.985555	0.0144447	7.726314	0.854414	0.405722	0.188104	0.139776	0.121277	0.017072	0.00978388	0	3.373369	1.733152	0.01444466	0.9855553	54.09441
1590	6.56001	-21.9029	28.4629	0.366744	0.633256	2.952643	0.867805	0.412399	0.190425	0.13978	0.120923	0.0171119	0.00964747	0	3.020023	1.67408	0.6332557	0.3667443	47.21501
1600	5.72785	-23.6396	29.3674	0.595688	0.404312	6.350681	0.856458	0.408341	0.184121	0.13758	0.124036	0.0174273	0.00948044	0	2.115524	1.954352	0.4043119	0.5956881	90.0227
1610	5.89034	-21.016	26.9064	0.236052	0.763948	1.842649	0.848858	0.422795	0.190186	0.140132	0.125661	0.017611	0.00955363	0	4.576613	1.609263	0.7639478	0.2360522	40.66894
1620	3.78011	-19.3574	23.1375	0.408386	0.591614	2.539904	0.852737	0.414862	0.187321	0.139905	0.126085	0.0178326	0.00954811	0	8.345437	1.710838	0.5916143	0.4083857	51.38525
1630	5.88925	-19.9978	25.8871	0.977934	0.0220664	3.583125	0.860411	0.40933	0.1848	0.136373	0.124963	0.0175292	0.00944637	0	5.595869	1.941069	0.02206644	0.9779336	87.311
1640	6.00518	-21.8191	27.8242	0.648433	0.351567	4.687465	0.860024	0.412595	0.188127	0.137842	0.122486	0.0174273	0.00962387	0	3.658729	1.698048	0.3515668	0.6484332	49.89393
1650	5.8413	-24.0584	29.8997	0.781414	0.218586	2.765564	0.86224	0.421371	0.184244	0.136464	0.123367	0.0173711	0.00959225	0	1.583243	1.782775	0.2185856	0.7814144	60.64226
1660	6.79801	-22.056	28.854	0.321438	0.678562	4.825979	0.864967	0.423473	0.183038	0.137572	0.126909	0.0170808	0.00960484	0	2.628998	1.983156	0.6785623	0.3214377	96.19579
1670	4.93992	-20.4231	25.363	0.25962	0.74038	4.762884	0.850488	0.416195	0.184367	0.140765	0.125536	0.0173372	0.00971895	0	6.119914	1.831917	0.74038	0.25962	67.90732
1680	6.27159	-21.4518	27.7234	0.140951	0.859049	1.912193	0.857662	0.417276	0.183724	0.138107	0.125806	0.0172033	0.00980094	0	3.759542	1.671453	0.8590487	0.1409513	46.93031
1690	5.861	-20.0101	25.8711	0.392655	0.607345	2.721083	0.857067	0.406209	0.186347	0.139993	0.120902	0.0171198	0.00972291	0	5.611892	1.8263	0.6073446	0.3926554	67.03472
1700	3.7903	-21.9394	25.7297	0.0398064	0.960194	2.465921	0.86099	0.415627	0.188199	0.137231	0.125144	0.0176668	0.00988464	0	5.753223	1.172794	0.9601936	0.03980644	14.88656
1710	6.5538	-21.2507	27.8045	0.642379	0.357621	2.41601	0.864926	0.405744	0.189881	0.135975	0.123424	0.0177694	0.00992081	0	3.678511	1.716054	0.357621	0.642379	52.00612
1720	6.35642	-21.7538	28.1103	0.118785	0.881215	3.689885	0.86657	0.40883	0.188681	0.135988	0.122398	0.0175301	0.00963558	0	3.372705	1.641986	0.8812148	0.1187852	43.85168
1730	5.12502	-21.8633	26.9884	0.919955	0.0800447	1.896121	0.860935	0.422212	0.181826	0.138149	0.122169	0.0175593	0.00967606	0	4.494604	1.361988	0.08004471	0.9199553	23.01378
1740	2.36309	-21.9459	24.309	0.337455	0.662545	3.612829	0.844297	0.416053	0.181384	0.139257	0.123832	0.0177764	0.0095473	0	7.174001	1.210404	0.6625448	0.3374552	16.23319
1750	5.65013	-22.1259	27.776	0.373926	0.626074	0.7509311	0.839108	0.416812	0.18254	0.138736	0.12257	0.0177082	0.00947859	0	3.706944	1.842409	0.6260742	0.3739258	69.56799
1760	4.72449	-22.1907	26.9152	0.918973	0.0810267	0.1172559	0.828034	0.410152	0.184704	0.140524	0.122997	0.0178106	0.00943211	0	4.56777	1.771013	0.0810267	0.9189733	59.02194
1770	1.00538	-29.3207	30.3261	0.905207	0.0947926	0.3074441	0.858501	0.415507	0.182701	0.138022	0.122425	0.0177903	0.00955008	0	1.156842	1.390501	0.09479264	0.9052074	24.57545
1780	3.70671	-24.4188	28.1255	0.251723	0.748277	0.2821325	0.864058	0.412002	0.186209	0.141172	0.124837	0.0176352	0.00981729	0	3.357439	1.13433	0.7482765	0.2517235	13.62479
1790	5.94403	-22.7469	28.6909	0.825697	0.174303	2.17167	0.861333	0.419382	0.181371	0.141064	0.123332	0.0170166	0.00976397	0	2.792017	1.534588	0.1743027	0.8256973	34.24427
1800	6.26796	-22.6145	28.8825	0.464242	0.535758	3.410548	0.828111	0.409111	0.18507	0.139563	0.12085	0.0172588	0.00964557	0	2.600483	1.612802	0.5357575	0.4642425	41.00171
1810	5.09653	-24.3848	29.4813	0.282265	0.717735	1.479148	0.835044	0.404329	0.185396	0.136569	0.121416	0.0171596	0.00944186	0	2.001629	1.546808	0.7177351	0.2822649	35.22151
1820	3.69056	-20.4897	24.1802	0.56666	0.43334	3.840697	0.831361	0.403379	0.183402	0.140047	0.122834	0.0170584	0.00955467	0	7.302736	1.509333	0.4333405	0.5666595	32.30971
1830	5.71397	-20.7887	26.5027	0.698789	0.301211	1.544647	0.846007	0.409657	0.184417	0.139624	0.123869	0.0171967	0.00988776	0	4.98031	1.671946	0.3012111	0.6987889	46.98352
1840	6.4824	-20.6657	27.1481	0.166771	0.833229	4.305939	0.863237	0.422586	0.18677	0.140473	0.12658	0.0175926	0.0098259	0	4.334892	1.982139	0.8332292	0.1667708	95.97068
1850	6.89556	-21.5306	28.4262	0.437613	0.562387	3.234835	0.857097	0.416597	0.183341	0.136154	0.121118	0.01776	0.0094886	0	3.056776	1.827237	0.562387	0.437613	67.17957
1860	6.12203	-22.9955	29.1175	0.258651	0.741349	1.605256	0.85409	0.417275	0.182902	0.136657	0.120839	0.0171618	0.0099218	0	2.365467	1.848309	0.7413488	0.2586512	70.51954
1870	5.56293	-22.9269	28.4898	0.100365	0.899635	0.9415976	0.851623	0.417221	0.185482	0.1405	0.121459	0.0174324	0.00970127	0	2.993149	1.663644	0.8996351	0.1003649	46.09395
1880	2.12246	-20.4075	22.53	0.891155	0.108845	0.3298001	0.850839	0.410694	0.19067	0.141708	0.121792	0.0177437	0.00989661	0	8.952975	1.400788	0.1088448	0.8911552	25.16447
1890	4.30294	-24.6605	28.9635	0.220677	0.779323	0.08222854	0.846746	0.414022	0.185917	0.142884	0.122529	0.0175673	0.00973628	0	2.519511	1.75168	0.7793232	0.2206768	56.45203
1900	4.03547	-20.7327	24.7682	0.592164	0.407836	0.3030763	0.836013	0.410751	0.189137	0.142661	0.125613	0.0178981	0.00961875	0	6.714786	1.8215	0.4078364	0.5921636	66.29787
1910	5.24678	-23.8535	29.1003	0.916659	0.0833409	1.660212	0.852794	0.405249	0.190654	0.140979	0.124803	0.0176182	0.00960701	0	2.382629	1.464871	0.08334088	0.9166591	29.1656
1920	6.84406	-21.4689	28.313	0.825878	0.174122	4.522852	0.865286	0.407515	0.188686	0.136885	0.125855	0.017846	0.00987477	0	3.170009	1.939947	0.1741217	0.8258783	87.08582
1930	5.16656	-20.1696	25.3362	0.892111	0.107889	2.896615	0.852745	0.416464	0.186568	0.140105	0.122834	0.0177294	0.00986623	0	6.146807	1.597602	0.1078895	0.8921105	39.5915
1940	5.38462	-23.9491	29.3337	0.422554	0.577446	6.722107	0.84856	0.418313	0.18758	0.138495	0.12245	0.0171886	0.00976493	0	2.149248	1.925574	0.5774459	0.4225541	84.25078
1950	5.85954	-24.0971	29.9566	0.198112	0.801888	3.718433	0.824989	0.410204	0.187514	0.137345	0.126152	0.0172329	0.00982069	0	1.526331	1.754	0.8018879	0.1981121	56.75449
1960	6.8354	-22.0438	28.8791	0.157034	0.842966	3.544423	0.840002	0.404574	0.184639	0.138991	0.125304	0.0173974	0.00970588	0	2.603813	1.817562	0.8429664	0.1570336	65.69947
1970	6.39365	-20.636	27.0296	0.583472	0.416528	4.11588	0.853044	0.4041	0.190432	0.137138	0.124672	0.0176151	0.00954262	0	4.453349	1.892524	0.4165284	0.5834716	78.07712
1980	5.76265	-21.7625	27.5251	0.456556	0.543444	4.262188	0.832973	0.416407	0.187816	0.139377	0.12527	0.0173325	0.00975644	0	3.957857	1.591865	0.5434443	0.4565557	39.07191
1990	4.97328	-21.0696	26.0428	0.829659	0.170341	3.978404	0.843906	0.421753	0.188125	0.139224	0.123569	0.0174048	0.0097993	0	5.440135	1.533542	0.1703413	0.8296587	34.16189
2000	3.99552	-22.6323	26.6279	0.990513	0.00948681	0.4970789	0.861008	0.421418	0.189312	0.141672	0.123528	0.0174911	0.00960688	0	4.855101	1.27538	0.009486808	0.9905132	18.85297
2010	3.38679	-25.0369	28.4237	0.265493	0.734507	0.6525227	0.852143	0.423861	0.190481	0.140405	0.126635	0.0177035	0.00970114	0	3.059252	1.010457	0.7345071	0.2654929	10.24371
2020	5.88407	-23.4077	29.2918	0.859241	0.140759	1.62186	0.849412	0.416038	0.187464	0.141186	0.126197	0.0176486	0.00950837	0	2.191165	1.779201	0.1407594	0.8592406	60.14526
2030	6.45098	-21.3654	27.8164	0.286264	0.713736	2.413085	0.860412	0.418756	0.190751	0.139363	0.126418	0.0177037	0.00946619	0	3.666605	1.67798	0.713736	0.286264	47.64088
2040	5.40874	-19.9509	25.3597	0.435238	0.564762	2.066591	0.867045	0.412394	0.187591	0.142223	0.121058	0.0178725	0.00982996	0	6.123289	1.769736	0.5647615	0.4352385	58.84863
2050	6.01971	-23.1958	29.2155	0.0257808	0.974219	4.466506	0.860299	0.419668	0.190375	0.141908	0.122181	0.0176685	0.00990821	0	2.267478	1.649292	0.9742192	0.02578083	44.59559
2060	6.22055	-20.6649	26.8855	0.506777	0.493223	4.24185	0.849688	0.416173	0.183426	0.142052	0.122343	0.0174515	0.00976894	0	4.597481	1.850116	0.4932228	0.5067772	70.81341
2070	5.62833	-20.2758	25.9042	0.591535	0.408465	4.498573	0.838016	0.40629	0.18454	0.141405	0.121369	0.0170353	0.00976699	0	5.578809	1.958543	0.4084654	0.5915346	90.89566
2080	6.78591	-21.3589	28.1449	0.591637	0.408363	2.771429	0.846982	0.41145	0.188825	0.141561	0.122656	0.0172522	0.00972995	0	3.338109	1.791127	0.4083627	0.5916373	61.81974
2090	5.95704	-20.6196	26.5766	0.852437	0.147563	4.159994	0.827159	0.409782	0.181765	0.139418	0.125818	0.0178047	0.00988332	0	4.906329	1.771984	0.1475628	0.8524372	59.15392
2100	6.11347	-22.4393	28.5527	0.948047	0.0519532	1.280747	0.839276	0.407733	0.18384	0.137031	0.126564	0.0176901	0.00967813	0	2.930241	1.864785	0.05195318	0.9480468	73.24615
2110	5.1297	-23.5891	28.7188	0.163664	0.836336	7.10434	0.860442	0.404392	0.187697	0.136916	0.12541	0.0174858	0.00946439	0	2.764173	1.945308	0.8363355	0.1636645	88.16744
2120	4.16753	-25.6778	29.8453	0.0121989	0.987801	1.091572	0.824959	0.407634	0.187797	0.139255	0.123875	0.0172225	0.00972272	0	1.637625	1.457756	0.9878011	0.01219888	28.69171
2130	6.02971	-21.9565	27.9863	0.984366	0.0156345	4.274423	0.84156	0.416447	0.187729	0.138128	0.125907	0.0172305	0.00959178	0	3.496702	1.636469	0.01563448	0.9843655	43.29813
2140	4.93496	-24.9985	29.9335	0.887182	0.112818	1.496349	0.845097	0.404088	0.188132	0.140037	0.126517	0.0173354	0.00948397	0	1.549511	1.825856	0.1128175	0.8871825	66.96621
2150	6.93547	-21.5671	28.5026	0.909249	0.0907509	4.129747	0.837379	0.417655	0.190671	0.138045	0.123969	0.0172996	0.00944413	0	2.980354	1.918116	0.09075086	0.9092491	82.81633
2160	6.13519	-21.7634	27.8986	0.701043	0.298957	1.264865	0.845433	0.411398	0.189634	0.13637	0.125222	0.0173847	0.00952375	0	3.584383	1.85687	0.2989573	0.7010427	71.92336
2170	5.18289	-23.995	29.1779	0.100064	0.899936	4.617452	0.861526	0.4178	0.187986	0.13764	0.125986	0.0171074	0.00957751	0	2.305107	1.493882	0.8999362	0.1000638	31.18045
2180	5.17515	-23.4972	28.6723	0.724755	0.275245	2.039125	0.8613	0.41989	0.189182	0.136418	0.12576	0.0176187	0.00952519	0	2.81064	1.351653	0.2752452	0.7247548	22.47257
2190	4.92244	-19.572	24.4944	0.165967	0.834033	2.429607	0.835271	0.421957	0.188699	0.13768	0.12641	0.0174204	0.00949682	0	6.988546	1.84934	0.834033	0.165967	70.68704
2200	6.3707	-23.5316	29.9023	0.410864	0.589136	3.76197	0.841307	0.417193	0.188737	0.13882	0.122412	0.0170539	0.00953055	0	1.580664	1.953857	0.5891362	0.4108638	89.92007
2210	6.91788	-20.8194	27.7372	0.750132	0.249868	3.665899	0.838348	0.416619	0.186362	0.136899	0.122635	0.0170643	0.00955906	0	3.74572	1.994612	0.2498675	0.7501325	98.76702
2220	6.92249	-21.1814	28.1039	0.961036	0.0389636	2.589225	0.82881	0.40472	0.183134	0.137038	0.125173	0.0170152	0.00960949	0	3.379042	1.952302	0.03896358	0.9610364	89.59884
2230	6.14078	-21.4762	27.617	0.126566	0.873434	3.918935	0.84473	0.4045	0.186218	0.13641	0.126059	0.0176264	0.00982775	0	3.865973	1.632265	0.8734338	0.1265662	42.881
2240	5.35892	-20.1323	25.4912	0.359103	0.640897	4.29644	0.828939	0.407447	0.184319	0.137088	0.123024	0.0178699	0.00965352	0	5.991751	1.897529	0.6408969	0.3591031	78.98221
2250	5.65407	-20.1258	25.7799	0.52482	0.47518	3.776053	0.839773	0.409622	0.184174	0.141434	0.122489	0.0177378	0.00957029	0	5.703067	1.817538	0.4751797	0.5248203	65.69587
2260	6.0455	-23.0451	29.0907	0.373985	0.626015	4.995204	0.840561	0.404782	0.181861	0.142546	0.125717	0.0172323	0.00986639	0	2.39231	1.733302	0.6260154	0.3739846	54.11302
2270	4.24095	-19.6289	23.8699	0.873568	0.126432	1.464785	0.842048	0.410874	0.184508	0.141412	0.124322	0.0176589	0.00963083	0	7.613079	1.821114	0.1264319	0.8735681	66.2391
2280	4.25253	-23.769	28.0216	0.220436	0.779564	4.555172	0.825053	0.417414	0.186868	0.138921	0.125687	0.0178322	0.00953871	0	3.461405	1.319625	0.7795637	0.2204363	20.87493
2290	6.62722	-20.9546	27.5818	0.170267	0.829733	2.244521	0.852347	0.413074	0.190408	0.1405	0.124168	0.0175753	0.00960674	0	3.901176	1.869414	0.8297334	0.1702666	74.03111
2300	5.93929	-24.031	29.9703	0.205739	0.794261	5.162621	0.831424	0.408144	0.187559	0.140068	0.126338	0.0176013	0.00978003	0	1.512632	1.936167	0.7942611	0.2057389	86.33097
2310	6.97525	-22.0193	28.9946	0.543191	0.456809	2.867449	0.839988	0.411605	0.183586	0.141336	0.124417	0.01722	0.00990015	0	2.488387	1.965447	0.4568091	0.5431909	92.35215
2320	7.06107	-21.5486	28.6096	0.290456	0.709544	3.056554	0.851051	0.42198	0.181595	0.14144	0.126189	0.0176837	0.00978071	0	2.873313	1.959832	0.7095436	0.2904564	91.16579
2330	6.00668	-20.3658	26.3724	0.415928	0.584072	4.363089	0.841838	0.420553	0.186034	0.140626	0.125584	0.0173984	0.0096376	0	5.110516	1.983871	0.584072	0.415928	96.3542
2340	4.10704	-20.6107	24.7178	0.796804	0.203196	0.3749148	0.866303	0.410755	0.189636	0.141415	0.125867	0.0170385	0.00987141	0	6.765193	1.947139	0.203196	0.796804	88.53992
2350	4.17255	-25.538	29.7106	0.0426278	0.957372	0.9287462	0.838618	0.411457	0.188275	0.140279	0.125561	0.017348	0.00965266	0	1.772367	1.443688	0.9573722	0.04262777	27.77717
2360	5.58206	-24.418	30	0.697302	0.302698	2.092332	0.867709	0.406678	0.189631	0.140035	0.125739	0.0178172	0.00974501	0	1.482915	1.952942	0.3026982	0.6973018	89.73085
2370	6.02319	-20.9202	26.9434	0.463099	0.536901	4.984996	0.843618	0.404314	0.186124	0.140975	0.123437	0.0173031	0.00968092	0	4.539606	1.940402	0.5369008	0.4630992	87.17706
2380	5.75392	-23.7036	29.4576	0.993762	0.00623776	6.371311	0.837784	0.414224	0.187105	0.140855	0.121898	0.0175062	0.00952556	0	2.025405	1.976814	0.006237762	0.9937622	94.80119
2390	6.20567	-22.9348	29.1405	0.612022	0.387978	5.609757	0.828305	0.417654	0.189202	0.138821	0.121997	0.017734	0.00973825	0	2.342483	1.905813	0.3879784	0.6120216	80.50313
2400	3.56978	-23.2808	26.8505	0.235904	0.764096	6.529264	0.85244	0.413236	0.183731	0.136229	0.123168	0.0178937	0.00959065	0	4.632417	1.576422	0.7640961	0.2359039	37.70696
2410	6.07249	-23.7477	29.8201	0.649664	0.350336	3.538755	0.839197	0.422931	0.184718	0.141796	0.12463	0.017662	0.00960545	0	1.662815	1.765693	0.3503365	0.6496635	58.30328
2420	5.0839	-22.3903	27.4742	0.986103	0.0138969	2.533359	0.835139	0.403982	0.184182	0.142511	0.122194	0.0178276	0.00987593	0	4.008726	1.325677	0.01389688	0.9861031	21.16788
2430	6.62443	-22.9393	29.5637	0.450584	0.549416	2.902956	0.831152	0.404752	0.181617	0.14074	0.12273	0.0176863	0.00962145	0	1.91927	1.948418	0.5494158	0.4505842	88.80112
2440	6.23271	-21.4561	27.6889	0.358291	0.641709	3.073952	0.848167	0.407532	0.185705	0.139031	0.125181	0.0173723	0.00958534	0	3.794108	1.59301	0.6417092	0.3582908	39.1751
2450	4.96744	-21.2219	26.1894	0.745943	0.254057	0.6870434	0.847234	0.405996	0.187651	0.138656	0.124184	0.0174772	0.00965408	0	5.293608	1.646266	0.254057	0.745943	44.28599
2460	3.5165	-20.7934	24.3099	0.900566	0.0994337	1.121452	0.86593	0.408754	0.184098	0.137617	0.12499	0.0173319	0.00990214	0	7.173029	1.33232	0.09943369	0.9005663	21.49415
2470	5.76162	-20.9384	26.7001	0.93886	0.0611396	2.414793	0.865224	0.406531	0.186494	0.137789	0.12644	0.0171233	0.00977515	0	4.782909	1.545417	0.06113962	0.9388604	35.10891
2480	6.23727	-20.3277	26.5649	0.355399	0.644601	2.07354	0.836989	0.410431	0.182604	0.139692	0.126156	0.0172588	0.00969842	0	4.918016	1.963258	0.6446007	0.3553993	91.88793
2490	5.42296	-19.9175	25.3405	0.0204448	0.979555	2.058362	0.849599	0.414927	0.183643	0.137806	0.125549	0.0173545	0.0096593	0	6.142469	1.817293	0.9795552	0.02044478	65.65877
2500	6.44613	-23.2044	29.6506	0.790835	0.209165	2.60288	0.832335	0.40952	0.189538	0.135812	0.126032	0.0178824	0.00965663	0	1.83241	1.960856	0.209165	0.790835	91.38096
2510	4.6512	-20.1826	24.8338	0.701038	0.298962	3.685196	0.853575	0.408496	0.184287	0.139917	0.125821	0.0175171	0.00990073	0	6.64919	1.617069	0.2989621	0.7010379	41.40652
2520	5.40932	-24.8223	30.2317	0.425717	0.574283	3.89644	0.86241	0.41177	0.185125	0.141307	0.126339	0.0173025	0.00986522	0	1.251304	1.793512	0.5742831	0.4257169	62.16007
2530	6.55663	-21.7699	28.3266	0.380437	0.619563	1.726166	0.841288	0.414382	0.18351	0.137992	0.120659	0.0176739	0.00961598	0	3.156388	1.945141	0.619563	0.380437	88.13344
2540	5.29957	-22.9459	28.2455	0.129813	0.870187	6.052376	0.83617	0.418211	0.182736	0.140167	0.125386	0.0178792	0.0095219	0	3.237465	1.743033	0.8701873	0.1298127	55.33924
2550	5.45705	-23.8456	29.3027	0.0425685	0.957432	5.807916	0.827379	0.417931	0.188373	0.140361	0.121482	0.0178874	0.00948868	0	2.180311	1.742057	0.9574315	0.04256847	55.215
2560	5.58917	-23.0402	28.6294	0.0851317	0.914868	3.865659	0.831804	0.406727	0.189138	0.139462	0.122145	0.0177012	0.0095322	0	2.8536	1.461757	0.9148683	0.08513174	28.95726
2570	5.29039	-20.4698	25.7602	0.324533	0.675467	1.366786	0.834825	0.409626	0.188235	0.138471	0.123544	0.0176991	0.00966443	0	5.722731	1.691836	0.6754671	0.3245329	49.18535
2580	6.50983	-21.6396	28.1494	0.714118	0.285882	2.456808	0.846487	0.411268	0.190385	0.137657	0.124254	0.0174078	0.00972792	0	3.333558	1.677688	0.2858817	0.7141183	47.60885
2590	3.59691	-22.4117	26.0086	0.757973	0.242027	3.150217	0.858738	0.421614	0.189808	0.13709	0.124523	0.0178252	0.00956619	0	5.474372	1.210278	0.2420274	0.7579726	16.2285
2600	5.9321	-22.9746	28.9067	0.691997	0.308003	5.199515	0.848078	0.419223	0.190291	0.141752	0.124598	0.017153	0.00945848	0	2.57626	1.741061	0.3080029	0.6919971	55.08854
2610	6.48305	-22.5386	29.0217	0.797091	0.202909	2.991054	0.865114	0.414814	0.189216	0.141493	0.123161	0.0179	0.00971721	0	2.461294	1.682619	0.2029091	0.7970909	48.15254
2620	6.04095	-21.5004	27.5414	0.908073	0.0919274	5.303762	0.861677	0.417176	0.186169	0.138004	0.122328	0.0176614	0.00949874	0	3.941566	1.883487	0.09192742	0.9080726	76.46933
2630	5.11612	-20.648	25.7641	0.484453	0.515547	3.346805	0.858967	0.409512	0.186487	0.13887	0.123767	0.0170387	0.00960283	0	5.718823	1.543186	0.5155468	0.4844532	34.92901
2640	6.69642	-21.7334	28.4298	0.894194	0.105806	4.572268	0.861182	0.406975	0.189782	0.141179	0.123498	0.0171846	0.0097889	0	3.053152	1.865993	0.1058055	0.8941945	73.45014
2650	5.93457	-20.3511	26.2857	0.213328	0.786672	3.954002	0.834991	0.411716	0.187602	0.141848	0.124942	0.0174126	0.00973885	0	5.1973	1.829102	0.7866724	0.2133276	67.46871
2660	4.56079	-22.1172	26.678	0.877345	0.122655	5.448196	0.8654	0.417836	0.185246	0.1416	0.126181	0.0178261	0.00977103	0	4.804928	1.595775	0.1226548	0.8773452	39.42526
2670	6.00328	-20.2854	26.2887	0.965193	0.0348068	1.992397	0.866479	0.413539	0.18664	0.142789	0.126546	0.0174999	0.00946083	0	5.194287	1.870928	0.03480683	0.9651932	74.28954
2680	6.10668	-23.4753	29.5819	0.790051	0.209949	1.981932	0.862363	0.408564	0.183422	0.136683	0.126097	0.0170713	0.0097211	0	1.901014	1.939538	0.209949	0.790051	87.00373
2690	6.03769	-21.3381	27.3758	0.40074	0.59926	1.999164	0.863954	0.412309	0.181309	0.136581	0.12181	0.0175873	0.00977854	0	4.107185	1.579255	0.59926	0.40074	37.95378
2700	6.27282	-22.1862	28.459	0.619173	0.380827	1.505215	0.860688	0.408634	0.18429	0.136991	0.124879	0.0176169	0.00975487	0	3.02397	1.824773	0.3808274	0.6191726	66.79941
2710	6.20522	-22.6016	28.8068	0.418664	0.581336	1.639031	0.847122	0.41311	0.183268	0.14253	0.122897	0.0173844	0.00948649	0	2.676173	1.785826	0.5813365	0.4186635	61.06973
2720	6.47791	-21.2746	27.7526	0.432136	0.567864	1.647117	0.864475	0.420324	0.186897	0.139194	0.124662	0.0174808	0.0094566	0	3.730405	1.975952	0.5678637	0.4321363	94.6133
2730	5.71051	-21.1779	26.8884	0.233841	0.766159	2.001922	0.856543	0.417528	0.181484	0.142901	0.121076	0.0177594	0.00988987	0	4.594516	1.504063	0.7661592	0.2338408	31.92001
2740	5.69733	-22.3324	28.0297	0.20646	0.79354	6.071743	0.865405	0.411878	0.183755	0.138739	0.122304	0.0178368	0.00988653	0	3.45323	1.883034	0.79354	0.20646	76.3895
2750	6.37302	-20.8418	27.2148	0.147524	0.852476	1.707034	0.857791	0.404044	0.181873	0.136621	0.122286	0.0176434	0.0098242	0	4.268171	1.973305	0.852476	0.147524	94.03836
2760	7.04287	-21.2328	28.2757	0.36494	0.63506	3.745928	0.850716	0.414352	0.18245	0.137098	0.126297	0.0171989	0.00985169	0	3.207262	1.967874	0.6350604	0.3649396	92.86975
2770	6.67925	-22.3543	29.0335	0.435989	0.564011	4.56318	0.840299	0.410674	0.184276	0.13651	0.123314	0.0170563	0.00964663	0	2.449453	1.875281	0.5640111	0.4359889	75.03789
2780	5.93613	-20.8416	26.7778	0.110827	0.889173	3.199796	0.842611	0.403846	0.188042	0.139431	0.123207	0.0174397	0.00972386	0	4.705209	1.606513	0.8891732	0.1108268	40.41227
2790	7.08599	-21.5547	28.6406	0.830358	0.169642	3.448993	0.841979	0.407114	0.190304	0.137737	0.123639	0.0170406	0.00964166	0	2.842323	1.955204	0.1696423	0.8303577	90.19938
2800	6.69517	-21.6373	28.3325	0.153899	0.846101	2.689219	0.826059	0.406942	0.181667	0.138369	0.122431	0.0174379	0.00983568	0	3.150503	1.736634	0.8461013	0.1538987	54.52986
2810	6.93341	-22.1332	29.0666	0.0671818	0.932818	3.248167	0.839591	0.409418	0.18995	0.138035	0.12216	0.0179001	0.00966156	0	2.416367	1.90814	0.9328182	0.06718176	80.93559
2820	5.81204	-21.8985	27.7105	0.355309	0.644691	3.454269	0.850977	0.405589	0.188664	0.137522	0.123092	0.0172582	0.00949878	0	3.772436	1.508412	0.6446907	0.3553093	32.24123
2830	5.76859	-19.8113	25.5799	0.400845	0.599155	2.868286	0.853638	0.409191	0.189546	0.140006	0.120674	0.0171579	0.00950629	0	5.903106	1.976516	0.5991545	0.4008455	94.73624
2840	1.97674	-23.7275	25.7043	0.320236	0.679764	6.728504	0.841115	0.416569	0.189261	0.139551	0.123006	0.0171005	0.00949182	0	5.77867	1.460307	0.6797638	0.3202362	28.8607
2850	4.38833	-23.9693	28.3576	0.0811421	0.918858	5.16534	0.857034	0.410641	0.185945	0.137117	0.124132	0.0175664	0.00958108	0	3.125373	1.404459	0.9188579	0.08114208	25.37807
2860	6.10058	-20.7495	26.85	0.292118	0.707882	3.898699	0.852187	0.414471	0.187368	0.141196	0.124055	0.017849	0.00979537	0	4.632928	1.729824	0.7078819	0.2921181	53.68138
2870	5.75249	-22.4208	28.1733	0.628851	0.371149	1.317741	0.865359	0.422558	0.185782	0.138575	0.126635	0.0177448	0.00952148	0	3.309649	1.584848	0.3711492	0.6288508	38.44569
2880	4.96692	-19.7781	24.745	0.272826	0.727174	1.759322	0.853379	0.420734	0.189687	0.139027	0.125629	0.0177425	0.00959129	0	6.737948	1.836533	0.7271736	0.2728264	68.63295
2890	4.99753	-24.552	29.5496	0.582645	0.417355	4.230048	0.829302	0.418509	0.188762	0.136618	0.125301	0.0170849	0.00986645	0	1.933403	1.486268	0.4173549	0.5826451	30.63853
2900	5.76055	-19.9786	25.7392	0.861774	0.138226	2.37288	0.854537	0.421891	0.183003	0.140789	0.126105	0.0176632	0.00950201	0	5.743783	1.846081	0.1382263	0.8617737	70.15855
2910	7.00463	-20.961	27.9657	0.265949	0.734051	3.320052	0.841565	0.410009	0.18404	0.141937	0.12677	0.0173917	0.00979595	0	3.517294	1.98403	0.7340508	0.2659492	96.38955
2920	4.98184	-21.2864	26.2683	0.00122371	0.998776	0.4988181	0.83526	0.413648	0.18645	0.141731	0.124351	0.0171474	0.00991888	0	5.214686	1.795416	0.9987763	0.001223713	62.43327
2930	5.58183	-21.6133	27.1951	0.684764	0.315236	0.7325068	0.828432	0.408809	0.188702	0.137017	0.122244	0.0176152	0.00981414	0	4.287844	1.899395	0.3152355	0.6847645	79.32216
2940	5.10686	-23.2829	28.3898	0.992746	0.00725441	0.3477357	0.834701	0.417004	0.189654	0.136288	0.125149	0.0176465	0.00974477	0	3.093178	1.866895	0.007254413	0.9927456	73.60294
2950	3.68907	-22.4362	26.1252	0.975622	0.0243779	0.6444277	0.830498	0.404698	0.189509	0.14032	0.126063	0.0176086	0.00971365	0	5.357736	1.20949	0.02437793	0.9756221	16.19907
2960	5.99861	-20.1608	26.1594	0.0540012	0.945999	2.800213	0.842971	0.420046	0.185825	0.14027	0.123679	0.0170487	0.00967086	0	5.323553	1.801291	0.9459988	0.05400117	63.28362
2970	5.05217	-24.8617	29.9139	0.252586	0.747414	2.056467	0.843382	0.412397	0.187836	0.139205	0.126356	0.0173556	0.00962886	0	1.56909	1.60082	0.7474137	0.2525863	39.88599
2980	6.70781	-20.5206	27.2284	0.610696	0.389304	3.5982	0.850038	0.409642	0.186188	0.141158	0.124928	0.0176377	0.00979718	0	4.25455	1.9817	0.3893045	0.6106955	95.87377
2990	4.99135	-23.0944	28.0857	0.918155	0.0818452	2.800601	0.843919	0.414966	0.186049	0.138103	0.124317	0.0175988	0.00948867	0	3.397255	1.317362	0.0818452	0.9181548	20.76643
3000	5.39542	-20.3762	25.7717	0.768436	0.231564	4.81355	0.831224	0.414364	0.182946	0.138106	0.126352	0.01727	0.00973831	0	5.711311	1.966673	0.2315636	0.7684364	92.61322
3010	5.97708	-24.1212	30.0982	0.0770284	0.922972	4.740089	0.825508	0.414539	0.183615	0.14046	0.125129	0.0175323	0.00991589	0	1.384729	1.969899	0.9229716	0.0770284	93.30371
3020	6.32394	-20.6694	26.9934	0.643583	0.356417	1.867549	0.834961	0.422157	0.187167	0.140136	0.125501	0.0175627	0.00954778	0	4.489572	1.917254	0.3564174	0.6435826	82.65211
3030	6.61464	-21.5741	28.1888	0.473119	0.526881	1.925633	0.840484	0.414941	0.18811	0.140766	0.122895	0.0176297	0.00966505	0	3.294203	1.882044	0.5268815	0.4731185	76.21555
3040	6.56226	-20.4484	27.0106	0.904408	0.095592	3.477827	0.865779	0.414771	0.18845	0.14082	0.121261	0.0175118	0.00981537	0	4.472338	1.902465	0.09559202	0.904408	79.88505
3050	6.83638	-21.1389	27.9753	0.091943	0.908057	2.715758	0.849682	0.407724	0.190025	0.141018	0.125247	0.0176441	0.00964461	0	3.507635	1.864787	0.908057	0.09194305	73.24654
3060	5.51405	-23.0834	28.5974	0.941583	0.0584169	0.8839997	0.86712	0.403542	0.187539	0.137134	0.121679	0.0172934	0.00974122	0	2.885559	1.719287	0.05841694	0.9415831	52.39463
3070	1.7208	-22.775	24.4958	0.45819	0.54181	0.5273055	0.835106	0.40356	0.186606	0.140324	0.123106	0.0174215	0.00943695	0	6.987173	0.9581053	0.5418096	0.4581904	9.080407
3080	3.60678	-19.6608	23.2676	0.115664	0.884336	1.570125	0.830407	0.410754	0.184659	0.139513	0.121508	0.0178131	0.00965391	0	8.215412	1.591133	0.8843356	0.1156644	39.0061
3090	6.67143	-20.9527	27.6241	0.198136	0.801864	2.499859	0.864759	0.412543	0.187632	0.137229	0.120927	0.017756	0.00943028	0	3.858841	1.838683	0.8018639	0.1981361	68.97354
3100	6.66746	-20.5856	27.253	0.00733988	0.99266	2.985248	0.835072	0.404787	0.18864	0.138012	0.125136	0.0176533	0.00966402	0	4.229929	1.903322	0.9926601	0.007339883	80.04278
3110	3.36448	-19.6886	23.053	0.986107	0.0138929	1.30689	0.867069	0.411628	0.189363	0.136373	0.125562	0.0177203	0.00969835	0	8.429925	1.598407	0.0138929	0.9861071	39.66499
3120	6.08756	-21.3192	27.4067	0.595242	0.404758	1.537079	0.828087	0.407725	0.186195	0.135916	0.124841	0.017854	0.00986844	0	4.076253	1.709143	0.4047583	0.5952417	51.18501
3130	6.4318	-22.923	29.3548	0.917795	0.082205	2.118003	0.838933	0.404064	0.18793	0.136586	0.123411	0.0174204	0.00979435	0	2.128151	1.939455	0.08220498	0.917795	86.98719
3140	4.72307	-21.6295	26.3525	0.0370775	0.962922	4.990884	0.835072	0.412561	0.188268	0.138445	0.122258	0.0175987	0.00986694	0	5.130427	1.583272	0.9629225	0.03707751	38.30646
3150	6.27077	-21.8316	28.1024	0.604109	0.395891	1.357033	0.849773	0.417715	0.189982	0.140098	0.124973	0.0178982	0.00974132	0	3.38056	1.903537	0.3958913	0.6041087	80.08244
3160	5.74495	-20.2025	25.9474	0.70396	0.29604	4.155944	0.859882	0.420905	0.188848	0.14256	0.125227	0.017195	0.0098431	0	5.535543	1.894144	0.29604	0.70396	78.36886
3170	3.44071	-22.3834	25.8241	0.122712	0.877288	0.7626718	0.829431	0.412462	0.189353	0.139085	0.124372	0.017248	0.00984014	0	5.658897	1.105223	0.8772875	0.1227125	12.74158
3180	0.991265	-19.1655	20.1568	0.462128	0.537872	1.98444	0.846103	0.408994	0.190577	0.14024	0.1269	0.017221	0.00955369	0	11.32619	1.499997	0.5378717	0.4621283	31.62258
3190	5.64856	-21.3129	26.9615	0.138594	0.861406	4.005783	0.843493	0.406183	0.186029	0.137343	0.123664	0.0171379	0.00983067	0	4.521494	1.58224	0.8614062	0.1385938	38.21552
3200	7.00904	-21.8512	28.8602	0.664296	0.335704	3.882423	0.830917	0.415987	0.186136	0.136356	0.124096	0.0178606	0.00983884	0	2.622763	1.916258	0.335704	0.664296	82.46278
3210	6.7394	-21.8313	28.5707	0.481308	0.518692	4.912171	0.864478	0.412978	0.184668	0.137769	0.122922	0.0178174	0.00979231	0	2.91227	1.961803	0.5186916	0.4813084	91.58056
3220	5.95728	-21.7404	27.6977	0.456634	0.543366	1.150192	0.863091	0.410483	0.18816	0.13666	0.120887	0.0178207	0.00942674	0	3.785275	1.787931	0.543366	0.456634	61.3664
3230	4.68513	-19.4895	24.1746	0.338732	0.661268	3.25679	0.841592	0.410188	0.188795	0.138728	0.121752	0.0174587	0.0094887	0	7.308339	1.92606	0.6612684	0.3387316	84.34513
3240	6.14238	-20.1811	26.3235	0.458211	0.541789	3.845513	0.829652	0.403446	0.189318	0.138449	0.122213	0.0170871	0.00966591	0	5.159477	1.990957	0.5417893	0.4582107	97.9393
3250	6.48191	-20.9324	27.4143	0.948829	0.0511714	4.013061	0.831835	0.415973	0.190032	0.13906	0.121454	0.0172327	0.00982572	0	4.068642	1.800284	0.05117136	0.9488286	63.13703
3260	4.63174	-23.64	28.2718	0.232996	0.767004	1.510114	0.839884	0.421667	0.183816	0.141643	0.12382	0.0172593	0.00973139	0	3.211194	1.199793	0.7670042	0.2329958	15.8414
3270	7.08065	-21.6385	28.7191	0.599011	0.400989	3.559484	0.850715	0.42309	0.18951	0.142348	0.124204	0.0175971	0.00970683	0	2.763845	1.950044	0.4009893	0.5990107	89.13414
3280	5.73279	-21.2895	27.0223	0.0669748	0.933025	3.706409	0.862519	0.420411	0.187983	0.140927	0.126984	0.0176682	0.00983528	0	4.46069	1.553773	0.9330252	0.0669748	35.79092
3290	2.86725	-21.0191	23.8863	0.302118	0.697882	1.900155	0.860995	0.423316	0.189301	0.136423	0.125009	0.0177812	0.00960615	0	7.596633	1.208526	0.6978824	0.3021176	16.16313
3300	5.49911	-21.1053	26.6044	0.646409	0.353591	2.87582	0.827612	0.417267	0.187698	0.142385	0.126079	0.0178457	0.00962329	0	4.878537	1.485863	0.3535913	0.6464087	30.60998
3310	5.88696	-20.2279	26.1149	0.0918758	0.908124	2.969337	0.839311	0.423711	0.189341	0.138992	0.122535	0.0177365	0.00961778	0	5.368102	1.73307	0.9081242	0.09187578	54.08417
3320	4.8064	-23.802	28.6084	0.921802	0.0781978	4.917639	0.849471	0.42079	0.187604	0.14262	0.126285	0.0170281	0.00991237	0	2.874594	1.470215	0.07819783	0.9218022	29.52674
3330	5.82701	-20.6208	26.4478	0.784117	0.215883	3.976528	0.844417	0.412813	0.181643	0.140631	0.126389	0.0178534	0.00970908	0	5.035156	1.71909	0.2158833	0.7841167	52.37087
3340	6.32224	-20.2894	26.6117	0.843559	0.156441	2.232226	0.825484	0.422248	0.186279	0.140251	0.126645	0.0172694	0.00979524	0	4.871292	1.98114	0.1564406	0.8435594	95.75023
3350	5.58657	-22.8474	28.434	0.0944064	0.905594	6.621645	0.829048	0.409971	0.184872	0.138763	0.124313	0.0177503	0.00973181	0	3.048957	1.978143	0.9055936	0.09440637	95.09175
3360	6.22868	-21.7213	27.95	0.152256	0.847744	3.297727	0.825083	0.409141	0.187164	0.137991	0.123606	0.0176656	0.00984099	0	3.532953	1.572964	0.8477438	0.1522562	37.40796
3370	5.85172	-20.1484	26.0001	0.90387	0.0961298	2.76328	0.832399	0.415371	0.185101	0.138729	0.12487	0.0170147	0.00965034	0	5.482814	1.747324	0.09612982	0.9038702	55.88869
3380	5.11583	-20.3908	25.5067	0.755869	0.244131	1.288951	0.825971	0.411383	0.187187	0.139569	0.125997	0.0175181	0.00965416	0	5.976294	1.701624	0.2441313	0.7558687	50.30643
3390	5.30719	-23.8221	29.1293	0.465104	0.534896	6.838939	0.825998	0.421663	0.188555	0.138421	0.123342	0.0177033	0.00979222	0	2.353642	1.912632	0.5348963	0.4651037	81.77718
3400	6.83376	-20.9228	27.7566	0.702769	0.297231	4.088633	0.827141	0.412539	0.187183	0.136214	0.121393	0.0178829	0.0098874	0	3.726384	1.958731	0.297231	0.702769	90.93489
3410	6.93071	-21.0702	28.0009	0.967113	0.0328874	3.338954	0.826801	0.406929	0.188466	0.139535	0.123124	0.0176369	0.00985435	0	3.48205	1.872691	0.03288737	0.9671126	74.59173
3420	5.92233	-21.5578	27.4801	0.216636	0.783364	3.282074	0.832147	0.420522	0.190184	0.142345	0.122772	0.0178092	0.00966773	0	4.002861	1.524602	0.7833638	0.2166362	33.46585
3430	6.96466	-21.6916	28.6562	0.935519	0.0644808	2.834398	0.837501	0.417563	0.186885	0.140812	0.123441	0.0176801	0.009741	0	2.826755	1.896099	0.0644808	0.9355192	78.72243
3440	5.6925	-22.7906	28.4831	0.747801	0.252199	5.971257	0.842807	0.421179	0.187643	0.140496	0.124188	0.0175276	0.00982488	0	2.999906	1.815245	0.2521994	0.7478006	65.34998
3450	6.6535	-22.0299	28.6834	0.108176	0.891824	2.163215	0.840506	0.418612	0.183978	0.137635	0.126683	0.0173182	0.00985653	0	2.799592	1.84738	0.8918235	0.1081765	70.36875
3460	6.66253	-21.5745	28.237	0.88126	0.11874	4.977317	0.865524	0.41392	0.184587	0.138929	0.125879	0.0177033	0.00972628	0	3.245976	1.970045	0.1187396	0.8812604	93.3352
3470	5.56318	-22.448	28.0112	0.683822	0.316178	2.90384	0.84496	0.421979	0.183124	0.139363	0.126012	0.0176619	0.00955476	0	3.471746	1.414378	0.3161782	0.6838218	25.96439
3480	5.41457	-23.35	28.7645	0.919951	0.080049	3.358824	0.85779	0.418853	0.183266	0.139717	0.121442	0.0175761	0.00990783	0	2.718414	1.424918	0.08004899	0.919951	26.60225
3490	6.50479	-21.1302	27.635	0.0536571	0.946343	4.701515	0.865648	0.420975	0.183779	0.137477	0.121292	0.0176341	0.00981755	0	3.847952	1.940723	0.9463429	0.05365708	87.24148
3500	5.36342	-20.5818	25.9452	0.0666537	0.933346	1.54755	0.848765	0.412389	0.183788	0.136202	0.122565	0.0174616	0.00975996	0	5.537778	1.612662	0.9333463	0.06665373	40.98853
3510	5.84645	-20.552	26.3985	0.401118	0.598882	2.935347	0.862286	0.416231	0.187961	0.140108	0.122436	0.0176782	0.00983765	0	5.084502	1.623071	0.5988825	0.4011175	41.98275
3520	6.85165	-21.7163	28.568	0.199218	0.800782	3.591526	0.855118	0.413282	0.190436	0.137566	0.123753	0.0172019	0.00988827	0	2.915004	1.807169	0.8007816	0.1992184	64.14593
3530	6.05685	-22.0088	28.0657	0.353934	0.646066	3.334204	0.852597	0.412267	0.186184	0.140078	0.12172	0.0170245	0.00968979	0	3.417302	1.539725	0.6460655	0.3539345	34.65171
3540	4.17193	-25.1885	29.3604	0.161468	0.838532	6.388143	0.839545	0.408019	0.189964	0.141378	0.121507	0.0170708	0.00963011	0	2.122528	1.580212	0.8385318	0.1614682	38.03749
3550	6.80408	-21.9788	28.7829	0.359806	0.640194	3.331437	0.834578	0.404873	0.188306	0.142942	0.123209	0.0172519	0.00984198	0	2.700087	1.781722	0.6401945	0.3598055	60.4954
3560	3.49141	-19.5438	23.0352	0.677272	0.322728	4.266306	0.849575	0.414814	0.190374	0.141488	0.123138	0.0175962	0.00989251	0	8.447723	1.998885	0.3227281	0.6772719	99.7437
3570	6.7449	-22.7198	29.4647	0.729423	0.270577	4.284995	0.855794	0.423505	0.185127	0.14108	0.12067	0.0177968	0.00975201	0	2.018312	1.931595	0.2705765	0.7294235	85.4269
3580	5.78491	-19.8861	25.671	0.323497	0.676503	2.696101	0.86485	0.406727	0.186953	0.139254	0.12204	0.0177489	0.00962093	0	5.811954	1.893852	0.6765029	0.3234971	78.31634
3590	5.19605	-22.3864	27.5825	0.0183511	0.981649	3.160835	0.86103	0.40739	0.187225	0.136832	0.124368	0.0174297	0.00989689	0	3.900509	1.333906	0.9816489	0.01835108	21.57275
3600	6.20457	-22.0214	28.226	0.22862	0.77138	5.589894	0.86394	0.411948	0.188959	0.136024	0.121174	0.0171407	0.00982202	0	3.257013	1.930714	0.7713797	0.2286203	85.25385
3610	6.46165	-21.1316	27.5932	0.0168797	0.98312	2.59186	0.854232	0.404082	0.19032	0.139061	0.12266	0.0175664	0.0097737	0	3.889739	1.683318	0.9831203	0.01687974	48.23013
3620	5.10718	-20.8775	25.9847	0.658903	0.341097	1.747293	0.865813	0.40704	0.18779	0.140839	0.121103	0.0175609	0.00965182	0	5.498268	1.471705	0.3410966	0.6589034	29.62817
3630	6.51386	-21.0516	27.5655	0.25868	0.74132	4.23515	0.855384	0.410385	0.188013	0.137561	0.124581	0.0178361	0.00952479	0	3.91748	1.843315	0.7413204	0.2586796	69.71328
3640	5.36264	-20.0298	25.3925	0.171382	0.828618	1.495927	0.865917	0.404603	0.187239	0.137003	0.125776	0.0178325	0.00989596	0	6.090476	1.987946	0.828618	0.171382	97.26266
3650	5.0667	-24.0843	29.151	0.292299	0.707701	3.237793	0.861613	0.416267	0.182021	0.137786	0.123666	0.0173572	0.00945442	0	2.331984	1.360962	0.7077009	0.2922991	22.95946
3660	5.01683	-23.4679	28.4847	0.443107	0.556893	6.627165	0.860007	0.413563	0.18262	0.136241	0.121991	0.0176298	0.00954274	0	2.998256	1.787614	0.5568929	0.4431071	61.32164
3670	6.60425	-22.9193	29.5236	0.724637	0.275363	2.663378	0.850006	0.422123	0.184202	0.13762	0.123661	0.0177023	0.00978317	0	1.95937	1.961376	0.2753631	0.7246369	91.49048
3680	5.71716	-21.5891	27.3063	0.294936	0.705064	0.8067615	0.854227	0.42046	0.186002	0.137793	0.125509	0.0172663	0.00947567	0	4.176693	1.989375	0.7050638	0.2949362	97.58329
3690	2.0347	-20.0025	22.0372	0.50215	0.49785	5.095074	0.851093	0.419727	0.190009	0.137326	0.124892	0.0172597	0.00971308	0	9.445767	1.830625	0.49785	0.50215	67.70567
3700	6.20735	-20.9304	27.1377	0.526746	0.473254	3.950295	0.849715	0.424086	0.184836	0.137099	0.125829	0.0173291	0.00965878	0	4.34524	1.730921	0.4732543	0.5267457	53.81717
3710	6.84918	-22.5032	29.3524	0.517143	0.482857	3.007051	0.849297	0.421766	0.188811	0.136278	0.125354	0.0171073	0.00946553	0	2.130554	1.990946	0.4828567	0.5171433	97.93671
3720	5.72128	-22.4209	28.1422	0.874057	0.125943	1.591324	0.865496	0.417902	0.184662	0.142432	0.120946	0.0172538	0.00979648	0	3.340773	1.509989	0.1259431	0.8740569	32.35855
3730	5.0917	-21.3918	26.4835	0.242027	0.757973	5.350781	0.839632	0.411288	0.183368	0.141976	0.121543	0.017027	0.00969835	0	4.999451	1.749851	0.7579725	0.2420275	56.21478
3740	4.52677	-21.9707	26.4975	0.707345	0.292655	2.519173	0.841143	0.40598	0.18208	0.13614	0.121097	0.0171213	0.0097436	0	4.985468	1.281977	0.2926555	0.7073445	19.14155
3750	4.14441	-21.0264	25.1708	0.333368	0.666632	6.024537	0.855297	0.413408	0.188561	0.136228	0.123768	0.0175323	0.00959398	0	6.312182	1.977413	0.6666319	0.3333681	94.93217
3760	4.12071	-19.3878	23.5085	0.0137131	0.986287	2.227234	0.84569	0.423834	0.185969	0.138547	0.126921	0.0171327	0.00961638	0	7.974417	1.783433	0.9862869	0.01371313	60.73418
3770	6.7148	-21.949	28.6638	0.30399	0.69601	4.319437	0.847261	0.423637	0.181298	0.142854	0.121258	0.0171367	0.00974127	0	2.81912	1.832246	0.6960097	0.3039903	67.95882
3780	6.1536	-22.8297	28.9833	0.276654	0.723346	3.831124	0.866795	0.422541	0.183342	0.138972	0.12422	0.0170554	0.00980003	0	2.499635	1.61174	0.7233461	0.2766539	40.90155
3790	6.2467	-21.6566	27.9033	0.507575	0.492425	3.236672	0.859258	0.40532	0.181957	0.138451	0.121343	0.0175291	0.00967765	0	3.579614	1.589189	0.4924246	0.5075754	38.8319
3800	6.88896	-21.5711	28.46	0.413174	0.586826	3.746434	0.849805	0.412604	0.186375	0.140034	0.120917	0.0175295	0.00990789	0	3.022934	1.832454	0.5868259	0.4131741	67.99142
3810	5.57884	-23.0156	28.5945	0.275428	0.724572	5.316642	0.826068	0.413045	0.190568	0.140285	0.122617	0.0177683	0.00970488	0	2.888488	1.655354	0.7245719	0.2754281	45.22241
3820	4.36531	-22.0702	26.4355	0.663917	0.336083	1.493931	0.860801	0.410941	0.1861	0.137277	0.123246	0.0175827	0.00945791	0	5.047418	1.250348	0.3360835	0.6639165	17.79705
3830	2.67626	-25.9788	28.6551	0.764545	0.235455	3.614837	0.862984	0.423409	0.185893	0.139297	0.124955	0.0174421	0.00968818	0	2.82786	1.075701	0.2354554	0.7645446	11.90423
3840	5.86864	-21.446	27.3146	0.436836	0.563164	5.638443	0.853367	0.420534	0.18355	0.140584	0.125448	0.0176042	0.00979229	0	4.168324	1.965212	0.563164	0.436836	92.30209
3850	5.67898	-20.0132	25.6922	0.146406	0.853594	3.606447	0.836873	0.413739	0.188905	0.140633	0.12617	0.0174564	0.00985619	0	5.790769	1.847545	0.8535944	0.1464056	70.39559
3860	6.9151	-21.8323	28.7474	0.814121	0.185879	2.680916	0.848878	0.415599	0.184246	0.140818	0.123923	0.0171873	0.00975629	0	2.735527	1.90495	0.1858789	0.8141211	80.34344
3870	6.65337	-23.0802	29.7335	0.824482	0.175518	4.13646	0.848178	0.416283	0.181726	0.141215	0.125598	0.0173352	0.00966474	0	1.749421	1.990235	0.1755184	0.8244816	97.77669
3880	6.66816	-20.5882	27.2564	0.826017	0.173983	3.551807	0.827008	0.420891	0.181625	0.141816	0.122303	0.0178299	0.00973985	0	4.226597	1.902704	0.1739833	0.8260167	79.92896
3890	5.1847	-22.2584	27.4431	0.925799	0.0742014	3.128333	0.851524	0.424008	0.184176	0.140872	0.124012	0.0171226	0.00987454	0	4.039866	1.377355	0.0742014	0.9257986	23.84266
3900	6.37144	-21.7313	28.1028	0.274403	0.725597	2.204826	0.859129	0.423022	0.185637	0.137625	0.126796	0.0174517	0.00982164	0	3.380178	1.641185	0.7255966	0.2744034	43.77084
3910	3.76368	-24.8402	28.6038	0.187272	0.812728	8.636266	0.851599	0.408727	0.18532	0.137271	0.121366	0.0174419	0.00983582	0	2.879131	1.967109	0.8127282	0.1872718	92.70616
3920	3.88542	-25.6633	29.5487	0.640566	0.359434	5.335695	0.848457	0.406648	0.186317	0.141192	0.122062	0.0176684	0.00956992	0	1.934275	1.435736	0.3594341	0.6405659	27.27321
3930	5.60474	-20.9728	26.5776	0.553872	0.446128	5.302194	0.849971	0.415425	0.186499	0.140816	0.123693	0.0176377	0.00947799	0	4.905405	1.939334	0.4461281	0.5538719	86.96283
3940	2.42919	-23.1787	25.6078	0.636846	0.363154	0.7909612	0.849406	0.407869	0.18969	0.13883	0.121324	0.0177956	0.00944024	0	5.875115	0.9833737	0.3631543	0.6368457	9.624401
3950	4.7967	-20.6898	25.4865	0.769562	0.230438	2.303409	0.828338	0.421635	0.18897	0.13959	0.120825	0.0173773	0.00953038	0	5.996476	1.44446	0.2304376	0.7695624	27.82657
3960	4.76114	-25.5064	30.2675	0.390442	0.609558	6.182116	0.860194	0.416769	0.187854	0.138069	0.12633	0.0178204	0.00949201	0	1.215428	1.912589	0.609558	0.390442	81.76913
3970	6.92794	-21.4027	28.3306	0.406125	0.593875	2.780152	0.847671	0.404813	0.188103	0.136319	0.125999	0.0176037	0.00966706	0	3.15235	1.884296	0.5938748	0.4061252	76.61181
3980	5.20457	-20.0933	25.2979	0.105372	0.894628	1.552435	0.840792	0.408543	0.183867	0.1362	0.124688	0.0173857	0.00948186	0	6.185061	1.790446	0.8946282	0.1053718	61.72281
3990	4.97403	-24.9871	29.9612	0.652529	0.347471	3.987624	0.847233	0.40345	0.186365	0.136272	0.12438	0.017743	0.00973153	0	1.521789	1.560039	0.3474709	0.6525291	36.31104
4000	5.84723	-22.3237	28.1709	0.977501	0.0224994	5.16828	0.863999	0.403813	0.189248	0.136431	0.121278	0.0174743	0.00976904	0	3.312073	1.712127	0.02249944	0.9775006	51.53789
4010	6.5133	-23.2502	29.7635	0.171978	0.828022	4.451706	0.855038	0.40527	0.183348	0.138088	0.122722	0.0178708	0.00959038	0	1.719426	1.979214	0.828022	0.171978	95.32668
4020	7.0321	-22.0051	29.0372	0.674438	0.325562	3.301902	0.848813	0.40637	0.184071	0.137036	0.120981	0.0173861	0.00956501	0	2.445802	1.967125	0.3255621	0.6744379	92.70957
4030	5.75879	-21.4296	27.1884	0.934831	0.0651691	3.877116	0.854489	0.410808	0.185463	0.136698	0.121198	0.0172983	0.0097258	0	4.294566	1.577548	0.06516914	0.9348309	37.80491
4040	7.03559	-21.4443	28.4799	0.387879	0.612121	3.179654	0.85988	0.4216	0.181284	0.136061	0.125189	0.0171014	0.00967583	0	3.00307	1.932167	0.6121208	0.3878792	85.53948
4050	6.29012	-20.198	26.4881	0.598852	0.401148	3.007577	0.846199	0.41945	0.183252	0.136867	0.126879	0.0170171	0.00969737	0	4.994851	1.893469	0.4011476	0.5988524	78.24715
4060	6.58118	-21.6914	28.2726	0.126648	0.873352	4.799988	0.845247	0.422443	0.185095	0.138529	0.123472	0.017094	0.00947863	0	3.210394	1.901615	0.8733522	0.1266478	79.72882
4070	5.20195	-25.1979	30.3999	0.96362	0.0363803	4.875167	0.8395	0.405061	0.190116	0.137997	0.121395	0.0171387	0.00965477	0	1.08307	1.951403	0.0363803	0.9636197	89.41348
4080	6.57606	-22.8716	29.4477	0.631026	0.368974	2.85514	0.865327	0.407936	0.188678	0.137051	0.12471	0.0178965	0.00979621	0	2.035303	1.844594	0.3689743	0.6310257	69.91885
4090	5.07467	-23.1144	28.1891	0.161645	0.838355	5.598346	0.867306	0.414299	0.187102	0.139759	0.122068	0.0172254	0.00990908	0	3.293851	1.599902	0.8383547	0.1616453	39.80172
4100	5.49797	-21.7725	27.2705	0.454418	0.545582	1.074909	0.866304	0.416342	0.186636	0.1394	0.121174	0.0173136	0.00954124	0	4.212512	1.576813	0.5455816	0.4544184	37.74095
4110	2.80709	-22.161	24.9681	0.395753	0.604247	7.157321	0.859007	0.416453	0.185995	0.141289	0.122071	0.0175128	0.00943852	0	6.514878	1.884541	0.6042472	0.3957528	76.65515
4120	5.72666	-23.6673	29.3939	0.965857	0.0341433	2.328751	0.838456	0.41378	0.185135	0.141455	0.125238	0.0177608	0.00958558	0	2.089015	1.577382	0.03414328	0.9658567	37.79046
4130	6.26829	-20.6375	26.9058	0.13075	0.86925	3.22883	0.835308	0.403825	0.187334	0.141197	0.121907	0.0177454	0.00949191	0	4.577208	1.729268	0.8692503	0.1307497	53.61273
4140	6.46897	-21.0533	27.5223	0.201405	0.798595	4.241439	0.847008	0.413766	0.190431	0.14065	0.126017	0.0175366	0.00949106	0	3.960703	1.834516	0.7985947	0.2014053	68.31504
4150	5.78695	-20.2498	26.0367	0.713536	0.286464	3.175289	0.832703	0.408131	0.187041	0.139153	0.124559	0.0171594	0.00963561	0	5.44623	1.712488	0.2864644	0.7135356	51.58077
4160	5.01564	-20.1679	25.1836	0.352109	0.647891	3.8267	0.843395	0.409745	0.183906	0.140432	0.126377	0.0170702	0.00976914	0	6.299409	1.695872	0.6478905	0.3521095	49.64463
4170	6.53411	-22.386	28.9201	0.90572	0.0942805	3.070517	0.827386	0.408212	0.190542	0.14234	0.122273	0.0176262	0.00961876	0	2.562904	1.692018	0.09428045	0.9057195	49.20602
4180	4.90264	-20.644	25.5467	0.164642	0.835358	5.118464	0.840308	0.414169	0.185013	0.142346	0.121159	0.017538	0.00985303	0	5.936282	1.85803	0.8353578	0.1646422	72.11568
4190	5.67823	-22.6236	28.3019	0.973246	0.0267538	3.12341	0.860891	0.406362	0.1881	0.140337	0.12246	0.017672	0.00963987	0	3.181112	1.452222	0.02675379	0.9732462	28.32837
4200	4.89274	-23.0159	27.9086	0.757435	0.242565	6.604425	0.864861	0.405871	0.189595	0.13898	0.126827	0.0174113	0.00953147	0	3.574324	1.791163	0.2425651	0.7574349	61.82479
4210	6.83431	-21.3603	28.1946	0.564312	0.435688	2.281089	0.852839	0.405191	0.181504	0.139389	0.121517	0.0170561	0.0095836	0	3.288392	1.957765	0.435688	0.564312	90.73285
4220	5.81236	-24.1205	29.9328	0.102794	0.897206	5.349437	0.849494	0.403585	0.181868	0.140585	0.121878	0.0173411	0.00982028	0	1.550151	1.905653	0.8972061	0.1027939	80.47343
4230	3.79398	-26.3164	30.1103	0.225952	0.774048	6.174143	0.835784	0.403948	0.184074	0.139605	0.120965	0.0176376	0.00945084	0	1.372631	1.613009	0.7740482	0.2259518	41.02123
4240	4.75558	-22.2089	26.9645	0.321518	0.678482	5.565737	0.831472	0.413201	0.182056	0.142018	0.125842	0.0176495	0.00972263	0	4.51849	1.627034	0.6784821	0.3215179	42.36766
4250	6.77682	-22.1418	28.9186	0.594326	0.405674	4.603232	0.8453	0.408626	0.182731	0.142217	0.120687	0.0176094	0.00978088	0	2.564334	1.906752	0.405674	0.594326	80.67742
4260	5.91867	-22.8907	28.8094	0.12327	0.87673	4.00585	0.857649	0.414952	0.181959	0.141426	0.12232	0.0171832	0.00971397	0	2.673589	1.556244	0.8767303	0.1232697	35.99516
4270	5.69494	-24.1223	29.8173	0.119221	0.880779	4.054713	0.856423	0.419903	0.185451	0.140196	0.122084	0.0171174	0.00943452	0	1.66569	1.668846	0.8807788	0.1192212	46.64944
4280	4.72534	-20.6881	25.4134	0.954923	0.0450769	5.130971	0.829242	0.422365	0.190505	0.140513	0.12142	0.017385	0.00953685	0	6.069563	1.82045	0.04507689	0.9549231	66.13778
4290	4.62562	-25.5558	30.1815	0.986328	0.0136719	1.78649	0.830557	0.41864	0.189416	0.142471	0.120707	0.0170248	0.00951405	0	1.301493	1.832227	0.01367189	0.9863281	67.95592
4300	6.71537	-21.49	28.2054	0.368551	0.631449	3.24248	0.847996	0.41948	0.189385	0.14227	0.121153	0.0178871	0.0096743	0	3.277556	1.735222	0.6314486	0.3685514	54.35284
4310	7.0488	-21.4963	28.5451	0.945573	0.0544267	2.802533	0.842924	0.416635	0.186568	0.138447	0.121532	0.0174798	0.00975449	0	2.93785	1.986835	0.05442673	0.9455733	97.01415
4320	5.70008	-23.6511	29.3511	0.787674	0.212326	6.222969	0.84554	0.417633	0.187968	0.135909	0.123418	0.0177427	0.009785	0	2.131826	1.898478	0.212326	0.787674	79.15488
4330	6.05318	-22.0665	28.1197	0.416155	0.583845	2.936587	0.837281	0.421459	0.19034	0.14212	0.123851	0.017202	0.00969255	0	3.363273	1.517573	0.5838449	0.4161551	32.92858
4340	5.9874	-21.8632	27.8506	0.678632	0.321368	1.087449	0.856513	0.420941	0.189464	0.137377	0.125869	0.0170349	0.00965973	0	3.6324	1.860039	0.321368	0.678632	72.45016
4350	6.83034	-22.1862	29.0165	0.350384	0.649616	2.786577	0.839188	0.419701	0.190408	0.13971	0.122998	0.0170951	0.0097585	0	2.466418	1.879978	0.6496155	0.3503845	75.85387
4360	6.65505	-20.9629	27.6179	0.304104	0.695896	2.048234	0.843216	0.418357	0.184348	0.139242	0.123252	0.0171287	0.0096735	0	3.865056	1.981011	0.6958959	0.3041041	95.72182
4370	5.57192	-24.0789	29.6508	0.942835	0.0571651	1.654267	0.826425	0.411475	0.18426	0.140543	0.121022	0.0171683	0.00982714	0	1.832159	1.813697	0.0571651	0.9428349	65.11747
4380	3.85482	-23.98	27.8348	0.129145	0.870855	2.861234	0.843791	0.410758	0.188949	0.139545	0.124615	0.0174467	0.00972883	0	3.64817	1.092298	0.870855	0.129145	12.36796
4390	5.65843	-23.658	29.3165	0.110856	0.889144	5.532162	0.858687	0.408106	0.190381	0.140488	0.123273	0.0173127	0.00975708	0	2.166485	1.742302	0.8891442	0.1108558	55.24618
4400	6.8842	-20.7906	27.6748	0.957749	0.0422505	3.128766	0.831907	0.423343	0.190564	0.137351	0.121709	0.0177554	0.00978342	0	3.808121	1.925612	0.04225053	0.9577495	84.25819
4410	6.8471	-22.0892	28.9363	0.496419	0.503581	4.134046	0.843086	0.407701	0.189186	0.136294	0.124508	0.0178762	0.00963102	0	2.546682	1.872151	0.5035811	0.4964189	74.49913
4420	5.25775	-19.6402	24.8979	0.301804	0.698196	3.297619	0.837889	0.410857	0.183728	0.136002	0.121739	0.0178525	0.00979849	0	6.58505	1.977292	0.6981965	0.3018035	94.90569
4430	3.03841	-25.033	28.0714	0.195934	0.804066	5.199611	0.83296	0.417289	0.183987	0.138063	0.123786	0.0176123	0.00967782	0	3.411562	1.225147	0.8040665	0.1959335	16.79374
4440	6.77621	-22.1733	28.9495	0.718763	0.281237	4.347272	0.834179	0.416605	0.181915	0.140677	0.124928	0.0173187	0.00962867	0	2.533453	1.87096	0.2812375	0.7187625	74.29514
4450	6.20859	-21.0137	27.2223	0.867888	0.132112	1.991721	0.837429	0.419681	0.188021	0.139199	0.126904	0.0170333	0.00942982	0	4.260704	1.707263	0.1321118	0.8678882	50.9639
4460	6.6631	-20.4482	27.1113	0.511032	0.488968	3.15614	0.833717	0.420673	0.186153	0.137785	0.126884	0.0176024	0.00950617	0	4.37163	1.971982	0.4889683	0.5110317	93.75234
4470	6.86829	-21.1848	28.0531	0.983605	0.0163951	4.063674	0.828137	0.403859	0.190094	0.137855	0.126861	0.0174113	0.00945742	0	3.429905	1.916855	0.01639508	0.9836049	82.57629
4480	4.74479	-20.9317	25.6765	0.0335113	0.966489	2.552169	0.843592	0.413561	0.188306	0.137711	0.123145	0.0176068	0.00979461	0	5.806499	1.384614	0.9664887	0.03351128	24.24457
4490	3.57245	-24.8573	28.4298	0.947459	0.0525414	4.367551	0.849265	0.420102	0.18607	0.138953	0.124901	0.017364	0.00978648	0	3.053166	1.244937	0.0525414	0.9474586	17.57669
4500	6.5274	-22.8829	29.4103	0.48617	0.51383	4.147143	0.824784	0.406208	0.184042	0.137307	0.126092	0.0173052	0.00976331	0	2.072636	1.814987	0.51383	0.48617	65.31104
4510	6.60499	-22.2436	28.8485	0.759293	0.240707	2.191561	0.834163	0.408052	0.18365	0.138245	0.126679	0.0170585	0.00981377	0	2.634425	1.833292	0.240707	0.759293	68.12276
4520	6.95842	-21.8184	28.7768	0.209012	0.790988	2.818285	0.840432	0.410607	0.181546	0.137231	0.124512	0.0174482	0.00981746	0	2.706119	1.923001	0.7909875	0.2090125	83.75312
4530	5.17984	-20.3693	25.5491	0.200901	0.799099	3.131991	0.837748	0.404549	0.18965	0.139413	0.124534	0.01709	0.00949345	0	5.933815	1.585349	0.7990987	0.2009013	38.49006
4540	5.70492	-22.7161	28.421	0.0305678	0.969432	3.459904	0.842998	0.407079	0.181445	0.139788	0.123778	0.0171641	0.00975137	0	3.06194	1.444287	0.9694322	0.03056781	27.8155
4550	4.88546	-24.3418	29.2272	0.575487	0.424513	7.389212	0.865192	0.40317	0.182542	0.141515	0.125501	0.0175579	0.00985742	0	2.255727	1.932905	0.4245134	0.5754866	85.68509
4560	6.09565	-23.2761	29.3717	0.51671	0.48329	3.085188	0.858898	0.411668	0.181636	0.141441	0.120768	0.017788	0.00964903	0	2.111224	1.622172	0.4832896	0.5167104	41.89596
4570	5.2626	-20.0314	25.294	0.00165851	0.998341	3.472307	0.843716	0.420842	0.189802	0.137025	0.121639	0.0175905	0.00971182	0	6.188984	1.72393	0.9983415	0.001658511	52.95785
4580	7.08031	-21.528	28.6083	0.845151	0.154849	3.40419	0.826895	0.415094	0.186592	0.137447	0.122264	0.0170529	0.0096082	0	2.874673	1.951714	0.1548489	0.8451511	89.47763
4590	4.21765	-24.6862	28.9039	0.262347	0.737653	3.297338	0.827355	0.421884	0.18401	0.142111	0.121047	0.01769	0.00977385	0	2.579108	1.198921	0.7376533	0.2623467	15.8096
4600	6.22775	-20.4107	26.6385	0.747022	0.252978	2.129813	0.836068	0.41584	0.184472	0.140521	0.124649	0.0174726	0.0098035	0	4.844472	1.86246	0.2529783	0.7470217	72.85508
4610	2.92167	-24.1695	27.0912	0.98577	0.0142296	7.895751	0.830556	0.417826	0.190578	0.140242	0.124743	0.0172729	0.00968629	0	4.391803	1.708091	0.01422962	0.9857704	51.06114
4620	4.9463	-20.4874	25.4337	0.435645	0.564355	5.057181	0.831542	0.424071	0.187048	0.139429	0.12298	0.0173696	0.00948327	0	6.049278	1.924703	0.5643555	0.4356445	84.08195
4630	3.50906	-20.7381	24.2471	0.168327	0.831673	1.790705	0.829264	0.419564	0.190388	0.139114	0.124362	0.0173308	0.00953999	0	7.235852	1.296797	0.831673	0.168327	19.80602
4640	6.51662	-22.1683	28.6849	0.935867	0.0641334	4.472829	0.832907	0.419518	0.188536	0.137541	0.12442	0.0176282	0.00970984	0	2.798073	1.775771	0.06413341	0.9358666	59.67205
4650	6.87238	-21.0111	27.8835	0.808135	0.191865	3.037215	0.824839	0.409571	0.184251	0.138744	0.121472	0.0176966	0.00965768	0	3.59951	1.864465	0.1918646	0.8081354	73.19225
4660	6.79088	-22.1556	28.9465	0.518456	0.481544	4.720525	0.828224	0.402999	0.187073	0.13926	0.122199	0.0177487	0.00991921	0	2.5365	1.934658	0.4815438	0.5184562	86.03164
4670	6.85876	-21.0789	27.9377	0.762316	0.237684	3.546204	0.840809	0.414411	0.186853	0.138069	0.124149	0.0177973	0.00981543	0	3.545296	1.847298	0.2376835	0.7623165	70.35542
4680	4.59243	-21.8133	26.4058	0.245924	0.754076	0.9283417	0.852954	0.408383	0.190506	0.137468	0.126318	0.0174071	0.00974378	0	5.077211	1.342797	0.7540761	0.2459239	22.01898
4690	5.17371	-23.3637	28.5374	0.312405	0.687595	0.5449998	0.833731	0.412192	0.189665	0.13849	0.122322	0.0178334	0.00945127	0	2.945542	1.719053	0.6875955	0.3124045	52.36638
4700	4.78271	-24.9385	29.7212	0.0227628	0.977237	2.636667	0.840436	0.408147	0.188229	0.138431	0.124179	0.0177681	0.00947136	0	1.761771	1.334315	0.9772372	0.0227628	21.59312
4710	5.41139	-20.6716	26.083	0.440797	0.559203	1.29319	0.831461	0.406101	0.187032	0.140676	0.124673	0.0178762	0.00955671	0	5.400002	1.691023	0.5592028	0.4407972	49.09341
4720	4.68925	-25.0469	29.7361	0.439864	0.560136	3.062135	0.845419	0.408812	0.189934	0.138298	0.125629	0.017172	0.00969214	0	1.746831	1.388195	0.5601363	0.4398637	24.44526
4730	6.36719	-20.1794	26.5466	0.573694	0.426306	2.897328	0.838577	0.411837	0.188212	0.13584	0.124899	0.017811	0.00951642	0	4.936325	1.970036	0.426306	0.573694	93.33322
4740	6.1564	-21.4931	27.6495	0.155252	0.844748	1.24001	0.829736	0.416788	0.182514	0.138775	0.125404	0.0177578	0.00953581	0	3.833462	1.939477	0.8447482	0.1552518	86.99162
4750	5.45976	-20.1837	25.6434	0.83326	0.16674	4.227217	0.844095	0.420085	0.18192	0.13832	0.122124	0.0178135	0.00951715	0	5.839543	1.863009	0.1667399	0.8332601	72.94719
4760	6.84386	-22.3778	29.2216	0.645139	0.354861	4.640469	0.859062	0.416839	0.184287	0.13687	0.123368	0.0177057	0.00959073	0	2.261331	1.990284	0.3548607	0.6451393	97.78762
4770	3.95609	-19.6545	23.6106	0.439035	0.560965	2.201081	0.850329	0.417005	0.184538	0.137106	0.121623	0.017722	0.00952174	0	7.872392	1.59193	0.5609654	0.4390346	39.07779
4780	5.25662	-20.5936	25.8502	0.198875	0.801125	1.178436	0.826078	0.418156	0.186374	0.136126	0.121317	0.0176278	0.00954719	0	5.632759	1.714934	0.801125	0.198875	51.87207
4790	4.28333	-20.7269	25.0103	0.27895	0.72105	5.561326	0.825676	0.411873	0.182787	0.140329	0.121622	0.0178756	0.00969583	0	6.472701	1.91295	0.7210503	0.2789497	81.83707
4800	6.31527	-21.4612	27.7765	0.923076	0.0769237	5.328384	0.857297	0.412843	0.189251	0.137233	0.122783	0.0173582	0.00965161	0	3.70648	1.978384	0.07692367	0.9230763	95.14446
4810	6.8356	-21.6241	28.4597	0.591373	0.408627	3.267054	0.851769	0.42072	0.190147	0.136294	0.122459	0.0171754	0.00987205	0	3.023221	1.782619	0.4086272	0.5913728	60.62038
4820	4.74829	-22.3362	27.0845	0.0256181	0.974382	2.155887	0.838345	0.404102	0.185156	0.13896	0.121616	0.0174362	0.00961585	0	4.398439	1.230441	0.9743819	0.02561806	16.99967
4830	5.78406	-20.1083	25.8924	0.580157	0.419843	2.20344	0.852602	0.405336	0.182088	0.139961	0.121201	0.0171618	0.00957673	0	5.590589	1.806374	0.4198431	0.5801569	64.02858
4840	5.83308	-20.7266	26.5596	0.913724	0.0862765	5.045794	0.866783	0.410372	0.184785	0.136769	0.123212	0.0173008	0.00962317	0	4.923319	1.996449	0.08627647	0.9137235	99.18573
4850	5.85254	-20.4273	26.2798	0.493374	0.506626	2.050886	0.837639	0.403212	0.189589	0.1376	0.123984	0.0172683	0.00970237	0	5.203134	1.710515	0.5066257	0.4933743	51.34699
4860	6.26122	-22.0168	28.278	0.125244	0.874756	2.520822	0.849263	0.41721	0.189938	0.137537	0.124907	0.0173804	0.00966676	0	3.204947	1.568852	0.8747561	0.1252439	37.05546
4870	6.97963	-21.5858	28.5654	0.570879	0.429121	3.042355	0.854944	0.421304	0.190253	0.139298	0.123852	0.0171084	0.00980019	0	2.917533	1.884004	0.4291211	0.5708789	76.5603
4880	6.7607	-20.7253	27.486	0.699291	0.300709	2.7942	0.838808	0.420268	0.182858	0.139992	0.121861	0.0173973	0.00959863	0	3.99701	1.908562	0.3007093	0.6992907	81.01436
4890	5.10386	-23.405	28.5089	0.0848052	0.915195	1.946396	0.865919	0.408141	0.182673	0.142792	0.123112	0.0170648	0.00958204	0	2.974084	1.278527	0.9151948	0.08480515	18.99009
4900	2.80653	-27.5884	30.395	0.434153	0.565847	8.324492	0.856872	0.417853	0.181611	0.142904	0.123442	0.0172144	0.00984967	0	1.087991	1.910949	0.5658469	0.4341531	81.46091
4910	1.2726	-24.782	26.0546	0.276764	0.723236	2.641772	0.851827	0.411604	0.189478	0.140981	0.12524	0.0178286	0.00965295	0	5.428336	0.8459929	0.7232357	0.2767643	7.014439
4920	6.14839	-22.7732	28.9216	0.343423	0.656577	2.310717	0.867759	0.416779	0.186125	0.139255	0.120925	0.0173664	0.00954945	0	2.561329	1.601499	0.6565773	0.3434227	39.94837
4930	5.05292	-20.9191	25.9721	0.184767	0.815233	1.415945	0.861412	0.418075	0.188659	0.141032	0.120754	0.0173873	0.0097537	0	5.510909	1.485075	0.815233	0.184767	30.55445
4940	6.80843	-21.9216	28.7301	0.930331	0.0696691	4.015289	0.854292	0.403844	0.181695	0.137116	0.123652	0.0175511	0.00952886	0	2.752901	1.830463	0.06966915	0.9303309	67.68048
4950	6.41488	-21.0353	27.4502	0.611081	0.388919	3.798807	0.851998	0.421194	0.184245	0.135811	0.121916	0.0173301	0.00972898	0	4.032753	1.737886	0.3889187	0.6110813	54.6872
4960	5.53045	-22.1563	27.6867	0.379684	0.620316	5.229044	0.842376	0.413302	0.181485	0.136642	0.12067	0.0171511	0.00951076	0	3.796253	1.684541	0.6203158	0.3796842	48.36607
4970	7.05945	-21.4717	28.5312	0.407789	0.592211	3.987809	0.858303	0.41336	0.187538	0.136475	0.123031	0.0174476	0.00952355	0	2.951797	1.995682	0.5922111	0.4077889	99.01062
4980	5.58714	-20.442	26.0291	0.223972	0.776028	1.29392	0.851711	0.412554	0.18172	0.139215	0.121214	0.0176681	0.00973177	0	5.453865	1.930697	0.7760278	0.2239722	85.25053
4990	4.69466	-24.1913	28.886	0.441874	0.558126	0.6183951	0.846922	0.419982	0.183306	0.136199	0.122196	0.0175567	0.00970631	0	2.596956	1.51366	0.558126	0.441874	32.63324
5000	6.24917	-22.4253	28.6745	0.495882	0.504118	1.514962	0.867606	0.40748	0.183611	0.140875	0.122095	0.0176488	0.00970398	0	2.808447	1.841057	0.5041181	0.4958819	69.3517
