Iteration	start_1	end_1	start_2	end_2	start_3	end_3	start_4	end_4	start_5	end_5	start_6	end_6	start_7	end_7	start_8	end_8	start_9	end_9	start_10	end_10	start_11	end_11	start_12	end_12	start_13	end_13	start_14	end_14	start_15	end_15
0	1	8	1	7	6	6	5	5	4	4	3	3	2	2	1	1	1	9	3	14	1	23	1	10	1	1	1	1	1	1
10	4	8	4	7	6	6	5	5	4	4	2	3	10	2	1	1	1	10	1	13	9	23	1	9	1	4	1	1	1	1
20	2	8	1	7	6	6	5	5	1	4	1	3	1	2	1	1	1	1	1	1	2	23	2	9	2	9	1	2	1	1
30	13	8	2	7	6	6	5	5	4	4	4	3	2	2	2	1	1	2	2	4	2	23	1	2	1	13	1	1	1	1
40	2	8	2	7	6	6	5	5	3	4	3	3	2	2	1	1	1	9	2	3	2	23	1	2	1	2	1	1	1	1
50	3	8	4	7	6	6	5	5	13	4	4	3	4	2	2	1	1	13	1	13	1	23	1	1	1	14	1	1	1	1
60	10	8	3	7	6	6	5	5	2	4	2	3	2	2	2	1	1	2	2	2	2	23	1	2	1	10	1	1	1	1
70	2	8	2	7	6	6	5	5	2	4	2	3	5	2	5	1	1	5	1	2	1	23	1	1	2	2	1	9	1	1
80	3	8	1	7	6	6	5	5	4	4	4	3	2	2	1	1	1	9	1	4	1	23	1	1	1	10	1	1	1	1
90	2	8	1	7	6	6	5	5	2	4	2	3	1	2	1	1	1	1	1	2	1	23	2	1	2	9	1	2	1	1
100	1	8	1	7	6	6	5	5	2	4	2	3	1	2	1	1	1	1	9	2	2	23	1	9	1	1	1	1	1	1
110	1	8	1	7	6	6	5	5	1	4	1	3	2	2	9	1	1	9	1	1	1	23	1	1	1	1	1	1	1	1
120	1	8	1	7	6	6	5	5	4	4	4	3	1	2	1	1	1	1	2	4	2	23	2	2	2	1	1	2	1	1
130	2	8	2	7	6	6	5	5	2	4	2	3	1	2	1	1	1	1	2	2	2	23	1	2	1	2	1	1	1	1
140	4	8	4	7	6	6	5	5	3	4	3	3	2	2	2	1	1	2	9	3	1	23	2	9	2	4	1	2	1	1
150	2	8	2	7	6	6	5	5	2	4	2	3	1	2	1	1	1	1	2	2	9	23	2	9	2	2	1	2	1	1
160	4	8	4	7	6	6	5	5	4	4	4	3	2	2	2	1	1	2	2	4	1	23	1	9	2	4	1	9	1	1
170	2	8	2	7	6	6	5	5	1	4	1	3	2	2	2	1	1	2	2	1	2	23	2	2	2	2	1	2	1	1
180	1	8	1	7	6	6	5	5	2	4	2	3	2	2	2	1	1	2	9	2	2	23	1	9	1	1	1	1	1	1
190	16	8	2	7	6	6	5	5	4	4	4	3	1	2	1	1	1	1	3	4	3	23	2	3	2	16	1	2	1	1
200	4	8	4	7	6	6	5	5	2	4	2	3	2	2	2	1	1	2	1	2	1	23	2	1	2	4	1	2	1	1
210	2	8	2	7	6	6	5	5	2	4	1	3	9	2	2	1	1	9	1	9	1	23	1	1	1	2	1	1	1	1
220	2	8	2	7	6	6	5	5	2	4	3	3	5	2	6	1	1	23	1	11	1	23	1	1	1	2	1	1	1	1
230	16	8	5	7	6	6	5	5	2	4	2	3	1	2	9	1	1	9	2	2	2	23	2	2	2	16	1	2	1	1
240	5	8	5	7	6	6	5	5	1	4	1	3	1	2	1	1	1	1	2	1	2	23	1	2	1	5	1	1	1	1
250	5	8	5	7	6	6	5	5	3	4	3	3	2	2	2	1	1	2	2	3	2	23	2	2	2	5	1	2	1	1
260	3	8	3	7	6	6	5	5	2	4	2	3	3	2	3	1	1	3	1	2	3	23	1	10	1	3	1	1	1	1
270	3	8	3	7	6	6	5	5	1	4	10	3	2	2	9	1	1	9	1	10	1	23	2	1	2	3	1	2	1	1
280	3	8	2	7	6	6	5	5	1	4	2	3	1	2	1	1	1	1	1	9	1	23	1	1	1	11	1	1	1	1
290	1	8	1	7	6	6	5	5	1	4	1	3	2	2	2	1	1	2	1	1	1	23	2	1	2	1	1	2	1	1
300	4	8	14	7	6	6	5	5	4	4	4	3	1	2	1	1	1	1	3	4	3	23	2	3	2	14	1	2	1	1
310	2	8	2	7	6	6	5	5	2	4	2	3	1	2	1	1	1	1	2	2	2	23	2	2	2	2	1	2	1	1
320	2	8	2	7	6	6	5	5	2	4	2	3	2	2	2	1	1	2	2	2	2	23	1	2	1	2	1	1	1	1
330	1	8	3	7	6	6	5	5	3	4	3	3	2	2	1	1	1	9	1	3	1	23	1	1	1	10	1	1	1	1
340	4	8	4	7	6	6	5	5	3	4	3	3	2	2	2	1	1	2	1	3	2	23	2	9	2	4	1	2	1	1
350	1	8	1	7	6	6	5	5	1	4	1	3	2	2	2	1	1	2	1	1	2	23	1	9	1	1	1	1	1	1
360	2	8	1	7	6	6	5	5	2	4	2	3	1	2	1	1	1	1	2	2	2	23	1	2	1	9	1	1	1	1
370	5	8	3	7	6	6	5	5	2	4	3	3	2	2	1	1	1	9	9	11	2	23	1	9	1	17	1	1	1	1
380	2	8	2	7	6	6	5	5	3	4	3	3	2	2	1	1	1	9	3	3	1	23	1	10	1	2	1	1	1	1
390	1	8	1	7	6	6	5	5	2	4	2	3	4	2	4	1	1	4	3	2	3	23	1	3	1	1	1	1	1	1
400	1	8	3	7	6	6	5	5	4	4	1	3	2	2	2	1	1	2	1	12	1	23	1	1	1	10	1	1	1	1
410	1	8	1	7	6	6	5	5	2	4	2	3	3	2	3	1	1	3	1	2	1	23	1	1	1	1	1	1	1	1
420	3	8	3	7	6	6	5	5	1	4	1	3	2	2	2	1	1	2	1	1	1	23	1	1	1	3	1	1	1	1
430	14	8	3	7	6	6	5	5	2	4	3	3	2	2	2	1	1	2	3	11	1	23	1	10	1	14	1	1	1	1
440	3	8	3	7	6	6	5	5	2	4	2	3	2	2	2	1	1	2	2	2	2	23	2	2	2	3	1	2	1	1
450	2	8	2	7	6	6	5	5	1	4	1	3	1	2	1	1	1	1	1	1	1	23	1	1	1	2	1	1	1	1
460	1	8	1	7	6	6	5	5	3	4	3	3	2	2	1	1	1	9	3	3	3	23	1	3	1	1	1	1	1	1
470	4	8	4	7	6	6	5	5	14	4	3	3	3	2	3	1	1	3	3	14	3	23	9	3	2	4	1	9	1	1
480	2	8	2	7	6	6	5	5	2	4	2	3	2	2	2	1	1	2	1	2	1	23	1	1	1	2	1	1	1	1
490	2	8	2	7	6	6	5	5	1	4	1	3	2	2	2	1	1	2	1	1	1	23	2	1	2	2	1	2	1	1
500	4	8	5	7	6	6	5	5	1	4	1	3	1	2	1	1	1	1	1	1	1	23	1	1	1	18	1	1	1	1
510	5	8	5	7	6	6	5	5	10	4	3	3	1	2	1	1	1	1	1	10	9	23	2	9	2	5	1	2	1	1
520	2	8	2	7	6	6	5	5	1	4	2	3	1	2	1	1	1	1	2	9	2	23	2	2	2	2	1	2	1	1
530	1	8	1	7	6	6	5	5	2	4	2	3	2	2	2	1	1	2	2	2	2	23	2	2	2	1	1	2	1	1
540	2	8	2	7	6	6	5	5	2	4	1	3	2	2	2	1	1	2	2	9	2	23	1	2	1	2	1	1	1	1
550	1	8	1	7	6	6	5	5	3	4	3	3	3	2	3	1	1	3	9	3	1	23	1	9	1	1	1	1	1	1
560	2	8	9	7	6	6	5	5	2	4	2	3	2	2	2	1	1	2	2	2	2	23	2	2	2	9	1	2	1	1
570	5	8	5	7	6	6	5	5	2	4	2	3	1	2	1	1	1	1	2	2	2	23	2	2	2	5	1	2	1	1
580	5	8	5	7	6	6	5	5	2	4	2	3	1	2	1	1	1	1	1	2	1	23	1	1	1	5	1	1	1	1
590	1	8	1	7	6	6	5	5	1	4	1	3	1	2	1	1	1	1	1	1	1	23	1	1	1	1	1	1	1	1
600	2	8	1	7	6	6	5	5	2	4	2	3	1	2	1	1	1	1	1	2	1	23	1	1	1	9	1	1	1	1
610	3	8	3	7	6	6	5	5	2	4	3	3	1	2	2	1	1	9	2	11	2	23	2	2	2	3	1	2	1	1
620	5	8	5	7	6	6	5	5	3	4	3	3	2	2	9	1	1	9	2	3	2	23	1	2	1	5	1	1	1	1
630	5	8	5	7	6	6	5	5	2	4	2	3	2	2	1	1	1	9	2	2	1	23	2	9	2	5	1	2	1	1
640	5	8	4	7	6	6	5	5	2	4	2	3	2	2	2	1	1	2	2	2	2	23	2	2	2	18	1	2	1	1
650	1	8	1	7	6	6	5	5	2	4	2	3	9	2	2	1	1	9	2	2	2	23	1	2	1	1	1	1	1	1
660	5	8	2	7	6	6	5	5	1	4	1	3	1	2	1	1	1	1	1	1	1	23	2	1	1	16	1	9	1	1
670	4	8	2	7	6	6	5	5	4	4	4	3	2	2	5	1	1	16	1	4	1	23	2	1	1	13	1	9	1	1
680	4	8	4	7	6	6	5	5	3	4	14	3	1	2	1	1	1	1	1	14	2	23	2	9	2	4	1	2	1	1
690	1	8	1	7	6	6	5	5	1	4	1	3	1	2	1	1	1	1	1	1	1	23	1	1	1	1	1	1	1	1
700	1	8	1	7	6	6	5	5	2	4	2	3	2	2	2	1	1	2	2	2	2	23	1	2	1	1	1	1	1	1
710	5	8	4	7	6	6	5	5	3	4	3	3	6	2	5	1	1	23	3	3	1	23	1	10	2	18	1	9	1	1
720	1	8	1	7	6	6	5	5	2	4	2	3	1	2	1	1	1	1	9	2	1	23	1	9	1	1	1	1	1	1
730	5	8	5	7	6	6	5	5	4	4	2	3	6	2	6	1	1	6	2	13	2	23	2	2	2	5	1	2	1	1
740	1	8	2	7	6	6	5	5	3	4	3	3	9	2	1	1	1	9	1	3	1	23	2	1	1	9	1	9	1	1
750	4	8	4	7	6	6	5	5	2	4	2	3	1	2	1	1	1	1	2	2	1	23	1	9	1	4	1	1	1	1
760	1	8	3	7	6	6	5	5	1	4	2	3	1	2	1	1	1	1	1	9	1	23	1	1	1	10	1	1	1	1
770	2	8	2	7	6	6	5	5	2	4	2	3	1	2	1	1	1	1	1	2	1	23	1	1	1	2	1	1	1	1
780	4	8	5	7	6	6	5	5	1	4	1	3	5	2	5	1	1	5	1	1	2	23	1	9	1	18	1	1	1	1
790	1	8	1	7	6	6	5	5	14	4	4	3	1	2	1	1	1	1	1	14	1	23	1	1	1	1	1	1	1	1
800	1	8	1	7	6	6	5	5	3	4	14	3	1	2	2	1	1	9	2	14	2	23	1	2	1	1	1	1	1	1
810	2	8	2	7	6	6	5	5	2	4	2	3	3	2	14	1	1	14	1	2	2	23	9	9	1	2	1	9	1	1
820	1	8	4	7	6	6	5	5	4	4	4	3	4	2	5	1	1	18	2	4	2	23	1	2	2	12	1	9	1	1
830	4	8	4	7	6	6	5	5	3	4	3	3	2	2	1	1	1	9	2	3	2	23	1	2	1	4	1	1	1	1
840	1	8	1	7	6	6	5	5	2	4	2	3	6	2	6	1	1	6	3	2	3	23	1	3	1	1	1	1	1	1
850	1	8	1	7	6	6	5	5	3	4	3	3	1	2	9	1	1	9	9	3	1	23	1	9	1	1	1	1	1	1
860	1	8	1	7	6	6	5	5	4	4	4	3	1	2	1	1	1	1	2	4	2	23	2	2	2	1	1	2	1	1
870	3	8	3	7	6	6	5	5	2	4	2	3	2	2	1	1	1	9	1	2	1	23	1	1	2	3	1	9	1	1
880	2	8	2	7	6	6	5	5	2	4	2	3	2	2	2	1	1	2	2	2	2	23	1	2	1	2	1	1	1	1
890	3	8	3	7	6	6	5	5	2	4	2	3	6	2	5	1	1	23	2	2	2	23	1	2	1	3	1	1	1	1
900	1	8	1	7	6	6	5	5	1	4	1	3	2	2	1	1	1	9	1	1	9	23	1	9	1	1	1	1	1	1
910	3	8	3	7	6	6	5	5	1	4	1	3	1	2	1	1	1	1	2	1	2	23	2	2	2	3	1	2	1	1
920	2	8	1	7	6	6	5	5	1	4	1	3	1	2	1	1	1	1	1	1	1	23	1	1	1	9	1	1	1	1
930	4	8	4	7	6	6	5	5	1	4	1	3	2	2	2	1	1	2	2	1	2	23	1	2	1	4	1	1	1	1
940	4	8	4	7	6	6	5	5	2	4	2	3	2	2	2	1	1	2	1	2	1	23	1	1	1	4	1	1	1	1
950	4	8	4	7	6	6	5	5	1	4	1	3	2	2	2	1	1	2	1	1	2	23	2	9	2	4	1	2	1	1
960	4	8	4	7	6	6	5	5	4	4	2	3	4	2	5	1	1	18	1	13	1	23	1	1	1	4	1	1	1	1
970	5	8	5	7	6	6	5	5	1	4	1	3	2	2	2	1	1	2	1	1	1	23	2	1	2	5	1	2	1	1
980	1	8	1	7	6	6	5	5	2	4	2	3	4	2	4	1	1	4	2	2	2	23	1	2	1	1	1	1	1	1
990	4	8	4	7	6	6	5	5	9	4	2	3	2	2	2	1	1	2	2	9	2	23	1	2	1	4	1	1	1	1
1000	1	8	1	7	6	6	5	5	4	4	4	3	3	2	3	1	1	3	2	4	1	23	1	9	1	1	1	1	1	1
1010	1	8	1	7	6	6	5	5	1	4	1	3	2	2	1	1	1	9	1	1	9	23	2	9	9	1	1	9	1	1
1020	4	8	4	7	6	6	5	5	2	4	2	3	2	2	2	1	1	2	2	2	2	23	2	2	2	4	1	2	1	1
1030	3	8	3	7	6	6	5	5	1	4	1	3	2	2	4	1	1	13	1	1	1	23	1	1	1	3	1	1	1	1
1040	5	8	5	7	6	6	5	5	2	4	2	3	2	2	2	1	1	2	2	2	2	23	1	2	2	5	1	9	1	1
1050	1	8	1	7	6	6	5	5	1	4	1	3	2	2	2	1	1	2	1	1	1	23	1	1	1	1	1	1	1	1
1060	2	8	2	7	6	6	5	5	1	4	1	3	6	2	22	1	1	22	2	1	2	23	1	2	1	2	1	1	1	1
1070	5	8	5	7	6	6	5	5	3	4	3	3	6	2	3	1	1	21	2	3	2	23	1	2	1	5	1	1	1	1
1080	1	8	1	7	6	6	5	5	3	4	3	3	1	2	1	1	1	1	2	3	3	23	2	11	2	1	1	2	1	1
1090	2	8	2	7	6	6	5	5	4	4	4	3	2	2	2	1	1	2	1	4	1	23	1	1	1	2	1	1	1	1
1100	1	8	1	7	6	6	5	5	1	4	3	3	1	2	1	1	1	1	2	10	2	23	1	2	1	1	1	1	1	1
1110	1	8	1	7	6	6	5	5	2	4	2	3	2	2	5	1	1	16	2	2	2	23	2	2	2	1	1	2	1	1
1120	1	8	1	7	6	6	5	5	3	4	3	3	2	2	2	1	1	2	1	3	1	23	2	1	2	1	1	2	1	1
1130	5	8	5	7	6	6	5	5	4	4	4	3	3	2	3	1	1	3	1	4	1	23	2	1	2	5	1	2	1	1
1140	4	8	3	7	6	6	5	5	2	4	2	3	1	2	2	1	1	9	1	2	1	23	2	1	2	14	1	2	1	1
1150	4	8	4	7	6	6	5	5	2	4	1	3	2	2	1	1	1	9	2	9	2	23	2	2	2	4	1	2	1	1
1160	1	8	1	7	6	6	5	5	3	4	3	3	1	2	2	1	1	9	1	3	1	23	1	1	1	1	1	1	1	1
1170	4	8	4	7	6	6	5	5	2	4	1	3	2	2	2	1	1	2	2	9	2	23	2	2	1	4	1	9	1	1
1180	1	8	1	7	6	6	5	5	1	4	1	3	1	2	3	1	1	10	2	1	2	23	1	2	1	1	1	1	1	1
1190	1	8	1	7	6	6	5	5	3	4	11	3	5	2	2	1	1	16	2	11	2	23	1	2	1	1	1	1	1	1
1200	1	8	1	7	6	6	5	5	3	4	3	3	1	2	1	1	1	1	3	3	3	23	1	3	1	1	1	1	1	1
1210	1	8	1	7	6	6	5	5	1	4	1	3	1	2	1	1	1	1	1	1	1	23	1	1	1	1	1	1	1	1
1220	3	8	10	7	6	6	5	5	1	4	1	3	1	2	1	1	1	1	1	1	1	23	2	1	1	10	1	9	1	1
1230	3	8	3	7	6	6	5	5	2	4	2	3	2	2	2	1	1	2	1	2	1	23	1	1	1	3	1	1	1	1
1240	4	8	4	7	6	6	5	5	2	4	4	3	2	2	2	1	1	2	1	13	1	23	2	1	2	4	1	2	1	1
1250	2	8	2	7	6	6	5	5	4	4	4	3	2	2	2	1	1	2	1	4	1	23	1	1	1	2	1	1	1	1
1260	3	8	3	7	6	6	5	5	2	4	2	3	3	2	11	1	1	11	2	2	2	23	2	2	2	3	1	2	1	1
1270	5	8	5	7	6	6	5	5	1	4	1	3	4	2	4	1	1	4	9	1	1	23	2	9	1	5	1	9	1	1
1280	1	8	1	7	6	6	5	5	2	4	2	3	10	2	3	1	1	10	2	2	2	23	2	2	1	1	1	9	1	1
1290	2	8	2	7	6	6	5	5	3	4	4	3	2	2	2	1	1	2	2	14	2	23	2	2	2	2	1	2	1	1
1300	5	8	5	7	6	6	5	5	4	4	3	3	3	2	3	1	1	3	1	14	2	23	2	9	1	5	1	9	1	1
1310	4	8	4	7	6	6	5	5	3	4	3	3	1	2	1	1	1	1	2	3	2	23	2	2	2	4	1	2	1	1
1320	3	8	3	7	6	6	5	5	1	4	1	3	2	2	2	1	1	2	2	1	2	23	2	2	2	3	1	2	1	1
1330	3	8	3	7	6	6	5	5	3	4	3	3	2	2	2	1	1	2	2	3	2	23	2	2	2	3	1	2	1	1
1340	2	8	2	7	6	6	5	5	2	4	2	3	2	2	2	1	1	2	1	2	2	23	1	9	1	2	1	1	1	1
1350	3	8	3	7	6	6	5	5	2	4	2	3	1	2	1	1	1	1	1	2	1	23	1	1	9	3	1	9	1	1
1360	3	8	3	7	6	6	5	5	4	4	4	3	2	2	2	1	1	2	2	4	1	23	9	9	2	3	1	9	1	1
1370	2	8	2	7	6	6	5	5	3	4	2	3	2	2	1	1	1	9	2	11	2	23	1	2	1	2	1	1	1	1
1380	4	8	2	7	6	6	5	5	3	4	3	3	2	2	2	1	1	2	2	3	2	23	2	2	2	13	1	2	1	1
1390	2	8	2	7	6	6	5	5	3	4	3	3	1	2	1	1	1	1	2	3	2	23	1	2	1	2	1	1	1	1
1400	4	8	4	7	6	6	5	5	1	4	1	3	1	2	9	1	1	9	1	1	2	23	1	9	1	4	1	1	1	1
1410	5	8	5	7	6	6	5	5	3	4	3	3	1	2	1	1	1	1	1	3	1	23	1	1	1	5	1	1	1	1
1420	2	8	1	7	6	6	5	5	2	4	2	3	2	2	2	1	1	2	11	2	3	23	2	11	2	9	1	2	1	1
1430	3	8	3	7	6	6	5	5	2	4	2	3	1	2	1	1	1	1	1	2	1	23	2	1	2	3	1	2	1	1
1440	1	8	2	7	6	6	5	5	1	4	4	3	1	2	1	1	1	1	2	12	2	23	2	2	2	9	1	2	1	1
1450	4	8	4	7	6	6	5	5	1	4	1	3	1	2	1	1	1	1	1	1	9	23	1	9	1	4	1	1	1	1
1460	2	8	9	7	6	6	5	5	3	4	3	3	3	2	3	1	1	3	1	3	1	23	1	1	1	9	1	1	1	1
1470	4	8	4	7	6	6	5	5	2	4	2	3	1	2	1	1	1	1	2	2	2	23	2	2	2	4	1	2	1	1
1480	3	8	3	7	6	6	5	5	4	4	4	3	1	2	1	1	1	1	2	4	2	23	9	2	1	3	1	9	1	1
1490	2	8	2	7	6	6	5	5	4	4	4	3	5	2	5	1	1	5	2	4	2	23	1	2	1	2	1	1	1	1
1500	3	8	10	7	6	6	5	5	1	4	1	3	1	2	1	1	1	1	2	1	2	23	1	2	1	10	1	1	1	1
1510	1	8	1	7	6	6	5	5	4	4	4	3	2	2	2	1	1	2	1	4	1	23	1	1	1	1	1	1	1	1
1520	4	8	4	7	6	6	5	5	3	4	3	3	3	2	17	1	1	17	1	3	1	23	1	1	1	4	1	1	1	1
1530	1	8	12	7	6	6	5	5	2	4	2	3	2	2	2	1	1	2	1	2	1	23	1	1	1	12	1	1	1	1
1540	2	8	2	7	6	6	5	5	1	4	1	3	2	2	2	1	1	2	2	1	2	23	1	2	1	2	1	1	1	1
1550	2	8	2	7	6	6	5	5	10	4	1	3	5	2	2	1	1	16	2	10	2	23	1	2	1	2	1	1	1	1
1560	2	8	1	7	6	6	5	5	4	4	1	3	1	2	1	1	1	1	2	12	2	23	1	2	1	9	1	1	1	1
1570	3	8	3	7	6	6	5	5	1	4	1	3	1	2	1	1	1	1	1	1	1	23	1	1	1	3	1	1	1	1
1580	1	8	1	7	6	6	5	5	2	4	2	3	2	2	2	1	1	2	1	2	1	23	1	1	1	1	1	1	1	1
1590	2	8	2	7	6	6	5	5	1	4	1	3	1	2	1	1	1	1	1	1	1	23	1	1	1	2	1	1	1	1
1600	2	8	2	7	6	6	5	5	2	4	2	3	1	2	1	1	1	1	2	2	2	23	2	2	2	2	1	2	1	1
1610	4	8	4	7	6	6	5	5	2	4	2	3	1	2	1	1	1	1	2	2	9	23	9	9	2	4	1	9	1	1
1620	4	8	4	7	6	6	5	5	3	4	3	3	1	2	1	1	1	1	2	3	2	23	1	2	1	4	1	1	1	1
1630	2	8	2	7	6	6	5	5	2	4	4	3	3	2	3	1	1	3	2	13	1	23	2	9	2	2	1	2	1	1
1640	5	8	5	7	6	6	5	5	3	4	3	3	1	2	2	1	1	9	2	3	2	23	2	2	2	5	1	2	1	1
1650	5	8	5	7	6	6	5	5	1	4	1	3	1	2	1	1	1	1	3	1	3	23	2	3	2	5	1	2	1	1
1660	1	8	1	7	6	6	5	5	9	4	1	3	1	2	1	1	1	1	2	9	2	23	1	2	1	1	1	1	1	1
1670	1	8	1	7	6	6	5	5	2	4	4	3	20	2	6	1	1	20	3	13	1	23	1	10	1	1	1	1	1	1
1680	1	8	1	7	6	6	5	5	1	4	1	3	1	2	1	1	1	1	1	1	1	23	2	1	1	1	1	9	1	1
1690	1	8	1	7	6	6	5	5	2	4	2	3	2	2	20	1	1	20	2	2	1	23	2	9	2	1	1	2	1	1
1700	2	8	2	7	6	6	5	5	4	4	4	3	1	2	1	1	1	1	1	4	1	23	1	1	1	2	1	1	1	1
1710	2	8	2	7	6	6	5	5	1	4	1	3	2	2	2	1	1	2	1	1	1	23	2	1	2	2	1	2	1	1
1720	1	8	2	7	6	6	5	5	2	4	2	3	2	2	9	1	1	9	1	2	2	23	1	9	2	9	1	9	1	1
1730	5	8	5	7	6	6	5	5	2	4	2	3	2	2	2	1	1	2	1	2	1	23	1	1	1	5	1	1	1	1
1740	2	8	2	7	6	6	5	5	2	4	4	3	1	2	2	1	1	9	2	13	2	23	2	2	2	2	1	2	1	1
1750	2	8	2	7	6	6	5	5	4	4	4	3	2	2	1	1	1	9	1	4	1	23	1	1	1	2	1	1	1	1
1760	2	8	2	7	6	6	5	5	3	4	3	3	1	2	1	1	1	1	3	3	2	23	2	11	2	2	1	2	1	1
1770	5	8	5	7	6	6	5	5	1	4	9	3	1	2	1	1	1	1	1	9	1	23	2	1	2	5	1	2	1	1
1780	2	8	2	7	6	6	5	5	9	4	2	3	2	2	1	1	1	9	1	9	1	23	1	1	1	2	1	1	1	1
1790	5	8	5	7	6	6	5	5	3	4	3	3	1	2	1	1	1	1	1	3	2	23	2	9	1	5	1	9	1	1
1800	2	8	2	7	6	6	5	5	2	4	2	3	2	2	2	1	1	2	9	2	1	23	2	9	2	2	1	2	1	1
1810	1	8	1	7	6	6	5	5	3	4	3	3	1	2	1	1	1	1	3	3	3	23	2	3	2	1	1	2	1	1
1820	16	8	5	7	6	6	5	5	4	4	4	3	2	2	2	1	1	2	2	4	1	23	1	9	1	16	1	1	1	1
1830	2	8	4	7	6	6	5	5	4	4	4	3	1	2	1	1	1	1	1	4	2	23	1	9	1	13	1	1	1	1
1840	3	8	3	7	6	6	5	5	1	4	4	3	6	2	6	1	1	6	1	12	1	23	9	1	1	3	1	9	1	1
1850	1	8	1	7	6	6	5	5	1	4	1	3	9	2	1	1	1	9	1	1	1	23	2	1	2	1	1	2	1	1
1860	3	8	3	7	6	6	5	5	3	4	3	3	2	2	2	1	1	2	1	3	1	23	2	1	2	3	1	2	1	1
1870	3	8	2	7	6	6	5	5	1	4	1	3	2	2	2	1	1	2	3	1	3	23	2	3	2	11	1	2	1	1
1880	2	8	1	7	6	6	5	5	2	4	2	3	2	2	1	1	1	9	2	2	2	23	1	2	1	9	1	1	1	1
1890	4	8	12	7	6	6	5	5	2	4	2	3	5	2	5	1	1	5	1	2	1	23	1	1	1	12	1	1	1	1
1900	2	8	3	7	6	6	5	5	1	4	2	3	4	2	4	1	1	4	2	9	2	23	2	2	1	11	1	9	1	1
1910	3	8	3	7	6	6	5	5	2	4	2	3	1	2	1	1	1	1	2	2	2	23	1	2	1	3	1	1	1	1
1920	2	8	2	7	6	6	5	5	1	4	1	3	1	2	1	1	1	1	1	1	1	23	2	1	2	2	1	2	1	1
1930	3	8	3	7	6	6	5	5	1	4	1	3	2	2	2	1	1	2	2	1	2	23	1	2	1	3	1	1	1	1
1940	5	8	5	7	6	6	5	5	2	4	1	3	1	2	1	1	1	1	2	9	2	23	1	2	1	5	1	1	1	1
1950	4	8	4	7	6	6	5	5	1	4	1	3	6	2	6	1	1	6	1	1	1	23	2	1	1	4	1	9	1	1
1960	1	8	9	7	6	6	5	5	1	4	9	3	1	2	1	1	1	1	1	9	1	23	1	1	1	9	1	1	1	1
1970	4	8	4	7	6	6	5	5	2	4	2	3	2	2	2	1	1	2	2	2	2	23	2	2	2	4	1	2	1	1
1980	17	8	3	7	6	6	5	5	2	4	2	3	2	2	2	1	1	2	9	2	1	23	1	9	1	17	1	1	1	1
1990	4	8	2	7	6	6	5	5	12	4	1	3	1	2	1	1	1	1	1	12	1	23	2	1	2	13	1	2	1	1
2000	2	8	2	7	6	6	5	5	1	4	1	3	1	2	1	1	1	1	1	1	1	23	1	1	1	2	1	1	1	1
2010	5	8	5	7	6	6	5	5	4	4	4	3	2	2	1	1	1	9	1	4	1	23	1	1	1	5	1	1	1	1
2020	2	8	2	7	6	6	5	5	1	4	9	3	2	2	1	1	1	9	1	9	1	23	2	1	2	2	1	2	1	1
2030	3	8	4	7	6	6	5	5	3	4	3	3	9	2	2	1	1	9	1	3	1	23	1	1	1	14	1	1	1	1
2040	2	8	2	7	6	6	5	5	4	4	4	3	6	2	1	1	1	19	2	4	2	23	2	2	2	2	1	2	1	1
2050	2	8	2	7	6	6	5	5	2	4	2	3	1	2	1	1	1	1	2	2	2	23	2	2	2	2	1	2	1	1
2060	2	8	2	7	6	6	5	5	2	4	2	3	2	2	2	1	1	2	2	2	2	23	1	2	1	2	1	1	1	1
2070	3	8	3	7	6	6	5	5	2	4	2	3	1	2	1	1	1	1	1	2	1	23	2	1	2	3	1	2	1	1
2080	1	8	1	7	6	6	5	5	2	4	2	3	4	2	14	1	1	14	2	2	2	23	2	2	2	1	1	2	1	1
2090	1	8	9	7	6	6	5	5	2	4	2	3	1	2	1	1	1	1	2	2	9	23	1	9	1	9	1	1	1	1
2100	2	8	2	7	6	6	5	5	1	4	1	3	4	2	4	1	1	4	2	1	2	23	2	2	2	2	1	2	1	1
2110	3	8	3	7	6	6	5	5	3	4	3	3	1	2	2	1	1	9	3	3	3	23	1	3	1	3	1	1	1	1
2120	2	8	2	7	6	6	5	5	2	4	2	3	2	2	1	1	1	9	2	2	1	23	2	9	1	2	1	9	1	1
2130	4	8	4	7	6	6	5	5	13	4	2	3	2	2	2	1	1	2	1	13	1	23	1	1	1	4	1	1	1	1
2140	2	8	2	7	6	6	5	5	3	4	3	3	2	2	16	1	1	16	1	3	9	23	2	9	2	2	1	2	1	1
2150	4	8	2	7	6	6	5	5	2	4	2	3	1	2	9	1	1	9	1	2	1	23	1	1	1	13	1	1	1	1
2160	1	8	1	7	6	6	5	5	1	4	1	3	2	2	2	1	1	2	1	1	2	23	1	9	1	1	1	1	1	1
2170	9	8	2	7	6	6	5	5	3	4	3	3	4	2	4	1	1	4	3	3	1	23	1	10	1	9	1	1	1	1
2180	2	8	1	7	6	6	5	5	3	4	3	3	1	2	1	1	1	1	3	3	3	23	2	3	2	9	1	2	1	1
2190	4	8	4	7	6	6	5	5	14	4	4	3	3	2	3	1	1	3	1	14	3	23	1	10	1	4	1	1	1	1
2200	3	8	3	7	6	6	5	5	3	4	3	3	2	2	3	1	1	11	1	3	10	23	1	10	2	3	1	9	1	1
2210	2	8	2	7	6	6	5	5	1	4	1	3	2	2	2	1	1	2	1	1	1	23	1	1	1	2	1	1	1	1
2220	3	8	2	7	6	6	5	5	3	4	3	3	4	2	4	1	1	4	3	3	3	23	2	3	2	11	1	2	1	1
2230	3	8	3	7	6	6	5	5	1	4	1	3	2	2	2	1	1	2	1	1	1	23	2	1	2	3	1	2	1	1
2240	1	8	1	7	6	6	5	5	1	4	1	3	1	2	9	1	1	9	1	1	2	23	1	9	9	1	1	9	1	1
2250	4	8	2	7	6	6	5	5	3	4	3	3	5	2	5	1	1	5	2	3	2	23	1	2	1	13	1	1	1	1
2260	3	8	2	7	6	6	5	5	2	4	3	3	4	2	12	1	1	12	2	11	2	23	2	2	2	11	1	2	1	1
2270	5	8	5	7	6	6	5	5	1	4	1	3	1	2	1	1	1	1	2	1	3	23	2	11	9	5	1	9	1	1
2280	2	8	2	7	6	6	5	5	1	4	1	3	1	2	1	1	1	1	2	1	2	23	1	2	1	2	1	1	1	1
2290	1	8	1	7	6	6	5	5	1	4	1	3	2	2	2	1	1	2	1	1	1	23	2	1	2	1	1	2	1	1
2300	2	8	2	7	6	6	5	5	3	4	3	3	1	2	1	1	1	1	2	3	2	23	1	2	1	2	1	1	1	1
2310	3	8	3	7	6	6	5	5	3	4	3	3	5	2	5	1	1	5	2	3	1	23	2	9	2	3	1	2	1	1
2320	1	8	1	7	6	6	5	5	2	4	2	3	3	2	4	1	1	14	2	2	2	23	1	2	2	1	1	9	1	1
2330	3	8	3	7	6	6	5	5	2	4	2	3	1	2	1	1	1	1	1	2	1	23	1	1	2	3	1	9	1	1
2340	2	8	2	7	6	6	5	5	1	4	2	3	2	2	2	1	1	2	1	9	1	23	2	1	1	2	1	9	1	1
2350	2	8	2	7	6	6	5	5	1	4	1	3	1	2	1	1	1	1	2	1	2	23	2	2	2	2	1	2	1	1
2360	2	8	2	7	6	6	5	5	3	4	3	3	1	2	1	1	1	1	2	3	2	23	1	2	2	2	1	9	1	1
2370	1	8	2	7	6	6	5	5	1	4	1	3	2	2	2	1	1	2	1	1	2	23	2	9	2	9	1	2	1	1
2380	4	8	4	7	6	6	5	5	2	4	2	3	5	2	5	1	1	5	2	2	2	23	1	2	1	4	1	1	1	1
2390	3	8	3	7	6	6	5	5	4	4	13	3	1	2	1	1	1	1	1	13	1	23	1	1	1	3	1	1	1	1
2400	1	8	1	7	6	6	5	5	3	4	3	3	4	2	4	1	1	4	1	3	1	23	1	1	1	1	1	1	1	1
2410	1	8	1	7	6	6	5	5	4	4	4	3	5	2	2	1	1	16	2	4	1	23	1	9	1	1	1	1	1	1
2420	5	8	5	7	6	6	5	5	2	4	2	3	6	2	3	1	1	21	1	2	1	23	1	1	2	5	1	9	1	1
2430	5	8	1	7	6	6	5	5	1	4	1	3	1	2	1	1	1	1	1	1	1	23	2	1	2	15	1	2	1	1
2440	1	8	1	7	6	6	5	5	2	4	9	3	6	2	2	1	1	20	1	9	1	23	1	1	1	1	1	1	1	1
2450	1	8	10	7	6	6	5	5	2	4	2	3	22	2	4	1	1	22	3	2	3	23	2	3	2	10	1	2	1	1
2460	3	8	3	7	6	6	5	5	1	4	1	3	2	2	2	1	1	2	3	1	3	23	1	3	1	3	1	1	1	1
2470	1	8	9	7	6	6	5	5	1	4	1	3	2	2	2	1	1	2	1	1	1	23	1	1	9	9	1	9	1	1
2480	3	8	3	7	6	6	5	5	3	4	3	3	6	2	2	1	1	20	1	3	1	23	2	1	2	3	1	2	1	1
2490	2	8	2	7	6	6	5	5	1	4	1	3	2	2	2	1	1	2	2	1	1	23	1	9	1	2	1	1	1	1
2500	5	8	5	7	6	6	5	5	3	4	3	3	2	2	2	1	1	2	3	3	3	23	1	3	1	5	1	1	1	1
2510	1	8	1	7	6	6	5	5	1	4	1	3	1	2	1	1	1	1	2	1	1	23	1	9	1	1	1	1	1	1
2520	4	8	4	7	6	6	5	5	4	4	4	3	4	2	4	1	1	4	2	4	2	23	2	2	1	4	1	9	1	1
2530	2	8	2	7	6	6	5	5	1	4	1	3	2	2	2	1	1	2	1	1	1	23	1	1	1	2	1	1	1	1
2540	2	8	2	7	6	6	5	5	2	4	2	3	2	2	2	1	1	2	2	2	2	23	2	2	1	2	1	9	1	1
2550	1	8	1	7	6	6	5	5	1	4	1	3	2	2	2	1	1	2	2	1	2	23	2	2	2	1	1	2	1	1
2560	1	8	1	7	6	6	5	5	3	4	3	3	5	2	1	1	1	15	1	3	1	23	1	1	1	1	1	1	1	1
2570	3	8	3	7	6	6	5	5	1	4	4	3	5	2	5	1	1	5	1	12	1	23	1	1	1	3	1	1	1	1
2580	1	8	2	7	6	6	5	5	1	4	3	3	9	2	1	1	1	9	1	10	1	23	1	1	2	9	1	9	1	1
2590	4	8	4	7	6	6	5	5	2	4	2	3	5	2	5	1	1	5	1	2	1	23	1	1	1	4	1	1	1	1
2600	1	8	4	7	6	6	5	5	4	4	4	3	2	2	2	1	1	2	11	4	2	23	1	11	1	12	1	1	1	1
2610	2	8	1	7	6	6	5	5	2	4	2	3	1	2	1	1	1	1	2	2	2	23	2	2	2	9	1	2	1	1
2620	3	8	3	7	6	6	5	5	1	4	1	3	1	2	1	1	1	1	3	1	3	23	2	3	1	3	1	9	1	1
2630	1	8	1	7	6	6	5	5	1	4	9	3	9	2	1	1	1	9	9	9	2	23	2	9	1	1	1	9	1	1
2640	13	8	4	7	6	6	5	5	1	4	1	3	3	2	3	1	1	3	1	1	1	23	1	1	1	13	1	1	1	1
2650	1	8	1	7	6	6	5	5	4	4	4	3	5	2	6	1	1	23	1	4	1	23	2	1	2	1	1	2	1	1
2660	2	8	2	7	6	6	5	5	4	4	4	3	1	2	1	1	1	1	1	4	1	23	1	1	1	2	1	1	1	1
2670	1	8	1	7	6	6	5	5	1	4	1	3	1	2	1	1	1	1	2	1	2	23	2	2	2	1	1	2	1	1
2680	5	8	5	7	6	6	5	5	3	4	3	3	1	2	1	1	1	1	1	3	1	23	1	1	1	5	1	1	1	1
2690	1	8	1	7	6	6	5	5	3	4	10	3	1	2	9	1	1	9	3	10	3	23	2	3	1	1	1	9	1	1
2700	3	8	2	7	6	6	5	5	2	4	2	3	3	2	3	1	1	3	11	2	3	23	1	11	2	11	1	9	1	1
2710	4	8	4	7	6	6	5	5	2	4	9	3	1	2	2	1	1	9	1	9	1	23	1	1	1	4	1	1	1	1
2720	9	8	1	7	6	6	5	5	13	4	2	3	1	2	1	1	1	1	1	13	1	23	1	1	1	9	1	1	1	1
2730	5	8	5	7	6	6	5	5	3	4	3	3	4	2	4	1	1	4	2	3	2	23	2	2	2	5	1	2	1	1
2740	18	8	5	7	6	6	5	5	3	4	2	3	2	2	4	1	1	13	2	11	2	23	2	2	2	18	1	2	1	1
2750	4	8	4	7	6	6	5	5	4	4	4	3	3	2	6	1	1	21	2	4	2	23	2	2	1	4	1	9	1	1
2760	9	8	1	7	6	6	5	5	1	4	1	3	2	2	2	1	1	2	1	1	1	23	1	1	1	9	1	1	1	1
2770	4	8	4	7	6	6	5	5	2	4	2	3	2	2	1	1	1	9	2	2	1	23	1	9	2	4	1	9	1	1
2780	4	8	1	7	6	6	5	5	3	4	1	3	6	2	6	1	1	6	2	10	2	23	1	2	1	12	1	1	1	1
2790	1	8	1	7	6	6	5	5	1	4	1	3	2	2	2	1	1	2	2	1	2	23	2	2	2	1	1	2	1	1
2800	5	8	5	7	6	6	5	5	2	4	2	3	2	2	1	1	1	9	1	2	1	23	1	1	1	5	1	1	1	1
2810	1	8	1	7	6	6	5	5	3	4	3	3	9	2	2	1	1	9	2	3	2	23	2	2	1	1	1	9	1	1
2820	1	8	1	7	6	6	5	5	3	4	3	3	1	2	2	1	1	9	3	3	3	23	1	3	2	1	1	9	1	1
2830	4	8	4	7	6	6	5	5	2	4	2	3	2	2	1	1	1	9	2	2	2	23	2	2	2	4	1	2	1	1
2840	1	8	1	7	6	6	5	5	2	4	2	3	1	2	1	1	1	1	1	2	1	23	1	1	9	1	1	9	1	1
2850	1	8	1	7	6	6	5	5	1	4	9	3	1	2	4	1	1	12	2	9	2	23	2	2	2	1	1	2	1	1
2860	1	8	2	7	6	6	5	5	3	4	3	3	2	2	2	1	1	2	1	3	1	23	1	1	1	9	1	1	1	1
2870	3	8	3	7	6	6	5	5	2	4	2	3	1	2	1	1	1	1	1	2	1	23	1	1	1	3	1	1	1	1
2880	3	8	5	7	6	6	5	5	1	4	9	3	1	2	1	1	1	1	3	9	3	23	2	3	2	17	1	2	1	1
2890	2	8	1	7	6	6	5	5	3	4	3	3	4	2	3	1	1	14	1	3	1	23	1	1	1	9	1	1	1	1
2900	3	8	3	7	6	6	5	5	4	4	2	3	2	2	2	1	1	2	2	13	2	23	1	2	1	3	1	1	1	1
2910	1	8	2	7	6	6	5	5	4	4	4	3	2	2	2	1	1	2	2	4	1	23	1	9	1	9	1	1	1	1
2920	1	8	1	7	6	6	5	5	1	4	1	3	2	2	2	1	1	2	2	1	2	23	2	2	2	1	1	2	1	1
2930	4	8	4	7	6	6	5	5	1	4	10	3	1	2	1	1	1	1	2	10	2	23	2	2	2	4	1	2	1	1
2940	2	8	1	7	6	6	5	5	3	4	3	3	2	2	1	1	1	9	1	3	1	23	1	1	1	9	1	1	1	1
2950	3	8	3	7	6	6	5	5	2	4	1	3	1	2	1	1	1	1	2	9	2	23	2	2	2	3	1	2	1	1
2960	1	8	2	7	6	6	5	5	3	4	3	3	4	2	4	1	1	4	1	3	1	23	2	1	2	9	1	2	1	1
2970	4	8	4	7	6	6	5	5	9	4	1	3	2	2	2	1	1	2	1	9	9	23	2	9	2	4	1	2	1	1
2980	3	8	1	7	6	6	5	5	4	4	4	3	1	2	1	1	1	1	10	4	1	23	2	10	2	10	1	2	1	1
2990	1	8	1	7	6	6	5	5	1	4	1	3	2	2	1	1	1	9	1	1	1	23	1	1	1	1	1	1	1	1
3000	2	8	2	7	6	6	5	5	3	4	3	3	1	2	1	1	1	1	3	3	3	23	1	3	1	2	1	1	1	1
3010	5	8	4	7	6	6	5	5	2	4	2	3	1	2	2	1	1	9	2	2	2	23	2	2	2	18	1	2	1	1
3020	5	8	5	7	6	6	5	5	2	4	1	3	5	2	5	1	1	5	2	9	1	23	1	9	1	5	1	1	1	1
3030	3	8	1	7	6	6	5	5	3	4	3	3	1	2	1	1	1	1	3	3	3	23	2	3	2	10	1	2	1	1
3040	4	8	4	7	6	6	5	5	4	4	4	3	1	2	1	1	1	1	1	4	1	23	1	1	1	4	1	1	1	1
3050	3	8	3	7	6	6	5	5	4	4	4	3	3	2	3	1	1	3	2	4	2	23	1	2	1	3	1	1	1	1
3060	1	8	1	7	6	6	5	5	1	4	1	3	1	2	1	1	1	1	2	1	2	23	2	2	2	1	1	2	1	1
3070	2	8	2	7	6	6	5	5	2	4	2	3	2	2	1	1	1	9	2	2	2	23	1	2	1	2	1	1	1	1
3080	2	8	2	7	6	6	5	5	3	4	3	3	6	2	6	1	1	6	3	3	3	23	2	3	2	2	1	2	1	1
3090	1	8	2	7	6	6	5	5	4	4	4	3	4	2	1	1	1	12	2	4	2	23	2	2	2	9	1	2	1	1
3100	1	8	1	7	6	6	5	5	1	4	1	3	2	2	2	1	1	2	2	1	2	23	2	2	2	1	1	2	1	1
3110	2	8	2	7	6	6	5	5	2	4	2	3	5	2	5	1	1	5	1	2	9	23	1	9	1	2	1	1	1	1
3120	3	8	3	7	6	6	5	5	4	4	3	3	1	2	1	1	1	1	3	14	3	23	1	3	1	3	1	1	1	1
3130	2	8	2	7	6	6	5	5	1	4	1	3	2	2	2	1	1	2	1	1	1	23	1	1	1	2	1	1	1	1
3140	1	8	1	7	6	6	5	5	9	4	2	3	1	2	1	1	1	1	2	9	9	23	1	9	1	1	1	1	1	1
3150	3	8	11	7	6	6	5	5	1	4	1	3	1	2	1	1	1	1	2	1	2	23	2	2	2	11	1	2	1	1
3160	18	8	4	7	6	6	5	5	2	4	2	3	1	2	1	1	1	1	9	2	1	23	1	9	1	18	1	1	1	1
3170	2	8	2	7	6	6	5	5	3	4	3	3	4	2	14	1	1	14	2	3	2	23	9	2	1	2	1	9	1	1
3180	5	8	5	7	6	6	5	5	1	4	1	3	3	2	3	1	1	3	1	1	1	23	1	1	1	5	1	1	1	1
3190	3	8	1	7	6	6	5	5	1	4	1	3	2	2	5	1	1	16	2	1	1	23	9	9	2	10	1	9	1	1
3200	4	8	4	7	6	6	5	5	2	4	2	3	3	2	3	1	1	3	1	2	1	23	9	1	2	4	1	9	1	1
3210	5	8	5	7	6	6	5	5	14	4	3	3	1	2	1	1	1	1	1	14	2	23	1	9	1	5	1	1	1	1
3220	4	8	4	7	6	6	5	5	4	4	13	3	2	2	2	1	1	2	1	13	9	23	1	9	1	4	1	1	1	1
3230	4	8	4	7	6	6	5	5	1	4	1	3	1	2	1	1	1	1	2	1	2	23	2	2	2	4	1	2	1	1
3240	3	8	3	7	6	6	5	5	2	4	4	3	1	2	1	1	1	1	1	13	1	23	1	1	1	3	1	1	1	1
3250	1	8	4	7	6	6	5	5	1	4	1	3	1	2	1	1	1	1	1	1	2	23	2	9	1	12	1	9	1	1
3260	2	8	2	7	6	6	5	5	4	4	4	3	2	2	3	1	1	11	2	4	2	23	1	2	1	2	1	1	1	1
3270	2	8	2	7	6	6	5	5	2	4	2	3	4	2	4	1	1	4	2	2	2	23	2	2	2	2	1	2	1	1
3280	3	8	3	7	6	6	5	5	2	4	9	3	1	2	1	1	1	1	2	9	2	23	1	2	9	3	1	9	1	1
3290	17	8	5	7	6	6	5	5	3	4	3	3	18	2	4	1	1	18	3	3	3	23	2	3	2	17	1	2	1	1
3300	3	8	3	7	6	6	5	5	3	4	3	3	4	2	3	1	1	14	1	3	1	23	1	1	1	3	1	1	1	1
3310	3	8	3	7	6	6	5	5	1	4	1	3	1	2	1	1	1	1	1	1	1	23	1	1	1	3	1	1	1	1
3320	3	8	11	7	6	6	5	5	2	4	9	3	1	2	6	1	1	19	1	9	1	23	1	1	1	11	1	1	1	1
3330	3	8	4	7	6	6	5	5	9	4	2	3	18	2	4	1	1	18	2	9	1	23	2	9	2	14	1	2	1	1
3340	2	8	2	7	6	6	5	5	4	4	4	3	1	2	1	1	1	1	1	4	9	23	9	9	2	2	1	9	1	1
3350	1	8	1	7	6	6	5	5	1	4	1	3	1	2	1	1	1	1	1	1	2	23	2	9	2	1	1	2	1	1
3360	2	8	2	7	6	6	5	5	2	4	2	3	6	2	6	1	1	6	2	2	2	23	2	2	2	2	1	2	1	1
3370	3	8	3	7	6	6	5	5	3	4	3	3	1	2	1	1	1	1	2	3	2	23	2	2	2	3	1	2	1	1
3380	2	8	2	7	6	6	5	5	4	4	4	3	3	2	6	1	1	21	1	4	1	23	2	1	1	2	1	9	1	1
3390	5	8	5	7	6	6	5	5	2	4	2	3	1	2	1	1	1	1	2	2	2	23	1	2	1	5	1	1	1	1
3400	4	8	4	7	6	6	5	5	1	4	3	3	1	2	1	1	1	1	1	10	2	23	1	9	1	4	1	1	1	1
3410	1	8	1	7	6	6	5	5	3	4	3	3	1	2	1	1	1	1	2	3	2	23	9	2	1	1	1	9	1	1
3420	1	8	3	7	6	6	5	5	1	4	1	3	6	2	5	1	1	23	1	1	1	23	1	1	1	10	1	1	1	1
3430	2	8	2	7	6	6	5	5	2	4	2	3	1	2	1	1	1	1	1	2	1	23	1	1	1	2	1	1	1	1
3440	2	8	2	7	6	6	5	5	1	4	1	3	9	2	1	1	1	9	1	1	1	23	1	1	1	2	1	1	1	1
3450	3	8	3	7	6	6	5	5	1	4	1	3	1	2	1	1	1	1	1	1	2	23	1	9	1	3	1	1	1	1
3460	4	8	4	7	6	6	5	5	4	4	4	3	4	2	4	1	1	4	2	4	2	23	1	2	1	4	1	1	1	1
3470	2	8	2	7	6	6	5	5	2	4	1	3	1	2	2	1	1	9	1	9	2	23	2	9	1	2	1	9	1	1
3480	3	8	10	7	6	6	5	5	1	4	1	3	9	2	2	1	1	9	2	1	2	23	9	2	2	10	1	9	1	1
3490	3	8	3	7	6	6	5	5	1	4	2	3	2	2	2	1	1	2	2	9	2	23	1	2	1	3	1	1	1	1
3500	1	8	1	7	6	6	5	5	2	4	2	3	2	2	2	1	1	2	2	2	2	23	2	2	2	1	1	2	1	1
3510	1	8	1	7	6	6	5	5	2	4	2	3	2	2	2	1	1	2	2	2	2	23	2	2	2	1	1	2	1	1
3520	1	8	1	7	6	6	5	5	1	4	1	3	1	2	9	1	1	9	1	1	1	23	1	1	1	1	1	1	1	1
3530	4	8	4	7	6	6	5	5	3	4	1	3	9	2	1	1	1	9	1	10	1	23	1	1	1	4	1	1	1	1
3540	10	8	1	7	6	6	5	5	4	4	4	3	2	2	2	1	1	2	1	4	2	23	2	9	1	10	1	9	1	1
3550	3	8	3	7	6	6	5	5	3	4	3	3	1	2	1	1	1	1	3	3	3	23	1	3	1	3	1	1	1	1
3560	2	8	2	7	6	6	5	5	1	4	10	3	1	2	1	1	1	1	1	10	1	23	1	1	1	2	1	1	1	1
3570	3	8	3	7	6	6	5	5	2	4	2	3	2	2	2	1	1	2	1	2	1	23	2	1	1	3	1	9	1	1
3580	5	8	5	7	6	6	5	5	3	4	3	3	1	2	1	1	1	1	3	3	3	23	1	3	1	5	1	1	1	1
3590	4	8	4	7	6	6	5	5	1	4	1	3	1	2	1	1	1	1	9	1	2	23	2	9	2	4	1	2	1	1
3600	2	8	2	7	6	6	5	5	1	4	1	3	2	2	2	1	1	2	1	1	2	23	1	9	1	2	1	1	1	1
3610	2	8	2	7	6	6	5	5	1	4	1	3	2	2	2	1	1	2	1	1	1	23	1	1	1	2	1	1	1	1
3620	5	8	5	7	6	6	5	5	1	4	1	3	2	2	2	1	1	2	3	1	3	23	1	3	1	5	1	1	1	1
3630	3	8	3	7	6	6	5	5	1	4	1	3	4	2	4	1	1	4	1	1	1	23	2	1	1	3	1	9	1	1
3640	4	8	4	7	6	6	5	5	2	4	2	3	2	2	2	1	1	2	1	2	1	23	1	1	1	4	1	1	1	1
3650	4	8	4	7	6	6	5	5	2	4	3	3	9	2	1	1	1	9	2	11	2	23	2	2	2	4	1	2	1	1
3660	2	8	1	7	6	6	5	5	10	4	1	3	2	2	2	1	1	2	3	10	3	23	9	3	2	9	1	9	1	1
3670	1	8	1	7	6	6	5	5	1	4	3	3	1	2	1	1	1	1	2	10	2	23	9	2	1	1	1	9	1	1
3680	2	8	2	7	6	6	5	5	2	4	2	3	9	2	1	1	1	9	1	2	1	23	1	1	2	2	1	9	1	1
3690	11	8	2	7	6	6	5	5	13	4	2	3	2	2	2	1	1	2	9	13	2	23	1	9	1	11	1	1	1	1
3700	1	8	1	7	6	6	5	5	3	4	10	3	1	2	1	1	1	1	1	10	1	23	1	1	1	1	1	1	1	1
3710	12	8	1	7	6	6	5	5	3	4	3	3	6	2	6	1	1	6	2	3	2	23	2	2	2	12	1	2	1	1
3720	9	8	2	7	6	6	5	5	14	4	3	3	2	2	2	1	1	2	11	14	2	23	1	11	1	9	1	1	1	1
3730	1	8	5	7	6	6	5	5	4	4	4	3	1	2	1	1	1	1	2	4	2	23	2	2	2	15	1	2	1	1
3740	5	8	5	7	6	6	5	5	2	4	2	3	3	2	3	1	1	3	2	2	2	23	2	2	2	5	1	2	1	1
3750	3	8	4	7	6	6	5	5	1	4	1	3	4	2	3	1	1	14	2	1	2	23	9	2	1	14	1	9	1	1
3760	12	8	4	7	6	6	5	5	4	4	13	3	4	2	4	1	1	4	1	13	1	23	1	1	1	12	1	1	1	1
3770	3	8	2	7	6	6	5	5	2	4	2	3	5	2	5	1	1	5	2	2	2	23	1	2	1	11	1	1	1	1
3780	1	8	1	7	6	6	5	5	1	4	1	3	14	2	3	1	1	14	11	1	3	23	1	11	2	1	1	9	1	1
3790	3	8	3	7	6	6	5	5	1	4	1	3	5	2	1	1	1	15	3	1	3	23	2	3	2	3	1	2	1	1
3800	11	8	3	7	6	6	5	5	4	4	4	3	1	2	1	1	1	1	3	4	3	23	1	3	1	11	1	1	1	1
3810	4	8	4	7	6	6	5	5	1	4	1	3	2	2	2	1	1	2	1	1	1	23	2	1	2	4	1	2	1	1
3820	9	8	1	7	6	6	5	5	4	4	4	3	2	2	2	1	1	2	2	4	2	23	2	2	2	9	1	2	1	1
3830	2	8	2	7	6	6	5	5	3	4	1	3	2	2	1	1	1	9	1	10	9	23	2	9	2	2	1	2	1	1
3840	2	8	2	7	6	6	5	5	1	4	1	3	2	2	2	1	1	2	1	1	2	23	2	9	2	2	1	2	1	1
3850	4	8	3	7	6	6	5	5	3	4	3	3	2	2	1	1	1	9	3	3	3	23	1	3	1	14	1	1	1	1
3860	4	8	4	7	6	6	5	5	2	4	2	3	2	2	2	1	1	2	1	2	1	23	1	1	1	4	1	1	1	1
3870	4	8	4	7	6	6	5	5	2	4	2	3	5	2	5	1	1	5	1	2	1	23	1	1	2	4	1	9	1	1
3880	2	8	1	7	6	6	5	5	1	4	1	3	1	2	1	1	1	1	1	1	1	23	1	1	1	9	1	1	1	1
3890	3	8	3	7	6	6	5	5	2	4	3	3	2	2	2	1	1	2	1	11	1	23	1	1	1	3	1	1	1	1
3900	1	8	1	7	6	6	5	5	3	4	3	3	1	2	1	1	1	1	1	3	1	23	1	1	1	1	1	1	1	1
3910	4	8	4	7	6	6	5	5	2	4	2	3	2	2	2	1	1	2	1	2	1	23	1	1	1	4	1	1	1	1
3920	5	8	5	7	6	6	5	5	3	4	3	3	1	2	1	1	1	1	3	3	3	23	2	3	2	5	1	2	1	1
3930	3	8	3	7	6	6	5	5	2	4	2	3	2	2	2	1	1	2	2	2	9	23	1	9	1	3	1	1	1	1
3940	5	8	5	7	6	6	5	5	3	4	3	3	2	2	2	1	1	2	10	3	1	23	1	10	1	5	1	1	1	1
3950	2	8	2	7	6	6	5	5	3	4	3	3	5	2	5	1	1	5	1	3	2	23	2	9	2	2	1	2	1	1
3960	2	8	1	7	6	6	5	5	3	4	3	3	1	2	1	1	1	1	3	3	3	23	1	3	1	9	1	1	1	1
3970	12	8	1	7	6	6	5	5	1	4	1	3	1	2	1	1	1	1	2	1	2	23	2	2	9	12	1	9	1	1
3980	1	8	1	7	6	6	5	5	1	4	1	3	9	2	1	1	1	9	1	1	1	23	2	1	2	1	1	2	1	1
3990	5	8	3	7	6	6	5	5	1	4	1	3	13	2	4	1	1	13	1	1	1	23	1	1	1	17	1	1	1	1
4000	2	8	2	7	6	6	5	5	2	4	2	3	2	2	2	1	1	2	1	2	1	23	1	1	1	2	1	1	1	1
4010	2	8	2	7	6	6	5	5	2	4	2	3	1	2	1	1	1	1	1	2	1	23	2	1	2	2	1	2	1	1
4020	3	8	1	7	6	6	5	5	4	4	4	3	2	2	2	1	1	2	3	4	3	23	2	3	2	10	1	2	1	1
4030	1	8	1	7	6	6	5	5	4	4	3	3	1	2	1	1	1	1	2	14	2	23	1	2	1	1	1	1	1	1
4040	3	8	3	7	6	6	5	5	1	4	1	3	1	2	1	1	1	1	2	1	2	23	2	2	2	3	1	2	1	1
4050	2	8	2	7	6	6	5	5	4	4	4	3	1	2	9	1	1	9	2	4	1	23	2	9	2	2	1	2	1	1
4060	4	8	4	7	6	6	5	5	3	4	3	3	6	2	6	1	1	6	3	3	3	23	2	3	2	4	1	2	1	1
4070	2	8	2	7	6	6	5	5	1	4	1	3	2	2	2	1	1	2	3	1	3	23	2	3	2	2	1	2	1	1
4080	3	8	17	7	6	6	5	5	4	4	4	3	1	2	1	1	1	1	1	4	1	23	1	1	1	17	1	1	1	1
4090	1	8	1	7	6	6	5	5	3	4	3	3	1	2	1	1	1	1	2	3	9	23	2	9	2	1	1	2	1	1
4100	5	8	5	7	6	6	5	5	2	4	9	3	2	2	2	1	1	2	1	9	1	23	1	1	1	5	1	1	1	1
4110	1	8	1	7	6	6	5	5	3	4	3	3	1	2	1	1	1	1	2	3	2	23	2	2	2	1	1	2	1	1
4120	2	8	1	7	6	6	5	5	3	4	3	3	2	2	2	1	1	2	1	3	1	23	1	1	2	9	1	9	1	1
4130	3	8	3	7	6	6	5	5	2	4	2	3	1	2	1	1	1	1	2	2	2	23	9	2	2	3	1	9	1	1
4140	2	8	2	7	6	6	5	5	4	4	1	3	1	2	1	1	1	1	1	12	1	23	1	1	1	2	1	1	1	1
4150	1	8	1	7	6	6	5	5	3	4	3	3	2	2	1	1	1	9	3	3	3	23	2	3	2	1	1	2	1	1
4160	5	8	1	7	6	6	5	5	1	4	1	3	11	2	2	1	1	11	2	1	2	23	2	2	2	15	1	2	1	1
4170	3	8	3	7	6	6	5	5	3	4	3	3	2	2	2	1	1	2	10	3	3	23	2	10	2	3	1	2	1	1
4180	2	8	2	7	6	6	5	5	3	4	4	3	2	2	2	1	1	2	1	14	1	23	1	1	1	2	1	1	1	1
4190	1	8	1	7	6	6	5	5	3	4	11	3	5	2	5	1	1	5	2	11	11	23	1	11	1	1	1	1	1	1
4200	2	8	2	7	6	6	5	5	11	4	2	3	2	2	9	1	1	9	2	11	2	23	2	2	9	2	1	9	1	1
4210	1	8	2	7	6	6	5	5	1	4	2	3	2	2	2	1	1	2	1	9	1	23	2	1	2	9	1	2	1	1
4220	2	8	2	7	6	6	5	5	2	4	2	3	1	2	1	1	1	1	2	2	2	23	2	2	2	2	1	2	1	1
4230	1	8	1	7	6	6	5	5	12	4	4	3	2	2	1	1	1	9	1	12	2	23	1	9	1	1	1	1	1	1
4240	3	8	3	7	6	6	5	5	2	4	2	3	1	2	1	1	1	1	1	2	1	23	1	1	1	3	1	1	1	1
4250	3	8	3	7	6	6	5	5	4	4	4	3	2	2	1	1	1	9	9	4	2	23	1	9	1	3	1	1	1	1
4260	4	8	4	7	6	6	5	5	1	4	1	3	1	2	1	1	1	1	1	1	1	23	1	1	1	4	1	1	1	1
4270	4	8	4	7	6	6	5	5	1	4	1	3	1	2	1	1	1	1	1	1	1	23	1	1	1	4	1	1	1	1
4280	2	8	2	7	6	6	5	5	2	4	2	3	4	2	4	1	1	4	1	2	1	23	1	1	1	2	1	1	1	1
4290	2	8	2	7	6	6	5	5	3	4	1	3	2	2	2	1	1	2	1	10	2	23	1	9	1	2	1	1	1	1
4300	2	8	2	7	6	6	5	5	1	4	1	3	2	2	1	1	1	9	1	1	1	23	1	1	2	2	1	9	1	1
4310	2	8	2	7	6	6	5	5	2	4	1	3	3	2	5	1	1	17	2	9	2	23	1	2	1	2	1	1	1	1
4320	2	8	2	7	6	6	5	5	1	4	1	3	1	2	1	1	1	1	2	1	2	23	2	2	2	2	1	2	1	1
4330	2	8	2	7	6	6	5	5	4	4	4	3	1	2	1	1	1	1	1	4	1	23	1	1	1	2	1	1	1	1
4340	5	8	5	7	6	6	5	5	4	4	4	3	2	2	2	1	1	2	9	4	1	23	1	9	1	5	1	1	1	1
4350	3	8	14	7	6	6	5	5	4	4	2	3	2	2	2	1	1	2	1	13	1	23	1	1	2	14	1	9	1	1
4360	3	8	3	7	6	6	5	5	4	4	4	3	2	2	2	1	1	2	3	4	3	23	2	3	1	3	1	9	1	1
4370	1	8	2	7	6	6	5	5	2	4	9	3	1	2	1	1	1	1	1	9	1	23	1	1	1	9	1	1	1	1
4380	2	8	5	7	6	6	5	5	3	4	3	3	2	2	2	1	1	2	2	3	2	23	2	2	1	16	1	9	1	1
4390	2	8	2	7	6	6	5	5	2	4	2	3	2	2	2	1	1	2	1	2	3	23	1	10	1	2	1	1	1	1
4400	1	8	1	7	6	6	5	5	2	4	2	3	10	2	3	1	1	10	2	2	2	23	1	2	1	1	1	1	1	1
4410	3	8	3	7	6	6	5	5	1	4	1	3	1	2	1	1	1	1	1	1	2	23	2	9	2	3	1	2	1	1
4420	1	8	1	7	6	6	5	5	2	4	2	3	1	2	1	1	1	1	1	2	3	23	1	10	1	1	1	1	1	1
4430	2	8	2	7	6	6	5	5	1	4	1	3	2	2	4	1	1	13	1	1	1	23	9	1	1	2	1	9	1	1
4440	3	8	3	7	6	6	5	5	4	4	4	3	4	2	2	1	1	13	1	4	2	23	1	9	1	3	1	1	1	1
4450	1	8	1	7	6	6	5	5	1	4	1	3	2	2	2	1	1	2	1	1	1	23	1	1	1	1	1	1	1	1
4460	1	8	2	7	6	6	5	5	1	4	1	3	2	2	1	1	1	9	1	1	1	23	1	1	1	9	1	1	1	1
4470	1	8	1	7	6	6	5	5	3	4	3	3	9	2	2	1	1	9	3	3	11	23	1	11	1	1	1	1	1	1
4480	4	8	4	7	6	6	5	5	1	4	1	3	2	2	2	1	1	2	11	1	2	23	2	11	2	4	1	2	1	1
4490	5	8	5	7	6	6	5	5	3	4	3	3	2	2	2	1	1	2	1	3	1	23	2	1	2	5	1	2	1	1
4500	5	8	5	7	6	6	5	5	1	4	1	3	1	2	1	1	1	1	2	1	2	23	2	2	2	5	1	2	1	1
4510	4	8	4	7	6	6	5	5	2	4	2	3	3	2	3	1	1	3	2	2	1	23	2	9	2	4	1	2	1	1
4520	4	8	4	7	6	6	5	5	1	4	2	3	2	2	2	1	1	2	1	9	1	23	1	1	1	4	1	1	1	1
4530	1	8	1	7	6	6	5	5	3	4	3	3	1	2	1	1	1	1	3	3	3	23	1	3	2	1	1	9	1	1
4540	5	8	5	7	6	6	5	5	2	4	2	3	2	2	2	1	1	2	1	2	1	23	1	1	1	5	1	1	1	1
4550	1	8	1	7	6	6	5	5	3	4	3	3	1	2	1	1	1	1	3	3	3	23	1	3	1	1	1	1	1	1
4560	2	8	2	7	6	6	5	5	2	4	2	3	1	2	1	1	1	1	2	2	9	23	1	9	1	2	1	1	1	1
4570	2	8	2	7	6	6	5	5	14	4	3	3	17	2	3	1	1	17	2	14	2	23	9	2	1	2	1	9	1	1
4580	1	8	9	7	6	6	5	5	4	4	4	3	1	2	1	1	1	1	10	4	3	23	1	10	1	9	1	1	1	1
4590	2	8	1	7	6	6	5	5	2	4	1	3	1	2	1	1	1	1	1	9	1	23	1	1	2	9	1	9	1	1
4600	2	8	5	7	6	6	5	5	2	4	2	3	1	2	1	1	1	1	1	2	2	23	1	9	1	16	1	1	1	1
4610	3	8	3	7	6	6	5	5	2	4	2	3	1	2	1	1	1	1	1	2	1	23	9	1	2	3	1	9	1	1
4620	2	8	1	7	6	6	5	5	1	4	1	3	2	2	2	1	1	2	1	1	1	23	1	1	1	9	1	1	1	1
4630	4	8	3	7	6	6	5	5	3	4	2	3	4	2	4	1	1	4	1	11	1	23	1	1	1	14	1	1	1	1
4640	3	8	3	7	6	6	5	5	1	4	1	3	1	2	1	1	1	1	3	1	11	23	2	11	2	3	1	2	1	1
4650	2	8	2	7	6	6	5	5	2	4	2	3	2	2	2	1	1	2	2	2	2	23	1	2	1	2	1	1	1	1
4660	3	8	4	7	6	6	5	5	1	4	9	3	1	2	1	1	1	1	1	9	2	23	1	9	1	14	1	1	1	1
4670	11	8	2	7	6	6	5	5	2	4	2	3	2	2	2	1	1	2	2	2	2	23	2	2	2	11	1	2	1	1
4680	1	8	9	7	6	6	5	5	3	4	3	3	1	2	2	1	1	9	2	3	2	23	1	2	1	9	1	1	1	1
4690	1	8	9	7	6	6	5	5	2	4	2	3	1	2	1	1	1	1	1	2	1	23	2	1	2	9	1	2	1	1
4700	2	8	2	7	6	6	5	5	3	4	3	3	3	2	1	1	1	10	1	3	1	23	1	1	1	2	1	1	1	1
4710	1	8	1	7	6	6	5	5	1	4	1	3	2	2	2	1	1	2	2	1	2	23	1	2	1	1	1	1	1	1
4720	2	8	9	7	6	6	5	5	3	4	3	3	1	2	1	1	1	1	3	3	3	23	2	3	1	9	1	9	1	1
4730	2	8	13	7	6	6	5	5	1	4	1	3	2	2	2	1	1	2	1	1	1	23	1	1	9	13	1	9	1	1
4740	4	8	4	7	6	6	5	5	4	4	14	3	2	2	2	1	1	2	3	14	3	23	1	3	1	4	1	1	1	1
4750	1	8	1	7	6	6	5	5	1	4	1	3	2	2	1	1	1	9	2	1	2	23	2	2	2	1	1	2	1	1
4760	3	8	3	7	6	6	5	5	2	4	2	3	1	2	1	1	1	1	3	2	3	23	2	3	2	3	1	2	1	1
4770	1	8	1	7	6	6	5	5	2	4	2	3	2	2	2	1	1	2	1	2	2	23	1	9	1	1	1	1	1	1
4780	1	8	1	7	6	6	5	5	9	4	2	3	2	2	2	1	1	2	1	9	2	23	2	9	2	1	1	2	1	1
4790	4	8	14	7	6	6	5	5	1	4	1	3	1	2	1	1	1	1	1	1	1	23	2	1	9	14	1	9	1	1
4800	5	8	5	7	6	6	5	5	2	4	2	3	2	2	2	1	1	2	2	2	2	23	2	2	2	5	1	2	1	1
4810	2	8	2	7	6	6	5	5	3	4	2	3	3	2	11	1	1	11	10	11	3	23	1	10	1	2	1	1	1	1
4820	2	8	1	7	6	6	5	5	1	4	1	3	4	2	4	1	1	4	1	1	2	23	2	9	2	9	1	2	1	1
4830	1	8	1	7	6	6	5	5	3	4	3	3	1	2	1	1	1	1	3	3	3	23	1	3	1	1	1	1	1	1
4840	3	8	2	7	6	6	5	5	1	4	1	3	2	2	2	1	1	2	1	1	1	23	1	1	1	11	1	1	1	1
4850	3	8	3	7	6	6	5	5	3	4	3	3	2	2	2	1	1	2	1	3	1	23	2	1	2	3	1	2	1	1
4860	1	8	1	7	6	6	5	5	2	4	3	3	13	2	2	1	1	13	2	11	1	23	2	9	2	1	1	2	1	1
4870	5	8	4	7	6	6	5	5	2	4	2	3	2	2	2	1	1	2	2	2	2	23	2	2	1	18	1	9	1	1
4880	1	8	1	7	6	6	5	5	2	4	2	3	1	2	1	1	1	1	1	2	1	23	2	1	2	1	1	2	1	1
4890	2	8	2	7	6	6	5	5	9	4	1	3	1	2	1	1	1	1	1	9	1	23	1	1	1	2	1	1	1	1
4900	1	8	1	7	6	6	5	5	1	4	1	3	1	2	1	1	1	1	1	1	1	23	1	1	1	1	1	1	1	1
4910	9	8	2	7	6	6	5	5	4	4	4	3	6	2	6	1	1	6	9	4	2	23	1	9	1	9	1	1	1	1
4920	2	8	9	7	6	6	5	5	4	4	4	3	1	2	1	1	1	1	1	4	3	23	1	10	1	9	1	1	1	1
4930	1	8	1	7	6	6	5	5	1	4	4	3	2	2	1	1	1	9	2	12	1	23	2	9	2	1	1	2	1	1
4940	2	8	2	7	6	6	5	5	1	4	1	3	1	2	1	1	1	1	1	1	1	23	2	1	2	2	1	2	1	1
4950	5	8	5	7	6	6	5	5	4	4	4	3	6	2	6	1	1	6	1	4	1	23	1	1	1	5	1	1	1	1
4960	2	8	2	7	6	6	5	5	1	4	1	3	2	2	2	1	1	2	2	1	2	23	2	2	2	2	1	2	1	1
4970	5	8	5	7	6	6	5	5	2	4	2	3	2	2	2	1	1	2	2	2	2	23	1	2	1	5	1	1	1	1
4980	2	8	2	7	6	6	5	5	4	4	2	3	2	2	1	1	1	9	1	13	1	23	1	1	1	2	1	1	1	1
4990	3	8	17	7	6	6	5	5	9	4	2	3	1	2	1	1	1	1	1	9	1	23	2	1	2	17	1	2	1	1
5000	5	8	5	7	6	6	5	5	1	4	1	3	1	2	1	1	1	1	1	1	1	23	2	1	2	5	1	2	1	1
