Iteration	Posterior	Likelihood	Prior	clado_type_probs[1]	clado_type_probs[2]	distance_scale	epoch_times[1]	epoch_times[2]	epoch_times[3]	epoch_times[4]	epoch_times[5]	epoch_times[6]	epoch_times[7]	epoch_times[8]	extirpation_rate	log10_rate_bg	p_allopatry	p_sympatry	rate_bg
0	-55.069	-82.342	27.273	0.16606	0.83394	0.01	0.229329	0.208739	0.203691	0.114097	0.0687936	0.0439673	0.0374709	0	4.602742	-2	0.8339397	0.1660603	0.01
10	3.86602	-20.7215	24.5875	0.250671	0.749329	0.3461323	0.226569	0.211833	0.201186	0.115896	0.0710764	0.0440734	0.0379597	0	7.288232	1.117135	0.7493288	0.2506712	13.0959
20	4.89533	-23.8947	28.7901	0.50314	0.49686	0.1264431	0.227861	0.208259	0.202851	0.112996	0.0710303	0.0438981	0.0394265	0	3.085677	1.227832	0.4968604	0.5031396	16.89788
30	5.42114	-21.1982	26.6194	0.256723	0.743277	0.6320542	0.223335	0.20709	0.201638	0.11296	0.070632	0.0436413	0.0377716	0	5.256382	1.510084	0.7432766	0.2567234	32.36565
40	7.91825	-22.6407	30.559	0.292888	0.707112	5.324077	0.229188	0.210064	0.200902	0.114179	0.0700311	0.04398	0.03874	0	1.316782	1.830943	0.7071116	0.2928884	67.75524
50	7.13082	-20.1665	27.2974	0.86993	0.13007	3.978188	0.229087	0.210107	0.199982	0.118104	0.070716	0.0437241	0.038904	0	4.578369	1.36503	0.1300704	0.8699296	23.17553
60	8.16823	-21.2257	29.3939	0.928811	0.0711886	5.023863	0.219361	0.205379	0.200004	0.117661	0.0707596	0.0442361	0.0393884	0	2.481821	1.560557	0.07118859	0.9288114	36.3544
70	6.54626	-20.0823	26.6286	0.889383	0.110617	7.483969	0.222234	0.203206	0.199824	0.114367	0.0688399	0.0443636	0.0392993	0	5.247158	1.736041	0.110617	0.889383	54.45543
80	4.91653	-19.4155	24.332	0.306529	0.693471	1.938154	0.225094	0.207781	0.200864	0.117006	0.0676657	0.0454559	0.0382731	0	7.543721	1.706035	0.6934709	0.3065291	50.82009
90	6.73515	-21.456	28.1912	0.409526	0.590474	1.580218	0.226579	0.211728	0.202053	0.114902	0.06892	0.0447628	0.0390099	0	3.684578	1.676522	0.5904743	0.4095257	47.48127
100	5.13779	-19.7257	24.8635	0.474236	0.525764	1.735163	0.226577	0.212062	0.203647	0.114654	0.0701583	0.0436484	0.0392642	0	7.012223	1.403786	0.5257638	0.4742362	25.33882
110	5.63023	-20.9714	26.6017	0.41276	0.58724	9.15238	0.221803	0.208248	0.196965	0.11729	0.071044	0.0442489	0.0386867	0	5.274061	1.909165	0.5872402	0.4127598	81.12698
120	7.32099	-23.6254	30.9464	0.515569	0.484431	7.21281	0.226828	0.208217	0.198865	0.116361	0.0709705	0.0442459	0.0390169	0	0.9293163	1.896757	0.4844315	0.5155685	78.84191
130	5.04194	-26.1401	31.182	0.521242	0.478758	4.625399	0.222403	0.211678	0.197148	0.11563	0.0692106	0.0451779	0.0392304	0	0.6936982	1.727717	0.4787581	0.5212419	53.42158
140	7.54016	-22.1303	29.6704	0.724092	0.275908	9.473567	0.224257	0.209034	0.20266	0.116597	0.067838	0.0447857	0.0393504	0	2.205304	1.991551	0.2759077	0.7240923	98.07329
150	8.48205	-21.0103	29.4923	0.877492	0.122508	5.450295	0.219748	0.20689	0.202942	0.113921	0.0690947	0.044925	0.0393445	0	2.38343	1.70136	0.1225082	0.8774918	50.2759
160	8.51704	-20.452	28.969	0.00737048	0.99263	6.292783	0.223587	0.207968	0.20664	0.114346	0.0698412	0.0453341	0.0391567	0	2.906695	1.959908	0.9926295	0.007370484	91.18174
170	7.21888	-19.9553	27.1742	0.266457	0.733543	6.715882	0.220388	0.212064	0.200065	0.115849	0.0698932	0.0439069	0.0389513	0	4.701565	1.677228	0.7335431	0.2664569	47.5585
180	8.54943	-20.4697	29.0191	0.458162	0.541838	4.857059	0.228384	0.206881	0.196485	0.115253	0.0685118	0.0452199	0.0380247	0	2.856653	1.886342	0.5418378	0.4581622	76.97365
190	7.89337	-20.0449	27.9383	0.619766	0.380234	3.76578	0.229495	0.205416	0.199742	0.113222	0.0687321	0.0453144	0.0386251	0	3.937454	1.737389	0.3802343	0.6197657	54.62471
200	5.48303	-24.849	30.3321	0.694354	0.305646	2.195856	0.227491	0.212073	0.197746	0.116397	0.0686533	0.0452942	0.0392705	0	1.54367	1.377294	0.3056465	0.6943535	23.83933
210	7.80038	-19.8109	27.6112	0.399705	0.600295	6.057131	0.222148	0.211275	0.201041	0.115883	0.0700677	0.0438627	0.0386194	0	4.264499	1.812813	0.6002946	0.3997054	64.98497
220	4.47338	-23.5545	28.0279	0.460213	0.539787	11.6791	0.225098	0.2074	0.206661	0.11753	0.0691804	0.0435667	0.0389662	0	3.847857	1.77179	0.5397866	0.4602134	59.1276
230	6.85821	-21.0988	27.957	0.372472	0.627528	1.833809	0.228698	0.203662	0.204026	0.114961	0.0695565	0.044483	0.0375526	0	3.918717	1.578632	0.6275278	0.3724722	37.89933
240	7.56024	-19.5568	27.117	0.337644	0.662356	4.244447	0.225116	0.204431	0.205682	0.112906	0.0706873	0.0445936	0.03869	0	4.758723	1.758899	0.6623564	0.3376436	57.39827
250	7.30512	-19.7823	27.0874	0.41873	0.58127	6.440225	0.226746	0.20675	0.20326	0.114326	0.0694326	0.0440247	0.0381598	0	4.788294	1.71478	0.5812695	0.4187305	51.8537
260	4.83725	-21.8119	26.6491	0.644565	0.355435	7.801576	0.227866	0.203353	0.202963	0.116278	0.0693232	0.0440237	0.0374717	0	5.226596	1.353233	0.355435	0.644565	22.55451
270	5.07299	-21.193	26.266	0.285159	0.714841	1.371221	0.228631	0.205534	0.205162	0.118294	0.0691237	0.043266	0.0377763	0	5.609775	1.056604	0.7148414	0.2851586	11.39211
280	5.61503	-19.8316	25.4467	0.585442	0.414558	7.472595	0.227486	0.210784	0.203474	0.117808	0.0706058	0.0433388	0.0377726	0	6.429077	1.815352	0.4145582	0.5854418	65.36599
290	8.09864	-19.8174	27.9161	0.430644	0.569356	5.469059	0.228713	0.209003	0.20106	0.116876	0.0677011	0.0446665	0.037462	0	3.95967	1.975945	0.5693561	0.4306439	94.61175
300	6.15652	-24.0451	30.2017	0.357388	0.642612	11.04301	0.221979	0.211532	0.199178	0.11326	0.0679908	0.0455012	0.0389974	0	1.674078	1.852203	0.6426118	0.3573882	71.15468
310	8.00771	-20.7614	28.7691	0.323371	0.676629	7.341875	0.224623	0.211705	0.20626	0.113992	0.0682012	0.0455028	0.0385931	0	3.106657	1.735033	0.6766286	0.3233714	54.32915
320	8.22166	-22.1316	30.3533	0.499681	0.500319	8.02613	0.222219	0.211725	0.203141	0.117105	0.0684797	0.0451795	0.0392701	0	1.522449	1.996711	0.5003187	0.4996813	99.24546
330	7.38201	-20.4796	27.8616	0.853001	0.146999	4.532214	0.224465	0.209872	0.200394	0.116943	0.0681391	0.045006	0.0375374	0	4.014088	1.383543	0.1469991	0.8530009	24.18482
340	7.27621	-19.7408	27.017	0.694663	0.305337	3.50138	0.223436	0.209951	0.202511	0.113711	0.0695393	0.045222	0.0381223	0	4.858737	1.576179	0.3053366	0.6946634	37.68588
350	5.34981	-19.43	24.7798	0.929755	0.0702452	2.163996	0.220423	0.206469	0.203555	0.113175	0.0676098	0.0445184	0.0377755	0	7.095907	1.721578	0.07024518	0.9297548	52.67181
360	5.60924	-18.8756	24.4848	0.20781	0.79219	4.120753	0.221059	0.208212	0.204654	0.113997	0.0682111	0.0439216	0.0376862	0	7.390913	1.683717	0.7921899	0.2078101	48.27436
370	8.25426	-20.2542	28.5085	0.680663	0.319337	4.187745	0.219369	0.207192	0.197116	0.112718	0.068423	0.0444767	0.0390795	0	3.367272	1.829926	0.3193366	0.6806634	67.59678
380	5.65191	-23.5862	29.2381	0.0843612	0.915639	11.47944	0.228133	0.208002	0.197228	0.114874	0.0677353	0.0439151	0.0385843	0	2.637651	1.855292	0.9156388	0.08436119	71.66247
390	7.32146	-23.1028	30.4243	0.297187	0.702813	6.173071	0.220976	0.210024	0.203624	0.115661	0.0703425	0.044419	0.0382822	0	1.451442	1.582651	0.7028129	0.2971871	38.25171
400	7.9485	-20.3316	28.2801	0.809273	0.190727	5.32409	0.224068	0.203584	0.205766	0.116612	0.0702705	0.0453215	0.0377884	0	3.595643	1.536686	0.1907266	0.8092734	34.4101
410	7.34013	-22.8844	30.2245	0.024819	0.975181	8.746965	0.226231	0.205116	0.20253	0.115636	0.0700131	0.044929	0.03922	0	1.651197	1.746063	0.975181	0.02481903	55.72666
420	8.01826	-19.9124	27.9307	0.847361	0.152639	4.101488	0.225721	0.208595	0.203108	0.112768	0.0703089	0.0447528	0.0387701	0	3.945057	1.995667	0.1526391	0.8473609	99.0072
430	3.35314	-25.9617	29.3149	0.619887	0.380113	7.973535	0.228896	0.211115	0.20328	0.113095	0.0710744	0.0450534	0.0391347	0	2.560867	1.16807	0.3801129	0.6198871	14.7255
440	7.12632	-20.3834	27.5097	0.508073	0.491927	5.468592	0.229321	0.209526	0.205741	0.116368	0.0692933	0.0447844	0.0389476	0	4.366057	1.406182	0.4919273	0.5080727	25.479
450	7.34176	-20.2771	27.6188	0.620178	0.379822	7.447338	0.225606	0.207781	0.204826	0.116541	0.0706548	0.043853	0.0389508	0	4.256905	1.915675	0.379822	0.620178	82.35222
460	6.07264	-23.9697	30.0424	0.722833	0.277167	1.573808	0.226154	0.205945	0.202995	0.11784	0.0710494	0.0439993	0.0383765	0	1.833353	1.912423	0.2771666	0.7228334	81.7379
470	6.90457	-20.6311	27.5357	0.158354	0.841646	6.477855	0.227899	0.206964	0.201874	0.117116	0.0706057	0.0454314	0.0386901	0	4.340043	1.444764	0.8416463	0.1583537	27.84609
480	7.94176	-19.8402	27.782	0.0625689	0.937431	5.74408	0.223763	0.206332	0.197659	0.114711	0.069607	0.0446431	0.0383184	0	4.093735	1.742153	0.9374311	0.06256893	55.22722
490	5.36482	-19.0252	24.39	0.609526	0.390474	2.967618	0.228408	0.208196	0.198317	0.114014	0.068658	0.0449815	0.0378158	0	7.485695	1.910919	0.3904736	0.6095264	81.45524
500	6.88189	-22.2398	29.1217	0.614941	0.385059	1.874591	0.229621	0.20942	0.199035	0.11287	0.0708617	0.0452776	0.0385033	0	2.754034	1.534185	0.3850586	0.6149414	34.21249
510	6.12071	-22.6101	28.7308	0.0296438	0.970356	1.074144	0.225958	0.209266	0.202254	0.115948	0.0684486	0.0447483	0.0391782	0	3.144961	1.380061	0.9703562	0.02964384	23.99169
520	5.23574	-20.3466	25.5823	0.160966	0.839034	1.066842	0.230041	0.20805	0.201198	0.115418	0.0686219	0.0450566	0.0382525	0	6.293426	1.695921	0.8390341	0.1609659	49.65015
530	8.1708	-21.0866	29.2574	0.174336	0.825664	4.291442	0.22449	0.212005	0.198267	0.114174	0.0676967	0.0447941	0.0388879	0	2.618297	1.593856	0.8256643	0.1743357	39.25148
540	7.09039	-20.5803	27.6707	0.109866	0.890134	2.870796	0.223539	0.211179	0.196761	0.114938	0.0693151	0.0448439	0.0381911	0	4.205037	1.360318	0.8901336	0.1098664	22.92543
550	7.72253	-19.8877	27.6103	0.16236	0.83764	3.66909	0.219579	0.209583	0.203442	0.116845	0.0710308	0.0453307	0.0392709	0	4.265464	1.789558	0.8376398	0.1623602	61.59685
560	7.66069	-21.716	29.3767	0.695054	0.304946	5.346376	0.225834	0.210328	0.203982	0.113709	0.0676072	0.0453251	0.0392657	0	2.499025	1.446293	0.3049464	0.6950536	27.94426
570	6.94051	-19.7353	26.6758	0.223997	0.776003	2.916838	0.220581	0.209003	0.203894	0.113079	0.0679393	0.0446301	0.0390146	0	5.199923	1.785047	0.776003	0.223997	60.96022
580	8.04708	-21.7354	29.7824	0.436975	0.563025	3.647757	0.222236	0.205585	0.197152	0.116587	0.0699309	0.0454934	0.0388306	0	2.093307	1.85207	0.5630248	0.4369752	71.13281
590	6.51622	-22.3437	28.8599	0.18295	0.81705	6.64039	0.223067	0.204308	0.1978	0.118219	0.0709732	0.044728	0.039092	0	3.015861	1.337648	0.8170499	0.1829501	21.75944
600	8.27584	-20.4769	28.7527	0.350394	0.649606	5.884656	0.223329	0.206296	0.199052	0.114695	0.0694617	0.0453347	0.0388857	0	3.123041	1.655073	0.6496056	0.3503944	45.19317
610	7.65645	-20.5214	28.1779	0.91216	0.0878399	3.0447	0.226308	0.204475	0.197444	0.113769	0.0696309	0.0441038	0.0374781	0	3.69788	1.626347	0.08783992	0.9121601	42.30068
620	7.12286	-23.7801	30.903	0.130022	0.869978	6.367187	0.219727	0.20421	0.198698	0.112652	0.068262	0.0454663	0.0376986	0	0.972768	1.79475	0.8699784	0.1300216	62.33755
630	7.97336	-21.3662	29.3395	0.136572	0.863428	8.446438	0.219964	0.203597	0.198903	0.11358	0.0707823	0.0446408	0.0379121	0	2.5362	1.909401	0.8634281	0.1365719	81.17097
640	8.65432	-21.0253	29.6797	0.161581	0.838419	5.686105	0.224646	0.206294	0.199087	0.115847	0.0685621	0.0452483	0.0388272	0	2.196087	1.859848	0.8384188	0.1615812	72.41819
650	7.22623	-20.1526	27.3789	0.571368	0.428632	4.853114	0.227595	0.207938	0.201618	0.118179	0.0685913	0.0450321	0.0385293	0	4.496867	1.406201	0.4286318	0.5713682	25.48011
660	8.11301	-19.8006	27.9136	0.445414	0.554586	4.92374	0.228773	0.21202	0.205407	0.117062	0.0702445	0.0450378	0.037756	0	3.962117	1.927146	0.5545864	0.4454136	84.55623
670	7.30963	-20.1633	27.473	0.874322	0.125678	3.922234	0.228364	0.206103	0.204792	0.117866	0.068779	0.0434452	0.0376971	0	4.402775	1.405833	0.1256779	0.8743221	25.45852
680	6.0566	-22.5482	28.6048	0.126255	0.873745	3.354772	0.228459	0.207977	0.206085	0.116164	0.0703523	0.0435077	0.0377192	0	3.270973	1.113268	0.8737452	0.1262548	12.9798
690	7.6213	-19.9182	27.5395	0.039071	0.960929	3.587846	0.219849	0.206644	0.201644	0.116713	0.0705301	0.0435899	0.0380157	0	4.336221	1.674784	0.960929	0.03907101	47.29158
700	7.48902	-22.3468	29.8359	0.892192	0.107808	3.769723	0.227035	0.210272	0.198214	0.118301	0.0700653	0.0435333	0.0383408	0	2.039882	1.484869	0.1078082	0.8921918	30.53997
710	7.75501	-20.1805	27.9355	0.82161	0.17839	4.41843	0.224341	0.202695	0.200768	0.11634	0.0710401	0.0436818	0.0377811	0	3.940188	1.496327	0.1783903	0.8216097	31.35649
720	6.56235	-21.0657	27.6281	0.142499	0.857501	8.12398	0.226345	0.205746	0.200844	0.113969	0.0697481	0.0443746	0.0381496	0	4.247655	1.590875	0.8575007	0.1424993	38.98297
730	7.69949	-21.5262	29.2257	0.987577	0.0124226	8.674311	0.227473	0.206434	0.200276	0.116102	0.0702916	0.0453545	0.0376937	0	2.650044	1.804995	0.01242261	0.9875774	63.82562
740	7.92156	-20.397	28.3186	0.18182	0.81818	7.286716	0.224811	0.201929	0.202271	0.117489	0.0691472	0.0454015	0.038308	0	3.557144	1.929913	0.8181795	0.1818205	85.09681
750	7.21552	-20.7751	27.9906	0.972586	0.0274138	8.110408	0.228412	0.202923	0.201771	0.115244	0.0707003	0.0452127	0.0388073	0	3.885123	1.725176	0.02741384	0.9725862	53.10992
760	7.96467	-19.9334	27.8981	0.330451	0.669549	3.966275	0.221174	0.20842	0.200339	0.113391	0.0694215	0.0454498	0.0387881	0	3.977644	1.910465	0.6695495	0.3304505	81.37006
770	5.55712	-25.6089	31.166	0.5159	0.4841	9.543442	0.222871	0.210745	0.198008	0.114915	0.0706485	0.0443211	0.0382063	0	0.7097164	1.875076	0.4840996	0.5159004	75.0025
780	6.45656	-21.1505	27.607	0.266835	0.733165	3.76768	0.219008	0.203887	0.197931	0.113108	0.0695445	0.0433936	0.0376758	0	4.2687	1.19445	0.7331649	0.2668351	15.64767
790	8.29146	-22.215	30.5064	0.797285	0.202715	6.797431	0.219253	0.209156	0.196535	0.113839	0.0676943	0.0446858	0.0378935	0	1.3693	1.935938	0.2027147	0.7972853	86.28553
800	7.13845	-20.2537	27.3922	0.498987	0.501013	2.521491	0.226333	0.210407	0.198378	0.113759	0.0689354	0.0450466	0.0380199	0	4.483576	1.854535	0.5010132	0.4989868	71.53767
810	8.11811	-20.0421	28.1602	0.573673	0.426327	4.100723	0.22821	0.211643	0.204024	0.113781	0.0677265	0.0451854	0.0383809	0	3.715509	1.917902	0.4263274	0.5736726	82.77549
820	6.56373	-24.6018	31.1655	0.953506	0.0464937	6.080692	0.22796	0.20621	0.203296	0.116581	0.0698012	0.0453636	0.0376601	0	0.7102513	1.966642	0.04649369	0.9535063	92.60669
830	8.44004	-21.025	29.4651	0.801151	0.198849	6.403449	0.224355	0.20251	0.200647	0.117595	0.0707805	0.0436188	0.0384061	0	2.41066	1.731496	0.1988489	0.8011511	53.88853
840	7.32656	-21.4847	28.8112	0.332232	0.667768	4.916969	0.228428	0.20247	0.200645	0.11852	0.0709816	0.0435838	0.0381215	0	3.064494	1.348196	0.6677683	0.3322317	22.29439
850	6.25925	-21.7885	28.0477	0.451312	0.548688	1.064317	0.228428	0.206082	0.196782	0.116561	0.07056	0.043315	0.0376408	0	3.828018	1.638973	0.5486884	0.4513116	43.54846
860	7.78717	-21.9985	29.7856	0.714256	0.285744	8.972411	0.22886	0.204973	0.197815	0.11448	0.0706842	0.0439375	0.0383515	0	2.090116	1.901864	0.2857438	0.7142562	79.77455
870	6.89758	-19.3174	26.215	0.494939	0.505061	3.757674	0.228263	0.207546	0.20357	0.112623	0.0697266	0.0435595	0.0384276	0	5.660709	1.821049	0.5050613	0.4949387	66.22919
880	7.84108	-20.8769	28.718	0.0390186	0.960981	7.975964	0.227426	0.201978	0.206077	0.113438	0.0686881	0.0448258	0.0391666	0	3.157735	1.966972	0.9609814	0.03901858	92.67696
890	7.18811	-19.33	26.5182	0.00402361	0.995976	4.334562	0.225061	0.207283	0.206479	0.116523	0.0688279	0.045256	0.0390711	0	5.357585	1.820727	0.9959764	0.004023606	66.18
900	8.63737	-20.4811	29.1185	0.214657	0.785343	5.655478	0.229186	0.211948	0.205501	0.115989	0.0688513	0.0439441	0.0375118	0	2.75723	1.998558	0.7853426	0.2146574	99.66846
910	7.7028	-21.0937	28.7965	0.711701	0.288299	3.671276	0.228504	0.211611	0.199877	0.115659	0.0688257	0.0446371	0.0376904	0	3.079201	1.438162	0.2882988	0.7117012	27.42597
920	6.05589	-21.4544	27.5103	0.940263	0.0597373	6.053862	0.229317	0.2058	0.200421	0.116461	0.0697459	0.0433849	0.0376567	0	4.365439	1.2806	0.05973731	0.9402627	19.08095
930	7.12379	-20.8053	27.9291	0.88606	0.11394	2.672652	0.226954	0.202964	0.199359	0.117726	0.0703853	0.0450744	0.0380603	0	3.946601	1.370101	0.1139399	0.8860601	23.44774
940	4.05949	-22.8502	26.9097	0.854093	0.145907	1.855383	0.223402	0.206257	0.20539	0.118413	0.0704689	0.0441335	0.0386904	0	4.966024	0.8691538	0.1459072	0.8540928	7.398672
950	4.33462	-26.3275	30.6621	0.392387	0.607613	3.913253	0.220261	0.207001	0.198635	0.113553	0.071013	0.0446316	0.0387884	0	1.213649	1.237912	0.6076127	0.3923873	17.29465
960	7.23715	-21.2649	28.502	0.163406	0.836594	6.214446	0.223843	0.211999	0.20476	0.113426	0.0708331	0.0440169	0.0382176	0	3.373711	1.42052	0.8365938	0.1634062	26.33417
970	7.91989	-22.8194	30.7393	0.529352	0.470648	7.687807	0.229197	0.20879	0.202257	0.113553	0.0694563	0.0435857	0.037821	0	1.136471	1.986514	0.4706478	0.5293522	96.9424
980	7.57465	-22.6347	30.2094	0.798875	0.201125	9.463939	0.223975	0.205172	0.2056	0.113715	0.069799	0.0434769	0.0375595	0	1.666364	1.947508	0.2011253	0.7988747	88.61512
990	7.39652	-21.3364	28.7329	0.675249	0.324751	6.219271	0.225361	0.210857	0.201684	0.115931	0.0705322	0.043597	0.0378192	0	3.142829	1.44472	0.3247513	0.6752487	27.84328
1000	5.80965	-20.5099	26.3196	0.742558	0.257442	2.007456	0.228172	0.209833	0.198442	0.116632	0.0706861	0.0442695	0.0384715	0	5.556155	1.190822	0.2574415	0.7425585	15.5175
1010	5.61086	-24.4342	30.0451	0.108852	0.891148	1.221292	0.228943	0.209892	0.200888	0.117411	0.0709455	0.0442136	0.0389326	0	1.830629	1.732253	0.8911483	0.1088517	53.98245
1020	7.46952	-21.7475	29.217	0.454605	0.545395	2.461301	0.226539	0.202398	0.204765	0.11825	0.0693561	0.0437959	0.0382408	0	2.658736	1.976792	0.5453953	0.4546047	94.7964
1030	7.87952	-19.6772	27.5567	0.887695	0.112305	5.437493	0.225829	0.203255	0.204994	0.118348	0.0703766	0.0452963	0.0385798	0	4.319055	1.8365	0.1123052	0.8876948	68.62771
1040	8.20631	-22.0267	30.2331	0.636014	0.363986	4.638218	0.229668	0.204976	0.205836	0.117178	0.0708221	0.0446173	0.0392016	0	1.64268	1.883333	0.3639857	0.6360143	76.44221
1050	7.73717	-20.3944	28.1316	0.729728	0.270272	6.367316	0.227947	0.207026	0.206405	0.117137	0.0685853	0.0434391	0.0392064	0	3.74417	1.594025	0.2702718	0.7297282	39.26679
1060	7.48011	-20.7995	28.2796	0.877856	0.122144	8.109327	0.221479	0.211466	0.206255	0.118067	0.068228	0.0446539	0.0391875	0	3.59616	1.987217	0.1221443	0.8778557	97.09947
1070	7.7702	-22.4465	30.2167	0.0934106	0.906589	6.626029	0.225503	0.211413	0.202778	0.116289	0.0688403	0.0454078	0.0392652	0	1.659041	1.634384	0.9065894	0.09341057	43.09078
1080	8.20089	-21.5204	29.7213	0.640996	0.359004	3.810585	0.222661	0.210851	0.201931	0.117274	0.0685602	0.0454261	0.0387838	0	2.154394	1.97747	0.3590038	0.6409962	94.94457
1090	7.47747	-22.2579	29.7354	0.344469	0.655531	3.253325	0.219862	0.210391	0.202354	0.11358	0.0679686	0.0444299	0.0392416	0	2.140364	1.528108	0.655531	0.344469	33.73715
1100	6.35355	-20.8009	27.1545	0.833755	0.166245	6.012788	0.222364	0.201738	0.199116	0.116201	0.0698037	0.04448	0.0390279	0	4.72128	1.338344	0.1662445	0.8337555	21.79435
1110	8.22398	-20.2679	28.4918	0.486451	0.513549	6.155106	0.2215	0.205886	0.198434	0.118232	0.0704022	0.0437717	0.0382882	0	3.38389	1.72519	0.5135493	0.4864507	53.11168
1120	6.91519	-19.632	26.5472	0.513157	0.486843	6.418514	0.226853	0.204859	0.200553	0.117648	0.0699638	0.0442146	0.0383014	0	5.328539	1.706553	0.4868426	0.5131574	50.88064
1130	4.89494	-21.0596	25.9546	0.4812	0.5188	9.373678	0.222943	0.21072	0.201146	0.117404	0.0705722	0.0444605	0.0376272	0	5.92117	1.741329	0.5187995	0.4812005	55.12248
1140	8.54356	-21.5299	30.0735	0.951762	0.0482383	6.058117	0.221665	0.203029	0.199632	0.118209	0.0710656	0.0434572	0.0392263	0	1.802249	1.862986	0.04823833	0.9517617	72.94348
1150	7.79737	-21.5458	29.3432	0.122485	0.877515	2.997829	0.224468	0.206045	0.203456	0.114187	0.0709037	0.0432707	0.0381374	0	2.532573	1.825108	0.8775151	0.1224849	66.85108
1160	8.05424	-21.474	29.5282	0.732023	0.267977	3.92125	0.229792	0.205168	0.206045	0.115692	0.0684126	0.0443639	0.0375475	0	2.347498	1.619031	0.2679768	0.7320232	41.59402
1170	7.50242	-20.7733	28.2758	0.339068	0.660932	8.113786	0.223584	0.211576	0.206336	0.118447	0.0687995	0.044227	0.0377342	0	3.599968	1.99651	0.6609316	0.3390684	99.19968
1180	7.50876	-21.8154	29.3242	0.928791	0.0712087	6.847783	0.220384	0.210858	0.201939	0.116105	0.070635	0.0452027	0.0382647	0	2.551557	1.510449	0.07120874	0.9287913	32.39284
1190	7.62028	-21.9751	29.5954	0.71333	0.28667	3.070254	0.224284	0.211942	0.202841	0.117733	0.0695258	0.0450355	0.0382641	0	2.280375	1.611846	0.2866701	0.7133299	40.91158
1200	8.02437	-20.3646	28.3889	0.701163	0.298837	7.052372	0.223635	0.212217	0.202759	0.117158	0.0685239	0.0443671	0.038246	0	3.486799	1.966225	0.2988371	0.7011629	92.51777
1210	8.59178	-21.0618	29.6535	0.17246	0.82754	6.641577	0.220653	0.20741	0.203677	0.115235	0.0708053	0.0436231	0.0381664	0	2.222205	1.87952	0.82754	0.17246	75.77394
1220	6.97185	-19.9934	26.9652	0.247477	0.752523	3.835896	0.225148	0.209439	0.205333	0.113592	0.0697774	0.0437136	0.0389084	0	4.910489	1.370066	0.752523	0.247477	23.44585
1230	6.33677	-19.303	25.6398	0.541392	0.458608	5.980248	0.229482	0.207487	0.202099	0.112808	0.0683305	0.0436089	0.0377689	0	6.235968	1.888815	0.4586084	0.5413916	77.41312
1240	6.50971	-20.5046	27.0144	0.453915	0.546085	7.932504	0.225025	0.210812	0.205135	0.114617	0.0697949	0.0433251	0.0382972	0	4.861385	1.676578	0.5460851	0.4539149	47.48733
1250	7.70572	-22.6143	30.32	0.227943	0.772057	7.144767	0.219739	0.205693	0.202595	0.113894	0.0709044	0.0440565	0.0384625	0	1.55571	1.682873	0.7720568	0.2279432	48.18069
1260	6.0008	-21.5628	27.5636	0.729648	0.270352	4.917164	0.223142	0.208618	0.203089	0.114431	0.0704856	0.0433421	0.0382336	0	4.312177	1.186306	0.2703522	0.7296478	15.35699
1270	5.49367	-19.4101	24.9038	0.752612	0.247388	5.493053	0.218858	0.206205	0.201783	0.117448	0.0680322	0.0433896	0.0381665	0	6.97196	1.441092	0.2473875	0.7526125	27.61166
1280	6.96104	-21.8417	28.8027	0.225464	0.774536	2.152296	0.223903	0.205328	0.200718	0.116498	0.0689854	0.0448905	0.0382685	0	3.073021	1.394587	0.7745361	0.2254639	24.80773
1290	3.21767	-19.4872	22.7048	0.134155	0.865845	1.155123	0.219313	0.207475	0.196749	0.115942	0.0683968	0.0451216	0.0379802	0	9.170888	1.302071	0.8658448	0.1341552	20.04801
1300	8.43152	-21.5275	29.959	0.157203	0.842797	6.329941	0.225583	0.204859	0.199397	0.117929	0.0696053	0.0446967	0.0374703	0	1.916719	1.762245	0.8427966	0.1572034	57.84227
1310	5.62082	-21.4952	27.116	0.276735	0.723265	0.7095561	0.222527	0.205271	0.199007	0.117474	0.0710025	0.0446921	0.0375313	0	4.759689	1.350102	0.7232649	0.2767351	22.39249
1320	5.19998	-24.1522	29.3521	0.860238	0.139762	0.3269189	0.229765	0.203533	0.19978	0.116275	0.0700852	0.0447626	0.0382195	0	2.523605	1.867043	0.1397624	0.8602376	73.62793
1330	5.39947	-21.888	27.2874	0.294513	0.705487	0.338447	0.22259	0.204684	0.20161	0.114542	0.0679773	0.0441299	0.0382127	0	4.588312	1.762628	0.705487	0.294513	57.89328
1340	2.66389	-28.2971	30.961	0.0532215	0.946778	0.920563	0.224599	0.20326	0.20085	0.114515	0.0677012	0.0445285	0.0391447	0	0.9147174	1.963931	0.9467785	0.05322151	92.03029
1350	5.11495	-19.1893	24.3043	0.648266	0.351734	2.749446	0.221722	0.210257	0.201465	0.113862	0.0692232	0.0448492	0.0392549	0	7.57144	1.395712	0.3517342	0.6482658	24.8721
1360	6.77569	-24.0856	30.8613	0.398968	0.601032	8.611441	0.221622	0.208139	0.201428	0.115964	0.0687974	0.0443496	0.0385047	0	1.014424	1.812182	0.6010321	0.3989679	64.89058
1370	7.22076	-19.7396	26.9604	0.910158	0.0898422	3.639899	0.221947	0.204925	0.204245	0.114441	0.0676495	0.044367	0.039409	0	4.915364	1.518697	0.08984225	0.9101578	33.01389
1380	7.4384	-20.5714	28.0098	0.470991	0.529009	7.793013	0.220219	0.205694	0.203984	0.115879	0.0684467	0.0446056	0.0390905	0	3.865955	1.991463	0.5290089	0.4709911	98.05351
1390	6.28018	-21.9012	28.1814	0.702097	0.297903	1.054902	0.220216	0.209183	0.20339	0.117401	0.0688756	0.0449547	0.0391343	0	3.694316	1.916323	0.2979026	0.7020974	82.47511
1400	8.23163	-20.1042	28.3358	0.902857	0.0971434	4.249978	0.22046	0.206698	0.20654	0.115956	0.0696004	0.0445529	0.0388596	0	3.5399	1.990137	0.09714343	0.9028566	97.75461
1410	7.22473	-20.904	28.1287	0.814012	0.185988	2.261993	0.219056	0.212134	0.204778	0.117153	0.0708359	0.0438598	0.0390132	0	3.747055	1.669716	0.1859884	0.8140116	46.74294
1420	8.13983	-19.8469	27.9868	0.737606	0.262394	5.101393	0.221253	0.210737	0.199567	0.11649	0.0693257	0.0441573	0.0391896	0	3.888986	1.862964	0.2623941	0.7376059	72.93973
1430	8.5612	-21.0561	29.6174	0.879981	0.120019	6.974119	0.220367	0.210292	0.20464	0.11627	0.0690534	0.0441633	0.0387067	0	2.258384	1.942184	0.1200186	0.8799814	87.5355
1440	8.45277	-20.703	29.1557	0.358541	0.641459	6.889918	0.219386	0.211096	0.202909	0.116741	0.0682988	0.0438543	0.038469	0	2.72001	1.980533	0.6414595	0.3585405	95.61659
1450	6.70163	-21.6875	28.3891	0.253002	0.746998	3.283357	0.220796	0.208495	0.200094	0.115916	0.0678737	0.0447477	0.0380814	0	3.486601	1.208533	0.7469976	0.2530024	16.16341
1460	7.57445	-21.052	28.6265	0.423745	0.576255	2.622985	0.221033	0.211305	0.20192	0.115551	0.0687683	0.0437618	0.0375047	0	3.249261	1.78449	0.5762554	0.4237446	60.8822
1470	8.2844	-20.1703	28.4547	0.833836	0.166164	6.279003	0.224986	0.211812	0.201059	0.11666	0.0682355	0.0439529	0.0374921	0	3.421009	1.895487	0.166164	0.833836	78.61174
1480	7.86197	-21.2748	29.1368	0.886233	0.113767	8.162224	0.22372	0.211484	0.201161	0.118016	0.0700247	0.0440801	0.0376298	0	2.738925	1.780505	0.1137674	0.8862326	60.3261
1490	3.90496	-26.8524	30.7573	0.443904	0.556096	12.20264	0.222854	0.208431	0.198328	0.117504	0.0695434	0.043273	0.0375342	0	1.118399	1.765107	0.5560957	0.4439043	58.22468
1500	7.32188	-19.521	26.8428	0.789971	0.210029	5.889952	0.22536	0.204474	0.198564	0.117515	0.0689109	0.0447613	0.0374916	0	5.032905	1.863596	0.2100294	0.7899706	73.04591
1510	8.32257	-20.9405	29.263	0.329834	0.670166	4.550934	0.21897	0.209212	0.199119	0.114603	0.0688379	0.0440851	0.0384414	0	2.612715	1.652534	0.6701659	0.3298341	44.92971
1520	7.80521	-19.8357	27.6409	0.969789	0.0302111	3.836123	0.220426	0.203174	0.198546	0.112671	0.0676283	0.0434156	0.0380105	0	4.234823	1.976504	0.0302111	0.9697889	94.73351
1530	5.0763	-20.5772	25.6535	0.712747	0.287253	5.421363	0.224453	0.203308	0.202665	0.112699	0.0677961	0.0433516	0.0375375	0	6.222207	1.232611	0.2872528	0.7127472	17.08485
1540	7.79435	-22.5697	30.3641	0.482147	0.517853	4.632704	0.226629	0.202135	0.197445	0.114713	0.0679501	0.0434185	0.0377715	0	1.511673	1.718235	0.5178531	0.4821469	52.26787
1550	5.37883	-19.8655	25.2444	0.714221	0.285779	1.854525	0.227001	0.203427	0.196839	0.112859	0.068808	0.0435605	0.037888	0	6.631381	1.319095	0.2857787	0.7142213	20.84948
1560	7.34989	-23.2351	30.585	0.362484	0.637516	5.312578	0.229262	0.210687	0.199581	0.112737	0.0701545	0.0439358	0.0385633	0	1.290783	1.650396	0.6375161	0.3624839	44.70907
1570	7.08405	-21.1758	28.2598	0.179588	0.820412	8.245648	0.227005	0.208134	0.205669	0.112628	0.0700825	0.0435011	0.038871	0	3.61591	1.667916	0.8204121	0.1795879	46.54956
1580	6.31816	-23.0934	29.4116	0.228794	0.771206	7.951213	0.222578	0.211923	0.202791	0.115799	0.0692669	0.043946	0.0381726	0	2.464163	1.446775	0.7712057	0.2287943	27.97533
1590	4.40798	-20.689	25.097	0.81865	0.18135	8.901982	0.223283	0.209111	0.199493	0.115677	0.0692576	0.043755	0.0376974	0	6.778759	1.962734	0.1813503	0.8186497	91.77697
1600	6.51981	-22.577	29.0968	0.909572	0.0904275	10.66832	0.227583	0.204029	0.196449	0.116359	0.0705606	0.0449168	0.0377148	0	2.778963	1.918844	0.0904275	0.9095725	82.95524
1610	6.41919	-22.1171	28.5363	0.129711	0.870289	1.527423	0.222586	0.209058	0.204164	0.118269	0.0682669	0.0448119	0.0379263	0	3.339414	1.316775	0.870289	0.129711	20.73837
1620	8.42227	-20.9294	29.3517	0.722867	0.277133	4.213125	0.230239	0.210442	0.20236	0.115028	0.0679955	0.0447035	0.0391384	0	2.524085	1.89277	0.2771334	0.7228666	78.12139
1630	7.4899	-19.5719	27.0618	0.474957	0.525043	5.059292	0.227816	0.205656	0.206696	0.115512	0.0679321	0.0454746	0.0383828	0	4.813898	1.629121	0.5250431	0.4749569	42.57171
1640	8.35333	-21.7573	30.1106	0.270801	0.729199	7.616906	0.227466	0.209492	0.20162	0.114099	0.0678175	0.0446917	0.0393135	0	1.765119	1.92756	0.7291992	0.2708008	84.63696
1650	0.175639	-29.2174	29.3931	0.732774	0.267226	11.08682	0.229148	0.206792	0.196533	0.113901	0.0687663	0.0447559	0.0378784	0	2.48268	1.217116	0.2672261	0.7327739	16.48602
1660	5.57412	-25.0789	30.653	0.498322	0.501678	9.949024	0.223029	0.206088	0.200006	0.113572	0.0681398	0.0453464	0.0375243	0	1.222761	1.690633	0.5016783	0.4983217	49.04929
1670	8.11767	-21.368	29.4857	0.183456	0.816544	7.830733	0.220784	0.204664	0.196902	0.117162	0.06928	0.0453085	0.037823	0	2.390047	1.782164	0.8165444	0.1834556	60.55695
1680	6.91621	-20.6962	27.6124	0.285765	0.714235	6.101056	0.220533	0.205182	0.198133	0.116345	0.068772	0.0454254	0.038406	0	4.26335	1.405611	0.7142352	0.2857648	25.4455
1690	8.57091	-20.7936	29.3645	0.436762	0.563238	6.284448	0.224677	0.211789	0.202495	0.112819	0.068908	0.0448034	0.0381161	0	2.511238	1.80638	0.5632384	0.4367616	64.02951
1700	8.67343	-20.5904	29.2638	0.344329	0.655671	5.375854	0.219642	0.204668	0.197607	0.11647	0.0698965	0.0452602	0.0379505	0	2.611904	1.9979	0.6556709	0.3443291	99.51757
1710	7.72009	-19.6386	27.3586	0.124212	0.875788	5.690157	0.223076	0.205861	0.203022	0.114147	0.0682042	0.0452164	0.0380031	0	4.517092	1.864342	0.8757881	0.1242119	73.1715
1720	5.44707	-21.7533	27.2004	0.987813	0.0121874	10.14156	0.223481	0.204725	0.203675	0.115859	0.0684552	0.0442633	0.0391579	0	4.675335	1.904148	0.01218739	0.9878126	80.1951
1730	7.54124	-19.5641	27.1053	0.129997	0.870003	4.02228	0.222529	0.202804	0.202037	0.115359	0.0683161	0.044567	0.0390341	0	4.770401	1.948638	0.8700035	0.1299965	88.84603
1740	6.28529	-22.4378	28.7231	0.8485	0.1515	7.592939	0.226572	0.204549	0.198589	0.114534	0.0680115	0.0444251	0.0380775	0	3.152609	1.408913	0.1515	0.8485	25.6397
1750	7.85168	-21.0506	28.9023	0.601166	0.398834	8.187417	0.227118	0.208811	0.200252	0.116414	0.0703317	0.0443108	0.0388034	0	2.973414	1.873354	0.3988341	0.6011659	74.70573
1760	7.16158	-20.6137	27.7753	0.0305075	0.969492	2.29815	0.224876	0.206927	0.203772	0.116803	0.069539	0.0447967	0.0382786	0	4.100481	1.823375	0.9694925	0.03050754	66.58472
1770	6.59476	-19.1008	25.6955	0.527744	0.472256	4.395775	0.22071	0.210689	0.201196	0.115405	0.0704501	0.0443701	0.0388032	0	6.180199	1.859161	0.4722558	0.5277442	72.30371
1780	8.64909	-20.6713	29.3204	0.467748	0.532252	5.128666	0.220974	0.211326	0.196524	0.118116	0.0692145	0.0436547	0.0393576	0	2.555347	1.999555	0.532252	0.467748	99.89756
1790	7.48972	-20.7986	28.2883	0.974248	0.0257521	2.718873	0.219684	0.203804	0.199098	0.116672	0.0676018	0.0446246	0.0389945	0	3.587449	1.569358	0.02575212	0.9742479	37.09862
1800	6.72965	-23.8893	30.6189	0.95422	0.0457799	5.255704	0.222495	0.202667	0.201024	0.11526	0.0682184	0.045171	0.0389467	0	1.256833	1.539571	0.04577988	0.9542201	34.63942
1810	7.84589	-21.0493	28.8951	0.702418	0.297582	8.142845	0.225018	0.206581	0.201176	0.114382	0.0684866	0.0436125	0.0392867	0	2.980595	1.924269	0.2975824	0.7024176	83.99797
1820	7.05195	-21.3121	28.364	0.682679	0.317321	7.413726	0.22197	0.207293	0.202927	0.116077	0.0680578	0.0439342	0.0390208	0	3.511725	1.52164	0.3173212	0.6826788	33.23842
1830	7.45448	-22.2795	29.734	0.113854	0.886146	5.302761	0.219508	0.20376	0.198838	0.116594	0.0695571	0.0441822	0.038781	0	2.141754	1.435979	0.8861464	0.1138536	27.28844
1840	7.58215	-22.7926	30.3748	0.148949	0.851051	4.489033	0.224129	0.201651	0.202076	0.112942	0.0687989	0.0440311	0.0387247	0	1.500957	1.657223	0.8510505	0.1489495	45.41749
1850	7.7307	-21.529	29.2597	0.153384	0.846616	5.431252	0.229456	0.206122	0.200786	0.117373	0.0687861	0.0433795	0.0393818	0	2.616076	1.458748	0.8466158	0.1533842	28.75731
1860	8.24534	-20.9039	29.1493	0.517094	0.482906	7.097271	0.22427	0.209846	0.201793	0.118468	0.0679957	0.0447243	0.0390034	0	2.726486	1.752721	0.4829063	0.5170937	56.58759
1870	7.80448	-21.1576	28.9621	0.497247	0.502753	3.985619	0.229031	0.202449	0.204288	0.117651	0.0675977	0.0433068	0.0386434	0	2.913619	1.458715	0.5027528	0.4972472	28.75509
1880	6.85836	-19.3896	26.2479	0.496415	0.503585	3.47682	0.221038	0.204386	0.202306	0.11774	0.0694233	0.043508	0.0391448	0	5.627812	1.839627	0.503585	0.496415	69.12369
1890	7.90265	-19.9811	27.8838	0.272272	0.727728	3.76181	0.219408	0.201744	0.197998	0.116832	0.0700422	0.0445095	0.0377336	0	3.991935	1.943705	0.7277282	0.2722718	87.84265
1900	7.88859	-20.678	28.5665	0.823503	0.176497	4.603826	0.229423	0.20549	0.20484	0.117041	0.0708889	0.0442731	0.0386836	0	3.309189	1.471601	0.1764975	0.8235025	29.62108
1910	6.48594	-21.1273	27.6132	0.624913	0.375087	9.055475	0.22864	0.209867	0.205272	0.118014	0.0711004	0.0436543	0.0383923	0	4.262541	1.962059	0.3750872	0.6249128	91.6345
1920	6.65185	-20.4207	27.0726	0.818201	0.181799	8.03591	0.224966	0.202995	0.205329	0.11519	0.0679355	0.0435696	0.0387971	0	4.803147	1.863005	0.181799	0.818201	72.94665
1930	8.31974	-22.1379	30.4576	0.80006	0.19994	6.557196	0.220869	0.202608	0.206282	0.117528	0.0684652	0.0440321	0.0388422	0	1.418095	1.917531	0.1999399	0.8000601	82.70483
1940	7.35283	-19.9406	27.2934	0.507428	0.492572	3.068777	0.223308	0.208718	0.201013	0.117762	0.0681928	0.0435539	0.0390672	0	4.582344	1.847137	0.4925723	0.5074277	70.32945
1950	7.35219	-20.5469	27.8991	0.245009	0.754991	2.53925	0.21898	0.209823	0.201594	0.115415	0.0690783	0.0433505	0.0386447	0	3.976676	1.831239	0.7549912	0.2450088	67.80139
1960	6.9859	-19.9574	26.9433	0.288553	0.711447	7.102642	0.21903	0.211475	0.20555	0.116549	0.068818	0.0438322	0.038033	0	4.932463	1.753468	0.7114474	0.2885526	56.68492
1970	7.47883	-19.6415	27.1203	0.465329	0.534671	5.960519	0.219135	0.210645	0.206331	0.114705	0.0702808	0.0438268	0.0379493	0	4.755394	1.993723	0.5346708	0.4653292	98.56516
1980	8.62542	-21.3987	30.0241	0.670335	0.329665	6.607301	0.219805	0.208537	0.202216	0.116204	0.0690925	0.0436055	0.0378217	0	1.851606	1.972419	0.3296652	0.6703348	93.84663
1990	6.61303	-20.5965	27.2095	0.165154	0.834846	7.916708	0.224582	0.20495	0.204257	0.113479	0.0683895	0.0438342	0.0379584	0	4.666202	1.654606	0.8348459	0.1651541	45.14465
2000	5.83349	-22.928	28.7615	0.0438175	0.956182	5.445298	0.227927	0.202809	0.19931	0.117308	0.0681434	0.044018	0.0378472	0	3.114228	1.179804	0.9561825	0.04381751	15.1288
2010	8.27014	-20.3774	28.6476	0.0292258	0.970774	6.755558	0.229167	0.207729	0.206025	0.115184	0.0681722	0.0449617	0.0384831	0	3.228168	1.918969	0.9707742	0.02922578	82.97909
2020	8.17476	-20.7744	28.9491	0.340505	0.659495	7.503809	0.223454	0.21166	0.205444	0.114503	0.0684546	0.044782	0.0388462	0	2.926587	1.957852	0.6594952	0.3405048	90.75115
2030	8.14148	-21.8334	29.9749	0.341166	0.658834	5.126549	0.22658	0.209196	0.202208	0.115394	0.0683491	0.0436061	0.0383821	0	1.900837	1.649091	0.6588344	0.3411656	44.57496
2040	7.75802	-20.7043	28.4623	0.844455	0.155545	7.764318	0.229393	0.212018	0.200051	0.112616	0.0694712	0.0440992	0.0386361	0	3.413398	1.809253	0.1555447	0.8444553	64.45448
2050	6.39935	-21.3045	27.7038	0.468299	0.531701	3.883077	0.226533	0.211274	0.202996	0.116233	0.0709331	0.0440653	0.0386436	0	4.171921	1.179456	0.5317011	0.4682989	15.11666
2060	6.44885	-21.3737	27.8225	0.89739	0.10261	1.540775	0.221375	0.209254	0.202065	0.117584	0.0700357	0.0444029	0.037504	0	4.053203	1.352376	0.10261	0.89739	22.51001
2070	7.76533	-20.9386	28.7039	0.874826	0.125174	8.157349	0.220605	0.209591	0.196586	0.114494	0.0697641	0.0451118	0.0384444	0	3.171827	1.99725	0.1251739	0.8748261	99.36878
2080	4.54645	-25.9841	30.5305	0.260341	0.739659	8.119388	0.224922	0.204836	0.197675	0.116259	0.0699604	0.0443583	0.0384375	0	1.34519	1.394424	0.7396586	0.2603414	24.79842
2090	8.18813	-19.9627	28.1508	0.376585	0.623415	4.524338	0.22281	0.205181	0.198108	0.118454	0.0708965	0.0451752	0.0388054	0	3.724891	1.86179	0.6234152	0.3765848	72.74286
2100	6.02735	-20.1668	26.1942	0.391412	0.608588	1.987632	0.22601	0.207668	0.202377	0.118332	0.0692242	0.0452567	0.0378182	0	5.681539	1.330052	0.6085881	0.3914119	21.3822
2110	7.82832	-22.6854	30.5137	0.622192	0.377808	7.48417	0.229245	0.205943	0.201879	0.117886	0.0710952	0.0454833	0.0391185	0	1.362035	1.787977	0.3778078	0.6221922	61.37292
2120	8.51793	-21.5634	30.0813	0.0566968	0.943303	6.494312	0.226477	0.210605	0.205574	0.115776	0.0698961	0.0437769	0.0390332	0	1.794446	1.873218	0.9433032	0.05669678	74.68234
2130	8.4811	-20.3488	28.8299	0.603361	0.396639	5.32884	0.219013	0.21019	0.205905	0.112984	0.0708473	0.0434796	0.0388501	0	3.045818	1.790894	0.3966386	0.6033614	61.7865
2140	8.60091	-21.1203	29.7212	0.364969	0.635031	5.256333	0.219944	0.210803	0.201244	0.115032	0.0708853	0.0452551	0.0390329	0	2.15455	1.836424	0.6350306	0.3649694	68.61571
2150	5.95625	-19.1652	25.1215	0.959271	0.0407294	5.87732	0.219299	0.206319	0.204479	0.115509	0.0690667	0.0453249	0.0383508	0	6.754277	1.799928	0.04072942	0.9592706	63.08529
2160	6.60725	-21.7612	28.3684	0.700322	0.299678	1.628605	0.221671	0.209945	0.203883	0.115744	0.069396	0.0447274	0.0389035	0	3.50733	1.374648	0.299678	0.700322	23.6945
2170	5.40229	-19.8826	25.2849	0.111656	0.888344	4.841597	0.220691	0.2018	0.204368	0.11768	0.0701964	0.0446572	0.0387182	0	6.590831	1.268572	0.8883435	0.1116565	18.55974
2180	7.45477	-19.4281	26.8828	0.669191	0.330809	4.449644	0.222225	0.206077	0.201546	0.116582	0.0681842	0.0449318	0.0388123	0	4.992897	1.975523	0.3308095	0.6691905	94.5199
2190	8.15829	-21.4954	29.6537	0.0175765	0.982424	8.248242	0.219593	0.206794	0.206078	0.115244	0.0679427	0.0446256	0.0381421	0	2.222031	1.941838	0.9824235	0.01757646	87.46584
2200	7.79798	-21.4667	29.2647	0.318857	0.681143	7.76963	0.219337	0.204527	0.206167	0.114605	0.0695003	0.0444648	0.0375844	0	2.61106	1.678872	0.6811434	0.3188566	47.73884
2210	8.15512	-19.9594	28.1145	0.29117	0.70883	5.421146	0.227948	0.208823	0.205715	0.115329	0.0691369	0.0452653	0.0381153	0	3.761205	1.724286	0.7088299	0.2911701	53.00129
2220	4.05067	-26.5423	30.5929	0.908161	0.0918388	3.957789	0.222899	0.204222	0.205548	0.116803	0.0692052	0.0443442	0.0377	0	1.282789	1.197393	0.09183882	0.9081612	15.75408
2230	7.84846	-20.8803	28.7288	0.238829	0.761171	5.329839	0.222746	0.205575	0.197676	0.116831	0.0693527	0.0433046	0.038224	0	3.146967	1.481489	0.7611706	0.2388294	30.30321
2240	8.05978	-20.5036	28.5634	0.251936	0.748064	3.876974	0.221492	0.208485	0.201427	0.113344	0.0706588	0.0434671	0.0384463	0	3.312311	1.625661	0.7480641	0.2519359	42.23393
2250	8.45231	-20.5122	28.9645	0.127064	0.872936	6.047261	0.226077	0.207868	0.204341	0.112763	0.0692488	0.0436276	0.0387385	0	2.91124	1.770807	0.8729356	0.1270644	58.99393
2260	7.3337	-21.3102	28.6439	0.938883	0.0611173	2.267443	0.2295	0.206863	0.202888	0.114841	0.0710356	0.0443922	0.037482	0	3.231843	1.770539	0.06111731	0.9388827	58.9575
2270	8.55888	-20.4921	29.051	0.25495	0.74505	6.308143	0.224959	0.206655	0.200419	0.117674	0.0708584	0.0445612	0.0374884	0	2.824712	1.938302	0.7450505	0.2549495	86.75645
2280	5.9046	-20.321	26.2256	0.0618177	0.938182	1.487966	0.224827	0.20579	0.198219	0.117672	0.0707704	0.0452184	0.037741	0	5.650146	1.932208	0.9381823	0.06181768	85.5477
2290	5.72887	-21.6218	27.3507	0.920614	0.0793859	9.940831	0.227613	0.207143	0.196486	0.118303	0.068261	0.0447986	0.0379601	0	4.525075	1.997226	0.07938593	0.9206141	99.3633
2300	7.34794	-19.7368	27.0847	0.715517	0.284483	3.363454	0.226549	0.206625	0.200926	0.116235	0.0684082	0.0447711	0.0379386	0	4.791016	1.817117	0.2844828	0.7155172	65.63217
2310	5.68783	-24.0636	29.7514	0.513815	0.486185	5.991843	0.223816	0.207626	0.198588	0.117567	0.0685644	0.044603	0.0384622	0	2.124343	1.252244	0.4861854	0.5138146	17.87491
2320	7.10899	-19.4815	26.5905	0.153086	0.846914	5.704003	0.225686	0.207188	0.19659	0.114566	0.0706819	0.0448118	0.0388767	0	5.285278	1.670551	0.8469137	0.1530863	46.83285
2330	8.57247	-20.8376	29.41	0.90774	0.0922596	4.777415	0.222609	0.20377	0.200951	0.112782	0.0699705	0.044672	0.0386258	0	2.465692	1.873343	0.09225957	0.9077404	74.70379
2340	6.34551	-21.6037	27.9492	0.642015	0.357985	1.167109	0.224521	0.210341	0.199809	0.115364	0.0682738	0.0446349	0.0389319	0	3.926577	1.769701	0.3579853	0.6420147	58.84382
2350	7.65535	-21.3055	28.9609	0.0989978	0.901002	2.751795	0.228125	0.207079	0.200555	0.116964	0.068279	0.0454646	0.0377382	0	2.914866	1.726885	0.9010022	0.09899776	53.31939
2360	4.92914	-23.3266	28.2558	0.21043	0.78957	2.704722	0.219369	0.211832	0.199878	0.113991	0.0677688	0.0445897	0.037543	0	3.619985	0.9648538	0.7895696	0.2104304	9.22261
2370	7.24513	-21.8011	29.0463	0.986496	0.0135035	2.146775	0.219277	0.202688	0.199739	0.114552	0.0682102	0.0450861	0.0383926	0	2.829459	1.91988	0.01350353	0.9864965	83.15336
2380	8.22228	-20.559	28.7813	0.0103783	0.989622	5.096925	0.221432	0.205474	0.198515	0.114309	0.0682821	0.0453574	0.038977	0	3.094458	1.593288	0.9896217	0.01037831	39.2002
2390	8.45557	-20.6242	29.0798	0.901534	0.0984656	6.48931	0.225048	0.207283	0.198286	0.112733	0.0678233	0.0443921	0.0384473	0	2.795958	1.798872	0.09846557	0.9015344	62.93205
2400	8.10294	-21.8767	29.9796	0.478776	0.521224	4.350367	0.219891	0.202384	0.204694	0.117209	0.0696042	0.0437782	0.0382938	0	1.896095	1.707372	0.5212237	0.4787763	50.97675
2410	7.2523	-19.6697	26.922	0.414039	0.585961	5.027725	0.219755	0.205537	0.206326	0.118247	0.0708021	0.0440469	0.0378983	0	4.953779	1.522517	0.5859614	0.4140386	33.3056
2420	7.05731	-21.3262	28.3835	0.863895	0.136105	9.141926	0.223093	0.211577	0.202342	0.117608	0.0702932	0.0448806	0.038795	0	3.492263	1.912275	0.1361052	0.8638948	81.70992
2430	4.83762	-18.7194	23.557	0.0474855	0.952514	4.343021	0.226694	0.211753	0.204463	0.116917	0.069201	0.0448756	0.038831	0	8.318703	1.658721	0.9525145	0.04748551	45.5744
2440	6.0993	-19.0295	25.1288	0.952047	0.047953	5.146792	0.219624	0.205307	0.203091	0.11846	0.0679952	0.0448324	0.0385539	0	6.746922	1.918445	0.04795299	0.952047	82.87909
2450	8.18824	-20.923	29.1112	0.74316	0.25684	3.770209	0.219634	0.202082	0.197797	0.115575	0.0681464	0.0454999	0.0378212	0	2.764518	1.728771	0.2568402	0.7431598	53.55139
2460	8.34835	-21.5355	29.8839	0.753931	0.246069	4.645963	0.225229	0.206588	0.198245	0.115341	0.0706981	0.0454971	0.0382334	0	1.991848	1.760339	0.2460695	0.7539305	57.58897
2470	6.73167	-21.7066	28.4383	0.63673	0.36327	1.944601	0.227387	0.209449	0.19872	0.11777	0.0705889	0.0439257	0.0387525	0	3.437472	1.329647	0.3632705	0.6367295	21.36225
2480	6.32189	-23.9599	30.2818	0.300447	0.699553	6.911738	0.228046	0.212042	0.198676	0.11613	0.0702076	0.0443343	0.0387915	0	1.593952	1.443242	0.6995532	0.3004468	27.74865
2490	4.24236	-18.9913	23.2336	0.582962	0.417038	5.927657	0.229869	0.211789	0.198884	0.113689	0.0704987	0.0436709	0.0384139	0	8.642091	1.61267	0.4170381	0.5829619	40.98926
2500	7.0371	-23.7476	30.7847	0.74329	0.25671	7.210613	0.223425	0.208759	0.205347	0.113225	0.0706259	0.0439253	0.0380307	0	1.091037	1.723203	0.2567096	0.7432904	52.86921
2510	8.02328	-19.8832	27.9065	0.874301	0.125699	4.503835	0.21997	0.205314	0.20287	0.117247	0.0691071	0.0443514	0.0381723	0	3.969251	1.724701	0.1256986	0.8743014	53.05192
2520	8.41965	-21.3556	29.7753	0.486612	0.513388	5.206966	0.221508	0.204453	0.197287	0.114719	0.0708635	0.043835	0.0389058	0	2.100481	1.716115	0.5133881	0.4866119	52.01332
2530	5.23325	-22.5539	27.7871	0.878138	0.121862	7.434755	0.220618	0.208771	0.196534	0.115755	0.0696223	0.0443238	0.0394308	0	4.088598	1.29079	0.1218619	0.8781381	19.53394
2540	8.33766	-21.2129	29.5506	0.755237	0.244763	4.041165	0.220392	0.207791	0.198657	0.115625	0.0695046	0.0444202	0.038491	0	2.325168	1.906454	0.2447625	0.7552375	80.62216
2550	7.52141	-22.628	30.1494	0.61225	0.38775	3.724907	0.225962	0.210045	0.205551	0.117022	0.0678578	0.0452331	0.0387083	0	1.726375	1.619718	0.3877502	0.6122498	41.65987
2560	8.62253	-21.2847	29.9072	0.691717	0.308283	5.363425	0.22946	0.206994	0.206247	0.11537	0.0697857	0.0448549	0.0383691	0	1.968558	1.919498	0.3082833	0.6917167	83.08023
2570	8.64823	-21.077	29.7252	0.553084	0.446916	5.289165	0.228541	0.203545	0.197673	0.116981	0.0689646	0.0446722	0.0375927	0	2.150503	1.903206	0.4469163	0.5530837	80.02138
2580	6.25485	-21.9935	28.2483	0.579582	0.420418	6.046869	0.229083	0.20277	0.205532	0.113414	0.0687396	0.0440976	0.0383362	0	3.627397	1.276751	0.4204183	0.5795817	18.91258
2590	8.59003	-20.5361	29.1261	0.0174267	0.982573	5.903572	0.223986	0.206895	0.200895	0.116308	0.0690337	0.0437221	0.0392909	0	2.749621	1.897404	0.9825733	0.01742669	78.95943
2600	7.48412	-22.5297	30.0139	0.550335	0.449665	3.867071	0.221245	0.202667	0.200147	0.113141	0.0693116	0.0454867	0.0381485	0	1.861879	1.525181	0.4496652	0.5503348	33.51052
2610	7.13794	-19.3695	26.5074	0.00580905	0.994191	4.282812	0.229216	0.205766	0.206307	0.118208	0.0689329	0.0451979	0.0378991	0	5.36832	1.663552	0.994191	0.005809049	46.08423
2620	4.02637	-18.6094	22.6358	0.413973	0.586027	3.866988	0.226174	0.20382	0.202446	0.114818	0.0709312	0.0450289	0.0379002	0	9.239963	1.565544	0.5860266	0.4139734	36.77427
2630	6.25461	-20.0602	26.3148	0.295234	0.704766	6.504793	0.222051	0.203167	0.196924	0.112658	0.0704941	0.0441604	0.0382279	0	5.560966	1.481262	0.7047661	0.2952339	30.28738
2640	7.41865	-21.3628	28.7815	0.283829	0.716171	2.385576	0.220237	0.202847	0.198834	0.113412	0.0699744	0.0438052	0.0381227	0	3.094248	1.751439	0.716171	0.283829	56.42074
2650	8.2718	-21.8906	30.1624	0.947489	0.0525109	6.335613	0.227385	0.204392	0.199265	0.114465	0.068704	0.04406	0.0376784	0	1.713361	1.749911	0.05251093	0.9474891	56.22256
2660	8.59693	-20.9523	29.5492	0.665608	0.334392	4.854897	0.220856	0.210198	0.202225	0.117159	0.0694454	0.045119	0.0374672	0	2.326509	1.900727	0.3343916	0.6656084	79.56594
2670	7.75175	-21.0064	28.7582	0.768351	0.231649	3.072303	0.222936	0.208689	0.201898	0.116274	0.0707597	0.0449471	0.0381679	0	3.117575	1.583551	0.2316485	0.7683515	38.33112
2680	1.52276	-22.1848	23.7076	0.522198	0.477802	11.11295	0.22137	0.205568	0.19646	0.115538	0.0694474	0.0436599	0.0390957	0	8.168166	1.921168	0.477802	0.522198	83.40028
2690	7.31352	-21.7392	29.0527	0.906554	0.0934457	3.022547	0.220021	0.211724	0.203275	0.116955	0.0705542	0.0444514	0.0394307	0	2.823059	1.377725	0.09344573	0.9065543	23.86299
2700	7.77187	-19.9097	27.6816	0.290413	0.709587	5.094791	0.220161	0.207883	0.202372	0.117502	0.0702793	0.0437393	0.0387956	0	4.194163	1.579475	0.7095873	0.2904127	37.973
2710	6.74103	-19.1849	25.9259	0.368156	0.631844	4.47058	0.222113	0.204733	0.203058	0.113348	0.0681348	0.0446284	0.0378844	0	5.949856	1.679324	0.6318435	0.3681565	47.78856
2720	8.14596	-21.7203	29.8663	0.291764	0.708236	5.058668	0.220737	0.205363	0.20542	0.115679	0.0683724	0.0434047	0.0381289	0	2.009442	1.627659	0.708236	0.291764	42.42867
2730	7.99372	-20.1832	28.1769	0.0696778	0.930322	4.696328	0.226325	0.205965	0.199589	0.115305	0.068713	0.0435934	0.0387783	0	3.698806	1.575849	0.9303222	0.06967776	37.65729
2740	8.22999	-20.23	28.46	0.586945	0.413055	6.488622	0.219977	0.209471	0.203025	0.112708	0.0701156	0.043858	0.0378425	0	3.415769	1.979847	0.4130553	0.5869447	95.46567
2750	7.16866	-21.2141	28.3827	0.0982388	0.901761	7.218395	0.229519	0.206707	0.205586	0.116596	0.0708297	0.0440618	0.0381786	0	3.493005	1.512614	0.9017612	0.09823876	32.55473
2760	6.58095	-24.4928	31.0737	0.184809	0.815191	7.070985	0.228025	0.208482	0.201897	0.114735	0.070393	0.0438409	0.0375978	0	0.8020276	1.831768	0.8151906	0.1848094	67.88408
2770	6.75057	-21.2417	27.9923	0.582135	0.417865	4.39478	0.226093	0.2122	0.198971	0.116002	0.0687442	0.0451503	0.0374654	0	3.883471	1.246662	0.4178653	0.5821347	17.64666
2780	5.91117	-19.677	25.5882	0.49888	0.50112	2.161418	0.225495	0.209607	0.197432	0.115435	0.0691534	0.0444631	0.0386696	0	6.287544	1.787655	0.5011204	0.4988796	61.3275
2790	6.82824	-19.6547	26.483	0.470713	0.529287	3.170627	0.225676	0.212199	0.202871	0.116684	0.0689669	0.0439017	0.0390024	0	5.392763	1.523236	0.5292871	0.4707129	33.36073
2800	6.21978	-19.2028	25.4226	0.321332	0.678668	3.632369	0.219772	0.211291	0.205116	0.117039	0.0704578	0.0446223	0.0391361	0	6.453128	1.524855	0.6786678	0.3213322	33.48538
2810	7.27588	-22.1579	29.4338	0.158632	0.841368	4.005651	0.227125	0.206276	0.206327	0.112607	0.0693807	0.0439536	0.0382596	0	2.441985	1.357869	0.841368	0.158632	22.79653
2820	8.19658	-20.5226	28.7192	0.538043	0.461957	6.151045	0.225018	0.210306	0.206745	0.117868	0.0682596	0.0439568	0.0387304	0	3.156532	1.657611	0.4619574	0.5380426	45.45808
2830	7.09442	-19.5587	26.6531	0.766966	0.233034	5.960712	0.222138	0.205914	0.200495	0.112873	0.0682858	0.0439315	0.0380908	0	5.222612	1.677468	0.2330343	0.7669657	47.58478
2840	7.30191	-21.003	28.3049	0.426422	0.573578	3.792768	0.227156	0.204777	0.20666	0.116048	0.0698858	0.043281	0.0389895	0	3.570826	1.328432	0.5735778	0.4264222	21.30256
2850	7.73891	-21.2274	28.9663	0.551866	0.448134	2.812818	0.225054	0.205407	0.205584	0.114467	0.0695535	0.0439129	0.0377749	0	2.909399	1.927196	0.4481338	0.5518662	84.56595
2860	7.7336	-20.7401	28.4737	0.646227	0.353773	7.367972	0.226493	0.203599	0.20637	0.113473	0.0704971	0.0434635	0.0378671	0	3.402069	1.682362	0.3537729	0.6462271	48.12408
2870	7.0441	-20.8455	27.8896	0.303857	0.696143	8.35955	0.227001	0.204621	0.202498	0.113551	0.0681249	0.0435663	0.0382433	0	3.986106	1.775846	0.6961427	0.3038573	59.68237
2880	7.84234	-22.2728	30.1151	0.83986	0.16014	7.159509	0.229558	0.204578	0.197978	0.115298	0.0681216	0.0439048	0.039066	0	1.760612	1.676929	0.1601398	0.8398602	47.52581
2890	8.48275	-21.2342	29.717	0.940796	0.0592043	6.371771	0.223854	0.202563	0.198716	0.113479	0.0695541	0.0435848	0.0384627	0	2.158769	1.764649	0.05920429	0.9407957	58.16336
2900	7.26195	-23.1483	30.4103	0.701824	0.298176	9.05353	0.219637	0.201746	0.197391	0.117629	0.0690182	0.0434728	0.0378985	0	1.465483	1.809863	0.2981764	0.7018236	64.54503
2910	8.17426	-19.9291	28.1034	0.0761997	0.9238	5.66039	0.221998	0.205894	0.204428	0.118408	0.0691463	0.0438326	0.0383898	0	3.772368	1.880148	0.9238003	0.07619969	75.88363
2920	5.40167	-21.2677	26.6694	0.165023	0.834977	0.5733837	0.227262	0.207997	0.20499	0.115311	0.0705692	0.04356	0.0392047	0	5.206325	1.720473	0.8349772	0.1650228	52.53792
2930	5.49698	-22.7331	28.23	0.987944	0.0120556	0.29625	0.227744	0.203296	0.204652	0.118114	0.0707476	0.0434847	0.0385692	0	3.645698	1.87051	0.0120556	0.9879444	74.21807
2940	7.41038	-21.9793	29.3896	0.415538	0.584462	2.452496	0.226668	0.203686	0.205686	0.117386	0.0697561	0.0437368	0.039051	0	2.486092	1.898251	0.5844625	0.4155375	79.11362
2950	6.49636	-24.2022	30.6986	0.307363	0.692637	4.090705	0.224523	0.201632	0.205633	0.117434	0.0696662	0.0436058	0.0384952	0	1.17717	1.594242	0.6926367	0.3073633	39.28636
2960	7.20229	-22.9827	30.185	0.404084	0.595916	3.965569	0.228887	0.205022	0.20548	0.117133	0.0689926	0.0443568	0.0393902	0	1.690706	1.498455	0.5959157	0.4040843	31.51049
2970	6.93627	-23.7465	30.6828	0.547597	0.452403	7.096112	0.223727	0.202159	0.206246	0.115673	0.0689619	0.0452536	0.0385943	0	1.192979	1.649553	0.4524027	0.5475973	44.62243
2980	7.81733	-19.6803	27.4977	0.830893	0.169107	4.415208	0.219811	0.202716	0.201632	0.115218	0.0679895	0.0450174	0.0388134	0	4.378062	1.788968	0.1691074	0.8308926	61.51309
2990	5.81281	-23.1499	28.9627	0.325588	0.674412	11.30369	0.220545	0.204762	0.199652	0.113896	0.067722	0.0439881	0.0392073	0	2.913054	1.916409	0.6744118	0.3255882	82.49155
3000	7.66882	-21.5106	29.1794	0.505808	0.494192	4.301807	0.220234	0.206671	0.205513	0.114129	0.068042	0.044909	0.0391007	0	2.696367	1.416566	0.4941925	0.5058075	26.09554
3010	8.34238	-21.417	29.7594	0.542262	0.457738	4.152451	0.228247	0.203127	0.203793	0.115556	0.0679163	0.0452903	0.039139	0	2.116334	1.95876	0.4577376	0.5422624	90.94103
3020	7.74323	-22.4964	30.2396	0.0378088	0.962191	4.284974	0.222213	0.20189	0.206346	0.114862	0.0700151	0.0439787	0.0392692	0	1.636135	1.671335	0.9621912	0.03780882	46.91752
3030	6.27556	-24.0431	30.3187	0.771306	0.228694	7.972176	0.222143	0.209278	0.2058	0.117695	0.0708952	0.045273	0.0389815	0	1.557033	1.519267	0.2286939	0.7713061	33.05726
3040	8.06144	-21.3751	29.4365	0.904347	0.0956531	3.405409	0.221527	0.208159	0.203952	0.117681	0.0702001	0.045477	0.0393502	0	2.439201	1.963984	0.09565311	0.9043469	92.04146
3050	5.34879	-20.238	25.5868	0.0129568	0.987043	5.847393	0.224694	0.205355	0.203856	0.117113	0.0700591	0.0435499	0.0378769	0	6.288972	1.315037	0.9870432	0.01295682	20.65555
3060	7.08651	-21.8213	28.9078	0.504697	0.495303	6.13759	0.225512	0.203121	0.205273	0.116408	0.0707284	0.0445431	0.0377955	0	2.967921	1.38263	0.4953034	0.5046966	24.13403
3070	7.34823	-23.1351	30.4834	0.587988	0.412012	8.299611	0.221415	0.201885	0.205861	0.114636	0.0702721	0.043537	0.0382905	0	1.392368	1.755668	0.4120123	0.5879877	56.97282
3080	4.79624	-23.9043	28.7005	0.433819	0.566181	11.03442	0.224836	0.201878	0.205783	0.112644	0.0703794	0.0438791	0.0393362	0	3.175217	1.637826	0.5661806	0.4338194	43.43365
3090	7.84381	-22.6056	30.4494	0.406564	0.593436	6.444738	0.230097	0.205044	0.200275	0.11659	0.0707417	0.0434784	0.0387492	0	1.426305	1.717194	0.5934357	0.4065643	52.14274
3100	7.42067	-19.8821	27.3027	0.84613	0.15387	3.235005	0.227829	0.210845	0.196891	0.1181	0.070158	0.0446978	0.0386768	0	4.573005	1.804324	0.1538701	0.8461299	63.72711
3110	6.713	-20.3317	27.0447	0.608007	0.391993	2.074026	0.227212	0.211182	0.203275	0.114557	0.0688142	0.0447844	0.0388976	0	4.831083	1.849329	0.3919927	0.6080073	70.68522
3120	7.03725	-20.2236	27.2608	0.108937	0.891063	5.474529	0.230004	0.210684	0.200886	0.117024	0.069758	0.0440223	0.039189	0	4.614897	1.41649	0.8910629	0.1089371	26.09097
3130	3.07283	-19.8012	22.874	0.901851	0.0981487	0.6203508	0.223873	0.208867	0.199484	0.115111	0.0678501	0.045537	0.0388616	0	9.001704	1.912281	0.09814874	0.9018513	81.71108
3140	6.30638	-21.1572	27.4635	0.642467	0.357533	1.438622	0.227424	0.20317	0.196584	0.11521	0.0683478	0.0452161	0.0389195	0	4.412187	1.363738	0.3575331	0.6424669	23.10671
3150	5.6126	-21.1675	26.7801	0.701882	0.298118	2.389445	0.220399	0.203229	0.197154	0.116299	0.0688402	0.0439418	0.0388611	0	5.095599	1.083136	0.298118	0.701882	12.10977
3160	7.32804	-22.2583	29.5864	0.128356	0.871644	2.87665	0.221939	0.205072	0.202975	0.117885	0.0679831	0.0436479	0.038959	0	2.289386	1.508318	0.871644	0.128356	32.2343
3170	7.68032	-21.0488	28.7291	0.847419	0.152581	5.628988	0.219294	0.202631	0.200747	0.113718	0.0703165	0.0440055	0.0384351	0	3.146608	1.45676	0.1525809	0.8474191	28.62598
3180	8.31277	-20.0758	28.3885	0.418598	0.581402	4.621301	0.220788	0.202764	0.203003	0.112877	0.0706515	0.0437529	0.039343	0	3.487198	1.948281	0.5814022	0.4185978	88.77297
3190	8.31018	-21.1309	29.4411	0.416581	0.583419	3.979143	0.219453	0.209153	0.198836	0.112897	0.0679669	0.0438646	0.0388135	0	2.43466	1.86107	0.5834195	0.4165805	72.62233
3200	7.59971	-22.942	30.5417	0.841494	0.158506	4.190575	0.22476	0.209523	0.198379	0.114192	0.0677819	0.0443325	0.0394244	0	1.334021	1.908495	0.158506	0.841494	81.00192
3210	7.84738	-20.856	28.7034	0.562038	0.437962	5.888158	0.227429	0.207793	0.2007	0.117358	0.0680436	0.0438559	0.0391996	0	3.172356	1.517139	0.4379615	0.5620385	32.89569
3220	7.76171	-20.8078	28.5695	0.743323	0.256677	2.939407	0.225741	0.20838	0.204243	0.117765	0.0691369	0.0449274	0.0385037	0	3.306222	1.80498	0.2566773	0.7433227	63.82338
3230	8.51814	-20.5744	29.0925	0.0821491	0.917851	5.378607	0.225598	0.211391	0.202519	0.116546	0.0676387	0.0443597	0.0393544	0	2.783215	1.760715	0.9178509	0.08214911	57.63878
3240	8.19788	-20.9508	29.1487	0.0147124	0.985288	7.598193	0.218878	0.209487	0.19783	0.113382	0.068615	0.0434725	0.0391622	0	2.727008	1.953865	0.9852876	0.01471237	89.92175
3250	4.94139	-25.6666	30.6079	0.632112	0.367888	4.568564	0.224355	0.204259	0.197204	0.114409	0.0676047	0.043573	0.0384402	0	1.26779	1.297814	0.3678881	0.6321119	19.85244
3260	5.98136	-20.05	26.0314	0.100492	0.899508	6.863016	0.228147	0.208596	0.199379	0.114381	0.0692136	0.043834	0.0380022	0	5.844352	1.519151	0.8995079	0.1004921	33.04841
3270	7.56876	-19.5672	27.136	0.317096	0.682904	5.58171	0.225543	0.208483	0.19897	0.115571	0.0694012	0.043404	0.0378209	0	4.739758	1.9742	0.6829042	0.3170958	94.23232
3280	8.53458	-20.3742	28.9088	0.740286	0.259714	6.004348	0.230092	0.204902	0.199152	0.115749	0.0704862	0.0435674	0.0376237	0	2.966965	1.921726	0.2597136	0.7402864	83.50758
3290	7.10188	-20.9413	28.0432	0.408041	0.591959	2.52648	0.228155	0.207945	0.198387	0.116906	0.0711009	0.0444077	0.0380877	0	3.832579	1.379421	0.5919593	0.4080407	23.95636
3300	6.00919	-21.618	27.6272	0.214645	0.785355	0.8878858	0.226572	0.204595	0.204171	0.115272	0.0701957	0.0454133	0.0377128	0	4.248516	1.601688	0.7853545	0.2146455	39.96575
3310	6.10965	-22.6192	28.7288	0.0732866	0.926713	0.8917047	0.228607	0.20515	0.204756	0.114839	0.0709331	0.0449084	0.0386894	0	3.146929	1.973907	0.9267134	0.07328656	94.16869
3320	6.90421	-23.5274	30.4316	0.491778	0.508222	10.18915	0.228284	0.205747	0.201298	0.114852	0.0679586	0.0453587	0.0390401	0	1.444124	1.903809	0.5082221	0.4917779	80.1325
3330	7.82446	-20.8401	28.6646	0.627831	0.372169	5.064439	0.223837	0.20921	0.196769	0.11551	0.0699462	0.0450524	0.0387307	0	3.211135	1.458481	0.3721686	0.6278314	28.73964
3340	7.60255	-20.1306	27.7332	0.255208	0.744792	3.286031	0.225127	0.207432	0.197474	0.114975	0.0703677	0.0433101	0.0379205	0	4.142568	1.65505	0.7447923	0.2552077	45.19077
3350	5.20277	-20.706	25.9088	0.439511	0.560489	0.7751137	0.226285	0.208512	0.198455	0.112689	0.0695091	0.0433498	0.0377163	0	5.966981	1.993281	0.5604893	0.4395107	98.46481
3360	7.30538	-19.9515	27.2569	0.351512	0.648488	6.167112	0.220132	0.204526	0.197198	0.114884	0.0710159	0.0433997	0.039008	0	4.618841	1.585603	0.6484884	0.3515116	38.51263
3370	7.7164	-19.8486	27.565	0.530212	0.469788	4.357871	0.219644	0.202898	0.204202	0.113916	0.0706274	0.044004	0.0383551	0	4.310709	1.579054	0.4697878	0.5302122	37.9362
3380	5.75305	-20.1788	25.9319	0.186655	0.813345	8.000095	0.218866	0.202228	0.203072	0.113334	0.0693151	0.0447201	0.0377084	0	5.943861	1.909004	0.813345	0.186655	81.09677
3390	7.76944	-19.7151	27.4845	0.883801	0.116199	5.829401	0.219	0.202112	0.202056	0.117522	0.070748	0.0442606	0.0383631	0	4.391237	1.804069	0.1161985	0.8838015	63.68968
3400	7.16522	-23.3722	30.5374	0.955744	0.0442557	7.516598	0.220612	0.206352	0.200622	0.116997	0.070024	0.0435965	0.0388084	0	1.338331	1.667563	0.04425571	0.9557443	46.51174
3410	6.93137	-19.2441	26.1755	0.790258	0.209742	4.118725	0.222197	0.206214	0.198021	0.113993	0.0696051	0.0438094	0.0393606	0	5.700216	1.911637	0.2097416	0.7902584	81.59006
3420	7.61574	-20.0095	27.6252	0.720637	0.279363	3.293213	0.227835	0.206931	0.205642	0.114404	0.0707459	0.0434344	0.0391745	0	4.250501	1.931596	0.2793634	0.7206366	85.42721
3430	7.26286	-22.284	29.5469	0.956051	0.0439493	2.478607	0.228506	0.206634	0.199794	0.117596	0.0684111	0.0433849	0.0383375	0	2.32883	1.632688	0.04394929	0.9560507	42.92281
3440	7.06187	-19.3833	26.4451	0.93578	0.0642198	3.889277	0.224305	0.204278	0.201989	0.115089	0.0690777	0.0437492	0.0385055	0	5.430602	1.721472	0.06421982	0.9357802	52.65892
3450	6.52501	-21.196	27.721	0.472159	0.527841	8.822511	0.222721	0.201669	0.203953	0.117626	0.068374	0.0444693	0.0378701	0	4.154757	1.702784	0.5278415	0.4721585	50.44098
3460	8.54541	-21.6177	30.1631	0.639722	0.360278	5.484384	0.230255	0.204308	0.202591	0.113648	0.0689349	0.0448089	0.0383395	0	1.712633	1.965645	0.3602782	0.6397218	92.39423
3470	8.57114	-20.6971	29.2682	0.384047	0.615953	4.709277	0.229606	0.204975	0.203591	0.114758	0.0679548	0.0451443	0.0380734	0	2.607501	1.931701	0.6159532	0.3840468	85.44785
3480	8.25308	-20.3604	28.6134	0.831522	0.168478	5.878388	0.228229	0.21175	0.203166	0.115753	0.0682152	0.0438096	0.0382791	0	3.262302	1.678662	0.1684782	0.8315218	47.71577
3490	6.9468	-23.9003	30.8471	0.490779	0.509221	5.629164	0.228755	0.204739	0.200261	0.118148	0.0708989	0.044942	0.0385964	0	1.028616	1.708919	0.5092214	0.4907786	51.15859
3500	7.91632	-19.7544	27.6707	0.553345	0.446655	5.634016	0.223179	0.2122	0.196829	0.116606	0.0709876	0.0432669	0.0385429	0	4.204989	1.966402	0.4466555	0.5533445	92.55542
3510	8.45722	-20.159	28.6162	0.385904	0.614096	5.399836	0.223135	0.209764	0.201618	0.117383	0.0708114	0.0444012	0.0391079	0	3.259515	1.977694	0.6140956	0.3859044	94.99351
3520	6.33562	-23.5761	29.9117	0.793192	0.206808	9.950215	0.225376	0.208834	0.203777	0.113764	0.0709692	0.0439051	0.0376358	0	1.964051	1.696088	0.2068078	0.7931922	49.66924
3530	8.38178	-20.8026	29.1844	0.0446209	0.955379	5.38162	0.224423	0.210669	0.204959	0.112926	0.0698765	0.0433503	0.0394201	0	2.691321	1.660069	0.9553791	0.04462089	45.71613
3540	7.533	-22.946	30.479	0.766401	0.233599	9.358215	0.229101	0.208873	0.201541	0.116035	0.0687441	0.0443616	0.0394104	0	1.396732	1.969844	0.2335989	0.7664011	93.29202
3550	7.87645	-21.2358	29.1122	0.405084	0.594916	4.452266	0.229138	0.210926	0.205112	0.11573	0.0699429	0.0441189	0.0384767	0	2.763512	1.465585	0.5949157	0.4050843	29.2136
3560	7.57109	-19.6115	27.1826	0.87247	0.12753	5.569937	0.229876	0.211944	0.203648	0.113917	0.0689627	0.0446986	0.0386454	0	4.693141	1.70816	0.1275299	0.8724701	51.06934
3570	5.95453	-24.81	30.7645	0.21443	0.78557	5.769343	0.230123	0.209611	0.200269	0.113338	0.0701437	0.0438802	0.0383568	0	1.1112	1.494212	0.7855698	0.2144302	31.20414
3580	8.66633	-20.976	29.6423	0.773046	0.226954	5.713899	0.225511	0.205273	0.198499	0.113489	0.0696009	0.0436729	0.0378808	0	2.233423	1.874769	0.2269538	0.7730462	74.94953
3590	7.2336	-21.8145	29.0481	0.335865	0.664135	9.438717	0.226161	0.204376	0.199791	0.114054	0.0676773	0.0433735	0.0388709	0	2.827668	1.986455	0.6641352	0.3358648	96.92933
3600	7.34519	-20.6153	27.9605	0.168215	0.831785	2.51031	0.221097	0.205076	0.197334	0.113339	0.0676659	0.0443678	0.0388815	0	3.915286	1.747071	0.8317854	0.1682146	55.85611
3610	7.83841	-20.2995	28.1379	0.412538	0.587462	3.306336	0.229225	0.207945	0.202939	0.115766	0.0700386	0.0444505	0.0384205	0	3.73787	1.919615	0.5874622	0.4125378	83.10276
3620	7.84554	-20.0987	27.9442	0.939467	0.0605325	4.006518	0.227172	0.207696	0.203103	0.115887	0.0677055	0.0453789	0.0377147	0	3.931504	1.573659	0.06053254	0.9394675	37.46789
3630	6.42848	-20.3109	26.7394	0.7914	0.2086	1.865685	0.224073	0.203779	0.201124	0.118081	0.0691388	0.0450495	0.0381254	0	5.136308	1.819387	0.2086003	0.7913997	65.97615
3640	7.36437	-20.4143	27.7786	0.783081	0.216919	3.683897	0.221124	0.203232	0.198285	0.115597	0.069233	0.0440011	0.0393195	0	4.097108	1.384734	0.2169192	0.7830808	24.25123
3650	7.83045	-22.3946	30.225	0.345708	0.654292	7.058617	0.220204	0.201768	0.203275	0.113097	0.070955	0.0444301	0.0384745	0	1.650716	1.680984	0.6542915	0.3457085	47.97157
3660	8.07127	-21.4437	29.515	0.859949	0.140051	5.722133	0.221852	0.208589	0.196625	0.113177	0.0697757	0.0445348	0.0382349	0	2.360746	1.561887	0.1400505	0.8599495	36.46591
3670	7.05199	-20.1905	27.2424	0.808823	0.191177	2.485816	0.223905	0.211731	0.200947	0.114577	0.068354	0.0442072	0.039427	0	4.633296	1.979199	0.1911775	0.8088225	95.32335
3680	8.58446	-20.6013	29.1857	0.110033	0.889967	5.228126	0.222107	0.208395	0.204527	0.116501	0.0695114	0.0435172	0.0388977	0	2.690018	1.839068	0.8899675	0.1100325	69.03478
3690	6.45099	-20.0635	26.5145	0.284738	0.715262	4.352054	0.219634	0.207252	0.206645	0.116655	0.0707127	0.0438745	0.0392856	0	5.361283	1.298675	0.7152619	0.2847381	19.89185
3700	7.08516	-20.4208	27.506	0.372616	0.627384	6.434607	0.221427	0.206597	0.206092	0.117302	0.0699881	0.0434414	0.038283	0	4.369744	1.49581	0.6273843	0.3726157	31.31919
3710	7.30863	-21.2029	28.5115	0.100808	0.899192	6.732047	0.226758	0.201879	0.200718	0.116946	0.067674	0.0441321	0.0389011	0	3.364237	1.483882	0.8991919	0.1008081	30.47064
3720	6.89799	-22.2073	29.1053	0.247123	0.752877	2.018242	0.227713	0.207452	0.199063	0.116678	0.0676394	0.0433818	0.0386821	0	2.77042	1.456407	0.7528768	0.2471232	28.60268
3730	8.08874	-21.25	29.3388	0.627151	0.372849	3.422889	0.220653	0.210619	0.199492	0.115457	0.0689662	0.0434437	0.0392165	0	2.536968	1.995799	0.3728494	0.6271506	99.03739
3740	6.61245	-21.3072	27.9196	0.277509	0.722491	1.521122	0.222475	0.206014	0.197294	0.114545	0.0699941	0.0443649	0.0384684	0	3.956138	1.574468	0.7224912	0.2775088	37.53769
3750	7.93173	-20.5183	28.45	0.901965	0.0980354	4.107987	0.224172	0.206367	0.196514	0.114546	0.0698964	0.044881	0.0381543	0	3.425708	1.511627	0.09803542	0.9019646	32.48082
3760	7.4616	-19.7671	27.2287	0.666364	0.333636	3.450576	0.220689	0.211215	0.200586	0.114921	0.0690217	0.0455214	0.0393668	0	4.646998	1.845589	0.3336365	0.6663635	70.07922
3770	7.57179	-21.4243	28.9961	0.807231	0.192769	2.920554	0.219176	0.211619	0.204843	0.116289	0.0686622	0.0438908	0.0386629	0	2.879647	1.509722	0.1927688	0.8072312	32.33869
3780	6.84488	-19.9027	26.7476	0.281433	0.718567	7.002194	0.228645	0.210187	0.203108	0.116239	0.0693537	0.0445083	0.0382037	0	5.128136	1.984142	0.7185667	0.2814333	96.41432
3790	7.39811	-20.4859	27.884	0.840142	0.159858	2.867378	0.21937	0.204466	0.196729	0.115322	0.0690083	0.0433833	0.0374791	0	3.991731	1.517583	0.1598583	0.8401417	32.92931
3800	6.26151	-19.0789	25.3405	0.920918	0.0790817	4.027821	0.223083	0.20563	0.196701	0.115939	0.0683026	0.0437166	0.0386545	0	6.535283	1.643503	0.07908167	0.9209183	44.00509
3810	5.75534	-22.8319	28.5872	0.136279	0.863721	2.380845	0.222645	0.207613	0.203723	0.117038	0.0695121	0.0442327	0.0388507	0	3.288494	1.068088	0.8637206	0.1362794	11.69737
3820	7.60935	-20.2843	27.8936	0.408978	0.591022	3.390164	0.221769	0.20997	0.204406	0.116121	0.067623	0.044846	0.0389893	0	3.982103	1.525018	0.5910216	0.4089784	33.4979
3830	7.72204	-21.9796	29.7017	0.801945	0.198055	5.259377	0.21964	0.20823	0.202248	0.11447	0.0708853	0.0447241	0.0382237	0	2.174061	1.482137	0.1980552	0.8019448	30.34847
3840	7.47911	-20.3541	27.8332	0.416076	0.583924	6.820621	0.227648	0.209907	0.205887	0.112946	0.0694808	0.0436267	0.0380849	0	4.042543	1.617681	0.5839239	0.4160761	41.46496
3850	7.40707	-22.1878	29.5948	0.228806	0.771194	2.545531	0.21995	0.211653	0.198701	0.113257	0.0693911	0.0448161	0.038166	0	2.280914	1.941283	0.7711941	0.2288059	87.35406
3860	8.01587	-21.0016	29.0175	0.834575	0.165425	3.327369	0.220087	0.207389	0.199424	0.112988	0.0698258	0.0435003	0.0376793	0	2.858268	1.809284	0.1654249	0.8345751	64.45903
3870	8.40445	-21.744	30.1485	0.180965	0.819035	6.161987	0.223109	0.20336	0.197912	0.113243	0.0701158	0.0454329	0.0376125	0	1.727285	1.790328	0.8190353	0.1809647	61.70609
3880	7.34338	-23.5936	30.937	0.728217	0.271783	5.75632	0.221359	0.202669	0.1978	0.112683	0.0696347	0.0434616	0.0386581	0	0.9387387	1.943358	0.271783	0.728217	87.77235
3890	7.85701	-20.6528	28.5098	0.810923	0.189077	4.736359	0.222185	0.204076	0.197862	0.113073	0.0686373	0.043627	0.0392985	0	3.365894	1.474173	0.1890769	0.8109231	29.79701
3900	5.96131	-22.8425	28.8039	0.192588	0.807412	0.7769056	0.226492	0.203076	0.202792	0.11535	0.0688504	0.0436532	0.0391797	0	3.071881	1.680475	0.8074122	0.1925878	47.91542
3910	8.0494	-20.9243	28.9737	0.766605	0.233395	3.530999	0.227174	0.203646	0.205383	0.115175	0.0680604	0.0436233	0.0387711	0	2.902078	1.685351	0.2333952	0.7666048	48.45643
3920	6.22161	-20.3637	26.5853	0.595108	0.404892	1.679361	0.221948	0.208168	0.199328	0.117838	0.0677194	0.0438198	0.0386868	0	5.290417	1.695385	0.4048923	0.5951077	49.58901
3930	6.99446	-22.8483	29.8428	0.374366	0.625634	2.591159	0.219406	0.207087	0.199356	0.116295	0.067722	0.0451129	0.0387785	0	2.03298	1.531341	0.6256341	0.3743659	33.9892
3940	7.76153	-21.3607	29.1222	0.596018	0.403982	3.651049	0.2215	0.204978	0.199157	0.118234	0.0682602	0.044499	0.0378761	0	2.753546	1.47198	0.4039822	0.5960178	29.64697
3950	8.36264	-21.8957	30.2584	0.552824	0.447176	7.146645	0.222618	0.204667	0.200518	0.116099	0.0689849	0.0440962	0.0389387	0	1.617375	1.888889	0.4471763	0.5528237	77.42632
3960	6.25358	-20.8496	27.1031	0.858333	0.141667	8.753932	0.224206	0.203231	0.202493	0.112938	0.0687806	0.0445415	0.0390918	0	4.772602	1.94591	0.1416669	0.8583331	88.28976
3970	7.37761	-20.748	28.1256	0.177841	0.822159	3.037617	0.224063	0.202385	0.206715	0.114872	0.0699491	0.0442367	0.0382796	0	3.750157	1.410188	0.8221591	0.1778409	25.71506
3980	7.27359	-19.3583	26.6319	0.30465	0.69535	4.383137	0.220286	0.204249	0.20571	0.115372	0.0695443	0.0442406	0.0377462	0	5.243805	1.846914	0.6953502	0.3046498	70.29332
3990	5.01843	-23.3459	28.3644	0.927583	0.0724168	9.526118	0.225328	0.202206	0.204133	0.115118	0.068284	0.0434238	0.0380633	0	3.511387	1.480253	0.07241678	0.9275832	30.2171
4000	6.23169	-21.859	28.0907	0.1444	0.8556	1.683497	0.223431	0.202457	0.199387	0.113649	0.0690088	0.0442336	0.0389688	0	3.785061	1.202409	0.8555995	0.1444005	15.93709
4010	5.90845	-22.3896	28.2981	0.190723	0.809277	3.004176	0.22068	0.212215	0.199618	0.115345	0.068295	0.0447281	0.0383685	0	3.57768	1.083479	0.8092774	0.1907226	12.11933
4020	8.55373	-20.5381	29.0919	0.611543	0.388457	5.490379	0.220712	0.209462	0.196529	0.116459	0.0682704	0.0433338	0.0381188	0	2.783881	1.797024	0.3884566	0.6115434	62.6649
4030	7.70203	-21.1337	28.8357	0.96955	0.03045	8.382605	0.230143	0.207588	0.201493	0.114862	0.0696398	0.0432841	0.0388839	0	3.040009	1.950699	0.03044998	0.96955	89.2686
4040	6.03566	-19.146	25.1816	0.57293	0.42707	4.41475	0.224174	0.210103	0.203632	0.113626	0.0702207	0.0435479	0.039112	0	6.694125	1.493731	0.4270697	0.5729303	31.16957
4050	7.78501	-22.0589	29.8439	0.43393	0.56607	9.014391	0.225902	0.210814	0.200303	0.116996	0.0700497	0.0444355	0.0392902	0	2.03184	1.922193	0.5660705	0.4339295	83.59745
4060	6.93741	-20.9535	27.8909	0.265895	0.734105	5.144267	0.228008	0.211283	0.199118	0.115249	0.0694167	0.0448337	0.0389198	0	3.98481	1.315692	0.7341047	0.2658953	20.68673
4070	7.87959	-20.6934	28.573	0.502581	0.497419	7.05528	0.224263	0.202921	0.206436	0.112599	0.0699177	0.0452031	0.039082	0	3.302738	1.661192	0.497419	0.502581	45.83447
4080	4.99775	-20.0469	25.0446	0.578291	0.421709	2.639633	0.225801	0.205854	0.198215	0.117097	0.0678703	0.0434051	0.0387126	0	6.831118	1.136068	0.4217088	0.5782912	13.67942
4090	6.95844	-19.2378	26.1963	0.754958	0.245042	4.854329	0.220705	0.211159	0.20087	0.115248	0.0680615	0.0434677	0.0391505	0	5.679483	1.826153	0.2450418	0.7549582	67.0121
4100	5.56187	-19.3683	24.9302	0.893916	0.106084	6.449632	0.219048	0.209062	0.203053	0.113219	0.0687814	0.0446618	0.0390991	0	6.945569	1.920631	0.1060841	0.8939159	83.29728
4110	7.28851	-19.998	27.2865	0.36487	0.63513	6.616779	0.221226	0.20821	0.206648	0.115846	0.0700983	0.0447288	0.0387838	0	4.58922	1.636293	0.6351296	0.3648704	43.28057
4120	5.38908	-22.3183	27.7074	0.680344	0.319656	0.2387407	0.222625	0.20599	0.202992	0.113922	0.0700352	0.0454892	0.0381338	0	4.168357	1.664668	0.3196558	0.6803442	46.2028
4130	6.16099	-21.8787	28.0397	0.15912	0.84088	0.9625191	0.227486	0.2052	0.200093	0.114357	0.068595	0.0447545	0.038133	0	3.836053	1.622341	0.8408804	0.1591196	41.91223
4140	6.99352	-21.4639	28.4575	0.655764	0.344236	2.02808	0.220955	0.207451	0.202392	0.115197	0.0682619	0.0451232	0.0376433	0	3.418287	1.458644	0.3442365	0.6557635	28.75039
4150	4.79363	-19.3251	24.1187	0.118565	0.881435	2.007402	0.225854	0.210266	0.20253	0.117165	0.0675907	0.0446024	0.0380733	0	7.756998	1.822093	0.8814355	0.1185645	66.38849
4160	5.05148	-19.1006	24.152	0.116769	0.883231	5.447626	0.225063	0.208611	0.198344	0.116	0.0688599	0.0448496	0.0387384	0	7.723687	1.499228	0.8832306	0.1167694	31.56665
4170	7.32345	-20.5477	27.8712	0.524021	0.475979	3.129874	0.226314	0.211226	0.198809	0.118082	0.0706092	0.0450019	0.0385229	0	4.004584	1.396835	0.4759791	0.5240209	24.93646
4180	5.32289	-22.9485	28.2713	0.847082	0.152918	1.713471	0.226068	0.208487	0.206724	0.118082	0.0698494	0.0446026	0.0381711	0	3.604396	1.026743	0.152918	0.847082	10.63514
4190	6.834	-23.2221	30.0561	0.104733	0.895267	9.838517	0.219726	0.20514	0.203209	0.117148	0.0701807	0.0451088	0.0388332	0	1.819645	1.773864	0.8952667	0.1047333	59.41058
4200	6.54578	-21.8241	28.3699	0.387042	0.612958	4.43851	0.224266	0.201965	0.20295	0.114108	0.0707505	0.0451034	0.03857	0	3.505852	1.206338	0.6129582	0.3870418	16.08193
4210	6.96696	-19.2517	26.2187	0.449581	0.550419	4.184134	0.226094	0.207933	0.20373	0.115347	0.0706829	0.0455179	0.0391599	0	5.65703	1.827149	0.5504186	0.4495814	67.16593
4220	7.72037	-22.3061	30.0265	0.791891	0.208109	4.546506	0.225301	0.210341	0.199793	0.117129	0.070073	0.0447777	0.0378865	0	1.849269	1.545906	0.2081087	0.7918913	35.14845
4230	7.87762	-20.571	28.4486	0.561086	0.438914	3.171154	0.222678	0.211417	0.197868	0.115068	0.0679263	0.0454181	0.0382482	0	3.427163	1.986204	0.4389144	0.5610856	96.87331
4240	7.50271	-21.476	28.9787	0.34124	0.65876	2.656754	0.22765	0.202791	0.198956	0.11604	0.0684868	0.0452525	0.0387787	0	2.897001	1.572294	0.6587596	0.3412404	37.35032
4250	6.5961	-21.1473	27.7434	0.674437	0.325563	1.521926	0.229687	0.208985	0.204134	0.113824	0.0689935	0.0453683	0.0393903	0	4.132332	1.785983	0.3255633	0.6744367	61.09179
4260	6.45558	-19.7946	26.2502	0.44522	0.55478	7.07844	0.226508	0.208963	0.205224	0.112784	0.0680717	0.0437209	0.0374756	0	5.625572	1.895593	0.5547801	0.4452199	78.63077
4270	7.11516	-19.7236	26.8388	0.889654	0.110346	3.580048	0.226197	0.204625	0.20197	0.112984	0.0678597	0.0437269	0.0375724	0	5.036964	1.50166	0.1103457	0.8896543	31.74387
4280	7.40098	-21.6419	29.0429	0.0690539	0.930946	2.351306	0.221994	0.202313	0.205564	0.11615	0.0703741	0.0435132	0.0379284	0	2.832825	1.865748	0.9309461	0.06905387	73.40881
4290	7.29472	-19.4531	26.7479	0.168707	0.831293	4.580038	0.224596	0.205261	0.198098	0.117464	0.0688079	0.0433864	0.0378209	0	5.127871	1.646839	0.8312926	0.1687074	44.34439
4300	8.41168	-20.2122	28.6239	0.523212	0.476788	5.922805	0.229564	0.209421	0.197884	0.116	0.0690309	0.0433758	0.0380771	0	3.251822	1.894337	0.4767882	0.5232118	78.40381
4310	7.71003	-19.5828	27.2928	0.164437	0.835563	4.383203	0.228038	0.203918	0.201104	0.11481	0.0710976	0.0445911	0.0383308	0	4.58293	1.941673	0.8355629	0.1644371	87.43261
4320	5.83755	-20.6927	26.5302	0.00510035	0.9949	1.97931	0.224773	0.205391	0.197995	0.116244	0.0691205	0.0441586	0.0387416	0	5.345526	1.168389	0.9948996	0.005100353	14.73632
4330	4.90667	-20.3758	25.2825	0.148085	0.851915	0.8691143	0.221033	0.20289	0.200885	0.116004	0.07051	0.0446023	0.0386354	0	6.593227	1.574775	0.8519146	0.1480854	37.56426
4340	8.21885	-20.3982	28.6171	0.513404	0.486596	4.117021	0.225784	0.202828	0.198339	0.115918	0.067655	0.0441892	0.0388596	0	3.25866	1.721765	0.4865962	0.5134038	52.69445
4350	7.14796	-21.6366	28.7846	0.385733	0.614267	9.337132	0.219181	0.208555	0.201461	0.117132	0.0698811	0.0442256	0.0381714	0	3.091143	1.857725	0.6142665	0.3857335	72.06508
4360	7.3188	-19.7552	27.074	0.0776477	0.922352	3.569285	0.218874	0.205302	0.204372	0.116192	0.069472	0.0432971	0.0389563	0	4.801741	1.587363	0.9223523	0.07764766	38.66898
4370	7.03185	-19.6246	26.6565	0.645664	0.354336	6.362691	0.220122	0.201816	0.199213	0.1159	0.0679909	0.0444503	0.0376313	0	5.219257	1.721405	0.3543358	0.6456642	52.65082
4380	8.26971	-20.016	28.2857	0.493634	0.506366	5.861309	0.22252	0.201954	0.199004	0.117345	0.0677484	0.0454759	0.0375436	0	3.589989	1.862057	0.5063658	0.4936342	72.78747
4390	6.02002	-21.8145	27.8345	0.621974	0.378026	4.949445	0.224599	0.208018	0.197076	0.1185	0.0679365	0.0445528	0.037758	0	4.041222	1.181267	0.3780265	0.6219735	15.17982
4400	6.91529	-21.6261	28.5414	0.587394	0.412606	1.743836	0.228206	0.206924	0.203098	0.11718	0.0676646	0.0449894	0.0379159	0	3.33434	1.735132	0.4126061	0.5873939	54.3416
4410	6.70064	-22.6241	29.3247	0.559372	0.440628	10.36139	0.223176	0.205346	0.201757	0.114237	0.0685204	0.0453855	0.037882	0	2.551037	1.854892	0.4406281	0.5593719	71.59655
4420	8.13926	-19.8856	28.0249	0.507543	0.492457	5.647429	0.223904	0.20812	0.205038	0.112612	0.0695224	0.0453672	0.0375424	0	3.850877	1.806816	0.4924567	0.5075433	64.09382
4430	8.51209	-20.6332	29.1452	0.931142	0.0688579	4.66396	0.222728	0.20821	0.200663	0.112908	0.0686415	0.0450812	0.0377928	0	2.730492	1.818882	0.06885795	0.9311421	65.89944
4440	8.63177	-20.6127	29.2445	0.499189	0.500811	5.634602	0.228543	0.208678	0.204159	0.114546	0.0691753	0.0454243	0.0392291	0	2.631277	1.849344	0.5008108	0.4991892	70.68769
4450	8.10771	-22.0218	30.1295	0.511279	0.488721	6.01833	0.227045	0.205733	0.203895	0.115247	0.0680024	0.0454146	0.0393674	0	1.746277	1.671656	0.4887214	0.5112786	46.95217
4460	8.41915	-20.287	28.7062	0.942872	0.0571285	5.746204	0.222113	0.210939	0.204625	0.115577	0.0695766	0.0449506	0.0391621	0	3.169551	1.765631	0.05712847	0.9428715	58.29493
4470	7.89401	-22.1339	30.0279	0.0699868	0.930013	6.588087	0.227337	0.204786	0.201021	0.116768	0.0704438	0.0440413	0.0391556	0	1.847811	1.625195	0.9300132	0.06998677	42.1886
4480	8.29033	-20.8402	29.1305	0.409999	0.590001	3.872698	0.223899	0.203491	0.199709	0.112604	0.069971	0.0434928	0.038549	0	2.745203	1.889898	0.5900006	0.4099994	77.60656
4490	7.24134	-21.991	29.2323	0.604859	0.395141	4.980496	0.2248	0.211717	0.199756	0.113907	0.0697589	0.0448056	0.0375594	0	2.64344	1.352236	0.3951408	0.6048592	22.5028
4500	7.73785	-20.033	27.7709	0.620635	0.379365	4.143744	0.229803	0.208141	0.204937	0.115027	0.0680798	0.0435242	0.0385873	0	4.10488	1.543506	0.3793654	0.6206346	34.95471
4510	7.62264	-23.2759	30.8985	0.0248717	0.975128	6.313295	0.221237	0.207654	0.202942	0.113561	0.0685038	0.0449644	0.0385156	0	0.9772381	1.976384	0.9751283	0.0248717	94.7075
4520	8.44685	-20.2437	28.6905	0.00742267	0.992577	5.564723	0.219193	0.203246	0.20074	0.114956	0.068678	0.0443478	0.0375668	0	3.18523	1.806648	0.9925773	0.007422674	64.06898
4530	8.61484	-20.8299	29.4447	0.711944	0.288056	4.840821	0.227901	0.204574	0.200188	0.116031	0.070942	0.0445189	0.0375858	0	2.431004	1.963532	0.2880561	0.7119439	91.94583
4540	6.49943	-20.6459	27.1453	0.0884553	0.911545	8.353909	0.22553	0.20321	0.198189	0.11425	0.0686785	0.0433924	0.0378268	0	4.730426	1.98	0.9115447	0.08845528	95.49917
4550	8.26544	-20.3766	28.6421	0.445476	0.554524	5.344217	0.22982	0.204771	0.198749	0.114812	0.0681011	0.0443891	0.0375232	0	3.233665	1.640302	0.5545243	0.4454757	43.68196
4560	5.89801	-23.9675	29.8655	0.232946	0.767054	9.225238	0.22765	0.21001	0.197624	0.116995	0.0687755	0.045444	0.0374647	0	2.010207	1.541603	0.7670542	0.2329458	34.80192
4570	7.88246	-22.7149	30.5973	0.805865	0.194135	5.572888	0.225622	0.208616	0.199053	0.116708	0.0691959	0.0455187	0.0375283	0	1.278404	1.808921	0.1941346	0.8058654	64.40522
4580	7.8412	-21.7588	29.6	0.836453	0.163547	6.120508	0.224704	0.207128	0.202387	0.115929	0.0687316	0.0444091	0.0382952	0	2.275775	1.537512	0.1635475	0.8364525	34.47563
4590	6.06704	-20.2722	26.3392	0.0293866	0.970613	1.652511	0.225419	0.211899	0.200852	0.117077	0.0701071	0.044197	0.038345	0	5.536527	1.642242	0.9706134	0.02938656	43.87755
4600	6.69499	-20.764	27.459	0.543914	0.456086	1.775172	0.219006	0.208391	0.202642	0.114841	0.0687414	0.0453476	0.0382019	0	4.416704	1.915071	0.4560865	0.5439135	82.23776
4610	7.66336	-19.6657	27.3291	0.620704	0.379296	3.966113	0.219837	0.211722	0.198715	0.117271	0.0690909	0.044099	0.0389146	0	4.546671	1.945535	0.3792965	0.6207035	88.21344
4620	7.65558	-21.1775	28.833	0.132157	0.867843	7.597557	0.223251	0.209765	0.200388	0.118082	0.0702405	0.0449303	0.0388573	0	3.042696	1.638142	0.8678426	0.1321574	43.46521
4630	7.944	-20.5134	28.4574	0.413628	0.586372	7.053862	0.225335	0.203773	0.198442	0.117283	0.0685789	0.0453272	0.0383361	0	3.418347	1.710505	0.5863722	0.4136278	51.34582
4640	8.49068	-21.6014	30.0921	0.901384	0.0986158	5.04987	0.228248	0.204249	0.198428	0.116329	0.0686117	0.0447851	0.0388346	0	1.783632	1.953032	0.09861581	0.9013842	89.74944
4650	7.34003	-20.4589	27.799	0.566746	0.433254	2.574878	0.227789	0.211409	0.206335	0.114095	0.0679353	0.0445793	0.0386899	0	4.076759	1.865612	0.4332535	0.5667465	73.38587
4660	8.27379	-20.3719	28.6457	0.524573	0.475427	4.144098	0.226266	0.209542	0.206206	0.114295	0.0677192	0.0450817	0.0389588	0	3.230008	1.793674	0.4754273	0.5245727	62.18336
4670	7.28092	-20.3928	27.6737	0.0641972	0.935803	7.662401	0.228845	0.21062	0.205908	0.115433	0.0683891	0.0442506	0.0386686	0	4.202026	1.950506	0.9358028	0.06419722	89.22902
4680	7.84026	-22.9038	30.744	0.316333	0.683667	5.867544	0.225864	0.211281	0.198706	0.117547	0.0677556	0.0437796	0.0386462	0	1.131706	1.928229	0.6836673	0.3163327	84.76736
4690	7.79441	-19.6016	27.396	0.172327	0.827673	4.780537	0.227705	0.202083	0.204395	0.118266	0.0688788	0.0439698	0.0374642	0	4.479692	1.854315	0.8276734	0.1723266	71.50153
4700	6.6064	-20.7963	27.4027	0.926995	0.0730054	8.114961	0.225527	0.204653	0.204739	0.11448	0.0679452	0.0441852	0.0382116	0	4.47305	1.647877	0.07300545	0.9269946	44.45056
4710	7.99259	-19.9604	27.953	0.765924	0.234076	6.18865	0.228378	0.209745	0.20288	0.113414	0.068355	0.0438347	0.0390292	0	3.922726	1.907734	0.2340759	0.7659241	80.85996
4720	8.14761	-20.0693	28.2169	0.558039	0.441961	6.17728	0.218826	0.210003	0.196805	0.114086	0.067827	0.0432733	0.0377275	0	3.658825	1.82863	0.4419609	0.5580391	67.39544
4730	8.18017	-20.2727	28.4528	0.116828	0.883172	6.657544	0.221097	0.208705	0.199788	0.116471	0.0676797	0.0444481	0.0379682	0	3.422888	1.839416	0.8831724	0.1168276	69.09016
4740	8.43728	-21.274	29.7113	0.135563	0.864437	6.331875	0.224704	0.207695	0.20142	0.117958	0.067744	0.0438756	0.0377178	0	2.164445	1.7404	0.8644369	0.1355631	55.00469
4750	0.703862	-26.2549	26.9588	0.0840915	0.915908	8.341822	0.220702	0.205111	0.196917	0.115063	0.0703001	0.0432678	0.0387372	0	4.916935	1.009714	0.9159085	0.08409152	10.2262
4760	6.91238	-20.923	27.8354	0.761924	0.238076	4.963026	0.225179	0.209868	0.200191	0.117232	0.0692158	0.0443304	0.0374865	0	4.040376	1.30899	0.2380758	0.7619242	20.36995
4770	7.62616	-20.0452	27.6714	0.666882	0.333118	4.849898	0.22066	0.207632	0.205916	0.11577	0.07108	0.0454878	0.038169	0	4.204362	1.487345	0.3331183	0.6668817	30.71464
4780	6.6351	-22.6607	29.2958	0.717334	0.282666	10.61601	0.226708	0.202235	0.202468	0.115033	0.0685557	0.0449863	0.03756	0	2.579904	1.913152	0.2826662	0.7173338	81.87504
4790	7.74635	-20.855	28.6014	0.404509	0.595491	4.636444	0.224697	0.204346	0.20576	0.116345	0.0684094	0.0447091	0.0389639	0	3.274378	1.43124	0.5954906	0.4045094	26.99233
4800	7.90237	-20.935	28.8373	0.482681	0.517319	5.469931	0.22797	0.205041	0.204766	0.118095	0.0700547	0.0449769	0.0378905	0	3.038402	1.491003	0.517319	0.482681	30.97444
4810	8.33589	-21.6504	29.9863	0.0931399	0.90686	7.05101	0.228872	0.210364	0.206286	0.118268	0.0709442	0.0449036	0.0385608	0	1.889436	1.783471	0.9068601	0.09313993	60.73946
4820	8.61875	-21.0771	29.6959	0.362358	0.637642	5.628811	0.228837	0.21088	0.206487	0.115687	0.0702262	0.0439813	0.0384391	0	2.179844	1.828194	0.6376422	0.3623578	67.32781
4830	6.92346	-19.3467	26.2702	0.740806	0.259194	4.668156	0.226745	0.206799	0.206681	0.117236	0.0692321	0.0435963	0.037531	0	5.605531	1.5816	0.2591936	0.7408064	38.15924
4840	7.32129	-22.8451	30.1664	0.981579	0.0184213	8.937145	0.228271	0.211728	0.202268	0.117119	0.0709316	0.0439605	0.0380172	0	1.709314	1.759983	0.01842125	0.9815787	57.54174
4850	6.69462	-20.3629	27.0575	0.240459	0.759541	5.618358	0.224541	0.207779	0.20303	0.116381	0.0696101	0.0438848	0.0384031	0	4.818223	1.377007	0.7595411	0.2404589	23.82361
4860	4.11812	-18.7027	22.8208	0.411591	0.588409	3.106465	0.222334	0.201711	0.206062	0.118178	0.0695177	0.0441092	0.0374909	0	9.054908	1.719805	0.588409	0.411591	52.45724
4870	2.14013	-18.9661	21.1062	0.399688	0.600312	6.422878	0.22003	0.211189	0.201772	0.113929	0.0692041	0.043304	0.0383194	0	10.76951	1.665026	0.6003122	0.3996878	46.24092
4880	8.41537	-20.1134	28.5288	0.497619	0.502381	5.506153	0.226385	0.210953	0.196849	0.117509	0.0688765	0.0449716	0.0393394	0	3.346979	1.989274	0.5023811	0.4976189	97.56052
4890	7.60501	-22.7764	30.3814	0.977426	0.0225742	3.841924	0.228396	0.209899	0.204902	0.116214	0.069032	0.0438991	0.0376879	0	1.494355	1.852035	0.0225742	0.9774258	71.12706
4900	5.21705	-25.67	30.887	0.349337	0.650663	7.805556	0.223587	0.21001	0.202171	0.117026	0.0692861	0.0454678	0.0376107	0	0.988695	1.547135	0.6506627	0.3493373	35.24808
4910	8.24563	-19.9806	28.2262	0.77498	0.22502	4.666903	0.229699	0.207302	0.199644	0.118316	0.0695723	0.0451751	0.0377353	0	3.649533	1.867868	0.2250203	0.7749797	73.76803
4920	7.71952	-21.7944	29.5139	0.398804	0.601196	5.547048	0.228108	0.206965	0.202661	0.115776	0.0699713	0.044182	0.03782	0	2.361791	1.475495	0.6011958	0.3988042	29.8879
4930	6.42335	-23.7972	30.2205	0.0151312	0.984869	2.599534	0.229243	0.206625	0.202904	0.114367	0.0688354	0.0434046	0.0392972	0	1.655233	1.504011	0.9848688	0.01513117	31.9162
4940	8.51384	-21.1957	29.7096	0.991124	0.00887574	4.656002	0.22451	0.20535	0.204385	0.116788	0.0709947	0.0433197	0.0388291	0	2.166177	1.909164	0.00887574	0.9911243	81.12674
4950	6.40159	-20.4153	26.8169	0.614624	0.385376	6.231216	0.227808	0.203825	0.204979	0.118081	0.0705377	0.0437085	0.0384517	0	5.058871	1.40417	0.3853758	0.6146242	25.36123
4960	6.7129	-19.8903	26.6033	0.140866	0.859134	6.698598	0.22183	0.205981	0.20169	0.117936	0.0698163	0.0434759	0.0391999	0	5.272485	1.616098	0.8591337	0.1408663	41.31409
4970	7.80219	-22.941	30.7432	0.355631	0.644369	8.092216	0.225384	0.209338	0.19892	0.118399	0.0684657	0.0434736	0.0391412	0	1.132518	1.993313	0.6443688	0.3556312	98.47199
4980	6.09347	-19.0244	25.1179	0.0623167	0.937683	4.655053	0.224714	0.210229	0.204503	0.114631	0.067635	0.0438931	0.0393867	0	6.757884	1.650181	0.9376833	0.06231674	44.68696
4990	7.49857	-20.5523	28.0509	0.338461	0.661539	6.979873	0.22165	0.211769	0.200902	0.113056	0.0689441	0.0452779	0.0389466	0	3.824818	1.600619	0.6615394	0.3384606	39.86753
5000	8.66879	-20.9747	29.6435	0.193225	0.806775	5.942445	0.223341	0.205068	0.197103	0.113309	0.0703899	0.045229	0.0392967	0	2.23224	1.87654	0.806775	0.193225	75.25581
