Iteration	Posterior	Likelihood	Prior	clado_type_probs[1]	clado_type_probs[2]	distance_scale	epoch_times[1]	epoch_times[2]	epoch_times[3]	epoch_times[4]	epoch_times[5]	epoch_times[6]	epoch_times[7]	epoch_times[8]	extirpation_rate	log10_rate_bg	p_allopatry	p_sympatry	rate_bg
0	-69.1011	-100.149	31.0475	0.258109	0.741891	0.01	0.392106	0.359196	0.164836	0.131591	0.124868	0.0669627	0.00929024	0	0.2226222	-2	0.7418912	0.2581088	0.01
10	4.33713	-23.9898	28.3269	0.616939	0.383061	0.006477597	0.391336	0.365861	0.161265	0.128463	0.125458	0.0667306	0.0093041	0	2.943185	1.924069	0.3830608	0.6169392	83.95934
20	4.29697	-22.8031	27.1001	0.38906	0.61094	0.006124001	0.390105	0.364615	0.162377	0.132407	0.124465	0.0660447	0.00921752	0	4.170003	1.639088	0.6109399	0.3890601	43.55999
30	3.12525	-26.3699	29.4952	0.137041	0.862959	0.07335129	0.400081	0.376341	0.162867	0.131875	0.12136	0.0657669	0.009268	0	1.774912	1.811958	0.8629591	0.1370409	64.85712
40	4.7013	-22.6805	27.3818	0.592186	0.407814	0.378071	0.402849	0.377099	0.159061	0.129358	0.120392	0.0662584	0.00929425	0	3.888294	1.607135	0.4078141	0.5921859	40.47017
50	4.69281	-23.3883	28.0811	0.51484	0.48516	1.554061	0.408549	0.375692	0.157389	0.132332	0.121285	0.0661269	0.00898476	0	3.189017	1.231686	0.4851598	0.5148402	17.04849
60	5.48188	-22.6598	28.1417	0.0165208	0.983479	4.387333	0.395935	0.375983	0.159276	0.128283	0.123898	0.0658411	0.00889866	0	3.128422	1.379788	0.9834792	0.01652085	23.97662
70	7.21651	-20.9801	28.1966	0.816366	0.183634	2.904918	0.401581	0.375821	0.162575	0.132233	0.121508	0.0659399	0.0090867	0	3.073503	1.908088	0.1836344	0.8163656	80.92598
80	6.88786	-20.7059	27.5937	0.437618	0.562382	2.780103	0.394239	0.377059	0.164995	0.128117	0.12411	0.0683438	0.00920123	0	3.676341	1.787645	0.5623819	0.4376181	61.3261
90	5.94581	-20.6089	26.5547	0.378329	0.621671	1.620887	0.392765	0.371328	0.165229	0.130429	0.123424	0.0678782	0.00911867	0	4.715422	1.875786	0.6216715	0.3783285	75.12532
100	6.42856	-21.8039	28.2325	0.790913	0.209087	2.070913	0.397073	0.374467	0.163785	0.133514	0.125806	0.0662687	0.00928531	0	3.037634	1.731312	0.2090869	0.7909131	53.86565
110	5.18974	-20.6256	25.8154	0.388441	0.611559	2.569766	0.402618	0.367236	0.157094	0.134256	0.125958	0.066761	0.00927082	0	5.454725	1.429571	0.6115586	0.3884414	26.88877
120	5.85563	-21.0621	26.9177	0.254876	0.745124	1.406072	0.398851	0.363328	0.1619	0.131123	0.119931	0.0659343	0.00921807	0	4.352352	1.802074	0.7451243	0.2548757	63.39771
130	5.82867	-21.1057	26.9344	0.825782	0.174218	5.11624	0.398408	0.373319	0.162532	0.127933	0.120071	0.0668027	0.00931318	0	4.335707	1.611866	0.1742183	0.8257817	40.91346
140	6.47282	-22.1794	28.6522	0.0667062	0.933294	2.108829	0.404909	0.37161	0.160062	0.13107	0.12308	0.0677728	0.00890474	0	2.617907	1.796751	0.9332938	0.06670616	62.62548
150	7.32962	-21.3583	28.6879	0.92376	0.0762398	3.014489	0.390728	0.376425	0.16146	0.132054	0.125744	0.0687781	0.00904315	0	2.582181	1.977322	0.0762398	0.9237602	94.91223
160	6.2325	-19.9081	26.1406	0.252117	0.747883	2.520147	0.389795	0.375783	0.163213	0.129138	0.1233	0.0676559	0.00907447	0	5.129528	1.829362	0.7478831	0.2521169	67.50908
170	7.01342	-20.6873	27.7007	0.93203	0.0679698	3.192781	0.393169	0.368302	0.162682	0.127925	0.124176	0.0691583	0.00908895	0	3.569397	1.774248	0.06796979	0.9320302	59.46314
180	5.98181	-22.046	28.0278	0.20478	0.79522	4.9292	0.405388	0.369439	0.16204	0.129746	0.12157	0.0677926	0.00892522	0	3.242323	1.541013	0.7952197	0.2047803	34.75468
190	6.86127	-20.4448	27.306	0.253007	0.746993	4.515917	0.395891	0.370562	0.163049	0.133025	0.120071	0.0681448	0.0089731	0	3.964067	1.760872	0.7469931	0.2530069	57.65969
200	5.07647	-20.579	25.6555	0.0551744	0.944826	5.167714	0.397233	0.367441	0.164488	0.129581	0.124303	0.0659347	0.00921036	0	5.614614	1.602992	0.9448256	0.05517443	40.08596
210	6.28761	-21.4919	27.7795	0.72258	0.27742	1.900134	0.403295	0.361502	0.162748	0.13002	0.122293	0.066893	0.00923214	0	3.490567	1.716258	0.2774205	0.7225795	52.03052
220	7.16686	-21.2865	28.4533	0.0717203	0.92828	5.553089	0.406868	0.370323	0.162597	0.128964	0.125858	0.0674683	0.00930223	0	2.81675	1.864386	0.9282797	0.07172028	73.17897
230	7.18787	-22.2111	29.399	0.910649	0.0893512	4.037703	0.402751	0.362673	0.163261	0.132016	0.121635	0.0685242	0.0090659	0	1.871104	1.8899	0.0893512	0.9106488	77.60679
240	6.69185	-21.214	27.9058	0.722928	0.277072	6.085905	0.395097	0.36022	0.165258	0.129309	0.12243	0.068601	0.0090278	0	3.364271	1.884355	0.2770718	0.7229282	76.62227
250	5.02826	-24.0629	29.0911	0.372374	0.627626	3.15876	0.393475	0.360767	0.163573	0.129389	0.122506	0.0684102	0.00899354	0	2.178945	1.30245	0.6276258	0.3723742	20.06552
260	1.04247	-25.0283	26.0708	0.548566	0.451434	8.169521	0.392968	0.360943	0.163683	0.131687	0.119927	0.0689453	0.00891034	0	5.199266	1.488194	0.451434	0.548566	30.77469
270	6.37093	-20.8005	27.1715	0.874082	0.125918	5.775093	0.403475	0.37559	0.16057	0.132	0.121771	0.0668099	0.00903993	0	4.098637	1.822456	0.1259179	0.8740821	66.44397
280	6.60536	-21.0336	27.639	0.691925	0.308075	3.462811	0.397806	0.371466	0.158819	0.131521	0.122607	0.0674501	0.00917654	0	3.631086	1.615623	0.3080748	0.6919252	41.26894
290	7.045	-20.0709	27.1159	0.324218	0.675782	4.281067	0.392553	0.376745	0.157746	0.131919	0.120589	0.0683468	0.00930855	0	4.154164	1.830888	0.6757816	0.3242184	67.74672
300	4.72728	-20.4699	25.1972	0.0207288	0.979271	1.04164	0.390064	0.375662	0.159066	0.134558	0.122316	0.0690904	0.00914791	0	6.072896	1.726057	0.9792712	0.02072875	53.21778
310	3.04332	-23.3641	26.4074	0.56699	0.43301	0.8336174	0.391866	0.370497	0.162514	0.133719	0.121588	0.0687673	0.00927694	0	4.862652	0.9796819	0.4330102	0.5669898	9.542934
320	5.64179	-22.4658	28.1076	0.368775	0.631225	1.031815	0.389246	0.376508	0.162914	0.133302	0.123704	0.0682885	0.00929209	0	3.162471	1.818902	0.6312252	0.3687748	65.90258
330	4.53146	-19.6307	24.1621	0.693334	0.306666	5.230595	0.396884	0.366616	0.160715	0.130021	0.120908	0.0680784	0.00928348	0	7.10796	1.767395	0.306666	0.693334	58.53216
340	7.19214	-20.229	27.4211	0.952914	0.0470857	5.221973	0.395547	0.362828	0.164036	0.132786	0.120905	0.0682431	0.00918467	0	3.84894	1.947388	0.04708568	0.9529143	88.59066
350	1.93813	-27.1726	29.1108	0.648519	0.351481	4.287019	0.391581	0.375114	0.163765	0.131912	0.125047	0.0691469	0.00930377	0	2.15933	1.050868	0.351481	0.648519	11.24263
360	7.01429	-20.13	27.1443	0.827792	0.172208	4.988847	0.397066	0.377503	0.165148	0.128359	0.12476	0.0691682	0.00915347	0	4.125826	1.893712	0.1722084	0.8277916	78.29107
370	6.41249	-21.4114	27.8239	0.247144	0.752856	3.676817	0.3958	0.372865	0.164196	0.134552	0.123133	0.068646	0.00908135	0	3.446199	1.539232	0.7528563	0.2471437	34.61243
380	5.60138	-22.0256	27.627	0.575198	0.424802	2.268123	0.403039	0.363712	0.16365	0.132305	0.121209	0.0670126	0.00908283	0	3.643101	1.394297	0.4248018	0.5751982	24.79114
390	7.26371	-19.8642	27.1279	0.52725	0.47275	4.49559	0.39684	0.363024	0.158225	0.131028	0.120367	0.0682158	0.00922709	0	4.142214	1.951948	0.47275	0.52725	89.5258
400	6.29106	-20.3588	26.6498	0.422671	0.577329	3.91045	0.393462	0.377219	0.161093	0.129151	0.120503	0.0679701	0.00914601	0	4.620263	1.636155	0.5773291	0.4226709	43.26682
410	6.79316	-21.7833	28.5764	0.451061	0.548939	4.554377	0.396356	0.373347	0.163055	0.131902	0.122331	0.0674122	0.00929629	0	2.693668	1.668263	0.5489387	0.4510613	46.58677
420	5.03072	-25.3347	30.3654	0.914319	0.0856809	3.375866	0.40331	0.362187	0.163674	0.131667	0.124458	0.0680956	0.00933567	0	0.9046923	1.973779	0.08568092	0.9143191	94.1411
430	5.20595	-22.4819	27.6878	0.283008	0.716992	0.6790371	0.402533	0.36693	0.163955	0.134011	0.122817	0.0691755	0.00932652	0	3.582244	1.728511	0.7169924	0.2830076	53.51935
440	6.99405	-19.6411	26.6351	0.318379	0.681621	3.786989	0.395776	0.366008	0.16174	0.12856	0.12571	0.0671475	0.00929571	0	4.634972	1.937298	0.6816206	0.3183794	86.55614
450	7.68285	-20.4389	28.1218	0.486497	0.513503	4.538071	0.3883	0.366717	0.164438	0.130734	0.125866	0.0691134	0.00928382	0	3.148319	1.970597	0.5135032	0.4864968	93.45375
460	6.83302	-22.4608	29.2939	0.510922	0.489078	2.912235	0.392358	0.360114	0.163188	0.131747	0.125212	0.0662858	0.0092903	0	1.976223	1.888218	0.4890781	0.5109219	77.30683
470	6.85659	-23.1127	29.9693	0.275923	0.724077	4.693619	0.391199	0.362187	0.15749	0.134276	0.122004	0.0668308	0.00917246	0	1.300801	1.995864	0.724077	0.275923	99.05211
480	4.07013	-24.2918	28.3619	0.00391406	0.996086	3.561976	0.396236	0.359641	0.161481	0.134395	0.121193	0.067125	0.00902398	0	2.908186	1.089419	0.9960859	0.003914064	12.28625
490	7.0205	-21.5836	28.6041	0.812187	0.187813	2.807122	0.404641	0.367377	0.163399	0.132868	0.125328	0.0684381	0.00893168	0	2.66601	1.847728	0.1878131	0.8121869	70.4252
500	4.1693	-20.4156	24.5849	0.263768	0.736232	2.769548	0.400224	0.369628	0.162801	0.134473	0.12575	0.0685102	0.00896336	0	6.685172	1.356132	0.7362324	0.2637676	22.70556
510	5.14511	-19.4088	24.5539	0.0567195	0.943281	3.714224	0.391833	0.360928	0.161836	0.132356	0.121754	0.0681374	0.00904834	0	6.71615	1.682223	0.9432805	0.0567195	48.10867
520	5.38733	-19.8473	25.2347	0.340362	0.659638	2.499871	0.392672	0.366942	0.16335	0.130966	0.12018	0.0685062	0.00894804	0	6.035422	1.640694	0.6596382	0.3403618	43.72141
530	6.07793	-19.3718	25.4498	0.534979	0.465021	3.152291	0.390012	0.364841	0.162454	0.130404	0.123727	0.0685428	0.0088945	0	5.820328	1.88593	0.4650213	0.5349787	76.90067
540	6.02149	-22.2059	28.2274	0.396546	0.603454	1.724139	0.392662	0.363519	0.160726	0.133234	0.125015	0.0685434	0.00894196	0	3.042669	1.657278	0.6034539	0.3965461	45.42324
550	3.98117	-20.5745	24.5557	0.700603	0.299397	0.9219919	0.401079	0.377408	0.157397	0.134495	0.123634	0.0689044	0.00909057	0	6.714373	1.519321	0.299397	0.700603	33.0614
560	5.03491	-18.9284	23.9633	0.0508284	0.949172	2.962953	0.406577	0.367885	0.159453	0.13303	0.124688	0.068693	0.0091117	0	7.306746	1.988329	0.9491716	0.0508284	97.3485
570	6.42011	-21.0819	27.502	0.308113	0.691887	4.390973	0.404081	0.367452	0.158688	0.128083	0.120537	0.0675547	0.00919732	0	3.768043	1.604351	0.691887	0.308113	40.21153
580	6.41719	-20.393	26.8102	0.286462	0.713538	5.074641	0.389444	0.361202	0.165241	0.132049	0.120861	0.0667515	0.00923967	0	4.459852	1.756106	0.713538	0.286462	57.0304
590	5.83286	-22.5248	28.3577	0.227921	0.772079	2.696516	0.388727	0.365643	0.162693	0.129681	0.124311	0.0660239	0.00915245	0	2.912376	1.392567	0.7720789	0.2279211	24.6926
600	4.69423	-22.5712	27.2654	0.0656681	0.934332	6.344437	0.396488	0.36259	0.16462	0.128783	0.124447	0.0677402	0.00926653	0	4.004681	1.55466	0.9343319	0.06566805	35.86414
610	6.41134	-22.4527	28.864	0.318725	0.681275	2.211288	0.39243	0.360948	0.161906	0.128505	0.122836	0.0659875	0.00926414	0	2.406055	1.762382	0.6812755	0.3187245	57.86053
620	7.25276	-19.9041	27.1568	0.786627	0.213373	3.807672	0.392399	0.364509	0.162535	0.128515	0.123817	0.0679142	0.0092026	0	4.113252	1.934008	0.2133733	0.7866267	85.90293
630	4.68307	-25.1601	29.8432	0.265427	0.734573	3.115508	0.403925	0.364939	0.163187	0.134484	0.122564	0.0688425	0.0092945	0	1.426889	1.384835	0.7345733	0.2654267	24.25687
640	4.67164	-21.1508	25.8225	0.184038	0.815962	4.712513	0.401194	0.375367	0.162013	0.133729	0.121322	0.0677799	0.00919033	0	5.447635	1.438338	0.815962	0.184038	27.43709
650	7.13783	-20.1579	27.2958	0.789884	0.210116	4.518669	0.396841	0.370558	0.157651	0.134645	0.120933	0.0663157	0.00924374	0	3.974337	1.858235	0.2101163	0.7898837	72.14973
660	5.45743	-21.2047	26.6621	0.982544	0.0174557	1.235519	0.38837	0.360177	0.159655	0.129186	0.120757	0.067838	0.0092346	0	4.607951	1.661631	0.01745574	0.9825443	45.88076
670	2.84977	-27.598	30.4478	0.602467	0.397533	4.317517	0.395535	0.367717	0.160391	0.129083	0.119961	0.0666571	0.00923141	0	0.8223001	1.507031	0.3975329	0.6024671	32.13893
680	7.53494	-21.5552	29.0901	0.351279	0.648721	5.124175	0.400106	0.367951	0.157685	0.131582	0.120324	0.0691116	0.00899505	0	2.179985	1.958397	0.6487208	0.3512792	90.86508
690	6.13018	-23.1264	29.2565	0.38851	0.61149	4.070972	0.396609	0.375911	0.157414	0.129547	0.125724	0.0675616	0.00894698	0	2.013559	1.562856	0.6114901	0.3885099	36.54733
700	5.37979	-24.8786	30.2584	0.438284	0.561716	5.063106	0.403007	0.368095	0.159117	0.128876	0.123876	0.0658375	0.00888386	0	1.011699	1.819811	0.5617158	0.4382842	66.04057
710	4.96631	-22.8952	27.8616	0.17439	0.82561	4.214193	0.40607	0.366875	0.158091	0.132087	0.124368	0.0665851	0.00898667	0	3.408537	1.297265	0.8256102	0.1743898	19.82737
720	6.61413	-20.6622	27.2763	0.694459	0.305541	4.101515	0.390995	0.371397	0.159839	0.133027	0.124759	0.0687742	0.00933819	0	3.993779	1.656308	0.305541	0.694459	45.32184
730	5.72931	-21.9737	27.703	0.219544	0.780456	6.319078	0.388743	0.366241	0.157077	0.133231	0.1216	0.0675156	0.00896258	0	3.567057	1.711414	0.7804557	0.2195443	51.45344
740	4.19752	-19.3778	23.5753	0.315843	0.684157	5.040052	0.399188	0.361802	0.157885	0.133964	0.120006	0.0676756	0.00909995	0	7.694754	1.78235	0.6841566	0.3158434	60.58293
750	7.02289	-20.8043	27.8272	0.384954	0.615046	2.595969	0.402186	0.361797	0.159783	0.134378	0.12321	0.0677448	0.00918258	0	3.442875	1.91437	0.6150459	0.3849541	82.10509
760	6.90808	-21.5633	28.4713	0.10012	0.89988	6.387668	0.405354	0.365309	0.163099	0.130003	0.121174	0.0676459	0.00908733	0	2.798742	1.959256	0.8998801	0.1001199	91.04497
770	5.90161	-21.1333	27.0349	0.183796	0.816204	1.929898	0.401964	0.372193	0.162132	0.132234	0.122164	0.0682661	0.0088914	0	4.235177	1.580718	0.8162038	0.1837962	38.08188
780	5.52049	-19.4629	24.9834	0.971956	0.0280442	2.31018	0.401332	0.373011	0.159252	0.13122	0.121117	0.0690283	0.008957	0	6.286735	1.956409	0.02804421	0.9719558	90.45016
790	5.80329	-23.3205	29.1238	0.476729	0.523271	2.624318	0.397246	0.367566	0.157063	0.130938	0.122096	0.0673458	0.00900936	0	2.146286	1.5091	0.5232708	0.4767292	32.29236
800	6.00889	-19.4656	25.4745	0.0561312	0.943869	3.541361	0.406494	0.362574	0.158291	0.128421	0.124017	0.0667277	0.00926228	0	5.79562	1.775113	0.9438688	0.05613122	59.58175
810	4.70794	-20.401	25.1089	0.764354	0.235646	1.121662	0.408074	0.359562	0.157868	0.128192	0.125554	0.0678888	0.00920644	0	6.16116	1.701872	0.2356462	0.7643538	50.33521
820	6.20787	-20.7341	26.9419	0.371711	0.628289	2.709616	0.392334	0.361049	0.160684	0.12965	0.121698	0.0682304	0.00900211	0	4.328143	1.591695	0.6282886	0.3717114	39.05665
830	7.64708	-20.7491	28.3962	0.389125	0.610875	3.874307	0.391408	0.367836	0.158284	0.130489	0.119981	0.0691034	0.00889467	0	2.873912	1.966817	0.6108751	0.3891249	92.64392
840	4.96003	-20.9273	25.8873	0.440408	0.559592	1.015963	0.395293	0.368905	0.157587	0.132823	0.120302	0.0673749	0.00901495	0	5.382801	1.648455	0.5595922	0.4404078	44.50973
850	5.91933	-20.9244	26.8437	0.149093	0.850907	4.741237	0.392071	0.370856	0.157536	0.134293	0.121196	0.0671777	0.00891686	0	4.426401	1.587153	0.8509075	0.1490925	38.65035
860	3.74862	-18.8821	22.6307	0.165219	0.834781	4.597309	0.399301	0.374029	0.158673	0.13374	0.1211	0.0669378	0.00915501	0	8.639413	1.841754	0.834781	0.165219	69.46302
870	6.26106	-20.2565	26.5176	0.486315	0.513685	2.439174	0.408208	0.367743	0.157089	0.133284	0.125364	0.0664815	0.00899808	0	4.752491	1.74368	0.5136846	0.4863154	55.42172
880	6.48887	-20.9363	27.4252	0.783306	0.216694	2.05224	0.406056	0.375282	0.161366	0.13011	0.125629	0.0663554	0.00889185	0	3.844883	1.830127	0.2166936	0.7833064	67.62814
890	6.95856	-22.0093	28.9679	0.982629	0.0173709	6.220812	0.402757	0.372979	0.163072	0.128995	0.12116	0.0672099	0.00901667	0	2.30222	1.941997	0.0173709	0.9826291	87.49781
900	4.84501	-23.9242	28.7692	0.489942	0.510058	7.312247	0.404135	0.364416	0.160502	0.129374	0.124095	0.0667111	0.00900543	0	2.500849	1.718038	0.5100582	0.4899418	52.24422
910	6.87966	-22.2418	29.1214	0.642761	0.357239	3.092353	0.398142	0.362502	0.160866	0.131287	0.122872	0.0685118	0.00924683	0	2.148664	1.802774	0.3572393	0.6427607	63.50006
920	5.47242	-21.2353	26.7077	0.301957	0.698043	4.58963	0.390281	0.361992	0.159048	0.13174	0.124893	0.0688234	0.00923809	0	4.5624	1.486584	0.6980432	0.3019568	30.66085
930	5.43297	-23.0512	28.4842	0.151998	0.848002	7.832349	0.40402	0.367036	0.159811	0.131712	0.126017	0.0691709	0.00910435	0	2.785905	1.946775	0.8480016	0.1519984	88.46573
940	6.8493	-22.379	29.2283	0.170702	0.829298	4.637993	0.397535	0.362537	0.161852	0.133609	0.122699	0.0683866	0.00895491	0	2.041835	1.734325	0.8292981	0.1707019	54.24061
950	2.99939	-27.0248	30.0242	0.0356738	0.964326	5.595827	0.393402	0.368975	0.162367	0.132446	0.124128	0.0685327	0.00902879	0	1.245875	1.337396	0.9643262	0.03567381	21.74683
960	4.7154	-19.9128	24.6282	0.842979	0.157021	5.064462	0.396423	0.3666	0.16383	0.134053	0.124463	0.0684677	0.00904868	0	6.641934	1.690602	0.1570207	0.8429793	49.04579
970	7.0201	-19.8268	26.8469	0.00995939	0.990041	3.186057	0.398489	0.377678	0.162633	0.131502	0.123237	0.0687084	0.00928598	0	4.423178	1.991844	0.9900406	0.009959387	98.13962
980	4.72232	-19.8244	24.5467	0.78892	0.21108	1.639069	0.399219	0.367803	0.164411	0.130481	0.125398	0.0678063	0.00923644	0	6.723389	1.726094	0.2110802	0.7889198	53.22235
990	6.28791	-20.2331	26.521	0.0170631	0.982937	5.298204	0.408342	0.372045	0.159254	0.132107	0.125292	0.0667557	0.00896181	0	4.749111	1.81149	0.9829369	0.01706311	64.78731
1000	6.77341	-19.918	26.6914	0.317182	0.682818	5.404966	0.401427	0.375495	0.159901	0.127947	0.12365	0.0678724	0.00921535	0	4.578688	1.978352	0.6828177	0.3171823	95.13751
1010	6.26407	-21.2275	27.4915	0.46785	0.53215	6.63436	0.400763	0.373676	0.159904	0.128572	0.12162	0.0658148	0.00911154	0	3.778555	1.947344	0.5321495	0.4678505	88.58163
1020	5.52538	-21.2646	26.79	0.150056	0.849944	6.796048	0.408266	0.37039	0.158686	0.128078	0.123781	0.0657995	0.00902276	0	4.480124	1.89443	0.8499444	0.1500556	78.42056
1030	6.22299	-21.0836	27.3066	0.68179	0.31821	4.450891	0.400514	0.364814	0.164804	0.129382	0.123216	0.0670524	0.00900047	0	3.963455	1.595373	0.3182097	0.6817903	39.38879
1040	6.65689	-21.3699	28.0268	0.0642732	0.935727	6.180415	0.394594	0.360314	0.163992	0.128816	0.122596	0.0659278	0.00917863	0	3.243308	1.870699	0.9357268	0.06427316	74.25037
1050	5.84161	-20.5895	26.4311	0.00932066	0.990679	3.370986	0.390444	0.362326	0.161315	0.13107	0.120692	0.0660152	0.00932701	0	4.839032	1.498444	0.9906793	0.009320662	31.50971
1060	6.05597	-22.7794	28.8354	0.078901	0.921099	5.238776	0.393034	0.36279	0.15974	0.130373	0.12187	0.0668284	0.00924544	0	2.4347	1.57372	0.921099	0.07890096	37.47309
1070	7.54243	-21.607	29.1494	0.686732	0.313268	4.003618	0.396713	0.367651	0.157676	0.129529	0.121791	0.0663557	0.00918138	0	2.120687	1.963498	0.313268	0.686732	91.93866
1080	6.8104	-22.8459	29.6563	0.596704	0.403296	4.020965	0.398843	0.362487	0.160453	0.131715	0.12121	0.0677343	0.00915076	0	1.613777	1.850649	0.403296	0.596704	70.90041
1090	6.56694	-20.1117	26.6787	0.809973	0.190027	2.798217	0.400112	0.369527	0.160503	0.128584	0.126193	0.0670672	0.00916111	0	4.591397	1.792997	0.1900268	0.8099732	62.08651
1100	6.72031	-22.6025	29.3228	0.319689	0.680311	4.641982	0.400898	0.376676	0.157241	0.130219	0.125611	0.0686329	0.00923428	0	1.947278	1.717931	0.6803106	0.3196894	52.23131
1110	2.8296	-23.0427	25.8723	0.683152	0.316848	3.791842	0.388886	0.376084	0.15935	0.128493	0.124805	0.0683814	0.00929595	0	5.397815	1.100969	0.3168477	0.6831523	12.61738
1120	4.33875	-19.5026	23.8414	0.335722	0.664278	2.619536	0.39185	0.35897	0.157139	0.130565	0.125194	0.0674486	0.00926287	0	7.428694	1.570532	0.6642777	0.3357223	37.19906
1130	4.37158	-21.0677	25.4393	0.603575	0.396425	1.543546	0.38832	0.36781	0.158402	0.128898	0.125929	0.0680313	0.00925597	0	5.830804	1.335186	0.3964245	0.6035755	21.63646
1140	6.6708	-22.6928	29.3636	0.0885488	0.911451	2.577742	0.392225	0.366711	0.16001	0.129827	0.1252	0.06709	0.00919654	0	1.906534	1.987248	0.9114512	0.0885488	97.10653
1150	7.50174	-20.1057	27.6074	0.000649916	0.99935	3.922107	0.396636	0.367301	0.158067	0.131707	0.123688	0.0683149	0.00908792	0	3.66269	1.974912	0.9993501	0.0006499165	94.38691
1160	4.08456	-20.4305	24.5151	0.678258	0.321742	0.6724277	0.403723	0.37555	0.159571	0.133117	0.124192	0.0683106	0.00920117	0	6.755022	1.807699	0.3217415	0.6782585	64.2243
1170	5.12886	-22.862	27.9909	0.313123	0.686877	0.4856848	0.400516	0.367153	0.157504	0.134021	0.120767	0.0681519	0.0092974	0	3.279229	1.999707	0.6868772	0.3131228	99.9326
1180	6.76295	-21.5094	28.2724	0.493462	0.506538	2.171342	0.404169	0.376117	0.160722	0.131668	0.120971	0.0678994	0.0089283	0	2.997706	1.924821	0.5065383	0.4934617	84.10486
1190	5.27788	-21.9887	27.2666	0.325719	0.674281	5.177997	0.400213	0.372497	0.161965	0.130705	0.121915	0.068334	0.00899463	0	4.003489	1.488612	0.6742809	0.3257191	30.80436
1200	5.03531	-22.6138	27.6491	0.693513	0.306487	3.265195	0.395246	0.368848	0.163928	0.129739	0.120119	0.0672608	0.00919704	0	3.62094	1.28094	0.306487	0.693513	19.09587
1210	5.91962	-19.9236	25.8432	0.393021	0.606979	2.870557	0.392218	0.377279	0.164135	0.133219	0.120713	0.0675322	0.00900805	0	5.426847	1.674658	0.6069787	0.3930213	47.27784
1220	5.70141	-21.8802	27.5816	0.157778	0.842222	3.698172	0.389078	0.37671	0.163044	0.131273	0.126042	0.0684484	0.00923902	0	3.688453	1.380658	0.8422216	0.1577784	24.02469
1230	5.23513	-20.6097	25.8449	0.928692	0.0713079	6.375167	0.388799	0.367257	0.160798	0.131068	0.12271	0.0686187	0.00899898	0	5.425223	1.882738	0.07130795	0.9286921	76.33752
1240	7.15956	-20.1444	27.3039	0.805552	0.194448	4.170792	0.391016	0.370752	0.163937	0.131975	0.125596	0.0685221	0.00904933	0	3.96617	1.852633	0.1944481	0.8055519	71.22516
1250	6.78226	-21.5523	28.3346	0.478027	0.521973	5.099621	0.400766	0.370394	0.164286	0.128102	0.124959	0.0677299	0.00932817	0	2.93551	1.716106	0.5219733	0.4780267	52.01228
1260	7.05578	-20.7472	27.803	0.0773645	0.922635	4.985886	0.394735	0.360462	0.164584	0.132367	0.125778	0.06818	0.00918836	0	3.467084	1.800548	0.9226355	0.0773645	63.1754
1270	7.12765	-21.2768	28.4045	0.254905	0.745095	5.399798	0.397759	0.368326	0.163727	0.129575	0.123949	0.0674538	0.00928993	0	2.865636	1.83618	0.7450948	0.2549052	68.57731
1280	6.97293	-21.1147	28.0877	0.443263	0.556737	2.350552	0.396932	0.371726	0.162885	0.128916	0.123092	0.0660897	0.00927746	0	3.182432	1.997117	0.5567369	0.4432631	99.33846
1290	5.48004	-19.1552	24.6353	0.969869	0.0301307	3.000529	0.404122	0.371085	0.160108	0.13044	0.120677	0.0670279	0.009074	0	6.634831	1.878963	0.03013071	0.9698693	75.67689
1300	6.31366	-23.6665	29.9802	0.285284	0.714716	4.820292	0.402819	0.360376	0.160269	0.132832	0.121169	0.0688949	0.00924278	0	1.289885	1.832057	0.7147155	0.2852845	67.92936
1310	5.35234	-20.3659	25.7182	0.973415	0.0265851	5.618241	0.394213	0.366378	0.164594	0.130013	0.123778	0.0662669	0.00923317	0	5.551848	1.749467	0.02658512	0.9734149	56.16519
1320	5.73278	-19.7551	25.4879	0.194179	0.805821	5.044396	0.397821	0.372429	0.162764	0.128925	0.124156	0.0660303	0.00934068	0	5.782178	1.798194	0.8058206	0.1941794	62.83391
1330	5.21261	-23.0244	28.2371	0.651583	0.348417	7.443716	0.392334	0.368419	0.164346	0.132336	0.122492	0.0663695	0.00904772	0	3.033037	1.815058	0.3484166	0.6515834	65.32176
1340	6.57604	-20.5783	27.1543	0.723879	0.276121	4.34387	0.392608	0.371027	0.15914	0.132411	0.121793	0.0676374	0.00915488	0	4.115766	1.682298	0.2761207	0.7238793	48.11695
1350	7.06815	-22.1064	29.1745	0.773709	0.226291	6.287353	0.394589	0.363022	0.158072	0.130289	0.122565	0.0667099	0.00916717	0	2.095571	1.989457	0.226291	0.773709	97.60162
1360	6.4925	-23.0427	29.5352	0.262883	0.737117	3.14874	0.388662	0.37088	0.15987	0.130776	0.121299	0.0690889	0.00921783	0	1.734906	1.778488	0.7371168	0.2628832	60.04661
1370	7.54198	-20.8742	28.4162	0.474105	0.525895	3.925481	0.394539	0.367169	0.161015	0.133791	0.121057	0.0675931	0.00915768	0	2.853936	1.897059	0.5258951	0.4741049	78.89664
1380	7.03887	-20.2291	27.2679	0.561166	0.438834	2.770907	0.390322	0.365128	0.160202	0.132077	0.125401	0.0686354	0.00926751	0	4.002141	1.998242	0.4388339	0.5611661	99.59596
1390	6.85434	-21.3803	28.2346	0.842954	0.157046	2.428076	0.397162	0.359586	0.159355	0.130197	0.123518	0.0684086	0.0092563	0	3.035467	1.840072	0.1570463	0.8429537	69.19458
1400	5.06924	-21.0572	26.1264	0.37614	0.62386	6.86712	0.406869	0.374707	0.161079	0.130895	0.125601	0.0674747	0.00921994	0	5.143692	1.909512	0.6238596	0.3761404	81.19173
1410	7.1084	-22.1217	29.2301	0.783632	0.216368	4.194571	0.388499	0.364045	0.163185	0.132482	0.12412	0.0685277	0.0091851	0	2.040034	1.810218	0.216368	0.783632	64.59791
1420	5.29402	-19.813	25.107	0.941449	0.0585505	4.468711	0.389917	0.366432	0.161532	0.128313	0.122443	0.0675478	0.00906841	0	6.163083	1.673641	0.05855053	0.9414495	47.16726
1430	7.45357	-20.3385	27.7921	0.56364	0.43636	3.364361	0.395077	0.364462	0.163118	0.128357	0.120423	0.0686642	0.00908618	0	3.478022	1.993019	0.4363598	0.5636402	98.40546
1440	6.03737	-19.1524	25.1897	0.222953	0.777047	4.333259	0.39624	0.365193	0.163022	0.131168	0.122409	0.0683244	0.00890976	0	6.080359	1.960442	0.7770473	0.2229527	91.29401
1450	6.08316	-19.4873	25.5705	0.927656	0.0723437	3.037806	0.407578	0.371445	0.163355	0.129085	0.122432	0.0670384	0.00900957	0	5.699598	1.842468	0.07234367	0.9276563	69.57741
1460	6.35844	-23.0442	29.4026	0.501342	0.498658	3.984689	0.404195	0.374956	0.160337	0.133693	0.124543	0.0663235	0.0093309	0	1.867476	1.635947	0.4986579	0.5013421	43.24609
1470	3.28345	-26.307	29.5905	0.455232	0.544768	0.3799586	0.393529	0.372596	0.158626	0.131688	0.123544	0.0670347	0.00911582	0	1.679624	1.713534	0.5447681	0.4552319	51.70517
1480	3.43876	-24.5184	27.9572	0.953741	0.0462594	7.849434	0.395676	0.372427	0.159738	0.13393	0.121296	0.0681292	0.00922341	0	3.31289	1.616654	0.04625935	0.9537406	41.36699
1490	5.71967	-23.6913	29.411	0.7428	0.2572	6.663126	0.392734	0.366895	0.157088	0.133776	0.122185	0.0683886	0.00922853	0	1.859098	1.777166	0.2571998	0.7428002	59.8641
1500	5.90143	-21.8228	27.7243	0.531498	0.468502	1.280852	0.392102	0.360926	0.161705	0.131132	0.122055	0.0685303	0.00899731	0	3.545818	1.816585	0.468502	0.531498	65.55185
1510	4.57912	-21.9616	26.5408	0.47986	0.52014	0.2942755	0.38871	0.359392	0.159757	0.130006	0.122914	0.068553	0.00903458	0	4.729328	1.692376	0.5201404	0.4798596	49.24659
1520	-0.592073	-19.3321	18.7401	0.306903	0.693097	0.2424835	0.389348	0.363203	0.15905	0.128245	0.119926	0.0692074	0.00914884	0	12.53002	1.817405	0.6930965	0.3069035	65.67571
1530	5.15191	-24.5982	29.7501	0.681546	0.318454	1.810838	0.394754	0.375157	0.158301	0.1292	0.123035	0.0686905	0.00900064	0	1.520013	1.867376	0.3184537	0.6815463	73.68445
1540	5.68801	-22.2957	27.9837	0.426706	0.573294	1.877741	0.391978	0.375109	0.163012	0.130074	0.122869	0.0690412	0.00903881	0	3.28636	1.459217	0.5732935	0.4267065	28.78833
1550	6.38186	-20.8044	27.1863	0.0805962	0.919404	4.487009	0.39239	0.371922	0.164262	0.130649	0.125733	0.0685378	0.00895711	0	4.083789	1.630017	0.9194038	0.08059625	42.65965
1560	6.20433	-19.5443	25.7486	0.617867	0.382133	4.201609	0.39428	0.377449	0.161273	0.128917	0.123151	0.0683903	0.00915706	0	5.521463	1.809957	0.3821331	0.6178669	64.55898
1570	6.11496	-21.2475	27.3625	0.816976	0.183024	5.091686	0.396522	0.371588	0.160813	0.130418	0.125128	0.0668331	0.00917812	0	3.907632	1.63272	0.1830243	0.8169757	42.92595
1580	5.00749	-23.505	28.5125	0.248359	0.751641	6.909438	0.389586	0.371904	0.157042	0.13133	0.12612	0.0669652	0.00917494	0	2.757621	1.655298	0.7516408	0.2483592	45.21658
1590	4.7644	-23.1075	27.8719	0.491617	0.508383	2.116267	0.394504	0.376527	0.16142	0.128176	0.120434	0.0688664	0.00924131	0	3.398191	1.196449	0.5083828	0.4916172	15.71987
1600	6.98178	-20.8374	27.8192	0.836543	0.163457	3.824631	0.407222	0.372372	0.164927	0.128682	0.125907	0.0674377	0.00922771	0	3.45092	1.716515	0.1634573	0.8365427	52.06131
1610	6.9882	-20.1541	27.1422	0.180746	0.819254	3.484116	0.408553	0.361135	0.164033	0.128008	0.126013	0.0678545	0.00908086	0	4.127838	1.813661	0.8192537	0.1807463	65.11201
1620	6.55692	-21.3372	27.8941	0.949476	0.0505244	2.049494	0.407055	0.365761	0.16425	0.133257	0.123233	0.0685597	0.00930345	0	3.37601	1.813137	0.05052443	0.9494756	65.03355
1630	5.52239	-20.7334	26.2558	0.192051	0.807949	5.459715	0.398314	0.375259	0.161498	0.132536	0.121791	0.068676	0.00932707	0	5.014291	1.660296	0.8079487	0.1920513	45.74
1640	6.50701	-20.4986	27.0056	0.461323	0.538677	5.673405	0.394918	0.376386	0.162341	0.133261	0.123168	0.067271	0.00919884	0	4.264488	1.860256	0.5386771	0.4613229	72.4863
1650	4.90794	-19.7186	24.6266	0.625548	0.374452	4.195851	0.393235	0.3662	0.157623	0.133972	0.121753	0.0658544	0.00925253	0	6.643513	1.622364	0.3744516	0.6255484	41.91444
1660	4.71183	-24.6067	29.3185	0.279632	0.720368	4.648525	0.39379	0.372208	0.158696	0.134596	0.119998	0.0675923	0.00914532	0	1.951586	1.357816	0.720368	0.279632	22.79377
1670	6.49937	-23.1308	29.6301	0.381831	0.618169	2.920508	0.394917	0.368708	0.158477	0.131012	0.121102	0.0658357	0.00908091	0	1.639942	1.918889	0.6181686	0.3818314	82.96382
1680	6.82434	-20.8494	27.6738	0.772906	0.227094	3.251591	0.392328	0.37319	0.158391	0.133181	0.124159	0.0666113	0.00888274	0	3.59631	1.703538	0.2270942	0.7729058	50.52867
1690	5.30283	-21.3652	26.668	0.160671	0.839329	0.8545092	0.388559	0.372089	0.158018	0.130431	0.124579	0.066824	0.00908494	0	4.602089	1.824538	0.8393293	0.1606707	66.7633
1700	7.01732	-22.6484	29.6657	0.674721	0.325279	3.599849	0.390878	0.370562	0.164243	0.130544	0.125999	0.0679778	0.00930448	0	1.604381	1.992305	0.3252787	0.6747213	98.24378
1710	7.05386	-22.6523	29.7062	0.734387	0.265613	4.908512	0.394631	0.366666	0.164092	0.129098	0.12506	0.0689497	0.00930223	0	1.563913	1.92828	0.2656127	0.7343873	84.77733
1720	5.97889	-19.4266	25.4055	0.367352	0.632648	5.101881	0.38905	0.372822	0.162686	0.128473	0.126113	0.067366	0.00927986	0	5.864627	1.948468	0.6326484	0.3673516	88.81115
1730	6.35556	-23.4503	29.8059	0.931309	0.068691	3.634084	0.400779	0.359509	0.162494	0.13378	0.123154	0.0691711	0.0093356	0	1.464188	1.815561	0.06869104	0.931309	65.39751
1740	7.13652	-22.0501	29.1866	0.68168	0.31832	5.742202	0.389815	0.371447	0.161172	0.132696	0.125031	0.0673861	0.00899956	0	2.083479	1.922952	0.31832	0.68168	83.74365
1750	4.30668	-24.7093	29.0159	0.4411	0.5589	6.522007	0.388364	0.36893	0.162046	0.13337	0.124214	0.0659544	0.00929188	0	2.254146	1.511086	0.5588999	0.4411001	32.44035
1760	4.69562	-21.3736	26.0692	0.505796	0.494204	1.808675	0.391804	0.360994	0.163628	0.129691	0.121997	0.0670094	0.00926917	0	5.200894	1.307349	0.4942036	0.5057964	20.29312
1770	6.9328	-20.5217	27.4545	0.588993	0.411007	3.382395	0.388325	0.365092	0.159443	0.129323	0.121978	0.0668696	0.00915912	0	3.815572	1.746174	0.4110069	0.5889931	55.74091
1780	5.67755	-21.3812	27.0588	0.66357	0.33643	3.451357	0.390135	0.360733	0.163166	0.132458	0.120419	0.0681924	0.00899371	0	4.211329	1.433606	0.3364299	0.6635701	27.13973
1790	6.79231	-21.294	28.0863	0.459006	0.540994	4.982265	0.394757	0.374084	0.161048	0.133643	0.121108	0.067848	0.00892605	0	3.183766	1.723658	0.540994	0.459006	52.92465
1800	6.02937	-22.8532	28.8826	0.420197	0.579803	5.631647	0.390766	0.372582	0.157854	0.128108	0.120315	0.0660989	0.00894938	0	2.387496	1.650204	0.5798033	0.4201967	44.68935
1810	6.98993	-20.5929	27.5828	0.142061	0.857939	3.117814	0.407883	0.376748	0.161426	0.13146	0.124041	0.067255	0.00918142	0	3.687271	1.7749	0.8579395	0.1420605	59.55251
1820	4.5637	-23.1236	27.6873	0.193808	0.806192	0.4383218	0.402897	0.360028	0.160305	0.129233	0.120114	0.0670194	0.0093289	0	3.58279	1.460993	0.8061919	0.1938081	28.90634
1830	6.03777	-19.7318	25.7696	0.81498	0.18502	4.270053	0.393986	0.361443	0.164779	0.130126	0.122192	0.0659807	0.00924638	0	5.500523	1.743269	0.1850198	0.8149802	55.36928
1840	6.34133	-22.2463	28.5877	0.282577	0.717423	2.63407	0.390149	0.368007	0.160816	0.128003	0.120196	0.0661359	0.00899768	0	2.682413	1.580143	0.7174226	0.2825774	38.03143
1850	2.92027	-18.4482	21.3685	0.115509	0.884491	3.754457	0.396686	0.363514	0.15916	0.130144	0.122048	0.0662369	0.00888813	0	9.901607	1.922385	0.8844914	0.1155086	83.63433
1860	6.68781	-20.1923	26.8801	0.924361	0.0756393	3.210314	0.39657	0.367423	0.159168	0.133875	0.120978	0.0670191	0.00932221	0	4.389963	1.743878	0.07563927	0.9243607	55.44705
1870	3.22593	-19.129	22.3549	0.192777	0.807223	1.826423	0.396916	0.374918	0.158017	0.133866	0.123657	0.0690513	0.00910323	0	8.915152	1.740012	0.8072227	0.1927773	54.95556
1880	5.6537	-23.5391	29.1928	0.833577	0.166423	2.308845	0.398476	0.366302	0.163335	0.131919	0.125344	0.0688521	0.00895686	0	2.077306	1.557588	0.1664233	0.8335767	36.10672
1890	6.94761	-22.6081	29.5557	0.789237	0.210763	5.597674	0.394054	0.366958	0.159171	0.132568	0.125718	0.0687743	0.00905257	0	1.714423	1.913188	0.2107629	0.7892371	81.88198
1900	5.10857	-20.0712	25.1797	0.774681	0.225319	3.312531	0.403926	0.374945	0.15907	0.134387	0.125116	0.0682461	0.00919001	0	6.090339	1.520354	0.2253189	0.7746811	33.1401
1910	6.92084	-22.3242	29.245	0.991515	0.0084851	6.158421	0.40534	0.37228	0.162164	0.129454	0.124851	0.0663653	0.00929425	0	2.025047	1.931429	0.008485095	0.9915149	85.39441
1920	4.98146	-18.831	23.8125	0.178405	0.821595	3.300688	0.40476	0.376746	0.16296	0.129218	0.125793	0.0673438	0.0092537	0	7.457617	1.95638	0.8215955	0.1784045	90.44408
1930	7.45482	-21.542	28.9969	0.603268	0.396732	3.672451	0.407125	0.375627	0.162918	0.128101	0.125667	0.0684042	0.00906944	0	2.273222	1.934195	0.3967319	0.6032681	85.93992
1940	7.33546	-20.8285	28.1639	0.98297	0.0170297	4.758738	0.398614	0.364414	0.162188	0.133318	0.123287	0.0685974	0.00902776	0	3.106167	1.854119	0.01702971	0.9829703	71.46923
1950	7.39181	-20.4021	27.7939	0.639588	0.360412	4.269257	0.388375	0.360212	0.158184	0.130889	0.124298	0.0665212	0.0090955	0	3.476196	1.877466	0.3604124	0.6395876	75.41637
1960	7.17606	-20.0102	27.1862	0.215928	0.784072	4.917121	0.390708	0.361497	0.158475	0.128666	0.12453	0.0679025	0.00916757	0	4.083859	1.942102	0.7840719	0.2159281	87.51891
1970	6.972	-22.1179	29.0899	0.348866	0.651134	3.614251	0.406302	0.36803	0.163604	0.128102	0.125254	0.0677471	0.00922165	0	2.18023	1.753107	0.6511342	0.3488658	56.63784
1980	3.74661	-21.2947	25.0413	0.638939	0.361061	7.231378	0.395061	0.377302	0.162232	0.131306	0.123759	0.0660751	0.00901706	0	6.228773	1.889076	0.3610611	0.6389389	77.45977
1990	5.464	-19.0425	24.5065	0.197624	0.802376	3.858317	0.401107	0.368712	0.161042	0.128448	0.122478	0.0664147	0.0092566	0	6.763603	1.864442	0.8023764	0.1976236	73.18836
2000	6.87152	-21.6071	28.4786	0.520025	0.479975	4.129562	0.406237	0.367981	0.160359	0.128855	0.123879	0.0663319	0.00926992	0	2.791475	1.668785	0.4799754	0.5200246	46.64282
2010	6.51992	-21.3926	27.9126	0.984689	0.0153111	2.237825	0.403903	0.36597	0.158391	0.127966	0.120249	0.066384	0.00918488	0	3.357528	1.722776	0.01531106	0.9846889	52.81731
2020	6.11782	-19.7894	25.9072	0.682879	0.317121	4.876172	0.405412	0.361107	0.157714	0.128748	0.125483	0.0687467	0.00930891	0	5.362891	1.80802	0.3171205	0.6828795	64.27168
2030	6.23402	-21.8715	28.1055	0.432303	0.567697	2.035276	0.407816	0.358979	0.157282	0.131026	0.125195	0.0685413	0.00915441	0	3.164551	1.637876	0.5676972	0.4323028	43.43866
2040	7.36769	-21.5494	28.9171	0.407764	0.592236	4.084085	0.401095	0.37444	0.162837	0.131551	0.120708	0.0683744	0.00891943	0	2.352998	1.853242	0.5922362	0.4077638	71.325
2050	7.05924	-21.2112	28.2704	0.284979	0.715021	5.595509	0.394188	0.376594	0.160565	0.129047	0.124102	0.066764	0.00897758	0	2.999647	1.865661	0.7150212	0.2849788	73.3941
2060	5.63174	-22.667	28.2987	0.896081	0.103919	2.659205	0.403855	0.366872	0.158103	0.130988	0.124705	0.0688615	0.00912106	0	2.97138	1.397105	0.1039193	0.8960807	24.95198
2070	2.8552	-24.4647	27.3199	0.303832	0.696168	5.156261	0.40544	0.360521	0.15916	0.131838	0.123876	0.0672913	0.00925251	0	3.950214	1.165307	0.6961677	0.3038323	14.63211
2080	6.74414	-19.6743	26.4184	0.891626	0.108374	4.28478	0.390908	0.36113	0.161868	0.130163	0.122739	0.0658982	0.0089004	0	4.851694	1.885447	0.1083739	0.8916261	76.81523
2090	7.23449	-20.8761	28.1106	0.0995793	0.900421	3.472304	0.406862	0.361139	0.163958	0.129125	0.12379	0.0669665	0.00897026	0	3.159519	1.805773	0.9004207	0.09957926	63.94011
2100	5.55259	-20.4942	26.0467	0.221908	0.778092	6.505611	0.396082	0.362339	0.162699	0.129258	0.122363	0.0658975	0.00892316	0	5.223348	1.996787	0.7780921	0.2219079	99.26296
2110	5.47344	-22.3347	27.8082	0.482451	0.517549	2.591336	0.39899	0.358972	0.16042	0.134308	0.121023	0.0664604	0.00923955	0	3.46193	1.33002	0.5175491	0.4824509	21.38059
2120	3.56103	-23.9491	27.5101	0.774567	0.225433	3.607071	0.404994	0.375527	0.163589	0.134515	0.122473	0.0667869	0.0093122	0	3.759995	1.113275	0.2254326	0.7745674	12.98001
2130	6.12522	-21.7011	27.8263	0.637738	0.362262	4.277362	0.400283	0.376316	0.158924	0.131633	0.120878	0.0670703	0.00912231	0	3.44378	1.525813	0.3622617	0.6377383	33.55933
2140	7.35694	-21.6217	28.9787	0.41978	0.58022	3.219791	0.392283	0.361202	0.164913	0.133624	0.120484	0.0668455	0.00918565	0	2.291426	1.978884	0.5802198	0.4197802	95.25413
2150	7.07543	-21.2423	28.3178	0.0833428	0.916657	3.190996	0.39312	0.368269	0.157208	0.133119	0.122912	0.0658067	0.00889896	0	2.95232	1.766589	0.9166572	0.0833428	58.42371
2160	7.1939	-19.8873	27.0812	0.0140352	0.985965	4.524558	0.396116	0.367851	0.157797	0.132465	0.121069	0.0674403	0.00889101	0	4.188895	1.943784	0.9859648	0.01403518	87.85848
2170	6.90651	-20.46	27.3665	0.109615	0.890385	5.26794	0.393628	0.368783	0.160386	0.129398	0.122191	0.0690223	0.00892728	0	3.903592	1.861652	0.8903846	0.1096154	72.71966
2180	7.70239	-20.454	28.1564	0.559487	0.440513	4.273823	0.394626	0.35936	0.162377	0.130455	0.1218	0.0685686	0.00915945	0	3.113732	1.979162	0.4405132	0.5594868	95.3151
2190	5.67944	-19.9153	25.5947	0.109956	0.890044	1.929525	0.406016	0.368559	0.158289	0.13427	0.124801	0.0681133	0.00904868	0	5.675385	1.909698	0.8900443	0.1099557	81.22661
2200	4.12604	-23.2829	27.4089	0.097913	0.902087	0.8812307	0.405779	0.369097	0.158912	0.13007	0.125145	0.0674763	0.00915472	0	3.861141	1.089944	0.902087	0.09791297	12.3011
2210	5.12511	-23.609	28.7341	0.698148	0.301852	5.658569	0.39961	0.374936	0.158009	0.133199	0.124214	0.066512	0.00930094	0	2.53596	1.50514	0.3018516	0.6981484	31.99929
2220	7.20772	-22.2222	29.4299	0.760169	0.239831	5.138398	0.406933	0.371175	0.16202	0.133998	0.125691	0.0671015	0.00914563	0	1.84014	1.911454	0.2398307	0.7601693	81.55558
2230	6.80247	-20.0623	26.8647	0.273917	0.726083	3.629811	0.39485	0.362426	0.163194	0.129925	0.125981	0.0661649	0.00917231	0	4.405349	1.774588	0.7260828	0.2739172	59.50971
2240	7.26056	-21.3465	28.607	0.37778	0.62222	4.258184	0.404774	0.366993	0.164758	0.133499	0.125793	0.0660536	0.00928857	0	2.663076	1.781833	0.62222	0.37778	60.51082
2250	6.17666	-22.6423	28.819	0.876538	0.123462	4.726917	0.402661	0.360276	0.158487	0.131046	0.125535	0.0668049	0.00926121	0	2.451115	1.581743	0.1234617	0.8765383	38.17182
2260	6.27163	-20.9849	27.2566	0.759366	0.240634	6.180345	0.405895	0.359342	0.163681	0.131602	0.124432	0.0689649	0.00912867	0	4.013523	1.864928	0.2406342	0.7593658	73.27025
2270	3.55774	-21.2534	24.8111	0.804001	0.195999	7.106934	0.405699	0.375068	0.158742	0.133643	0.125197	0.0685049	0.00933116	0	6.458956	1.827323	0.1959986	0.8040014	67.19277
2280	5.19791	-19.3482	24.5462	0.333258	0.666742	2.534625	0.401113	0.360622	0.158521	0.133178	0.122693	0.0681931	0.00900371	0	6.723932	1.802054	0.6667419	0.3332581	63.3949
2290	6.68477	-21.1046	27.7894	0.796635	0.203365	4.832227	0.408554	0.371954	0.159855	0.131598	0.121158	0.0684419	0.00920906	0	3.480668	1.695476	0.2033646	0.7966354	49.59933
2300	5.56683	-20.3398	25.9067	0.1092	0.8908	1.79603	0.404286	0.37064	0.15791	0.127951	0.126189	0.0679055	0.00927541	0	5.363436	1.681357	0.8908003	0.1091997	48.0128
2310	7.22136	-21.2107	28.4321	0.215251	0.784749	3.829547	0.405213	0.377658	0.164832	0.1343	0.122566	0.0682213	0.00910485	0	2.837984	1.767284	0.7847489	0.2152511	58.51722
2320	5.36198	-22.5946	27.9566	0.137834	0.862166	1.521299	0.393656	0.369221	0.165016	0.1343	0.12506	0.0675141	0.00901742	0	3.313514	1.385851	0.8621657	0.1378343	24.31369
2330	4.77581	-19.3535	24.1293	0.286571	0.713429	2.05784	0.390089	0.37694	0.160897	0.131445	0.123934	0.0669555	0.00923765	0	7.140761	1.88691	0.7134292	0.2865708	77.07434
2340	7.12098	-21.2002	28.3212	0.60029	0.39971	3.261522	0.398975	0.373664	0.163149	0.132736	0.12219	0.0681209	0.00929273	0	2.948886	1.772054	0.3997099	0.6002901	59.16345
2350	7.1695	-20.1947	27.3642	0.3366	0.6634	3.950213	0.405839	0.365466	0.159586	0.133589	0.122954	0.0671411	0.00909527	0	3.905857	1.839428	0.6634003	0.3365997	69.09204
2360	5.86734	-22.1572	28.0245	0.0930199	0.90698	6.306945	0.39983	0.375777	0.161506	0.132536	0.12426	0.0669091	0.00928809	0	3.245553	1.702976	0.9069801	0.09301986	50.46334
2370	4.75897	-24.0584	28.8173	0.371094	0.628906	2.103079	0.403509	0.369774	0.160834	0.129991	0.125427	0.0674003	0.00926938	0	2.452749	1.22285	0.628906	0.371094	16.70513
2380	2.82012	-19.4318	22.2519	0.984217	0.015783	4.403726	0.39216	0.376437	0.162131	0.129037	0.122907	0.0675765	0.0091746	0	9.01822	1.585593	0.015783	0.984217	38.51173
2390	5.39717	-24.2526	29.6498	0.700572	0.299428	3.082555	0.396948	0.368213	0.160239	0.128847	0.125948	0.0688014	0.00919067	0	1.620302	1.531549	0.299428	0.700572	34.00549
2400	2.9389	-26.0244	28.9633	0.17914	0.82086	2.423593	0.401239	0.362018	0.15973	0.133685	0.123272	0.0658964	0.0091107	0	2.306784	0.941117	0.8208604	0.1791396	8.732067
2410	6.71686	-20.629	27.3458	0.380814	0.619186	5.88875	0.402231	0.362439	0.161074	0.130353	0.12579	0.0674035	0.00901459	0	3.924239	1.926741	0.6191858	0.3808142	84.47758
2420	6.97869	-20.967	27.9457	0.932867	0.0671326	5.838932	0.408443	0.370564	0.162079	0.129245	0.125608	0.0678243	0.009006	0	3.324362	1.917626	0.06713255	0.9328674	82.72297
2430	6.8035	-20.2328	27.0363	0.364603	0.635397	5.085611	0.397526	0.376158	0.160494	0.129108	0.122415	0.0684318	0.00914209	0	4.233833	1.848199	0.6353972	0.3646028	70.50155
2440	6.18143	-23.1884	29.3698	0.289288	0.710712	5.090463	0.39221	0.370443	0.159886	0.133	0.124959	0.0675502	0.00925929	0	1.900304	1.639357	0.7107117	0.2892883	43.58701
2450	6.03825	-20.451	26.4892	0.866496	0.133504	1.937138	0.389827	0.36264	0.158332	0.132866	0.12331	0.067098	0.00931691	0	4.780881	1.769236	0.1335043	0.8664957	58.78087
2460	6.90317	-20.6572	27.5603	0.0816956	0.918304	2.978509	0.390003	0.36521	0.157858	0.132462	0.120567	0.0670104	0.00925308	0	3.709742	1.752248	0.9183044	0.08169562	56.52599
2470	3.47415	-22.1515	25.6257	0.146172	0.853828	2.27763	0.393177	0.363263	0.158636	0.128654	0.121728	0.0683755	0.00915009	0	5.644423	1.055478	0.8538276	0.1461724	11.36261
2480	4.40602	-22.077	26.483	0.990063	0.00993669	3.177637	0.388756	0.36373	0.16358	0.128887	0.123152	0.0677656	0.00914308	0	4.787056	1.241462	0.009936692	0.9900633	17.4366
2490	5.69107	-23.5718	29.2629	0.539081	0.460919	2.032674	0.399741	0.371617	0.16245	0.131367	0.126197	0.0690076	0.00915845	0	2.007223	1.646037	0.4609188	0.5390812	44.26259
2500	4.33296	-20.5531	24.8861	0.00556862	0.994431	0.6896317	0.388336	0.36509	0.163855	0.132139	0.124652	0.068902	0.00910186	0	6.383989	1.838734	0.9944314	0.005568625	68.98175
2510	6.87007	-21.8245	28.6946	0.331156	0.668844	3.646649	0.392951	0.365509	0.163119	0.129375	0.120098	0.0679865	0.00908215	0	2.575481	1.673129	0.6688442	0.3311558	47.1117
2520	6.6654	-21.9515	28.6169	0.736185	0.263815	2.55452	0.389906	0.369016	0.157418	0.130059	0.124319	0.066737	0.00924211	0	2.653219	1.734419	0.2638148	0.7361852	54.25237
2530	7.05675	-20.2875	27.3442	0.32868	0.67132	4.181458	0.389624	0.362242	0.159643	0.129583	0.122882	0.0689456	0.00903088	0	3.925869	1.80149	0.67132	0.32868	63.31263
2540	6.63847	-20.7902	27.4287	0.242437	0.757563	6.212162	0.401043	0.376521	0.161066	0.131856	0.122969	0.0673125	0.00905993	0	3.841437	1.965075	0.757563	0.242437	92.27306
2550	6.12187	-22.8964	29.0182	0.594168	0.405832	2.544778	0.393141	0.360846	0.163418	0.13462	0.120781	0.0673138	0.00898007	0	2.251847	1.606118	0.4058325	0.5941675	40.37553
2560	1.64734	-18.805	20.4524	0.368475	0.631525	1.588152	0.397651	0.370862	0.162652	0.134521	0.120198	0.0671538	0.00899629	0	10.8177	1.96545	0.631525	0.368475	92.35278
2570	4.64721	-22.1155	26.7628	0.571642	0.428358	6.899553	0.402929	0.372727	0.158113	0.129703	0.120913	0.0679912	0.00912792	0	4.507325	1.710401	0.4283585	0.5716415	51.33352
2580	6.61293	-19.4221	26.035	0.934316	0.0656842	4.099873	0.394849	0.363452	0.160662	0.132013	0.120044	0.0673559	0.00917041	0	5.23508	1.922655	0.06568417	0.9343158	83.68648
2590	6.82096	-19.9351	26.7561	0.519891	0.480109	5.224706	0.40043	0.361422	0.157368	0.132822	0.122243	0.0683181	0.00902956	0	4.514036	1.949357	0.4801086	0.5198914	88.99329
2600	6.60162	-20.6474	27.249	0.445128	0.554872	4.818289	0.400485	0.360395	0.158318	0.132066	0.125794	0.0688242	0.00915591	0	4.021114	1.718096	0.554872	0.445128	52.25113
2610	7.45868	-20.9331	28.3918	0.527566	0.472434	3.715871	0.394085	0.364511	0.158723	0.130212	0.123951	0.0686611	0.00894734	0	2.878297	1.883314	0.4724336	0.5275664	76.43891
2620	5.69371	-22.5608	28.2545	0.376321	0.623679	1.244108	0.389467	0.370062	0.161966	0.130472	0.12608	0.0667692	0.00916054	0	3.015609	1.711174	0.6236788	0.3763212	51.42499
2630	3.88789	-24.8849	28.7728	0.728945	0.271055	0.09594392	0.395946	0.369484	0.162429	0.132854	0.125777	0.0687884	0.0091101	0	2.497316	1.650588	0.2710547	0.7289453	44.72883
2640	4.69801	-22.6536	27.3516	0.705379	0.294621	0.1654546	0.394692	0.369744	0.1634	0.130699	0.122351	0.0678981	0.00912838	0	3.918483	1.87232	0.2946207	0.7053793	74.52803
2650	5.44461	-20.6972	26.1418	0.947648	0.052352	1.670939	0.397191	0.374844	0.164313	0.132435	0.124	0.0677249	0.00910703	0	5.12826	1.604695	0.05235201	0.947648	40.24343
2660	3.96372	-20.6904	24.6542	0.868356	0.131644	0.6045343	0.408013	0.371045	0.161787	0.133599	0.122721	0.0683748	0.00912902	0	6.615938	1.628062	0.1316439	0.8683561	42.46806
2670	4.11832	-21.2572	25.3755	0.867854	0.132146	0.1793748	0.407293	0.373051	0.158232	0.134517	0.123248	0.0670301	0.00898178	0	5.89461	1.876529	0.1321456	0.8678544	75.25384
2680	4.21402	-21.8301	26.0441	0.603033	0.396967	1.092088	0.404225	0.365209	0.157715	0.134474	0.123578	0.0684033	0.00887648	0	5.225956	1.278251	0.3969667	0.6030333	18.97803
2690	6.17534	-19.7793	25.9547	0.925474	0.0745262	5.156501	0.390174	0.361257	0.158374	0.130691	0.124134	0.0683712	0.00896194	0	5.315435	1.882775	0.07452619	0.9254738	76.34404
2700	6.63319	-20.7911	27.4243	0.286905	0.713095	5.030645	0.397298	0.365593	0.158123	0.130027	0.119947	0.0691556	0.00889662	0	3.845836	1.739125	0.7130948	0.2869052	54.84352
2710	6.4391	-23.4555	29.8946	0.547272	0.452728	4.528163	0.391984	0.373855	0.162761	0.128085	0.125541	0.0676687	0.00896605	0	1.375449	1.841557	0.4527284	0.5472716	69.43159
2720	3.82783	-20.5073	24.3352	0.788894	0.211106	1.423548	0.40471	0.375383	0.162447	0.130844	0.124722	0.0660259	0.00899049	0	6.934936	1.396758	0.2111055	0.7888945	24.93208
2730	5.84	-21.1244	26.9644	0.674194	0.325806	5.851222	0.398341	0.377104	0.16087	0.133864	0.125778	0.0661061	0.00888424	0	4.30568	1.733577	0.3258064	0.6741936	54.14729
2740	4.88882	-19.7808	24.6696	0.958036	0.041964	5.366464	0.398235	0.359133	0.160813	0.131044	0.126149	0.0690841	0.00893393	0	6.600466	1.798307	0.04196402	0.958036	62.85025
2750	5.06395	-24.9103	29.9742	0.873751	0.126249	4.515366	0.3949	0.36399	0.158491	0.132426	0.1246	0.0664222	0.00919933	0	1.295856	1.601468	0.1262492	0.8737508	39.94548
2760	7.26768	-21.7305	28.9981	0.500063	0.499937	4.607237	0.399113	0.363748	0.160072	0.133693	0.121255	0.067145	0.00926459	0	2.271938	1.823065	0.4999367	0.5000633	66.53735
2770	6.22519	-19.4809	25.7061	0.705221	0.294779	4.166528	0.394194	0.376218	0.158076	0.133579	0.125573	0.0674217	0.00926423	0	5.56396	1.82632	0.2947794	0.7052206	67.03781
2780	6.09755	-22.2727	28.3703	0.584662	0.415338	2.344163	0.388319	0.369585	0.163764	0.133908	0.123653	0.0691506	0.00918381	0	2.899808	1.534149	0.4153377	0.5846623	34.2097
2790	6.48881	-21.1061	27.5949	0.404474	0.595526	3.524743	0.389958	0.358993	0.162178	0.134359	0.126009	0.0691712	0.00916065	0	3.675196	1.575287	0.595526	0.404474	37.60861
2800	6.04661	-22.5369	28.5836	0.300931	0.699069	6.378815	0.408353	0.37009	0.158591	0.133112	0.120295	0.0682468	0.00930805	0	2.686536	1.735963	0.6990693	0.3009307	54.44564
2810	6.44191	-21.648	28.0899	0.216972	0.783028	5.50507	0.402575	0.367439	0.162454	0.133703	0.120623	0.0666486	0.0091765	0	3.180175	1.694587	0.7830278	0.2169722	49.49797
2820	5.04509	-24.1996	29.2447	0.754147	0.245853	2.019694	0.397794	0.361443	0.162539	0.12949	0.121101	0.0663401	0.00913015	0	2.025396	1.441305	0.2458529	0.7541471	27.62519
2830	5.74108	-21.5128	27.2539	0.151997	0.848003	3.132875	0.398345	0.368252	0.158996	0.13196	0.122851	0.0662089	0.00892679	0	4.016169	1.398907	0.8480032	0.1519968	25.05573
2840	6.93299	-20.2048	27.1378	0.470171	0.529829	3.84254	0.394012	0.368634	0.161084	0.129002	0.120744	0.0663939	0.00890427	0	4.132326	1.787731	0.5298295	0.4701705	61.33819
2850	6.58827	-20.6236	27.2119	0.749471	0.250529	6.078444	0.397804	0.367651	0.164591	0.131587	0.120787	0.0664792	0.00907608	0	4.058201	1.954364	0.2505292	0.7494708	90.02524
2860	6.81941	-19.6895	26.509	0.560721	0.439279	3.103295	0.390026	0.37319	0.16174	0.132309	0.121615	0.0667657	0.00919701	0	4.761133	1.994081	0.4392785	0.5607215	98.6463
2870	7.48169	-20.3522	27.8339	0.776725	0.223275	5.186521	0.393409	0.361661	0.163516	0.133911	0.120156	0.0682268	0.00916678	0	3.436228	1.991104	0.2232748	0.7767252	97.97235
2880	7.26936	-19.8787	27.1481	0.720225	0.279775	3.716583	0.404393	0.359859	0.164101	0.134249	0.122341	0.0671326	0.0092423	0	4.122021	1.956407	0.2797751	0.7202249	90.44976
2890	6.48575	-20.5175	27.0032	0.314297	0.685703	3.649082	0.396602	0.36112	0.1583	0.134422	0.122661	0.0686076	0.0090665	0	4.266845	1.636643	0.6857031	0.3142969	43.31545
2900	4.68943	-21.3109	26.0004	0.831433	0.168567	5.912181	0.393964	0.377267	0.162299	0.134141	0.12038	0.0691025	0.00918041	0	5.269713	1.608901	0.1685672	0.8314328	40.63505
2910	5.17279	-23.6551	28.8279	0.176452	0.823548	4.410123	0.406419	0.373928	0.160018	0.130816	0.120723	0.0681764	0.00930437	0	2.442152	1.348425	0.8235482	0.1764518	22.30615
2920	2.85177	-20.5507	23.4024	0.874167	0.125833	5.2108	0.399644	0.360321	0.164132	0.132555	0.122644	0.0688824	0.00902639	0	7.867642	1.50367	0.1258332	0.8741668	31.89112
2930	6.01855	-23.6397	29.6583	0.580947	0.419053	4.108091	0.404682	0.370239	0.161682	0.132458	0.123631	0.0686842	0.00894876	0	1.611807	1.64307	0.4190529	0.5809471	43.96128
2940	7.24615	-21.5597	28.8058	0.101887	0.898113	3.582174	0.402019	0.37731	0.163335	0.134087	0.122172	0.0691499	0.00896855	0	2.464285	1.816433	0.8981132	0.1018868	65.52891
2950	6.50757	-19.6976	26.2051	0.936512	0.0634883	4.639542	0.399074	0.371508	0.164798	0.133432	0.121968	0.0680118	0.00890131	0	5.064943	1.870422	0.06348825	0.9365117	74.20317
2960	7.09938	-20.0488	27.1481	0.641307	0.358693	3.794857	0.407809	0.375718	0.163203	0.133927	0.120029	0.0665696	0.00892672	0	4.121944	1.861194	0.3586928	0.6413072	72.6431
2970	4.06382	-24.3515	28.4153	0.733925	0.266075	1.456602	0.401757	0.373719	0.165232	0.132871	0.121017	0.0665186	0.00889898	0	2.854747	1.15669	0.2660752	0.7339248	14.34465
2980	5.32582	-25.0274	30.3532	0.751315	0.248685	5.752614	0.397762	0.359057	0.161929	0.132311	0.120338	0.0664493	0.00901181	0	0.916849	1.925807	0.2486853	0.7513147	84.29608
2990	6.20532	-20.8964	27.1017	0.656271	0.343729	1.886254	0.390167	0.370481	0.15813	0.134346	0.123116	0.0691748	0.00919262	0	4.168356	1.752254	0.3437292	0.6562708	56.52681
3000	7.55295	-21.2555	28.8085	0.269458	0.730542	4.689122	0.399581	0.361839	0.157885	0.133606	0.123128	0.0685555	0.00923498	0	2.461611	1.902337	0.7305417	0.2694583	79.86144
3010	7.4462	-20.336	27.7822	0.247035	0.752965	3.45203	0.40748	0.374552	0.160736	0.129543	0.124011	0.0691417	0.00929263	0	3.487883	1.95642	0.7529653	0.2470347	90.45245
3020	5.5683	-19.8399	25.4082	0.0280711	0.971929	1.952735	0.400679	0.368519	0.16002	0.133556	0.125996	0.067942	0.00922585	0	5.861916	1.87895	0.9719289	0.02807105	75.67454
3030	5.20974	-20.146	25.3558	0.242449	0.757551	4.838913	0.404337	0.365408	0.162063	0.129477	0.12431	0.0681177	0.00920638	0	5.914332	1.637871	0.7575509	0.2424491	43.4381
3040	4.33915	-23.0624	27.4016	0.900752	0.0992478	3.775923	0.392803	0.36787	0.165049	0.128689	0.125878	0.0668324	0.00889756	0	3.868515	1.236636	0.09924781	0.9007522	17.24392
3050	6.18273	-19.643	25.8257	0.9164	0.0836004	3.989355	0.391354	0.375142	0.163885	0.128203	0.120594	0.0675465	0.00930497	0	5.444392	1.762228	0.08360041	0.9163996	57.84002
3060	5.28272	-24.9279	30.2107	0.598413	0.401587	6.871587	0.39557	0.373268	0.164413	0.129063	0.122436	0.068748	0.00902916	0	1.059426	1.948161	0.401587	0.598413	88.74846
3070	5.64943	-22.4443	28.0937	0.457623	0.542377	3.115363	0.398583	0.374723	0.162728	0.13247	0.12547	0.0675133	0.00922995	0	3.176401	1.359561	0.5423775	0.4576225	22.88552
3080	7.19614	-21.9256	29.1217	0.103847	0.896153	4.199162	0.398947	0.376343	0.163477	0.130174	0.125064	0.0688219	0.00926718	0	2.148391	1.796285	0.8961527	0.1038473	62.5583
3090	4.12755	-26.4138	30.5414	0.304367	0.695633	3.750227	0.396998	0.375972	0.161593	0.131906	0.123752	0.0660172	0.00921179	0	0.7287151	1.873044	0.6956332	0.3043668	74.65243
3100	6.46629	-21.63	28.0963	0.519347	0.480653	2.59149	0.391135	0.376061	0.161133	0.129769	0.121784	0.0664349	0.00909377	0	3.173826	1.616568	0.4806535	0.5193465	41.35883
3110	4.25848	-22.2726	26.531	0.665082	0.334918	0.9772265	0.39026	0.371574	0.159555	0.130778	0.122686	0.0661637	0.00930936	0	4.739048	1.251571	0.334918	0.665082	17.84722
3120	4.06284	-22.554	26.6169	0.65207	0.34793	0.5409924	0.402762	0.361826	0.162497	0.129825	0.124339	0.0658111	0.0091968	0	4.653224	1.285398	0.3479295	0.6520705	19.29293
3130	7.06953	-21.0022	28.0718	0.656186	0.343814	5.200444	0.40624	0.364851	0.164586	0.129619	0.125259	0.0665293	0.00927324	0	3.198327	1.817631	0.3438137	0.6561863	65.70997
3140	6.09761	-20.5487	26.6463	0.61133	0.38867	1.97472	0.408288	0.360917	0.160516	0.128621	0.125199	0.0689884	0.00914644	0	4.623796	1.752032	0.3886698	0.6113302	56.49783
3150	7.06773	-20.9854	28.0531	0.498263	0.501737	4.16117	0.404559	0.358828	0.160104	0.128053	0.120587	0.0691291	0.00889294	0	3.216956	1.741474	0.5017371	0.4982629	55.14088
3160	7.34924	-20.7165	28.0658	0.197999	0.802001	3.062099	0.402098	0.364736	0.164585	0.132126	0.120954	0.0681222	0.00903447	0	3.204314	1.964504	0.8020007	0.1979993	92.1519
3170	7.06374	-21.9877	29.0514	0.622746	0.377254	4.22069	0.405541	0.358882	0.164396	0.133957	0.125317	0.0664024	0.00910753	0	2.218676	1.768663	0.3772537	0.6227463	58.70343
3180	2.07889	-28.299	30.3778	0.750508	0.249492	5.462491	0.408432	0.360885	0.16175	0.133581	0.125686	0.0665256	0.00927737	0	0.8922436	1.450869	0.2494917	0.7505083	28.24029
3190	6.55049	-22.2037	28.7541	0.0631763	0.936824	2.745092	0.408198	0.36217	0.158717	0.134432	0.125353	0.0674382	0.0092776	0	2.515944	1.629156	0.9368237	0.06317631	42.57511
3200	6.79747	-19.9622	26.7597	0.443359	0.556641	3.472493	0.390984	0.36138	0.158533	0.130477	0.121534	0.0675829	0.00888564	0	4.510385	1.816356	0.5566412	0.4433588	65.51724
3210	7.03889	-20.9854	28.0243	0.732331	0.267669	5.156535	0.404948	0.361371	0.159777	0.132684	0.120142	0.0691746	0.00901253	0	3.245771	1.813201	0.2676689	0.7323311	65.043
3220	5.45306	-22.7119	28.1649	0.34797	0.65203	6.399872	0.406746	0.361329	0.159795	0.132718	0.120921	0.0675274	0.00902352	0	3.105158	1.652004	0.6520305	0.3479695	44.87496
3230	5.13277	-19.138	24.2707	0.148075	0.851925	4.915582	0.398571	0.360744	0.159901	0.132588	0.121925	0.0669932	0.00891017	0	6.999349	1.939231	0.8519253	0.1480747	86.94233
3240	7.53272	-20.2925	27.8253	0.304556	0.695444	4.457496	0.400084	0.369197	0.161522	0.132457	0.122794	0.0686119	0.00899019	0	3.444823	1.946027	0.6954438	0.3045562	88.31358
3250	6.5997	-23.1647	29.7644	0.794848	0.205152	6.183421	0.401933	0.362995	0.16509	0.133869	0.124657	0.0689363	0.00901412	0	1.505683	1.954037	0.2051523	0.7948477	89.95744
3260	4.83881	-24.239	29.0778	0.445495	0.554505	3.149328	0.402597	0.359364	0.163305	0.131642	0.122741	0.068622	0.00907602	0	2.192256	1.275022	0.5545048	0.4454952	18.83743
3270	6.69352	-21.9926	28.6861	0.856761	0.143239	2.27947	0.405833	0.370295	0.15775	0.13326	0.121769	0.0665337	0.00895678	0	2.583964	1.871898	0.1432386	0.8567614	74.45567
3280	7.00375	-21.2868	28.2906	0.234822	0.765178	5.243753	0.399836	0.373972	0.159088	0.130597	0.123325	0.0658201	0.00910844	0	2.97953	1.792421	0.7651782	0.2348218	62.00414
3290	6.49406	-19.3531	25.8471	0.770754	0.229246	4.459548	0.40406	0.374609	0.159449	0.131522	0.121837	0.0659468	0.00911945	0	5.422959	1.957398	0.2292465	0.7707535	90.65624
3300	6.96051	-21.2815	28.242	0.00395348	0.996047	2.508248	0.396732	0.366191	0.164012	0.133309	0.125718	0.0669598	0.00887637	0	3.028115	1.892537	0.9960465	0.003953484	78.07942
3310	5.9925	-22.3566	28.3491	0.0145343	0.985466	7.343435	0.396521	0.37597	0.1616	0.132405	0.123565	0.067842	0.00910206	0	2.920996	1.956752	0.9854657	0.01453434	90.52163
3320	5.17786	-20.7876	25.9655	0.522102	0.477898	5.808266	0.390261	0.37481	0.159377	0.133767	0.120662	0.0676553	0.00898863	0	5.304582	1.702138	0.4778985	0.5221015	50.3661
3330	6.82177	-21.6023	28.4241	0.141664	0.858336	6.179445	0.391344	0.372726	0.162284	0.132992	0.126063	0.0660178	0.00894391	0	2.846024	1.895741	0.8583357	0.1416643	78.65762
3340	4.41628	-21.8351	26.2514	0.726816	0.273184	3.8331	0.394836	0.373926	0.159968	0.134411	0.125192	0.0663286	0.0091719	0	5.018666	1.290126	0.2731839	0.7268161	19.50411
3350	5.21148	-21.0119	26.2233	0.304509	0.695491	0.9036985	0.394395	0.361437	0.159258	0.132716	0.124142	0.0671571	0.00930642	0	5.046746	1.865468	0.6954913	0.3045087	73.36142
3360	7.51429	-21.3618	28.8761	0.764185	0.235815	4.878976	0.398838	0.362545	0.161114	0.13394	0.120248	0.0664942	0.00916002	0	2.39402	1.913628	0.2358145	0.7641855	81.96485
3370	6.61457	-20.3952	27.0097	0.929644	0.0703559	5.612137	0.405571	0.366724	0.164423	0.133834	0.121631	0.0677493	0.0091063	0	4.260343	1.888561	0.07035586	0.9296441	77.36797
3380	7.30377	-20.218	27.5217	0.389804	0.610196	4.342746	0.40427	0.37075	0.16391	0.133771	0.120364	0.0686669	0.00890421	0	3.748344	1.88755	0.6101957	0.3898043	77.18801
3390	6.40858	-22.3612	28.7697	0.790768	0.209232	5.752239	0.404183	0.368418	0.163394	0.131156	0.12159	0.0687253	0.00888511	0	2.500355	1.737552	0.2092317	0.7907683	54.64516
3400	6.74236	-19.7923	26.5347	0.335572	0.664428	4.517911	0.408049	0.36945	0.162106	0.131117	0.122142	0.0677644	0.00890994	0	4.735385	1.869048	0.6644277	0.3355723	73.96865
3410	5.95241	-19.2402	25.1926	0.995471	0.0045294	3.229855	0.388765	0.375354	0.158819	0.129247	0.124132	0.0672725	0.00908177	0	6.077522	1.90582	0.004529402	0.9954706	80.50453
3420	6.34092	-20.0819	26.4229	0.514359	0.485641	4.889375	0.389834	0.364038	0.159767	0.128705	0.126161	0.0667447	0.00926772	0	4.847218	1.776682	0.4856414	0.5143586	59.79742
3430	7.38299	-21.5111	28.8941	0.726916	0.273084	4.956515	0.408104	0.363507	0.159677	0.129338	0.12597	0.0659431	0.00917291	0	2.375965	1.879146	0.2730844	0.7269156	75.70882
3440	6.79449	-20.0687	26.8632	0.274723	0.725277	4.321805	0.406484	0.36881	0.161667	0.132966	0.125807	0.0664965	0.00910219	0	4.406882	1.791566	0.7252773	0.2747227	61.88217
3450	4.90188	-25.1479	30.0498	0.83005	0.16995	2.081656	0.399581	0.377121	0.15862	0.133544	0.124986	0.0668627	0.0092369	0	1.220281	1.969513	0.16995	0.83005	93.22077
3460	6.98498	-20.3796	27.3646	0.178144	0.821856	3.932753	0.396756	0.363038	0.158928	0.13114	0.125456	0.0670698	0.00904198	0	3.905519	1.762438	0.8218556	0.1781444	57.86789
3470	5.00874	-23.0308	28.0395	0.903509	0.0964908	0.5304835	0.403429	0.361087	0.161831	0.12886	0.12491	0.0658951	0.00928967	0	3.23054	1.759273	0.09649079	0.9035092	57.44781
3480	4.99867	-21.0747	26.0734	0.728614	0.271386	1.46659	0.397014	0.374162	0.162732	0.133551	0.125153	0.0672132	0.00922153	0	5.196684	1.466203	0.2713864	0.7286136	29.25521
3490	6.24721	-22.6336	28.8808	0.164081	0.835919	2.522017	0.396949	0.36132	0.162385	0.129731	0.125482	0.0677092	0.00929544	0	2.389328	1.582278	0.8359191	0.1640809	38.21886
3500	6.85986	-21.0151	27.8749	0.0883598	0.91164	2.281732	0.408026	0.369733	0.163184	0.134326	0.122951	0.0670197	0.00930837	0	3.395156	1.942847	0.9116402	0.08835982	87.66922
3510	5.43017	-19.7448	25.175	0.953619	0.0463806	2.204888	0.401588	0.370842	0.164616	0.133778	0.125507	0.0672546	0.00891388	0	6.095136	1.758053	0.04638055	0.9536194	57.28659
3520	6.08629	-20.9275	27.0138	0.438741	0.561259	1.973028	0.397463	0.363326	0.162233	0.132631	0.124111	0.0663271	0.00888531	0	4.256271	1.672543	0.5612594	0.4387406	47.04823
3530	6.55053	-20.4338	26.9843	0.801502	0.198498	2.480458	0.397505	0.366943	0.163182	0.131729	0.122975	0.0677107	0.00920875	0	4.285781	1.782997	0.1984979	0.8015021	60.67322
3540	5.89576	-20.4713	26.367	0.449463	0.550537	1.719244	0.398316	0.363064	0.158675	0.128938	0.121375	0.0661909	0.00906081	0	4.903065	1.828603	0.5505366	0.4494634	67.39111
3550	6.88809	-20.6272	27.5153	0.2823	0.7177	4.49706	0.392008	0.367027	0.157764	0.128345	0.121552	0.0661308	0.00896389	0	3.754768	1.745606	0.7176995	0.2823005	55.668
3560	6.15194	-20.7977	26.9497	0.100199	0.899801	5.6591	0.403939	0.370556	0.157846	0.131317	0.121362	0.0683972	0.00893917	0	4.320436	1.765624	0.8998006	0.1001994	58.29406
3570	7.64477	-20.3739	28.0187	0.662457	0.337543	3.907577	0.391983	0.375261	0.160763	0.132948	0.121833	0.067496	0.00910571	0	3.251428	1.987029	0.3375431	0.6624569	97.05756
3580	4.36822	-19.8706	24.2388	0.47755	0.52245	3.902703	0.389253	0.369555	0.157794	0.132808	0.125335	0.0690968	0.00898409	0	7.031246	1.529057	0.5224496	0.4775504	33.81095
3590	6.40433	-20.6427	27.047	0.428288	0.571712	2.631565	0.401266	0.371438	0.157554	0.131774	0.12518	0.0685101	0.00888403	0	4.223089	1.670535	0.5717119	0.4282881	46.8312
3600	7.34926	-19.8974	27.2466	0.78334	0.21666	4.212137	0.405395	0.366814	0.157949	0.13352	0.123632	0.0689481	0.00903709	0	4.023462	1.96368	0.2166596	0.7833404	91.97707
3610	5.88245	-22.3665	28.249	0.667906	0.332094	1.561291	0.405505	0.368984	0.162957	0.13235	0.121278	0.0691241	0.00932192	0	3.021126	1.651709	0.3320939	0.6679061	44.84447
3620	6.66222	-20.1924	26.8546	0.0683832	0.931617	3.39778	0.408038	0.359526	0.164982	0.134433	0.122132	0.0684444	0.00919877	0	4.415496	1.717628	0.9316168	0.0683832	52.19491
3630	6.73953	-19.667	26.4065	0.114283	0.885717	3.344178	0.391502	0.366719	0.165104	0.132738	0.120376	0.0689709	0.00931562	0	4.863563	1.892997	0.8857171	0.1142829	78.16228
3640	7.28607	-20.8947	28.1807	0.496542	0.503458	5.629356	0.395768	0.361861	0.15974	0.129425	0.121031	0.0687384	0.00919025	0	3.089339	1.943337	0.5034583	0.4965417	87.76824
3650	7.3754	-21.5993	28.9747	0.0763995	0.9236	4.3986	0.405862	0.365318	0.164668	0.133561	0.120314	0.0677616	0.00894753	0	2.295406	1.850082	0.9236005	0.07639953	70.80789
3660	5.24237	-19.542	24.7844	0.763282	0.236718	3.286635	0.408275	0.37591	0.163831	0.133395	0.123393	0.0683104	0.00891375	0	6.485724	1.660418	0.2367176	0.7632824	45.75284
3670	5.81637	-23.0278	28.8441	0.755513	0.244487	6.737422	0.403135	0.374135	0.158536	0.132709	0.12075	0.0684073	0.00899566	0	2.425959	1.776767	0.2444875	0.7555125	59.80907
3680	5.5458	-20.0852	25.631	0.847491	0.152509	5.944174	0.406272	0.36409	0.158173	0.134572	0.120384	0.0678345	0.0091731	0	5.639058	1.911963	0.1525086	0.8474914	81.65126
3690	6.93855	-22.0504	28.9889	0.386057	0.613943	4.157925	0.397217	0.366588	0.159072	0.13257	0.121184	0.0683083	0.00923639	0	2.281138	1.71217	0.6139427	0.3860573	51.54302
3700	7.11688	-22.4998	29.6167	0.733262	0.266738	4.452992	0.390331	0.370581	0.163701	0.133843	0.12043	0.0660655	0.00919084	0	1.653433	1.917578	0.2667384	0.7332616	82.71379
3710	6.3455	-22.3327	28.6782	0.547449	0.452551	3.712755	0.396255	0.364164	0.159988	0.132649	0.122477	0.0667962	0.00929096	0	2.591935	1.538669	0.4525514	0.5474486	34.5676
3720	7.27951	-20.9658	28.2453	0.706131	0.293869	3.338413	0.394029	0.374104	0.158829	0.131404	0.120203	0.0661111	0.00916285	0	3.024785	1.839662	0.2938694	0.7061306	69.1292
3730	5.82604	-20.5126	26.3387	0.0678517	0.932148	6.223119	0.391996	0.374356	0.157076	0.133384	0.121985	0.0660509	0.00925786	0	4.931409	1.904541	0.9321483	0.0678517	80.26772
3740	7.60353	-21.5963	29.1998	0.206425	0.793575	4.160084	0.392779	0.373376	0.157321	0.133851	0.121821	0.0687315	0.00910662	0	2.070249	1.988073	0.7935755	0.2064245	97.29101
3750	6.55992	-20.0666	26.6265	0.764554	0.235446	5.651327	0.408395	0.376087	0.159675	0.134203	0.125145	0.067342	0.00907397	0	4.643576	1.968819	0.2354463	0.7645537	93.07205
3760	6.27744	-22.6676	28.945	0.151068	0.848932	5.177251	0.398216	0.374804	0.158274	0.133579	0.122976	0.0670512	0.00902408	0	2.32507	1.621902	0.8489316	0.1510684	41.8699
3770	6.33892	-22.6338	28.9727	0.183091	0.816909	6.02844	0.408095	0.360697	0.157499	0.132618	0.122278	0.065969	0.00905619	0	2.297395	1.750427	0.8169093	0.1830907	56.28951
3780	6.0064	-22.44	28.4464	0.982821	0.0171791	3.174512	0.404442	0.363164	0.161138	0.13443	0.122564	0.0682493	0.00894949	0	2.823657	1.478582	0.01717911	0.9828209	30.10108
3790	7.34121	-20.6662	28.0074	0.260431	0.739569	4.674616	0.404567	0.365946	0.157456	0.132896	0.125743	0.0688164	0.00923339	0	3.262695	1.846299	0.7395689	0.2604311	70.19386
3800	7.55601	-20.5166	28.0726	0.0766254	0.923375	5.242006	0.403517	0.36618	0.158571	0.129373	0.126131	0.0687365	0.00931893	0	3.197459	1.987614	0.9233746	0.07662545	97.18829
3810	7.17727	-19.9362	27.1135	0.403694	0.596306	3.298701	0.402042	0.367955	0.157411	0.130402	0.125421	0.068866	0.00930076	0	4.156579	1.977247	0.5963059	0.4036941	94.89583
3820	6.70556	-19.8078	26.5134	0.500242	0.499758	3.040087	0.400086	0.370163	0.159553	0.129681	0.126173	0.0678686	0.00915344	0	4.756683	1.892199	0.4997575	0.5002425	78.01883
3830	6.01528	-20.9676	26.9829	0.190009	0.809991	1.538284	0.394886	0.376557	0.158545	0.134608	0.120812	0.0676024	0.00897491	0	4.28722	1.849017	0.8099908	0.1900092	70.63449
3840	7.16598	-21.9232	29.0892	0.437791	0.562209	3.092311	0.390097	0.365519	0.161267	0.134428	0.121407	0.0673643	0.0093184	0	2.180919	1.930154	0.5622089	0.4377911	85.14392
3850	4.81791	-23.031	27.8489	0.219536	0.780464	7.829638	0.388579	0.375314	0.160161	0.132966	0.123252	0.0676194	0.00931713	0	3.421221	1.841418	0.7804641	0.2195359	69.40928
3860	3.73073	-19.2028	22.9335	0.266773	0.733227	2.095921	0.39527	0.372749	0.165098	0.128729	0.121934	0.068555	0.00914232	0	8.336589	1.689791	0.7332271	0.2667729	48.95434
3870	6.27622	-20.9049	27.1812	0.613894	0.386106	5.706515	0.392274	0.372228	0.162091	0.129731	0.124724	0.0666458	0.00908691	0	4.088931	1.780432	0.3861062	0.6138938	60.31594
3880	7.38553	-20.5893	27.9749	0.518524	0.481476	4.313556	0.395325	0.375545	0.161963	0.129065	0.126132	0.0659934	0.0091456	0	3.295208	1.854249	0.4814756	0.5185244	71.49063
3890	7.57205	-20.4615	28.0335	0.252454	0.747546	4.093304	0.400505	0.376493	0.162972	0.13428	0.125952	0.0671926	0.00930877	0	3.236582	1.920971	0.7475461	0.2524539	83.36249
3900	3.53024	-19.5942	23.1244	0.117837	0.882163	3.865532	0.402587	0.374834	0.164205	0.130415	0.12263	0.0668636	0.00916436	0	8.14569	1.516554	0.882163	0.117837	32.85144
3910	7.15103	-20.3622	27.5133	0.650877	0.349123	3.399765	0.392056	0.376574	0.157749	0.134031	0.123014	0.0688367	0.00916664	0	3.756811	1.834888	0.3491228	0.6508772	68.37346
3920	5.33768	-18.914	24.2517	0.675551	0.324449	3.814189	0.38848	0.372939	0.15849	0.133219	0.122731	0.0659226	0.0089313	0	7.018401	1.934678	0.3244493	0.6755507	86.03565
3930	6.72932	-20.4644	27.1937	0.753817	0.246183	2.634717	0.390845	0.371753	0.157488	0.128444	0.120352	0.0659564	0.00891229	0	4.076378	1.815584	0.2461833	0.7538167	65.40101
3940	5.20645	-22.0737	27.2801	0.748945	0.251055	5.727143	0.390651	0.366009	0.160313	0.12908	0.12107	0.0670829	0.00891225	0	3.989972	1.567396	0.2510551	0.7489449	36.93144
3950	5.63113	-19.0852	24.7164	0.735458	0.264542	3.125527	0.389122	0.363301	0.160741	0.130267	0.123538	0.0669856	0.00902273	0	6.553712	1.961008	0.2645424	0.7354576	91.41299
3960	6.54944	-20.7907	27.3402	0.762887	0.237113	2.03391	0.392542	0.362386	0.162303	0.133769	0.122427	0.0666039	0.00893603	0	3.929917	1.921199	0.2371129	0.7628871	83.40626
3970	6.51662	-20.7185	27.2351	0.97982	0.0201799	5.137091	0.388801	0.366456	0.158607	0.130905	0.124253	0.0670652	0.00892603	0	4.034966	1.75302	0.02017985	0.9798201	56.62652
3980	5.95656	-21.7619	27.7185	0.293658	0.706342	1.424726	0.389756	0.361214	0.159636	0.127985	0.125127	0.066189	0.00901636	0	3.551599	1.749081	0.706342	0.293658	56.11526
3990	6.64839	-21.2643	27.9126	0.453659	0.546341	2.227075	0.393355	0.361505	0.163279	0.127954	0.124451	0.0661011	0.00911517	0	3.357438	1.796429	0.5463411	0.4536589	62.57901
4000	4.41378	-25.4323	29.8461	0.711764	0.288236	1.809252	0.388973	0.376327	0.158387	0.131103	0.123676	0.0667495	0.00918088	0	1.424023	1.6142	0.2882358	0.7117642	41.13394
4010	6.29683	-20.0054	26.3023	0.804286	0.195714	4.300962	0.407753	0.372035	0.157392	0.133974	0.121737	0.0671964	0.00895747	0	4.967837	1.732121	0.1957135	0.8042865	53.96615
4020	6.61925	-22.3566	28.9758	0.357609	0.642391	2.718559	0.405875	0.367283	0.158702	0.129052	0.125584	0.0678175	0.00920708	0	2.29426	1.730942	0.6423907	0.3576093	53.81975
4030	6.29905	-22.4027	28.7018	0.178973	0.821027	6.752424	0.399432	0.371253	0.159233	0.128078	0.124549	0.0665486	0.00927065	0	2.568304	1.866241	0.8210271	0.1789729	73.49211
4040	6.61528	-23.1206	29.7359	0.111027	0.888973	5.630466	0.401385	0.366211	0.160429	0.130593	0.123935	0.0659015	0.00929832	0	1.534157	1.859079	0.8889734	0.1110266	72.29013
4050	6.35092	-20.8422	27.1932	0.251482	0.748518	2.156111	0.389951	0.360764	0.161647	0.134235	0.12331	0.0661688	0.00927311	0	4.076926	1.71362	0.7485175	0.2514825	51.71547
4060	6.62978	-20.1507	26.7805	0.0568872	0.943113	4.187585	0.388975	0.36054	0.16506	0.130974	0.124334	0.0689982	0.00909225	0	4.489561	1.732173	0.9431128	0.05688719	53.97258
4070	4.62733	-23.5695	28.1968	0.294308	0.705692	7.337147	0.403177	0.371344	0.162305	0.129011	0.125535	0.0681527	0.00903045	0	3.073303	1.68999	0.7056918	0.2943082	48.97679
4080	5.8503	-23.7803	29.6306	0.659831	0.340169	2.927122	0.398314	0.360682	0.160352	0.134492	0.124973	0.0680687	0.0091039	0	1.639518	1.661588	0.3401692	0.6598308	45.87621
4090	7.37067	-19.9768	27.3474	0.729337	0.270663	4.546162	0.389131	0.373803	0.157176	0.132316	0.124699	0.0676065	0.00915913	0	3.922639	1.959822	0.2706625	0.7293375	91.16365
4100	7.16036	-21.0044	28.1648	0.695437	0.304563	4.588322	0.400735	0.374888	0.158617	0.129655	0.125498	0.068428	0.00891832	0	3.105294	1.788543	0.304563	0.695437	61.45302
4110	5.56313	-20.0957	25.6588	0.523295	0.476705	6.021707	0.396436	0.37079	0.158418	0.130947	0.120772	0.0688867	0.00922299	0	5.611296	1.932776	0.4767046	0.5232954	85.65959
4120	6.83999	-22.9584	29.7984	0.232397	0.767603	5.231313	0.388338	0.376409	0.159013	0.130201	0.124312	0.0688359	0.00929026	0	1.471659	1.906455	0.7676032	0.2323968	80.62229
4130	7.48287	-20.0233	27.5062	0.0653709	0.934629	4.779989	0.391462	0.371349	0.163116	0.128017	0.124427	0.0672683	0.0092814	0	3.763932	1.999708	0.9346291	0.06537088	99.93277
4140	7.27693	-22.1075	29.3845	0.952985	0.0470154	4.378837	0.392817	0.363658	0.160452	0.128668	0.120032	0.0674903	0.00923143	0	1.885617	1.898355	0.04701538	0.9529846	79.13255
4150	6.67586	-20.7023	27.3782	0.923528	0.0764723	5.323891	0.403762	0.370608	0.162058	0.130004	0.124065	0.0681876	0.00889444	0	3.891927	1.806443	0.07647228	0.9235277	64.03877
4160	5.08444	-23.7844	28.8688	0.602867	0.397133	5.34307	0.403169	0.372167	0.161111	0.133746	0.121655	0.0679307	0.00904279	0	2.401261	1.46897	0.3971327	0.6028673	29.4422
4170	6.58177	-22.0671	28.6489	0.957155	0.0428452	3.780597	0.402546	0.371768	0.162258	0.134633	0.12041	0.0678431	0.00920215	0	2.621216	1.608118	0.04284518	0.9571548	40.56185
4180	1.33797	-25.2352	26.5732	0.927694	0.0723062	0.7588503	0.399827	0.376188	0.160553	0.133855	0.120218	0.0685217	0.00928146	0	4.696891	0.7859435	0.07230616	0.9276938	6.108625
4190	4.65793	-23.861	28.519	0.937327	0.0626725	0.3594042	0.400888	0.369758	0.163909	0.133111	0.121205	0.0665644	0.00929959	0	2.751111	1.811923	0.06267252	0.9373275	64.85188
4200	7.2978	-20.5062	27.8041	0.494123	0.505877	3.09984	0.402564	0.370302	0.162849	0.133191	0.122418	0.0661152	0.00908486	0	3.466034	1.94425	0.5058766	0.4941234	87.95284
4210	6.729	-19.5698	26.2988	0.70646	0.29354	3.396094	0.393417	0.359137	0.161974	0.131627	0.120798	0.0680141	0.00908492	0	4.971245	1.936471	0.2935396	0.7064604	86.39146
4220	6.60543	-21.0957	27.7011	0.0807495	0.91925	3.186611	0.39418	0.359259	0.159749	0.133858	0.120057	0.0676031	0.00931574	0	3.568976	1.591055	0.9192505	0.08074952	38.99912
4230	1.05684	-26.8447	27.9016	0.467747	0.532253	3.477551	0.406198	0.360342	0.162772	0.133721	0.121479	0.0668163	0.0092873	0	3.36853	0.8445013	0.5322526	0.4677474	6.990388
4240	6.06051	-22.8744	28.9349	0.485159	0.514841	2.077366	0.407497	0.367543	0.164775	0.131839	0.122097	0.0677851	0.00917414	0	2.335208	1.668803	0.5148414	0.4851586	46.64482
4250	5.32363	-23.0667	28.3903	0.431502	0.568498	1.900391	0.408068	0.366391	0.158504	0.130121	0.124233	0.0679084	0.00891725	0	2.879788	1.361083	0.5684982	0.4315018	22.96587
4260	6.40188	-21.1645	27.5664	0.555795	0.444205	6.615742	0.393907	0.37491	0.158069	0.129548	0.120347	0.0665731	0.00889064	0	3.703676	1.985587	0.4442047	0.5557953	96.73582
4270	5.67214	-23.3816	29.0538	0.743318	0.256682	4.501723	0.400691	0.3731	0.158803	0.129903	0.121033	0.0673889	0.00918424	0	2.216337	1.497449	0.2566816	0.7433184	31.43759
4280	7.08513	-20.0378	27.1229	0.578722	0.421278	3.65649	0.398192	0.371887	0.161693	0.128934	0.120169	0.0688123	0.00914567	0	4.147154	1.8557	0.4212782	0.5787218	71.72991
4290	2.82643	-23.6918	26.5182	0.369654	0.630346	2.755853	0.395244	0.376999	0.15826	0.129606	0.122256	0.0692069	0.00924953	0	4.751903	0.9621818	0.6303459	0.3696541	9.166042
4300	5.83264	-22.8071	28.6398	0.630077	0.369923	2.83217	0.391767	0.370904	0.163474	0.129155	0.121846	0.0676828	0.00923839	0	2.630335	1.437416	0.369923	0.630077	27.3789
4310	7.39149	-20.3166	27.7081	0.438278	0.561722	4.259444	0.392018	0.368813	0.16477	0.130966	0.121671	0.0682837	0.00921729	0	3.562022	1.881482	0.5617223	0.4382777	76.11699
4320	7.18668	-21.6257	28.8124	0.530466	0.469534	4.429834	0.399352	0.377378	0.160352	0.129693	0.120133	0.0671501	0.00929778	0	2.457666	1.777351	0.4695339	0.5304661	59.88958
4330	4.45674	-18.6637	23.1205	0.246563	0.753437	3.746745	0.399817	0.369521	0.16269	0.130314	0.124172	0.0663554	0.00924844	0	8.149618	1.951174	0.7534369	0.2465631	89.36643
4340	6.79872	-20.5192	27.318	0.739971	0.260029	2.327987	0.398737	0.371365	0.165023	0.130579	0.125148	0.0678566	0.00919314	0	3.952138	1.994138	0.2600289	0.7399711	98.6593
4350	7.48034	-21.7693	29.2497	0.777917	0.222083	4.376257	0.404852	0.367763	0.157916	0.1318	0.125504	0.0686414	0.00927255	0	2.020412	1.932808	0.2220827	0.7779173	85.66586
4360	5.6225	-19.4973	25.1198	0.391581	0.608419	3.147434	0.405258	0.37578	0.161749	0.129562	0.123586	0.0681717	0.00926511	0	6.150319	1.716104	0.6084191	0.3915809	52.0121
4370	6.51162	-21.7246	28.2362	0.885551	0.114449	2.498731	0.402549	0.376336	0.164853	0.128314	0.121277	0.0688542	0.0089867	0	3.033889	1.66451	0.1144492	0.8855508	46.18596
4380	4.74775	-25.5434	30.2911	0.0961403	0.90386	3.758197	0.391115	0.371553	0.161813	0.132251	0.120306	0.0682205	0.00893357	0	0.9789413	1.654057	0.9038597	0.09614029	45.0876
4390	6.04283	-23.3707	29.4135	0.82295	0.17705	4.937118	0.390979	0.373397	0.158902	0.134311	0.120846	0.0675132	0.00904499	0	1.856578	1.640226	0.1770499	0.8229501	43.67431
4400	6.96013	-22.918	29.8781	0.0996089	0.900391	5.313927	0.397731	0.375465	0.161429	0.134267	0.120761	0.0690364	0.00906903	0	1.391938	1.984179	0.9003911	0.09960886	96.42254
4410	6.98607	-20.5128	27.4988	0.872381	0.127619	2.644417	0.39313	0.368441	0.163849	0.132925	0.121303	0.0680767	0.00891278	0	3.77125	1.937086	0.1276185	0.8723815	86.51402
4420	7.38746	-20.4968	27.8843	0.435023	0.564977	3.20994	0.393457	0.360431	0.160833	0.130275	0.121571	0.0690388	0.00902849	0	3.385796	1.968918	0.5649774	0.4350226	93.09323
4430	6.57193	-22.8609	29.4328	0.154539	0.845461	6.837738	0.393322	0.367252	0.162648	0.133178	0.123855	0.0690112	0.00933766	0	1.837278	1.973903	0.8454615	0.1545385	94.16797
4440	6.94804	-20.2234	27.1714	0.703811	0.296189	3.693643	0.400813	0.376661	0.164383	0.132922	0.125032	0.0685587	0.00932943	0	4.09864	1.77368	0.2961889	0.7038111	59.3854
4450	4.53229	-23.0069	27.5392	0.0872385	0.912761	0.9484925	0.400462	0.363985	0.1621	0.129077	0.122995	0.0675308	0.00925884	0	3.730928	1.199875	0.9127615	0.08723855	15.84437
4460	5.39979	-20.1737	25.5734	0.715291	0.284709	1.521321	0.39467	0.359116	0.163327	0.128043	0.120602	0.0686413	0.0090465	0	5.696643	1.898717	0.2847094	0.7152906	79.19849
4470	6.13698	-21.9473	28.0842	0.426953	0.573047	2.706446	0.395411	0.375118	0.162715	0.128361	0.121657	0.0686083	0.00891389	0	3.185852	1.497061	0.5730475	0.4269525	31.40949
4480	6.73049	-19.7889	26.5194	0.364772	0.635228	5.050911	0.393026	0.376923	0.162192	0.130574	0.125212	0.0684908	0.00890134	0	4.750661	1.94615	0.6352281	0.3647719	88.33859
4490	7.1736	-21.1642	28.3378	0.928994	0.0710062	3.325619	0.401551	0.370914	0.164287	0.131074	0.121803	0.0659867	0.00900086	0	2.932308	1.802179	0.0710062	0.9289938	63.41309
4500	7.34953	-21.3859	28.7354	0.312696	0.687304	3.400926	0.388845	0.369447	0.164157	0.127916	0.121628	0.0667227	0.00906378	0	2.534657	1.885572	0.6873036	0.3126964	76.83728
4510	6.70253	-22.3053	29.0079	0.697822	0.302178	4.14454	0.393607	0.361716	0.16369	0.128638	0.125058	0.066415	0.00898418	0	2.262218	1.675104	0.3021784	0.6978216	47.32649
4520	4.65179	-23.0949	27.7467	0.174653	0.825347	7.021163	0.396227	0.365567	0.163707	0.134098	0.125436	0.0658818	0.00896788	0	3.523373	1.644867	0.8253473	0.1746527	44.14349
4530	7.45697	-20.3042	27.7612	0.915962	0.0840381	4.541262	0.395951	0.36113	0.16345	0.133432	0.122511	0.0664454	0.00892373	0	3.508899	1.930959	0.08403815	0.9159619	85.30193
4540	6.01738	-22.6349	28.6523	0.392741	0.607259	3.443594	0.407446	0.365576	0.164134	0.13062	0.125967	0.0676803	0.00892886	0	2.617775	1.459872	0.6072589	0.3927411	28.83183
4550	6.73524	-20.1188	26.854	0.657379	0.342621	3.581704	0.403652	0.35978	0.164691	0.130992	0.125242	0.0691275	0.00924682	0	4.41608	1.748469	0.342621	0.657379	56.03621
4560	7.0071	-20.1941	27.2012	0.329206	0.670794	2.958147	0.391708	0.365128	0.165191	0.129587	0.123639	0.0670247	0.0092247	0	4.068915	1.901833	0.670794	0.329206	79.76871
4570	6.26321	-22.3166	28.5798	0.246874	0.753126	5.177945	0.399077	0.375532	0.160784	0.129761	0.120293	0.0675203	0.00922632	0	2.690264	1.610318	0.753126	0.246874	40.76791
4580	6.47903	-20.7072	27.1862	0.391192	0.608808	5.458229	0.39768	0.373578	0.159468	0.129606	0.120397	0.0687189	0.00931203	0	4.083848	1.7774	0.6088078	0.3911922	59.89633
4590	5.85028	-20.9173	26.7676	0.531718	0.468282	6.332665	0.402971	0.374903	0.159698	0.128404	0.121047	0.0688444	0.00930876	0	4.502491	1.853571	0.4682823	0.5317177	71.37902
4600	6.3763	-20.0086	26.3849	0.632587	0.367413	5.461981	0.40352	0.361066	0.157911	0.12957	0.124822	0.0680176	0.0090695	0	4.885166	1.909215	0.3674132	0.6325868	81.13632
4610	7.23051	-19.9277	27.1583	0.329486	0.670514	3.602157	0.40833	0.367635	0.159128	0.12904	0.121955	0.0686836	0.00913417	0	4.11183	1.944464	0.6705139	0.3294861	87.9962
4620	6.35261	-22.1347	28.4873	0.513938	0.486062	1.93291	0.404764	0.363952	0.157246	0.129023	0.123133	0.0680788	0.00898704	0	2.782757	1.783333	0.486062	0.513938	60.72019
4630	4.2213	-20.3493	24.5706	0.325751	0.674249	4.983194	0.407894	0.373328	0.160993	0.128844	0.120209	0.0666977	0.00894557	0	6.699453	1.567327	0.674249	0.325751	36.92556
4640	5.32274	-19.0531	24.3758	0.389461	0.610539	2.915689	0.403272	0.370026	0.16221	0.130099	0.121427	0.0665415	0.00911392	0	6.89427	1.956712	0.6105385	0.3894615	90.51323
4650	7.75366	-20.6237	28.3774	0.000856446	0.999144	4.372197	0.392984	0.359824	0.16338	0.131477	0.122135	0.0658001	0.00926951	0	2.892717	1.983075	0.9991436	0.0008564461	96.17789
4660	4.58376	-21.2899	25.8736	0.571443	0.428557	7.044485	0.394974	0.359019	0.158758	0.133261	0.122855	0.066141	0.00931076	0	5.396455	1.867388	0.4285573	0.5714427	73.68657
4670	5.65789	-21.1493	26.8072	0.0812704	0.91873	1.104071	0.403126	0.370486	0.159283	0.131321	0.121347	0.0668859	0.00924658	0	4.46292	1.9775	0.9187296	0.08127043	94.95114
4680	6.20049	-22.1995	28.4	0.792092	0.207908	2.763605	0.407899	0.377299	0.163956	0.134585	0.122138	0.0678963	0.00906906	0	2.870103	1.530786	0.2079081	0.7920919	33.9458
4690	7.31816	-21.8001	29.1182	0.902388	0.0976118	5.277257	0.401233	0.367501	0.157478	0.130207	0.121976	0.066389	0.00892672	0	2.151859	1.917447	0.09761184	0.9023882	82.68889
4700	4.64377	-19.5636	24.2074	0.982525	0.0174753	1.867532	0.392272	0.360226	0.162108	0.131702	0.125439	0.065977	0.00903198	0	7.062672	1.763798	0.01747534	0.9825247	58.04944
4710	3.04946	-19.8227	22.8721	0.415395	0.584605	0.7279518	0.408073	0.35975	0.161035	0.131147	0.123371	0.0673177	0.00888152	0	8.39795	1.915524	0.5846053	0.4153947	82.32362
4720	6.49379	-22.1553	28.6491	0.53339	0.46661	6.268806	0.391521	0.359355	0.158896	0.130395	0.122862	0.0676507	0.0091474	0	2.621004	1.823401	0.4666103	0.5333897	66.58881
4730	7.15646	-21.0096	28.166	0.753797	0.246203	5.98696	0.392096	0.364601	0.16057	0.13109	0.120805	0.0659244	0.00928764	0	3.104046	1.972442	0.246203	0.753797	93.85177
4740	6.74102	-19.9094	26.6504	0.637801	0.362199	3.118606	0.394	0.361965	0.161093	0.129873	0.122815	0.06646	0.00912521	0	4.61971	1.849334	0.3621986	0.6378014	70.68607
4750	6.50794	-20.7055	27.2134	0.250225	0.749775	6.331276	0.408104	0.374072	0.15982	0.130517	0.124762	0.0663719	0.00916029	0	4.056685	1.994755	0.7497753	0.2502247	98.79948
4760	6.4881	-19.5111	25.9992	0.800142	0.199858	3.293985	0.406765	0.376551	0.161944	0.130962	0.123281	0.0670114	0.00910223	0	5.270902	1.900544	0.1998576	0.8001424	79.53246
4770	4.16737	-19.0507	23.2181	0.274039	0.725961	3.879048	0.400649	0.377187	0.158264	0.128401	0.12101	0.0681588	0.00933811	0	8.052021	1.704611	0.7259613	0.2740387	50.65364
4780	6.14639	-20.4533	26.5997	0.0130516	0.986948	3.621748	0.393003	0.376866	0.158577	0.12961	0.121547	0.0691183	0.00928512	0	4.670378	1.56987	0.9869484	0.01305161	37.14238
4790	6.76998	-21.8354	28.6054	0.0430899	0.95691	6.614849	0.4024	0.36554	0.161599	0.131197	0.119912	0.0684232	0.00923513	0	2.664717	1.956082	0.9569101	0.04308991	90.38211
4800	5.88319	-19.8903	25.7735	0.966199	0.0338013	2.074944	0.388504	0.36121	0.158716	0.129331	0.120746	0.0674115	0.00931371	0	5.496552	1.915339	0.03380127	0.9661987	82.2884
4810	7.70786	-21.1744	28.8822	0.144535	0.855465	4.776149	0.395252	0.359497	0.159395	0.132001	0.120707	0.0674786	0.00922151	0	2.387841	1.97289	0.8554647	0.1445353	93.94863
4820	6.14443	-22.4379	28.5823	0.236877	0.763123	1.615683	0.402172	0.364946	0.157723	0.132923	0.119988	0.0669761	0.0093379	0	2.687786	1.843349	0.7631235	0.2368765	69.71867
4830	6.99388	-22.1316	29.1255	0.402261	0.597739	3.068928	0.402882	0.370645	0.161104	0.131128	0.120026	0.0673627	0.009172	0	2.144575	1.860883	0.5977391	0.4022609	72.59111
4840	7.40646	-20.3563	27.7628	0.502169	0.497831	4.058422	0.408141	0.373548	0.162853	0.128605	0.120781	0.0689083	0.0092707	0	3.507304	1.876891	0.4978311	0.5021689	75.3167
4850	4.95657	-23.8691	28.8257	0.983376	0.016624	2.34426	0.407978	0.371449	0.159327	0.133656	0.124569	0.0671012	0.00903906	0	2.444379	1.326835	0.01662398	0.983376	21.2244
4860	3.91119	-23.0102	26.9214	0.810748	0.189252	0.2309486	0.401046	0.372365	0.157014	0.129716	0.12237	0.0664188	0.00897148	0	4.348667	1.330295	0.1892523	0.8107477	21.39416
4870	6.91482	-19.7189	26.6337	0.766972	0.233028	4.071882	0.394182	0.371404	0.159954	0.1283	0.124402	0.0667097	0.00920324	0	4.636379	1.885899	0.2330278	0.7669722	76.89517
4880	7.28063	-22.1843	29.4649	0.369074	0.630926	3.655954	0.408662	0.372268	0.157038	0.133133	0.126051	0.0676358	0.0092879	0	1.805156	1.996151	0.6309259	0.3690741	99.11773
4890	6.45108	-23.5095	29.9606	0.958995	0.0410053	3.782271	0.406232	0.363605	0.159009	0.128111	0.125554	0.0674627	0.00908025	0	1.309506	1.943901	0.04100534	0.9589947	87.8822
4900	4.4652	-24.6697	29.1349	0.391288	0.608712	7.088201	0.403122	0.366652	0.158058	0.130167	0.123421	0.0691635	0.00923332	0	2.135141	1.624717	0.6087118	0.3912882	42.14221
4910	6.66663	-22.4675	29.1341	0.0362147	0.963785	6.902165	0.398036	0.36788	0.159137	0.129747	0.125216	0.0679668	0.00922703	0	2.135948	1.997077	0.9637853	0.03621473	99.32929
4920	5.45094	-19.2136	24.6645	0.912207	0.0877926	4.405143	0.403671	0.368504	0.163869	0.129903	0.123493	0.066398	0.00929332	0	6.605588	1.835463	0.08779258	0.9122074	68.46419
4930	7.59574	-20.3713	27.967	0.878551	0.121449	4.400196	0.388936	0.361753	0.162002	0.129578	0.12539	0.0671121	0.00929948	0	3.303093	1.943348	0.1214487	0.8785513	87.77039
4940	3.32498	-19.1372	22.4622	0.381127	0.618873	4.560293	0.401135	0.359002	0.163794	0.131657	0.125567	0.0662145	0.00925495	0	8.80786	1.707627	0.6188728	0.3811272	51.00671
4950	6.57122	-20.7422	27.3134	0.825844	0.174156	4.50243	0.400064	0.360844	0.163028	0.134216	0.123316	0.0691527	0.0090928	0	3.956696	1.678255	0.1741557	0.8258443	47.67113
4960	5.57663	-22.2867	27.8634	0.784677	0.215323	4.454736	0.389375	0.362996	0.162095	0.129279	0.122496	0.0690983	0.00906233	0	3.406717	1.448235	0.2153228	0.7846772	28.06951
4970	6.72677	-22.9977	29.7244	0.401194	0.598806	5.038054	0.39111	0.376589	0.157587	0.128042	0.12269	0.0691444	0.00910701	0	1.545657	1.850307	0.5988057	0.4011943	70.84461
4980	5.97202	-19.5611	25.5331	0.165638	0.834362	5.12437	0.390064	0.37035	0.157549	0.1299	0.122957	0.068817	0.00912709	0	5.736969	1.907507	0.8343618	0.1656382	80.81772
4990	6.50766	-20.5509	27.0585	0.288125	0.711875	3.980732	0.390488	0.369486	0.160583	0.133393	0.124311	0.0669433	0.00892894	0	4.211548	1.651941	0.711875	0.288125	44.86844
5000	7.07356	-20.077	27.1506	0.708305	0.291695	3.725014	0.392246	0.359791	0.160479	0.130084	0.122402	0.0667725	0.00890145	0	4.119476	1.851678	0.2916954	0.7083046	71.06857
