Iteration	Posterior	Likelihood	Prior	clado_type_probs[1]	clado_type_probs[2]	distance_scale	epoch_times[1]	epoch_times[2]	epoch_times[3]	epoch_times[4]	epoch_times[5]	epoch_times[6]	epoch_times[7]	epoch_times[8]	extirpation_rate	log10_rate_bg	p_allopatry	p_sympatry	rate_bg
0	-55.0038	-92.4788	37.4749	0.295715	0.704285	0.01	0.284052	0.171685	0.0560112	0.0475721	0.025379	0.0135551	0.00310623	0	1.210687	-2	0.7042846	0.2957154	0.01
10	9.8719	-21.4521	31.324	0.966219	0.0337807	0.1630102	0.288284	0.17315	0.0545846	0.0479277	0.025635	0.0132902	0.00309581	0	7.36161	1.752796	0.03378074	0.9662193	56.59737
20	10.5321	-20.7266	31.2588	0.624146	0.375854	0.6669725	0.295421	0.175508	0.0561881	0.0465141	0.0261821	0.0133419	0.00304948	0	7.426882	1.959413	0.3758542	0.6241458	91.07789
30	11.7073	-22.7352	34.4424	0.774145	0.225855	0.4780247	0.289339	0.177618	0.0556574	0.0465312	0.0260514	0.0133273	0.00309561	0	4.243211	1.91955	0.2258555	0.7741445	83.09033
40	10.9342	-24.4399	35.3742	0.514631	0.485369	3.881754	0.292862	0.1758	0.0538043	0.0457759	0.0255084	0.0134806	0.00311151	0	3.311477	1.742066	0.4853691	0.5146309	55.2162
50	12.0556	-22.5257	34.5813	0.507349	0.492651	3.05497	0.292044	0.171971	0.0538305	0.0457755	0.0263552	0.0135584	0.00308528	0	4.104355	1.934945	0.4926512	0.5073488	86.08849
60	9.16957	-23.6685	32.8381	0.53849	0.46151	1.20007	0.289135	0.170709	0.0564868	0.0462491	0.0264382	0.013595	0.00318947	0	5.847519	1.383378	0.4615099	0.5384901	24.17565
70	10.712	-24.658	35.37	0.179594	0.820406	2.191478	0.293642	0.174841	0.0562347	0.0459409	0.0262782	0.013623	0.00316873	0	3.315596	1.518084	0.8204061	0.1795939	32.96731
80	9.71642	-22.6922	32.4086	0.958686	0.041314	1.069436	0.295098	0.1744	0.0553924	0.0466779	0.0260998	0.013185	0.00319899	0	6.277015	1.542133	0.04131395	0.958686	34.84442
90	12.2212	-24.1017	36.3228	0.22542	0.77458	2.760412	0.289451	0.170825	0.0557423	0.0472997	0.0265658	0.0135046	0.00317717	0	2.362794	1.957099	0.7745795	0.2254205	90.59397
100	11.7213	-22.5845	34.3058	0.433904	0.566096	1.88896	0.296273	0.171648	0.0551748	0.0469459	0.026386	0.0135774	0.0031772	0	4.379823	1.801686	0.5660957	0.4339043	63.34117
110	11.7112	-24.0457	35.7569	0.824135	0.175865	1.208595	0.296948	0.175227	0.0565718	0.0468915	0.0259924	0.0137435	0.00318822	0	2.928733	1.852444	0.1758648	0.8241352	71.19409
120	9.3612	-24.3996	33.7608	0.47438	0.52562	4.281645	0.287955	0.1726	0.0552507	0.0470004	0.0264463	0.0135941	0.00319707	0	4.924786	1.596565	0.5256204	0.4743796	39.49704
130	8.38685	-23.0594	31.4463	0.511653	0.488347	2.337027	0.288078	0.172955	0.0557996	0.046051	0.02614	0.0132321	0.00315578	0	7.239337	1.465101	0.4883466	0.5116534	29.18103
140	11.3846	-23.3711	34.7557	0.670565	0.329435	0.7231575	0.284847	0.175468	0.0565162	0.0463496	0.0262413	0.0135259	0.00313799	0	3.92991	1.750416	0.3294353	0.6705647	56.28798
150	12.2802	-24.0647	36.345	0.180967	0.819033	2.578134	0.283205	0.17786	0.0565399	0.0462197	0.0265664	0.0130991	0.00317147	0	2.340671	1.975848	0.8190331	0.1809669	94.5905
160	11.986	-22.932	34.918	0.296256	0.703744	3.37031	0.290456	0.173041	0.0556748	0.0457469	0.0264961	0.0133748	0.00312981	0	3.767635	1.9038	0.7037443	0.2962557	80.13083
170	11.0616	-23.4492	34.5108	0.198316	0.801684	0.7787877	0.283603	0.177976	0.0560229	0.0464026	0.0260234	0.013579	0.00316065	0	4.174877	1.585713	0.8016841	0.1983159	38.52234
180	11.6373	-21.9367	33.574	0.880138	0.119862	3.205632	0.284614	0.177042	0.0564813	0.0462996	0.0264059	0.0134677	0.00316773	0	5.111601	1.944607	0.1198622	0.8801378	88.02524
190	9.84796	-26.4717	36.3196	0.0138657	0.986134	4.359951	0.282635	0.177039	0.0558099	0.0458973	0.0261867	0.0136821	0.00317467	0	2.366008	1.558884	0.9861343	0.01386573	36.21462
200	10.4115	-25.7452	36.1567	0.517564	0.482436	5.389683	0.285236	0.177287	0.0563612	0.045898	0.0259318	0.0134134	0.00317139	0	2.52893	1.816216	0.4824357	0.5175643	65.49621
210	6.17291	-23.3783	29.5512	0.726416	0.273584	4.796323	0.287886	0.175601	0.054802	0.0465432	0.0254062	0.0133974	0.00314907	0	9.134468	1.610505	0.273584	0.726416	40.7854
220	11.438	-22.8028	34.2408	0.00292635	0.997074	0.2340706	0.290801	0.17791	0.056012	0.0474224	0.0258547	0.0131102	0.00317251	0	4.444859	1.794018	0.9970736	0.002926354	62.23264
230	11.0321	-25.3691	36.4012	0.182836	0.817164	4.3355	0.291399	0.177115	0.0555906	0.0475354	0.0253419	0.0132323	0.00316885	0	2.284424	1.789295	0.817164	0.182836	61.55943
240	11.5752	-21.75	33.3252	0.132385	0.867615	0.3992413	0.295865	0.175922	0.0560671	0.0473563	0.0253474	0.013122	0.00312915	0	5.360476	1.982232	0.8676152	0.1323848	95.99139
250	9.10615	-20.7347	29.8409	0.849945	0.150055	0.1312358	0.289933	0.177144	0.0543976	0.046495	0.0256979	0.0131432	0.00317458	0	8.844754	1.817055	0.1500549	0.8499451	65.62281
260	11.4428	-24.8144	36.2572	0.244002	0.755998	0.7302633	0.287035	0.17708	0.0538982	0.0473182	0.025722	0.0134844	0.00311196	0	2.428457	1.875823	0.7559976	0.2440024	75.13171
270	9.83936	-22.5566	32.3959	0.0776127	0.922387	0.1532807	0.287952	0.174528	0.0548182	0.0472596	0.0254689	0.0131803	0.00312584	0	6.289702	1.47312	0.9223873	0.07761272	29.72487
280	10.6574	-24.3695	35.0269	0.167095	0.832905	0.5291679	0.284034	0.171402	0.0565587	0.04651	0.0256549	0.0132006	0.00315917	0	3.658768	1.46754	0.832905	0.167095	29.34537
290	11.2317	-24.2288	35.4605	0.198341	0.801659	1.113156	0.285736	0.172167	0.0555341	0.0476717	0.0254514	0.0131578	0.00316811	0	3.22517	1.612422	0.8016585	0.1983415	40.96585
300	10.5999	-22.5331	33.133	0.244734	0.755266	4.402915	0.292629	0.16931	0.0559119	0.0479644	0.0254292	0.0131	0.00316962	0	5.552642	1.872537	0.7552657	0.2447343	74.56542
310	12.1306	-22.8603	34.991	0.848468	0.151532	2.722199	0.2939	0.17288	0.0540804	0.0478714	0.0254216	0.0131247	0.00307039	0	3.694677	1.935258	0.1515324	0.8484676	86.15046
320	10.6009	-22.7882	33.389	0.267674	0.732326	3.853338	0.29408	0.175189	0.0538184	0.047434	0.0264538	0.0135347	0.0030636	0	5.296601	1.78294	0.7323257	0.2676743	60.66527
330	9.44124	-22.8111	32.2523	0.602346	0.397654	5.190501	0.29087	0.170935	0.055254	0.0475492	0.0256563	0.0136359	0.00304738	0	6.43334	1.880063	0.3976544	0.6023456	75.86872
340	11.8602	-21.8748	33.7349	0.468359	0.531641	2.619517	0.294772	0.175629	0.0545244	0.047515	0.0260645	0.0131981	0.00307358	0	4.950696	1.933655	0.5316413	0.4683587	85.83315
350	12.3558	-22.7259	35.0817	0.870803	0.129197	2.319738	0.294766	0.173116	0.0564863	0.047221	0.0255109	0.0133812	0.00313132	0	3.603893	1.971081	0.129197	0.870803	93.55796
360	7.41467	-24.2508	31.6654	0.514819	0.485181	3.724331	0.286267	0.171688	0.0563812	0.0468909	0.0255615	0.013695	0.00308981	0	7.020199	1.452826	0.4851814	0.5148186	28.36785
370	9.64048	-27.7394	37.3799	0.168851	0.831149	0.6505032	0.290715	0.169597	0.0565295	0.0468488	0.0255292	0.0135252	0.00313097	0	1.305775	1.872772	0.8311493	0.1688507	74.60577
380	10.0956	-21.5879	31.6835	0.748121	0.251879	3.389114	0.29383	0.172493	0.0565626	0.0473043	0.0254033	0.0135415	0.00311183	0	7.002149	1.863453	0.2518793	0.7481207	73.02188
390	10.8593	-25.3976	36.2569	0.649206	0.350794	3.50841	0.290165	0.174948	0.0545912	0.0462704	0.025374	0.0134578	0.00310405	0	2.428745	1.747444	0.350794	0.649206	55.90411
400	12.3756	-22.9917	35.3673	0.561021	0.438979	1.795754	0.285659	0.177882	0.0548787	0.0469782	0.0256037	0.0132706	0.00310074	0	3.318357	1.973433	0.438979	0.561021	94.06607
410	5.15996	-30.6885	35.8485	0.0478517	0.952148	11.90709	0.286555	0.17584	0.054544	0.0467031	0.0264332	0.0134891	0.00311462	0	2.837161	1.999628	0.9521483	0.04785171	99.91434
420	8.44766	-22.6123	31.06	0.406082	0.593918	6.090945	0.288701	0.177746	0.0548498	0.0477705	0.0263541	0.0136223	0.00312926	0	7.625633	1.977529	0.593918	0.406082	94.95753
430	10.1567	-20.5029	30.6596	0.591941	0.408059	1.337434	0.289567	0.174623	0.0548405	0.047387	0.0260751	0.0134206	0.00315386	0	8.026038	1.909428	0.4080586	0.5919414	81.176
440	10.4295	-21.6308	32.0603	0.302525	0.697475	3.419588	0.28955	0.176059	0.0548	0.0477235	0.0261668	0.0133602	0.00315641	0	6.625298	1.864885	0.6974747	0.3025253	73.26305
450	11.0208	-21.4892	32.51	0.131682	0.868318	0.5173747	0.29084	0.176667	0.0553534	0.0474073	0.026539	0.0137117	0.00312131	0	6.175608	1.854829	0.8683179	0.1316821	71.58619
460	11.7524	-21.4896	33.242	0.58112	0.41888	1.653191	0.287826	0.174771	0.0545132	0.0472049	0.025618	0.0133881	0.0030897	0	5.443626	1.938523	0.4188803	0.5811197	86.80073
470	9.99952	-24.9951	34.9947	0.994381	0.00561892	6.638489	0.284109	0.174279	0.0542891	0.047933	0.0257397	0.0135899	0.0031105	0	3.690972	1.936987	0.00561892	0.9943811	86.49429
480	9.45821	-23.0257	32.4839	0.750616	0.249384	4.154595	0.295651	0.170537	0.0551976	0.0459907	0.025557	0.0135174	0.00305205	0	6.201713	1.730763	0.2493842	0.7506158	53.7976
490	11.7323	-23.2292	34.9615	0.0551226	0.944877	4.127967	0.294415	0.175743	0.0560398	0.0473551	0.0257338	0.0136495	0.00316351	0	3.724173	1.887277	0.9448774	0.0551226	77.13962
500	11.4388	-25.4931	36.932	0.92951	0.0704897	3.07265	0.292128	0.172707	0.0562406	0.0463786	0.0258478	0.0135162	0.00317436	0	1.753679	1.989733	0.07048966	0.9295103	97.66366
510	9.59914	-25.788	35.3872	0.65692	0.34308	3.428893	0.283405	0.173438	0.0558428	0.047185	0.0253631	0.0132789	0.00307805	0	3.298478	1.532647	0.3430803	0.6569197	34.09155
520	10.055	-22.8395	32.8945	0.683829	0.316171	4.969307	0.286919	0.176805	0.0543028	0.0457172	0.0254377	0.0137003	0.00319403	0	5.791092	1.87794	0.3161711	0.6838289	75.49883
530	11.4829	-23.4707	34.9536	0.760107	0.239893	0.6253824	0.292978	0.177006	0.0553226	0.04646	0.0254951	0.0135647	0.00318397	0	3.732063	1.79602	0.2398927	0.7601073	62.52021
540	6.60886	-26.022	32.6308	0.746141	0.253859	6.954993	0.293649	0.176481	0.0553453	0.0463503	0.0255931	0.013627	0.00318911	0	6.054787	1.662657	0.2538587	0.7461413	45.98933
550	10.8421	-26.3315	37.1736	0.0892875	0.910712	1.839974	0.291901	0.176336	0.055131	0.0460896	0.025998	0.0136059	0.00315502	0	1.512004	1.807383	0.9107125	0.08928752	64.17755
560	10.4978	-21.4724	31.9702	0.529307	0.470693	2.472644	0.29624	0.174173	0.0560498	0.0460223	0.0261726	0.0137314	0.00316907	0	6.715465	1.811723	0.4706929	0.5293071	64.82211
570	11.4203	-24.4891	35.9094	0.671858	0.328142	3.478184	0.286057	0.173027	0.0560836	0.0465083	0.0263246	0.0137598	0.00318406	0	2.776186	1.813574	0.3281421	0.6718579	65.099
580	10.3009	-23.4662	33.7671	0.669524	0.330476	3.097897	0.293984	0.169172	0.0560297	0.0463638	0.026214	0.0133906	0.00307285	0	4.918524	1.650679	0.3304761	0.6695239	44.73825
590	11.3161	-24.1672	35.4833	0.407892	0.592108	2.674164	0.287396	0.172983	0.0560501	0.0466665	0.0264742	0.0133464	0.00311338	0	3.202327	1.709014	0.5921079	0.4078921	51.1698
600	10.6736	-21.4928	32.1664	0.948103	0.0518973	1.299508	0.283896	0.169657	0.0559511	0.0475474	0.0260009	0.013161	0.00315536	0	6.519192	1.791327	0.05189734	0.9481027	61.84822
610	11.6014	-23.4757	35.0771	0.322365	0.677635	3.469072	0.286193	0.173662	0.0542712	0.0463866	0.0264094	0.0133154	0.00319043	0	3.608535	1.813915	0.6776354	0.3223646	65.15004
620	11.6909	-22.3958	34.0868	0.906496	0.0935039	3.675222	0.290818	0.17548	0.0546166	0.0459258	0.0260617	0.0133745	0.00319534	0	4.598847	1.947716	0.09350392	0.9064961	88.65754
630	9.811	-27.0002	36.8112	0.464493	0.535507	4.996405	0.285005	0.170855	0.0564931	0.0460257	0.0258292	0.0137183	0.00316298	0	1.87446	1.739327	0.5355068	0.4644932	54.869
640	11.7358	-23.121	34.8568	0.823862	0.176138	0.9464156	0.286292	0.172421	0.0552621	0.0469224	0.0257862	0.0135581	0.00316433	0	3.828803	1.842202	0.1761377	0.8238623	69.53484
650	9.37703	-22.5451	31.9222	0.900092	0.0999078	0.3724966	0.292699	0.171178	0.055963	0.0459325	0.0260102	0.0130781	0.00317704	0	6.763468	1.512887	0.09990785	0.9000922	32.57518
660	11.7121	-24.1427	35.8548	0.832311	0.167689	3.113685	0.291902	0.175905	0.0565781	0.0475387	0.0264463	0.0132139	0.00314876	0	2.830873	1.866314	0.1676887	0.8323113	73.50455
670	9.34354	-28.3068	37.6504	0.679889	0.320111	2.594972	0.288837	0.175628	0.0557974	0.0459319	0.0257931	0.0132949	0.00307577	0	1.03528	1.908744	0.3201111	0.6798889	81.04838
680	12.2308	-22.6734	34.9042	0.510604	0.489396	2.096193	0.295292	0.172267	0.0560026	0.0476957	0.0261596	0.0131562	0.00313187	0	3.781392	1.921749	0.4893961	0.5106039	83.5121
690	8.92941	-26.7819	35.7113	0.385709	0.614291	5.494457	0.291083	0.169882	0.0555087	0.04663	0.0263809	0.0132445	0.00314723	0	2.974305	1.611906	0.614291	0.385709	40.91723
700	10.6678	-24.0961	34.7639	0.104601	0.895399	4.746516	0.285939	0.170764	0.056406	0.0458574	0.026563	0.0133313	0.00306853	0	3.921691	1.766086	0.8953991	0.1046009	58.35606
710	10.3081	-20.2055	30.5136	0.223348	0.776652	1.414573	0.296975	0.172542	0.0538951	0.0460936	0.0262985	0.0136373	0.00316964	0	8.172009	1.991462	0.7766523	0.2233477	98.05335
720	12.2233	-23.6312	35.8545	0.395288	0.604712	3.571597	0.287797	0.172901	0.0552252	0.0470078	0.0259226	0.0132507	0.00307532	0	2.831134	1.983427	0.6047119	0.3952881	96.25581
730	12.1233	-22.4365	34.5598	0.323795	0.676205	3.313082	0.283965	0.172077	0.0555645	0.0479249	0.0258125	0.013568	0.00306648	0	4.125827	1.964609	0.6762053	0.3237947	92.17412
740	12.2001	-23.4442	35.6443	0.0229914	0.977009	1.035544	0.283084	0.175686	0.0565334	0.0473089	0.0263561	0.0135231	0.00309502	0	3.04134	1.961251	0.9770086	0.02299143	91.46409
750	11.3498	-22.8528	34.2026	0.470512	0.529488	1.243775	0.2891	0.177632	0.0550971	0.0469747	0.0265633	0.0134927	0.00305649	0	4.483041	1.724835	0.5294883	0.4705117	53.06828
760	11.9285	-21.4451	33.3735	0.188035	0.811965	1.699882	0.290817	0.171048	0.0546544	0.0462189	0.0262603	0.0132115	0.00306728	0	5.312082	1.959142	0.8119651	0.1880349	91.02099
770	11.7154	-25.1751	36.8905	0.0893417	0.910658	3.685626	0.288202	0.174437	0.0558498	0.0469424	0.0259079	0.0132635	0.00314218	0	1.795121	1.958997	0.9106583	0.0893417	90.9906
780	10.6453	-24.9002	35.5455	0.394607	0.605393	4.384047	0.293657	0.174829	0.0548119	0.0478961	0.025427	0.013679	0.00313801	0	3.140167	1.725499	0.6053933	0.3946067	53.14948
790	9.37451	-25.5014	34.8759	0.322062	0.677938	7.56311	0.296497	0.171587	0.0564485	0.0469436	0.0254737	0.0136979	0.00319242	0	3.809687	1.93847	0.6779376	0.3220624	86.78998
800	10.0727	-23.2327	33.3054	0.824739	0.175261	2.31715	0.29375	0.173922	0.0540136	0.0469981	0.0258198	0.013623	0.00310668	0	5.380246	1.59228	0.1752611	0.8247389	39.10926
810	12.0378	-23.7816	35.8194	0.910869	0.0891311	3.583222	0.285027	0.17742	0.0544963	0.0464186	0.0259513	0.0132978	0.0030766	0	2.866276	1.972136	0.08913111	0.9108689	93.78546
820	11.1455	-23.76	34.9055	0.780698	0.219302	5.377526	0.287149	0.174471	0.054848	0.045998	0.0253224	0.0131453	0.0030832	0	3.780119	1.977745	0.2193016	0.7806984	95.00466
830	11.2153	-25.3466	36.5619	0.934124	0.0658765	1.980267	0.282417	0.170685	0.0549918	0.0462018	0.0258973	0.0130973	0.00314536	0	2.123782	1.846748	0.0658765	0.9341235	70.26637
840	9.39048	-21.8151	31.2055	0.315	0.685	1.262143	0.283277	0.170704	0.0558946	0.046781	0.0265293	0.01335	0.00310551	0	7.48009	1.585253	0.685	0.315	38.48156
850	10.3671	-23.8103	34.1774	0.701029	0.298971	5.613855	0.284949	0.17064	0.0551589	0.0463593	0.0264725	0.0132952	0.0031129	0	4.508223	1.900258	0.2989709	0.7010291	79.47999
860	7.79003	-29.8819	37.672	0.451724	0.548276	2.400503	0.295952	0.172196	0.0557282	0.0461606	0.0256189	0.0130777	0.00309686	0	1.013676	1.570781	0.5482755	0.4517245	37.22036
870	11.6631	-22.3784	34.0415	0.0838935	0.916106	2.905836	0.295168	0.170439	0.0552839	0.0465333	0.0255637	0.0130754	0.0031861	0	4.644147	1.832381	0.9161065	0.08389353	67.97996
880	11.979	-22.8195	34.7985	0.37546	0.62454	0.6176231	0.28473	0.170478	0.0541399	0.0467259	0.025831	0.0133455	0.00317605	0	3.887173	1.960407	0.6245403	0.3754597	91.2866
890	10.409	-23.0246	33.4336	0.754436	0.245564	4.832458	0.282932	0.169719	0.0549084	0.0466522	0.0254958	0.0136556	0.0031396	0	5.252021	1.877458	0.2455636	0.7544364	75.41499
900	11.0634	-26.05	37.1135	0.901314	0.0986859	3.347622	0.283184	0.170662	0.0548969	0.0475862	0.0258974	0.0135044	0.0031479	0	1.572171	1.9791	0.09868587	0.9013141	95.30166
910	11.6948	-24.329	36.0238	0.275867	0.724133	4.13651	0.287636	0.169294	0.0558365	0.0471729	0.0259549	0.0134992	0.00319024	0	2.661824	1.889098	0.7241329	0.2758671	77.46365
920	11.0779	-24.348	35.4259	0.22784	0.77216	4.071017	0.285308	0.171107	0.0542393	0.0474764	0.0252823	0.0132697	0.00315027	0	3.259765	1.752581	0.7721601	0.2278399	56.56928
930	12.1884	-22.2791	34.4676	0.298136	0.701864	3.274414	0.291713	0.17562	0.0549119	0.0469571	0.0254228	0.0135633	0.0030796	0	4.218061	1.982795	0.7018635	0.2981365	96.11582
940	12.4171	-23.3532	35.7703	0.00569882	0.994301	3.268318	0.283748	0.175307	0.0539444	0.0457589	0.0255365	0.0133652	0.0031048	0	2.91532	1.961418	0.9943012	0.005698823	91.49926
950	11.1117	-23.5451	34.6568	0.00210482	0.997895	3.83439	0.294726	0.173442	0.0543	0.0463804	0.0261125	0.0134498	0.00317685	0	4.028855	1.728736	0.9978952	0.002104823	53.54716
960	12.2352	-23.0694	35.3047	0.231207	0.768793	3.226835	0.285988	0.175567	0.0542108	0.0462467	0.025491	0.0134363	0.00315777	0	3.380952	1.932285	0.7687928	0.2312072	85.56271
970	11.8114	-23.628	35.4393	0.431867	0.568133	1.113071	0.288007	0.177092	0.0544364	0.047119	0.0255048	0.0131595	0.00318938	0	3.246293	1.830761	0.5681325	0.4318675	67.72688
980	10.0888	-26.8993	36.9881	0.109763	0.890237	5.946613	0.28757	0.173549	0.0542079	0.0470716	0.0252694	0.0136534	0.00314772	0	1.697502	1.856461	0.8902367	0.1097633	71.85571
990	10.9585	-22.9997	33.9582	0.924838	0.0751622	3.970728	0.284865	0.172566	0.0539043	0.0477129	0.0259289	0.0135486	0.00317939	0	4.727419	1.838332	0.07516224	0.9248378	68.91783
1000	9.10921	-20.5595	29.6687	0.163364	0.836636	2.858599	0.284722	0.177516	0.0541436	0.0472482	0.0254949	0.0136541	0.00314605	0	9.016952	1.898026	0.8366363	0.1633637	79.07257
1010	10.7825	-22.2204	33.0029	0.493243	0.506757	4.444599	0.287911	0.175359	0.0551983	0.0478975	0.0263316	0.0136159	0.00314981	0	5.682742	1.944193	0.5067568	0.4932432	87.94129
1020	11.6646	-23.6386	35.3032	0.91928	0.0807197	3.052588	0.286042	0.175555	0.0540636	0.0468931	0.0259496	0.0137041	0.00316608	0	3.382422	1.839529	0.08071966	0.9192803	69.10814
1030	9.77867	-21.6604	31.4391	0.605102	0.394898	3.128767	0.287417	0.173046	0.056074	0.0462724	0.0262526	0.0137595	0.00314157	0	7.246541	1.793058	0.3948976	0.6051024	62.09517
1040	10.8293	-23.4126	34.2419	0.276883	0.723117	2.810918	0.292794	0.169624	0.0539752	0.0462537	0.0260568	0.013442	0.00319202	0	4.443717	1.641952	0.7231173	0.2768827	43.84826
1050	10.7515	-21.0117	31.7632	0.801263	0.198737	0.9614541	0.295782	0.169138	0.0552634	0.04579	0.0257302	0.0136703	0.00318283	0	6.922452	1.886006	0.1987374	0.8012626	76.91406
1060	12.0319	-23.1853	35.2172	0.382017	0.617983	1.185127	0.296063	0.174739	0.0552282	0.0470336	0.0253123	0.0134922	0.00309884	0	3.468465	1.889283	0.6179834	0.3820166	77.49663
1070	12.2193	-23.548	35.7673	0.0342575	0.965743	1.644465	0.285086	0.176824	0.0540293	0.0460296	0.025377	0.0135036	0.00312995	0	2.918368	1.885175	0.9657425	0.03425746	76.76702
1080	10.0686	-23.9439	34.0125	0.0604358	0.939564	5.370308	0.284006	0.175438	0.0546159	0.0480839	0.0257603	0.0131384	0.00310953	0	4.673158	1.792441	0.9395642	0.0604358	62.00709
1090	12.0272	-22.8395	34.8667	0.348111	0.651889	2.385986	0.282885	0.177289	0.0550547	0.0476567	0.0262393	0.0131174	0.00310282	0	3.818958	1.865365	0.6518887	0.3481113	73.34409
1100	6.02291	-22.3333	28.3562	0.942281	0.0577188	1.015492	0.289032	0.171621	0.0561057	0.0469179	0.0263315	0.0131548	0.0031699	0	10.32946	1.35635	0.05771883	0.9422812	22.71697
1110	11.0978	-24.6519	35.7497	0.927746	0.0722542	2.467154	0.289771	0.170592	0.0563656	0.0465326	0.0255388	0.0131321	0.00305983	0	2.935954	1.730818	0.07225419	0.9277458	53.80448
1120	8.87488	-25.4348	34.3097	0.87225	0.12775	5.79686	0.295325	0.170762	0.0560819	0.0465254	0.0257949	0.0132917	0.00311894	0	4.375981	1.70378	0.1277497	0.8722503	50.55687
1130	11.1724	-23.2789	34.4513	0.788918	0.211082	2.089535	0.292009	0.170994	0.0539834	0.0472349	0.0253122	0.0133138	0.00311073	0	4.234339	1.709996	0.2110821	0.7889179	51.28569
1140	11.4013	-23.8096	35.2108	0.0362517	0.963748	3.385207	0.293757	0.177904	0.0563218	0.0471058	0.0258575	0.0132007	0.00309901	0	3.474804	1.730452	0.9637483	0.03625173	53.75906
1150	11.8866	-24.8125	36.6991	0.0192735	0.980726	4.381014	0.293698	0.175123	0.0553405	0.0464587	0.0260401	0.0136883	0.00320061	0	1.986516	1.985568	0.9807265	0.01927352	96.73147
1160	11.4641	-21.2389	32.703	0.205596	0.794404	1.668109	0.291892	0.169517	0.0549366	0.0461518	0.026253	0.0135147	0.00317931	0	5.982661	1.904659	0.7944043	0.2055957	80.28946
1170	10.7468	-22.5758	33.3227	0.287475	0.712525	3.369356	0.296823	0.173874	0.0554441	0.0469071	0.025638	0.0130824	0.00314688	0	5.362976	1.766896	0.7125251	0.2874749	58.46494
1180	11.8163	-21.7567	33.573	0.526589	0.473411	2.773875	0.293929	0.17068	0.0553047	0.0476789	0.0263346	0.0132517	0.00320217	0	5.112645	1.940652	0.473411	0.526589	87.22724
1190	11.4893	-23.5885	35.0778	0.240295	0.759705	4.41811	0.29082	0.172382	0.0556532	0.04687	0.026371	0.013357	0.00313328	0	3.607858	1.88237	0.7597051	0.2402949	76.27278
1200	9.32549	-20.462	29.7875	0.348208	0.651792	1.281192	0.28972	0.169863	0.0558762	0.0475915	0.0262642	0.0135677	0.00305776	0	8.898122	1.838519	0.6517915	0.3482085	68.94759
1210	4.34265	-32.6963	37.039	0.714541	0.285459	5.779621	0.282921	0.171607	0.0561179	0.0473575	0.0258517	0.0135621	0.0030701	0	1.646654	1.379799	0.2854586	0.7145414	23.97723
1220	10.5741	-26.4282	37.0023	0.829612	0.170388	3.329132	0.28455	0.173199	0.056448	0.0466547	0.0255722	0.0133952	0.00305072	0	1.683366	1.846314	0.1703878	0.8296122	70.19629
1230	10.6991	-21.3095	32.0087	0.64963	0.35037	1.688262	0.293955	0.17781	0.0563724	0.0458755	0.0254506	0.0132939	0.00319619	0	6.676969	1.81579	0.3503704	0.6496296	65.43193
1240	10.2627	-26.7223	36.985	0.470838	0.529162	4.111002	0.296657	0.173069	0.0543062	0.0457253	0.0253851	0.0131215	0.00314918	0	1.70067	1.77188	0.5291623	0.4708377	59.13982
1250	11.9066	-24.0191	35.9257	0.722762	0.277238	4.006628	0.288414	0.169926	0.05608	0.0463525	0.0257754	0.0130964	0.00317858	0	2.759928	1.962824	0.2772384	0.7227616	91.79597
1260	9.62089	-25.696	35.3169	0.887135	0.112865	7.414082	0.28709	0.169631	0.0564287	0.0465381	0.0257187	0.0133937	0.0031411	0	3.368782	1.966977	0.1128652	0.8871348	92.67817
1270	10.2394	-21.4357	31.6751	0.321875	0.678125	3.613037	0.296093	0.169812	0.0561383	0.0461968	0.025362	0.0136957	0.00317818	0	7.010514	1.902631	0.6781248	0.3218752	79.91544
1280	7.53792	-26.1055	33.6435	0.740967	0.259033	5.76578	0.289596	0.17406	0.0558362	0.0471773	0.0254944	0.0136071	0.00312875	0	5.042174	1.57287	0.2590328	0.7409672	37.39982
1290	10.1665	-25.9817	36.1481	0.792512	0.207488	4.387664	0.297085	0.173948	0.0551228	0.0476014	0.0253294	0.0133573	0.003098	0	2.537514	1.719293	0.2074879	0.7925121	52.39539
1300	10.1094	-21.532	31.6414	0.0322431	0.967757	4.460047	0.297074	0.172247	0.0554879	0.0465148	0.0257615	0.013316	0.0031084	0	7.044184	1.985395	0.9677569	0.03224309	96.69294
1310	11.0515	-26.2688	37.3203	0.288408	0.711592	3.31319	0.296973	0.173267	0.0563122	0.0462955	0.0253081	0.0134712	0.00314281	0	1.365294	1.99113	0.7115923	0.2884077	97.97843
1320	11.095	-23.9705	35.0654	0.992001	0.00799907	4.407781	0.288934	0.17599	0.0565604	0.0478982	0.0254031	0.0136862	0.00317959	0	3.620217	1.851642	0.007999068	0.9920009	71.06267
1330	12.1667	-22.0657	34.2324	0.378341	0.621659	2.25996	0.291621	0.170023	0.0557513	0.0476625	0.0257763	0.0136292	0.00312325	0	4.453255	1.939193	0.6216593	0.3783407	86.93464
1340	11.818	-24.0244	35.8424	0.316629	0.683371	1.26457	0.287482	0.169696	0.055948	0.0458721	0.0258397	0.0137212	0.00312795	0	2.843253	1.837805	0.6833713	0.3166287	68.83435
1350	10.9136	-23.2915	34.2051	0.127063	0.872937	3.465426	0.296397	0.172514	0.0547206	0.0459848	0.0255244	0.0135819	0.00312662	0	4.480502	1.708	0.8729369	0.1270631	51.05051
1360	11.4986	-25.1059	36.6045	0.816249	0.183751	3.0136	0.293907	0.169128	0.053808	0.0471147	0.0253123	0.0136371	0.00305854	0	2.081106	1.914988	0.1837507	0.8162493	82.22193
1370	10.1639	-24.1522	34.3161	0.669643	0.330357	1.438582	0.295496	0.172739	0.0563087	0.0465516	0.0261316	0.0132565	0.0031274	0	4.369527	1.493858	0.3303566	0.6696434	31.17871
1380	11.5677	-21.6064	33.1741	0.0753671	0.924633	2.028094	0.283669	0.170346	0.0557984	0.045894	0.0260855	0.0130956	0.00311859	0	5.511531	1.865688	0.9246329	0.07536712	73.39859
1390	5.40059	-24.9567	30.3572	0.109649	0.890351	4.715777	0.289422	0.169798	0.0549895	0.0462791	0.0264329	0.0131907	0.0031773	0	8.328383	1.401222	0.8903509	0.1096491	25.18966
1400	6.86821	-23.4858	30.354	0.90084	0.0991602	6.30229	0.284534	0.172191	0.054926	0.0456827	0.0265586	0.0132393	0.00316645	0	8.33159	1.819621	0.09916018	0.9008398	66.01177
1410	12.287	-22.637	34.924	0.111058	0.888942	2.234651	0.282444	0.174723	0.0541053	0.0463343	0.0260246	0.0135446	0.0030961	0	3.761611	1.904134	0.8889415	0.1110585	80.19251
1420	11.5857	-23.5942	35.18	0.924932	0.0750683	2.526391	0.28359	0.170809	0.0549411	0.0478529	0.0265811	0.0133962	0.0030495	0	3.505669	1.807492	0.07506827	0.9249317	64.19363
1430	10.93	-26.3244	37.2544	0.0977076	0.902292	4.301256	0.297097	0.171802	0.0547197	0.0470968	0.0260635	0.0137386	0.00307427	0	1.431184	1.92631	0.9022924	0.09770758	84.39363
1440	11.5893	-21.7354	33.3247	0.431014	0.568986	3.381375	0.285656	0.173251	0.0552608	0.0471899	0.0264449	0.0134294	0.00307552	0	5.36097	1.972991	0.5689864	0.4310136	93.97038
1450	9.77013	-25.736	35.5061	0.90383	0.0961703	6.57743	0.285984	0.175729	0.0546899	0.0465594	0.0264289	0.01342	0.00319308	0	3.179545	1.870771	0.09617026	0.9038297	74.26275
1460	11.6791	-21.7452	33.4243	0.0687787	0.931221	2.519172	0.285531	0.176468	0.0552484	0.0457621	0.026509	0.013306	0.00313217	0	5.261294	1.883953	0.9312213	0.06877871	76.55133
1470	11.5708	-24.1961	35.7669	0.139176	0.860824	1.455025	0.285037	0.176598	0.0552389	0.0471523	0.0260745	0.0135553	0.00316309	0	2.918753	1.692939	0.8608242	0.1391758	49.31043
1480	11.5898	-24.757	36.3468	0.345132	0.654868	5.174928	0.28997	0.17701	0.0538198	0.0467322	0.026484	0.0136619	0.00320161	0	2.338861	1.997833	0.6548681	0.3451319	99.50216
1490	12.267	-22.7389	35.0059	0.469979	0.530021	2.663893	0.289108	0.175243	0.0548442	0.047881	0.0257908	0.0135252	0.00319051	0	3.679722	1.932428	0.5300209	0.4699791	85.59096
1500	11.4035	-20.9536	32.3571	0.000918363	0.999082	2.607796	0.295263	0.17788	0.0549177	0.0477652	0.0262334	0.0137565	0.00318106	0	6.328549	1.971942	0.9990816	0.0009183628	93.74369
1510	11.0884	-23.8332	34.9216	0.707701	0.292299	1.828223	0.286275	0.172425	0.0559945	0.0463439	0.0264757	0.0134869	0.00305227	0	3.763984	1.666812	0.2922989	0.7077011	46.43147
1520	9.846	-27.8088	37.6548	0.374477	0.625523	4.048796	0.28906	0.171686	0.0559981	0.0460043	0.0264673	0.0135526	0.00308721	0	1.030851	1.956937	0.6255226	0.3744774	90.56009
1530	11.7461	-24.5521	36.2982	0.279152	0.720848	2.804787	0.29367	0.172051	0.0557219	0.0457976	0.0261305	0.0137502	0.00314341	0	2.387409	1.83426	0.720848	0.279152	68.27474
1540	11.2432	-21.0928	32.336	0.112423	0.887577	2.484442	0.296537	0.169253	0.0546374	0.046697	0.0253237	0.0136288	0.00308684	0	6.349624	1.937044	0.8875772	0.1124228	86.5056
1550	12.2031	-22.9873	35.1904	0.354657	0.645343	1.259661	0.287541	0.177622	0.0552691	0.0476308	0.0252706	0.0134709	0.00310563	0	3.495225	1.937581	0.6453426	0.3546574	86.61268
1560	10.9477	-25.8434	36.7911	0.0793566	0.920643	3.423258	0.290397	0.176688	0.0562193	0.0479561	0.0260337	0.0137232	0.00311875	0	1.894535	1.719944	0.9206434	0.07935663	52.47398
1570	11.8435	-21.8827	33.7262	0.977168	0.0228322	2.652235	0.289855	0.173448	0.0557121	0.0477916	0.026578	0.0132942	0.00316142	0	4.959473	1.941289	0.02283221	0.9771678	87.35518
1580	9.93943	-25.1324	35.0718	0.688511	0.311489	4.307596	0.288779	0.17309	0.0549755	0.0479439	0.0262304	0.0131718	0.00318818	0	3.613797	1.645622	0.3114894	0.6885106	44.22029
1590	10.7159	-23.6629	34.3788	0.732658	0.267342	5.777084	0.285049	0.170648	0.0551623	0.0470614	0.025973	0.0132656	0.00317098	0	4.306783	1.97061	0.2673424	0.7326576	93.45665
1600	11.427	-22.9129	34.3399	0.294367	0.705633	0.7282062	0.289795	0.174273	0.054577	0.0470942	0.0265538	0.0133086	0.00315189	0	4.345716	1.737839	0.7056331	0.2943669	54.68136
1610	11.5789	-24.2958	35.8747	0.159606	0.840394	3.294255	0.285078	0.173026	0.0539674	0.0468834	0.0265136	0.0136225	0.00314051	0	2.810926	1.769264	0.840394	0.159606	58.7846
1620	5.74319	-26.6403	32.3835	0.444504	0.555496	7.121421	0.290254	0.173874	0.0541415	0.0463655	0.0263657	0.0134019	0.0030665	0	6.302132	1.60156	0.555496	0.444504	39.95397
1630	10.1882	-21.8621	32.0503	0.572572	0.427428	3.764151	0.295023	0.17763	0.054867	0.0474346	0.0260897	0.0133175	0.0030584	0	6.635363	1.872514	0.4274282	0.5725718	74.56133
1640	11.6935	-22.7876	34.4811	0.818534	0.181466	1.669628	0.285878	0.177833	0.0538824	0.0470279	0.0257865	0.0135796	0.00310973	0	4.204542	1.814724	0.1814656	0.8185344	65.27157
1650	11.048	-23.5099	34.5578	0.227362	0.772638	3.563583	0.286068	0.172978	0.0558131	0.0467019	0.0261602	0.0135928	0.00311054	0	4.127811	1.730962	0.7726379	0.2273621	53.82231
1660	10.2593	-26.5949	36.8542	0.850046	0.149954	4.496424	0.29014	0.174077	0.0553436	0.0472297	0.0264417	0.0137373	0.00312986	0	1.831446	1.819281	0.1499544	0.8500456	65.96
1670	11.7789	-22.26	34.0389	0.490295	0.509705	0.5910526	0.285238	0.170669	0.0550529	0.0471391	0.0262536	0.0132545	0.00310981	0	4.646739	1.940108	0.5097052	0.4902948	87.11806
1680	12.2003	-21.8876	34.0879	0.377711	0.622289	2.048429	0.284032	0.170674	0.0563037	0.0473525	0.0259666	0.0132875	0.00318523	0	4.597717	1.95391	0.6222893	0.3777107	89.93106
1690	11.4539	-24.2567	35.7106	0.0996949	0.900305	0.4007819	0.283591	0.173425	0.0560159	0.0473508	0.0254906	0.0137551	0.00316503	0	2.975047	1.786145	0.9003051	0.09969491	61.11457
1700	10.337	-25.5633	35.9003	0.265174	0.734826	1.777585	0.284274	0.169836	0.0564985	0.0476993	0.0264775	0.0135277	0.00315283	0	2.785377	1.467159	0.7348259	0.2651741	29.31967
1710	6.57239	-24.4365	31.0089	0.161918	0.838082	1.725879	0.28272	0.169375	0.0565834	0.0462023	0.0253881	0.0136761	0.00314263	0	7.676781	1.182916	0.8380824	0.1619176	15.23759
1720	11.4773	-23.6924	35.1697	0.691256	0.308744	0.4514725	0.286068	0.174842	0.0549376	0.0457468	0.0257691	0.0135444	0.00305944	0	3.515957	1.837811	0.3087442	0.6912558	68.83528
1730	11.0637	-25.3106	36.3743	0.748521	0.251479	0.4734295	0.285793	0.176897	0.0557132	0.0478008	0.0252962	0.0135507	0.00308729	0	2.311305	1.92093	0.2514792	0.7485208	83.35466
1740	12.33	-23.1261	35.4561	0.0640866	0.935913	1.525001	0.28876	0.173802	0.0563997	0.0469312	0.0262534	0.0133669	0.00305586	0	3.229534	1.934309	0.9359134	0.06408663	85.96259
1750	10.8464	-23.2042	34.0506	0.10081	0.89919	5.311843	0.287265	0.174462	0.0551477	0.0465965	0.0261834	0.0134437	0.00310976	0	4.635045	1.933229	0.8991899	0.1008101	85.74894
1760	11.3113	-22.4754	33.7867	0.265356	0.734644	4.303646	0.283582	0.17493	0.0560969	0.045814	0.0254995	0.0136698	0.00318548	0	4.898962	1.935374	0.7346436	0.2653564	86.17352
1770	5.5312	-26.6249	32.1561	0.775834	0.224166	1.415087	0.287699	0.177528	0.0563898	0.0466174	0.0255789	0.0136214	0.00310678	0	6.529537	1.080477	0.2241655	0.7758345	12.03585
1780	8.93655	-21.8507	30.7873	0.217745	0.782255	0.3841415	0.293394	0.174114	0.0553377	0.0476031	0.0254154	0.013652	0.00314023	0	7.898363	1.502897	0.7822553	0.2177447	31.83446
1790	10.7767	-21.1459	31.9226	0.696454	0.303546	1.037987	0.283791	0.174858	0.0543283	0.0469075	0.0253485	0.0135097	0.00306979	0	6.76304	1.866406	0.3035461	0.6964539	73.52009
1800	10.747	-24.791	35.538	0.239474	0.760526	0.8436638	0.285343	0.171525	0.0563852	0.0468324	0.0258523	0.0130957	0.00312116	0	3.147609	1.515531	0.7605264	0.2394736	32.77413
1810	10.2685	-27.015	37.2835	0.546115	0.453885	4.67287	0.290297	0.177906	0.0550286	0.0476006	0.0253478	0.0132082	0.00318888	0	1.402097	1.911358	0.4538847	0.5461153	81.53758
1820	10.9692	-23.9386	34.9078	0.327399	0.672601	5.71191	0.288482	0.169356	0.0552683	0.0479803	0.0264847	0.0130897	0.00314437	0	3.777784	1.955791	0.6726014	0.3273986	90.32139
1830	11.5102	-24.9075	36.4177	0.508169	0.491831	2.171513	0.289396	0.173318	0.0547274	0.0474597	0.0265506	0.0131061	0.00315614	0	2.267909	1.828345	0.4918308	0.5081692	67.35114
1840	12.1013	-24.1244	36.2257	0.326783	0.673217	1.833789	0.292403	0.171926	0.0542522	0.0478503	0.0261373	0.0132003	0.00314836	0	2.459923	1.948223	0.6732167	0.3267833	88.76114
1850	11.009	-21.7205	32.7295	0.359589	0.640411	1.394199	0.29336	0.176454	0.0544474	0.0476671	0.0256743	0.0135138	0.00307801	0	5.956152	1.780907	0.640411	0.359589	60.38199
1860	11.5922	-21.0817	32.6739	0.985904	0.0140964	2.055431	0.297157	0.170791	0.0560027	0.0473416	0.0255273	0.0136744	0.00309911	0	6.011767	1.989502	0.01409641	0.9859036	97.61169
1870	9.03877	-22.998	32.0368	0.0686931	0.931307	2.675952	0.294067	0.172933	0.0558645	0.0460073	0.0257725	0.013539	0.00308747	0	6.648832	1.497827	0.9313069	0.06869312	31.46497
1880	11.7394	-22.6254	34.3648	0.260438	0.739562	2.485885	0.29135	0.172059	0.0550603	0.0475659	0.026472	0.0135701	0.00316021	0	4.320788	1.810172	0.7395622	0.2604378	64.59104
1890	8.04008	-29.5895	37.6295	0.551368	0.448632	7.518203	0.295439	0.175243	0.0543967	0.048035	0.0259932	0.0134213	0.00313625	0	1.056097	1.984487	0.4486317	0.5513683	96.49094
1900	12.3923	-22.1371	34.5294	0.642295	0.357705	2.346628	0.292074	0.175901	0.0544213	0.0472707	0.0256006	0.0135083	0.00315895	0	4.156215	1.991799	0.3577049	0.6422951	98.12946
1910	10.8412	-25.3776	36.2188	0.636768	0.363232	1.476075	0.283836	0.176569	0.0545742	0.0467543	0.0254506	0.0133695	0.00314127	0	2.466786	1.669116	0.3632317	0.6367683	46.67844
1920	10.8631	-23.959	34.8221	0.9717	0.0282995	1.477704	0.293158	0.17559	0.0546478	0.0471721	0.0256695	0.013473	0.00311384	0	3.863485	1.63621	0.02829953	0.9717005	43.27228
1930	12.2973	-23.1734	35.4707	0.475325	0.524675	2.96354	0.28747	0.17761	0.0560912	0.0472054	0.0259159	0.0133439	0.00309346	0	3.214926	1.958868	0.524675	0.475325	90.96374
1940	11.8016	-23.1874	34.989	0.191833	0.808167	3.844036	0.296848	0.177967	0.0564698	0.0475155	0.0256504	0.0132178	0.00306268	0	3.696622	1.900453	0.8081668	0.1918332	79.51573
1950	11.5463	-21.822	33.3683	0.748245	0.251755	2.276404	0.289784	0.171094	0.0558634	0.0479235	0.0256605	0.0131383	0.00306381	0	5.317322	1.888946	0.2517547	0.7482453	77.43662
1960	10.7625	-22.585	33.3475	0.190954	0.809046	0.8660633	0.287871	0.17359	0.0560552	0.0479359	0.0258092	0.0135144	0.00314665	0	5.338098	1.605758	0.8090462	0.1909538	40.3421
1970	11.9314	-23.5954	35.5268	0.41805	0.58195	3.338328	0.28609	0.173118	0.0543819	0.0480513	0.0255021	0.0136495	0.00310085	0	3.158852	1.88768	0.5819504	0.4180496	77.21111
1980	10.7533	-22.0564	32.8097	0.471063	0.528937	3.855235	0.286901	0.170295	0.0540171	0.0480627	0.0255711	0.0136256	0.00306107	0	5.875916	1.899282	0.5289369	0.4710631	79.30169
1990	8.96194	-25.0979	34.0598	0.293421	0.706579	4.878357	0.286516	0.170107	0.0541696	0.0476386	0.0256704	0.0133914	0.00312739	0	4.625787	1.584776	0.7065793	0.2934207	38.43937
2000	11.3637	-21.5423	32.906	0.713912	0.286088	3.438625	0.28992	0.173725	0.0547764	0.0464244	0.0256737	0.0131828	0.00305487	0	5.779665	1.991906	0.2860881	0.7139119	98.15347
2010	11.2919	-24.1256	35.4175	0.730639	0.269361	2.767315	0.290645	0.174513	0.0555175	0.0476639	0.0259178	0.0131093	0.00305868	0	3.268155	1.751488	0.2693612	0.7306388	56.42709
2020	10.2594	-20.788	31.0474	0.330142	0.669858	3.449013	0.290128	0.177322	0.0554851	0.0476453	0.0264207	0.0132972	0.00318732	0	7.638211	1.999278	0.6698577	0.3301423	99.83379
2030	12.5556	-22.6494	35.205	0.0612849	0.938715	1.783615	0.285771	0.175278	0.0550672	0.046996	0.0263236	0.0134244	0.00317732	0	3.480645	1.978775	0.9387151	0.06128494	95.23026
2040	10.829	-22.7109	33.5399	0.107426	0.892574	1.982544	0.284828	0.17296	0.0563318	0.0458946	0.0258286	0.0133405	0.00309633	0	5.145713	1.628381	0.8925736	0.1074264	42.49922
2050	10.4996	-25.6839	36.1835	0.330003	0.669997	5.795101	0.282749	0.170084	0.0563487	0.0471679	0.025451	0.0136777	0.00318259	0	2.502177	1.857874	0.6699968	0.3300032	72.08985
2060	11.178	-23.8451	35.0231	0.0838893	0.916111	2.973426	0.28349	0.173231	0.0561582	0.0477886	0.0260782	0.0135627	0.00319882	0	3.662492	1.64917	0.9161107	0.08388929	44.58312
2070	11.777	-24.5936	36.3707	0.0441118	0.955888	2.163504	0.285964	0.169239	0.0559081	0.0477273	0.0256047	0.0135079	0.00318482	0	2.314968	1.786728	0.9558882	0.04411181	61.19666
2080	12.198	-22.4443	34.6423	0.385552	0.614448	3.183248	0.293701	0.172866	0.0545144	0.0466436	0.0265567	0.013639	0.00318449	0	4.043342	1.958125	0.6144481	0.3855519	90.80819
2090	11.543	-24.9319	36.4749	0.496285	0.503715	4.794586	0.287181	0.17329	0.0540484	0.0471866	0.0262833	0.0137538	0.00318295	0	2.210757	1.977451	0.5037152	0.4962848	94.94047
2100	12.1101	-22.0228	34.1329	0.862878	0.137122	2.885515	0.292852	0.177127	0.054158	0.0466702	0.026334	0.0136267	0.00319943	0	4.552734	1.975692	0.137122	0.862878	94.55671
2110	10.671	-26.3775	37.0485	0.365861	0.634139	4.182035	0.291939	0.173241	0.0537696	0.047036	0.0258457	0.0130961	0.00311884	0	1.63711	1.85064	0.6341388	0.3658612	70.89895
2120	10.6009	-24.4314	35.0323	0.308328	0.691672	2.763662	0.288252	0.177104	0.0540062	0.0463999	0.0264427	0.0130724	0.0031019	0	3.653292	1.576201	0.6916718	0.3083282	37.68783
2130	12.1868	-23.457	35.6437	0.766705	0.233295	3.15596	0.283756	0.174722	0.0538201	0.0474805	0.0261003	0.0132893	0.00313922	0	3.041898	1.959299	0.2332951	0.7667049	91.05404
2140	12.1023	-21.8935	33.9958	0.73511	0.26489	2.252346	0.289063	0.17459	0.0547366	0.0468313	0.0253921	0.0131364	0.003197	0	4.689816	1.954197	0.2648903	0.7351097	89.99053
2150	6.56121	-27.6887	34.25	0.0175415	0.982458	7.029048	0.288248	0.169283	0.054641	0.0466017	0.0259717	0.013395	0.00314929	0	4.435675	1.535635	0.9824585	0.01754154	34.3269
2160	11.4469	-24.8555	36.3024	0.0432522	0.956748	4.295161	0.291264	0.16934	0.055923	0.0465462	0.0252925	0.0132615	0.00306483	0	2.383232	1.84679	0.9567478	0.04325223	70.27325
2170	9.55442	-22.3719	31.9263	0.200205	0.799795	3.423303	0.283922	0.169493	0.0559166	0.046275	0.0258378	0.013709	0.00309514	0	6.759364	1.694673	0.7997952	0.2002048	49.50778
2180	12.0926	-23.8235	35.9161	0.264049	0.735951	3.781997	0.283985	0.170412	0.0564499	0.0464456	0.0254001	0.013748	0.00307656	0	2.769538	1.95545	0.7359509	0.2640491	90.25049
2190	12.2864	-23.135	35.4213	0.247902	0.752098	2.087795	0.285792	0.175865	0.0541995	0.0467698	0.025436	0.0134021	0.0031326	0	3.264329	1.908939	0.7520978	0.2479022	81.08475
2200	11.9087	-22.7001	34.6087	0.58464	0.41536	1.228676	0.285165	0.174098	0.0539396	0.0469789	0.0257383	0.0135098	0.00311866	0	4.076911	1.867299	0.4153602	0.5846398	73.67138
2210	6.59011	-27.3228	33.9129	0.135362	0.864638	4.181815	0.285177	0.175005	0.0545197	0.0476973	0.0265077	0.0134496	0.00315648	0	4.772743	1.257175	0.8646384	0.1353616	18.07904
2220	12.0026	-22.1353	34.1379	0.220057	0.779943	2.419506	0.289228	0.176306	0.0556986	0.047166	0.0259192	0.01318	0.00310395	0	4.547737	1.900554	0.7799428	0.2200572	79.53429
2230	9.47106	-28.0666	37.5376	0.0269413	0.973059	4.83455	0.293984	0.17423	0.0550366	0.0476385	0.0263087	0.0130912	0.00315469	0	1.147984	1.771321	0.9730587	0.02694126	59.06377
2240	7.16687	-25.0845	32.2514	0.153085	0.846915	0.5589878	0.289128	0.173824	0.054511	0.0477348	0.0256577	0.0133711	0.00310549	0	6.434276	1.077918	0.8469148	0.1530852	11.96515
2250	11.4508	-21.6517	33.1026	0.947769	0.0522313	0.4873294	0.283234	0.177016	0.0560033	0.0479483	0.0260669	0.0133264	0.00310437	0	5.583038	1.97098	0.05223133	0.9477687	93.53625
2260	9.72728	-22.867	32.5942	0.572825	0.427175	2.37949	0.290156	0.176705	0.0552611	0.0476319	0.0260981	0.0130976	0.00316492	0	6.091382	1.578688	0.4271745	0.5728255	37.90425
2270	11.8656	-21.5162	33.3818	0.203178	0.796822	2.875542	0.292594	0.177514	0.0564132	0.0474722	0.025868	0.0134727	0.00317167	0	5.303843	1.972584	0.7968221	0.2031779	93.88235
2280	11.2762	-21.8196	33.0957	0.599943	0.400057	0.9250549	0.293643	0.173475	0.0551782	0.0474774	0.0253745	0.0136515	0.00312758	0	5.589892	1.831362	0.4000572	0.5999428	67.82069
2290	10.9442	-22.4717	33.4159	0.721015	0.278985	0.7648341	0.285955	0.174467	0.0537936	0.0472422	0.0255286	0.0136402	0.00306269	0	5.269754	1.715064	0.2789845	0.7210155	51.8877
2300	10.2381	-22.7393	32.9774	0.751384	0.248616	1.459282	0.286075	0.177231	0.0562956	0.0478949	0.0256497	0.0135069	0.00313766	0	5.708223	1.593923	0.2486158	0.7513842	39.25755
2310	11.0372	-23.4626	34.4998	0.677046	0.322954	3.876871	0.28579	0.175613	0.0559752	0.0473597	0.0254914	0.0133004	0.0031978	0	4.185864	1.796662	0.3229542	0.6770458	62.61269
2320	10.4107	-23.1636	33.5744	0.207218	0.792782	0.8119307	0.296216	0.174664	0.0564214	0.0458343	0.0261621	0.013185	0.00318668	0	5.111252	1.49431	0.7927822	0.2072178	31.2112
2330	11.4657	-22.941	34.4068	0.0342555	0.965744	1.440529	0.294399	0.173965	0.055487	0.0459854	0.0254373	0.0132679	0.00316001	0	4.278869	1.666699	0.9657445	0.03425551	46.41938
2340	10.2358	-25.6992	35.9351	0.807521	0.192479	1.266536	0.294515	0.173927	0.0549992	0.0459838	0.0257646	0.0137016	0.00313723	0	2.75056	1.548077	0.1924789	0.8075211	35.32454
2350	12.0827	-22.6064	34.6891	0.07451	0.92549	1.493067	0.285985	0.171502	0.0555039	0.0478589	0.0255515	0.0131826	0.00313155	0	3.996532	1.854012	0.92549	0.07450997	71.45154
2360	10.4673	-26.6695	37.1368	0.854522	0.145478	4.994452	0.287971	0.171246	0.0546317	0.0458513	0.0254307	0.0131531	0.00312045	0	1.548807	1.967142	0.145478	0.854522	92.71325
2370	12.1517	-23.3459	35.4975	0.514461	0.485539	3.980099	0.287481	0.174222	0.0550277	0.0457643	0.0262138	0.0133295	0.00311563	0	3.188112	1.996685	0.4855388	0.5144612	99.23965
2380	11.1125	-21.3146	32.4272	0.621783	0.378217	1.659922	0.290063	0.176037	0.0538078	0.0465083	0.0265431	0.0131796	0.00318011	0	6.258466	1.863835	0.3782175	0.6217825	73.08612
2390	12.3784	-22.4011	34.7795	0.037533	0.962467	3.436802	0.287237	0.171688	0.0550317	0.0457487	0.026291	0.0132171	0.00318826	0	3.906155	1.989607	0.962467	0.03753298	97.63524
2400	11.1872	-24.8715	36.0587	0.0838575	0.916142	0.7170865	0.286233	0.173869	0.0541293	0.0466898	0.0262644	0.0132927	0.00319663	0	2.626932	1.63977	0.9161425	0.08385751	43.62844
2410	11.3199	-23.7182	35.0381	0.90897	0.0910305	1.586614	0.28718	0.175539	0.0538423	0.0477904	0.0261394	0.0136375	0.00316632	0	3.647576	1.717246	0.0910305	0.9089695	52.14901
2420	10.4508	-23.9784	34.4292	0.646568	0.353432	1.611253	0.293775	0.172956	0.0538524	0.0475647	0.0254074	0.0136517	0.00315598	0	4.256446	1.537848	0.353432	0.646568	34.50227
2430	12.1745	-22.548	34.7225	0.595156	0.404844	1.085707	0.29308	0.176596	0.0550619	0.0461548	0.0255416	0.0133201	0.00310574	0	3.963123	1.969367	0.4048438	0.5951562	93.1895
2440	12.495	-22.827	35.322	0.283121	0.716879	2.123983	0.284246	0.171397	0.0563049	0.0461113	0.0255648	0.013158	0.00312421	0	3.363617	1.976678	0.7168786	0.2831214	94.77146
2450	7.58549	-27.5296	35.1151	0.0320277	0.967972	4.094157	0.293482	0.175835	0.0555633	0.0477213	0.025319	0.0135665	0.00307405	0	3.570514	1.29801	0.9679723	0.03202768	19.8614
2460	12.049	-22.8833	34.9323	0.00558204	0.994418	2.32808	0.289926	0.177438	0.0563763	0.0473149	0.0253255	0.0137563	0.00305234	0	3.753302	1.822995	0.994418	0.005582042	66.52657
2470	8.87028	-26.7173	35.5875	0.23274	0.76726	4.609258	0.296867	0.175601	0.0564773	0.0476735	0.0257202	0.0134208	0.00307867	0	3.098099	1.499956	0.7672597	0.2327403	31.61954
2480	8.66566	-21.5657	30.2313	0.886257	0.113743	4.012847	0.293957	0.170719	0.0560773	0.0477105	0.0252782	0.0135948	0.00310858	0	8.454312	1.858715	0.1137429	0.8862571	72.22958
2490	11.5631	-25.0373	36.6004	0.75674	0.24326	1.307274	0.283218	0.171081	0.05486	0.047585	0.0255489	0.0136814	0.00317643	0	2.085191	1.984617	0.24326	0.75674	96.51996
2500	10.4733	-20.3353	30.8086	0.0835507	0.916449	2.333631	0.284247	0.170025	0.0548361	0.0475919	0.0259727	0.0133026	0.00311891	0	7.876985	1.999934	0.9164493	0.08355072	99.98476
2510	11.4145	-25.1576	36.5721	0.60967	0.39033	1.934396	0.286987	0.169343	0.0557596	0.0474362	0.0258939	0.0130981	0.00318665	0	2.113552	1.857855	0.3903303	0.6096697	72.08667
2520	9.76302	-27.7345	37.4976	0.237226	0.762774	2.113412	0.29319	0.174805	0.0554016	0.0465455	0.026177	0.0131625	0.00306193	0	1.18807	1.769321	0.7627743	0.2372257	58.79232
2530	6.65515	-29.8971	36.5522	0.682178	0.317822	8.933155	0.296875	0.176803	0.054175	0.0476806	0.0259805	0.0133897	0.00307051	0	2.133389	1.823186	0.317822	0.682178	66.55584
2540	11.5749	-21.9157	33.4906	0.855358	0.144642	0.4122996	0.293547	0.176161	0.0543081	0.0469144	0.0264058	0.0136638	0.00305242	0	5.195027	1.98215	0.1446415	0.8553585	95.97318
2550	8.72594	-29.0922	37.8181	0.433276	0.566724	4.741025	0.287562	0.177278	0.0541465	0.046674	0.0256365	0.0137356	0.00320096	0	0.8674824	1.895398	0.5667245	0.4332755	78.59563
2560	9.54534	-25.8795	35.4248	0.552358	0.447642	5.71647	0.286741	0.170433	0.055662	0.0460652	0.0264027	0.013508	0.00318038	0	3.260832	1.720764	0.4476424	0.5523576	52.57321
2570	9.7872	-24.0731	33.8603	0.244848	0.755152	3.352047	0.287603	0.17424	0.0557042	0.0459526	0.025665	0.0131011	0.0031141	0	4.825308	1.547538	0.7551518	0.2448482	35.28073
2580	11.0782	-20.9639	32.042	0.839169	0.160831	2.303057	0.29635	0.174933	0.0547365	0.0468866	0.0257838	0.0131372	0.00305516	0	6.64359	1.959561	0.1608315	0.8391685	91.10885
2590	8.14232	-28.6523	36.7947	0.716351	0.283649	5.086271	0.292607	0.175931	0.054396	0.0474271	0.0254538	0.0136077	0.00304422	0	1.890964	1.597477	0.2836485	0.7163515	39.5801
2600	6.51979	-26.9128	33.4326	0.0217992	0.978201	9.217938	0.295304	0.174736	0.0554974	0.0473644	0.0254511	0.0135971	0.00313014	0	5.25301	1.875984	0.9782008	0.02179923	75.15956
2610	12.211	-22.2263	34.4373	0.835987	0.164013	1.33522	0.296759	0.177624	0.0561533	0.046881	0.0254298	0.0136302	0.00305933	0	4.248358	1.982295	0.1640135	0.8359865	96.00519
2620	12.098	-23.0092	35.1072	0.0745965	0.925404	2.056889	0.296177	0.173528	0.0546219	0.0467924	0.0257669	0.013563	0.00309317	0	3.578421	1.831865	0.9254035	0.07459649	67.89923
2630	11.9558	-21.281	33.2368	0.0743478	0.925652	1.820377	0.285919	0.17697	0.0544918	0.0470803	0.0256571	0.0131523	0.00312698	0	5.448837	1.97537	0.9256522	0.07434782	94.48656
2640	11.2772	-23.6705	34.9477	0.202663	0.797337	2.321742	0.29321	0.174429	0.0542772	0.0466376	0.0259317	0.0133564	0.00304847	0	3.737955	1.663866	0.7973371	0.2026629	46.11748
2650	12.0038	-23.9282	35.932	0.170692	0.829308	0.8597768	0.296569	0.176792	0.056191	0.0459357	0.0258879	0.0135221	0.00305606	0	2.753613	1.999084	0.8293084	0.1706916	99.78934
2660	11.9793	-24.0139	35.9932	0.358204	0.641796	2.284321	0.288706	0.17114	0.0558581	0.0466933	0.0263906	0.0133213	0.00310464	0	2.692459	1.870622	0.6417956	0.3582044	74.23729
2670	11.7109	-22.6876	34.3985	0.971093	0.0289068	3.501113	0.291427	0.169339	0.0542978	0.0466396	0.0263642	0.013284	0.00314936	0	4.287131	1.918131	0.02890675	0.9710932	82.81921
2680	11.6831	-22.5778	34.2609	0.938408	0.061592	0.7680694	0.29079	0.172866	0.0546633	0.0461253	0.0258947	0.0133273	0.00310741	0	4.424731	1.875876	0.06159202	0.938408	75.14088
2690	12.1392	-22.9293	35.0685	0.692292	0.307708	2.964172	0.289636	0.17098	0.0549337	0.0459412	0.0254329	0.0131865	0.00318858	0	3.617169	1.929386	0.3077078	0.6922922	84.99355
2700	11.4987	-22.9548	34.4535	0.958575	0.0414248	1.41985	0.282578	0.170519	0.0557681	0.0461828	0.0263117	0.0131517	0.00312543	0	4.232176	1.777449	0.04142477	0.9585752	59.90305
2710	12.2038	-22.8975	35.1013	0.931758	0.0682415	1.395781	0.282441	0.172103	0.0556933	0.0469568	0.0262498	0.0131462	0.00305502	0	3.584341	1.962758	0.06824152	0.9317585	91.7822
2720	12.0525	-22.6399	34.6923	0.134779	0.865221	1.657442	0.282721	0.176075	0.0549715	0.0467728	0.0262611	0.0130817	0.00318115	0	3.993313	1.841983	0.8652214	0.1347786	69.49977
2730	11.0305	-22.2969	33.3274	0.466403	0.533597	1.302681	0.283349	0.169685	0.0537867	0.0457215	0.0253658	0.0131017	0.00314269	0	5.358257	1.71436	0.5335973	0.4664027	51.80362
2740	11.3641	-22.2905	33.6546	0.86561	0.13439	2.963931	0.283174	0.175407	0.0565362	0.0465643	0.0255722	0.0132807	0.00315646	0	5.031013	1.856713	0.1343905	0.8656095	71.8973
2750	11.0912	-22.8804	33.9716	0.574175	0.425825	5.011941	0.294398	0.169271	0.0554473	0.0473387	0.0265008	0.0136916	0.00320064	0	4.714032	1.969551	0.4258246	0.5741754	93.22906
2760	11.612	-22.5577	34.1697	0.985629	0.0143711	1.727238	0.294674	0.169785	0.0565534	0.0465677	0.0263788	0.0137481	0.00307507	0	4.515965	1.822232	0.01437107	0.9856289	66.40978
2770	11.4597	-21.3005	32.7602	0.673385	0.326615	2.049583	0.290908	0.169713	0.0558606	0.0470661	0.0260988	0.0137486	0.00305095	0	5.925461	1.934026	0.3266152	0.6733848	85.90648
2780	10.276	-24.9102	35.1862	0.289352	0.710648	5.620387	0.28944	0.170391	0.0563756	0.0469359	0.0265343	0.0135853	0.00310284	0	3.499458	1.801348	0.7106476	0.2893524	63.29183
2790	11.3972	-23.6715	35.0687	0.339016	0.660984	1.05133	0.292205	0.170315	0.0561133	0.0467364	0.0264565	0.0136951	0.00307129	0	3.616908	1.689843	0.6609835	0.3390165	48.96016
2800	12.3799	-22.5998	34.9798	0.264872	0.735128	1.724835	0.295663	0.170655	0.055831	0.0457869	0.0260398	0.0136506	0.00307522	0	3.705866	1.956315	0.7351279	0.2648721	90.43055
2810	11.9888	-23.7275	35.7163	0.738852	0.261148	1.549292	0.288649	0.171886	0.0559449	0.0477296	0.0260754	0.0136353	0.00309662	0	2.969311	1.904123	0.2611481	0.7388519	80.19052
2820	11.9369	-24.2454	36.1823	0.0732639	0.926736	3.126993	0.292351	0.17226	0.0551594	0.0458612	0.0261498	0.0136017	0.00313078	0	2.503336	1.849191	0.9267361	0.07326389	70.6628
2830	10.242	-23.7845	34.0265	0.675065	0.324935	1.53779	0.293481	0.177965	0.0550465	0.0467372	0.0259828	0.0132411	0.00315624	0	4.659122	1.520799	0.3249348	0.6750652	33.17407
2840	10.0516	-23.8285	33.88	0.593015	0.406985	3.22757	0.285402	0.175667	0.0557447	0.0467891	0.0261144	0.013136	0.00318576	0	4.805584	1.602344	0.4069845	0.5930155	40.02617
2850	10.5036	-22.5284	33.032	0.402128	0.597872	0.8679055	0.283644	0.171817	0.0563311	0.0480079	0.0258405	0.0132861	0.00318185	0	5.653618	1.601502	0.5978722	0.4021278	39.94866
2860	11.0421	-21.5663	32.6084	0.271227	0.728773	1.168497	0.283239	0.175026	0.0561726	0.046545	0.0258771	0.0130751	0.00318226	0	6.077209	1.796853	0.7287729	0.2712271	62.64018
2870	10.9429	-22.4924	33.4353	0.803022	0.196978	3.118067	0.283041	0.174048	0.0559104	0.0471048	0.0260541	0.0131111	0.00311954	0	5.250355	1.802609	0.1969781	0.8030219	63.47598
2880	12.1866	-23.1108	35.2974	0.15959	0.84041	3.024182	0.285414	0.173702	0.0544211	0.0459584	0.0258195	0.0136369	0.00308218	0	3.388262	1.904265	0.8404103	0.1595897	80.21675
2890	11.5619	-22.9504	34.5123	0.866835	0.133165	4.640334	0.285273	0.171833	0.0559205	0.0473365	0.0262015	0.0135126	0.00308461	0	4.173377	1.998047	0.1331645	0.8668355	99.55134
2900	11.0272	-25.8028	36.83	0.155938	0.844062	4.159541	0.291824	0.175406	0.0554957	0.0457398	0.0262005	0.0134643	0.00307992	0	1.855676	1.826912	0.8440624	0.1559376	67.12925
2910	12.5552	-22.8301	35.3852	0.267017	0.732983	2.361067	0.288588	0.176729	0.0548086	0.0459175	0.0258356	0.0132486	0.00318233	0	3.300396	1.985992	0.7329826	0.2670174	96.82598
2920	10.6627	-24.0868	34.7495	0.273493	0.726507	5.854927	0.28762	0.177896	0.0545102	0.0464079	0.0253009	0.0135053	0.00315512	0	3.936108	1.921827	0.7265068	0.2734932	83.52706
2930	12.4455	-22.8888	35.3343	0.356825	0.643175	1.902725	0.291961	0.174007	0.0551089	0.0480692	0.025492	0.013347	0.00319292	0	3.351344	1.965678	0.6431751	0.3568249	92.40133
2940	11.7306	-21.987	33.7176	0.764043	0.235957	3.37671	0.283934	0.171748	0.0544639	0.0472454	0.0255445	0.0133639	0.00318977	0	4.968065	1.96191	0.2359568	0.7640432	91.60302
2950	9.69904	-27.2709	36.97	0.166182	0.833818	6.956768	0.28543	0.174537	0.0560118	0.0472029	0.0258432	0.0136804	0.00315297	0	1.715675	1.925708	0.8338177	0.1661823	84.27672
2960	10.389	-21.8713	32.2603	0.525027	0.474973	4.508297	0.28241	0.169579	0.0564256	0.0477343	0.0254286	0.0135874	0.00314737	0	6.425324	1.973216	0.4749725	0.5250275	94.01906
2970	12.2825	-23.2929	35.5754	0.399506	0.600494	3.300507	0.295624	0.171178	0.0553963	0.0479972	0.0257683	0.0136852	0.0031496	0	3.11024	1.962583	0.6004938	0.3995062	91.74517
2980	11.3889	-22.5479	33.9368	0.87126	0.12874	3.190164	0.29711	0.170264	0.0556864	0.0462165	0.0252962	0.0135102	0.00315797	0	4.748823	1.854869	0.1287396	0.8712604	71.59267
2990	10.7136	-21.7262	32.4398	0.0355922	0.964408	3.758482	0.294512	0.171129	0.0542991	0.0472653	0.0256409	0.0135269	0.00310452	0	6.245848	1.903236	0.9644078	0.03559217	80.02683
3000	10.4174	-23.8611	34.2786	0.821395	0.178605	5.195756	0.285434	0.169456	0.0541963	0.0467986	0.0261293	0.013507	0.0030832	0	4.407045	1.856611	0.1786051	0.8213949	71.88053
3010	11.8188	-24.6636	36.4824	0.138848	0.861152	4.568039	0.289176	0.170673	0.0538384	0.0465421	0.0259384	0.0136188	0.00310174	0	2.203217	1.98593	0.8611515	0.1388485	96.81211
3020	8.87878	-24.3377	33.2164	0.27639	0.72361	4.120846	0.283361	0.174025	0.0548543	0.0459377	0.0264984	0.0133168	0.00305799	0	5.469187	1.545066	0.7236096	0.2763904	35.08052
3030	8.64766	-26.0445	34.6922	0.1979	0.8021	7.152282	0.285084	0.17632	0.055268	0.0461193	0.0265354	0.0132867	0.00308337	0	3.993453	1.782955	0.8021003	0.1978997	60.66736
3040	11.5489	-23.6461	35.195	0.429415	0.570585	5.053466	0.28689	0.177652	0.0543148	0.0465002	0.0260758	0.0136232	0.00316805	0	3.490602	1.975608	0.5705854	0.4294146	94.53833
3050	11.7282	-22.54	34.2682	0.316705	0.683295	4.441811	0.293863	0.175851	0.0564113	0.0467362	0.0262597	0.0136251	0.00318488	0	4.417406	1.999799	0.6832948	0.3167052	99.95384
3060	10.6633	-26.3746	37.0379	0.669	0.331	1.019614	0.290658	0.170038	0.0555195	0.0461194	0.0263297	0.013151	0.00316744	0	1.647755	1.973265	0.3309999	0.6690001	94.02972
3070	11.4347	-23.6822	35.1169	0.12294	0.87706	1.075028	0.286042	0.169665	0.0540519	0.0461769	0.0262012	0.0132708	0.00319641	0	3.568744	1.644603	0.8770596	0.1229404	44.11666
3080	9.65901	-23.3706	33.0296	0.643813	0.356187	5.983897	0.286432	0.171641	0.0540106	0.0457307	0.0253565	0.0132735	0.00312067	0	5.656034	1.935219	0.3561871	0.6438129	86.14281
3090	11.6854	-22.5793	34.2647	0.316304	0.683696	2.650029	0.290246	0.171528	0.054493	0.0469329	0.0259311	0.0134854	0.00310685	0	4.420924	1.826457	0.6836956	0.3163044	67.05906
3100	12.2696	-24.0343	36.3039	0.100758	0.899242	2.184683	0.28587	0.175207	0.0544036	0.0462123	0.0263524	0.0131893	0.00311719	0	2.381729	1.966433	0.8992417	0.1007583	92.56201
3110	10.0115	-24.3304	34.3419	0.951192	0.0488076	1.934788	0.287424	0.174404	0.0555946	0.0467836	0.0264456	0.0132668	0.00311396	0	4.343718	1.520771	0.04880763	0.9511924	33.17198
3120	11.2692	-22.7666	34.0358	0.936151	0.0638491	1.788636	0.28611	0.1759	0.0562865	0.0471327	0.0265809	0.0133117	0.00311563	0	4.649823	1.748638	0.06384914	0.9361509	56.05808
3130	12.1037	-24.12	36.2237	0.688977	0.311023	2.830816	0.29065	0.175687	0.0546862	0.0470856	0.0260755	0.0131734	0.00310227	0	2.461981	1.97143	0.311023	0.688977	93.63318
3140	10.0139	-20.805	30.819	0.806423	0.193577	3.202803	0.295071	0.172865	0.0540704	0.0461925	0.0263292	0.013513	0.00308722	0	7.866673	1.969869	0.1935771	0.8064229	93.29729
3150	10.3003	-26.8322	37.1325	0.0394852	0.960515	4.497768	0.291178	0.177758	0.0540146	0.0461989	0.0263902	0.0137453	0.00310324	0	1.553119	1.747587	0.9605148	0.03948516	55.92256
3160	12.0245	-24.2579	36.2824	0.23872	0.76128	2.194094	0.287461	0.175082	0.0538751	0.0467742	0.0256189	0.013694	0.00312456	0	2.403225	1.900359	0.7612802	0.2387198	79.49854
3170	11.9452	-23.0646	35.0099	0.477898	0.522102	3.49048	0.285236	0.175875	0.0555745	0.0472784	0.025797	0.0135657	0.00313718	0	3.675765	1.913552	0.5221025	0.4778975	81.95066
3180	11.0469	-24.4395	35.4864	0.235706	0.764294	5.507974	0.286266	0.175176	0.053849	0.0467811	0.02617	0.0134035	0.00304317	0	3.199251	1.917046	0.7642938	0.2357062	82.61263
3190	10.9979	-25.0441	36.042	0.662867	0.337133	1.437796	0.288148	0.174299	0.0549559	0.0459937	0.0258971	0.0134651	0.00317616	0	2.643613	1.679548	0.3371335	0.6628665	47.81324
3200	9.91698	-26.015	35.9319	0.397869	0.602131	7.433509	0.290137	0.172162	0.0543784	0.0474938	0.0259654	0.0134891	0.00311183	0	2.753685	1.985181	0.6021308	0.3978692	96.64529
3210	11.5821	-22.6138	34.1959	0.279356	0.720644	3.650026	0.28644	0.172271	0.0552864	0.0477602	0.0260279	0.013657	0.00308177	0	4.489755	1.891285	0.7206442	0.2793558	77.85478
3220	12.1443	-23.0574	35.2017	0.805407	0.194593	1.89502	0.296878	0.171802	0.0547441	0.0467342	0.0256289	0.0131849	0.00311257	0	3.483951	1.914627	0.1945934	0.8054066	82.15361
3230	12.0075	-23.3881	35.3956	0.239097	0.760903	0.9345371	0.29171	0.171569	0.0537673	0.0472777	0.0256563	0.0133669	0.00319247	0	3.289998	1.899521	0.7609028	0.2390972	79.34521
3240	11.2785	-21.3961	32.6747	0.75034	0.24966	2.017228	0.285724	0.172128	0.0537864	0.0479632	0.0262654	0.013307	0.00320187	0	6.010979	1.884485	0.2496603	0.7503397	76.64513
3250	10.9686	-25.2579	36.2265	0.770776	0.229224	2.620714	0.291429	0.171177	0.0538451	0.0478441	0.0265043	0.0133638	0.00313886	0	2.459128	1.726614	0.2292239	0.7707761	53.28607
3260	9.60399	-27.549	37.1529	0.104141	0.895859	0.1679393	0.292446	0.1754	0.0555805	0.0468517	0.0259502	0.0133956	0.00310553	0	1.532686	1.678966	0.8958593	0.1041407	47.74916
3270	11.1797	-24.279	35.4587	0.277877	0.722123	1.049628	0.284657	0.174421	0.0555291	0.0472526	0.0263541	0.0134192	0.00313305	0	3.226954	1.619439	0.7221229	0.2778771	41.63308
3280	11.5974	-21.0494	32.6468	0.0256132	0.974387	1.953234	0.289524	0.170919	0.055206	0.0476705	0.0264909	0.0135761	0.00312923	0	6.038791	1.954524	0.9743868	0.02561315	90.05828
3290	11.9672	-23.0217	34.989	0.349718	0.650282	0.6632579	0.28665	0.175217	0.0537893	0.047918	0.0258426	0.0136414	0.0031936	0	3.696666	1.937551	0.6502823	0.3497177	86.60662
3300	8.6625	-20.5251	29.1876	0.0461222	0.953878	1.414355	0.29161	0.174375	0.0549703	0.0477055	0.0255444	0.0133727	0.00315765	0	9.498074	1.750474	0.9538778	0.04612218	56.29551
3310	11.3266	-25.6204	36.9469	0.0978287	0.902171	2.393332	0.297009	0.169939	0.0542798	0.047101	0.0258888	0.0131726	0.00312518	0	1.738713	1.837681	0.9021713	0.09782865	68.81469
3320	11.221	-21.5851	32.8061	0.982396	0.0176045	0.4683206	0.296828	0.170594	0.0544983	0.0465636	0.0263608	0.0133982	0.00318203	0	5.879493	1.923274	0.01760448	0.9823955	83.80577
3330	11.4643	-22.6687	34.133	0.331617	0.668383	1.722424	0.295466	0.173107	0.0539128	0.0464083	0.0258055	0.0132143	0.00318132	0	4.552601	1.737407	0.6683833	0.3316167	54.62697
3340	11.9414	-24.112	36.0533	0.219935	0.780065	4.412389	0.296302	0.172292	0.0537985	0.0457138	0.02539	0.0131018	0.00305562	0	2.632294	1.985038	0.7800651	0.2199349	96.61346
3350	11.4341	-21.8397	33.2739	0.721461	0.278539	3.181797	0.285945	0.171479	0.0559034	0.0466315	0.0261043	0.0132803	0.00304555	0	5.411751	1.936737	0.2785395	0.7214605	86.44434
3360	8.26583	-23.7761	32.0419	0.167988	0.832012	4.862415	0.29566	0.169185	0.0551789	0.0478964	0.026294	0.0134799	0.00310266	0	6.643713	1.632004	0.8320124	0.1679876	42.85524
3370	10.0157	-25.3197	35.3354	0.0672273	0.932773	4.629533	0.288727	0.174134	0.0560267	0.0465141	0.0262188	0.0132586	0.00314888	0	3.350262	1.615211	0.9327727	0.06722734	41.22974
3380	10.8529	-23.8248	34.6776	0.563332	0.436668	1.122772	0.283894	0.171984	0.0565806	0.0470831	0.0254562	0.0135903	0.00318442	0	4.007982	1.584337	0.4366682	0.5633318	38.40053
3390	8.47527	-23.479	31.9543	0.751526	0.248474	4.159379	0.287237	0.174919	0.0557083	0.0475276	0.0262395	0.013639	0.00311604	0	6.731319	1.621542	0.2484741	0.7515259	41.83521
3400	9.76358	-27.5709	37.3345	0.821406	0.178594	5.537744	0.29439	0.177105	0.0551537	0.047817	0.0258068	0.0132133	0.00314648	0	1.351177	1.953696	0.178594	0.821406	89.88681
3410	11.0034	-25.9293	36.9327	0.863354	0.136646	3.984923	0.294633	0.177885	0.0558148	0.0480048	0.0260797	0.0133258	0.00306622	0	1.752915	1.940715	0.1366463	0.8633537	87.23986
3420	12.036	-22.9438	34.9797	0.316783	0.683217	3.968924	0.29165	0.176043	0.0549237	0.0471428	0.0265681	0.0132679	0.0030625	0	3.705912	1.976546	0.6832166	0.3167834	94.74273
3430	10.6488	-22.4696	33.1185	0.791902	0.208098	2.718976	0.29332	0.176004	0.0539428	0.0478354	0.0263055	0.0135602	0.00311607	0	5.567161	1.738911	0.2080983	0.7919017	54.81651
3440	10.6641	-25.889	36.5531	0.186824	0.813176	3.787236	0.295434	0.170315	0.054431	0.0475976	0.0264179	0.0134231	0.00310131	0	2.132529	1.688897	0.8131761	0.1868239	48.85369
3450	11.7371	-24.3175	36.0546	0.135481	0.864519	3.685339	0.296681	0.175861	0.0539936	0.0477801	0.0263437	0.013744	0.00305519	0	2.631074	1.849304	0.8645186	0.1354814	70.68119
3460	11.2816	-21.6001	32.8817	0.846277	0.153723	1.238744	0.295004	0.173269	0.0539379	0.0468997	0.0262688	0.0137543	0.00306691	0	5.803942	1.863509	0.1537226	0.8462774	73.03122
3470	9.21436	-24.4456	33.66	0.147026	0.852974	3.297199	0.295607	0.175731	0.0538165	0.0470423	0.0260787	0.0136291	0.00307039	0	5.025644	1.458635	0.8529743	0.1470257	28.74984
3480	11.1127	-25.6905	36.8032	0.948565	0.0514353	4.0746	0.283377	0.175904	0.05416	0.0472167	0.0260287	0.0136149	0.00310657	0	1.882391	1.936733	0.05143535	0.9485647	86.44363
3490	9.53781	-21.1129	30.6507	0.34077	0.65923	2.886626	0.285233	0.172173	0.0559441	0.0467027	0.0265694	0.0134424	0.00305937	0	8.034906	1.837558	0.6592297	0.3407703	68.79521
3500	12.336	-22.8361	35.1722	0.923775	0.0762246	3.017268	0.296285	0.173065	0.0555181	0.0466932	0.0262946	0.0137599	0.00312867	0	3.513462	1.989862	0.07622459	0.9237754	97.69271
3510	8.23591	-23.9082	32.1441	0.24483	0.75517	6.173462	0.293169	0.169944	0.0561501	0.047433	0.0255849	0.0134084	0.00317869	0	6.541547	1.793519	0.75517	0.24483	62.16109
3520	9.81362	-26.941	36.7546	0.529417	0.470583	6.880711	0.292588	0.172819	0.0559367	0.0465931	0.0254272	0.0136076	0.00311061	0	1.931029	1.952646	0.4705828	0.5294172	89.66982
3530	12.4293	-22.5053	34.9346	0.602098	0.397902	1.950896	0.293428	0.177542	0.0553873	0.0472086	0.0265351	0.0137276	0.00317938	0	3.75103	1.977425	0.3979024	0.6020976	94.93472
3540	11.7159	-23.8459	35.5618	0.932004	0.0679956	3.862939	0.283995	0.175481	0.0552245	0.0463307	0.0259517	0.0132482	0.00317846	0	3.123814	1.911122	0.06799559	0.9320044	81.49334
3550	11.1373	-25.4679	36.6052	0.417718	0.582282	2.250561	0.291561	0.174064	0.054226	0.0469454	0.0263295	0.0132465	0.00317542	0	2.080481	1.756485	0.5822815	0.4177185	57.08007
3560	10.7338	-26.167	36.9008	0.67169	0.32831	1.20239	0.2926	0.171176	0.0540619	0.0477663	0.0255321	0.0131811	0.00312763	0	1.784823	1.873312	0.3283104	0.6716896	74.69857
3570	8.79878	-20.9594	29.7581	0.729177	0.270823	3.986683	0.293711	0.174014	0.0550239	0.0462295	0.0260829	0.013199	0.00316572	0	8.927499	1.959372	0.2708228	0.7291772	91.06928
3580	8.73837	-22.3518	31.0902	0.133633	0.866367	3.799363	0.292076	0.174352	0.0550323	0.0461511	0.0263716	0.0132475	0.00316114	0	7.595446	1.683615	0.8663669	0.1336331	48.26304
3590	11.2287	-23.6029	34.8316	0.211216	0.788784	2.721569	0.296118	0.175099	0.0560237	0.0465408	0.0263907	0.0135685	0.00308225	0	3.854022	1.679832	0.7887835	0.2112165	47.84453
3600	11.5855	-21.8832	33.4687	0.349198	0.650802	1.979257	0.295695	0.176941	0.0543642	0.046083	0.0255679	0.0133466	0.00312159	0	5.216917	1.849981	0.6508023	0.3491977	70.79141
3610	11.9764	-21.9881	33.9645	0.400333	0.599667	2.034232	0.288568	0.176197	0.054946	0.0467644	0.0259588	0.0135895	0.00313847	0	4.721119	1.905457	0.5996665	0.4003335	80.4373
3620	10.5443	-26.0895	36.6337	0.756094	0.243906	0.2491411	0.296238	0.177803	0.0555395	0.045947	0.0265098	0.0136227	0.0031581	0	2.051889	1.916967	0.2439059	0.7560941	82.59758
3630	11.336	-23.7798	35.1158	0.893683	0.106317	0.4071504	0.295759	0.175694	0.0555944	0.0458334	0.0265205	0.0132401	0.00318747	0	3.569824	1.800199	0.106317	0.893683	63.12464
3640	11.2786	-23.4795	34.7581	0.733315	0.266685	0.5071208	0.296321	0.177964	0.0543047	0.0460546	0.0263901	0.0136237	0.0031437	0	3.927574	1.74728	0.2666855	0.7333145	55.88306
3650	12.2555	-22.1872	34.4426	0.152931	0.847069	2.068875	0.287863	0.170711	0.0553846	0.046729	0.0264427	0.0137298	0.00317848	0	4.24302	1.919466	0.8470687	0.1529313	83.07418
3660	11.1596	-24.3858	35.5454	0.469016	0.530984	5.892911	0.282908	0.172984	0.0552282	0.0469735	0.0265704	0.0137585	0.00311446	0	3.140214	1.99807	0.5309841	0.4690159	99.55654
3670	11.0546	-24.358	35.4126	0.883027	0.116973	4.859026	0.284285	0.169991	0.0538015	0.0471728	0.025791	0.0136484	0.00312178	0	3.272995	1.881783	0.1169734	0.8830266	76.16992
3680	11.9221	-22.5211	34.4433	0.315656	0.684344	2.589774	0.292984	0.174187	0.053946	0.046084	0.0261794	0.0135432	0.00305828	0	4.24238	1.872019	0.684344	0.315656	74.47652
3690	10.5251	-23.7589	34.284	0.0500158	0.949984	5.842006	0.295198	0.171557	0.0544944	0.0470478	0.0254956	0.0136434	0.00309859	0	4.401644	1.918238	0.9499842	0.05001577	82.83961
3700	11.7132	-22.7153	34.4285	0.839516	0.160484	3.204778	0.289868	0.174521	0.0552078	0.0469552	0.0262442	0.0136601	0.0031987	0	4.257123	1.882195	0.1604843	0.8395157	76.24206
3710	10.9323	-24.4055	35.3378	0.175518	0.824482	2.888943	0.293422	0.172337	0.0539266	0.0459522	0.0260585	0.0137084	0.00317005	0	3.34779	1.604135	0.8244819	0.1755181	40.19153
3720	8.79954	-25.4608	34.2603	0.466277	0.533723	5.27748	0.293912	0.172113	0.0552878	0.045803	0.0260531	0.0137599	0.00318852	0	4.42529	1.606126	0.5337226	0.4662774	40.37623
3730	12.3143	-23.6889	36.0032	0.22569	0.77431	2.579263	0.289184	0.169803	0.0561221	0.0461928	0.0262814	0.0137491	0.00319008	0	2.682418	1.937543	0.7743101	0.2256899	86.60496
3740	12.4188	-22.7325	35.1513	0.301915	0.698085	3.030561	0.286002	0.172026	0.0563089	0.046284	0.0260832	0.0133186	0.00317323	0	3.534357	1.976198	0.6980849	0.3019151	94.66679
3750	11.338	-24.8799	36.2179	0.265763	0.734237	4.38482	0.286166	0.169106	0.0557462	0.0456913	0.0261593	0.0134728	0.0031873	0	2.467721	1.845599	0.7342372	0.2657628	70.08085
3760	11.5309	-24.0246	35.5556	0.91113	0.0888703	3.53561	0.28261	0.172533	0.0545461	0.0462813	0.0256771	0.0135752	0.0030508	0	3.130071	1.858665	0.08887035	0.9111297	72.22129
3770	10.5958	-24.9591	35.5549	0.366911	0.633089	2.557469	0.284145	0.173105	0.0560189	0.0459402	0.0265905	0.0135808	0.0031898	0	3.130765	1.555764	0.6330892	0.3669108	35.95542
3780	10.7085	-25.0963	35.8048	0.707181	0.292819	3.17449	0.29099	0.169245	0.0564509	0.0464017	0.0264353	0.0137263	0.00319714	0	2.88083	1.666485	0.2928192	0.7071808	46.39651
3790	11.4908	-23.7414	35.2322	0.139085	0.860915	3.07231	0.284508	0.170153	0.0555983	0.0458494	0.0255672	0.0136229	0.00319003	0	3.45342	1.726811	0.8609152	0.1390848	53.31028
3800	11.1225	-22.2244	33.3468	0.248516	0.751484	2.656451	0.295818	0.173759	0.0543415	0.046161	0.0254599	0.0133364	0.00313246	0	5.33882	1.778581	0.7514844	0.2485156	60.05937
3810	11.0298	-25.3567	36.3864	0.183535	0.816465	3.833343	0.293663	0.175785	0.0551961	0.0469198	0.0254162	0.0133046	0.00310801	0	2.299202	1.745699	0.8164652	0.1835348	55.67997
3820	11.3683	-24.655	36.0232	0.427222	0.572778	3.407866	0.293259	0.174456	0.0548458	0.0463436	0.0260321	0.0133487	0.0031085	0	2.662417	1.78813	0.5727776	0.4272224	61.39458
3830	11.2046	-23.6655	34.8701	0.67961	0.32039	2.796268	0.286151	0.175273	0.0545337	0.046955	0.025805	0.0131154	0.00307481	0	3.815515	1.735316	0.3203902	0.6796098	54.36453
3840	9.96608	-22.522	32.4881	0.0296319	0.970368	5.015286	0.287398	0.176298	0.0543515	0.0470503	0.0261897	0.0132631	0.00305083	0	6.197558	1.90196	0.9703681	0.02963187	79.79206
3850	12.1894	-23.3879	35.5773	0.985278	0.0147221	1.313528	0.295581	0.176023	0.0537843	0.0465147	0.0263357	0.013565	0.00305864	0	3.108345	1.989185	0.01472209	0.9852779	97.54056
3860	12.2995	-23.5822	35.8817	0.0638885	0.936111	1.613588	0.295599	0.173412	0.0545059	0.0472859	0.0262235	0.0134017	0.00313988	0	2.803941	1.93842	0.9361115	0.06388851	86.78015
3870	9.73075	-25.024	34.7548	0.192022	0.807978	5.654218	0.294149	0.170632	0.055557	0.0473892	0.0257641	0.0133424	0.00305625	0	3.930853	1.739232	0.8079782	0.1920218	54.85704
3880	12.051	-22.3263	34.3773	0.495629	0.504371	2.262857	0.285636	0.175541	0.0554912	0.0464229	0.026491	0.0136332	0.003175	0	4.308371	1.897241	0.5043705	0.4956295	78.92971
3890	10.6844	-26.6285	37.3129	0.662653	0.337347	2.455981	0.290112	0.169628	0.0547401	0.0470932	0.0257814	0.0134309	0.00319319	0	1.372746	1.965887	0.3373468	0.6626532	92.44568
3900	11.4444	-25.0219	36.4662	0.828632	0.171368	2.021405	0.283798	0.169164	0.0544647	0.046914	0.0260023	0.0133894	0.00312174	0	2.219408	1.865247	0.171368	0.828632	73.32419
3910	7.89101	-28.2969	36.188	0.685786	0.314214	1.694311	0.293066	0.169537	0.0546113	0.0462698	0.0260629	0.0134744	0.00314717	0	2.497675	1.275154	0.3142136	0.6857864	18.84318
3920	11.8381	-23.3762	35.2143	0.883611	0.116389	3.953948	0.294145	0.169352	0.0558805	0.0461632	0.0265321	0.0132881	0.00315518	0	3.471327	1.943751	0.1163892	0.8836108	87.85179
3930	7.36747	-20.6859	28.0533	0.690527	0.309473	1.357214	0.289242	0.174937	0.055534	0.0464987	0.0259744	0.0132991	0.0031937	0	10.63228	1.661664	0.3094727	0.6905273	45.88427
3940	10.2854	-26.8788	37.1642	0.407739	0.592261	5.126323	0.285288	0.175953	0.0558237	0.0468789	0.0262965	0.0136946	0.00313328	0	1.521425	1.889207	0.5922611	0.4077389	77.48312
3950	11.5944	-24.6514	36.2458	0.991032	0.00896791	1.990831	0.286839	0.175807	0.0562293	0.0460189	0.0258448	0.0135793	0.00309824	0	2.439827	1.873172	0.008967906	0.9910321	74.6745
3960	12.0515	-21.5842	33.6356	0.11799	0.88201	2.147748	0.285041	0.176359	0.0549034	0.045798	0.0261256	0.0134476	0.00319929	0	5.050005	1.944416	0.8820101	0.1179899	87.98646
3970	12.3959	-22.8987	35.2947	0.233926	0.766074	1.996228	0.293332	0.174241	0.053962	0.0468979	0.0264588	0.0136228	0.0031386	0	3.390972	1.938746	0.7660736	0.2339264	86.84532
3980	10.8304	-25.0475	35.8779	0.320367	0.679633	1.755818	0.29706	0.170108	0.0539401	0.0465907	0.0254134	0.0136412	0.00320017	0	2.807715	1.562278	0.679633	0.320367	36.49874
3990	12.1175	-23.718	35.8355	0.377211	0.622789	1.296593	0.295191	0.171781	0.0560497	0.0476742	0.0258099	0.0131404	0.00319841	0	2.850113	1.945756	0.6227893	0.3772107	88.25831
4000	11.9567	-24.0103	35.967	0.707206	0.292794	2.730529	0.295225	0.169982	0.0560619	0.0461124	0.0257949	0.0132678	0.00314974	0	2.718589	1.902472	0.2927938	0.7072062	79.88622
4010	10.5697	-23.9239	34.4936	0.602586	0.397414	4.29031	0.291672	0.171204	0.0552738	0.0471346	0.0253666	0.0132148	0.00312325	0	4.19201	1.758332	0.3974142	0.6025858	57.32344
4020	11.8832	-24.5043	36.3875	0.302482	0.697518	1.840474	0.293886	0.172069	0.0542127	0.0479887	0.0256798	0.0137492	0.0031822	0	2.298104	1.898732	0.6975185	0.3024815	79.20117
4030	11.0965	-24.538	35.6345	0.211108	0.788892	5.292871	0.290062	0.174753	0.0542356	0.0469656	0.0259468	0.0131148	0.00310001	0	3.051084	1.891903	0.7888916	0.2111084	77.96561
4040	11.8899	-24.5882	36.4781	0.370659	0.629341	4.00712	0.293711	0.177318	0.055561	0.0465927	0.025668	0.0137211	0.00315329	0	2.207559	1.978116	0.629341	0.370659	95.08591
4050	11.0108	-25.1638	36.1746	0.624708	0.375292	1.798017	0.292516	0.175604	0.0555879	0.0466172	0.0262499	0.0134083	0.00304578	0	2.511071	1.700849	0.3752925	0.6247075	50.21682
4060	10.6999	-22.0794	32.7793	0.265872	0.734128	1.542317	0.287359	0.172828	0.054301	0.0469137	0.0265057	0.0134437	0.00310257	0	5.906322	1.683775	0.7341282	0.2658718	48.28086
4070	9.89831	-25.4163	35.3146	0.649053	0.350947	6.442183	0.292175	0.171036	0.0538455	0.0471177	0.0258488	0.0133858	0.00305377	0	3.371027	1.875167	0.3509469	0.6490531	75.0183
4080	12.3144	-22.7436	35.0579	0.823568	0.176432	2.492991	0.292726	0.169857	0.054263	0.046757	0.0265608	0.013559	0.00310804	0	3.62772	1.963394	0.1764322	0.8235678	91.91657
4090	10.2209	-22.1889	32.4098	0.612284	0.387716	2.684641	0.285195	0.169975	0.0544805	0.0465524	0.0262276	0.0136325	0.00310554	0	6.275797	1.71919	0.3877161	0.6122839	52.38291
4100	12.2809	-22.6935	34.9743	0.0228135	0.977186	1.427307	0.288705	0.17188	0.0542583	0.0461836	0.0264259	0.0135192	0.00304982	0	3.711314	1.915881	0.9771865	0.0228135	82.3912
4110	10.7872	-20.8578	31.645	0.500673	0.499327	0.6204092	0.285846	0.172045	0.0542158	0.046158	0.0263504	0.0135316	0.00308328	0	7.040661	1.970697	0.499327	0.500673	93.47525
4120	10.3355	-24.3518	34.6873	0.183894	0.816106	4.640218	0.285227	0.172993	0.0543476	0.0460616	0.0261754	0.0132035	0.00310341	0	3.99832	1.708888	0.8161057	0.1838943	51.15499
4130	12.3965	-23.0699	35.4664	0.22414	0.77586	1.990829	0.28626	0.173405	0.0544768	0.0463089	0.0262011	0.0134046	0.0031103	0	3.219202	1.945202	0.7758601	0.2241399	88.14583
4140	11.7463	-21.2668	33.0131	0.250406	0.749594	2.15964	0.284379	0.173655	0.0553045	0.0459555	0.0253101	0.0132841	0.00307067	0	5.672508	1.965389	0.7495937	0.2504063	92.33974
4150	11.8653	-24.5059	36.3713	0.0575083	0.942492	2.011979	0.292527	0.172955	0.0542097	0.0456938	0.0254674	0.0134955	0.00308805	0	2.314371	1.836211	0.9424917	0.05750833	68.58209
4160	7.7373	-30.098	37.8353	0.340512	0.659488	3.066176	0.293569	0.172016	0.0539268	0.0470796	0.025391	0.0135344	0.00304332	0	0.8502978	1.652997	0.6594883	0.3405117	44.97765
4170	9.48752	-22.0393	31.5268	0.271363	0.728637	2.10076	0.29596	0.174558	0.0545181	0.0460852	0.0257238	0.0135466	0.00310006	0	7.158799	1.611713	0.7286371	0.2713629	40.89904
4180	10.6194	-21.6409	32.2603	0.121763	0.878237	2.871627	0.295526	0.175538	0.0550588	0.0461916	0.0265691	0.013636	0.00306805	0	6.42538	1.818215	0.8782371	0.1217629	65.79834
4190	11.9472	-23.4659	35.4131	0.640589	0.359411	2.870529	0.285163	0.177103	0.0555562	0.0458847	0.0259012	0.0133933	0.00318695	0	3.272553	1.872462	0.3594115	0.6405885	74.55241
4200	10.7229	-22.393	33.1159	0.0627298	0.93727	4.850767	0.286026	0.169182	0.054923	0.0479906	0.0264028	0.0132601	0.0031554	0	5.569714	1.949351	0.9372702	0.06272978	88.99199
4210	12.237	-22.1028	34.3398	0.149393	0.850607	2.528976	0.296364	0.171772	0.0555764	0.0471704	0.0258871	0.0131581	0.00320113	0	4.345801	1.93618	0.8506075	0.1493925	86.33365
4220	10.403	-20.8275	31.2306	0.31765	0.68235	1.241435	0.296054	0.1777	0.0542332	0.0475863	0.0263262	0.0131667	0.00315832	0	7.455065	1.855445	0.6823503	0.3176497	71.68768
4230	9.59902	-20.7254	30.3245	0.075712	0.924288	0.8670836	0.293723	0.174194	0.0548966	0.0459307	0.0265071	0.013123	0.00306213	0	8.361158	1.790821	0.924288	0.07571205	61.77612
4240	11.8089	-24.6557	36.4646	0.982189	0.0178111	3.390258	0.286396	0.177669	0.0556888	0.0467567	0.02636	0.013233	0.00317222	0	2.221072	1.971996	0.01781106	0.9821889	93.75533
4250	12.0356	-22.7488	34.7844	0.0041961	0.995804	2.955454	0.284394	0.175339	0.0545433	0.046729	0.0259096	0.0134104	0.00316813	0	3.901242	1.854854	0.9958039	0.004196103	71.59032
4260	10.2215	-25.8626	36.0841	0.591294	0.408706	2.454916	0.283421	0.172423	0.054101	0.0478576	0.02571	0.0132592	0.00314595	0	2.601559	1.56056	0.4087064	0.5912936	36.35469
4270	10.1619	-21.8459	32.0078	0.522229	0.477771	0.635716	0.285318	0.170247	0.0546702	0.0469073	0.0256776	0.0133362	0.00308139	0	6.677842	1.670251	0.4777714	0.5222286	46.80059
4280	10.1782	-24.9949	35.1732	0.900613	0.0993866	6.898527	0.287384	0.17238	0.0546337	0.0474246	0.0258486	0.0131004	0.003045	0	3.512481	1.999035	0.09938664	0.9006134	99.77806
4290	6.49282	-20.8499	27.3427	0.650007	0.349993	0.2561278	0.284824	0.17183	0.0559008	0.0466538	0.025854	0.0134775	0.00312205	0	11.34294	1.54761	0.3499931	0.6500069	35.2866
4300	10.9488	-22.1788	33.1275	0.279291	0.720709	0.5118888	0.291459	0.177277	0.0560862	0.0470239	0.0258952	0.0135182	0.00312206	0	5.558085	1.728619	0.7207089	0.2792911	53.53268
4310	11.8442	-21.3956	33.2398	0.858286	0.141714	1.870994	0.292227	0.170465	0.0565163	0.0478171	0.0257417	0.0133036	0.00313489	0	5.445864	1.970808	0.141714	0.858286	93.49912
4320	11.5516	-22.0849	33.6365	0.961471	0.0385287	0.3955548	0.290065	0.169718	0.0562376	0.0471581	0.0255008	0.0130956	0.00305999	0	5.049103	1.956912	0.03852865	0.9614713	90.55496
4330	10.5782	-26.6289	37.2072	0.735391	0.264609	3.287116	0.28391	0.171291	0.0549541	0.0464768	0.0261387	0.0132203	0.00306533	0	1.478468	1.904465	0.2646088	0.7353912	80.25362
4340	10.4762	-25.9965	36.4728	0.488441	0.511559	0.541735	0.287371	0.169626	0.0562366	0.0461539	0.0260428	0.0131781	0.00304424	0	2.212865	1.688155	0.5115587	0.4884413	48.77025
4350	10.5025	-26.104	36.6064	0.389544	0.610456	4.113685	0.282521	0.173146	0.0539492	0.0472479	0.0258537	0.0130785	0.00309921	0	2.079191	1.737427	0.6104564	0.3895436	54.62946
4360	8.32764	-27.8172	36.1449	0.0445916	0.955408	7.305269	0.285203	0.176482	0.0540101	0.0475254	0.0264222	0.0131484	0.00317804	0	2.540757	1.715896	0.9554084	0.04459158	51.9872
4370	9.72052	-25.8039	35.5244	0.473455	0.526545	6.62132	0.292143	0.1772	0.0550187	0.0476709	0.0264708	0.0134404	0.00319797	0	3.16123	1.844353	0.5265455	0.4734545	69.88003
4380	11.3704	-21.1235	32.4939	0.363485	0.636515	1.970149	0.293242	0.174946	0.0551065	0.0460059	0.0261762	0.0131345	0.00315927	0	6.191693	1.927806	0.6365152	0.3634848	84.68486
4390	10.9747	-21.5857	32.5605	0.834265	0.165735	3.22921	0.291697	0.172941	0.0547526	0.0465662	0.0265658	0.0133201	0.00316458	0	6.125163	1.917174	0.1657351	0.8342649	82.63693
4400	11.2616	-21.7472	33.0089	0.156622	0.843378	2.951053	0.291631	0.176191	0.0564309	0.0477078	0.0261898	0.0133905	0.00311315	0	5.676755	1.874334	0.8433775	0.1566225	74.87444
4410	12.3619	-23.1802	35.5421	0.850012	0.149988	2.592145	0.296304	0.177163	0.0564674	0.0474782	0.026145	0.0134888	0.00310039	0	3.143501	1.983179	0.1499883	0.8500117	96.20089
4420	10.2324	-25.9411	36.1734	0.44924	0.55076	6.357544	0.287157	0.172156	0.056158	0.0476396	0.0261123	0.013683	0.00316392	0	2.512184	1.89454	0.5507602	0.4492398	78.44052
4430	11.3369	-25.2706	36.6075	0.819562	0.180438	4.010143	0.288937	0.172329	0.0551079	0.0468015	0.0265027	0.0135862	0.0030863	0	2.078135	1.928007	0.1804377	0.8195623	84.72417
4440	11.5982	-21.1838	32.782	0.721996	0.278004	1.914758	0.282785	0.169341	0.0537754	0.0476558	0.0254724	0.0136188	0.00308515	0	5.90363	1.966211	0.2780039	0.7219961	92.51483
4450	11.169	-24.8741	36.0431	0.276381	0.723619	2.842189	0.287717	0.171263	0.0546034	0.0471931	0.0257119	0.0136264	0.00306668	0	2.64253	1.690417	0.7236189	0.2763811	49.02492
4460	10.7723	-24.8684	35.6407	0.752723	0.247277	5.635278	0.285059	0.173454	0.0540092	0.046638	0.0260356	0.0135682	0.00317218	0	3.044922	1.906092	0.2472766	0.7527234	80.55493
4470	10.8668	-23.5872	34.454	0.739052	0.260948	3.43582	0.288672	0.173675	0.054305	0.0467722	0.0260221	0.0135044	0.00319312	0	4.231664	1.729521	0.2609478	0.7390522	53.64395
4480	11.1689	-23.7805	34.9493	0.71746	0.28254	5.114999	0.287035	0.169579	0.0559719	0.0478244	0.026384	0.0131948	0.00318906	0	3.736285	1.932835	0.2825397	0.7174603	85.67113
4490	10.9296	-23.4355	34.3651	0.130058	0.869942	1.599502	0.292108	0.175494	0.0562288	0.0480641	0.0262236	0.0132019	0.00315497	0	4.320568	1.558738	0.8699421	0.1300579	36.20244
4500	11.3008	-21.7504	33.0513	0.146719	0.853281	2.423928	0.295442	0.170889	0.05632	0.0476263	0.0260696	0.0137438	0.00308427	0	5.634376	1.83713	0.8532813	0.1467187	68.72748
4510	8.61655	-25.8382	34.4547	0.469208	0.530792	8.444593	0.287219	0.171525	0.0561239	0.0473744	0.0263053	0.0135719	0.0030543	0	4.230885	1.998206	0.5307921	0.4692079	99.58779
4520	11.5278	-21.8441	33.3718	0.685288	0.314712	2.894846	0.291303	0.172277	0.055104	0.0478572	0.0252988	0.0135703	0.00318439	0	5.313821	1.909097	0.3147118	0.6852882	81.11421
4530	12.3485	-22.914	35.2626	0.035557	0.964443	3.85775	0.28913	0.171017	0.0540497	0.0467119	0.0263032	0.0136632	0.00319106	0	3.423074	1.988964	0.964443	0.03555703	97.4909
4540	9.75111	-23.665	33.4161	0.0221378	0.977862	3.304124	0.296991	0.172251	0.0555837	0.0478751	0.0265156	0.0132492	0.00311184	0	5.269498	1.536679	0.9778622	0.02213775	34.40956
4550	12.1284	-22.1964	34.3248	0.351335	0.648665	1.667882	0.288524	0.174929	0.0540767	0.0479824	0.026405	0.0131383	0.00315909	0	4.360804	1.914701	0.6486647	0.3513353	82.16762
4560	9.1103	-23.1802	32.2905	0.0189722	0.981028	3.753324	0.287512	0.176183	0.0540151	0.047622	0.0263714	0.0131513	0.00313654	0	6.395095	1.589466	0.9810278	0.01897223	38.85673
4570	11.7165	-24.7641	36.4806	0.726794	0.273206	3.064343	0.284639	0.175574	0.0555706	0.0478334	0.0261789	0.0131283	0.00315198	0	2.205056	1.926386	0.2732064	0.7267936	84.40854
4580	8.56763	-25.4705	34.0381	0.357244	0.642756	2.389052	0.287077	0.177375	0.0544767	0.0466498	0.0259136	0.0132839	0.00314714	0	4.64752	1.312213	0.6427564	0.3572436	20.52167
4590	10.875	-22.8149	33.6899	0.474552	0.525448	2.243781	0.292402	0.177129	0.0545034	0.0473118	0.0265625	0.013119	0.00315531	0	4.995766	1.678049	0.525448	0.474552	47.64844
4600	11.244	-23.403	34.647	0.204459	0.795541	1.526607	0.296676	0.17298	0.0540234	0.0478361	0.0261139	0.013473	0.00319326	0	4.038624	1.621358	0.7955408	0.2044592	41.81752
4610	10.9155	-21.5456	32.4611	0.70649	0.29351	2.863776	0.290956	0.17581	0.0537998	0.0473034	0.0254238	0.0137365	0.00309177	0	6.224563	1.886869	0.2935104	0.7064896	77.06711
4620	11.2931	-22.579	33.8722	0.215519	0.784481	0.2769402	0.292509	0.169729	0.0559434	0.0476077	0.0256218	0.013658	0.00304369	0	4.813464	1.800048	0.7844813	0.2155187	63.10273
4630	9.634	-25.4548	35.0888	0.91167	0.0883304	4.246432	0.2875	0.172722	0.0555535	0.0466918	0.025778	0.0137064	0.00308947	0	3.596802	1.622635	0.08833037	0.9116696	41.94068
4640	10.2024	-26.2338	36.4362	0.678215	0.321785	2.985746	0.296901	0.17054	0.0550161	0.0471501	0.0252858	0.013499	0.00316229	0	2.24943	1.63044	0.321785	0.678215	42.70118
4650	8.84563	-25.3454	34.191	0.726511	0.273489	1.932606	0.294937	0.174127	0.0540169	0.0477877	0.0256633	0.0131571	0.00309063	0	4.494627	1.357602	0.2734892	0.7265108	22.78251
4660	10.4084	-22.0936	32.502	0.183274	0.816726	0.186443	0.288113	0.176782	0.0540589	0.0475851	0.0254406	0.0136163	0.00315222	0	6.183637	1.657719	0.8167257	0.1832743	45.4694
4670	11.2217	-25.4062	36.6279	0.148069	0.851931	1.668393	0.290756	0.177848	0.053776	0.0464557	0.025407	0.013111	0.00305727	0	2.057726	1.743845	0.8519306	0.1480694	55.44276
4680	10.3751	-26.3652	36.7404	0.714876	0.285124	1.002931	0.293062	0.176412	0.056304	0.0460263	0.025792	0.0135748	0.00305509	0	1.94528	1.735126	0.2851239	0.7148761	54.34079
4690	9.16985	-25.1329	34.3028	0.965295	0.0347048	6.563643	0.287234	0.173539	0.0556999	0.0463254	0.0254546	0.0135407	0.00314217	0	4.382855	1.834401	0.03470484	0.9652952	68.29686
4700	11.4528	-21.8143	33.2671	0.44407	0.55593	3.730748	0.285513	0.169296	0.0559793	0.0463212	0.0259546	0.0135477	0.00318259	0	5.418534	1.973853	0.5559297	0.4440703	94.15699
4710	9.51744	-27.472	36.9894	0.963775	0.0362253	2.623548	0.286135	0.175891	0.0554822	0.0457653	0.0262826	0.0133018	0.00311066	0	1.696213	1.666327	0.03622528	0.9637747	46.37956
4720	9.43299	-26.6814	36.1144	0.327839	0.672161	2.545912	0.293013	0.172869	0.0543221	0.0467555	0.0261783	0.0131616	0.00314339	0	2.571246	1.416244	0.6721607	0.3278393	26.07619
4730	11.7387	-23.2368	34.9755	0.349549	0.650451	2.045081	0.283615	0.170538	0.0540488	0.048037	0.0263647	0.0132194	0.0031426	0	3.710147	1.772883	0.6504513	0.3495487	59.2765
4740	10.81	-25.2145	36.0245	0.865449	0.134551	5.76066	0.284649	0.172495	0.0555583	0.0470439	0.0265171	0.0135297	0.00317625	0	2.661172	1.939292	0.1345514	0.8654486	86.95457
4750	11.3379	-21.7769	33.1148	0.586586	0.413414	1.388734	0.293304	0.173186	0.0563729	0.04755	0.0262834	0.0135651	0.00306373	0	5.570801	1.836087	0.4134141	0.5865859	68.56256
4760	11.9151	-24.517	36.4321	0.0527069	0.947293	1.936793	0.286031	0.176839	0.0546581	0.0470637	0.0262936	0.013608	0.00309667	0	2.253569	1.867942	0.9472931	0.05270689	73.7805
4770	11.1406	-22.2802	33.4207	0.255948	0.744052	1.202673	0.290836	0.17455	0.0561362	0.0462955	0.0264297	0.0135	0.00314955	0	5.264891	1.709617	0.744052	0.255948	51.24097
4780	10.4001	-26.3344	36.7346	0.223019	0.776981	0.7433755	0.295557	0.169523	0.0565039	0.0472336	0.026412	0.0133766	0.00310392	0	1.951051	1.622554	0.7769814	0.2230186	41.93285
4790	7.49938	-24.802	32.3013	0.595083	0.404917	0.5970414	0.295361	0.169438	0.0557894	0.0477705	0.0258291	0.0137486	0.00307258	0	6.384294	1.180644	0.4049173	0.5950827	15.15808
4800	11.8935	-23.9488	35.8423	0.122858	0.877142	2.41518	0.295513	0.171022	0.0552874	0.0467899	0.0259886	0.0134078	0.00308623	0	2.843358	1.799038	0.8771425	0.1228575	62.95607
4810	10.5572	-24.015	34.5722	0.547104	0.452896	0.3790601	0.296454	0.169281	0.0554638	0.0463435	0.0261668	0.0136055	0.00308858	0	4.11346	1.542968	0.4528958	0.5471042	34.91146
4820	11.5379	-22.4961	34.034	0.89374	0.10626	1.347993	0.294326	0.176871	0.0562984	0.047077	0.0263858	0.0136413	0.00313584	0	4.651647	1.805325	0.10626	0.89374	63.87417
4830	11.8076	-22.8923	34.6999	0.739902	0.260098	4.178385	0.292976	0.169751	0.0565489	0.0479853	0.025676	0.0131385	0.00316634	0	3.985743	1.976928	0.2600979	0.7399021	94.82619
4840	10.4634	-21.7099	32.1733	0.398288	0.601712	0.5234585	0.290822	0.174346	0.0539885	0.0466928	0.0261998	0.013382	0.00317709	0	6.512339	1.723947	0.6017121	0.3982879	52.9599
4850	12.1647	-22.2391	34.4038	0.688842	0.311158	2.181274	0.288424	0.176673	0.0540284	0.0476836	0.026322	0.013429	0.00306676	0	4.281852	1.944821	0.3111584	0.6888416	88.06862
4860	12.2799	-23.4039	35.6838	0.505535	0.494465	3.438343	0.291103	0.172759	0.0541531	0.0471496	0.0261531	0.0130813	0.00310288	0	3.001809	1.988074	0.4944649	0.5055351	97.29128
4870	11.8844	-23.2448	35.1292	0.231396	0.768604	0.6400677	0.291078	0.172247	0.0542672	0.0480156	0.0265324	0.0132783	0.00312263	0	3.556427	1.906878	0.7686042	0.2313958	80.70076
4880	11.5578	-23.4852	35.0429	0.999871	0.000128811	0.7473916	0.29695	0.169859	0.0546191	0.0479781	0.0260198	0.0134447	0.00308885	0	3.642696	1.829332	0.0001288112	0.9998712	67.50436
4890	11.4785	-21.7668	33.2454	0.627032	0.372968	2.53793	0.288063	0.172434	0.0554505	0.0479266	0.0254495	0.0134216	0.00313413	0	5.440272	1.889524	0.3729683	0.6270317	77.53967
4900	12.2846	-22.0722	34.3568	0.721158	0.278842	1.544124	0.288351	0.170885	0.0565862	0.0472625	0.0254593	0.0133481	0.00314396	0	4.328842	1.986709	0.2788421	0.7211579	96.98602
4910	12.0264	-23.1776	35.204	0.511961	0.488039	1.114406	0.291423	0.169393	0.0539235	0.0459141	0.0257067	0.0135291	0.00317132	0	3.481631	1.899702	0.4880387	0.5119613	79.37832
4920	12.1602	-23.5897	35.7498	0.00341387	0.996586	4.007107	0.294586	0.170002	0.0546851	0.0460757	0.0261219	0.0134743	0.00317463	0	2.935793	1.943555	0.9965861	0.00341387	87.81228
4930	9.06703	-22.6792	31.7463	0.0529137	0.947086	6.116465	0.285267	0.170357	0.055373	0.046425	0.0263886	0.0131334	0.00316397	0	6.939377	1.986991	0.9470863	0.0529137	97.04898
4940	11.947	-22.2625	34.2095	0.135501	0.864499	0.7513201	0.285047	0.172046	0.0565716	0.0473299	0.025423	0.0131737	0.00312143	0	4.476089	1.935453	0.8644987	0.1355013	86.18916
4950	11.782	-23.9518	35.7338	0.54608	0.45392	0.9975713	0.284642	0.176312	0.0563899	0.0477767	0.0260643	0.0133224	0.00317658	0	2.951829	1.8762	0.4539203	0.5460797	75.1969
4960	11.919	-23.1745	35.0935	0.238831	0.761169	2.901199	0.285607	0.175712	0.0553319	0.0466128	0.0261977	0.0134076	0.00313925	0	3.592161	1.838826	0.7611691	0.2388309	68.99635
4970	10.8635	-21.6618	32.5253	0.373815	0.626185	1.124261	0.285753	0.173119	0.0563374	0.0461392	0.0257202	0.0135978	0.00313267	0	6.160331	1.766025	0.6261849	0.3738151	58.34789
4980	10.8654	-26.1426	37.008	0.957793	0.0422071	1.304147	0.288887	0.174788	0.0562691	0.0475355	0.0263011	0.0133729	0.00306486	0	1.677678	1.995999	0.04220708	0.9577929	99.08287
4990	9.19827	-24.3644	33.5627	0.692951	0.307049	4.115023	0.29444	0.17371	0.0565476	0.0479071	0.0261913	0.0135299	0.00307853	0	5.122923	1.595102	0.3070491	0.6929509	39.36429
5000	11.5451	-23.7835	35.3286	0.363153	0.636847	5.191385	0.286657	0.176648	0.0564659	0.0472619	0.0263902	0.0132206	0.00307924	0	3.357051	1.993454	0.6368472	0.3631528	98.50411
